[2023-05-03 00:54:12] Train Epoch: 1 [0/20000 (0.0%)]	Loss: 0.6928078532218933
[2023-05-03 00:54:28] Train Epoch: 1 [800/20000 (4.0%)]	Loss: 0.7149844169616699
[2023-05-03 00:54:43] Train Epoch: 1 [1600/20000 (8.0%)]	Loss: 0.5614959001541138
[2023-05-03 00:54:59] Train Epoch: 1 [2400/20000 (12.0%)]	Loss: 0.495138019323349
[2023-05-03 00:55:14] Train Epoch: 1 [3200/20000 (16.0%)]	Loss: 0.6499626636505127
[2023-05-03 00:55:30] Train Epoch: 1 [4000/20000 (20.0%)]	Loss: 0.5737350583076477
[2023-05-03 00:55:45] Train Epoch: 1 [4800/20000 (24.0%)]	Loss: 0.47919416427612305
[2023-05-03 00:56:00] Train Epoch: 1 [5600/20000 (28.0%)]	Loss: 0.4255475699901581
[2023-05-03 00:56:15] Train Epoch: 1 [6400/20000 (32.0%)]	Loss: 0.45282313227653503
[2023-05-03 00:56:31] Train Epoch: 1 [7200/20000 (36.0%)]	Loss: 0.4413354694843292
[2023-05-03 00:56:46] Train Epoch: 1 [8000/20000 (40.0%)]	Loss: 0.6145880818367004
[2023-05-03 00:57:01] Train Epoch: 1 [8800/20000 (44.0%)]	Loss: 0.3858228921890259
[2023-05-03 00:57:17] Train Epoch: 1 [9600/20000 (48.0%)]	Loss: 0.4798838198184967
[2023-05-03 00:57:32] Train Epoch: 1 [10400/20000 (52.0%)]	Loss: 0.3298613131046295
[2023-05-03 00:57:47] Train Epoch: 1 [11200/20000 (56.0%)]	Loss: 0.4852721095085144
[2023-05-03 00:58:02] Train Epoch: 1 [12000/20000 (60.0%)]	Loss: 0.34145674109458923
[2023-05-03 00:58:17] Train Epoch: 1 [12800/20000 (64.0%)]	Loss: 0.41696685552597046
[2023-05-03 00:58:33] Train Epoch: 1 [13600/20000 (68.0%)]	Loss: 0.409462034702301
[2023-05-03 00:58:48] Train Epoch: 1 [14400/20000 (72.0%)]	Loss: 0.26850056648254395
[2023-05-03 00:59:03] Train Epoch: 1 [15200/20000 (76.0%)]	Loss: 0.37215498089790344
[2023-05-03 00:59:19] Train Epoch: 1 [16000/20000 (80.0%)]	Loss: 0.21327443420886993
[2023-05-03 00:59:34] Train Epoch: 1 [16800/20000 (84.0%)]	Loss: 0.11854155361652374
[2023-05-03 00:59:49] Train Epoch: 1 [17600/20000 (88.0%)]	Loss: 0.11070293933153152
[2023-05-03 01:00:04] Train Epoch: 1 [18400/20000 (92.0%)]	Loss: 0.5873997807502747
[2023-05-03 01:00:20] Train Epoch: 1 [19200/20000 (96.0%)]	Loss: 0.4525887370109558
[2023-05-03 01:01:17] ========== Metrics ==========
[2023-05-03 01:01:17] {
  "tr_loss": 0.4699449427772348,
  "tr_acc": 0.7786778677867787,
  "tr_f1": 0.7795377565252042,
  "val_loss": 0.3898215042716721,
  "val_acc": 0.8417125599573636,
  "val_f1": 0.8323612417685795,
  "test_loss": 0.3951192293063735,
  "test_acc": 0.8238482384823849,
  "test_f1": 0.8059701492537313
}
[2023-05-03 01:01:17] ========== Metrics ==========
[2023-05-03 01:01:19] Train Epoch: 2 [0/20000 (0.0%)]	Loss: 0.3438975214958191
[2023-05-03 01:01:35] Train Epoch: 2 [800/20000 (4.0%)]	Loss: 0.218703031539917
[2023-05-03 01:01:51] Train Epoch: 2 [1600/20000 (8.0%)]	Loss: 0.2545483708381653
[2023-05-03 01:02:06] Train Epoch: 2 [2400/20000 (12.0%)]	Loss: 0.12054181843996048
[2023-05-03 01:02:21] Train Epoch: 2 [3200/20000 (16.0%)]	Loss: 0.310215562582016
[2023-05-03 01:02:37] Train Epoch: 2 [4000/20000 (20.0%)]	Loss: 0.1662188023328781
[2023-05-03 01:02:52] Train Epoch: 2 [4800/20000 (24.0%)]	Loss: 0.10536246001720428
[2023-05-03 01:03:07] Train Epoch: 2 [5600/20000 (28.0%)]	Loss: 0.190047025680542
[2023-05-03 01:03:23] Train Epoch: 2 [6400/20000 (32.0%)]	Loss: 0.21670930087566376
[2023-05-03 01:03:38] Train Epoch: 2 [7200/20000 (36.0%)]	Loss: 0.2141163945198059
[2023-05-03 01:03:54] Train Epoch: 2 [8000/20000 (40.0%)]	Loss: 0.16469806432724
[2023-05-03 01:04:09] Train Epoch: 2 [8800/20000 (44.0%)]	Loss: 0.6476483345031738
[2023-05-03 01:04:24] Train Epoch: 2 [9600/20000 (48.0%)]	Loss: 0.27281099557876587
[2023-05-03 01:04:39] Train Epoch: 2 [10400/20000 (52.0%)]	Loss: 0.3336053490638733
[2023-05-03 01:04:54] Train Epoch: 2 [11200/20000 (56.0%)]	Loss: 0.2518547475337982
[2023-05-03 01:05:09] Train Epoch: 2 [12000/20000 (60.0%)]	Loss: 0.1918869912624359
[2023-05-03 01:05:24] Train Epoch: 2 [12800/20000 (64.0%)]	Loss: 0.27975955605506897
[2023-05-03 01:05:40] Train Epoch: 2 [13600/20000 (68.0%)]	Loss: 0.13257832825183868
[2023-05-03 01:05:55] Train Epoch: 2 [14400/20000 (72.0%)]	Loss: 0.2122836709022522
[2023-05-03 01:06:10] Train Epoch: 2 [15200/20000 (76.0%)]	Loss: 0.425689160823822
[2023-05-03 01:06:25] Train Epoch: 2 [16000/20000 (80.0%)]	Loss: 0.09204914420843124
[2023-05-03 01:06:40] Train Epoch: 2 [16800/20000 (84.0%)]	Loss: 0.2671922743320465
[2023-05-03 01:06:55] Train Epoch: 2 [17600/20000 (88.0%)]	Loss: 0.3750416040420532
[2023-05-03 01:07:10] Train Epoch: 2 [18400/20000 (92.0%)]	Loss: 0.446779727935791
[2023-05-03 01:07:25] Train Epoch: 2 [19200/20000 (96.0%)]	Loss: 0.23047927021980286
[2023-05-03 01:08:23] ========== Metrics ==========
[2023-05-03 01:08:23] {
  "tr_loss": 0.2779853500963056,
  "tr_acc": 0.8919391939193919,
  "tr_f1": 0.8918364282496622,
  "val_loss": 0.3455945288527179,
  "val_acc": 0.8534375555160775,
  "val_f1": 0.8518585024241336,
  "test_loss": 0.3385784858610572,
  "test_acc": 0.8563685636856369,
  "test_f1": 0.8523676880222842
}
[2023-05-03 01:08:23] ========== Metrics ==========
[2023-05-03 01:08:25] Train Epoch: 3 [0/20000 (0.0%)]	Loss: 0.13009703159332275
[2023-05-03 01:08:42] Train Epoch: 3 [800/20000 (4.0%)]	Loss: 0.09604295343160629
[2023-05-03 01:08:57] Train Epoch: 3 [1600/20000 (8.0%)]	Loss: 0.03202459216117859
[2023-05-03 01:09:13] Train Epoch: 3 [2400/20000 (12.0%)]	Loss: 0.09341374039649963
[2023-05-03 01:09:28] Train Epoch: 3 [3200/20000 (16.0%)]	Loss: 0.046333737671375275
[2023-05-03 01:09:43] Train Epoch: 3 [4000/20000 (20.0%)]	Loss: 0.07107783108949661
[2023-05-03 01:09:58] Train Epoch: 3 [4800/20000 (24.0%)]	Loss: 0.11447963863611221
[2023-05-03 01:10:14] Train Epoch: 3 [5600/20000 (28.0%)]	Loss: 0.03370071202516556
[2023-05-03 01:10:29] Train Epoch: 3 [6400/20000 (32.0%)]	Loss: 0.06778232008218765
[2023-05-03 01:10:44] Train Epoch: 3 [7200/20000 (36.0%)]	Loss: 0.08289826661348343
[2023-05-03 01:10:59] Train Epoch: 3 [8000/20000 (40.0%)]	Loss: 0.12197835743427277
[2023-05-03 01:11:15] Train Epoch: 3 [8800/20000 (44.0%)]	Loss: 0.39455533027648926
[2023-05-03 01:11:30] Train Epoch: 3 [9600/20000 (48.0%)]	Loss: 0.029553312808275223
[2023-05-03 01:11:45] Train Epoch: 3 [10400/20000 (52.0%)]	Loss: 0.1789933294057846
[2023-05-03 01:12:00] Train Epoch: 3 [11200/20000 (56.0%)]	Loss: 0.09273191541433334
[2023-05-03 01:12:16] Train Epoch: 3 [12000/20000 (60.0%)]	Loss: 0.3188398480415344
[2023-05-03 01:12:31] Train Epoch: 3 [12800/20000 (64.0%)]	Loss: 0.02726147696375847
[2023-05-03 01:12:46] Train Epoch: 3 [13600/20000 (68.0%)]	Loss: 0.061615560203790665
[2023-05-03 01:13:01] Train Epoch: 3 [14400/20000 (72.0%)]	Loss: 0.12524959444999695
[2023-05-03 01:13:17] Train Epoch: 3 [15200/20000 (76.0%)]	Loss: 0.03894829377532005
[2023-05-03 01:13:32] Train Epoch: 3 [16000/20000 (80.0%)]	Loss: 0.05873527377843857
[2023-05-03 01:13:47] Train Epoch: 3 [16800/20000 (84.0%)]	Loss: 0.3962959349155426
[2023-05-03 01:14:02] Train Epoch: 3 [17600/20000 (88.0%)]	Loss: 0.5322350859642029
[2023-05-03 01:14:18] Train Epoch: 3 [18400/20000 (92.0%)]	Loss: 0.1979711651802063
[2023-05-03 01:14:33] Train Epoch: 3 [19200/20000 (96.0%)]	Loss: 0.22245842218399048
[2023-05-03 01:15:30] ========== Metrics ==========
[2023-05-03 01:15:30] {
  "tr_loss": 0.1547749646768795,
  "tr_acc": 0.9467446744674467,
  "tr_f1": 0.9467313559745911,
  "val_loss": 0.4133892466043956,
  "val_acc": 0.8372712737608812,
  "val_f1": 0.8458950201884253,
  "test_loss": 0.36183965187974093,
  "test_acc": 0.8482384823848238,
  "test_f1": 0.851063829787234
}
[2023-05-03 01:15:30] ========== Metrics ==========
[2023-05-03 01:15:32] Train Epoch: 4 [0/20000 (0.0%)]	Loss: 0.04985138773918152
[2023-05-03 01:15:50] Train Epoch: 4 [800/20000 (4.0%)]	Loss: 0.02280433662235737
[2023-05-03 01:16:05] Train Epoch: 4 [1600/20000 (8.0%)]	Loss: 0.014154997654259205
[2023-05-03 01:16:21] Train Epoch: 4 [2400/20000 (12.0%)]	Loss: 0.0096164895221591
[2023-05-03 01:16:36] Train Epoch: 4 [3200/20000 (16.0%)]	Loss: 0.20069561898708344
[2023-05-03 01:16:51] Train Epoch: 4 [4000/20000 (20.0%)]	Loss: 0.010468987748026848
[2023-05-03 01:17:06] Train Epoch: 4 [4800/20000 (24.0%)]	Loss: 0.3200151324272156
[2023-05-03 01:17:21] Train Epoch: 4 [5600/20000 (28.0%)]	Loss: 0.029255079105496407
[2023-05-03 01:17:37] Train Epoch: 4 [6400/20000 (32.0%)]	Loss: 0.0029182115104049444
[2023-05-03 01:17:52] Train Epoch: 4 [7200/20000 (36.0%)]	Loss: 0.27457910776138306
[2023-05-03 01:18:07] Train Epoch: 4 [8000/20000 (40.0%)]	Loss: 0.013368966057896614
[2023-05-03 01:18:22] Train Epoch: 4 [8800/20000 (44.0%)]	Loss: 0.2213839441537857
[2023-05-03 01:18:37] Train Epoch: 4 [9600/20000 (48.0%)]	Loss: 0.014699953608214855
[2023-05-03 01:18:52] Train Epoch: 4 [10400/20000 (52.0%)]	Loss: 0.024891875684261322
[2023-05-03 01:19:07] Train Epoch: 4 [11200/20000 (56.0%)]	Loss: 0.03789389505982399
[2023-05-03 01:19:22] Train Epoch: 4 [12000/20000 (60.0%)]	Loss: 0.23419924080371857
[2023-05-03 01:19:37] Train Epoch: 4 [12800/20000 (64.0%)]	Loss: 0.012955766171216965
[2023-05-03 01:19:53] Train Epoch: 4 [13600/20000 (68.0%)]	Loss: 0.016987761482596397
[2023-05-03 01:20:08] Train Epoch: 4 [14400/20000 (72.0%)]	Loss: 0.006356592755764723
[2023-05-03 01:20:23] Train Epoch: 4 [15200/20000 (76.0%)]	Loss: 0.11559038609266281
[2023-05-03 01:20:38] Train Epoch: 4 [16000/20000 (80.0%)]	Loss: 0.12515519559383392
[2023-05-03 01:20:53] Train Epoch: 4 [16800/20000 (84.0%)]	Loss: 0.13043718039989471
[2023-05-03 01:21:09] Train Epoch: 4 [17600/20000 (88.0%)]	Loss: 0.3415953516960144
[2023-05-03 01:21:24] Train Epoch: 4 [18400/20000 (92.0%)]	Loss: 0.009068293496966362
[2023-05-03 01:21:39] Train Epoch: 4 [19200/20000 (96.0%)]	Loss: 0.09046020358800888
[2023-05-03 01:22:36] ========== Metrics ==========
[2023-05-03 01:22:36] {
  "tr_loss": 0.07645319989787498,
  "tr_acc": 0.9773477347734774,
  "tr_f1": 0.9773533969904514,
  "val_loss": 0.48010992854807133,
  "val_acc": 0.8342511991472731,
  "val_f1": 0.831679595886704,
  "test_loss": 0.4769166288014027,
  "test_acc": 0.8319783197831978,
  "test_f1": 0.8258426966292135
}
[2023-05-03 01:22:36] ========== Metrics ==========
[2023-05-03 01:22:38] Train Epoch: 5 [0/20000 (0.0%)]	Loss: 0.11979549378156662
[2023-05-03 01:22:54] Train Epoch: 5 [800/20000 (4.0%)]	Loss: 0.09033779054880142
[2023-05-03 01:23:10] Train Epoch: 5 [1600/20000 (8.0%)]	Loss: 0.011960286647081375
[2023-05-03 01:23:25] Train Epoch: 5 [2400/20000 (12.0%)]	Loss: 0.04499933868646622
[2023-05-03 01:23:40] Train Epoch: 5 [3200/20000 (16.0%)]	Loss: 0.0033851831685751677
[2023-05-03 01:23:56] Train Epoch: 5 [4000/20000 (20.0%)]	Loss: 0.0014674478443339467
[2023-05-03 01:24:11] Train Epoch: 5 [4800/20000 (24.0%)]	Loss: 0.0005231279646977782
[2023-05-03 01:24:26] Train Epoch: 5 [5600/20000 (28.0%)]	Loss: 0.018276240676641464
[2023-05-03 01:24:42] Train Epoch: 5 [6400/20000 (32.0%)]	Loss: 0.003940514288842678
[2023-05-03 01:24:57] Train Epoch: 5 [7200/20000 (36.0%)]	Loss: 0.0039207967929542065
[2023-05-03 01:25:12] Train Epoch: 5 [8000/20000 (40.0%)]	Loss: 0.014805625192821026
[2023-05-03 01:25:27] Train Epoch: 5 [8800/20000 (44.0%)]	Loss: 0.009617631323635578
[2023-05-03 01:25:43] Train Epoch: 5 [9600/20000 (48.0%)]	Loss: 0.011899574659764767
[2023-05-03 01:25:58] Train Epoch: 5 [10400/20000 (52.0%)]	Loss: 0.02427343837916851
[2023-05-03 01:26:14] Train Epoch: 5 [11200/20000 (56.0%)]	Loss: 0.0049936724826693535
[2023-05-03 01:26:29] Train Epoch: 5 [12000/20000 (60.0%)]	Loss: 0.003791972529143095
[2023-05-03 01:26:44] Train Epoch: 5 [12800/20000 (64.0%)]	Loss: 0.0023533939383924007
[2023-05-03 01:26:59] Train Epoch: 5 [13600/20000 (68.0%)]	Loss: 0.005437793210148811
[2023-05-03 01:27:14] Train Epoch: 5 [14400/20000 (72.0%)]	Loss: 0.017867421731352806
[2023-05-03 01:27:30] Train Epoch: 5 [15200/20000 (76.0%)]	Loss: 0.00274693313986063
[2023-05-03 01:27:45] Train Epoch: 5 [16000/20000 (80.0%)]	Loss: 0.0008760262280702591
[2023-05-03 01:28:01] Train Epoch: 5 [16800/20000 (84.0%)]	Loss: 0.01078800018876791
[2023-05-03 01:28:16] Train Epoch: 5 [17600/20000 (88.0%)]	Loss: 0.0018826128216460347
[2023-05-03 01:28:31] Train Epoch: 5 [18400/20000 (92.0%)]	Loss: 0.0032036358024924994
[2023-05-03 01:28:46] Train Epoch: 5 [19200/20000 (96.0%)]	Loss: 0.002711587818339467
[2023-05-03 01:29:44] ========== Metrics ==========
[2023-05-03 01:29:44] {
  "tr_loss": 0.041464661006442326,
  "tr_acc": 0.9888488848884889,
  "tr_f1": 0.9888550152431406,
  "val_loss": 0.6547358010892738,
  "val_acc": 0.809379996446971,
  "val_f1": 0.7880703140430575,
  "test_loss": 0.6762051539530922,
  "test_acc": 0.7859078590785907,
  "test_f1": 0.7538940809968848
}
[2023-05-03 01:29:44] ========== Metrics ==========
[2023-05-03 01:29:46] Train Epoch: 6 [0/20000 (0.0%)]	Loss: 0.035356126725673676
[2023-05-03 01:30:02] Train Epoch: 6 [800/20000 (4.0%)]	Loss: 0.00610717199742794
[2023-05-03 01:30:18] Train Epoch: 6 [1600/20000 (8.0%)]	Loss: 0.125215545296669
[2023-05-03 01:30:34] Train Epoch: 6 [2400/20000 (12.0%)]	Loss: 0.04915887862443924
[2023-05-03 01:30:49] Train Epoch: 6 [3200/20000 (16.0%)]	Loss: 0.0033235568553209305
[2023-05-03 01:31:04] Train Epoch: 6 [4000/20000 (20.0%)]	Loss: 0.0037585305981338024
[2023-05-03 01:31:19] Train Epoch: 6 [4800/20000 (24.0%)]	Loss: 0.002329146023839712
[2023-05-03 01:31:35] Train Epoch: 6 [5600/20000 (28.0%)]	Loss: 0.0017373947193846107
[2023-05-03 01:31:50] Train Epoch: 6 [6400/20000 (32.0%)]	Loss: 0.3947995901107788
[2023-05-03 01:32:05] Train Epoch: 6 [7200/20000 (36.0%)]	Loss: 0.001700880122371018
[2023-05-03 01:32:20] Train Epoch: 6 [8000/20000 (40.0%)]	Loss: 0.002084176056087017
[2023-05-03 01:32:35] Train Epoch: 6 [8800/20000 (44.0%)]	Loss: 0.01526253018528223
[2023-05-03 01:32:51] Train Epoch: 6 [9600/20000 (48.0%)]	Loss: 0.003173468168824911
[2023-05-03 01:33:06] Train Epoch: 6 [10400/20000 (52.0%)]	Loss: 0.0036020337138324976
[2023-05-03 01:33:21] Train Epoch: 6 [11200/20000 (56.0%)]	Loss: 0.0017905408749356866
[2023-05-03 01:33:36] Train Epoch: 6 [12000/20000 (60.0%)]	Loss: 0.0016036555171012878
[2023-05-03 01:33:51] Train Epoch: 6 [12800/20000 (64.0%)]	Loss: 0.003900456242263317
[2023-05-03 01:34:06] Train Epoch: 6 [13600/20000 (68.0%)]	Loss: 0.0016330605139955878
[2023-05-03 01:34:22] Train Epoch: 6 [14400/20000 (72.0%)]	Loss: 0.002902957610785961
[2023-05-03 01:34:37] Train Epoch: 6 [15200/20000 (76.0%)]	Loss: 0.005470695439726114
[2023-05-03 01:34:52] Train Epoch: 6 [16000/20000 (80.0%)]	Loss: 0.002332546981051564
[2023-05-03 01:35:08] Train Epoch: 6 [16800/20000 (84.0%)]	Loss: 0.002963920822367072
[2023-05-03 01:35:23] Train Epoch: 6 [17600/20000 (88.0%)]	Loss: 0.004275547806173563
[2023-05-03 01:35:38] Train Epoch: 6 [18400/20000 (92.0%)]	Loss: 0.0017480544047430158
[2023-05-03 01:35:53] Train Epoch: 6 [19200/20000 (96.0%)]	Loss: 0.0016372990794479847
[2023-05-03 01:36:52] ========== Metrics ==========
[2023-05-03 01:36:52] {
  "tr_loss": 0.018621045820294307,
  "tr_acc": 0.9964496449644964,
  "tr_f1": 0.9964491122780694,
  "val_loss": 0.7583878629417853,
  "val_acc": 0.8271451412329011,
  "val_f1": 0.8316317702024573,
  "test_loss": 0.9849913695317297,
  "test_acc": 0.8184281842818428,
  "test_f1": 0.8164383561643836
}
[2023-05-03 01:36:52] ========== Metrics ==========
[2023-05-03 01:36:54] Train Epoch: 7 [0/20000 (0.0%)]	Loss: 0.002130633220076561
[2023-05-03 01:37:10] Train Epoch: 7 [800/20000 (4.0%)]	Loss: 0.0012725736014544964
[2023-05-03 01:37:25] Train Epoch: 7 [1600/20000 (8.0%)]	Loss: 0.0067307911813259125
[2023-05-03 01:37:41] Train Epoch: 7 [2400/20000 (12.0%)]	Loss: 0.002278423635289073
[2023-05-03 01:37:56] Train Epoch: 7 [3200/20000 (16.0%)]	Loss: 0.002440317301079631
[2023-05-03 01:38:12] Train Epoch: 7 [4000/20000 (20.0%)]	Loss: 0.00164270109962672
[2023-05-03 01:38:27] Train Epoch: 7 [4800/20000 (24.0%)]	Loss: 0.001960576744750142
[2023-05-03 01:38:42] Train Epoch: 7 [5600/20000 (28.0%)]	Loss: 0.0013320725411176682
[2023-05-03 01:38:57] Train Epoch: 7 [6400/20000 (32.0%)]	Loss: 0.0013727354817092419
[2023-05-03 01:39:12] Train Epoch: 7 [7200/20000 (36.0%)]	Loss: 0.0019232782069593668
[2023-05-03 01:39:28] Train Epoch: 7 [8000/20000 (40.0%)]	Loss: 0.0010566788259893656
[2023-05-03 01:39:43] Train Epoch: 7 [8800/20000 (44.0%)]	Loss: 0.0011592243099585176
[2023-05-03 01:39:58] Train Epoch: 7 [9600/20000 (48.0%)]	Loss: 0.0018220414640381932
[2023-05-03 01:40:14] Train Epoch: 7 [10400/20000 (52.0%)]	Loss: 0.0009027870837599039
[2023-05-03 01:40:29] Train Epoch: 7 [11200/20000 (56.0%)]	Loss: 0.001608584658242762
[2023-05-03 01:40:44] Train Epoch: 7 [12000/20000 (60.0%)]	Loss: 0.0016619183588773012
[2023-05-03 01:41:00] Train Epoch: 7 [12800/20000 (64.0%)]	Loss: 0.0027191871777176857
[2023-05-03 01:41:15] Train Epoch: 7 [13600/20000 (68.0%)]	Loss: 0.001880780328065157
[2023-05-03 01:41:30] Train Epoch: 7 [14400/20000 (72.0%)]	Loss: 0.0015446273609995842
[2023-05-03 01:41:46] Train Epoch: 7 [15200/20000 (76.0%)]	Loss: 0.0012089532101526856
[2023-05-03 01:42:01] Train Epoch: 7 [16000/20000 (80.0%)]	Loss: 0.0014066676376387477
[2023-05-03 01:42:16] Train Epoch: 7 [16800/20000 (84.0%)]	Loss: 0.0010930303251370788
[2023-05-03 01:42:31] Train Epoch: 7 [17600/20000 (88.0%)]	Loss: 0.004523697774857283
[2023-05-03 01:42:46] Train Epoch: 7 [18400/20000 (92.0%)]	Loss: 0.0028364351019263268
[2023-05-03 01:43:01] Train Epoch: 7 [19200/20000 (96.0%)]	Loss: 0.0017171648796647787
[2023-05-03 01:43:59] ========== Metrics ==========
[2023-05-03 01:43:59] {
  "tr_loss": 0.014834476688556154,
  "tr_acc": 0.9973997399739974,
  "tr_f1": 0.9973999999999998,
  "val_loss": 0.7624304066277309,
  "val_acc": 0.8267898383371824,
  "val_f1": 0.8283148441627046,
  "test_loss": 0.7495942527584751,
  "test_acc": 0.8157181571815718,
  "test_f1": 0.8111111111111111
}
[2023-05-03 01:43:59] ========== Metrics ==========
[2023-05-03 01:44:01] Train Epoch: 8 [0/20000 (0.0%)]	Loss: 0.0024406425654888153
[2023-05-03 01:44:17] Train Epoch: 8 [800/20000 (4.0%)]	Loss: 0.0016088098054751754
[2023-05-03 01:44:32] Train Epoch: 8 [1600/20000 (8.0%)]	Loss: 0.002663034712895751
[2023-05-03 01:44:48] Train Epoch: 8 [2400/20000 (12.0%)]	Loss: 0.0013267170870676637
[2023-05-03 01:45:03] Train Epoch: 8 [3200/20000 (16.0%)]	Loss: 0.00157927128020674
[2023-05-03 01:45:18] Train Epoch: 8 [4000/20000 (20.0%)]	Loss: 0.001893904060125351
[2023-05-03 01:45:34] Train Epoch: 8 [4800/20000 (24.0%)]	Loss: 0.0018354919739067554
[2023-05-03 01:45:49] Train Epoch: 8 [5600/20000 (28.0%)]	Loss: 0.0018604652723297477
[2023-05-03 01:46:04] Train Epoch: 8 [6400/20000 (32.0%)]	Loss: 0.0013011314440518618
[2023-05-03 01:46:20] Train Epoch: 8 [7200/20000 (36.0%)]	Loss: 0.0013314848765730858
[2023-05-03 01:46:35] Train Epoch: 8 [8000/20000 (40.0%)]	Loss: 0.0010138413636013865
[2023-05-03 01:46:50] Train Epoch: 8 [8800/20000 (44.0%)]	Loss: 0.001387858996167779
[2023-05-03 01:47:05] Train Epoch: 8 [9600/20000 (48.0%)]	Loss: 0.0008809104911051691
[2023-05-03 01:47:21] Train Epoch: 8 [10400/20000 (52.0%)]	Loss: 0.0018942003371194005
[2023-05-03 01:47:36] Train Epoch: 8 [11200/20000 (56.0%)]	Loss: 0.003479116829112172
[2023-05-03 01:47:52] Train Epoch: 8 [12000/20000 (60.0%)]	Loss: 0.0013197731459513307
[2023-05-03 01:48:07] Train Epoch: 8 [12800/20000 (64.0%)]	Loss: 0.4241020977497101
[2023-05-03 01:48:22] Train Epoch: 8 [13600/20000 (68.0%)]	Loss: 0.001923402538523078
[2023-05-03 01:48:37] Train Epoch: 8 [14400/20000 (72.0%)]	Loss: 0.0033296137116849422
[2023-05-03 01:48:53] Train Epoch: 8 [15200/20000 (76.0%)]	Loss: 0.002460512798279524
[2023-05-03 01:49:08] Train Epoch: 8 [16000/20000 (80.0%)]	Loss: 0.0024857069365680218
[2023-05-03 01:49:23] Train Epoch: 8 [16800/20000 (84.0%)]	Loss: 0.0017802385846152902
[2023-05-03 01:49:39] Train Epoch: 8 [17600/20000 (88.0%)]	Loss: 0.0008931504562497139
[2023-05-03 01:49:54] Train Epoch: 8 [18400/20000 (92.0%)]	Loss: 0.0008531055646017194
[2023-05-03 01:50:09] Train Epoch: 8 [19200/20000 (96.0%)]	Loss: 0.0026076959911733866
[2023-05-03 01:51:03] Stop At epoch 8/20 due to valid not increase
[2023-05-03 01:51:08] ========== Metrics ==========
[2023-05-03 01:51:08] {
  "tr_loss": 0.012667174567200682,
  "tr_acc": 0.9978497849784979,
  "tr_f1": 0.9978501074946253,
  "val_loss": 0.9029407143904875,
  "val_acc": 0.825368626754308,
  "val_f1": 0.824558272354096,
  "test_loss": 0.9878523039220148,
  "test_acc": 0.8184281842818428,
  "test_f1": 0.8123249299719887
}
[2023-05-03 01:51:08] ========== Metrics ==========
