[2023-05-03 16:24:30] Train Epoch: 1 [0/20000 (0.0%)]	Loss: 0.6923923492431641
[2023-05-03 16:24:42] Train Epoch: 1 [800/20000 (4.0%)]	Loss: 0.6240944266319275
[2023-05-03 16:24:54] Train Epoch: 1 [1600/20000 (8.0%)]	Loss: 0.4882098436355591
[2023-05-03 16:25:05] Train Epoch: 1 [2400/20000 (12.0%)]	Loss: 0.4825388491153717
[2023-05-03 16:25:17] Train Epoch: 1 [3200/20000 (16.0%)]	Loss: 0.44584181904792786
[2023-05-03 16:25:28] Train Epoch: 1 [4000/20000 (20.0%)]	Loss: 0.6419298052787781
[2023-05-03 16:25:40] Train Epoch: 1 [4800/20000 (24.0%)]	Loss: 0.44440361857414246
[2023-05-03 16:25:51] Train Epoch: 1 [5600/20000 (28.0%)]	Loss: 0.7147918343544006
[2023-05-03 16:26:03] Train Epoch: 1 [6400/20000 (32.0%)]	Loss: 0.5242348909378052
[2023-05-03 16:26:14] Train Epoch: 1 [7200/20000 (36.0%)]	Loss: 0.3348502814769745
[2023-05-03 16:26:25] Train Epoch: 1 [8000/20000 (40.0%)]	Loss: 0.5135760307312012
[2023-05-03 16:26:37] Train Epoch: 1 [8800/20000 (44.0%)]	Loss: 0.7305577993392944
[2023-05-03 16:26:48] Train Epoch: 1 [9600/20000 (48.0%)]	Loss: 0.5706916451454163
[2023-05-03 16:26:59] Train Epoch: 1 [10400/20000 (52.0%)]	Loss: 0.42701512575149536
[2023-05-03 16:27:11] Train Epoch: 1 [11200/20000 (56.0%)]	Loss: 0.332055926322937
[2023-05-03 16:27:22] Train Epoch: 1 [12000/20000 (60.0%)]	Loss: 0.30962613224983215
[2023-05-03 16:27:33] Train Epoch: 1 [12800/20000 (64.0%)]	Loss: 0.36813199520111084
[2023-05-03 16:27:45] Train Epoch: 1 [13600/20000 (68.0%)]	Loss: 0.3702998161315918
[2023-05-03 16:27:56] Train Epoch: 1 [14400/20000 (72.0%)]	Loss: 0.44186097383499146
[2023-05-03 16:28:08] Train Epoch: 1 [15200/20000 (76.0%)]	Loss: 0.460945188999176
[2023-05-03 16:28:19] Train Epoch: 1 [16000/20000 (80.0%)]	Loss: 0.44244280457496643
[2023-05-03 16:28:30] Train Epoch: 1 [16800/20000 (84.0%)]	Loss: 0.36313122510910034
[2023-05-03 16:28:41] Train Epoch: 1 [17600/20000 (88.0%)]	Loss: 0.19922436773777008
[2023-05-03 16:28:52] Train Epoch: 1 [18400/20000 (92.0%)]	Loss: 0.3924730122089386
[2023-05-03 16:29:03] Train Epoch: 1 [19200/20000 (96.0%)]	Loss: 0.5604882836341858
[2023-05-03 16:29:47] ========== Metrics ==========
[2023-05-03 16:29:47] {
  "tr_loss": 0.4682771656701345,
  "tr_acc": 0.7788278827882789,
  "tr_f1": 0.7805289535056815,
  "val_loss": 0.3629044697157209,
  "val_acc": 0.847219754841002,
  "val_f1": 0.8445408532176427,
  "test_loss": 0.35285776482041936,
  "test_acc": 0.8401084010840109,
  "test_f1": 0.8347338935574229
}
[2023-05-03 16:29:47] ========== Metrics ==========
[2023-05-03 16:29:49] Train Epoch: 2 [0/20000 (0.0%)]	Loss: 0.18342365324497223
[2023-05-03 16:30:01] Train Epoch: 2 [800/20000 (4.0%)]	Loss: 0.24010738730430603
[2023-05-03 16:30:12] Train Epoch: 2 [1600/20000 (8.0%)]	Loss: 0.4171287417411804
[2023-05-03 16:30:23] Train Epoch: 2 [2400/20000 (12.0%)]	Loss: 0.23000109195709229
[2023-05-03 16:30:34] Train Epoch: 2 [3200/20000 (16.0%)]	Loss: 0.4556063413619995
[2023-05-03 16:30:45] Train Epoch: 2 [4000/20000 (20.0%)]	Loss: 0.22698034346103668
[2023-05-03 16:30:56] Train Epoch: 2 [4800/20000 (24.0%)]	Loss: 0.1433343142271042
[2023-05-03 16:31:08] Train Epoch: 2 [5600/20000 (28.0%)]	Loss: 0.30269327759742737
[2023-05-03 16:31:19] Train Epoch: 2 [6400/20000 (32.0%)]	Loss: 0.22945889830589294
[2023-05-03 16:31:30] Train Epoch: 2 [7200/20000 (36.0%)]	Loss: 0.08182327449321747
[2023-05-03 16:31:41] Train Epoch: 2 [8000/20000 (40.0%)]	Loss: 0.25783783197402954
[2023-05-03 16:31:52] Train Epoch: 2 [8800/20000 (44.0%)]	Loss: 0.16060161590576172
[2023-05-03 16:32:03] Train Epoch: 2 [9600/20000 (48.0%)]	Loss: 0.10056564956903458
[2023-05-03 16:32:15] Train Epoch: 2 [10400/20000 (52.0%)]	Loss: 0.17847076058387756
[2023-05-03 16:32:26] Train Epoch: 2 [11200/20000 (56.0%)]	Loss: 0.34358471632003784
[2023-05-03 16:32:38] Train Epoch: 2 [12000/20000 (60.0%)]	Loss: 0.16859231889247894
[2023-05-03 16:32:49] Train Epoch: 2 [12800/20000 (64.0%)]	Loss: 0.12512627243995667
[2023-05-03 16:33:00] Train Epoch: 2 [13600/20000 (68.0%)]	Loss: 0.14041496813297272
[2023-05-03 16:33:12] Train Epoch: 2 [14400/20000 (72.0%)]	Loss: 0.1496349573135376
[2023-05-03 16:33:23] Train Epoch: 2 [15200/20000 (76.0%)]	Loss: 0.3515627682209015
[2023-05-03 16:33:34] Train Epoch: 2 [16000/20000 (80.0%)]	Loss: 0.05719892308115959
[2023-05-03 16:33:46] Train Epoch: 2 [16800/20000 (84.0%)]	Loss: 0.3723245859146118
[2023-05-03 16:33:57] Train Epoch: 2 [17600/20000 (88.0%)]	Loss: 0.1542801558971405
[2023-05-03 16:34:08] Train Epoch: 2 [18400/20000 (92.0%)]	Loss: 0.2838580012321472
[2023-05-03 16:34:20] Train Epoch: 2 [19200/20000 (96.0%)]	Loss: 0.23859649896621704
[2023-05-03 16:35:08] ========== Metrics ==========
[2023-05-03 16:35:08] {
  "tr_loss": 0.2692150809008642,
  "tr_acc": 0.8927892789278928,
  "tr_f1": 0.8925528716046908,
  "val_loss": 0.4041604397563321,
  "val_acc": 0.8234144608278557,
  "val_f1": 0.8412140575079872,
  "test_loss": 0.35348803144160323,
  "test_acc": 0.8590785907859079,
  "test_f1": 0.8693467336683417
}
[2023-05-03 16:35:08] ========== Metrics ==========
[2023-05-03 16:35:09] Train Epoch: 3 [0/20000 (0.0%)]	Loss: 0.15950869023799896
[2023-05-03 16:35:22] Train Epoch: 3 [800/20000 (4.0%)]	Loss: 0.15793362259864807
[2023-05-03 16:35:34] Train Epoch: 3 [1600/20000 (8.0%)]	Loss: 0.1276780068874359
[2023-05-03 16:35:45] Train Epoch: 3 [2400/20000 (12.0%)]	Loss: 0.03538715839385986
[2023-05-03 16:35:57] Train Epoch: 3 [3200/20000 (16.0%)]	Loss: 0.3076047897338867
[2023-05-03 16:36:09] Train Epoch: 3 [4000/20000 (20.0%)]	Loss: 0.027775457128882408
[2023-05-03 16:36:20] Train Epoch: 3 [4800/20000 (24.0%)]	Loss: 0.31225690245628357
[2023-05-03 16:36:32] Train Epoch: 3 [5600/20000 (28.0%)]	Loss: 0.05283014476299286
[2023-05-03 16:36:43] Train Epoch: 3 [6400/20000 (32.0%)]	Loss: 0.09699048101902008
[2023-05-03 16:36:55] Train Epoch: 3 [7200/20000 (36.0%)]	Loss: 0.3031482398509979
[2023-05-03 16:37:06] Train Epoch: 3 [8000/20000 (40.0%)]	Loss: 0.21220345795154572
[2023-05-03 16:37:18] Train Epoch: 3 [8800/20000 (44.0%)]	Loss: 0.02168745920062065
[2023-05-03 16:37:29] Train Epoch: 3 [9600/20000 (48.0%)]	Loss: 0.39666318893432617
[2023-05-03 16:37:41] Train Epoch: 3 [10400/20000 (52.0%)]	Loss: 0.11107683926820755
[2023-05-03 16:37:52] Train Epoch: 3 [11200/20000 (56.0%)]	Loss: 0.08339449763298035
[2023-05-03 16:38:03] Train Epoch: 3 [12000/20000 (60.0%)]	Loss: 0.126958429813385
[2023-05-03 16:38:15] Train Epoch: 3 [12800/20000 (64.0%)]	Loss: 0.12405159324407578
[2023-05-03 16:38:26] Train Epoch: 3 [13600/20000 (68.0%)]	Loss: 0.1275266855955124
[2023-05-03 16:38:38] Train Epoch: 3 [14400/20000 (72.0%)]	Loss: 0.47442397475242615
[2023-05-03 16:38:49] Train Epoch: 3 [15200/20000 (76.0%)]	Loss: 0.23420748114585876
[2023-05-03 16:39:01] Train Epoch: 3 [16000/20000 (80.0%)]	Loss: 0.04326770827174187
[2023-05-03 16:39:12] Train Epoch: 3 [16800/20000 (84.0%)]	Loss: 0.04127659648656845
[2023-05-03 16:39:24] Train Epoch: 3 [17600/20000 (88.0%)]	Loss: 0.07186362892389297
[2023-05-03 16:39:35] Train Epoch: 3 [18400/20000 (92.0%)]	Loss: 0.13404887914657593
[2023-05-03 16:39:47] Train Epoch: 3 [19200/20000 (96.0%)]	Loss: 0.09373392164707184
[2023-05-03 16:40:35] ========== Metrics ==========
[2023-05-03 16:40:35] {
  "tr_loss": 0.14382524422314663,
  "tr_acc": 0.9477947794779478,
  "tr_f1": 0.9477215823735603,
  "val_loss": 0.471984283809002,
  "val_acc": 0.8335405933558359,
  "val_f1": 0.8196342637151106,
  "test_loss": 0.5113361312636757,
  "test_acc": 0.8130081300813008,
  "test_f1": 0.7927927927927928
}
[2023-05-03 16:40:35] ========== Metrics ==========
[2023-05-03 16:40:36] Train Epoch: 4 [0/20000 (0.0%)]	Loss: 0.1449517458677292
[2023-05-03 16:40:49] Train Epoch: 4 [800/20000 (4.0%)]	Loss: 0.00899248942732811
[2023-05-03 16:41:01] Train Epoch: 4 [1600/20000 (8.0%)]	Loss: 0.0028703741263598204
[2023-05-03 16:41:13] Train Epoch: 4 [2400/20000 (12.0%)]	Loss: 0.017961565405130386
[2023-05-03 16:41:25] Train Epoch: 4 [3200/20000 (16.0%)]	Loss: 0.008819169364869595
[2023-05-03 16:41:37] Train Epoch: 4 [4000/20000 (20.0%)]	Loss: 0.017798248678445816
[2023-05-03 16:41:48] Train Epoch: 4 [4800/20000 (24.0%)]	Loss: 0.21667782962322235
[2023-05-03 16:41:59] Train Epoch: 4 [5600/20000 (28.0%)]	Loss: 0.00924227386713028
[2023-05-03 16:42:11] Train Epoch: 4 [6400/20000 (32.0%)]	Loss: 0.014132238924503326
[2023-05-03 16:42:23] Train Epoch: 4 [7200/20000 (36.0%)]	Loss: 0.1890116035938263
[2023-05-03 16:42:34] Train Epoch: 4 [8000/20000 (40.0%)]	Loss: 0.005940677132457495
[2023-05-03 16:42:45] Train Epoch: 4 [8800/20000 (44.0%)]	Loss: 0.03932608664035797
[2023-05-03 16:42:57] Train Epoch: 4 [9600/20000 (48.0%)]	Loss: 0.0029045266564935446
[2023-05-03 16:43:08] Train Epoch: 4 [10400/20000 (52.0%)]	Loss: 0.03292194381356239
[2023-05-03 16:43:22] Train Epoch: 4 [11200/20000 (56.0%)]	Loss: 0.006722031161189079
[2023-05-03 16:43:33] Train Epoch: 4 [12000/20000 (60.0%)]	Loss: 0.011210698634386063
[2023-05-03 16:43:45] Train Epoch: 4 [12800/20000 (64.0%)]	Loss: 0.06035167723894119
[2023-05-03 16:43:56] Train Epoch: 4 [13600/20000 (68.0%)]	Loss: 0.019577082246541977
[2023-05-03 16:44:08] Train Epoch: 4 [14400/20000 (72.0%)]	Loss: 0.01907702535390854
[2023-05-03 16:44:19] Train Epoch: 4 [15200/20000 (76.0%)]	Loss: 0.00922706164419651
[2023-05-03 16:44:31] Train Epoch: 4 [16000/20000 (80.0%)]	Loss: 0.04799646884202957
[2023-05-03 16:44:42] Train Epoch: 4 [16800/20000 (84.0%)]	Loss: 0.0052949353121221066
[2023-05-03 16:44:53] Train Epoch: 4 [17600/20000 (88.0%)]	Loss: 0.7067776322364807
[2023-05-03 16:45:05] Train Epoch: 4 [18400/20000 (92.0%)]	Loss: 0.00965514313429594
[2023-05-03 16:45:16] Train Epoch: 4 [19200/20000 (96.0%)]	Loss: 0.037158846855163574
[2023-05-03 16:46:04] ========== Metrics ==========
[2023-05-03 16:46:04] {
  "tr_loss": 0.06398914490185334,
  "tr_acc": 0.9792979297929792,
  "tr_f1": 0.9793020697930208,
  "val_loss": 0.5476607249016966,
  "val_acc": 0.8429561200923787,
  "val_f1": 0.8415202581570456,
  "test_loss": 0.5470601035165916,
  "test_acc": 0.8292682926829268,
  "test_f1": 0.8245125348189415
}
[2023-05-03 16:46:04] ========== Metrics ==========
[2023-05-03 16:46:06] Train Epoch: 5 [0/20000 (0.0%)]	Loss: 0.013265539892017841
[2023-05-03 16:46:18] Train Epoch: 5 [800/20000 (4.0%)]	Loss: 0.0010905216913670301
[2023-05-03 16:46:30] Train Epoch: 5 [1600/20000 (8.0%)]	Loss: 0.002612489275634289
[2023-05-03 16:46:42] Train Epoch: 5 [2400/20000 (12.0%)]	Loss: 0.00437980517745018
[2023-05-03 16:46:54] Train Epoch: 5 [3200/20000 (16.0%)]	Loss: 0.003488586051389575
[2023-05-03 16:47:05] Train Epoch: 5 [4000/20000 (20.0%)]	Loss: 0.0015089382650330663
[2023-05-03 16:47:17] Train Epoch: 5 [4800/20000 (24.0%)]	Loss: 0.3864665627479553
[2023-05-03 16:47:28] Train Epoch: 5 [5600/20000 (28.0%)]	Loss: 0.18625245988368988
[2023-05-03 16:47:40] Train Epoch: 5 [6400/20000 (32.0%)]	Loss: 0.0006507580983452499
[2023-05-03 16:47:52] Train Epoch: 5 [7200/20000 (36.0%)]	Loss: 0.008578485809266567
[2023-05-03 16:48:03] Train Epoch: 5 [8000/20000 (40.0%)]	Loss: 0.0020072555635124445
[2023-05-03 16:48:14] Train Epoch: 5 [8800/20000 (44.0%)]	Loss: 0.0017051659524440765
[2023-05-03 16:48:26] Train Epoch: 5 [9600/20000 (48.0%)]	Loss: 0.010520977899432182
[2023-05-03 16:48:37] Train Epoch: 5 [10400/20000 (52.0%)]	Loss: 0.000926668755710125
[2023-05-03 16:48:48] Train Epoch: 5 [11200/20000 (56.0%)]	Loss: 0.00556008517742157
[2023-05-03 16:49:00] Train Epoch: 5 [12000/20000 (60.0%)]	Loss: 0.002278850879520178
[2023-05-03 16:49:11] Train Epoch: 5 [12800/20000 (64.0%)]	Loss: 0.004303761292248964
[2023-05-03 16:49:22] Train Epoch: 5 [13600/20000 (68.0%)]	Loss: 0.007318125572055578
[2023-05-03 16:49:34] Train Epoch: 5 [14400/20000 (72.0%)]	Loss: 0.0009164434741251171
[2023-05-03 16:49:45] Train Epoch: 5 [15200/20000 (76.0%)]	Loss: 0.01252508070319891
[2023-05-03 16:49:56] Train Epoch: 5 [16000/20000 (80.0%)]	Loss: 0.0015528613002970815
[2023-05-03 16:50:07] Train Epoch: 5 [16800/20000 (84.0%)]	Loss: 0.0006269414443522692
[2023-05-03 16:50:19] Train Epoch: 5 [17600/20000 (88.0%)]	Loss: 0.02814343571662903
[2023-05-03 16:50:30] Train Epoch: 5 [18400/20000 (92.0%)]	Loss: 0.11925555020570755
[2023-05-03 16:50:41] Train Epoch: 5 [19200/20000 (96.0%)]	Loss: 0.0017286469228565693
[2023-05-03 16:51:29] ========== Metrics ==========
[2023-05-03 16:51:29] {
  "tr_loss": 0.02468101137101582,
  "tr_acc": 0.9932993299329933,
  "tr_f1": 0.993297989396819,
  "val_loss": 0.8297937759204039,
  "val_acc": 0.8282110499200569,
  "val_f1": 0.8286979627989373,
  "test_loss": 0.9048744142863162,
  "test_acc": 0.8211382113821138,
  "test_f1": 0.8146067415730336
}
[2023-05-03 16:51:29] ========== Metrics ==========
[2023-05-03 16:51:30] Train Epoch: 6 [0/20000 (0.0%)]	Loss: 0.003183640306815505
[2023-05-03 16:51:43] Train Epoch: 6 [800/20000 (4.0%)]	Loss: 0.00023267666983883828
[2023-05-03 16:51:54] Train Epoch: 6 [1600/20000 (8.0%)]	Loss: 0.0003279409429524094
[2023-05-03 16:52:06] Train Epoch: 6 [2400/20000 (12.0%)]	Loss: 0.0037223538383841515
[2023-05-03 16:52:18] Train Epoch: 6 [3200/20000 (16.0%)]	Loss: 0.0003175278252456337
[2023-05-03 16:52:29] Train Epoch: 6 [4000/20000 (20.0%)]	Loss: 0.007733836770057678
[2023-05-03 16:52:41] Train Epoch: 6 [4800/20000 (24.0%)]	Loss: 0.00023577144020237029
[2023-05-03 16:52:52] Train Epoch: 6 [5600/20000 (28.0%)]	Loss: 0.0002794390020426363
[2023-05-03 16:53:04] Train Epoch: 6 [6400/20000 (32.0%)]	Loss: 0.0023878610227257013
[2023-05-03 16:53:15] Train Epoch: 6 [7200/20000 (36.0%)]	Loss: 0.0005119374836795032
[2023-05-03 16:53:26] Train Epoch: 6 [8000/20000 (40.0%)]	Loss: 0.0007026245584711432
[2023-05-03 16:53:38] Train Epoch: 6 [8800/20000 (44.0%)]	Loss: 0.0001449347473680973
[2023-05-03 16:53:49] Train Epoch: 6 [9600/20000 (48.0%)]	Loss: 0.0003029157523997128
[2023-05-03 16:54:01] Train Epoch: 6 [10400/20000 (52.0%)]	Loss: 0.0002355036122025922
[2023-05-03 16:54:12] Train Epoch: 6 [11200/20000 (56.0%)]	Loss: 0.00035545084392651916
[2023-05-03 16:54:24] Train Epoch: 6 [12000/20000 (60.0%)]	Loss: 0.0011028756853193045
[2023-05-03 16:54:35] Train Epoch: 6 [12800/20000 (64.0%)]	Loss: 0.0002694524882826954
[2023-05-03 16:54:46] Train Epoch: 6 [13600/20000 (68.0%)]	Loss: 0.0002655930002219975
[2023-05-03 16:54:58] Train Epoch: 6 [14400/20000 (72.0%)]	Loss: 0.0006311093457043171
[2023-05-03 16:55:09] Train Epoch: 6 [15200/20000 (76.0%)]	Loss: 0.0001478421618230641
[2023-05-03 16:55:21] Train Epoch: 6 [16000/20000 (80.0%)]	Loss: 0.0002658942248672247
[2023-05-03 16:55:32] Train Epoch: 6 [16800/20000 (84.0%)]	Loss: 9.245781984645873e-05
[2023-05-03 16:55:44] Train Epoch: 6 [17600/20000 (88.0%)]	Loss: 0.0001697890693321824
[2023-05-03 16:55:55] Train Epoch: 6 [18400/20000 (92.0%)]	Loss: 0.0005222662002779543
[2023-05-03 16:56:07] Train Epoch: 6 [19200/20000 (96.0%)]	Loss: 0.001105050672776997
[2023-05-03 16:56:54] ========== Metrics ==========
[2023-05-03 16:56:54] {
  "tr_loss": 0.006037034937381299,
  "tr_acc": 0.9986998699869987,
  "tr_f1": 0.9986997399479897,
  "val_loss": 0.9305074255424837,
  "val_acc": 0.8294546100550719,
  "val_f1": 0.8340822675423436,
  "test_loss": 0.864100617033538,
  "test_acc": 0.8346883468834688,
  "test_f1": 0.836461126005362
}
[2023-05-03 16:56:54] ========== Metrics ==========
[2023-05-03 16:56:56] Train Epoch: 7 [0/20000 (0.0%)]	Loss: 0.00024349782324861735
[2023-05-03 16:57:09] Train Epoch: 7 [800/20000 (4.0%)]	Loss: 0.0020173860248178244
[2023-05-03 16:57:21] Train Epoch: 7 [1600/20000 (8.0%)]	Loss: 0.00018683697271626443
[2023-05-03 16:57:32] Train Epoch: 7 [2400/20000 (12.0%)]	Loss: 0.00017988294712267816
[2023-05-03 16:57:44] Train Epoch: 7 [3200/20000 (16.0%)]	Loss: 0.0003356543311383575
[2023-05-03 16:57:56] Train Epoch: 7 [4000/20000 (20.0%)]	Loss: 8.739758050069213e-05
[2023-05-03 16:58:08] Train Epoch: 7 [4800/20000 (24.0%)]	Loss: 0.00017500604735687375
[2023-05-03 16:58:19] Train Epoch: 7 [5600/20000 (28.0%)]	Loss: 0.00017495710926596075
[2023-05-03 16:58:31] Train Epoch: 7 [6400/20000 (32.0%)]	Loss: 6.680012302240357e-05
[2023-05-03 16:58:43] Train Epoch: 7 [7200/20000 (36.0%)]	Loss: 0.0001349210797343403
[2023-05-03 16:58:54] Train Epoch: 7 [8000/20000 (40.0%)]	Loss: 0.0003120133769698441
[2023-05-03 16:59:06] Train Epoch: 7 [8800/20000 (44.0%)]	Loss: 0.0005291549605317414
[2023-05-03 16:59:17] Train Epoch: 7 [9600/20000 (48.0%)]	Loss: 0.00017505756113678217
[2023-05-03 16:59:29] Train Epoch: 7 [10400/20000 (52.0%)]	Loss: 0.00040768631151877344
[2023-05-03 16:59:41] Train Epoch: 7 [11200/20000 (56.0%)]	Loss: 0.0017027193680405617
[2023-05-03 16:59:52] Train Epoch: 7 [12000/20000 (60.0%)]	Loss: 8.534117660019547e-05
[2023-05-03 17:00:04] Train Epoch: 7 [12800/20000 (64.0%)]	Loss: 0.0007509845891036093
[2023-05-03 17:00:15] Train Epoch: 7 [13600/20000 (68.0%)]	Loss: 0.0005604836042039096
[2023-05-03 17:00:27] Train Epoch: 7 [14400/20000 (72.0%)]	Loss: 2.8803080567740835e-05
[2023-05-03 17:00:38] Train Epoch: 7 [15200/20000 (76.0%)]	Loss: 0.0024461071006953716
[2023-05-03 17:00:50] Train Epoch: 7 [16000/20000 (80.0%)]	Loss: 0.002647219691425562
[2023-05-03 17:01:02] Train Epoch: 7 [16800/20000 (84.0%)]	Loss: 0.00021013410878367722
[2023-05-03 17:01:13] Train Epoch: 7 [17600/20000 (88.0%)]	Loss: 6.478109571617097e-05
[2023-05-03 17:01:25] Train Epoch: 7 [18400/20000 (92.0%)]	Loss: 5.374673492042348e-05
[2023-05-03 17:01:36] Train Epoch: 7 [19200/20000 (96.0%)]	Loss: 7.832221308490261e-05
[2023-05-03 17:02:20] Stop At epoch 7/20 due to valid not increase
[2023-05-03 17:02:24] ========== Metrics ==========
[2023-05-03 17:02:24] {
  "tr_loss": 0.0040972612930768966,
  "tr_acc": 0.9992999299929993,
  "tr_f1": 0.9992999299929993,
  "val_loss": 0.921358020713119,
  "val_acc": 0.8296322615029312,
  "val_f1": 0.8311916916035907,
  "test_loss": 0.91156434713253,
  "test_acc": 0.8238482384823849,
  "test_f1": 0.8199445983379501
}
[2023-05-03 17:02:24] ========== Metrics ==========
