[2023-05-01 13:28:25] Train Epoch: 1 [0/20000 (0.0%)]	Loss: 0.7061579823493958
[2023-05-01 13:28:35] Train Epoch: 1 [800/20000 (4.0%)]	Loss: 0.6672812104225159
[2023-05-01 13:28:47] Train Epoch: 1 [1600/20000 (8.0%)]	Loss: 0.6005700826644897
[2023-05-01 13:28:57] Train Epoch: 1 [2400/20000 (12.0%)]	Loss: 0.4819145202636719
[2023-05-01 13:29:08] Train Epoch: 1 [3200/20000 (16.0%)]	Loss: 0.5372651815414429
[2023-05-01 13:29:19] Train Epoch: 1 [4000/20000 (20.0%)]	Loss: 0.4651404023170471
[2023-05-01 13:29:29] Train Epoch: 1 [4800/20000 (24.0%)]	Loss: 0.4997473657131195
[2023-05-01 13:29:40] Train Epoch: 1 [5600/20000 (28.0%)]	Loss: 0.6975560188293457
[2023-05-01 13:29:50] Train Epoch: 1 [6400/20000 (32.0%)]	Loss: 0.23482200503349304
[2023-05-01 13:30:00] Train Epoch: 1 [7200/20000 (36.0%)]	Loss: 0.5839550495147705
[2023-05-01 13:30:11] Train Epoch: 1 [8000/20000 (40.0%)]	Loss: 0.309628963470459
[2023-05-01 13:30:21] Train Epoch: 1 [8800/20000 (44.0%)]	Loss: 0.24648688733577728
[2023-05-01 13:30:31] Train Epoch: 1 [9600/20000 (48.0%)]	Loss: 0.24430671334266663
[2023-05-01 13:30:42] Train Epoch: 1 [10400/20000 (52.0%)]	Loss: 0.2502216696739197
[2023-05-01 13:30:52] Train Epoch: 1 [11200/20000 (56.0%)]	Loss: 0.206926628947258
[2023-05-01 13:31:03] Train Epoch: 1 [12000/20000 (60.0%)]	Loss: 0.3607534170150757
[2023-05-01 13:31:13] Train Epoch: 1 [12800/20000 (64.0%)]	Loss: 0.3095869719982147
[2023-05-01 13:31:24] Train Epoch: 1 [13600/20000 (68.0%)]	Loss: 0.22930504381656647
[2023-05-01 13:31:35] Train Epoch: 1 [14400/20000 (72.0%)]	Loss: 0.2570347487926483
[2023-05-01 13:31:46] Train Epoch: 1 [15200/20000 (76.0%)]	Loss: 0.566816508769989
[2023-05-01 13:31:57] Train Epoch: 1 [16000/20000 (80.0%)]	Loss: 0.2156454473733902
[2023-05-01 13:32:08] Train Epoch: 1 [16800/20000 (84.0%)]	Loss: 0.31788936257362366
[2023-05-01 13:32:19] Train Epoch: 1 [17600/20000 (88.0%)]	Loss: 0.39167970418930054
[2023-05-01 13:32:30] Train Epoch: 1 [18400/20000 (92.0%)]	Loss: 0.6114113330841064
[2023-05-01 13:32:41] Train Epoch: 1 [19200/20000 (96.0%)]	Loss: 0.30148154497146606
[2023-05-01 13:33:22] ========== Metrics ==========
[2023-05-01 13:33:22] {
  "tr_loss": 0.45191031045252733,
  "tr_acc": 0.78997899789979,
  "tr_f1": 0.792735886300829,
  "val_loss": 0.36228510318630053,
  "val_acc": 0.8450879374666903,
  "val_f1": 0.8492913930176287,
  "test_loss": 0.333980806313233,
  "test_acc": 0.8590785907859079,
  "test_f1": 0.8579234972677596
}
[2023-05-01 13:33:22] ========== Metrics ==========
[2023-05-01 13:33:22] Train Epoch: 2 [0/20000 (0.0%)]	Loss: 0.3354640007019043
[2023-05-01 13:33:33] Train Epoch: 2 [800/20000 (4.0%)]	Loss: 0.1407645344734192
[2023-05-01 13:33:44] Train Epoch: 2 [1600/20000 (8.0%)]	Loss: 0.3176550567150116
[2023-05-01 13:33:54] Train Epoch: 2 [2400/20000 (12.0%)]	Loss: 0.42224615812301636
[2023-05-01 13:34:05] Train Epoch: 2 [3200/20000 (16.0%)]	Loss: 0.5230364203453064
[2023-05-01 13:34:15] Train Epoch: 2 [4000/20000 (20.0%)]	Loss: 0.22488853335380554
[2023-05-01 13:34:26] Train Epoch: 2 [4800/20000 (24.0%)]	Loss: 0.5996769666671753
[2023-05-01 13:34:36] Train Epoch: 2 [5600/20000 (28.0%)]	Loss: 0.3677736818790436
[2023-05-01 13:34:47] Train Epoch: 2 [6400/20000 (32.0%)]	Loss: 0.11994348466396332
[2023-05-01 13:34:57] Train Epoch: 2 [7200/20000 (36.0%)]	Loss: 0.13550014793872833
[2023-05-01 13:35:08] Train Epoch: 2 [8000/20000 (40.0%)]	Loss: 0.17533081769943237
[2023-05-01 13:35:18] Train Epoch: 2 [8800/20000 (44.0%)]	Loss: 0.20687448978424072
[2023-05-01 13:35:29] Train Epoch: 2 [9600/20000 (48.0%)]	Loss: 0.31799113750457764
[2023-05-01 13:35:39] Train Epoch: 2 [10400/20000 (52.0%)]	Loss: 0.17649081349372864
[2023-05-01 13:35:50] Train Epoch: 2 [11200/20000 (56.0%)]	Loss: 0.33005574345588684
[2023-05-01 13:36:00] Train Epoch: 2 [12000/20000 (60.0%)]	Loss: 0.33983877301216125
[2023-05-01 13:36:11] Train Epoch: 2 [12800/20000 (64.0%)]	Loss: 0.14569607377052307
[2023-05-01 13:36:21] Train Epoch: 2 [13600/20000 (68.0%)]	Loss: 0.3861759603023529
[2023-05-01 13:36:32] Train Epoch: 2 [14400/20000 (72.0%)]	Loss: 0.37776273488998413
[2023-05-01 13:36:42] Train Epoch: 2 [15200/20000 (76.0%)]	Loss: 0.20887747406959534
[2023-05-01 13:36:52] Train Epoch: 2 [16000/20000 (80.0%)]	Loss: 0.41666173934936523
[2023-05-01 13:37:03] Train Epoch: 2 [16800/20000 (84.0%)]	Loss: 0.18327480554580688
[2023-05-01 13:37:13] Train Epoch: 2 [17600/20000 (88.0%)]	Loss: 0.1289851814508438
[2023-05-01 13:37:23] Train Epoch: 2 [18400/20000 (92.0%)]	Loss: 0.16232815384864807
[2023-05-01 13:37:34] Train Epoch: 2 [19200/20000 (96.0%)]	Loss: 0.3112936019897461
[2023-05-01 13:38:14] ========== Metrics ==========
[2023-05-01 13:38:14] {
  "tr_loss": 0.2656009012658318,
  "tr_acc": 0.896989698969897,
  "tr_f1": 0.8969381628977385,
  "val_loss": 0.39100574144653794,
  "val_acc": 0.8246580209628709,
  "val_f1": 0.801048175771014,
  "test_loss": 0.40870465786476445,
  "test_acc": 0.7967479674796748,
  "test_f1": 0.7588424437299036
}
[2023-05-01 13:38:14] ========== Metrics ==========
[2023-05-01 13:38:14] Train Epoch: 3 [0/20000 (0.0%)]	Loss: 0.16793237626552582
[2023-05-01 13:38:25] Train Epoch: 3 [800/20000 (4.0%)]	Loss: 0.07524198293685913
[2023-05-01 13:38:35] Train Epoch: 3 [1600/20000 (8.0%)]	Loss: 0.12962913513183594
[2023-05-01 13:38:46] Train Epoch: 3 [2400/20000 (12.0%)]	Loss: 0.6380913853645325
[2023-05-01 13:38:57] Train Epoch: 3 [3200/20000 (16.0%)]	Loss: 0.14860078692436218
[2023-05-01 13:39:07] Train Epoch: 3 [4000/20000 (20.0%)]	Loss: 0.019215866923332214
[2023-05-01 13:39:18] Train Epoch: 3 [4800/20000 (24.0%)]	Loss: 0.03392200171947479
[2023-05-01 13:39:28] Train Epoch: 3 [5600/20000 (28.0%)]	Loss: 0.25813576579093933
[2023-05-01 13:39:39] Train Epoch: 3 [6400/20000 (32.0%)]	Loss: 0.2914986312389374
[2023-05-01 13:39:49] Train Epoch: 3 [7200/20000 (36.0%)]	Loss: 0.24097342789173126
[2023-05-01 13:39:59] Train Epoch: 3 [8000/20000 (40.0%)]	Loss: 0.11070098727941513
[2023-05-01 13:40:10] Train Epoch: 3 [8800/20000 (44.0%)]	Loss: 0.09469094127416611
[2023-05-01 13:40:20] Train Epoch: 3 [9600/20000 (48.0%)]	Loss: 0.03643224760890007
[2023-05-01 13:40:31] Train Epoch: 3 [10400/20000 (52.0%)]	Loss: 0.05294574052095413
[2023-05-01 13:40:41] Train Epoch: 3 [11200/20000 (56.0%)]	Loss: 0.1911502182483673
[2023-05-01 13:40:51] Train Epoch: 3 [12000/20000 (60.0%)]	Loss: 0.019046243280172348
[2023-05-01 13:41:02] Train Epoch: 3 [12800/20000 (64.0%)]	Loss: 0.032398197799921036
[2023-05-01 13:41:12] Train Epoch: 3 [13600/20000 (68.0%)]	Loss: 0.23777534067630768
[2023-05-01 13:41:23] Train Epoch: 3 [14400/20000 (72.0%)]	Loss: 0.14568395912647247
[2023-05-01 13:41:34] Train Epoch: 3 [15200/20000 (76.0%)]	Loss: 0.12571200728416443
[2023-05-01 13:41:44] Train Epoch: 3 [16000/20000 (80.0%)]	Loss: 0.05915036424994469
[2023-05-01 13:41:55] Train Epoch: 3 [16800/20000 (84.0%)]	Loss: 0.013274780474603176
[2023-05-01 13:42:06] Train Epoch: 3 [17600/20000 (88.0%)]	Loss: 0.2553217113018036
[2023-05-01 13:42:17] Train Epoch: 3 [18400/20000 (92.0%)]	Loss: 0.05375117436051369
[2023-05-01 13:42:27] Train Epoch: 3 [19200/20000 (96.0%)]	Loss: 0.40648508071899414
[2023-05-01 13:43:08] ========== Metrics ==========
[2023-05-01 13:43:08] {
  "tr_loss": 0.14474267173897137,
  "tr_acc": 0.9511451145114511,
  "tr_f1": 0.9509956362542007,
  "val_loss": 0.38890972964864023,
  "val_acc": 0.8459761947059868,
  "val_f1": 0.850388265746333,
  "test_loss": 0.3749224664719124,
  "test_acc": 0.8482384823848238,
  "test_f1": 0.8502673796791445
}
[2023-05-01 13:43:08] ========== Metrics ==========
[2023-05-01 13:43:08] Train Epoch: 4 [0/20000 (0.0%)]	Loss: 0.0373443178832531
[2023-05-01 13:43:19] Train Epoch: 4 [800/20000 (4.0%)]	Loss: 0.4410843551158905
[2023-05-01 13:43:30] Train Epoch: 4 [1600/20000 (8.0%)]	Loss: 0.052878860384225845
[2023-05-01 13:43:40] Train Epoch: 4 [2400/20000 (12.0%)]	Loss: 0.006608205381780863
[2023-05-01 13:43:51] Train Epoch: 4 [3200/20000 (16.0%)]	Loss: 0.017879506573081017
[2023-05-01 13:44:03] Train Epoch: 4 [4000/20000 (20.0%)]	Loss: 0.007867123000323772
[2023-05-01 13:44:14] Train Epoch: 4 [4800/20000 (24.0%)]	Loss: 0.008027246221899986
[2023-05-01 13:44:25] Train Epoch: 4 [5600/20000 (28.0%)]	Loss: 0.010041155852377415
[2023-05-01 13:44:37] Train Epoch: 4 [6400/20000 (32.0%)]	Loss: 0.0942573994398117
[2023-05-01 13:44:49] Train Epoch: 4 [7200/20000 (36.0%)]	Loss: 0.013385654427111149
[2023-05-01 13:45:01] Train Epoch: 4 [8000/20000 (40.0%)]	Loss: 0.00539324339479208
[2023-05-01 13:45:12] Train Epoch: 4 [8800/20000 (44.0%)]	Loss: 0.011279751546680927
[2023-05-01 13:45:23] Train Epoch: 4 [9600/20000 (48.0%)]	Loss: 0.017182018607854843
[2023-05-01 13:45:34] Train Epoch: 4 [10400/20000 (52.0%)]	Loss: 0.0989784300327301
[2023-05-01 13:45:45] Train Epoch: 4 [11200/20000 (56.0%)]	Loss: 0.009726868011057377
[2023-05-01 13:45:56] Train Epoch: 4 [12000/20000 (60.0%)]	Loss: 0.03231123089790344
[2023-05-01 13:46:08] Train Epoch: 4 [12800/20000 (64.0%)]	Loss: 0.2828163504600525
[2023-05-01 13:46:18] Train Epoch: 4 [13600/20000 (68.0%)]	Loss: 0.1763354241847992
[2023-05-01 13:46:29] Train Epoch: 4 [14400/20000 (72.0%)]	Loss: 0.009050337597727776
[2023-05-01 13:46:40] Train Epoch: 4 [15200/20000 (76.0%)]	Loss: 0.012780396267771721
[2023-05-01 13:46:50] Train Epoch: 4 [16000/20000 (80.0%)]	Loss: 0.006187964230775833
[2023-05-01 13:47:01] Train Epoch: 4 [16800/20000 (84.0%)]	Loss: 0.012139911763370037
[2023-05-01 13:47:13] Train Epoch: 4 [17600/20000 (88.0%)]	Loss: 0.01073288545012474
[2023-05-01 13:47:25] Train Epoch: 4 [18400/20000 (92.0%)]	Loss: 0.010016125626862049
[2023-05-01 13:47:36] Train Epoch: 4 [19200/20000 (96.0%)]	Loss: 0.023326504975557327
[2023-05-01 13:48:19] ========== Metrics ==========
[2023-05-01 13:48:19] {
  "tr_loss": 0.06498241422269264,
  "tr_acc": 0.9812481248124812,
  "tr_f1": 0.9812528120781884,
  "val_loss": 0.4942917198678659,
  "val_acc": 0.8383371824480369,
  "val_f1": 0.8383658969804618,
  "test_loss": 0.45305207943124826,
  "test_acc": 0.8346883468834688,
  "test_f1": 0.8310249307479225
}
[2023-05-01 13:48:19] ========== Metrics ==========
[2023-05-01 13:48:19] Train Epoch: 5 [0/20000 (0.0%)]	Loss: 0.00900594238191843
[2023-05-01 13:48:30] Train Epoch: 5 [800/20000 (4.0%)]	Loss: 0.002220973139628768
[2023-05-01 13:48:41] Train Epoch: 5 [1600/20000 (8.0%)]	Loss: 0.008074436336755753
[2023-05-01 13:48:52] Train Epoch: 5 [2400/20000 (12.0%)]	Loss: 0.0027335721533745527
[2023-05-01 13:49:03] Train Epoch: 5 [3200/20000 (16.0%)]	Loss: 0.10408993065357208
[2023-05-01 13:49:14] Train Epoch: 5 [4000/20000 (20.0%)]	Loss: 0.008904271759092808
[2023-05-01 13:49:26] Train Epoch: 5 [4800/20000 (24.0%)]	Loss: 0.0014010901795700192
[2023-05-01 13:49:38] Train Epoch: 5 [5600/20000 (28.0%)]	Loss: 0.027826756238937378
[2023-05-01 13:49:49] Train Epoch: 5 [6400/20000 (32.0%)]	Loss: 0.005782500375062227
[2023-05-01 13:50:00] Train Epoch: 5 [7200/20000 (36.0%)]	Loss: 0.004640950355678797
[2023-05-01 13:50:11] Train Epoch: 5 [8000/20000 (40.0%)]	Loss: 0.005843533203005791
[2023-05-01 13:50:23] Train Epoch: 5 [8800/20000 (44.0%)]	Loss: 0.0024332362227141857
[2023-05-01 13:50:34] Train Epoch: 5 [9600/20000 (48.0%)]	Loss: 0.001671084901317954
[2023-05-01 13:50:45] Train Epoch: 5 [10400/20000 (52.0%)]	Loss: 0.05979079380631447
[2023-05-01 13:50:56] Train Epoch: 5 [11200/20000 (56.0%)]	Loss: 0.0185537189245224
[2023-05-01 13:51:07] Train Epoch: 5 [12000/20000 (60.0%)]	Loss: 0.02331511676311493
[2023-05-01 13:51:19] Train Epoch: 5 [12800/20000 (64.0%)]	Loss: 0.0018555837450549006
[2023-05-01 13:51:31] Train Epoch: 5 [13600/20000 (68.0%)]	Loss: 0.004440394230186939
[2023-05-01 13:51:43] Train Epoch: 5 [14400/20000 (72.0%)]	Loss: 0.0003771692281588912
[2023-05-01 13:51:54] Train Epoch: 5 [15200/20000 (76.0%)]	Loss: 0.00037027918733656406
[2023-05-01 13:52:05] Train Epoch: 5 [16000/20000 (80.0%)]	Loss: 0.04001163691282272
[2023-05-01 13:52:15] Train Epoch: 5 [16800/20000 (84.0%)]	Loss: 0.0012290965532884002
[2023-05-01 13:52:26] Train Epoch: 5 [17600/20000 (88.0%)]	Loss: 0.013196101412177086
[2023-05-01 13:52:37] Train Epoch: 5 [18400/20000 (92.0%)]	Loss: 0.17013488709926605
[2023-05-01 13:52:48] Train Epoch: 5 [19200/20000 (96.0%)]	Loss: 0.08500074595212936
[2023-05-01 13:53:28] ========== Metrics ==========
[2023-05-01 13:53:28] {
  "tr_loss": 0.03401333820038006,
  "tr_acc": 0.9901990199019902,
  "tr_f1": 0.9901872434164415,
  "val_loss": 0.7647256655772418,
  "val_acc": 0.827678095576479,
  "val_f1": 0.8227986846912678,
  "test_loss": 0.7302605610461982,
  "test_acc": 0.8238482384823849,
  "test_f1": 0.8158640226628894
}
[2023-05-01 13:53:28] ========== Metrics ==========
[2023-05-01 13:53:29] Train Epoch: 6 [0/20000 (0.0%)]	Loss: 0.001624847180210054
[2023-05-01 13:53:39] Train Epoch: 6 [800/20000 (4.0%)]	Loss: 0.01186726801097393
[2023-05-01 13:53:50] Train Epoch: 6 [1600/20000 (8.0%)]	Loss: 0.002216935623437166
[2023-05-01 13:54:01] Train Epoch: 6 [2400/20000 (12.0%)]	Loss: 0.0019536104518920183
[2023-05-01 13:54:11] Train Epoch: 6 [3200/20000 (16.0%)]	Loss: 0.002904196735471487
[2023-05-01 13:54:22] Train Epoch: 6 [4000/20000 (20.0%)]	Loss: 0.004059699829667807
[2023-05-01 13:54:32] Train Epoch: 6 [4800/20000 (24.0%)]	Loss: 0.001896737259812653
[2023-05-01 13:54:43] Train Epoch: 6 [5600/20000 (28.0%)]	Loss: 0.0016975199105218053
[2023-05-01 13:54:53] Train Epoch: 6 [6400/20000 (32.0%)]	Loss: 0.003752380609512329
[2023-05-01 13:55:04] Train Epoch: 6 [7200/20000 (36.0%)]	Loss: 0.002066433196887374
[2023-05-01 13:55:14] Train Epoch: 6 [8000/20000 (40.0%)]	Loss: 0.001502497587352991
[2023-05-01 13:55:25] Train Epoch: 6 [8800/20000 (44.0%)]	Loss: 0.0029236681293696165
[2023-05-01 13:55:35] Train Epoch: 6 [9600/20000 (48.0%)]	Loss: 0.0012018622364848852
[2023-05-01 13:55:46] Train Epoch: 6 [10400/20000 (52.0%)]	Loss: 0.006097441539168358
[2023-05-01 13:55:56] Train Epoch: 6 [11200/20000 (56.0%)]	Loss: 0.0016478595789521933
[2023-05-01 13:56:07] Train Epoch: 6 [12000/20000 (60.0%)]	Loss: 0.0011234523262828588
[2023-05-01 13:56:18] Train Epoch: 6 [12800/20000 (64.0%)]	Loss: 0.0014334225561469793
[2023-05-01 13:56:28] Train Epoch: 6 [13600/20000 (68.0%)]	Loss: 0.0010827810037881136
[2023-05-01 13:56:39] Train Epoch: 6 [14400/20000 (72.0%)]	Loss: 0.0013007476227357984
[2023-05-01 13:56:49] Train Epoch: 6 [15200/20000 (76.0%)]	Loss: 0.0010459981858730316
[2023-05-01 13:57:00] Train Epoch: 6 [16000/20000 (80.0%)]	Loss: 0.0009962132899090648
[2023-05-01 13:57:10] Train Epoch: 6 [16800/20000 (84.0%)]	Loss: 0.0008855629130266607
[2023-05-01 13:57:21] Train Epoch: 6 [17600/20000 (88.0%)]	Loss: 0.0009805465815588832
[2023-05-01 13:57:32] Train Epoch: 6 [18400/20000 (92.0%)]	Loss: 0.0009196755127049983
[2023-05-01 13:57:42] Train Epoch: 6 [19200/20000 (96.0%)]	Loss: 0.000981085584498942
[2023-05-01 13:58:23] ========== Metrics ==========
[2023-05-01 13:58:23] {
  "tr_loss": 0.01149859241238705,
  "tr_acc": 0.9977997799779978,
  "tr_f1": 0.9977997799779978,
  "val_loss": 0.845639836185738,
  "val_acc": 0.8271451412329011,
  "val_f1": 0.8298058422249431,
  "test_loss": 0.7296736527103073,
  "test_acc": 0.8482384823848238,
  "test_f1": 0.8478260869565217
}
[2023-05-01 13:58:23] ========== Metrics ==========
[2023-05-01 13:58:23] Train Epoch: 7 [0/20000 (0.0%)]	Loss: 0.0006970831891521811
[2023-05-01 13:58:34] Train Epoch: 7 [800/20000 (4.0%)]	Loss: 0.0004995550843887031
[2023-05-01 13:58:45] Train Epoch: 7 [1600/20000 (8.0%)]	Loss: 0.0005806739209219813
[2023-05-01 13:58:55] Train Epoch: 7 [2400/20000 (12.0%)]	Loss: 0.00045966258039698005
[2023-05-01 13:59:06] Train Epoch: 7 [3200/20000 (16.0%)]	Loss: 0.0047152419574558735
[2023-05-01 13:59:17] Train Epoch: 7 [4000/20000 (20.0%)]	Loss: 0.0006756535149179399
[2023-05-01 13:59:27] Train Epoch: 7 [4800/20000 (24.0%)]	Loss: 0.0006693262257613242
[2023-05-01 13:59:38] Train Epoch: 7 [5600/20000 (28.0%)]	Loss: 0.0008486682781949639
[2023-05-01 13:59:48] Train Epoch: 7 [6400/20000 (32.0%)]	Loss: 0.0008742613717913628
[2023-05-01 13:59:59] Train Epoch: 7 [7200/20000 (36.0%)]	Loss: 0.0010576284257695079
[2023-05-01 14:00:10] Train Epoch: 7 [8000/20000 (40.0%)]	Loss: 0.0011185294715687633
[2023-05-01 14:00:20] Train Epoch: 7 [8800/20000 (44.0%)]	Loss: 0.0009579485631547868
[2023-05-01 14:00:31] Train Epoch: 7 [9600/20000 (48.0%)]	Loss: 0.0008771420689299703
[2023-05-01 14:00:42] Train Epoch: 7 [10400/20000 (52.0%)]	Loss: 0.0012825517915189266
[2023-05-01 14:00:52] Train Epoch: 7 [11200/20000 (56.0%)]	Loss: 0.001221268787048757
[2023-05-01 14:01:03] Train Epoch: 7 [12000/20000 (60.0%)]	Loss: 0.0009667635313235223
[2023-05-01 14:01:13] Train Epoch: 7 [12800/20000 (64.0%)]	Loss: 0.001343228854238987
[2023-05-01 14:01:24] Train Epoch: 7 [13600/20000 (68.0%)]	Loss: 0.0015896138502284884
[2023-05-01 14:01:35] Train Epoch: 7 [14400/20000 (72.0%)]	Loss: 0.0012150902766734362
[2023-05-01 14:01:46] Train Epoch: 7 [15200/20000 (76.0%)]	Loss: 0.0020558852702379227
[2023-05-01 14:01:57] Train Epoch: 7 [16000/20000 (80.0%)]	Loss: 0.0011791159631684422
[2023-05-01 14:02:08] Train Epoch: 7 [16800/20000 (84.0%)]	Loss: 0.0011545420857146382
[2023-05-01 14:02:18] Train Epoch: 7 [17600/20000 (88.0%)]	Loss: 0.002510576043277979
[2023-05-01 14:02:29] Train Epoch: 7 [18400/20000 (92.0%)]	Loss: 0.0007470478303730488
[2023-05-01 14:02:40] Train Epoch: 7 [19200/20000 (96.0%)]	Loss: 0.001078184344805777
[2023-05-01 14:03:21] ========== Metrics ==========
[2023-05-01 14:03:21] {
  "tr_loss": 0.009639261074808284,
  "tr_acc": 0.9984998499849985,
  "tr_f1": 0.9984998499849985,
  "val_loss": 0.8558770361710336,
  "val_acc": 0.8266121868893231,
  "val_f1": 0.825589706933524,
  "test_loss": 0.7701448960643675,
  "test_acc": 0.8319783197831978,
  "test_f1": 0.8268156424581006
}
[2023-05-01 14:03:21] ========== Metrics ==========
[2023-05-01 14:03:21] Train Epoch: 8 [0/20000 (0.0%)]	Loss: 0.000927836517803371
[2023-05-01 14:03:32] Train Epoch: 8 [800/20000 (4.0%)]	Loss: 0.0005548089975491166
[2023-05-01 14:03:43] Train Epoch: 8 [1600/20000 (8.0%)]	Loss: 0.2105933576822281
[2023-05-01 14:03:54] Train Epoch: 8 [2400/20000 (12.0%)]	Loss: 0.0008961755083873868
[2023-05-01 14:04:05] Train Epoch: 8 [3200/20000 (16.0%)]	Loss: 0.0005396428750827909
[2023-05-01 14:04:16] Train Epoch: 8 [4000/20000 (20.0%)]	Loss: 0.0005251468974165618
[2023-05-01 14:04:26] Train Epoch: 8 [4800/20000 (24.0%)]	Loss: 0.0004711928777396679
[2023-05-01 14:04:37] Train Epoch: 8 [5600/20000 (28.0%)]	Loss: 0.0007584732957184315
[2023-05-01 14:04:48] Train Epoch: 8 [6400/20000 (32.0%)]	Loss: 0.0010156190255656838
[2023-05-01 14:04:58] Train Epoch: 8 [7200/20000 (36.0%)]	Loss: 0.0014780258061364293
[2023-05-01 14:05:08] Train Epoch: 8 [8000/20000 (40.0%)]	Loss: 0.0008123879670165479
[2023-05-01 14:05:19] Train Epoch: 8 [8800/20000 (44.0%)]	Loss: 0.0008160785073414445
[2023-05-01 14:05:29] Train Epoch: 8 [9600/20000 (48.0%)]	Loss: 0.0006912202807143331
[2023-05-01 14:05:39] Train Epoch: 8 [10400/20000 (52.0%)]	Loss: 0.012200038880109787
[2023-05-01 14:05:50] Train Epoch: 8 [11200/20000 (56.0%)]	Loss: 0.0008994502713903785
[2023-05-01 14:06:00] Train Epoch: 8 [12000/20000 (60.0%)]	Loss: 0.0005601446609944105
[2023-05-01 14:06:11] Train Epoch: 8 [12800/20000 (64.0%)]	Loss: 0.0010652962373569608
[2023-05-01 14:06:22] Train Epoch: 8 [13600/20000 (68.0%)]	Loss: 0.0009447840275242925
[2023-05-01 14:06:32] Train Epoch: 8 [14400/20000 (72.0%)]	Loss: 0.0010207139421254396
[2023-05-01 14:06:43] Train Epoch: 8 [15200/20000 (76.0%)]	Loss: 0.0014100982807576656
[2023-05-01 14:06:53] Train Epoch: 8 [16000/20000 (80.0%)]	Loss: 0.0009111792896874249
[2023-05-01 14:07:04] Train Epoch: 8 [16800/20000 (84.0%)]	Loss: 0.0008513484499417245
[2023-05-01 14:07:14] Train Epoch: 8 [17600/20000 (88.0%)]	Loss: 0.0008574605453759432
[2023-05-01 14:07:25] Train Epoch: 8 [18400/20000 (92.0%)]	Loss: 0.004824628587812185
[2023-05-01 14:07:35] Train Epoch: 8 [19200/20000 (96.0%)]	Loss: 0.004988673608750105
[2023-05-01 14:08:16] ========== Metrics ==========
[2023-05-01 14:08:16] {
  "tr_loss": 0.00852345464024527,
  "tr_acc": 0.9986998699869987,
  "tr_f1": 0.9986997399479897,
  "val_loss": 0.8557994502288322,
  "val_acc": 0.8239474151714337,
  "val_f1": 0.8213448711014962,
  "test_loss": 1.0486300174944445,
  "test_acc": 0.8265582655826558,
  "test_f1": 0.8212290502793297
}
[2023-05-01 14:08:16] ========== Metrics ==========
[2023-05-01 14:08:16] Train Epoch: 9 [0/20000 (0.0%)]	Loss: 0.0026599213015288115
[2023-05-01 14:08:28] Train Epoch: 9 [800/20000 (4.0%)]	Loss: 0.0008478119852952659
[2023-05-01 14:08:38] Train Epoch: 9 [1600/20000 (8.0%)]	Loss: 0.0006662431405857205
[2023-05-01 14:08:49] Train Epoch: 9 [2400/20000 (12.0%)]	Loss: 0.0006361415144056082
[2023-05-01 14:08:59] Train Epoch: 9 [3200/20000 (16.0%)]	Loss: 0.0007649988401681185
[2023-05-01 14:09:10] Train Epoch: 9 [4000/20000 (20.0%)]	Loss: 0.0006069789524190128
[2023-05-01 14:09:21] Train Epoch: 9 [4800/20000 (24.0%)]	Loss: 0.004174645058810711
[2023-05-01 14:09:31] Train Epoch: 9 [5600/20000 (28.0%)]	Loss: 0.0006843885639682412
[2023-05-01 14:09:42] Train Epoch: 9 [6400/20000 (32.0%)]	Loss: 0.0013572251191362739
[2023-05-01 14:09:52] Train Epoch: 9 [7200/20000 (36.0%)]	Loss: 0.0006480796146206558
[2023-05-01 14:10:03] Train Epoch: 9 [8000/20000 (40.0%)]	Loss: 0.0006267291028052568
[2023-05-01 14:10:13] Train Epoch: 9 [8800/20000 (44.0%)]	Loss: 0.0006342973210848868
[2023-05-01 14:10:24] Train Epoch: 9 [9600/20000 (48.0%)]	Loss: 0.000430662912549451
[2023-05-01 14:10:35] Train Epoch: 9 [10400/20000 (52.0%)]	Loss: 0.0005610343650914729
[2023-05-01 14:10:45] Train Epoch: 9 [11200/20000 (56.0%)]	Loss: 0.00032233147067017853
[2023-05-01 14:10:55] Train Epoch: 9 [12000/20000 (60.0%)]	Loss: 0.0004910065326839685
[2023-05-01 14:11:06] Train Epoch: 9 [12800/20000 (64.0%)]	Loss: 0.0007052341825328767
[2023-05-01 14:11:16] Train Epoch: 9 [13600/20000 (68.0%)]	Loss: 0.0010122561361640692
[2023-05-01 14:11:27] Train Epoch: 9 [14400/20000 (72.0%)]	Loss: 0.0012046037008985877
[2023-05-01 14:11:37] Train Epoch: 9 [15200/20000 (76.0%)]	Loss: 0.0010233125649392605
[2023-05-01 14:11:48] Train Epoch: 9 [16000/20000 (80.0%)]	Loss: 0.0009614679147489369
[2023-05-01 14:11:58] Train Epoch: 9 [16800/20000 (84.0%)]	Loss: 0.0017560621490702033
[2023-05-01 14:12:09] Train Epoch: 9 [17600/20000 (88.0%)]	Loss: 0.000865046982653439
[2023-05-01 14:12:19] Train Epoch: 9 [18400/20000 (92.0%)]	Loss: 0.0007849875255487859
[2023-05-01 14:12:30] Train Epoch: 9 [19200/20000 (96.0%)]	Loss: 0.000515105901286006
[2023-05-01 14:13:08] Stop At epoch 9/20 due to valid not increase
[2023-05-01 14:13:10] ========== Metrics ==========
[2023-05-01 14:13:10] {
  "tr_loss": 0.007104186202990975,
  "tr_acc": 0.9988998899889989,
  "tr_f1": 0.9988997799559912,
  "val_loss": 0.9300919724868233,
  "val_acc": 0.8225262035885592,
  "val_f1": 0.8222736167941648,
  "test_loss": 0.8172355994435789,
  "test_acc": 0.8319783197831978,
  "test_f1": 0.8277777777777777
}
[2023-05-01 14:13:10] ========== Metrics ==========
