[2023-05-03 10:39:23] Train Epoch: 1 [0/20000 (0.0%)]	Loss: 0.6940948367118835
[2023-05-03 10:39:46] Train Epoch: 1 [800/20000 (4.0%)]	Loss: 0.6954988241195679
[2023-05-03 10:40:08] Train Epoch: 1 [1600/20000 (8.0%)]	Loss: 0.6421094536781311
[2023-05-03 10:40:30] Train Epoch: 1 [2400/20000 (12.0%)]	Loss: 0.6987484693527222
[2023-05-03 10:40:52] Train Epoch: 1 [3200/20000 (16.0%)]	Loss: 0.4992324411869049
[2023-05-03 10:41:13] Train Epoch: 1 [4000/20000 (20.0%)]	Loss: 0.4046036899089813
[2023-05-03 10:41:35] Train Epoch: 1 [4800/20000 (24.0%)]	Loss: 0.3942149579524994
[2023-05-03 10:41:56] Train Epoch: 1 [5600/20000 (28.0%)]	Loss: 0.6285783052444458
[2023-05-03 10:42:18] Train Epoch: 1 [6400/20000 (32.0%)]	Loss: 0.7590464353561401
[2023-05-03 10:42:39] Train Epoch: 1 [7200/20000 (36.0%)]	Loss: 0.6918714046478271
[2023-05-03 10:43:01] Train Epoch: 1 [8000/20000 (40.0%)]	Loss: 0.6897802352905273
[2023-05-03 10:43:23] Train Epoch: 1 [8800/20000 (44.0%)]	Loss: 0.6945382952690125
[2023-05-03 10:43:44] Train Epoch: 1 [9600/20000 (48.0%)]	Loss: 0.6990441083908081
[2023-05-03 10:44:06] Train Epoch: 1 [10400/20000 (52.0%)]	Loss: 0.6688344478607178
[2023-05-03 10:44:27] Train Epoch: 1 [11200/20000 (56.0%)]	Loss: 0.6723175644874573
[2023-05-03 10:44:48] Train Epoch: 1 [12000/20000 (60.0%)]	Loss: 0.66512531042099
[2023-05-03 10:45:09] Train Epoch: 1 [12800/20000 (64.0%)]	Loss: 0.681093692779541
[2023-05-03 10:45:31] Train Epoch: 1 [13600/20000 (68.0%)]	Loss: 0.6853241324424744
[2023-05-03 10:45:52] Train Epoch: 1 [14400/20000 (72.0%)]	Loss: 0.7033260464668274
[2023-05-03 10:46:13] Train Epoch: 1 [15200/20000 (76.0%)]	Loss: 0.6944148540496826
[2023-05-03 10:46:35] Train Epoch: 1 [16000/20000 (80.0%)]	Loss: 0.6699685454368591
[2023-05-03 10:46:56] Train Epoch: 1 [16800/20000 (84.0%)]	Loss: 0.6861354112625122
[2023-05-03 10:47:17] Train Epoch: 1 [17600/20000 (88.0%)]	Loss: 0.6898718476295471
[2023-05-03 10:47:38] Train Epoch: 1 [18400/20000 (92.0%)]	Loss: 0.7179057002067566
[2023-05-03 10:48:00] Train Epoch: 1 [19200/20000 (96.0%)]	Loss: 0.6940116286277771
[2023-05-03 10:49:21] ========== Metrics ==========
[2023-05-03 10:49:21] {
  "tr_loss": 0.6668714252111018,
  "tr_acc": 0.5547054705470547,
  "tr_f1": 0.5239240844693932,
  "val_loss": 0.6935814098304617,
  "val_acc": 0.5004441286196483,
  "val_f1": 0.0,
  "test_loss": 0.7220401402088362,
  "test_acc": 0.4932249322493225,
  "test_f1": 0.0
}
[2023-05-03 10:49:21] ========== Metrics ==========
[2023-05-03 10:49:24] Train Epoch: 2 [0/20000 (0.0%)]	Loss: 0.6932764053344727
[2023-05-03 10:49:47] Train Epoch: 2 [800/20000 (4.0%)]	Loss: 0.690845251083374
[2023-05-03 10:50:08] Train Epoch: 2 [1600/20000 (8.0%)]	Loss: 0.6812866926193237
[2023-05-03 10:50:30] Train Epoch: 2 [2400/20000 (12.0%)]	Loss: 0.6953071355819702
[2023-05-03 10:50:52] Train Epoch: 2 [3200/20000 (16.0%)]	Loss: 0.700332760810852
[2023-05-03 10:51:13] Train Epoch: 2 [4000/20000 (20.0%)]	Loss: 0.6970454454421997
[2023-05-03 10:51:35] Train Epoch: 2 [4800/20000 (24.0%)]	Loss: 0.6969165205955505
[2023-05-03 10:51:56] Train Epoch: 2 [5600/20000 (28.0%)]	Loss: 0.686614453792572
[2023-05-03 10:52:18] Train Epoch: 2 [6400/20000 (32.0%)]	Loss: 0.6971505880355835
[2023-05-03 10:52:39] Train Epoch: 2 [7200/20000 (36.0%)]	Loss: 0.6927797794342041
[2023-05-03 10:53:00] Train Epoch: 2 [8000/20000 (40.0%)]	Loss: 0.7204197645187378
[2023-05-03 10:53:21] Train Epoch: 2 [8800/20000 (44.0%)]	Loss: 0.6637541055679321
[2023-05-03 10:53:43] Train Epoch: 2 [9600/20000 (48.0%)]	Loss: 0.7045058012008667
[2023-05-03 10:54:04] Train Epoch: 2 [10400/20000 (52.0%)]	Loss: 0.7121180891990662
[2023-05-03 10:54:25] Train Epoch: 2 [11200/20000 (56.0%)]	Loss: 0.7029717564582825
[2023-05-03 10:54:46] Train Epoch: 2 [12000/20000 (60.0%)]	Loss: 0.6873435378074646
[2023-05-03 10:55:08] Train Epoch: 2 [12800/20000 (64.0%)]	Loss: 0.6924483776092529
[2023-05-03 10:55:29] Train Epoch: 2 [13600/20000 (68.0%)]	Loss: 0.689258337020874
[2023-05-03 10:55:50] Train Epoch: 2 [14400/20000 (72.0%)]	Loss: 0.6792429089546204
[2023-05-03 10:56:11] Train Epoch: 2 [15200/20000 (76.0%)]	Loss: 0.6691166162490845
[2023-05-03 10:56:32] Train Epoch: 2 [16000/20000 (80.0%)]	Loss: 0.6746734976768494
[2023-05-03 10:56:53] Train Epoch: 2 [16800/20000 (84.0%)]	Loss: 0.6931159496307373
[2023-05-03 10:57:15] Train Epoch: 2 [17600/20000 (88.0%)]	Loss: 0.6663991212844849
[2023-05-03 10:57:36] Train Epoch: 2 [18400/20000 (92.0%)]	Loss: 0.6462803483009338
[2023-05-03 10:57:57] Train Epoch: 2 [19200/20000 (96.0%)]	Loss: 0.6716645956039429
[2023-05-03 10:59:18] ========== Metrics ==========
[2023-05-03 10:59:18] {
  "tr_loss": 0.694912881657581,
  "tr_acc": 0.5005500550055005,
  "tr_f1": 0.44288264167782243,
  "val_loss": 0.6935717560169561,
  "val_acc": 0.5004441286196483,
  "val_f1": 0.0,
  "test_loss": 0.7218977946253003,
  "test_acc": 0.4932249322493225,
  "test_f1": 0.0
}
[2023-05-03 10:59:18] ========== Metrics ==========
[2023-05-03 10:59:21] Train Epoch: 3 [0/20000 (0.0%)]	Loss: 0.6894130706787109
[2023-05-03 10:59:44] Train Epoch: 3 [800/20000 (4.0%)]	Loss: 0.697171688079834
[2023-05-03 11:00:06] Train Epoch: 3 [1600/20000 (8.0%)]	Loss: 0.6935272812843323
[2023-05-03 11:00:28] Train Epoch: 3 [2400/20000 (12.0%)]	Loss: 0.6943868398666382
[2023-05-03 11:00:49] Train Epoch: 3 [3200/20000 (16.0%)]	Loss: 0.6913321614265442
[2023-05-03 11:01:10] Train Epoch: 3 [4000/20000 (20.0%)]	Loss: 0.6917176246643066
[2023-05-03 11:01:32] Train Epoch: 3 [4800/20000 (24.0%)]	Loss: 0.6902180314064026
[2023-05-03 11:01:53] Train Epoch: 3 [5600/20000 (28.0%)]	Loss: 0.6929448843002319
[2023-05-03 11:02:14] Train Epoch: 3 [6400/20000 (32.0%)]	Loss: 0.6953017711639404
[2023-05-03 11:02:35] Train Epoch: 3 [7200/20000 (36.0%)]	Loss: 0.6943122744560242
[2023-05-03 11:02:56] Train Epoch: 3 [8000/20000 (40.0%)]	Loss: 0.7156233787536621
[2023-05-03 11:03:18] Train Epoch: 3 [8800/20000 (44.0%)]	Loss: 0.6921050548553467
[2023-05-03 11:03:39] Train Epoch: 3 [9600/20000 (48.0%)]	Loss: 0.6932622790336609
[2023-05-03 11:04:00] Train Epoch: 3 [10400/20000 (52.0%)]	Loss: 0.6985114216804504
[2023-05-03 11:04:21] Train Epoch: 3 [11200/20000 (56.0%)]	Loss: 0.6890990138053894
[2023-05-03 11:04:42] Train Epoch: 3 [12000/20000 (60.0%)]	Loss: 0.701997697353363
[2023-05-03 11:05:04] Train Epoch: 3 [12800/20000 (64.0%)]	Loss: 0.6921960711479187
[2023-05-03 11:05:25] Train Epoch: 3 [13600/20000 (68.0%)]	Loss: 0.6806151270866394
[2023-05-03 11:05:46] Train Epoch: 3 [14400/20000 (72.0%)]	Loss: 0.6737662553787231
[2023-05-03 11:06:07] Train Epoch: 3 [15200/20000 (76.0%)]	Loss: 0.6983832120895386
[2023-05-03 11:06:27] Train Epoch: 3 [16000/20000 (80.0%)]	Loss: 0.6919841766357422
[2023-05-03 11:06:49] Train Epoch: 3 [16800/20000 (84.0%)]	Loss: 0.6916123628616333
[2023-05-03 11:07:10] Train Epoch: 3 [17600/20000 (88.0%)]	Loss: 0.7135756611824036
[2023-05-03 11:07:31] Train Epoch: 3 [18400/20000 (92.0%)]	Loss: 0.692412793636322
[2023-05-03 11:07:52] Train Epoch: 3 [19200/20000 (96.0%)]	Loss: 0.6983140110969543
[2023-05-03 11:09:15] ========== Metrics ==========
[2023-05-03 11:09:15] {
  "tr_loss": 0.694853451504971,
  "tr_acc": 0.4953495349534954,
  "tr_f1": 0.45128316659417134,
  "val_loss": 0.6936328635162391,
  "val_acc": 0.5004441286196483,
  "val_f1": 0.0,
  "test_loss": 0.722341441849706,
  "test_acc": 0.4932249322493225,
  "test_f1": 0.0
}
[2023-05-03 11:09:15] ========== Metrics ==========
[2023-05-03 11:09:18] Train Epoch: 4 [0/20000 (0.0%)]	Loss: 0.6953500509262085
[2023-05-03 11:09:41] Train Epoch: 4 [800/20000 (4.0%)]	Loss: 0.6990175843238831
[2023-05-03 11:10:02] Train Epoch: 4 [1600/20000 (8.0%)]	Loss: 0.6931853890419006
[2023-05-03 11:10:24] Train Epoch: 4 [2400/20000 (12.0%)]	Loss: 0.6888266205787659
[2023-05-03 11:10:46] Train Epoch: 4 [3200/20000 (16.0%)]	Loss: 0.6933769583702087
[2023-05-03 11:11:07] Train Epoch: 4 [4000/20000 (20.0%)]	Loss: 0.7285787463188171
[2023-05-03 11:11:29] Train Epoch: 4 [4800/20000 (24.0%)]	Loss: 0.6807306408882141
[2023-05-03 11:11:50] Train Epoch: 4 [5600/20000 (28.0%)]	Loss: 0.7243897914886475
[2023-05-03 11:12:11] Train Epoch: 4 [6400/20000 (32.0%)]	Loss: 0.6748539209365845
[2023-05-03 11:12:32] Train Epoch: 4 [7200/20000 (36.0%)]	Loss: 0.686374306678772
[2023-05-03 11:12:53] Train Epoch: 4 [8000/20000 (40.0%)]	Loss: 0.7010790109634399
[2023-05-03 11:13:15] Train Epoch: 4 [8800/20000 (44.0%)]	Loss: 0.6973129510879517
[2023-05-03 11:13:36] Train Epoch: 4 [9600/20000 (48.0%)]	Loss: 0.6785974502563477
[2023-05-03 11:13:57] Train Epoch: 4 [10400/20000 (52.0%)]	Loss: 0.6994940638542175
[2023-05-03 11:14:18] Train Epoch: 4 [11200/20000 (56.0%)]	Loss: 0.6932322382926941
[2023-05-03 11:14:39] Train Epoch: 4 [12000/20000 (60.0%)]	Loss: 0.693274974822998
[2023-05-03 11:15:00] Train Epoch: 4 [12800/20000 (64.0%)]	Loss: 0.6961992979049683
[2023-05-03 11:15:21] Train Epoch: 4 [13600/20000 (68.0%)]	Loss: 0.6999499797821045
[2023-05-03 11:15:42] Train Epoch: 4 [14400/20000 (72.0%)]	Loss: 0.7305904626846313
[2023-05-03 11:16:03] Train Epoch: 4 [15200/20000 (76.0%)]	Loss: 0.7295057773590088
[2023-05-03 11:16:24] Train Epoch: 4 [16000/20000 (80.0%)]	Loss: 0.6671898365020752
[2023-05-03 11:16:45] Train Epoch: 4 [16800/20000 (84.0%)]	Loss: 0.7010090351104736
[2023-05-03 11:17:06] Train Epoch: 4 [17600/20000 (88.0%)]	Loss: 0.7029259204864502
[2023-05-03 11:17:27] Train Epoch: 4 [18400/20000 (92.0%)]	Loss: 0.6894822716712952
[2023-05-03 11:17:47] Train Epoch: 4 [19200/20000 (96.0%)]	Loss: 0.6872876882553101
[2023-05-03 11:19:13] ========== Metrics ==========
[2023-05-03 11:19:13] {
  "tr_loss": 0.6956460255362389,
  "tr_acc": 0.49844984498449846,
  "tr_f1": 0.4673959218351742,
  "val_loss": 0.6945849493355073,
  "val_acc": 0.49955587138035173,
  "val_f1": 0.6662717687477786,
  "test_loss": 0.7198510312129488,
  "test_acc": 0.5067750677506775,
  "test_f1": 0.6726618705035972
}
[2023-05-03 11:19:13] ========== Metrics ==========
[2023-05-03 11:19:15] Train Epoch: 5 [0/20000 (0.0%)]	Loss: 0.7102189064025879
[2023-05-03 11:19:38] Train Epoch: 5 [800/20000 (4.0%)]	Loss: 0.6875529289245605
[2023-05-03 11:20:00] Train Epoch: 5 [1600/20000 (8.0%)]	Loss: 0.6951199769973755
[2023-05-03 11:20:22] Train Epoch: 5 [2400/20000 (12.0%)]	Loss: 0.7106725573539734
[2023-05-03 11:20:43] Train Epoch: 5 [3200/20000 (16.0%)]	Loss: 0.6933456659317017
[2023-05-03 11:21:04] Train Epoch: 5 [4000/20000 (20.0%)]	Loss: 0.6915007829666138
[2023-05-03 11:21:26] Train Epoch: 5 [4800/20000 (24.0%)]	Loss: 0.6939831972122192
[2023-05-03 11:21:47] Train Epoch: 5 [5600/20000 (28.0%)]	Loss: 0.7071452736854553
[2023-05-03 11:22:09] Train Epoch: 5 [6400/20000 (32.0%)]	Loss: 0.7057010531425476
[2023-05-03 11:22:30] Train Epoch: 5 [7200/20000 (36.0%)]	Loss: 0.7593420743942261
[2023-05-03 11:22:52] Train Epoch: 5 [8000/20000 (40.0%)]	Loss: 0.6876653432846069
[2023-05-03 11:23:14] Train Epoch: 5 [8800/20000 (44.0%)]	Loss: 0.6901337504386902
[2023-05-03 11:23:35] Train Epoch: 5 [9600/20000 (48.0%)]	Loss: 0.703306257724762
[2023-05-03 11:23:56] Train Epoch: 5 [10400/20000 (52.0%)]	Loss: 0.7012535929679871
[2023-05-03 11:24:17] Train Epoch: 5 [11200/20000 (56.0%)]	Loss: 0.7159262299537659
[2023-05-03 11:24:38] Train Epoch: 5 [12000/20000 (60.0%)]	Loss: 0.6942490339279175
[2023-05-03 11:24:59] Train Epoch: 5 [12800/20000 (64.0%)]	Loss: 0.7002782225608826
[2023-05-03 11:25:20] Train Epoch: 5 [13600/20000 (68.0%)]	Loss: 0.6934225559234619
[2023-05-03 11:25:41] Train Epoch: 5 [14400/20000 (72.0%)]	Loss: 0.6935092806816101
[2023-05-03 11:26:02] Train Epoch: 5 [15200/20000 (76.0%)]	Loss: 0.6922336220741272
[2023-05-03 11:26:22] Train Epoch: 5 [16000/20000 (80.0%)]	Loss: 0.689920961856842
[2023-05-03 11:26:43] Train Epoch: 5 [16800/20000 (84.0%)]	Loss: 0.668438196182251
[2023-05-03 11:27:04] Train Epoch: 5 [17600/20000 (88.0%)]	Loss: 0.6879977583885193
[2023-05-03 11:27:26] Train Epoch: 5 [18400/20000 (92.0%)]	Loss: 0.6940091848373413
[2023-05-03 11:27:47] Train Epoch: 5 [19200/20000 (96.0%)]	Loss: 0.7135446071624756
[2023-05-03 11:29:12] ========== Metrics ==========
[2023-05-03 11:29:12] {
  "tr_loss": 0.6954901306399561,
  "tr_acc": 0.5043504350435043,
  "tr_f1": 0.470286447199658,
  "val_loss": 0.6936339959303679,
  "val_acc": 0.5004441286196483,
  "val_f1": 0.0,
  "test_loss": 0.7210034833044864,
  "test_acc": 0.4932249322493225,
  "test_f1": 0.0
}
[2023-05-03 11:29:12] ========== Metrics ==========
[2023-05-03 11:29:14] Train Epoch: 6 [0/20000 (0.0%)]	Loss: 0.6893201470375061
[2023-05-03 11:29:37] Train Epoch: 6 [800/20000 (4.0%)]	Loss: 0.693063497543335
[2023-05-03 11:29:59] Train Epoch: 6 [1600/20000 (8.0%)]	Loss: 0.6891966462135315
[2023-05-03 11:30:21] Train Epoch: 6 [2400/20000 (12.0%)]	Loss: 0.6934785842895508
[2023-05-03 11:30:42] Train Epoch: 6 [3200/20000 (16.0%)]	Loss: 0.7000045776367188
[2023-05-03 11:31:04] Train Epoch: 6 [4000/20000 (20.0%)]	Loss: 0.6930952072143555
[2023-05-03 11:31:25] Train Epoch: 6 [4800/20000 (24.0%)]	Loss: 0.6929881572723389
[2023-05-03 11:31:47] Train Epoch: 6 [5600/20000 (28.0%)]	Loss: 0.6941356062889099
[2023-05-03 11:32:08] Train Epoch: 6 [6400/20000 (32.0%)]	Loss: 0.6895875334739685
[2023-05-03 11:32:29] Train Epoch: 6 [7200/20000 (36.0%)]	Loss: 0.6952285766601562
[2023-05-03 11:32:51] Train Epoch: 6 [8000/20000 (40.0%)]	Loss: 0.6916765570640564
[2023-05-03 11:33:12] Train Epoch: 6 [8800/20000 (44.0%)]	Loss: 0.6815503835678101
[2023-05-03 11:33:34] Train Epoch: 6 [9600/20000 (48.0%)]	Loss: 0.6967707276344299
[2023-05-03 11:33:55] Train Epoch: 6 [10400/20000 (52.0%)]	Loss: 0.6958792209625244
[2023-05-03 11:34:16] Train Epoch: 6 [11200/20000 (56.0%)]	Loss: 0.6917635202407837
[2023-05-03 11:34:37] Train Epoch: 6 [12000/20000 (60.0%)]	Loss: 0.693236768245697
[2023-05-03 11:34:58] Train Epoch: 6 [12800/20000 (64.0%)]	Loss: 0.6966996192932129
[2023-05-03 11:35:20] Train Epoch: 6 [13600/20000 (68.0%)]	Loss: 0.6932681202888489
[2023-05-03 11:35:40] Train Epoch: 6 [14400/20000 (72.0%)]	Loss: 0.6930885910987854
[2023-05-03 11:36:02] Train Epoch: 6 [15200/20000 (76.0%)]	Loss: 0.6916379332542419
[2023-05-03 11:36:23] Train Epoch: 6 [16000/20000 (80.0%)]	Loss: 0.6971787214279175
[2023-05-03 11:36:43] Train Epoch: 6 [16800/20000 (84.0%)]	Loss: 0.6997739672660828
[2023-05-03 11:37:04] Train Epoch: 6 [17600/20000 (88.0%)]	Loss: 0.6911990642547607
[2023-05-03 11:37:25] Train Epoch: 6 [18400/20000 (92.0%)]	Loss: 0.6917364597320557
[2023-05-03 11:37:46] Train Epoch: 6 [19200/20000 (96.0%)]	Loss: 0.6948957443237305
[2023-05-03 11:39:07] ========== Metrics ==========
[2023-05-03 11:39:07] {
  "tr_loss": 0.6934052083072382,
  "tr_acc": 0.49954995499549953,
  "tr_f1": 0.2993559227107253,
  "val_loss": 0.6935267801669377,
  "val_acc": 0.5004441286196483,
  "val_f1": 0.0,
  "test_loss": 0.7217473053350681,
  "test_acc": 0.4932249322493225,
  "test_f1": 0.0
}
[2023-05-03 11:39:07] ========== Metrics ==========
[2023-05-03 11:39:09] Train Epoch: 7 [0/20000 (0.0%)]	Loss: 0.6942548751831055
[2023-05-03 11:39:32] Train Epoch: 7 [800/20000 (4.0%)]	Loss: 0.6917120814323425
[2023-05-03 11:39:54] Train Epoch: 7 [1600/20000 (8.0%)]	Loss: 0.6960372924804688
[2023-05-03 11:40:15] Train Epoch: 7 [2400/20000 (12.0%)]	Loss: 0.6884245276451111
[2023-05-03 11:40:36] Train Epoch: 7 [3200/20000 (16.0%)]	Loss: 0.6947628259658813
[2023-05-03 11:40:58] Train Epoch: 7 [4000/20000 (20.0%)]	Loss: 0.6941962242126465
[2023-05-03 11:41:20] Train Epoch: 7 [4800/20000 (24.0%)]	Loss: 0.6931285262107849
[2023-05-03 11:41:41] Train Epoch: 7 [5600/20000 (28.0%)]	Loss: 0.6929386854171753
[2023-05-03 11:42:02] Train Epoch: 7 [6400/20000 (32.0%)]	Loss: 0.6915791630744934
[2023-05-03 11:42:24] Train Epoch: 7 [7200/20000 (36.0%)]	Loss: 0.6928895711898804
[2023-05-03 11:42:45] Train Epoch: 7 [8000/20000 (40.0%)]	Loss: 0.6917388439178467
[2023-05-03 11:43:06] Train Epoch: 7 [8800/20000 (44.0%)]	Loss: 0.6920244097709656
[2023-05-03 11:43:27] Train Epoch: 7 [9600/20000 (48.0%)]	Loss: 0.702107846736908
[2023-05-03 11:43:48] Train Epoch: 7 [10400/20000 (52.0%)]	Loss: 0.6983031034469604
[2023-05-03 11:44:09] Train Epoch: 7 [11200/20000 (56.0%)]	Loss: 0.7043552398681641
[2023-05-03 11:44:30] Train Epoch: 7 [12000/20000 (60.0%)]	Loss: 0.6895123720169067
[2023-05-03 11:44:52] Train Epoch: 7 [12800/20000 (64.0%)]	Loss: 0.6916873455047607
[2023-05-03 11:45:13] Train Epoch: 7 [13600/20000 (68.0%)]	Loss: 0.6922177076339722
[2023-05-03 11:45:34] Train Epoch: 7 [14400/20000 (72.0%)]	Loss: 0.6919883489608765
[2023-05-03 11:45:54] Train Epoch: 7 [15200/20000 (76.0%)]	Loss: 0.6918473243713379
[2023-05-03 11:46:15] Train Epoch: 7 [16000/20000 (80.0%)]	Loss: 0.6932639479637146
[2023-05-03 11:46:36] Train Epoch: 7 [16800/20000 (84.0%)]	Loss: 0.6951896548271179
[2023-05-03 11:46:57] Train Epoch: 7 [17600/20000 (88.0%)]	Loss: 0.6949620246887207
[2023-05-03 11:47:18] Train Epoch: 7 [18400/20000 (92.0%)]	Loss: 0.6953912377357483
[2023-05-03 11:47:39] Train Epoch: 7 [19200/20000 (96.0%)]	Loss: 0.7038081884384155
[2023-05-03 11:48:56] Stop At epoch 7/20 due to valid not increase
[2023-05-03 11:49:02] ========== Metrics ==========
[2023-05-03 11:49:02] {
  "tr_loss": 0.6934191274790779,
  "tr_acc": 0.5,
  "tr_f1": 0.23990877993158496,
  "val_loss": 0.6935262515714736,
  "val_acc": 0.49298276780955763,
  "val_f1": 0.5399742101869761,
  "test_loss": 0.7213774916279284,
  "test_acc": 0.45528455284552843,
  "test_f1": 0.4779220779220779
}
[2023-05-03 11:49:02] ========== Metrics ==========
