[2023-05-03 10:07:01] Train Epoch: 1 [0/20000 (0.0%)]	Loss: 0.6916056275367737
[2023-05-03 10:07:10] Train Epoch: 1 [800/20000 (4.0%)]	Loss: 0.6887709498405457
[2023-05-03 10:07:18] Train Epoch: 1 [1600/20000 (8.0%)]	Loss: 0.6260023713111877
[2023-05-03 10:07:26] Train Epoch: 1 [2400/20000 (12.0%)]	Loss: 0.6086239218711853
[2023-05-03 10:07:34] Train Epoch: 1 [3200/20000 (16.0%)]	Loss: 0.4679596424102783
[2023-05-03 10:07:42] Train Epoch: 1 [4000/20000 (20.0%)]	Loss: 0.3993813991546631
[2023-05-03 10:07:50] Train Epoch: 1 [4800/20000 (24.0%)]	Loss: 0.41104793548583984
[2023-05-03 10:07:58] Train Epoch: 1 [5600/20000 (28.0%)]	Loss: 0.6693600416183472
[2023-05-03 10:08:06] Train Epoch: 1 [6400/20000 (32.0%)]	Loss: 0.3752641975879669
[2023-05-03 10:08:14] Train Epoch: 1 [7200/20000 (36.0%)]	Loss: 0.4862022399902344
[2023-05-03 10:08:21] Train Epoch: 1 [8000/20000 (40.0%)]	Loss: 0.38134482502937317
[2023-05-03 10:08:29] Train Epoch: 1 [8800/20000 (44.0%)]	Loss: 0.4554191529750824
[2023-05-03 10:08:37] Train Epoch: 1 [9600/20000 (48.0%)]	Loss: 0.3213250935077667
[2023-05-03 10:08:45] Train Epoch: 1 [10400/20000 (52.0%)]	Loss: 0.32659462094306946
[2023-05-03 10:08:53] Train Epoch: 1 [11200/20000 (56.0%)]	Loss: 0.5682671070098877
[2023-05-03 10:09:01] Train Epoch: 1 [12000/20000 (60.0%)]	Loss: 0.36478832364082336
[2023-05-03 10:09:09] Train Epoch: 1 [12800/20000 (64.0%)]	Loss: 0.9032509922981262
[2023-05-03 10:09:17] Train Epoch: 1 [13600/20000 (68.0%)]	Loss: 0.9825488924980164
[2023-05-03 10:09:25] Train Epoch: 1 [14400/20000 (72.0%)]	Loss: 0.34525078535079956
[2023-05-03 10:09:33] Train Epoch: 1 [15200/20000 (76.0%)]	Loss: 0.2655845284461975
[2023-05-03 10:09:40] Train Epoch: 1 [16000/20000 (80.0%)]	Loss: 0.22947227954864502
[2023-05-03 10:09:48] Train Epoch: 1 [16800/20000 (84.0%)]	Loss: 0.351451575756073
[2023-05-03 10:09:56] Train Epoch: 1 [17600/20000 (88.0%)]	Loss: 0.25219228863716125
[2023-05-03 10:10:04] Train Epoch: 1 [18400/20000 (92.0%)]	Loss: 0.4758581817150116
[2023-05-03 10:10:12] Train Epoch: 1 [19200/20000 (96.0%)]	Loss: 0.4266898036003113
[2023-05-03 10:10:42] ========== Metrics ==========
[2023-05-03 10:10:42] {
  "tr_loss": 0.45600234366545783,
  "tr_acc": 0.7868286828682868,
  "tr_f1": 0.7897410604192355,
  "val_loss": 0.3585799741456978,
  "val_acc": 0.8468644519452834,
  "val_f1": 0.8454643241305126,
  "test_loss": 0.4092276509861313,
  "test_acc": 0.8428184281842819,
  "test_f1": 0.8361581920903957
}
[2023-05-03 10:10:42] ========== Metrics ==========
[2023-05-03 10:10:43] Train Epoch: 2 [0/20000 (0.0%)]	Loss: 0.2635138928890228
[2023-05-03 10:10:52] Train Epoch: 2 [800/20000 (4.0%)]	Loss: 0.3750265836715698
[2023-05-03 10:11:00] Train Epoch: 2 [1600/20000 (8.0%)]	Loss: 0.47759926319122314
[2023-05-03 10:11:08] Train Epoch: 2 [2400/20000 (12.0%)]	Loss: 0.35275182127952576
[2023-05-03 10:11:16] Train Epoch: 2 [3200/20000 (16.0%)]	Loss: 0.08693418651819229
[2023-05-03 10:11:24] Train Epoch: 2 [4000/20000 (20.0%)]	Loss: 0.22458618879318237
[2023-05-03 10:11:32] Train Epoch: 2 [4800/20000 (24.0%)]	Loss: 0.4911612272262573
[2023-05-03 10:11:40] Train Epoch: 2 [5600/20000 (28.0%)]	Loss: 0.25461527705192566
[2023-05-03 10:11:48] Train Epoch: 2 [6400/20000 (32.0%)]	Loss: 0.0535941943526268
[2023-05-03 10:11:55] Train Epoch: 2 [7200/20000 (36.0%)]	Loss: 0.2360413819551468
[2023-05-03 10:12:03] Train Epoch: 2 [8000/20000 (40.0%)]	Loss: 0.07850867509841919
[2023-05-03 10:12:11] Train Epoch: 2 [8800/20000 (44.0%)]	Loss: 0.08051624149084091
[2023-05-03 10:12:19] Train Epoch: 2 [9600/20000 (48.0%)]	Loss: 0.20619086921215057
[2023-05-03 10:12:27] Train Epoch: 2 [10400/20000 (52.0%)]	Loss: 0.03260929509997368
[2023-05-03 10:12:35] Train Epoch: 2 [11200/20000 (56.0%)]	Loss: 0.3896808624267578
[2023-05-03 10:12:42] Train Epoch: 2 [12000/20000 (60.0%)]	Loss: 0.14606596529483795
[2023-05-03 10:12:50] Train Epoch: 2 [12800/20000 (64.0%)]	Loss: 0.24584323167800903
[2023-05-03 10:12:58] Train Epoch: 2 [13600/20000 (68.0%)]	Loss: 0.05520554259419441
[2023-05-03 10:13:06] Train Epoch: 2 [14400/20000 (72.0%)]	Loss: 0.14329373836517334
[2023-05-03 10:13:14] Train Epoch: 2 [15200/20000 (76.0%)]	Loss: 0.23372942209243774
[2023-05-03 10:13:22] Train Epoch: 2 [16000/20000 (80.0%)]	Loss: 0.16150470077991486
[2023-05-03 10:13:29] Train Epoch: 2 [16800/20000 (84.0%)]	Loss: 0.15694169700145721
[2023-05-03 10:13:37] Train Epoch: 2 [17600/20000 (88.0%)]	Loss: 0.4541242718696594
[2023-05-03 10:13:45] Train Epoch: 2 [18400/20000 (92.0%)]	Loss: 0.2297302484512329
[2023-05-03 10:13:53] Train Epoch: 2 [19200/20000 (96.0%)]	Loss: 0.5712743401527405
[2023-05-03 10:14:23] ========== Metrics ==========
[2023-05-03 10:14:23] {
  "tr_loss": 0.2568638817285082,
  "tr_acc": 0.8977897789778978,
  "tr_f1": 0.8978612832300619,
  "val_loss": 0.3447576537609185,
  "val_acc": 0.8548587670989518,
  "val_f1": 0.8514815488093075,
  "test_loss": 0.33339075756266834,
  "test_acc": 0.8536585365853658,
  "test_f1": 0.8457142857142856
}
[2023-05-03 10:14:23] ========== Metrics ==========
[2023-05-03 10:14:25] Train Epoch: 3 [0/20000 (0.0%)]	Loss: 0.14694742858409882
[2023-05-03 10:14:33] Train Epoch: 3 [800/20000 (4.0%)]	Loss: 0.015607203356921673
[2023-05-03 10:14:41] Train Epoch: 3 [1600/20000 (8.0%)]	Loss: 0.0847400650382042
[2023-05-03 10:14:49] Train Epoch: 3 [2400/20000 (12.0%)]	Loss: 0.30688372254371643
[2023-05-03 10:14:57] Train Epoch: 3 [3200/20000 (16.0%)]	Loss: 0.2217988669872284
[2023-05-03 10:15:05] Train Epoch: 3 [4000/20000 (20.0%)]	Loss: 0.4098416268825531
[2023-05-03 10:15:13] Train Epoch: 3 [4800/20000 (24.0%)]	Loss: 0.06237376481294632
[2023-05-03 10:15:21] Train Epoch: 3 [5600/20000 (28.0%)]	Loss: 0.2038920521736145
[2023-05-03 10:15:28] Train Epoch: 3 [6400/20000 (32.0%)]	Loss: 0.2011149525642395
[2023-05-03 10:15:36] Train Epoch: 3 [7200/20000 (36.0%)]	Loss: 0.15673699975013733
[2023-05-03 10:15:44] Train Epoch: 3 [8000/20000 (40.0%)]	Loss: 0.07900525629520416
[2023-05-03 10:15:52] Train Epoch: 3 [8800/20000 (44.0%)]	Loss: 0.4035740792751312
[2023-05-03 10:16:00] Train Epoch: 3 [9600/20000 (48.0%)]	Loss: 0.1364573836326599
[2023-05-03 10:16:08] Train Epoch: 3 [10400/20000 (52.0%)]	Loss: 0.13038712739944458
[2023-05-03 10:16:16] Train Epoch: 3 [11200/20000 (56.0%)]	Loss: 0.16647960245609283
[2023-05-03 10:16:24] Train Epoch: 3 [12000/20000 (60.0%)]	Loss: 0.013971221633255482
[2023-05-03 10:16:32] Train Epoch: 3 [12800/20000 (64.0%)]	Loss: 0.02437612973153591
[2023-05-03 10:16:39] Train Epoch: 3 [13600/20000 (68.0%)]	Loss: 0.012245915830135345
[2023-05-03 10:16:47] Train Epoch: 3 [14400/20000 (72.0%)]	Loss: 0.04611389711499214
[2023-05-03 10:16:55] Train Epoch: 3 [15200/20000 (76.0%)]	Loss: 0.027522092685103416
[2023-05-03 10:17:03] Train Epoch: 3 [16000/20000 (80.0%)]	Loss: 0.05922514200210571
[2023-05-03 10:17:11] Train Epoch: 3 [16800/20000 (84.0%)]	Loss: 0.021113649010658264
[2023-05-03 10:17:18] Train Epoch: 3 [17600/20000 (88.0%)]	Loss: 0.19166181981563568
[2023-05-03 10:17:26] Train Epoch: 3 [18400/20000 (92.0%)]	Loss: 0.3783806562423706
[2023-05-03 10:17:34] Train Epoch: 3 [19200/20000 (96.0%)]	Loss: 0.10327638685703278
[2023-05-03 10:18:04] ========== Metrics ==========
[2023-05-03 10:18:04] {
  "tr_loss": 0.12772117780823478,
  "tr_acc": 0.9542954295429543,
  "tr_f1": 0.954281712685074,
  "val_loss": 0.4538265669254792,
  "val_acc": 0.843666725883816,
  "val_f1": 0.8478035281909374,
  "test_loss": 0.4104628460759393,
  "test_acc": 0.8482384823848238,
  "test_f1": 0.851063829787234
}
[2023-05-03 10:18:04] ========== Metrics ==========
[2023-05-03 10:18:06] Train Epoch: 4 [0/20000 (0.0%)]	Loss: 0.049237921833992004
[2023-05-03 10:18:14] Train Epoch: 4 [800/20000 (4.0%)]	Loss: 0.002030113246291876
[2023-05-03 10:18:22] Train Epoch: 4 [1600/20000 (8.0%)]	Loss: 0.00199691578745842
[2023-05-03 10:18:30] Train Epoch: 4 [2400/20000 (12.0%)]	Loss: 0.0037797032855451107
[2023-05-03 10:18:38] Train Epoch: 4 [3200/20000 (16.0%)]	Loss: 0.017067529261112213
[2023-05-03 10:18:46] Train Epoch: 4 [4000/20000 (20.0%)]	Loss: 0.06046243757009506
[2023-05-03 10:18:54] Train Epoch: 4 [4800/20000 (24.0%)]	Loss: 0.014707464724779129
[2023-05-03 10:19:01] Train Epoch: 4 [5600/20000 (28.0%)]	Loss: 0.33526456356048584
[2023-05-03 10:19:09] Train Epoch: 4 [6400/20000 (32.0%)]	Loss: 0.1559164971113205
[2023-05-03 10:19:17] Train Epoch: 4 [7200/20000 (36.0%)]	Loss: 0.014545061625540257
[2023-05-03 10:19:25] Train Epoch: 4 [8000/20000 (40.0%)]	Loss: 0.012819958850741386
[2023-05-03 10:19:33] Train Epoch: 4 [8800/20000 (44.0%)]	Loss: 0.01074906438589096
[2023-05-03 10:19:41] Train Epoch: 4 [9600/20000 (48.0%)]	Loss: 0.41762956976890564
[2023-05-03 10:19:49] Train Epoch: 4 [10400/20000 (52.0%)]	Loss: 0.06615640968084335
[2023-05-03 10:19:57] Train Epoch: 4 [11200/20000 (56.0%)]	Loss: 0.038325585424900055
[2023-05-03 10:20:05] Train Epoch: 4 [12000/20000 (60.0%)]	Loss: 0.04961467161774635
[2023-05-03 10:20:12] Train Epoch: 4 [12800/20000 (64.0%)]	Loss: 0.03243332728743553
[2023-05-03 10:20:20] Train Epoch: 4 [13600/20000 (68.0%)]	Loss: 0.01092592254281044
[2023-05-03 10:20:28] Train Epoch: 4 [14400/20000 (72.0%)]	Loss: 0.013819095678627491
[2023-05-03 10:20:36] Train Epoch: 4 [15200/20000 (76.0%)]	Loss: 0.0016178559744730592
[2023-05-03 10:20:44] Train Epoch: 4 [16000/20000 (80.0%)]	Loss: 0.0023172912187874317
[2023-05-03 10:20:52] Train Epoch: 4 [16800/20000 (84.0%)]	Loss: 0.2664933502674103
[2023-05-03 10:21:00] Train Epoch: 4 [17600/20000 (88.0%)]	Loss: 0.06269203126430511
[2023-05-03 10:21:07] Train Epoch: 4 [18400/20000 (92.0%)]	Loss: 0.04760473966598511
[2023-05-03 10:21:15] Train Epoch: 4 [19200/20000 (96.0%)]	Loss: 0.00708894245326519
[2023-05-03 10:21:46] ========== Metrics ==========
[2023-05-03 10:21:46] {
  "tr_loss": 0.04927868728909633,
  "tr_acc": 0.985048504850485,
  "tr_f1": 0.985059711187728,
  "val_loss": 0.5721248810706161,
  "val_acc": 0.8271451412329011,
  "val_f1": 0.835280176062299,
  "test_loss": 0.5223048153285411,
  "test_acc": 0.8346883468834688,
  "test_f1": 0.8390501319261214
}
[2023-05-03 10:21:46] ========== Metrics ==========
[2023-05-03 10:21:47] Train Epoch: 5 [0/20000 (0.0%)]	Loss: 0.015898102894425392
[2023-05-03 10:21:56] Train Epoch: 5 [800/20000 (4.0%)]	Loss: 0.003310629865154624
[2023-05-03 10:22:04] Train Epoch: 5 [1600/20000 (8.0%)]	Loss: 0.00010377081343904138
[2023-05-03 10:22:12] Train Epoch: 5 [2400/20000 (12.0%)]	Loss: 0.0004943498643115163
[2023-05-03 10:22:20] Train Epoch: 5 [3200/20000 (16.0%)]	Loss: 9.084108023671433e-05
[2023-05-03 10:22:28] Train Epoch: 5 [4000/20000 (20.0%)]	Loss: 7.133554754545912e-05
[2023-05-03 10:22:36] Train Epoch: 5 [4800/20000 (24.0%)]	Loss: 0.0047547281719744205
[2023-05-03 10:22:44] Train Epoch: 5 [5600/20000 (28.0%)]	Loss: 0.0027515206020325422
[2023-05-03 10:22:51] Train Epoch: 5 [6400/20000 (32.0%)]	Loss: 0.0006054980913177133
[2023-05-03 10:22:59] Train Epoch: 5 [7200/20000 (36.0%)]	Loss: 0.008485277183353901
[2023-05-03 10:23:07] Train Epoch: 5 [8000/20000 (40.0%)]	Loss: 0.0012961288448423147
[2023-05-03 10:23:15] Train Epoch: 5 [8800/20000 (44.0%)]	Loss: 0.00010237522656098008
[2023-05-03 10:23:23] Train Epoch: 5 [9600/20000 (48.0%)]	Loss: 0.000653191702440381
[2023-05-03 10:23:31] Train Epoch: 5 [10400/20000 (52.0%)]	Loss: 0.00016031792620196939
[2023-05-03 10:23:39] Train Epoch: 5 [11200/20000 (56.0%)]	Loss: 0.018655948340892792
[2023-05-03 10:23:46] Train Epoch: 5 [12000/20000 (60.0%)]	Loss: 0.004013903439044952
[2023-05-03 10:23:54] Train Epoch: 5 [12800/20000 (64.0%)]	Loss: 0.0016590628074482083
[2023-05-03 10:24:02] Train Epoch: 5 [13600/20000 (68.0%)]	Loss: 0.0020482426043599844
[2023-05-03 10:24:10] Train Epoch: 5 [14400/20000 (72.0%)]	Loss: 0.0022137847263365984
[2023-05-03 10:24:18] Train Epoch: 5 [15200/20000 (76.0%)]	Loss: 0.00028706411831080914
[2023-05-03 10:24:26] Train Epoch: 5 [16000/20000 (80.0%)]	Loss: 0.0018650027923285961
[2023-05-03 10:24:34] Train Epoch: 5 [16800/20000 (84.0%)]	Loss: 7.807613292243332e-05
[2023-05-03 10:24:41] Train Epoch: 5 [17600/20000 (88.0%)]	Loss: 0.0014993996592238545
[2023-05-03 10:24:49] Train Epoch: 5 [18400/20000 (92.0%)]	Loss: 0.001057785819284618
[2023-05-03 10:24:57] Train Epoch: 5 [19200/20000 (96.0%)]	Loss: 0.0017956463852897286
[2023-05-03 10:25:27] ========== Metrics ==========
[2023-05-03 10:25:27] {
  "tr_loss": 0.019746281733767284,
  "tr_acc": 0.9943994399439944,
  "tr_f1": 0.9943994399439944,
  "val_loss": 0.8509241410299969,
  "val_acc": 0.8257239296500266,
  "val_f1": 0.8226360513469535,
  "test_loss": 0.7447801650701177,
  "test_acc": 0.8319783197831978,
  "test_f1": 0.8258426966292135
}
[2023-05-03 10:25:27] ========== Metrics ==========
[2023-05-03 10:25:29] Train Epoch: 6 [0/20000 (0.0%)]	Loss: 0.00046441366430372
[2023-05-03 10:25:37] Train Epoch: 6 [800/20000 (4.0%)]	Loss: 0.0025364633183926344
[2023-05-03 10:25:45] Train Epoch: 6 [1600/20000 (8.0%)]	Loss: 0.0003601351927500218
[2023-05-03 10:25:53] Train Epoch: 6 [2400/20000 (12.0%)]	Loss: 0.0008828949648886919
[2023-05-03 10:26:01] Train Epoch: 6 [3200/20000 (16.0%)]	Loss: 0.0037711590994149446
[2023-05-03 10:26:09] Train Epoch: 6 [4000/20000 (20.0%)]	Loss: 0.00024237307661678642
[2023-05-03 10:26:17] Train Epoch: 6 [4800/20000 (24.0%)]	Loss: 0.0020072883926331997
[2023-05-03 10:26:25] Train Epoch: 6 [5600/20000 (28.0%)]	Loss: 0.002094120252877474
[2023-05-03 10:26:33] Train Epoch: 6 [6400/20000 (32.0%)]	Loss: 0.00027348933508619666
[2023-05-03 10:26:41] Train Epoch: 6 [7200/20000 (36.0%)]	Loss: 0.00040961577906273305
[2023-05-03 10:26:49] Train Epoch: 6 [8000/20000 (40.0%)]	Loss: 9.322825644630939e-05
[2023-05-03 10:26:57] Train Epoch: 6 [8800/20000 (44.0%)]	Loss: 0.0003318056114949286
[2023-05-03 10:27:05] Train Epoch: 6 [9600/20000 (48.0%)]	Loss: 0.00022341312433127314
[2023-05-03 10:27:13] Train Epoch: 6 [10400/20000 (52.0%)]	Loss: 0.00016774974938016385
[2023-05-03 10:27:21] Train Epoch: 6 [11200/20000 (56.0%)]	Loss: 0.00034993450390174985
[2023-05-03 10:27:29] Train Epoch: 6 [12000/20000 (60.0%)]	Loss: 0.0001675149251241237
[2023-05-03 10:27:37] Train Epoch: 6 [12800/20000 (64.0%)]	Loss: 0.0003008420462720096
[2023-05-03 10:27:45] Train Epoch: 6 [13600/20000 (68.0%)]	Loss: 0.0005464917048811913
[2023-05-03 10:27:52] Train Epoch: 6 [14400/20000 (72.0%)]	Loss: 0.001280186465010047
[2023-05-03 10:28:00] Train Epoch: 6 [15200/20000 (76.0%)]	Loss: 0.0002580580476205796
[2023-05-03 10:28:08] Train Epoch: 6 [16000/20000 (80.0%)]	Loss: 0.0003154845617245883
[2023-05-03 10:28:16] Train Epoch: 6 [16800/20000 (84.0%)]	Loss: 0.00783584639430046
[2023-05-03 10:28:23] Train Epoch: 6 [17600/20000 (88.0%)]	Loss: 0.0012425386812537909
[2023-05-03 10:28:31] Train Epoch: 6 [18400/20000 (92.0%)]	Loss: 5.672602856066078e-05
[2023-05-03 10:28:39] Train Epoch: 6 [19200/20000 (96.0%)]	Loss: 0.0008616948034614325
[2023-05-03 10:29:09] ========== Metrics ==========
[2023-05-03 10:29:09] {
  "tr_loss": 0.0046207574416003054,
  "tr_acc": 0.9990499049904991,
  "tr_f1": 0.9990497624406103,
  "val_loss": 0.9295651274393244,
  "val_acc": 0.8310534730858057,
  "val_f1": 0.8341182626896912,
  "test_loss": 0.805846676344953,
  "test_acc": 0.8319783197831978,
  "test_f1": 0.8306010928961748
}
[2023-05-03 10:29:09] ========== Metrics ==========
[2023-05-03 10:29:10] Train Epoch: 7 [0/20000 (0.0%)]	Loss: 5.933963620918803e-05
[2023-05-03 10:29:19] Train Epoch: 7 [800/20000 (4.0%)]	Loss: 0.000435248832218349
[2023-05-03 10:29:27] Train Epoch: 7 [1600/20000 (8.0%)]	Loss: 0.00021868576004635543
[2023-05-03 10:29:35] Train Epoch: 7 [2400/20000 (12.0%)]	Loss: 0.00012814220099244267
[2023-05-03 10:29:43] Train Epoch: 7 [3200/20000 (16.0%)]	Loss: 0.00014519099204335362
[2023-05-03 10:29:51] Train Epoch: 7 [4000/20000 (20.0%)]	Loss: 0.00023197215341497213
[2023-05-03 10:29:59] Train Epoch: 7 [4800/20000 (24.0%)]	Loss: 8.190932567231357e-05
[2023-05-03 10:30:07] Train Epoch: 7 [5600/20000 (28.0%)]	Loss: 0.00031017939909361303
[2023-05-03 10:30:15] Train Epoch: 7 [6400/20000 (32.0%)]	Loss: 0.0002959349367301911
[2023-05-03 10:30:23] Train Epoch: 7 [7200/20000 (36.0%)]	Loss: 0.0002319998893653974
[2023-05-03 10:30:31] Train Epoch: 7 [8000/20000 (40.0%)]	Loss: 9.490913362242281e-05
[2023-05-03 10:30:39] Train Epoch: 7 [8800/20000 (44.0%)]	Loss: 0.0001693905214779079
[2023-05-03 10:30:47] Train Epoch: 7 [9600/20000 (48.0%)]	Loss: 0.0009880663128569722
[2023-05-03 10:30:55] Train Epoch: 7 [10400/20000 (52.0%)]	Loss: 0.0002450995962135494
[2023-05-03 10:31:03] Train Epoch: 7 [11200/20000 (56.0%)]	Loss: 0.0008516155648976564
[2023-05-03 10:31:11] Train Epoch: 7 [12000/20000 (60.0%)]	Loss: 0.0017274859128519893
[2023-05-03 10:31:19] Train Epoch: 7 [12800/20000 (64.0%)]	Loss: 0.00017832664889283478
[2023-05-03 10:31:27] Train Epoch: 7 [13600/20000 (68.0%)]	Loss: 5.6059630878735334e-05
[2023-05-03 10:31:35] Train Epoch: 7 [14400/20000 (72.0%)]	Loss: 4.176499351160601e-05
[2023-05-03 10:31:42] Train Epoch: 7 [15200/20000 (76.0%)]	Loss: 0.00018582270422484726
[2023-05-03 10:31:50] Train Epoch: 7 [16000/20000 (80.0%)]	Loss: 0.00015143625205382705
[2023-05-03 10:31:58] Train Epoch: 7 [16800/20000 (84.0%)]	Loss: 0.0002511257480364293
[2023-05-03 10:32:06] Train Epoch: 7 [17600/20000 (88.0%)]	Loss: 7.113437459338456e-05
[2023-05-03 10:32:14] Train Epoch: 7 [18400/20000 (92.0%)]	Loss: 3.04862351185875e-05
[2023-05-03 10:32:22] Train Epoch: 7 [19200/20000 (96.0%)]	Loss: 0.00010383498738519847
[2023-05-03 10:32:53] ========== Metrics ==========
[2023-05-03 10:32:53] {
  "tr_loss": 0.0028170957689263097,
  "tr_acc": 0.9995499549954996,
  "tr_f1": 0.999550022498875,
  "val_loss": 1.0024987849427311,
  "val_acc": 0.8273227926807604,
  "val_f1": 0.8284504059301094,
  "test_loss": 0.8976606726646423,
  "test_acc": 0.8346883468834688,
  "test_f1": 0.8319559228650136
}
[2023-05-03 10:32:53] ========== Metrics ==========
[2023-05-03 10:32:54] Train Epoch: 8 [0/20000 (0.0%)]	Loss: 0.05458904802799225
[2023-05-03 10:33:02] Train Epoch: 8 [800/20000 (4.0%)]	Loss: 0.0035748674999922514
[2023-05-03 10:33:10] Train Epoch: 8 [1600/20000 (8.0%)]	Loss: 0.00019254445214755833
[2023-05-03 10:33:18] Train Epoch: 8 [2400/20000 (12.0%)]	Loss: 0.0001545217091916129
[2023-05-03 10:33:26] Train Epoch: 8 [3200/20000 (16.0%)]	Loss: 9.221104846801609e-05
[2023-05-03 10:33:35] Train Epoch: 8 [4000/20000 (20.0%)]	Loss: 0.00010305552132194862
[2023-05-03 10:33:42] Train Epoch: 8 [4800/20000 (24.0%)]	Loss: 0.0005479312385432422
[2023-05-03 10:33:50] Train Epoch: 8 [5600/20000 (28.0%)]	Loss: 9.050342487171292e-05
[2023-05-03 10:33:58] Train Epoch: 8 [6400/20000 (32.0%)]	Loss: 0.00010176225623581558
[2023-05-03 10:34:06] Train Epoch: 8 [7200/20000 (36.0%)]	Loss: 0.00011459762754384428
[2023-05-03 10:34:14] Train Epoch: 8 [8000/20000 (40.0%)]	Loss: 2.407224747003056e-05
[2023-05-03 10:34:22] Train Epoch: 8 [8800/20000 (44.0%)]	Loss: 0.0010376094141975045
[2023-05-03 10:34:30] Train Epoch: 8 [9600/20000 (48.0%)]	Loss: 0.00030036232783459127
[2023-05-03 10:34:38] Train Epoch: 8 [10400/20000 (52.0%)]	Loss: 5.4729160183342174e-05
[2023-05-03 10:34:46] Train Epoch: 8 [11200/20000 (56.0%)]	Loss: 7.41308176657185e-05
[2023-05-03 10:34:54] Train Epoch: 8 [12000/20000 (60.0%)]	Loss: 0.00022939435439184308
[2023-05-03 10:35:01] Train Epoch: 8 [12800/20000 (64.0%)]	Loss: 0.007979603484272957
[2023-05-03 10:35:09] Train Epoch: 8 [13600/20000 (68.0%)]	Loss: 0.000609733397141099
[2023-05-03 10:35:17] Train Epoch: 8 [14400/20000 (72.0%)]	Loss: 3.5835953895002604e-05
[2023-05-03 10:35:25] Train Epoch: 8 [15200/20000 (76.0%)]	Loss: 3.2297179132001474e-05
[2023-05-03 10:35:33] Train Epoch: 8 [16000/20000 (80.0%)]	Loss: 2.7997439246973954e-05
[2023-05-03 10:35:41] Train Epoch: 8 [16800/20000 (84.0%)]	Loss: 3.1141295039560646e-05
[2023-05-03 10:35:48] Train Epoch: 8 [17600/20000 (88.0%)]	Loss: 0.00018749965238384902
[2023-05-03 10:35:56] Train Epoch: 8 [18400/20000 (92.0%)]	Loss: 4.826009171665646e-05
[2023-05-03 10:36:04] Train Epoch: 8 [19200/20000 (96.0%)]	Loss: 6.130222755018622e-05
[2023-05-03 10:36:31] Stop At epoch 8/20 due to valid not increase
[2023-05-03 10:36:34] ========== Metrics ==========
[2023-05-03 10:36:34] {
  "tr_loss": 0.0019297508613139802,
  "tr_acc": 0.9995999599959996,
  "tr_f1": 0.9996000000000002,
  "val_loss": 1.0613225769151653,
  "val_acc": 0.8266121868893231,
  "val_f1": 0.8278052223006352,
  "test_loss": 1.3424135417473027,
  "test_acc": 0.8319783197831978,
  "test_f1": 0.8296703296703298
}
[2023-05-03 10:36:34] ========== Metrics ==========
