[2023-05-01 15:11:51] Train Epoch: 1 [0/20000 (0.0%)]	Loss: 0.689703643321991
[2023-05-01 15:11:56] Train Epoch: 1 [800/20000 (4.0%)]	Loss: 0.6789586544036865
[2023-05-01 15:12:02] Train Epoch: 1 [1600/20000 (8.0%)]	Loss: 0.6816852688789368
[2023-05-01 15:12:08] Train Epoch: 1 [2400/20000 (12.0%)]	Loss: 0.5999440550804138
[2023-05-01 15:12:14] Train Epoch: 1 [3200/20000 (16.0%)]	Loss: 0.5712046027183533
[2023-05-01 15:12:19] Train Epoch: 1 [4000/20000 (20.0%)]	Loss: 0.4437016248703003
[2023-05-01 15:12:25] Train Epoch: 1 [4800/20000 (24.0%)]	Loss: 0.4945266842842102
[2023-05-01 15:12:30] Train Epoch: 1 [5600/20000 (28.0%)]	Loss: 0.4422360062599182
[2023-05-01 15:12:36] Train Epoch: 1 [6400/20000 (32.0%)]	Loss: 0.685582160949707
[2023-05-01 15:12:41] Train Epoch: 1 [7200/20000 (36.0%)]	Loss: 0.5630616545677185
[2023-05-01 15:12:47] Train Epoch: 1 [8000/20000 (40.0%)]	Loss: 0.43118903040885925
[2023-05-01 15:12:52] Train Epoch: 1 [8800/20000 (44.0%)]	Loss: 0.3536101281642914
[2023-05-01 15:12:58] Train Epoch: 1 [9600/20000 (48.0%)]	Loss: 0.6424033045768738
[2023-05-01 15:13:03] Train Epoch: 1 [10400/20000 (52.0%)]	Loss: 0.6239277124404907
[2023-05-01 15:13:08] Train Epoch: 1 [11200/20000 (56.0%)]	Loss: 0.2808738648891449
[2023-05-01 15:13:14] Train Epoch: 1 [12000/20000 (60.0%)]	Loss: 0.47028833627700806
[2023-05-01 15:13:19] Train Epoch: 1 [12800/20000 (64.0%)]	Loss: 0.26924601197242737
[2023-05-01 15:13:25] Train Epoch: 1 [13600/20000 (68.0%)]	Loss: 0.2258927822113037
[2023-05-01 15:13:30] Train Epoch: 1 [14400/20000 (72.0%)]	Loss: 0.3877784013748169
[2023-05-01 15:13:36] Train Epoch: 1 [15200/20000 (76.0%)]	Loss: 0.7278175354003906
[2023-05-01 15:13:41] Train Epoch: 1 [16000/20000 (80.0%)]	Loss: 0.2326469123363495
[2023-05-01 15:13:46] Train Epoch: 1 [16800/20000 (84.0%)]	Loss: 0.32944273948669434
[2023-05-01 15:13:51] Train Epoch: 1 [17600/20000 (88.0%)]	Loss: 0.22558236122131348
[2023-05-01 15:13:57] Train Epoch: 1 [18400/20000 (92.0%)]	Loss: 0.44726353883743286
[2023-05-01 15:14:02] Train Epoch: 1 [19200/20000 (96.0%)]	Loss: 0.37740927934646606
[2023-05-01 15:14:24] ========== Metrics ==========
[2023-05-01 15:14:24] {
  "tr_loss": 0.45745355616880545,
  "tr_acc": 0.7846284628462846,
  "tr_f1": 0.7850691152253105,
  "val_loss": 0.36324618854453244,
  "val_acc": 0.8420678628530822,
  "val_f1": 0.8396175356305251,
  "test_loss": 0.3437397465473268,
  "test_acc": 0.8373983739837398,
  "test_f1": 0.8275862068965517
}
[2023-05-01 15:14:24] ========== Metrics ==========
[2023-05-01 15:14:25] Train Epoch: 2 [0/20000 (0.0%)]	Loss: 0.17774227261543274
[2023-05-01 15:14:31] Train Epoch: 2 [800/20000 (4.0%)]	Loss: 0.24427105486392975
[2023-05-01 15:14:37] Train Epoch: 2 [1600/20000 (8.0%)]	Loss: 0.5475687384605408
[2023-05-01 15:14:43] Train Epoch: 2 [2400/20000 (12.0%)]	Loss: 0.36506879329681396
[2023-05-01 15:14:48] Train Epoch: 2 [3200/20000 (16.0%)]	Loss: 0.18869800865650177
[2023-05-01 15:14:54] Train Epoch: 2 [4000/20000 (20.0%)]	Loss: 0.5063976645469666
[2023-05-01 15:15:00] Train Epoch: 2 [4800/20000 (24.0%)]	Loss: 0.09803631156682968
[2023-05-01 15:15:05] Train Epoch: 2 [5600/20000 (28.0%)]	Loss: 0.36112603545188904
[2023-05-01 15:15:11] Train Epoch: 2 [6400/20000 (32.0%)]	Loss: 0.184326633810997
[2023-05-01 15:15:17] Train Epoch: 2 [7200/20000 (36.0%)]	Loss: 0.3972386419773102
[2023-05-01 15:15:22] Train Epoch: 2 [8000/20000 (40.0%)]	Loss: 0.41241031885147095
[2023-05-01 15:15:28] Train Epoch: 2 [8800/20000 (44.0%)]	Loss: 0.21475359797477722
[2023-05-01 15:15:33] Train Epoch: 2 [9600/20000 (48.0%)]	Loss: 0.4375224709510803
[2023-05-01 15:15:39] Train Epoch: 2 [10400/20000 (52.0%)]	Loss: 0.17037808895111084
[2023-05-01 15:15:44] Train Epoch: 2 [11200/20000 (56.0%)]	Loss: 0.13297103345394135
[2023-05-01 15:15:50] Train Epoch: 2 [12000/20000 (60.0%)]	Loss: 0.07258518040180206
[2023-05-01 15:15:55] Train Epoch: 2 [12800/20000 (64.0%)]	Loss: 0.12432752549648285
[2023-05-01 15:16:01] Train Epoch: 2 [13600/20000 (68.0%)]	Loss: 0.20775148272514343
[2023-05-01 15:16:06] Train Epoch: 2 [14400/20000 (72.0%)]	Loss: 0.18666107952594757
[2023-05-01 15:16:12] Train Epoch: 2 [15200/20000 (76.0%)]	Loss: 0.09565402567386627
[2023-05-01 15:16:17] Train Epoch: 2 [16000/20000 (80.0%)]	Loss: 0.22760231792926788
[2023-05-01 15:16:23] Train Epoch: 2 [16800/20000 (84.0%)]	Loss: 0.36159104108810425
[2023-05-01 15:16:28] Train Epoch: 2 [17600/20000 (88.0%)]	Loss: 0.2830122113227844
[2023-05-01 15:16:33] Train Epoch: 2 [18400/20000 (92.0%)]	Loss: 0.29516610503196716
[2023-05-01 15:16:39] Train Epoch: 2 [19200/20000 (96.0%)]	Loss: 0.20109093189239502
[2023-05-01 15:17:01] ========== Metrics ==========
[2023-05-01 15:17:01] {
  "tr_loss": 0.2577173805574212,
  "tr_acc": 0.8988398839883989,
  "tr_f1": 0.8986422165439151,
  "val_loss": 0.3493674640800373,
  "val_acc": 0.8536152069639368,
  "val_f1": 0.8577348066298343,
  "test_loss": 0.31247548714562806,
  "test_acc": 0.8672086720867209,
  "test_f1": 0.8672086720867209
}
[2023-05-01 15:17:01] ========== Metrics ==========
[2023-05-01 15:17:03] Train Epoch: 3 [0/20000 (0.0%)]	Loss: 0.16964106261730194
[2023-05-01 15:17:09] Train Epoch: 3 [800/20000 (4.0%)]	Loss: 0.11201456934213638
[2023-05-01 15:17:15] Train Epoch: 3 [1600/20000 (8.0%)]	Loss: 0.04320041835308075
[2023-05-01 15:17:20] Train Epoch: 3 [2400/20000 (12.0%)]	Loss: 0.26218149065971375
[2023-05-01 15:17:26] Train Epoch: 3 [3200/20000 (16.0%)]	Loss: 0.06335153430700302
[2023-05-01 15:17:32] Train Epoch: 3 [4000/20000 (20.0%)]	Loss: 0.04511274769902229
[2023-05-01 15:17:38] Train Epoch: 3 [4800/20000 (24.0%)]	Loss: 0.05631861463189125
[2023-05-01 15:17:43] Train Epoch: 3 [5600/20000 (28.0%)]	Loss: 0.11368883401155472
[2023-05-01 15:17:48] Train Epoch: 3 [6400/20000 (32.0%)]	Loss: 0.05197404697537422
[2023-05-01 15:17:54] Train Epoch: 3 [7200/20000 (36.0%)]	Loss: 0.05694238096475601
[2023-05-01 15:17:59] Train Epoch: 3 [8000/20000 (40.0%)]	Loss: 0.09457358717918396
[2023-05-01 15:18:05] Train Epoch: 3 [8800/20000 (44.0%)]	Loss: 0.6161526441574097
[2023-05-01 15:18:10] Train Epoch: 3 [9600/20000 (48.0%)]	Loss: 0.17422722280025482
[2023-05-01 15:18:16] Train Epoch: 3 [10400/20000 (52.0%)]	Loss: 0.11485186219215393
[2023-05-01 15:18:21] Train Epoch: 3 [11200/20000 (56.0%)]	Loss: 0.20011495053768158
[2023-05-01 15:18:27] Train Epoch: 3 [12000/20000 (60.0%)]	Loss: 0.015950629487633705
[2023-05-01 15:18:32] Train Epoch: 3 [12800/20000 (64.0%)]	Loss: 0.19912511110305786
[2023-05-01 15:18:38] Train Epoch: 3 [13600/20000 (68.0%)]	Loss: 0.11536668241024017
[2023-05-01 15:18:43] Train Epoch: 3 [14400/20000 (72.0%)]	Loss: 0.0569506473839283
[2023-05-01 15:18:48] Train Epoch: 3 [15200/20000 (76.0%)]	Loss: 0.03124162368476391
[2023-05-01 15:18:54] Train Epoch: 3 [16000/20000 (80.0%)]	Loss: 0.013295583426952362
[2023-05-01 15:18:59] Train Epoch: 3 [16800/20000 (84.0%)]	Loss: 0.04802544414997101
[2023-05-01 15:19:04] Train Epoch: 3 [17600/20000 (88.0%)]	Loss: 0.4575708508491516
[2023-05-01 15:19:10] Train Epoch: 3 [18400/20000 (92.0%)]	Loss: 0.1144285574555397
[2023-05-01 15:19:15] Train Epoch: 3 [19200/20000 (96.0%)]	Loss: 0.05022810772061348
[2023-05-01 15:19:38] ========== Metrics ==========
[2023-05-01 15:19:38] {
  "tr_loss": 0.12687885790693723,
  "tr_acc": 0.9556955695569557,
  "tr_f1": 0.9556600940846762,
  "val_loss": 0.41832543119356674,
  "val_acc": 0.836560667969444,
  "val_f1": 0.8436969079170915,
  "test_loss": 0.35923634787963393,
  "test_acc": 0.8617886178861789,
  "test_f1": 0.8647214854111406
}
[2023-05-01 15:19:38] ========== Metrics ==========
[2023-05-01 15:19:39] Train Epoch: 4 [0/20000 (0.0%)]	Loss: 0.0908922478556633
[2023-05-01 15:19:45] Train Epoch: 4 [800/20000 (4.0%)]	Loss: 0.0014372331788763404
[2023-05-01 15:19:51] Train Epoch: 4 [1600/20000 (8.0%)]	Loss: 0.0008988329209387302
[2023-05-01 15:19:57] Train Epoch: 4 [2400/20000 (12.0%)]	Loss: 0.007431345991790295
[2023-05-01 15:20:02] Train Epoch: 4 [3200/20000 (16.0%)]	Loss: 0.016646763309836388
[2023-05-01 15:20:08] Train Epoch: 4 [4000/20000 (20.0%)]	Loss: 0.005735231097787619
[2023-05-01 15:20:14] Train Epoch: 4 [4800/20000 (24.0%)]	Loss: 0.014654712751507759
[2023-05-01 15:20:19] Train Epoch: 4 [5600/20000 (28.0%)]	Loss: 0.012449383735656738
[2023-05-01 15:20:25] Train Epoch: 4 [6400/20000 (32.0%)]	Loss: 0.04697823151946068
[2023-05-01 15:20:30] Train Epoch: 4 [7200/20000 (36.0%)]	Loss: 0.004249755293130875
[2023-05-01 15:20:35] Train Epoch: 4 [8000/20000 (40.0%)]	Loss: 0.006032760255038738
[2023-05-01 15:20:41] Train Epoch: 4 [8800/20000 (44.0%)]	Loss: 0.004904765170067549
[2023-05-01 15:20:47] Train Epoch: 4 [9600/20000 (48.0%)]	Loss: 0.01559962797909975
[2023-05-01 15:20:52] Train Epoch: 4 [10400/20000 (52.0%)]	Loss: 0.015696899965405464
[2023-05-01 15:20:57] Train Epoch: 4 [11200/20000 (56.0%)]	Loss: 0.016597755253314972
[2023-05-01 15:21:03] Train Epoch: 4 [12000/20000 (60.0%)]	Loss: 0.01619829051196575
[2023-05-01 15:21:08] Train Epoch: 4 [12800/20000 (64.0%)]	Loss: 0.0027449645567685366
[2023-05-01 15:21:14] Train Epoch: 4 [13600/20000 (68.0%)]	Loss: 0.011919550597667694
[2023-05-01 15:21:19] Train Epoch: 4 [14400/20000 (72.0%)]	Loss: 0.019671225920319557
[2023-05-01 15:21:25] Train Epoch: 4 [15200/20000 (76.0%)]	Loss: 0.0016608015866950154
[2023-05-01 15:21:30] Train Epoch: 4 [16000/20000 (80.0%)]	Loss: 0.003992131911218166
[2023-05-01 15:21:36] Train Epoch: 4 [16800/20000 (84.0%)]	Loss: 0.0027323465328663588
[2023-05-01 15:21:41] Train Epoch: 4 [17600/20000 (88.0%)]	Loss: 0.0720016211271286
[2023-05-01 15:21:46] Train Epoch: 4 [18400/20000 (92.0%)]	Loss: 0.0020796649623662233
[2023-05-01 15:21:52] Train Epoch: 4 [19200/20000 (96.0%)]	Loss: 0.019370626658201218
[2023-05-01 15:22:14] ========== Metrics ==========
[2023-05-01 15:22:14] {
  "tr_loss": 0.048050060184720536,
  "tr_acc": 0.984998499849985,
  "tr_f1": 0.9850059976009596,
  "val_loss": 0.5871067225369219,
  "val_acc": 0.8298099129507905,
  "val_f1": 0.8315160042208934,
  "test_loss": 0.5404045070574536,
  "test_acc": 0.8373983739837398,
  "test_f1": 0.8387096774193549
}
[2023-05-01 15:22:14] ========== Metrics ==========
[2023-05-01 15:22:15] Train Epoch: 5 [0/20000 (0.0%)]	Loss: 0.003515241201967001
[2023-05-01 15:22:22] Train Epoch: 5 [800/20000 (4.0%)]	Loss: 0.001371139194816351
[2023-05-01 15:22:28] Train Epoch: 5 [1600/20000 (8.0%)]	Loss: 0.001879076473414898
[2023-05-01 15:22:34] Train Epoch: 5 [2400/20000 (12.0%)]	Loss: 0.031867556273937225
[2023-05-01 15:22:39] Train Epoch: 5 [3200/20000 (16.0%)]	Loss: 0.00020136656530667096
[2023-05-01 15:22:45] Train Epoch: 5 [4000/20000 (20.0%)]	Loss: 0.0004901104839518666
[2023-05-01 15:22:51] Train Epoch: 5 [4800/20000 (24.0%)]	Loss: 0.0014853662578389049
[2023-05-01 15:22:56] Train Epoch: 5 [5600/20000 (28.0%)]	Loss: 4.247263859724626e-05
[2023-05-01 15:23:02] Train Epoch: 5 [6400/20000 (32.0%)]	Loss: 0.0005493074422702193
[2023-05-01 15:23:07] Train Epoch: 5 [7200/20000 (36.0%)]	Loss: 0.019441673532128334
[2023-05-01 15:23:13] Train Epoch: 5 [8000/20000 (40.0%)]	Loss: 0.0008061706321313977
[2023-05-01 15:23:18] Train Epoch: 5 [8800/20000 (44.0%)]	Loss: 0.00013738528650719672
[2023-05-01 15:23:24] Train Epoch: 5 [9600/20000 (48.0%)]	Loss: 0.0012094377307221293
[2023-05-01 15:23:30] Train Epoch: 5 [10400/20000 (52.0%)]	Loss: 0.01616719365119934
[2023-05-01 15:23:35] Train Epoch: 5 [11200/20000 (56.0%)]	Loss: 0.004647369496524334
[2023-05-01 15:23:40] Train Epoch: 5 [12000/20000 (60.0%)]	Loss: 0.0013302655424922705
[2023-05-01 15:23:46] Train Epoch: 5 [12800/20000 (64.0%)]	Loss: 0.00036311091389507055
[2023-05-01 15:23:51] Train Epoch: 5 [13600/20000 (68.0%)]	Loss: 0.001012351829558611
[2023-05-01 15:23:57] Train Epoch: 5 [14400/20000 (72.0%)]	Loss: 0.0004594683414325118
[2023-05-01 15:24:02] Train Epoch: 5 [15200/20000 (76.0%)]	Loss: 0.0013635120121762156
[2023-05-01 15:24:08] Train Epoch: 5 [16000/20000 (80.0%)]	Loss: 0.07317595183849335
[2023-05-01 15:24:13] Train Epoch: 5 [16800/20000 (84.0%)]	Loss: 0.01500183530151844
[2023-05-01 15:24:19] Train Epoch: 5 [17600/20000 (88.0%)]	Loss: 0.0002575016114860773
[2023-05-01 15:24:24] Train Epoch: 5 [18400/20000 (92.0%)]	Loss: 0.00023112121562007815
[2023-05-01 15:24:30] Train Epoch: 5 [19200/20000 (96.0%)]	Loss: 0.0005648973165079951
[2023-05-01 15:24:53] ========== Metrics ==========
[2023-05-01 15:24:53] {
  "tr_loss": 0.015278906662707537,
  "tr_acc": 0.9956995699569957,
  "tr_f1": 0.9957008598280345,
  "val_loss": 1.1087276822190648,
  "val_acc": 0.8134659797477349,
  "val_f1": 0.7943595769682725,
  "test_loss": 1.1232374018100142,
  "test_acc": 0.7831978319783198,
  "test_f1": 0.7515527950310559
}
[2023-05-01 15:24:53] ========== Metrics ==========
[2023-05-01 15:24:54] Train Epoch: 6 [0/20000 (0.0%)]	Loss: 0.004043206572532654
[2023-05-01 15:25:00] Train Epoch: 6 [800/20000 (4.0%)]	Loss: 0.001988120609894395
[2023-05-01 15:25:06] Train Epoch: 6 [1600/20000 (8.0%)]	Loss: 0.0001413275022059679
[2023-05-01 15:25:12] Train Epoch: 6 [2400/20000 (12.0%)]	Loss: 0.00016646228323224932
[2023-05-01 15:25:18] Train Epoch: 6 [3200/20000 (16.0%)]	Loss: 0.01619226671755314
[2023-05-01 15:25:23] Train Epoch: 6 [4000/20000 (20.0%)]	Loss: 0.0015296926721930504
[2023-05-01 15:25:29] Train Epoch: 6 [4800/20000 (24.0%)]	Loss: 0.00048813087050803006
[2023-05-01 15:25:34] Train Epoch: 6 [5600/20000 (28.0%)]	Loss: 0.00011612924572546035
[2023-05-01 15:25:40] Train Epoch: 6 [6400/20000 (32.0%)]	Loss: 0.0023919567465782166
[2023-05-01 15:25:46] Train Epoch: 6 [7200/20000 (36.0%)]	Loss: 0.00024943475727923214
[2023-05-01 15:25:51] Train Epoch: 6 [8000/20000 (40.0%)]	Loss: 0.0009106927318498492
[2023-05-01 15:25:57] Train Epoch: 6 [8800/20000 (44.0%)]	Loss: 0.0011787937255576253
[2023-05-01 15:26:02] Train Epoch: 6 [9600/20000 (48.0%)]	Loss: 0.0007926797261461616
[2023-05-01 15:26:08] Train Epoch: 6 [10400/20000 (52.0%)]	Loss: 0.003712476696819067
[2023-05-01 15:26:13] Train Epoch: 6 [11200/20000 (56.0%)]	Loss: 0.0004146606079302728
[2023-05-01 15:26:19] Train Epoch: 6 [12000/20000 (60.0%)]	Loss: 0.0009234410827048123
[2023-05-01 15:26:24] Train Epoch: 6 [12800/20000 (64.0%)]	Loss: 0.04558243602514267
[2023-05-01 15:26:30] Train Epoch: 6 [13600/20000 (68.0%)]	Loss: 2.156119080609642e-05
[2023-05-01 15:26:35] Train Epoch: 6 [14400/20000 (72.0%)]	Loss: 2.8988084523007274e-05
[2023-05-01 15:26:40] Train Epoch: 6 [15200/20000 (76.0%)]	Loss: 0.0006011492805555463
[2023-05-01 15:26:46] Train Epoch: 6 [16000/20000 (80.0%)]	Loss: 0.00032116525107994676
[2023-05-01 15:26:51] Train Epoch: 6 [16800/20000 (84.0%)]	Loss: 0.0014873837353661656
[2023-05-01 15:26:57] Train Epoch: 6 [17600/20000 (88.0%)]	Loss: 1.7120781194535084e-05
[2023-05-01 15:27:02] Train Epoch: 6 [18400/20000 (92.0%)]	Loss: 0.010508847422897816
[2023-05-01 15:27:08] Train Epoch: 6 [19200/20000 (96.0%)]	Loss: 0.00013403090997599065
[2023-05-01 15:27:30] ========== Metrics ==========
[2023-05-01 15:27:30] {
  "tr_loss": 0.003334733800878312,
  "tr_acc": 0.9990999099909991,
  "tr_f1": 0.9990997299189757,
  "val_loss": 1.0490309233670674,
  "val_acc": 0.8298099129507905,
  "val_f1": 0.8257548199345216,
  "test_loss": 0.9565430378849119,
  "test_acc": 0.8319783197831978,
  "test_f1": 0.8268156424581006
}
[2023-05-01 15:27:30] ========== Metrics ==========
[2023-05-01 15:27:31] Train Epoch: 7 [0/20000 (0.0%)]	Loss: 0.0001402995694661513
[2023-05-01 15:27:37] Train Epoch: 7 [800/20000 (4.0%)]	Loss: 5.9112851886311546e-05
[2023-05-01 15:27:43] Train Epoch: 7 [1600/20000 (8.0%)]	Loss: 2.1687452317564748e-05
[2023-05-01 15:27:49] Train Epoch: 7 [2400/20000 (12.0%)]	Loss: 0.0004734535177703947
[2023-05-01 15:27:55] Train Epoch: 7 [3200/20000 (16.0%)]	Loss: 8.57385020935908e-05
[2023-05-01 15:28:00] Train Epoch: 7 [4000/20000 (20.0%)]	Loss: 0.000982779311016202
[2023-05-01 15:28:06] Train Epoch: 7 [4800/20000 (24.0%)]	Loss: 0.00034986744867637753
[2023-05-01 15:28:11] Train Epoch: 7 [5600/20000 (28.0%)]	Loss: 0.000683623889926821
[2023-05-01 15:28:17] Train Epoch: 7 [6400/20000 (32.0%)]	Loss: 3.900911542586982e-05
[2023-05-01 15:28:22] Train Epoch: 7 [7200/20000 (36.0%)]	Loss: 0.00013297036639414728
[2023-05-01 15:28:28] Train Epoch: 7 [8000/20000 (40.0%)]	Loss: 0.00012530027015600353
[2023-05-01 15:28:34] Train Epoch: 7 [8800/20000 (44.0%)]	Loss: 0.0008460357785224915
[2023-05-01 15:28:39] Train Epoch: 7 [9600/20000 (48.0%)]	Loss: 8.746796811465174e-05
[2023-05-01 15:28:45] Train Epoch: 7 [10400/20000 (52.0%)]	Loss: 1.2039692592225038e-05
[2023-05-01 15:28:50] Train Epoch: 7 [11200/20000 (56.0%)]	Loss: 2.7244586817687377e-05
[2023-05-01 15:28:56] Train Epoch: 7 [12000/20000 (60.0%)]	Loss: 4.6938266677898355e-06
[2023-05-01 15:29:01] Train Epoch: 7 [12800/20000 (64.0%)]	Loss: 1.782818799256347e-05
[2023-05-01 15:29:07] Train Epoch: 7 [13600/20000 (68.0%)]	Loss: 2.696992305573076e-05
[2023-05-01 15:29:12] Train Epoch: 7 [14400/20000 (72.0%)]	Loss: 0.0001284908939851448
[2023-05-01 15:29:17] Train Epoch: 7 [15200/20000 (76.0%)]	Loss: 0.0003265970153734088
[2023-05-01 15:29:23] Train Epoch: 7 [16000/20000 (80.0%)]	Loss: 3.024914576599258e-06
[2023-05-01 15:29:29] Train Epoch: 7 [16800/20000 (84.0%)]	Loss: 1.4177890989230946e-05
[2023-05-01 15:29:34] Train Epoch: 7 [17600/20000 (88.0%)]	Loss: 0.0003127145755570382
[2023-05-01 15:29:39] Train Epoch: 7 [18400/20000 (92.0%)]	Loss: 0.0009404061711393297
[2023-05-01 15:29:45] Train Epoch: 7 [19200/20000 (96.0%)]	Loss: 7.504045788664371e-05
[2023-05-01 15:30:07] ========== Metrics ==========
[2023-05-01 15:30:07] {
  "tr_loss": 0.0014227324144392595,
  "tr_acc": 0.9998499849984999,
  "tr_f1": 0.999849992499625,
  "val_loss": 1.2015284027699273,
  "val_acc": 0.8299875643986498,
  "val_f1": 0.827784775958251,
  "test_loss": 1.0697776314835274,
  "test_acc": 0.8428184281842819,
  "test_f1": 0.8406593406593408
}
[2023-05-01 15:30:07] ========== Metrics ==========
[2023-05-01 15:30:08] Train Epoch: 8 [0/20000 (0.0%)]	Loss: 0.00046538133756257594
[2023-05-01 15:30:15] Train Epoch: 8 [800/20000 (4.0%)]	Loss: 6.506795762106776e-05
[2023-05-01 15:30:21] Train Epoch: 8 [1600/20000 (8.0%)]	Loss: 5.342120857676491e-05
[2023-05-01 15:30:27] Train Epoch: 8 [2400/20000 (12.0%)]	Loss: 0.00023551877529826015
[2023-05-01 15:30:33] Train Epoch: 8 [3200/20000 (16.0%)]	Loss: 2.7252157451584935e-05
[2023-05-01 15:30:39] Train Epoch: 8 [4000/20000 (20.0%)]	Loss: 4.611834810930304e-06
[2023-05-01 15:30:44] Train Epoch: 8 [4800/20000 (24.0%)]	Loss: 0.0001456631434848532
[2023-05-01 15:30:50] Train Epoch: 8 [5600/20000 (28.0%)]	Loss: 0.00030038878321647644
[2023-05-01 15:30:55] Train Epoch: 8 [6400/20000 (32.0%)]	Loss: 8.173166861524805e-06
[2023-05-01 15:31:01] Train Epoch: 8 [7200/20000 (36.0%)]	Loss: 1.7037616999004968e-05
[2023-05-01 15:31:06] Train Epoch: 8 [8000/20000 (40.0%)]	Loss: 0.001174190198071301
[2023-05-01 15:31:12] Train Epoch: 8 [8800/20000 (44.0%)]	Loss: 0.00011542828724486753
[2023-05-01 15:31:17] Train Epoch: 8 [9600/20000 (48.0%)]	Loss: 2.5528657715767622e-05
[2023-05-01 15:31:23] Train Epoch: 8 [10400/20000 (52.0%)]	Loss: 2.9148523026378825e-05
[2023-05-01 15:31:28] Train Epoch: 8 [11200/20000 (56.0%)]	Loss: 1.72315430972958e-05
[2023-05-01 15:31:34] Train Epoch: 8 [12000/20000 (60.0%)]	Loss: 0.00019379961304366589
[2023-05-01 15:31:39] Train Epoch: 8 [12800/20000 (64.0%)]	Loss: 0.0002064132277155295
[2023-05-01 15:31:45] Train Epoch: 8 [13600/20000 (68.0%)]	Loss: 1.6241237972280942e-05
[2023-05-01 15:31:50] Train Epoch: 8 [14400/20000 (72.0%)]	Loss: 9.230931937054265e-06
[2023-05-01 15:31:56] Train Epoch: 8 [15200/20000 (76.0%)]	Loss: 1.8930950318463147e-05
[2023-05-01 15:32:01] Train Epoch: 8 [16000/20000 (80.0%)]	Loss: 9.536686320643639e-07
[2023-05-01 15:32:06] Train Epoch: 8 [16800/20000 (84.0%)]	Loss: 5.677270564774517e-06
[2023-05-01 15:32:12] Train Epoch: 8 [17600/20000 (88.0%)]	Loss: 1.4244553312892094e-05
[2023-05-01 15:32:17] Train Epoch: 8 [18400/20000 (92.0%)]	Loss: 9.726027201395482e-05
[2023-05-01 15:32:23] Train Epoch: 8 [19200/20000 (96.0%)]	Loss: 8.120855454762932e-06
[2023-05-01 15:32:44] Stop At epoch 8/20 due to valid not increase
[2023-05-01 15:32:46] ========== Metrics ==========
[2023-05-01 15:32:46] {
  "tr_loss": 0.0010473325262696023,
  "tr_acc": 0.9998999899989999,
  "tr_f1": 0.9998999899989999,
  "val_loss": 1.2483359308425104,
  "val_acc": 0.8280333984721976,
  "val_f1": 0.8263988522238163,
  "test_loss": 1.1151831459694448,
  "test_acc": 0.8319783197831978,
  "test_f1": 0.8287292817679557
}
[2023-05-01 15:32:46] ========== Metrics ==========
