[2023-05-02 14:55:24] Train Epoch: 1 [0/20000 (0.0%)]	Loss: 0.6907685995101929
[2023-05-02 14:56:21] Train Epoch: 1 [800/20000 (4.0%)]	Loss: 0.6646888256072998
[2023-05-02 14:57:22] Train Epoch: 1 [1600/20000 (8.0%)]	Loss: 0.7115994095802307
[2023-05-02 14:58:22] Train Epoch: 1 [2400/20000 (12.0%)]	Loss: 0.5875566601753235
[2023-05-02 14:59:01] Train Epoch: 1 [3200/20000 (16.0%)]	Loss: 0.36098939180374146
[2023-05-02 14:59:15] Train Epoch: 1 [4000/20000 (20.0%)]	Loss: 0.5471101403236389
[2023-05-02 14:59:31] Train Epoch: 1 [4800/20000 (24.0%)]	Loss: 0.47883889079093933
[2023-05-02 14:59:44] Train Epoch: 1 [5600/20000 (28.0%)]	Loss: 0.41107407212257385
[2023-05-02 14:59:59] Train Epoch: 1 [6400/20000 (32.0%)]	Loss: 0.42922642827033997
[2023-05-02 15:00:13] Train Epoch: 1 [7200/20000 (36.0%)]	Loss: 0.5781670808792114
[2023-05-02 15:00:27] Train Epoch: 1 [8000/20000 (40.0%)]	Loss: 0.45691394805908203
[2023-05-02 15:00:54] Train Epoch: 1 [8800/20000 (44.0%)]	Loss: 0.49118778109550476
[2023-05-02 15:03:14] Train Epoch: 1 [9600/20000 (48.0%)]	Loss: 0.3394620716571808
[2023-05-02 15:04:05] Train Epoch: 1 [10400/20000 (52.0%)]	Loss: 0.17289429903030396
[2023-05-02 15:05:02] Train Epoch: 1 [11200/20000 (56.0%)]	Loss: 0.1599155217409134
[2023-05-02 15:05:58] Train Epoch: 1 [12000/20000 (60.0%)]	Loss: 0.3502922058105469
[2023-05-02 15:06:54] Train Epoch: 1 [12800/20000 (64.0%)]	Loss: 0.4557856321334839
[2023-05-02 15:07:58] Train Epoch: 1 [13600/20000 (68.0%)]	Loss: 0.2332959920167923
[2023-05-02 15:08:36] Train Epoch: 1 [14400/20000 (72.0%)]	Loss: 0.22917310893535614
[2023-05-02 15:08:57] Train Epoch: 1 [15200/20000 (76.0%)]	Loss: 0.20162120461463928
[2023-05-02 15:09:13] Train Epoch: 1 [16000/20000 (80.0%)]	Loss: 0.2945340573787689
[2023-05-02 15:09:28] Train Epoch: 1 [16800/20000 (84.0%)]	Loss: 0.3641873598098755
[2023-05-02 15:09:42] Train Epoch: 1 [17600/20000 (88.0%)]	Loss: 0.5412288904190063
[2023-05-02 15:09:56] Train Epoch: 1 [18400/20000 (92.0%)]	Loss: 0.42897090315818787
[2023-05-02 15:10:10] Train Epoch: 1 [19200/20000 (96.0%)]	Loss: 0.18806827068328857
[2023-05-02 15:14:27] ========== Metrics ==========
[2023-05-02 15:14:27] {
  "tr_loss": 0.4656525352428241,
  "tr_acc": 0.7783278327832783,
  "tr_f1": 0.780533689786623,
  "val_loss": 0.3561596991982378,
  "val_acc": 0.8470421033931427,
  "val_f1": 0.8430836522689995,
  "test_loss": 0.34415916795653057,
  "test_acc": 0.8373983739837398,
  "test_f1": 0.8275862068965517
}
[2023-05-02 15:14:27] ========== Metrics ==========
[2023-05-02 15:14:33] Train Epoch: 2 [0/20000 (0.0%)]	Loss: 0.2269052118062973
[2023-05-02 15:15:34] Train Epoch: 2 [800/20000 (4.0%)]	Loss: 0.26228418946266174
[2023-05-02 15:16:34] Train Epoch: 2 [1600/20000 (8.0%)]	Loss: 0.4041309356689453
[2023-05-02 15:17:31] Train Epoch: 2 [2400/20000 (12.0%)]	Loss: 0.3635075092315674
[2023-05-02 15:18:25] Train Epoch: 2 [3200/20000 (16.0%)]	Loss: 0.23419377207756042
[2023-05-02 15:18:52] Train Epoch: 2 [4000/20000 (20.0%)]	Loss: 0.44497427344322205
[2023-05-02 15:19:07] Train Epoch: 2 [4800/20000 (24.0%)]	Loss: 0.23519004881381989
[2023-05-02 15:19:23] Train Epoch: 2 [5600/20000 (28.0%)]	Loss: 0.581953227519989
[2023-05-02 15:19:37] Train Epoch: 2 [6400/20000 (32.0%)]	Loss: 0.11187038570642471
[2023-05-02 15:19:51] Train Epoch: 2 [7200/20000 (36.0%)]	Loss: 0.06457231193780899
[2023-05-02 15:20:04] Train Epoch: 2 [8000/20000 (40.0%)]	Loss: 0.3582545220851898
[2023-05-02 15:20:18] Train Epoch: 2 [8800/20000 (44.0%)]	Loss: 0.4372309148311615
[2023-05-02 15:22:54] Train Epoch: 2 [9600/20000 (48.0%)]	Loss: 0.32548215985298157
[2023-05-02 15:23:58] Train Epoch: 2 [10400/20000 (52.0%)]	Loss: 0.1411828249692917
[2023-05-02 15:24:54] Train Epoch: 2 [11200/20000 (56.0%)]	Loss: 0.33682548999786377
[2023-05-02 15:25:51] Train Epoch: 2 [12000/20000 (60.0%)]	Loss: 0.22892476618289948
[2023-05-02 15:26:48] Train Epoch: 2 [12800/20000 (64.0%)]	Loss: 0.23696987330913544
[2023-05-02 15:27:48] Train Epoch: 2 [13600/20000 (68.0%)]	Loss: 0.12993833422660828
[2023-05-02 15:28:44] Train Epoch: 2 [14400/20000 (72.0%)]	Loss: 0.1802092343568802
[2023-05-02 15:29:29] Train Epoch: 2 [15200/20000 (76.0%)]	Loss: 0.40724533796310425
[2023-05-02 15:29:49] Train Epoch: 2 [16000/20000 (80.0%)]	Loss: 0.3144054114818573
[2023-05-02 15:30:27] Train Epoch: 2 [16800/20000 (84.0%)]	Loss: 0.35827916860580444
[2023-05-02 15:30:42] Train Epoch: 2 [17600/20000 (88.0%)]	Loss: 0.2184191644191742
[2023-05-02 15:30:56] Train Epoch: 2 [18400/20000 (92.0%)]	Loss: 0.2630313038825989
[2023-05-02 15:31:11] Train Epoch: 2 [19200/20000 (96.0%)]	Loss: 0.14660808444023132
[2023-05-02 15:35:21] ========== Metrics ==========
[2023-05-02 15:35:21] {
  "tr_loss": 0.26520470734035534,
  "tr_acc": 0.8958895889588959,
  "tr_f1": 0.8959208158368327,
  "val_loss": 0.3589465509597818,
  "val_acc": 0.8516610410374844,
  "val_f1": 0.8476555373107098,
  "test_loss": 0.35858248569939516,
  "test_acc": 0.8157181571815718,
  "test_f1": 0.8011695906432748
}
[2023-05-02 15:35:21] ========== Metrics ==========
[2023-05-02 15:35:27] Train Epoch: 3 [0/20000 (0.0%)]	Loss: 0.1298726350069046
[2023-05-02 15:36:21] Train Epoch: 3 [800/20000 (4.0%)]	Loss: 0.23931199312210083
[2023-05-02 15:37:13] Train Epoch: 3 [1600/20000 (8.0%)]	Loss: 0.012829726561903954
[2023-05-02 15:38:15] Train Epoch: 3 [2400/20000 (12.0%)]	Loss: 0.009283281862735748
[2023-05-02 15:39:04] Train Epoch: 3 [3200/20000 (16.0%)]	Loss: 0.04752908647060394
[2023-05-02 15:39:47] Train Epoch: 3 [4000/20000 (20.0%)]	Loss: 0.2343158721923828
[2023-05-02 15:40:34] Train Epoch: 3 [4800/20000 (24.0%)]	Loss: 0.2183825671672821
[2023-05-02 15:40:51] Train Epoch: 3 [5600/20000 (28.0%)]	Loss: 0.32007652521133423
[2023-05-02 15:41:05] Train Epoch: 3 [6400/20000 (32.0%)]	Loss: 0.08538371324539185
[2023-05-02 15:41:31] Train Epoch: 3 [7200/20000 (36.0%)]	Loss: 0.1848936378955841
[2023-05-02 15:42:40] Train Epoch: 3 [8000/20000 (40.0%)]	Loss: 0.02609558403491974
[2023-05-02 15:43:10] Train Epoch: 3 [8800/20000 (44.0%)]	Loss: 0.05463545024394989
[2023-05-02 15:45:20] Train Epoch: 3 [9600/20000 (48.0%)]	Loss: 0.03977168723940849
[2023-05-02 15:46:11] Train Epoch: 3 [10400/20000 (52.0%)]	Loss: 0.09820529073476791
[2023-05-02 15:47:00] Train Epoch: 3 [11200/20000 (56.0%)]	Loss: 0.09139618277549744
[2023-05-02 15:47:56] Train Epoch: 3 [12000/20000 (60.0%)]	Loss: 0.21143390238285065
[2023-05-02 15:48:46] Train Epoch: 3 [12800/20000 (64.0%)]	Loss: 0.025308309122920036
[2023-05-02 15:49:25] Train Epoch: 3 [13600/20000 (68.0%)]	Loss: 0.04121943563222885
[2023-05-02 15:50:14] Train Epoch: 3 [14400/20000 (72.0%)]	Loss: 0.08206243813037872
[2023-05-02 15:50:43] Train Epoch: 3 [15200/20000 (76.0%)]	Loss: 0.06421346962451935
[2023-05-02 15:51:10] Train Epoch: 3 [16000/20000 (80.0%)]	Loss: 0.06320571899414062
[2023-05-02 15:51:36] Train Epoch: 3 [16800/20000 (84.0%)]	Loss: 0.09484008699655533
[2023-05-02 15:52:41] Train Epoch: 3 [17600/20000 (88.0%)]	Loss: 0.3814011514186859
[2023-05-02 15:53:15] Train Epoch: 3 [18400/20000 (92.0%)]	Loss: 0.3493890166282654
[2023-05-02 15:53:42] Train Epoch: 3 [19200/20000 (96.0%)]	Loss: 0.14139226078987122
[2023-05-02 15:57:38] ========== Metrics ==========
[2023-05-02 15:57:38] {
  "tr_loss": 0.14342779205153228,
  "tr_acc": 0.9494949494949495,
  "tr_f1": 0.9494089360849529,
  "val_loss": 0.4478559859916316,
  "val_acc": 0.8342511991472731,
  "val_f1": 0.8424252660023644,
  "test_loss": 0.4123854874393481,
  "test_acc": 0.8346883468834688,
  "test_f1": 0.8398950131233595
}
[2023-05-02 15:57:38] ========== Metrics ==========
[2023-05-02 15:57:44] Train Epoch: 4 [0/20000 (0.0%)]	Loss: 0.018984276801347733
[2023-05-02 15:58:38] Train Epoch: 4 [800/20000 (4.0%)]	Loss: 0.005654739215970039
[2023-05-02 15:59:16] Train Epoch: 4 [1600/20000 (8.0%)]	Loss: 0.014721800573170185
[2023-05-02 15:59:46] Train Epoch: 4 [2400/20000 (12.0%)]	Loss: 0.043932799249887466
[2023-05-02 16:00:12] Train Epoch: 4 [3200/20000 (16.0%)]	Loss: 0.036940548568964005
[2023-05-02 16:00:40] Train Epoch: 4 [4000/20000 (20.0%)]	Loss: 0.00236292602494359
[2023-05-02 16:01:08] Train Epoch: 4 [4800/20000 (24.0%)]	Loss: 0.08180395513772964
[2023-05-02 16:01:36] Train Epoch: 4 [5600/20000 (28.0%)]	Loss: 0.03695080056786537
[2023-05-02 16:02:58] Train Epoch: 4 [6400/20000 (32.0%)]	Loss: 0.3151680827140808
[2023-05-02 16:03:28] Train Epoch: 4 [7200/20000 (36.0%)]	Loss: 0.05559384077787399
[2023-05-02 16:03:56] Train Epoch: 4 [8000/20000 (40.0%)]	Loss: 0.08062721788883209
[2023-05-02 16:04:26] Train Epoch: 4 [8800/20000 (44.0%)]	Loss: 0.015875112265348434
[2023-05-02 16:04:54] Train Epoch: 4 [9600/20000 (48.0%)]	Loss: 0.15496447682380676
[2023-05-02 16:05:22] Train Epoch: 4 [10400/20000 (52.0%)]	Loss: 0.005087421741336584
[2023-05-02 16:07:06] Train Epoch: 4 [11200/20000 (56.0%)]	Loss: 0.3223670423030853
[2023-05-02 16:08:17] Train Epoch: 4 [12000/20000 (60.0%)]	Loss: 0.10234270989894867
[2023-05-02 16:09:04] Train Epoch: 4 [12800/20000 (64.0%)]	Loss: 0.018965044990181923
[2023-05-02 16:09:43] Train Epoch: 4 [13600/20000 (68.0%)]	Loss: 0.11106007546186447
[2023-05-02 16:10:14] Train Epoch: 4 [14400/20000 (72.0%)]	Loss: 0.022665711119771004
[2023-05-02 16:10:46] Train Epoch: 4 [15200/20000 (76.0%)]	Loss: 0.030420534312725067
[2023-05-02 16:11:12] Train Epoch: 4 [16000/20000 (80.0%)]	Loss: 0.006750175729393959
[2023-05-02 16:11:40] Train Epoch: 4 [16800/20000 (84.0%)]	Loss: 0.012212499976158142
[2023-05-02 16:12:08] Train Epoch: 4 [17600/20000 (88.0%)]	Loss: 0.030403001233935356
[2023-05-02 16:12:34] Train Epoch: 4 [18400/20000 (92.0%)]	Loss: 0.02932228334248066
[2023-05-02 16:12:59] Train Epoch: 4 [19200/20000 (96.0%)]	Loss: 0.2697160840034485
[2023-05-02 16:15:37] ========== Metrics ==========
[2023-05-02 16:15:37] {
  "tr_loss": 0.06376485687702477,
  "tr_acc": 0.978997899789979,
  "tr_f1": 0.978997899789979,
  "val_loss": 0.7407605352479456,
  "val_acc": 0.8283887013679162,
  "val_f1": 0.8180790960451977,
  "test_loss": 0.71526470212493,
  "test_acc": 0.8265582655826558,
  "test_f1": 0.8106508875739645
}
[2023-05-02 16:15:37] ========== Metrics ==========
[2023-05-02 16:15:40] Train Epoch: 5 [0/20000 (0.0%)]	Loss: 0.0013552563032135367
[2023-05-02 16:16:10] Train Epoch: 5 [800/20000 (4.0%)]	Loss: 0.0013572697062045336
[2023-05-02 16:17:29] Train Epoch: 5 [1600/20000 (8.0%)]	Loss: 0.002584593603387475
[2023-05-02 16:19:09] Train Epoch: 5 [2400/20000 (12.0%)]	Loss: 0.02828284166753292
[2023-05-02 16:19:55] Train Epoch: 5 [3200/20000 (16.0%)]	Loss: 0.005390548147261143
[2023-05-02 16:20:39] Train Epoch: 5 [4000/20000 (20.0%)]	Loss: 0.0049163964577019215
[2023-05-02 16:21:09] Train Epoch: 5 [4800/20000 (24.0%)]	Loss: 0.00046553779975511134
[2023-05-02 16:21:37] Train Epoch: 5 [5600/20000 (28.0%)]	Loss: 0.0033380005042999983
[2023-05-02 16:22:06] Train Epoch: 5 [6400/20000 (32.0%)]	Loss: 0.0027121182065457106
[2023-05-02 16:22:33] Train Epoch: 5 [7200/20000 (36.0%)]	Loss: 0.0021996318828314543
[2023-05-02 16:22:59] Train Epoch: 5 [8000/20000 (40.0%)]	Loss: 0.003783096093684435
[2023-05-02 16:23:26] Train Epoch: 5 [8800/20000 (44.0%)]	Loss: 0.00031027381191961467
[2023-05-02 16:24:56] Train Epoch: 5 [9600/20000 (48.0%)]	Loss: 0.0003108106611762196
[2023-05-02 16:25:26] Train Epoch: 5 [10400/20000 (52.0%)]	Loss: 0.4733326733112335
[2023-05-02 16:26:00] Train Epoch: 5 [11200/20000 (56.0%)]	Loss: 0.0017655108822509646
[2023-05-02 16:26:30] Train Epoch: 5 [12000/20000 (60.0%)]	Loss: 0.00204835063777864
[2023-05-02 16:27:00] Train Epoch: 5 [12800/20000 (64.0%)]	Loss: 0.0016231226036325097
[2023-05-02 16:27:28] Train Epoch: 5 [13600/20000 (68.0%)]	Loss: 0.0019467304227873683
[2023-05-02 16:27:56] Train Epoch: 5 [14400/20000 (72.0%)]	Loss: 0.1582729071378708
[2023-05-02 16:29:56] Train Epoch: 5 [15200/20000 (76.0%)]	Loss: 0.0032745900098234415
[2023-05-02 16:30:46] Train Epoch: 5 [16000/20000 (80.0%)]	Loss: 0.0033138315193355083
[2023-05-02 16:31:22] Train Epoch: 5 [16800/20000 (84.0%)]	Loss: 0.008089877665042877
[2023-05-02 16:31:52] Train Epoch: 5 [17600/20000 (88.0%)]	Loss: 0.0008331903954967856
[2023-05-02 16:32:21] Train Epoch: 5 [18400/20000 (92.0%)]	Loss: 0.00040630329749546945
[2023-05-02 16:32:48] Train Epoch: 5 [19200/20000 (96.0%)]	Loss: 0.001964770955964923
[2023-05-02 16:35:54] ========== Metrics ==========
[2023-05-02 16:35:54] {
  "tr_loss": 0.024871173433191347,
  "tr_acc": 0.9925492549254925,
  "tr_f1": 0.9925451543503276,
  "val_loss": 0.7633831695530899,
  "val_acc": 0.8269674897850418,
  "val_f1": 0.8347472005429252,
  "test_loss": 0.8671692839159875,
  "test_acc": 0.8211382113821138,
  "test_f1": 0.8225806451612903
}
[2023-05-02 16:35:54] ========== Metrics ==========
[2023-05-02 16:35:58] Train Epoch: 6 [0/20000 (0.0%)]	Loss: 0.0012860806891694665
[2023-05-02 16:36:28] Train Epoch: 6 [800/20000 (4.0%)]	Loss: 0.002544561168178916
[2023-05-02 16:36:57] Train Epoch: 6 [1600/20000 (8.0%)]	Loss: 0.00029614949016831815
[2023-05-02 16:37:23] Train Epoch: 6 [2400/20000 (12.0%)]	Loss: 0.00041914830217137933
[2023-05-02 16:37:50] Train Epoch: 6 [3200/20000 (16.0%)]	Loss: 0.021920673549175262
[2023-05-02 16:38:18] Train Epoch: 6 [4000/20000 (20.0%)]	Loss: 0.001663753530010581
[2023-05-02 16:38:46] Train Epoch: 6 [4800/20000 (24.0%)]	Loss: 0.0011324839433655143
[2023-05-02 16:40:09] Train Epoch: 6 [5600/20000 (28.0%)]	Loss: 0.0007281532743945718
[2023-05-02 16:41:33] Train Epoch: 6 [6400/20000 (32.0%)]	Loss: 0.0012269129510968924
[2023-05-02 16:42:15] Train Epoch: 6 [7200/20000 (36.0%)]	Loss: 0.0004599238163791597
[2023-05-02 16:42:43] Train Epoch: 6 [8000/20000 (40.0%)]	Loss: 0.00024555690470151603
[2023-05-02 16:43:14] Train Epoch: 6 [8800/20000 (44.0%)]	Loss: 0.00011872045433847234
[2023-05-02 16:43:44] Train Epoch: 6 [9600/20000 (48.0%)]	Loss: 0.0015632039867341518
[2023-05-02 16:44:10] Train Epoch: 6 [10400/20000 (52.0%)]	Loss: 0.004653560929000378
[2023-05-02 16:44:37] Train Epoch: 6 [11200/20000 (56.0%)]	Loss: 0.0009810118936002254
[2023-05-02 16:45:05] Train Epoch: 6 [12000/20000 (60.0%)]	Loss: 0.0003999513282906264
[2023-05-02 16:45:34] Train Epoch: 6 [12800/20000 (64.0%)]	Loss: 0.00028910234686918557
[2023-05-02 16:47:00] Train Epoch: 6 [13600/20000 (68.0%)]	Loss: 7.554074545623735e-05
[2023-05-02 16:47:29] Train Epoch: 6 [14400/20000 (72.0%)]	Loss: 0.00010441894846735522
[2023-05-02 16:47:59] Train Epoch: 6 [15200/20000 (76.0%)]	Loss: 0.000279951433185488
[2023-05-02 16:48:26] Train Epoch: 6 [16000/20000 (80.0%)]	Loss: 6.351229967549443e-05
[2023-05-02 16:48:52] Train Epoch: 6 [16800/20000 (84.0%)]	Loss: 0.013536637648940086
[2023-05-02 16:49:17] Train Epoch: 6 [17600/20000 (88.0%)]	Loss: 0.0006397467805072665
[2023-05-02 16:49:43] Train Epoch: 6 [18400/20000 (92.0%)]	Loss: 0.00035534126800484955
[2023-05-02 16:50:21] Train Epoch: 6 [19200/20000 (96.0%)]	Loss: 0.00033914053346961737
[2023-05-02 16:54:17] ========== Metrics ==========
[2023-05-02 16:54:17] {
  "tr_loss": 0.006261455653558541,
  "tr_acc": 0.9988498849884988,
  "tr_f1": 0.9988501724741288,
  "val_loss": 0.8912841891883139,
  "val_acc": 0.8333629419079766,
  "val_f1": 0.8345679012345679,
  "test_loss": 0.9418461647079968,
  "test_acc": 0.8075880758807588,
  "test_f1": 0.8044077134986226
}
[2023-05-02 16:54:17] ========== Metrics ==========
[2023-05-02 16:54:20] Train Epoch: 7 [0/20000 (0.0%)]	Loss: 0.00017776153981685638
[2023-05-02 16:54:52] Train Epoch: 7 [800/20000 (4.0%)]	Loss: 0.0005815819604322314
[2023-05-02 16:55:21] Train Epoch: 7 [1600/20000 (8.0%)]	Loss: 0.0002566200273577124
[2023-05-02 16:55:51] Train Epoch: 7 [2400/20000 (12.0%)]	Loss: 0.002232571830973029
[2023-05-02 16:56:19] Train Epoch: 7 [3200/20000 (16.0%)]	Loss: 0.0010957529302686453
[2023-05-02 16:56:47] Train Epoch: 7 [4000/20000 (20.0%)]	Loss: 0.00011197835556231439
[2023-05-02 16:57:15] Train Epoch: 7 [4800/20000 (24.0%)]	Loss: 0.0011833554599434137
[2023-05-02 16:58:30] Train Epoch: 7 [5600/20000 (28.0%)]	Loss: 0.00012219400377944112
[2023-05-02 16:58:59] Train Epoch: 7 [6400/20000 (32.0%)]	Loss: 0.0002249316603410989
[2023-05-02 16:59:27] Train Epoch: 7 [7200/20000 (36.0%)]	Loss: 7.103628013283014e-05
[2023-05-02 16:59:54] Train Epoch: 7 [8000/20000 (40.0%)]	Loss: 0.0009337441297248006
[2023-05-02 17:00:22] Train Epoch: 7 [8800/20000 (44.0%)]	Loss: 4.524976611719467e-05
[2023-05-02 17:00:51] Train Epoch: 7 [9600/20000 (48.0%)]	Loss: 4.257768887327984e-05
[2023-05-02 17:01:46] Train Epoch: 7 [10400/20000 (52.0%)]	Loss: 0.00010598474182188511
[2023-05-02 17:03:24] Train Epoch: 7 [11200/20000 (56.0%)]	Loss: 0.0001096191190299578
[2023-05-02 17:04:19] Train Epoch: 7 [12000/20000 (60.0%)]	Loss: 3.488884249236435e-05
[2023-05-02 17:05:06] Train Epoch: 7 [12800/20000 (64.0%)]	Loss: 0.00011569428170332685
[2023-05-02 17:05:41] Train Epoch: 7 [13600/20000 (68.0%)]	Loss: 4.998156873625703e-05
[2023-05-02 17:06:12] Train Epoch: 7 [14400/20000 (72.0%)]	Loss: 0.0001437835890101269
[2023-05-02 17:06:49] Train Epoch: 7 [15200/20000 (76.0%)]	Loss: 0.00010834971908479929
[2023-05-02 17:07:21] Train Epoch: 7 [16000/20000 (80.0%)]	Loss: 0.00035640192800201476
[2023-05-02 17:07:49] Train Epoch: 7 [16800/20000 (84.0%)]	Loss: 0.0008189662476070225
[2023-05-02 17:08:17] Train Epoch: 7 [17600/20000 (88.0%)]	Loss: 0.00022521099890582263
[2023-05-02 17:08:46] Train Epoch: 7 [18400/20000 (92.0%)]	Loss: 0.0003959428577218205
[2023-05-02 17:10:01] Train Epoch: 7 [19200/20000 (96.0%)]	Loss: 0.0020883616525679827
[2023-05-02 17:12:02] ========== Metrics ==========
[2023-05-02 17:12:02] {
  "tr_loss": 0.0031334524693506986,
  "tr_acc": 0.9992499249924992,
  "tr_f1": 0.9992500374981252,
  "val_loss": 0.9855708828443527,
  "val_acc": 0.8303428672943685,
  "val_f1": 0.832014072119613,
  "test_loss": 1.0485462116671134,
  "test_acc": 0.8102981029810298,
  "test_f1": 0.8066298342541437
}
[2023-05-02 17:12:02] ========== Metrics ==========
[2023-05-02 17:12:07] Train Epoch: 8 [0/20000 (0.0%)]	Loss: 0.0002516235108487308
[2023-05-02 17:12:38] Train Epoch: 8 [800/20000 (4.0%)]	Loss: 6.52324961265549e-05
[2023-05-02 17:13:05] Train Epoch: 8 [1600/20000 (8.0%)]	Loss: 0.00019553415768314153
[2023-05-02 17:14:23] Train Epoch: 8 [2400/20000 (12.0%)]	Loss: 0.0005932105705142021
[2023-05-02 17:15:50] Train Epoch: 8 [3200/20000 (16.0%)]	Loss: 0.00031776845571585
[2023-05-02 17:16:36] Train Epoch: 8 [4000/20000 (20.0%)]	Loss: 0.00013656637747772038
[2023-05-02 17:17:21] Train Epoch: 8 [4800/20000 (24.0%)]	Loss: 0.00018043974705506116
[2023-05-02 17:17:51] Train Epoch: 8 [5600/20000 (28.0%)]	Loss: 7.056088361423463e-05
[2023-05-02 17:18:20] Train Epoch: 8 [6400/20000 (32.0%)]	Loss: 0.0008895159116946161
[2023-05-02 17:18:58] Train Epoch: 8 [7200/20000 (36.0%)]	Loss: 0.0001116495841415599
[2023-05-02 17:19:41] Train Epoch: 8 [8000/20000 (40.0%)]	Loss: 0.00012576200242619962
[2023-05-02 17:20:07] Train Epoch: 8 [8800/20000 (44.0%)]	Loss: 3.314537389087491e-05
[2023-05-02 17:20:33] Train Epoch: 8 [9600/20000 (48.0%)]	Loss: 0.00022838370932731777
[2023-05-02 17:20:59] Train Epoch: 8 [10400/20000 (52.0%)]	Loss: 0.00023514578060712665
[2023-05-02 17:21:49] Train Epoch: 8 [11200/20000 (56.0%)]	Loss: 0.22340571880340576
[2023-05-02 17:23:12] Train Epoch: 8 [12000/20000 (60.0%)]	Loss: 7.81890848884359e-05
[2023-05-02 17:24:03] Train Epoch: 8 [12800/20000 (64.0%)]	Loss: 0.00010338908032281324
[2023-05-02 17:24:39] Train Epoch: 8 [13600/20000 (68.0%)]	Loss: 0.00024141327594406903
[2023-05-02 17:25:07] Train Epoch: 8 [14400/20000 (72.0%)]	Loss: 5.6484484957763925e-05
[2023-05-02 17:25:38] Train Epoch: 8 [15200/20000 (76.0%)]	Loss: 3.7749618059024215e-05
[2023-05-02 17:26:07] Train Epoch: 8 [16000/20000 (80.0%)]	Loss: 0.00016785491607151926
[2023-05-02 17:27:07] Train Epoch: 8 [16800/20000 (84.0%)]	Loss: 0.00017575384117662907
[2023-05-02 17:28:51] Train Epoch: 8 [17600/20000 (88.0%)]	Loss: 0.0012986082583665848
[2023-05-02 17:29:32] Train Epoch: 8 [18400/20000 (92.0%)]	Loss: 2.1546289644902572e-05
[2023-05-02 17:30:11] Train Epoch: 8 [19200/20000 (96.0%)]	Loss: 0.0003089921083301306
[2023-05-02 17:32:09] Stop At epoch 8/20 due to valid not increase
[2023-05-02 17:32:17] ========== Metrics ==========
[2023-05-02 17:32:17] {
  "tr_loss": 0.0016457468837102183,
  "tr_acc": 0.9996499649964996,
  "tr_f1": 0.9996499824991251,
  "val_loss": 1.1397518486854668,
  "val_acc": 0.8294546100550719,
  "val_f1": 0.8317560462670872,
  "test_loss": 1.2018708467564285,
  "test_acc": 0.8075880758807588,
  "test_f1": 0.8054794520547945
}
[2023-05-02 17:32:17] ========== Metrics ==========
