[2023-05-01 22:49:55] Train Epoch: 1 [0/20000 (0.0%)]	Loss: 0.6949096918106079
[2023-05-01 22:50:25] Train Epoch: 1 [800/20000 (4.0%)]	Loss: 0.613284707069397
[2023-05-01 22:50:56] Train Epoch: 1 [1600/20000 (8.0%)]	Loss: 0.6657181978225708
[2023-05-01 22:51:26] Train Epoch: 1 [2400/20000 (12.0%)]	Loss: 0.3192569315433502
[2023-05-01 22:51:56] Train Epoch: 1 [3200/20000 (16.0%)]	Loss: 0.6456325054168701
[2023-05-01 22:52:25] Train Epoch: 1 [4000/20000 (20.0%)]	Loss: 0.6553653478622437
[2023-05-01 22:52:55] Train Epoch: 1 [4800/20000 (24.0%)]	Loss: 0.6856324672698975
[2023-05-01 22:53:24] Train Epoch: 1 [5600/20000 (28.0%)]	Loss: 0.6977024078369141
[2023-05-01 22:53:55] Train Epoch: 1 [6400/20000 (32.0%)]	Loss: 0.693590521812439
[2023-05-01 22:54:24] Train Epoch: 1 [7200/20000 (36.0%)]	Loss: 0.6933294534683228
[2023-05-01 22:54:53] Train Epoch: 1 [8000/20000 (40.0%)]	Loss: 0.6989899277687073
[2023-05-01 22:55:23] Train Epoch: 1 [8800/20000 (44.0%)]	Loss: 0.6936951875686646
[2023-05-01 22:55:52] Train Epoch: 1 [9600/20000 (48.0%)]	Loss: 0.6854770183563232
[2023-05-01 22:56:21] Train Epoch: 1 [10400/20000 (52.0%)]	Loss: 0.6781595349311829
[2023-05-01 22:56:50] Train Epoch: 1 [11200/20000 (56.0%)]	Loss: 0.7473339438438416
[2023-05-01 22:57:19] Train Epoch: 1 [12000/20000 (60.0%)]	Loss: 0.6706702709197998
[2023-05-01 22:57:48] Train Epoch: 1 [12800/20000 (64.0%)]	Loss: 0.7103904485702515
[2023-05-01 22:58:17] Train Epoch: 1 [13600/20000 (68.0%)]	Loss: 0.6940355896949768
[2023-05-01 22:58:46] Train Epoch: 1 [14400/20000 (72.0%)]	Loss: 0.6886972784996033
[2023-05-01 22:59:16] Train Epoch: 1 [15200/20000 (76.0%)]	Loss: 0.6888355612754822
[2023-05-01 22:59:45] Train Epoch: 1 [16000/20000 (80.0%)]	Loss: 0.6936301589012146
[2023-05-01 23:00:14] Train Epoch: 1 [16800/20000 (84.0%)]	Loss: 0.6933907270431519
[2023-05-01 23:00:43] Train Epoch: 1 [17600/20000 (88.0%)]	Loss: 0.7208845615386963
[2023-05-01 23:01:13] Train Epoch: 1 [18400/20000 (92.0%)]	Loss: 0.6930814385414124
[2023-05-01 23:01:44] Train Epoch: 1 [19200/20000 (96.0%)]	Loss: 0.7030388712882996
[2023-05-01 23:03:39] ========== Metrics ==========
[2023-05-01 23:03:39] {
  "tr_loss": 0.6862169448012458,
  "tr_acc": 0.5244024402440244,
  "tr_f1": 0.5540812977636081,
  "val_loss": 0.6935559413555482,
  "val_acc": 0.49955587138035173,
  "val_f1": 0.6662717687477786,
  "test_loss": 0.7209168850244868,
  "test_acc": 0.5067750677506775,
  "test_f1": 0.6726618705035972
}
[2023-05-01 23:03:39] ========== Metrics ==========
[2023-05-01 23:03:42] Train Epoch: 2 [0/20000 (0.0%)]	Loss: 0.6931431293487549
[2023-05-01 23:04:12] Train Epoch: 2 [800/20000 (4.0%)]	Loss: 0.6990455389022827
[2023-05-01 23:04:42] Train Epoch: 2 [1600/20000 (8.0%)]	Loss: 0.6931585073471069
[2023-05-01 23:05:13] Train Epoch: 2 [2400/20000 (12.0%)]	Loss: 0.6883676052093506
[2023-05-01 23:05:42] Train Epoch: 2 [3200/20000 (16.0%)]	Loss: 0.6920597553253174
[2023-05-01 23:06:12] Train Epoch: 2 [4000/20000 (20.0%)]	Loss: 0.6936441659927368
[2023-05-01 23:06:42] Train Epoch: 2 [4800/20000 (24.0%)]	Loss: 0.6967310905456543
[2023-05-01 23:07:12] Train Epoch: 2 [5600/20000 (28.0%)]	Loss: 0.6969584226608276
[2023-05-01 23:07:42] Train Epoch: 2 [6400/20000 (32.0%)]	Loss: 0.6929262280464172
[2023-05-01 23:08:11] Train Epoch: 2 [7200/20000 (36.0%)]	Loss: 0.6894634366035461
[2023-05-01 23:08:42] Train Epoch: 2 [8000/20000 (40.0%)]	Loss: 0.6966854333877563
[2023-05-01 23:09:12] Train Epoch: 2 [8800/20000 (44.0%)]	Loss: 0.694527804851532
[2023-05-01 23:09:42] Train Epoch: 2 [9600/20000 (48.0%)]	Loss: 0.7035940885543823
[2023-05-01 23:10:11] Train Epoch: 2 [10400/20000 (52.0%)]	Loss: 0.6931999325752258
[2023-05-01 23:10:40] Train Epoch: 2 [11200/20000 (56.0%)]	Loss: 0.6865849494934082
[2023-05-01 23:11:09] Train Epoch: 2 [12000/20000 (60.0%)]	Loss: 0.692316472530365
[2023-05-01 23:11:39] Train Epoch: 2 [12800/20000 (64.0%)]	Loss: 0.6939595341682434
[2023-05-01 23:12:09] Train Epoch: 2 [13600/20000 (68.0%)]	Loss: 0.6896308064460754
[2023-05-01 23:12:40] Train Epoch: 2 [14400/20000 (72.0%)]	Loss: 0.7106803059577942
[2023-05-01 23:13:10] Train Epoch: 2 [15200/20000 (76.0%)]	Loss: 0.68938148021698
[2023-05-01 23:13:38] Train Epoch: 2 [16000/20000 (80.0%)]	Loss: 0.6613787412643433
[2023-05-01 23:14:08] Train Epoch: 2 [16800/20000 (84.0%)]	Loss: 0.6988961696624756
[2023-05-01 23:14:38] Train Epoch: 2 [17600/20000 (88.0%)]	Loss: 0.7286663055419922
[2023-05-01 23:15:07] Train Epoch: 2 [18400/20000 (92.0%)]	Loss: 0.6912021040916443
[2023-05-01 23:15:37] Train Epoch: 2 [19200/20000 (96.0%)]	Loss: 0.6867729425430298
[2023-05-01 23:17:32] ========== Metrics ==========
[2023-05-01 23:17:32] {
  "tr_loss": 0.697214243376013,
  "tr_acc": 0.5009500950095009,
  "tr_f1": 0.5464461007089619,
  "val_loss": 0.6966974202852559,
  "val_acc": 0.49955587138035173,
  "val_f1": 0.6662717687477786,
  "test_loss": 0.7266503801836877,
  "test_acc": 0.5067750677506775,
  "test_f1": 0.6726618705035972
}
[2023-05-01 23:17:32] ========== Metrics ==========
[2023-05-01 23:17:35] Train Epoch: 3 [0/20000 (0.0%)]	Loss: 0.7155806422233582
[2023-05-01 23:18:05] Train Epoch: 3 [800/20000 (4.0%)]	Loss: 0.6938607096672058
[2023-05-01 23:18:36] Train Epoch: 3 [1600/20000 (8.0%)]	Loss: 0.6934840679168701
[2023-05-01 23:19:07] Train Epoch: 3 [2400/20000 (12.0%)]	Loss: 0.7292561531066895
[2023-05-01 23:19:38] Train Epoch: 3 [3200/20000 (16.0%)]	Loss: 0.6915716528892517
[2023-05-01 23:20:08] Train Epoch: 3 [4000/20000 (20.0%)]	Loss: 0.6947546601295471
[2023-05-01 23:20:38] Train Epoch: 3 [4800/20000 (24.0%)]	Loss: 0.6932839155197144
[2023-05-01 23:21:08] Train Epoch: 3 [5600/20000 (28.0%)]	Loss: 0.6950253248214722
[2023-05-01 23:21:39] Train Epoch: 3 [6400/20000 (32.0%)]	Loss: 0.6913056373596191
[2023-05-01 23:22:08] Train Epoch: 3 [7200/20000 (36.0%)]	Loss: 0.6991217136383057
[2023-05-01 23:22:37] Train Epoch: 3 [8000/20000 (40.0%)]	Loss: 0.6879857182502747
[2023-05-01 23:23:07] Train Epoch: 3 [8800/20000 (44.0%)]	Loss: 0.6923103332519531
[2023-05-01 23:23:37] Train Epoch: 3 [9600/20000 (48.0%)]	Loss: 0.7252436280250549
[2023-05-01 23:24:07] Train Epoch: 3 [10400/20000 (52.0%)]	Loss: 0.7075960040092468
[2023-05-01 23:24:40] Train Epoch: 3 [11200/20000 (56.0%)]	Loss: 0.7196688652038574
[2023-05-01 23:25:10] Train Epoch: 3 [12000/20000 (60.0%)]	Loss: 0.6766586303710938
[2023-05-01 23:25:41] Train Epoch: 3 [12800/20000 (64.0%)]	Loss: 0.6936674118041992
[2023-05-01 23:26:11] Train Epoch: 3 [13600/20000 (68.0%)]	Loss: 0.7429277896881104
[2023-05-01 23:26:41] Train Epoch: 3 [14400/20000 (72.0%)]	Loss: 0.6933004260063171
[2023-05-01 23:27:11] Train Epoch: 3 [15200/20000 (76.0%)]	Loss: 0.6971107125282288
[2023-05-01 23:27:42] Train Epoch: 3 [16000/20000 (80.0%)]	Loss: 0.7082479596138
[2023-05-01 23:28:12] Train Epoch: 3 [16800/20000 (84.0%)]	Loss: 0.7080048322677612
[2023-05-01 23:28:42] Train Epoch: 3 [17600/20000 (88.0%)]	Loss: 0.6934137344360352
[2023-05-01 23:29:12] Train Epoch: 3 [18400/20000 (92.0%)]	Loss: 0.6858034729957581
[2023-05-01 23:29:42] Train Epoch: 3 [19200/20000 (96.0%)]	Loss: 0.6721927523612976
[2023-05-01 23:31:37] ========== Metrics ==========
[2023-05-01 23:31:37] {
  "tr_loss": 0.6959220770538205,
  "tr_acc": 0.49664966496649665,
  "tr_f1": 0.5172645309802417,
  "val_loss": 0.6974604181888409,
  "val_acc": 0.49955587138035173,
  "val_f1": 0.6662717687477786,
  "test_loss": 0.7278866263909068,
  "test_acc": 0.5067750677506775,
  "test_f1": 0.6726618705035972
}
[2023-05-01 23:31:37] ========== Metrics ==========
[2023-05-01 23:31:40] Train Epoch: 4 [0/20000 (0.0%)]	Loss: 0.6966525912284851
[2023-05-01 23:32:11] Train Epoch: 4 [800/20000 (4.0%)]	Loss: 0.6966466903686523
[2023-05-01 23:32:42] Train Epoch: 4 [1600/20000 (8.0%)]	Loss: 0.6930987238883972
[2023-05-01 23:33:16] Train Epoch: 4 [2400/20000 (12.0%)]	Loss: 0.6981474161148071
[2023-05-01 23:33:47] Train Epoch: 4 [3200/20000 (16.0%)]	Loss: 0.6934854388237
[2023-05-01 23:34:18] Train Epoch: 4 [4000/20000 (20.0%)]	Loss: 0.6897187232971191
[2023-05-01 23:34:48] Train Epoch: 4 [4800/20000 (24.0%)]	Loss: 0.6989191174507141
[2023-05-01 23:35:18] Train Epoch: 4 [5600/20000 (28.0%)]	Loss: 0.6874369382858276
[2023-05-01 23:35:48] Train Epoch: 4 [6400/20000 (32.0%)]	Loss: 0.6999682784080505
[2023-05-01 23:36:17] Train Epoch: 4 [7200/20000 (36.0%)]	Loss: 0.6648788452148438
[2023-05-01 23:36:47] Train Epoch: 4 [8000/20000 (40.0%)]	Loss: 0.7049102783203125
[2023-05-01 23:37:16] Train Epoch: 4 [8800/20000 (44.0%)]	Loss: 0.6928470730781555
[2023-05-01 23:37:46] Train Epoch: 4 [9600/20000 (48.0%)]	Loss: 0.7504182457923889
[2023-05-01 23:38:15] Train Epoch: 4 [10400/20000 (52.0%)]	Loss: 0.6830805540084839
[2023-05-01 23:38:44] Train Epoch: 4 [11200/20000 (56.0%)]	Loss: 0.7074196934700012
[2023-05-01 23:39:13] Train Epoch: 4 [12000/20000 (60.0%)]	Loss: 0.6945262551307678
[2023-05-01 23:39:43] Train Epoch: 4 [12800/20000 (64.0%)]	Loss: 0.6899539828300476
[2023-05-01 23:40:12] Train Epoch: 4 [13600/20000 (68.0%)]	Loss: 0.6935410499572754
[2023-05-01 23:40:41] Train Epoch: 4 [14400/20000 (72.0%)]	Loss: 0.662754476070404
[2023-05-01 23:41:09] Train Epoch: 4 [15200/20000 (76.0%)]	Loss: 0.6884181499481201
[2023-05-01 23:41:41] Train Epoch: 4 [16000/20000 (80.0%)]	Loss: 0.7084460854530334
[2023-05-01 23:42:10] Train Epoch: 4 [16800/20000 (84.0%)]	Loss: 0.7109099626541138
[2023-05-01 23:42:39] Train Epoch: 4 [17600/20000 (88.0%)]	Loss: 0.6937187910079956
[2023-05-01 23:43:09] Train Epoch: 4 [18400/20000 (92.0%)]	Loss: 0.6974278688430786
[2023-05-01 23:43:38] Train Epoch: 4 [19200/20000 (96.0%)]	Loss: 0.6931530237197876
[2023-05-01 23:45:35] ========== Metrics ==========
[2023-05-01 23:45:35] {
  "tr_loss": 0.6968906472499209,
  "tr_acc": 0.49994999499949994,
  "tr_f1": 0.515175021817124,
  "val_loss": 0.6935522950633759,
  "val_acc": 0.5004441286196483,
  "val_f1": 0.0,
  "test_loss": 0.7219980208854365,
  "test_acc": 0.4932249322493225,
  "test_f1": 0.0
}
[2023-05-01 23:45:35] ========== Metrics ==========
[2023-05-01 23:45:39] Train Epoch: 5 [0/20000 (0.0%)]	Loss: 0.6922516226768494
[2023-05-01 23:46:08] Train Epoch: 5 [800/20000 (4.0%)]	Loss: 0.6944283843040466
[2023-05-01 23:46:39] Train Epoch: 5 [1600/20000 (8.0%)]	Loss: 0.6942472457885742
[2023-05-01 23:47:08] Train Epoch: 5 [2400/20000 (12.0%)]	Loss: 0.6930127739906311
[2023-05-01 23:47:40] Train Epoch: 5 [3200/20000 (16.0%)]	Loss: 0.6928375959396362
[2023-05-01 23:48:09] Train Epoch: 5 [4000/20000 (20.0%)]	Loss: 0.691757321357727
[2023-05-01 23:48:38] Train Epoch: 5 [4800/20000 (24.0%)]	Loss: 0.689980149269104
[2023-05-01 23:49:08] Train Epoch: 5 [5600/20000 (28.0%)]	Loss: 0.6763224601745605
[2023-05-01 23:49:37] Train Epoch: 5 [6400/20000 (32.0%)]	Loss: 0.7462728023529053
[2023-05-01 23:50:06] Train Epoch: 5 [7200/20000 (36.0%)]	Loss: 0.7269459366798401
[2023-05-01 23:50:35] Train Epoch: 5 [8000/20000 (40.0%)]	Loss: 0.6959877610206604
[2023-05-01 23:51:04] Train Epoch: 5 [8800/20000 (44.0%)]	Loss: 0.6986751556396484
[2023-05-01 23:51:33] Train Epoch: 5 [9600/20000 (48.0%)]	Loss: 0.7111905217170715
[2023-05-01 23:52:02] Train Epoch: 5 [10400/20000 (52.0%)]	Loss: 0.6936845779418945
[2023-05-01 23:52:31] Train Epoch: 5 [11200/20000 (56.0%)]	Loss: 0.6754162907600403
[2023-05-01 23:52:59] Train Epoch: 5 [12000/20000 (60.0%)]	Loss: 0.686154305934906
[2023-05-01 23:53:29] Train Epoch: 5 [12800/20000 (64.0%)]	Loss: 0.6916381120681763
[2023-05-01 23:53:58] Train Epoch: 5 [13600/20000 (68.0%)]	Loss: 0.7050443887710571
[2023-05-01 23:54:28] Train Epoch: 5 [14400/20000 (72.0%)]	Loss: 0.690628170967102
[2023-05-01 23:54:58] Train Epoch: 5 [15200/20000 (76.0%)]	Loss: 0.9420942664146423
[2023-05-01 23:55:27] Train Epoch: 5 [16000/20000 (80.0%)]	Loss: 0.7491728067398071
[2023-05-01 23:55:56] Train Epoch: 5 [16800/20000 (84.0%)]	Loss: 0.6666449308395386
[2023-05-01 23:56:25] Train Epoch: 5 [17600/20000 (88.0%)]	Loss: 0.6911826133728027
[2023-05-01 23:56:54] Train Epoch: 5 [18400/20000 (92.0%)]	Loss: 0.6857902407646179
[2023-05-01 23:57:22] Train Epoch: 5 [19200/20000 (96.0%)]	Loss: 0.6917203068733215
[2023-05-01 23:59:16] ========== Metrics ==========
[2023-05-01 23:59:16] {
  "tr_loss": 0.6981098061740989,
  "tr_acc": 0.5038003800380038,
  "tr_f1": 0.5051613224953871,
  "val_loss": 0.6936196244023456,
  "val_acc": 0.49955587138035173,
  "val_f1": 0.6662717687477786,
  "test_loss": 0.7217255439861681,
  "test_acc": 0.5067750677506775,
  "test_f1": 0.6726618705035972
}
[2023-05-01 23:59:16] ========== Metrics ==========
[2023-05-01 23:59:19] Train Epoch: 6 [0/20000 (0.0%)]	Loss: 0.6881528496742249
[2023-05-01 23:59:49] Train Epoch: 6 [800/20000 (4.0%)]	Loss: 0.7032700181007385
[2023-05-02 00:00:20] Train Epoch: 6 [1600/20000 (8.0%)]	Loss: 0.6931363344192505
[2023-05-02 00:00:49] Train Epoch: 6 [2400/20000 (12.0%)]	Loss: 0.6904815435409546
[2023-05-02 00:01:20] Train Epoch: 6 [3200/20000 (16.0%)]	Loss: 0.6931845545768738
[2023-05-02 00:01:53] Train Epoch: 6 [4000/20000 (20.0%)]	Loss: 0.6945157051086426
[2023-05-02 00:02:24] Train Epoch: 6 [4800/20000 (24.0%)]	Loss: 0.6929253339767456
[2023-05-02 00:02:55] Train Epoch: 6 [5600/20000 (28.0%)]	Loss: 0.6931989789009094
[2023-05-02 00:03:25] Train Epoch: 6 [6400/20000 (32.0%)]	Loss: 0.6931887865066528
[2023-05-02 00:03:54] Train Epoch: 6 [7200/20000 (36.0%)]	Loss: 0.6914713382720947
[2023-05-02 00:04:24] Train Epoch: 6 [8000/20000 (40.0%)]	Loss: 0.6881828904151917
[2023-05-02 00:04:53] Train Epoch: 6 [8800/20000 (44.0%)]	Loss: 0.6930113434791565
[2023-05-02 00:05:23] Train Epoch: 6 [9600/20000 (48.0%)]	Loss: 0.6929929852485657
[2023-05-02 00:05:53] Train Epoch: 6 [10400/20000 (52.0%)]	Loss: 0.6928350329399109
[2023-05-02 00:06:22] Train Epoch: 6 [11200/20000 (56.0%)]	Loss: 0.6931989192962646
[2023-05-02 00:06:52] Train Epoch: 6 [12000/20000 (60.0%)]	Loss: 0.6926116943359375
[2023-05-02 00:07:22] Train Epoch: 6 [12800/20000 (64.0%)]	Loss: 0.6919971704483032
[2023-05-02 00:07:52] Train Epoch: 6 [13600/20000 (68.0%)]	Loss: 0.6896435022354126
[2023-05-02 00:08:21] Train Epoch: 6 [14400/20000 (72.0%)]	Loss: 0.6928826570510864
[2023-05-02 00:08:51] Train Epoch: 6 [15200/20000 (76.0%)]	Loss: 0.694740891456604
[2023-05-02 00:09:21] Train Epoch: 6 [16000/20000 (80.0%)]	Loss: 0.6932383179664612
[2023-05-02 00:09:50] Train Epoch: 6 [16800/20000 (84.0%)]	Loss: 0.6930811405181885
[2023-05-02 00:10:20] Train Epoch: 6 [17600/20000 (88.0%)]	Loss: 0.6935453414916992
[2023-05-02 00:10:49] Train Epoch: 6 [18400/20000 (92.0%)]	Loss: 0.6920369863510132
[2023-05-02 00:11:22] Train Epoch: 6 [19200/20000 (96.0%)]	Loss: 0.6946067214012146
[2023-05-02 00:13:19] ========== Metrics ==========
[2023-05-02 00:13:19] {
  "tr_loss": 0.6932878668325665,
  "tr_acc": 0.49984998499849986,
  "tr_f1": 0.5691021885231776,
  "val_loss": 0.6935126104200685,
  "val_acc": 0.508616095221176,
  "val_f1": 0.18214074512123005,
  "test_loss": 0.7213235844764606,
  "test_acc": 0.4986449864498645,
  "test_f1": 0.18502202643171806
}
[2023-05-02 00:13:19] ========== Metrics ==========
[2023-05-02 00:13:23] Train Epoch: 7 [0/20000 (0.0%)]	Loss: 0.6930754780769348
[2023-05-02 00:13:53] Train Epoch: 7 [800/20000 (4.0%)]	Loss: 0.6931479573249817
[2023-05-02 00:14:23] Train Epoch: 7 [1600/20000 (8.0%)]	Loss: 0.6931618452072144
[2023-05-02 00:14:53] Train Epoch: 7 [2400/20000 (12.0%)]	Loss: 0.6929178237915039
[2023-05-02 00:15:22] Train Epoch: 7 [3200/20000 (16.0%)]	Loss: 0.6928615570068359
[2023-05-02 00:15:52] Train Epoch: 7 [4000/20000 (20.0%)]	Loss: 0.6799911260604858
[2023-05-02 00:16:21] Train Epoch: 7 [4800/20000 (24.0%)]	Loss: 0.6540679335594177
[2023-05-02 00:16:50] Train Epoch: 7 [5600/20000 (28.0%)]	Loss: 0.6769394874572754
[2023-05-02 00:17:20] Train Epoch: 7 [6400/20000 (32.0%)]	Loss: 0.6747266054153442
[2023-05-02 00:17:49] Train Epoch: 7 [7200/20000 (36.0%)]	Loss: 0.6948083639144897
[2023-05-02 00:18:17] Train Epoch: 7 [8000/20000 (40.0%)]	Loss: 0.7349196076393127
[2023-05-02 00:18:45] Train Epoch: 7 [8800/20000 (44.0%)]	Loss: 0.6405279040336609
[2023-05-02 00:19:14] Train Epoch: 7 [9600/20000 (48.0%)]	Loss: 0.657486617565155
[2023-05-02 00:19:43] Train Epoch: 7 [10400/20000 (52.0%)]	Loss: 0.6989712119102478
[2023-05-02 00:20:11] Train Epoch: 7 [11200/20000 (56.0%)]	Loss: 0.7073731422424316
[2023-05-02 00:20:40] Train Epoch: 7 [12000/20000 (60.0%)]	Loss: 0.662818968296051
[2023-05-02 00:21:09] Train Epoch: 7 [12800/20000 (64.0%)]	Loss: 0.6938013434410095
[2023-05-02 00:21:38] Train Epoch: 7 [13600/20000 (68.0%)]	Loss: 0.6339529752731323
[2023-05-02 00:22:06] Train Epoch: 7 [14400/20000 (72.0%)]	Loss: 0.7081736326217651
[2023-05-02 00:22:35] Train Epoch: 7 [15200/20000 (76.0%)]	Loss: 0.6151074171066284
[2023-05-02 00:23:04] Train Epoch: 7 [16000/20000 (80.0%)]	Loss: 0.6490389704704285
[2023-05-02 00:23:33] Train Epoch: 7 [16800/20000 (84.0%)]	Loss: 0.644034206867218
[2023-05-02 00:24:04] Train Epoch: 7 [17600/20000 (88.0%)]	Loss: 0.702389121055603
[2023-05-02 00:24:33] Train Epoch: 7 [18400/20000 (92.0%)]	Loss: 0.6442458033561707
[2023-05-02 00:25:01] Train Epoch: 7 [19200/20000 (96.0%)]	Loss: 0.7210038304328918
[2023-05-02 00:26:54] ========== Metrics ==========
[2023-05-02 00:26:54] {
  "tr_loss": 0.6831027601871362,
  "tr_acc": 0.5262026202620262,
  "tr_f1": 0.43307604858493387,
  "val_loss": 0.6825243368265704,
  "val_acc": 0.5318884348907443,
  "val_f1": 0.14972571797353984,
  "test_loss": 0.7151556583600962,
  "test_acc": 0.5230352303523035,
  "test_f1": 0.15384615384615383
}
[2023-05-02 00:26:54] ========== Metrics ==========
[2023-05-02 00:26:58] Train Epoch: 8 [0/20000 (0.0%)]	Loss: 0.7346294522285461
[2023-05-02 00:27:28] Train Epoch: 8 [800/20000 (4.0%)]	Loss: 0.6616223454475403
[2023-05-02 00:27:59] Train Epoch: 8 [1600/20000 (8.0%)]	Loss: 0.6632675528526306
[2023-05-02 00:28:30] Train Epoch: 8 [2400/20000 (12.0%)]	Loss: 0.6952782869338989
[2023-05-02 00:29:01] Train Epoch: 8 [3200/20000 (16.0%)]	Loss: 0.6673661470413208
[2023-05-02 00:29:31] Train Epoch: 8 [4000/20000 (20.0%)]	Loss: 0.7048519849777222
[2023-05-02 00:30:02] Train Epoch: 8 [4800/20000 (24.0%)]	Loss: 0.6230103969573975
[2023-05-02 00:30:35] Train Epoch: 8 [5600/20000 (28.0%)]	Loss: 0.6856305599212646
[2023-05-02 00:31:04] Train Epoch: 8 [6400/20000 (32.0%)]	Loss: 0.6684801578521729
[2023-05-02 00:31:33] Train Epoch: 8 [7200/20000 (36.0%)]	Loss: 0.7077565789222717
[2023-05-02 00:32:02] Train Epoch: 8 [8000/20000 (40.0%)]	Loss: 0.6769814491271973
[2023-05-02 00:32:32] Train Epoch: 8 [8800/20000 (44.0%)]	Loss: 0.6607264876365662
[2023-05-02 00:33:01] Train Epoch: 8 [9600/20000 (48.0%)]	Loss: 0.6805155277252197
[2023-05-02 00:33:31] Train Epoch: 8 [10400/20000 (52.0%)]	Loss: 0.6496445536613464
[2023-05-02 00:34:02] Train Epoch: 8 [11200/20000 (56.0%)]	Loss: 0.6752452850341797
[2023-05-02 00:34:32] Train Epoch: 8 [12000/20000 (60.0%)]	Loss: 0.6601948738098145
[2023-05-02 00:35:02] Train Epoch: 8 [12800/20000 (64.0%)]	Loss: 0.6892833709716797
[2023-05-02 00:35:32] Train Epoch: 8 [13600/20000 (68.0%)]	Loss: 0.6592749357223511
[2023-05-02 00:36:03] Train Epoch: 8 [14400/20000 (72.0%)]	Loss: 0.6751406192779541
[2023-05-02 00:36:34] Train Epoch: 8 [15200/20000 (76.0%)]	Loss: 0.664676308631897
[2023-05-02 00:37:05] Train Epoch: 8 [16000/20000 (80.0%)]	Loss: 0.5933526754379272
[2023-05-02 00:37:35] Train Epoch: 8 [16800/20000 (84.0%)]	Loss: 0.5538864135742188
[2023-05-02 00:38:05] Train Epoch: 8 [17600/20000 (88.0%)]	Loss: 0.5924060940742493
[2023-05-02 00:38:35] Train Epoch: 8 [18400/20000 (92.0%)]	Loss: 0.730600118637085
[2023-05-02 00:39:06] Train Epoch: 8 [19200/20000 (96.0%)]	Loss: 0.7263603210449219
[2023-05-02 00:40:59] ========== Metrics ==========
[2023-05-02 00:40:59] {
  "tr_loss": 0.6708327623734129,
  "tr_acc": 0.558055805580558,
  "tr_f1": 0.39967395734275235,
  "val_loss": 0.6506773100205945,
  "val_acc": 0.625866050808314,
  "val_f1": 0.5014204545454546,
  "test_loss": 0.6846383567748031,
  "test_acc": 0.6016260162601627,
  "test_f1": 0.46153846153846156
}
[2023-05-02 00:40:59] ========== Metrics ==========
[2023-05-02 00:41:03] Train Epoch: 9 [0/20000 (0.0%)]	Loss: 0.5832034349441528
[2023-05-02 00:41:33] Train Epoch: 9 [800/20000 (4.0%)]	Loss: 0.8227137327194214
[2023-05-02 00:42:04] Train Epoch: 9 [1600/20000 (8.0%)]	Loss: 0.6265926957130432
[2023-05-02 00:42:36] Train Epoch: 9 [2400/20000 (12.0%)]	Loss: 0.5852698087692261
[2023-05-02 00:43:05] Train Epoch: 9 [3200/20000 (16.0%)]	Loss: 0.6842514872550964
[2023-05-02 00:43:37] Train Epoch: 9 [4000/20000 (20.0%)]	Loss: 0.5755026936531067
[2023-05-02 00:44:07] Train Epoch: 9 [4800/20000 (24.0%)]	Loss: 0.6258547306060791
[2023-05-02 00:44:37] Train Epoch: 9 [5600/20000 (28.0%)]	Loss: 0.659256100654602
[2023-05-02 00:45:07] Train Epoch: 9 [6400/20000 (32.0%)]	Loss: 0.6485277414321899
[2023-05-02 00:45:38] Train Epoch: 9 [7200/20000 (36.0%)]	Loss: 0.5884913206100464
[2023-05-02 00:46:09] Train Epoch: 9 [8000/20000 (40.0%)]	Loss: 0.7138714790344238
[2023-05-02 00:46:39] Train Epoch: 9 [8800/20000 (44.0%)]	Loss: 0.7172757387161255
[2023-05-02 00:47:09] Train Epoch: 9 [9600/20000 (48.0%)]	Loss: 0.6318517327308655
[2023-05-02 00:47:38] Train Epoch: 9 [10400/20000 (52.0%)]	Loss: 0.5492171049118042
[2023-05-02 00:48:08] Train Epoch: 9 [11200/20000 (56.0%)]	Loss: 0.5497698187828064
[2023-05-02 00:48:38] Train Epoch: 9 [12000/20000 (60.0%)]	Loss: 0.525598406791687
[2023-05-02 00:49:08] Train Epoch: 9 [12800/20000 (64.0%)]	Loss: 0.5891394019126892
[2023-05-02 00:49:38] Train Epoch: 9 [13600/20000 (68.0%)]	Loss: 0.5705038905143738
[2023-05-02 00:50:09] Train Epoch: 9 [14400/20000 (72.0%)]	Loss: 0.46763527393341064
[2023-05-02 00:50:39] Train Epoch: 9 [15200/20000 (76.0%)]	Loss: 0.5566274523735046
[2023-05-02 00:51:09] Train Epoch: 9 [16000/20000 (80.0%)]	Loss: 0.4440416395664215
[2023-05-02 00:51:39] Train Epoch: 9 [16800/20000 (84.0%)]	Loss: 0.2526710331439972
[2023-05-02 00:52:09] Train Epoch: 9 [17600/20000 (88.0%)]	Loss: 0.5964149236679077
[2023-05-02 00:52:39] Train Epoch: 9 [18400/20000 (92.0%)]	Loss: 0.47006821632385254
[2023-05-02 00:53:08] Train Epoch: 9 [19200/20000 (96.0%)]	Loss: 0.40118950605392456
[2023-05-02 00:55:02] ========== Metrics ==========
[2023-05-02 00:55:02] {
  "tr_loss": 0.5824064015507615,
  "tr_acc": 0.6923692369236923,
  "tr_f1": 0.6927072927072926,
  "val_loss": 0.46018189290294553,
  "val_acc": 0.7857523538816842,
  "val_f1": 0.7922122674017918,
  "test_loss": 0.5289011654168932,
  "test_acc": 0.7994579945799458,
  "test_f1": 0.803191489361702
}
[2023-05-02 00:55:02] ========== Metrics ==========
[2023-05-02 00:55:06] Train Epoch: 10 [0/20000 (0.0%)]	Loss: 0.38409626483917236
[2023-05-02 00:55:37] Train Epoch: 10 [800/20000 (4.0%)]	Loss: 0.2795032858848572
[2023-05-02 00:56:09] Train Epoch: 10 [1600/20000 (8.0%)]	Loss: 0.6934053897857666
[2023-05-02 00:56:41] Train Epoch: 10 [2400/20000 (12.0%)]	Loss: 0.3969656229019165
[2023-05-02 00:57:11] Train Epoch: 10 [3200/20000 (16.0%)]	Loss: 0.4756391942501068
[2023-05-02 00:57:41] Train Epoch: 10 [4000/20000 (20.0%)]	Loss: 0.4213716685771942
[2023-05-02 00:58:11] Train Epoch: 10 [4800/20000 (24.0%)]	Loss: 0.3894374966621399
[2023-05-02 00:58:40] Train Epoch: 10 [5600/20000 (28.0%)]	Loss: 0.3309127986431122
[2023-05-02 00:59:10] Train Epoch: 10 [6400/20000 (32.0%)]	Loss: 0.5064791440963745
[2023-05-02 00:59:40] Train Epoch: 10 [7200/20000 (36.0%)]	Loss: 0.39822274446487427
[2023-05-02 01:00:10] Train Epoch: 10 [8000/20000 (40.0%)]	Loss: 0.6428830027580261
[2023-05-02 01:00:40] Train Epoch: 10 [8800/20000 (44.0%)]	Loss: 0.3908996880054474
[2023-05-02 01:01:10] Train Epoch: 10 [9600/20000 (48.0%)]	Loss: 0.37752699851989746
[2023-05-02 01:01:40] Train Epoch: 10 [10400/20000 (52.0%)]	Loss: 0.23963123559951782
[2023-05-02 01:02:10] Train Epoch: 10 [11200/20000 (56.0%)]	Loss: 0.5277894735336304
[2023-05-02 01:02:41] Train Epoch: 10 [12000/20000 (60.0%)]	Loss: 0.4974142014980316
[2023-05-02 01:03:11] Train Epoch: 10 [12800/20000 (64.0%)]	Loss: 0.3846071660518646
[2023-05-02 01:03:41] Train Epoch: 10 [13600/20000 (68.0%)]	Loss: 0.5712748765945435
[2023-05-02 01:04:10] Train Epoch: 10 [14400/20000 (72.0%)]	Loss: 0.4592369794845581
[2023-05-02 01:04:40] Train Epoch: 10 [15200/20000 (76.0%)]	Loss: 0.433308482170105
[2023-05-02 01:05:10] Train Epoch: 10 [16000/20000 (80.0%)]	Loss: 0.4797552227973938
[2023-05-02 01:05:39] Train Epoch: 10 [16800/20000 (84.0%)]	Loss: 0.2471884936094284
[2023-05-02 01:06:08] Train Epoch: 10 [17600/20000 (88.0%)]	Loss: 0.23113375902175903
[2023-05-02 01:06:38] Train Epoch: 10 [18400/20000 (92.0%)]	Loss: 0.2874748706817627
[2023-05-02 01:07:08] Train Epoch: 10 [19200/20000 (96.0%)]	Loss: 0.4125468134880066
[2023-05-02 01:09:02] ========== Metrics ==========
[2023-05-02 01:09:02] {
  "tr_loss": 0.429722220775592,
  "tr_acc": 0.8087808780878087,
  "tr_f1": 0.8107118107118108,
  "val_loss": 0.43132270079223234,
  "val_acc": 0.8051163616983479,
  "val_f1": 0.8023779499189335,
  "test_loss": 0.43393099146483716,
  "test_acc": 0.8265582655826558,
  "test_f1": 0.8181818181818182
}
[2023-05-02 01:09:02] ========== Metrics ==========
[2023-05-02 01:09:05] Train Epoch: 11 [0/20000 (0.0%)]	Loss: 0.36568766832351685
[2023-05-02 01:09:36] Train Epoch: 11 [800/20000 (4.0%)]	Loss: 0.381509929895401
[2023-05-02 01:10:09] Train Epoch: 11 [1600/20000 (8.0%)]	Loss: 0.3223191201686859
[2023-05-02 01:10:39] Train Epoch: 11 [2400/20000 (12.0%)]	Loss: 0.3833054304122925
[2023-05-02 01:11:10] Train Epoch: 11 [3200/20000 (16.0%)]	Loss: 0.20466424524784088
[2023-05-02 01:11:39] Train Epoch: 11 [4000/20000 (20.0%)]	Loss: 0.23969027400016785
[2023-05-02 01:12:08] Train Epoch: 11 [4800/20000 (24.0%)]	Loss: 0.3101857304573059
[2023-05-02 01:12:38] Train Epoch: 11 [5600/20000 (28.0%)]	Loss: 0.6692678332328796
[2023-05-02 01:13:07] Train Epoch: 11 [6400/20000 (32.0%)]	Loss: 0.3160252869129181
[2023-05-02 01:13:36] Train Epoch: 11 [7200/20000 (36.0%)]	Loss: 0.20567739009857178
[2023-05-02 01:14:07] Train Epoch: 11 [8000/20000 (40.0%)]	Loss: 0.299219012260437
[2023-05-02 01:14:38] Train Epoch: 11 [8800/20000 (44.0%)]	Loss: 0.1814507693052292
[2023-05-02 01:15:07] Train Epoch: 11 [9600/20000 (48.0%)]	Loss: 0.2665660083293915
[2023-05-02 01:15:36] Train Epoch: 11 [10400/20000 (52.0%)]	Loss: 0.2535775899887085
[2023-05-02 01:16:05] Train Epoch: 11 [11200/20000 (56.0%)]	Loss: 0.4343818128108978
[2023-05-02 01:16:34] Train Epoch: 11 [12000/20000 (60.0%)]	Loss: 0.31247860193252563
[2023-05-02 01:17:06] Train Epoch: 11 [12800/20000 (64.0%)]	Loss: 0.2365170568227768
[2023-05-02 01:17:35] Train Epoch: 11 [13600/20000 (68.0%)]	Loss: 0.5016815066337585
[2023-05-02 01:18:04] Train Epoch: 11 [14400/20000 (72.0%)]	Loss: 0.30450206995010376
[2023-05-02 01:18:34] Train Epoch: 11 [15200/20000 (76.0%)]	Loss: 0.319410115480423
[2023-05-02 01:19:03] Train Epoch: 11 [16000/20000 (80.0%)]	Loss: 0.9511470794677734
[2023-05-02 01:19:32] Train Epoch: 11 [16800/20000 (84.0%)]	Loss: 0.2712293863296509
[2023-05-02 01:20:02] Train Epoch: 11 [17600/20000 (88.0%)]	Loss: 0.1898818463087082
[2023-05-02 01:20:31] Train Epoch: 11 [18400/20000 (92.0%)]	Loss: 0.2652824819087982
[2023-05-02 01:21:00] Train Epoch: 11 [19200/20000 (96.0%)]	Loss: 0.3757931888103485
[2023-05-02 01:22:57] ========== Metrics ==========
[2023-05-02 01:22:57] {
  "tr_loss": 0.3824126893716498,
  "tr_acc": 0.8315331533153315,
  "tr_f1": 0.8326461676022057,
  "val_loss": 0.4251718420735852,
  "val_acc": 0.8028068928761769,
  "val_f1": 0.8038869257950529,
  "test_loss": 0.4950623479962026,
  "test_acc": 0.8292682926829268,
  "test_f1": 0.8225352112676056
}
[2023-05-02 01:22:57] ========== Metrics ==========
[2023-05-02 01:23:01] Train Epoch: 12 [0/20000 (0.0%)]	Loss: 0.5139193534851074
[2023-05-02 01:23:31] Train Epoch: 12 [800/20000 (4.0%)]	Loss: 0.2791701555252075
[2023-05-02 01:24:02] Train Epoch: 12 [1600/20000 (8.0%)]	Loss: 0.49001312255859375
[2023-05-02 01:24:32] Train Epoch: 12 [2400/20000 (12.0%)]	Loss: 0.3313412070274353
[2023-05-02 01:25:02] Train Epoch: 12 [3200/20000 (16.0%)]	Loss: 0.46274831891059875
[2023-05-02 01:25:31] Train Epoch: 12 [4000/20000 (20.0%)]	Loss: 0.43859967589378357
[2023-05-02 01:26:01] Train Epoch: 12 [4800/20000 (24.0%)]	Loss: 0.21567660570144653
[2023-05-02 01:26:31] Train Epoch: 12 [5600/20000 (28.0%)]	Loss: 0.248388409614563
[2023-05-02 01:27:01] Train Epoch: 12 [6400/20000 (32.0%)]	Loss: 0.17358535528182983
[2023-05-02 01:27:32] Train Epoch: 12 [7200/20000 (36.0%)]	Loss: 0.35885870456695557
[2023-05-02 01:28:01] Train Epoch: 12 [8000/20000 (40.0%)]	Loss: 0.35126230120658875
[2023-05-02 01:28:31] Train Epoch: 12 [8800/20000 (44.0%)]	Loss: 0.3949952721595764
[2023-05-02 01:29:02] Train Epoch: 12 [9600/20000 (48.0%)]	Loss: 0.33761388063430786
[2023-05-02 01:29:32] Train Epoch: 12 [10400/20000 (52.0%)]	Loss: 0.3620446026325226
[2023-05-02 01:30:01] Train Epoch: 12 [11200/20000 (56.0%)]	Loss: 0.2852049171924591
[2023-05-02 01:30:31] Train Epoch: 12 [12000/20000 (60.0%)]	Loss: 0.271230548620224
[2023-05-02 01:31:01] Train Epoch: 12 [12800/20000 (64.0%)]	Loss: 0.4368041157722473
[2023-05-02 01:31:31] Train Epoch: 12 [13600/20000 (68.0%)]	Loss: 0.5542445182800293
[2023-05-02 01:32:01] Train Epoch: 12 [14400/20000 (72.0%)]	Loss: 0.4226909577846527
[2023-05-02 01:32:31] Train Epoch: 12 [15200/20000 (76.0%)]	Loss: 0.45848149061203003
[2023-05-02 01:33:00] Train Epoch: 12 [16000/20000 (80.0%)]	Loss: 0.18439269065856934
[2023-05-02 01:33:29] Train Epoch: 12 [16800/20000 (84.0%)]	Loss: 0.3945043981075287
[2023-05-02 01:33:58] Train Epoch: 12 [17600/20000 (88.0%)]	Loss: 0.6814035773277283
[2023-05-02 01:34:27] Train Epoch: 12 [18400/20000 (92.0%)]	Loss: 0.468995600938797
[2023-05-02 01:34:58] Train Epoch: 12 [19200/20000 (96.0%)]	Loss: 0.3344142735004425
[2023-05-02 01:36:52] ========== Metrics ==========
[2023-05-02 01:36:52] {
  "tr_loss": 0.3767207151818888,
  "tr_acc": 0.8352835283528353,
  "tr_f1": 0.8367043426531826,
  "val_loss": 0.4329756293336628,
  "val_acc": 0.8052940131462072,
  "val_f1": 0.7977859778597786,
  "test_loss": 0.4891255373554178,
  "test_acc": 0.8373983739837398,
  "test_f1": 0.8245614035087719
}
[2023-05-02 01:36:52] ========== Metrics ==========
[2023-05-02 01:36:56] Train Epoch: 13 [0/20000 (0.0%)]	Loss: 0.5538915395736694
[2023-05-02 01:37:26] Train Epoch: 13 [800/20000 (4.0%)]	Loss: 0.2670286297798157
[2023-05-02 01:37:57] Train Epoch: 13 [1600/20000 (8.0%)]	Loss: 0.39674800634384155
[2023-05-02 01:38:28] Train Epoch: 13 [2400/20000 (12.0%)]	Loss: 0.2616639733314514
[2023-05-02 01:38:58] Train Epoch: 13 [3200/20000 (16.0%)]	Loss: 0.1648135781288147
[2023-05-02 01:39:28] Train Epoch: 13 [4000/20000 (20.0%)]	Loss: 0.36220741271972656
[2023-05-02 01:39:58] Train Epoch: 13 [4800/20000 (24.0%)]	Loss: 0.5040754079818726
[2023-05-02 01:40:29] Train Epoch: 13 [5600/20000 (28.0%)]	Loss: 0.3748190104961395
[2023-05-02 01:40:59] Train Epoch: 13 [6400/20000 (32.0%)]	Loss: 0.375033438205719
[2023-05-02 01:41:29] Train Epoch: 13 [7200/20000 (36.0%)]	Loss: 0.2157619595527649
[2023-05-02 01:41:58] Train Epoch: 13 [8000/20000 (40.0%)]	Loss: 0.8564399480819702
[2023-05-02 01:42:27] Train Epoch: 13 [8800/20000 (44.0%)]	Loss: 0.3444443643093109
[2023-05-02 01:42:57] Train Epoch: 13 [9600/20000 (48.0%)]	Loss: 0.3322884440422058
[2023-05-02 01:43:26] Train Epoch: 13 [10400/20000 (52.0%)]	Loss: 0.37385764718055725
[2023-05-02 01:43:56] Train Epoch: 13 [11200/20000 (56.0%)]	Loss: 0.1879807710647583
[2023-05-02 01:44:26] Train Epoch: 13 [12000/20000 (60.0%)]	Loss: 0.3270922601222992
[2023-05-02 01:44:55] Train Epoch: 13 [12800/20000 (64.0%)]	Loss: 0.3482804596424103
[2023-05-02 01:45:25] Train Epoch: 13 [13600/20000 (68.0%)]	Loss: 0.380767285823822
[2023-05-02 01:45:55] Train Epoch: 13 [14400/20000 (72.0%)]	Loss: 0.35631364583969116
[2023-05-02 01:46:25] Train Epoch: 13 [15200/20000 (76.0%)]	Loss: 0.5101627111434937
[2023-05-02 01:46:55] Train Epoch: 13 [16000/20000 (80.0%)]	Loss: 0.2982299029827118
[2023-05-02 01:47:25] Train Epoch: 13 [16800/20000 (84.0%)]	Loss: 0.25905412435531616
[2023-05-02 01:47:55] Train Epoch: 13 [17600/20000 (88.0%)]	Loss: 0.5740994215011597
[2023-05-02 01:48:25] Train Epoch: 13 [18400/20000 (92.0%)]	Loss: 0.5760619640350342
[2023-05-02 01:48:55] Train Epoch: 13 [19200/20000 (96.0%)]	Loss: 0.4823271632194519
[2023-05-02 01:50:50] ========== Metrics ==========
[2023-05-02 01:50:50] {
  "tr_loss": 0.37336674608317766,
  "tr_acc": 0.8368836883688369,
  "tr_f1": 0.8387702649268486,
  "val_loss": 0.42428630358542996,
  "val_acc": 0.8068928761769408,
  "val_f1": 0.8055108248344964,
  "test_loss": 0.4029396135955645,
  "test_acc": 0.8346883468834688,
  "test_f1": 0.8252148997134671
}
[2023-05-02 01:50:50] ========== Metrics ==========
[2023-05-02 01:50:54] Train Epoch: 14 [0/20000 (0.0%)]	Loss: 0.6013249754905701
[2023-05-02 01:51:24] Train Epoch: 14 [800/20000 (4.0%)]	Loss: 0.6590309143066406
[2023-05-02 01:51:57] Train Epoch: 14 [1600/20000 (8.0%)]	Loss: 0.6164953112602234
[2023-05-02 01:52:27] Train Epoch: 14 [2400/20000 (12.0%)]	Loss: 0.12198706716299057
[2023-05-02 01:52:57] Train Epoch: 14 [3200/20000 (16.0%)]	Loss: 0.24602080881595612
[2023-05-02 01:53:27] Train Epoch: 14 [4000/20000 (20.0%)]	Loss: 0.331496924161911
[2023-05-02 01:53:56] Train Epoch: 14 [4800/20000 (24.0%)]	Loss: 0.43044018745422363
[2023-05-02 01:54:26] Train Epoch: 14 [5600/20000 (28.0%)]	Loss: 0.3258238136768341
[2023-05-02 01:54:56] Train Epoch: 14 [6400/20000 (32.0%)]	Loss: 0.11973987519741058
[2023-05-02 01:55:26] Train Epoch: 14 [7200/20000 (36.0%)]	Loss: 0.37177249789237976
[2023-05-02 01:55:55] Train Epoch: 14 [8000/20000 (40.0%)]	Loss: 0.1443650871515274
[2023-05-02 01:56:25] Train Epoch: 14 [8800/20000 (44.0%)]	Loss: 0.3005535304546356
[2023-05-02 01:56:54] Train Epoch: 14 [9600/20000 (48.0%)]	Loss: 0.6773126125335693
[2023-05-02 01:57:25] Train Epoch: 14 [10400/20000 (52.0%)]	Loss: 0.11809990555047989
[2023-05-02 01:57:55] Train Epoch: 14 [11200/20000 (56.0%)]	Loss: 0.22797533869743347
[2023-05-02 01:58:26] Train Epoch: 14 [12000/20000 (60.0%)]	Loss: 0.1660967618227005
[2023-05-02 01:58:55] Train Epoch: 14 [12800/20000 (64.0%)]	Loss: 0.4947439134120941
[2023-05-02 01:59:25] Train Epoch: 14 [13600/20000 (68.0%)]	Loss: 0.6086621284484863
[2023-05-02 01:59:55] Train Epoch: 14 [14400/20000 (72.0%)]	Loss: 0.5686711072921753
[2023-05-02 02:00:25] Train Epoch: 14 [15200/20000 (76.0%)]	Loss: 0.33455514907836914
[2023-05-02 02:00:55] Train Epoch: 14 [16000/20000 (80.0%)]	Loss: 0.3558533787727356
[2023-05-02 02:01:26] Train Epoch: 14 [16800/20000 (84.0%)]	Loss: 0.38603854179382324
[2023-05-02 02:01:56] Train Epoch: 14 [17600/20000 (88.0%)]	Loss: 0.31324300169944763
[2023-05-02 02:02:26] Train Epoch: 14 [18400/20000 (92.0%)]	Loss: 0.6382876634597778
[2023-05-02 02:02:57] Train Epoch: 14 [19200/20000 (96.0%)]	Loss: 0.4349828064441681
[2023-05-02 02:04:51] ========== Metrics ==========
[2023-05-02 02:04:51] {
  "tr_loss": 0.3705064510331057,
  "tr_acc": 0.8384338433843385,
  "tr_f1": 0.8399147797651489,
  "val_loss": 0.422690154562032,
  "val_acc": 0.8068928761769408,
  "val_f1": 0.8074402125775022,
  "test_loss": 0.38747244717952034,
  "test_acc": 0.8455284552845529,
  "test_f1": 0.8403361344537815
}
[2023-05-02 02:04:51] ========== Metrics ==========
[2023-05-02 02:04:54] Train Epoch: 15 [0/20000 (0.0%)]	Loss: 0.5261527299880981
[2023-05-02 02:05:25] Train Epoch: 15 [800/20000 (4.0%)]	Loss: 0.5835790038108826
[2023-05-02 02:05:55] Train Epoch: 15 [1600/20000 (8.0%)]	Loss: 0.47799190878868103
[2023-05-02 02:06:26] Train Epoch: 15 [2400/20000 (12.0%)]	Loss: 0.2758535146713257
[2023-05-02 02:06:57] Train Epoch: 15 [3200/20000 (16.0%)]	Loss: 0.4663744270801544
[2023-05-02 02:07:27] Train Epoch: 15 [4000/20000 (20.0%)]	Loss: 0.3623543679714203
[2023-05-02 02:07:58] Train Epoch: 15 [4800/20000 (24.0%)]	Loss: 0.30070117115974426
[2023-05-02 02:08:30] Train Epoch: 15 [5600/20000 (28.0%)]	Loss: 0.21638557314872742
[2023-05-02 02:08:59] Train Epoch: 15 [6400/20000 (32.0%)]	Loss: 0.610418438911438
[2023-05-02 02:09:29] Train Epoch: 15 [7200/20000 (36.0%)]	Loss: 0.24488693475723267
[2023-05-02 02:09:59] Train Epoch: 15 [8000/20000 (40.0%)]	Loss: 0.17365217208862305
[2023-05-02 02:10:29] Train Epoch: 15 [8800/20000 (44.0%)]	Loss: 0.3972620368003845
[2023-05-02 02:10:59] Train Epoch: 15 [9600/20000 (48.0%)]	Loss: 0.23737367987632751
[2023-05-02 02:11:29] Train Epoch: 15 [10400/20000 (52.0%)]	Loss: 0.13047298789024353
[2023-05-02 02:12:00] Train Epoch: 15 [11200/20000 (56.0%)]	Loss: 0.38680464029312134
[2023-05-02 02:12:31] Train Epoch: 15 [12000/20000 (60.0%)]	Loss: 0.4544016718864441
[2023-05-02 02:13:01] Train Epoch: 15 [12800/20000 (64.0%)]	Loss: 0.228120818734169
[2023-05-02 02:13:32] Train Epoch: 15 [13600/20000 (68.0%)]	Loss: 0.36351221799850464
[2023-05-02 02:14:02] Train Epoch: 15 [14400/20000 (72.0%)]	Loss: 0.3105239272117615
[2023-05-02 02:14:32] Train Epoch: 15 [15200/20000 (76.0%)]	Loss: 0.262007474899292
[2023-05-02 02:15:02] Train Epoch: 15 [16000/20000 (80.0%)]	Loss: 0.29374462366104126
[2023-05-02 02:15:32] Train Epoch: 15 [16800/20000 (84.0%)]	Loss: 0.4279216229915619
[2023-05-02 02:16:02] Train Epoch: 15 [17600/20000 (88.0%)]	Loss: 0.2513047754764557
[2023-05-02 02:16:32] Train Epoch: 15 [18400/20000 (92.0%)]	Loss: 0.3719702363014221
[2023-05-02 02:17:02] Train Epoch: 15 [19200/20000 (96.0%)]	Loss: 0.5975114703178406
[2023-05-02 02:18:59] ========== Metrics ==========
[2023-05-02 02:18:59] {
  "tr_loss": 0.36637201825074284,
  "tr_acc": 0.8408340834083409,
  "tr_f1": 0.8421991968667888,
  "val_loss": 0.4196467884990118,
  "val_acc": 0.8086693906555339,
  "val_f1": 0.8059109749504415,
  "test_loss": 0.3968362484359483,
  "test_acc": 0.8319783197831978,
  "test_f1": 0.8197674418604652
}
[2023-05-02 02:18:59] ========== Metrics ==========
[2023-05-02 02:19:03] Train Epoch: 16 [0/20000 (0.0%)]	Loss: 0.3034680187702179
[2023-05-02 02:19:33] Train Epoch: 16 [800/20000 (4.0%)]	Loss: 0.26787757873535156
[2023-05-02 02:20:03] Train Epoch: 16 [1600/20000 (8.0%)]	Loss: 0.26414695382118225
[2023-05-02 02:20:34] Train Epoch: 16 [2400/20000 (12.0%)]	Loss: 0.3149715065956116
[2023-05-02 02:21:06] Train Epoch: 16 [3200/20000 (16.0%)]	Loss: 0.1911429464817047
[2023-05-02 02:21:36] Train Epoch: 16 [4000/20000 (20.0%)]	Loss: 0.2388303130865097
[2023-05-02 02:22:06] Train Epoch: 16 [4800/20000 (24.0%)]	Loss: 0.4790063798427582
[2023-05-02 02:22:38] Train Epoch: 16 [5600/20000 (28.0%)]	Loss: 0.4793229103088379
[2023-05-02 02:23:08] Train Epoch: 16 [6400/20000 (32.0%)]	Loss: 0.3363952040672302
[2023-05-02 02:23:38] Train Epoch: 16 [7200/20000 (36.0%)]	Loss: 0.4257548749446869
[2023-05-02 02:24:08] Train Epoch: 16 [8000/20000 (40.0%)]	Loss: 0.31958305835723877
[2023-05-02 02:24:38] Train Epoch: 16 [8800/20000 (44.0%)]	Loss: 0.29525986313819885
[2023-05-02 02:25:08] Train Epoch: 16 [9600/20000 (48.0%)]	Loss: 0.496675580739975
[2023-05-02 02:25:39] Train Epoch: 16 [10400/20000 (52.0%)]	Loss: 0.3971764147281647
[2023-05-02 02:26:09] Train Epoch: 16 [11200/20000 (56.0%)]	Loss: 0.41507965326309204
[2023-05-02 02:26:39] Train Epoch: 16 [12000/20000 (60.0%)]	Loss: 0.23287391662597656
[2023-05-02 02:27:09] Train Epoch: 16 [12800/20000 (64.0%)]	Loss: 0.1451079547405243
[2023-05-02 02:27:39] Train Epoch: 16 [13600/20000 (68.0%)]	Loss: 0.3312110900878906
[2023-05-02 02:28:09] Train Epoch: 16 [14400/20000 (72.0%)]	Loss: 0.2079785168170929
[2023-05-02 02:28:39] Train Epoch: 16 [15200/20000 (76.0%)]	Loss: 0.37456202507019043
[2023-05-02 02:29:10] Train Epoch: 16 [16000/20000 (80.0%)]	Loss: 0.2817654311656952
[2023-05-02 02:29:40] Train Epoch: 16 [16800/20000 (84.0%)]	Loss: 0.3883557915687561
[2023-05-02 02:30:10] Train Epoch: 16 [17600/20000 (88.0%)]	Loss: 0.23596680164337158
[2023-05-02 02:30:40] Train Epoch: 16 [18400/20000 (92.0%)]	Loss: 0.35555583238601685
[2023-05-02 02:31:10] Train Epoch: 16 [19200/20000 (96.0%)]	Loss: 0.2274659276008606
[2023-05-02 02:33:04] ========== Metrics ==========
[2023-05-02 02:33:04] {
  "tr_loss": 0.3626336867552493,
  "tr_acc": 0.8424342434243425,
  "tr_f1": 0.8433507332836191,
  "val_loss": 0.418807939454704,
  "val_acc": 0.8074258305205188,
  "val_f1": 0.8096241657885493,
  "test_loss": 0.39030390315585667,
  "test_acc": 0.8319783197831978,
  "test_f1": 0.8277777777777777
}
[2023-05-02 02:33:04] ========== Metrics ==========
[2023-05-02 02:33:07] Train Epoch: 17 [0/20000 (0.0%)]	Loss: 0.37386009097099304
[2023-05-02 02:33:38] Train Epoch: 17 [800/20000 (4.0%)]	Loss: 0.23427170515060425
[2023-05-02 02:34:09] Train Epoch: 17 [1600/20000 (8.0%)]	Loss: 0.5349892377853394
[2023-05-02 02:34:40] Train Epoch: 17 [2400/20000 (12.0%)]	Loss: 0.2650381028652191
[2023-05-02 02:35:11] Train Epoch: 17 [3200/20000 (16.0%)]	Loss: 0.527554988861084
[2023-05-02 02:35:42] Train Epoch: 17 [4000/20000 (20.0%)]	Loss: 0.483327716588974
[2023-05-02 02:36:13] Train Epoch: 17 [4800/20000 (24.0%)]	Loss: 0.2007305920124054
[2023-05-02 02:36:45] Train Epoch: 17 [5600/20000 (28.0%)]	Loss: 0.30008381605148315
[2023-05-02 02:37:14] Train Epoch: 17 [6400/20000 (32.0%)]	Loss: 0.42987143993377686
[2023-05-02 02:37:45] Train Epoch: 17 [7200/20000 (36.0%)]	Loss: 0.5674795508384705
[2023-05-02 02:38:15] Train Epoch: 17 [8000/20000 (40.0%)]	Loss: 0.6157436966896057
[2023-05-02 02:38:46] Train Epoch: 17 [8800/20000 (44.0%)]	Loss: 0.12763945758342743
[2023-05-02 02:39:16] Train Epoch: 17 [9600/20000 (48.0%)]	Loss: 0.23598723113536835
[2023-05-02 02:39:46] Train Epoch: 17 [10400/20000 (52.0%)]	Loss: 0.2477830946445465
[2023-05-02 02:40:16] Train Epoch: 17 [11200/20000 (56.0%)]	Loss: 0.2497812807559967
[2023-05-02 02:40:46] Train Epoch: 17 [12000/20000 (60.0%)]	Loss: 0.24704158306121826
[2023-05-02 02:41:17] Train Epoch: 17 [12800/20000 (64.0%)]	Loss: 0.17223437130451202
[2023-05-02 02:41:47] Train Epoch: 17 [13600/20000 (68.0%)]	Loss: 0.20931094884872437
[2023-05-02 02:42:17] Train Epoch: 17 [14400/20000 (72.0%)]	Loss: 0.3560367226600647
[2023-05-02 02:42:47] Train Epoch: 17 [15200/20000 (76.0%)]	Loss: 0.39912185072898865
[2023-05-02 02:43:17] Train Epoch: 17 [16000/20000 (80.0%)]	Loss: 0.4263050854206085
[2023-05-02 02:43:48] Train Epoch: 17 [16800/20000 (84.0%)]	Loss: 0.36979833245277405
[2023-05-02 02:44:18] Train Epoch: 17 [17600/20000 (88.0%)]	Loss: 0.496743381023407
[2023-05-02 02:44:48] Train Epoch: 17 [18400/20000 (92.0%)]	Loss: 0.28942111134529114
[2023-05-02 02:45:18] Train Epoch: 17 [19200/20000 (96.0%)]	Loss: 0.33161136507987976
[2023-05-02 02:47:13] ========== Metrics ==========
[2023-05-02 02:47:13] {
  "tr_loss": 0.3627189064350161,
  "tr_acc": 0.8421842184218422,
  "tr_f1": 0.843545508625818,
  "val_loss": 0.4183141069781571,
  "val_acc": 0.8083140877598153,
  "val_f1": 0.8086540166696223,
  "test_loss": 0.39529449636051,
  "test_acc": 0.8265582655826558,
  "test_f1": 0.8202247191011235
}
[2023-05-02 02:47:13] ========== Metrics ==========
[2023-05-02 02:47:17] Train Epoch: 18 [0/20000 (0.0%)]	Loss: 0.33243024349212646
[2023-05-02 02:47:48] Train Epoch: 18 [800/20000 (4.0%)]	Loss: 0.5817442536354065
[2023-05-02 02:48:20] Train Epoch: 18 [1600/20000 (8.0%)]	Loss: 0.18366502225399017
[2023-05-02 02:48:52] Train Epoch: 18 [2400/20000 (12.0%)]	Loss: 0.14509016275405884
[2023-05-02 02:49:23] Train Epoch: 18 [3200/20000 (16.0%)]	Loss: 0.25616806745529175
[2023-05-02 02:49:54] Train Epoch: 18 [4000/20000 (20.0%)]	Loss: 0.15058369934558868
[2023-05-02 02:50:25] Train Epoch: 18 [4800/20000 (24.0%)]	Loss: 0.45698532462120056
[2023-05-02 02:50:55] Train Epoch: 18 [5600/20000 (28.0%)]	Loss: 0.2661975026130676
[2023-05-02 02:51:26] Train Epoch: 18 [6400/20000 (32.0%)]	Loss: 0.42974525690078735
[2023-05-02 02:51:56] Train Epoch: 18 [7200/20000 (36.0%)]	Loss: 0.29925453662872314
[2023-05-02 02:52:26] Train Epoch: 18 [8000/20000 (40.0%)]	Loss: 0.16433139145374298
[2023-05-02 02:52:57] Train Epoch: 18 [8800/20000 (44.0%)]	Loss: 0.3406124413013458
[2023-05-02 02:53:27] Train Epoch: 18 [9600/20000 (48.0%)]	Loss: 0.3231903612613678
[2023-05-02 02:53:57] Train Epoch: 18 [10400/20000 (52.0%)]	Loss: 0.31522974371910095
[2023-05-02 02:54:27] Train Epoch: 18 [11200/20000 (56.0%)]	Loss: 0.39213860034942627
[2023-05-02 02:54:57] Train Epoch: 18 [12000/20000 (60.0%)]	Loss: 0.3546791076660156
[2023-05-02 02:55:27] Train Epoch: 18 [12800/20000 (64.0%)]	Loss: 0.2603084146976471
[2023-05-02 02:55:58] Train Epoch: 18 [13600/20000 (68.0%)]	Loss: 0.4373477101325989
[2023-05-02 02:56:28] Train Epoch: 18 [14400/20000 (72.0%)]	Loss: 0.28689438104629517
[2023-05-02 02:56:58] Train Epoch: 18 [15200/20000 (76.0%)]	Loss: 0.20787054300308228
[2023-05-02 02:57:28] Train Epoch: 18 [16000/20000 (80.0%)]	Loss: 0.27046728134155273
[2023-05-02 02:57:58] Train Epoch: 18 [16800/20000 (84.0%)]	Loss: 0.7779635190963745
[2023-05-02 02:58:28] Train Epoch: 18 [17600/20000 (88.0%)]	Loss: 0.2189270704984665
[2023-05-02 02:58:57] Train Epoch: 18 [18400/20000 (92.0%)]	Loss: 0.6222817301750183
[2023-05-02 02:59:27] Train Epoch: 18 [19200/20000 (96.0%)]	Loss: 0.37265241146087646
[2023-05-02 03:01:22] ========== Metrics ==========
[2023-05-02 03:01:22] {
  "tr_loss": 0.36193343978224307,
  "tr_acc": 0.8422342234223422,
  "tr_f1": 0.8436493384211309,
  "val_loss": 0.4196818151489247,
  "val_acc": 0.8070705276248001,
  "val_f1": 0.8075832742735648,
  "test_loss": 0.42338900837471816,
  "test_acc": 0.8346883468834688,
  "test_f1": 0.8271954674220963
}
[2023-05-02 03:01:22] ========== Metrics ==========
[2023-05-02 03:01:25] Train Epoch: 19 [0/20000 (0.0%)]	Loss: 0.218618243932724
[2023-05-02 03:01:56] Train Epoch: 19 [800/20000 (4.0%)]	Loss: 0.3303331434726715
[2023-05-02 03:02:27] Train Epoch: 19 [1600/20000 (8.0%)]	Loss: 0.42468172311782837
[2023-05-02 03:02:59] Train Epoch: 19 [2400/20000 (12.0%)]	Loss: 0.29464608430862427
[2023-05-02 03:03:30] Train Epoch: 19 [3200/20000 (16.0%)]	Loss: 0.2850131690502167
[2023-05-02 03:04:00] Train Epoch: 19 [4000/20000 (20.0%)]	Loss: 0.19206370413303375
[2023-05-02 03:04:30] Train Epoch: 19 [4800/20000 (24.0%)]	Loss: 0.2938428819179535
[2023-05-02 03:05:00] Train Epoch: 19 [5600/20000 (28.0%)]	Loss: 0.5001494884490967
[2023-05-02 03:05:31] Train Epoch: 19 [6400/20000 (32.0%)]	Loss: 0.3740885257720947
[2023-05-02 03:06:01] Train Epoch: 19 [7200/20000 (36.0%)]	Loss: 0.5106020569801331
[2023-05-02 03:06:31] Train Epoch: 19 [8000/20000 (40.0%)]	Loss: 0.2905421555042267
[2023-05-02 03:07:02] Train Epoch: 19 [8800/20000 (44.0%)]	Loss: 0.389184832572937
[2023-05-02 03:07:32] Train Epoch: 19 [9600/20000 (48.0%)]	Loss: 0.351807564496994
[2023-05-02 03:08:01] Train Epoch: 19 [10400/20000 (52.0%)]	Loss: 0.33522623777389526
[2023-05-02 03:08:32] Train Epoch: 19 [11200/20000 (56.0%)]	Loss: 0.35583412647247314
[2023-05-02 03:09:02] Train Epoch: 19 [12000/20000 (60.0%)]	Loss: 0.19238871335983276
[2023-05-02 03:09:32] Train Epoch: 19 [12800/20000 (64.0%)]	Loss: 0.21345414221286774
[2023-05-02 03:10:02] Train Epoch: 19 [13600/20000 (68.0%)]	Loss: 0.357252836227417
[2023-05-02 03:10:32] Train Epoch: 19 [14400/20000 (72.0%)]	Loss: 0.4932003617286682
[2023-05-02 03:11:02] Train Epoch: 19 [15200/20000 (76.0%)]	Loss: 0.22966167330741882
[2023-05-02 03:11:33] Train Epoch: 19 [16000/20000 (80.0%)]	Loss: 0.4236338138580322
[2023-05-02 03:12:03] Train Epoch: 19 [16800/20000 (84.0%)]	Loss: 0.14618955552577972
[2023-05-02 03:12:33] Train Epoch: 19 [17600/20000 (88.0%)]	Loss: 0.5115059018135071
[2023-05-02 03:13:04] Train Epoch: 19 [18400/20000 (92.0%)]	Loss: 0.3648049235343933
[2023-05-02 03:13:34] Train Epoch: 19 [19200/20000 (96.0%)]	Loss: 0.5407317280769348
[2023-05-02 03:15:29] ========== Metrics ==========
[2023-05-02 03:15:29] {
  "tr_loss": 0.361819572175237,
  "tr_acc": 0.8421342134213421,
  "tr_f1": 0.8433172862176784,
  "val_loss": 0.41828728558687234,
  "val_acc": 0.8084917392076746,
  "val_f1": 0.8101444170482565,
  "test_loss": 0.38648080987335864,
  "test_acc": 0.8428184281842819,
  "test_f1": 0.8370786516853933
}
[2023-05-02 03:15:29] ========== Metrics ==========
[2023-05-02 03:15:32] Train Epoch: 20 [0/20000 (0.0%)]	Loss: 0.45927494764328003
[2023-05-02 03:16:03] Train Epoch: 20 [800/20000 (4.0%)]	Loss: 0.6530130505561829
[2023-05-02 03:16:34] Train Epoch: 20 [1600/20000 (8.0%)]	Loss: 0.3222518563270569
[2023-05-02 03:17:06] Train Epoch: 20 [2400/20000 (12.0%)]	Loss: 0.31282341480255127
[2023-05-02 03:17:37] Train Epoch: 20 [3200/20000 (16.0%)]	Loss: 0.21410667896270752
[2023-05-02 03:18:08] Train Epoch: 20 [4000/20000 (20.0%)]	Loss: 0.4369470477104187
[2023-05-02 03:18:38] Train Epoch: 20 [4800/20000 (24.0%)]	Loss: 0.4072892665863037
[2023-05-02 03:19:08] Train Epoch: 20 [5600/20000 (28.0%)]	Loss: 0.3827265501022339
[2023-05-02 03:19:38] Train Epoch: 20 [6400/20000 (32.0%)]	Loss: 0.2552604675292969
[2023-05-02 03:20:08] Train Epoch: 20 [7200/20000 (36.0%)]	Loss: 0.3689153790473938
[2023-05-02 03:20:39] Train Epoch: 20 [8000/20000 (40.0%)]	Loss: 0.21199481189250946
[2023-05-02 03:21:10] Train Epoch: 20 [8800/20000 (44.0%)]	Loss: 0.23430055379867554
[2023-05-02 03:21:40] Train Epoch: 20 [9600/20000 (48.0%)]	Loss: 0.2238055169582367
[2023-05-02 03:22:09] Train Epoch: 20 [10400/20000 (52.0%)]	Loss: 0.3854335844516754
[2023-05-02 03:22:38] Train Epoch: 20 [11200/20000 (56.0%)]	Loss: 0.2741698622703552
[2023-05-02 03:23:08] Train Epoch: 20 [12000/20000 (60.0%)]	Loss: 0.41284048557281494
[2023-05-02 03:23:38] Train Epoch: 20 [12800/20000 (64.0%)]	Loss: 0.43417713046073914
[2023-05-02 03:24:08] Train Epoch: 20 [13600/20000 (68.0%)]	Loss: 0.4279988408088684
[2023-05-02 03:24:38] Train Epoch: 20 [14400/20000 (72.0%)]	Loss: 0.28774192929267883
[2023-05-02 03:25:08] Train Epoch: 20 [15200/20000 (76.0%)]	Loss: 0.5567623972892761
[2023-05-02 03:25:39] Train Epoch: 20 [16000/20000 (80.0%)]	Loss: 0.445051908493042
[2023-05-02 03:26:08] Train Epoch: 20 [16800/20000 (84.0%)]	Loss: 0.47329914569854736
[2023-05-02 03:26:38] Train Epoch: 20 [17600/20000 (88.0%)]	Loss: 0.25633350014686584
[2023-05-02 03:27:08] Train Epoch: 20 [18400/20000 (92.0%)]	Loss: 0.5087838768959045
[2023-05-02 03:27:39] Train Epoch: 20 [19200/20000 (96.0%)]	Loss: 0.19105610251426697
[2023-05-02 03:29:34] ========== Metrics ==========
[2023-05-02 03:29:34] {
  "tr_loss": 0.36106214432468864,
  "tr_acc": 0.8435343534353436,
  "tr_f1": 0.8451373422420193,
  "val_loss": 0.41976966824449385,
  "val_acc": 0.8084917392076746,
  "val_f1": 0.8085937500000001,
  "test_loss": 0.40843921625194185,
  "test_acc": 0.8401084010840109,
  "test_f1": 0.8338028169014085
}
[2023-05-02 03:29:34] ========== Metrics ==========
