[2023-05-02 18:30:38] Train Epoch: 1 [0/20000 (0.0%)]	Loss: 0.6893754601478577
[2023-05-02 18:33:07] Train Epoch: 1 [800/20000 (4.0%)]	Loss: 0.6946795582771301
[2023-05-02 18:34:13] Train Epoch: 1 [1600/20000 (8.0%)]	Loss: 0.5427337884902954
[2023-05-02 18:35:16] Train Epoch: 1 [2400/20000 (12.0%)]	Loss: 0.6812334060668945
[2023-05-02 18:36:07] Train Epoch: 1 [3200/20000 (16.0%)]	Loss: 0.6859455704689026
[2023-05-02 18:36:57] Train Epoch: 1 [4000/20000 (20.0%)]	Loss: 0.7120465040206909
[2023-05-02 18:39:06] Train Epoch: 1 [4800/20000 (24.0%)]	Loss: 0.7102369070053101
[2023-05-02 18:40:20] Train Epoch: 1 [5600/20000 (28.0%)]	Loss: 0.6941437721252441
[2023-05-02 18:41:18] Train Epoch: 1 [6400/20000 (32.0%)]	Loss: 0.6860699653625488
[2023-05-02 18:42:52] Train Epoch: 1 [7200/20000 (36.0%)]	Loss: 0.6929007172584534
[2023-05-02 18:43:48] Train Epoch: 1 [8000/20000 (40.0%)]	Loss: 0.6940667629241943
[2023-05-02 18:45:59] Train Epoch: 1 [8800/20000 (44.0%)]	Loss: 0.7037229537963867
[2023-05-02 18:47:56] Train Epoch: 1 [9600/20000 (48.0%)]	Loss: 0.7046835422515869
[2023-05-02 18:48:51] Train Epoch: 1 [10400/20000 (52.0%)]	Loss: 0.6908848285675049
[2023-05-02 18:50:01] Train Epoch: 1 [11200/20000 (56.0%)]	Loss: 0.6893512606620789
[2023-05-02 18:50:52] Train Epoch: 1 [12000/20000 (60.0%)]	Loss: 0.7294387817382812
[2023-05-02 18:51:43] Train Epoch: 1 [12800/20000 (64.0%)]	Loss: 0.7360988259315491
[2023-05-02 18:52:38] Train Epoch: 1 [13600/20000 (68.0%)]	Loss: 0.706364631652832
[2023-05-02 18:53:25] Train Epoch: 1 [14400/20000 (72.0%)]	Loss: 0.6935635805130005
[2023-05-02 18:54:05] Train Epoch: 1 [15200/20000 (76.0%)]	Loss: 0.6857470870018005
[2023-05-02 18:54:34] Train Epoch: 1 [16000/20000 (80.0%)]	Loss: 0.6951401233673096
[2023-05-02 18:55:36] Train Epoch: 1 [16800/20000 (84.0%)]	Loss: 0.6754586696624756
[2023-05-02 18:56:04] Train Epoch: 1 [17600/20000 (88.0%)]	Loss: 0.6953980326652527
[2023-05-02 18:56:32] Train Epoch: 1 [18400/20000 (92.0%)]	Loss: 0.6876454949378967
[2023-05-02 18:57:01] Train Epoch: 1 [19200/20000 (96.0%)]	Loss: 0.6940133571624756
[2023-05-02 19:00:23] ========== Metrics ==========
[2023-05-02 19:00:23] {
  "tr_loss": 0.6937745472278246,
  "tr_acc": 0.5144514451445145,
  "tr_f1": 0.5388925823914903,
  "val_loss": 0.6988813187136153,
  "val_acc": 0.49955587138035173,
  "val_f1": 0.6662717687477786,
  "test_loss": 0.7296039793226454,
  "test_acc": 0.5067750677506775,
  "test_f1": 0.6726618705035972
}
[2023-05-02 19:00:23] ========== Metrics ==========
[2023-05-02 19:00:28] Train Epoch: 2 [0/20000 (0.0%)]	Loss: 0.6726863384246826
[2023-05-02 19:01:19] Train Epoch: 2 [800/20000 (4.0%)]	Loss: 0.6894651651382446
[2023-05-02 19:02:08] Train Epoch: 2 [1600/20000 (8.0%)]	Loss: 0.6915061473846436
[2023-05-02 19:02:58] Train Epoch: 2 [2400/20000 (12.0%)]	Loss: 0.7109034657478333
[2023-05-02 19:03:48] Train Epoch: 2 [3200/20000 (16.0%)]	Loss: 0.7030236721038818
[2023-05-02 19:04:35] Train Epoch: 2 [4000/20000 (20.0%)]	Loss: 0.7096848487854004
[2023-05-02 19:05:21] Train Epoch: 2 [4800/20000 (24.0%)]	Loss: 0.7032827734947205
[2023-05-02 19:05:53] Train Epoch: 2 [5600/20000 (28.0%)]	Loss: 0.6910302639007568
[2023-05-02 19:06:21] Train Epoch: 2 [6400/20000 (32.0%)]	Loss: 0.6959805488586426
[2023-05-02 19:06:57] Train Epoch: 2 [7200/20000 (36.0%)]	Loss: 0.692949116230011
[2023-05-02 19:07:26] Train Epoch: 2 [8000/20000 (40.0%)]	Loss: 0.6910114884376526
[2023-05-02 19:07:55] Train Epoch: 2 [8800/20000 (44.0%)]	Loss: 0.6963212490081787
[2023-05-02 19:08:23] Train Epoch: 2 [9600/20000 (48.0%)]	Loss: 0.7036182284355164
[2023-05-02 19:09:20] Train Epoch: 2 [10400/20000 (52.0%)]	Loss: 0.6869145631790161
[2023-05-02 19:10:24] Train Epoch: 2 [11200/20000 (56.0%)]	Loss: 0.6758662462234497
[2023-05-02 19:11:13] Train Epoch: 2 [12000/20000 (60.0%)]	Loss: 0.6994296908378601
[2023-05-02 19:12:00] Train Epoch: 2 [12800/20000 (64.0%)]	Loss: 0.68361496925354
[2023-05-02 19:12:51] Train Epoch: 2 [13600/20000 (68.0%)]	Loss: 0.6959636807441711
[2023-05-02 19:13:39] Train Epoch: 2 [14400/20000 (72.0%)]	Loss: 0.6978722214698792
[2023-05-02 19:14:26] Train Epoch: 2 [15200/20000 (76.0%)]	Loss: 0.6964036226272583
[2023-05-02 19:15:16] Train Epoch: 2 [16000/20000 (80.0%)]	Loss: 0.6185973286628723
[2023-05-02 19:16:07] Train Epoch: 2 [16800/20000 (84.0%)]	Loss: 0.6773936152458191
[2023-05-02 19:16:54] Train Epoch: 2 [17600/20000 (88.0%)]	Loss: 0.7043436765670776
[2023-05-02 19:18:06] Train Epoch: 2 [18400/20000 (92.0%)]	Loss: 0.692063570022583
[2023-05-02 19:19:06] Train Epoch: 2 [19200/20000 (96.0%)]	Loss: 0.6955810785293579
[2023-05-02 19:21:40] ========== Metrics ==========
[2023-05-02 19:21:40] {
  "tr_loss": 0.6963744968494805,
  "tr_acc": 0.5033503350335033,
  "tr_f1": 0.5509539741387106,
  "val_loss": 0.6936655867944752,
  "val_acc": 0.5004441286196483,
  "val_f1": 0.0,
  "test_loss": 0.7225664443762968,
  "test_acc": 0.4932249322493225,
  "test_f1": 0.0
}
[2023-05-02 19:21:40] ========== Metrics ==========
[2023-05-02 19:21:47] Train Epoch: 3 [0/20000 (0.0%)]	Loss: 0.6936429738998413
[2023-05-02 19:22:41] Train Epoch: 3 [800/20000 (4.0%)]	Loss: 0.6890217065811157
[2023-05-02 19:23:33] Train Epoch: 3 [1600/20000 (8.0%)]	Loss: 0.7112577557563782
[2023-05-02 19:24:23] Train Epoch: 3 [2400/20000 (12.0%)]	Loss: 0.729110836982727
[2023-05-02 19:25:15] Train Epoch: 3 [3200/20000 (16.0%)]	Loss: 0.7099822759628296
[2023-05-02 19:26:03] Train Epoch: 3 [4000/20000 (20.0%)]	Loss: 0.6417266726493835
[2023-05-02 19:26:54] Train Epoch: 3 [4800/20000 (24.0%)]	Loss: 0.6943214535713196
[2023-05-02 19:27:45] Train Epoch: 3 [5600/20000 (28.0%)]	Loss: 0.6840834617614746
[2023-05-02 19:28:31] Train Epoch: 3 [6400/20000 (32.0%)]	Loss: 0.6995816230773926
[2023-05-02 19:29:08] Train Epoch: 3 [7200/20000 (36.0%)]	Loss: 0.6838815212249756
[2023-05-02 19:29:37] Train Epoch: 3 [8000/20000 (40.0%)]	Loss: 0.6880756616592407
[2023-05-02 19:30:17] Train Epoch: 3 [8800/20000 (44.0%)]	Loss: 0.6973929405212402
[2023-05-02 19:30:53] Train Epoch: 3 [9600/20000 (48.0%)]	Loss: 0.6829254627227783
[2023-05-02 19:31:22] Train Epoch: 3 [10400/20000 (52.0%)]	Loss: 0.6900319457054138
[2023-05-02 19:31:51] Train Epoch: 3 [11200/20000 (56.0%)]	Loss: 0.6492173075675964
[2023-05-02 19:32:20] Train Epoch: 3 [12000/20000 (60.0%)]	Loss: 0.6939893960952759
[2023-05-02 19:32:53] Train Epoch: 3 [12800/20000 (64.0%)]	Loss: 0.6814225912094116
[2023-05-02 19:33:24] Train Epoch: 3 [13600/20000 (68.0%)]	Loss: 0.7274137139320374
[2023-05-02 19:33:52] Train Epoch: 3 [14400/20000 (72.0%)]	Loss: 0.6662309169769287
[2023-05-02 19:34:22] Train Epoch: 3 [15200/20000 (76.0%)]	Loss: 0.6879191994667053
[2023-05-02 19:34:51] Train Epoch: 3 [16000/20000 (80.0%)]	Loss: 0.6961244344711304
[2023-05-02 19:35:19] Train Epoch: 3 [16800/20000 (84.0%)]	Loss: 0.6957340836524963
[2023-05-02 19:35:48] Train Epoch: 3 [17600/20000 (88.0%)]	Loss: 0.670915424823761
[2023-05-02 19:36:17] Train Epoch: 3 [18400/20000 (92.0%)]	Loss: 0.7077430486679077
[2023-05-02 19:36:46] Train Epoch: 3 [19200/20000 (96.0%)]	Loss: 0.7189418077468872
[2023-05-02 19:38:34] ========== Metrics ==========
[2023-05-02 19:38:34] {
  "tr_loss": 0.6977250070521349,
  "tr_acc": 0.5034003400340034,
  "tr_f1": 0.5399972208068924,
  "val_loss": 0.6943324630013535,
  "val_acc": 0.49955587138035173,
  "val_f1": 0.6662717687477786,
  "test_loss": 0.7232684184542193,
  "test_acc": 0.5067750677506775,
  "test_f1": 0.6726618705035972
}
[2023-05-02 19:38:34] ========== Metrics ==========
[2023-05-02 19:38:38] Train Epoch: 4 [0/20000 (0.0%)]	Loss: 0.6998199224472046
[2023-05-02 19:39:07] Train Epoch: 4 [800/20000 (4.0%)]	Loss: 0.7430961728096008
[2023-05-02 19:39:38] Train Epoch: 4 [1600/20000 (8.0%)]	Loss: 0.691996693611145
[2023-05-02 19:40:07] Train Epoch: 4 [2400/20000 (12.0%)]	Loss: 0.7299854159355164
[2023-05-02 19:40:36] Train Epoch: 4 [3200/20000 (16.0%)]	Loss: 0.689592182636261
[2023-05-02 19:41:05] Train Epoch: 4 [4000/20000 (20.0%)]	Loss: 0.6851194500923157
[2023-05-02 19:41:34] Train Epoch: 4 [4800/20000 (24.0%)]	Loss: 0.6964690685272217
[2023-05-02 19:42:03] Train Epoch: 4 [5600/20000 (28.0%)]	Loss: 0.703665554523468
[2023-05-02 19:42:32] Train Epoch: 4 [6400/20000 (32.0%)]	Loss: 0.6855865716934204
[2023-05-02 19:43:01] Train Epoch: 4 [7200/20000 (36.0%)]	Loss: 0.6654630899429321
[2023-05-02 19:43:30] Train Epoch: 4 [8000/20000 (40.0%)]	Loss: 0.6949652433395386
[2023-05-02 19:43:59] Train Epoch: 4 [8800/20000 (44.0%)]	Loss: 0.6916707754135132
[2023-05-02 19:44:27] Train Epoch: 4 [9600/20000 (48.0%)]	Loss: 0.6987694501876831
[2023-05-02 19:44:57] Train Epoch: 4 [10400/20000 (52.0%)]	Loss: 0.690801739692688
[2023-05-02 19:45:26] Train Epoch: 4 [11200/20000 (56.0%)]	Loss: 0.6902869939804077
[2023-05-02 19:45:55] Train Epoch: 4 [12000/20000 (60.0%)]	Loss: 0.6896172761917114
[2023-05-02 19:46:24] Train Epoch: 4 [12800/20000 (64.0%)]	Loss: 0.6958352327346802
[2023-05-02 19:46:54] Train Epoch: 4 [13600/20000 (68.0%)]	Loss: 0.7020720839500427
[2023-05-02 19:47:22] Train Epoch: 4 [14400/20000 (72.0%)]	Loss: 0.6847370862960815
[2023-05-02 19:47:52] Train Epoch: 4 [15200/20000 (76.0%)]	Loss: 0.6906440258026123
[2023-05-02 19:48:21] Train Epoch: 4 [16000/20000 (80.0%)]	Loss: 0.69416743516922
[2023-05-02 19:48:49] Train Epoch: 4 [16800/20000 (84.0%)]	Loss: 0.6902450919151306
[2023-05-02 19:49:19] Train Epoch: 4 [17600/20000 (88.0%)]	Loss: 0.6947489976882935
[2023-05-02 19:49:47] Train Epoch: 4 [18400/20000 (92.0%)]	Loss: 0.6888731718063354
[2023-05-02 19:50:16] Train Epoch: 4 [19200/20000 (96.0%)]	Loss: 0.6896350979804993
[2023-05-02 19:52:04] ========== Metrics ==========
[2023-05-02 19:52:04] {
  "tr_loss": 0.6973392981769491,
  "tr_acc": 0.5037003700370037,
  "tr_f1": 0.5575319869823013,
  "val_loss": 0.6939841150326846,
  "val_acc": 0.49955587138035173,
  "val_f1": 0.6662717687477786,
  "test_loss": 0.7225239192890281,
  "test_acc": 0.5067750677506775,
  "test_f1": 0.6726618705035972
}
[2023-05-02 19:52:04] ========== Metrics ==========
[2023-05-02 19:52:08] Train Epoch: 5 [0/20000 (0.0%)]	Loss: 0.6937859058380127
[2023-05-02 19:52:37] Train Epoch: 5 [800/20000 (4.0%)]	Loss: 0.6954444646835327
[2023-05-02 19:53:08] Train Epoch: 5 [1600/20000 (8.0%)]	Loss: 0.709152340888977
[2023-05-02 19:53:38] Train Epoch: 5 [2400/20000 (12.0%)]	Loss: 0.6963565945625305
[2023-05-02 19:54:08] Train Epoch: 5 [3200/20000 (16.0%)]	Loss: 0.6980192065238953
[2023-05-02 19:54:37] Train Epoch: 5 [4000/20000 (20.0%)]	Loss: 0.6857864856719971
[2023-05-02 19:55:06] Train Epoch: 5 [4800/20000 (24.0%)]	Loss: 0.7138234972953796
[2023-05-02 19:55:35] Train Epoch: 5 [5600/20000 (28.0%)]	Loss: 0.6963394284248352
[2023-05-02 19:56:04] Train Epoch: 5 [6400/20000 (32.0%)]	Loss: 0.707343578338623
[2023-05-02 19:56:33] Train Epoch: 5 [7200/20000 (36.0%)]	Loss: 0.7133731842041016
[2023-05-02 19:57:02] Train Epoch: 5 [8000/20000 (40.0%)]	Loss: 0.7037596702575684
[2023-05-02 19:57:32] Train Epoch: 5 [8800/20000 (44.0%)]	Loss: 0.6941503286361694
[2023-05-02 19:58:01] Train Epoch: 5 [9600/20000 (48.0%)]	Loss: 0.6986571550369263
[2023-05-02 19:58:31] Train Epoch: 5 [10400/20000 (52.0%)]	Loss: 0.7372146248817444
[2023-05-02 19:59:01] Train Epoch: 5 [11200/20000 (56.0%)]	Loss: 0.6932154297828674
[2023-05-02 19:59:30] Train Epoch: 5 [12000/20000 (60.0%)]	Loss: 0.6695433855056763
[2023-05-02 19:59:59] Train Epoch: 5 [12800/20000 (64.0%)]	Loss: 0.6934853196144104
[2023-05-02 20:00:28] Train Epoch: 5 [13600/20000 (68.0%)]	Loss: 0.7081477642059326
[2023-05-02 20:00:57] Train Epoch: 5 [14400/20000 (72.0%)]	Loss: 0.6732140183448792
[2023-05-02 20:01:26] Train Epoch: 5 [15200/20000 (76.0%)]	Loss: 0.7089484930038452
[2023-05-02 20:01:55] Train Epoch: 5 [16000/20000 (80.0%)]	Loss: 0.6952522993087769
[2023-05-02 20:02:24] Train Epoch: 5 [16800/20000 (84.0%)]	Loss: 0.6972127556800842
[2023-05-02 20:02:53] Train Epoch: 5 [17600/20000 (88.0%)]	Loss: 0.6955280900001526
[2023-05-02 20:03:22] Train Epoch: 5 [18400/20000 (92.0%)]	Loss: 0.6925587058067322
[2023-05-02 20:03:50] Train Epoch: 5 [19200/20000 (96.0%)]	Loss: 0.702764630317688
[2023-05-02 20:05:40] ========== Metrics ==========
[2023-05-02 20:05:40] {
  "tr_loss": 0.6958104399326194,
  "tr_acc": 0.5015501550155016,
  "tr_f1": 0.5531247198063303,
  "val_loss": 0.6938623467989387,
  "val_acc": 0.49955587138035173,
  "val_f1": 0.6662717687477786,
  "test_loss": 0.7223535682450788,
  "test_acc": 0.5067750677506775,
  "test_f1": 0.6726618705035972
}
[2023-05-02 20:05:40] ========== Metrics ==========
[2023-05-02 20:05:44] Train Epoch: 6 [0/20000 (0.0%)]	Loss: 0.6871985793113708
[2023-05-02 20:06:14] Train Epoch: 6 [800/20000 (4.0%)]	Loss: 0.6961950659751892
[2023-05-02 20:06:44] Train Epoch: 6 [1600/20000 (8.0%)]	Loss: 0.6979930996894836
[2023-05-02 20:07:14] Train Epoch: 6 [2400/20000 (12.0%)]	Loss: 0.6940464377403259
[2023-05-02 20:07:44] Train Epoch: 6 [3200/20000 (16.0%)]	Loss: 0.6933771967887878
[2023-05-02 20:08:13] Train Epoch: 6 [4000/20000 (20.0%)]	Loss: 0.6839735507965088
[2023-05-02 20:08:42] Train Epoch: 6 [4800/20000 (24.0%)]	Loss: 0.6909722089767456
[2023-05-02 20:09:12] Train Epoch: 6 [5600/20000 (28.0%)]	Loss: 0.6933343410491943
[2023-05-02 20:09:41] Train Epoch: 6 [6400/20000 (32.0%)]	Loss: 0.6956567764282227
[2023-05-02 20:10:10] Train Epoch: 6 [7200/20000 (36.0%)]	Loss: 0.690983772277832
[2023-05-02 20:10:38] Train Epoch: 6 [8000/20000 (40.0%)]	Loss: 0.6931850910186768
[2023-05-02 20:11:06] Train Epoch: 6 [8800/20000 (44.0%)]	Loss: 0.6894474625587463
[2023-05-02 20:11:35] Train Epoch: 6 [9600/20000 (48.0%)]	Loss: 0.6925163269042969
[2023-05-02 20:12:04] Train Epoch: 6 [10400/20000 (52.0%)]	Loss: 0.6929410099983215
[2023-05-02 20:12:33] Train Epoch: 6 [11200/20000 (56.0%)]	Loss: 0.6942605376243591
[2023-05-02 20:13:02] Train Epoch: 6 [12000/20000 (60.0%)]	Loss: 0.6929165720939636
[2023-05-02 20:13:31] Train Epoch: 6 [12800/20000 (64.0%)]	Loss: 0.6850534677505493
[2023-05-02 20:14:00] Train Epoch: 6 [13600/20000 (68.0%)]	Loss: 0.6960252523422241
[2023-05-02 20:14:29] Train Epoch: 6 [14400/20000 (72.0%)]	Loss: 0.6932933330535889
[2023-05-02 20:14:58] Train Epoch: 6 [15200/20000 (76.0%)]	Loss: 0.6931023001670837
[2023-05-02 20:15:28] Train Epoch: 6 [16000/20000 (80.0%)]	Loss: 0.6933889985084534
[2023-05-02 20:15:56] Train Epoch: 6 [16800/20000 (84.0%)]	Loss: 0.691792368888855
[2023-05-02 20:16:26] Train Epoch: 6 [17600/20000 (88.0%)]	Loss: 0.6916752457618713
[2023-05-02 20:16:56] Train Epoch: 6 [18400/20000 (92.0%)]	Loss: 0.6932082176208496
[2023-05-02 20:17:25] Train Epoch: 6 [19200/20000 (96.0%)]	Loss: 0.6834655404090881
[2023-05-02 20:19:14] ========== Metrics ==========
[2023-05-02 20:19:14] {
  "tr_loss": 0.6934546866361135,
  "tr_acc": 0.49784978497849786,
  "tr_f1": 0.6195059108820855,
  "val_loss": 0.693746230978804,
  "val_acc": 0.49955587138035173,
  "val_f1": 0.6662717687477786,
  "test_loss": 0.7221034522948226,
  "test_acc": 0.5067750677506775,
  "test_f1": 0.6726618705035972
}
[2023-05-02 20:19:14] ========== Metrics ==========
[2023-05-02 20:19:17] Train Epoch: 7 [0/20000 (0.0%)]	Loss: 0.6983999013900757
[2023-05-02 20:19:46] Train Epoch: 7 [800/20000 (4.0%)]	Loss: 0.6951438188552856
[2023-05-02 20:20:16] Train Epoch: 7 [1600/20000 (8.0%)]	Loss: 0.693223237991333
[2023-05-02 20:20:46] Train Epoch: 7 [2400/20000 (12.0%)]	Loss: 0.6953490972518921
[2023-05-02 20:21:16] Train Epoch: 7 [3200/20000 (16.0%)]	Loss: 0.6975534558296204
[2023-05-02 20:21:45] Train Epoch: 7 [4000/20000 (20.0%)]	Loss: 0.6945115327835083
[2023-05-02 20:22:15] Train Epoch: 7 [4800/20000 (24.0%)]	Loss: 0.6919427514076233
[2023-05-02 20:22:44] Train Epoch: 7 [5600/20000 (28.0%)]	Loss: 0.6910436749458313
[2023-05-02 20:23:13] Train Epoch: 7 [6400/20000 (32.0%)]	Loss: 0.6932944059371948
[2023-05-02 20:23:42] Train Epoch: 7 [7200/20000 (36.0%)]	Loss: 0.6932290196418762
[2023-05-02 20:24:11] Train Epoch: 7 [8000/20000 (40.0%)]	Loss: 0.687091588973999
[2023-05-02 20:24:40] Train Epoch: 7 [8800/20000 (44.0%)]	Loss: 0.6968922019004822
[2023-05-02 20:25:10] Train Epoch: 7 [9600/20000 (48.0%)]	Loss: 0.6934145092964172
[2023-05-02 20:25:38] Train Epoch: 7 [10400/20000 (52.0%)]	Loss: 0.6961443424224854
[2023-05-02 20:26:07] Train Epoch: 7 [11200/20000 (56.0%)]	Loss: 0.6914785504341125
[2023-05-02 20:26:36] Train Epoch: 7 [12000/20000 (60.0%)]	Loss: 0.6941114664077759
[2023-05-02 20:27:06] Train Epoch: 7 [12800/20000 (64.0%)]	Loss: 0.6963393092155457
[2023-05-02 20:27:35] Train Epoch: 7 [13600/20000 (68.0%)]	Loss: 0.6955826282501221
[2023-05-02 20:28:04] Train Epoch: 7 [14400/20000 (72.0%)]	Loss: 0.6950364708900452
[2023-05-02 20:28:34] Train Epoch: 7 [15200/20000 (76.0%)]	Loss: 0.6933094263076782
[2023-05-02 20:29:04] Train Epoch: 7 [16000/20000 (80.0%)]	Loss: 0.6870335340499878
[2023-05-02 20:29:34] Train Epoch: 7 [16800/20000 (84.0%)]	Loss: 0.6951907873153687
[2023-05-02 20:30:04] Train Epoch: 7 [17600/20000 (88.0%)]	Loss: 0.6921548843383789
[2023-05-02 20:30:34] Train Epoch: 7 [18400/20000 (92.0%)]	Loss: 0.6914363503456116
[2023-05-02 20:31:04] Train Epoch: 7 [19200/20000 (96.0%)]	Loss: 0.6894921064376831
[2023-05-02 20:32:54] ========== Metrics ==========
[2023-05-02 20:32:54] {
  "tr_loss": 0.6933944187875819,
  "tr_acc": 0.49894989498949893,
  "tr_f1": 0.6302310133589195,
  "val_loss": 0.6936257466221177,
  "val_acc": 0.49955587138035173,
  "val_f1": 0.6662717687477786,
  "test_loss": 0.7218152100477762,
  "test_acc": 0.5067750677506775,
  "test_f1": 0.6726618705035972
}
[2023-05-02 20:32:54] ========== Metrics ==========
[2023-05-02 20:32:58] Train Epoch: 8 [0/20000 (0.0%)]	Loss: 0.6895501017570496
[2023-05-02 20:33:28] Train Epoch: 8 [800/20000 (4.0%)]	Loss: 0.6931728720664978
[2023-05-02 20:33:58] Train Epoch: 8 [1600/20000 (8.0%)]	Loss: 0.6991433501243591
[2023-05-02 20:34:28] Train Epoch: 8 [2400/20000 (12.0%)]	Loss: 0.686902642250061
[2023-05-02 20:34:57] Train Epoch: 8 [3200/20000 (16.0%)]	Loss: 0.6898661851882935
[2023-05-02 20:35:26] Train Epoch: 8 [4000/20000 (20.0%)]	Loss: 0.6896978616714478
[2023-05-02 20:35:55] Train Epoch: 8 [4800/20000 (24.0%)]	Loss: 0.6922928690910339
[2023-05-02 20:36:25] Train Epoch: 8 [5600/20000 (28.0%)]	Loss: 0.6933472156524658
[2023-05-02 20:36:54] Train Epoch: 8 [6400/20000 (32.0%)]	Loss: 0.6931402087211609
[2023-05-02 20:37:23] Train Epoch: 8 [7200/20000 (36.0%)]	Loss: 0.6956270337104797
[2023-05-02 20:37:53] Train Epoch: 8 [8000/20000 (40.0%)]	Loss: 0.688633382320404
[2023-05-02 20:38:23] Train Epoch: 8 [8800/20000 (44.0%)]	Loss: 0.6950669884681702
[2023-05-02 20:38:52] Train Epoch: 8 [9600/20000 (48.0%)]	Loss: 0.693554699420929
[2023-05-02 20:39:23] Train Epoch: 8 [10400/20000 (52.0%)]	Loss: 0.695766031742096
[2023-05-02 20:39:52] Train Epoch: 8 [11200/20000 (56.0%)]	Loss: 0.6950439810752869
[2023-05-02 20:40:21] Train Epoch: 8 [12000/20000 (60.0%)]	Loss: 0.695402204990387
[2023-05-02 20:40:50] Train Epoch: 8 [12800/20000 (64.0%)]	Loss: 0.7009708881378174
[2023-05-02 20:41:20] Train Epoch: 8 [13600/20000 (68.0%)]	Loss: 0.6912215352058411
[2023-05-02 20:41:49] Train Epoch: 8 [14400/20000 (72.0%)]	Loss: 0.6928271055221558
[2023-05-02 20:42:18] Train Epoch: 8 [15200/20000 (76.0%)]	Loss: 0.6939772963523865
[2023-05-02 20:42:48] Train Epoch: 8 [16000/20000 (80.0%)]	Loss: 0.6852642297744751
[2023-05-02 20:43:17] Train Epoch: 8 [16800/20000 (84.0%)]	Loss: 0.6854659914970398
[2023-05-02 20:43:46] Train Epoch: 8 [17600/20000 (88.0%)]	Loss: 0.6935909986495972
[2023-05-02 20:44:16] Train Epoch: 8 [18400/20000 (92.0%)]	Loss: 0.6922383904457092
[2023-05-02 20:44:44] Train Epoch: 8 [19200/20000 (96.0%)]	Loss: 0.6922926902770996
[2023-05-02 20:46:24] Stop At epoch 8/20 due to valid not increase
[2023-05-02 20:46:34] ========== Metrics ==========
[2023-05-02 20:46:34] {
  "tr_loss": 0.6933938418522944,
  "tr_acc": 0.5008500850085008,
  "tr_f1": 0.609651180979196,
  "val_loss": 0.6935259879514282,
  "val_acc": 0.49316041925741694,
  "val_f1": 0.2768060836501901,
  "test_loss": 0.7214195334168307,
  "test_acc": 0.4932249322493225,
  "test_f1": 0.2549800796812749
}
[2023-05-02 20:46:34] ========== Metrics ==========
