[2023-05-03 20:30:25] Train Epoch: 1 [0/20000 (0.0%)]	Loss: 0.7020264863967896
[2023-05-03 20:30:29] Train Epoch: 1 [800/20000 (4.0%)]	Loss: 0.6495774388313293
[2023-05-03 20:30:33] Train Epoch: 1 [1600/20000 (8.0%)]	Loss: 0.5260953903198242
[2023-05-03 20:30:38] Train Epoch: 1 [2400/20000 (12.0%)]	Loss: 0.43896740674972534
[2023-05-03 20:30:42] Train Epoch: 1 [3200/20000 (16.0%)]	Loss: 0.6018654108047485
[2023-05-03 20:30:46] Train Epoch: 1 [4000/20000 (20.0%)]	Loss: 0.34408435225486755
[2023-05-03 20:30:50] Train Epoch: 1 [4800/20000 (24.0%)]	Loss: 0.4310745894908905
[2023-05-03 20:30:54] Train Epoch: 1 [5600/20000 (28.0%)]	Loss: 0.49000412225723267
[2023-05-03 20:30:58] Train Epoch: 1 [6400/20000 (32.0%)]	Loss: 0.23934803903102875
[2023-05-03 20:31:02] Train Epoch: 1 [7200/20000 (36.0%)]	Loss: 0.29150235652923584
[2023-05-03 20:31:06] Train Epoch: 1 [8000/20000 (40.0%)]	Loss: 0.5745554566383362
[2023-05-03 20:31:10] Train Epoch: 1 [8800/20000 (44.0%)]	Loss: 0.5564773678779602
[2023-05-03 20:31:14] Train Epoch: 1 [9600/20000 (48.0%)]	Loss: 0.36306390166282654
[2023-05-03 20:31:18] Train Epoch: 1 [10400/20000 (52.0%)]	Loss: 0.4454635679721832
[2023-05-03 20:31:22] Train Epoch: 1 [11200/20000 (56.0%)]	Loss: 0.2728974223136902
[2023-05-03 20:31:26] Train Epoch: 1 [12000/20000 (60.0%)]	Loss: 0.5438001155853271
[2023-05-03 20:31:30] Train Epoch: 1 [12800/20000 (64.0%)]	Loss: 0.3348988890647888
[2023-05-03 20:31:34] Train Epoch: 1 [13600/20000 (68.0%)]	Loss: 0.4503746032714844
[2023-05-03 20:31:38] Train Epoch: 1 [14400/20000 (72.0%)]	Loss: 0.1261810064315796
[2023-05-03 20:31:41] Train Epoch: 1 [15200/20000 (76.0%)]	Loss: 0.3618747591972351
[2023-05-03 20:31:45] Train Epoch: 1 [16000/20000 (80.0%)]	Loss: 0.49994808435440063
[2023-05-03 20:31:49] Train Epoch: 1 [16800/20000 (84.0%)]	Loss: 0.34711164236068726
[2023-05-03 20:31:53] Train Epoch: 1 [17600/20000 (88.0%)]	Loss: 0.8348017930984497
[2023-05-03 20:31:57] Train Epoch: 1 [18400/20000 (92.0%)]	Loss: 0.2638603150844574
[2023-05-03 20:32:01] Train Epoch: 1 [19200/20000 (96.0%)]	Loss: 0.37277817726135254
[2023-05-03 20:32:19] ========== Metrics ==========
[2023-05-03 20:32:19] {
  "tr_loss": 0.44562567216251503,
  "tr_acc": 0.7909290929092909,
  "tr_f1": 0.7915233108950387,
  "val_loss": 0.36965212738943853,
  "val_acc": 0.8420678628530822,
  "val_f1": 0.8498057104240581,
  "test_loss": 0.3397401118989236,
  "test_acc": 0.8672086720867209,
  "test_f1": 0.8713910761154855
}
[2023-05-03 20:32:19] ========== Metrics ==========
[2023-05-03 20:32:20] Train Epoch: 2 [0/20000 (0.0%)]	Loss: 0.3138684332370758
[2023-05-03 20:32:24] Train Epoch: 2 [800/20000 (4.0%)]	Loss: 0.6750057935714722
[2023-05-03 20:32:28] Train Epoch: 2 [1600/20000 (8.0%)]	Loss: 0.060344960540533066
[2023-05-03 20:32:32] Train Epoch: 2 [2400/20000 (12.0%)]	Loss: 0.1549677699804306
[2023-05-03 20:32:36] Train Epoch: 2 [3200/20000 (16.0%)]	Loss: 0.14243589341640472
[2023-05-03 20:32:40] Train Epoch: 2 [4000/20000 (20.0%)]	Loss: 0.1952119767665863
[2023-05-03 20:32:44] Train Epoch: 2 [4800/20000 (24.0%)]	Loss: 0.3911600708961487
[2023-05-03 20:32:48] Train Epoch: 2 [5600/20000 (28.0%)]	Loss: 0.3175573945045471
[2023-05-03 20:32:52] Train Epoch: 2 [6400/20000 (32.0%)]	Loss: 0.23240447044372559
[2023-05-03 20:32:56] Train Epoch: 2 [7200/20000 (36.0%)]	Loss: 0.12321998178958893
[2023-05-03 20:33:00] Train Epoch: 2 [8000/20000 (40.0%)]	Loss: 0.2526092231273651
[2023-05-03 20:33:05] Train Epoch: 2 [8800/20000 (44.0%)]	Loss: 0.15362295508384705
[2023-05-03 20:33:08] Train Epoch: 2 [9600/20000 (48.0%)]	Loss: 0.28894826769828796
[2023-05-03 20:33:12] Train Epoch: 2 [10400/20000 (52.0%)]	Loss: 0.10067500919103622
[2023-05-03 20:33:16] Train Epoch: 2 [11200/20000 (56.0%)]	Loss: 0.027016323059797287
[2023-05-03 20:33:20] Train Epoch: 2 [12000/20000 (60.0%)]	Loss: 0.08324625343084335
[2023-05-03 20:33:24] Train Epoch: 2 [12800/20000 (64.0%)]	Loss: 0.0629061833024025
[2023-05-03 20:33:28] Train Epoch: 2 [13600/20000 (68.0%)]	Loss: 0.1024240106344223
[2023-05-03 20:33:32] Train Epoch: 2 [14400/20000 (72.0%)]	Loss: 0.35700225830078125
[2023-05-03 20:33:36] Train Epoch: 2 [15200/20000 (76.0%)]	Loss: 0.046423256397247314
[2023-05-03 20:33:40] Train Epoch: 2 [16000/20000 (80.0%)]	Loss: 0.3206213712692261
[2023-05-03 20:33:44] Train Epoch: 2 [16800/20000 (84.0%)]	Loss: 0.17080995440483093
[2023-05-03 20:33:48] Train Epoch: 2 [17600/20000 (88.0%)]	Loss: 0.1299716830253601
[2023-05-03 20:33:52] Train Epoch: 2 [18400/20000 (92.0%)]	Loss: 0.38584789633750916
[2023-05-03 20:33:57] Train Epoch: 2 [19200/20000 (96.0%)]	Loss: 0.31213024258613586
[2023-05-03 20:34:14] ========== Metrics ==========
[2023-05-03 20:34:14] {
  "tr_loss": 0.24838134180782365,
  "tr_acc": 0.9003900390039004,
  "tr_f1": 0.9004199160167967,
  "val_loss": 0.3535156771130324,
  "val_acc": 0.8550364185468111,
  "val_f1": 0.8579881656804734,
  "test_loss": 0.30716037330265616,
  "test_acc": 0.8672086720867209,
  "test_f1": 0.8664850136239782
}
[2023-05-03 20:34:14] ========== Metrics ==========
[2023-05-03 20:34:15] Train Epoch: 3 [0/20000 (0.0%)]	Loss: 0.10551892220973969
[2023-05-03 20:34:20] Train Epoch: 3 [800/20000 (4.0%)]	Loss: 0.06528713554143906
[2023-05-03 20:34:24] Train Epoch: 3 [1600/20000 (8.0%)]	Loss: 0.0388522744178772
[2023-05-03 20:34:28] Train Epoch: 3 [2400/20000 (12.0%)]	Loss: 0.11776494979858398
[2023-05-03 20:34:32] Train Epoch: 3 [3200/20000 (16.0%)]	Loss: 0.05102141946554184
[2023-05-03 20:34:36] Train Epoch: 3 [4000/20000 (20.0%)]	Loss: 0.01965200901031494
[2023-05-03 20:34:40] Train Epoch: 3 [4800/20000 (24.0%)]	Loss: 0.06446962058544159
[2023-05-03 20:34:45] Train Epoch: 3 [5600/20000 (28.0%)]	Loss: 0.01933211088180542
[2023-05-03 20:34:49] Train Epoch: 3 [6400/20000 (32.0%)]	Loss: 0.2647382616996765
[2023-05-03 20:34:53] Train Epoch: 3 [7200/20000 (36.0%)]	Loss: 0.1591276079416275
[2023-05-03 20:34:57] Train Epoch: 3 [8000/20000 (40.0%)]	Loss: 0.04316238313913345
[2023-05-03 20:35:01] Train Epoch: 3 [8800/20000 (44.0%)]	Loss: 0.06610822677612305
[2023-05-03 20:35:05] Train Epoch: 3 [9600/20000 (48.0%)]	Loss: 0.035866282880306244
[2023-05-03 20:35:09] Train Epoch: 3 [10400/20000 (52.0%)]	Loss: 0.0822901725769043
[2023-05-03 20:35:13] Train Epoch: 3 [11200/20000 (56.0%)]	Loss: 0.03311505541205406
[2023-05-03 20:35:17] Train Epoch: 3 [12000/20000 (60.0%)]	Loss: 0.09413489699363708
[2023-05-03 20:35:21] Train Epoch: 3 [12800/20000 (64.0%)]	Loss: 0.005824984051287174
[2023-05-03 20:35:25] Train Epoch: 3 [13600/20000 (68.0%)]	Loss: 0.060555946081876755
[2023-05-03 20:35:29] Train Epoch: 3 [14400/20000 (72.0%)]	Loss: 0.056920427829027176
[2023-05-03 20:35:33] Train Epoch: 3 [15200/20000 (76.0%)]	Loss: 0.21517111361026764
[2023-05-03 20:35:37] Train Epoch: 3 [16000/20000 (80.0%)]	Loss: 0.15790438652038574
[2023-05-03 20:35:41] Train Epoch: 3 [16800/20000 (84.0%)]	Loss: 0.09773970395326614
[2023-05-03 20:35:45] Train Epoch: 3 [17600/20000 (88.0%)]	Loss: 0.05638169124722481
[2023-05-03 20:35:49] Train Epoch: 3 [18400/20000 (92.0%)]	Loss: 0.011540294624865055
[2023-05-03 20:35:53] Train Epoch: 3 [19200/20000 (96.0%)]	Loss: 0.38592153787612915
[2023-05-03 20:36:11] ========== Metrics ==========
[2023-05-03 20:36:11] {
  "tr_loss": 0.12130326175797146,
  "tr_acc": 0.9568456845684569,
  "tr_f1": 0.9568305737581912,
  "val_loss": 0.41552860250236257,
  "val_acc": 0.8402913483744893,
  "val_f1": 0.8402913483744893,
  "test_loss": 0.3157499073966732,
  "test_acc": 0.8672086720867209,
  "test_f1": 0.8657534246575344
}
[2023-05-03 20:36:11] ========== Metrics ==========
[2023-05-03 20:36:12] Train Epoch: 4 [0/20000 (0.0%)]	Loss: 0.012536510825157166
[2023-05-03 20:36:16] Train Epoch: 4 [800/20000 (4.0%)]	Loss: 0.05670032650232315
[2023-05-03 20:36:20] Train Epoch: 4 [1600/20000 (8.0%)]	Loss: 0.005165695678442717
[2023-05-03 20:36:24] Train Epoch: 4 [2400/20000 (12.0%)]	Loss: 0.013592656701803207
[2023-05-03 20:36:28] Train Epoch: 4 [3200/20000 (16.0%)]	Loss: 0.018359528854489326
[2023-05-03 20:36:32] Train Epoch: 4 [4000/20000 (20.0%)]	Loss: 0.03066430427134037
[2023-05-03 20:36:37] Train Epoch: 4 [4800/20000 (24.0%)]	Loss: 0.0014258545124903321
[2023-05-03 20:36:41] Train Epoch: 4 [5600/20000 (28.0%)]	Loss: 0.02318924106657505
[2023-05-03 20:36:45] Train Epoch: 4 [6400/20000 (32.0%)]	Loss: 0.02461751364171505
[2023-05-03 20:36:49] Train Epoch: 4 [7200/20000 (36.0%)]	Loss: 0.003917140420526266
[2023-05-03 20:36:53] Train Epoch: 4 [8000/20000 (40.0%)]	Loss: 0.0029286639764904976
[2023-05-03 20:36:57] Train Epoch: 4 [8800/20000 (44.0%)]	Loss: 0.0030277553014457226
[2023-05-03 20:37:01] Train Epoch: 4 [9600/20000 (48.0%)]	Loss: 0.07004260271787643
[2023-05-03 20:37:05] Train Epoch: 4 [10400/20000 (52.0%)]	Loss: 0.022291816771030426
[2023-05-03 20:37:09] Train Epoch: 4 [11200/20000 (56.0%)]	Loss: 0.027492018416523933
[2023-05-03 20:37:13] Train Epoch: 4 [12000/20000 (60.0%)]	Loss: 0.0036192922852933407
[2023-05-03 20:37:17] Train Epoch: 4 [12800/20000 (64.0%)]	Loss: 7.62345443945378e-05
[2023-05-03 20:37:21] Train Epoch: 4 [13600/20000 (68.0%)]	Loss: 0.004066383466124535
[2023-05-03 20:37:25] Train Epoch: 4 [14400/20000 (72.0%)]	Loss: 0.008375157602131367
[2023-05-03 20:37:29] Train Epoch: 4 [15200/20000 (76.0%)]	Loss: 0.008906866423785686
[2023-05-03 20:37:33] Train Epoch: 4 [16000/20000 (80.0%)]	Loss: 0.002484741620719433
[2023-05-03 20:37:37] Train Epoch: 4 [16800/20000 (84.0%)]	Loss: 0.038782522082328796
[2023-05-03 20:37:41] Train Epoch: 4 [17600/20000 (88.0%)]	Loss: 0.005053095985203981
[2023-05-03 20:37:45] Train Epoch: 4 [18400/20000 (92.0%)]	Loss: 0.048865918070077896
[2023-05-03 20:37:49] Train Epoch: 4 [19200/20000 (96.0%)]	Loss: 0.008622339926660061
[2023-05-03 20:38:07] ========== Metrics ==========
[2023-05-03 20:38:07] {
  "tr_loss": 0.042845232171436445,
  "tr_acc": 0.987048704870487,
  "tr_f1": 0.9870506474676266,
  "val_loss": 0.6256239202874849,
  "val_acc": 0.8315864274293836,
  "val_f1": 0.8302900107411386,
  "test_loss": 0.5278864263034448,
  "test_acc": 0.8617886178861789,
  "test_f1": 0.8602739726027397
}
[2023-05-03 20:38:07] ========== Metrics ==========
[2023-05-03 20:38:08] Train Epoch: 5 [0/20000 (0.0%)]	Loss: 0.0008137920522131026
[2023-05-03 20:38:12] Train Epoch: 5 [800/20000 (4.0%)]	Loss: 0.0021671594586223364
[2023-05-03 20:38:17] Train Epoch: 5 [1600/20000 (8.0%)]	Loss: 7.367198850261047e-05
[2023-05-03 20:38:21] Train Epoch: 5 [2400/20000 (12.0%)]	Loss: 0.021397527307271957
[2023-05-03 20:38:25] Train Epoch: 5 [3200/20000 (16.0%)]	Loss: 0.0031494395807385445
[2023-05-03 20:38:29] Train Epoch: 5 [4000/20000 (20.0%)]	Loss: 0.004845251329243183
[2023-05-03 20:38:33] Train Epoch: 5 [4800/20000 (24.0%)]	Loss: 0.0014810172142460942
[2023-05-03 20:38:37] Train Epoch: 5 [5600/20000 (28.0%)]	Loss: 0.05421004444360733
[2023-05-03 20:38:41] Train Epoch: 5 [6400/20000 (32.0%)]	Loss: 7.455426384694874e-05
[2023-05-03 20:38:45] Train Epoch: 5 [7200/20000 (36.0%)]	Loss: 7.07732469891198e-05
[2023-05-03 20:38:48] Train Epoch: 5 [8000/20000 (40.0%)]	Loss: 0.004330994561314583
[2023-05-03 20:38:52] Train Epoch: 5 [8800/20000 (44.0%)]	Loss: 1.0653902791091241e-05
[2023-05-03 20:38:56] Train Epoch: 5 [9600/20000 (48.0%)]	Loss: 0.013952936045825481
[2023-05-03 20:39:00] Train Epoch: 5 [10400/20000 (52.0%)]	Loss: 0.06161222606897354
[2023-05-03 20:39:04] Train Epoch: 5 [11200/20000 (56.0%)]	Loss: 7.680440467083827e-05
[2023-05-03 20:39:08] Train Epoch: 5 [12000/20000 (60.0%)]	Loss: 0.004636330995708704
[2023-05-03 20:39:12] Train Epoch: 5 [12800/20000 (64.0%)]	Loss: 0.0018566844519227743
[2023-05-03 20:39:16] Train Epoch: 5 [13600/20000 (68.0%)]	Loss: 0.0011793120065703988
[2023-05-03 20:39:20] Train Epoch: 5 [14400/20000 (72.0%)]	Loss: 0.007703389041125774
[2023-05-03 20:39:24] Train Epoch: 5 [15200/20000 (76.0%)]	Loss: 0.00032965134596452117
[2023-05-03 20:39:28] Train Epoch: 5 [16000/20000 (80.0%)]	Loss: 0.0003026148187927902
[2023-05-03 20:39:32] Train Epoch: 5 [16800/20000 (84.0%)]	Loss: 0.00300143682397902
[2023-05-03 20:39:36] Train Epoch: 5 [17600/20000 (88.0%)]	Loss: 0.01456903014332056
[2023-05-03 20:39:40] Train Epoch: 5 [18400/20000 (92.0%)]	Loss: 0.0008838667999953032
[2023-05-03 20:39:44] Train Epoch: 5 [19200/20000 (96.0%)]	Loss: 0.0021843835711479187
[2023-05-03 20:40:02] ========== Metrics ==========
[2023-05-03 20:40:02] {
  "tr_loss": 0.01467939666260552,
  "tr_acc": 0.9952995299529953,
  "tr_f1": 0.9952990598119624,
  "val_loss": 1.050045049743648,
  "val_acc": 0.8221709006928406,
  "val_f1": 0.8272648835202762,
  "test_loss": 0.7820321928426516,
  "test_acc": 0.8536585365853658,
  "test_f1": 0.8571428571428572
}
[2023-05-03 20:40:02] ========== Metrics ==========
[2023-05-03 20:40:03] Train Epoch: 6 [0/20000 (0.0%)]	Loss: 4.7140529204625636e-05
[2023-05-03 20:40:07] Train Epoch: 6 [800/20000 (4.0%)]	Loss: 0.0003459544968791306
[2023-05-03 20:40:11] Train Epoch: 6 [1600/20000 (8.0%)]	Loss: 0.00019794199033640325
[2023-05-03 20:40:15] Train Epoch: 6 [2400/20000 (12.0%)]	Loss: 0.0007730427896603942
[2023-05-03 20:40:19] Train Epoch: 6 [3200/20000 (16.0%)]	Loss: 0.0023463985417038202
[2023-05-03 20:40:23] Train Epoch: 6 [4000/20000 (20.0%)]	Loss: 0.0011185548501089215
[2023-05-03 20:40:27] Train Epoch: 6 [4800/20000 (24.0%)]	Loss: 0.00012724129192065448
[2023-05-03 20:40:31] Train Epoch: 6 [5600/20000 (28.0%)]	Loss: 0.00030719529604539275
[2023-05-03 20:40:35] Train Epoch: 6 [6400/20000 (32.0%)]	Loss: 0.00022323692974168807
[2023-05-03 20:40:39] Train Epoch: 6 [7200/20000 (36.0%)]	Loss: 4.617302693077363e-05
[2023-05-03 20:40:43] Train Epoch: 6 [8000/20000 (40.0%)]	Loss: 0.00016651194891892374
[2023-05-03 20:40:47] Train Epoch: 6 [8800/20000 (44.0%)]	Loss: 0.00026096805231645703
[2023-05-03 20:40:51] Train Epoch: 6 [9600/20000 (48.0%)]	Loss: 3.7474044802365825e-05
[2023-05-03 20:40:55] Train Epoch: 6 [10400/20000 (52.0%)]	Loss: 0.00031002156902104616
[2023-05-03 20:40:59] Train Epoch: 6 [11200/20000 (56.0%)]	Loss: 0.003618005895987153
[2023-05-03 20:41:03] Train Epoch: 6 [12000/20000 (60.0%)]	Loss: 0.00011513692879816517
[2023-05-03 20:41:07] Train Epoch: 6 [12800/20000 (64.0%)]	Loss: 3.9036884118104354e-05
[2023-05-03 20:41:11] Train Epoch: 6 [13600/20000 (68.0%)]	Loss: 0.07675877213478088
[2023-05-03 20:41:15] Train Epoch: 6 [14400/20000 (72.0%)]	Loss: 2.5664452550699934e-05
[2023-05-03 20:41:19] Train Epoch: 6 [15200/20000 (76.0%)]	Loss: 3.270779416197911e-06
[2023-05-03 20:41:23] Train Epoch: 6 [16000/20000 (80.0%)]	Loss: 0.00015509786317124963
[2023-05-03 20:41:28] Train Epoch: 6 [16800/20000 (84.0%)]	Loss: 0.00037543976213783026
[2023-05-03 20:41:32] Train Epoch: 6 [17600/20000 (88.0%)]	Loss: 3.955315696657635e-05
[2023-05-03 20:41:36] Train Epoch: 6 [18400/20000 (92.0%)]	Loss: 6.387979374267161e-05
[2023-05-03 20:41:40] Train Epoch: 6 [19200/20000 (96.0%)]	Loss: 5.9521898947423324e-05
[2023-05-03 20:41:57] ========== Metrics ==========
[2023-05-03 20:41:57] {
  "tr_loss": 0.0021274732745687444,
  "tr_acc": 0.9993999399939995,
  "tr_f1": 0.9994,
  "val_loss": 1.122011725513255,
  "val_acc": 0.8273227926807604,
  "val_f1": 0.8244219653179191,
  "test_loss": 0.8750185606039576,
  "test_acc": 0.8455284552845529,
  "test_f1": 0.8446866485013624
}
[2023-05-03 20:41:57] ========== Metrics ==========
[2023-05-03 20:41:58] Train Epoch: 7 [0/20000 (0.0%)]	Loss: 0.00017293011478614062
[2023-05-03 20:42:03] Train Epoch: 7 [800/20000 (4.0%)]	Loss: 3.6448567698244005e-05
[2023-05-03 20:42:07] Train Epoch: 7 [1600/20000 (8.0%)]	Loss: 0.00019895884906873107
[2023-05-03 20:42:11] Train Epoch: 7 [2400/20000 (12.0%)]	Loss: 4.231843377056066e-06
[2023-05-03 20:42:15] Train Epoch: 7 [3200/20000 (16.0%)]	Loss: 1.1011041351594031e-05
[2023-05-03 20:42:19] Train Epoch: 7 [4000/20000 (20.0%)]	Loss: 0.00028560683131217957
[2023-05-03 20:42:23] Train Epoch: 7 [4800/20000 (24.0%)]	Loss: 0.00011478608212200925
[2023-05-03 20:42:27] Train Epoch: 7 [5600/20000 (28.0%)]	Loss: 0.0005220422754064202
[2023-05-03 20:42:31] Train Epoch: 7 [6400/20000 (32.0%)]	Loss: 7.211768661363749e-06
[2023-05-03 20:42:35] Train Epoch: 7 [7200/20000 (36.0%)]	Loss: 1.6918980691116303e-05
[2023-05-03 20:42:39] Train Epoch: 7 [8000/20000 (40.0%)]	Loss: 0.00010811478568939492
[2023-05-03 20:42:43] Train Epoch: 7 [8800/20000 (44.0%)]	Loss: 0.0014092117780819535
[2023-05-03 20:42:47] Train Epoch: 7 [9600/20000 (48.0%)]	Loss: 7.4057475103472825e-06
[2023-05-03 20:42:51] Train Epoch: 7 [10400/20000 (52.0%)]	Loss: 3.4123379464290338e-06
[2023-05-03 20:42:55] Train Epoch: 7 [11200/20000 (56.0%)]	Loss: 7.832470873836428e-05
[2023-05-03 20:42:59] Train Epoch: 7 [12000/20000 (60.0%)]	Loss: 7.398095931421267e-06
[2023-05-03 20:43:03] Train Epoch: 7 [12800/20000 (64.0%)]	Loss: 5.8261498452338856e-06
[2023-05-03 20:43:07] Train Epoch: 7 [13600/20000 (68.0%)]	Loss: 1.677050386206247e-05
[2023-05-03 20:43:11] Train Epoch: 7 [14400/20000 (72.0%)]	Loss: 0.00013214731006883085
[2023-05-03 20:43:15] Train Epoch: 7 [15200/20000 (76.0%)]	Loss: 2.003158260777127e-05
[2023-05-03 20:43:19] Train Epoch: 7 [16000/20000 (80.0%)]	Loss: 4.430998887983151e-05
[2023-05-03 20:43:23] Train Epoch: 7 [16800/20000 (84.0%)]	Loss: 0.0001373719424009323
[2023-05-03 20:43:27] Train Epoch: 7 [17600/20000 (88.0%)]	Loss: 0.00016166854766197503
[2023-05-03 20:43:32] Train Epoch: 7 [18400/20000 (92.0%)]	Loss: 5.793383388663642e-05
[2023-05-03 20:43:36] Train Epoch: 7 [19200/20000 (96.0%)]	Loss: 0.0012502545723691583
[2023-05-03 20:43:53] ========== Metrics ==========
[2023-05-03 20:43:53] {
  "tr_loss": 0.0007648264789402515,
  "tr_acc": 0.9998499849984999,
  "tr_f1": 0.999849992499625,
  "val_loss": 1.2495000773936087,
  "val_acc": 0.8250133238585895,
  "val_f1": 0.8268588504130778,
  "test_loss": 1.098481891789413,
  "test_acc": 0.8401084010840109,
  "test_f1": 0.8418230563002682
}
[2023-05-03 20:43:53] ========== Metrics ==========
[2023-05-03 20:43:54] Train Epoch: 8 [0/20000 (0.0%)]	Loss: 3.7327031350287143e-06
[2023-05-03 20:43:59] Train Epoch: 8 [800/20000 (4.0%)]	Loss: 8.955470548244193e-06
[2023-05-03 20:44:03] Train Epoch: 8 [1600/20000 (8.0%)]	Loss: 1.654020252317423e-06
[2023-05-03 20:44:07] Train Epoch: 8 [2400/20000 (12.0%)]	Loss: 2.354358457523631e-06
[2023-05-03 20:44:11] Train Epoch: 8 [3200/20000 (16.0%)]	Loss: 5.982699804008007e-06
[2023-05-03 20:44:15] Train Epoch: 8 [4000/20000 (20.0%)]	Loss: 1.6867455997271463e-05
[2023-05-03 20:44:19] Train Epoch: 8 [4800/20000 (24.0%)]	Loss: 0.00013772060628980398
[2023-05-03 20:44:23] Train Epoch: 8 [5600/20000 (28.0%)]	Loss: 0.00023494016204494983
[2023-05-03 20:44:27] Train Epoch: 8 [6400/20000 (32.0%)]	Loss: 2.9801672098983545e-06
[2023-05-03 20:44:31] Train Epoch: 8 [7200/20000 (36.0%)]	Loss: 8.158145647030324e-06
[2023-05-03 20:44:35] Train Epoch: 8 [8000/20000 (40.0%)]	Loss: 2.26692900469061e-05
[2023-05-03 20:44:39] Train Epoch: 8 [8800/20000 (44.0%)]	Loss: 1.2725035048788413e-05
[2023-05-03 20:44:43] Train Epoch: 8 [9600/20000 (48.0%)]	Loss: 4.4703404000756564e-07
[2023-05-03 20:44:47] Train Epoch: 8 [10400/20000 (52.0%)]	Loss: 1.729902214719914e-05
[2023-05-03 20:44:51] Train Epoch: 8 [11200/20000 (56.0%)]	Loss: 1.1220200576644856e-05
[2023-05-03 20:44:55] Train Epoch: 8 [12000/20000 (60.0%)]	Loss: 2.0861423308815574e-06
[2023-05-03 20:44:59] Train Epoch: 8 [12800/20000 (64.0%)]	Loss: 0.000420056952862069
[2023-05-03 20:45:03] Train Epoch: 8 [13600/20000 (68.0%)]	Loss: 0.0006087541114538908
[2023-05-03 20:45:07] Train Epoch: 8 [14400/20000 (72.0%)]	Loss: 1.4081493873163708e-06
[2023-05-03 20:45:11] Train Epoch: 8 [15200/20000 (76.0%)]	Loss: 8.347422408405691e-05
[2023-05-03 20:45:15] Train Epoch: 8 [16000/20000 (80.0%)]	Loss: 7.094928878359497e-05
[2023-05-03 20:45:19] Train Epoch: 8 [16800/20000 (84.0%)]	Loss: 2.7829333703266457e-05
[2023-05-03 20:45:23] Train Epoch: 8 [17600/20000 (88.0%)]	Loss: 1.0698595360736363e-05
[2023-05-03 20:45:27] Train Epoch: 8 [18400/20000 (92.0%)]	Loss: 1.6838265537444386e-06
[2023-05-03 20:45:31] Train Epoch: 8 [19200/20000 (96.0%)]	Loss: 1.3560004390456015e-06
[2023-05-03 20:45:46] Stop At epoch 8/20 due to valid not increase
[2023-05-03 20:45:49] ========== Metrics ==========
[2023-05-03 20:45:49] {
  "tr_loss": 0.00036058584189524104,
  "tr_acc": 0.9999499949995,
  "tr_f1": 0.9999499924988748,
  "val_loss": 1.391636721023965,
  "val_acc": 0.827678095576479,
  "val_f1": 0.8269093504639544,
  "test_loss": 1.0652184558068187,
  "test_acc": 0.8509485094850948,
  "test_f1": 0.8509485094850948
}
[2023-05-03 20:45:49] ========== Metrics ==========
