[2023-05-01 16:39:31] Train Epoch: 1 [0/20000 (0.0%)]	Loss: 0.6819301247596741
[2023-05-01 16:39:35] Train Epoch: 1 [800/20000 (4.0%)]	Loss: 0.6754027605056763
[2023-05-01 16:39:39] Train Epoch: 1 [1600/20000 (8.0%)]	Loss: 0.6697991490364075
[2023-05-01 16:39:42] Train Epoch: 1 [2400/20000 (12.0%)]	Loss: 0.49126529693603516
[2023-05-01 16:39:47] Train Epoch: 1 [3200/20000 (16.0%)]	Loss: 0.586251974105835
[2023-05-01 16:39:50] Train Epoch: 1 [4000/20000 (20.0%)]	Loss: 0.39129772782325745
[2023-05-01 16:39:54] Train Epoch: 1 [4800/20000 (24.0%)]	Loss: 0.6321503520011902
[2023-05-01 16:39:58] Train Epoch: 1 [5600/20000 (28.0%)]	Loss: 0.3218437135219574
[2023-05-01 16:40:02] Train Epoch: 1 [6400/20000 (32.0%)]	Loss: 0.42202576994895935
[2023-05-01 16:40:06] Train Epoch: 1 [7200/20000 (36.0%)]	Loss: 0.3711937367916107
[2023-05-01 16:40:10] Train Epoch: 1 [8000/20000 (40.0%)]	Loss: 0.5417643189430237
[2023-05-01 16:40:13] Train Epoch: 1 [8800/20000 (44.0%)]	Loss: 0.3143146336078644
[2023-05-01 16:40:17] Train Epoch: 1 [9600/20000 (48.0%)]	Loss: 0.19035804271697998
[2023-05-01 16:40:21] Train Epoch: 1 [10400/20000 (52.0%)]	Loss: 0.4056659936904907
[2023-05-01 16:40:25] Train Epoch: 1 [11200/20000 (56.0%)]	Loss: 0.4208829700946808
[2023-05-01 16:40:29] Train Epoch: 1 [12000/20000 (60.0%)]	Loss: 0.34401988983154297
[2023-05-01 16:40:32] Train Epoch: 1 [12800/20000 (64.0%)]	Loss: 0.3495701253414154
[2023-05-01 16:40:36] Train Epoch: 1 [13600/20000 (68.0%)]	Loss: 0.39859041571617126
[2023-05-01 16:40:40] Train Epoch: 1 [14400/20000 (72.0%)]	Loss: 0.2836834788322449
[2023-05-01 16:40:44] Train Epoch: 1 [15200/20000 (76.0%)]	Loss: 0.41368213295936584
[2023-05-01 16:40:48] Train Epoch: 1 [16000/20000 (80.0%)]	Loss: 0.35345959663391113
[2023-05-01 16:40:51] Train Epoch: 1 [16800/20000 (84.0%)]	Loss: 0.15104719996452332
[2023-05-01 16:40:55] Train Epoch: 1 [17600/20000 (88.0%)]	Loss: 0.16955050826072693
[2023-05-01 16:40:59] Train Epoch: 1 [18400/20000 (92.0%)]	Loss: 0.3443831205368042
[2023-05-01 16:41:03] Train Epoch: 1 [19200/20000 (96.0%)]	Loss: 0.358639657497406
[2023-05-01 16:41:18] ========== Metrics ==========
[2023-05-01 16:41:18] {
  "tr_loss": 0.43794132638113514,
  "tr_acc": 0.7949294929492949,
  "tr_f1": 0.7960005969258319,
  "val_loss": 0.36364533480201866,
  "val_acc": 0.8440220287795346,
  "val_f1": 0.8376479289940828,
  "test_loss": 0.3668361255308477,
  "test_acc": 0.8211382113821138,
  "test_f1": 0.807017543859649
}
[2023-05-01 16:41:18] ========== Metrics ==========
[2023-05-01 16:41:19] Train Epoch: 2 [0/20000 (0.0%)]	Loss: 0.2203003168106079
[2023-05-01 16:41:23] Train Epoch: 2 [800/20000 (4.0%)]	Loss: 0.37821531295776367
[2023-05-01 16:41:26] Train Epoch: 2 [1600/20000 (8.0%)]	Loss: 0.035548482090234756
[2023-05-01 16:41:30] Train Epoch: 2 [2400/20000 (12.0%)]	Loss: 0.25379690527915955
[2023-05-01 16:41:34] Train Epoch: 2 [3200/20000 (16.0%)]	Loss: 0.5359564423561096
[2023-05-01 16:41:38] Train Epoch: 2 [4000/20000 (20.0%)]	Loss: 0.08343494683504105
[2023-05-01 16:41:42] Train Epoch: 2 [4800/20000 (24.0%)]	Loss: 0.1468970775604248
[2023-05-01 16:41:46] Train Epoch: 2 [5600/20000 (28.0%)]	Loss: 0.20632022619247437
[2023-05-01 16:41:50] Train Epoch: 2 [6400/20000 (32.0%)]	Loss: 0.41742372512817383
[2023-05-01 16:41:53] Train Epoch: 2 [7200/20000 (36.0%)]	Loss: 0.09649668633937836
[2023-05-01 16:41:57] Train Epoch: 2 [8000/20000 (40.0%)]	Loss: 0.1912480890750885
[2023-05-01 16:42:01] Train Epoch: 2 [8800/20000 (44.0%)]	Loss: 0.3473564684391022
[2023-05-01 16:42:05] Train Epoch: 2 [9600/20000 (48.0%)]	Loss: 0.16639867424964905
[2023-05-01 16:42:09] Train Epoch: 2 [10400/20000 (52.0%)]	Loss: 0.29401516914367676
[2023-05-01 16:42:13] Train Epoch: 2 [11200/20000 (56.0%)]	Loss: 0.0630401149392128
[2023-05-01 16:42:16] Train Epoch: 2 [12000/20000 (60.0%)]	Loss: 0.16341759264469147
[2023-05-01 16:42:20] Train Epoch: 2 [12800/20000 (64.0%)]	Loss: 0.08658550679683685
[2023-05-01 16:42:24] Train Epoch: 2 [13600/20000 (68.0%)]	Loss: 0.2585963010787964
[2023-05-01 16:42:28] Train Epoch: 2 [14400/20000 (72.0%)]	Loss: 0.269305557012558
[2023-05-01 16:42:31] Train Epoch: 2 [15200/20000 (76.0%)]	Loss: 0.16147330403327942
[2023-05-01 16:42:35] Train Epoch: 2 [16000/20000 (80.0%)]	Loss: 0.21226970851421356
[2023-05-01 16:42:39] Train Epoch: 2 [16800/20000 (84.0%)]	Loss: 0.08680053055286407
[2023-05-01 16:42:43] Train Epoch: 2 [17600/20000 (88.0%)]	Loss: 0.047751978039741516
[2023-05-01 16:42:46] Train Epoch: 2 [18400/20000 (92.0%)]	Loss: 0.05615057423710823
[2023-05-01 16:42:50] Train Epoch: 2 [19200/20000 (96.0%)]	Loss: 0.23107974231243134
[2023-05-01 16:43:05] ========== Metrics ==========
[2023-05-01 16:43:05] {
  "tr_loss": 0.24950149951457787,
  "tr_acc": 0.9032403240324033,
  "tr_f1": 0.9032161256439755,
  "val_loss": 0.36253775783024794,
  "val_acc": 0.8502398294546101,
  "val_f1": 0.8450082735797022,
  "test_loss": 0.38455906340746376,
  "test_acc": 0.8428184281842819,
  "test_f1": 0.8323699421965318
}
[2023-05-01 16:43:05] ========== Metrics ==========
[2023-05-01 16:43:06] Train Epoch: 3 [0/20000 (0.0%)]	Loss: 0.10868450999259949
[2023-05-01 16:43:10] Train Epoch: 3 [800/20000 (4.0%)]	Loss: 0.09748024493455887
[2023-05-01 16:43:14] Train Epoch: 3 [1600/20000 (8.0%)]	Loss: 0.4916995167732239
[2023-05-01 16:43:18] Train Epoch: 3 [2400/20000 (12.0%)]	Loss: 0.24137969315052032
[2023-05-01 16:43:21] Train Epoch: 3 [3200/20000 (16.0%)]	Loss: 0.04752807691693306
[2023-05-01 16:43:25] Train Epoch: 3 [4000/20000 (20.0%)]	Loss: 0.3362528085708618
[2023-05-01 16:43:29] Train Epoch: 3 [4800/20000 (24.0%)]	Loss: 0.04659196361899376
[2023-05-01 16:43:33] Train Epoch: 3 [5600/20000 (28.0%)]	Loss: 0.08443005383014679
[2023-05-01 16:43:37] Train Epoch: 3 [6400/20000 (32.0%)]	Loss: 0.15159927308559418
[2023-05-01 16:43:40] Train Epoch: 3 [7200/20000 (36.0%)]	Loss: 0.04288110509514809
[2023-05-01 16:43:44] Train Epoch: 3 [8000/20000 (40.0%)]	Loss: 0.08304990082979202
[2023-05-01 16:43:48] Train Epoch: 3 [8800/20000 (44.0%)]	Loss: 0.07475368678569794
[2023-05-01 16:43:52] Train Epoch: 3 [9600/20000 (48.0%)]	Loss: 0.086419977247715
[2023-05-01 16:43:55] Train Epoch: 3 [10400/20000 (52.0%)]	Loss: 0.030754031613469124
[2023-05-01 16:43:59] Train Epoch: 3 [11200/20000 (56.0%)]	Loss: 0.0287080779671669
[2023-05-01 16:44:03] Train Epoch: 3 [12000/20000 (60.0%)]	Loss: 0.27457478642463684
[2023-05-01 16:44:07] Train Epoch: 3 [12800/20000 (64.0%)]	Loss: 0.09755599498748779
[2023-05-01 16:44:11] Train Epoch: 3 [13600/20000 (68.0%)]	Loss: 0.09820542484521866
[2023-05-01 16:44:15] Train Epoch: 3 [14400/20000 (72.0%)]	Loss: 0.07785753160715103
[2023-05-01 16:44:18] Train Epoch: 3 [15200/20000 (76.0%)]	Loss: 0.11695212870836258
[2023-05-01 16:44:22] Train Epoch: 3 [16000/20000 (80.0%)]	Loss: 0.16296738386154175
[2023-05-01 16:44:26] Train Epoch: 3 [16800/20000 (84.0%)]	Loss: 0.3328545093536377
[2023-05-01 16:44:30] Train Epoch: 3 [17600/20000 (88.0%)]	Loss: 0.02342265099287033
[2023-05-01 16:44:34] Train Epoch: 3 [18400/20000 (92.0%)]	Loss: 0.1630687713623047
[2023-05-01 16:44:37] Train Epoch: 3 [19200/20000 (96.0%)]	Loss: 0.03568034619092941
[2023-05-01 16:44:52] ========== Metrics ==========
[2023-05-01 16:44:52] {
  "tr_loss": 0.12534284816788668,
  "tr_acc": 0.9551955195519551,
  "tr_f1": 0.9552179128348661,
  "val_loss": 0.4171616224015155,
  "val_acc": 0.8411796056137858,
  "val_f1": 0.8415455512229706,
  "test_loss": 0.4178950571553494,
  "test_acc": 0.8292682926829268,
  "test_f1": 0.8245125348189415
}
[2023-05-01 16:44:52] ========== Metrics ==========
[2023-05-01 16:44:53] Train Epoch: 4 [0/20000 (0.0%)]	Loss: 0.07018142938613892
[2023-05-01 16:44:57] Train Epoch: 4 [800/20000 (4.0%)]	Loss: 0.0032973159104585648
[2023-05-01 16:45:01] Train Epoch: 4 [1600/20000 (8.0%)]	Loss: 0.03424514830112457
[2023-05-01 16:45:05] Train Epoch: 4 [2400/20000 (12.0%)]	Loss: 0.007172903511673212
[2023-05-01 16:45:09] Train Epoch: 4 [3200/20000 (16.0%)]	Loss: 0.19926945865154266
[2023-05-01 16:45:12] Train Epoch: 4 [4000/20000 (20.0%)]	Loss: 0.03729023039340973
[2023-05-01 16:45:16] Train Epoch: 4 [4800/20000 (24.0%)]	Loss: 0.053399499505758286
[2023-05-01 16:45:20] Train Epoch: 4 [5600/20000 (28.0%)]	Loss: 0.011260312050580978
[2023-05-01 16:45:24] Train Epoch: 4 [6400/20000 (32.0%)]	Loss: 0.0690796971321106
[2023-05-01 16:45:28] Train Epoch: 4 [7200/20000 (36.0%)]	Loss: 0.003935452550649643
[2023-05-01 16:45:32] Train Epoch: 4 [8000/20000 (40.0%)]	Loss: 0.017707359045743942
[2023-05-01 16:45:35] Train Epoch: 4 [8800/20000 (44.0%)]	Loss: 0.009857366792857647
[2023-05-01 16:45:39] Train Epoch: 4 [9600/20000 (48.0%)]	Loss: 0.015547415241599083
[2023-05-01 16:45:43] Train Epoch: 4 [10400/20000 (52.0%)]	Loss: 0.16513386368751526
[2023-05-01 16:45:47] Train Epoch: 4 [11200/20000 (56.0%)]	Loss: 0.08173710107803345
[2023-05-01 16:45:51] Train Epoch: 4 [12000/20000 (60.0%)]	Loss: 0.007719743996858597
[2023-05-01 16:45:54] Train Epoch: 4 [12800/20000 (64.0%)]	Loss: 0.062065646052360535
[2023-05-01 16:45:58] Train Epoch: 4 [13600/20000 (68.0%)]	Loss: 0.0026207806076854467
[2023-05-01 16:46:02] Train Epoch: 4 [14400/20000 (72.0%)]	Loss: 0.010299640707671642
[2023-05-01 16:46:06] Train Epoch: 4 [15200/20000 (76.0%)]	Loss: 0.1205534040927887
[2023-05-01 16:46:10] Train Epoch: 4 [16000/20000 (80.0%)]	Loss: 0.004263326991349459
[2023-05-01 16:46:13] Train Epoch: 4 [16800/20000 (84.0%)]	Loss: 0.02094625122845173
[2023-05-01 16:46:17] Train Epoch: 4 [17600/20000 (88.0%)]	Loss: 0.013755051419138908
[2023-05-01 16:46:21] Train Epoch: 4 [18400/20000 (92.0%)]	Loss: 0.013093960471451283
[2023-05-01 16:46:25] Train Epoch: 4 [19200/20000 (96.0%)]	Loss: 0.028135206550359726
[2023-05-01 16:46:39] ========== Metrics ==========
[2023-05-01 16:46:39] {
  "tr_loss": 0.04207765205272494,
  "tr_acc": 0.9857485748574858,
  "tr_f1": 0.9857492874643733,
  "val_loss": 0.6572185619834325,
  "val_acc": 0.8271451412329011,
  "val_f1": 0.8271451412329012,
  "test_loss": 0.6282981866517932,
  "test_acc": 0.8319783197831978,
  "test_f1": 0.8258426966292135
}
[2023-05-01 16:46:39] ========== Metrics ==========
[2023-05-01 16:46:40] Train Epoch: 5 [0/20000 (0.0%)]	Loss: 0.006365255918353796
[2023-05-01 16:46:44] Train Epoch: 5 [800/20000 (4.0%)]	Loss: 0.0002748802653513849
[2023-05-01 16:46:48] Train Epoch: 5 [1600/20000 (8.0%)]	Loss: 0.07860230654478073
[2023-05-01 16:46:52] Train Epoch: 5 [2400/20000 (12.0%)]	Loss: 0.02430703118443489
[2023-05-01 16:46:56] Train Epoch: 5 [3200/20000 (16.0%)]	Loss: 0.0014903624542057514
[2023-05-01 16:47:00] Train Epoch: 5 [4000/20000 (20.0%)]	Loss: 0.040126293897628784
[2023-05-01 16:47:03] Train Epoch: 5 [4800/20000 (24.0%)]	Loss: 0.0022940845228731632
[2023-05-01 16:47:07] Train Epoch: 5 [5600/20000 (28.0%)]	Loss: 0.0019964901730418205
[2023-05-01 16:47:11] Train Epoch: 5 [6400/20000 (32.0%)]	Loss: 5.642408723360859e-05
[2023-05-01 16:47:15] Train Epoch: 5 [7200/20000 (36.0%)]	Loss: 0.0011461437679827213
[2023-05-01 16:47:18] Train Epoch: 5 [8000/20000 (40.0%)]	Loss: 4.6792141802143306e-05
[2023-05-01 16:47:22] Train Epoch: 5 [8800/20000 (44.0%)]	Loss: 0.0002112363581545651
[2023-05-01 16:47:26] Train Epoch: 5 [9600/20000 (48.0%)]	Loss: 0.00041305815102532506
[2023-05-01 16:47:30] Train Epoch: 5 [10400/20000 (52.0%)]	Loss: 9.131174010690302e-05
[2023-05-01 16:47:34] Train Epoch: 5 [11200/20000 (56.0%)]	Loss: 0.0012667947448790073
[2023-05-01 16:47:38] Train Epoch: 5 [12000/20000 (60.0%)]	Loss: 0.03389919549226761
[2023-05-01 16:47:41] Train Epoch: 5 [12800/20000 (64.0%)]	Loss: 0.004040013998746872
[2023-05-01 16:47:45] Train Epoch: 5 [13600/20000 (68.0%)]	Loss: 0.0040775262750685215
[2023-05-01 16:47:49] Train Epoch: 5 [14400/20000 (72.0%)]	Loss: 0.0013052718713879585
[2023-05-01 16:47:53] Train Epoch: 5 [15200/20000 (76.0%)]	Loss: 0.014398443512618542
[2023-05-01 16:47:56] Train Epoch: 5 [16000/20000 (80.0%)]	Loss: 0.000175422421307303
[2023-05-01 16:48:00] Train Epoch: 5 [16800/20000 (84.0%)]	Loss: 0.04486967623233795
[2023-05-01 16:48:04] Train Epoch: 5 [17600/20000 (88.0%)]	Loss: 0.0017318970058113337
[2023-05-01 16:48:08] Train Epoch: 5 [18400/20000 (92.0%)]	Loss: 0.030688289552927017
[2023-05-01 16:48:12] Train Epoch: 5 [19200/20000 (96.0%)]	Loss: 0.0015124367782846093
[2023-05-01 16:48:27] ========== Metrics ==========
[2023-05-01 16:48:27] {
  "tr_loss": 0.012932240476656434,
  "tr_acc": 0.9957495749574957,
  "tr_f1": 0.9957514869795573,
  "val_loss": 0.9973893508477725,
  "val_acc": 0.8225262035885592,
  "val_f1": 0.8282029234737748,
  "test_loss": 0.9122478785876659,
  "test_acc": 0.8157181571815718,
  "test_f1": 0.8181818181818182
}
[2023-05-01 16:48:27] ========== Metrics ==========
[2023-05-01 16:48:27] Train Epoch: 6 [0/20000 (0.0%)]	Loss: 0.0001092896782211028
[2023-05-01 16:48:32] Train Epoch: 6 [800/20000 (4.0%)]	Loss: 0.004308765288442373
[2023-05-01 16:48:35] Train Epoch: 6 [1600/20000 (8.0%)]	Loss: 0.0001885258825495839
[2023-05-01 16:48:40] Train Epoch: 6 [2400/20000 (12.0%)]	Loss: 0.0003367875178810209
[2023-05-01 16:48:44] Train Epoch: 6 [3200/20000 (16.0%)]	Loss: 0.0004879991174675524
[2023-05-01 16:48:47] Train Epoch: 6 [4000/20000 (20.0%)]	Loss: 0.0004635892400983721
[2023-05-01 16:48:51] Train Epoch: 6 [4800/20000 (24.0%)]	Loss: 0.0001960713998414576
[2023-05-01 16:48:55] Train Epoch: 6 [5600/20000 (28.0%)]	Loss: 0.0011301996419206262
[2023-05-01 16:48:59] Train Epoch: 6 [6400/20000 (32.0%)]	Loss: 0.004207063931971788
[2023-05-01 16:49:03] Train Epoch: 6 [7200/20000 (36.0%)]	Loss: 0.00011082910350523889
[2023-05-01 16:49:06] Train Epoch: 6 [8000/20000 (40.0%)]	Loss: 0.00041373202111572027
[2023-05-01 16:49:10] Train Epoch: 6 [8800/20000 (44.0%)]	Loss: 0.29213160276412964
[2023-05-01 16:49:14] Train Epoch: 6 [9600/20000 (48.0%)]	Loss: 0.00016188513836823404
[2023-05-01 16:49:18] Train Epoch: 6 [10400/20000 (52.0%)]	Loss: 0.0014393508899956942
[2023-05-01 16:49:22] Train Epoch: 6 [11200/20000 (56.0%)]	Loss: 1.5764981071697548e-05
[2023-05-01 16:49:25] Train Epoch: 6 [12000/20000 (60.0%)]	Loss: 0.00021448142069857568
[2023-05-01 16:49:29] Train Epoch: 6 [12800/20000 (64.0%)]	Loss: 0.0008141570724546909
[2023-05-01 16:49:33] Train Epoch: 6 [13600/20000 (68.0%)]	Loss: 0.0014150050701573491
[2023-05-01 16:49:37] Train Epoch: 6 [14400/20000 (72.0%)]	Loss: 0.00010499038762645796
[2023-05-01 16:49:41] Train Epoch: 6 [15200/20000 (76.0%)]	Loss: 3.256752825109288e-05
[2023-05-01 16:49:44] Train Epoch: 6 [16000/20000 (80.0%)]	Loss: 0.014167072251439095
[2023-05-01 16:49:48] Train Epoch: 6 [16800/20000 (84.0%)]	Loss: 3.0113296816125512e-05
[2023-05-01 16:49:52] Train Epoch: 6 [17600/20000 (88.0%)]	Loss: 0.00028834701515734196
[2023-05-01 16:49:56] Train Epoch: 6 [18400/20000 (92.0%)]	Loss: 6.12611256656237e-05
[2023-05-01 16:49:59] Train Epoch: 6 [19200/20000 (96.0%)]	Loss: 4.3311061745043844e-05
[2023-05-01 16:50:14] ========== Metrics ==========
[2023-05-01 16:50:14] {
  "tr_loss": 0.0031180717387611374,
  "tr_acc": 0.9992499249924992,
  "tr_f1": 0.9992498124531133,
  "val_loss": 1.1434217229098191,
  "val_acc": 0.8257239296500266,
  "val_f1": 0.8279852709100473,
  "test_loss": 1.2536501420868769,
  "test_acc": 0.8211382113821138,
  "test_f1": 0.8206521739130436
}
[2023-05-01 16:50:14] ========== Metrics ==========
[2023-05-01 16:50:15] Train Epoch: 7 [0/20000 (0.0%)]	Loss: 1.8744014596450143e-05
[2023-05-01 16:50:19] Train Epoch: 7 [800/20000 (4.0%)]	Loss: 5.712885467801243e-05
[2023-05-01 16:50:23] Train Epoch: 7 [1600/20000 (8.0%)]	Loss: 1.2367921726763598e-06
[2023-05-01 16:50:27] Train Epoch: 7 [2400/20000 (12.0%)]	Loss: 0.0001965775591088459
[2023-05-01 16:50:31] Train Epoch: 7 [3200/20000 (16.0%)]	Loss: 3.8356854929588735e-05
[2023-05-01 16:50:35] Train Epoch: 7 [4000/20000 (20.0%)]	Loss: 1.6285825040540658e-05
[2023-05-01 16:50:39] Train Epoch: 7 [4800/20000 (24.0%)]	Loss: 0.00012336988584138453
[2023-05-01 16:50:42] Train Epoch: 7 [5600/20000 (28.0%)]	Loss: 9.996200969908386e-05
[2023-05-01 16:50:46] Train Epoch: 7 [6400/20000 (32.0%)]	Loss: 0.0015028041088953614
[2023-05-01 16:50:50] Train Epoch: 7 [7200/20000 (36.0%)]	Loss: 0.0001100786539609544
[2023-05-01 16:50:54] Train Epoch: 7 [8000/20000 (40.0%)]	Loss: 8.419142432103399e-07
[2023-05-01 16:50:58] Train Epoch: 7 [8800/20000 (44.0%)]	Loss: 0.00020907475845888257
[2023-05-01 16:51:02] Train Epoch: 7 [9600/20000 (48.0%)]	Loss: 0.00013862975174561143
[2023-05-01 16:51:05] Train Epoch: 7 [10400/20000 (52.0%)]	Loss: 5.774029887106735e-06
[2023-05-01 16:51:09] Train Epoch: 7 [11200/20000 (56.0%)]	Loss: 1.3015818694839254e-05
[2023-05-01 16:51:13] Train Epoch: 7 [12000/20000 (60.0%)]	Loss: 2.451204863973544e-06
[2023-05-01 16:51:17] Train Epoch: 7 [12800/20000 (64.0%)]	Loss: 2.354362095502438e-06
[2023-05-01 16:51:21] Train Epoch: 7 [13600/20000 (68.0%)]	Loss: 0.002092188922688365
[2023-05-01 16:51:25] Train Epoch: 7 [14400/20000 (72.0%)]	Loss: 6.183781079016626e-05
[2023-05-01 16:51:29] Train Epoch: 7 [15200/20000 (76.0%)]	Loss: 0.00010686850146157667
[2023-05-01 16:51:32] Train Epoch: 7 [16000/20000 (80.0%)]	Loss: 0.00017018854850903153
[2023-05-01 16:51:36] Train Epoch: 7 [16800/20000 (84.0%)]	Loss: 0.0001028474944178015
[2023-05-01 16:51:40] Train Epoch: 7 [17600/20000 (88.0%)]	Loss: 0.00039661111077293754
[2023-05-01 16:51:44] Train Epoch: 7 [18400/20000 (92.0%)]	Loss: 1.537677235319279e-05
[2023-05-01 16:51:48] Train Epoch: 7 [19200/20000 (96.0%)]	Loss: 1.9109666027361527e-05
[2023-05-01 16:52:02] ========== Metrics ==========
[2023-05-01 16:52:02] {
  "tr_loss": 0.0013746128096605195,
  "tr_acc": 0.9994999499949995,
  "tr_f1": 0.9994999499949995,
  "val_loss": 1.303113873409768,
  "val_acc": 0.8282110499200569,
  "val_f1": 0.8309736060129348,
  "test_loss": 1.1888884267186728,
  "test_acc": 0.8265582655826558,
  "test_f1": 0.8260869565217391
}
[2023-05-01 16:52:02] ========== Metrics ==========
[2023-05-01 16:52:03] Train Epoch: 8 [0/20000 (0.0%)]	Loss: 6.26162436674349e-05
[2023-05-01 16:52:07] Train Epoch: 8 [800/20000 (4.0%)]	Loss: 1.4088328498473857e-05
[2023-05-01 16:52:11] Train Epoch: 8 [1600/20000 (8.0%)]	Loss: 2.0414490791154094e-06
[2023-05-01 16:52:15] Train Epoch: 8 [2400/20000 (12.0%)]	Loss: 1.6479647456435487e-05
[2023-05-01 16:52:19] Train Epoch: 8 [3200/20000 (16.0%)]	Loss: 0.00011193823593202978
[2023-05-01 16:52:23] Train Epoch: 8 [4000/20000 (20.0%)]	Loss: 3.427651972742751e-05
[2023-05-01 16:52:27] Train Epoch: 8 [4800/20000 (24.0%)]	Loss: 1.9623385014710948e-05
[2023-05-01 16:52:30] Train Epoch: 8 [5600/20000 (28.0%)]	Loss: 0.0013869443209841847
[2023-05-01 16:52:34] Train Epoch: 8 [6400/20000 (32.0%)]	Loss: 0.00033634714782238007
[2023-05-01 16:52:38] Train Epoch: 8 [7200/20000 (36.0%)]	Loss: 2.7510433938005008e-05
[2023-05-01 16:52:42] Train Epoch: 8 [8000/20000 (40.0%)]	Loss: 0.0024246887769550085
[2023-05-01 16:52:46] Train Epoch: 8 [8800/20000 (44.0%)]	Loss: 4.0090490074362606e-05
[2023-05-01 16:52:50] Train Epoch: 8 [9600/20000 (48.0%)]	Loss: 0.0003228806017432362
[2023-05-01 16:52:54] Train Epoch: 8 [10400/20000 (52.0%)]	Loss: 0.00040935902507044375
[2023-05-01 16:52:57] Train Epoch: 8 [11200/20000 (56.0%)]	Loss: 6.779997647754499e-07
[2023-05-01 16:53:01] Train Epoch: 8 [12000/20000 (60.0%)]	Loss: 0.0028606345877051353
[2023-05-01 16:53:05] Train Epoch: 8 [12800/20000 (64.0%)]	Loss: 8.61258649820229e-06
[2023-05-01 16:53:09] Train Epoch: 8 [13600/20000 (68.0%)]	Loss: 8.009100383787882e-06
[2023-05-01 16:53:12] Train Epoch: 8 [14400/20000 (72.0%)]	Loss: 0.0007226553279906511
[2023-05-01 16:53:16] Train Epoch: 8 [15200/20000 (76.0%)]	Loss: 6.916152779012918e-05
[2023-05-01 16:53:20] Train Epoch: 8 [16000/20000 (80.0%)]	Loss: 1.00504512374755e-05
[2023-05-01 16:53:24] Train Epoch: 8 [16800/20000 (84.0%)]	Loss: 0.00024258637859020382
[2023-05-01 16:53:28] Train Epoch: 8 [17600/20000 (88.0%)]	Loss: 2.659840447449824e-06
[2023-05-01 16:53:31] Train Epoch: 8 [18400/20000 (92.0%)]	Loss: 8.916923979995772e-05
[2023-05-01 16:53:35] Train Epoch: 8 [19200/20000 (96.0%)]	Loss: 1.5720592045909143e-06
[2023-05-01 16:53:49] Stop At epoch 8/20 due to valid not increase
[2023-05-01 16:53:50] ========== Metrics ==========
[2023-05-01 16:53:50] {
  "tr_loss": 0.0005587574261740483,
  "tr_acc": 0.9998999899989999,
  "tr_f1": 0.9999,
  "val_loss": 1.450882261176215,
  "val_acc": 0.8280333984721976,
  "val_f1": 0.8300561797752809,
  "test_loss": 1.3272752690969445,
  "test_acc": 0.8211382113821138,
  "test_f1": 0.8196721311475409
}
[2023-05-01 16:53:50] ========== Metrics ==========
