[2023-05-02 20:54:27] Train Epoch: 1 [0/20000 (0.0%)]	Loss: 0.6932494640350342
[2023-05-02 20:54:29] Train Epoch: 1 [800/20000 (4.0%)]	Loss: 0.6528840661048889
[2023-05-02 20:54:32] Train Epoch: 1 [1600/20000 (8.0%)]	Loss: 0.5822984576225281
[2023-05-02 20:54:34] Train Epoch: 1 [2400/20000 (12.0%)]	Loss: 0.559514582157135
[2023-05-02 20:54:37] Train Epoch: 1 [3200/20000 (16.0%)]	Loss: 0.5545246005058289
[2023-05-02 20:54:39] Train Epoch: 1 [4000/20000 (20.0%)]	Loss: 0.4355131983757019
[2023-05-02 20:54:41] Train Epoch: 1 [4800/20000 (24.0%)]	Loss: 0.6431779861450195
[2023-05-02 20:54:44] Train Epoch: 1 [5600/20000 (28.0%)]	Loss: 0.5090227127075195
[2023-05-02 20:54:46] Train Epoch: 1 [6400/20000 (32.0%)]	Loss: 0.5486685633659363
[2023-05-02 20:54:49] Train Epoch: 1 [7200/20000 (36.0%)]	Loss: 0.6370702981948853
[2023-05-02 20:54:51] Train Epoch: 1 [8000/20000 (40.0%)]	Loss: 0.3725626468658447
[2023-05-02 20:54:54] Train Epoch: 1 [8800/20000 (44.0%)]	Loss: 0.4247362017631531
[2023-05-02 20:54:56] Train Epoch: 1 [9600/20000 (48.0%)]	Loss: 0.5201206803321838
[2023-05-02 20:54:59] Train Epoch: 1 [10400/20000 (52.0%)]	Loss: 0.5107657313346863
[2023-05-02 20:55:01] Train Epoch: 1 [11200/20000 (56.0%)]	Loss: 0.2975905239582062
[2023-05-02 20:55:04] Train Epoch: 1 [12000/20000 (60.0%)]	Loss: 0.4305189251899719
[2023-05-02 20:55:06] Train Epoch: 1 [12800/20000 (64.0%)]	Loss: 0.2984785735607147
[2023-05-02 20:55:09] Train Epoch: 1 [13600/20000 (68.0%)]	Loss: 0.5350967049598694
[2023-05-02 20:55:11] Train Epoch: 1 [14400/20000 (72.0%)]	Loss: 0.5302709937095642
[2023-05-02 20:55:13] Train Epoch: 1 [15200/20000 (76.0%)]	Loss: 0.3394048810005188
[2023-05-02 20:55:16] Train Epoch: 1 [16000/20000 (80.0%)]	Loss: 0.09327441453933716
[2023-05-02 20:55:18] Train Epoch: 1 [16800/20000 (84.0%)]	Loss: 0.4872691035270691
[2023-05-02 20:55:21] Train Epoch: 1 [17600/20000 (88.0%)]	Loss: 0.3512764871120453
[2023-05-02 20:55:23] Train Epoch: 1 [18400/20000 (92.0%)]	Loss: 0.25592148303985596
[2023-05-02 20:55:26] Train Epoch: 1 [19200/20000 (96.0%)]	Loss: 0.36184775829315186
[2023-05-02 20:55:38] ========== Metrics ==========
[2023-05-02 20:55:38] {
  "tr_loss": 0.444572856598156,
  "tr_acc": 0.7863786378637864,
  "tr_f1": 0.7883472057074911,
  "val_loss": 0.4015745721038694,
  "val_acc": 0.8285663528157754,
  "val_f1": 0.8416215329066141,
  "test_loss": 0.35459694952822635,
  "test_acc": 0.8482384823848238,
  "test_f1": 0.8585858585858586
}
[2023-05-02 20:55:38] ========== Metrics ==========
[2023-05-02 20:55:39] Train Epoch: 2 [0/20000 (0.0%)]	Loss: 0.24402616918087006
[2023-05-02 20:55:42] Train Epoch: 2 [800/20000 (4.0%)]	Loss: 0.19978955388069153
[2023-05-02 20:55:44] Train Epoch: 2 [1600/20000 (8.0%)]	Loss: 0.04719426482915878
[2023-05-02 20:55:47] Train Epoch: 2 [2400/20000 (12.0%)]	Loss: 0.38993963599205017
[2023-05-02 20:55:49] Train Epoch: 2 [3200/20000 (16.0%)]	Loss: 0.18837806582450867
[2023-05-02 20:55:52] Train Epoch: 2 [4000/20000 (20.0%)]	Loss: 0.16972337663173676
[2023-05-02 20:55:54] Train Epoch: 2 [4800/20000 (24.0%)]	Loss: 0.5171111226081848
[2023-05-02 20:55:57] Train Epoch: 2 [5600/20000 (28.0%)]	Loss: 0.300307035446167
[2023-05-02 20:55:59] Train Epoch: 2 [6400/20000 (32.0%)]	Loss: 0.12105528265237808
[2023-05-02 20:56:01] Train Epoch: 2 [7200/20000 (36.0%)]	Loss: 0.24065646529197693
[2023-05-02 20:56:04] Train Epoch: 2 [8000/20000 (40.0%)]	Loss: 0.1387014538049698
[2023-05-02 20:56:06] Train Epoch: 2 [8800/20000 (44.0%)]	Loss: 0.16924665868282318
[2023-05-02 20:56:09] Train Epoch: 2 [9600/20000 (48.0%)]	Loss: 0.3198273777961731
[2023-05-02 20:56:11] Train Epoch: 2 [10400/20000 (52.0%)]	Loss: 0.12795470654964447
[2023-05-02 20:56:14] Train Epoch: 2 [11200/20000 (56.0%)]	Loss: 0.13838471472263336
[2023-05-02 20:56:17] Train Epoch: 2 [12000/20000 (60.0%)]	Loss: 0.12487918883562088
[2023-05-02 20:56:19] Train Epoch: 2 [12800/20000 (64.0%)]	Loss: 0.11401357501745224
[2023-05-02 20:56:21] Train Epoch: 2 [13600/20000 (68.0%)]	Loss: 0.1744752675294876
[2023-05-02 20:56:24] Train Epoch: 2 [14400/20000 (72.0%)]	Loss: 0.49482569098472595
[2023-05-02 20:56:27] Train Epoch: 2 [15200/20000 (76.0%)]	Loss: 0.44248220324516296
[2023-05-02 20:56:29] Train Epoch: 2 [16000/20000 (80.0%)]	Loss: 0.07537336647510529
[2023-05-02 20:56:32] Train Epoch: 2 [16800/20000 (84.0%)]	Loss: 0.36111053824424744
[2023-05-02 20:56:34] Train Epoch: 2 [17600/20000 (88.0%)]	Loss: 0.30979254841804504
[2023-05-02 20:56:37] Train Epoch: 2 [18400/20000 (92.0%)]	Loss: 0.3249596357345581
[2023-05-02 20:56:39] Train Epoch: 2 [19200/20000 (96.0%)]	Loss: 0.40906447172164917
[2023-05-02 20:56:51] ========== Metrics ==========
[2023-05-02 20:56:51] {
  "tr_loss": 0.24693273052577674,
  "tr_acc": 0.9028902890289029,
  "tr_f1": 0.9030454318522217,
  "val_loss": 0.3543702972085634,
  "val_acc": 0.8502398294546101,
  "val_f1": 0.8453494771601542,
  "test_loss": 0.3666188048557214,
  "test_acc": 0.8373983739837398,
  "test_f1": 0.8235294117647058
}
[2023-05-02 20:56:51] ========== Metrics ==========
[2023-05-02 20:56:52] Train Epoch: 3 [0/20000 (0.0%)]	Loss: 0.15201762318611145
[2023-05-02 20:56:55] Train Epoch: 3 [800/20000 (4.0%)]	Loss: 0.13844655454158783
[2023-05-02 20:56:57] Train Epoch: 3 [1600/20000 (8.0%)]	Loss: 0.3844234347343445
[2023-05-02 20:57:00] Train Epoch: 3 [2400/20000 (12.0%)]	Loss: 0.03863805532455444
[2023-05-02 20:57:02] Train Epoch: 3 [3200/20000 (16.0%)]	Loss: 0.09024813026189804
[2023-05-02 20:57:05] Train Epoch: 3 [4000/20000 (20.0%)]	Loss: 0.351453572511673
[2023-05-02 20:57:07] Train Epoch: 3 [4800/20000 (24.0%)]	Loss: 0.18049399554729462
[2023-05-02 20:57:10] Train Epoch: 3 [5600/20000 (28.0%)]	Loss: 0.04702216759324074
[2023-05-02 20:57:12] Train Epoch: 3 [6400/20000 (32.0%)]	Loss: 0.03474516421556473
[2023-05-02 20:57:15] Train Epoch: 3 [7200/20000 (36.0%)]	Loss: 0.012161904945969582
[2023-05-02 20:57:17] Train Epoch: 3 [8000/20000 (40.0%)]	Loss: 0.025856245309114456
[2023-05-02 20:57:20] Train Epoch: 3 [8800/20000 (44.0%)]	Loss: 0.030516499653458595
[2023-05-02 20:57:22] Train Epoch: 3 [9600/20000 (48.0%)]	Loss: 0.4718877375125885
[2023-05-02 20:57:25] Train Epoch: 3 [10400/20000 (52.0%)]	Loss: 0.36603614687919617
[2023-05-02 20:57:27] Train Epoch: 3 [11200/20000 (56.0%)]	Loss: 0.016355866566300392
[2023-05-02 20:57:30] Train Epoch: 3 [12000/20000 (60.0%)]	Loss: 0.2900588810443878
[2023-05-02 20:57:32] Train Epoch: 3 [12800/20000 (64.0%)]	Loss: 0.01780400425195694
[2023-05-02 20:57:35] Train Epoch: 3 [13600/20000 (68.0%)]	Loss: 0.05981771647930145
[2023-05-02 20:57:37] Train Epoch: 3 [14400/20000 (72.0%)]	Loss: 0.0573938749730587
[2023-05-02 20:57:40] Train Epoch: 3 [15200/20000 (76.0%)]	Loss: 0.28857484459877014
[2023-05-02 20:57:42] Train Epoch: 3 [16000/20000 (80.0%)]	Loss: 0.047629114240407944
[2023-05-02 20:57:45] Train Epoch: 3 [16800/20000 (84.0%)]	Loss: 0.11225039511919022
[2023-05-02 20:57:47] Train Epoch: 3 [17600/20000 (88.0%)]	Loss: 0.12910042703151703
[2023-05-02 20:57:50] Train Epoch: 3 [18400/20000 (92.0%)]	Loss: 0.545659065246582
[2023-05-02 20:57:52] Train Epoch: 3 [19200/20000 (96.0%)]	Loss: 0.025342997163534164
[2023-05-02 20:58:04] ========== Metrics ==========
[2023-05-02 20:58:04] {
  "tr_loss": 0.12191633996304566,
  "tr_acc": 0.9582458245824582,
  "tr_f1": 0.9582186639979985,
  "val_loss": 0.4453773280934259,
  "val_acc": 0.8415349085095043,
  "val_f1": 0.8398563734290845,
  "test_loss": 0.5767347373290437,
  "test_acc": 0.8265582655826558,
  "test_f1": 0.8212290502793297
}
[2023-05-02 20:58:04] ========== Metrics ==========
[2023-05-02 20:58:05] Train Epoch: 4 [0/20000 (0.0%)]	Loss: 0.04468078166246414
[2023-05-02 20:58:08] Train Epoch: 4 [800/20000 (4.0%)]	Loss: 0.015203489921987057
[2023-05-02 20:58:11] Train Epoch: 4 [1600/20000 (8.0%)]	Loss: 0.004677765071392059
[2023-05-02 20:58:13] Train Epoch: 4 [2400/20000 (12.0%)]	Loss: 0.001948993536643684
[2023-05-02 20:58:16] Train Epoch: 4 [3200/20000 (16.0%)]	Loss: 0.03228478133678436
[2023-05-02 20:58:18] Train Epoch: 4 [4000/20000 (20.0%)]	Loss: 0.004059340804815292
[2023-05-02 20:58:20] Train Epoch: 4 [4800/20000 (24.0%)]	Loss: 0.1004638522863388
[2023-05-02 20:58:23] Train Epoch: 4 [5600/20000 (28.0%)]	Loss: 0.003737543011084199
[2023-05-02 20:58:25] Train Epoch: 4 [6400/20000 (32.0%)]	Loss: 0.0005403421819210052
[2023-05-02 20:58:28] Train Epoch: 4 [7200/20000 (36.0%)]	Loss: 0.13162383437156677
[2023-05-02 20:58:31] Train Epoch: 4 [8000/20000 (40.0%)]	Loss: 0.004311977885663509
[2023-05-02 20:58:33] Train Epoch: 4 [8800/20000 (44.0%)]	Loss: 0.07963810116052628
[2023-05-02 20:58:35] Train Epoch: 4 [9600/20000 (48.0%)]	Loss: 0.005774952471256256
[2023-05-02 20:58:38] Train Epoch: 4 [10400/20000 (52.0%)]	Loss: 0.0053520286455750465
[2023-05-02 20:58:41] Train Epoch: 4 [11200/20000 (56.0%)]	Loss: 0.004925522953271866
[2023-05-02 20:58:43] Train Epoch: 4 [12000/20000 (60.0%)]	Loss: 0.008313152007758617
[2023-05-02 20:58:46] Train Epoch: 4 [12800/20000 (64.0%)]	Loss: 0.17452771961688995
[2023-05-02 20:58:48] Train Epoch: 4 [13600/20000 (68.0%)]	Loss: 0.005518349818885326
[2023-05-02 20:58:51] Train Epoch: 4 [14400/20000 (72.0%)]	Loss: 0.09732721745967865
[2023-05-02 20:58:53] Train Epoch: 4 [15200/20000 (76.0%)]	Loss: 0.07140545547008514
[2023-05-02 20:58:55] Train Epoch: 4 [16000/20000 (80.0%)]	Loss: 0.0034935567528009415
[2023-05-02 20:58:58] Train Epoch: 4 [16800/20000 (84.0%)]	Loss: 0.021769840270280838
[2023-05-02 20:59:00] Train Epoch: 4 [17600/20000 (88.0%)]	Loss: 0.0343414731323719
[2023-05-02 20:59:03] Train Epoch: 4 [18400/20000 (92.0%)]	Loss: 0.005630473606288433
[2023-05-02 20:59:05] Train Epoch: 4 [19200/20000 (96.0%)]	Loss: 0.003166765905916691
[2023-05-02 20:59:17] ========== Metrics ==========
[2023-05-02 20:59:17] {
  "tr_loss": 0.04583999875067344,
  "tr_acc": 0.9866986698669867,
  "tr_f1": 0.9867000000000001,
  "val_loss": 0.6368745421670771,
  "val_acc": 0.8221709006928406,
  "val_f1": 0.8315098468271335,
  "test_loss": 0.5572399579008743,
  "test_acc": 0.8265582655826558,
  "test_f1": 0.8315789473684211
}
[2023-05-02 20:59:17] ========== Metrics ==========
[2023-05-02 20:59:18] Train Epoch: 5 [0/20000 (0.0%)]	Loss: 0.007982120849192142
[2023-05-02 20:59:21] Train Epoch: 5 [800/20000 (4.0%)]	Loss: 0.0005567926564253867
[2023-05-02 20:59:23] Train Epoch: 5 [1600/20000 (8.0%)]	Loss: 0.0061017354018986225
[2023-05-02 20:59:26] Train Epoch: 5 [2400/20000 (12.0%)]	Loss: 0.004231131169945002
[2023-05-02 20:59:28] Train Epoch: 5 [3200/20000 (16.0%)]	Loss: 0.006611774209886789
[2023-05-02 20:59:31] Train Epoch: 5 [4000/20000 (20.0%)]	Loss: 0.0037488252855837345
[2023-05-02 20:59:33] Train Epoch: 5 [4800/20000 (24.0%)]	Loss: 0.00020545990264508873
[2023-05-02 20:59:36] Train Epoch: 5 [5600/20000 (28.0%)]	Loss: 6.921358726685867e-05
[2023-05-02 20:59:38] Train Epoch: 5 [6400/20000 (32.0%)]	Loss: 0.00039366967394016683
[2023-05-02 20:59:41] Train Epoch: 5 [7200/20000 (36.0%)]	Loss: 0.1787223517894745
[2023-05-02 20:59:43] Train Epoch: 5 [8000/20000 (40.0%)]	Loss: 0.00017790491983760148
[2023-05-02 20:59:46] Train Epoch: 5 [8800/20000 (44.0%)]	Loss: 0.002182458061724901
[2023-05-02 20:59:48] Train Epoch: 5 [9600/20000 (48.0%)]	Loss: 5.976112515782006e-05
[2023-05-02 20:59:50] Train Epoch: 5 [10400/20000 (52.0%)]	Loss: 0.00014878764341119677
[2023-05-02 20:59:53] Train Epoch: 5 [11200/20000 (56.0%)]	Loss: 0.0008228779770433903
[2023-05-02 20:59:55] Train Epoch: 5 [12000/20000 (60.0%)]	Loss: 0.0230158232152462
[2023-05-02 20:59:58] Train Epoch: 5 [12800/20000 (64.0%)]	Loss: 0.028768787160515785
[2023-05-02 21:00:00] Train Epoch: 5 [13600/20000 (68.0%)]	Loss: 0.009828140959143639
[2023-05-02 21:00:03] Train Epoch: 5 [14400/20000 (72.0%)]	Loss: 0.0038691554218530655
[2023-05-02 21:00:05] Train Epoch: 5 [15200/20000 (76.0%)]	Loss: 0.018567560240626335
[2023-05-02 21:00:08] Train Epoch: 5 [16000/20000 (80.0%)]	Loss: 0.0012581966584548354
[2023-05-02 21:00:10] Train Epoch: 5 [16800/20000 (84.0%)]	Loss: 0.0007511063013225794
[2023-05-02 21:00:13] Train Epoch: 5 [17600/20000 (88.0%)]	Loss: 8.621987944934517e-05
[2023-05-02 21:00:15] Train Epoch: 5 [18400/20000 (92.0%)]	Loss: 0.0005460475804284215
[2023-05-02 21:00:18] Train Epoch: 5 [19200/20000 (96.0%)]	Loss: 0.01279072742909193
[2023-05-02 21:00:30] ========== Metrics ==========
[2023-05-02 21:00:30] {
  "tr_loss": 0.015154674477384746,
  "tr_acc": 0.9954995499549955,
  "tr_f1": 0.995499099819964,
  "val_loss": 1.2076976404660678,
  "val_acc": 0.820572037662107,
  "val_f1": 0.8292765382014874,
  "test_loss": 1.1601870861156847,
  "test_acc": 0.8346883468834688,
  "test_f1": 0.8381962864721486
}
[2023-05-02 21:00:30] ========== Metrics ==========
[2023-05-02 21:00:31] Train Epoch: 6 [0/20000 (0.0%)]	Loss: 7.826784712960944e-05
[2023-05-02 21:00:34] Train Epoch: 6 [800/20000 (4.0%)]	Loss: 2.7244217562838458e-05
[2023-05-02 21:00:36] Train Epoch: 6 [1600/20000 (8.0%)]	Loss: 1.6226342268055305e-05
[2023-05-02 21:00:39] Train Epoch: 6 [2400/20000 (12.0%)]	Loss: 0.0002517699613235891
[2023-05-02 21:00:41] Train Epoch: 6 [3200/20000 (16.0%)]	Loss: 4.801026443601586e-05
[2023-05-02 21:00:44] Train Epoch: 6 [4000/20000 (20.0%)]	Loss: 7.805950735928491e-05
[2023-05-02 21:00:46] Train Epoch: 6 [4800/20000 (24.0%)]	Loss: 0.00015756623179186136
[2023-05-02 21:00:49] Train Epoch: 6 [5600/20000 (28.0%)]	Loss: 0.0006413802620954812
[2023-05-02 21:00:51] Train Epoch: 6 [6400/20000 (32.0%)]	Loss: 5.546944885281846e-05
[2023-05-02 21:00:54] Train Epoch: 6 [7200/20000 (36.0%)]	Loss: 0.002298649400472641
[2023-05-02 21:00:56] Train Epoch: 6 [8000/20000 (40.0%)]	Loss: 0.00028462859336286783
[2023-05-02 21:00:58] Train Epoch: 6 [8800/20000 (44.0%)]	Loss: 0.007846073247492313
[2023-05-02 21:01:01] Train Epoch: 6 [9600/20000 (48.0%)]	Loss: 0.0001839192700572312
[2023-05-02 21:01:03] Train Epoch: 6 [10400/20000 (52.0%)]	Loss: 5.416420208348427e-06
[2023-05-02 21:01:06] Train Epoch: 6 [11200/20000 (56.0%)]	Loss: 0.00012114187848055735
[2023-05-02 21:01:09] Train Epoch: 6 [12000/20000 (60.0%)]	Loss: 0.00039990723598748446
[2023-05-02 21:01:11] Train Epoch: 6 [12800/20000 (64.0%)]	Loss: 0.0006427180487662554
[2023-05-02 21:01:14] Train Epoch: 6 [13600/20000 (68.0%)]	Loss: 0.00034740709816105664
[2023-05-02 21:01:16] Train Epoch: 6 [14400/20000 (72.0%)]	Loss: 6.192467117216438e-05
[2023-05-02 21:01:19] Train Epoch: 6 [15200/20000 (76.0%)]	Loss: 0.0006682198727503419
[2023-05-02 21:01:21] Train Epoch: 6 [16000/20000 (80.0%)]	Loss: 1.4847999409539625e-05
[2023-05-02 21:01:24] Train Epoch: 6 [16800/20000 (84.0%)]	Loss: 0.0002156775153707713
[2023-05-02 21:01:26] Train Epoch: 6 [17600/20000 (88.0%)]	Loss: 0.004665277898311615
[2023-05-02 21:01:28] Train Epoch: 6 [18400/20000 (92.0%)]	Loss: 1.6964248061412945e-05
[2023-05-02 21:01:31] Train Epoch: 6 [19200/20000 (96.0%)]	Loss: 0.0001578917435836047
[2023-05-02 21:01:43] ========== Metrics ==========
[2023-05-02 21:01:43] {
  "tr_loss": 0.0024679429269837696,
  "tr_acc": 0.9993999399939995,
  "tr_f1": 0.9993998799759953,
  "val_loss": 1.144007777786923,
  "val_acc": 0.8250133238585895,
  "val_f1": 0.8251996450754214,
  "test_loss": 1.036173049350418,
  "test_acc": 0.8319783197831978,
  "test_f1": 0.8268156424581006
}
[2023-05-02 21:01:43] ========== Metrics ==========
[2023-05-02 21:01:44] Train Epoch: 7 [0/20000 (0.0%)]	Loss: 0.0005445764400064945
[2023-05-02 21:01:47] Train Epoch: 7 [800/20000 (4.0%)]	Loss: 0.00010859147005248815
[2023-05-02 21:01:49] Train Epoch: 7 [1600/20000 (8.0%)]	Loss: 0.0005021771648898721
[2023-05-02 21:01:52] Train Epoch: 7 [2400/20000 (12.0%)]	Loss: 4.112891838303767e-05
[2023-05-02 21:01:54] Train Epoch: 7 [3200/20000 (16.0%)]	Loss: 5.9571684687398374e-05
[2023-05-02 21:01:57] Train Epoch: 7 [4000/20000 (20.0%)]	Loss: 0.00021879604901187122
[2023-05-02 21:01:59] Train Epoch: 7 [4800/20000 (24.0%)]	Loss: 8.535501547157764e-05
[2023-05-02 21:02:02] Train Epoch: 7 [5600/20000 (28.0%)]	Loss: 1.1145404641865753e-05
[2023-05-02 21:02:04] Train Epoch: 7 [6400/20000 (32.0%)]	Loss: 0.0002646335924509913
[2023-05-02 21:02:07] Train Epoch: 7 [7200/20000 (36.0%)]	Loss: 4.4255261855141725e-06
[2023-05-02 21:02:09] Train Epoch: 7 [8000/20000 (40.0%)]	Loss: 5.415571285993792e-05
[2023-05-02 21:02:12] Train Epoch: 7 [8800/20000 (44.0%)]	Loss: 0.002166641876101494
[2023-05-02 21:02:14] Train Epoch: 7 [9600/20000 (48.0%)]	Loss: 0.00012348743621259928
[2023-05-02 21:02:17] Train Epoch: 7 [10400/20000 (52.0%)]	Loss: 0.000163808828801848
[2023-05-02 21:02:20] Train Epoch: 7 [11200/20000 (56.0%)]	Loss: 9.521611900709104e-06
[2023-05-02 21:02:22] Train Epoch: 7 [12000/20000 (60.0%)]	Loss: 8.225298188335728e-06
[2023-05-02 21:02:24] Train Epoch: 7 [12800/20000 (64.0%)]	Loss: 1.9981127479695715e-05
[2023-05-02 21:02:27] Train Epoch: 7 [13600/20000 (68.0%)]	Loss: 6.605576345464215e-05
[2023-05-02 21:02:29] Train Epoch: 7 [14400/20000 (72.0%)]	Loss: 7.905612437753007e-05
[2023-05-02 21:02:32] Train Epoch: 7 [15200/20000 (76.0%)]	Loss: 7.983102841535583e-05
[2023-05-02 21:02:34] Train Epoch: 7 [16000/20000 (80.0%)]	Loss: 2.108359149133321e-05
[2023-05-02 21:02:37] Train Epoch: 7 [16800/20000 (84.0%)]	Loss: 0.0004803611373063177
[2023-05-02 21:02:39] Train Epoch: 7 [17600/20000 (88.0%)]	Loss: 0.00041168599273078144
[2023-05-02 21:02:42] Train Epoch: 7 [18400/20000 (92.0%)]	Loss: 4.2667747038649395e-05
[2023-05-02 21:02:44] Train Epoch: 7 [19200/20000 (96.0%)]	Loss: 2.7303081878926605e-05
[2023-05-02 21:02:57] ========== Metrics ==========
[2023-05-02 21:02:57] {
  "tr_loss": 0.001324774228134039,
  "tr_acc": 0.9996999699969997,
  "tr_f1": 0.9996999399879974,
  "val_loss": 1.196921110497584,
  "val_acc": 0.8243027180671523,
  "val_f1": 0.825910931174089,
  "test_loss": 1.1555169216662564,
  "test_acc": 0.8265582655826558,
  "test_f1": 0.8232044198895027
}
[2023-05-02 21:02:57] ========== Metrics ==========
[2023-05-02 21:02:58] Train Epoch: 8 [0/20000 (0.0%)]	Loss: 5.915582732995972e-06
[2023-05-02 21:03:00] Train Epoch: 8 [800/20000 (4.0%)]	Loss: 1.6293508451781236e-05
[2023-05-02 21:03:03] Train Epoch: 8 [1600/20000 (8.0%)]	Loss: 0.0006968758534640074
[2023-05-02 21:03:05] Train Epoch: 8 [2400/20000 (12.0%)]	Loss: 5.8606376114767045e-05
[2023-05-02 21:03:08] Train Epoch: 8 [3200/20000 (16.0%)]	Loss: 7.683847798034549e-05
[2023-05-02 21:03:10] Train Epoch: 8 [4000/20000 (20.0%)]	Loss: 5.139624045114033e-05
[2023-05-02 21:03:13] Train Epoch: 8 [4800/20000 (24.0%)]	Loss: 0.00041064555989578366
[2023-05-02 21:03:15] Train Epoch: 8 [5600/20000 (28.0%)]	Loss: 3.058536822209135e-05
[2023-05-02 21:03:18] Train Epoch: 8 [6400/20000 (32.0%)]	Loss: 1.988343137782067e-05
[2023-05-02 21:03:20] Train Epoch: 8 [7200/20000 (36.0%)]	Loss: 1.5750030797789805e-05
[2023-05-02 21:03:23] Train Epoch: 8 [8000/20000 (40.0%)]	Loss: 0.0019381624879315495
[2023-05-02 21:03:25] Train Epoch: 8 [8800/20000 (44.0%)]	Loss: 5.386653811001452e-06
[2023-05-02 21:03:28] Train Epoch: 8 [9600/20000 (48.0%)]	Loss: 9.067021892406046e-06
[2023-05-02 21:03:30] Train Epoch: 8 [10400/20000 (52.0%)]	Loss: 1.6867550584720448e-05
[2023-05-02 21:03:33] Train Epoch: 8 [11200/20000 (56.0%)]	Loss: 0.0004064089444000274
[2023-05-02 21:03:35] Train Epoch: 8 [12000/20000 (60.0%)]	Loss: 9.343231067759916e-05
[2023-05-02 21:03:38] Train Epoch: 8 [12800/20000 (64.0%)]	Loss: 0.0002397826174274087
[2023-05-02 21:03:40] Train Epoch: 8 [13600/20000 (68.0%)]	Loss: 8.22177535155788e-05
[2023-05-02 21:03:43] Train Epoch: 8 [14400/20000 (72.0%)]	Loss: 3.0981420422904193e-05
[2023-05-02 21:03:45] Train Epoch: 8 [15200/20000 (76.0%)]	Loss: 6.772467713744845e-06
[2023-05-02 21:03:48] Train Epoch: 8 [16000/20000 (80.0%)]	Loss: 8.432329923380166e-05
[2023-05-02 21:03:50] Train Epoch: 8 [16800/20000 (84.0%)]	Loss: 0.00022047109086997807
[2023-05-02 21:03:52] Train Epoch: 8 [17600/20000 (88.0%)]	Loss: 0.00018589386309031397
[2023-05-02 21:03:55] Train Epoch: 8 [18400/20000 (92.0%)]	Loss: 5.1855276979040354e-06
[2023-05-02 21:03:57] Train Epoch: 8 [19200/20000 (96.0%)]	Loss: 0.00020079613022971898
[2023-05-02 21:04:08] Stop At epoch 8/20 due to valid not increase
[2023-05-02 21:04:10] ========== Metrics ==========
[2023-05-02 21:04:10] {
  "tr_loss": 0.0008070354936928737,
  "tr_acc": 0.9997999799979999,
  "tr_f1": 0.9997999799979999,
  "val_loss": 1.3325287770870133,
  "val_acc": 0.8243027180671523,
  "val_f1": 0.8254192409532215,
  "test_loss": 1.2138715926305388,
  "test_acc": 0.8238482384823849,
  "test_f1": 0.8189415041782729
}
[2023-05-02 21:04:10] ========== Metrics ==========
