[2023-05-03 01:51:25] Train Epoch: 1 [0/20000 (0.0%)]	Loss: 0.7155265212059021
[2023-05-03 01:51:33] Train Epoch: 1 [800/20000 (4.0%)]	Loss: 0.630357563495636
[2023-05-03 01:51:41] Train Epoch: 1 [1600/20000 (8.0%)]	Loss: 0.621357262134552
[2023-05-03 01:51:50] Train Epoch: 1 [2400/20000 (12.0%)]	Loss: 0.42564740777015686
[2023-05-03 01:51:58] Train Epoch: 1 [3200/20000 (16.0%)]	Loss: 0.5607482194900513
[2023-05-03 01:52:06] Train Epoch: 1 [4000/20000 (20.0%)]	Loss: 0.35488834977149963
[2023-05-03 01:52:14] Train Epoch: 1 [4800/20000 (24.0%)]	Loss: 0.32292497158050537
[2023-05-03 01:52:22] Train Epoch: 1 [5600/20000 (28.0%)]	Loss: 0.321047842502594
[2023-05-03 01:52:30] Train Epoch: 1 [6400/20000 (32.0%)]	Loss: 0.4517892003059387
[2023-05-03 01:52:38] Train Epoch: 1 [7200/20000 (36.0%)]	Loss: 0.6187458038330078
[2023-05-03 01:52:46] Train Epoch: 1 [8000/20000 (40.0%)]	Loss: 0.4699714779853821
[2023-05-03 01:52:53] Train Epoch: 1 [8800/20000 (44.0%)]	Loss: 0.6796773672103882
[2023-05-03 01:53:01] Train Epoch: 1 [9600/20000 (48.0%)]	Loss: 0.40069806575775146
[2023-05-03 01:53:09] Train Epoch: 1 [10400/20000 (52.0%)]	Loss: 0.13998736441135406
[2023-05-03 01:53:17] Train Epoch: 1 [11200/20000 (56.0%)]	Loss: 0.33833733201026917
[2023-05-03 01:53:25] Train Epoch: 1 [12000/20000 (60.0%)]	Loss: 0.43576580286026
[2023-05-03 01:53:32] Train Epoch: 1 [12800/20000 (64.0%)]	Loss: 0.5717300176620483
[2023-05-03 01:53:40] Train Epoch: 1 [13600/20000 (68.0%)]	Loss: 0.36815688014030457
[2023-05-03 01:53:48] Train Epoch: 1 [14400/20000 (72.0%)]	Loss: 0.34600913524627686
[2023-05-03 01:53:56] Train Epoch: 1 [15200/20000 (76.0%)]	Loss: 0.31880423426628113
[2023-05-03 01:54:04] Train Epoch: 1 [16000/20000 (80.0%)]	Loss: 0.3528314232826233
[2023-05-03 01:54:12] Train Epoch: 1 [16800/20000 (84.0%)]	Loss: 0.35084477066993713
[2023-05-03 01:54:19] Train Epoch: 1 [17600/20000 (88.0%)]	Loss: 0.2674146294593811
[2023-05-03 01:54:27] Train Epoch: 1 [18400/20000 (92.0%)]	Loss: 0.31742820143699646
[2023-05-03 01:54:35] Train Epoch: 1 [19200/20000 (96.0%)]	Loss: 0.31257128715515137
[2023-05-03 01:55:06] ========== Metrics ==========
[2023-05-03 01:55:06] {
  "tr_loss": 0.44241926469842435,
  "tr_acc": 0.7907790779077908,
  "tr_f1": 0.7904647435897436,
  "val_loss": 0.35525326621661624,
  "val_acc": 0.8445549831231125,
  "val_f1": 0.8395967002749771,
  "test_loss": 0.3450234630889686,
  "test_acc": 0.8401084010840109,
  "test_f1": 0.830945558739255
}
[2023-05-03 01:55:06] ========== Metrics ==========
[2023-05-03 01:55:07] Train Epoch: 2 [0/20000 (0.0%)]	Loss: 0.29023870825767517
[2023-05-03 01:55:16] Train Epoch: 2 [800/20000 (4.0%)]	Loss: 0.1341598778963089
[2023-05-03 01:55:24] Train Epoch: 2 [1600/20000 (8.0%)]	Loss: 0.2202201634645462
[2023-05-03 01:55:32] Train Epoch: 2 [2400/20000 (12.0%)]	Loss: 0.2001326084136963
[2023-05-03 01:55:40] Train Epoch: 2 [3200/20000 (16.0%)]	Loss: 0.42351090908050537
[2023-05-03 01:55:48] Train Epoch: 2 [4000/20000 (20.0%)]	Loss: 0.4275859296321869
[2023-05-03 01:55:56] Train Epoch: 2 [4800/20000 (24.0%)]	Loss: 0.1073765978217125
[2023-05-03 01:56:04] Train Epoch: 2 [5600/20000 (28.0%)]	Loss: 0.22288468480110168
[2023-05-03 01:56:12] Train Epoch: 2 [6400/20000 (32.0%)]	Loss: 0.44510921835899353
[2023-05-03 01:56:19] Train Epoch: 2 [7200/20000 (36.0%)]	Loss: 0.14439330995082855
[2023-05-03 01:56:27] Train Epoch: 2 [8000/20000 (40.0%)]	Loss: 0.35496142506599426
[2023-05-03 01:56:35] Train Epoch: 2 [8800/20000 (44.0%)]	Loss: 0.2140980213880539
[2023-05-03 01:56:43] Train Epoch: 2 [9600/20000 (48.0%)]	Loss: 0.4387584328651428
[2023-05-03 01:56:51] Train Epoch: 2 [10400/20000 (52.0%)]	Loss: 0.35722464323043823
[2023-05-03 01:56:59] Train Epoch: 2 [11200/20000 (56.0%)]	Loss: 0.42382723093032837
[2023-05-03 01:57:07] Train Epoch: 2 [12000/20000 (60.0%)]	Loss: 0.14425551891326904
[2023-05-03 01:57:15] Train Epoch: 2 [12800/20000 (64.0%)]	Loss: 0.28311359882354736
[2023-05-03 01:57:22] Train Epoch: 2 [13600/20000 (68.0%)]	Loss: 0.23675130307674408
[2023-05-03 01:57:30] Train Epoch: 2 [14400/20000 (72.0%)]	Loss: 0.20355387032032013
[2023-05-03 01:57:38] Train Epoch: 2 [15200/20000 (76.0%)]	Loss: 0.05772216618061066
[2023-05-03 01:57:46] Train Epoch: 2 [16000/20000 (80.0%)]	Loss: 0.20250678062438965
[2023-05-03 01:57:54] Train Epoch: 2 [16800/20000 (84.0%)]	Loss: 0.3130902051925659
[2023-05-03 01:58:02] Train Epoch: 2 [17600/20000 (88.0%)]	Loss: 0.1695709228515625
[2023-05-03 01:58:09] Train Epoch: 2 [18400/20000 (92.0%)]	Loss: 0.11620781570672989
[2023-05-03 01:58:17] Train Epoch: 2 [19200/20000 (96.0%)]	Loss: 0.1734102964401245
[2023-05-03 01:58:48] ========== Metrics ==========
[2023-05-03 01:58:48] {
  "tr_loss": 0.2533982183897134,
  "tr_acc": 0.9006900690069007,
  "tr_f1": 0.900828922400879,
  "val_loss": 0.3569238618701871,
  "val_acc": 0.8562799786818263,
  "val_f1": 0.8587886193052889,
  "test_loss": 0.29791223348640816,
  "test_acc": 0.8726287262872628,
  "test_f1": 0.8705234159779615
}
[2023-05-03 01:58:48] ========== Metrics ==========
[2023-05-03 01:58:50] Train Epoch: 3 [0/20000 (0.0%)]	Loss: 0.08232970535755157
[2023-05-03 01:58:59] Train Epoch: 3 [800/20000 (4.0%)]	Loss: 0.11464963108301163
[2023-05-03 01:59:07] Train Epoch: 3 [1600/20000 (8.0%)]	Loss: 0.04113316163420677
[2023-05-03 01:59:15] Train Epoch: 3 [2400/20000 (12.0%)]	Loss: 0.036533575505018234
[2023-05-03 01:59:22] Train Epoch: 3 [3200/20000 (16.0%)]	Loss: 0.0177433043718338
[2023-05-03 01:59:30] Train Epoch: 3 [4000/20000 (20.0%)]	Loss: 0.0714757964015007
[2023-05-03 01:59:38] Train Epoch: 3 [4800/20000 (24.0%)]	Loss: 0.12467460334300995
[2023-05-03 01:59:46] Train Epoch: 3 [5600/20000 (28.0%)]	Loss: 0.3158661425113678
[2023-05-03 01:59:54] Train Epoch: 3 [6400/20000 (32.0%)]	Loss: 0.21038535237312317
[2023-05-03 02:00:02] Train Epoch: 3 [7200/20000 (36.0%)]	Loss: 0.09934735298156738
[2023-05-03 02:00:10] Train Epoch: 3 [8000/20000 (40.0%)]	Loss: 0.02574153244495392
[2023-05-03 02:00:18] Train Epoch: 3 [8800/20000 (44.0%)]	Loss: 0.09245400130748749
[2023-05-03 02:00:26] Train Epoch: 3 [9600/20000 (48.0%)]	Loss: 0.03695104271173477
[2023-05-03 02:00:34] Train Epoch: 3 [10400/20000 (52.0%)]	Loss: 0.016758421435952187
[2023-05-03 02:00:41] Train Epoch: 3 [11200/20000 (56.0%)]	Loss: 0.006357482168823481
[2023-05-03 02:00:49] Train Epoch: 3 [12000/20000 (60.0%)]	Loss: 0.1359667330980301
[2023-05-03 02:00:57] Train Epoch: 3 [12800/20000 (64.0%)]	Loss: 0.13630883395671844
[2023-05-03 02:01:05] Train Epoch: 3 [13600/20000 (68.0%)]	Loss: 0.06639177352190018
[2023-05-03 02:01:13] Train Epoch: 3 [14400/20000 (72.0%)]	Loss: 0.39400169253349304
[2023-05-03 02:01:21] Train Epoch: 3 [15200/20000 (76.0%)]	Loss: 0.03650622069835663
[2023-05-03 02:01:29] Train Epoch: 3 [16000/20000 (80.0%)]	Loss: 0.24567297101020813
[2023-05-03 02:01:36] Train Epoch: 3 [16800/20000 (84.0%)]	Loss: 0.07575191557407379
[2023-05-03 02:01:44] Train Epoch: 3 [17600/20000 (88.0%)]	Loss: 0.2286910116672516
[2023-05-03 02:01:52] Train Epoch: 3 [18400/20000 (92.0%)]	Loss: 0.037625912576913834
[2023-05-03 02:02:00] Train Epoch: 3 [19200/20000 (96.0%)]	Loss: 0.4178209900856018
[2023-05-03 02:02:31] ========== Metrics ==========
[2023-05-03 02:02:31] {
  "tr_loss": 0.12910307486328182,
  "tr_acc": 0.9553455345534554,
  "tr_f1": 0.9553611597100724,
  "val_loss": 0.3825614612836104,
  "val_acc": 0.8470421033931427,
  "val_f1": 0.84483690755091,
  "test_loss": 0.36012124643739324,
  "test_acc": 0.8373983739837398,
  "test_f1": 0.8305084745762713
}
[2023-05-03 02:02:31] ========== Metrics ==========
[2023-05-03 02:02:32] Train Epoch: 4 [0/20000 (0.0%)]	Loss: 0.06438159197568893
[2023-05-03 02:02:41] Train Epoch: 4 [800/20000 (4.0%)]	Loss: 0.015122536569833755
[2023-05-03 02:02:49] Train Epoch: 4 [1600/20000 (8.0%)]	Loss: 0.006140617653727531
[2023-05-03 02:02:57] Train Epoch: 4 [2400/20000 (12.0%)]	Loss: 0.013671141117811203
[2023-05-03 02:03:05] Train Epoch: 4 [3200/20000 (16.0%)]	Loss: 0.06417063623666763
[2023-05-03 02:03:13] Train Epoch: 4 [4000/20000 (20.0%)]	Loss: 0.00457802414894104
[2023-05-03 02:03:21] Train Epoch: 4 [4800/20000 (24.0%)]	Loss: 0.006360261235386133
[2023-05-03 02:03:29] Train Epoch: 4 [5600/20000 (28.0%)]	Loss: 0.004429299850016832
[2023-05-03 02:03:37] Train Epoch: 4 [6400/20000 (32.0%)]	Loss: 0.025878816843032837
[2023-05-03 02:03:45] Train Epoch: 4 [7200/20000 (36.0%)]	Loss: 0.078745037317276
[2023-05-03 02:03:53] Train Epoch: 4 [8000/20000 (40.0%)]	Loss: 0.04508772864937782
[2023-05-03 02:04:00] Train Epoch: 4 [8800/20000 (44.0%)]	Loss: 0.0013967864215373993
[2023-05-03 02:04:08] Train Epoch: 4 [9600/20000 (48.0%)]	Loss: 0.013545896857976913
[2023-05-03 02:04:16] Train Epoch: 4 [10400/20000 (52.0%)]	Loss: 0.0368279404938221
[2023-05-03 02:04:24] Train Epoch: 4 [11200/20000 (56.0%)]	Loss: 0.004810822196304798
[2023-05-03 02:04:32] Train Epoch: 4 [12000/20000 (60.0%)]	Loss: 0.025550492107868195
[2023-05-03 02:04:40] Train Epoch: 4 [12800/20000 (64.0%)]	Loss: 0.023122038692235947
[2023-05-03 02:04:48] Train Epoch: 4 [13600/20000 (68.0%)]	Loss: 0.05955175682902336
[2023-05-03 02:04:55] Train Epoch: 4 [14400/20000 (72.0%)]	Loss: 0.0018824938451871276
[2023-05-03 02:05:03] Train Epoch: 4 [15200/20000 (76.0%)]	Loss: 0.00900869257748127
[2023-05-03 02:05:11] Train Epoch: 4 [16000/20000 (80.0%)]	Loss: 0.019845634698867798
[2023-05-03 02:05:19] Train Epoch: 4 [16800/20000 (84.0%)]	Loss: 0.007904469966888428
[2023-05-03 02:05:27] Train Epoch: 4 [17600/20000 (88.0%)]	Loss: 0.006626530550420284
[2023-05-03 02:05:35] Train Epoch: 4 [18400/20000 (92.0%)]	Loss: 0.01799987442791462
[2023-05-03 02:05:43] Train Epoch: 4 [19200/20000 (96.0%)]	Loss: 0.0034600363578647375
[2023-05-03 02:06:13] ========== Metrics ==========
[2023-05-03 02:06:13] {
  "tr_loss": 0.051367140507804464,
  "tr_acc": 0.9834983498349835,
  "tr_f1": 0.9835,
  "val_loss": 0.5959612945877949,
  "val_acc": 0.8354947592822881,
  "val_f1": 0.8349376114081997,
  "test_loss": 0.5358530859037638,
  "test_acc": 0.8346883468834688,
  "test_f1": 0.8300835654596102
}
[2023-05-03 02:06:13] ========== Metrics ==========
[2023-05-03 02:06:15] Train Epoch: 5 [0/20000 (0.0%)]	Loss: 0.004798646084964275
[2023-05-03 02:06:23] Train Epoch: 5 [800/20000 (4.0%)]	Loss: 0.0006445716135203838
[2023-05-03 02:06:32] Train Epoch: 5 [1600/20000 (8.0%)]	Loss: 0.0021320709493011236
[2023-05-03 02:06:40] Train Epoch: 5 [2400/20000 (12.0%)]	Loss: 0.05599886178970337
[2023-05-03 02:06:48] Train Epoch: 5 [3200/20000 (16.0%)]	Loss: 0.001053694519214332
[2023-05-03 02:06:56] Train Epoch: 5 [4000/20000 (20.0%)]	Loss: 0.0006061320891603827
[2023-05-03 02:07:04] Train Epoch: 5 [4800/20000 (24.0%)]	Loss: 0.003155189799144864
[2023-05-03 02:07:11] Train Epoch: 5 [5600/20000 (28.0%)]	Loss: 0.10156456381082535
[2023-05-03 02:07:19] Train Epoch: 5 [6400/20000 (32.0%)]	Loss: 0.007445985451340675
[2023-05-03 02:07:27] Train Epoch: 5 [7200/20000 (36.0%)]	Loss: 0.00015251872537191957
[2023-05-03 02:07:35] Train Epoch: 5 [8000/20000 (40.0%)]	Loss: 0.03917628526687622
[2023-05-03 02:07:43] Train Epoch: 5 [8800/20000 (44.0%)]	Loss: 0.001971590332686901
[2023-05-03 02:07:51] Train Epoch: 5 [9600/20000 (48.0%)]	Loss: 0.00026752750272862613
[2023-05-03 02:07:58] Train Epoch: 5 [10400/20000 (52.0%)]	Loss: 0.0051598441787064075
[2023-05-03 02:08:06] Train Epoch: 5 [11200/20000 (56.0%)]	Loss: 0.0028050716500729322
[2023-05-03 02:08:14] Train Epoch: 5 [12000/20000 (60.0%)]	Loss: 0.015592209994792938
[2023-05-03 02:08:22] Train Epoch: 5 [12800/20000 (64.0%)]	Loss: 0.22052139043807983
[2023-05-03 02:08:30] Train Epoch: 5 [13600/20000 (68.0%)]	Loss: 0.0003278131771367043
[2023-05-03 02:08:37] Train Epoch: 5 [14400/20000 (72.0%)]	Loss: 0.00012376022641547024
[2023-05-03 02:08:45] Train Epoch: 5 [15200/20000 (76.0%)]	Loss: 0.005308575928211212
[2023-05-03 02:08:53] Train Epoch: 5 [16000/20000 (80.0%)]	Loss: 0.00020437067723833025
[2023-05-03 02:09:01] Train Epoch: 5 [16800/20000 (84.0%)]	Loss: 0.0006542567280121148
[2023-05-03 02:09:09] Train Epoch: 5 [17600/20000 (88.0%)]	Loss: 0.0013438028981909156
[2023-05-03 02:09:17] Train Epoch: 5 [18400/20000 (92.0%)]	Loss: 0.0003670314035844058
[2023-05-03 02:09:25] Train Epoch: 5 [19200/20000 (96.0%)]	Loss: 0.00815634522587061
[2023-05-03 02:09:56] ========== Metrics ==========
[2023-05-03 02:09:56] {
  "tr_loss": 0.01983260778724718,
  "tr_acc": 0.9938993899389938,
  "tr_f1": 0.9939006099390061,
  "val_loss": 0.8450231419803088,
  "val_acc": 0.8063599218333629,
  "val_f1": 0.8272583201267829,
  "test_loss": 0.7523459697503162,
  "test_acc": 0.8021680216802168,
  "test_f1": 0.8223844282238443
}
[2023-05-03 02:09:56] ========== Metrics ==========
[2023-05-03 02:09:58] Train Epoch: 6 [0/20000 (0.0%)]	Loss: 0.0071875001303851604
[2023-05-03 02:10:07] Train Epoch: 6 [800/20000 (4.0%)]	Loss: 0.004117639269679785
[2023-05-03 02:10:15] Train Epoch: 6 [1600/20000 (8.0%)]	Loss: 0.020786702632904053
[2023-05-03 02:10:23] Train Epoch: 6 [2400/20000 (12.0%)]	Loss: 0.001511350623331964
[2023-05-03 02:10:31] Train Epoch: 6 [3200/20000 (16.0%)]	Loss: 0.0005803107051178813
[2023-05-03 02:10:39] Train Epoch: 6 [4000/20000 (20.0%)]	Loss: 0.0005469146999530494
[2023-05-03 02:10:47] Train Epoch: 6 [4800/20000 (24.0%)]	Loss: 0.000962114310823381
[2023-05-03 02:10:55] Train Epoch: 6 [5600/20000 (28.0%)]	Loss: 0.00610366091132164
[2023-05-03 02:11:03] Train Epoch: 6 [6400/20000 (32.0%)]	Loss: 0.0002449761377647519
[2023-05-03 02:11:11] Train Epoch: 6 [7200/20000 (36.0%)]	Loss: 0.0009516793652437627
[2023-05-03 02:11:18] Train Epoch: 6 [8000/20000 (40.0%)]	Loss: 8.463063568342477e-05
[2023-05-03 02:11:27] Train Epoch: 6 [8800/20000 (44.0%)]	Loss: 0.12634366750717163
[2023-05-03 02:11:34] Train Epoch: 6 [9600/20000 (48.0%)]	Loss: 0.003209263551980257
[2023-05-03 02:11:42] Train Epoch: 6 [10400/20000 (52.0%)]	Loss: 0.0008337417966686189
[2023-05-03 02:11:50] Train Epoch: 6 [11200/20000 (56.0%)]	Loss: 0.00013640029646921903
[2023-05-03 02:11:58] Train Epoch: 6 [12000/20000 (60.0%)]	Loss: 0.0002357300982112065
[2023-05-03 02:12:06] Train Epoch: 6 [12800/20000 (64.0%)]	Loss: 0.007726344745606184
[2023-05-03 02:12:14] Train Epoch: 6 [13600/20000 (68.0%)]	Loss: 0.0017102828714996576
[2023-05-03 02:12:21] Train Epoch: 6 [14400/20000 (72.0%)]	Loss: 0.00017895123164635152
[2023-05-03 02:12:29] Train Epoch: 6 [15200/20000 (76.0%)]	Loss: 0.0001520115474704653
[2023-05-03 02:12:37] Train Epoch: 6 [16000/20000 (80.0%)]	Loss: 0.0015210541896522045
[2023-05-03 02:12:45] Train Epoch: 6 [16800/20000 (84.0%)]	Loss: 0.0002482088457327336
[2023-05-03 02:12:53] Train Epoch: 6 [17600/20000 (88.0%)]	Loss: 0.00035364480572752655
[2023-05-03 02:13:01] Train Epoch: 6 [18400/20000 (92.0%)]	Loss: 0.005753903649747372
[2023-05-03 02:13:09] Train Epoch: 6 [19200/20000 (96.0%)]	Loss: 8.194857946364209e-05
[2023-05-03 02:13:40] ========== Metrics ==========
[2023-05-03 02:13:40] {
  "tr_loss": 0.005171036916713782,
  "tr_acc": 0.9985498549854985,
  "tr_f1": 0.9985503624093977,
  "val_loss": 0.9014235650002923,
  "val_acc": 0.8310534730858057,
  "val_f1": 0.8315919957499558,
  "test_loss": 0.8413479053489498,
  "test_acc": 0.8292682926829268,
  "test_f1": 0.8292682926829269
}
[2023-05-03 02:13:40] ========== Metrics ==========
[2023-05-03 02:13:42] Train Epoch: 7 [0/20000 (0.0%)]	Loss: 0.0008414344047196209
[2023-05-03 02:13:50] Train Epoch: 7 [800/20000 (4.0%)]	Loss: 0.001653142855502665
[2023-05-03 02:13:58] Train Epoch: 7 [1600/20000 (8.0%)]	Loss: 0.00037668569711968303
[2023-05-03 02:14:06] Train Epoch: 7 [2400/20000 (12.0%)]	Loss: 0.0005833227769471705
[2023-05-03 02:14:14] Train Epoch: 7 [3200/20000 (16.0%)]	Loss: 0.00019141040684189647
[2023-05-03 02:14:22] Train Epoch: 7 [4000/20000 (20.0%)]	Loss: 0.0035008727572858334
[2023-05-03 02:14:30] Train Epoch: 7 [4800/20000 (24.0%)]	Loss: 0.00027502543525770307
[2023-05-03 02:14:37] Train Epoch: 7 [5600/20000 (28.0%)]	Loss: 0.00017730255785863847
[2023-05-03 02:14:45] Train Epoch: 7 [6400/20000 (32.0%)]	Loss: 0.00018270869622938335
[2023-05-03 02:14:53] Train Epoch: 7 [7200/20000 (36.0%)]	Loss: 0.0001995556231122464
[2023-05-03 02:15:01] Train Epoch: 7 [8000/20000 (40.0%)]	Loss: 0.013957139104604721
[2023-05-03 02:15:09] Train Epoch: 7 [8800/20000 (44.0%)]	Loss: 0.00042318319901824
[2023-05-03 02:15:16] Train Epoch: 7 [9600/20000 (48.0%)]	Loss: 5.991361103951931e-05
[2023-05-03 02:15:24] Train Epoch: 7 [10400/20000 (52.0%)]	Loss: 1.1250188435951713e-05
[2023-05-03 02:15:32] Train Epoch: 7 [11200/20000 (56.0%)]	Loss: 0.00017982834833674133
[2023-05-03 02:15:40] Train Epoch: 7 [12000/20000 (60.0%)]	Loss: 9.82159108389169e-05
[2023-05-03 02:15:48] Train Epoch: 7 [12800/20000 (64.0%)]	Loss: 0.00011363561498001218
[2023-05-03 02:15:55] Train Epoch: 7 [13600/20000 (68.0%)]	Loss: 1.0900045708694961e-05
[2023-05-03 02:16:03] Train Epoch: 7 [14400/20000 (72.0%)]	Loss: 4.144477497902699e-05
[2023-05-03 02:16:11] Train Epoch: 7 [15200/20000 (76.0%)]	Loss: 6.099506572354585e-05
[2023-05-03 02:16:19] Train Epoch: 7 [16000/20000 (80.0%)]	Loss: 0.0002990371431224048
[2023-05-03 02:16:27] Train Epoch: 7 [16800/20000 (84.0%)]	Loss: 0.00011116966925328597
[2023-05-03 02:16:34] Train Epoch: 7 [17600/20000 (88.0%)]	Loss: 6.820292765041813e-05
[2023-05-03 02:16:43] Train Epoch: 7 [18400/20000 (92.0%)]	Loss: 0.0006675378535874188
[2023-05-03 02:16:50] Train Epoch: 7 [19200/20000 (96.0%)]	Loss: 2.0883049728581682e-05
[2023-05-03 02:17:21] ========== Metrics ==========
[2023-05-03 02:17:21] {
  "tr_loss": 0.0022658440296866836,
  "tr_acc": 0.9996999699969997,
  "tr_f1": 0.9996999699969997,
  "val_loss": 1.0466503972973022,
  "val_acc": 0.8303428672943685,
  "val_f1": 0.831954953369699,
  "test_loss": 0.974962255374849,
  "test_acc": 0.8238482384823849,
  "test_f1": 0.8257372654155497
}
[2023-05-03 02:17:21] ========== Metrics ==========
[2023-05-03 02:17:23] Train Epoch: 8 [0/20000 (0.0%)]	Loss: 1.015493216982577e-05
[2023-05-03 02:17:32] Train Epoch: 8 [800/20000 (4.0%)]	Loss: 0.0007751687662675977
[2023-05-03 02:17:40] Train Epoch: 8 [1600/20000 (8.0%)]	Loss: 9.856999895418994e-06
[2023-05-03 02:17:48] Train Epoch: 8 [2400/20000 (12.0%)]	Loss: 0.0001639518013689667
[2023-05-03 02:17:56] Train Epoch: 8 [3200/20000 (16.0%)]	Loss: 9.969299571821466e-05
[2023-05-03 02:18:04] Train Epoch: 8 [4000/20000 (20.0%)]	Loss: 0.0009741837857291102
[2023-05-03 02:18:12] Train Epoch: 8 [4800/20000 (24.0%)]	Loss: 0.0005425869021564722
[2023-05-03 02:18:20] Train Epoch: 8 [5600/20000 (28.0%)]	Loss: 8.304965740535408e-05
[2023-05-03 02:18:28] Train Epoch: 8 [6400/20000 (32.0%)]	Loss: 5.732410500058904e-05
[2023-05-03 02:18:36] Train Epoch: 8 [7200/20000 (36.0%)]	Loss: 2.5241788534913212e-05
[2023-05-03 02:18:43] Train Epoch: 8 [8000/20000 (40.0%)]	Loss: 5.748389594373293e-05
[2023-05-03 02:18:52] Train Epoch: 8 [8800/20000 (44.0%)]	Loss: 0.00017765880329534411
[2023-05-03 02:18:59] Train Epoch: 8 [9600/20000 (48.0%)]	Loss: 0.0001895169261842966
[2023-05-03 02:19:07] Train Epoch: 8 [10400/20000 (52.0%)]	Loss: 1.2158919162175152e-05
[2023-05-03 02:19:15] Train Epoch: 8 [11200/20000 (56.0%)]	Loss: 0.0001094685576390475
[2023-05-03 02:19:23] Train Epoch: 8 [12000/20000 (60.0%)]	Loss: 0.0001760122540872544
[2023-05-03 02:19:31] Train Epoch: 8 [12800/20000 (64.0%)]	Loss: 1.1600366633501835e-05
[2023-05-03 02:19:39] Train Epoch: 8 [13600/20000 (68.0%)]	Loss: 5.975308795314049e-06
[2023-05-03 02:19:47] Train Epoch: 8 [14400/20000 (72.0%)]	Loss: 7.130692392820492e-05
[2023-05-03 02:19:55] Train Epoch: 8 [15200/20000 (76.0%)]	Loss: 1.4244650628825184e-05
[2023-05-03 02:20:03] Train Epoch: 8 [16000/20000 (80.0%)]	Loss: 0.00013624092389363796
[2023-05-03 02:20:11] Train Epoch: 8 [16800/20000 (84.0%)]	Loss: 4.158266165177338e-05
[2023-05-03 02:20:19] Train Epoch: 8 [17600/20000 (88.0%)]	Loss: 0.007388087920844555
[2023-05-03 02:20:27] Train Epoch: 8 [18400/20000 (92.0%)]	Loss: 0.0007856835727579892
[2023-05-03 02:20:35] Train Epoch: 8 [19200/20000 (96.0%)]	Loss: 0.0001481320068705827
[2023-05-03 02:21:02] Stop At epoch 8/20 due to valid not increase
[2023-05-03 02:21:06] ========== Metrics ==========
[2023-05-03 02:21:06] {
  "tr_loss": 0.0015917244677494187,
  "tr_acc": 0.9997999799979999,
  "tr_f1": 0.9998,
  "val_loss": 1.0698350308685343,
  "val_acc": 0.8299875643986498,
  "val_f1": 0.8313061872025382,
  "test_loss": 1.0020036457035801,
  "test_acc": 0.8265582655826558,
  "test_f1": 0.8279569892473118
}
[2023-05-03 02:21:06] ========== Metrics ==========
