[2023-05-03 17:05:54] Train Epoch: 1 [0/20000 (0.0%)]	Loss: 0.6994715929031372
[2023-05-03 17:06:10] Train Epoch: 1 [800/20000 (4.0%)]	Loss: 0.6823487877845764
[2023-05-03 17:06:26] Train Epoch: 1 [1600/20000 (8.0%)]	Loss: 0.5944281220436096
[2023-05-03 17:06:40] Train Epoch: 1 [2400/20000 (12.0%)]	Loss: 0.6987205147743225
[2023-05-03 17:06:55] Train Epoch: 1 [3200/20000 (16.0%)]	Loss: 0.5723865032196045
[2023-05-03 17:07:10] Train Epoch: 1 [4000/20000 (20.0%)]	Loss: 0.492276668548584
[2023-05-03 17:07:25] Train Epoch: 1 [4800/20000 (24.0%)]	Loss: 0.6278761029243469
[2023-05-03 17:07:39] Train Epoch: 1 [5600/20000 (28.0%)]	Loss: 0.5090363025665283
[2023-05-03 17:07:54] Train Epoch: 1 [6400/20000 (32.0%)]	Loss: 0.42237767577171326
[2023-05-03 17:08:08] Train Epoch: 1 [7200/20000 (36.0%)]	Loss: 0.48641321063041687
[2023-05-03 17:08:22] Train Epoch: 1 [8000/20000 (40.0%)]	Loss: 0.4130460321903229
[2023-05-03 17:08:36] Train Epoch: 1 [8800/20000 (44.0%)]	Loss: 0.36857593059539795
[2023-05-03 17:08:51] Train Epoch: 1 [9600/20000 (48.0%)]	Loss: 0.3216838240623474
[2023-05-03 17:09:05] Train Epoch: 1 [10400/20000 (52.0%)]	Loss: 0.5230982303619385
[2023-05-03 17:09:20] Train Epoch: 1 [11200/20000 (56.0%)]	Loss: 0.29370400309562683
[2023-05-03 17:09:34] Train Epoch: 1 [12000/20000 (60.0%)]	Loss: 0.6661282181739807
[2023-05-03 17:09:49] Train Epoch: 1 [12800/20000 (64.0%)]	Loss: 0.47664204239845276
[2023-05-03 17:10:03] Train Epoch: 1 [13600/20000 (68.0%)]	Loss: 0.5659725069999695
[2023-05-03 17:10:18] Train Epoch: 1 [14400/20000 (72.0%)]	Loss: 0.7518635392189026
[2023-05-03 17:10:32] Train Epoch: 1 [15200/20000 (76.0%)]	Loss: 0.309179425239563
[2023-05-03 17:10:47] Train Epoch: 1 [16000/20000 (80.0%)]	Loss: 0.7166410088539124
[2023-05-03 17:11:01] Train Epoch: 1 [16800/20000 (84.0%)]	Loss: 0.482010155916214
[2023-05-03 17:11:15] Train Epoch: 1 [17600/20000 (88.0%)]	Loss: 0.41469940543174744
[2023-05-03 17:11:30] Train Epoch: 1 [18400/20000 (92.0%)]	Loss: 0.15489746630191803
[2023-05-03 17:11:44] Train Epoch: 1 [19200/20000 (96.0%)]	Loss: 0.2964564859867096
[2023-05-03 17:12:43] ========== Metrics ==========
[2023-05-03 17:12:43] {
  "tr_loss": 0.4636628477439152,
  "tr_acc": 0.7747774777477747,
  "tr_f1": 0.7782591571484837,
  "val_loss": 0.3582522681263883,
  "val_acc": 0.8429561200923787,
  "val_f1": 0.8487854943551146,
  "test_loss": 0.33917299357210073,
  "test_acc": 0.8428184281842819,
  "test_f1": 0.8449197860962568
}
[2023-05-03 17:12:43] ========== Metrics ==========
[2023-05-03 17:12:45] Train Epoch: 2 [0/20000 (0.0%)]	Loss: 0.20536741614341736
[2023-05-03 17:13:00] Train Epoch: 2 [800/20000 (4.0%)]	Loss: 0.25751793384552
[2023-05-03 17:13:14] Train Epoch: 2 [1600/20000 (8.0%)]	Loss: 0.47679102420806885
[2023-05-03 17:13:28] Train Epoch: 2 [2400/20000 (12.0%)]	Loss: 0.21471081674098969
[2023-05-03 17:13:43] Train Epoch: 2 [3200/20000 (16.0%)]	Loss: 0.2704223096370697
[2023-05-03 17:13:57] Train Epoch: 2 [4000/20000 (20.0%)]	Loss: 0.2949729263782501
[2023-05-03 17:14:11] Train Epoch: 2 [4800/20000 (24.0%)]	Loss: 0.12491252273321152
[2023-05-03 17:14:25] Train Epoch: 2 [5600/20000 (28.0%)]	Loss: 0.33180317282676697
[2023-05-03 17:14:39] Train Epoch: 2 [6400/20000 (32.0%)]	Loss: 0.12600763142108917
[2023-05-03 17:14:53] Train Epoch: 2 [7200/20000 (36.0%)]	Loss: 0.17754735052585602
[2023-05-03 17:15:07] Train Epoch: 2 [8000/20000 (40.0%)]	Loss: 0.23311938345432281
[2023-05-03 17:15:22] Train Epoch: 2 [8800/20000 (44.0%)]	Loss: 0.16316820681095123
[2023-05-03 17:15:36] Train Epoch: 2 [9600/20000 (48.0%)]	Loss: 0.2464381456375122
[2023-05-03 17:15:50] Train Epoch: 2 [10400/20000 (52.0%)]	Loss: 0.22660934925079346
[2023-05-03 17:16:04] Train Epoch: 2 [11200/20000 (56.0%)]	Loss: 0.21051490306854248
[2023-05-03 17:16:18] Train Epoch: 2 [12000/20000 (60.0%)]	Loss: 0.5807362198829651
[2023-05-03 17:16:32] Train Epoch: 2 [12800/20000 (64.0%)]	Loss: 0.12371678650379181
[2023-05-03 17:16:46] Train Epoch: 2 [13600/20000 (68.0%)]	Loss: 0.278982013463974
[2023-05-03 17:17:00] Train Epoch: 2 [14400/20000 (72.0%)]	Loss: 0.18682780861854553
[2023-05-03 17:17:14] Train Epoch: 2 [15200/20000 (76.0%)]	Loss: 0.038053665310144424
[2023-05-03 17:17:28] Train Epoch: 2 [16000/20000 (80.0%)]	Loss: 0.10435330867767334
[2023-05-03 17:17:42] Train Epoch: 2 [16800/20000 (84.0%)]	Loss: 0.11590764671564102
[2023-05-03 17:17:56] Train Epoch: 2 [17600/20000 (88.0%)]	Loss: 0.38949963450431824
[2023-05-03 17:18:10] Train Epoch: 2 [18400/20000 (92.0%)]	Loss: 0.10894175618886948
[2023-05-03 17:18:24] Train Epoch: 2 [19200/20000 (96.0%)]	Loss: 0.30795106291770935
[2023-05-03 17:19:22] ========== Metrics ==========
[2023-05-03 17:19:22] {
  "tr_loss": 0.27641967595955863,
  "tr_acc": 0.8896389638963896,
  "tr_f1": 0.8895008261152557,
  "val_loss": 0.36372016895768233,
  "val_acc": 0.8452655889145496,
  "val_f1": 0.8334289539108817,
  "test_loss": 0.45125196748955787,
  "test_acc": 0.8184281842818428,
  "test_f1": 0.8035190615835777
}
[2023-05-03 17:19:22] ========== Metrics ==========
[2023-05-03 17:19:24] Train Epoch: 3 [0/20000 (0.0%)]	Loss: 0.07621414214372635
[2023-05-03 17:19:39] Train Epoch: 3 [800/20000 (4.0%)]	Loss: 0.031512968242168427
[2023-05-03 17:19:54] Train Epoch: 3 [1600/20000 (8.0%)]	Loss: 0.07034841179847717
[2023-05-03 17:20:08] Train Epoch: 3 [2400/20000 (12.0%)]	Loss: 0.1677239090204239
[2023-05-03 17:20:23] Train Epoch: 3 [3200/20000 (16.0%)]	Loss: 0.10662730783224106
[2023-05-03 17:20:37] Train Epoch: 3 [4000/20000 (20.0%)]	Loss: 0.023879341781139374
[2023-05-03 17:20:51] Train Epoch: 3 [4800/20000 (24.0%)]	Loss: 0.026090353727340698
[2023-05-03 17:21:05] Train Epoch: 3 [5600/20000 (28.0%)]	Loss: 0.5033023953437805
[2023-05-03 17:21:19] Train Epoch: 3 [6400/20000 (32.0%)]	Loss: 0.13070905208587646
[2023-05-03 17:21:33] Train Epoch: 3 [7200/20000 (36.0%)]	Loss: 0.037538859993219376
[2023-05-03 17:21:47] Train Epoch: 3 [8000/20000 (40.0%)]	Loss: 0.01812995783984661
[2023-05-03 17:22:01] Train Epoch: 3 [8800/20000 (44.0%)]	Loss: 0.19360819458961487
[2023-05-03 17:22:15] Train Epoch: 3 [9600/20000 (48.0%)]	Loss: 0.20594538748264313
[2023-05-03 17:22:29] Train Epoch: 3 [10400/20000 (52.0%)]	Loss: 0.031028488650918007
[2023-05-03 17:22:43] Train Epoch: 3 [11200/20000 (56.0%)]	Loss: 0.10208147764205933
[2023-05-03 17:22:57] Train Epoch: 3 [12000/20000 (60.0%)]	Loss: 0.05526150390505791
[2023-05-03 17:23:11] Train Epoch: 3 [12800/20000 (64.0%)]	Loss: 0.05482911691069603
[2023-05-03 17:23:25] Train Epoch: 3 [13600/20000 (68.0%)]	Loss: 0.10019491612911224
[2023-05-03 17:23:39] Train Epoch: 3 [14400/20000 (72.0%)]	Loss: 0.0044594076462090015
[2023-05-03 17:23:53] Train Epoch: 3 [15200/20000 (76.0%)]	Loss: 0.05335191637277603
[2023-05-03 17:24:07] Train Epoch: 3 [16000/20000 (80.0%)]	Loss: 0.17748601734638214
[2023-05-03 17:24:21] Train Epoch: 3 [16800/20000 (84.0%)]	Loss: 0.0938190445303917
[2023-05-03 17:24:35] Train Epoch: 3 [17600/20000 (88.0%)]	Loss: 0.04712292551994324
[2023-05-03 17:24:49] Train Epoch: 3 [18400/20000 (92.0%)]	Loss: 0.07784183323383331
[2023-05-03 17:25:03] Train Epoch: 3 [19200/20000 (96.0%)]	Loss: 0.2739083170890808
[2023-05-03 17:26:02] ========== Metrics ==========
[2023-05-03 17:26:02] {
  "tr_loss": 0.14046960430006847,
  "tr_acc": 0.95009500950095,
  "tr_f1": 0.9500750375187593,
  "val_loss": 0.5113538631096913,
  "val_acc": 0.8399360454787707,
  "val_f1": 0.8485968744748782,
  "test_loss": 0.4657410832379407,
  "test_acc": 0.8455284552845529,
  "test_f1": 0.8519480519480519
}
[2023-05-03 17:26:02] ========== Metrics ==========
[2023-05-03 17:26:04] Train Epoch: 4 [0/20000 (0.0%)]	Loss: 0.009448286145925522
[2023-05-03 17:26:19] Train Epoch: 4 [800/20000 (4.0%)]	Loss: 0.0036742447409778833
[2023-05-03 17:26:33] Train Epoch: 4 [1600/20000 (8.0%)]	Loss: 0.17484109103679657
[2023-05-03 17:26:48] Train Epoch: 4 [2400/20000 (12.0%)]	Loss: 0.16853372752666473
[2023-05-03 17:27:02] Train Epoch: 4 [3200/20000 (16.0%)]	Loss: 0.01571100950241089
[2023-05-03 17:27:16] Train Epoch: 4 [4000/20000 (20.0%)]	Loss: 0.0008455602219328284
[2023-05-03 17:27:31] Train Epoch: 4 [4800/20000 (24.0%)]	Loss: 0.00255996803753078
[2023-05-03 17:27:45] Train Epoch: 4 [5600/20000 (28.0%)]	Loss: 0.0031620857771486044
[2023-05-03 17:27:59] Train Epoch: 4 [6400/20000 (32.0%)]	Loss: 0.06641203165054321
[2023-05-03 17:28:14] Train Epoch: 4 [7200/20000 (36.0%)]	Loss: 0.005736654624342918
[2023-05-03 17:28:28] Train Epoch: 4 [8000/20000 (40.0%)]	Loss: 0.0015233518788591027
[2023-05-03 17:28:42] Train Epoch: 4 [8800/20000 (44.0%)]	Loss: 0.002988857915624976
[2023-05-03 17:28:56] Train Epoch: 4 [9600/20000 (48.0%)]	Loss: 0.01085811760276556
[2023-05-03 17:29:10] Train Epoch: 4 [10400/20000 (52.0%)]	Loss: 0.015193603932857513
[2023-05-03 17:29:24] Train Epoch: 4 [11200/20000 (56.0%)]	Loss: 0.025035826489329338
[2023-05-03 17:29:38] Train Epoch: 4 [12000/20000 (60.0%)]	Loss: 0.0091476421803236
[2023-05-03 17:29:52] Train Epoch: 4 [12800/20000 (64.0%)]	Loss: 0.03228862211108208
[2023-05-03 17:30:06] Train Epoch: 4 [13600/20000 (68.0%)]	Loss: 0.012013042345643044
[2023-05-03 17:30:20] Train Epoch: 4 [14400/20000 (72.0%)]	Loss: 0.0023819489870220423
[2023-05-03 17:30:35] Train Epoch: 4 [15200/20000 (76.0%)]	Loss: 0.10164445638656616
[2023-05-03 17:30:49] Train Epoch: 4 [16000/20000 (80.0%)]	Loss: 0.3241207003593445
[2023-05-03 17:31:03] Train Epoch: 4 [16800/20000 (84.0%)]	Loss: 0.14269810914993286
[2023-05-03 17:31:17] Train Epoch: 4 [17600/20000 (88.0%)]	Loss: 0.18048623204231262
[2023-05-03 17:31:31] Train Epoch: 4 [18400/20000 (92.0%)]	Loss: 0.017375251278281212
[2023-05-03 17:31:45] Train Epoch: 4 [19200/20000 (96.0%)]	Loss: 0.021173246204853058
[2023-05-03 17:32:44] ========== Metrics ==========
[2023-05-03 17:32:44] {
  "tr_loss": 0.05927030077428672,
  "tr_acc": 0.9805480548054806,
  "tr_f1": 0.9805392966131372,
  "val_loss": 0.6467453431256008,
  "val_acc": 0.8427784686445194,
  "val_f1": 0.8388858547241944,
  "test_loss": 0.6791355080226169,
  "test_acc": 0.8238482384823849,
  "test_f1": 0.8158640226628894
}
[2023-05-03 17:32:44] ========== Metrics ==========
[2023-05-03 17:32:47] Train Epoch: 5 [0/20000 (0.0%)]	Loss: 0.024645119905471802
[2023-05-03 17:33:01] Train Epoch: 5 [800/20000 (4.0%)]	Loss: 0.06094267964363098
[2023-05-03 17:33:15] Train Epoch: 5 [1600/20000 (8.0%)]	Loss: 0.0016980277141556144
[2023-05-03 17:33:30] Train Epoch: 5 [2400/20000 (12.0%)]	Loss: 0.002263557631522417
[2023-05-03 17:33:44] Train Epoch: 5 [3200/20000 (16.0%)]	Loss: 0.010933092795312405
[2023-05-03 17:33:58] Train Epoch: 5 [4000/20000 (20.0%)]	Loss: 0.0003553217393346131
[2023-05-03 17:34:12] Train Epoch: 5 [4800/20000 (24.0%)]	Loss: 0.0015531987883150578
[2023-05-03 17:34:26] Train Epoch: 5 [5600/20000 (28.0%)]	Loss: 0.025426430627703667
[2023-05-03 17:34:40] Train Epoch: 5 [6400/20000 (32.0%)]	Loss: 0.00022476533195003867
[2023-05-03 17:34:54] Train Epoch: 5 [7200/20000 (36.0%)]	Loss: 0.0033734370954334736
[2023-05-03 17:35:09] Train Epoch: 5 [8000/20000 (40.0%)]	Loss: 0.0007858795579522848
[2023-05-03 17:35:23] Train Epoch: 5 [8800/20000 (44.0%)]	Loss: 0.2303059697151184
[2023-05-03 17:35:38] Train Epoch: 5 [9600/20000 (48.0%)]	Loss: 0.001671436009928584
[2023-05-03 17:35:52] Train Epoch: 5 [10400/20000 (52.0%)]	Loss: 0.007170678116381168
[2023-05-03 17:36:06] Train Epoch: 5 [11200/20000 (56.0%)]	Loss: 0.000910781673155725
[2023-05-03 17:36:20] Train Epoch: 5 [12000/20000 (60.0%)]	Loss: 0.07751698791980743
[2023-05-03 17:36:34] Train Epoch: 5 [12800/20000 (64.0%)]	Loss: 0.0033278183545917273
[2023-05-03 17:36:49] Train Epoch: 5 [13600/20000 (68.0%)]	Loss: 0.0006106624496169388
[2023-05-03 17:37:02] Train Epoch: 5 [14400/20000 (72.0%)]	Loss: 0.5838141441345215
[2023-05-03 17:37:17] Train Epoch: 5 [15200/20000 (76.0%)]	Loss: 0.01037658005952835
[2023-05-03 17:37:30] Train Epoch: 5 [16000/20000 (80.0%)]	Loss: 0.0019771286752074957
[2023-05-03 17:37:44] Train Epoch: 5 [16800/20000 (84.0%)]	Loss: 0.005875961855053902
[2023-05-03 17:37:58] Train Epoch: 5 [17600/20000 (88.0%)]	Loss: 0.004436000715941191
[2023-05-03 17:38:12] Train Epoch: 5 [18400/20000 (92.0%)]	Loss: 0.002148299477994442
[2023-05-03 17:38:26] Train Epoch: 5 [19200/20000 (96.0%)]	Loss: 0.28688743710517883
[2023-05-03 17:39:25] ========== Metrics ==========
[2023-05-03 17:39:25] {
  "tr_loss": 0.029034815429080353,
  "tr_acc": 0.9904490449044905,
  "tr_f1": 0.9904600169821687,
  "val_loss": 0.6328411330947933,
  "val_acc": 0.8308758216379464,
  "val_f1": 0.8364261168384881,
  "test_loss": 0.538902057996045,
  "test_acc": 0.8428184281842819,
  "test_f1": 0.8457446808510638
}
[2023-05-03 17:39:25] ========== Metrics ==========
[2023-05-03 17:39:27] Train Epoch: 6 [0/20000 (0.0%)]	Loss: 0.0035418218467384577
[2023-05-03 17:39:42] Train Epoch: 6 [800/20000 (4.0%)]	Loss: 0.001023927703499794
[2023-05-03 17:39:56] Train Epoch: 6 [1600/20000 (8.0%)]	Loss: 0.002133116824552417
[2023-05-03 17:40:11] Train Epoch: 6 [2400/20000 (12.0%)]	Loss: 0.002189486287534237
[2023-05-03 17:40:26] Train Epoch: 6 [3200/20000 (16.0%)]	Loss: 0.0014632053207606077
[2023-05-03 17:40:40] Train Epoch: 6 [4000/20000 (20.0%)]	Loss: 0.003335946938022971
[2023-05-03 17:40:54] Train Epoch: 6 [4800/20000 (24.0%)]	Loss: 0.00041845464147627354
[2023-05-03 17:41:09] Train Epoch: 6 [5600/20000 (28.0%)]	Loss: 0.0004683893348556012
[2023-05-03 17:41:24] Train Epoch: 6 [6400/20000 (32.0%)]	Loss: 0.00044119247468188405
[2023-05-03 17:41:38] Train Epoch: 6 [7200/20000 (36.0%)]	Loss: 0.01210702396929264
[2023-05-03 17:41:53] Train Epoch: 6 [8000/20000 (40.0%)]	Loss: 0.002392177004367113
[2023-05-03 17:42:07] Train Epoch: 6 [8800/20000 (44.0%)]	Loss: 0.0004839048779103905
[2023-05-03 17:42:22] Train Epoch: 6 [9600/20000 (48.0%)]	Loss: 0.06234372779726982
[2023-05-03 17:42:36] Train Epoch: 6 [10400/20000 (52.0%)]	Loss: 0.00018488352361600846
[2023-05-03 17:42:50] Train Epoch: 6 [11200/20000 (56.0%)]	Loss: 0.003943707328289747
[2023-05-03 17:43:05] Train Epoch: 6 [12000/20000 (60.0%)]	Loss: 0.006221970077604055
[2023-05-03 17:43:19] Train Epoch: 6 [12800/20000 (64.0%)]	Loss: 0.00040009108488447964
[2023-05-03 17:43:33] Train Epoch: 6 [13600/20000 (68.0%)]	Loss: 0.0013382601318880916
[2023-05-03 17:43:48] Train Epoch: 6 [14400/20000 (72.0%)]	Loss: 0.005718735978007317
[2023-05-03 17:44:02] Train Epoch: 6 [15200/20000 (76.0%)]	Loss: 0.009726266376674175
[2023-05-03 17:44:16] Train Epoch: 6 [16000/20000 (80.0%)]	Loss: 0.00019299055566079915
[2023-05-03 17:44:31] Train Epoch: 6 [16800/20000 (84.0%)]	Loss: 0.0006664920365437865
[2023-05-03 17:44:45] Train Epoch: 6 [17600/20000 (88.0%)]	Loss: 0.0005530071211978793
[2023-05-03 17:44:59] Train Epoch: 6 [18400/20000 (92.0%)]	Loss: 0.0010492203291505575
[2023-05-03 17:45:13] Train Epoch: 6 [19200/20000 (96.0%)]	Loss: 0.0018447464099153876
[2023-05-03 17:46:12] ========== Metrics ==========
[2023-05-03 17:46:12] {
  "tr_loss": 0.007928799224711645,
  "tr_acc": 0.997949794979498,
  "tr_f1": 0.9979496924538681,
  "val_loss": 0.8511155305933594,
  "val_acc": 0.8321193817729614,
  "val_f1": 0.8273341860040198,
  "test_loss": 1.0070457036902265,
  "test_acc": 0.8102981029810298,
  "test_f1": 0.7999999999999999
}
[2023-05-03 17:46:12] ========== Metrics ==========
[2023-05-03 17:46:14] Train Epoch: 7 [0/20000 (0.0%)]	Loss: 0.0012192005524411798
[2023-05-03 17:46:29] Train Epoch: 7 [800/20000 (4.0%)]	Loss: 0.000770887709222734
[2023-05-03 17:46:43] Train Epoch: 7 [1600/20000 (8.0%)]	Loss: 0.00014132638170849532
[2023-05-03 17:46:57] Train Epoch: 7 [2400/20000 (12.0%)]	Loss: 0.00026111191255040467
[2023-05-03 17:47:12] Train Epoch: 7 [3200/20000 (16.0%)]	Loss: 0.0010704782325774431
[2023-05-03 17:47:27] Train Epoch: 7 [4000/20000 (20.0%)]	Loss: 0.0005471908370964229
[2023-05-03 17:47:41] Train Epoch: 7 [4800/20000 (24.0%)]	Loss: 0.00014830251166131347
[2023-05-03 17:47:55] Train Epoch: 7 [5600/20000 (28.0%)]	Loss: 0.00010740632569650188
[2023-05-03 17:48:10] Train Epoch: 7 [6400/20000 (32.0%)]	Loss: 0.0015486007323488593
[2023-05-03 17:48:24] Train Epoch: 7 [7200/20000 (36.0%)]	Loss: 0.00023839392815716565
[2023-05-03 17:48:38] Train Epoch: 7 [8000/20000 (40.0%)]	Loss: 0.0009029170614667237
[2023-05-03 17:48:52] Train Epoch: 7 [8800/20000 (44.0%)]	Loss: 0.0005352434818632901
[2023-05-03 17:49:06] Train Epoch: 7 [9600/20000 (48.0%)]	Loss: 0.00042290883720852435
[2023-05-03 17:49:20] Train Epoch: 7 [10400/20000 (52.0%)]	Loss: 0.00018495979020372033
[2023-05-03 17:49:34] Train Epoch: 7 [11200/20000 (56.0%)]	Loss: 0.0007888262625783682
[2023-05-03 17:49:48] Train Epoch: 7 [12000/20000 (60.0%)]	Loss: 0.0006208446575328708
[2023-05-03 17:50:03] Train Epoch: 7 [12800/20000 (64.0%)]	Loss: 0.0003170206327922642
[2023-05-03 17:50:17] Train Epoch: 7 [13600/20000 (68.0%)]	Loss: 0.00013702365686185658
[2023-05-03 17:50:31] Train Epoch: 7 [14400/20000 (72.0%)]	Loss: 0.00037623694515787065
[2023-05-03 17:50:45] Train Epoch: 7 [15200/20000 (76.0%)]	Loss: 6.806240708101541e-05
[2023-05-03 17:50:59] Train Epoch: 7 [16000/20000 (80.0%)]	Loss: 0.000575136742554605
[2023-05-03 17:51:13] Train Epoch: 7 [16800/20000 (84.0%)]	Loss: 0.0008402743260376155
[2023-05-03 17:51:27] Train Epoch: 7 [17600/20000 (88.0%)]	Loss: 9.838243568083271e-05
[2023-05-03 17:51:41] Train Epoch: 7 [18400/20000 (92.0%)]	Loss: 8.823659300105646e-05
[2023-05-03 17:51:55] Train Epoch: 7 [19200/20000 (96.0%)]	Loss: 0.00577944191172719
[2023-05-03 17:52:53] ========== Metrics ==========
[2023-05-03 17:52:53] {
  "tr_loss": 0.003635579858738528,
  "tr_acc": 0.9991999199919992,
  "tr_f1": 0.9992,
  "val_loss": 0.9673626522579425,
  "val_acc": 0.8283887013679162,
  "val_f1": 0.8297497356362356,
  "test_loss": 0.9169695550138269,
  "test_acc": 0.8238482384823849,
  "test_f1": 0.821917808219178
}
[2023-05-03 17:52:53] ========== Metrics ==========
[2023-05-03 17:52:55] Train Epoch: 8 [0/20000 (0.0%)]	Loss: 0.000597149133682251
[2023-05-03 17:53:10] Train Epoch: 8 [800/20000 (4.0%)]	Loss: 3.962739720009267e-05
[2023-05-03 17:53:25] Train Epoch: 8 [1600/20000 (8.0%)]	Loss: 0.00011853055184474215
[2023-05-03 17:53:39] Train Epoch: 8 [2400/20000 (12.0%)]	Loss: 0.00037811073707416654
[2023-05-03 17:53:54] Train Epoch: 8 [3200/20000 (16.0%)]	Loss: 8.644223998999223e-05
[2023-05-03 17:54:09] Train Epoch: 8 [4000/20000 (20.0%)]	Loss: 0.00021535545238293707
[2023-05-03 17:54:23] Train Epoch: 8 [4800/20000 (24.0%)]	Loss: 0.001243267091922462
[2023-05-03 17:54:39] Train Epoch: 8 [5600/20000 (28.0%)]	Loss: 0.012774044647812843
[2023-05-03 17:54:54] Train Epoch: 8 [6400/20000 (32.0%)]	Loss: 6.421910802600905e-05
[2023-05-03 17:55:09] Train Epoch: 8 [7200/20000 (36.0%)]	Loss: 0.00019937798788305372
[2023-05-03 17:55:23] Train Epoch: 8 [8000/20000 (40.0%)]	Loss: 0.0002635163255035877
[2023-05-03 17:55:38] Train Epoch: 8 [8800/20000 (44.0%)]	Loss: 0.00013960478827357292
[2023-05-03 17:55:53] Train Epoch: 8 [9600/20000 (48.0%)]	Loss: 0.0002688830136321485
[2023-05-03 17:56:08] Train Epoch: 8 [10400/20000 (52.0%)]	Loss: 0.00022698493557982147
[2023-05-03 17:56:23] Train Epoch: 8 [11200/20000 (56.0%)]	Loss: 8.137925760820508e-05
[2023-05-03 17:56:38] Train Epoch: 8 [12000/20000 (60.0%)]	Loss: 0.00021030531206633896
[2023-05-03 17:56:52] Train Epoch: 8 [12800/20000 (64.0%)]	Loss: 0.000174249624251388
[2023-05-03 17:57:07] Train Epoch: 8 [13600/20000 (68.0%)]	Loss: 5.060480907559395e-05
[2023-05-03 17:57:21] Train Epoch: 8 [14400/20000 (72.0%)]	Loss: 3.6014229408465326e-05
[2023-05-03 17:57:36] Train Epoch: 8 [15200/20000 (76.0%)]	Loss: 8.040465763770044e-05
[2023-05-03 17:57:50] Train Epoch: 8 [16000/20000 (80.0%)]	Loss: 2.48762771661859e-05
[2023-05-03 17:58:04] Train Epoch: 8 [16800/20000 (84.0%)]	Loss: 2.3237738787429407e-05
[2023-05-03 17:58:19] Train Epoch: 8 [17600/20000 (88.0%)]	Loss: 0.00013121619122102857
[2023-05-03 17:58:33] Train Epoch: 8 [18400/20000 (92.0%)]	Loss: 0.0007920624339021742
[2023-05-03 17:58:47] Train Epoch: 8 [19200/20000 (96.0%)]	Loss: 0.00010017427848652005
[2023-05-03 17:59:41] Stop At epoch 8/20 due to valid not increase
[2023-05-03 17:59:47] ========== Metrics ==========
[2023-05-03 17:59:47] {
  "tr_loss": 0.00219117976393436,
  "tr_acc": 0.9995999599959996,
  "tr_f1": 0.9996000000000002,
  "val_loss": 1.077773078986153,
  "val_acc": 0.827678095576479,
  "val_f1": 0.8292854628651883,
  "test_loss": 1.031698339118693,
  "test_acc": 0.8265582655826558,
  "test_f1": 0.825136612021858
}
[2023-05-03 17:59:47] ========== Metrics ==========
