[2023-05-01 21:43:45] Train Epoch: 1 [0/20000 (0.0%)]	Loss: 0.699449360370636
[2023-05-01 21:44:01] Train Epoch: 1 [800/20000 (4.0%)]	Loss: 0.5139542818069458
[2023-05-01 21:44:20] Train Epoch: 1 [1600/20000 (8.0%)]	Loss: 0.6643383502960205
[2023-05-01 21:44:35] Train Epoch: 1 [2400/20000 (12.0%)]	Loss: 0.5732525587081909
[2023-05-01 21:44:51] Train Epoch: 1 [3200/20000 (16.0%)]	Loss: 0.4712848663330078
[2023-05-01 21:45:06] Train Epoch: 1 [4000/20000 (20.0%)]	Loss: 0.47667109966278076
[2023-05-01 21:45:22] Train Epoch: 1 [4800/20000 (24.0%)]	Loss: 0.6140248775482178
[2023-05-01 21:45:38] Train Epoch: 1 [5600/20000 (28.0%)]	Loss: 0.652279257774353
[2023-05-01 21:45:53] Train Epoch: 1 [6400/20000 (32.0%)]	Loss: 0.6096032857894897
[2023-05-01 21:46:09] Train Epoch: 1 [7200/20000 (36.0%)]	Loss: 0.41317567229270935
[2023-05-01 21:46:24] Train Epoch: 1 [8000/20000 (40.0%)]	Loss: 0.702215313911438
[2023-05-01 21:46:40] Train Epoch: 1 [8800/20000 (44.0%)]	Loss: 0.535352349281311
[2023-05-01 21:46:56] Train Epoch: 1 [9600/20000 (48.0%)]	Loss: 0.3806970715522766
[2023-05-01 21:47:12] Train Epoch: 1 [10400/20000 (52.0%)]	Loss: 0.3898814618587494
[2023-05-01 21:47:27] Train Epoch: 1 [11200/20000 (56.0%)]	Loss: 0.5071607232093811
[2023-05-01 21:47:43] Train Epoch: 1 [12000/20000 (60.0%)]	Loss: 0.3784644901752472
[2023-05-01 21:47:58] Train Epoch: 1 [12800/20000 (64.0%)]	Loss: 0.4521491229534149
[2023-05-01 21:48:14] Train Epoch: 1 [13600/20000 (68.0%)]	Loss: 0.39907127618789673
[2023-05-01 21:48:30] Train Epoch: 1 [14400/20000 (72.0%)]	Loss: 0.4310366213321686
[2023-05-01 21:48:46] Train Epoch: 1 [15200/20000 (76.0%)]	Loss: 0.5650648474693298
[2023-05-01 21:49:01] Train Epoch: 1 [16000/20000 (80.0%)]	Loss: 0.34262585639953613
[2023-05-01 21:49:17] Train Epoch: 1 [16800/20000 (84.0%)]	Loss: 0.2608524262905121
[2023-05-01 21:49:33] Train Epoch: 1 [17600/20000 (88.0%)]	Loss: 0.23209448158740997
[2023-05-01 21:49:49] Train Epoch: 1 [18400/20000 (92.0%)]	Loss: 0.21807293593883514
[2023-05-01 21:50:04] Train Epoch: 1 [19200/20000 (96.0%)]	Loss: 0.3033654987812042
[2023-05-01 21:51:02] ========== Metrics ==========
[2023-05-01 21:51:02] {
  "tr_loss": 0.45859858210366516,
  "tr_acc": 0.7873787378737874,
  "tr_f1": 0.789733953120364,
  "val_loss": 0.37939473540305585,
  "val_acc": 0.839580742583052,
  "val_f1": 0.8442297740210454,
  "test_loss": 0.3545746838820336,
  "test_acc": 0.8482384823848238,
  "test_f1": 0.8478260869565217
}
[2023-05-01 21:51:02] ========== Metrics ==========
[2023-05-01 21:51:04] Train Epoch: 2 [0/20000 (0.0%)]	Loss: 0.17466647922992706
[2023-05-01 21:51:22] Train Epoch: 2 [800/20000 (4.0%)]	Loss: 0.19147703051567078
[2023-05-01 21:51:38] Train Epoch: 2 [1600/20000 (8.0%)]	Loss: 0.6935346722602844
[2023-05-01 21:51:54] Train Epoch: 2 [2400/20000 (12.0%)]	Loss: 0.3951624929904938
[2023-05-01 21:52:10] Train Epoch: 2 [3200/20000 (16.0%)]	Loss: 0.4369649887084961
[2023-05-01 21:52:25] Train Epoch: 2 [4000/20000 (20.0%)]	Loss: 0.4070594608783722
[2023-05-01 21:52:41] Train Epoch: 2 [4800/20000 (24.0%)]	Loss: 0.30940520763397217
[2023-05-01 21:52:57] Train Epoch: 2 [5600/20000 (28.0%)]	Loss: 0.34718677401542664
[2023-05-01 21:53:12] Train Epoch: 2 [6400/20000 (32.0%)]	Loss: 0.1187107190489769
[2023-05-01 21:53:28] Train Epoch: 2 [7200/20000 (36.0%)]	Loss: 0.3272086977958679
[2023-05-01 21:53:44] Train Epoch: 2 [8000/20000 (40.0%)]	Loss: 0.3054767847061157
[2023-05-01 21:53:59] Train Epoch: 2 [8800/20000 (44.0%)]	Loss: 0.4273124039173126
[2023-05-01 21:54:15] Train Epoch: 2 [9600/20000 (48.0%)]	Loss: 0.28640860319137573
[2023-05-01 21:54:31] Train Epoch: 2 [10400/20000 (52.0%)]	Loss: 0.3950916826725006
[2023-05-01 21:54:46] Train Epoch: 2 [11200/20000 (56.0%)]	Loss: 0.17297647893428802
[2023-05-01 21:55:02] Train Epoch: 2 [12000/20000 (60.0%)]	Loss: 0.2311386913061142
[2023-05-01 21:55:17] Train Epoch: 2 [12800/20000 (64.0%)]	Loss: 0.3526008725166321
[2023-05-01 21:55:34] Train Epoch: 2 [13600/20000 (68.0%)]	Loss: 0.42433688044548035
[2023-05-01 21:55:49] Train Epoch: 2 [14400/20000 (72.0%)]	Loss: 0.12397493422031403
[2023-05-01 21:56:05] Train Epoch: 2 [15200/20000 (76.0%)]	Loss: 0.20109811425209045
[2023-05-01 21:56:20] Train Epoch: 2 [16000/20000 (80.0%)]	Loss: 0.20975551009178162
[2023-05-01 21:56:36] Train Epoch: 2 [16800/20000 (84.0%)]	Loss: 0.08546608686447144
[2023-05-01 21:56:52] Train Epoch: 2 [17600/20000 (88.0%)]	Loss: 0.28551992774009705
[2023-05-01 21:57:08] Train Epoch: 2 [18400/20000 (92.0%)]	Loss: 0.3439488112926483
[2023-05-01 21:57:24] Train Epoch: 2 [19200/20000 (96.0%)]	Loss: 0.2586495578289032
[2023-05-01 21:58:22] ========== Metrics ==========
[2023-05-01 21:58:22] {
  "tr_loss": 0.2680840626074345,
  "tr_acc": 0.8955895589558955,
  "tr_f1": 0.8954326923076924,
  "val_loss": 0.3598242081340411,
  "val_acc": 0.8429561200923787,
  "val_f1": 0.8505747126436782,
  "test_loss": 0.3279352622626597,
  "test_acc": 0.8563685636856369,
  "test_f1": 0.8616187989556136
}
[2023-05-01 21:58:22] ========== Metrics ==========
[2023-05-01 21:58:24] Train Epoch: 3 [0/20000 (0.0%)]	Loss: 0.09394998103380203
[2023-05-01 21:58:41] Train Epoch: 3 [800/20000 (4.0%)]	Loss: 0.6940252184867859
[2023-05-01 21:58:57] Train Epoch: 3 [1600/20000 (8.0%)]	Loss: 0.5307372212409973
[2023-05-01 21:59:14] Train Epoch: 3 [2400/20000 (12.0%)]	Loss: 0.1407848298549652
[2023-05-01 21:59:32] Train Epoch: 3 [3200/20000 (16.0%)]	Loss: 0.010344480164349079
[2023-05-01 21:59:48] Train Epoch: 3 [4000/20000 (20.0%)]	Loss: 0.36615920066833496
[2023-05-01 22:00:03] Train Epoch: 3 [4800/20000 (24.0%)]	Loss: 0.07529548555612564
[2023-05-01 22:00:19] Train Epoch: 3 [5600/20000 (28.0%)]	Loss: 0.3467380106449127
[2023-05-01 22:00:34] Train Epoch: 3 [6400/20000 (32.0%)]	Loss: 0.1637808382511139
[2023-05-01 22:00:50] Train Epoch: 3 [7200/20000 (36.0%)]	Loss: 0.4491649866104126
[2023-05-01 22:01:06] Train Epoch: 3 [8000/20000 (40.0%)]	Loss: 0.5149737000465393
[2023-05-01 22:01:22] Train Epoch: 3 [8800/20000 (44.0%)]	Loss: 0.034056805074214935
[2023-05-01 22:01:38] Train Epoch: 3 [9600/20000 (48.0%)]	Loss: 0.18403932452201843
[2023-05-01 22:01:54] Train Epoch: 3 [10400/20000 (52.0%)]	Loss: 0.1757507175207138
[2023-05-01 22:02:09] Train Epoch: 3 [11200/20000 (56.0%)]	Loss: 0.14798127114772797
[2023-05-01 22:02:25] Train Epoch: 3 [12000/20000 (60.0%)]	Loss: 0.030995052307844162
[2023-05-01 22:02:41] Train Epoch: 3 [12800/20000 (64.0%)]	Loss: 0.12652744352817535
[2023-05-01 22:02:56] Train Epoch: 3 [13600/20000 (68.0%)]	Loss: 0.032076459378004074
[2023-05-01 22:03:11] Train Epoch: 3 [14400/20000 (72.0%)]	Loss: 0.09832285344600677
[2023-05-01 22:03:27] Train Epoch: 3 [15200/20000 (76.0%)]	Loss: 0.048907164484262466
[2023-05-01 22:03:43] Train Epoch: 3 [16000/20000 (80.0%)]	Loss: 0.09004376828670502
[2023-05-01 22:03:58] Train Epoch: 3 [16800/20000 (84.0%)]	Loss: 0.017672883346676826
[2023-05-01 22:04:14] Train Epoch: 3 [17600/20000 (88.0%)]	Loss: 0.20632217824459076
[2023-05-01 22:04:30] Train Epoch: 3 [18400/20000 (92.0%)]	Loss: 0.18527740240097046
[2023-05-01 22:04:45] Train Epoch: 3 [19200/20000 (96.0%)]	Loss: 0.01777813397347927
[2023-05-01 22:05:43] ========== Metrics ==========
[2023-05-01 22:05:43] {
  "tr_loss": 0.15087693547791797,
  "tr_acc": 0.9484948494849484,
  "tr_f1": 0.948458767013611,
  "val_loss": 0.3830003302989749,
  "val_acc": 0.8450879374666903,
  "val_f1": 0.8447846208615164,
  "test_loss": 0.4231411045805872,
  "test_acc": 0.8428184281842819,
  "test_f1": 0.8370786516853933
}
[2023-05-01 22:05:43] ========== Metrics ==========
[2023-05-01 22:05:44] Train Epoch: 4 [0/20000 (0.0%)]	Loss: 0.024752730503678322
[2023-05-01 22:06:01] Train Epoch: 4 [800/20000 (4.0%)]	Loss: 0.10366977751255035
[2023-05-01 22:06:17] Train Epoch: 4 [1600/20000 (8.0%)]	Loss: 0.009721259586513042
[2023-05-01 22:06:33] Train Epoch: 4 [2400/20000 (12.0%)]	Loss: 0.007227867376059294
[2023-05-01 22:06:49] Train Epoch: 4 [3200/20000 (16.0%)]	Loss: 0.001733011333271861
[2023-05-01 22:07:04] Train Epoch: 4 [4000/20000 (20.0%)]	Loss: 0.07171309739351273
[2023-05-01 22:07:20] Train Epoch: 4 [4800/20000 (24.0%)]	Loss: 0.03384007140994072
[2023-05-01 22:07:36] Train Epoch: 4 [5600/20000 (28.0%)]	Loss: 0.009331162087619305
[2023-05-01 22:07:51] Train Epoch: 4 [6400/20000 (32.0%)]	Loss: 0.1798117309808731
[2023-05-01 22:08:07] Train Epoch: 4 [7200/20000 (36.0%)]	Loss: 0.030968651175498962
[2023-05-01 22:08:23] Train Epoch: 4 [8000/20000 (40.0%)]	Loss: 0.05573376268148422
[2023-05-01 22:08:38] Train Epoch: 4 [8800/20000 (44.0%)]	Loss: 0.004008916672319174
[2023-05-01 22:08:54] Train Epoch: 4 [9600/20000 (48.0%)]	Loss: 0.006187985651195049
[2023-05-01 22:09:10] Train Epoch: 4 [10400/20000 (52.0%)]	Loss: 0.2499965876340866
[2023-05-01 22:09:28] Train Epoch: 4 [11200/20000 (56.0%)]	Loss: 0.06319686025381088
[2023-05-01 22:09:44] Train Epoch: 4 [12000/20000 (60.0%)]	Loss: 0.023789264261722565
[2023-05-01 22:10:00] Train Epoch: 4 [12800/20000 (64.0%)]	Loss: 0.06110069900751114
[2023-05-01 22:10:15] Train Epoch: 4 [13600/20000 (68.0%)]	Loss: 0.010584671050310135
[2023-05-01 22:10:31] Train Epoch: 4 [14400/20000 (72.0%)]	Loss: 0.1229029968380928
[2023-05-01 22:10:47] Train Epoch: 4 [15200/20000 (76.0%)]	Loss: 0.3558693826198578
[2023-05-01 22:11:02] Train Epoch: 4 [16000/20000 (80.0%)]	Loss: 0.05204383656382561
[2023-05-01 22:11:18] Train Epoch: 4 [16800/20000 (84.0%)]	Loss: 0.08191420882940292
[2023-05-01 22:11:33] Train Epoch: 4 [17600/20000 (88.0%)]	Loss: 0.0025830226950347424
[2023-05-01 22:11:49] Train Epoch: 4 [18400/20000 (92.0%)]	Loss: 0.021232469007372856
[2023-05-01 22:12:05] Train Epoch: 4 [19200/20000 (96.0%)]	Loss: 0.018765944987535477
[2023-05-01 22:13:03] ========== Metrics ==========
[2023-05-01 22:13:03] {
  "tr_loss": 0.07065054501118762,
  "tr_acc": 0.9777477747774778,
  "tr_f1": 0.9777555611097225,
  "val_loss": 0.49876479757130726,
  "val_acc": 0.8378042281044591,
  "val_f1": 0.8391756209265457,
  "test_loss": 0.4769321572651385,
  "test_acc": 0.8373983739837398,
  "test_f1": 0.8333333333333333
}
[2023-05-01 22:13:03] ========== Metrics ==========
[2023-05-01 22:13:04] Train Epoch: 5 [0/20000 (0.0%)]	Loss: 0.010163035243749619
[2023-05-01 22:13:21] Train Epoch: 5 [800/20000 (4.0%)]	Loss: 0.015500569716095924
[2023-05-01 22:13:37] Train Epoch: 5 [1600/20000 (8.0%)]	Loss: 0.0015192843275144696
[2023-05-01 22:13:52] Train Epoch: 5 [2400/20000 (12.0%)]	Loss: 0.5055938959121704
[2023-05-01 22:14:08] Train Epoch: 5 [3200/20000 (16.0%)]	Loss: 0.008836127817630768
[2023-05-01 22:14:24] Train Epoch: 5 [4000/20000 (20.0%)]	Loss: 0.013236870989203453
[2023-05-01 22:14:40] Train Epoch: 5 [4800/20000 (24.0%)]	Loss: 0.003585377475246787
[2023-05-01 22:14:55] Train Epoch: 5 [5600/20000 (28.0%)]	Loss: 0.008325078524649143
[2023-05-01 22:15:11] Train Epoch: 5 [6400/20000 (32.0%)]	Loss: 0.001969614764675498
[2023-05-01 22:15:27] Train Epoch: 5 [7200/20000 (36.0%)]	Loss: 0.4240369200706482
[2023-05-01 22:15:42] Train Epoch: 5 [8000/20000 (40.0%)]	Loss: 0.030692454427480698
[2023-05-01 22:15:58] Train Epoch: 5 [8800/20000 (44.0%)]	Loss: 0.0026016307529062033
[2023-05-01 22:16:13] Train Epoch: 5 [9600/20000 (48.0%)]	Loss: 0.0016459679463878274
[2023-05-01 22:16:29] Train Epoch: 5 [10400/20000 (52.0%)]	Loss: 0.0037561850622296333
[2023-05-01 22:16:44] Train Epoch: 5 [11200/20000 (56.0%)]	Loss: 0.0018481116276234388
[2023-05-01 22:17:00] Train Epoch: 5 [12000/20000 (60.0%)]	Loss: 0.0008486405713483691
[2023-05-01 22:17:16] Train Epoch: 5 [12800/20000 (64.0%)]	Loss: 0.001899028429761529
[2023-05-01 22:17:33] Train Epoch: 5 [13600/20000 (68.0%)]	Loss: 0.0071873837150633335
[2023-05-01 22:17:49] Train Epoch: 5 [14400/20000 (72.0%)]	Loss: 0.021997155621647835
[2023-05-01 22:18:05] Train Epoch: 5 [15200/20000 (76.0%)]	Loss: 0.007425668183714151
[2023-05-01 22:18:20] Train Epoch: 5 [16000/20000 (80.0%)]	Loss: 0.01088627614080906
[2023-05-01 22:18:36] Train Epoch: 5 [16800/20000 (84.0%)]	Loss: 0.002256762934848666
[2023-05-01 22:18:52] Train Epoch: 5 [17600/20000 (88.0%)]	Loss: 0.010260555893182755
[2023-05-01 22:19:07] Train Epoch: 5 [18400/20000 (92.0%)]	Loss: 0.0050134616903960705
[2023-05-01 22:19:23] Train Epoch: 5 [19200/20000 (96.0%)]	Loss: 0.0025383182801306248
[2023-05-01 22:20:22] ========== Metrics ==========
[2023-05-01 22:20:22] {
  "tr_loss": 0.03700210918858293,
  "tr_acc": 0.9906990699069907,
  "tr_f1": 0.990695347673837,
  "val_loss": 0.7759889895068295,
  "val_acc": 0.828921655711494,
  "val_f1": 0.8232703248302441,
  "test_loss": 0.7374640800952306,
  "test_acc": 0.8292682926829268,
  "test_f1": 0.8205128205128206
}
[2023-05-01 22:20:22] ========== Metrics ==========
[2023-05-01 22:20:24] Train Epoch: 6 [0/20000 (0.0%)]	Loss: 0.001805782550945878
[2023-05-01 22:20:40] Train Epoch: 6 [800/20000 (4.0%)]	Loss: 0.0075422627851367
[2023-05-01 22:20:56] Train Epoch: 6 [1600/20000 (8.0%)]	Loss: 0.05915100499987602
[2023-05-01 22:21:12] Train Epoch: 6 [2400/20000 (12.0%)]	Loss: 0.0013533530291169882
[2023-05-01 22:21:28] Train Epoch: 6 [3200/20000 (16.0%)]	Loss: 0.0013491923455148935
[2023-05-01 22:21:44] Train Epoch: 6 [4000/20000 (20.0%)]	Loss: 0.001241264515556395
[2023-05-01 22:21:59] Train Epoch: 6 [4800/20000 (24.0%)]	Loss: 0.002847316674888134
[2023-05-01 22:22:15] Train Epoch: 6 [5600/20000 (28.0%)]	Loss: 0.00413421168923378
[2023-05-01 22:22:31] Train Epoch: 6 [6400/20000 (32.0%)]	Loss: 0.0013166379649192095
[2023-05-01 22:22:46] Train Epoch: 6 [7200/20000 (36.0%)]	Loss: 0.006508988793939352
[2023-05-01 22:23:02] Train Epoch: 6 [8000/20000 (40.0%)]	Loss: 0.0014480040408670902
[2023-05-01 22:23:18] Train Epoch: 6 [8800/20000 (44.0%)]	Loss: 0.001833832124248147
[2023-05-01 22:23:33] Train Epoch: 6 [9600/20000 (48.0%)]	Loss: 0.0009856766555458307
[2023-05-01 22:23:49] Train Epoch: 6 [10400/20000 (52.0%)]	Loss: 0.002408345229923725
[2023-05-01 22:24:07] Train Epoch: 6 [11200/20000 (56.0%)]	Loss: 0.0020263544283807278
[2023-05-01 22:24:23] Train Epoch: 6 [12000/20000 (60.0%)]	Loss: 0.0016394078265875578
[2023-05-01 22:24:39] Train Epoch: 6 [12800/20000 (64.0%)]	Loss: 0.0021829726174473763
[2023-05-01 22:24:54] Train Epoch: 6 [13600/20000 (68.0%)]	Loss: 0.0023287669755518436
[2023-05-01 22:25:10] Train Epoch: 6 [14400/20000 (72.0%)]	Loss: 0.0026219033170491457
[2023-05-01 22:25:26] Train Epoch: 6 [15200/20000 (76.0%)]	Loss: 0.0017493366030976176
[2023-05-01 22:25:41] Train Epoch: 6 [16000/20000 (80.0%)]	Loss: 0.0011105353478342295
[2023-05-01 22:25:57] Train Epoch: 6 [16800/20000 (84.0%)]	Loss: 0.001018595416098833
[2023-05-01 22:26:13] Train Epoch: 6 [17600/20000 (88.0%)]	Loss: 0.0013464620569720864
[2023-05-01 22:26:29] Train Epoch: 6 [18400/20000 (92.0%)]	Loss: 0.025031890720129013
[2023-05-01 22:26:44] Train Epoch: 6 [19200/20000 (96.0%)]	Loss: 0.001373026636429131
[2023-05-01 22:27:42] ========== Metrics ==========
[2023-05-01 22:27:42] {
  "tr_loss": 0.015188543957880999,
  "tr_acc": 0.9968496849684968,
  "tr_f1": 0.9968482665466005,
  "val_loss": 0.7658402244739935,
  "val_acc": 0.8342511991472731,
  "val_f1": 0.832224420068333,
  "test_loss": 0.7453441149012506,
  "test_acc": 0.8373983739837398,
  "test_f1": 0.8314606741573034
}
[2023-05-01 22:27:42] ========== Metrics ==========
[2023-05-01 22:27:44] Train Epoch: 7 [0/20000 (0.0%)]	Loss: 0.001180094899609685
[2023-05-01 22:27:59] Train Epoch: 7 [800/20000 (4.0%)]	Loss: 0.0028203667607158422
[2023-05-01 22:28:16] Train Epoch: 7 [1600/20000 (8.0%)]	Loss: 0.0017973027424886823
[2023-05-01 22:28:32] Train Epoch: 7 [2400/20000 (12.0%)]	Loss: 0.0018585718935355544
[2023-05-01 22:28:48] Train Epoch: 7 [3200/20000 (16.0%)]	Loss: 0.0016339803114533424
[2023-05-01 22:29:03] Train Epoch: 7 [4000/20000 (20.0%)]	Loss: 0.0027185643557459116
[2023-05-01 22:29:19] Train Epoch: 7 [4800/20000 (24.0%)]	Loss: 0.001987266354262829
[2023-05-01 22:29:35] Train Epoch: 7 [5600/20000 (28.0%)]	Loss: 0.002268706914037466
[2023-05-01 22:29:51] Train Epoch: 7 [6400/20000 (32.0%)]	Loss: 0.010913275182247162
[2023-05-01 22:30:07] Train Epoch: 7 [7200/20000 (36.0%)]	Loss: 0.0010393124539405107
[2023-05-01 22:30:22] Train Epoch: 7 [8000/20000 (40.0%)]	Loss: 0.0008589777280576527
[2023-05-01 22:30:37] Train Epoch: 7 [8800/20000 (44.0%)]	Loss: 0.0010275226086378098
[2023-05-01 22:30:53] Train Epoch: 7 [9600/20000 (48.0%)]	Loss: 0.0008025311981327832
[2023-05-01 22:31:09] Train Epoch: 7 [10400/20000 (52.0%)]	Loss: 0.0026009094435721636
[2023-05-01 22:31:25] Train Epoch: 7 [11200/20000 (56.0%)]	Loss: 0.0007631462649442255
[2023-05-01 22:31:42] Train Epoch: 7 [12000/20000 (60.0%)]	Loss: 0.0018859424162656069
[2023-05-01 22:31:58] Train Epoch: 7 [12800/20000 (64.0%)]	Loss: 0.0005584713653661311
[2023-05-01 22:32:13] Train Epoch: 7 [13600/20000 (68.0%)]	Loss: 0.0009185588569380343
[2023-05-01 22:32:29] Train Epoch: 7 [14400/20000 (72.0%)]	Loss: 0.002592578064650297
[2023-05-01 22:32:45] Train Epoch: 7 [15200/20000 (76.0%)]	Loss: 0.0018046536715701222
[2023-05-01 22:33:00] Train Epoch: 7 [16000/20000 (80.0%)]	Loss: 0.001112390891648829
[2023-05-01 22:33:16] Train Epoch: 7 [16800/20000 (84.0%)]	Loss: 0.0012208190746605396
[2023-05-01 22:33:31] Train Epoch: 7 [17600/20000 (88.0%)]	Loss: 0.0011554989032447338
[2023-05-01 22:33:47] Train Epoch: 7 [18400/20000 (92.0%)]	Loss: 0.0011342678917571902
[2023-05-01 22:34:03] Train Epoch: 7 [19200/20000 (96.0%)]	Loss: 0.0010403773048892617
[2023-05-01 22:35:01] ========== Metrics ==========
[2023-05-01 22:35:01] {
  "tr_loss": 0.01163201043774413,
  "tr_acc": 0.997999799979998,
  "tr_f1": 0.997999599919984,
  "val_loss": 0.8179161402746455,
  "val_acc": 0.8315864274293836,
  "val_f1": 0.8299856527977044,
  "test_loss": 0.7951856138119044,
  "test_acc": 0.8346883468834688,
  "test_f1": 0.828169014084507
}
[2023-05-01 22:35:01] ========== Metrics ==========
[2023-05-01 22:35:02] Train Epoch: 8 [0/20000 (0.0%)]	Loss: 0.0008817484485916793
[2023-05-01 22:35:19] Train Epoch: 8 [800/20000 (4.0%)]	Loss: 0.007131950929760933
[2023-05-01 22:35:35] Train Epoch: 8 [1600/20000 (8.0%)]	Loss: 0.0009457743726670742
[2023-05-01 22:35:51] Train Epoch: 8 [2400/20000 (12.0%)]	Loss: 0.0019416005816310644
[2023-05-01 22:36:07] Train Epoch: 8 [3200/20000 (16.0%)]	Loss: 0.000913125928491354
[2023-05-01 22:36:23] Train Epoch: 8 [4000/20000 (20.0%)]	Loss: 0.0009120122995227575
[2023-05-01 22:36:38] Train Epoch: 8 [4800/20000 (24.0%)]	Loss: 0.0008051133481785655
[2023-05-01 22:36:54] Train Epoch: 8 [5600/20000 (28.0%)]	Loss: 0.0013602911494672298
[2023-05-01 22:37:09] Train Epoch: 8 [6400/20000 (32.0%)]	Loss: 0.001303552882745862
[2023-05-01 22:37:25] Train Epoch: 8 [7200/20000 (36.0%)]	Loss: 0.001131545752286911
[2023-05-01 22:37:40] Train Epoch: 8 [8000/20000 (40.0%)]	Loss: 0.0006728002917952836
[2023-05-01 22:37:56] Train Epoch: 8 [8800/20000 (44.0%)]	Loss: 0.0006878039566799998
[2023-05-01 22:38:12] Train Epoch: 8 [9600/20000 (48.0%)]	Loss: 0.0007099031354300678
[2023-05-01 22:38:27] Train Epoch: 8 [10400/20000 (52.0%)]	Loss: 0.0008124326122924685
[2023-05-01 22:38:44] Train Epoch: 8 [11200/20000 (56.0%)]	Loss: 0.0012766013387590647
[2023-05-01 22:38:59] Train Epoch: 8 [12000/20000 (60.0%)]	Loss: 0.0012526307255029678
[2023-05-01 22:39:15] Train Epoch: 8 [12800/20000 (64.0%)]	Loss: 0.002154347952455282
[2023-05-01 22:39:30] Train Epoch: 8 [13600/20000 (68.0%)]	Loss: 0.0009507164359092712
[2023-05-01 22:39:46] Train Epoch: 8 [14400/20000 (72.0%)]	Loss: 0.0007719270070083439
[2023-05-01 22:40:02] Train Epoch: 8 [15200/20000 (76.0%)]	Loss: 0.0011252266122028232
[2023-05-01 22:40:17] Train Epoch: 8 [16000/20000 (80.0%)]	Loss: 0.0010868776589632034
[2023-05-01 22:40:33] Train Epoch: 8 [16800/20000 (84.0%)]	Loss: 0.0009176084422506392
[2023-05-01 22:40:48] Train Epoch: 8 [17600/20000 (88.0%)]	Loss: 0.0012517233844846487
[2023-05-01 22:41:04] Train Epoch: 8 [18400/20000 (92.0%)]	Loss: 0.0010444672079756856
[2023-05-01 22:41:19] Train Epoch: 8 [19200/20000 (96.0%)]	Loss: 0.0006888730567879975
[2023-05-01 22:42:17] ========== Metrics ==========
[2023-05-01 22:42:17] {
  "tr_loss": 0.01004325519673562,
  "tr_acc": 0.9983998399839984,
  "tr_f1": 0.9983996799359872,
  "val_loss": 0.8583518717557769,
  "val_acc": 0.831231124533665,
  "val_f1": 0.8299928418038656,
  "test_loss": 0.8501774521297233,
  "test_acc": 0.8265582655826558,
  "test_f1": 0.8192090395480225
}
[2023-05-01 22:42:17] ========== Metrics ==========
[2023-05-01 22:42:18] Train Epoch: 9 [0/20000 (0.0%)]	Loss: 0.0009223243687301874
[2023-05-01 22:42:35] Train Epoch: 9 [800/20000 (4.0%)]	Loss: 0.3913375437259674
[2023-05-01 22:42:51] Train Epoch: 9 [1600/20000 (8.0%)]	Loss: 0.0006960365572012961
[2023-05-01 22:43:07] Train Epoch: 9 [2400/20000 (12.0%)]	Loss: 0.000722929835319519
[2023-05-01 22:43:23] Train Epoch: 9 [3200/20000 (16.0%)]	Loss: 0.0004992845351807773
[2023-05-01 22:43:38] Train Epoch: 9 [4000/20000 (20.0%)]	Loss: 0.0037503493949770927
[2023-05-01 22:43:54] Train Epoch: 9 [4800/20000 (24.0%)]	Loss: 0.0027426432352513075
[2023-05-01 22:44:09] Train Epoch: 9 [5600/20000 (28.0%)]	Loss: 0.0241687148809433
[2023-05-01 22:44:25] Train Epoch: 9 [6400/20000 (32.0%)]	Loss: 0.000849038886372
[2023-05-01 22:44:41] Train Epoch: 9 [7200/20000 (36.0%)]	Loss: 0.0007381663890555501
[2023-05-01 22:44:57] Train Epoch: 9 [8000/20000 (40.0%)]	Loss: 0.0009482756722718477
[2023-05-01 22:45:12] Train Epoch: 9 [8800/20000 (44.0%)]	Loss: 0.0006178122130222619
[2023-05-01 22:45:28] Train Epoch: 9 [9600/20000 (48.0%)]	Loss: 0.0009751904872246087
[2023-05-01 22:45:44] Train Epoch: 9 [10400/20000 (52.0%)]	Loss: 0.0013764892937615514
[2023-05-01 22:45:59] Train Epoch: 9 [11200/20000 (56.0%)]	Loss: 0.0008577009430155158
[2023-05-01 22:46:15] Train Epoch: 9 [12000/20000 (60.0%)]	Loss: 0.0015600614715367556
[2023-05-01 22:46:32] Train Epoch: 9 [12800/20000 (64.0%)]	Loss: 0.001220785896293819
[2023-05-01 22:46:48] Train Epoch: 9 [13600/20000 (68.0%)]	Loss: 0.0012119513703510165
[2023-05-01 22:47:04] Train Epoch: 9 [14400/20000 (72.0%)]	Loss: 0.0017805597744882107
[2023-05-01 22:47:19] Train Epoch: 9 [15200/20000 (76.0%)]	Loss: 0.0022693253122270107
[2023-05-01 22:47:35] Train Epoch: 9 [16000/20000 (80.0%)]	Loss: 0.0019106969702988863
[2023-05-01 22:47:51] Train Epoch: 9 [16800/20000 (84.0%)]	Loss: 0.001678320812061429
[2023-05-01 22:48:06] Train Epoch: 9 [17600/20000 (88.0%)]	Loss: 0.0009002857841551304
[2023-05-01 22:48:22] Train Epoch: 9 [18400/20000 (92.0%)]	Loss: 0.0006814512889832258
[2023-05-01 22:48:37] Train Epoch: 9 [19200/20000 (96.0%)]	Loss: 0.00107292621396482
[2023-05-01 22:49:30] Stop At epoch 9/20 due to valid not increase
[2023-05-01 22:49:35] ========== Metrics ==========
[2023-05-01 22:49:35] {
  "tr_loss": 0.009101575535705031,
  "tr_acc": 0.9987498749874988,
  "tr_f1": 0.9987495623468213,
  "val_loss": 0.9477803426114539,
  "val_acc": 0.8294546100550719,
  "val_f1": 0.8255179934569247,
  "test_loss": 1.201055858173183,
  "test_acc": 0.8292682926829268,
  "test_f1": 0.8194842406876792
}
[2023-05-01 22:49:35] ========== Metrics ==========
