[2023-05-02 03:42:14] Train Epoch: 1 [0/20000 (0.0%)]	Loss: 0.7015483975410461
[2023-05-02 03:42:18] Train Epoch: 1 [800/20000 (4.0%)]	Loss: 0.41064882278442383
[2023-05-02 03:42:22] Train Epoch: 1 [1600/20000 (8.0%)]	Loss: 0.6329006552696228
[2023-05-02 03:42:26] Train Epoch: 1 [2400/20000 (12.0%)]	Loss: 0.6093379259109497
[2023-05-02 03:42:30] Train Epoch: 1 [3200/20000 (16.0%)]	Loss: 0.398532509803772
[2023-05-02 03:42:34] Train Epoch: 1 [4000/20000 (20.0%)]	Loss: 0.6301100254058838
[2023-05-02 03:42:38] Train Epoch: 1 [4800/20000 (24.0%)]	Loss: 0.5153274536132812
[2023-05-02 03:42:41] Train Epoch: 1 [5600/20000 (28.0%)]	Loss: 0.7691227793693542
[2023-05-02 03:42:45] Train Epoch: 1 [6400/20000 (32.0%)]	Loss: 0.7473007440567017
[2023-05-02 03:42:50] Train Epoch: 1 [7200/20000 (36.0%)]	Loss: 0.6403378248214722
[2023-05-02 03:42:54] Train Epoch: 1 [8000/20000 (40.0%)]	Loss: 0.3668437600135803
[2023-05-02 03:42:58] Train Epoch: 1 [8800/20000 (44.0%)]	Loss: 0.3674357533454895
[2023-05-02 03:43:02] Train Epoch: 1 [9600/20000 (48.0%)]	Loss: 0.2475060224533081
[2023-05-02 03:43:05] Train Epoch: 1 [10400/20000 (52.0%)]	Loss: 0.3852810859680176
[2023-05-02 03:43:09] Train Epoch: 1 [11200/20000 (56.0%)]	Loss: 0.5079082250595093
[2023-05-02 03:43:13] Train Epoch: 1 [12000/20000 (60.0%)]	Loss: 0.5177344679832458
[2023-05-02 03:43:17] Train Epoch: 1 [12800/20000 (64.0%)]	Loss: 0.5500999093055725
[2023-05-02 03:43:21] Train Epoch: 1 [13600/20000 (68.0%)]	Loss: 0.3110388517379761
[2023-05-02 03:43:24] Train Epoch: 1 [14400/20000 (72.0%)]	Loss: 0.46788811683654785
[2023-05-02 03:43:28] Train Epoch: 1 [15200/20000 (76.0%)]	Loss: 0.5153405666351318
[2023-05-02 03:43:32] Train Epoch: 1 [16000/20000 (80.0%)]	Loss: 0.1861010193824768
[2023-05-02 03:43:36] Train Epoch: 1 [16800/20000 (84.0%)]	Loss: 0.5090644359588623
[2023-05-02 03:43:40] Train Epoch: 1 [17600/20000 (88.0%)]	Loss: 0.4099692702293396
[2023-05-02 03:43:43] Train Epoch: 1 [18400/20000 (92.0%)]	Loss: 0.3623579740524292
[2023-05-02 03:43:47] Train Epoch: 1 [19200/20000 (96.0%)]	Loss: 0.33915480971336365
[2023-05-02 03:44:03] ========== Metrics ==========
[2023-05-02 03:44:03] {
  "tr_loss": 0.44500473782186184,
  "tr_acc": 0.7914791479147915,
  "tr_f1": 0.7931957944852212,
  "val_loss": 0.38875144958326674,
  "val_acc": 0.8298099129507905,
  "val_f1": 0.8423823626192826,
  "test_loss": 0.3564403522305372,
  "test_acc": 0.8563685636856369,
  "test_f1": 0.8623376623376623
}
[2023-05-02 03:44:03] ========== Metrics ==========
[2023-05-02 03:44:04] Train Epoch: 2 [0/20000 (0.0%)]	Loss: 0.3040686845779419
[2023-05-02 03:44:09] Train Epoch: 2 [800/20000 (4.0%)]	Loss: 0.22232384979724884
[2023-05-02 03:44:13] Train Epoch: 2 [1600/20000 (8.0%)]	Loss: 0.20711880922317505
[2023-05-02 03:44:17] Train Epoch: 2 [2400/20000 (12.0%)]	Loss: 0.20272499322891235
[2023-05-02 03:44:20] Train Epoch: 2 [3200/20000 (16.0%)]	Loss: 0.18504022061824799
[2023-05-02 03:44:24] Train Epoch: 2 [4000/20000 (20.0%)]	Loss: 0.18364356458187103
[2023-05-02 03:44:28] Train Epoch: 2 [4800/20000 (24.0%)]	Loss: 0.24656015634536743
[2023-05-02 03:44:32] Train Epoch: 2 [5600/20000 (28.0%)]	Loss: 0.21482715010643005
[2023-05-02 03:44:36] Train Epoch: 2 [6400/20000 (32.0%)]	Loss: 0.12471942603588104
[2023-05-02 03:44:40] Train Epoch: 2 [7200/20000 (36.0%)]	Loss: 0.18790367245674133
[2023-05-02 03:44:44] Train Epoch: 2 [8000/20000 (40.0%)]	Loss: 0.04540259763598442
[2023-05-02 03:44:48] Train Epoch: 2 [8800/20000 (44.0%)]	Loss: 0.1817946881055832
[2023-05-02 03:44:52] Train Epoch: 2 [9600/20000 (48.0%)]	Loss: 0.08133257180452347
[2023-05-02 03:44:56] Train Epoch: 2 [10400/20000 (52.0%)]	Loss: 0.13401813805103302
[2023-05-02 03:45:00] Train Epoch: 2 [11200/20000 (56.0%)]	Loss: 0.1376328468322754
[2023-05-02 03:45:03] Train Epoch: 2 [12000/20000 (60.0%)]	Loss: 0.3569304347038269
[2023-05-02 03:45:07] Train Epoch: 2 [12800/20000 (64.0%)]	Loss: 0.3277547359466553
[2023-05-02 03:45:11] Train Epoch: 2 [13600/20000 (68.0%)]	Loss: 0.2528989315032959
[2023-05-02 03:45:16] Train Epoch: 2 [14400/20000 (72.0%)]	Loss: 0.16019192337989807
[2023-05-02 03:45:19] Train Epoch: 2 [15200/20000 (76.0%)]	Loss: 0.0783969908952713
[2023-05-02 03:45:23] Train Epoch: 2 [16000/20000 (80.0%)]	Loss: 0.07861103862524033
[2023-05-02 03:45:27] Train Epoch: 2 [16800/20000 (84.0%)]	Loss: 0.26703017950057983
[2023-05-02 03:45:31] Train Epoch: 2 [17600/20000 (88.0%)]	Loss: 0.19017015397548676
[2023-05-02 03:45:35] Train Epoch: 2 [18400/20000 (92.0%)]	Loss: 0.19093090295791626
[2023-05-02 03:45:39] Train Epoch: 2 [19200/20000 (96.0%)]	Loss: 0.04552440345287323
[2023-05-02 03:45:56] ========== Metrics ==========
[2023-05-02 03:45:56] {
  "tr_loss": 0.2540335778069861,
  "tr_acc": 0.8995399539953995,
  "tr_f1": 0.899484665032271,
  "val_loss": 0.35673270258985673,
  "val_acc": 0.8463314976017055,
  "val_f1": 0.8500606690934303,
  "test_loss": 0.327935245786579,
  "test_acc": 0.8617886178861789,
  "test_f1": 0.859504132231405
}
[2023-05-02 03:45:56] ========== Metrics ==========
[2023-05-02 03:45:57] Train Epoch: 3 [0/20000 (0.0%)]	Loss: 0.14931808412075043
[2023-05-02 03:46:01] Train Epoch: 3 [800/20000 (4.0%)]	Loss: 0.2895168662071228
[2023-05-02 03:46:04] Train Epoch: 3 [1600/20000 (8.0%)]	Loss: 0.16232849657535553
[2023-05-02 03:46:08] Train Epoch: 3 [2400/20000 (12.0%)]	Loss: 0.051416218280792236
[2023-05-02 03:46:12] Train Epoch: 3 [3200/20000 (16.0%)]	Loss: 0.1009640097618103
[2023-05-02 03:46:16] Train Epoch: 3 [4000/20000 (20.0%)]	Loss: 0.3279685974121094
[2023-05-02 03:46:20] Train Epoch: 3 [4800/20000 (24.0%)]	Loss: 0.10238385945558548
[2023-05-02 03:46:24] Train Epoch: 3 [5600/20000 (28.0%)]	Loss: 0.14085641503334045
[2023-05-02 03:46:28] Train Epoch: 3 [6400/20000 (32.0%)]	Loss: 0.09215341508388519
[2023-05-02 03:46:32] Train Epoch: 3 [7200/20000 (36.0%)]	Loss: 0.25748610496520996
[2023-05-02 03:46:35] Train Epoch: 3 [8000/20000 (40.0%)]	Loss: 0.2248912751674652
[2023-05-02 03:46:39] Train Epoch: 3 [8800/20000 (44.0%)]	Loss: 0.17353738844394684
[2023-05-02 03:46:43] Train Epoch: 3 [9600/20000 (48.0%)]	Loss: 0.29744142293930054
[2023-05-02 03:46:47] Train Epoch: 3 [10400/20000 (52.0%)]	Loss: 0.06779152899980545
[2023-05-02 03:46:51] Train Epoch: 3 [11200/20000 (56.0%)]	Loss: 0.03358060121536255
[2023-05-02 03:46:54] Train Epoch: 3 [12000/20000 (60.0%)]	Loss: 0.11775586754083633
[2023-05-02 03:46:58] Train Epoch: 3 [12800/20000 (64.0%)]	Loss: 0.11702149361371994
[2023-05-02 03:47:02] Train Epoch: 3 [13600/20000 (68.0%)]	Loss: 0.021176008507609367
[2023-05-02 03:47:06] Train Epoch: 3 [14400/20000 (72.0%)]	Loss: 0.1096174493432045
[2023-05-02 03:47:10] Train Epoch: 3 [15200/20000 (76.0%)]	Loss: 0.016866208985447884
[2023-05-02 03:47:13] Train Epoch: 3 [16000/20000 (80.0%)]	Loss: 0.21724531054496765
[2023-05-02 03:47:17] Train Epoch: 3 [16800/20000 (84.0%)]	Loss: 0.12958066165447235
[2023-05-02 03:47:21] Train Epoch: 3 [17600/20000 (88.0%)]	Loss: 0.007380194496363401
[2023-05-02 03:47:25] Train Epoch: 3 [18400/20000 (92.0%)]	Loss: 0.4231550097465515
[2023-05-02 03:47:29] Train Epoch: 3 [19200/20000 (96.0%)]	Loss: 0.004285161383450031
[2023-05-02 03:47:46] ========== Metrics ==========
[2023-05-02 03:47:46] {
  "tr_loss": 0.13052864782720824,
  "tr_acc": 0.9547454745474547,
  "tr_f1": 0.9547250988043423,
  "val_loss": 0.47072945549742623,
  "val_acc": 0.8445549831231125,
  "val_f1": 0.8436662497766662,
  "test_loss": 0.4198857454184271,
  "test_acc": 0.8509485094850948,
  "test_f1": 0.84593837535014
}
[2023-05-02 03:47:46] ========== Metrics ==========
[2023-05-02 03:47:47] Train Epoch: 4 [0/20000 (0.0%)]	Loss: 0.010163296945393085
[2023-05-02 03:47:51] Train Epoch: 4 [800/20000 (4.0%)]	Loss: 0.02925308793783188
[2023-05-02 03:47:55] Train Epoch: 4 [1600/20000 (8.0%)]	Loss: 0.3231101632118225
[2023-05-02 03:47:59] Train Epoch: 4 [2400/20000 (12.0%)]	Loss: 0.02213967777788639
[2023-05-02 03:48:03] Train Epoch: 4 [3200/20000 (16.0%)]	Loss: 0.043192263692617416
[2023-05-02 03:48:07] Train Epoch: 4 [4000/20000 (20.0%)]	Loss: 0.2215368002653122
[2023-05-02 03:48:11] Train Epoch: 4 [4800/20000 (24.0%)]	Loss: 0.17174820601940155
[2023-05-02 03:48:14] Train Epoch: 4 [5600/20000 (28.0%)]	Loss: 0.010851233266294003
[2023-05-02 03:48:18] Train Epoch: 4 [6400/20000 (32.0%)]	Loss: 0.0032864443492144346
[2023-05-02 03:48:22] Train Epoch: 4 [7200/20000 (36.0%)]	Loss: 0.05746070295572281
[2023-05-02 03:48:26] Train Epoch: 4 [8000/20000 (40.0%)]	Loss: 0.011974165216088295
[2023-05-02 03:48:30] Train Epoch: 4 [8800/20000 (44.0%)]	Loss: 0.1323356181383133
[2023-05-02 03:48:34] Train Epoch: 4 [9600/20000 (48.0%)]	Loss: 0.017767904326319695
[2023-05-02 03:48:38] Train Epoch: 4 [10400/20000 (52.0%)]	Loss: 0.0034061213955283165
[2023-05-02 03:48:41] Train Epoch: 4 [11200/20000 (56.0%)]	Loss: 0.00432972889393568
[2023-05-02 03:48:45] Train Epoch: 4 [12000/20000 (60.0%)]	Loss: 0.028484810143709183
[2023-05-02 03:48:49] Train Epoch: 4 [12800/20000 (64.0%)]	Loss: 0.0007965145050548017
[2023-05-02 03:48:53] Train Epoch: 4 [13600/20000 (68.0%)]	Loss: 0.015538545325398445
[2023-05-02 03:48:57] Train Epoch: 4 [14400/20000 (72.0%)]	Loss: 0.0021185146179050207
[2023-05-02 03:49:00] Train Epoch: 4 [15200/20000 (76.0%)]	Loss: 0.0038542388938367367
[2023-05-02 03:49:04] Train Epoch: 4 [16000/20000 (80.0%)]	Loss: 0.3763767182826996
[2023-05-02 03:49:08] Train Epoch: 4 [16800/20000 (84.0%)]	Loss: 0.0192856565117836
[2023-05-02 03:49:12] Train Epoch: 4 [17600/20000 (88.0%)]	Loss: 0.0030370743479579687
[2023-05-02 03:49:16] Train Epoch: 4 [18400/20000 (92.0%)]	Loss: 0.17854377627372742
[2023-05-02 03:49:19] Train Epoch: 4 [19200/20000 (96.0%)]	Loss: 0.038395754992961884
[2023-05-02 03:49:36] ========== Metrics ==========
[2023-05-02 03:49:36] {
  "tr_loss": 0.049378426488591275,
  "tr_acc": 0.9842484248424842,
  "tr_f1": 0.984250787460627,
  "val_loss": 0.7202841356849349,
  "val_acc": 0.8353171078344288,
  "val_f1": 0.8348476750400855,
  "test_loss": 0.6607507659894664,
  "test_acc": 0.8373983739837398,
  "test_f1": 0.8378378378378378
}
[2023-05-02 03:49:36] ========== Metrics ==========
[2023-05-02 03:49:37] Train Epoch: 5 [0/20000 (0.0%)]	Loss: 0.0027700276114046574
[2023-05-02 03:49:41] Train Epoch: 5 [800/20000 (4.0%)]	Loss: 0.003560911398380995
[2023-05-02 03:49:45] Train Epoch: 5 [1600/20000 (8.0%)]	Loss: 0.00013613443297799677
[2023-05-02 03:49:49] Train Epoch: 5 [2400/20000 (12.0%)]	Loss: 0.0003573111607693136
[2023-05-02 03:49:53] Train Epoch: 5 [3200/20000 (16.0%)]	Loss: 0.003526843385770917
[2023-05-02 03:49:57] Train Epoch: 5 [4000/20000 (20.0%)]	Loss: 0.001232155249454081
[2023-05-02 03:50:01] Train Epoch: 5 [4800/20000 (24.0%)]	Loss: 0.001107877935282886
[2023-05-02 03:50:04] Train Epoch: 5 [5600/20000 (28.0%)]	Loss: 2.50021130341338e-05
[2023-05-02 03:50:08] Train Epoch: 5 [6400/20000 (32.0%)]	Loss: 0.010253159329295158
[2023-05-02 03:50:12] Train Epoch: 5 [7200/20000 (36.0%)]	Loss: 0.008438208140432835
[2023-05-02 03:50:16] Train Epoch: 5 [8000/20000 (40.0%)]	Loss: 0.003133340971544385
[2023-05-02 03:50:20] Train Epoch: 5 [8800/20000 (44.0%)]	Loss: 0.004335386212915182
[2023-05-02 03:50:23] Train Epoch: 5 [9600/20000 (48.0%)]	Loss: 0.0007814231794327497
[2023-05-02 03:50:27] Train Epoch: 5 [10400/20000 (52.0%)]	Loss: 0.00036197039298713207
[2023-05-02 03:50:31] Train Epoch: 5 [11200/20000 (56.0%)]	Loss: 0.00010054058657260612
[2023-05-02 03:50:35] Train Epoch: 5 [12000/20000 (60.0%)]	Loss: 0.00043387088226154447
[2023-05-02 03:50:40] Train Epoch: 5 [12800/20000 (64.0%)]	Loss: 0.015702951699495316
[2023-05-02 03:50:44] Train Epoch: 5 [13600/20000 (68.0%)]	Loss: 0.003187792608514428
[2023-05-02 03:50:48] Train Epoch: 5 [14400/20000 (72.0%)]	Loss: 0.24754898250102997
[2023-05-02 03:50:51] Train Epoch: 5 [15200/20000 (76.0%)]	Loss: 0.00010304061288479716
[2023-05-02 03:50:55] Train Epoch: 5 [16000/20000 (80.0%)]	Loss: 0.0005276774754747748
[2023-05-02 03:50:59] Train Epoch: 5 [16800/20000 (84.0%)]	Loss: 0.012869758531451225
[2023-05-02 03:51:03] Train Epoch: 5 [17600/20000 (88.0%)]	Loss: 0.00015968734805937856
[2023-05-02 03:51:07] Train Epoch: 5 [18400/20000 (92.0%)]	Loss: 0.021830370649695396
[2023-05-02 03:51:11] Train Epoch: 5 [19200/20000 (96.0%)]	Loss: 0.0010581852402538061
[2023-05-02 03:51:26] ========== Metrics ==========
[2023-05-02 03:51:26] {
  "tr_loss": 0.01823823937171577,
  "tr_acc": 0.9948994899489949,
  "tr_f1": 0.9948989797959592,
  "val_loss": 0.83263372106924,
  "val_acc": 0.8278557470243383,
  "val_f1": 0.831858407079646,
  "test_loss": 0.6748080886798926,
  "test_acc": 0.8401084010840109,
  "test_f1": 0.8392370572207085
}
[2023-05-02 03:51:26] ========== Metrics ==========
[2023-05-02 03:51:27] Train Epoch: 6 [0/20000 (0.0%)]	Loss: 0.004041234031319618
[2023-05-02 03:51:32] Train Epoch: 6 [800/20000 (4.0%)]	Loss: 0.0011786287650465965
[2023-05-02 03:51:35] Train Epoch: 6 [1600/20000 (8.0%)]	Loss: 0.00025806392659433186
[2023-05-02 03:51:39] Train Epoch: 6 [2400/20000 (12.0%)]	Loss: 0.00036673739668913186
[2023-05-02 03:51:43] Train Epoch: 6 [3200/20000 (16.0%)]	Loss: 0.0006004010792821646
[2023-05-02 03:51:47] Train Epoch: 6 [4000/20000 (20.0%)]	Loss: 0.004237793385982513
[2023-05-02 03:51:51] Train Epoch: 6 [4800/20000 (24.0%)]	Loss: 0.0042380765080451965
[2023-05-02 03:51:55] Train Epoch: 6 [5600/20000 (28.0%)]	Loss: 0.0010478267213329673
[2023-05-02 03:51:58] Train Epoch: 6 [6400/20000 (32.0%)]	Loss: 0.0005905142170377076
[2023-05-02 03:52:02] Train Epoch: 6 [7200/20000 (36.0%)]	Loss: 0.00010963057866320014
[2023-05-02 03:52:06] Train Epoch: 6 [8000/20000 (40.0%)]	Loss: 0.002812843769788742
[2023-05-02 03:52:10] Train Epoch: 6 [8800/20000 (44.0%)]	Loss: 5.0380152970319614e-05
[2023-05-02 03:52:14] Train Epoch: 6 [9600/20000 (48.0%)]	Loss: 0.0002321804204257205
[2023-05-02 03:52:18] Train Epoch: 6 [10400/20000 (52.0%)]	Loss: 0.0008070554467849433
[2023-05-02 03:52:21] Train Epoch: 6 [11200/20000 (56.0%)]	Loss: 0.0011633357498794794
[2023-05-02 03:52:25] Train Epoch: 6 [12000/20000 (60.0%)]	Loss: 0.0013598529621958733
[2023-05-02 03:52:29] Train Epoch: 6 [12800/20000 (64.0%)]	Loss: 0.00043730420293286443
[2023-05-02 03:52:33] Train Epoch: 6 [13600/20000 (68.0%)]	Loss: 3.043352990061976e-05
[2023-05-02 03:52:37] Train Epoch: 6 [14400/20000 (72.0%)]	Loss: 0.02984432503581047
[2023-05-02 03:52:40] Train Epoch: 6 [15200/20000 (76.0%)]	Loss: 0.005006784573197365
[2023-05-02 03:52:44] Train Epoch: 6 [16000/20000 (80.0%)]	Loss: 0.008820166811347008
[2023-05-02 03:52:48] Train Epoch: 6 [16800/20000 (84.0%)]	Loss: 0.00022597701172344387
[2023-05-02 03:52:52] Train Epoch: 6 [17600/20000 (88.0%)]	Loss: 4.50821389677003e-05
[2023-05-02 03:52:56] Train Epoch: 6 [18400/20000 (92.0%)]	Loss: 0.002104172483086586
[2023-05-02 03:53:00] Train Epoch: 6 [19200/20000 (96.0%)]	Loss: 2.9283546609804034e-05
[2023-05-02 03:53:15] ========== Metrics ==========
[2023-05-02 03:53:15] {
  "tr_loss": 0.003157289371435777,
  "tr_acc": 0.9990499049904991,
  "tr_f1": 0.9990499524976248,
  "val_loss": 1.0124547667899824,
  "val_acc": 0.8278557470243383,
  "val_f1": 0.8318000347161951,
  "test_loss": 0.8369413627372161,
  "test_acc": 0.8319783197831978,
  "test_f1": 0.8315217391304347
}
[2023-05-02 03:53:15] ========== Metrics ==========
[2023-05-02 03:53:17] Train Epoch: 7 [0/20000 (0.0%)]	Loss: 0.004336322657763958
[2023-05-02 03:53:21] Train Epoch: 7 [800/20000 (4.0%)]	Loss: 0.00013537585618905723
[2023-05-02 03:53:25] Train Epoch: 7 [1600/20000 (8.0%)]	Loss: 8.360163337783888e-05
[2023-05-02 03:53:28] Train Epoch: 7 [2400/20000 (12.0%)]	Loss: 0.0010673258220776916
[2023-05-02 03:53:32] Train Epoch: 7 [3200/20000 (16.0%)]	Loss: 0.0002562733134254813
[2023-05-02 03:53:36] Train Epoch: 7 [4000/20000 (20.0%)]	Loss: 0.0005292959976941347
[2023-05-02 03:53:41] Train Epoch: 7 [4800/20000 (24.0%)]	Loss: 0.0007645350997336209
[2023-05-02 03:53:45] Train Epoch: 7 [5600/20000 (28.0%)]	Loss: 0.002069132635369897
[2023-05-02 03:53:49] Train Epoch: 7 [6400/20000 (32.0%)]	Loss: 0.00029758893651887774
[2023-05-02 03:53:52] Train Epoch: 7 [7200/20000 (36.0%)]	Loss: 0.00014031314640305936
[2023-05-02 03:53:56] Train Epoch: 7 [8000/20000 (40.0%)]	Loss: 9.14908650884172e-06
[2023-05-02 03:54:00] Train Epoch: 7 [8800/20000 (44.0%)]	Loss: 0.0001766681671142578
[2023-05-02 03:54:04] Train Epoch: 7 [9600/20000 (48.0%)]	Loss: 0.0002362442755838856
[2023-05-02 03:54:08] Train Epoch: 7 [10400/20000 (52.0%)]	Loss: 0.00041085437987931073
[2023-05-02 03:54:12] Train Epoch: 7 [11200/20000 (56.0%)]	Loss: 8.822566451271996e-05
[2023-05-02 03:54:16] Train Epoch: 7 [12000/20000 (60.0%)]	Loss: 8.404043001064565e-06
[2023-05-02 03:54:19] Train Epoch: 7 [12800/20000 (64.0%)]	Loss: 1.2262888958503027e-05
[2023-05-02 03:54:23] Train Epoch: 7 [13600/20000 (68.0%)]	Loss: 8.165716280927882e-06
[2023-05-02 03:54:27] Train Epoch: 7 [14400/20000 (72.0%)]	Loss: 0.00134308694396168
[2023-05-02 03:54:31] Train Epoch: 7 [15200/20000 (76.0%)]	Loss: 0.006185423117130995
[2023-05-02 03:54:35] Train Epoch: 7 [16000/20000 (80.0%)]	Loss: 1.6285730453091674e-05
[2023-05-02 03:54:39] Train Epoch: 7 [16800/20000 (84.0%)]	Loss: 0.00010832742555066943
[2023-05-02 03:54:42] Train Epoch: 7 [17600/20000 (88.0%)]	Loss: 0.0008151215151883662
[2023-05-02 03:54:46] Train Epoch: 7 [18400/20000 (92.0%)]	Loss: 1.980861634365283e-05
[2023-05-02 03:54:50] Train Epoch: 7 [19200/20000 (96.0%)]	Loss: 1.9734989109565504e-05
[2023-05-02 03:55:06] ========== Metrics ==========
[2023-05-02 03:55:06] {
  "tr_loss": 0.001364423122709934,
  "tr_acc": 0.9997999799979999,
  "tr_f1": 0.9997999799979999,
  "val_loss": 1.1729356427596835,
  "val_acc": 0.8306981701900871,
  "val_f1": 0.8312378253940146,
  "test_loss": 0.994710560071094,
  "test_acc": 0.8401084010840109,
  "test_f1": 0.837465564738292
}
[2023-05-02 03:55:06] ========== Metrics ==========
[2023-05-02 03:55:07] Train Epoch: 8 [0/20000 (0.0%)]	Loss: 1.4222063327906653e-05
[2023-05-02 03:55:11] Train Epoch: 8 [800/20000 (4.0%)]	Loss: 1.850631451816298e-05
[2023-05-02 03:55:15] Train Epoch: 8 [1600/20000 (8.0%)]	Loss: 7.9197980085155e-06
[2023-05-02 03:55:19] Train Epoch: 8 [2400/20000 (12.0%)]	Loss: 3.0908890039427206e-05
[2023-05-02 03:55:23] Train Epoch: 8 [3200/20000 (16.0%)]	Loss: 3.4622928069438785e-05
[2023-05-02 03:55:27] Train Epoch: 8 [4000/20000 (20.0%)]	Loss: 0.0006937947473488748
[2023-05-02 03:55:31] Train Epoch: 8 [4800/20000 (24.0%)]	Loss: 0.00025977377663366497
[2023-05-02 03:55:35] Train Epoch: 8 [5600/20000 (28.0%)]	Loss: 9.640609277994372e-06
[2023-05-02 03:55:38] Train Epoch: 8 [6400/20000 (32.0%)]	Loss: 1.2673132914642338e-05
[2023-05-02 03:55:42] Train Epoch: 8 [7200/20000 (36.0%)]	Loss: 9.520208550384268e-05
[2023-05-02 03:55:46] Train Epoch: 8 [8000/20000 (40.0%)]	Loss: 0.0007293624803423882
[2023-05-02 03:55:50] Train Epoch: 8 [8800/20000 (44.0%)]	Loss: 1.650994090596214e-05
[2023-05-02 03:55:54] Train Epoch: 8 [9600/20000 (48.0%)]	Loss: 5.375938781071454e-05
[2023-05-02 03:55:58] Train Epoch: 8 [10400/20000 (52.0%)]	Loss: 0.0003507568908389658
[2023-05-02 03:56:02] Train Epoch: 8 [11200/20000 (56.0%)]	Loss: 2.3197986593004316e-05
[2023-05-02 03:56:06] Train Epoch: 8 [12000/20000 (60.0%)]	Loss: 2.4123311959556304e-05
[2023-05-02 03:56:09] Train Epoch: 8 [12800/20000 (64.0%)]	Loss: 1.4184351130097639e-05
[2023-05-02 03:56:13] Train Epoch: 8 [13600/20000 (68.0%)]	Loss: 0.00017115581431426108
[2023-05-02 03:56:17] Train Epoch: 8 [14400/20000 (72.0%)]	Loss: 0.0002723700017668307
[2023-05-02 03:56:21] Train Epoch: 8 [15200/20000 (76.0%)]	Loss: 0.002210016828030348
[2023-05-02 03:56:25] Train Epoch: 8 [16000/20000 (80.0%)]	Loss: 1.593583874637261e-05
[2023-05-02 03:56:28] Train Epoch: 8 [16800/20000 (84.0%)]	Loss: 2.078700617857976e-06
[2023-05-02 03:56:32] Train Epoch: 8 [17600/20000 (88.0%)]	Loss: 1.5593139323755167e-05
[2023-05-02 03:56:36] Train Epoch: 8 [18400/20000 (92.0%)]	Loss: 4.0218659705715254e-05
[2023-05-02 03:56:40] Train Epoch: 8 [19200/20000 (96.0%)]	Loss: 1.0683416803658474e-05
[2023-05-02 03:56:55] Stop At epoch 8/20 due to valid not increase
[2023-05-02 03:56:57] ========== Metrics ==========
[2023-05-02 03:56:57] {
  "tr_loss": 0.0007923203261732784,
  "tr_acc": 0.9997999799979999,
  "tr_f1": 0.9997999799979999,
  "val_loss": 1.3274475891002462,
  "val_acc": 0.8285663528157754,
  "val_f1": 0.8340498710232158,
  "test_loss": 1.121232434743788,
  "test_acc": 0.8265582655826558,
  "test_f1": 0.8288770053475935
}
[2023-05-02 03:56:57] ========== Metrics ==========
