[2023-05-01 17:24:21] Train Epoch: 1 [0/20000 (0.0%)]	Loss: 0.676874577999115
[2023-05-01 17:24:52] Train Epoch: 1 [800/20000 (4.0%)]	Loss: 0.6479753255844116
[2023-05-01 17:25:22] Train Epoch: 1 [1600/20000 (8.0%)]	Loss: 0.5343321561813354
[2023-05-01 17:25:53] Train Epoch: 1 [2400/20000 (12.0%)]	Loss: 0.8439604640007019
[2023-05-01 17:26:23] Train Epoch: 1 [3200/20000 (16.0%)]	Loss: 0.7021862864494324
[2023-05-01 17:26:53] Train Epoch: 1 [4000/20000 (20.0%)]	Loss: 0.6888745427131653
[2023-05-01 17:27:23] Train Epoch: 1 [4800/20000 (24.0%)]	Loss: 0.6939836740493774
[2023-05-01 17:27:52] Train Epoch: 1 [5600/20000 (28.0%)]	Loss: 0.698638916015625
[2023-05-01 17:28:22] Train Epoch: 1 [6400/20000 (32.0%)]	Loss: 0.6686612367630005
[2023-05-01 17:28:52] Train Epoch: 1 [7200/20000 (36.0%)]	Loss: 0.7008558511734009
[2023-05-01 17:29:21] Train Epoch: 1 [8000/20000 (40.0%)]	Loss: 0.6933829188346863
[2023-05-01 17:29:50] Train Epoch: 1 [8800/20000 (44.0%)]	Loss: 0.7034433484077454
[2023-05-01 17:30:19] Train Epoch: 1 [9600/20000 (48.0%)]	Loss: 0.6935802102088928
[2023-05-01 17:30:48] Train Epoch: 1 [10400/20000 (52.0%)]	Loss: 0.6930881142616272
[2023-05-01 17:31:18] Train Epoch: 1 [11200/20000 (56.0%)]	Loss: 0.6654276251792908
[2023-05-01 17:31:47] Train Epoch: 1 [12000/20000 (60.0%)]	Loss: 0.7023650407791138
[2023-05-01 17:32:16] Train Epoch: 1 [12800/20000 (64.0%)]	Loss: 0.7036372423171997
[2023-05-01 17:32:46] Train Epoch: 1 [13600/20000 (68.0%)]	Loss: 0.7046920657157898
[2023-05-01 17:33:16] Train Epoch: 1 [14400/20000 (72.0%)]	Loss: 0.701102077960968
[2023-05-01 17:33:46] Train Epoch: 1 [15200/20000 (76.0%)]	Loss: 0.6846228837966919
[2023-05-01 17:34:15] Train Epoch: 1 [16000/20000 (80.0%)]	Loss: 0.6943867206573486
[2023-05-01 17:34:45] Train Epoch: 1 [16800/20000 (84.0%)]	Loss: 0.6890363097190857
[2023-05-01 17:35:14] Train Epoch: 1 [17600/20000 (88.0%)]	Loss: 0.7179009318351746
[2023-05-01 17:35:42] Train Epoch: 1 [18400/20000 (92.0%)]	Loss: 0.69671630859375
[2023-05-01 17:36:12] Train Epoch: 1 [19200/20000 (96.0%)]	Loss: 0.7076566815376282
[2023-05-01 17:38:05] ========== Metrics ==========
[2023-05-01 17:38:05] {
  "tr_loss": 0.693746785901048,
  "tr_acc": 0.5167516751675167,
  "tr_f1": 0.5587617569171766,
  "val_loss": 0.7120600785258651,
  "val_acc": 0.5004441286196483,
  "val_f1": 0.0,
  "test_loss": 0.751357781531688,
  "test_acc": 0.4932249322493225,
  "test_f1": 0.0
}
[2023-05-01 17:38:05] ========== Metrics ==========
[2023-05-01 17:38:09] Train Epoch: 2 [0/20000 (0.0%)]	Loss: 0.6400338411331177
[2023-05-01 17:38:39] Train Epoch: 2 [800/20000 (4.0%)]	Loss: 0.6730037927627563
[2023-05-01 17:39:09] Train Epoch: 2 [1600/20000 (8.0%)]	Loss: 0.703362762928009
[2023-05-01 17:39:41] Train Epoch: 2 [2400/20000 (12.0%)]	Loss: 0.6985688805580139
[2023-05-01 17:40:11] Train Epoch: 2 [3200/20000 (16.0%)]	Loss: 0.6945438385009766
[2023-05-01 17:40:42] Train Epoch: 2 [4000/20000 (20.0%)]	Loss: 0.667681097984314
[2023-05-01 17:41:12] Train Epoch: 2 [4800/20000 (24.0%)]	Loss: 0.7073180675506592
[2023-05-01 17:41:41] Train Epoch: 2 [5600/20000 (28.0%)]	Loss: 0.6918466687202454
[2023-05-01 17:42:10] Train Epoch: 2 [6400/20000 (32.0%)]	Loss: 0.6944248676300049
[2023-05-01 17:42:39] Train Epoch: 2 [7200/20000 (36.0%)]	Loss: 0.6890652179718018
[2023-05-01 17:43:09] Train Epoch: 2 [8000/20000 (40.0%)]	Loss: 0.6997040510177612
[2023-05-01 17:43:39] Train Epoch: 2 [8800/20000 (44.0%)]	Loss: 0.7562597393989563
[2023-05-01 17:44:09] Train Epoch: 2 [9600/20000 (48.0%)]	Loss: 0.7080198526382446
[2023-05-01 17:44:38] Train Epoch: 2 [10400/20000 (52.0%)]	Loss: 0.6887063980102539
[2023-05-01 17:45:07] Train Epoch: 2 [11200/20000 (56.0%)]	Loss: 0.7056063413619995
[2023-05-01 17:45:37] Train Epoch: 2 [12000/20000 (60.0%)]	Loss: 0.6874029636383057
[2023-05-01 17:46:06] Train Epoch: 2 [12800/20000 (64.0%)]	Loss: 0.72160404920578
[2023-05-01 17:46:35] Train Epoch: 2 [13600/20000 (68.0%)]	Loss: 0.689762532711029
[2023-05-01 17:47:05] Train Epoch: 2 [14400/20000 (72.0%)]	Loss: 0.6754391193389893
[2023-05-01 17:47:35] Train Epoch: 2 [15200/20000 (76.0%)]	Loss: 0.6970124840736389
[2023-05-01 17:48:03] Train Epoch: 2 [16000/20000 (80.0%)]	Loss: 0.700214684009552
[2023-05-01 17:48:33] Train Epoch: 2 [16800/20000 (84.0%)]	Loss: 0.6858646273612976
[2023-05-01 17:49:03] Train Epoch: 2 [17600/20000 (88.0%)]	Loss: 0.7021951079368591
[2023-05-01 17:49:32] Train Epoch: 2 [18400/20000 (92.0%)]	Loss: 0.6878482103347778
[2023-05-01 17:50:02] Train Epoch: 2 [19200/20000 (96.0%)]	Loss: 0.7025681138038635
[2023-05-01 17:51:55] ========== Metrics ==========
[2023-05-01 17:51:55] {
  "tr_loss": 0.696018995553425,
  "tr_acc": 0.5025502550255025,
  "tr_f1": 0.5687906371911575,
  "val_loss": 0.6941026827225488,
  "val_acc": 0.49955587138035173,
  "val_f1": 0.6662717687477786,
  "test_loss": 0.7199924618894169,
  "test_acc": 0.5067750677506775,
  "test_f1": 0.6726618705035972
}
[2023-05-01 17:51:55] ========== Metrics ==========
[2023-05-01 17:51:59] Train Epoch: 3 [0/20000 (0.0%)]	Loss: 0.6977372169494629
[2023-05-01 17:52:29] Train Epoch: 3 [800/20000 (4.0%)]	Loss: 0.6906029582023621
[2023-05-01 17:53:00] Train Epoch: 3 [1600/20000 (8.0%)]	Loss: 0.6861618757247925
[2023-05-01 17:53:31] Train Epoch: 3 [2400/20000 (12.0%)]	Loss: 0.6626271605491638
[2023-05-01 17:54:02] Train Epoch: 3 [3200/20000 (16.0%)]	Loss: 0.6934649348258972
[2023-05-01 17:54:33] Train Epoch: 3 [4000/20000 (20.0%)]	Loss: 0.6923465132713318
[2023-05-01 17:55:02] Train Epoch: 3 [4800/20000 (24.0%)]	Loss: 0.6656329035758972
[2023-05-01 17:55:31] Train Epoch: 3 [5600/20000 (28.0%)]	Loss: 0.6943018436431885
[2023-05-01 17:56:00] Train Epoch: 3 [6400/20000 (32.0%)]	Loss: 0.7044907808303833
[2023-05-01 17:56:29] Train Epoch: 3 [7200/20000 (36.0%)]	Loss: 0.6960120797157288
[2023-05-01 17:57:00] Train Epoch: 3 [8000/20000 (40.0%)]	Loss: 0.6623036861419678
[2023-05-01 17:57:30] Train Epoch: 3 [8800/20000 (44.0%)]	Loss: 0.6932640671730042
[2023-05-01 17:58:01] Train Epoch: 3 [9600/20000 (48.0%)]	Loss: 0.704889178276062
[2023-05-01 17:58:32] Train Epoch: 3 [10400/20000 (52.0%)]	Loss: 0.8041657209396362
[2023-05-01 17:59:02] Train Epoch: 3 [11200/20000 (56.0%)]	Loss: 0.6931287050247192
[2023-05-01 17:59:32] Train Epoch: 3 [12000/20000 (60.0%)]	Loss: 0.7083048224449158
[2023-05-01 18:00:01] Train Epoch: 3 [12800/20000 (64.0%)]	Loss: 0.6903063058853149
[2023-05-01 18:00:32] Train Epoch: 3 [13600/20000 (68.0%)]	Loss: 0.6906098127365112
[2023-05-01 18:01:02] Train Epoch: 3 [14400/20000 (72.0%)]	Loss: 0.6815100312232971
[2023-05-01 18:01:32] Train Epoch: 3 [15200/20000 (76.0%)]	Loss: 0.6970288157463074
[2023-05-01 18:02:01] Train Epoch: 3 [16000/20000 (80.0%)]	Loss: 0.6907456517219543
[2023-05-01 18:02:30] Train Epoch: 3 [16800/20000 (84.0%)]	Loss: 0.6795711517333984
[2023-05-01 18:02:59] Train Epoch: 3 [17600/20000 (88.0%)]	Loss: 0.6934297680854797
[2023-05-01 18:03:29] Train Epoch: 3 [18400/20000 (92.0%)]	Loss: 0.6887675523757935
[2023-05-01 18:03:59] Train Epoch: 3 [19200/20000 (96.0%)]	Loss: 0.6952036619186401
[2023-05-01 18:05:52] ========== Metrics ==========
[2023-05-01 18:05:52] {
  "tr_loss": 0.6965395117869484,
  "tr_acc": 0.5034003400340034,
  "tr_f1": 0.557619493073188,
  "val_loss": 0.6937679599796525,
  "val_acc": 0.49955587138035173,
  "val_f1": 0.6662717687477786,
  "test_loss": 0.7221020179066232,
  "test_acc": 0.5067750677506775,
  "test_f1": 0.6726618705035972
}
[2023-05-01 18:05:52] ========== Metrics ==========
[2023-05-01 18:05:55] Train Epoch: 4 [0/20000 (0.0%)]	Loss: 0.6958944797515869
[2023-05-01 18:06:26] Train Epoch: 4 [800/20000 (4.0%)]	Loss: 0.6930578351020813
[2023-05-01 18:06:57] Train Epoch: 4 [1600/20000 (8.0%)]	Loss: 0.6948609948158264
[2023-05-01 18:07:28] Train Epoch: 4 [2400/20000 (12.0%)]	Loss: 0.7151150703430176
[2023-05-01 18:07:59] Train Epoch: 4 [3200/20000 (16.0%)]	Loss: 0.6910403370857239
[2023-05-01 18:08:29] Train Epoch: 4 [4000/20000 (20.0%)]	Loss: 0.6901039481163025
[2023-05-01 18:08:59] Train Epoch: 4 [4800/20000 (24.0%)]	Loss: 0.7212148904800415
[2023-05-01 18:09:29] Train Epoch: 4 [5600/20000 (28.0%)]	Loss: 0.6865357160568237
[2023-05-01 18:09:59] Train Epoch: 4 [6400/20000 (32.0%)]	Loss: 0.7078109979629517
[2023-05-01 18:10:29] Train Epoch: 4 [7200/20000 (36.0%)]	Loss: 0.7199039459228516
[2023-05-01 18:10:59] Train Epoch: 4 [8000/20000 (40.0%)]	Loss: 0.6885311007499695
[2023-05-01 18:11:28] Train Epoch: 4 [8800/20000 (44.0%)]	Loss: 0.6789695024490356
[2023-05-01 18:12:00] Train Epoch: 4 [9600/20000 (48.0%)]	Loss: 0.6874091029167175
[2023-05-01 18:12:29] Train Epoch: 4 [10400/20000 (52.0%)]	Loss: 0.6278094053268433
[2023-05-01 18:12:59] Train Epoch: 4 [11200/20000 (56.0%)]	Loss: 0.7168207168579102
[2023-05-01 18:13:29] Train Epoch: 4 [12000/20000 (60.0%)]	Loss: 0.6934754848480225
[2023-05-01 18:13:58] Train Epoch: 4 [12800/20000 (64.0%)]	Loss: 0.672105073928833
[2023-05-01 18:14:29] Train Epoch: 4 [13600/20000 (68.0%)]	Loss: 0.736513078212738
[2023-05-01 18:14:58] Train Epoch: 4 [14400/20000 (72.0%)]	Loss: 0.679984450340271
[2023-05-01 18:15:28] Train Epoch: 4 [15200/20000 (76.0%)]	Loss: 0.6983659267425537
[2023-05-01 18:15:57] Train Epoch: 4 [16000/20000 (80.0%)]	Loss: 0.6311501860618591
[2023-05-01 18:16:26] Train Epoch: 4 [16800/20000 (84.0%)]	Loss: 0.7154880166053772
[2023-05-01 18:16:56] Train Epoch: 4 [17600/20000 (88.0%)]	Loss: 0.6952780485153198
[2023-05-01 18:17:25] Train Epoch: 4 [18400/20000 (92.0%)]	Loss: 0.7335640788078308
[2023-05-01 18:17:54] Train Epoch: 4 [19200/20000 (96.0%)]	Loss: 0.7005144953727722
[2023-05-01 18:19:49] ========== Metrics ==========
[2023-05-01 18:19:49] {
  "tr_loss": 0.697744065778877,
  "tr_acc": 0.4976997699769977,
  "tr_f1": 0.5364345378190041,
  "val_loss": 0.6939864012080668,
  "val_acc": 0.49955587138035173,
  "val_f1": 0.6662717687477786,
  "test_loss": 0.7201036230981511,
  "test_acc": 0.5067750677506775,
  "test_f1": 0.6726618705035972
}
[2023-05-01 18:19:49] ========== Metrics ==========
[2023-05-01 18:19:52] Train Epoch: 5 [0/20000 (0.0%)]	Loss: 0.6857619285583496
[2023-05-01 18:20:24] Train Epoch: 5 [800/20000 (4.0%)]	Loss: 0.6870962381362915
[2023-05-01 18:20:55] Train Epoch: 5 [1600/20000 (8.0%)]	Loss: 0.694370448589325
[2023-05-01 18:21:27] Train Epoch: 5 [2400/20000 (12.0%)]	Loss: 0.6857474446296692
[2023-05-01 18:21:58] Train Epoch: 5 [3200/20000 (16.0%)]	Loss: 0.6937336325645447
[2023-05-01 18:22:27] Train Epoch: 5 [4000/20000 (20.0%)]	Loss: 0.6927275657653809
[2023-05-01 18:22:57] Train Epoch: 5 [4800/20000 (24.0%)]	Loss: 0.7049343585968018
[2023-05-01 18:23:26] Train Epoch: 5 [5600/20000 (28.0%)]	Loss: 0.6826390027999878
[2023-05-01 18:23:55] Train Epoch: 5 [6400/20000 (32.0%)]	Loss: 0.7226712107658386
[2023-05-01 18:24:25] Train Epoch: 5 [7200/20000 (36.0%)]	Loss: 0.6758092045783997
[2023-05-01 18:24:56] Train Epoch: 5 [8000/20000 (40.0%)]	Loss: 0.6948036551475525
[2023-05-01 18:25:25] Train Epoch: 5 [8800/20000 (44.0%)]	Loss: 0.6997904181480408
[2023-05-01 18:25:55] Train Epoch: 5 [9600/20000 (48.0%)]	Loss: 0.7205121517181396
[2023-05-01 18:26:24] Train Epoch: 5 [10400/20000 (52.0%)]	Loss: 0.6949667930603027
[2023-05-01 18:26:54] Train Epoch: 5 [11200/20000 (56.0%)]	Loss: 0.6898481249809265
[2023-05-01 18:27:23] Train Epoch: 5 [12000/20000 (60.0%)]	Loss: 0.6860069036483765
[2023-05-01 18:27:54] Train Epoch: 5 [12800/20000 (64.0%)]	Loss: 0.7671774625778198
[2023-05-01 18:28:24] Train Epoch: 5 [13600/20000 (68.0%)]	Loss: 0.6952470541000366
[2023-05-01 18:28:54] Train Epoch: 5 [14400/20000 (72.0%)]	Loss: 0.6947458982467651
[2023-05-01 18:29:25] Train Epoch: 5 [15200/20000 (76.0%)]	Loss: 0.6931310296058655
[2023-05-01 18:29:55] Train Epoch: 5 [16000/20000 (80.0%)]	Loss: 0.6974071860313416
[2023-05-01 18:30:25] Train Epoch: 5 [16800/20000 (84.0%)]	Loss: 0.6901018023490906
[2023-05-01 18:30:54] Train Epoch: 5 [17600/20000 (88.0%)]	Loss: 0.6854063868522644
[2023-05-01 18:31:23] Train Epoch: 5 [18400/20000 (92.0%)]	Loss: 0.6931314468383789
[2023-05-01 18:31:52] Train Epoch: 5 [19200/20000 (96.0%)]	Loss: 0.692002534866333
[2023-05-01 18:33:45] ========== Metrics ==========
[2023-05-01 18:33:45] {
  "tr_loss": 0.6964388750638827,
  "tr_acc": 0.5001500150015001,
  "tr_f1": 0.5015955325089749,
  "val_loss": 0.6935330912918196,
  "val_acc": 0.49209451057026116,
  "val_f1": 0.5347436940602115,
  "test_loss": 0.7212846104691668,
  "test_acc": 0.5176151761517616,
  "test_f1": 0.5527638190954774
}
[2023-05-01 18:33:45] ========== Metrics ==========
[2023-05-01 18:33:48] Train Epoch: 6 [0/20000 (0.0%)]	Loss: 0.6930491328239441
[2023-05-01 18:34:18] Train Epoch: 6 [800/20000 (4.0%)]	Loss: 0.6938916444778442
[2023-05-01 18:34:48] Train Epoch: 6 [1600/20000 (8.0%)]	Loss: 0.6921132206916809
[2023-05-01 18:35:18] Train Epoch: 6 [2400/20000 (12.0%)]	Loss: 0.6926732659339905
[2023-05-01 18:35:48] Train Epoch: 6 [3200/20000 (16.0%)]	Loss: 0.6966813206672668
[2023-05-01 18:36:17] Train Epoch: 6 [4000/20000 (20.0%)]	Loss: 0.6942282319068909
[2023-05-01 18:36:47] Train Epoch: 6 [4800/20000 (24.0%)]	Loss: 0.6882461905479431
[2023-05-01 18:37:17] Train Epoch: 6 [5600/20000 (28.0%)]	Loss: 0.6799059510231018
[2023-05-01 18:37:47] Train Epoch: 6 [6400/20000 (32.0%)]	Loss: 0.7032164335250854
[2023-05-01 18:38:17] Train Epoch: 6 [7200/20000 (36.0%)]	Loss: 0.6932423114776611
[2023-05-01 18:38:46] Train Epoch: 6 [8000/20000 (40.0%)]	Loss: 0.693069338798523
[2023-05-01 18:39:15] Train Epoch: 6 [8800/20000 (44.0%)]	Loss: 0.6912626624107361
[2023-05-01 18:39:47] Train Epoch: 6 [9600/20000 (48.0%)]	Loss: 0.6945206522941589
[2023-05-01 18:40:16] Train Epoch: 6 [10400/20000 (52.0%)]	Loss: 0.6953487396240234
[2023-05-01 18:40:46] Train Epoch: 6 [11200/20000 (56.0%)]	Loss: 0.6930482983589172
[2023-05-01 18:41:15] Train Epoch: 6 [12000/20000 (60.0%)]	Loss: 0.6942197680473328
[2023-05-01 18:41:45] Train Epoch: 6 [12800/20000 (64.0%)]	Loss: 0.6920003890991211
[2023-05-01 18:42:14] Train Epoch: 6 [13600/20000 (68.0%)]	Loss: 0.6929559707641602
[2023-05-01 18:42:44] Train Epoch: 6 [14400/20000 (72.0%)]	Loss: 0.6938864588737488
[2023-05-01 18:43:13] Train Epoch: 6 [15200/20000 (76.0%)]	Loss: 0.6950852870941162
[2023-05-01 18:43:43] Train Epoch: 6 [16000/20000 (80.0%)]	Loss: 0.6932183504104614
[2023-05-01 18:44:13] Train Epoch: 6 [16800/20000 (84.0%)]	Loss: 0.6923320889472961
[2023-05-01 18:44:43] Train Epoch: 6 [17600/20000 (88.0%)]	Loss: 0.6936594247817993
[2023-05-01 18:45:12] Train Epoch: 6 [18400/20000 (92.0%)]	Loss: 0.6938484311103821
[2023-05-01 18:45:41] Train Epoch: 6 [19200/20000 (96.0%)]	Loss: 0.6930460929870605
[2023-05-01 18:47:39] ========== Metrics ==========
[2023-05-01 18:47:39] {
  "tr_loss": 0.6933207879580072,
  "tr_acc": 0.4976997699769977,
  "tr_f1": 0.3424756169404988,
  "val_loss": 0.693544060494807,
  "val_acc": 0.5004441286196483,
  "val_f1": 0.0,
  "test_loss": 0.7211529930755698,
  "test_acc": 0.4932249322493225,
  "test_f1": 0.0
}
[2023-05-01 18:47:39] ========== Metrics ==========
[2023-05-01 18:47:43] Train Epoch: 7 [0/20000 (0.0%)]	Loss: 0.68987637758255
[2023-05-01 18:48:14] Train Epoch: 7 [800/20000 (4.0%)]	Loss: 0.6917311549186707
[2023-05-01 18:48:44] Train Epoch: 7 [1600/20000 (8.0%)]	Loss: 0.6944539546966553
[2023-05-01 18:49:14] Train Epoch: 7 [2400/20000 (12.0%)]	Loss: 0.6942715644836426
[2023-05-01 18:49:44] Train Epoch: 7 [3200/20000 (16.0%)]	Loss: 0.6973825693130493
[2023-05-01 18:50:14] Train Epoch: 7 [4000/20000 (20.0%)]	Loss: 0.6967477202415466
[2023-05-01 18:50:44] Train Epoch: 7 [4800/20000 (24.0%)]	Loss: 0.6919037699699402
[2023-05-01 18:51:13] Train Epoch: 7 [5600/20000 (28.0%)]	Loss: 0.6962485909461975
[2023-05-01 18:51:42] Train Epoch: 7 [6400/20000 (32.0%)]	Loss: 0.6932318210601807
[2023-05-01 18:52:11] Train Epoch: 7 [7200/20000 (36.0%)]	Loss: 0.6889721751213074
[2023-05-01 18:52:41] Train Epoch: 7 [8000/20000 (40.0%)]	Loss: 0.6938138008117676
[2023-05-01 18:53:11] Train Epoch: 7 [8800/20000 (44.0%)]	Loss: 0.694390058517456
[2023-05-01 18:53:41] Train Epoch: 7 [9600/20000 (48.0%)]	Loss: 0.693430483341217
[2023-05-01 18:54:11] Train Epoch: 7 [10400/20000 (52.0%)]	Loss: 0.6937787532806396
[2023-05-01 18:54:40] Train Epoch: 7 [11200/20000 (56.0%)]	Loss: 0.7009631991386414
[2023-05-01 18:55:09] Train Epoch: 7 [12000/20000 (60.0%)]	Loss: 0.6919733285903931
[2023-05-01 18:55:38] Train Epoch: 7 [12800/20000 (64.0%)]	Loss: 0.6920696496963501
[2023-05-01 18:56:07] Train Epoch: 7 [13600/20000 (68.0%)]	Loss: 0.6922326683998108
[2023-05-01 18:56:37] Train Epoch: 7 [14400/20000 (72.0%)]	Loss: 0.6924754977226257
[2023-05-01 18:57:06] Train Epoch: 7 [15200/20000 (76.0%)]	Loss: 0.6928273439407349
[2023-05-01 18:57:35] Train Epoch: 7 [16000/20000 (80.0%)]	Loss: 0.6932699680328369
[2023-05-01 18:58:07] Train Epoch: 7 [16800/20000 (84.0%)]	Loss: 0.694056510925293
[2023-05-01 18:58:36] Train Epoch: 7 [17600/20000 (88.0%)]	Loss: 0.6880520582199097
[2023-05-01 18:59:05] Train Epoch: 7 [18400/20000 (92.0%)]	Loss: 0.6959628462791443
[2023-05-01 18:59:35] Train Epoch: 7 [19200/20000 (96.0%)]	Loss: 0.6929287314414978
[2023-05-01 19:01:20] Stop At epoch 7/20 due to valid not increase
[2023-05-01 19:01:29] ========== Metrics ==========
[2023-05-01 19:01:29] {
  "tr_loss": 0.6932994760218972,
  "tr_acc": 0.5029002900290029,
  "tr_f1": 0.3827382800372555,
  "val_loss": 0.6944737038787717,
  "val_acc": 0.49955587138035173,
  "val_f1": 0.6662717687477786,
  "test_loss": 0.7198381992536509,
  "test_acc": 0.5067750677506775,
  "test_f1": 0.6726618705035972
}
[2023-05-01 19:01:29] ========== Metrics ==========
