[2023-05-02 23:12:34] Train Epoch: 1 [0/20000 (0.0%)]	Loss: 0.6833786368370056
[2023-05-02 23:12:40] Train Epoch: 1 [800/20000 (4.0%)]	Loss: 0.6403795480728149
[2023-05-02 23:12:46] Train Epoch: 1 [1600/20000 (8.0%)]	Loss: 0.6716338992118835
[2023-05-02 23:12:52] Train Epoch: 1 [2400/20000 (12.0%)]	Loss: 0.524097204208374
[2023-05-02 23:12:57] Train Epoch: 1 [3200/20000 (16.0%)]	Loss: 0.571651816368103
[2023-05-02 23:13:03] Train Epoch: 1 [4000/20000 (20.0%)]	Loss: 0.4821425974369049
[2023-05-02 23:13:09] Train Epoch: 1 [4800/20000 (24.0%)]	Loss: 0.37418076395988464
[2023-05-02 23:13:14] Train Epoch: 1 [5600/20000 (28.0%)]	Loss: 0.5631753206253052
[2023-05-02 23:13:20] Train Epoch: 1 [6400/20000 (32.0%)]	Loss: 0.5960291028022766
[2023-05-02 23:13:25] Train Epoch: 1 [7200/20000 (36.0%)]	Loss: 0.5158953666687012
[2023-05-02 23:13:31] Train Epoch: 1 [8000/20000 (40.0%)]	Loss: 0.4395189881324768
[2023-05-02 23:13:36] Train Epoch: 1 [8800/20000 (44.0%)]	Loss: 0.6334708333015442
[2023-05-02 23:13:41] Train Epoch: 1 [9600/20000 (48.0%)]	Loss: 0.31200268864631653
[2023-05-02 23:13:47] Train Epoch: 1 [10400/20000 (52.0%)]	Loss: 0.23448824882507324
[2023-05-02 23:13:52] Train Epoch: 1 [11200/20000 (56.0%)]	Loss: 0.5670957565307617
[2023-05-02 23:13:58] Train Epoch: 1 [12000/20000 (60.0%)]	Loss: 0.3749006688594818
[2023-05-02 23:14:03] Train Epoch: 1 [12800/20000 (64.0%)]	Loss: 0.46896249055862427
[2023-05-02 23:14:09] Train Epoch: 1 [13600/20000 (68.0%)]	Loss: 0.38819777965545654
[2023-05-02 23:14:14] Train Epoch: 1 [14400/20000 (72.0%)]	Loss: 0.28354203701019287
[2023-05-02 23:14:19] Train Epoch: 1 [15200/20000 (76.0%)]	Loss: 0.39921772480010986
[2023-05-02 23:14:25] Train Epoch: 1 [16000/20000 (80.0%)]	Loss: 0.3411981761455536
[2023-05-02 23:14:30] Train Epoch: 1 [16800/20000 (84.0%)]	Loss: 0.22298257052898407
[2023-05-02 23:14:36] Train Epoch: 1 [17600/20000 (88.0%)]	Loss: 0.30872249603271484
[2023-05-02 23:14:41] Train Epoch: 1 [18400/20000 (92.0%)]	Loss: 0.3522070646286011
[2023-05-02 23:14:46] Train Epoch: 1 [19200/20000 (96.0%)]	Loss: 0.2886185348033905
[2023-05-02 23:15:12] ========== Metrics ==========
[2023-05-02 23:15:12] {
  "tr_loss": 0.4427685196584005,
  "tr_acc": 0.7941794179417941,
  "tr_f1": 0.7942,
  "val_loss": 0.3606595120944187,
  "val_acc": 0.8463314976017055,
  "val_f1": 0.8420091324200913,
  "test_loss": 0.335124145355328,
  "test_acc": 0.8617886178861789,
  "test_f1": 0.8555240793201133
}
[2023-05-02 23:15:12] ========== Metrics ==========
[2023-05-02 23:15:13] Train Epoch: 2 [0/20000 (0.0%)]	Loss: 0.2829614579677582
[2023-05-02 23:15:20] Train Epoch: 2 [800/20000 (4.0%)]	Loss: 0.24172081053256989
[2023-05-02 23:15:26] Train Epoch: 2 [1600/20000 (8.0%)]	Loss: 0.45157110691070557
[2023-05-02 23:15:31] Train Epoch: 2 [2400/20000 (12.0%)]	Loss: 0.14818894863128662
[2023-05-02 23:15:37] Train Epoch: 2 [3200/20000 (16.0%)]	Loss: 0.3612446188926697
[2023-05-02 23:15:43] Train Epoch: 2 [4000/20000 (20.0%)]	Loss: 0.4110237956047058
[2023-05-02 23:15:48] Train Epoch: 2 [4800/20000 (24.0%)]	Loss: 0.17694534361362457
[2023-05-02 23:15:54] Train Epoch: 2 [5600/20000 (28.0%)]	Loss: 0.10964363813400269
[2023-05-02 23:16:00] Train Epoch: 2 [6400/20000 (32.0%)]	Loss: 0.3261481523513794
[2023-05-02 23:16:05] Train Epoch: 2 [7200/20000 (36.0%)]	Loss: 0.27045938372612
[2023-05-02 23:16:11] Train Epoch: 2 [8000/20000 (40.0%)]	Loss: 0.13473965227603912
[2023-05-02 23:16:16] Train Epoch: 2 [8800/20000 (44.0%)]	Loss: 0.16714833676815033
[2023-05-02 23:16:22] Train Epoch: 2 [9600/20000 (48.0%)]	Loss: 0.352230966091156
[2023-05-02 23:16:27] Train Epoch: 2 [10400/20000 (52.0%)]	Loss: 0.07830245047807693
[2023-05-02 23:16:33] Train Epoch: 2 [11200/20000 (56.0%)]	Loss: 0.3611488342285156
[2023-05-02 23:16:38] Train Epoch: 2 [12000/20000 (60.0%)]	Loss: 0.28953295946121216
[2023-05-02 23:16:43] Train Epoch: 2 [12800/20000 (64.0%)]	Loss: 0.28527289628982544
[2023-05-02 23:16:49] Train Epoch: 2 [13600/20000 (68.0%)]	Loss: 0.13706260919570923
[2023-05-02 23:16:55] Train Epoch: 2 [14400/20000 (72.0%)]	Loss: 0.07897459715604782
[2023-05-02 23:17:00] Train Epoch: 2 [15200/20000 (76.0%)]	Loss: 0.1218210980296135
[2023-05-02 23:17:06] Train Epoch: 2 [16000/20000 (80.0%)]	Loss: 0.2699960470199585
[2023-05-02 23:17:11] Train Epoch: 2 [16800/20000 (84.0%)]	Loss: 0.561941385269165
[2023-05-02 23:17:16] Train Epoch: 2 [17600/20000 (88.0%)]	Loss: 0.3073178827762604
[2023-05-02 23:17:22] Train Epoch: 2 [18400/20000 (92.0%)]	Loss: 0.08249502629041672
[2023-05-02 23:17:27] Train Epoch: 2 [19200/20000 (96.0%)]	Loss: 0.20536620914936066
[2023-05-02 23:17:51] ========== Metrics ==========
[2023-05-02 23:17:51] {
  "tr_loss": 0.25125681143580036,
  "tr_acc": 0.8983398339833983,
  "tr_f1": 0.8983144100435152,
  "val_loss": 0.3481125503190776,
  "val_acc": 0.8536152069639368,
  "val_f1": 0.8543140028288544,
  "test_loss": 0.32270836959363325,
  "test_acc": 0.8536585365853658,
  "test_f1": 0.848314606741573
}
[2023-05-02 23:17:51] ========== Metrics ==========
[2023-05-02 23:17:53] Train Epoch: 3 [0/20000 (0.0%)]	Loss: 0.2574678361415863
[2023-05-02 23:17:59] Train Epoch: 3 [800/20000 (4.0%)]	Loss: 0.15520799160003662
[2023-05-02 23:18:05] Train Epoch: 3 [1600/20000 (8.0%)]	Loss: 0.2521767020225525
[2023-05-02 23:18:11] Train Epoch: 3 [2400/20000 (12.0%)]	Loss: 0.025637323036789894
[2023-05-02 23:18:17] Train Epoch: 3 [3200/20000 (16.0%)]	Loss: 0.7884688377380371
[2023-05-02 23:18:22] Train Epoch: 3 [4000/20000 (20.0%)]	Loss: 0.06084679067134857
[2023-05-02 23:18:28] Train Epoch: 3 [4800/20000 (24.0%)]	Loss: 0.11114991456270218
[2023-05-02 23:18:33] Train Epoch: 3 [5600/20000 (28.0%)]	Loss: 0.28249233961105347
[2023-05-02 23:18:39] Train Epoch: 3 [6400/20000 (32.0%)]	Loss: 0.23779577016830444
[2023-05-02 23:18:44] Train Epoch: 3 [7200/20000 (36.0%)]	Loss: 0.02885170467197895
[2023-05-02 23:18:50] Train Epoch: 3 [8000/20000 (40.0%)]	Loss: 0.1066736951470375
[2023-05-02 23:18:55] Train Epoch: 3 [8800/20000 (44.0%)]	Loss: 0.1424400806427002
[2023-05-02 23:19:01] Train Epoch: 3 [9600/20000 (48.0%)]	Loss: 0.10777142643928528
[2023-05-02 23:19:06] Train Epoch: 3 [10400/20000 (52.0%)]	Loss: 0.06715147197246552
[2023-05-02 23:19:12] Train Epoch: 3 [11200/20000 (56.0%)]	Loss: 0.06147049739956856
[2023-05-02 23:19:17] Train Epoch: 3 [12000/20000 (60.0%)]	Loss: 0.07643920928239822
[2023-05-02 23:19:23] Train Epoch: 3 [12800/20000 (64.0%)]	Loss: 0.06045640632510185
[2023-05-02 23:19:28] Train Epoch: 3 [13600/20000 (68.0%)]	Loss: 0.038284916430711746
[2023-05-02 23:19:34] Train Epoch: 3 [14400/20000 (72.0%)]	Loss: 0.034716323018074036
[2023-05-02 23:19:39] Train Epoch: 3 [15200/20000 (76.0%)]	Loss: 0.055380597710609436
[2023-05-02 23:19:45] Train Epoch: 3 [16000/20000 (80.0%)]	Loss: 0.14148317277431488
[2023-05-02 23:19:50] Train Epoch: 3 [16800/20000 (84.0%)]	Loss: 0.022125860676169395
[2023-05-02 23:19:56] Train Epoch: 3 [17600/20000 (88.0%)]	Loss: 0.12788325548171997
[2023-05-02 23:20:01] Train Epoch: 3 [18400/20000 (92.0%)]	Loss: 0.0425986610352993
[2023-05-02 23:20:06] Train Epoch: 3 [19200/20000 (96.0%)]	Loss: 0.10970275104045868
[2023-05-02 23:20:31] ========== Metrics ==========
[2023-05-02 23:20:31] {
  "tr_loss": 0.12296336424192472,
  "tr_acc": 0.9564956495649565,
  "tr_f1": 0.9565086982603478,
  "val_loss": 0.4712550666631274,
  "val_acc": 0.836560667969444,
  "val_f1": 0.8457411133467472,
  "test_loss": 0.4197719056855857,
  "test_acc": 0.8401084010840109,
  "test_f1": 0.8467532467532468
}
[2023-05-02 23:20:31] ========== Metrics ==========
[2023-05-02 23:20:32] Train Epoch: 4 [0/20000 (0.0%)]	Loss: 0.009641150012612343
[2023-05-02 23:20:39] Train Epoch: 4 [800/20000 (4.0%)]	Loss: 0.03361243009567261
[2023-05-02 23:20:45] Train Epoch: 4 [1600/20000 (8.0%)]	Loss: 0.0057978848926723
[2023-05-02 23:20:51] Train Epoch: 4 [2400/20000 (12.0%)]	Loss: 0.01989109255373478
[2023-05-02 23:20:57] Train Epoch: 4 [3200/20000 (16.0%)]	Loss: 0.008885898627340794
[2023-05-02 23:21:02] Train Epoch: 4 [4000/20000 (20.0%)]	Loss: 0.01216038130223751
[2023-05-02 23:21:08] Train Epoch: 4 [4800/20000 (24.0%)]	Loss: 0.3113534450531006
[2023-05-02 23:21:13] Train Epoch: 4 [5600/20000 (28.0%)]	Loss: 0.008274571038782597
[2023-05-02 23:21:19] Train Epoch: 4 [6400/20000 (32.0%)]	Loss: 0.0262529868632555
[2023-05-02 23:21:24] Train Epoch: 4 [7200/20000 (36.0%)]	Loss: 0.04554421454668045
[2023-05-02 23:21:30] Train Epoch: 4 [8000/20000 (40.0%)]	Loss: 0.0013908589025959373
[2023-05-02 23:21:35] Train Epoch: 4 [8800/20000 (44.0%)]	Loss: 0.0013240963453426957
[2023-05-02 23:21:41] Train Epoch: 4 [9600/20000 (48.0%)]	Loss: 0.012191321700811386
[2023-05-02 23:21:46] Train Epoch: 4 [10400/20000 (52.0%)]	Loss: 0.010399479418992996
[2023-05-02 23:21:52] Train Epoch: 4 [11200/20000 (56.0%)]	Loss: 0.004140366334468126
[2023-05-02 23:21:57] Train Epoch: 4 [12000/20000 (60.0%)]	Loss: 0.0014568427577614784
[2023-05-02 23:22:03] Train Epoch: 4 [12800/20000 (64.0%)]	Loss: 0.0005771483993157744
[2023-05-02 23:22:08] Train Epoch: 4 [13600/20000 (68.0%)]	Loss: 0.018495604395866394
[2023-05-02 23:22:14] Train Epoch: 4 [14400/20000 (72.0%)]	Loss: 0.0021806214936077595
[2023-05-02 23:22:19] Train Epoch: 4 [15200/20000 (76.0%)]	Loss: 0.004981379956007004
[2023-05-02 23:22:25] Train Epoch: 4 [16000/20000 (80.0%)]	Loss: 0.006267691031098366
[2023-05-02 23:22:30] Train Epoch: 4 [16800/20000 (84.0%)]	Loss: 0.034076400101184845
[2023-05-02 23:22:35] Train Epoch: 4 [17600/20000 (88.0%)]	Loss: 0.14149251580238342
[2023-05-02 23:22:41] Train Epoch: 4 [18400/20000 (92.0%)]	Loss: 0.005985192954540253
[2023-05-02 23:22:46] Train Epoch: 4 [19200/20000 (96.0%)]	Loss: 0.01657647266983986
[2023-05-02 23:23:11] ========== Metrics ==========
[2023-05-02 23:23:11] {
  "tr_loss": 0.04226342592210631,
  "tr_acc": 0.9860986098609861,
  "tr_f1": 0.9860972194438887,
  "val_loss": 0.8749154378969581,
  "val_acc": 0.8317640788772428,
  "val_f1": 0.8241411327762302,
  "test_loss": 0.7039914843512745,
  "test_acc": 0.8617886178861789,
  "test_f1": 0.8555240793201133
}
[2023-05-02 23:23:11] ========== Metrics ==========
[2023-05-02 23:23:12] Train Epoch: 5 [0/20000 (0.0%)]	Loss: 4.180610994808376e-05
[2023-05-02 23:23:19] Train Epoch: 5 [800/20000 (4.0%)]	Loss: 0.037595804780721664
[2023-05-02 23:23:25] Train Epoch: 5 [1600/20000 (8.0%)]	Loss: 0.023371128365397453
[2023-05-02 23:23:30] Train Epoch: 5 [2400/20000 (12.0%)]	Loss: 5.904386853217147e-05
[2023-05-02 23:23:36] Train Epoch: 5 [3200/20000 (16.0%)]	Loss: 0.0006287058931775391
[2023-05-02 23:23:42] Train Epoch: 5 [4000/20000 (20.0%)]	Loss: 0.00012884687748737633
[2023-05-02 23:23:47] Train Epoch: 5 [4800/20000 (24.0%)]	Loss: 0.00047616002848371863
[2023-05-02 23:23:53] Train Epoch: 5 [5600/20000 (28.0%)]	Loss: 0.0010244948789477348
[2023-05-02 23:23:58] Train Epoch: 5 [6400/20000 (32.0%)]	Loss: 0.031518854200839996
[2023-05-02 23:24:04] Train Epoch: 5 [7200/20000 (36.0%)]	Loss: 0.004116277676075697
[2023-05-02 23:24:10] Train Epoch: 5 [8000/20000 (40.0%)]	Loss: 3.764207576750778e-05
[2023-05-02 23:24:15] Train Epoch: 5 [8800/20000 (44.0%)]	Loss: 2.2417050786316395e-05
[2023-05-02 23:24:21] Train Epoch: 5 [9600/20000 (48.0%)]	Loss: 0.01933181658387184
[2023-05-02 23:24:26] Train Epoch: 5 [10400/20000 (52.0%)]	Loss: 0.003482441185042262
[2023-05-02 23:24:32] Train Epoch: 5 [11200/20000 (56.0%)]	Loss: 0.002118318807333708
[2023-05-02 23:24:38] Train Epoch: 5 [12000/20000 (60.0%)]	Loss: 0.009289848618209362
[2023-05-02 23:24:43] Train Epoch: 5 [12800/20000 (64.0%)]	Loss: 0.0015048414934426546
[2023-05-02 23:24:49] Train Epoch: 5 [13600/20000 (68.0%)]	Loss: 0.0001484776148572564
[2023-05-02 23:24:54] Train Epoch: 5 [14400/20000 (72.0%)]	Loss: 0.01610315777361393
[2023-05-02 23:25:00] Train Epoch: 5 [15200/20000 (76.0%)]	Loss: 1.1651969543891028e-05
[2023-05-02 23:25:05] Train Epoch: 5 [16000/20000 (80.0%)]	Loss: 0.008095632307231426
[2023-05-02 23:25:11] Train Epoch: 5 [16800/20000 (84.0%)]	Loss: 0.05261620879173279
[2023-05-02 23:25:16] Train Epoch: 5 [17600/20000 (88.0%)]	Loss: 0.00026696259737946093
[2023-05-02 23:25:22] Train Epoch: 5 [18400/20000 (92.0%)]	Loss: 0.02105758897960186
[2023-05-02 23:25:27] Train Epoch: 5 [19200/20000 (96.0%)]	Loss: 0.01858046092092991
[2023-05-02 23:25:52] ========== Metrics ==========
[2023-05-02 23:25:52] {
  "tr_loss": 0.014427302429337896,
  "tr_acc": 0.9952995299529953,
  "tr_f1": 0.995298589576873,
  "val_loss": 0.9834309709654219,
  "val_acc": 0.836560667969444,
  "val_f1": 0.8387096774193549,
  "test_loss": 0.8956656580876691,
  "test_acc": 0.8373983739837398,
  "test_f1": 0.8378378378378378
}
[2023-05-02 23:25:52] ========== Metrics ==========
[2023-05-02 23:25:54] Train Epoch: 6 [0/20000 (0.0%)]	Loss: 0.00011139772686874494
[2023-05-02 23:26:00] Train Epoch: 6 [800/20000 (4.0%)]	Loss: 0.003652741899713874
[2023-05-02 23:26:06] Train Epoch: 6 [1600/20000 (8.0%)]	Loss: 0.0004466028476599604
[2023-05-02 23:26:12] Train Epoch: 6 [2400/20000 (12.0%)]	Loss: 0.00010921656939899549
[2023-05-02 23:26:18] Train Epoch: 6 [3200/20000 (16.0%)]	Loss: 0.007283641956746578
[2023-05-02 23:26:23] Train Epoch: 6 [4000/20000 (20.0%)]	Loss: 0.00048305923701263964
[2023-05-02 23:26:29] Train Epoch: 6 [4800/20000 (24.0%)]	Loss: 0.026764661073684692
[2023-05-02 23:26:35] Train Epoch: 6 [5600/20000 (28.0%)]	Loss: 2.0166520698694512e-05
[2023-05-02 23:26:40] Train Epoch: 6 [6400/20000 (32.0%)]	Loss: 2.7260277420282364e-05
[2023-05-02 23:26:46] Train Epoch: 6 [7200/20000 (36.0%)]	Loss: 0.0022025846410542727
[2023-05-02 23:26:51] Train Epoch: 6 [8000/20000 (40.0%)]	Loss: 0.0007635234505869448
[2023-05-02 23:26:57] Train Epoch: 6 [8800/20000 (44.0%)]	Loss: 1.4356466635945253e-05
[2023-05-02 23:27:03] Train Epoch: 6 [9600/20000 (48.0%)]	Loss: 9.275721822632477e-06
[2023-05-02 23:27:08] Train Epoch: 6 [10400/20000 (52.0%)]	Loss: 0.00023387678083963692
[2023-05-02 23:27:14] Train Epoch: 6 [11200/20000 (56.0%)]	Loss: 4.122490281588398e-05
[2023-05-02 23:27:19] Train Epoch: 6 [12000/20000 (60.0%)]	Loss: 5.298974792822264e-05
[2023-05-02 23:27:25] Train Epoch: 6 [12800/20000 (64.0%)]	Loss: 8.256669389083982e-05
[2023-05-02 23:27:30] Train Epoch: 6 [13600/20000 (68.0%)]	Loss: 0.000752546067815274
[2023-05-02 23:27:36] Train Epoch: 6 [14400/20000 (72.0%)]	Loss: 4.716153853223659e-06
[2023-05-02 23:27:41] Train Epoch: 6 [15200/20000 (76.0%)]	Loss: 4.652847201214172e-05
[2023-05-02 23:27:46] Train Epoch: 6 [16000/20000 (80.0%)]	Loss: 0.00017162109725177288
[2023-05-02 23:27:52] Train Epoch: 6 [16800/20000 (84.0%)]	Loss: 1.1637450370471925e-05
[2023-05-02 23:27:57] Train Epoch: 6 [17600/20000 (88.0%)]	Loss: 0.0025709588080644608
[2023-05-02 23:28:03] Train Epoch: 6 [18400/20000 (92.0%)]	Loss: 0.01599348895251751
[2023-05-02 23:28:08] Train Epoch: 6 [19200/20000 (96.0%)]	Loss: 0.0009338874369859695
[2023-05-02 23:28:33] ========== Metrics ==========
[2023-05-02 23:28:33] {
  "tr_loss": 0.0024355626474829328,
  "tr_acc": 0.9992999299929993,
  "tr_f1": 0.9992999299929993,
  "val_loss": 1.155260291955247,
  "val_acc": 0.8358500621780067,
  "val_f1": 0.8365758754863813,
  "test_loss": 1.014823482616686,
  "test_acc": 0.8346883468834688,
  "test_f1": 0.8346883468834688
}
[2023-05-02 23:28:33] ========== Metrics ==========
[2023-05-02 23:28:34] Train Epoch: 7 [0/20000 (0.0%)]	Loss: 0.00033331161830574274
[2023-05-02 23:28:41] Train Epoch: 7 [800/20000 (4.0%)]	Loss: 6.692860915791243e-05
[2023-05-02 23:28:47] Train Epoch: 7 [1600/20000 (8.0%)]	Loss: 9.080979361897334e-05
[2023-05-02 23:28:52] Train Epoch: 7 [2400/20000 (12.0%)]	Loss: 0.00010921929788310081
[2023-05-02 23:28:58] Train Epoch: 7 [3200/20000 (16.0%)]	Loss: 0.00010677731188479811
[2023-05-02 23:29:04] Train Epoch: 7 [4000/20000 (20.0%)]	Loss: 0.00012717593926936388
[2023-05-02 23:29:09] Train Epoch: 7 [4800/20000 (24.0%)]	Loss: 0.0006970580434426665
[2023-05-02 23:29:15] Train Epoch: 7 [5600/20000 (28.0%)]	Loss: 4.850216646445915e-05
[2023-05-02 23:29:21] Train Epoch: 7 [6400/20000 (32.0%)]	Loss: 0.002214286243543029
[2023-05-02 23:29:26] Train Epoch: 7 [7200/20000 (36.0%)]	Loss: 0.0015042803715914488
[2023-05-02 23:29:32] Train Epoch: 7 [8000/20000 (40.0%)]	Loss: 8.541312126908451e-05
[2023-05-02 23:29:37] Train Epoch: 7 [8800/20000 (44.0%)]	Loss: 8.932622222346254e-06
[2023-05-02 23:29:43] Train Epoch: 7 [9600/20000 (48.0%)]	Loss: 1.8960370653076097e-05
[2023-05-02 23:29:48] Train Epoch: 7 [10400/20000 (52.0%)]	Loss: 6.5414519667683635e-06
[2023-05-02 23:29:54] Train Epoch: 7 [11200/20000 (56.0%)]	Loss: 5.401528596848948e-06
[2023-05-02 23:29:59] Train Epoch: 7 [12000/20000 (60.0%)]	Loss: 8.021543180802837e-05
[2023-05-02 23:30:05] Train Epoch: 7 [12800/20000 (64.0%)]	Loss: 9.618345757189672e-06
[2023-05-02 23:30:10] Train Epoch: 7 [13600/20000 (68.0%)]	Loss: 1.1428372090449557e-05
[2023-05-02 23:30:16] Train Epoch: 7 [14400/20000 (72.0%)]	Loss: 0.0003034784458577633
[2023-05-02 23:30:21] Train Epoch: 7 [15200/20000 (76.0%)]	Loss: 0.001113691134378314
[2023-05-02 23:30:27] Train Epoch: 7 [16000/20000 (80.0%)]	Loss: 4.237256507622078e-05
[2023-05-02 23:30:32] Train Epoch: 7 [16800/20000 (84.0%)]	Loss: 0.0001071911392500624
[2023-05-02 23:30:38] Train Epoch: 7 [17600/20000 (88.0%)]	Loss: 1.4975602198319393e-06
[2023-05-02 23:30:43] Train Epoch: 7 [18400/20000 (92.0%)]	Loss: 1.5295418052119203e-05
[2023-05-02 23:30:49] Train Epoch: 7 [19200/20000 (96.0%)]	Loss: 1.214330222865101e-05
[2023-05-02 23:31:14] ========== Metrics ==========
[2023-05-02 23:31:14] {
  "tr_loss": 0.0009682752567792389,
  "tr_acc": 0.9997999799979999,
  "tr_f1": 0.9997999799979999,
  "val_loss": 1.2944549927263163,
  "val_acc": 0.8351394563865695,
  "val_f1": 0.8364469510045822,
  "test_loss": 1.122159286539719,
  "test_acc": 0.8346883468834688,
  "test_f1": 0.8355795148247979
}
[2023-05-02 23:31:14] ========== Metrics ==========
[2023-05-02 23:31:15] Train Epoch: 8 [0/20000 (0.0%)]	Loss: 0.00018922828894574195
[2023-05-02 23:31:22] Train Epoch: 8 [800/20000 (4.0%)]	Loss: 0.000175015302374959
[2023-05-02 23:31:28] Train Epoch: 8 [1600/20000 (8.0%)]	Loss: 3.662016388261691e-05
[2023-05-02 23:31:34] Train Epoch: 8 [2400/20000 (12.0%)]	Loss: 5.960451403552725e-07
[2023-05-02 23:31:39] Train Epoch: 8 [3200/20000 (16.0%)]	Loss: 6.20616992819123e-06
[2023-05-02 23:31:45] Train Epoch: 8 [4000/20000 (20.0%)]	Loss: 9.569680696586147e-05
[2023-05-02 23:31:51] Train Epoch: 8 [4800/20000 (24.0%)]	Loss: 1.699308631941676e-05
[2023-05-02 23:31:56] Train Epoch: 8 [5600/20000 (28.0%)]	Loss: 1.7881384906104358e-07
[2023-05-02 23:32:02] Train Epoch: 8 [6400/20000 (32.0%)]	Loss: 5.967809556750581e-06
[2023-05-02 23:32:08] Train Epoch: 8 [7200/20000 (36.0%)]	Loss: 5.006677383789793e-06
[2023-05-02 23:32:13] Train Epoch: 8 [8000/20000 (40.0%)]	Loss: 3.121745521639241e-06
[2023-05-02 23:32:19] Train Epoch: 8 [8800/20000 (44.0%)]	Loss: 0.00040311430348083377
[2023-05-02 23:32:24] Train Epoch: 8 [9600/20000 (48.0%)]	Loss: 1.9756453184527345e-05
[2023-05-02 23:32:30] Train Epoch: 8 [10400/20000 (52.0%)]	Loss: 7.398142770398408e-06
[2023-05-02 23:32:35] Train Epoch: 8 [11200/20000 (56.0%)]	Loss: 3.5985897284263046e-06
[2023-05-02 23:32:41] Train Epoch: 8 [12000/20000 (60.0%)]	Loss: 0.00041445397073403
[2023-05-02 23:32:46] Train Epoch: 8 [12800/20000 (64.0%)]	Loss: 0.00012349270400591195
[2023-05-02 23:32:52] Train Epoch: 8 [13600/20000 (68.0%)]	Loss: 7.919600648165215e-06
[2023-05-02 23:32:57] Train Epoch: 8 [14400/20000 (72.0%)]	Loss: 2.372614289924968e-05
[2023-05-02 23:33:03] Train Epoch: 8 [15200/20000 (76.0%)]	Loss: 6.1712613387499e-05
[2023-05-02 23:33:08] Train Epoch: 8 [16000/20000 (80.0%)]	Loss: 1.9138253264827654e-05
[2023-05-02 23:33:14] Train Epoch: 8 [16800/20000 (84.0%)]	Loss: 3.0063503800192848e-05
[2023-05-02 23:33:19] Train Epoch: 8 [17600/20000 (88.0%)]	Loss: 0.001154871191829443
[2023-05-02 23:33:25] Train Epoch: 8 [18400/20000 (92.0%)]	Loss: 3.054734634133638e-07
[2023-05-02 23:33:30] Train Epoch: 8 [19200/20000 (96.0%)]	Loss: 0.00013479242625180632
[2023-05-02 23:33:52] Stop At epoch 8/20 due to valid not increase
[2023-05-02 23:33:55] ========== Metrics ==========
[2023-05-02 23:33:55] {
  "tr_loss": 0.00042436328589266363,
  "tr_acc": 0.9998999899989999,
  "tr_f1": 0.9998999899989999,
  "val_loss": 1.4595624206809046,
  "val_acc": 0.8353171078344288,
  "val_f1": 0.8365943945002643,
  "test_loss": 1.266200952928483,
  "test_acc": 0.8319783197831978,
  "test_f1": 0.8333333333333333
}
[2023-05-02 23:33:55] ========== Metrics ==========
