[2023-05-03 18:00:03] Train Epoch: 1 [0/20000 (0.0%)]	Loss: 0.6865642070770264
[2023-05-03 18:00:11] Train Epoch: 1 [800/20000 (4.0%)]	Loss: 0.589586079120636
[2023-05-03 18:00:18] Train Epoch: 1 [1600/20000 (8.0%)]	Loss: 0.5385487675666809
[2023-05-03 18:00:26] Train Epoch: 1 [2400/20000 (12.0%)]	Loss: 0.44441863894462585
[2023-05-03 18:00:33] Train Epoch: 1 [3200/20000 (16.0%)]	Loss: 0.6462454795837402
[2023-05-03 18:00:40] Train Epoch: 1 [4000/20000 (20.0%)]	Loss: 0.4137071371078491
[2023-05-03 18:00:47] Train Epoch: 1 [4800/20000 (24.0%)]	Loss: 0.5171482563018799
[2023-05-03 18:00:54] Train Epoch: 1 [5600/20000 (28.0%)]	Loss: 0.38619881868362427
[2023-05-03 18:01:02] Train Epoch: 1 [6400/20000 (32.0%)]	Loss: 0.7009283900260925
[2023-05-03 18:01:09] Train Epoch: 1 [7200/20000 (36.0%)]	Loss: 0.38677388429641724
[2023-05-03 18:01:17] Train Epoch: 1 [8000/20000 (40.0%)]	Loss: 0.5191813707351685
[2023-05-03 18:01:24] Train Epoch: 1 [8800/20000 (44.0%)]	Loss: 0.41999560594558716
[2023-05-03 18:01:31] Train Epoch: 1 [9600/20000 (48.0%)]	Loss: 0.16873644292354584
[2023-05-03 18:01:39] Train Epoch: 1 [10400/20000 (52.0%)]	Loss: 0.41012653708457947
[2023-05-03 18:01:46] Train Epoch: 1 [11200/20000 (56.0%)]	Loss: 0.3209054470062256
[2023-05-03 18:01:53] Train Epoch: 1 [12000/20000 (60.0%)]	Loss: 0.3840923607349396
[2023-05-03 18:02:00] Train Epoch: 1 [12800/20000 (64.0%)]	Loss: 0.42979028820991516
[2023-05-03 18:02:07] Train Epoch: 1 [13600/20000 (68.0%)]	Loss: 0.36937588453292847
[2023-05-03 18:02:14] Train Epoch: 1 [14400/20000 (72.0%)]	Loss: 0.4044587016105652
[2023-05-03 18:02:21] Train Epoch: 1 [15200/20000 (76.0%)]	Loss: 0.31990963220596313
[2023-05-03 18:02:28] Train Epoch: 1 [16000/20000 (80.0%)]	Loss: 0.3105078339576721
[2023-05-03 18:02:35] Train Epoch: 1 [16800/20000 (84.0%)]	Loss: 0.41291648149490356
[2023-05-03 18:02:42] Train Epoch: 1 [17600/20000 (88.0%)]	Loss: 0.1696094125509262
[2023-05-03 18:02:50] Train Epoch: 1 [18400/20000 (92.0%)]	Loss: 0.25128668546676636
[2023-05-03 18:02:57] Train Epoch: 1 [19200/20000 (96.0%)]	Loss: 0.11826826632022858
[2023-05-03 18:03:29] ========== Metrics ==========
[2023-05-03 18:03:29] {
  "tr_loss": 0.4547984072096003,
  "tr_acc": 0.7928292829282928,
  "tr_f1": 0.793747199681386,
  "val_loss": 0.3850543369385378,
  "val_acc": 0.836560667969444,
  "val_f1": 0.8213592233009709,
  "test_loss": 0.41291585104252265,
  "test_acc": 0.8130081300813008,
  "test_f1": 0.790273556231003
}
[2023-05-03 18:03:29] ========== Metrics ==========
[2023-05-03 18:03:31] Train Epoch: 2 [0/20000 (0.0%)]	Loss: 0.33364707231521606
[2023-05-03 18:03:38] Train Epoch: 2 [800/20000 (4.0%)]	Loss: 0.07263137400150299
[2023-05-03 18:03:45] Train Epoch: 2 [1600/20000 (8.0%)]	Loss: 0.05714666098356247
[2023-05-03 18:03:51] Train Epoch: 2 [2400/20000 (12.0%)]	Loss: 0.37189120054244995
[2023-05-03 18:03:58] Train Epoch: 2 [3200/20000 (16.0%)]	Loss: 0.168882355093956
[2023-05-03 18:04:05] Train Epoch: 2 [4000/20000 (20.0%)]	Loss: 0.269687294960022
[2023-05-03 18:04:12] Train Epoch: 2 [4800/20000 (24.0%)]	Loss: 0.1995152235031128
[2023-05-03 18:04:19] Train Epoch: 2 [5600/20000 (28.0%)]	Loss: 0.23300233483314514
[2023-05-03 18:04:26] Train Epoch: 2 [6400/20000 (32.0%)]	Loss: 0.03062373585999012
[2023-05-03 18:04:32] Train Epoch: 2 [7200/20000 (36.0%)]	Loss: 0.14480505883693695
[2023-05-03 18:04:39] Train Epoch: 2 [8000/20000 (40.0%)]	Loss: 0.19663181900978088
[2023-05-03 18:04:46] Train Epoch: 2 [8800/20000 (44.0%)]	Loss: 0.15650764107704163
[2023-05-03 18:04:52] Train Epoch: 2 [9600/20000 (48.0%)]	Loss: 0.1685846596956253
[2023-05-03 18:04:59] Train Epoch: 2 [10400/20000 (52.0%)]	Loss: 0.16696108877658844
[2023-05-03 18:05:06] Train Epoch: 2 [11200/20000 (56.0%)]	Loss: 0.19062134623527527
[2023-05-03 18:05:13] Train Epoch: 2 [12000/20000 (60.0%)]	Loss: 0.35169970989227295
[2023-05-03 18:05:20] Train Epoch: 2 [12800/20000 (64.0%)]	Loss: 0.054966747760772705
[2023-05-03 18:05:27] Train Epoch: 2 [13600/20000 (68.0%)]	Loss: 0.4043239951133728
[2023-05-03 18:05:34] Train Epoch: 2 [14400/20000 (72.0%)]	Loss: 0.08631908893585205
[2023-05-03 18:05:40] Train Epoch: 2 [15200/20000 (76.0%)]	Loss: 0.1697884202003479
[2023-05-03 18:05:46] Train Epoch: 2 [16000/20000 (80.0%)]	Loss: 0.21351982653141022
[2023-05-03 18:05:53] Train Epoch: 2 [16800/20000 (84.0%)]	Loss: 0.26322996616363525
[2023-05-03 18:06:00] Train Epoch: 2 [17600/20000 (88.0%)]	Loss: 0.46828794479370117
[2023-05-03 18:06:07] Train Epoch: 2 [18400/20000 (92.0%)]	Loss: 0.19132013618946075
[2023-05-03 18:06:14] Train Epoch: 2 [19200/20000 (96.0%)]	Loss: 0.16769416630268097
[2023-05-03 18:06:45] ========== Metrics ==========
[2023-05-03 18:06:45] {
  "tr_loss": 0.25381264365789996,
  "tr_acc": 0.9000400040004001,
  "tr_f1": 0.899914885094878,
  "val_loss": 0.33950815166497783,
  "val_acc": 0.8505951323503287,
  "val_f1": 0.851387170878247,
  "test_loss": 0.3562928774169467,
  "test_acc": 0.8509485094850948,
  "test_f1": 0.8476454293628809
}
[2023-05-03 18:06:45] ========== Metrics ==========
[2023-05-03 18:06:47] Train Epoch: 3 [0/20000 (0.0%)]	Loss: 0.09286212921142578
[2023-05-03 18:06:54] Train Epoch: 3 [800/20000 (4.0%)]	Loss: 0.12874984741210938
[2023-05-03 18:07:01] Train Epoch: 3 [1600/20000 (8.0%)]	Loss: 0.02429751679301262
[2023-05-03 18:07:08] Train Epoch: 3 [2400/20000 (12.0%)]	Loss: 0.19591745734214783
[2023-05-03 18:07:15] Train Epoch: 3 [3200/20000 (16.0%)]	Loss: 0.06109277158975601
[2023-05-03 18:07:22] Train Epoch: 3 [4000/20000 (20.0%)]	Loss: 0.10475980490446091
[2023-05-03 18:07:29] Train Epoch: 3 [4800/20000 (24.0%)]	Loss: 0.18494801223278046
[2023-05-03 18:07:35] Train Epoch: 3 [5600/20000 (28.0%)]	Loss: 0.05338259041309357
[2023-05-03 18:07:43] Train Epoch: 3 [6400/20000 (32.0%)]	Loss: 0.27348190546035767
[2023-05-03 18:07:50] Train Epoch: 3 [7200/20000 (36.0%)]	Loss: 0.30625033378601074
[2023-05-03 18:07:57] Train Epoch: 3 [8000/20000 (40.0%)]	Loss: 0.0871570035815239
[2023-05-03 18:08:03] Train Epoch: 3 [8800/20000 (44.0%)]	Loss: 0.2954637408256531
[2023-05-03 18:08:10] Train Epoch: 3 [9600/20000 (48.0%)]	Loss: 0.11453569680452347
[2023-05-03 18:08:17] Train Epoch: 3 [10400/20000 (52.0%)]	Loss: 0.3393501043319702
[2023-05-03 18:08:24] Train Epoch: 3 [11200/20000 (56.0%)]	Loss: 0.1438118815422058
[2023-05-03 18:08:31] Train Epoch: 3 [12000/20000 (60.0%)]	Loss: 0.7177302837371826
[2023-05-03 18:08:38] Train Epoch: 3 [12800/20000 (64.0%)]	Loss: 0.06384292244911194
[2023-05-03 18:08:44] Train Epoch: 3 [13600/20000 (68.0%)]	Loss: 0.14307789504528046
[2023-05-03 18:08:51] Train Epoch: 3 [14400/20000 (72.0%)]	Loss: 0.41267460584640503
[2023-05-03 18:08:58] Train Epoch: 3 [15200/20000 (76.0%)]	Loss: 0.12291232496500015
[2023-05-03 18:09:05] Train Epoch: 3 [16000/20000 (80.0%)]	Loss: 0.14609557390213013
[2023-05-03 18:09:12] Train Epoch: 3 [16800/20000 (84.0%)]	Loss: 0.042152080684900284
[2023-05-03 18:09:19] Train Epoch: 3 [17600/20000 (88.0%)]	Loss: 0.049467895179986954
[2023-05-03 18:09:25] Train Epoch: 3 [18400/20000 (92.0%)]	Loss: 0.38296234607696533
[2023-05-03 18:09:32] Train Epoch: 3 [19200/20000 (96.0%)]	Loss: 0.03880137950181961
[2023-05-03 18:10:02] ========== Metrics ==========
[2023-05-03 18:10:02] {
  "tr_loss": 0.12636166010530714,
  "tr_acc": 0.9541954195419542,
  "tr_f1": 0.9541954195419542,
  "val_loss": 0.4389245238497279,
  "val_acc": 0.8420678628530822,
  "val_f1": 0.8372093023255814,
  "test_loss": 0.42702112063578757,
  "test_acc": 0.8455284552845529,
  "test_f1": 0.8376068376068376
}
[2023-05-03 18:10:02] ========== Metrics ==========
[2023-05-03 18:10:04] Train Epoch: 4 [0/20000 (0.0%)]	Loss: 0.0496179424226284
[2023-05-03 18:10:11] Train Epoch: 4 [800/20000 (4.0%)]	Loss: 0.07863409072160721
[2023-05-03 18:10:18] Train Epoch: 4 [1600/20000 (8.0%)]	Loss: 0.0016815668204799294
[2023-05-03 18:10:25] Train Epoch: 4 [2400/20000 (12.0%)]	Loss: 0.026981927454471588
[2023-05-03 18:10:32] Train Epoch: 4 [3200/20000 (16.0%)]	Loss: 0.02106439881026745
[2023-05-03 18:10:39] Train Epoch: 4 [4000/20000 (20.0%)]	Loss: 0.0023511711042374372
[2023-05-03 18:10:45] Train Epoch: 4 [4800/20000 (24.0%)]	Loss: 0.18185460567474365
[2023-05-03 18:10:52] Train Epoch: 4 [5600/20000 (28.0%)]	Loss: 0.0011939862743020058
[2023-05-03 18:10:59] Train Epoch: 4 [6400/20000 (32.0%)]	Loss: 0.003311371663585305
[2023-05-03 18:11:06] Train Epoch: 4 [7200/20000 (36.0%)]	Loss: 0.2247600257396698
[2023-05-03 18:11:13] Train Epoch: 4 [8000/20000 (40.0%)]	Loss: 0.0021116575226187706
[2023-05-03 18:11:19] Train Epoch: 4 [8800/20000 (44.0%)]	Loss: 0.00011725989315891638
[2023-05-03 18:11:26] Train Epoch: 4 [9600/20000 (48.0%)]	Loss: 0.00952609907835722
[2023-05-03 18:11:33] Train Epoch: 4 [10400/20000 (52.0%)]	Loss: 0.003372711595147848
[2023-05-03 18:11:40] Train Epoch: 4 [11200/20000 (56.0%)]	Loss: 0.01602170243859291
[2023-05-03 18:11:46] Train Epoch: 4 [12000/20000 (60.0%)]	Loss: 0.013928469270467758
[2023-05-03 18:11:53] Train Epoch: 4 [12800/20000 (64.0%)]	Loss: 0.0005186681519262493
[2023-05-03 18:12:00] Train Epoch: 4 [13600/20000 (68.0%)]	Loss: 0.023507023230195045
[2023-05-03 18:12:07] Train Epoch: 4 [14400/20000 (72.0%)]	Loss: 0.060738109052181244
[2023-05-03 18:12:15] Train Epoch: 4 [15200/20000 (76.0%)]	Loss: 0.1621154248714447
[2023-05-03 18:12:22] Train Epoch: 4 [16000/20000 (80.0%)]	Loss: 0.14603878557682037
[2023-05-03 18:12:29] Train Epoch: 4 [16800/20000 (84.0%)]	Loss: 0.14563708007335663
[2023-05-03 18:12:36] Train Epoch: 4 [17600/20000 (88.0%)]	Loss: 0.005201471969485283
[2023-05-03 18:12:43] Train Epoch: 4 [18400/20000 (92.0%)]	Loss: 0.014506608247756958
[2023-05-03 18:12:50] Train Epoch: 4 [19200/20000 (96.0%)]	Loss: 0.0017110011540353298
[2023-05-03 18:13:21] ========== Metrics ==========
[2023-05-03 18:13:21] {
  "tr_loss": 0.04690767691920743,
  "tr_acc": 0.9845984598459846,
  "tr_f1": 0.9845876701361088,
  "val_loss": 0.7857636140623383,
  "val_acc": 0.823592112275715,
  "val_f1": 0.8359491161407566,
  "test_loss": 0.6689726768631291,
  "test_acc": 0.8346883468834688,
  "test_f1": 0.8423772609819121
}
[2023-05-03 18:13:21] ========== Metrics ==========
[2023-05-03 18:13:23] Train Epoch: 5 [0/20000 (0.0%)]	Loss: 0.0023144434671849012
[2023-05-03 18:13:31] Train Epoch: 5 [800/20000 (4.0%)]	Loss: 0.06459289789199829
[2023-05-03 18:13:38] Train Epoch: 5 [1600/20000 (8.0%)]	Loss: 0.006328863091766834
[2023-05-03 18:13:46] Train Epoch: 5 [2400/20000 (12.0%)]	Loss: 0.0007363577024079859
[2023-05-03 18:13:53] Train Epoch: 5 [3200/20000 (16.0%)]	Loss: 0.016148068010807037
[2023-05-03 18:14:00] Train Epoch: 5 [4000/20000 (20.0%)]	Loss: 0.003855943912640214
[2023-05-03 18:14:07] Train Epoch: 5 [4800/20000 (24.0%)]	Loss: 0.001988578587770462
[2023-05-03 18:14:14] Train Epoch: 5 [5600/20000 (28.0%)]	Loss: 0.008027522824704647
[2023-05-03 18:14:21] Train Epoch: 5 [6400/20000 (32.0%)]	Loss: 0.0007724219467490911
[2023-05-03 18:14:28] Train Epoch: 5 [7200/20000 (36.0%)]	Loss: 0.00015824615547899157
[2023-05-03 18:14:35] Train Epoch: 5 [8000/20000 (40.0%)]	Loss: 0.001993840094655752
[2023-05-03 18:14:42] Train Epoch: 5 [8800/20000 (44.0%)]	Loss: 0.0004555447376333177
[2023-05-03 18:14:49] Train Epoch: 5 [9600/20000 (48.0%)]	Loss: 0.013836484402418137
[2023-05-03 18:14:56] Train Epoch: 5 [10400/20000 (52.0%)]	Loss: 0.009394275024533272
[2023-05-03 18:15:03] Train Epoch: 5 [11200/20000 (56.0%)]	Loss: 0.017198149114847183
[2023-05-03 18:15:10] Train Epoch: 5 [12000/20000 (60.0%)]	Loss: 0.004323664121329784
[2023-05-03 18:15:17] Train Epoch: 5 [12800/20000 (64.0%)]	Loss: 0.002634833101183176
[2023-05-03 18:15:24] Train Epoch: 5 [13600/20000 (68.0%)]	Loss: 0.002392171649262309
[2023-05-03 18:15:31] Train Epoch: 5 [14400/20000 (72.0%)]	Loss: 0.0004134485498070717
[2023-05-03 18:15:38] Train Epoch: 5 [15200/20000 (76.0%)]	Loss: 0.00019223432173021138
[2023-05-03 18:15:46] Train Epoch: 5 [16000/20000 (80.0%)]	Loss: 0.0023418592754751444
[2023-05-03 18:15:53] Train Epoch: 5 [16800/20000 (84.0%)]	Loss: 0.029708797112107277
[2023-05-03 18:16:00] Train Epoch: 5 [17600/20000 (88.0%)]	Loss: 5.04063609696459e-05
[2023-05-03 18:16:07] Train Epoch: 5 [18400/20000 (92.0%)]	Loss: 0.003951804246753454
[2023-05-03 18:16:14] Train Epoch: 5 [19200/20000 (96.0%)]	Loss: 0.003328769700601697
[2023-05-03 18:16:44] ========== Metrics ==========
[2023-05-03 18:16:44] {
  "tr_loss": 0.02032228101452023,
  "tr_acc": 0.993949394939494,
  "tr_f1": 0.9939496974848742,
  "val_loss": 0.9218698157626937,
  "val_acc": 0.8330076390122579,
  "val_f1": 0.8286547575647102,
  "test_loss": 0.8322822008998293,
  "test_acc": 0.8346883468834688,
  "test_f1": 0.8252148997134671
}
[2023-05-03 18:16:44] ========== Metrics ==========
[2023-05-03 18:16:46] Train Epoch: 6 [0/20000 (0.0%)]	Loss: 0.07936257123947144
[2023-05-03 18:16:53] Train Epoch: 6 [800/20000 (4.0%)]	Loss: 0.001249686349183321
[2023-05-03 18:17:00] Train Epoch: 6 [1600/20000 (8.0%)]	Loss: 0.0001685138267930597
[2023-05-03 18:17:07] Train Epoch: 6 [2400/20000 (12.0%)]	Loss: 0.0032482256647199392
[2023-05-03 18:17:15] Train Epoch: 6 [3200/20000 (16.0%)]	Loss: 0.00033996396814472973
[2023-05-03 18:17:22] Train Epoch: 6 [4000/20000 (20.0%)]	Loss: 0.002655568066984415
[2023-05-03 18:17:29] Train Epoch: 6 [4800/20000 (24.0%)]	Loss: 0.0006907175411470234
[2023-05-03 18:17:36] Train Epoch: 6 [5600/20000 (28.0%)]	Loss: 0.00042193918488919735
[2023-05-03 18:17:43] Train Epoch: 6 [6400/20000 (32.0%)]	Loss: 0.0005006507271900773
[2023-05-03 18:17:50] Train Epoch: 6 [7200/20000 (36.0%)]	Loss: 0.00025805208133533597
[2023-05-03 18:17:57] Train Epoch: 6 [8000/20000 (40.0%)]	Loss: 0.00021726646809838712
[2023-05-03 18:18:04] Train Epoch: 6 [8800/20000 (44.0%)]	Loss: 0.00014474386989604682
[2023-05-03 18:18:11] Train Epoch: 6 [9600/20000 (48.0%)]	Loss: 0.001520110759884119
[2023-05-03 18:18:18] Train Epoch: 6 [10400/20000 (52.0%)]	Loss: 0.0014576634857803583
[2023-05-03 18:18:25] Train Epoch: 6 [11200/20000 (56.0%)]	Loss: 0.011368561536073685
[2023-05-03 18:18:32] Train Epoch: 6 [12000/20000 (60.0%)]	Loss: 0.0002601763990242034
[2023-05-03 18:18:40] Train Epoch: 6 [12800/20000 (64.0%)]	Loss: 0.0018272813176736236
[2023-05-03 18:18:47] Train Epoch: 6 [13600/20000 (68.0%)]	Loss: 0.00013045173545833677
[2023-05-03 18:18:54] Train Epoch: 6 [14400/20000 (72.0%)]	Loss: 0.004930953029543161
[2023-05-03 18:19:01] Train Epoch: 6 [15200/20000 (76.0%)]	Loss: 0.0001756401325110346
[2023-05-03 18:19:08] Train Epoch: 6 [16000/20000 (80.0%)]	Loss: 0.004340711981058121
[2023-05-03 18:19:15] Train Epoch: 6 [16800/20000 (84.0%)]	Loss: 0.0004985457635484636
[2023-05-03 18:19:22] Train Epoch: 6 [17600/20000 (88.0%)]	Loss: 0.0008703255443833768
[2023-05-03 18:19:29] Train Epoch: 6 [18400/20000 (92.0%)]	Loss: 0.014288323931396008
[2023-05-03 18:19:36] Train Epoch: 6 [19200/20000 (96.0%)]	Loss: 3.9178223232738674e-05
[2023-05-03 18:20:07] ========== Metrics ==========
[2023-05-03 18:20:07] {
  "tr_loss": 0.009419171885546182,
  "tr_acc": 0.9974497449744975,
  "tr_f1": 0.9974496174426165,
  "val_loss": 0.9287685290689427,
  "val_acc": 0.8354947592822881,
  "val_f1": 0.8351139601139601,
  "test_loss": 0.8684295154199343,
  "test_acc": 0.8319783197831978,
  "test_f1": 0.8296703296703298
}
[2023-05-03 18:20:07] ========== Metrics ==========
[2023-05-03 18:20:08] Train Epoch: 7 [0/20000 (0.0%)]	Loss: 0.008166199550032616
[2023-05-03 18:20:16] Train Epoch: 7 [800/20000 (4.0%)]	Loss: 0.00023329343821387738
[2023-05-03 18:20:24] Train Epoch: 7 [1600/20000 (8.0%)]	Loss: 0.05560813844203949
[2023-05-03 18:20:32] Train Epoch: 7 [2400/20000 (12.0%)]	Loss: 0.028935298323631287
[2023-05-03 18:20:39] Train Epoch: 7 [3200/20000 (16.0%)]	Loss: 5.22819536854513e-05
[2023-05-03 18:20:46] Train Epoch: 7 [4000/20000 (20.0%)]	Loss: 0.0007753733079880476
[2023-05-03 18:20:53] Train Epoch: 7 [4800/20000 (24.0%)]	Loss: 0.0008307323441840708
[2023-05-03 18:21:00] Train Epoch: 7 [5600/20000 (28.0%)]	Loss: 0.00017869245493784547
[2023-05-03 18:21:08] Train Epoch: 7 [6400/20000 (32.0%)]	Loss: 2.918244899774436e-05
[2023-05-03 18:21:15] Train Epoch: 7 [7200/20000 (36.0%)]	Loss: 0.0019554540049284697
[2023-05-03 18:21:22] Train Epoch: 7 [8000/20000 (40.0%)]	Loss: 0.0006937587168067694
[2023-05-03 18:21:29] Train Epoch: 7 [8800/20000 (44.0%)]	Loss: 0.00013595394557341933
[2023-05-03 18:21:36] Train Epoch: 7 [9600/20000 (48.0%)]	Loss: 0.0005998816341161728
[2023-05-03 18:21:43] Train Epoch: 7 [10400/20000 (52.0%)]	Loss: 0.0014734434662386775
[2023-05-03 18:21:50] Train Epoch: 7 [11200/20000 (56.0%)]	Loss: 0.0016877938760444522
[2023-05-03 18:21:57] Train Epoch: 7 [12000/20000 (60.0%)]	Loss: 0.003742172149941325
[2023-05-03 18:22:04] Train Epoch: 7 [12800/20000 (64.0%)]	Loss: 0.0007936452748253942
[2023-05-03 18:22:11] Train Epoch: 7 [13600/20000 (68.0%)]	Loss: 0.00023587171745020896
[2023-05-03 18:22:18] Train Epoch: 7 [14400/20000 (72.0%)]	Loss: 0.0006767776794731617
[2023-05-03 18:22:25] Train Epoch: 7 [15200/20000 (76.0%)]	Loss: 0.0033288770355284214
[2023-05-03 18:22:32] Train Epoch: 7 [16000/20000 (80.0%)]	Loss: 8.131795038934797e-05
[2023-05-03 18:22:39] Train Epoch: 7 [16800/20000 (84.0%)]	Loss: 2.1388786990428343e-05
[2023-05-03 18:22:46] Train Epoch: 7 [17600/20000 (88.0%)]	Loss: 0.00013885558291804045
[2023-05-03 18:22:53] Train Epoch: 7 [18400/20000 (92.0%)]	Loss: 0.0002697384334169328
[2023-05-03 18:23:00] Train Epoch: 7 [19200/20000 (96.0%)]	Loss: 0.00012133770360378549
[2023-05-03 18:23:30] ========== Metrics ==========
[2023-05-03 18:23:30] {
  "tr_loss": 0.006720322453044312,
  "tr_acc": 0.9983998399839984,
  "tr_f1": 0.9984,
  "val_loss": 0.9936805749032431,
  "val_acc": 0.8351394563865695,
  "val_f1": 0.8369068541300527,
  "test_loss": 0.9300250918738319,
  "test_acc": 0.8211382113821138,
  "test_f1": 0.8216216216216217
}
[2023-05-03 18:23:30] ========== Metrics ==========
[2023-05-03 18:23:32] Train Epoch: 8 [0/20000 (0.0%)]	Loss: 0.00023508093727286905
[2023-05-03 18:23:38] Train Epoch: 8 [800/20000 (4.0%)]	Loss: 0.0005460581160150468
[2023-05-03 18:23:46] Train Epoch: 8 [1600/20000 (8.0%)]	Loss: 0.004071156959980726
[2023-05-03 18:23:53] Train Epoch: 8 [2400/20000 (12.0%)]	Loss: 0.0007415713043883443
[2023-05-03 18:24:00] Train Epoch: 8 [3200/20000 (16.0%)]	Loss: 0.0002654289419297129
[2023-05-03 18:24:07] Train Epoch: 8 [4000/20000 (20.0%)]	Loss: 0.0007731762598268688
[2023-05-03 18:24:14] Train Epoch: 8 [4800/20000 (24.0%)]	Loss: 0.0049916161224246025
[2023-05-03 18:24:21] Train Epoch: 8 [5600/20000 (28.0%)]	Loss: 0.0006767456652596593
[2023-05-03 18:24:29] Train Epoch: 8 [6400/20000 (32.0%)]	Loss: 0.02354220673441887
[2023-05-03 18:24:36] Train Epoch: 8 [7200/20000 (36.0%)]	Loss: 0.025208840146660805
[2023-05-03 18:24:43] Train Epoch: 8 [8000/20000 (40.0%)]	Loss: 2.0934954591211863e-05
[2023-05-03 18:24:50] Train Epoch: 8 [8800/20000 (44.0%)]	Loss: 0.48727816343307495
[2023-05-03 18:24:57] Train Epoch: 8 [9600/20000 (48.0%)]	Loss: 0.013254697434604168
[2023-05-03 18:25:04] Train Epoch: 8 [10400/20000 (52.0%)]	Loss: 7.887874380685389e-05
[2023-05-03 18:25:11] Train Epoch: 8 [11200/20000 (56.0%)]	Loss: 0.00024578877491876483
[2023-05-03 18:25:18] Train Epoch: 8 [12000/20000 (60.0%)]	Loss: 3.347072924952954e-05
[2023-05-03 18:25:25] Train Epoch: 8 [12800/20000 (64.0%)]	Loss: 7.441118941642344e-05
[2023-05-03 18:25:32] Train Epoch: 8 [13600/20000 (68.0%)]	Loss: 0.0003438937128521502
[2023-05-03 18:25:39] Train Epoch: 8 [14400/20000 (72.0%)]	Loss: 1.645036718400661e-05
[2023-05-03 18:25:46] Train Epoch: 8 [15200/20000 (76.0%)]	Loss: 0.00034557786420919
[2023-05-03 18:25:53] Train Epoch: 8 [16000/20000 (80.0%)]	Loss: 0.00037280679680407047
[2023-05-03 18:26:00] Train Epoch: 8 [16800/20000 (84.0%)]	Loss: 0.0007655384251847863
[2023-05-03 18:26:07] Train Epoch: 8 [17600/20000 (88.0%)]	Loss: 0.001150627387687564
[2023-05-03 18:26:14] Train Epoch: 8 [18400/20000 (92.0%)]	Loss: 0.0017327596433460712
[2023-05-03 18:26:21] Train Epoch: 8 [19200/20000 (96.0%)]	Loss: 3.149912663502619e-05
[2023-05-03 18:26:49] Stop At epoch 8/20 due to valid not increase
[2023-05-03 18:26:52] ========== Metrics ==========
[2023-05-03 18:26:52] {
  "tr_loss": 0.004716748040250654,
  "tr_acc": 0.9988498849884988,
  "tr_f1": 0.9988497124281072,
  "val_loss": 1.1296561743206561,
  "val_acc": 0.8338958962515545,
  "val_f1": 0.8347764622724863,
  "test_loss": 1.104367052421963,
  "test_acc": 0.8157181571815718,
  "test_f1": 0.8152173913043478
}
[2023-05-03 18:26:52] ========== Metrics ==========
