[2023-05-02 22:53:03] Train Epoch: 1 [0/20000 (0.0%)]	Loss: 0.6938205361366272
[2023-05-02 22:53:08] Train Epoch: 1 [800/20000 (4.0%)]	Loss: 0.6968578696250916
[2023-05-02 22:53:13] Train Epoch: 1 [1600/20000 (8.0%)]	Loss: 0.5290049910545349
[2023-05-02 22:53:18] Train Epoch: 1 [2400/20000 (12.0%)]	Loss: 0.4351586699485779
[2023-05-02 22:53:23] Train Epoch: 1 [3200/20000 (16.0%)]	Loss: 0.7657538652420044
[2023-05-02 22:53:28] Train Epoch: 1 [4000/20000 (20.0%)]	Loss: 0.40260645747184753
[2023-05-02 22:53:33] Train Epoch: 1 [4800/20000 (24.0%)]	Loss: 0.46626973152160645
[2023-05-02 22:53:38] Train Epoch: 1 [5600/20000 (28.0%)]	Loss: 0.7207998037338257
[2023-05-02 22:53:42] Train Epoch: 1 [6400/20000 (32.0%)]	Loss: 0.6107972264289856
[2023-05-02 22:53:47] Train Epoch: 1 [7200/20000 (36.0%)]	Loss: 0.950280487537384
[2023-05-02 22:53:52] Train Epoch: 1 [8000/20000 (40.0%)]	Loss: 0.3254129886627197
[2023-05-02 22:53:57] Train Epoch: 1 [8800/20000 (44.0%)]	Loss: 0.938263475894928
[2023-05-02 22:54:02] Train Epoch: 1 [9600/20000 (48.0%)]	Loss: 0.6699931621551514
[2023-05-02 22:54:07] Train Epoch: 1 [10400/20000 (52.0%)]	Loss: 0.30251049995422363
[2023-05-02 22:54:12] Train Epoch: 1 [11200/20000 (56.0%)]	Loss: 0.8057190775871277
[2023-05-02 22:54:17] Train Epoch: 1 [12000/20000 (60.0%)]	Loss: 0.5878940224647522
[2023-05-02 22:54:22] Train Epoch: 1 [12800/20000 (64.0%)]	Loss: 0.48766446113586426
[2023-05-02 22:54:27] Train Epoch: 1 [13600/20000 (68.0%)]	Loss: 0.5771224498748779
[2023-05-02 22:54:32] Train Epoch: 1 [14400/20000 (72.0%)]	Loss: 0.3887118697166443
[2023-05-02 22:54:37] Train Epoch: 1 [15200/20000 (76.0%)]	Loss: 0.4840514361858368
[2023-05-02 22:54:42] Train Epoch: 1 [16000/20000 (80.0%)]	Loss: 0.4154030680656433
[2023-05-02 22:54:47] Train Epoch: 1 [16800/20000 (84.0%)]	Loss: 0.2740398347377777
[2023-05-02 22:54:52] Train Epoch: 1 [17600/20000 (88.0%)]	Loss: 0.6747998595237732
[2023-05-02 22:54:57] Train Epoch: 1 [18400/20000 (92.0%)]	Loss: 0.23930032551288605
[2023-05-02 22:55:02] Train Epoch: 1 [19200/20000 (96.0%)]	Loss: 0.18854400515556335
[2023-05-02 22:55:24] ========== Metrics ==========
[2023-05-02 22:55:24] {
  "tr_loss": 0.45188022070270095,
  "tr_acc": 0.787028702870287,
  "tr_f1": 0.7887715121757675,
  "val_loss": 0.36835457190545634,
  "val_acc": 0.8468644519452834,
  "val_f1": 0.8452979181622396,
  "test_loss": 0.35779990154876296,
  "test_acc": 0.8590785907859079,
  "test_f1": 0.8555555555555556
}
[2023-05-02 22:55:24] ========== Metrics ==========
[2023-05-02 22:55:25] Train Epoch: 2 [0/20000 (0.0%)]	Loss: 0.2164772003889084
[2023-05-02 22:55:30] Train Epoch: 2 [800/20000 (4.0%)]	Loss: 0.2057454138994217
[2023-05-02 22:55:35] Train Epoch: 2 [1600/20000 (8.0%)]	Loss: 0.1927518993616104
[2023-05-02 22:55:40] Train Epoch: 2 [2400/20000 (12.0%)]	Loss: 0.3414885103702545
[2023-05-02 22:55:45] Train Epoch: 2 [3200/20000 (16.0%)]	Loss: 0.32775986194610596
[2023-05-02 22:55:51] Train Epoch: 2 [4000/20000 (20.0%)]	Loss: 0.3320450484752655
[2023-05-02 22:55:56] Train Epoch: 2 [4800/20000 (24.0%)]	Loss: 0.2867911458015442
[2023-05-02 22:56:01] Train Epoch: 2 [5600/20000 (28.0%)]	Loss: 0.5162985920906067
[2023-05-02 22:56:06] Train Epoch: 2 [6400/20000 (32.0%)]	Loss: 0.3202684819698334
[2023-05-02 22:56:11] Train Epoch: 2 [7200/20000 (36.0%)]	Loss: 0.3117852807044983
[2023-05-02 22:56:16] Train Epoch: 2 [8000/20000 (40.0%)]	Loss: 0.25712940096855164
[2023-05-02 22:56:21] Train Epoch: 2 [8800/20000 (44.0%)]	Loss: 0.14932046830654144
[2023-05-02 22:56:27] Train Epoch: 2 [9600/20000 (48.0%)]	Loss: 0.15113285183906555
[2023-05-02 22:56:32] Train Epoch: 2 [10400/20000 (52.0%)]	Loss: 0.16725169122219086
[2023-05-02 22:56:37] Train Epoch: 2 [11200/20000 (56.0%)]	Loss: 0.23467881977558136
[2023-05-02 22:56:42] Train Epoch: 2 [12000/20000 (60.0%)]	Loss: 0.17890506982803345
[2023-05-02 22:56:47] Train Epoch: 2 [12800/20000 (64.0%)]	Loss: 0.33940932154655457
[2023-05-02 22:56:52] Train Epoch: 2 [13600/20000 (68.0%)]	Loss: 0.20741815865039825
[2023-05-02 22:56:57] Train Epoch: 2 [14400/20000 (72.0%)]	Loss: 0.17576608061790466
[2023-05-02 22:57:02] Train Epoch: 2 [15200/20000 (76.0%)]	Loss: 0.29193833470344543
[2023-05-02 22:57:07] Train Epoch: 2 [16000/20000 (80.0%)]	Loss: 0.13143032789230347
[2023-05-02 22:57:12] Train Epoch: 2 [16800/20000 (84.0%)]	Loss: 0.17779874801635742
[2023-05-02 22:57:17] Train Epoch: 2 [17600/20000 (88.0%)]	Loss: 0.538663387298584
[2023-05-02 22:57:22] Train Epoch: 2 [18400/20000 (92.0%)]	Loss: 0.10285378247499466
[2023-05-02 22:57:27] Train Epoch: 2 [19200/20000 (96.0%)]	Loss: 0.1755041778087616
[2023-05-02 22:57:49] ========== Metrics ==========
[2023-05-02 22:57:49] {
  "tr_loss": 0.2581905480092353,
  "tr_acc": 0.8978897889788979,
  "tr_f1": 0.897715888599479,
  "val_loss": 0.33868419681439965,
  "val_acc": 0.8523716468289216,
  "val_f1": 0.8566994309363682,
  "test_loss": 0.2852641279862179,
  "test_acc": 0.8807588075880759,
  "test_f1": 0.8823529411764706
}
[2023-05-02 22:57:49] ========== Metrics ==========
[2023-05-02 22:57:50] Train Epoch: 3 [0/20000 (0.0%)]	Loss: 0.308937668800354
[2023-05-02 22:57:55] Train Epoch: 3 [800/20000 (4.0%)]	Loss: 0.36370760202407837
[2023-05-02 22:58:00] Train Epoch: 3 [1600/20000 (8.0%)]	Loss: 0.30518102645874023
[2023-05-02 22:58:05] Train Epoch: 3 [2400/20000 (12.0%)]	Loss: 0.01345815323293209
[2023-05-02 22:58:10] Train Epoch: 3 [3200/20000 (16.0%)]	Loss: 0.47029343247413635
[2023-05-02 22:58:15] Train Epoch: 3 [4000/20000 (20.0%)]	Loss: 0.21322481334209442
[2023-05-02 22:58:20] Train Epoch: 3 [4800/20000 (24.0%)]	Loss: 0.1569216102361679
[2023-05-02 22:58:26] Train Epoch: 3 [5600/20000 (28.0%)]	Loss: 0.13667327165603638
[2023-05-02 22:58:31] Train Epoch: 3 [6400/20000 (32.0%)]	Loss: 0.0128902243450284
[2023-05-02 22:58:36] Train Epoch: 3 [7200/20000 (36.0%)]	Loss: 0.4234665036201477
[2023-05-02 22:58:41] Train Epoch: 3 [8000/20000 (40.0%)]	Loss: 0.10276790708303452
[2023-05-02 22:58:46] Train Epoch: 3 [8800/20000 (44.0%)]	Loss: 0.13929307460784912
[2023-05-02 22:58:51] Train Epoch: 3 [9600/20000 (48.0%)]	Loss: 0.08551886677742004
[2023-05-02 22:58:56] Train Epoch: 3 [10400/20000 (52.0%)]	Loss: 0.3466452360153198
[2023-05-02 22:59:01] Train Epoch: 3 [11200/20000 (56.0%)]	Loss: 0.06829297542572021
[2023-05-02 22:59:06] Train Epoch: 3 [12000/20000 (60.0%)]	Loss: 0.017199670895934105
[2023-05-02 22:59:11] Train Epoch: 3 [12800/20000 (64.0%)]	Loss: 0.5708444714546204
[2023-05-02 22:59:16] Train Epoch: 3 [13600/20000 (68.0%)]	Loss: 0.043206002563238144
[2023-05-02 22:59:21] Train Epoch: 3 [14400/20000 (72.0%)]	Loss: 0.1660199612379074
[2023-05-02 22:59:26] Train Epoch: 3 [15200/20000 (76.0%)]	Loss: 0.058822955936193466
[2023-05-02 22:59:31] Train Epoch: 3 [16000/20000 (80.0%)]	Loss: 0.31116732954978943
[2023-05-02 22:59:36] Train Epoch: 3 [16800/20000 (84.0%)]	Loss: 0.009508688934147358
[2023-05-02 22:59:41] Train Epoch: 3 [17600/20000 (88.0%)]	Loss: 0.29652801156044006
[2023-05-02 22:59:46] Train Epoch: 3 [18400/20000 (92.0%)]	Loss: 0.25785207748413086
[2023-05-02 22:59:51] Train Epoch: 3 [19200/20000 (96.0%)]	Loss: 0.045481909066438675
[2023-05-02 23:00:13] ========== Metrics ==========
[2023-05-02 23:00:13] {
  "tr_loss": 0.13076182579764553,
  "tr_acc": 0.9540454045404541,
  "tr_f1": 0.9540890243293201,
  "val_loss": 0.43853439720237336,
  "val_acc": 0.8463314976017055,
  "val_f1": 0.8441160569471977,
  "test_loss": 0.3862169302575956,
  "test_acc": 0.8563685636856369,
  "test_f1": 0.8507042253521127
}
[2023-05-02 23:00:13] ========== Metrics ==========
[2023-05-02 23:00:14] Train Epoch: 4 [0/20000 (0.0%)]	Loss: 0.021514268592000008
[2023-05-02 23:00:19] Train Epoch: 4 [800/20000 (4.0%)]	Loss: 0.0015356714138761163
[2023-05-02 23:00:24] Train Epoch: 4 [1600/20000 (8.0%)]	Loss: 0.021177705377340317
[2023-05-02 23:00:29] Train Epoch: 4 [2400/20000 (12.0%)]	Loss: 0.0055823540315032005
[2023-05-02 23:00:34] Train Epoch: 4 [3200/20000 (16.0%)]	Loss: 0.04587695747613907
[2023-05-02 23:00:39] Train Epoch: 4 [4000/20000 (20.0%)]	Loss: 0.004399551078677177
[2023-05-02 23:00:44] Train Epoch: 4 [4800/20000 (24.0%)]	Loss: 0.0012990664690732956
[2023-05-02 23:00:50] Train Epoch: 4 [5600/20000 (28.0%)]	Loss: 0.03797177970409393
[2023-05-02 23:00:54] Train Epoch: 4 [6400/20000 (32.0%)]	Loss: 0.016838397830724716
[2023-05-02 23:00:59] Train Epoch: 4 [7200/20000 (36.0%)]	Loss: 0.01418907567858696
[2023-05-02 23:01:05] Train Epoch: 4 [8000/20000 (40.0%)]	Loss: 0.0275199543684721
[2023-05-02 23:01:10] Train Epoch: 4 [8800/20000 (44.0%)]	Loss: 0.006510551553219557
[2023-05-02 23:01:15] Train Epoch: 4 [9600/20000 (48.0%)]	Loss: 0.00555712915956974
[2023-05-02 23:01:20] Train Epoch: 4 [10400/20000 (52.0%)]	Loss: 0.43781691789627075
[2023-05-02 23:01:25] Train Epoch: 4 [11200/20000 (56.0%)]	Loss: 0.03898792713880539
[2023-05-02 23:01:30] Train Epoch: 4 [12000/20000 (60.0%)]	Loss: 0.43822377920150757
[2023-05-02 23:01:35] Train Epoch: 4 [12800/20000 (64.0%)]	Loss: 0.002568064723163843
[2023-05-02 23:01:40] Train Epoch: 4 [13600/20000 (68.0%)]	Loss: 0.013173005543649197
[2023-05-02 23:01:45] Train Epoch: 4 [14400/20000 (72.0%)]	Loss: 0.0016938449116423726
[2023-05-02 23:01:50] Train Epoch: 4 [15200/20000 (76.0%)]	Loss: 0.0030860588885843754
[2023-05-02 23:01:55] Train Epoch: 4 [16000/20000 (80.0%)]	Loss: 0.17485082149505615
[2023-05-02 23:02:00] Train Epoch: 4 [16800/20000 (84.0%)]	Loss: 0.0036769367288798094
[2023-05-02 23:02:05] Train Epoch: 4 [17600/20000 (88.0%)]	Loss: 0.005877106450498104
[2023-05-02 23:02:10] Train Epoch: 4 [18400/20000 (92.0%)]	Loss: 0.0034531070850789547
[2023-05-02 23:02:15] Train Epoch: 4 [19200/20000 (96.0%)]	Loss: 0.17202934622764587
[2023-05-02 23:02:37] ========== Metrics ==========
[2023-05-02 23:02:37] {
  "tr_loss": 0.05035818265556804,
  "tr_acc": 0.9840484048404841,
  "tr_f1": 0.984044415545441,
  "val_loss": 0.6864591154520863,
  "val_acc": 0.8317640788772428,
  "val_f1": 0.8225594903503841,
  "test_loss": 0.6348975172220934,
  "test_acc": 0.8346883468834688,
  "test_f1": 0.8242074927953891
}
[2023-05-02 23:02:37] ========== Metrics ==========
[2023-05-02 23:02:38] Train Epoch: 5 [0/20000 (0.0%)]	Loss: 0.004389315843582153
[2023-05-02 23:02:43] Train Epoch: 5 [800/20000 (4.0%)]	Loss: 0.0013114900793880224
[2023-05-02 23:02:48] Train Epoch: 5 [1600/20000 (8.0%)]	Loss: 0.006295100785791874
[2023-05-02 23:02:53] Train Epoch: 5 [2400/20000 (12.0%)]	Loss: 0.0028256168588995934
[2023-05-02 23:02:59] Train Epoch: 5 [3200/20000 (16.0%)]	Loss: 0.00020151969511061907
[2023-05-02 23:03:04] Train Epoch: 5 [4000/20000 (20.0%)]	Loss: 0.001803023973479867
[2023-05-02 23:03:09] Train Epoch: 5 [4800/20000 (24.0%)]	Loss: 0.009722216054797173
[2023-05-02 23:03:14] Train Epoch: 5 [5600/20000 (28.0%)]	Loss: 0.00034059956669807434
[2023-05-02 23:03:19] Train Epoch: 5 [6400/20000 (32.0%)]	Loss: 0.07071441411972046
[2023-05-02 23:03:24] Train Epoch: 5 [7200/20000 (36.0%)]	Loss: 0.04328226298093796
[2023-05-02 23:03:29] Train Epoch: 5 [8000/20000 (40.0%)]	Loss: 0.0014425533590838313
[2023-05-02 23:03:34] Train Epoch: 5 [8800/20000 (44.0%)]	Loss: 0.053222715854644775
[2023-05-02 23:03:39] Train Epoch: 5 [9600/20000 (48.0%)]	Loss: 0.000849517120514065
[2023-05-02 23:03:44] Train Epoch: 5 [10400/20000 (52.0%)]	Loss: 0.005248622968792915
[2023-05-02 23:03:49] Train Epoch: 5 [11200/20000 (56.0%)]	Loss: 0.0977959856390953
[2023-05-02 23:03:54] Train Epoch: 5 [12000/20000 (60.0%)]	Loss: 0.0003710667951963842
[2023-05-02 23:03:59] Train Epoch: 5 [12800/20000 (64.0%)]	Loss: 0.038899198174476624
[2023-05-02 23:04:04] Train Epoch: 5 [13600/20000 (68.0%)]	Loss: 0.012234687805175781
[2023-05-02 23:04:09] Train Epoch: 5 [14400/20000 (72.0%)]	Loss: 0.01858883537352085
[2023-05-02 23:04:14] Train Epoch: 5 [15200/20000 (76.0%)]	Loss: 0.046426285058259964
[2023-05-02 23:04:19] Train Epoch: 5 [16000/20000 (80.0%)]	Loss: 0.07531801611185074
[2023-05-02 23:04:24] Train Epoch: 5 [16800/20000 (84.0%)]	Loss: 0.014181097969412804
[2023-05-02 23:04:29] Train Epoch: 5 [17600/20000 (88.0%)]	Loss: 0.013750252313911915
[2023-05-02 23:04:34] Train Epoch: 5 [18400/20000 (92.0%)]	Loss: 0.0007685220916755497
[2023-05-02 23:04:39] Train Epoch: 5 [19200/20000 (96.0%)]	Loss: 0.0010823487536981702
[2023-05-02 23:05:01] ========== Metrics ==========
[2023-05-02 23:05:01] {
  "tr_loss": 0.01886353056168823,
  "tr_acc": 0.9947494749474948,
  "tr_f1": 0.9947465852804324,
  "val_loss": 0.8522497313439602,
  "val_acc": 0.8266121868893231,
  "val_f1": 0.8245235526788925,
  "test_loss": 0.8331421862444622,
  "test_acc": 0.8130081300813008,
  "test_f1": 0.8056338028169012
}
[2023-05-02 23:05:01] ========== Metrics ==========
[2023-05-02 23:05:03] Train Epoch: 6 [0/20000 (0.0%)]	Loss: 0.0005185746122151613
[2023-05-02 23:05:08] Train Epoch: 6 [800/20000 (4.0%)]	Loss: 0.0005732610006816685
[2023-05-02 23:05:13] Train Epoch: 6 [1600/20000 (8.0%)]	Loss: 0.0025293822400271893
[2023-05-02 23:05:18] Train Epoch: 6 [2400/20000 (12.0%)]	Loss: 0.00025423208717256784
[2023-05-02 23:05:23] Train Epoch: 6 [3200/20000 (16.0%)]	Loss: 0.00014472258044406772
[2023-05-02 23:05:28] Train Epoch: 6 [4000/20000 (20.0%)]	Loss: 0.00042437046067789197
[2023-05-02 23:05:33] Train Epoch: 6 [4800/20000 (24.0%)]	Loss: 0.0015259046340361238
[2023-05-02 23:05:38] Train Epoch: 6 [5600/20000 (28.0%)]	Loss: 0.00022473681019619107
[2023-05-02 23:05:43] Train Epoch: 6 [6400/20000 (32.0%)]	Loss: 0.0002204764896305278
[2023-05-02 23:05:48] Train Epoch: 6 [7200/20000 (36.0%)]	Loss: 0.00012494498514570296
[2023-05-02 23:05:54] Train Epoch: 6 [8000/20000 (40.0%)]	Loss: 7.21692995284684e-05
[2023-05-02 23:05:59] Train Epoch: 6 [8800/20000 (44.0%)]	Loss: 0.00024274505267385393
[2023-05-02 23:06:04] Train Epoch: 6 [9600/20000 (48.0%)]	Loss: 0.0016481210477650166
[2023-05-02 23:06:09] Train Epoch: 6 [10400/20000 (52.0%)]	Loss: 0.00044264187454245985
[2023-05-02 23:06:14] Train Epoch: 6 [11200/20000 (56.0%)]	Loss: 0.0007199168321676552
[2023-05-02 23:06:19] Train Epoch: 6 [12000/20000 (60.0%)]	Loss: 0.002749944571405649
[2023-05-02 23:06:24] Train Epoch: 6 [12800/20000 (64.0%)]	Loss: 0.0001291872758883983
[2023-05-02 23:06:29] Train Epoch: 6 [13600/20000 (68.0%)]	Loss: 0.00031020166352391243
[2023-05-02 23:06:34] Train Epoch: 6 [14400/20000 (72.0%)]	Loss: 0.00043074952554889023
[2023-05-02 23:06:39] Train Epoch: 6 [15200/20000 (76.0%)]	Loss: 0.00014903552073519677
[2023-05-02 23:06:44] Train Epoch: 6 [16000/20000 (80.0%)]	Loss: 0.00011177263513673097
[2023-05-02 23:06:49] Train Epoch: 6 [16800/20000 (84.0%)]	Loss: 0.0012800574768334627
[2023-05-02 23:06:54] Train Epoch: 6 [17600/20000 (88.0%)]	Loss: 0.00014842188102193177
[2023-05-02 23:06:59] Train Epoch: 6 [18400/20000 (92.0%)]	Loss: 0.0006263240939006209
[2023-05-02 23:07:04] Train Epoch: 6 [19200/20000 (96.0%)]	Loss: 0.00019411381799727678
[2023-05-02 23:07:26] ========== Metrics ==========
[2023-05-02 23:07:26] {
  "tr_loss": 0.004218773924897085,
  "tr_acc": 0.9991499149914992,
  "tr_f1": 0.9991498724808722,
  "val_loss": 0.9990851711886337,
  "val_acc": 0.8264345354414638,
  "val_f1": 0.8271102459741637,
  "test_loss": 0.8781980865918602,
  "test_acc": 0.8428184281842819,
  "test_f1": 0.8423913043478262
}
[2023-05-02 23:07:26] ========== Metrics ==========
[2023-05-02 23:07:28] Train Epoch: 7 [0/20000 (0.0%)]	Loss: 0.0001253396039828658
[2023-05-02 23:07:33] Train Epoch: 7 [800/20000 (4.0%)]	Loss: 0.00014896549691911787
[2023-05-02 23:07:38] Train Epoch: 7 [1600/20000 (8.0%)]	Loss: 0.0008696580771356821
[2023-05-02 23:07:43] Train Epoch: 7 [2400/20000 (12.0%)]	Loss: 0.00030958597199060023
[2023-05-02 23:07:48] Train Epoch: 7 [3200/20000 (16.0%)]	Loss: 0.00011796141916420311
[2023-05-02 23:07:53] Train Epoch: 7 [4000/20000 (20.0%)]	Loss: 0.0005482782144099474
[2023-05-02 23:07:58] Train Epoch: 7 [4800/20000 (24.0%)]	Loss: 0.00014563585864380002
[2023-05-02 23:08:03] Train Epoch: 7 [5600/20000 (28.0%)]	Loss: 0.001933808671310544
[2023-05-02 23:08:08] Train Epoch: 7 [6400/20000 (32.0%)]	Loss: 0.00013099168427288532
[2023-05-02 23:08:14] Train Epoch: 7 [7200/20000 (36.0%)]	Loss: 6.523683987325057e-05
[2023-05-02 23:08:19] Train Epoch: 7 [8000/20000 (40.0%)]	Loss: 4.641266423277557e-05
[2023-05-02 23:08:24] Train Epoch: 7 [8800/20000 (44.0%)]	Loss: 3.3503536542411894e-05
[2023-05-02 23:08:29] Train Epoch: 7 [9600/20000 (48.0%)]	Loss: 4.171371620032005e-05
[2023-05-02 23:08:34] Train Epoch: 7 [10400/20000 (52.0%)]	Loss: 0.000251738732913509
[2023-05-02 23:08:39] Train Epoch: 7 [11200/20000 (56.0%)]	Loss: 0.0001195913355331868
[2023-05-02 23:08:44] Train Epoch: 7 [12000/20000 (60.0%)]	Loss: 0.00014912452024873346
[2023-05-02 23:08:49] Train Epoch: 7 [12800/20000 (64.0%)]	Loss: 0.00017462937103118747
[2023-05-02 23:08:54] Train Epoch: 7 [13600/20000 (68.0%)]	Loss: 7.452737190760672e-05
[2023-05-02 23:08:59] Train Epoch: 7 [14400/20000 (72.0%)]	Loss: 5.629780571325682e-05
[2023-05-02 23:09:04] Train Epoch: 7 [15200/20000 (76.0%)]	Loss: 1.7701855540508404e-05
[2023-05-02 23:09:09] Train Epoch: 7 [16000/20000 (80.0%)]	Loss: 0.00017849924915935844
[2023-05-02 23:09:14] Train Epoch: 7 [16800/20000 (84.0%)]	Loss: 4.074659591424279e-05
[2023-05-02 23:09:19] Train Epoch: 7 [17600/20000 (88.0%)]	Loss: 7.435301813529804e-05
[2023-05-02 23:09:24] Train Epoch: 7 [18400/20000 (92.0%)]	Loss: 0.00019292354409117252
[2023-05-02 23:09:29] Train Epoch: 7 [19200/20000 (96.0%)]	Loss: 4.294206519261934e-05
[2023-05-02 23:09:51] ========== Metrics ==========
[2023-05-02 23:09:51] {
  "tr_loss": 0.0025424277188216024,
  "tr_acc": 0.9994499449944995,
  "tr_f1": 0.9994499174876232,
  "val_loss": 1.0160141118171266,
  "val_acc": 0.8259015810978859,
  "val_f1": 0.8245614035087718,
  "test_loss": 1.2383429606755574,
  "test_acc": 0.8373983739837398,
  "test_f1": 0.8342541436464088
}
[2023-05-02 23:09:51] ========== Metrics ==========
[2023-05-02 23:09:53] Train Epoch: 8 [0/20000 (0.0%)]	Loss: 0.0011331809218972921
[2023-05-02 23:09:58] Train Epoch: 8 [800/20000 (4.0%)]	Loss: 2.2753181838197634e-05
[2023-05-02 23:10:03] Train Epoch: 8 [1600/20000 (8.0%)]	Loss: 0.00015516020357608795
[2023-05-02 23:10:08] Train Epoch: 8 [2400/20000 (12.0%)]	Loss: 0.00010485515667824075
[2023-05-02 23:10:13] Train Epoch: 8 [3200/20000 (16.0%)]	Loss: 7.386659854091704e-05
[2023-05-02 23:10:18] Train Epoch: 8 [4000/20000 (20.0%)]	Loss: 0.0003322475531604141
[2023-05-02 23:10:23] Train Epoch: 8 [4800/20000 (24.0%)]	Loss: 0.00024038109404500574
[2023-05-02 23:10:28] Train Epoch: 8 [5600/20000 (28.0%)]	Loss: 7.980893860803917e-05
[2023-05-02 23:10:33] Train Epoch: 8 [6400/20000 (32.0%)]	Loss: 0.00021830073092132807
[2023-05-02 23:10:38] Train Epoch: 8 [7200/20000 (36.0%)]	Loss: 3.067138823098503e-05
[2023-05-02 23:10:43] Train Epoch: 8 [8000/20000 (40.0%)]	Loss: 0.00014393766468856484
[2023-05-02 23:10:48] Train Epoch: 8 [8800/20000 (44.0%)]	Loss: 0.00025211682077497244
[2023-05-02 23:10:53] Train Epoch: 8 [9600/20000 (48.0%)]	Loss: 5.377421621233225e-05
[2023-05-02 23:10:58] Train Epoch: 8 [10400/20000 (52.0%)]	Loss: 3.3361244277330115e-05
[2023-05-02 23:11:04] Train Epoch: 8 [11200/20000 (56.0%)]	Loss: 4.35900547017809e-05
[2023-05-02 23:11:09] Train Epoch: 8 [12000/20000 (60.0%)]	Loss: 1.6628917364869267e-05
[2023-05-02 23:11:14] Train Epoch: 8 [12800/20000 (64.0%)]	Loss: 5.8790647017303854e-05
[2023-05-02 23:11:19] Train Epoch: 8 [13600/20000 (68.0%)]	Loss: 2.3318645617109723e-05
[2023-05-02 23:11:24] Train Epoch: 8 [14400/20000 (72.0%)]	Loss: 2.2893393179401755e-05
[2023-05-02 23:11:29] Train Epoch: 8 [15200/20000 (76.0%)]	Loss: 0.008396635763347149
[2023-05-02 23:11:34] Train Epoch: 8 [16000/20000 (80.0%)]	Loss: 1.821612022467889e-05
[2023-05-02 23:11:39] Train Epoch: 8 [16800/20000 (84.0%)]	Loss: 0.0012469510547816753
[2023-05-02 23:11:44] Train Epoch: 8 [17600/20000 (88.0%)]	Loss: 0.0006202968070283532
[2023-05-02 23:11:49] Train Epoch: 8 [18400/20000 (92.0%)]	Loss: 0.00033773918403312564
[2023-05-02 23:11:54] Train Epoch: 8 [19200/20000 (96.0%)]	Loss: 1.270298525923863e-05
[2023-05-02 23:12:14] Stop At epoch 8/20 due to valid not increase
[2023-05-02 23:12:16] ========== Metrics ==========
[2023-05-02 23:12:16] {
  "tr_loss": 0.0017915781861471021,
  "tr_acc": 0.9996999699969997,
  "tr_f1": 0.9996999699969997,
  "val_loss": 1.0366239699650557,
  "val_acc": 0.8262568839936045,
  "val_f1": 0.8273914578185669,
  "test_loss": 0.9955419709042805,
  "test_acc": 0.8346883468834688,
  "test_f1": 0.8355795148247979
}
[2023-05-02 23:12:16] ========== Metrics ==========
