[2023-05-01 16:55:57] Train Epoch: 1 [0/20000 (0.0%)]	Loss: 0.6869190335273743
[2023-05-01 16:56:04] Train Epoch: 1 [800/20000 (4.0%)]	Loss: 0.5718019604682922
[2023-05-01 16:56:10] Train Epoch: 1 [1600/20000 (8.0%)]	Loss: 0.6821215152740479
[2023-05-01 16:56:17] Train Epoch: 1 [2400/20000 (12.0%)]	Loss: 0.6744899749755859
[2023-05-01 16:56:23] Train Epoch: 1 [3200/20000 (16.0%)]	Loss: 0.6524612307548523
[2023-05-01 16:56:30] Train Epoch: 1 [4000/20000 (20.0%)]	Loss: 0.679194986820221
[2023-05-01 16:56:36] Train Epoch: 1 [4800/20000 (24.0%)]	Loss: 0.6014552712440491
[2023-05-01 16:56:43] Train Epoch: 1 [5600/20000 (28.0%)]	Loss: 0.5710944533348083
[2023-05-01 16:56:49] Train Epoch: 1 [6400/20000 (32.0%)]	Loss: 0.5089404582977295
[2023-05-01 16:56:56] Train Epoch: 1 [7200/20000 (36.0%)]	Loss: 0.37265652418136597
[2023-05-01 16:57:02] Train Epoch: 1 [8000/20000 (40.0%)]	Loss: 0.7639034986495972
[2023-05-01 16:57:09] Train Epoch: 1 [8800/20000 (44.0%)]	Loss: 0.6101980209350586
[2023-05-01 16:57:15] Train Epoch: 1 [9600/20000 (48.0%)]	Loss: 0.5643805861473083
[2023-05-01 16:57:21] Train Epoch: 1 [10400/20000 (52.0%)]	Loss: 0.5892258286476135
[2023-05-01 16:57:28] Train Epoch: 1 [11200/20000 (56.0%)]	Loss: 0.4801972508430481
[2023-05-01 16:57:34] Train Epoch: 1 [12000/20000 (60.0%)]	Loss: 0.4022173285484314
[2023-05-01 16:57:41] Train Epoch: 1 [12800/20000 (64.0%)]	Loss: 0.5738193392753601
[2023-05-01 16:57:47] Train Epoch: 1 [13600/20000 (68.0%)]	Loss: 0.28558963537216187
[2023-05-01 16:57:54] Train Epoch: 1 [14400/20000 (72.0%)]	Loss: 0.38064292073249817
[2023-05-01 16:58:00] Train Epoch: 1 [15200/20000 (76.0%)]	Loss: 0.2063562572002411
[2023-05-01 16:58:07] Train Epoch: 1 [16000/20000 (80.0%)]	Loss: 0.2237665057182312
[2023-05-01 16:58:13] Train Epoch: 1 [16800/20000 (84.0%)]	Loss: 0.5066269040107727
[2023-05-01 16:58:20] Train Epoch: 1 [17600/20000 (88.0%)]	Loss: 0.5614050030708313
[2023-05-01 16:58:26] Train Epoch: 1 [18400/20000 (92.0%)]	Loss: 0.2783418893814087
[2023-05-01 16:58:33] Train Epoch: 1 [19200/20000 (96.0%)]	Loss: 0.38071054220199585
[2023-05-01 16:59:00] ========== Metrics ==========
[2023-05-01 16:59:00] {
  "tr_loss": 0.529989269521549,
  "tr_acc": 0.725922592259226,
  "tr_f1": 0.7282193682749046,
  "val_loss": 0.4177051662530457,
  "val_acc": 0.8143542369870315,
  "val_f1": 0.821641918416112,
  "test_loss": 0.4045102344295843,
  "test_acc": 0.8157181571815718,
  "test_f1": 0.8152173913043478
}
[2023-05-01 16:59:00] ========== Metrics ==========
[2023-05-01 16:59:02] Train Epoch: 2 [0/20000 (0.0%)]	Loss: 0.360827773809433
[2023-05-01 16:59:09] Train Epoch: 2 [800/20000 (4.0%)]	Loss: 0.2704983353614807
[2023-05-01 16:59:15] Train Epoch: 2 [1600/20000 (8.0%)]	Loss: 0.16129107773303986
[2023-05-01 16:59:22] Train Epoch: 2 [2400/20000 (12.0%)]	Loss: 0.30879276990890503
[2023-05-01 16:59:28] Train Epoch: 2 [3200/20000 (16.0%)]	Loss: 0.5482975840568542
[2023-05-01 16:59:35] Train Epoch: 2 [4000/20000 (20.0%)]	Loss: 0.1760815680027008
[2023-05-01 16:59:41] Train Epoch: 2 [4800/20000 (24.0%)]	Loss: 0.3644760847091675
[2023-05-01 16:59:48] Train Epoch: 2 [5600/20000 (28.0%)]	Loss: 0.2473844736814499
[2023-05-01 16:59:55] Train Epoch: 2 [6400/20000 (32.0%)]	Loss: 0.2944704592227936
[2023-05-01 17:00:01] Train Epoch: 2 [7200/20000 (36.0%)]	Loss: 0.4084728956222534
[2023-05-01 17:00:08] Train Epoch: 2 [8000/20000 (40.0%)]	Loss: 0.34947043657302856
[2023-05-01 17:00:14] Train Epoch: 2 [8800/20000 (44.0%)]	Loss: 0.3613055646419525
[2023-05-01 17:00:21] Train Epoch: 2 [9600/20000 (48.0%)]	Loss: 0.38858944177627563
[2023-05-01 17:00:27] Train Epoch: 2 [10400/20000 (52.0%)]	Loss: 0.2877807319164276
[2023-05-01 17:00:34] Train Epoch: 2 [11200/20000 (56.0%)]	Loss: 0.08223982900381088
[2023-05-01 17:00:41] Train Epoch: 2 [12000/20000 (60.0%)]	Loss: 0.21889744699001312
[2023-05-01 17:00:47] Train Epoch: 2 [12800/20000 (64.0%)]	Loss: 0.28131839632987976
[2023-05-01 17:00:53] Train Epoch: 2 [13600/20000 (68.0%)]	Loss: 0.23635585606098175
[2023-05-01 17:01:00] Train Epoch: 2 [14400/20000 (72.0%)]	Loss: 0.28005141019821167
[2023-05-01 17:01:06] Train Epoch: 2 [15200/20000 (76.0%)]	Loss: 0.3041948676109314
[2023-05-01 17:01:13] Train Epoch: 2 [16000/20000 (80.0%)]	Loss: 0.33965593576431274
[2023-05-01 17:01:19] Train Epoch: 2 [16800/20000 (84.0%)]	Loss: 0.4338566064834595
[2023-05-01 17:01:26] Train Epoch: 2 [17600/20000 (88.0%)]	Loss: 0.5457300543785095
[2023-05-01 17:01:32] Train Epoch: 2 [18400/20000 (92.0%)]	Loss: 0.06226605921983719
[2023-05-01 17:01:39] Train Epoch: 2 [19200/20000 (96.0%)]	Loss: 0.31349992752075195
[2023-05-01 17:02:08] ========== Metrics ==========
[2023-05-01 17:02:08] {
  "tr_loss": 0.3347482586225303,
  "tr_acc": 0.8583858385838584,
  "tr_f1": 0.858710836160447,
  "val_loss": 0.3975993151943433,
  "val_acc": 0.8267898383371824,
  "val_f1": 0.8341554686171118,
  "test_loss": 0.3700201225474598,
  "test_acc": 0.8428184281842819,
  "test_f1": 0.8473684210526315
}
[2023-05-01 17:02:08] ========== Metrics ==========
[2023-05-01 17:02:09] Train Epoch: 3 [0/20000 (0.0%)]	Loss: 0.25181376934051514
[2023-05-01 17:02:16] Train Epoch: 3 [800/20000 (4.0%)]	Loss: 0.30959397554397583
[2023-05-01 17:02:23] Train Epoch: 3 [1600/20000 (8.0%)]	Loss: 0.39558491110801697
[2023-05-01 17:02:30] Train Epoch: 3 [2400/20000 (12.0%)]	Loss: 0.14736637473106384
[2023-05-01 17:02:38] Train Epoch: 3 [3200/20000 (16.0%)]	Loss: 0.15478581190109253
[2023-05-01 17:02:44] Train Epoch: 3 [4000/20000 (20.0%)]	Loss: 0.04082688316702843
[2023-05-01 17:02:51] Train Epoch: 3 [4800/20000 (24.0%)]	Loss: 0.46817874908447266
[2023-05-01 17:02:57] Train Epoch: 3 [5600/20000 (28.0%)]	Loss: 0.09732633084058762
[2023-05-01 17:03:04] Train Epoch: 3 [6400/20000 (32.0%)]	Loss: 0.03726574778556824
[2023-05-01 17:03:11] Train Epoch: 3 [7200/20000 (36.0%)]	Loss: 0.17052139341831207
[2023-05-01 17:03:17] Train Epoch: 3 [8000/20000 (40.0%)]	Loss: 0.2603139877319336
[2023-05-01 17:03:24] Train Epoch: 3 [8800/20000 (44.0%)]	Loss: 0.14613373577594757
[2023-05-01 17:03:30] Train Epoch: 3 [9600/20000 (48.0%)]	Loss: 0.07503214478492737
[2023-05-01 17:03:37] Train Epoch: 3 [10400/20000 (52.0%)]	Loss: 0.4329637587070465
[2023-05-01 17:03:44] Train Epoch: 3 [11200/20000 (56.0%)]	Loss: 0.2594917416572571
[2023-05-01 17:03:50] Train Epoch: 3 [12000/20000 (60.0%)]	Loss: 0.27064380049705505
[2023-05-01 17:03:57] Train Epoch: 3 [12800/20000 (64.0%)]	Loss: 0.07134149223566055
[2023-05-01 17:04:04] Train Epoch: 3 [13600/20000 (68.0%)]	Loss: 0.10067510604858398
[2023-05-01 17:04:10] Train Epoch: 3 [14400/20000 (72.0%)]	Loss: 0.1751691699028015
[2023-05-01 17:04:17] Train Epoch: 3 [15200/20000 (76.0%)]	Loss: 0.0745965763926506
[2023-05-01 17:04:24] Train Epoch: 3 [16000/20000 (80.0%)]	Loss: 0.09831859171390533
[2023-05-01 17:04:31] Train Epoch: 3 [16800/20000 (84.0%)]	Loss: 0.1514466106891632
[2023-05-01 17:04:37] Train Epoch: 3 [17600/20000 (88.0%)]	Loss: 0.2356288582086563
[2023-05-01 17:04:44] Train Epoch: 3 [18400/20000 (92.0%)]	Loss: 0.23245176672935486
[2023-05-01 17:04:50] Train Epoch: 3 [19200/20000 (96.0%)]	Loss: 0.111368328332901
[2023-05-01 17:05:18] ========== Metrics ==========
[2023-05-01 17:05:18] {
  "tr_loss": 0.2002558101734968,
  "tr_acc": 0.9223422342234223,
  "tr_f1": 0.922315041768796,
  "val_loss": 0.5357772822139911,
  "val_acc": 0.8221709006928406,
  "val_f1": 0.8274435442165143,
  "test_loss": 0.5084787246980641,
  "test_acc": 0.8102981029810298,
  "test_f1": 0.8138297872340425
}
[2023-05-01 17:05:18] ========== Metrics ==========
[2023-05-01 17:05:19] Train Epoch: 4 [0/20000 (0.0%)]	Loss: 0.018931491300463676
[2023-05-01 17:05:26] Train Epoch: 4 [800/20000 (4.0%)]	Loss: 0.04814331233501434
[2023-05-01 17:05:33] Train Epoch: 4 [1600/20000 (8.0%)]	Loss: 0.04576187580823898
[2023-05-01 17:05:40] Train Epoch: 4 [2400/20000 (12.0%)]	Loss: 0.2578403353691101
[2023-05-01 17:05:46] Train Epoch: 4 [3200/20000 (16.0%)]	Loss: 0.19903218746185303
[2023-05-01 17:05:53] Train Epoch: 4 [4000/20000 (20.0%)]	Loss: 0.1967240422964096
[2023-05-01 17:06:00] Train Epoch: 4 [4800/20000 (24.0%)]	Loss: 0.014382277615368366
[2023-05-01 17:06:07] Train Epoch: 4 [5600/20000 (28.0%)]	Loss: 0.23416368663311005
[2023-05-01 17:06:14] Train Epoch: 4 [6400/20000 (32.0%)]	Loss: 0.18387402594089508
[2023-05-01 17:06:20] Train Epoch: 4 [7200/20000 (36.0%)]	Loss: 0.16540557146072388
[2023-05-01 17:06:27] Train Epoch: 4 [8000/20000 (40.0%)]	Loss: 0.09277386963367462
[2023-05-01 17:06:33] Train Epoch: 4 [8800/20000 (44.0%)]	Loss: 0.1747310310602188
[2023-05-01 17:06:40] Train Epoch: 4 [9600/20000 (48.0%)]	Loss: 0.030804352834820747
[2023-05-01 17:06:46] Train Epoch: 4 [10400/20000 (52.0%)]	Loss: 0.04490930959582329
[2023-05-01 17:06:53] Train Epoch: 4 [11200/20000 (56.0%)]	Loss: 0.008162005804479122
[2023-05-01 17:07:00] Train Epoch: 4 [12000/20000 (60.0%)]	Loss: 0.06386268883943558
[2023-05-01 17:07:06] Train Epoch: 4 [12800/20000 (64.0%)]	Loss: 0.45430824160575867
[2023-05-01 17:07:13] Train Epoch: 4 [13600/20000 (68.0%)]	Loss: 0.08316369354724884
[2023-05-01 17:07:20] Train Epoch: 4 [14400/20000 (72.0%)]	Loss: 0.1257970631122589
[2023-05-01 17:07:26] Train Epoch: 4 [15200/20000 (76.0%)]	Loss: 0.022734113037586212
[2023-05-01 17:07:32] Train Epoch: 4 [16000/20000 (80.0%)]	Loss: 0.288280189037323
[2023-05-01 17:07:39] Train Epoch: 4 [16800/20000 (84.0%)]	Loss: 0.028687680140137672
[2023-05-01 17:07:46] Train Epoch: 4 [17600/20000 (88.0%)]	Loss: 0.1274368315935135
[2023-05-01 17:07:52] Train Epoch: 4 [18400/20000 (92.0%)]	Loss: 0.004035366699099541
[2023-05-01 17:07:59] Train Epoch: 4 [19200/20000 (96.0%)]	Loss: 0.08122887462377548
[2023-05-01 17:08:27] ========== Metrics ==========
[2023-05-01 17:08:27] {
  "tr_loss": 0.10192971634320414,
  "tr_acc": 0.9636963696369637,
  "tr_f1": 0.9637435077906513,
  "val_loss": 0.6080301776938677,
  "val_acc": 0.8054716645940665,
  "val_f1": 0.8065712771595125,
  "test_loss": 0.649800363917984,
  "test_acc": 0.7777777777777778,
  "test_f1": 0.7747252747252746
}
[2023-05-01 17:08:27] ========== Metrics ==========
[2023-05-01 17:08:29] Train Epoch: 5 [0/20000 (0.0%)]	Loss: 0.029508769512176514
[2023-05-01 17:08:36] Train Epoch: 5 [800/20000 (4.0%)]	Loss: 0.03451726958155632
[2023-05-01 17:08:43] Train Epoch: 5 [1600/20000 (8.0%)]	Loss: 0.0034725263249129057
[2023-05-01 17:08:50] Train Epoch: 5 [2400/20000 (12.0%)]	Loss: 0.006913986522704363
[2023-05-01 17:08:57] Train Epoch: 5 [3200/20000 (16.0%)]	Loss: 0.001142252585850656
[2023-05-01 17:09:04] Train Epoch: 5 [4000/20000 (20.0%)]	Loss: 0.01833312399685383
[2023-05-01 17:09:11] Train Epoch: 5 [4800/20000 (24.0%)]	Loss: 0.34611594676971436
[2023-05-01 17:09:18] Train Epoch: 5 [5600/20000 (28.0%)]	Loss: 0.00332644977606833
[2023-05-01 17:09:25] Train Epoch: 5 [6400/20000 (32.0%)]	Loss: 0.12328872829675674
[2023-05-01 17:09:32] Train Epoch: 5 [7200/20000 (36.0%)]	Loss: 0.08267346769571304
[2023-05-01 17:09:39] Train Epoch: 5 [8000/20000 (40.0%)]	Loss: 0.019547777250409126
[2023-05-01 17:09:45] Train Epoch: 5 [8800/20000 (44.0%)]	Loss: 0.00021761964308097959
[2023-05-01 17:09:52] Train Epoch: 5 [9600/20000 (48.0%)]	Loss: 0.001788891153410077
[2023-05-01 17:09:59] Train Epoch: 5 [10400/20000 (52.0%)]	Loss: 0.060962576419115067
[2023-05-01 17:10:05] Train Epoch: 5 [11200/20000 (56.0%)]	Loss: 0.14907072484493256
[2023-05-01 17:10:12] Train Epoch: 5 [12000/20000 (60.0%)]	Loss: 0.3506368398666382
[2023-05-01 17:10:19] Train Epoch: 5 [12800/20000 (64.0%)]	Loss: 0.21431946754455566
[2023-05-01 17:10:26] Train Epoch: 5 [13600/20000 (68.0%)]	Loss: 0.009957250207662582
[2023-05-01 17:10:33] Train Epoch: 5 [14400/20000 (72.0%)]	Loss: 0.10361410677433014
[2023-05-01 17:10:41] Train Epoch: 5 [15200/20000 (76.0%)]	Loss: 0.0015512043610215187
[2023-05-01 17:10:48] Train Epoch: 5 [16000/20000 (80.0%)]	Loss: 0.05398277938365936
[2023-05-01 17:10:54] Train Epoch: 5 [16800/20000 (84.0%)]	Loss: 0.04347210004925728
[2023-05-01 17:11:01] Train Epoch: 5 [17600/20000 (88.0%)]	Loss: 0.15583065152168274
[2023-05-01 17:11:08] Train Epoch: 5 [18400/20000 (92.0%)]	Loss: 0.04734645038843155
[2023-05-01 17:11:14] Train Epoch: 5 [19200/20000 (96.0%)]	Loss: 0.11734852939844131
[2023-05-01 17:11:42] ========== Metrics ==========
[2023-05-01 17:11:42] {
  "tr_loss": 0.04784358516046399,
  "tr_acc": 0.9836983698369837,
  "tr_f1": 0.98370488853344,
  "val_loss": 0.9603712034465831,
  "val_acc": 0.7864629596731213,
  "val_f1": 0.8040430388001303,
  "test_loss": 0.9374292626936584,
  "test_acc": 0.7804878048780488,
  "test_f1": 0.8
}
[2023-05-01 17:11:42] ========== Metrics ==========
[2023-05-01 17:11:43] Train Epoch: 6 [0/20000 (0.0%)]	Loss: 0.028609100729227066
[2023-05-01 17:11:50] Train Epoch: 6 [800/20000 (4.0%)]	Loss: 0.007762203924357891
[2023-05-01 17:11:57] Train Epoch: 6 [1600/20000 (8.0%)]	Loss: 0.0008242335170507431
[2023-05-01 17:12:04] Train Epoch: 6 [2400/20000 (12.0%)]	Loss: 0.04417373239994049
[2023-05-01 17:12:11] Train Epoch: 6 [3200/20000 (16.0%)]	Loss: 0.008014083839952946
[2023-05-01 17:12:17] Train Epoch: 6 [4000/20000 (20.0%)]	Loss: 0.0021893929224461317
[2023-05-01 17:12:24] Train Epoch: 6 [4800/20000 (24.0%)]	Loss: 0.006099194288253784
[2023-05-01 17:12:31] Train Epoch: 6 [5600/20000 (28.0%)]	Loss: 0.0031734067015349865
[2023-05-01 17:12:37] Train Epoch: 6 [6400/20000 (32.0%)]	Loss: 0.0002604389446787536
[2023-05-01 17:12:44] Train Epoch: 6 [7200/20000 (36.0%)]	Loss: 0.004633198957890272
[2023-05-01 17:12:51] Train Epoch: 6 [8000/20000 (40.0%)]	Loss: 0.0010960951913148165
[2023-05-01 17:12:58] Train Epoch: 6 [8800/20000 (44.0%)]	Loss: 0.004081544000655413
[2023-05-01 17:13:04] Train Epoch: 6 [9600/20000 (48.0%)]	Loss: 0.0037345471791923046
[2023-05-01 17:13:11] Train Epoch: 6 [10400/20000 (52.0%)]	Loss: 0.0027076276019215584
[2023-05-01 17:13:17] Train Epoch: 6 [11200/20000 (56.0%)]	Loss: 0.0028214938938617706
[2023-05-01 17:13:24] Train Epoch: 6 [12000/20000 (60.0%)]	Loss: 0.00160679139662534
[2023-05-01 17:13:30] Train Epoch: 6 [12800/20000 (64.0%)]	Loss: 0.04980200529098511
[2023-05-01 17:13:37] Train Epoch: 6 [13600/20000 (68.0%)]	Loss: 0.0012536976719275117
[2023-05-01 17:13:44] Train Epoch: 6 [14400/20000 (72.0%)]	Loss: 0.0014107036404311657
[2023-05-01 17:13:50] Train Epoch: 6 [15200/20000 (76.0%)]	Loss: 0.03872933238744736
[2023-05-01 17:13:57] Train Epoch: 6 [16000/20000 (80.0%)]	Loss: 0.007325983606278896
[2023-05-01 17:14:03] Train Epoch: 6 [16800/20000 (84.0%)]	Loss: 0.009204868227243423
[2023-05-01 17:14:10] Train Epoch: 6 [17600/20000 (88.0%)]	Loss: 0.0003468793584033847
[2023-05-01 17:14:17] Train Epoch: 6 [18400/20000 (92.0%)]	Loss: 0.0026508893352001905
[2023-05-01 17:14:23] Train Epoch: 6 [19200/20000 (96.0%)]	Loss: 0.0013771663652732968
[2023-05-01 17:14:52] ========== Metrics ==========
[2023-05-01 17:14:52] {
  "tr_loss": 0.015015321045283424,
  "tr_acc": 0.9953495349534953,
  "tr_f1": 0.9953511622094477,
  "val_loss": 0.9927718285818647,
  "val_acc": 0.7967667436489607,
  "val_f1": 0.7954220314735337,
  "test_loss": 1.016142783111304,
  "test_acc": 0.7886178861788617,
  "test_f1": 0.7833333333333333
}
[2023-05-01 17:14:52] ========== Metrics ==========
[2023-05-01 17:14:53] Train Epoch: 7 [0/20000 (0.0%)]	Loss: 0.0021206955425441265
[2023-05-01 17:15:00] Train Epoch: 7 [800/20000 (4.0%)]	Loss: 0.0011265077628195286
[2023-05-01 17:15:07] Train Epoch: 7 [1600/20000 (8.0%)]	Loss: 0.0002545112802181393
[2023-05-01 17:15:14] Train Epoch: 7 [2400/20000 (12.0%)]	Loss: 0.007186396047472954
[2023-05-01 17:15:21] Train Epoch: 7 [3200/20000 (16.0%)]	Loss: 0.0008046426810324192
[2023-05-01 17:15:27] Train Epoch: 7 [4000/20000 (20.0%)]	Loss: 0.0015471238875761628
[2023-05-01 17:15:34] Train Epoch: 7 [4800/20000 (24.0%)]	Loss: 0.31234312057495117
[2023-05-01 17:15:41] Train Epoch: 7 [5600/20000 (28.0%)]	Loss: 0.0008997191907837987
[2023-05-01 17:15:47] Train Epoch: 7 [6400/20000 (32.0%)]	Loss: 0.0014131058705970645
[2023-05-01 17:15:54] Train Epoch: 7 [7200/20000 (36.0%)]	Loss: 0.0005706825759261847
[2023-05-01 17:16:01] Train Epoch: 7 [8000/20000 (40.0%)]	Loss: 0.0005197469145059586
[2023-05-01 17:16:07] Train Epoch: 7 [8800/20000 (44.0%)]	Loss: 0.0007243420113809407
[2023-05-01 17:16:14] Train Epoch: 7 [9600/20000 (48.0%)]	Loss: 0.0005352869047783315
[2023-05-01 17:16:21] Train Epoch: 7 [10400/20000 (52.0%)]	Loss: 0.0015797726809978485
[2023-05-01 17:16:28] Train Epoch: 7 [11200/20000 (56.0%)]	Loss: 0.005657210014760494
[2023-05-01 17:16:34] Train Epoch: 7 [12000/20000 (60.0%)]	Loss: 0.0007834465359337628
[2023-05-01 17:16:41] Train Epoch: 7 [12800/20000 (64.0%)]	Loss: 0.0758989229798317
[2023-05-01 17:16:48] Train Epoch: 7 [13600/20000 (68.0%)]	Loss: 0.0004660481645260006
[2023-05-01 17:16:56] Train Epoch: 7 [14400/20000 (72.0%)]	Loss: 0.1141791120171547
[2023-05-01 17:17:03] Train Epoch: 7 [15200/20000 (76.0%)]	Loss: 0.016295675188302994
[2023-05-01 17:17:10] Train Epoch: 7 [16000/20000 (80.0%)]	Loss: 0.01161179505288601
[2023-05-01 17:17:17] Train Epoch: 7 [16800/20000 (84.0%)]	Loss: 0.00042005503200925887
[2023-05-01 17:17:23] Train Epoch: 7 [17600/20000 (88.0%)]	Loss: 0.011514957994222641
[2023-05-01 17:17:30] Train Epoch: 7 [18400/20000 (92.0%)]	Loss: 0.02459345944225788
[2023-05-01 17:17:37] Train Epoch: 7 [19200/20000 (96.0%)]	Loss: 0.00026149838231503963
[2023-05-01 17:18:05] ========== Metrics ==========
[2023-05-01 17:18:05] {
  "tr_loss": 0.010389881683659988,
  "tr_acc": 0.9969496949694969,
  "tr_f1": 0.9969510671265057,
  "val_loss": 1.1412410336540146,
  "val_acc": 0.7907265944217445,
  "val_f1": 0.7875946628200505,
  "test_loss": 1.481477641154757,
  "test_acc": 0.7723577235772358,
  "test_f1": 0.7627118644067797
}
[2023-05-01 17:18:05] ========== Metrics ==========
[2023-05-01 17:18:06] Train Epoch: 8 [0/20000 (0.0%)]	Loss: 0.002897878410294652
[2023-05-01 17:18:13] Train Epoch: 8 [800/20000 (4.0%)]	Loss: 0.0003069744270760566
[2023-05-01 17:18:20] Train Epoch: 8 [1600/20000 (8.0%)]	Loss: 0.0002562711015343666
[2023-05-01 17:18:26] Train Epoch: 8 [2400/20000 (12.0%)]	Loss: 0.001773314201273024
[2023-05-01 17:18:34] Train Epoch: 8 [3200/20000 (16.0%)]	Loss: 0.00038479355862364173
[2023-05-01 17:18:42] Train Epoch: 8 [4000/20000 (20.0%)]	Loss: 0.0003634387394413352
[2023-05-01 17:18:49] Train Epoch: 8 [4800/20000 (24.0%)]	Loss: 0.0001729598589008674
[2023-05-01 17:18:55] Train Epoch: 8 [5600/20000 (28.0%)]	Loss: 0.0013393656117841601
[2023-05-01 17:19:02] Train Epoch: 8 [6400/20000 (32.0%)]	Loss: 0.002841693814843893
[2023-05-01 17:19:09] Train Epoch: 8 [7200/20000 (36.0%)]	Loss: 0.01806669495999813
[2023-05-01 17:19:15] Train Epoch: 8 [8000/20000 (40.0%)]	Loss: 0.0003132751153316349
[2023-05-01 17:19:22] Train Epoch: 8 [8800/20000 (44.0%)]	Loss: 0.0011492238845676184
[2023-05-01 17:19:28] Train Epoch: 8 [9600/20000 (48.0%)]	Loss: 0.0006933354306966066
[2023-05-01 17:19:35] Train Epoch: 8 [10400/20000 (52.0%)]	Loss: 0.00013459802721627057
[2023-05-01 17:19:42] Train Epoch: 8 [11200/20000 (56.0%)]	Loss: 5.040562973590568e-05
[2023-05-01 17:19:49] Train Epoch: 8 [12000/20000 (60.0%)]	Loss: 0.0006693884497508407
[2023-05-01 17:19:55] Train Epoch: 8 [12800/20000 (64.0%)]	Loss: 0.010162542574107647
[2023-05-01 17:20:02] Train Epoch: 8 [13600/20000 (68.0%)]	Loss: 5.0173392082797363e-05
[2023-05-01 17:20:08] Train Epoch: 8 [14400/20000 (72.0%)]	Loss: 0.0002723810903262347
[2023-05-01 17:20:15] Train Epoch: 8 [15200/20000 (76.0%)]	Loss: 0.0010715813841670752
[2023-05-01 17:20:22] Train Epoch: 8 [16000/20000 (80.0%)]	Loss: 0.0018127496587112546
[2023-05-01 17:20:28] Train Epoch: 8 [16800/20000 (84.0%)]	Loss: 0.0019204227719455957
[2023-05-01 17:20:35] Train Epoch: 8 [17600/20000 (88.0%)]	Loss: 0.00013678849791176617
[2023-05-01 17:20:42] Train Epoch: 8 [18400/20000 (92.0%)]	Loss: 0.006359882652759552
[2023-05-01 17:20:48] Train Epoch: 8 [19200/20000 (96.0%)]	Loss: 0.005924588069319725
[2023-05-01 17:21:14] Stop At epoch 8/20 due to valid not increase
[2023-05-01 17:21:17] ========== Metrics ==========
[2023-05-01 17:21:17] {
  "tr_loss": 0.007194126046525511,
  "tr_acc": 0.9978497849784979,
  "tr_f1": 0.9978498924946247,
  "val_loss": 1.3581590306157434,
  "val_acc": 0.7896606857345887,
  "val_f1": 0.7912552891396333,
  "test_loss": 1.3484947484325056,
  "test_acc": 0.7696476964769647,
  "test_f1": 0.7708894878706198
}
[2023-05-01 17:21:17] ========== Metrics ==========
