[2023-05-01 21:27:51] Train Epoch: 1 [0/20000 (0.0%)]	Loss: 0.6504716873168945
[2023-05-01 21:27:54] Train Epoch: 1 [800/20000 (4.0%)]	Loss: 0.6757099032402039
[2023-05-01 21:27:56] Train Epoch: 1 [1600/20000 (8.0%)]	Loss: 0.44958409667015076
[2023-05-01 21:27:59] Train Epoch: 1 [2400/20000 (12.0%)]	Loss: 0.5111086368560791
[2023-05-01 21:28:01] Train Epoch: 1 [3200/20000 (16.0%)]	Loss: 0.5425791144371033
[2023-05-01 21:28:04] Train Epoch: 1 [4000/20000 (20.0%)]	Loss: 0.5217693448066711
[2023-05-01 21:28:07] Train Epoch: 1 [4800/20000 (24.0%)]	Loss: 0.45275452733039856
[2023-05-01 21:28:09] Train Epoch: 1 [5600/20000 (28.0%)]	Loss: 0.6735695004463196
[2023-05-01 21:28:11] Train Epoch: 1 [6400/20000 (32.0%)]	Loss: 0.4009210765361786
[2023-05-01 21:28:14] Train Epoch: 1 [7200/20000 (36.0%)]	Loss: 0.6736113429069519
[2023-05-01 21:28:16] Train Epoch: 1 [8000/20000 (40.0%)]	Loss: 0.25323814153671265
[2023-05-01 21:28:19] Train Epoch: 1 [8800/20000 (44.0%)]	Loss: 0.5009849071502686
[2023-05-01 21:28:21] Train Epoch: 1 [9600/20000 (48.0%)]	Loss: 0.31349167227745056
[2023-05-01 21:28:24] Train Epoch: 1 [10400/20000 (52.0%)]	Loss: 0.31473976373672485
[2023-05-01 21:28:26] Train Epoch: 1 [11200/20000 (56.0%)]	Loss: 0.3478069305419922
[2023-05-01 21:28:29] Train Epoch: 1 [12000/20000 (60.0%)]	Loss: 0.5522216558456421
[2023-05-01 21:28:31] Train Epoch: 1 [12800/20000 (64.0%)]	Loss: 0.2765530049800873
[2023-05-01 21:28:34] Train Epoch: 1 [13600/20000 (68.0%)]	Loss: 0.6211316585540771
[2023-05-01 21:28:36] Train Epoch: 1 [14400/20000 (72.0%)]	Loss: 0.43778929114341736
[2023-05-01 21:28:39] Train Epoch: 1 [15200/20000 (76.0%)]	Loss: 0.3073982298374176
[2023-05-01 21:28:41] Train Epoch: 1 [16000/20000 (80.0%)]	Loss: 0.5013427138328552
[2023-05-01 21:28:43] Train Epoch: 1 [16800/20000 (84.0%)]	Loss: 0.3964698612689972
[2023-05-01 21:28:46] Train Epoch: 1 [17600/20000 (88.0%)]	Loss: 0.3732094168663025
[2023-05-01 21:28:48] Train Epoch: 1 [18400/20000 (92.0%)]	Loss: 0.2220088243484497
[2023-05-01 21:28:51] Train Epoch: 1 [19200/20000 (96.0%)]	Loss: 0.2836723029613495
[2023-05-01 21:29:03] ========== Metrics ==========
[2023-05-01 21:29:03] {
  "tr_loss": 0.4369944681321541,
  "tr_acc": 0.7944294429442944,
  "tr_f1": 0.7958484381983414,
  "val_loss": 0.40599391231275955,
  "val_acc": 0.8237697637235744,
  "val_f1": 0.802153968887116,
  "test_loss": 0.43396469991058517,
  "test_acc": 0.7831978319783198,
  "test_f1": 0.7419354838709677
}
[2023-05-01 21:29:03] ========== Metrics ==========
[2023-05-01 21:29:03] Train Epoch: 2 [0/20000 (0.0%)]	Loss: 0.3463539183139801
[2023-05-01 21:29:06] Train Epoch: 2 [800/20000 (4.0%)]	Loss: 0.18444927036762238
[2023-05-01 21:29:08] Train Epoch: 2 [1600/20000 (8.0%)]	Loss: 0.37328705191612244
[2023-05-01 21:29:11] Train Epoch: 2 [2400/20000 (12.0%)]	Loss: 0.11495929211378098
[2023-05-01 21:29:14] Train Epoch: 2 [3200/20000 (16.0%)]	Loss: 0.19951117038726807
[2023-05-01 21:29:16] Train Epoch: 2 [4000/20000 (20.0%)]	Loss: 0.2212318778038025
[2023-05-01 21:29:19] Train Epoch: 2 [4800/20000 (24.0%)]	Loss: 0.14043760299682617
[2023-05-01 21:29:21] Train Epoch: 2 [5600/20000 (28.0%)]	Loss: 0.4901023805141449
[2023-05-01 21:29:23] Train Epoch: 2 [6400/20000 (32.0%)]	Loss: 0.26464495062828064
[2023-05-01 21:29:26] Train Epoch: 2 [7200/20000 (36.0%)]	Loss: 0.3154103457927704
[2023-05-01 21:29:28] Train Epoch: 2 [8000/20000 (40.0%)]	Loss: 0.45192068815231323
[2023-05-01 21:29:31] Train Epoch: 2 [8800/20000 (44.0%)]	Loss: 0.13291031122207642
[2023-05-01 21:29:33] Train Epoch: 2 [9600/20000 (48.0%)]	Loss: 0.23001287877559662
[2023-05-01 21:29:36] Train Epoch: 2 [10400/20000 (52.0%)]	Loss: 0.272413432598114
[2023-05-01 21:29:39] Train Epoch: 2 [11200/20000 (56.0%)]	Loss: 0.13379380106925964
[2023-05-01 21:29:41] Train Epoch: 2 [12000/20000 (60.0%)]	Loss: 0.036083754152059555
[2023-05-01 21:29:44] Train Epoch: 2 [12800/20000 (64.0%)]	Loss: 0.24997209012508392
[2023-05-01 21:29:46] Train Epoch: 2 [13600/20000 (68.0%)]	Loss: 0.201669380068779
[2023-05-01 21:29:49] Train Epoch: 2 [14400/20000 (72.0%)]	Loss: 0.5504527688026428
[2023-05-01 21:29:51] Train Epoch: 2 [15200/20000 (76.0%)]	Loss: 0.1463068425655365
[2023-05-01 21:29:54] Train Epoch: 2 [16000/20000 (80.0%)]	Loss: 0.040862638503313065
[2023-05-01 21:29:56] Train Epoch: 2 [16800/20000 (84.0%)]	Loss: 0.15143024921417236
[2023-05-01 21:29:59] Train Epoch: 2 [17600/20000 (88.0%)]	Loss: 0.1743452101945877
[2023-05-01 21:30:01] Train Epoch: 2 [18400/20000 (92.0%)]	Loss: 0.21195538341999054
[2023-05-01 21:30:04] Train Epoch: 2 [19200/20000 (96.0%)]	Loss: 0.4829057455062866
[2023-05-01 21:30:16] ========== Metrics ==========
[2023-05-01 21:30:16] {
  "tr_loss": 0.24840908429243289,
  "tr_acc": 0.903090309030903,
  "tr_f1": 0.9029544316474711,
  "val_loss": 0.3767589183117573,
  "val_acc": 0.8539705098596554,
  "val_f1": 0.8560420315236428,
  "test_loss": 0.312103847824138,
  "test_acc": 0.8753387533875339,
  "test_f1": 0.8743169398907104
}
[2023-05-01 21:30:16] ========== Metrics ==========
[2023-05-01 21:30:17] Train Epoch: 3 [0/20000 (0.0%)]	Loss: 0.014764009043574333
[2023-05-01 21:30:19] Train Epoch: 3 [800/20000 (4.0%)]	Loss: 0.18672090768814087
[2023-05-01 21:30:22] Train Epoch: 3 [1600/20000 (8.0%)]	Loss: 0.19996732473373413
[2023-05-01 21:30:24] Train Epoch: 3 [2400/20000 (12.0%)]	Loss: 0.09745535999536514
[2023-05-01 21:30:27] Train Epoch: 3 [3200/20000 (16.0%)]	Loss: 0.07732012867927551
[2023-05-01 21:30:29] Train Epoch: 3 [4000/20000 (20.0%)]	Loss: 0.14044855535030365
[2023-05-01 21:30:32] Train Epoch: 3 [4800/20000 (24.0%)]	Loss: 0.18294759094715118
[2023-05-01 21:30:34] Train Epoch: 3 [5600/20000 (28.0%)]	Loss: 0.04204918071627617
[2023-05-01 21:30:37] Train Epoch: 3 [6400/20000 (32.0%)]	Loss: 0.38574641942977905
[2023-05-01 21:30:39] Train Epoch: 3 [7200/20000 (36.0%)]	Loss: 0.005048716906458139
[2023-05-01 21:30:42] Train Epoch: 3 [8000/20000 (40.0%)]	Loss: 0.030135735869407654
[2023-05-01 21:30:45] Train Epoch: 3 [8800/20000 (44.0%)]	Loss: 0.03413763642311096
[2023-05-01 21:30:47] Train Epoch: 3 [9600/20000 (48.0%)]	Loss: 0.022137293592095375
[2023-05-01 21:30:50] Train Epoch: 3 [10400/20000 (52.0%)]	Loss: 0.011483447626233101
[2023-05-01 21:30:52] Train Epoch: 3 [11200/20000 (56.0%)]	Loss: 0.39321640133857727
[2023-05-01 21:30:55] Train Epoch: 3 [12000/20000 (60.0%)]	Loss: 0.03678204491734505
[2023-05-01 21:30:57] Train Epoch: 3 [12800/20000 (64.0%)]	Loss: 0.2598927319049835
[2023-05-01 21:31:00] Train Epoch: 3 [13600/20000 (68.0%)]	Loss: 0.16133816540241241
[2023-05-01 21:31:02] Train Epoch: 3 [14400/20000 (72.0%)]	Loss: 0.2064605951309204
[2023-05-01 21:31:05] Train Epoch: 3 [15200/20000 (76.0%)]	Loss: 0.03335190191864967
[2023-05-01 21:31:07] Train Epoch: 3 [16000/20000 (80.0%)]	Loss: 0.07844250649213791
[2023-05-01 21:31:10] Train Epoch: 3 [16800/20000 (84.0%)]	Loss: 0.14906790852546692
[2023-05-01 21:31:12] Train Epoch: 3 [17600/20000 (88.0%)]	Loss: 0.1340266615152359
[2023-05-01 21:31:15] Train Epoch: 3 [18400/20000 (92.0%)]	Loss: 0.0603720098733902
[2023-05-01 21:31:17] Train Epoch: 3 [19200/20000 (96.0%)]	Loss: 0.08696552366018295
[2023-05-01 21:31:29] ========== Metrics ==========
[2023-05-01 21:31:29] {
  "tr_loss": 0.12087722325308023,
  "tr_acc": 0.956995699569957,
  "tr_f1": 0.9569784892446223,
  "val_loss": 0.419432931825013,
  "val_acc": 0.8337182448036952,
  "val_f1": 0.8433734939759037,
  "test_loss": 0.3399523713482105,
  "test_acc": 0.8428184281842819,
  "test_f1": 0.8489583333333335
}
[2023-05-01 21:31:29] ========== Metrics ==========
[2023-05-01 21:31:30] Train Epoch: 4 [0/20000 (0.0%)]	Loss: 0.044984471052885056
[2023-05-01 21:31:33] Train Epoch: 4 [800/20000 (4.0%)]	Loss: 0.008945205248892307
[2023-05-01 21:31:35] Train Epoch: 4 [1600/20000 (8.0%)]	Loss: 0.0010017795721068978
[2023-05-01 21:31:38] Train Epoch: 4 [2400/20000 (12.0%)]	Loss: 0.024955477565526962
[2023-05-01 21:31:41] Train Epoch: 4 [3200/20000 (16.0%)]	Loss: 0.0028838072903454304
[2023-05-01 21:31:43] Train Epoch: 4 [4000/20000 (20.0%)]	Loss: 0.0031669922173023224
[2023-05-01 21:31:46] Train Epoch: 4 [4800/20000 (24.0%)]	Loss: 0.0012282801326364279
[2023-05-01 21:31:49] Train Epoch: 4 [5600/20000 (28.0%)]	Loss: 0.3962351679801941
[2023-05-01 21:31:52] Train Epoch: 4 [6400/20000 (32.0%)]	Loss: 0.10999546945095062
[2023-05-01 21:31:55] Train Epoch: 4 [7200/20000 (36.0%)]	Loss: 0.02085423655807972
[2023-05-01 21:31:58] Train Epoch: 4 [8000/20000 (40.0%)]	Loss: 0.00584231736138463
[2023-05-01 21:32:00] Train Epoch: 4 [8800/20000 (44.0%)]	Loss: 0.03680548071861267
[2023-05-01 21:32:03] Train Epoch: 4 [9600/20000 (48.0%)]	Loss: 0.26108571887016296
[2023-05-01 21:32:06] Train Epoch: 4 [10400/20000 (52.0%)]	Loss: 0.046999961137771606
[2023-05-01 21:32:09] Train Epoch: 4 [11200/20000 (56.0%)]	Loss: 0.015806544572114944
[2023-05-01 21:32:12] Train Epoch: 4 [12000/20000 (60.0%)]	Loss: 0.0029521705582737923
[2023-05-01 21:32:15] Train Epoch: 4 [12800/20000 (64.0%)]	Loss: 0.08802997320890427
[2023-05-01 21:32:18] Train Epoch: 4 [13600/20000 (68.0%)]	Loss: 0.06900153309106827
[2023-05-01 21:32:21] Train Epoch: 4 [14400/20000 (72.0%)]	Loss: 0.002165462588891387
[2023-05-01 21:32:24] Train Epoch: 4 [15200/20000 (76.0%)]	Loss: 0.06989556550979614
[2023-05-01 21:32:27] Train Epoch: 4 [16000/20000 (80.0%)]	Loss: 0.059049807488918304
[2023-05-01 21:32:30] Train Epoch: 4 [16800/20000 (84.0%)]	Loss: 0.0010199244134128094
[2023-05-01 21:32:33] Train Epoch: 4 [17600/20000 (88.0%)]	Loss: 0.020251581445336342
[2023-05-01 21:32:36] Train Epoch: 4 [18400/20000 (92.0%)]	Loss: 0.1379408836364746
[2023-05-01 21:32:39] Train Epoch: 4 [19200/20000 (96.0%)]	Loss: 0.03676751255989075
[2023-05-01 21:32:52] ========== Metrics ==========
[2023-05-01 21:32:52] {
  "tr_loss": 0.040846150511296316,
  "tr_acc": 0.9865986598659866,
  "tr_f1": 0.9866053578568571,
  "val_loss": 0.6959880357973846,
  "val_acc": 0.8251909753064487,
  "val_f1": 0.8114220007665772,
  "test_loss": 0.6563767593626569,
  "test_acc": 0.8265582655826558,
  "test_f1": 0.8095238095238095
}
[2023-05-01 21:32:52] ========== Metrics ==========
[2023-05-01 21:32:53] Train Epoch: 5 [0/20000 (0.0%)]	Loss: 0.03638124093413353
[2023-05-01 21:32:56] Train Epoch: 5 [800/20000 (4.0%)]	Loss: 0.0004462652432266623
[2023-05-01 21:32:59] Train Epoch: 5 [1600/20000 (8.0%)]	Loss: 0.002070740796625614
[2023-05-01 21:33:02] Train Epoch: 5 [2400/20000 (12.0%)]	Loss: 0.0002505890734028071
[2023-05-01 21:33:06] Train Epoch: 5 [3200/20000 (16.0%)]	Loss: 0.012373754754662514
[2023-05-01 21:33:09] Train Epoch: 5 [4000/20000 (20.0%)]	Loss: 5.501442865352146e-05
[2023-05-01 21:33:12] Train Epoch: 5 [4800/20000 (24.0%)]	Loss: 0.0010051409481093287
[2023-05-01 21:33:15] Train Epoch: 5 [5600/20000 (28.0%)]	Loss: 0.0030510970391333103
[2023-05-01 21:33:18] Train Epoch: 5 [6400/20000 (32.0%)]	Loss: 0.006039783824235201
[2023-05-01 21:33:21] Train Epoch: 5 [7200/20000 (36.0%)]	Loss: 0.00491222133859992
[2023-05-01 21:33:25] Train Epoch: 5 [8000/20000 (40.0%)]	Loss: 0.06185200437903404
[2023-05-01 21:33:27] Train Epoch: 5 [8800/20000 (44.0%)]	Loss: 0.0012359649408608675
[2023-05-01 21:33:30] Train Epoch: 5 [9600/20000 (48.0%)]	Loss: 0.0032776750158518553
[2023-05-01 21:33:33] Train Epoch: 5 [10400/20000 (52.0%)]	Loss: 0.000478484173072502
[2023-05-01 21:33:36] Train Epoch: 5 [11200/20000 (56.0%)]	Loss: 0.0011125667952001095
[2023-05-01 21:33:39] Train Epoch: 5 [12000/20000 (60.0%)]	Loss: 0.004769816529005766
[2023-05-01 21:33:43] Train Epoch: 5 [12800/20000 (64.0%)]	Loss: 0.00210759905166924
[2023-05-01 21:33:46] Train Epoch: 5 [13600/20000 (68.0%)]	Loss: 7.61741102905944e-05
[2023-05-01 21:33:49] Train Epoch: 5 [14400/20000 (72.0%)]	Loss: 0.00026498804800212383
[2023-05-01 21:33:53] Train Epoch: 5 [15200/20000 (76.0%)]	Loss: 0.25424689054489136
[2023-05-01 21:33:57] Train Epoch: 5 [16000/20000 (80.0%)]	Loss: 5.3415576985571533e-05
[2023-05-01 21:34:01] Train Epoch: 5 [16800/20000 (84.0%)]	Loss: 0.0002653808915056288
[2023-05-01 21:34:05] Train Epoch: 5 [17600/20000 (88.0%)]	Loss: 0.00020217412384226918
[2023-05-01 21:34:08] Train Epoch: 5 [18400/20000 (92.0%)]	Loss: 0.0003750993637368083
[2023-05-01 21:34:12] Train Epoch: 5 [19200/20000 (96.0%)]	Loss: 0.0001129663796746172
[2023-05-01 21:34:25] ========== Metrics ==========
[2023-05-01 21:34:25] {
  "tr_loss": 0.01303126588092525,
  "tr_acc": 0.9961496149614961,
  "tr_f1": 0.9961490372593148,
  "val_loss": 1.045472101936953,
  "val_acc": 0.8260792325457452,
  "val_f1": 0.8240790655884995,
  "test_loss": 0.8924153376860307,
  "test_acc": 0.8455284552845529,
  "test_f1": 0.8394366197183099
}
[2023-05-01 21:34:25] ========== Metrics ==========
[2023-05-01 21:34:26] Train Epoch: 6 [0/20000 (0.0%)]	Loss: 0.00013593847688753158
[2023-05-01 21:34:30] Train Epoch: 6 [800/20000 (4.0%)]	Loss: 0.00024123174080159515
[2023-05-01 21:34:34] Train Epoch: 6 [1600/20000 (8.0%)]	Loss: 0.001020399504341185
[2023-05-01 21:34:38] Train Epoch: 6 [2400/20000 (12.0%)]	Loss: 0.005393700208514929
[2023-05-01 21:34:42] Train Epoch: 6 [3200/20000 (16.0%)]	Loss: 7.385826029349118e-05
[2023-05-01 21:34:46] Train Epoch: 6 [4000/20000 (20.0%)]	Loss: 0.0037473675329238176
[2023-05-01 21:34:50] Train Epoch: 6 [4800/20000 (24.0%)]	Loss: 0.0002702839847188443
[2023-05-01 21:34:54] Train Epoch: 6 [5600/20000 (28.0%)]	Loss: 0.0007500060019083321
[2023-05-01 21:34:58] Train Epoch: 6 [6400/20000 (32.0%)]	Loss: 5.62068926228676e-05
[2023-05-01 21:35:02] Train Epoch: 6 [7200/20000 (36.0%)]	Loss: 0.0002599434810690582
[2023-05-01 21:35:06] Train Epoch: 6 [8000/20000 (40.0%)]	Loss: 5.887706720386632e-05
[2023-05-01 21:35:10] Train Epoch: 6 [8800/20000 (44.0%)]	Loss: 6.287504220381379e-05
[2023-05-01 21:35:14] Train Epoch: 6 [9600/20000 (48.0%)]	Loss: 2.6512836484471336e-05
[2023-05-01 21:35:18] Train Epoch: 6 [10400/20000 (52.0%)]	Loss: 0.00015798091772012413
[2023-05-01 21:35:22] Train Epoch: 6 [11200/20000 (56.0%)]	Loss: 0.0004370196256786585
[2023-05-01 21:35:26] Train Epoch: 6 [12000/20000 (60.0%)]	Loss: 0.0003754042263608426
[2023-05-01 21:35:30] Train Epoch: 6 [12800/20000 (64.0%)]	Loss: 0.00027859292458742857
[2023-05-01 21:35:34] Train Epoch: 6 [13600/20000 (68.0%)]	Loss: 2.2023126803105697e-05
[2023-05-01 21:35:38] Train Epoch: 6 [14400/20000 (72.0%)]	Loss: 1.3961576769361272e-05
[2023-05-01 21:35:42] Train Epoch: 6 [15200/20000 (76.0%)]	Loss: 0.0001407443342031911
[2023-05-01 21:35:46] Train Epoch: 6 [16000/20000 (80.0%)]	Loss: 0.00024873833172023296
[2023-05-01 21:35:50] Train Epoch: 6 [16800/20000 (84.0%)]	Loss: 0.00022794530377723277
[2023-05-01 21:35:56] Train Epoch: 6 [17600/20000 (88.0%)]	Loss: 0.001151573727838695
[2023-05-01 21:35:59] Train Epoch: 6 [18400/20000 (92.0%)]	Loss: 7.074609311530367e-05
[2023-05-01 21:36:04] Train Epoch: 6 [19200/20000 (96.0%)]	Loss: 0.00022237480152398348
[2023-05-01 21:36:18] ========== Metrics ==========
[2023-05-01 21:36:18] {
  "tr_loss": 0.002369793412937311,
  "tr_acc": 0.9995499549954996,
  "tr_f1": 0.9995499324898736,
  "val_loss": 1.1079078038565737,
  "val_acc": 0.8321193817729614,
  "val_f1": 0.8356807511737089,
  "test_loss": 0.945340745903168,
  "test_acc": 0.8482384823848238,
  "test_f1": 0.851063829787234
}
[2023-05-01 21:36:18] ========== Metrics ==========
[2023-05-01 21:36:18] Train Epoch: 7 [0/20000 (0.0%)]	Loss: 4.819579771719873e-05
[2023-05-01 21:36:23] Train Epoch: 7 [800/20000 (4.0%)]	Loss: 0.00043530401308089495
[2023-05-01 21:36:27] Train Epoch: 7 [1600/20000 (8.0%)]	Loss: 3.832181027974002e-05
[2023-05-01 21:36:31] Train Epoch: 7 [2400/20000 (12.0%)]	Loss: 2.5784916942939162e-05
[2023-05-01 21:36:35] Train Epoch: 7 [3200/20000 (16.0%)]	Loss: 9.44691328186309e-06
[2023-05-01 21:36:39] Train Epoch: 7 [4000/20000 (20.0%)]	Loss: 0.00015931135567370802
[2023-05-01 21:36:43] Train Epoch: 7 [4800/20000 (24.0%)]	Loss: 9.961179785022978e-06
[2023-05-01 21:36:47] Train Epoch: 7 [5600/20000 (28.0%)]	Loss: 0.0019461759366095066
[2023-05-01 21:36:51] Train Epoch: 7 [6400/20000 (32.0%)]	Loss: 6.183835012052441e-06
[2023-05-01 21:36:55] Train Epoch: 7 [7200/20000 (36.0%)]	Loss: 1.339583468507044e-05
[2023-05-01 21:36:59] Train Epoch: 7 [8000/20000 (40.0%)]	Loss: 0.005341529846191406
[2023-05-01 21:37:03] Train Epoch: 7 [8800/20000 (44.0%)]	Loss: 6.234811735339463e-05
[2023-05-01 21:37:07] Train Epoch: 7 [9600/20000 (48.0%)]	Loss: 0.0007596725481562316
[2023-05-01 21:37:11] Train Epoch: 7 [10400/20000 (52.0%)]	Loss: 0.00010422667401144281
[2023-05-01 21:37:15] Train Epoch: 7 [11200/20000 (56.0%)]	Loss: 6.444620794354705e-06
[2023-05-01 21:37:19] Train Epoch: 7 [12000/20000 (60.0%)]	Loss: 4.135035851504654e-06
[2023-05-01 21:37:23] Train Epoch: 7 [12800/20000 (64.0%)]	Loss: 1.996750597754726e-06
[2023-05-01 21:37:27] Train Epoch: 7 [13600/20000 (68.0%)]	Loss: 1.6941194189712405e-05
[2023-05-01 21:37:32] Train Epoch: 7 [14400/20000 (72.0%)]	Loss: 0.00011841693776659667
[2023-05-01 21:37:36] Train Epoch: 7 [15200/20000 (76.0%)]	Loss: 7.385254866676405e-05
[2023-05-01 21:37:40] Train Epoch: 7 [16000/20000 (80.0%)]	Loss: 1.730667099764105e-05
[2023-05-01 21:37:43] Train Epoch: 7 [16800/20000 (84.0%)]	Loss: 7.49531463952735e-05
[2023-05-01 21:37:47] Train Epoch: 7 [17600/20000 (88.0%)]	Loss: 9.909006621455774e-06
[2023-05-01 21:37:52] Train Epoch: 7 [18400/20000 (92.0%)]	Loss: 2.7058355044573545e-05
[2023-05-01 21:37:56] Train Epoch: 7 [19200/20000 (96.0%)]	Loss: 0.0011534366058185697
[2023-05-01 21:38:09] ========== Metrics ==========
[2023-05-01 21:38:09] {
  "tr_loss": 0.0010214172750705759,
  "tr_acc": 0.9997999799979999,
  "tr_f1": 0.9998,
  "val_loss": 1.1899708799930475,
  "val_acc": 0.8310534730858057,
  "val_f1": 0.8288644952312398,
  "test_loss": 0.9991408058752617,
  "test_acc": 0.8401084010840109,
  "test_f1": 0.8365650969529085
}
[2023-05-01 21:38:09] ========== Metrics ==========
[2023-05-01 21:38:10] Train Epoch: 8 [0/20000 (0.0%)]	Loss: 5.208886068430729e-05
[2023-05-01 21:38:15] Train Epoch: 8 [800/20000 (4.0%)]	Loss: 6.049792318663094e-06
[2023-05-01 21:38:19] Train Epoch: 8 [1600/20000 (8.0%)]	Loss: 9.424723430129234e-06
[2023-05-01 21:38:23] Train Epoch: 8 [2400/20000 (12.0%)]	Loss: 3.591122776924749e-06
[2023-05-01 21:38:27] Train Epoch: 8 [3200/20000 (16.0%)]	Loss: 4.972038004780188e-05
[2023-05-01 21:38:31] Train Epoch: 8 [4000/20000 (20.0%)]	Loss: 0.0001699393760645762
[2023-05-01 21:38:35] Train Epoch: 8 [4800/20000 (24.0%)]	Loss: 3.314217974548228e-05
[2023-05-01 21:38:40] Train Epoch: 8 [5600/20000 (28.0%)]	Loss: 0.0012090818490833044
[2023-05-01 21:38:44] Train Epoch: 8 [6400/20000 (32.0%)]	Loss: 0.00029691134113818407
[2023-05-01 21:38:48] Train Epoch: 8 [7200/20000 (36.0%)]	Loss: 1.3858003740097047e-06
[2023-05-01 21:38:52] Train Epoch: 8 [8000/20000 (40.0%)]	Loss: 9.390889317728579e-05
[2023-05-01 21:38:57] Train Epoch: 8 [8800/20000 (44.0%)]	Loss: 6.7871378632844426e-06
[2023-05-01 21:39:01] Train Epoch: 8 [9600/20000 (48.0%)]	Loss: 8.836184861138463e-06
[2023-05-01 21:39:05] Train Epoch: 8 [10400/20000 (52.0%)]	Loss: 2.585325091786217e-06
[2023-05-01 21:39:10] Train Epoch: 8 [11200/20000 (56.0%)]	Loss: 0.00011087890743510798
[2023-05-01 21:39:14] Train Epoch: 8 [12000/20000 (60.0%)]	Loss: 1.243461429112358e-05
[2023-05-01 21:39:18] Train Epoch: 8 [12800/20000 (64.0%)]	Loss: 1.564621072702721e-07
[2023-05-01 21:39:23] Train Epoch: 8 [13600/20000 (68.0%)]	Loss: 0.0007546059205196798
[2023-05-01 21:39:27] Train Epoch: 8 [14400/20000 (72.0%)]	Loss: 4.173031993559562e-05
[2023-05-01 21:39:31] Train Epoch: 8 [15200/20000 (76.0%)]	Loss: 9.327654879598413e-06
[2023-05-01 21:39:35] Train Epoch: 8 [16000/20000 (80.0%)]	Loss: 0.00013231366756372154
[2023-05-01 21:39:40] Train Epoch: 8 [16800/20000 (84.0%)]	Loss: 1.1540118975972291e-05
[2023-05-01 21:39:44] Train Epoch: 8 [17600/20000 (88.0%)]	Loss: 1.7641435988480225e-05
[2023-05-01 21:39:48] Train Epoch: 8 [18400/20000 (92.0%)]	Loss: 9.439265340915881e-06
[2023-05-01 21:39:52] Train Epoch: 8 [19200/20000 (96.0%)]	Loss: 9.700452210381627e-06
[2023-05-01 21:40:04] Stop At epoch 8/20 due to valid not increase
[2023-05-01 21:40:06] ========== Metrics ==========
[2023-05-01 21:40:06] {
  "tr_loss": 0.0005584068840099007,
  "tr_acc": 0.9997999799979999,
  "tr_f1": 0.9997999799979999,
  "val_loss": 1.31009900564216,
  "val_acc": 0.83247468466868,
  "val_f1": 0.8305480682839174,
  "test_loss": 1.132988132435455,
  "test_acc": 0.8373983739837398,
  "test_f1": 0.8342541436464088
}
[2023-05-01 21:40:06] ========== Metrics ==========
