[2023-05-02 06:52:33] Train Epoch: 1 [0/20000 (0.0%)]	Loss: 0.668495237827301
[2023-05-02 06:52:48] Train Epoch: 1 [800/20000 (4.0%)]	Loss: 0.5895797610282898
[2023-05-02 06:53:03] Train Epoch: 1 [1600/20000 (8.0%)]	Loss: 0.6078138947486877
[2023-05-02 06:53:18] Train Epoch: 1 [2400/20000 (12.0%)]	Loss: 0.5494084358215332
[2023-05-02 06:53:32] Train Epoch: 1 [3200/20000 (16.0%)]	Loss: 0.5064485669136047
[2023-05-02 06:53:46] Train Epoch: 1 [4000/20000 (20.0%)]	Loss: 0.5143320560455322
[2023-05-02 06:54:00] Train Epoch: 1 [4800/20000 (24.0%)]	Loss: 0.5135644674301147
[2023-05-02 06:54:14] Train Epoch: 1 [5600/20000 (28.0%)]	Loss: 0.3505935072898865
[2023-05-02 06:54:29] Train Epoch: 1 [6400/20000 (32.0%)]	Loss: 0.42211055755615234
[2023-05-02 06:54:42] Train Epoch: 1 [7200/20000 (36.0%)]	Loss: 0.5590488910675049
[2023-05-02 06:54:56] Train Epoch: 1 [8000/20000 (40.0%)]	Loss: 0.4162440299987793
[2023-05-02 06:55:10] Train Epoch: 1 [8800/20000 (44.0%)]	Loss: 0.36779913306236267
[2023-05-02 06:55:24] Train Epoch: 1 [9600/20000 (48.0%)]	Loss: 0.33086642622947693
[2023-05-02 06:55:39] Train Epoch: 1 [10400/20000 (52.0%)]	Loss: 0.16292165219783783
[2023-05-02 06:55:53] Train Epoch: 1 [11200/20000 (56.0%)]	Loss: 0.4327845573425293
[2023-05-02 06:56:07] Train Epoch: 1 [12000/20000 (60.0%)]	Loss: 0.4363725483417511
[2023-05-02 06:56:22] Train Epoch: 1 [12800/20000 (64.0%)]	Loss: 0.21390408277511597
[2023-05-02 06:56:36] Train Epoch: 1 [13600/20000 (68.0%)]	Loss: 0.30961674451828003
[2023-05-02 06:56:49] Train Epoch: 1 [14400/20000 (72.0%)]	Loss: 0.47874143719673157
[2023-05-02 06:57:03] Train Epoch: 1 [15200/20000 (76.0%)]	Loss: 0.5177031755447388
[2023-05-02 06:57:17] Train Epoch: 1 [16000/20000 (80.0%)]	Loss: 0.1711043417453766
[2023-05-02 06:57:32] Train Epoch: 1 [16800/20000 (84.0%)]	Loss: 0.3966071903705597
[2023-05-02 06:57:46] Train Epoch: 1 [17600/20000 (88.0%)]	Loss: 0.2788964509963989
[2023-05-02 06:58:00] Train Epoch: 1 [18400/20000 (92.0%)]	Loss: 0.6242785453796387
[2023-05-02 06:58:14] Train Epoch: 1 [19200/20000 (96.0%)]	Loss: 0.4557171165943146
[2023-05-02 06:59:12] ========== Metrics ==========
[2023-05-02 06:59:12] {
  "tr_loss": 0.4638773008744375,
  "tr_acc": 0.7757775777577758,
  "tr_f1": 0.7794609482589022,
  "val_loss": 0.3782514697557911,
  "val_acc": 0.8317640788772428,
  "val_f1": 0.8434451975533146,
  "test_loss": 0.3315650937841514,
  "test_acc": 0.8563685636856369,
  "test_f1": 0.8608923884514434
}
[2023-05-02 06:59:12] ========== Metrics ==========
[2023-05-02 06:59:14] Train Epoch: 2 [0/20000 (0.0%)]	Loss: 0.33475765585899353
[2023-05-02 06:59:30] Train Epoch: 2 [800/20000 (4.0%)]	Loss: 0.11596555262804031
[2023-05-02 06:59:44] Train Epoch: 2 [1600/20000 (8.0%)]	Loss: 0.22929711639881134
[2023-05-02 06:59:59] Train Epoch: 2 [2400/20000 (12.0%)]	Loss: 0.37441933155059814
[2023-05-02 07:00:14] Train Epoch: 2 [3200/20000 (16.0%)]	Loss: 0.1523401439189911
[2023-05-02 07:00:28] Train Epoch: 2 [4000/20000 (20.0%)]	Loss: 0.12083699554204941
[2023-05-02 07:00:42] Train Epoch: 2 [4800/20000 (24.0%)]	Loss: 0.22418351471424103
[2023-05-02 07:00:57] Train Epoch: 2 [5600/20000 (28.0%)]	Loss: 0.766025722026825
[2023-05-02 07:01:11] Train Epoch: 2 [6400/20000 (32.0%)]	Loss: 0.12978225946426392
[2023-05-02 07:01:25] Train Epoch: 2 [7200/20000 (36.0%)]	Loss: 0.07798958569765091
[2023-05-02 07:01:39] Train Epoch: 2 [8000/20000 (40.0%)]	Loss: 0.13521315157413483
[2023-05-02 07:01:53] Train Epoch: 2 [8800/20000 (44.0%)]	Loss: 0.07937485724687576
[2023-05-02 07:02:07] Train Epoch: 2 [9600/20000 (48.0%)]	Loss: 0.2209031879901886
[2023-05-02 07:02:21] Train Epoch: 2 [10400/20000 (52.0%)]	Loss: 0.1427980363368988
[2023-05-02 07:02:35] Train Epoch: 2 [11200/20000 (56.0%)]	Loss: 0.2207053005695343
[2023-05-02 07:02:49] Train Epoch: 2 [12000/20000 (60.0%)]	Loss: 0.38057276606559753
[2023-05-02 07:03:03] Train Epoch: 2 [12800/20000 (64.0%)]	Loss: 0.11650020629167557
[2023-05-02 07:03:17] Train Epoch: 2 [13600/20000 (68.0%)]	Loss: 0.2900819480419159
[2023-05-02 07:03:32] Train Epoch: 2 [14400/20000 (72.0%)]	Loss: 0.35335397720336914
[2023-05-02 07:03:46] Train Epoch: 2 [15200/20000 (76.0%)]	Loss: 0.09099998325109482
[2023-05-02 07:04:00] Train Epoch: 2 [16000/20000 (80.0%)]	Loss: 0.10258112102746964
[2023-05-02 07:04:14] Train Epoch: 2 [16800/20000 (84.0%)]	Loss: 0.15190768241882324
[2023-05-02 07:04:28] Train Epoch: 2 [17600/20000 (88.0%)]	Loss: 0.2531033158302307
[2023-05-02 07:04:42] Train Epoch: 2 [18400/20000 (92.0%)]	Loss: 0.1395605057477951
[2023-05-02 07:04:56] Train Epoch: 2 [19200/20000 (96.0%)]	Loss: 0.06866371631622314
[2023-05-02 07:05:54] ========== Metrics ==========
[2023-05-02 07:05:54] {
  "tr_loss": 0.2673190941717258,
  "tr_acc": 0.8937893789378938,
  "tr_f1": 0.8939060939060938,
  "val_loss": 0.3767989451602713,
  "val_acc": 0.8344288505951324,
  "val_f1": 0.8479608482871126,
  "test_loss": 0.3272903747351835,
  "test_acc": 0.8672086720867209,
  "test_f1": 0.8759493670886077
}
[2023-05-02 07:05:54] ========== Metrics ==========
[2023-05-02 07:05:56] Train Epoch: 3 [0/20000 (0.0%)]	Loss: 0.33292296528816223
[2023-05-02 07:06:10] Train Epoch: 3 [800/20000 (4.0%)]	Loss: 0.04013260826468468
[2023-05-02 07:06:25] Train Epoch: 3 [1600/20000 (8.0%)]	Loss: 0.0035786712542176247
[2023-05-02 07:06:39] Train Epoch: 3 [2400/20000 (12.0%)]	Loss: 0.01584603823721409
[2023-05-02 07:06:53] Train Epoch: 3 [3200/20000 (16.0%)]	Loss: 0.10274431854486465
[2023-05-02 07:07:07] Train Epoch: 3 [4000/20000 (20.0%)]	Loss: 0.039473216980695724
[2023-05-02 07:07:21] Train Epoch: 3 [4800/20000 (24.0%)]	Loss: 0.09390510618686676
[2023-05-02 07:07:35] Train Epoch: 3 [5600/20000 (28.0%)]	Loss: 0.075533926486969
[2023-05-02 07:07:49] Train Epoch: 3 [6400/20000 (32.0%)]	Loss: 0.2387079894542694
[2023-05-02 07:08:04] Train Epoch: 3 [7200/20000 (36.0%)]	Loss: 0.08359520882368088
[2023-05-02 07:08:18] Train Epoch: 3 [8000/20000 (40.0%)]	Loss: 0.07745106518268585
[2023-05-02 07:08:32] Train Epoch: 3 [8800/20000 (44.0%)]	Loss: 0.04796452820301056
[2023-05-02 07:08:46] Train Epoch: 3 [9600/20000 (48.0%)]	Loss: 0.08706152439117432
[2023-05-02 07:09:01] Train Epoch: 3 [10400/20000 (52.0%)]	Loss: 0.1123899593949318
[2023-05-02 07:09:15] Train Epoch: 3 [11200/20000 (56.0%)]	Loss: 0.2852959632873535
[2023-05-02 07:09:29] Train Epoch: 3 [12000/20000 (60.0%)]	Loss: 0.17310848832130432
[2023-05-02 07:09:43] Train Epoch: 3 [12800/20000 (64.0%)]	Loss: 0.10449893772602081
[2023-05-02 07:09:58] Train Epoch: 3 [13600/20000 (68.0%)]	Loss: 0.01600932888686657
[2023-05-02 07:10:12] Train Epoch: 3 [14400/20000 (72.0%)]	Loss: 0.23102879524230957
[2023-05-02 07:10:26] Train Epoch: 3 [15200/20000 (76.0%)]	Loss: 0.05461976304650307
[2023-05-02 07:10:40] Train Epoch: 3 [16000/20000 (80.0%)]	Loss: 0.22803224623203278
[2023-05-02 07:10:55] Train Epoch: 3 [16800/20000 (84.0%)]	Loss: 0.28720155358314514
[2023-05-02 07:11:09] Train Epoch: 3 [17600/20000 (88.0%)]	Loss: 0.1867644339799881
[2023-05-02 07:11:24] Train Epoch: 3 [18400/20000 (92.0%)]	Loss: 0.07002896815538406
[2023-05-02 07:11:38] Train Epoch: 3 [19200/20000 (96.0%)]	Loss: 0.41136208176612854
[2023-05-02 07:12:36] ========== Metrics ==========
[2023-05-02 07:12:36] {
  "tr_loss": 0.14880262817520581,
  "tr_acc": 0.946994699469947,
  "tr_f1": 0.9469310103134074,
  "val_loss": 0.42141512956494737,
  "val_acc": 0.8481080120802984,
  "val_f1": 0.848,
  "test_loss": 0.38186727441988666,
  "test_acc": 0.8563685636856369,
  "test_f1": 0.8507042253521127
}
[2023-05-02 07:12:36] ========== Metrics ==========
[2023-05-02 07:12:38] Train Epoch: 4 [0/20000 (0.0%)]	Loss: 0.029520977288484573
[2023-05-02 07:12:54] Train Epoch: 4 [800/20000 (4.0%)]	Loss: 0.006529179401695728
[2023-05-02 07:13:08] Train Epoch: 4 [1600/20000 (8.0%)]	Loss: 0.014074944891035557
[2023-05-02 07:13:23] Train Epoch: 4 [2400/20000 (12.0%)]	Loss: 0.07504461705684662
[2023-05-02 07:13:37] Train Epoch: 4 [3200/20000 (16.0%)]	Loss: 0.3839210569858551
[2023-05-02 07:13:51] Train Epoch: 4 [4000/20000 (20.0%)]	Loss: 0.0057151829823851585
[2023-05-02 07:14:05] Train Epoch: 4 [4800/20000 (24.0%)]	Loss: 0.03926697000861168
[2023-05-02 07:14:19] Train Epoch: 4 [5600/20000 (28.0%)]	Loss: 0.0005084375152364373
[2023-05-02 07:14:33] Train Epoch: 4 [6400/20000 (32.0%)]	Loss: 0.04726709425449371
[2023-05-02 07:14:47] Train Epoch: 4 [7200/20000 (36.0%)]	Loss: 0.0025838844012469053
[2023-05-02 07:15:02] Train Epoch: 4 [8000/20000 (40.0%)]	Loss: 0.010169110260903835
[2023-05-02 07:15:16] Train Epoch: 4 [8800/20000 (44.0%)]	Loss: 0.05417551100254059
[2023-05-02 07:15:30] Train Epoch: 4 [9600/20000 (48.0%)]	Loss: 0.0065101697109639645
[2023-05-02 07:15:45] Train Epoch: 4 [10400/20000 (52.0%)]	Loss: 0.16755245625972748
[2023-05-02 07:15:59] Train Epoch: 4 [11200/20000 (56.0%)]	Loss: 0.1227613091468811
[2023-05-02 07:16:13] Train Epoch: 4 [12000/20000 (60.0%)]	Loss: 0.11785802245140076
[2023-05-02 07:16:27] Train Epoch: 4 [12800/20000 (64.0%)]	Loss: 0.012899843044579029
[2023-05-02 07:16:41] Train Epoch: 4 [13600/20000 (68.0%)]	Loss: 0.13381299376487732
[2023-05-02 07:16:56] Train Epoch: 4 [14400/20000 (72.0%)]	Loss: 0.004120681434869766
[2023-05-02 07:17:10] Train Epoch: 4 [15200/20000 (76.0%)]	Loss: 0.050828125327825546
[2023-05-02 07:17:25] Train Epoch: 4 [16000/20000 (80.0%)]	Loss: 0.013428987003862858
[2023-05-02 07:17:39] Train Epoch: 4 [16800/20000 (84.0%)]	Loss: 0.060705311596393585
[2023-05-02 07:17:53] Train Epoch: 4 [17600/20000 (88.0%)]	Loss: 0.21491114795207977
[2023-05-02 07:18:07] Train Epoch: 4 [18400/20000 (92.0%)]	Loss: 0.017789512872695923
[2023-05-02 07:18:21] Train Epoch: 4 [19200/20000 (96.0%)]	Loss: 0.006662631407380104
[2023-05-02 07:19:19] ========== Metrics ==========
[2023-05-02 07:19:19] {
  "tr_loss": 0.05923288605810299,
  "tr_acc": 0.9806480648064807,
  "tr_f1": 0.9806490324516226,
  "val_loss": 0.5688912544798568,
  "val_acc": 0.8369159708651626,
  "val_f1": 0.842754367934224,
  "test_loss": 0.4732079284624032,
  "test_acc": 0.8509485094850948,
  "test_f1": 0.8517520215633424
}
[2023-05-02 07:19:19] ========== Metrics ==========
[2023-05-02 07:19:21] Train Epoch: 5 [0/20000 (0.0%)]	Loss: 0.003888751845806837
[2023-05-02 07:19:36] Train Epoch: 5 [800/20000 (4.0%)]	Loss: 0.001654148567467928
[2023-05-02 07:19:50] Train Epoch: 5 [1600/20000 (8.0%)]	Loss: 0.00039891593041829765
[2023-05-02 07:20:04] Train Epoch: 5 [2400/20000 (12.0%)]	Loss: 0.0018886863254010677
[2023-05-02 07:20:19] Train Epoch: 5 [3200/20000 (16.0%)]	Loss: 0.19742697477340698
[2023-05-02 07:20:34] Train Epoch: 5 [4000/20000 (20.0%)]	Loss: 0.009517550468444824
[2023-05-02 07:20:48] Train Epoch: 5 [4800/20000 (24.0%)]	Loss: 0.001653138780966401
[2023-05-02 07:21:03] Train Epoch: 5 [5600/20000 (28.0%)]	Loss: 0.1490727812051773
[2023-05-02 07:21:17] Train Epoch: 5 [6400/20000 (32.0%)]	Loss: 0.010458745062351227
[2023-05-02 07:21:32] Train Epoch: 5 [7200/20000 (36.0%)]	Loss: 0.02925357036292553
[2023-05-02 07:21:46] Train Epoch: 5 [8000/20000 (40.0%)]	Loss: 0.2463170886039734
[2023-05-02 07:22:00] Train Epoch: 5 [8800/20000 (44.0%)]	Loss: 0.00197023618966341
[2023-05-02 07:22:15] Train Epoch: 5 [9600/20000 (48.0%)]	Loss: 0.0038813790306448936
[2023-05-02 07:22:29] Train Epoch: 5 [10400/20000 (52.0%)]	Loss: 0.004924041219055653
[2023-05-02 07:22:43] Train Epoch: 5 [11200/20000 (56.0%)]	Loss: 0.012765752151608467
[2023-05-02 07:22:58] Train Epoch: 5 [12000/20000 (60.0%)]	Loss: 0.001149613643065095
[2023-05-02 07:23:12] Train Epoch: 5 [12800/20000 (64.0%)]	Loss: 0.0040253945626318455
[2023-05-02 07:23:26] Train Epoch: 5 [13600/20000 (68.0%)]	Loss: 0.007267690729349852
[2023-05-02 07:23:41] Train Epoch: 5 [14400/20000 (72.0%)]	Loss: 0.0021611256524920464
[2023-05-02 07:23:55] Train Epoch: 5 [15200/20000 (76.0%)]	Loss: 0.014903426170349121
[2023-05-02 07:24:09] Train Epoch: 5 [16000/20000 (80.0%)]	Loss: 0.20490343868732452
[2023-05-02 07:24:23] Train Epoch: 5 [16800/20000 (84.0%)]	Loss: 0.0022304002195596695
[2023-05-02 07:24:37] Train Epoch: 5 [17600/20000 (88.0%)]	Loss: 0.00610622251406312
[2023-05-02 07:24:51] Train Epoch: 5 [18400/20000 (92.0%)]	Loss: 0.08885353803634644
[2023-05-02 07:25:06] Train Epoch: 5 [19200/20000 (96.0%)]	Loss: 9.374738147016615e-05
[2023-05-02 07:26:03] ========== Metrics ==========
[2023-05-02 07:26:03] {
  "tr_loss": 0.030435536256283684,
  "tr_acc": 0.9907990799079908,
  "tr_f1": 0.9908018396320737,
  "val_loss": 0.712518912307067,
  "val_acc": 0.8290993071593533,
  "val_f1": 0.8303350970017638,
  "test_loss": 0.6844192848472697,
  "test_acc": 0.8319783197831978,
  "test_f1": 0.8296703296703298
}
[2023-05-02 07:26:03] ========== Metrics ==========
[2023-05-02 07:26:06] Train Epoch: 6 [0/20000 (0.0%)]	Loss: 0.008380637504160404
[2023-05-02 07:26:20] Train Epoch: 6 [800/20000 (4.0%)]	Loss: 0.0032382239587605
[2023-05-02 07:26:34] Train Epoch: 6 [1600/20000 (8.0%)]	Loss: 0.00036903380532748997
[2023-05-02 07:26:49] Train Epoch: 6 [2400/20000 (12.0%)]	Loss: 0.00805636215955019
[2023-05-02 07:27:04] Train Epoch: 6 [3200/20000 (16.0%)]	Loss: 0.0029003212694078684
[2023-05-02 07:27:18] Train Epoch: 6 [4000/20000 (20.0%)]	Loss: 0.00042601881432347
[2023-05-02 07:27:32] Train Epoch: 6 [4800/20000 (24.0%)]	Loss: 0.005982517264783382
[2023-05-02 07:27:46] Train Epoch: 6 [5600/20000 (28.0%)]	Loss: 0.0007125007687136531
[2023-05-02 07:28:00] Train Epoch: 6 [6400/20000 (32.0%)]	Loss: 0.00011867297143908218
[2023-05-02 07:28:14] Train Epoch: 6 [7200/20000 (36.0%)]	Loss: 0.0027864621952176094
[2023-05-02 07:28:28] Train Epoch: 6 [8000/20000 (40.0%)]	Loss: 0.002563121495768428
[2023-05-02 07:28:42] Train Epoch: 6 [8800/20000 (44.0%)]	Loss: 0.0014109463663771749
[2023-05-02 07:28:57] Train Epoch: 6 [9600/20000 (48.0%)]	Loss: 0.000212273167562671
[2023-05-02 07:29:11] Train Epoch: 6 [10400/20000 (52.0%)]	Loss: 0.0001554309856146574
[2023-05-02 07:29:25] Train Epoch: 6 [11200/20000 (56.0%)]	Loss: 0.00027028031763620675
[2023-05-02 07:29:40] Train Epoch: 6 [12000/20000 (60.0%)]	Loss: 0.0008304552175104618
[2023-05-02 07:29:54] Train Epoch: 6 [12800/20000 (64.0%)]	Loss: 0.00011302965867798775
[2023-05-02 07:30:08] Train Epoch: 6 [13600/20000 (68.0%)]	Loss: 0.0003395456587895751
[2023-05-02 07:30:22] Train Epoch: 6 [14400/20000 (72.0%)]	Loss: 0.0007121117087081075
[2023-05-02 07:30:36] Train Epoch: 6 [15200/20000 (76.0%)]	Loss: 0.0003938527952414006
[2023-05-02 07:30:50] Train Epoch: 6 [16000/20000 (80.0%)]	Loss: 0.001389035489410162
[2023-05-02 07:31:05] Train Epoch: 6 [16800/20000 (84.0%)]	Loss: 0.03012694977223873
[2023-05-02 07:31:18] Train Epoch: 6 [17600/20000 (88.0%)]	Loss: 0.0008767438703216612
[2023-05-02 07:31:33] Train Epoch: 6 [18400/20000 (92.0%)]	Loss: 0.010308047756552696
[2023-05-02 07:31:47] Train Epoch: 6 [19200/20000 (96.0%)]	Loss: 0.0022778818383812904
[2023-05-02 07:32:46] ========== Metrics ==========
[2023-05-02 07:32:46] {
  "tr_loss": 0.007703375137554472,
  "tr_acc": 0.9982998299829983,
  "tr_f1": 0.9982998299829983,
  "val_loss": 0.8937760639600197,
  "val_acc": 0.831231124533665,
  "val_f1": 0.8332162921348314,
  "test_loss": 0.8403739657746451,
  "test_acc": 0.8292682926829268,
  "test_f1": 0.8264462809917357
}
[2023-05-02 07:32:46] ========== Metrics ==========
[2023-05-02 07:32:48] Train Epoch: 7 [0/20000 (0.0%)]	Loss: 0.00021150555403437465
[2023-05-02 07:33:04] Train Epoch: 7 [800/20000 (4.0%)]	Loss: 0.00016510831483174115
[2023-05-02 07:33:20] Train Epoch: 7 [1600/20000 (8.0%)]	Loss: 0.0023930242750793695
[2023-05-02 07:33:35] Train Epoch: 7 [2400/20000 (12.0%)]	Loss: 0.00027331916498951614
[2023-05-02 07:33:50] Train Epoch: 7 [3200/20000 (16.0%)]	Loss: 0.0006111971451900899
[2023-05-02 07:34:04] Train Epoch: 7 [4000/20000 (20.0%)]	Loss: 0.0007151492754928768
[2023-05-02 07:34:18] Train Epoch: 7 [4800/20000 (24.0%)]	Loss: 0.000317616097163409
[2023-05-02 07:34:32] Train Epoch: 7 [5600/20000 (28.0%)]	Loss: 9.435795800527558e-05
[2023-05-02 07:34:47] Train Epoch: 7 [6400/20000 (32.0%)]	Loss: 0.0011124213924631476
[2023-05-02 07:35:01] Train Epoch: 7 [7200/20000 (36.0%)]	Loss: 0.0003478888829704374
[2023-05-02 07:35:15] Train Epoch: 7 [8000/20000 (40.0%)]	Loss: 7.931202708277851e-05
[2023-05-02 07:35:29] Train Epoch: 7 [8800/20000 (44.0%)]	Loss: 0.007324931677430868
[2023-05-02 07:35:43] Train Epoch: 7 [9600/20000 (48.0%)]	Loss: 0.00030878689722158015
[2023-05-02 07:35:57] Train Epoch: 7 [10400/20000 (52.0%)]	Loss: 0.00011049130989704281
[2023-05-02 07:36:11] Train Epoch: 7 [11200/20000 (56.0%)]	Loss: 0.00015820433327462524
[2023-05-02 07:36:25] Train Epoch: 7 [12000/20000 (60.0%)]	Loss: 0.0010736228432506323
[2023-05-02 07:36:40] Train Epoch: 7 [12800/20000 (64.0%)]	Loss: 0.0006958080921322107
[2023-05-02 07:36:54] Train Epoch: 7 [13600/20000 (68.0%)]	Loss: 0.0007356106652878225
[2023-05-02 07:37:11] Train Epoch: 7 [14400/20000 (72.0%)]	Loss: 8.183452155208215e-05
[2023-05-02 07:37:26] Train Epoch: 7 [15200/20000 (76.0%)]	Loss: 0.00016172548930626363
[2023-05-02 07:37:41] Train Epoch: 7 [16000/20000 (80.0%)]	Loss: 0.003096439642831683
[2023-05-02 07:37:55] Train Epoch: 7 [16800/20000 (84.0%)]	Loss: 0.002707542385905981
[2023-05-02 07:38:09] Train Epoch: 7 [17600/20000 (88.0%)]	Loss: 0.00018609569815453142
[2023-05-02 07:38:24] Train Epoch: 7 [18400/20000 (92.0%)]	Loss: 0.0001641776179894805
[2023-05-02 07:38:38] Train Epoch: 7 [19200/20000 (96.0%)]	Loss: 0.0009265992557629943
[2023-05-02 07:39:37] ========== Metrics ==========
[2023-05-02 07:39:37] {
  "tr_loss": 0.004070662826441406,
  "tr_acc": 0.9991499149914992,
  "tr_f1": 0.9991501274808778,
  "val_loss": 0.9154819157128423,
  "val_acc": 0.8298099129507905,
  "val_f1": 0.8309809456598446,
  "test_loss": 0.889332053905257,
  "test_acc": 0.8265582655826558,
  "test_f1": 0.8232044198895027
}
[2023-05-02 07:39:37] ========== Metrics ==========
[2023-05-02 07:39:40] Train Epoch: 8 [0/20000 (0.0%)]	Loss: 0.0021558688022196293
[2023-05-02 07:39:56] Train Epoch: 8 [800/20000 (4.0%)]	Loss: 0.00033147906651720405
[2023-05-02 07:40:10] Train Epoch: 8 [1600/20000 (8.0%)]	Loss: 0.00019434638670645654
[2023-05-02 07:40:25] Train Epoch: 8 [2400/20000 (12.0%)]	Loss: 4.984049519407563e-05
[2023-05-02 07:40:41] Train Epoch: 8 [3200/20000 (16.0%)]	Loss: 0.00025098456535488367
[2023-05-02 07:40:57] Train Epoch: 8 [4000/20000 (20.0%)]	Loss: 0.00036928494228050113
[2023-05-02 07:41:12] Train Epoch: 8 [4800/20000 (24.0%)]	Loss: 0.00186669803224504
[2023-05-02 07:41:27] Train Epoch: 8 [5600/20000 (28.0%)]	Loss: 0.00012741131649818271
[2023-05-02 07:41:42] Train Epoch: 8 [6400/20000 (32.0%)]	Loss: 0.00021487506455741823
[2023-05-02 07:41:58] Train Epoch: 8 [7200/20000 (36.0%)]	Loss: 0.00047125708078965545
[2023-05-02 07:42:14] Train Epoch: 8 [8000/20000 (40.0%)]	Loss: 0.001074509578756988
[2023-05-02 07:42:30] Train Epoch: 8 [8800/20000 (44.0%)]	Loss: 9.85046208370477e-05
[2023-05-02 07:42:46] Train Epoch: 8 [9600/20000 (48.0%)]	Loss: 5.578673881245777e-05
[2023-05-02 07:43:02] Train Epoch: 8 [10400/20000 (52.0%)]	Loss: 6.076784120523371e-05
[2023-05-02 07:43:18] Train Epoch: 8 [11200/20000 (56.0%)]	Loss: 8.670968963997439e-05
[2023-05-02 07:43:33] Train Epoch: 8 [12000/20000 (60.0%)]	Loss: 0.0005016750656068325
[2023-05-02 07:43:47] Train Epoch: 8 [12800/20000 (64.0%)]	Loss: 0.0005321436910890043
[2023-05-02 07:44:01] Train Epoch: 8 [13600/20000 (68.0%)]	Loss: 0.0007006527157500386
[2023-05-02 07:44:16] Train Epoch: 8 [14400/20000 (72.0%)]	Loss: 0.0010909498669207096
[2023-05-02 07:44:30] Train Epoch: 8 [15200/20000 (76.0%)]	Loss: 4.7757948777871206e-05
[2023-05-02 07:44:46] Train Epoch: 8 [16000/20000 (80.0%)]	Loss: 2.0905814380967058e-05
[2023-05-02 07:45:02] Train Epoch: 8 [16800/20000 (84.0%)]	Loss: 4.0892457036534324e-05
[2023-05-02 07:45:19] Train Epoch: 8 [17600/20000 (88.0%)]	Loss: 3.503869447740726e-05
[2023-05-02 07:45:35] Train Epoch: 8 [18400/20000 (92.0%)]	Loss: 1.653999242989812e-05
[2023-05-02 07:45:51] Train Epoch: 8 [19200/20000 (96.0%)]	Loss: 9.595322626410052e-05
[2023-05-02 07:46:49] ========== Metrics ==========
[2023-05-02 07:46:49] {
  "tr_loss": 0.0025430705269375376,
  "tr_acc": 0.9995999599959996,
  "tr_f1": 0.9996000000000002,
  "val_loss": 0.9811317662222532,
  "val_acc": 0.8319417303251021,
  "val_f1": 0.8313124108416547,
  "test_loss": 0.9610316543185233,
  "test_acc": 0.8292682926829268,
  "test_f1": 0.8245125348189415
}
[2023-05-02 07:46:49] ========== Metrics ==========
[2023-05-02 07:46:51] Train Epoch: 9 [0/20000 (0.0%)]	Loss: 4.963229366694577e-05
[2023-05-02 07:47:06] Train Epoch: 9 [800/20000 (4.0%)]	Loss: 7.719017594354227e-05
[2023-05-02 07:47:21] Train Epoch: 9 [1600/20000 (8.0%)]	Loss: 9.03128893696703e-05
[2023-05-02 07:47:35] Train Epoch: 9 [2400/20000 (12.0%)]	Loss: 4.366448411019519e-05
[2023-05-02 07:47:50] Train Epoch: 9 [3200/20000 (16.0%)]	Loss: 0.0012351120822131634
[2023-05-02 07:48:05] Train Epoch: 9 [4000/20000 (20.0%)]	Loss: 0.0002449267194606364
[2023-05-02 07:48:20] Train Epoch: 9 [4800/20000 (24.0%)]	Loss: 0.00015450495993718505
[2023-05-02 07:48:36] Train Epoch: 9 [5600/20000 (28.0%)]	Loss: 0.0014330543344840407
[2023-05-02 07:48:52] Train Epoch: 9 [6400/20000 (32.0%)]	Loss: 4.638503378373571e-05
[2023-05-02 07:49:07] Train Epoch: 9 [7200/20000 (36.0%)]	Loss: 0.00045554357348009944
[2023-05-02 07:49:21] Train Epoch: 9 [8000/20000 (40.0%)]	Loss: 0.00013941864017397165
[2023-05-02 07:49:35] Train Epoch: 9 [8800/20000 (44.0%)]	Loss: 0.00010473487054696307
[2023-05-02 07:49:49] Train Epoch: 9 [9600/20000 (48.0%)]	Loss: 6.2397557485383e-05
[2023-05-02 07:50:03] Train Epoch: 9 [10400/20000 (52.0%)]	Loss: 0.0001347748766420409
[2023-05-02 07:50:17] Train Epoch: 9 [11200/20000 (56.0%)]	Loss: 7.970186561578885e-05
[2023-05-02 07:50:31] Train Epoch: 9 [12000/20000 (60.0%)]	Loss: 0.00018245511455461383
[2023-05-02 07:50:45] Train Epoch: 9 [12800/20000 (64.0%)]	Loss: 0.0008496756199747324
[2023-05-02 07:50:59] Train Epoch: 9 [13600/20000 (68.0%)]	Loss: 4.5005119318375364e-05
[2023-05-02 07:51:14] Train Epoch: 9 [14400/20000 (72.0%)]	Loss: 4.536057167570107e-05
[2023-05-02 07:51:28] Train Epoch: 9 [15200/20000 (76.0%)]	Loss: 9.376322850584984e-05
[2023-05-02 07:51:41] Train Epoch: 9 [16000/20000 (80.0%)]	Loss: 0.0004939757636748254
[2023-05-02 07:51:56] Train Epoch: 9 [16800/20000 (84.0%)]	Loss: 0.00013402459444478154
[2023-05-02 07:52:10] Train Epoch: 9 [17600/20000 (88.0%)]	Loss: 6.329686584649608e-05
[2023-05-02 07:52:25] Train Epoch: 9 [18400/20000 (92.0%)]	Loss: 1.0035854757006746e-05
[2023-05-02 07:52:39] Train Epoch: 9 [19200/20000 (96.0%)]	Loss: 3.101589027210139e-05
[2023-05-02 07:53:34] Stop At epoch 9/20 due to valid not increase
[2023-05-02 07:53:39] ========== Metrics ==========
[2023-05-02 07:53:39] {
  "tr_loss": 0.0018835045128705015,
  "tr_acc": 0.9997499749974997,
  "tr_f1": 0.999749987499375,
  "val_loss": 1.061674470498117,
  "val_acc": 0.8273227926807604,
  "val_f1": 0.8321243523316062,
  "test_loss": 1.0006213355948266,
  "test_acc": 0.8184281842818428,
  "test_f1": 0.8194070080862534
}
[2023-05-02 07:53:39] ========== Metrics ==========
