[2023-05-01 21:05:59] Train Epoch: 1 [0/20000 (0.0%)]	Loss: 0.6997650265693665
[2023-05-01 21:06:02] Train Epoch: 1 [800/20000 (4.0%)]	Loss: 0.6818912625312805
[2023-05-01 21:06:04] Train Epoch: 1 [1600/20000 (8.0%)]	Loss: 0.6810193061828613
[2023-05-01 21:06:07] Train Epoch: 1 [2400/20000 (12.0%)]	Loss: 0.5976927280426025
[2023-05-01 21:06:09] Train Epoch: 1 [3200/20000 (16.0%)]	Loss: 0.589055061340332
[2023-05-01 21:06:12] Train Epoch: 1 [4000/20000 (20.0%)]	Loss: 0.366231769323349
[2023-05-01 21:06:14] Train Epoch: 1 [4800/20000 (24.0%)]	Loss: 0.299610435962677
[2023-05-01 21:06:17] Train Epoch: 1 [5600/20000 (28.0%)]	Loss: 0.32886090874671936
[2023-05-01 21:06:19] Train Epoch: 1 [6400/20000 (32.0%)]	Loss: 0.34669607877731323
[2023-05-01 21:06:22] Train Epoch: 1 [7200/20000 (36.0%)]	Loss: 0.33586385846138
[2023-05-01 21:06:24] Train Epoch: 1 [8000/20000 (40.0%)]	Loss: 0.4279440939426422
[2023-05-01 21:06:27] Train Epoch: 1 [8800/20000 (44.0%)]	Loss: 0.4206289052963257
[2023-05-01 21:06:29] Train Epoch: 1 [9600/20000 (48.0%)]	Loss: 0.5307048559188843
[2023-05-01 21:06:32] Train Epoch: 1 [10400/20000 (52.0%)]	Loss: 0.5259806513786316
[2023-05-01 21:06:34] Train Epoch: 1 [11200/20000 (56.0%)]	Loss: 0.23805291950702667
[2023-05-01 21:06:36] Train Epoch: 1 [12000/20000 (60.0%)]	Loss: 0.8402422666549683
[2023-05-01 21:06:39] Train Epoch: 1 [12800/20000 (64.0%)]	Loss: 0.17835411429405212
[2023-05-01 21:06:42] Train Epoch: 1 [13600/20000 (68.0%)]	Loss: 0.20950384438037872
[2023-05-01 21:06:44] Train Epoch: 1 [14400/20000 (72.0%)]	Loss: 0.4423484206199646
[2023-05-01 21:06:46] Train Epoch: 1 [15200/20000 (76.0%)]	Loss: 0.1286294311285019
[2023-05-01 21:06:49] Train Epoch: 1 [16000/20000 (80.0%)]	Loss: 0.5214242339134216
[2023-05-01 21:06:51] Train Epoch: 1 [16800/20000 (84.0%)]	Loss: 0.534857451915741
[2023-05-01 21:06:54] Train Epoch: 1 [17600/20000 (88.0%)]	Loss: 0.17278257012367249
[2023-05-01 21:06:56] Train Epoch: 1 [18400/20000 (92.0%)]	Loss: 0.5285218358039856
[2023-05-01 21:06:59] Train Epoch: 1 [19200/20000 (96.0%)]	Loss: 0.20994260907173157
[2023-05-01 21:07:11] ========== Metrics ==========
[2023-05-01 21:07:11] {
  "tr_loss": 0.4418899074639424,
  "tr_acc": 0.7908290829082908,
  "tr_f1": 0.7932994020852893,
  "val_loss": 0.42471312644278775,
  "val_acc": 0.8079587848640967,
  "val_f1": 0.8307499608579928,
  "test_loss": 0.3960318352148785,
  "test_acc": 0.8048780487804879,
  "test_f1": 0.8252427184466019
}
[2023-05-01 21:07:11] ========== Metrics ==========
[2023-05-01 21:07:12] Train Epoch: 2 [0/20000 (0.0%)]	Loss: 0.20064426958560944
[2023-05-01 21:07:14] Train Epoch: 2 [800/20000 (4.0%)]	Loss: 0.2792535424232483
[2023-05-01 21:07:17] Train Epoch: 2 [1600/20000 (8.0%)]	Loss: 0.22704747319221497
[2023-05-01 21:07:19] Train Epoch: 2 [2400/20000 (12.0%)]	Loss: 0.4303745627403259
[2023-05-01 21:07:22] Train Epoch: 2 [3200/20000 (16.0%)]	Loss: 0.2963358461856842
[2023-05-01 21:07:24] Train Epoch: 2 [4000/20000 (20.0%)]	Loss: 0.4534045159816742
[2023-05-01 21:07:27] Train Epoch: 2 [4800/20000 (24.0%)]	Loss: 0.4006253778934479
[2023-05-01 21:07:29] Train Epoch: 2 [5600/20000 (28.0%)]	Loss: 0.13348454236984253
[2023-05-01 21:07:32] Train Epoch: 2 [6400/20000 (32.0%)]	Loss: 0.0969989150762558
[2023-05-01 21:07:34] Train Epoch: 2 [7200/20000 (36.0%)]	Loss: 0.15416531264781952
[2023-05-01 21:07:37] Train Epoch: 2 [8000/20000 (40.0%)]	Loss: 0.11280937492847443
[2023-05-01 21:07:39] Train Epoch: 2 [8800/20000 (44.0%)]	Loss: 0.10197053849697113
[2023-05-01 21:07:42] Train Epoch: 2 [9600/20000 (48.0%)]	Loss: 0.41239839792251587
[2023-05-01 21:07:45] Train Epoch: 2 [10400/20000 (52.0%)]	Loss: 0.2601631283760071
[2023-05-01 21:07:47] Train Epoch: 2 [11200/20000 (56.0%)]	Loss: 0.08317166566848755
[2023-05-01 21:07:50] Train Epoch: 2 [12000/20000 (60.0%)]	Loss: 0.4838085174560547
[2023-05-01 21:07:52] Train Epoch: 2 [12800/20000 (64.0%)]	Loss: 0.08868337422609329
[2023-05-01 21:07:55] Train Epoch: 2 [13600/20000 (68.0%)]	Loss: 0.38196471333503723
[2023-05-01 21:07:57] Train Epoch: 2 [14400/20000 (72.0%)]	Loss: 0.35492631793022156
[2023-05-01 21:08:00] Train Epoch: 2 [15200/20000 (76.0%)]	Loss: 0.20023559033870697
[2023-05-01 21:08:02] Train Epoch: 2 [16000/20000 (80.0%)]	Loss: 0.059342626482248306
[2023-05-01 21:08:05] Train Epoch: 2 [16800/20000 (84.0%)]	Loss: 0.10706138610839844
[2023-05-01 21:08:07] Train Epoch: 2 [17600/20000 (88.0%)]	Loss: 0.15426421165466309
[2023-05-01 21:08:10] Train Epoch: 2 [18400/20000 (92.0%)]	Loss: 0.6439369320869446
[2023-05-01 21:08:12] Train Epoch: 2 [19200/20000 (96.0%)]	Loss: 0.15144716203212738
[2023-05-01 21:08:24] ========== Metrics ==========
[2023-05-01 21:08:24] {
  "tr_loss": 0.2503385659661552,
  "tr_acc": 0.9020402040204021,
  "tr_f1": 0.9018881153903942,
  "val_loss": 0.34891104951254703,
  "val_acc": 0.8509504352460473,
  "val_f1": 0.845516479469711,
  "test_loss": 0.471118286050109,
  "test_acc": 0.8428184281842819,
  "test_f1": 0.8313953488372093
}
[2023-05-01 21:08:24] ========== Metrics ==========
[2023-05-01 21:08:25] Train Epoch: 3 [0/20000 (0.0%)]	Loss: 0.1708855777978897
[2023-05-01 21:08:27] Train Epoch: 3 [800/20000 (4.0%)]	Loss: 0.12995213270187378
[2023-05-01 21:08:30] Train Epoch: 3 [1600/20000 (8.0%)]	Loss: 0.06449311226606369
[2023-05-01 21:08:32] Train Epoch: 3 [2400/20000 (12.0%)]	Loss: 0.19456395506858826
[2023-05-01 21:08:35] Train Epoch: 3 [3200/20000 (16.0%)]	Loss: 0.037294674664735794
[2023-05-01 21:08:37] Train Epoch: 3 [4000/20000 (20.0%)]	Loss: 0.27613431215286255
[2023-05-01 21:08:40] Train Epoch: 3 [4800/20000 (24.0%)]	Loss: 0.2554117441177368
[2023-05-01 21:08:42] Train Epoch: 3 [5600/20000 (28.0%)]	Loss: 0.08661068975925446
[2023-05-01 21:08:45] Train Epoch: 3 [6400/20000 (32.0%)]	Loss: 0.014551726169884205
[2023-05-01 21:08:47] Train Epoch: 3 [7200/20000 (36.0%)]	Loss: 0.1571366786956787
[2023-05-01 21:08:49] Train Epoch: 3 [8000/20000 (40.0%)]	Loss: 0.16625556349754333
[2023-05-01 21:08:52] Train Epoch: 3 [8800/20000 (44.0%)]	Loss: 0.20009005069732666
[2023-05-01 21:08:54] Train Epoch: 3 [9600/20000 (48.0%)]	Loss: 0.14328476786613464
[2023-05-01 21:08:57] Train Epoch: 3 [10400/20000 (52.0%)]	Loss: 0.30206725001335144
[2023-05-01 21:09:00] Train Epoch: 3 [11200/20000 (56.0%)]	Loss: 0.0513627715408802
[2023-05-01 21:09:02] Train Epoch: 3 [12000/20000 (60.0%)]	Loss: 0.016833411529660225
[2023-05-01 21:09:05] Train Epoch: 3 [12800/20000 (64.0%)]	Loss: 0.010455874726176262
[2023-05-01 21:09:07] Train Epoch: 3 [13600/20000 (68.0%)]	Loss: 0.15774483978748322
[2023-05-01 21:09:10] Train Epoch: 3 [14400/20000 (72.0%)]	Loss: 0.03734739124774933
[2023-05-01 21:09:12] Train Epoch: 3 [15200/20000 (76.0%)]	Loss: 0.030882837250828743
[2023-05-01 21:09:15] Train Epoch: 3 [16000/20000 (80.0%)]	Loss: 0.20707091689109802
[2023-05-01 21:09:18] Train Epoch: 3 [16800/20000 (84.0%)]	Loss: 0.34848737716674805
[2023-05-01 21:09:20] Train Epoch: 3 [17600/20000 (88.0%)]	Loss: 0.18563200533390045
[2023-05-01 21:09:23] Train Epoch: 3 [18400/20000 (92.0%)]	Loss: 0.5192435383796692
[2023-05-01 21:09:25] Train Epoch: 3 [19200/20000 (96.0%)]	Loss: 0.4614250957965851
[2023-05-01 21:09:37] ========== Metrics ==========
[2023-05-01 21:09:37] {
  "tr_loss": 0.12711284548086677,
  "tr_acc": 0.9546954695469547,
  "tr_f1": 0.9546319479218828,
  "val_loss": 0.4507880839113021,
  "val_acc": 0.8434890744359567,
  "val_f1": 0.8444836716681378,
  "test_loss": 0.39960627135666726,
  "test_acc": 0.8265582655826558,
  "test_f1": 0.825136612021858
}
[2023-05-01 21:09:37] ========== Metrics ==========
[2023-05-01 21:09:38] Train Epoch: 4 [0/20000 (0.0%)]	Loss: 0.032173238694667816
[2023-05-01 21:09:40] Train Epoch: 4 [800/20000 (4.0%)]	Loss: 0.04002784565091133
[2023-05-01 21:09:43] Train Epoch: 4 [1600/20000 (8.0%)]	Loss: 0.06399816274642944
[2023-05-01 21:09:45] Train Epoch: 4 [2400/20000 (12.0%)]	Loss: 0.05300028622150421
[2023-05-01 21:09:48] Train Epoch: 4 [3200/20000 (16.0%)]	Loss: 0.37580928206443787
[2023-05-01 21:09:50] Train Epoch: 4 [4000/20000 (20.0%)]	Loss: 0.0029293394181877375
[2023-05-01 21:09:53] Train Epoch: 4 [4800/20000 (24.0%)]	Loss: 0.0038753491826355457
[2023-05-01 21:09:55] Train Epoch: 4 [5600/20000 (28.0%)]	Loss: 0.032060764729976654
[2023-05-01 21:09:58] Train Epoch: 4 [6400/20000 (32.0%)]	Loss: 0.02302168495953083
[2023-05-01 21:10:00] Train Epoch: 4 [7200/20000 (36.0%)]	Loss: 0.004406544845551252
[2023-05-01 21:10:03] Train Epoch: 4 [8000/20000 (40.0%)]	Loss: 0.0021808964665979147
[2023-05-01 21:10:05] Train Epoch: 4 [8800/20000 (44.0%)]	Loss: 0.003331262618303299
[2023-05-01 21:10:08] Train Epoch: 4 [9600/20000 (48.0%)]	Loss: 0.05633937567472458
[2023-05-01 21:10:10] Train Epoch: 4 [10400/20000 (52.0%)]	Loss: 0.004348814487457275
[2023-05-01 21:10:13] Train Epoch: 4 [11200/20000 (56.0%)]	Loss: 0.2504216134548187
[2023-05-01 21:10:15] Train Epoch: 4 [12000/20000 (60.0%)]	Loss: 0.18896843492984772
[2023-05-01 21:10:18] Train Epoch: 4 [12800/20000 (64.0%)]	Loss: 0.04971684515476227
[2023-05-01 21:10:20] Train Epoch: 4 [13600/20000 (68.0%)]	Loss: 0.031159386038780212
[2023-05-01 21:10:23] Train Epoch: 4 [14400/20000 (72.0%)]	Loss: 0.0012496785493567586
[2023-05-01 21:10:26] Train Epoch: 4 [15200/20000 (76.0%)]	Loss: 0.03170769661664963
[2023-05-01 21:10:30] Train Epoch: 4 [16000/20000 (80.0%)]	Loss: 0.03752003610134125
[2023-05-01 21:10:32] Train Epoch: 4 [16800/20000 (84.0%)]	Loss: 0.004868458490818739
[2023-05-01 21:10:35] Train Epoch: 4 [17600/20000 (88.0%)]	Loss: 0.0819767415523529
[2023-05-01 21:10:37] Train Epoch: 4 [18400/20000 (92.0%)]	Loss: 0.018318479880690575
[2023-05-01 21:10:40] Train Epoch: 4 [19200/20000 (96.0%)]	Loss: 0.056713808327913284
[2023-05-01 21:10:52] ========== Metrics ==========
[2023-05-01 21:10:52] {
  "tr_loss": 0.04927524478783578,
  "tr_acc": 0.9846484648464846,
  "tr_f1": 0.9846523021546767,
  "val_loss": 0.6432184994678701,
  "val_acc": 0.8177296144963582,
  "val_f1": 0.8272727272727273,
  "test_loss": 0.5686200954736813,
  "test_acc": 0.8184281842818428,
  "test_f1": 0.8241469816272966
}
[2023-05-01 21:10:52] ========== Metrics ==========
[2023-05-01 21:10:53] Train Epoch: 5 [0/20000 (0.0%)]	Loss: 0.0009036032715812325
[2023-05-01 21:10:55] Train Epoch: 5 [800/20000 (4.0%)]	Loss: 0.0009571606060490012
[2023-05-01 21:10:58] Train Epoch: 5 [1600/20000 (8.0%)]	Loss: 0.11777632683515549
[2023-05-01 21:11:00] Train Epoch: 5 [2400/20000 (12.0%)]	Loss: 0.002749768551439047
[2023-05-01 21:11:03] Train Epoch: 5 [3200/20000 (16.0%)]	Loss: 0.005629498045891523
[2023-05-01 21:11:05] Train Epoch: 5 [4000/20000 (20.0%)]	Loss: 0.01756220869719982
[2023-05-01 21:11:08] Train Epoch: 5 [4800/20000 (24.0%)]	Loss: 0.0005678357556462288
[2023-05-01 21:11:10] Train Epoch: 5 [5600/20000 (28.0%)]	Loss: 0.0004884948139078915
[2023-05-01 21:11:13] Train Epoch: 5 [6400/20000 (32.0%)]	Loss: 0.0072274962440133095
[2023-05-01 21:11:15] Train Epoch: 5 [7200/20000 (36.0%)]	Loss: 0.00010248400212731212
[2023-05-01 21:11:18] Train Epoch: 5 [8000/20000 (40.0%)]	Loss: 0.00046139300684444606
[2023-05-01 21:11:20] Train Epoch: 5 [8800/20000 (44.0%)]	Loss: 0.0003206041583325714
[2023-05-01 21:11:23] Train Epoch: 5 [9600/20000 (48.0%)]	Loss: 0.0003707345749717206
[2023-05-01 21:11:25] Train Epoch: 5 [10400/20000 (52.0%)]	Loss: 0.0004623269196599722
[2023-05-01 21:11:28] Train Epoch: 5 [11200/20000 (56.0%)]	Loss: 2.6723042537923902e-05
[2023-05-01 21:11:30] Train Epoch: 5 [12000/20000 (60.0%)]	Loss: 7.624932914040983e-05
[2023-05-01 21:11:33] Train Epoch: 5 [12800/20000 (64.0%)]	Loss: 0.0006274331826716661
[2023-05-01 21:11:36] Train Epoch: 5 [13600/20000 (68.0%)]	Loss: 0.0002938371617347002
[2023-05-01 21:11:38] Train Epoch: 5 [14400/20000 (72.0%)]	Loss: 3.4272443372174166e-06
[2023-05-01 21:11:40] Train Epoch: 5 [15200/20000 (76.0%)]	Loss: 0.2513009011745453
[2023-05-01 21:11:43] Train Epoch: 5 [16000/20000 (80.0%)]	Loss: 7.594081398565322e-05
[2023-05-01 21:11:46] Train Epoch: 5 [16800/20000 (84.0%)]	Loss: 0.09367217123508453
[2023-05-01 21:11:48] Train Epoch: 5 [17600/20000 (88.0%)]	Loss: 0.006779393181204796
[2023-05-01 21:11:51] Train Epoch: 5 [18400/20000 (92.0%)]	Loss: 0.0011431267485022545
[2023-05-01 21:11:53] Train Epoch: 5 [19200/20000 (96.0%)]	Loss: 0.008928021416068077
[2023-05-01 21:12:05] ========== Metrics ==========
[2023-05-01 21:12:05] {
  "tr_loss": 0.015203588170171953,
  "tr_acc": 0.9955495549554956,
  "tr_f1": 0.9955466599949963,
  "val_loss": 0.903829546402071,
  "val_acc": 0.8237697637235744,
  "val_f1": 0.8269364968597348,
  "test_loss": 1.1938992593346573,
  "test_acc": 0.8048780487804879,
  "test_f1": 0.8043478260869565
}
[2023-05-01 21:12:05] ========== Metrics ==========
[2023-05-01 21:12:06] Train Epoch: 6 [0/20000 (0.0%)]	Loss: 0.0013450182741507888
[2023-05-01 21:12:08] Train Epoch: 6 [800/20000 (4.0%)]	Loss: 0.0003037255955860019
[2023-05-01 21:12:11] Train Epoch: 6 [1600/20000 (8.0%)]	Loss: 9.327101724920794e-05
[2023-05-01 21:12:14] Train Epoch: 6 [2400/20000 (12.0%)]	Loss: 0.005441449116915464
[2023-05-01 21:12:16] Train Epoch: 6 [3200/20000 (16.0%)]	Loss: 1.995933780563064e-05
[2023-05-01 21:12:19] Train Epoch: 6 [4000/20000 (20.0%)]	Loss: 5.609908839687705e-05
[2023-05-01 21:12:21] Train Epoch: 6 [4800/20000 (24.0%)]	Loss: 0.12200123071670532
[2023-05-01 21:12:23] Train Epoch: 6 [5600/20000 (28.0%)]	Loss: 0.00016958302876446396
[2023-05-01 21:12:26] Train Epoch: 6 [6400/20000 (32.0%)]	Loss: 0.00031077954918146133
[2023-05-01 21:12:28] Train Epoch: 6 [7200/20000 (36.0%)]	Loss: 0.00041270809015259147
[2023-05-01 21:12:31] Train Epoch: 6 [8000/20000 (40.0%)]	Loss: 6.379865226335824e-05
[2023-05-01 21:12:33] Train Epoch: 6 [8800/20000 (44.0%)]	Loss: 0.0005898819654248655
[2023-05-01 21:12:36] Train Epoch: 6 [9600/20000 (48.0%)]	Loss: 0.000259628111962229
[2023-05-01 21:12:38] Train Epoch: 6 [10400/20000 (52.0%)]	Loss: 0.001251968089491129
[2023-05-01 21:12:41] Train Epoch: 6 [11200/20000 (56.0%)]	Loss: 0.0009625366074033082
[2023-05-01 21:12:43] Train Epoch: 6 [12000/20000 (60.0%)]	Loss: 0.0005983415176160634
[2023-05-01 21:12:46] Train Epoch: 6 [12800/20000 (64.0%)]	Loss: 3.4737575333565474e-05
[2023-05-01 21:12:48] Train Epoch: 6 [13600/20000 (68.0%)]	Loss: 0.0037756820674985647
[2023-05-01 21:12:51] Train Epoch: 6 [14400/20000 (72.0%)]	Loss: 0.000491647282615304
[2023-05-01 21:12:53] Train Epoch: 6 [15200/20000 (76.0%)]	Loss: 8.449806773569435e-05
[2023-05-01 21:12:56] Train Epoch: 6 [16000/20000 (80.0%)]	Loss: 0.00042107285116799176
[2023-05-01 21:12:58] Train Epoch: 6 [16800/20000 (84.0%)]	Loss: 0.0009890254586935043
[2023-05-01 21:13:00] Train Epoch: 6 [17600/20000 (88.0%)]	Loss: 0.005703747272491455
[2023-05-01 21:13:03] Train Epoch: 6 [18400/20000 (92.0%)]	Loss: 3.919899609172717e-05
[2023-05-01 21:13:05] Train Epoch: 6 [19200/20000 (96.0%)]	Loss: 0.0005318424082361162
[2023-05-01 21:13:17] ========== Metrics ==========
[2023-05-01 21:13:17] {
  "tr_loss": 0.0022577706456487923,
  "tr_acc": 0.9995499549954996,
  "tr_f1": 0.999549977498875,
  "val_loss": 1.0706227479820556,
  "val_acc": 0.8237697637235744,
  "val_f1": 0.8264520643806859,
  "test_loss": 0.9877472208121282,
  "test_acc": 0.8075880758807588,
  "test_f1": 0.8054794520547945
}
[2023-05-01 21:13:17] ========== Metrics ==========
[2023-05-01 21:13:18] Train Epoch: 7 [0/20000 (0.0%)]	Loss: 7.519252540078014e-05
[2023-05-01 21:13:21] Train Epoch: 7 [800/20000 (4.0%)]	Loss: 0.0001778725563781336
[2023-05-01 21:13:23] Train Epoch: 7 [1600/20000 (8.0%)]	Loss: 7.66652465244988e-06
[2023-05-01 21:13:26] Train Epoch: 7 [2400/20000 (12.0%)]	Loss: 6.167139508761466e-05
[2023-05-01 21:13:28] Train Epoch: 7 [3200/20000 (16.0%)]	Loss: 0.00014178268611431122
[2023-05-01 21:13:31] Train Epoch: 7 [4000/20000 (20.0%)]	Loss: 0.00021296768682077527
[2023-05-01 21:13:33] Train Epoch: 7 [4800/20000 (24.0%)]	Loss: 1.0750655746960547e-05
[2023-05-01 21:13:36] Train Epoch: 7 [5600/20000 (28.0%)]	Loss: 0.0005360806826502085
[2023-05-01 21:13:38] Train Epoch: 7 [6400/20000 (32.0%)]	Loss: 5.848407818120904e-05
[2023-05-01 21:13:41] Train Epoch: 7 [7200/20000 (36.0%)]	Loss: 7.674083235542639e-07
[2023-05-01 21:13:43] Train Epoch: 7 [8000/20000 (40.0%)]	Loss: 1.86400102393236e-05
[2023-05-01 21:13:46] Train Epoch: 7 [8800/20000 (44.0%)]	Loss: 0.00028104044031351805
[2023-05-01 21:13:48] Train Epoch: 7 [9600/20000 (48.0%)]	Loss: 0.00011992306826869026
[2023-05-01 21:13:51] Train Epoch: 7 [10400/20000 (52.0%)]	Loss: 3.8444227357103955e-06
[2023-05-01 21:13:53] Train Epoch: 7 [11200/20000 (56.0%)]	Loss: 1.1763804650399834e-05
[2023-05-01 21:13:56] Train Epoch: 7 [12000/20000 (60.0%)]	Loss: 3.9561724406667054e-05
[2023-05-01 21:13:58] Train Epoch: 7 [12800/20000 (64.0%)]	Loss: 0.0009198094485327601
[2023-05-01 21:14:01] Train Epoch: 7 [13600/20000 (68.0%)]	Loss: 5.140770554135088e-06
[2023-05-01 21:14:03] Train Epoch: 7 [14400/20000 (72.0%)]	Loss: 8.84748442331329e-05
[2023-05-01 21:14:06] Train Epoch: 7 [15200/20000 (76.0%)]	Loss: 0.0004483289085328579
[2023-05-01 21:14:08] Train Epoch: 7 [16000/20000 (80.0%)]	Loss: 0.0006854895618744195
[2023-05-01 21:14:11] Train Epoch: 7 [16800/20000 (84.0%)]	Loss: 2.2014661226421595e-05
[2023-05-01 21:14:13] Train Epoch: 7 [17600/20000 (88.0%)]	Loss: 6.53585884720087e-05
[2023-05-01 21:14:16] Train Epoch: 7 [18400/20000 (92.0%)]	Loss: 0.00027191717526875436
[2023-05-01 21:14:18] Train Epoch: 7 [19200/20000 (96.0%)]	Loss: 1.6442496416857466e-05
[2023-05-01 21:14:30] ========== Metrics ==========
[2023-05-01 21:14:30] {
  "tr_loss": 0.0011434907150077748,
  "tr_acc": 0.9998499849984999,
  "tr_f1": 0.999849992499625,
  "val_loss": 1.1803324894686666,
  "val_acc": 0.8232368093799964,
  "val_f1": 0.8253466736879059,
  "test_loss": 1.3407167169419407,
  "test_acc": 0.8157181571815718,
  "test_f1": 0.8131868131868132
}
[2023-05-01 21:14:30] ========== Metrics ==========
[2023-05-01 21:14:31] Train Epoch: 8 [0/20000 (0.0%)]	Loss: 0.00010691102215787396
[2023-05-01 21:14:34] Train Epoch: 8 [800/20000 (4.0%)]	Loss: 0.00012679821520578116
[2023-05-01 21:14:36] Train Epoch: 8 [1600/20000 (8.0%)]	Loss: 3.2882100640563294e-05
[2023-05-01 21:14:39] Train Epoch: 8 [2400/20000 (12.0%)]	Loss: 0.00010814546840265393
[2023-05-01 21:14:41] Train Epoch: 8 [3200/20000 (16.0%)]	Loss: 1.6666303054080345e-05
[2023-05-01 21:14:44] Train Epoch: 8 [4000/20000 (20.0%)]	Loss: 1.6457412129966542e-05
[2023-05-01 21:14:46] Train Epoch: 8 [4800/20000 (24.0%)]	Loss: 2.0443310859263875e-05
[2023-05-01 21:14:48] Train Epoch: 8 [5600/20000 (28.0%)]	Loss: 1.8901406292570755e-05
[2023-05-01 21:14:51] Train Epoch: 8 [6400/20000 (32.0%)]	Loss: 0.00014503714919555932
[2023-05-01 21:14:53] Train Epoch: 8 [7200/20000 (36.0%)]	Loss: 0.0001670551864663139
[2023-05-01 21:14:56] Train Epoch: 8 [8000/20000 (40.0%)]	Loss: 0.00012815036461688578
[2023-05-01 21:14:59] Train Epoch: 8 [8800/20000 (44.0%)]	Loss: 7.568491128040478e-05
[2023-05-01 21:15:01] Train Epoch: 8 [9600/20000 (48.0%)]	Loss: 0.0002352091541979462
[2023-05-01 21:15:04] Train Epoch: 8 [10400/20000 (52.0%)]	Loss: 0.00046960028703324497
[2023-05-01 21:15:06] Train Epoch: 8 [11200/20000 (56.0%)]	Loss: 1.221833736053668e-05
[2023-05-01 21:15:08] Train Epoch: 8 [12000/20000 (60.0%)]	Loss: 0.00012035288091283292
[2023-05-01 21:15:11] Train Epoch: 8 [12800/20000 (64.0%)]	Loss: 3.576274707484117e-07
[2023-05-01 21:15:14] Train Epoch: 8 [13600/20000 (68.0%)]	Loss: 2.8758968255715445e-06
[2023-05-01 21:15:16] Train Epoch: 8 [14400/20000 (72.0%)]	Loss: 0.0014327059034258127
[2023-05-01 21:15:18] Train Epoch: 8 [15200/20000 (76.0%)]	Loss: 1.8626435860369384e-07
[2023-05-01 21:15:21] Train Epoch: 8 [16000/20000 (80.0%)]	Loss: 0.00015116656140889972
[2023-05-01 21:15:23] Train Epoch: 8 [16800/20000 (84.0%)]	Loss: 0.002186453202739358
[2023-05-01 21:15:26] Train Epoch: 8 [17600/20000 (88.0%)]	Loss: 4.179728421149775e-06
[2023-05-01 21:15:28] Train Epoch: 8 [18400/20000 (92.0%)]	Loss: 0.00026774333673529327
[2023-05-01 21:15:31] Train Epoch: 8 [19200/20000 (96.0%)]	Loss: 9.514075827610213e-06
[2023-05-01 21:15:41] Stop At epoch 8/20 due to valid not increase
[2023-05-01 21:15:43] ========== Metrics ==========
[2023-05-01 21:15:43] {
  "tr_loss": 0.0006517533837136476,
  "tr_acc": 0.9998999899989999,
  "tr_f1": 0.9998999899989999,
  "val_loss": 1.3500823749376025,
  "val_acc": 0.8232368093799964,
  "val_f1": 0.8231739825839702,
  "test_loss": 1.2779957579201475,
  "test_acc": 0.8184281842818428,
  "test_f1": 0.814404432132964
}
[2023-05-01 21:15:43] ========== Metrics ==========
