[2023-05-01 14:13:28] Train Epoch: 1 [0/20000 (0.0%)]	Loss: 0.7020770907402039
[2023-05-01 14:13:33] Train Epoch: 1 [800/20000 (4.0%)]	Loss: 0.7550374269485474
[2023-05-01 14:13:38] Train Epoch: 1 [1600/20000 (8.0%)]	Loss: 0.4092288613319397
[2023-05-01 14:13:43] Train Epoch: 1 [2400/20000 (12.0%)]	Loss: 0.9329445958137512
[2023-05-01 14:13:48] Train Epoch: 1 [3200/20000 (16.0%)]	Loss: 0.40044260025024414
[2023-05-01 14:13:54] Train Epoch: 1 [4000/20000 (20.0%)]	Loss: 0.6621813774108887
[2023-05-01 14:13:59] Train Epoch: 1 [4800/20000 (24.0%)]	Loss: 0.624719500541687
[2023-05-01 14:14:04] Train Epoch: 1 [5600/20000 (28.0%)]	Loss: 0.37677499651908875
[2023-05-01 14:14:10] Train Epoch: 1 [6400/20000 (32.0%)]	Loss: 0.5118894577026367
[2023-05-01 14:14:15] Train Epoch: 1 [7200/20000 (36.0%)]	Loss: 0.571604311466217
[2023-05-01 14:14:20] Train Epoch: 1 [8000/20000 (40.0%)]	Loss: 0.3927040100097656
[2023-05-01 14:14:25] Train Epoch: 1 [8800/20000 (44.0%)]	Loss: 0.4788733720779419
[2023-05-01 14:14:30] Train Epoch: 1 [9600/20000 (48.0%)]	Loss: 0.4158007502555847
[2023-05-01 14:14:36] Train Epoch: 1 [10400/20000 (52.0%)]	Loss: 0.3914690315723419
[2023-05-01 14:14:41] Train Epoch: 1 [11200/20000 (56.0%)]	Loss: 0.3323168158531189
[2023-05-01 14:14:46] Train Epoch: 1 [12000/20000 (60.0%)]	Loss: 0.5537729859352112
[2023-05-01 14:14:51] Train Epoch: 1 [12800/20000 (64.0%)]	Loss: 0.4178825914859772
[2023-05-01 14:14:57] Train Epoch: 1 [13600/20000 (68.0%)]	Loss: 0.2890365421772003
[2023-05-01 14:15:02] Train Epoch: 1 [14400/20000 (72.0%)]	Loss: 0.43393006920814514
[2023-05-01 14:15:07] Train Epoch: 1 [15200/20000 (76.0%)]	Loss: 0.3711705803871155
[2023-05-01 14:15:12] Train Epoch: 1 [16000/20000 (80.0%)]	Loss: 0.3719998598098755
[2023-05-01 14:15:17] Train Epoch: 1 [16800/20000 (84.0%)]	Loss: 0.33331823348999023
[2023-05-01 14:15:23] Train Epoch: 1 [17600/20000 (88.0%)]	Loss: 0.2277490496635437
[2023-05-01 14:15:28] Train Epoch: 1 [18400/20000 (92.0%)]	Loss: 0.4783797860145569
[2023-05-01 14:15:33] Train Epoch: 1 [19200/20000 (96.0%)]	Loss: 0.2993752360343933
[2023-05-01 14:15:53] ========== Metrics ==========
[2023-05-01 14:15:53] {
  "tr_loss": 0.44633270483730386,
  "tr_acc": 0.7920792079207921,
  "tr_f1": 0.7940972566108745,
  "val_loss": 0.3675501174836964,
  "val_acc": 0.8388701367916148,
  "val_f1": 0.8467128612472536,
  "test_loss": 0.3197296287632247,
  "test_acc": 0.8509485094850948,
  "test_f1": 0.8556430446194225
}
[2023-05-01 14:15:53] ========== Metrics ==========
[2023-05-01 14:15:53] Train Epoch: 2 [0/20000 (0.0%)]	Loss: 0.2181684970855713
[2023-05-01 14:15:58] Train Epoch: 2 [800/20000 (4.0%)]	Loss: 0.18723183870315552
[2023-05-01 14:16:04] Train Epoch: 2 [1600/20000 (8.0%)]	Loss: 0.3126024901866913
[2023-05-01 14:16:09] Train Epoch: 2 [2400/20000 (12.0%)]	Loss: 0.24241584539413452
[2023-05-01 14:16:15] Train Epoch: 2 [3200/20000 (16.0%)]	Loss: 0.46874502301216125
[2023-05-01 14:16:20] Train Epoch: 2 [4000/20000 (20.0%)]	Loss: 0.68118816614151
[2023-05-01 14:16:25] Train Epoch: 2 [4800/20000 (24.0%)]	Loss: 0.42832866311073303
[2023-05-01 14:16:30] Train Epoch: 2 [5600/20000 (28.0%)]	Loss: 0.4008869528770447
[2023-05-01 14:16:35] Train Epoch: 2 [6400/20000 (32.0%)]	Loss: 0.17461644113063812
[2023-05-01 14:16:40] Train Epoch: 2 [7200/20000 (36.0%)]	Loss: 0.5374825596809387
[2023-05-01 14:16:46] Train Epoch: 2 [8000/20000 (40.0%)]	Loss: 0.20382745563983917
[2023-05-01 14:16:51] Train Epoch: 2 [8800/20000 (44.0%)]	Loss: 0.13284887373447418
[2023-05-01 14:16:56] Train Epoch: 2 [9600/20000 (48.0%)]	Loss: 0.5344786643981934
[2023-05-01 14:17:01] Train Epoch: 2 [10400/20000 (52.0%)]	Loss: 0.12131129950284958
[2023-05-01 14:17:06] Train Epoch: 2 [11200/20000 (56.0%)]	Loss: 0.598994791507721
[2023-05-01 14:17:11] Train Epoch: 2 [12000/20000 (60.0%)]	Loss: 0.3157009482383728
[2023-05-01 14:17:16] Train Epoch: 2 [12800/20000 (64.0%)]	Loss: 0.5080541968345642
[2023-05-01 14:17:21] Train Epoch: 2 [13600/20000 (68.0%)]	Loss: 0.6000090837478638
[2023-05-01 14:17:26] Train Epoch: 2 [14400/20000 (72.0%)]	Loss: 0.16717664897441864
[2023-05-01 14:17:31] Train Epoch: 2 [15200/20000 (76.0%)]	Loss: 0.10541723668575287
[2023-05-01 14:17:37] Train Epoch: 2 [16000/20000 (80.0%)]	Loss: 0.34795692563056946
[2023-05-01 14:17:42] Train Epoch: 2 [16800/20000 (84.0%)]	Loss: 0.42469221353530884
[2023-05-01 14:17:47] Train Epoch: 2 [17600/20000 (88.0%)]	Loss: 0.08371228724718094
[2023-05-01 14:17:52] Train Epoch: 2 [18400/20000 (92.0%)]	Loss: 0.3408187925815582
[2023-05-01 14:17:57] Train Epoch: 2 [19200/20000 (96.0%)]	Loss: 0.07145087420940399
[2023-05-01 14:18:17] ========== Metrics ==========
[2023-05-01 14:18:17] {
  "tr_loss": 0.2542582819573056,
  "tr_acc": 0.9011901190119012,
  "tr_f1": 0.9008529854490718,
  "val_loss": 0.3507772051942859,
  "val_acc": 0.8511280866939066,
  "val_f1": 0.8461820851688694,
  "test_loss": 0.33614003068709436,
  "test_acc": 0.8617886178861789,
  "test_f1": 0.8538681948424068
}
[2023-05-01 14:18:17] ========== Metrics ==========
[2023-05-01 14:18:17] Train Epoch: 3 [0/20000 (0.0%)]	Loss: 0.15068332850933075
[2023-05-01 14:18:22] Train Epoch: 3 [800/20000 (4.0%)]	Loss: 0.06751542538404465
[2023-05-01 14:18:28] Train Epoch: 3 [1600/20000 (8.0%)]	Loss: 0.027108369395136833
[2023-05-01 14:18:33] Train Epoch: 3 [2400/20000 (12.0%)]	Loss: 0.0787862241268158
[2023-05-01 14:18:38] Train Epoch: 3 [3200/20000 (16.0%)]	Loss: 0.12902826070785522
[2023-05-01 14:18:43] Train Epoch: 3 [4000/20000 (20.0%)]	Loss: 0.1648813635110855
[2023-05-01 14:18:48] Train Epoch: 3 [4800/20000 (24.0%)]	Loss: 0.01985274814069271
[2023-05-01 14:18:53] Train Epoch: 3 [5600/20000 (28.0%)]	Loss: 0.17910508811473846
[2023-05-01 14:18:58] Train Epoch: 3 [6400/20000 (32.0%)]	Loss: 0.10660432279109955
[2023-05-01 14:19:03] Train Epoch: 3 [7200/20000 (36.0%)]	Loss: 0.12643933296203613
[2023-05-01 14:19:08] Train Epoch: 3 [8000/20000 (40.0%)]	Loss: 0.198123037815094
[2023-05-01 14:19:14] Train Epoch: 3 [8800/20000 (44.0%)]	Loss: 0.07116445153951645
[2023-05-01 14:19:19] Train Epoch: 3 [9600/20000 (48.0%)]	Loss: 0.2541622221469879
[2023-05-01 14:19:24] Train Epoch: 3 [10400/20000 (52.0%)]	Loss: 0.09558875113725662
[2023-05-01 14:19:29] Train Epoch: 3 [11200/20000 (56.0%)]	Loss: 0.07304014265537262
[2023-05-01 14:19:34] Train Epoch: 3 [12000/20000 (60.0%)]	Loss: 0.031330786645412445
[2023-05-01 14:19:39] Train Epoch: 3 [12800/20000 (64.0%)]	Loss: 0.3021010160446167
[2023-05-01 14:19:44] Train Epoch: 3 [13600/20000 (68.0%)]	Loss: 0.06636452674865723
[2023-05-01 14:19:50] Train Epoch: 3 [14400/20000 (72.0%)]	Loss: 0.11093594133853912
[2023-05-01 14:19:55] Train Epoch: 3 [15200/20000 (76.0%)]	Loss: 0.020167475566267967
[2023-05-01 14:20:00] Train Epoch: 3 [16000/20000 (80.0%)]	Loss: 0.2852465510368347
[2023-05-01 14:20:05] Train Epoch: 3 [16800/20000 (84.0%)]	Loss: 0.04190212860703468
[2023-05-01 14:20:10] Train Epoch: 3 [17600/20000 (88.0%)]	Loss: 0.04505288600921631
[2023-05-01 14:20:15] Train Epoch: 3 [18400/20000 (92.0%)]	Loss: 0.021358754485845566
[2023-05-01 14:20:21] Train Epoch: 3 [19200/20000 (96.0%)]	Loss: 0.0920436680316925
[2023-05-01 14:20:40] ========== Metrics ==========
[2023-05-01 14:20:40] {
  "tr_loss": 0.12630526856793584,
  "tr_acc": 0.9564956495649565,
  "tr_f1": 0.9564695286700691,
  "val_loss": 0.4016550647511451,
  "val_acc": 0.8415349085095043,
  "val_f1": 0.8375227686703096,
  "test_loss": 0.40956540094804633,
  "test_acc": 0.8482384823848238,
  "test_f1": 0.8435754189944135
}
[2023-05-01 14:20:40] ========== Metrics ==========
[2023-05-01 14:20:41] Train Epoch: 4 [0/20000 (0.0%)]	Loss: 0.028812186792492867
[2023-05-01 14:20:46] Train Epoch: 4 [800/20000 (4.0%)]	Loss: 0.049143388867378235
[2023-05-01 14:20:51] Train Epoch: 4 [1600/20000 (8.0%)]	Loss: 0.0339667871594429
[2023-05-01 14:20:56] Train Epoch: 4 [2400/20000 (12.0%)]	Loss: 0.0015694265021011233
[2023-05-01 14:21:01] Train Epoch: 4 [3200/20000 (16.0%)]	Loss: 0.0009238001657649875
[2023-05-01 14:21:06] Train Epoch: 4 [4000/20000 (20.0%)]	Loss: 0.1018856018781662
[2023-05-01 14:21:11] Train Epoch: 4 [4800/20000 (24.0%)]	Loss: 0.21642442047595978
[2023-05-01 14:21:17] Train Epoch: 4 [5600/20000 (28.0%)]	Loss: 0.018234658986330032
[2023-05-01 14:21:22] Train Epoch: 4 [6400/20000 (32.0%)]	Loss: 0.03304138034582138
[2023-05-01 14:21:27] Train Epoch: 4 [7200/20000 (36.0%)]	Loss: 0.003392493352293968
[2023-05-01 14:21:32] Train Epoch: 4 [8000/20000 (40.0%)]	Loss: 0.007634628098458052
[2023-05-01 14:21:37] Train Epoch: 4 [8800/20000 (44.0%)]	Loss: 0.0011281538754701614
[2023-05-01 14:21:42] Train Epoch: 4 [9600/20000 (48.0%)]	Loss: 0.01915348321199417
[2023-05-01 14:21:47] Train Epoch: 4 [10400/20000 (52.0%)]	Loss: 0.0002569390053395182
[2023-05-01 14:21:52] Train Epoch: 4 [11200/20000 (56.0%)]	Loss: 0.12532775104045868
[2023-05-01 14:21:57] Train Epoch: 4 [12000/20000 (60.0%)]	Loss: 0.07334371656179428
[2023-05-01 14:22:02] Train Epoch: 4 [12800/20000 (64.0%)]	Loss: 0.0018681915244087577
[2023-05-01 14:22:07] Train Epoch: 4 [13600/20000 (68.0%)]	Loss: 0.18605516850948334
[2023-05-01 14:22:13] Train Epoch: 4 [14400/20000 (72.0%)]	Loss: 0.004388322588056326
[2023-05-01 14:22:18] Train Epoch: 4 [15200/20000 (76.0%)]	Loss: 0.09705322235822678
[2023-05-01 14:22:23] Train Epoch: 4 [16000/20000 (80.0%)]	Loss: 0.016940901055932045
[2023-05-01 14:22:28] Train Epoch: 4 [16800/20000 (84.0%)]	Loss: 0.033692486584186554
[2023-05-01 14:22:33] Train Epoch: 4 [17600/20000 (88.0%)]	Loss: 0.017196014523506165
[2023-05-01 14:22:38] Train Epoch: 4 [18400/20000 (92.0%)]	Loss: 0.1262311041355133
[2023-05-01 14:22:43] Train Epoch: 4 [19200/20000 (96.0%)]	Loss: 0.016066735610365868
[2023-05-01 14:23:03] ========== Metrics ==========
[2023-05-01 14:23:03] {
  "tr_loss": 0.0473130901792667,
  "tr_acc": 0.984948494849485,
  "tr_f1": 0.9849356889044592,
  "val_loss": 0.6816581958680842,
  "val_acc": 0.8314087759815243,
  "val_f1": 0.8377500427423491,
  "test_loss": 0.5547108571461545,
  "test_acc": 0.8455284552845529,
  "test_f1": 0.8488063660477454
}
[2023-05-01 14:23:03] ========== Metrics ==========
[2023-05-01 14:23:04] Train Epoch: 5 [0/20000 (0.0%)]	Loss: 0.004322005435824394
[2023-05-01 14:23:09] Train Epoch: 5 [800/20000 (4.0%)]	Loss: 0.002606466179713607
[2023-05-01 14:23:14] Train Epoch: 5 [1600/20000 (8.0%)]	Loss: 0.00048142089508473873
[2023-05-01 14:23:19] Train Epoch: 5 [2400/20000 (12.0%)]	Loss: 0.000482251780340448
[2023-05-01 14:23:24] Train Epoch: 5 [3200/20000 (16.0%)]	Loss: 0.018473966047167778
[2023-05-01 14:23:29] Train Epoch: 5 [4000/20000 (20.0%)]	Loss: 0.0032068754080682993
[2023-05-01 14:23:34] Train Epoch: 5 [4800/20000 (24.0%)]	Loss: 0.0019071231363341212
[2023-05-01 14:23:39] Train Epoch: 5 [5600/20000 (28.0%)]	Loss: 0.0001695261598797515
[2023-05-01 14:23:45] Train Epoch: 5 [6400/20000 (32.0%)]	Loss: 0.012108757160604
[2023-05-01 14:23:50] Train Epoch: 5 [7200/20000 (36.0%)]	Loss: 0.0013066473184153438
[2023-05-01 14:23:55] Train Epoch: 5 [8000/20000 (40.0%)]	Loss: 0.0017716091824695468
[2023-05-01 14:24:00] Train Epoch: 5 [8800/20000 (44.0%)]	Loss: 0.0013817171566188335
[2023-05-01 14:24:05] Train Epoch: 5 [9600/20000 (48.0%)]	Loss: 0.0013758891727775335
[2023-05-01 14:24:10] Train Epoch: 5 [10400/20000 (52.0%)]	Loss: 0.0001451646676287055
[2023-05-01 14:24:15] Train Epoch: 5 [11200/20000 (56.0%)]	Loss: 0.10708854347467422
[2023-05-01 14:24:21] Train Epoch: 5 [12000/20000 (60.0%)]	Loss: 0.0013620720710605383
[2023-05-01 14:24:26] Train Epoch: 5 [12800/20000 (64.0%)]	Loss: 0.013096677139401436
[2023-05-01 14:24:31] Train Epoch: 5 [13600/20000 (68.0%)]	Loss: 0.0034522968344390392
[2023-05-01 14:24:36] Train Epoch: 5 [14400/20000 (72.0%)]	Loss: 0.0017598678823560476
[2023-05-01 14:24:41] Train Epoch: 5 [15200/20000 (76.0%)]	Loss: 0.0002597006969153881
[2023-05-01 14:24:46] Train Epoch: 5 [16000/20000 (80.0%)]	Loss: 7.759362051729113e-05
[2023-05-01 14:24:51] Train Epoch: 5 [16800/20000 (84.0%)]	Loss: 0.00504515552893281
[2023-05-01 14:24:56] Train Epoch: 5 [17600/20000 (88.0%)]	Loss: 0.0009316785726696253
[2023-05-01 14:25:01] Train Epoch: 5 [18400/20000 (92.0%)]	Loss: 0.25647473335266113
[2023-05-01 14:25:06] Train Epoch: 5 [19200/20000 (96.0%)]	Loss: 0.25709569454193115
[2023-05-01 14:25:26] ========== Metrics ==========
[2023-05-01 14:25:26] {
  "tr_loss": 0.017673653467323,
  "tr_acc": 0.9945494549454945,
  "tr_f1": 0.9945502724863757,
  "val_loss": 0.7439696512928408,
  "val_acc": 0.8290993071593533,
  "val_f1": 0.8312280701754386,
  "test_loss": 0.7684036647865604,
  "test_acc": 0.8536585365853658,
  "test_f1": 0.8548387096774193
}
[2023-05-01 14:25:26] ========== Metrics ==========
[2023-05-01 14:25:26] Train Epoch: 6 [0/20000 (0.0%)]	Loss: 0.0010180205572396517
[2023-05-01 14:25:32] Train Epoch: 6 [800/20000 (4.0%)]	Loss: 0.000368665176210925
[2023-05-01 14:25:37] Train Epoch: 6 [1600/20000 (8.0%)]	Loss: 0.0002298861218150705
[2023-05-01 14:25:42] Train Epoch: 6 [2400/20000 (12.0%)]	Loss: 0.00939320120960474
[2023-05-01 14:25:47] Train Epoch: 6 [3200/20000 (16.0%)]	Loss: 0.00019479551701806486
[2023-05-01 14:25:52] Train Epoch: 6 [4000/20000 (20.0%)]	Loss: 0.0009478457504883409
[2023-05-01 14:25:57] Train Epoch: 6 [4800/20000 (24.0%)]	Loss: 0.00020940403919667006
[2023-05-01 14:26:02] Train Epoch: 6 [5600/20000 (28.0%)]	Loss: 0.002749304287135601
[2023-05-01 14:26:07] Train Epoch: 6 [6400/20000 (32.0%)]	Loss: 0.006044215522706509
[2023-05-01 14:26:12] Train Epoch: 6 [7200/20000 (36.0%)]	Loss: 0.0004781117313541472
[2023-05-01 14:26:18] Train Epoch: 6 [8000/20000 (40.0%)]	Loss: 0.00015376886585727334
[2023-05-01 14:26:23] Train Epoch: 6 [8800/20000 (44.0%)]	Loss: 0.00039049217593856156
[2023-05-01 14:26:28] Train Epoch: 6 [9600/20000 (48.0%)]	Loss: 0.0005919908871874213
[2023-05-01 14:26:33] Train Epoch: 6 [10400/20000 (52.0%)]	Loss: 0.00044557746150530875
[2023-05-01 14:26:38] Train Epoch: 6 [11200/20000 (56.0%)]	Loss: 0.00016199688252527267
[2023-05-01 14:26:43] Train Epoch: 6 [12000/20000 (60.0%)]	Loss: 0.00019948386761825532
[2023-05-01 14:26:48] Train Epoch: 6 [12800/20000 (64.0%)]	Loss: 0.0004886289825662971
[2023-05-01 14:26:53] Train Epoch: 6 [13600/20000 (68.0%)]	Loss: 6.0424408729886636e-05
[2023-05-01 14:26:58] Train Epoch: 6 [14400/20000 (72.0%)]	Loss: 0.0006576063460670412
[2023-05-01 14:27:03] Train Epoch: 6 [15200/20000 (76.0%)]	Loss: 9.758630767464638e-05
[2023-05-01 14:27:08] Train Epoch: 6 [16000/20000 (80.0%)]	Loss: 0.0015928230714052916
[2023-05-01 14:27:13] Train Epoch: 6 [16800/20000 (84.0%)]	Loss: 0.000254477170528844
[2023-05-01 14:27:19] Train Epoch: 6 [17600/20000 (88.0%)]	Loss: 0.00025001802714541554
[2023-05-01 14:27:24] Train Epoch: 6 [18400/20000 (92.0%)]	Loss: 0.00015465075557585806
[2023-05-01 14:27:29] Train Epoch: 6 [19200/20000 (96.0%)]	Loss: 0.00019124813843518496
[2023-05-01 14:27:48] ========== Metrics ==========
[2023-05-01 14:27:48] {
  "tr_loss": 0.004236704871793153,
  "tr_acc": 0.9990499049904991,
  "tr_f1": 0.9990498574786218,
  "val_loss": 0.9031646799207294,
  "val_acc": 0.8294546100550719,
  "val_f1": 0.8311048557353975,
  "test_loss": 0.8088205413120549,
  "test_acc": 0.8563685636856369,
  "test_f1": 0.8563685636856369
}
[2023-05-01 14:27:48] ========== Metrics ==========
[2023-05-01 14:27:49] Train Epoch: 7 [0/20000 (0.0%)]	Loss: 0.00023541755217593163
[2023-05-01 14:27:54] Train Epoch: 7 [800/20000 (4.0%)]	Loss: 0.00027398462407290936
[2023-05-01 14:28:00] Train Epoch: 7 [1600/20000 (8.0%)]	Loss: 0.005137275438755751
[2023-05-01 14:28:05] Train Epoch: 7 [2400/20000 (12.0%)]	Loss: 0.002360122511163354
[2023-05-01 14:28:10] Train Epoch: 7 [3200/20000 (16.0%)]	Loss: 0.002212913939729333
[2023-05-01 14:28:15] Train Epoch: 7 [4000/20000 (20.0%)]	Loss: 0.0005073943757452071
[2023-05-01 14:28:20] Train Epoch: 7 [4800/20000 (24.0%)]	Loss: 0.019863523542881012
[2023-05-01 14:28:25] Train Epoch: 7 [5600/20000 (28.0%)]	Loss: 0.0009301314712502062
[2023-05-01 14:28:30] Train Epoch: 7 [6400/20000 (32.0%)]	Loss: 0.000439466442912817
[2023-05-01 14:28:35] Train Epoch: 7 [7200/20000 (36.0%)]	Loss: 0.0003142862406093627
[2023-05-01 14:28:40] Train Epoch: 7 [8000/20000 (40.0%)]	Loss: 0.00029173624352551997
[2023-05-01 14:28:45] Train Epoch: 7 [8800/20000 (44.0%)]	Loss: 0.000485250202473253
[2023-05-01 14:28:50] Train Epoch: 7 [9600/20000 (48.0%)]	Loss: 7.471354911103845e-05
[2023-05-01 14:28:55] Train Epoch: 7 [10400/20000 (52.0%)]	Loss: 0.00016451218107249588
[2023-05-01 14:29:00] Train Epoch: 7 [11200/20000 (56.0%)]	Loss: 0.00041202714783139527
[2023-05-01 14:29:06] Train Epoch: 7 [12000/20000 (60.0%)]	Loss: 0.00019947135297115892
[2023-05-01 14:29:11] Train Epoch: 7 [12800/20000 (64.0%)]	Loss: 0.000257528037764132
[2023-05-01 14:29:16] Train Epoch: 7 [13600/20000 (68.0%)]	Loss: 0.0002453604538459331
[2023-05-01 14:29:21] Train Epoch: 7 [14400/20000 (72.0%)]	Loss: 0.00016601322568021715
[2023-05-01 14:29:26] Train Epoch: 7 [15200/20000 (76.0%)]	Loss: 6.875507096992806e-05
[2023-05-01 14:29:31] Train Epoch: 7 [16000/20000 (80.0%)]	Loss: 5.9442139900056645e-05
[2023-05-01 14:29:36] Train Epoch: 7 [16800/20000 (84.0%)]	Loss: 0.00039870463660918176
[2023-05-01 14:29:41] Train Epoch: 7 [17600/20000 (88.0%)]	Loss: 2.135251634172164e-05
[2023-05-01 14:29:46] Train Epoch: 7 [18400/20000 (92.0%)]	Loss: 0.00013063880032859743
[2023-05-01 14:29:52] Train Epoch: 7 [19200/20000 (96.0%)]	Loss: 8.889952732715756e-05
[2023-05-01 14:30:11] ========== Metrics ==========
[2023-05-01 14:30:11] {
  "tr_loss": 0.0025157258333061705,
  "tr_acc": 0.9994999499949995,
  "tr_f1": 0.9994999499949995,
  "val_loss": 1.0552657880749357,
  "val_acc": 0.8232368093799964,
  "val_f1": 0.829125880130517,
  "test_loss": 0.916508812648805,
  "test_acc": 0.8509485094850948,
  "test_f1": 0.8541114058355437
}
[2023-05-01 14:30:11] ========== Metrics ==========
[2023-05-01 14:30:11] Train Epoch: 8 [0/20000 (0.0%)]	Loss: 0.0002107441978296265
[2023-05-01 14:30:17] Train Epoch: 8 [800/20000 (4.0%)]	Loss: 6.598899199161679e-05
[2023-05-01 14:30:22] Train Epoch: 8 [1600/20000 (8.0%)]	Loss: 0.0008686560904607177
[2023-05-01 14:30:28] Train Epoch: 8 [2400/20000 (12.0%)]	Loss: 0.0001251419889740646
[2023-05-01 14:30:33] Train Epoch: 8 [3200/20000 (16.0%)]	Loss: 0.00011274603457422927
[2023-05-01 14:30:38] Train Epoch: 8 [4000/20000 (20.0%)]	Loss: 1.1280026228632778e-05
[2023-05-01 14:30:43] Train Epoch: 8 [4800/20000 (24.0%)]	Loss: 3.235583062632941e-05
[2023-05-01 14:30:48] Train Epoch: 8 [5600/20000 (28.0%)]	Loss: 2.9621329304063693e-05
[2023-05-01 14:30:53] Train Epoch: 8 [6400/20000 (32.0%)]	Loss: 9.935711568687111e-05
[2023-05-01 14:30:58] Train Epoch: 8 [7200/20000 (36.0%)]	Loss: 0.0008209017105400562
[2023-05-01 14:31:03] Train Epoch: 8 [8000/20000 (40.0%)]	Loss: 2.4503926397301257e-05
[2023-05-01 14:31:08] Train Epoch: 8 [8800/20000 (44.0%)]	Loss: 1.8193808500654995e-05
[2023-05-01 14:31:13] Train Epoch: 8 [9600/20000 (48.0%)]	Loss: 0.00011322055797791108
[2023-05-01 14:31:19] Train Epoch: 8 [10400/20000 (52.0%)]	Loss: 0.010166584514081478
[2023-05-01 14:31:24] Train Epoch: 8 [11200/20000 (56.0%)]	Loss: 5.4728996474295855e-05
[2023-05-01 14:31:29] Train Epoch: 8 [12000/20000 (60.0%)]	Loss: 0.0004015271842945367
[2023-05-01 14:31:34] Train Epoch: 8 [12800/20000 (64.0%)]	Loss: 0.00016015704022720456
[2023-05-01 14:31:40] Train Epoch: 8 [13600/20000 (68.0%)]	Loss: 0.00014157171244733036
[2023-05-01 14:31:45] Train Epoch: 8 [14400/20000 (72.0%)]	Loss: 3.0486595278489403e-05
[2023-05-01 14:31:50] Train Epoch: 8 [15200/20000 (76.0%)]	Loss: 3.0478378903353587e-05
[2023-05-01 14:31:55] Train Epoch: 8 [16000/20000 (80.0%)]	Loss: 9.64213177212514e-05
[2023-05-01 14:32:00] Train Epoch: 8 [16800/20000 (84.0%)]	Loss: 6.877613486722112e-05
[2023-05-01 14:32:05] Train Epoch: 8 [17600/20000 (88.0%)]	Loss: 8.30820354167372e-05
[2023-05-01 14:32:10] Train Epoch: 8 [18400/20000 (92.0%)]	Loss: 6.526664947159588e-06
[2023-05-01 14:32:15] Train Epoch: 8 [19200/20000 (96.0%)]	Loss: 1.176424393634079e-05
[2023-05-01 14:32:33] Stop At epoch 8/20 due to valid not increase
[2023-05-01 14:32:35] ========== Metrics ==========
[2023-05-01 14:32:35] {
  "tr_loss": 0.001697558010368741,
  "tr_acc": 0.9996999699969997,
  "tr_f1": 0.9996999699969997,
  "val_loss": 1.0806186149136985,
  "val_acc": 0.8273227926807604,
  "val_f1": 0.8287526427061311,
  "test_loss": 0.9529962672894255,
  "test_acc": 0.8482384823848238,
  "test_f1": 0.8469945355191258
}
[2023-05-01 14:32:35] ========== Metrics ==========
