[2023-05-03 08:52:12] Train Epoch: 1 [0/20000 (0.0%)]	Loss: 0.7036163806915283
[2023-05-03 08:52:24] Train Epoch: 1 [800/20000 (4.0%)]	Loss: 0.5978085398674011
[2023-05-03 08:52:35] Train Epoch: 1 [1600/20000 (8.0%)]	Loss: 0.4399048089981079
[2023-05-03 08:52:46] Train Epoch: 1 [2400/20000 (12.0%)]	Loss: 0.8689096570014954
[2023-05-03 08:52:57] Train Epoch: 1 [3200/20000 (16.0%)]	Loss: 0.6353231072425842
[2023-05-03 08:53:08] Train Epoch: 1 [4000/20000 (20.0%)]	Loss: 0.8110307455062866
[2023-05-03 08:53:19] Train Epoch: 1 [4800/20000 (24.0%)]	Loss: 0.41970062255859375
[2023-05-03 08:53:30] Train Epoch: 1 [5600/20000 (28.0%)]	Loss: 0.36384743452072144
[2023-05-03 08:53:41] Train Epoch: 1 [6400/20000 (32.0%)]	Loss: 0.5374326109886169
[2023-05-03 08:53:52] Train Epoch: 1 [7200/20000 (36.0%)]	Loss: 0.5098147988319397
[2023-05-03 08:54:03] Train Epoch: 1 [8000/20000 (40.0%)]	Loss: 0.7249804139137268
[2023-05-03 08:54:14] Train Epoch: 1 [8800/20000 (44.0%)]	Loss: 0.6233935952186584
[2023-05-03 08:54:24] Train Epoch: 1 [9600/20000 (48.0%)]	Loss: 0.3817000389099121
[2023-05-03 08:54:35] Train Epoch: 1 [10400/20000 (52.0%)]	Loss: 0.6380571722984314
[2023-05-03 08:54:46] Train Epoch: 1 [11200/20000 (56.0%)]	Loss: 0.46645528078079224
[2023-05-03 08:54:57] Train Epoch: 1 [12000/20000 (60.0%)]	Loss: 0.18866929411888123
[2023-05-03 08:55:08] Train Epoch: 1 [12800/20000 (64.0%)]	Loss: 0.5258520245552063
[2023-05-03 08:55:19] Train Epoch: 1 [13600/20000 (68.0%)]	Loss: 0.3332270085811615
[2023-05-03 08:55:29] Train Epoch: 1 [14400/20000 (72.0%)]	Loss: 0.5874565839767456
[2023-05-03 08:55:40] Train Epoch: 1 [15200/20000 (76.0%)]	Loss: 0.48708051443099976
[2023-05-03 08:55:51] Train Epoch: 1 [16000/20000 (80.0%)]	Loss: 0.2786216735839844
[2023-05-03 08:56:02] Train Epoch: 1 [16800/20000 (84.0%)]	Loss: 0.4705936014652252
[2023-05-03 08:56:12] Train Epoch: 1 [17600/20000 (88.0%)]	Loss: 0.4887993037700653
[2023-05-03 08:56:23] Train Epoch: 1 [18400/20000 (92.0%)]	Loss: 0.8227968215942383
[2023-05-03 08:56:34] Train Epoch: 1 [19200/20000 (96.0%)]	Loss: 0.42381566762924194
[2023-05-03 08:57:17] ========== Metrics ==========
[2023-05-03 08:57:17] {
  "tr_loss": 0.4551296303815658,
  "tr_acc": 0.7845784578457846,
  "tr_f1": 0.7860123186966024,
  "val_loss": 0.3704744081426035,
  "val_acc": 0.8372712737608812,
  "val_f1": 0.8396358543417367,
  "test_loss": 0.3584735404831284,
  "test_acc": 0.8238482384823849,
  "test_f1": 0.8179271708683472
}
[2023-05-03 08:57:17] ========== Metrics ==========
[2023-05-03 08:57:19] Train Epoch: 2 [0/20000 (0.0%)]	Loss: 0.24703727662563324
[2023-05-03 08:57:31] Train Epoch: 2 [800/20000 (4.0%)]	Loss: 0.23973506689071655
[2023-05-03 08:57:42] Train Epoch: 2 [1600/20000 (8.0%)]	Loss: 0.16872519254684448
[2023-05-03 08:57:54] Train Epoch: 2 [2400/20000 (12.0%)]	Loss: 0.11210153251886368
[2023-05-03 08:58:05] Train Epoch: 2 [3200/20000 (16.0%)]	Loss: 0.3998212218284607
[2023-05-03 08:58:16] Train Epoch: 2 [4000/20000 (20.0%)]	Loss: 0.10550254583358765
[2023-05-03 08:58:27] Train Epoch: 2 [4800/20000 (24.0%)]	Loss: 0.07794000953435898
[2023-05-03 08:58:38] Train Epoch: 2 [5600/20000 (28.0%)]	Loss: 0.2517220675945282
[2023-05-03 08:58:49] Train Epoch: 2 [6400/20000 (32.0%)]	Loss: 0.2978972792625427
[2023-05-03 08:59:00] Train Epoch: 2 [7200/20000 (36.0%)]	Loss: 0.2599180340766907
[2023-05-03 08:59:10] Train Epoch: 2 [8000/20000 (40.0%)]	Loss: 0.15279608964920044
[2023-05-03 08:59:21] Train Epoch: 2 [8800/20000 (44.0%)]	Loss: 0.720062792301178
[2023-05-03 08:59:32] Train Epoch: 2 [9600/20000 (48.0%)]	Loss: 0.22981056571006775
[2023-05-03 08:59:43] Train Epoch: 2 [10400/20000 (52.0%)]	Loss: 0.5152888298034668
[2023-05-03 08:59:54] Train Epoch: 2 [11200/20000 (56.0%)]	Loss: 0.16860711574554443
[2023-05-03 09:00:05] Train Epoch: 2 [12000/20000 (60.0%)]	Loss: 0.22150781750679016
[2023-05-03 09:00:16] Train Epoch: 2 [12800/20000 (64.0%)]	Loss: 0.7389122843742371
[2023-05-03 09:00:27] Train Epoch: 2 [13600/20000 (68.0%)]	Loss: 0.377469003200531
[2023-05-03 09:00:38] Train Epoch: 2 [14400/20000 (72.0%)]	Loss: 0.15571707487106323
[2023-05-03 09:00:49] Train Epoch: 2 [15200/20000 (76.0%)]	Loss: 0.23594021797180176
[2023-05-03 09:00:59] Train Epoch: 2 [16000/20000 (80.0%)]	Loss: 0.11813504248857498
[2023-05-03 09:01:10] Train Epoch: 2 [16800/20000 (84.0%)]	Loss: 0.3265528380870819
[2023-05-03 09:01:21] Train Epoch: 2 [17600/20000 (88.0%)]	Loss: 0.04621303454041481
[2023-05-03 09:01:32] Train Epoch: 2 [18400/20000 (92.0%)]	Loss: 0.2771114706993103
[2023-05-03 09:01:42] Train Epoch: 2 [19200/20000 (96.0%)]	Loss: 0.046627115458250046
[2023-05-03 09:02:26] ========== Metrics ==========
[2023-05-03 09:02:26] {
  "tr_loss": 0.2597302277438795,
  "tr_acc": 0.8977397739773978,
  "tr_f1": 0.8976015222072005,
  "val_loss": 0.34965770947486347,
  "val_acc": 0.8600106590868716,
  "val_f1": 0.8561518802482658,
  "test_loss": 0.3425628748447268,
  "test_acc": 0.8428184281842819,
  "test_f1": 0.8370786516853933
}
[2023-05-03 09:02:26] ========== Metrics ==========
[2023-05-03 09:02:28] Train Epoch: 3 [0/20000 (0.0%)]	Loss: 0.15404117107391357
[2023-05-03 09:02:40] Train Epoch: 3 [800/20000 (4.0%)]	Loss: 0.0824853926897049
[2023-05-03 09:02:51] Train Epoch: 3 [1600/20000 (8.0%)]	Loss: 0.03613311052322388
[2023-05-03 09:03:02] Train Epoch: 3 [2400/20000 (12.0%)]	Loss: 0.05570647120475769
[2023-05-03 09:03:13] Train Epoch: 3 [3200/20000 (16.0%)]	Loss: 0.03069423884153366
[2023-05-03 09:03:24] Train Epoch: 3 [4000/20000 (20.0%)]	Loss: 0.14052841067314148
[2023-05-03 09:03:35] Train Epoch: 3 [4800/20000 (24.0%)]	Loss: 0.09849920123815536
[2023-05-03 09:03:46] Train Epoch: 3 [5600/20000 (28.0%)]	Loss: 0.016956083476543427
[2023-05-03 09:03:56] Train Epoch: 3 [6400/20000 (32.0%)]	Loss: 0.11787330359220505
[2023-05-03 09:04:07] Train Epoch: 3 [7200/20000 (36.0%)]	Loss: 0.10653743147850037
[2023-05-03 09:04:18] Train Epoch: 3 [8000/20000 (40.0%)]	Loss: 0.07977898418903351
[2023-05-03 09:04:29] Train Epoch: 3 [8800/20000 (44.0%)]	Loss: 0.2913252115249634
[2023-05-03 09:04:40] Train Epoch: 3 [9600/20000 (48.0%)]	Loss: 0.07312705367803574
[2023-05-03 09:04:50] Train Epoch: 3 [10400/20000 (52.0%)]	Loss: 0.1327306032180786
[2023-05-03 09:05:01] Train Epoch: 3 [11200/20000 (56.0%)]	Loss: 0.042700376361608505
[2023-05-03 09:05:12] Train Epoch: 3 [12000/20000 (60.0%)]	Loss: 0.009588238783180714
[2023-05-03 09:05:23] Train Epoch: 3 [12800/20000 (64.0%)]	Loss: 0.024078644812107086
[2023-05-03 09:05:34] Train Epoch: 3 [13600/20000 (68.0%)]	Loss: 0.167201429605484
[2023-05-03 09:05:45] Train Epoch: 3 [14400/20000 (72.0%)]	Loss: 0.030299454927444458
[2023-05-03 09:05:55] Train Epoch: 3 [15200/20000 (76.0%)]	Loss: 0.011820068582892418
[2023-05-03 09:06:06] Train Epoch: 3 [16000/20000 (80.0%)]	Loss: 0.1068500205874443
[2023-05-03 09:06:17] Train Epoch: 3 [16800/20000 (84.0%)]	Loss: 0.09858015924692154
[2023-05-03 09:06:28] Train Epoch: 3 [17600/20000 (88.0%)]	Loss: 0.19452010095119476
[2023-05-03 09:06:38] Train Epoch: 3 [18400/20000 (92.0%)]	Loss: 0.12014278769493103
[2023-05-03 09:06:49] Train Epoch: 3 [19200/20000 (96.0%)]	Loss: 0.06487713009119034
[2023-05-03 09:07:34] ========== Metrics ==========
[2023-05-03 09:07:34] {
  "tr_loss": 0.12797173819780283,
  "tr_acc": 0.9547454745474547,
  "tr_f1": 0.9547341569549342,
  "val_loss": 0.5211134983233606,
  "val_acc": 0.847219754841002,
  "val_f1": 0.8416789396170838,
  "test_loss": 0.8397339691476124,
  "test_acc": 0.8346883468834688,
  "test_f1": 0.8262108262108261
}
[2023-05-03 09:07:34] ========== Metrics ==========
[2023-05-03 09:07:35] Train Epoch: 4 [0/20000 (0.0%)]	Loss: 0.007964233867824078
[2023-05-03 09:07:47] Train Epoch: 4 [800/20000 (4.0%)]	Loss: 0.0013404340716078877
[2023-05-03 09:07:58] Train Epoch: 4 [1600/20000 (8.0%)]	Loss: 0.014198175631463528
[2023-05-03 09:08:10] Train Epoch: 4 [2400/20000 (12.0%)]	Loss: 0.0012862272560596466
[2023-05-03 09:08:21] Train Epoch: 4 [3200/20000 (16.0%)]	Loss: 0.0023387745022773743
[2023-05-03 09:08:32] Train Epoch: 4 [4000/20000 (20.0%)]	Loss: 0.00680173747241497
[2023-05-03 09:08:43] Train Epoch: 4 [4800/20000 (24.0%)]	Loss: 0.1812206357717514
[2023-05-03 09:08:53] Train Epoch: 4 [5600/20000 (28.0%)]	Loss: 0.02912011928856373
[2023-05-03 09:09:04] Train Epoch: 4 [6400/20000 (32.0%)]	Loss: 0.43865683674812317
[2023-05-03 09:09:15] Train Epoch: 4 [7200/20000 (36.0%)]	Loss: 0.10137125849723816
[2023-05-03 09:09:26] Train Epoch: 4 [8000/20000 (40.0%)]	Loss: 0.01907006837427616
[2023-05-03 09:09:37] Train Epoch: 4 [8800/20000 (44.0%)]	Loss: 0.15778493881225586
[2023-05-03 09:09:48] Train Epoch: 4 [9600/20000 (48.0%)]	Loss: 0.030024593695998192
[2023-05-03 09:09:59] Train Epoch: 4 [10400/20000 (52.0%)]	Loss: 0.019508838653564453
[2023-05-03 09:10:10] Train Epoch: 4 [11200/20000 (56.0%)]	Loss: 0.21255753934383392
[2023-05-03 09:10:20] Train Epoch: 4 [12000/20000 (60.0%)]	Loss: 0.21114002168178558
[2023-05-03 09:10:31] Train Epoch: 4 [12800/20000 (64.0%)]	Loss: 0.01101074367761612
[2023-05-03 09:10:42] Train Epoch: 4 [13600/20000 (68.0%)]	Loss: 0.005668310914188623
[2023-05-03 09:10:53] Train Epoch: 4 [14400/20000 (72.0%)]	Loss: 0.003897538175806403
[2023-05-03 09:11:04] Train Epoch: 4 [15200/20000 (76.0%)]	Loss: 0.00977436825633049
[2023-05-03 09:11:15] Train Epoch: 4 [16000/20000 (80.0%)]	Loss: 0.35058629512786865
[2023-05-03 09:11:25] Train Epoch: 4 [16800/20000 (84.0%)]	Loss: 0.006875594146549702
[2023-05-03 09:11:36] Train Epoch: 4 [17600/20000 (88.0%)]	Loss: 0.017664926126599312
[2023-05-03 09:11:47] Train Epoch: 4 [18400/20000 (92.0%)]	Loss: 0.003533843206241727
[2023-05-03 09:11:57] Train Epoch: 4 [19200/20000 (96.0%)]	Loss: 0.003370512742549181
[2023-05-03 09:12:41] ========== Metrics ==========
[2023-05-03 09:12:41] {
  "tr_loss": 0.0506278632558405,
  "tr_acc": 0.983998399839984,
  "tr_f1": 0.983995198559568,
  "val_loss": 0.7820278231241835,
  "val_acc": 0.7800675075501865,
  "val_f1": 0.7321505841627001,
  "test_loss": 0.965142189325679,
  "test_acc": 0.7289972899728997,
  "test_f1": 0.6503496503496503
}
[2023-05-03 09:12:41] ========== Metrics ==========
[2023-05-03 09:12:43] Train Epoch: 5 [0/20000 (0.0%)]	Loss: 0.11986155062913895
[2023-05-03 09:12:55] Train Epoch: 5 [800/20000 (4.0%)]	Loss: 0.0005408741999417543
[2023-05-03 09:13:06] Train Epoch: 5 [1600/20000 (8.0%)]	Loss: 0.17914298176765442
[2023-05-03 09:13:17] Train Epoch: 5 [2400/20000 (12.0%)]	Loss: 0.0009546691435389221
[2023-05-03 09:13:28] Train Epoch: 5 [3200/20000 (16.0%)]	Loss: 0.0008105498272925615
[2023-05-03 09:13:39] Train Epoch: 5 [4000/20000 (20.0%)]	Loss: 0.002478078007698059
[2023-05-03 09:13:50] Train Epoch: 5 [4800/20000 (24.0%)]	Loss: 0.000635859090834856
[2023-05-03 09:14:01] Train Epoch: 5 [5600/20000 (28.0%)]	Loss: 0.0002430898166494444
[2023-05-03 09:14:12] Train Epoch: 5 [6400/20000 (32.0%)]	Loss: 0.010601133108139038
[2023-05-03 09:14:23] Train Epoch: 5 [7200/20000 (36.0%)]	Loss: 0.0010906520765274763
[2023-05-03 09:14:34] Train Epoch: 5 [8000/20000 (40.0%)]	Loss: 0.03147600218653679
[2023-05-03 09:14:44] Train Epoch: 5 [8800/20000 (44.0%)]	Loss: 0.0017890022136271
[2023-05-03 09:14:55] Train Epoch: 5 [9600/20000 (48.0%)]	Loss: 0.02573304995894432
[2023-05-03 09:15:06] Train Epoch: 5 [10400/20000 (52.0%)]	Loss: 0.05451235547661781
[2023-05-03 09:15:17] Train Epoch: 5 [11200/20000 (56.0%)]	Loss: 0.01277705654501915
[2023-05-03 09:15:28] Train Epoch: 5 [12000/20000 (60.0%)]	Loss: 0.0004252895887475461
[2023-05-03 09:15:39] Train Epoch: 5 [12800/20000 (64.0%)]	Loss: 0.00043481073225848377
[2023-05-03 09:15:50] Train Epoch: 5 [13600/20000 (68.0%)]	Loss: 0.005860472563654184
[2023-05-03 09:16:01] Train Epoch: 5 [14400/20000 (72.0%)]	Loss: 0.0988846868276596
[2023-05-03 09:16:11] Train Epoch: 5 [15200/20000 (76.0%)]	Loss: 0.013847986236214638
[2023-05-03 09:16:22] Train Epoch: 5 [16000/20000 (80.0%)]	Loss: 0.06235811859369278
[2023-05-03 09:16:33] Train Epoch: 5 [16800/20000 (84.0%)]	Loss: 0.13346442580223083
[2023-05-03 09:16:44] Train Epoch: 5 [17600/20000 (88.0%)]	Loss: 0.09885754436254501
[2023-05-03 09:16:55] Train Epoch: 5 [18400/20000 (92.0%)]	Loss: 0.10583940893411636
[2023-05-03 09:17:05] Train Epoch: 5 [19200/20000 (96.0%)]	Loss: 0.04845212772488594
[2023-05-03 09:17:49] ========== Metrics ==========
[2023-05-03 09:17:49] {
  "tr_loss": 0.06409112923177342,
  "tr_acc": 0.9798979897989799,
  "tr_f1": 0.9799361149930126,
  "val_loss": 0.5624130929997768,
  "val_acc": 0.8134659797477349,
  "val_f1": 0.8003042982122481,
  "test_loss": 0.6754127524409513,
  "test_acc": 0.7940379403794038,
  "test_f1": 0.7639751552795031
}
[2023-05-03 09:17:49] ========== Metrics ==========
[2023-05-03 09:17:51] Train Epoch: 6 [0/20000 (0.0%)]	Loss: 0.05608323588967323
[2023-05-03 09:18:03] Train Epoch: 6 [800/20000 (4.0%)]	Loss: 0.3558761477470398
[2023-05-03 09:18:14] Train Epoch: 6 [1600/20000 (8.0%)]	Loss: 0.023853518068790436
[2023-05-03 09:18:26] Train Epoch: 6 [2400/20000 (12.0%)]	Loss: 0.005632607266306877
[2023-05-03 09:18:36] Train Epoch: 6 [3200/20000 (16.0%)]	Loss: 0.0023776295129209757
[2023-05-03 09:18:47] Train Epoch: 6 [4000/20000 (20.0%)]	Loss: 0.011820043437182903
[2023-05-03 09:18:58] Train Epoch: 6 [4800/20000 (24.0%)]	Loss: 0.026177221909165382
[2023-05-03 09:19:09] Train Epoch: 6 [5600/20000 (28.0%)]	Loss: 0.03074396774172783
[2023-05-03 09:19:20] Train Epoch: 6 [6400/20000 (32.0%)]	Loss: 0.15749134123325348
[2023-05-03 09:19:31] Train Epoch: 6 [7200/20000 (36.0%)]	Loss: 0.0049308789893984795
[2023-05-03 09:19:42] Train Epoch: 6 [8000/20000 (40.0%)]	Loss: 0.011573325842618942
[2023-05-03 09:19:53] Train Epoch: 6 [8800/20000 (44.0%)]	Loss: 0.004198528826236725
[2023-05-03 09:20:04] Train Epoch: 6 [9600/20000 (48.0%)]	Loss: 0.0038297614082694054
[2023-05-03 09:20:14] Train Epoch: 6 [10400/20000 (52.0%)]	Loss: 0.005444859620183706
[2023-05-03 09:20:25] Train Epoch: 6 [11200/20000 (56.0%)]	Loss: 0.014774832874536514
[2023-05-03 09:20:36] Train Epoch: 6 [12000/20000 (60.0%)]	Loss: 0.004003805574029684
[2023-05-03 09:20:46] Train Epoch: 6 [12800/20000 (64.0%)]	Loss: 0.24131011962890625
[2023-05-03 09:20:57] Train Epoch: 6 [13600/20000 (68.0%)]	Loss: 0.08832316100597382
[2023-05-03 09:21:08] Train Epoch: 6 [14400/20000 (72.0%)]	Loss: 0.009761836379766464
[2023-05-03 09:21:19] Train Epoch: 6 [15200/20000 (76.0%)]	Loss: 0.0038949670270085335
[2023-05-03 09:21:30] Train Epoch: 6 [16000/20000 (80.0%)]	Loss: 0.2693128287792206
[2023-05-03 09:21:40] Train Epoch: 6 [16800/20000 (84.0%)]	Loss: 0.0108663784340024
[2023-05-03 09:21:51] Train Epoch: 6 [17600/20000 (88.0%)]	Loss: 0.003151874989271164
[2023-05-03 09:22:02] Train Epoch: 6 [18400/20000 (92.0%)]	Loss: 0.014938783831894398
[2023-05-03 09:22:12] Train Epoch: 6 [19200/20000 (96.0%)]	Loss: 0.026897674426436424
[2023-05-03 09:22:57] ========== Metrics ==========
[2023-05-03 09:22:57] {
  "tr_loss": 0.041798786831331744,
  "tr_acc": 0.9858985898589859,
  "tr_f1": 0.9859042287313805,
  "val_loss": 0.7070929651861876,
  "val_acc": 0.8255462782021673,
  "val_f1": 0.8227436823104693,
  "test_loss": 0.6528695143335234,
  "test_acc": 0.8211382113821138,
  "test_f1": 0.8092485549132948
}
[2023-05-03 09:22:57] ========== Metrics ==========
[2023-05-03 09:22:58] Train Epoch: 7 [0/20000 (0.0%)]	Loss: 0.006391605827957392
[2023-05-03 09:23:10] Train Epoch: 7 [800/20000 (4.0%)]	Loss: 0.08995287865400314
[2023-05-03 09:23:21] Train Epoch: 7 [1600/20000 (8.0%)]	Loss: 0.008052569814026356
[2023-05-03 09:23:32] Train Epoch: 7 [2400/20000 (12.0%)]	Loss: 0.00161825492978096
[2023-05-03 09:23:43] Train Epoch: 7 [3200/20000 (16.0%)]	Loss: 0.16266058385372162
[2023-05-03 09:23:54] Train Epoch: 7 [4000/20000 (20.0%)]	Loss: 0.003358924062922597
[2023-05-03 09:24:06] Train Epoch: 7 [4800/20000 (24.0%)]	Loss: 0.023169763386249542
[2023-05-03 09:24:16] Train Epoch: 7 [5600/20000 (28.0%)]	Loss: 0.09704835712909698
[2023-05-03 09:24:27] Train Epoch: 7 [6400/20000 (32.0%)]	Loss: 0.0052881548181176186
[2023-05-03 09:24:38] Train Epoch: 7 [7200/20000 (36.0%)]	Loss: 0.0008720313780941069
[2023-05-03 09:24:49] Train Epoch: 7 [8000/20000 (40.0%)]	Loss: 0.0017316631274297833
[2023-05-03 09:25:00] Train Epoch: 7 [8800/20000 (44.0%)]	Loss: 0.018636392429471016
[2023-05-03 09:25:11] Train Epoch: 7 [9600/20000 (48.0%)]	Loss: 0.04593611881136894
[2023-05-03 09:25:22] Train Epoch: 7 [10400/20000 (52.0%)]	Loss: 0.0012828150065615773
[2023-05-03 09:25:32] Train Epoch: 7 [11200/20000 (56.0%)]	Loss: 0.32467421889305115
[2023-05-03 09:25:43] Train Epoch: 7 [12000/20000 (60.0%)]	Loss: 0.0033219074830412865
[2023-05-03 09:25:54] Train Epoch: 7 [12800/20000 (64.0%)]	Loss: 0.0007705359603278339
[2023-05-03 09:26:05] Train Epoch: 7 [13600/20000 (68.0%)]	Loss: 0.002521580783650279
[2023-05-03 09:26:16] Train Epoch: 7 [14400/20000 (72.0%)]	Loss: 0.07125278562307358
[2023-05-03 09:26:27] Train Epoch: 7 [15200/20000 (76.0%)]	Loss: 0.022858159616589546
[2023-05-03 09:26:38] Train Epoch: 7 [16000/20000 (80.0%)]	Loss: 0.0009723480907268822
[2023-05-03 09:26:48] Train Epoch: 7 [16800/20000 (84.0%)]	Loss: 0.01144934631884098
[2023-05-03 09:26:59] Train Epoch: 7 [17600/20000 (88.0%)]	Loss: 0.0012783718993887305
[2023-05-03 09:27:10] Train Epoch: 7 [18400/20000 (92.0%)]	Loss: 0.10776855796575546
[2023-05-03 09:27:21] Train Epoch: 7 [19200/20000 (96.0%)]	Loss: 0.003880714997649193
[2023-05-03 09:28:06] ========== Metrics ==========
[2023-05-03 09:28:06] {
  "tr_loss": 0.02395396609655568,
  "tr_acc": 0.9925492549254925,
  "tr_f1": 0.9925533509920536,
  "val_loss": 0.771398061505562,
  "val_acc": 0.83247468466868,
  "val_f1": 0.8334804873741832,
  "test_loss": 0.6650885989666137,
  "test_acc": 0.8482384823848238,
  "test_f1": 0.8444444444444443
}
[2023-05-03 09:28:06] ========== Metrics ==========
[2023-05-03 09:28:08] Train Epoch: 8 [0/20000 (0.0%)]	Loss: 0.018691664561629295
[2023-05-03 09:28:19] Train Epoch: 8 [800/20000 (4.0%)]	Loss: 0.016959797590970993
[2023-05-03 09:28:31] Train Epoch: 8 [1600/20000 (8.0%)]	Loss: 0.0003527577209752053
[2023-05-03 09:28:42] Train Epoch: 8 [2400/20000 (12.0%)]	Loss: 0.00034153059823438525
[2023-05-03 09:28:53] Train Epoch: 8 [3200/20000 (16.0%)]	Loss: 0.006968437694013119
[2023-05-03 09:29:04] Train Epoch: 8 [4000/20000 (20.0%)]	Loss: 0.00020721839973703027
[2023-05-03 09:29:15] Train Epoch: 8 [4800/20000 (24.0%)]	Loss: 0.006754481233656406
[2023-05-03 09:29:26] Train Epoch: 8 [5600/20000 (28.0%)]	Loss: 0.002771228551864624
[2023-05-03 09:29:37] Train Epoch: 8 [6400/20000 (32.0%)]	Loss: 0.31081363558769226
[2023-05-03 09:29:48] Train Epoch: 8 [7200/20000 (36.0%)]	Loss: 0.001200763857923448
[2023-05-03 09:29:59] Train Epoch: 8 [8000/20000 (40.0%)]	Loss: 0.000708018837030977
[2023-05-03 09:30:10] Train Epoch: 8 [8800/20000 (44.0%)]	Loss: 0.007115392945706844
[2023-05-03 09:30:21] Train Epoch: 8 [9600/20000 (48.0%)]	Loss: 0.0013295505195856094
[2023-05-03 09:30:32] Train Epoch: 8 [10400/20000 (52.0%)]	Loss: 0.0008233237895183265
[2023-05-03 09:30:43] Train Epoch: 8 [11200/20000 (56.0%)]	Loss: 0.0019485705997794867
[2023-05-03 09:30:54] Train Epoch: 8 [12000/20000 (60.0%)]	Loss: 0.00120869604870677
[2023-05-03 09:31:05] Train Epoch: 8 [12800/20000 (64.0%)]	Loss: 0.05342034250497818
[2023-05-03 09:31:16] Train Epoch: 8 [13600/20000 (68.0%)]	Loss: 0.0009302875841967762
[2023-05-03 09:31:26] Train Epoch: 8 [14400/20000 (72.0%)]	Loss: 0.0006259048241190612
[2023-05-03 09:31:37] Train Epoch: 8 [15200/20000 (76.0%)]	Loss: 0.0005699864123016596
[2023-05-03 09:31:48] Train Epoch: 8 [16000/20000 (80.0%)]	Loss: 0.002661725040525198
[2023-05-03 09:31:59] Train Epoch: 8 [16800/20000 (84.0%)]	Loss: 0.0004460409109015018
[2023-05-03 09:32:10] Train Epoch: 8 [17600/20000 (88.0%)]	Loss: 0.003690924495458603
[2023-05-03 09:32:20] Train Epoch: 8 [18400/20000 (92.0%)]	Loss: 0.004965934436768293
[2023-05-03 09:32:31] Train Epoch: 8 [19200/20000 (96.0%)]	Loss: 0.002547872019931674
[2023-05-03 09:33:11] Stop At epoch 8/20 due to valid not increase
[2023-05-03 09:33:15] ========== Metrics ==========
[2023-05-03 09:33:15] {
  "tr_loss": 0.015549014168240541,
  "tr_acc": 0.9957495749574957,
  "tr_f1": 0.9957527607055414,
  "val_loss": 0.7986683311727746,
  "val_acc": 0.8298099129507905,
  "val_f1": 0.8302020560085076,
  "test_loss": 0.7272222985230831,
  "test_acc": 0.8319783197831978,
  "test_f1": 0.8277777777777777
}
[2023-05-03 09:33:15] ========== Metrics ==========
