[2023-05-03 06:27:12] Train Epoch: 1 [0/20000 (0.0%)]	Loss: 0.6834041476249695
[2023-05-03 06:27:19] Train Epoch: 1 [800/20000 (4.0%)]	Loss: 0.7035610675811768
[2023-05-03 06:27:26] Train Epoch: 1 [1600/20000 (8.0%)]	Loss: 0.5931614637374878
[2023-05-03 06:27:32] Train Epoch: 1 [2400/20000 (12.0%)]	Loss: 0.5767034292221069
[2023-05-03 06:27:39] Train Epoch: 1 [3200/20000 (16.0%)]	Loss: 0.4606131315231323
[2023-05-03 06:27:45] Train Epoch: 1 [4000/20000 (20.0%)]	Loss: 0.37822458148002625
[2023-05-03 06:27:52] Train Epoch: 1 [4800/20000 (24.0%)]	Loss: 0.7829157710075378
[2023-05-03 06:27:59] Train Epoch: 1 [5600/20000 (28.0%)]	Loss: 0.5634021162986755
[2023-05-03 06:28:05] Train Epoch: 1 [6400/20000 (32.0%)]	Loss: 0.7155529856681824
[2023-05-03 06:28:12] Train Epoch: 1 [7200/20000 (36.0%)]	Loss: 0.20801150798797607
[2023-05-03 06:28:18] Train Epoch: 1 [8000/20000 (40.0%)]	Loss: 0.4322369396686554
[2023-05-03 06:28:25] Train Epoch: 1 [8800/20000 (44.0%)]	Loss: 0.3384164869785309
[2023-05-03 06:28:31] Train Epoch: 1 [9600/20000 (48.0%)]	Loss: 0.327690988779068
[2023-05-03 06:28:38] Train Epoch: 1 [10400/20000 (52.0%)]	Loss: 0.5446744561195374
[2023-05-03 06:28:44] Train Epoch: 1 [11200/20000 (56.0%)]	Loss: 0.3852632939815521
[2023-05-03 06:28:51] Train Epoch: 1 [12000/20000 (60.0%)]	Loss: 0.4527461528778076
[2023-05-03 06:28:57] Train Epoch: 1 [12800/20000 (64.0%)]	Loss: 0.4708210229873657
[2023-05-03 06:29:03] Train Epoch: 1 [13600/20000 (68.0%)]	Loss: 0.30040353536605835
[2023-05-03 06:29:09] Train Epoch: 1 [14400/20000 (72.0%)]	Loss: 0.6102473735809326
[2023-05-03 06:29:16] Train Epoch: 1 [15200/20000 (76.0%)]	Loss: 0.12702588737010956
[2023-05-03 06:29:22] Train Epoch: 1 [16000/20000 (80.0%)]	Loss: 0.1765943467617035
[2023-05-03 06:29:28] Train Epoch: 1 [16800/20000 (84.0%)]	Loss: 0.32125139236450195
[2023-05-03 06:29:34] Train Epoch: 1 [17600/20000 (88.0%)]	Loss: 0.39742016792297363
[2023-05-03 06:29:41] Train Epoch: 1 [18400/20000 (92.0%)]	Loss: 0.18461847305297852
[2023-05-03 06:29:47] Train Epoch: 1 [19200/20000 (96.0%)]	Loss: 0.46942856907844543
[2023-05-03 06:30:17] ========== Metrics ==========
[2023-05-03 06:30:17] {
  "tr_loss": 0.44680795287809344,
  "tr_acc": 0.7891289128912892,
  "tr_f1": 0.7909374845074613,
  "val_loss": 0.35609781716682704,
  "val_acc": 0.8504174809024694,
  "val_f1": 0.8543756485645105,
  "test_loss": 0.332992816359047,
  "test_acc": 0.8563685636856369,
  "test_f1": 0.8571428571428571
}
[2023-05-03 06:30:17] ========== Metrics ==========
[2023-05-03 06:30:19] Train Epoch: 2 [0/20000 (0.0%)]	Loss: 0.5210675597190857
[2023-05-03 06:30:25] Train Epoch: 2 [800/20000 (4.0%)]	Loss: 0.10631579160690308
[2023-05-03 06:30:32] Train Epoch: 2 [1600/20000 (8.0%)]	Loss: 0.1825963407754898
[2023-05-03 06:30:39] Train Epoch: 2 [2400/20000 (12.0%)]	Loss: 0.406350314617157
[2023-05-03 06:30:45] Train Epoch: 2 [3200/20000 (16.0%)]	Loss: 0.4042002260684967
[2023-05-03 06:30:51] Train Epoch: 2 [4000/20000 (20.0%)]	Loss: 0.0897599384188652
[2023-05-03 06:30:58] Train Epoch: 2 [4800/20000 (24.0%)]	Loss: 0.2257051020860672
[2023-05-03 06:31:04] Train Epoch: 2 [5600/20000 (28.0%)]	Loss: 0.19623729586601257
[2023-05-03 06:31:11] Train Epoch: 2 [6400/20000 (32.0%)]	Loss: 0.2419513463973999
[2023-05-03 06:31:17] Train Epoch: 2 [7200/20000 (36.0%)]	Loss: 0.32231616973876953
[2023-05-03 06:31:23] Train Epoch: 2 [8000/20000 (40.0%)]	Loss: 0.46522870659828186
[2023-05-03 06:31:30] Train Epoch: 2 [8800/20000 (44.0%)]	Loss: 0.14243938028812408
[2023-05-03 06:31:36] Train Epoch: 2 [9600/20000 (48.0%)]	Loss: 0.45513227581977844
[2023-05-03 06:31:42] Train Epoch: 2 [10400/20000 (52.0%)]	Loss: 0.48666873574256897
[2023-05-03 06:31:49] Train Epoch: 2 [11200/20000 (56.0%)]	Loss: 0.25781843066215515
[2023-05-03 06:31:55] Train Epoch: 2 [12000/20000 (60.0%)]	Loss: 0.27371689677238464
[2023-05-03 06:32:01] Train Epoch: 2 [12800/20000 (64.0%)]	Loss: 0.16412761807441711
[2023-05-03 06:32:08] Train Epoch: 2 [13600/20000 (68.0%)]	Loss: 0.4372605085372925
[2023-05-03 06:32:14] Train Epoch: 2 [14400/20000 (72.0%)]	Loss: 0.2517278492450714
[2023-05-03 06:32:21] Train Epoch: 2 [15200/20000 (76.0%)]	Loss: 0.2529369294643402
[2023-05-03 06:32:27] Train Epoch: 2 [16000/20000 (80.0%)]	Loss: 0.1964990496635437
[2023-05-03 06:32:33] Train Epoch: 2 [16800/20000 (84.0%)]	Loss: 0.2547113001346588
[2023-05-03 06:32:39] Train Epoch: 2 [17600/20000 (88.0%)]	Loss: 0.20873764157295227
[2023-05-03 06:32:46] Train Epoch: 2 [18400/20000 (92.0%)]	Loss: 0.7060223817825317
[2023-05-03 06:32:52] Train Epoch: 2 [19200/20000 (96.0%)]	Loss: 0.20937027037143707
[2023-05-03 06:33:21] ========== Metrics ==========
[2023-05-03 06:33:21] {
  "tr_loss": 0.26141441308080415,
  "tr_acc": 0.8968896889688969,
  "tr_f1": 0.8969412235105957,
  "val_loss": 0.5312423437521415,
  "val_acc": 0.827678095576479,
  "val_f1": 0.8444515715202054,
  "test_loss": 0.4464138503966293,
  "test_acc": 0.8563685636856369,
  "test_f1": 0.8684863523573201
}
[2023-05-03 06:33:21] ========== Metrics ==========
[2023-05-03 06:33:23] Train Epoch: 3 [0/20000 (0.0%)]	Loss: 0.04569152370095253
[2023-05-03 06:33:30] Train Epoch: 3 [800/20000 (4.0%)]	Loss: 0.18739905953407288
[2023-05-03 06:33:36] Train Epoch: 3 [1600/20000 (8.0%)]	Loss: 0.09262670576572418
[2023-05-03 06:33:42] Train Epoch: 3 [2400/20000 (12.0%)]	Loss: 0.07556882500648499
[2023-05-03 06:33:49] Train Epoch: 3 [3200/20000 (16.0%)]	Loss: 0.09843793511390686
[2023-05-03 06:33:56] Train Epoch: 3 [4000/20000 (20.0%)]	Loss: 0.05776553228497505
[2023-05-03 06:34:02] Train Epoch: 3 [4800/20000 (24.0%)]	Loss: 0.17594222724437714
[2023-05-03 06:34:09] Train Epoch: 3 [5600/20000 (28.0%)]	Loss: 0.18914932012557983
[2023-05-03 06:34:15] Train Epoch: 3 [6400/20000 (32.0%)]	Loss: 0.022332539781928062
[2023-05-03 06:34:22] Train Epoch: 3 [7200/20000 (36.0%)]	Loss: 0.06321030855178833
[2023-05-03 06:34:29] Train Epoch: 3 [8000/20000 (40.0%)]	Loss: 0.335974782705307
[2023-05-03 06:34:35] Train Epoch: 3 [8800/20000 (44.0%)]	Loss: 0.028658298775553703
[2023-05-03 06:34:42] Train Epoch: 3 [9600/20000 (48.0%)]	Loss: 0.08102075010538101
[2023-05-03 06:34:48] Train Epoch: 3 [10400/20000 (52.0%)]	Loss: 0.04496917873620987
[2023-05-03 06:34:55] Train Epoch: 3 [11200/20000 (56.0%)]	Loss: 0.14744815230369568
[2023-05-03 06:35:01] Train Epoch: 3 [12000/20000 (60.0%)]	Loss: 0.036756597459316254
[2023-05-03 06:35:07] Train Epoch: 3 [12800/20000 (64.0%)]	Loss: 0.1874479204416275
[2023-05-03 06:35:14] Train Epoch: 3 [13600/20000 (68.0%)]	Loss: 0.2133198231458664
[2023-05-03 06:35:20] Train Epoch: 3 [14400/20000 (72.0%)]	Loss: 0.1663064956665039
[2023-05-03 06:35:27] Train Epoch: 3 [15200/20000 (76.0%)]	Loss: 0.1626731902360916
[2023-05-03 06:35:33] Train Epoch: 3 [16000/20000 (80.0%)]	Loss: 0.08306119590997696
[2023-05-03 06:35:40] Train Epoch: 3 [16800/20000 (84.0%)]	Loss: 0.32821643352508545
[2023-05-03 06:35:46] Train Epoch: 3 [17600/20000 (88.0%)]	Loss: 0.07324153929948807
[2023-05-03 06:35:53] Train Epoch: 3 [18400/20000 (92.0%)]	Loss: 0.022099608555436134
[2023-05-03 06:35:59] Train Epoch: 3 [19200/20000 (96.0%)]	Loss: 0.0755852535367012
[2023-05-03 06:36:29] ========== Metrics ==========
[2023-05-03 06:36:29] {
  "tr_loss": 0.13694597741361497,
  "tr_acc": 0.9506950695069507,
  "tr_f1": 0.9506852055616686,
  "val_loss": 0.3917747595569003,
  "val_acc": 0.8452655889145496,
  "val_f1": 0.8455947527034213,
  "test_loss": 0.38361688329759974,
  "test_acc": 0.8373983739837398,
  "test_f1": 0.8351648351648351
}
[2023-05-03 06:36:29] ========== Metrics ==========
[2023-05-03 06:36:31] Train Epoch: 4 [0/20000 (0.0%)]	Loss: 0.019010616466403008
[2023-05-03 06:36:37] Train Epoch: 4 [800/20000 (4.0%)]	Loss: 0.3572925329208374
[2023-05-03 06:36:44] Train Epoch: 4 [1600/20000 (8.0%)]	Loss: 0.005784607958048582
[2023-05-03 06:36:50] Train Epoch: 4 [2400/20000 (12.0%)]	Loss: 0.13908036053180695
[2023-05-03 06:36:57] Train Epoch: 4 [3200/20000 (16.0%)]	Loss: 0.12734846770763397
[2023-05-03 06:37:04] Train Epoch: 4 [4000/20000 (20.0%)]	Loss: 0.18914425373077393
[2023-05-03 06:37:11] Train Epoch: 4 [4800/20000 (24.0%)]	Loss: 0.10124010592699051
[2023-05-03 06:37:18] Train Epoch: 4 [5600/20000 (28.0%)]	Loss: 0.0030744110699743032
[2023-05-03 06:37:24] Train Epoch: 4 [6400/20000 (32.0%)]	Loss: 0.25574201345443726
[2023-05-03 06:37:31] Train Epoch: 4 [7200/20000 (36.0%)]	Loss: 0.001074867439456284
[2023-05-03 06:37:38] Train Epoch: 4 [8000/20000 (40.0%)]	Loss: 0.43079760670661926
[2023-05-03 06:37:44] Train Epoch: 4 [8800/20000 (44.0%)]	Loss: 0.0071875788271427155
[2023-05-03 06:37:51] Train Epoch: 4 [9600/20000 (48.0%)]	Loss: 0.04054455831646919
[2023-05-03 06:37:57] Train Epoch: 4 [10400/20000 (52.0%)]	Loss: 0.04925559088587761
[2023-05-03 06:38:03] Train Epoch: 4 [11200/20000 (56.0%)]	Loss: 0.1026863381266594
[2023-05-03 06:38:10] Train Epoch: 4 [12000/20000 (60.0%)]	Loss: 0.024856671690940857
[2023-05-03 06:38:16] Train Epoch: 4 [12800/20000 (64.0%)]	Loss: 0.019737858325242996
[2023-05-03 06:38:22] Train Epoch: 4 [13600/20000 (68.0%)]	Loss: 0.0009018417331390083
[2023-05-03 06:38:29] Train Epoch: 4 [14400/20000 (72.0%)]	Loss: 0.009518650360405445
[2023-05-03 06:38:35] Train Epoch: 4 [15200/20000 (76.0%)]	Loss: 0.3046865165233612
[2023-05-03 06:38:42] Train Epoch: 4 [16000/20000 (80.0%)]	Loss: 0.020171521231532097
[2023-05-03 06:38:48] Train Epoch: 4 [16800/20000 (84.0%)]	Loss: 0.08840449899435043
[2023-05-03 06:38:55] Train Epoch: 4 [17600/20000 (88.0%)]	Loss: 0.010479326359927654
[2023-05-03 06:39:01] Train Epoch: 4 [18400/20000 (92.0%)]	Loss: 0.0038646082393825054
[2023-05-03 06:39:08] Train Epoch: 4 [19200/20000 (96.0%)]	Loss: 0.12037316709756851
[2023-05-03 06:39:37] ========== Metrics ==========
[2023-05-03 06:39:37] {
  "tr_loss": 0.060825483076054954,
  "tr_acc": 0.9807980798079808,
  "tr_f1": 0.9808019198080192,
  "val_loss": 0.5275185250048952,
  "val_acc": 0.8394030911351927,
  "val_f1": 0.8401131941987974,
  "test_loss": 0.54559291689215,
  "test_acc": 0.8238482384823849,
  "test_f1": 0.8179271708683472
}
[2023-05-03 06:39:37] ========== Metrics ==========
[2023-05-03 06:39:39] Train Epoch: 5 [0/20000 (0.0%)]	Loss: 0.01993689127266407
[2023-05-03 06:39:46] Train Epoch: 5 [800/20000 (4.0%)]	Loss: 0.009290434420108795
[2023-05-03 06:39:53] Train Epoch: 5 [1600/20000 (8.0%)]	Loss: 0.000509010860696435
[2023-05-03 06:40:00] Train Epoch: 5 [2400/20000 (12.0%)]	Loss: 0.0017847288399934769
[2023-05-03 06:40:07] Train Epoch: 5 [3200/20000 (16.0%)]	Loss: 0.00037490419344976544
[2023-05-03 06:40:13] Train Epoch: 5 [4000/20000 (20.0%)]	Loss: 0.0040430231019854546
[2023-05-03 06:40:20] Train Epoch: 5 [4800/20000 (24.0%)]	Loss: 0.19857624173164368
[2023-05-03 06:40:26] Train Epoch: 5 [5600/20000 (28.0%)]	Loss: 0.002665134146809578
[2023-05-03 06:40:33] Train Epoch: 5 [6400/20000 (32.0%)]	Loss: 0.0047776298597455025
[2023-05-03 06:40:40] Train Epoch: 5 [7200/20000 (36.0%)]	Loss: 0.002527989912778139
[2023-05-03 06:40:46] Train Epoch: 5 [8000/20000 (40.0%)]	Loss: 0.0019270054763182998
[2023-05-03 06:40:53] Train Epoch: 5 [8800/20000 (44.0%)]	Loss: 0.21754468977451324
[2023-05-03 06:41:00] Train Epoch: 5 [9600/20000 (48.0%)]	Loss: 0.0012908006319776177
[2023-05-03 06:41:06] Train Epoch: 5 [10400/20000 (52.0%)]	Loss: 0.040313370525836945
[2023-05-03 06:41:13] Train Epoch: 5 [11200/20000 (56.0%)]	Loss: 0.027800215408205986
[2023-05-03 06:41:19] Train Epoch: 5 [12000/20000 (60.0%)]	Loss: 0.026682164520025253
[2023-05-03 06:41:26] Train Epoch: 5 [12800/20000 (64.0%)]	Loss: 0.014916055835783482
[2023-05-03 06:41:32] Train Epoch: 5 [13600/20000 (68.0%)]	Loss: 0.0024526515044271946
[2023-05-03 06:41:38] Train Epoch: 5 [14400/20000 (72.0%)]	Loss: 0.0013276166282594204
[2023-05-03 06:41:45] Train Epoch: 5 [15200/20000 (76.0%)]	Loss: 0.04014188051223755
[2023-05-03 06:41:51] Train Epoch: 5 [16000/20000 (80.0%)]	Loss: 0.01225518248975277
[2023-05-03 06:41:58] Train Epoch: 5 [16800/20000 (84.0%)]	Loss: 0.002726590959355235
[2023-05-03 06:42:04] Train Epoch: 5 [17600/20000 (88.0%)]	Loss: 0.046601228415966034
[2023-05-03 06:42:11] Train Epoch: 5 [18400/20000 (92.0%)]	Loss: 0.003629107493907213
[2023-05-03 06:42:17] Train Epoch: 5 [19200/20000 (96.0%)]	Loss: 0.005664116237312555
[2023-05-03 06:42:47] ========== Metrics ==========
[2023-05-03 06:42:47] {
  "tr_loss": 0.029165850228442664,
  "tr_acc": 0.990999099909991,
  "tr_f1": 0.9910017996400721,
  "val_loss": 0.7101232893937042,
  "val_acc": 0.8303428672943685,
  "val_f1": 0.8301014054438712,
  "test_loss": 0.6553517334228811,
  "test_acc": 0.8346883468834688,
  "test_f1": 0.8310249307479225
}
[2023-05-03 06:42:47] ========== Metrics ==========
[2023-05-03 06:42:48] Train Epoch: 6 [0/20000 (0.0%)]	Loss: 0.0009092000545933843
[2023-05-03 06:42:55] Train Epoch: 6 [800/20000 (4.0%)]	Loss: 0.01925566978752613
[2023-05-03 06:43:02] Train Epoch: 6 [1600/20000 (8.0%)]	Loss: 0.003405161201953888
[2023-05-03 06:43:09] Train Epoch: 6 [2400/20000 (12.0%)]	Loss: 0.0017679802840575576
[2023-05-03 06:43:15] Train Epoch: 6 [3200/20000 (16.0%)]	Loss: 0.000393254857044667
[2023-05-03 06:43:22] Train Epoch: 6 [4000/20000 (20.0%)]	Loss: 0.0004246954049449414
[2023-05-03 06:43:29] Train Epoch: 6 [4800/20000 (24.0%)]	Loss: 0.0022466324735432863
[2023-05-03 06:43:36] Train Epoch: 6 [5600/20000 (28.0%)]	Loss: 0.0008825816912576556
[2023-05-03 06:43:43] Train Epoch: 6 [6400/20000 (32.0%)]	Loss: 0.0005896553630009294
[2023-05-03 06:43:50] Train Epoch: 6 [7200/20000 (36.0%)]	Loss: 0.0004802540934178978
[2023-05-03 06:43:56] Train Epoch: 6 [8000/20000 (40.0%)]	Loss: 0.00899645034223795
[2023-05-03 06:44:03] Train Epoch: 6 [8800/20000 (44.0%)]	Loss: 0.0002786719996947795
[2023-05-03 06:44:10] Train Epoch: 6 [9600/20000 (48.0%)]	Loss: 0.00048532686196267605
[2023-05-03 06:44:17] Train Epoch: 6 [10400/20000 (52.0%)]	Loss: 0.0005407861899584532
[2023-05-03 06:44:23] Train Epoch: 6 [11200/20000 (56.0%)]	Loss: 0.0003611902066040784
[2023-05-03 06:44:30] Train Epoch: 6 [12000/20000 (60.0%)]	Loss: 0.0002693074638955295
[2023-05-03 06:44:37] Train Epoch: 6 [12800/20000 (64.0%)]	Loss: 0.0007438004831783473
[2023-05-03 06:44:44] Train Epoch: 6 [13600/20000 (68.0%)]	Loss: 0.001334011321887374
[2023-05-03 06:44:50] Train Epoch: 6 [14400/20000 (72.0%)]	Loss: 0.24973328411579132
[2023-05-03 06:44:57] Train Epoch: 6 [15200/20000 (76.0%)]	Loss: 0.0003931875398848206
[2023-05-03 06:45:03] Train Epoch: 6 [16000/20000 (80.0%)]	Loss: 0.0002799684298224747
[2023-05-03 06:45:10] Train Epoch: 6 [16800/20000 (84.0%)]	Loss: 0.0008537739049643278
[2023-05-03 06:45:16] Train Epoch: 6 [17600/20000 (88.0%)]	Loss: 0.0001999872038140893
[2023-05-03 06:45:22] Train Epoch: 6 [18400/20000 (92.0%)]	Loss: 0.0015220377827063203
[2023-05-03 06:45:29] Train Epoch: 6 [19200/20000 (96.0%)]	Loss: 0.004270612262189388
[2023-05-03 06:45:59] ========== Metrics ==========
[2023-05-03 06:45:59] {
  "tr_loss": 0.008241316444458323,
  "tr_acc": 0.9981498149814981,
  "tr_f1": 0.9981500924953752,
  "val_loss": 0.8479949861212633,
  "val_acc": 0.8321193817729614,
  "val_f1": 0.8321193817729615,
  "test_loss": 0.8234064183648275,
  "test_acc": 0.8319783197831978,
  "test_f1": 0.8277777777777777
}
[2023-05-03 06:45:59] ========== Metrics ==========
[2023-05-03 06:46:00] Train Epoch: 7 [0/20000 (0.0%)]	Loss: 0.0007116462220437825
[2023-05-03 06:46:07] Train Epoch: 7 [800/20000 (4.0%)]	Loss: 0.009670392610132694
[2023-05-03 06:46:14] Train Epoch: 7 [1600/20000 (8.0%)]	Loss: 0.01620224304497242
[2023-05-03 06:46:21] Train Epoch: 7 [2400/20000 (12.0%)]	Loss: 0.0015450475038960576
[2023-05-03 06:46:27] Train Epoch: 7 [3200/20000 (16.0%)]	Loss: 0.0012417570687830448
[2023-05-03 06:46:34] Train Epoch: 7 [4000/20000 (20.0%)]	Loss: 0.0007932737935334444
[2023-05-03 06:46:40] Train Epoch: 7 [4800/20000 (24.0%)]	Loss: 0.00013235498045105487
[2023-05-03 06:46:47] Train Epoch: 7 [5600/20000 (28.0%)]	Loss: 0.0005521385464817286
[2023-05-03 06:46:53] Train Epoch: 7 [6400/20000 (32.0%)]	Loss: 8.392760355491191e-05
[2023-05-03 06:47:00] Train Epoch: 7 [7200/20000 (36.0%)]	Loss: 0.0016411773394793272
[2023-05-03 06:47:07] Train Epoch: 7 [8000/20000 (40.0%)]	Loss: 0.0007224451401270926
[2023-05-03 06:47:13] Train Epoch: 7 [8800/20000 (44.0%)]	Loss: 0.003389055607840419
[2023-05-03 06:47:20] Train Epoch: 7 [9600/20000 (48.0%)]	Loss: 0.08639587461948395
[2023-05-03 06:47:27] Train Epoch: 7 [10400/20000 (52.0%)]	Loss: 0.001163641456514597
[2023-05-03 06:47:33] Train Epoch: 7 [11200/20000 (56.0%)]	Loss: 0.0005568717024289072
[2023-05-03 06:47:40] Train Epoch: 7 [12000/20000 (60.0%)]	Loss: 0.00031353349913842976
[2023-05-03 06:47:46] Train Epoch: 7 [12800/20000 (64.0%)]	Loss: 0.000435056776041165
[2023-05-03 06:47:53] Train Epoch: 7 [13600/20000 (68.0%)]	Loss: 0.0009784303838387132
[2023-05-03 06:48:00] Train Epoch: 7 [14400/20000 (72.0%)]	Loss: 0.00018494154210202396
[2023-05-03 06:48:06] Train Epoch: 7 [15200/20000 (76.0%)]	Loss: 0.00016271599452011287
[2023-05-03 06:48:13] Train Epoch: 7 [16000/20000 (80.0%)]	Loss: 4.794149936060421e-05
[2023-05-03 06:48:19] Train Epoch: 7 [16800/20000 (84.0%)]	Loss: 0.00019219034584239125
[2023-05-03 06:48:26] Train Epoch: 7 [17600/20000 (88.0%)]	Loss: 7.368143269559368e-05
[2023-05-03 06:48:32] Train Epoch: 7 [18400/20000 (92.0%)]	Loss: 0.00017256042337976396
[2023-05-03 06:48:38] Train Epoch: 7 [19200/20000 (96.0%)]	Loss: 0.0020544445142149925
[2023-05-03 06:49:04] Stop At epoch 7/20 due to valid not increase
[2023-05-03 06:49:08] ========== Metrics ==========
[2023-05-03 06:49:08] {
  "tr_loss": 0.005287853777919627,
  "tr_acc": 0.9988498849884988,
  "tr_f1": 0.9988499424971249,
  "val_loss": 0.9927497883493583,
  "val_acc": 0.8315864274293836,
  "val_f1": 0.8330398027474463,
  "test_loss": 0.9501294450062078,
  "test_acc": 0.8265582655826558,
  "test_f1": 0.8222222222222223
}
[2023-05-03 06:49:08] ========== Metrics ==========
