[2023-05-01 20:23:20] Train Epoch: 1 [0/20000 (0.0%)]	Loss: 0.6953447461128235
[2023-05-01 20:23:30] Train Epoch: 1 [800/20000 (4.0%)]	Loss: 0.6950425505638123
[2023-05-01 20:23:41] Train Epoch: 1 [1600/20000 (8.0%)]	Loss: 0.544452428817749
[2023-05-01 20:23:51] Train Epoch: 1 [2400/20000 (12.0%)]	Loss: 0.6073092818260193
[2023-05-01 20:24:01] Train Epoch: 1 [3200/20000 (16.0%)]	Loss: 0.6787657737731934
[2023-05-01 20:24:12] Train Epoch: 1 [4000/20000 (20.0%)]	Loss: 0.4888983368873596
[2023-05-01 20:24:22] Train Epoch: 1 [4800/20000 (24.0%)]	Loss: 0.4425833821296692
[2023-05-01 20:24:33] Train Epoch: 1 [5600/20000 (28.0%)]	Loss: 0.40958985686302185
[2023-05-01 20:24:43] Train Epoch: 1 [6400/20000 (32.0%)]	Loss: 0.25708648562431335
[2023-05-01 20:24:54] Train Epoch: 1 [7200/20000 (36.0%)]	Loss: 0.2631303071975708
[2023-05-01 20:25:04] Train Epoch: 1 [8000/20000 (40.0%)]	Loss: 0.22712230682373047
[2023-05-01 20:25:15] Train Epoch: 1 [8800/20000 (44.0%)]	Loss: 0.4358307719230652
[2023-05-01 20:25:26] Train Epoch: 1 [9600/20000 (48.0%)]	Loss: 0.8791911005973816
[2023-05-01 20:25:36] Train Epoch: 1 [10400/20000 (52.0%)]	Loss: 0.46121495962142944
[2023-05-01 20:25:46] Train Epoch: 1 [11200/20000 (56.0%)]	Loss: 0.38302579522132874
[2023-05-01 20:25:57] Train Epoch: 1 [12000/20000 (60.0%)]	Loss: 0.380844384431839
[2023-05-01 20:26:08] Train Epoch: 1 [12800/20000 (64.0%)]	Loss: 0.4011487662792206
[2023-05-01 20:26:18] Train Epoch: 1 [13600/20000 (68.0%)]	Loss: 0.5827751159667969
[2023-05-01 20:26:29] Train Epoch: 1 [14400/20000 (72.0%)]	Loss: 0.28183385729789734
[2023-05-01 20:26:39] Train Epoch: 1 [15200/20000 (76.0%)]	Loss: 0.4611087143421173
[2023-05-01 20:26:49] Train Epoch: 1 [16000/20000 (80.0%)]	Loss: 0.188848078250885
[2023-05-01 20:27:00] Train Epoch: 1 [16800/20000 (84.0%)]	Loss: 0.6070107221603394
[2023-05-01 20:27:10] Train Epoch: 1 [17600/20000 (88.0%)]	Loss: 0.41723254323005676
[2023-05-01 20:27:21] Train Epoch: 1 [18400/20000 (92.0%)]	Loss: 0.13294717669487
[2023-05-01 20:27:31] Train Epoch: 1 [19200/20000 (96.0%)]	Loss: 0.2872984707355499
[2023-05-01 20:28:14] ========== Metrics ==========
[2023-05-01 20:28:14] {
  "tr_loss": 0.4549662175625846,
  "tr_acc": 0.7885788578857886,
  "tr_f1": 0.7874736101337088,
  "val_loss": 0.3794357834668752,
  "val_acc": 0.8402913483744893,
  "val_f1": 0.8451335055986219,
  "test_loss": 0.33870709184708636,
  "test_acc": 0.8509485094850948,
  "test_f1": 0.8501362397820164
}
[2023-05-01 20:28:14] ========== Metrics ==========
[2023-05-01 20:28:15] Train Epoch: 2 [0/20000 (0.0%)]	Loss: 0.3487470746040344
[2023-05-01 20:28:26] Train Epoch: 2 [800/20000 (4.0%)]	Loss: 0.27709445357322693
[2023-05-01 20:28:36] Train Epoch: 2 [1600/20000 (8.0%)]	Loss: 0.24619421362876892
[2023-05-01 20:28:47] Train Epoch: 2 [2400/20000 (12.0%)]	Loss: 0.028656885027885437
[2023-05-01 20:28:57] Train Epoch: 2 [3200/20000 (16.0%)]	Loss: 0.5205146074295044
[2023-05-01 20:29:08] Train Epoch: 2 [4000/20000 (20.0%)]	Loss: 0.22934222221374512
[2023-05-01 20:29:18] Train Epoch: 2 [4800/20000 (24.0%)]	Loss: 0.04841874539852142
[2023-05-01 20:29:29] Train Epoch: 2 [5600/20000 (28.0%)]	Loss: 0.22063300013542175
[2023-05-01 20:29:39] Train Epoch: 2 [6400/20000 (32.0%)]	Loss: 0.12077201157808304
[2023-05-01 20:29:50] Train Epoch: 2 [7200/20000 (36.0%)]	Loss: 0.13847914338111877
[2023-05-01 20:30:01] Train Epoch: 2 [8000/20000 (40.0%)]	Loss: 0.25863659381866455
[2023-05-01 20:30:11] Train Epoch: 2 [8800/20000 (44.0%)]	Loss: 0.6215853095054626
[2023-05-01 20:30:21] Train Epoch: 2 [9600/20000 (48.0%)]	Loss: 0.12558266520500183
[2023-05-01 20:30:32] Train Epoch: 2 [10400/20000 (52.0%)]	Loss: 0.3826378583908081
[2023-05-01 20:30:42] Train Epoch: 2 [11200/20000 (56.0%)]	Loss: 0.3442763686180115
[2023-05-01 20:30:53] Train Epoch: 2 [12000/20000 (60.0%)]	Loss: 0.22603033483028412
[2023-05-01 20:31:03] Train Epoch: 2 [12800/20000 (64.0%)]	Loss: 0.09206737577915192
[2023-05-01 20:31:14] Train Epoch: 2 [13600/20000 (68.0%)]	Loss: 0.12808656692504883
[2023-05-01 20:31:24] Train Epoch: 2 [14400/20000 (72.0%)]	Loss: 0.18025369942188263
[2023-05-01 20:31:35] Train Epoch: 2 [15200/20000 (76.0%)]	Loss: 0.1522006094455719
[2023-05-01 20:31:45] Train Epoch: 2 [16000/20000 (80.0%)]	Loss: 0.11628839373588562
[2023-05-01 20:31:56] Train Epoch: 2 [16800/20000 (84.0%)]	Loss: 0.5508388876914978
[2023-05-01 20:32:06] Train Epoch: 2 [17600/20000 (88.0%)]	Loss: 0.35162466764450073
[2023-05-01 20:32:17] Train Epoch: 2 [18400/20000 (92.0%)]	Loss: 0.38964852690696716
[2023-05-01 20:32:27] Train Epoch: 2 [19200/20000 (96.0%)]	Loss: 0.058072615414857864
[2023-05-01 20:33:12] ========== Metrics ==========
[2023-05-01 20:33:12] {
  "tr_loss": 0.25952072046210567,
  "tr_acc": 0.8991399139913991,
  "tr_f1": 0.8991449572478624,
  "val_loss": 0.4142745152303774,
  "val_acc": 0.8415349085095043,
  "val_f1": 0.8498316498316498,
  "test_loss": 0.3625142043683587,
  "test_acc": 0.8563685636856369,
  "test_f1": 0.8586666666666667
}
[2023-05-01 20:33:12] ========== Metrics ==========
[2023-05-01 20:33:13] Train Epoch: 3 [0/20000 (0.0%)]	Loss: 0.049868226051330566
[2023-05-01 20:33:24] Train Epoch: 3 [800/20000 (4.0%)]	Loss: 0.06666792929172516
[2023-05-01 20:33:34] Train Epoch: 3 [1600/20000 (8.0%)]	Loss: 0.02560279332101345
[2023-05-01 20:33:45] Train Epoch: 3 [2400/20000 (12.0%)]	Loss: 0.19816869497299194
[2023-05-01 20:33:55] Train Epoch: 3 [3200/20000 (16.0%)]	Loss: 0.05787499248981476
[2023-05-01 20:34:06] Train Epoch: 3 [4000/20000 (20.0%)]	Loss: 0.053326018154621124
[2023-05-01 20:34:16] Train Epoch: 3 [4800/20000 (24.0%)]	Loss: 0.23394793272018433
[2023-05-01 20:34:27] Train Epoch: 3 [5600/20000 (28.0%)]	Loss: 0.043069928884506226
[2023-05-01 20:34:38] Train Epoch: 3 [6400/20000 (32.0%)]	Loss: 0.021858766674995422
[2023-05-01 20:34:48] Train Epoch: 3 [7200/20000 (36.0%)]	Loss: 0.23359215259552002
[2023-05-01 20:34:59] Train Epoch: 3 [8000/20000 (40.0%)]	Loss: 0.07220049202442169
[2023-05-01 20:35:09] Train Epoch: 3 [8800/20000 (44.0%)]	Loss: 0.03225882723927498
[2023-05-01 20:35:20] Train Epoch: 3 [9600/20000 (48.0%)]	Loss: 0.046876490116119385
[2023-05-01 20:35:31] Train Epoch: 3 [10400/20000 (52.0%)]	Loss: 0.030011195689439774
[2023-05-01 20:35:42] Train Epoch: 3 [11200/20000 (56.0%)]	Loss: 0.3728732466697693
[2023-05-01 20:35:52] Train Epoch: 3 [12000/20000 (60.0%)]	Loss: 0.14908574521541595
[2023-05-01 20:36:03] Train Epoch: 3 [12800/20000 (64.0%)]	Loss: 0.10640297085046768
[2023-05-01 20:36:14] Train Epoch: 3 [13600/20000 (68.0%)]	Loss: 0.2175431251525879
[2023-05-01 20:36:24] Train Epoch: 3 [14400/20000 (72.0%)]	Loss: 0.013704421930015087
[2023-05-01 20:36:35] Train Epoch: 3 [15200/20000 (76.0%)]	Loss: 0.035453539341688156
[2023-05-01 20:36:46] Train Epoch: 3 [16000/20000 (80.0%)]	Loss: 0.09203355014324188
[2023-05-01 20:36:57] Train Epoch: 3 [16800/20000 (84.0%)]	Loss: 0.02159322425723076
[2023-05-01 20:37:08] Train Epoch: 3 [17600/20000 (88.0%)]	Loss: 0.18513505160808563
[2023-05-01 20:37:18] Train Epoch: 3 [18400/20000 (92.0%)]	Loss: 0.026222264394164085
[2023-05-01 20:37:29] Train Epoch: 3 [19200/20000 (96.0%)]	Loss: 0.2466842234134674
[2023-05-01 20:38:12] ========== Metrics ==========
[2023-05-01 20:38:12] {
  "tr_loss": 0.13529703228121842,
  "tr_acc": 0.9545454545454546,
  "tr_f1": 0.954524988743809,
  "val_loss": 0.4003315109261231,
  "val_acc": 0.8392254396873334,
  "val_f1": 0.8345823432644854,
  "test_loss": 0.39351070948894107,
  "test_acc": 0.8373983739837398,
  "test_f1": 0.8295454545454546
}
[2023-05-01 20:38:12] ========== Metrics ==========
[2023-05-01 20:38:14] Train Epoch: 4 [0/20000 (0.0%)]	Loss: 0.030929220840334892
[2023-05-01 20:38:24] Train Epoch: 4 [800/20000 (4.0%)]	Loss: 0.0032085436396300793
[2023-05-01 20:38:35] Train Epoch: 4 [1600/20000 (8.0%)]	Loss: 0.35267630219459534
[2023-05-01 20:38:46] Train Epoch: 4 [2400/20000 (12.0%)]	Loss: 0.007290036417543888
[2023-05-01 20:38:57] Train Epoch: 4 [3200/20000 (16.0%)]	Loss: 0.015339262783527374
[2023-05-01 20:39:07] Train Epoch: 4 [4000/20000 (20.0%)]	Loss: 0.005714366212487221
[2023-05-01 20:39:18] Train Epoch: 4 [4800/20000 (24.0%)]	Loss: 0.006144706159830093
[2023-05-01 20:39:28] Train Epoch: 4 [5600/20000 (28.0%)]	Loss: 0.10891185700893402
[2023-05-01 20:39:39] Train Epoch: 4 [6400/20000 (32.0%)]	Loss: 0.003863421268761158
[2023-05-01 20:39:49] Train Epoch: 4 [7200/20000 (36.0%)]	Loss: 0.018707502633333206
[2023-05-01 20:40:00] Train Epoch: 4 [8000/20000 (40.0%)]	Loss: 0.02111896313726902
[2023-05-01 20:40:11] Train Epoch: 4 [8800/20000 (44.0%)]	Loss: 0.002903319662436843
[2023-05-01 20:40:22] Train Epoch: 4 [9600/20000 (48.0%)]	Loss: 0.05897204950451851
[2023-05-01 20:40:32] Train Epoch: 4 [10400/20000 (52.0%)]	Loss: 0.11036379635334015
[2023-05-01 20:40:45] Train Epoch: 4 [11200/20000 (56.0%)]	Loss: 0.0037848823703825474
[2023-05-01 20:40:55] Train Epoch: 4 [12000/20000 (60.0%)]	Loss: 0.00456198351457715
[2023-05-01 20:41:06] Train Epoch: 4 [12800/20000 (64.0%)]	Loss: 0.36954283714294434
[2023-05-01 20:41:17] Train Epoch: 4 [13600/20000 (68.0%)]	Loss: 0.048777393996715546
[2023-05-01 20:41:27] Train Epoch: 4 [14400/20000 (72.0%)]	Loss: 0.10701391100883484
[2023-05-01 20:41:38] Train Epoch: 4 [15200/20000 (76.0%)]	Loss: 0.003611701773479581
[2023-05-01 20:41:48] Train Epoch: 4 [16000/20000 (80.0%)]	Loss: 0.007681594230234623
[2023-05-01 20:41:59] Train Epoch: 4 [16800/20000 (84.0%)]	Loss: 0.022290067747235298
[2023-05-01 20:42:10] Train Epoch: 4 [17600/20000 (88.0%)]	Loss: 0.2125706821680069
[2023-05-01 20:42:21] Train Epoch: 4 [18400/20000 (92.0%)]	Loss: 0.009026408195495605
[2023-05-01 20:42:32] Train Epoch: 4 [19200/20000 (96.0%)]	Loss: 0.009870873764157295
[2023-05-01 20:43:15] ========== Metrics ==========
[2023-05-01 20:43:15] {
  "tr_loss": 0.064701295224973,
  "tr_acc": 0.9805980598059806,
  "tr_f1": 0.9805961192238448,
  "val_loss": 0.557026301105443,
  "val_acc": 0.827678095576479,
  "val_f1": 0.8313630041724617,
  "test_loss": 0.52841545225482,
  "test_acc": 0.8157181571815718,
  "test_f1": 0.8131868131868132
}
[2023-05-01 20:43:15] ========== Metrics ==========
[2023-05-01 20:43:16] Train Epoch: 5 [0/20000 (0.0%)]	Loss: 0.08150269836187363
[2023-05-01 20:43:27] Train Epoch: 5 [800/20000 (4.0%)]	Loss: 0.10145009309053421
[2023-05-01 20:43:38] Train Epoch: 5 [1600/20000 (8.0%)]	Loss: 0.0035848410334438086
[2023-05-01 20:43:49] Train Epoch: 5 [2400/20000 (12.0%)]	Loss: 0.0008136029937304556
[2023-05-01 20:43:59] Train Epoch: 5 [3200/20000 (16.0%)]	Loss: 0.03860650584101677
[2023-05-01 20:44:10] Train Epoch: 5 [4000/20000 (20.0%)]	Loss: 0.21205854415893555
[2023-05-01 20:44:21] Train Epoch: 5 [4800/20000 (24.0%)]	Loss: 0.008352812379598618
[2023-05-01 20:44:31] Train Epoch: 5 [5600/20000 (28.0%)]	Loss: 0.0020623314194381237
[2023-05-01 20:44:42] Train Epoch: 5 [6400/20000 (32.0%)]	Loss: 0.0037613841705024242
[2023-05-01 20:44:53] Train Epoch: 5 [7200/20000 (36.0%)]	Loss: 0.004845404997467995
[2023-05-01 20:45:03] Train Epoch: 5 [8000/20000 (40.0%)]	Loss: 0.006003431975841522
[2023-05-01 20:45:14] Train Epoch: 5 [8800/20000 (44.0%)]	Loss: 0.0013619286473840475
[2023-05-01 20:45:25] Train Epoch: 5 [9600/20000 (48.0%)]	Loss: 0.012818446382880211
[2023-05-01 20:45:36] Train Epoch: 5 [10400/20000 (52.0%)]	Loss: 0.002513045212253928
[2023-05-01 20:45:47] Train Epoch: 5 [11200/20000 (56.0%)]	Loss: 0.0010446675587445498
[2023-05-01 20:45:58] Train Epoch: 5 [12000/20000 (60.0%)]	Loss: 0.015678729861974716
[2023-05-01 20:46:10] Train Epoch: 5 [12800/20000 (64.0%)]	Loss: 0.02671090140938759
[2023-05-01 20:46:20] Train Epoch: 5 [13600/20000 (68.0%)]	Loss: 0.005303278565406799
[2023-05-01 20:46:31] Train Epoch: 5 [14400/20000 (72.0%)]	Loss: 0.005259660538285971
[2023-05-01 20:46:41] Train Epoch: 5 [15200/20000 (76.0%)]	Loss: 0.004824558272957802
[2023-05-01 20:46:52] Train Epoch: 5 [16000/20000 (80.0%)]	Loss: 0.008624082431197166
[2023-05-01 20:47:02] Train Epoch: 5 [16800/20000 (84.0%)]	Loss: 0.002058743964880705
[2023-05-01 20:47:13] Train Epoch: 5 [17600/20000 (88.0%)]	Loss: 0.0009946029167622328
[2023-05-01 20:47:23] Train Epoch: 5 [18400/20000 (92.0%)]	Loss: 0.0009130141697824001
[2023-05-01 20:47:34] Train Epoch: 5 [19200/20000 (96.0%)]	Loss: 0.001037797424942255
[2023-05-01 20:48:17] ========== Metrics ==========
[2023-05-01 20:48:17] {
  "tr_loss": 0.03033235612217233,
  "tr_acc": 0.9917491749174917,
  "tr_f1": 0.991749587479374,
  "val_loss": 0.7110501996157627,
  "val_acc": 0.8086693906555339,
  "val_f1": 0.8247925817471938,
  "test_loss": 0.6749345418318178,
  "test_acc": 0.8265582655826558,
  "test_f1": 0.8358974358974358
}
[2023-05-01 20:48:17] ========== Metrics ==========
[2023-05-01 20:48:18] Train Epoch: 6 [0/20000 (0.0%)]	Loss: 0.010084453038871288
[2023-05-01 20:48:29] Train Epoch: 6 [800/20000 (4.0%)]	Loss: 0.0018899684073403478
[2023-05-01 20:48:40] Train Epoch: 6 [1600/20000 (8.0%)]	Loss: 0.001950740464963019
[2023-05-01 20:48:50] Train Epoch: 6 [2400/20000 (12.0%)]	Loss: 0.00332307955250144
[2023-05-01 20:49:01] Train Epoch: 6 [3200/20000 (16.0%)]	Loss: 0.0018602445488795638
[2023-05-01 20:49:11] Train Epoch: 6 [4000/20000 (20.0%)]	Loss: 0.006698042619973421
[2023-05-01 20:49:22] Train Epoch: 6 [4800/20000 (24.0%)]	Loss: 0.001285075442865491
[2023-05-01 20:49:33] Train Epoch: 6 [5600/20000 (28.0%)]	Loss: 0.0023961341939866543
[2023-05-01 20:49:44] Train Epoch: 6 [6400/20000 (32.0%)]	Loss: 0.0015305479755625129
[2023-05-01 20:49:54] Train Epoch: 6 [7200/20000 (36.0%)]	Loss: 0.0015547291841357946
[2023-05-01 20:50:04] Train Epoch: 6 [8000/20000 (40.0%)]	Loss: 0.0037536602467298508
[2023-05-01 20:50:15] Train Epoch: 6 [8800/20000 (44.0%)]	Loss: 0.002540051005780697
[2023-05-01 20:50:25] Train Epoch: 6 [9600/20000 (48.0%)]	Loss: 0.0013775801053270698
[2023-05-01 20:50:37] Train Epoch: 6 [10400/20000 (52.0%)]	Loss: 0.0010844641365110874
[2023-05-01 20:50:48] Train Epoch: 6 [11200/20000 (56.0%)]	Loss: 0.002619917271658778
[2023-05-01 20:50:58] Train Epoch: 6 [12000/20000 (60.0%)]	Loss: 0.0009152126731351018
[2023-05-01 20:51:09] Train Epoch: 6 [12800/20000 (64.0%)]	Loss: 0.0008754506707191467
[2023-05-01 20:51:19] Train Epoch: 6 [13600/20000 (68.0%)]	Loss: 0.0010066330432891846
[2023-05-01 20:51:30] Train Epoch: 6 [14400/20000 (72.0%)]	Loss: 0.0018331743776798248
[2023-05-01 20:51:41] Train Epoch: 6 [15200/20000 (76.0%)]	Loss: 0.008896945975720882
[2023-05-01 20:51:51] Train Epoch: 6 [16000/20000 (80.0%)]	Loss: 0.0005329027771949768
[2023-05-01 20:52:02] Train Epoch: 6 [16800/20000 (84.0%)]	Loss: 0.0007558512734249234
[2023-05-01 20:52:12] Train Epoch: 6 [17600/20000 (88.0%)]	Loss: 0.000667654094286263
[2023-05-01 20:52:23] Train Epoch: 6 [18400/20000 (92.0%)]	Loss: 0.0008617111016064882
[2023-05-01 20:52:34] Train Epoch: 6 [19200/20000 (96.0%)]	Loss: 0.004010300617665052
[2023-05-01 20:53:16] ========== Metrics ==========
[2023-05-01 20:53:16] {
  "tr_loss": 0.010790535678710937,
  "tr_acc": 0.997949794979498,
  "tr_f1": 0.997950307453882,
  "val_loss": 0.8724515636726687,
  "val_acc": 0.8260792325457452,
  "val_f1": 0.8290553518421513,
  "test_loss": 1.1210679327387636,
  "test_acc": 0.8292682926829268,
  "test_f1": 0.8301886792452831
}
[2023-05-01 20:53:16] ========== Metrics ==========
[2023-05-01 20:53:17] Train Epoch: 7 [0/20000 (0.0%)]	Loss: 0.0005622201133519411
[2023-05-01 20:53:28] Train Epoch: 7 [800/20000 (4.0%)]	Loss: 0.0004866337403655052
[2023-05-01 20:53:39] Train Epoch: 7 [1600/20000 (8.0%)]	Loss: 0.0005369390710256994
[2023-05-01 20:53:49] Train Epoch: 7 [2400/20000 (12.0%)]	Loss: 0.0005420335219241679
[2023-05-01 20:54:00] Train Epoch: 7 [3200/20000 (16.0%)]	Loss: 0.0005704229115508497
[2023-05-01 20:54:11] Train Epoch: 7 [4000/20000 (20.0%)]	Loss: 0.0003450908698141575
[2023-05-01 20:54:21] Train Epoch: 7 [4800/20000 (24.0%)]	Loss: 0.0010143930558115244
[2023-05-01 20:54:32] Train Epoch: 7 [5600/20000 (28.0%)]	Loss: 0.0006790688494220376
[2023-05-01 20:54:42] Train Epoch: 7 [6400/20000 (32.0%)]	Loss: 0.0017589031485840678
[2023-05-01 20:54:52] Train Epoch: 7 [7200/20000 (36.0%)]	Loss: 0.0006930383387953043
[2023-05-01 20:55:03] Train Epoch: 7 [8000/20000 (40.0%)]	Loss: 0.0006950380629859865
[2023-05-01 20:55:13] Train Epoch: 7 [8800/20000 (44.0%)]	Loss: 0.011063560843467712
[2023-05-01 20:55:23] Train Epoch: 7 [9600/20000 (48.0%)]	Loss: 0.0007028924883343279
[2023-05-01 20:55:34] Train Epoch: 7 [10400/20000 (52.0%)]	Loss: 0.0006008825148455799
[2023-05-01 20:55:45] Train Epoch: 7 [11200/20000 (56.0%)]	Loss: 0.0004988671862520278
[2023-05-01 20:55:55] Train Epoch: 7 [12000/20000 (60.0%)]	Loss: 0.0007002258207648993
[2023-05-01 20:56:05] Train Epoch: 7 [12800/20000 (64.0%)]	Loss: 0.000637488323263824
[2023-05-01 20:56:16] Train Epoch: 7 [13600/20000 (68.0%)]	Loss: 0.0010303847957402468
[2023-05-01 20:56:27] Train Epoch: 7 [14400/20000 (72.0%)]	Loss: 0.0009463672176934779
[2023-05-01 20:56:37] Train Epoch: 7 [15200/20000 (76.0%)]	Loss: 0.0010673545766621828
[2023-05-01 20:56:48] Train Epoch: 7 [16000/20000 (80.0%)]	Loss: 0.0035936865024268627
[2023-05-01 20:56:58] Train Epoch: 7 [16800/20000 (84.0%)]	Loss: 0.001164885819889605
[2023-05-01 20:57:09] Train Epoch: 7 [17600/20000 (88.0%)]	Loss: 0.0013905796222388744
[2023-05-01 20:57:19] Train Epoch: 7 [18400/20000 (92.0%)]	Loss: 0.0008832066087052226
[2023-05-01 20:57:30] Train Epoch: 7 [19200/20000 (96.0%)]	Loss: 0.008982257917523384
[2023-05-01 20:58:15] ========== Metrics ==========
[2023-05-01 20:58:15] {
  "tr_loss": 0.008649827168714387,
  "tr_acc": 0.9986998699869987,
  "tr_f1": 0.9987002599480104,
  "val_loss": 0.8745393933687636,
  "val_acc": 0.827678095576479,
  "val_f1": 0.8224743777452416,
  "test_loss": 0.8492584622169776,
  "test_acc": 0.8401084010840109,
  "test_f1": 0.8328611898016998
}
[2023-05-01 20:58:15] ========== Metrics ==========
[2023-05-01 20:58:17] Train Epoch: 8 [0/20000 (0.0%)]	Loss: 0.0008229554514400661
[2023-05-01 20:58:29] Train Epoch: 8 [800/20000 (4.0%)]	Loss: 0.001390791847370565
[2023-05-01 20:58:39] Train Epoch: 8 [1600/20000 (8.0%)]	Loss: 0.0014060231624171138
[2023-05-01 20:58:50] Train Epoch: 8 [2400/20000 (12.0%)]	Loss: 0.0012329177698120475
[2023-05-01 20:59:00] Train Epoch: 8 [3200/20000 (16.0%)]	Loss: 0.000927579530980438
[2023-05-01 20:59:11] Train Epoch: 8 [4000/20000 (20.0%)]	Loss: 0.0009400051785632968
[2023-05-01 20:59:21] Train Epoch: 8 [4800/20000 (24.0%)]	Loss: 0.0007224662695080042
[2023-05-01 20:59:32] Train Epoch: 8 [5600/20000 (28.0%)]	Loss: 0.0011620124569162726
[2023-05-01 20:59:43] Train Epoch: 8 [6400/20000 (32.0%)]	Loss: 0.0008792383596301079
[2023-05-01 20:59:54] Train Epoch: 8 [7200/20000 (36.0%)]	Loss: 0.0008271518745459616
[2023-05-01 21:00:04] Train Epoch: 8 [8000/20000 (40.0%)]	Loss: 0.0010691445786505938
[2023-05-01 21:00:15] Train Epoch: 8 [8800/20000 (44.0%)]	Loss: 0.0012905324110761285
[2023-05-01 21:00:26] Train Epoch: 8 [9600/20000 (48.0%)]	Loss: 0.0021308897994458675
[2023-05-01 21:00:36] Train Epoch: 8 [10400/20000 (52.0%)]	Loss: 0.001174041535705328
[2023-05-01 21:00:47] Train Epoch: 8 [11200/20000 (56.0%)]	Loss: 0.004745088052004576
[2023-05-01 21:00:58] Train Epoch: 8 [12000/20000 (60.0%)]	Loss: 0.0008335114107467234
[2023-05-01 21:01:08] Train Epoch: 8 [12800/20000 (64.0%)]	Loss: 0.0008247041259892285
[2023-05-01 21:01:19] Train Epoch: 8 [13600/20000 (68.0%)]	Loss: 0.001020021503791213
[2023-05-01 21:01:29] Train Epoch: 8 [14400/20000 (72.0%)]	Loss: 0.0009904680773615837
[2023-05-01 21:01:40] Train Epoch: 8 [15200/20000 (76.0%)]	Loss: 0.0009254852775484324
[2023-05-01 21:01:50] Train Epoch: 8 [16000/20000 (80.0%)]	Loss: 0.0008370167342945933
[2023-05-01 21:02:01] Train Epoch: 8 [16800/20000 (84.0%)]	Loss: 0.0007906041573733091
[2023-05-01 21:02:12] Train Epoch: 8 [17600/20000 (88.0%)]	Loss: 0.0010812263935804367
[2023-05-01 21:02:22] Train Epoch: 8 [18400/20000 (92.0%)]	Loss: 0.0005539688281714916
[2023-05-01 21:02:33] Train Epoch: 8 [19200/20000 (96.0%)]	Loss: 0.0004389770911075175
[2023-05-01 21:03:12] Stop At epoch 8/20 due to valid not increase
[2023-05-01 21:03:15] ========== Metrics ==========
[2023-05-01 21:03:15] {
  "tr_loss": 0.007681442864120181,
  "tr_acc": 0.9989498949894989,
  "tr_f1": 0.9989500524973751,
  "val_loss": 0.9776908387619453,
  "val_acc": 0.8246580209628709,
  "val_f1": 0.8252788104089219,
  "test_loss": 1.253500230267119,
  "test_acc": 0.8265582655826558,
  "test_f1": 0.8241758241758241
}
[2023-05-01 21:03:15] ========== Metrics ==========
