[2023-05-03 09:33:32] Train Epoch: 1 [0/20000 (0.0%)]	Loss: 0.688937246799469
[2023-05-03 09:33:41] Train Epoch: 1 [800/20000 (4.0%)]	Loss: 0.7012366056442261
[2023-05-03 09:33:48] Train Epoch: 1 [1600/20000 (8.0%)]	Loss: 0.4816054105758667
[2023-05-03 09:33:56] Train Epoch: 1 [2400/20000 (12.0%)]	Loss: 0.5927659273147583
[2023-05-03 09:34:04] Train Epoch: 1 [3200/20000 (16.0%)]	Loss: 0.602800190448761
[2023-05-03 09:34:12] Train Epoch: 1 [4000/20000 (20.0%)]	Loss: 0.45886799693107605
[2023-05-03 09:34:20] Train Epoch: 1 [4800/20000 (24.0%)]	Loss: 0.6293095350265503
[2023-05-03 09:34:28] Train Epoch: 1 [5600/20000 (28.0%)]	Loss: 0.41991230845451355
[2023-05-03 09:34:36] Train Epoch: 1 [6400/20000 (32.0%)]	Loss: 0.48193255066871643
[2023-05-03 09:34:44] Train Epoch: 1 [7200/20000 (36.0%)]	Loss: 0.4637758731842041
[2023-05-03 09:34:52] Train Epoch: 1 [8000/20000 (40.0%)]	Loss: 0.4855670630931854
[2023-05-03 09:34:59] Train Epoch: 1 [8800/20000 (44.0%)]	Loss: 0.4386930763721466
[2023-05-03 09:35:07] Train Epoch: 1 [9600/20000 (48.0%)]	Loss: 0.4066694676876068
[2023-05-03 09:35:15] Train Epoch: 1 [10400/20000 (52.0%)]	Loss: 1.0839457511901855
[2023-05-03 09:35:23] Train Epoch: 1 [11200/20000 (56.0%)]	Loss: 0.35861074924468994
[2023-05-03 09:35:31] Train Epoch: 1 [12000/20000 (60.0%)]	Loss: 0.32980045676231384
[2023-05-03 09:35:39] Train Epoch: 1 [12800/20000 (64.0%)]	Loss: 0.4891585409641266
[2023-05-03 09:35:47] Train Epoch: 1 [13600/20000 (68.0%)]	Loss: 0.3941422998905182
[2023-05-03 09:35:55] Train Epoch: 1 [14400/20000 (72.0%)]	Loss: 0.37795311212539673
[2023-05-03 09:36:03] Train Epoch: 1 [15200/20000 (76.0%)]	Loss: 0.3613927960395813
[2023-05-03 09:36:10] Train Epoch: 1 [16000/20000 (80.0%)]	Loss: 0.37499088048934937
[2023-05-03 09:36:18] Train Epoch: 1 [16800/20000 (84.0%)]	Loss: 0.4049166738986969
[2023-05-03 09:36:26] Train Epoch: 1 [17600/20000 (88.0%)]	Loss: 0.4327760934829712
[2023-05-03 09:36:34] Train Epoch: 1 [18400/20000 (92.0%)]	Loss: 0.6635180115699768
[2023-05-03 09:36:42] Train Epoch: 1 [19200/20000 (96.0%)]	Loss: 0.49592843651771545
[2023-05-03 09:37:12] ========== Metrics ==========
[2023-05-03 09:37:12] {
  "tr_loss": 0.44955365586750556,
  "tr_acc": 0.7887288728872888,
  "tr_f1": 0.7913683274900004,
  "val_loss": 0.38236400868884624,
  "val_acc": 0.8457985432581275,
  "val_f1": 0.8490434782608696,
  "test_loss": 0.3623112320576903,
  "test_acc": 0.8455284552845529,
  "test_f1": 0.8446866485013624
}
[2023-05-03 09:37:12] ========== Metrics ==========
[2023-05-03 09:37:13] Train Epoch: 2 [0/20000 (0.0%)]	Loss: 0.4316062033176422
[2023-05-03 09:37:22] Train Epoch: 2 [800/20000 (4.0%)]	Loss: 0.13229602575302124
[2023-05-03 09:37:30] Train Epoch: 2 [1600/20000 (8.0%)]	Loss: 0.03365998715162277
[2023-05-03 09:37:38] Train Epoch: 2 [2400/20000 (12.0%)]	Loss: 0.44826602935791016
[2023-05-03 09:37:46] Train Epoch: 2 [3200/20000 (16.0%)]	Loss: 0.2543770670890808
[2023-05-03 09:37:54] Train Epoch: 2 [4000/20000 (20.0%)]	Loss: 0.6089881658554077
[2023-05-03 09:38:02] Train Epoch: 2 [4800/20000 (24.0%)]	Loss: 0.27431920170783997
[2023-05-03 09:38:10] Train Epoch: 2 [5600/20000 (28.0%)]	Loss: 0.1378004103899002
[2023-05-03 09:38:18] Train Epoch: 2 [6400/20000 (32.0%)]	Loss: 0.15998533368110657
[2023-05-03 09:38:26] Train Epoch: 2 [7200/20000 (36.0%)]	Loss: 0.4315570592880249
[2023-05-03 09:38:33] Train Epoch: 2 [8000/20000 (40.0%)]	Loss: 0.8346071243286133
[2023-05-03 09:38:41] Train Epoch: 2 [8800/20000 (44.0%)]	Loss: 0.3333083391189575
[2023-05-03 09:38:49] Train Epoch: 2 [9600/20000 (48.0%)]	Loss: 0.2712017595767975
[2023-05-03 09:38:57] Train Epoch: 2 [10400/20000 (52.0%)]	Loss: 0.18773706257343292
[2023-05-03 09:39:05] Train Epoch: 2 [11200/20000 (56.0%)]	Loss: 0.2701479494571686
[2023-05-03 09:39:13] Train Epoch: 2 [12000/20000 (60.0%)]	Loss: 0.10284154862165451
[2023-05-03 09:39:21] Train Epoch: 2 [12800/20000 (64.0%)]	Loss: 0.11623667925596237
[2023-05-03 09:39:29] Train Epoch: 2 [13600/20000 (68.0%)]	Loss: 0.2015620619058609
[2023-05-03 09:39:37] Train Epoch: 2 [14400/20000 (72.0%)]	Loss: 0.14024220407009125
[2023-05-03 09:39:44] Train Epoch: 2 [15200/20000 (76.0%)]	Loss: 0.30215224623680115
[2023-05-03 09:39:52] Train Epoch: 2 [16000/20000 (80.0%)]	Loss: 0.22500458359718323
[2023-05-03 09:40:00] Train Epoch: 2 [16800/20000 (84.0%)]	Loss: 0.09442340582609177
[2023-05-03 09:40:08] Train Epoch: 2 [17600/20000 (88.0%)]	Loss: 0.1015242412686348
[2023-05-03 09:40:16] Train Epoch: 2 [18400/20000 (92.0%)]	Loss: 0.21478094160556793
[2023-05-03 09:40:24] Train Epoch: 2 [19200/20000 (96.0%)]	Loss: 0.35666608810424805
[2023-05-03 09:40:54] ========== Metrics ==========
[2023-05-03 09:40:54] {
  "tr_loss": 0.25857036892134305,
  "tr_acc": 0.8978397839783978,
  "tr_f1": 0.8979163543696598,
  "val_loss": 0.37012207550442566,
  "val_acc": 0.8399360454787707,
  "val_f1": 0.84985835694051,
  "test_loss": 0.31599621462628125,
  "test_acc": 0.8617886178861789,
  "test_f1": 0.8682170542635659
}
[2023-05-03 09:40:54] ========== Metrics ==========
[2023-05-03 09:40:55] Train Epoch: 3 [0/20000 (0.0%)]	Loss: 0.07139153778553009
[2023-05-03 09:41:04] Train Epoch: 3 [800/20000 (4.0%)]	Loss: 0.309238463640213
[2023-05-03 09:41:12] Train Epoch: 3 [1600/20000 (8.0%)]	Loss: 0.033371422439813614
[2023-05-03 09:41:20] Train Epoch: 3 [2400/20000 (12.0%)]	Loss: 0.1197425052523613
[2023-05-03 09:41:28] Train Epoch: 3 [3200/20000 (16.0%)]	Loss: 0.17620974779129028
[2023-05-03 09:41:36] Train Epoch: 3 [4000/20000 (20.0%)]	Loss: 0.0692535936832428
[2023-05-03 09:41:44] Train Epoch: 3 [4800/20000 (24.0%)]	Loss: 0.04340674728155136
[2023-05-03 09:41:51] Train Epoch: 3 [5600/20000 (28.0%)]	Loss: 0.340657114982605
[2023-05-03 09:41:59] Train Epoch: 3 [6400/20000 (32.0%)]	Loss: 0.3711628317832947
[2023-05-03 09:42:07] Train Epoch: 3 [7200/20000 (36.0%)]	Loss: 0.06311740726232529
[2023-05-03 09:42:15] Train Epoch: 3 [8000/20000 (40.0%)]	Loss: 0.06123002991080284
[2023-05-03 09:42:23] Train Epoch: 3 [8800/20000 (44.0%)]	Loss: 0.03550783172249794
[2023-05-03 09:42:31] Train Epoch: 3 [9600/20000 (48.0%)]	Loss: 0.49176281690597534
[2023-05-03 09:42:38] Train Epoch: 3 [10400/20000 (52.0%)]	Loss: 0.10179910808801651
[2023-05-03 09:42:46] Train Epoch: 3 [11200/20000 (56.0%)]	Loss: 0.09324347227811813
[2023-05-03 09:42:54] Train Epoch: 3 [12000/20000 (60.0%)]	Loss: 0.12810105085372925
[2023-05-03 09:43:02] Train Epoch: 3 [12800/20000 (64.0%)]	Loss: 0.13234765827655792
[2023-05-03 09:43:10] Train Epoch: 3 [13600/20000 (68.0%)]	Loss: 0.026371309533715248
[2023-05-03 09:43:18] Train Epoch: 3 [14400/20000 (72.0%)]	Loss: 0.16473388671875
[2023-05-03 09:43:26] Train Epoch: 3 [15200/20000 (76.0%)]	Loss: 0.029152967035770416
[2023-05-03 09:43:34] Train Epoch: 3 [16000/20000 (80.0%)]	Loss: 0.10956212133169174
[2023-05-03 09:43:41] Train Epoch: 3 [16800/20000 (84.0%)]	Loss: 0.3189122974872589
[2023-05-03 09:43:49] Train Epoch: 3 [17600/20000 (88.0%)]	Loss: 0.1152736246585846
[2023-05-03 09:43:57] Train Epoch: 3 [18400/20000 (92.0%)]	Loss: 0.03249034285545349
[2023-05-03 09:44:05] Train Epoch: 3 [19200/20000 (96.0%)]	Loss: 0.11689296364784241
[2023-05-03 09:44:35] ========== Metrics ==========
[2023-05-03 09:44:35] {
  "tr_loss": 0.13044856181784575,
  "tr_acc": 0.9552455245524553,
  "tr_f1": 0.9552343320162057,
  "val_loss": 0.5028231868718589,
  "val_acc": 0.8459761947059868,
  "val_f1": 0.8429063236093496,
  "test_loss": 0.4673182864378138,
  "test_acc": 0.8509485094850948,
  "test_f1": 0.8441926345609064
}
[2023-05-03 09:44:35] ========== Metrics ==========
[2023-05-03 09:44:37] Train Epoch: 4 [0/20000 (0.0%)]	Loss: 0.004604045767337084
[2023-05-03 09:44:45] Train Epoch: 4 [800/20000 (4.0%)]	Loss: 0.10383114218711853
[2023-05-03 09:44:53] Train Epoch: 4 [1600/20000 (8.0%)]	Loss: 0.02335718274116516
[2023-05-03 09:45:01] Train Epoch: 4 [2400/20000 (12.0%)]	Loss: 0.09795381873846054
[2023-05-03 09:45:09] Train Epoch: 4 [3200/20000 (16.0%)]	Loss: 0.008316724561154842
[2023-05-03 09:45:17] Train Epoch: 4 [4000/20000 (20.0%)]	Loss: 0.0018784652929753065
[2023-05-03 09:45:25] Train Epoch: 4 [4800/20000 (24.0%)]	Loss: 0.027229538187384605
[2023-05-03 09:45:33] Train Epoch: 4 [5600/20000 (28.0%)]	Loss: 0.03519105538725853
[2023-05-03 09:45:41] Train Epoch: 4 [6400/20000 (32.0%)]	Loss: 0.011159725487232208
[2023-05-03 09:45:49] Train Epoch: 4 [7200/20000 (36.0%)]	Loss: 0.008271325379610062
[2023-05-03 09:45:57] Train Epoch: 4 [8000/20000 (40.0%)]	Loss: 0.051390618085861206
[2023-05-03 09:46:05] Train Epoch: 4 [8800/20000 (44.0%)]	Loss: 0.0030754266772419214
[2023-05-03 09:46:13] Train Epoch: 4 [9600/20000 (48.0%)]	Loss: 0.05771216005086899
[2023-05-03 09:46:21] Train Epoch: 4 [10400/20000 (52.0%)]	Loss: 0.007621695287525654
[2023-05-03 09:46:28] Train Epoch: 4 [11200/20000 (56.0%)]	Loss: 0.01737021841108799
[2023-05-03 09:46:36] Train Epoch: 4 [12000/20000 (60.0%)]	Loss: 0.023247765377163887
[2023-05-03 09:46:44] Train Epoch: 4 [12800/20000 (64.0%)]	Loss: 0.03435342013835907
[2023-05-03 09:46:52] Train Epoch: 4 [13600/20000 (68.0%)]	Loss: 0.014250697568058968
[2023-05-03 09:47:00] Train Epoch: 4 [14400/20000 (72.0%)]	Loss: 0.0030238081235438585
[2023-05-03 09:47:08] Train Epoch: 4 [15200/20000 (76.0%)]	Loss: 0.07263676822185516
[2023-05-03 09:47:16] Train Epoch: 4 [16000/20000 (80.0%)]	Loss: 0.2854127883911133
[2023-05-03 09:47:24] Train Epoch: 4 [16800/20000 (84.0%)]	Loss: 0.0515044666826725
[2023-05-03 09:47:32] Train Epoch: 4 [17600/20000 (88.0%)]	Loss: 0.20628038048744202
[2023-05-03 09:47:40] Train Epoch: 4 [18400/20000 (92.0%)]	Loss: 0.0509234294295311
[2023-05-03 09:47:48] Train Epoch: 4 [19200/20000 (96.0%)]	Loss: 0.007957512512803078
[2023-05-03 09:48:18] ========== Metrics ==========
[2023-05-03 09:48:18] {
  "tr_loss": 0.05121252021816286,
  "tr_acc": 0.9847484748474847,
  "tr_f1": 0.9847461865466367,
  "val_loss": 0.6364212787339024,
  "val_acc": 0.8333629419079766,
  "val_f1": 0.8346845259076489,
  "test_loss": 0.6072215968263424,
  "test_acc": 0.8373983739837398,
  "test_f1": 0.8333333333333333
}
[2023-05-03 09:48:18] ========== Metrics ==========
[2023-05-03 09:48:19] Train Epoch: 5 [0/20000 (0.0%)]	Loss: 0.0016586834099143744
[2023-05-03 09:48:28] Train Epoch: 5 [800/20000 (4.0%)]	Loss: 0.00031327042961493134
[2023-05-03 09:48:36] Train Epoch: 5 [1600/20000 (8.0%)]	Loss: 0.00155495700892061
[2023-05-03 09:48:43] Train Epoch: 5 [2400/20000 (12.0%)]	Loss: 0.000350483285728842
[2023-05-03 09:48:51] Train Epoch: 5 [3200/20000 (16.0%)]	Loss: 0.0022562374360859394
[2023-05-03 09:48:59] Train Epoch: 5 [4000/20000 (20.0%)]	Loss: 0.00410347618162632
[2023-05-03 09:49:07] Train Epoch: 5 [4800/20000 (24.0%)]	Loss: 0.0010727725457400084
[2023-05-03 09:49:15] Train Epoch: 5 [5600/20000 (28.0%)]	Loss: 0.056717850267887115
[2023-05-03 09:49:23] Train Epoch: 5 [6400/20000 (32.0%)]	Loss: 0.31856298446655273
[2023-05-03 09:49:31] Train Epoch: 5 [7200/20000 (36.0%)]	Loss: 0.00026309574604965746
[2023-05-03 09:49:39] Train Epoch: 5 [8000/20000 (40.0%)]	Loss: 0.058119457215070724
[2023-05-03 09:49:47] Train Epoch: 5 [8800/20000 (44.0%)]	Loss: 0.0008656089194118977
[2023-05-03 09:49:55] Train Epoch: 5 [9600/20000 (48.0%)]	Loss: 0.0015398382674902678
[2023-05-03 09:50:02] Train Epoch: 5 [10400/20000 (52.0%)]	Loss: 0.0008828727877698839
[2023-05-03 09:50:10] Train Epoch: 5 [11200/20000 (56.0%)]	Loss: 0.002002321882173419
[2023-05-03 09:50:18] Train Epoch: 5 [12000/20000 (60.0%)]	Loss: 0.0017746961675584316
[2023-05-03 09:50:26] Train Epoch: 5 [12800/20000 (64.0%)]	Loss: 0.007352864369750023
[2023-05-03 09:50:34] Train Epoch: 5 [13600/20000 (68.0%)]	Loss: 0.011491510085761547
[2023-05-03 09:50:42] Train Epoch: 5 [14400/20000 (72.0%)]	Loss: 0.0003317232185509056
[2023-05-03 09:50:49] Train Epoch: 5 [15200/20000 (76.0%)]	Loss: 0.000613827200140804
[2023-05-03 09:50:57] Train Epoch: 5 [16000/20000 (80.0%)]	Loss: 0.005290760658681393
[2023-05-03 09:51:05] Train Epoch: 5 [16800/20000 (84.0%)]	Loss: 0.005239616613835096
[2023-05-03 09:51:13] Train Epoch: 5 [17600/20000 (88.0%)]	Loss: 0.0003153377037961036
[2023-05-03 09:51:21] Train Epoch: 5 [18400/20000 (92.0%)]	Loss: 0.00015111261745914817
[2023-05-03 09:51:29] Train Epoch: 5 [19200/20000 (96.0%)]	Loss: 0.002379439305514097
[2023-05-03 09:51:58] ========== Metrics ==========
[2023-05-03 09:51:58] {
  "tr_loss": 0.019239379157534032,
  "tr_acc": 0.9947494749474948,
  "tr_f1": 0.9947497374868743,
  "val_loss": 0.840192348205647,
  "val_acc": 0.8250133238585895,
  "val_f1": 0.8219128548182969,
  "test_loss": 0.974404183829703,
  "test_acc": 0.8211382113821138,
  "test_f1": 0.8156424581005587
}
[2023-05-03 09:51:58] ========== Metrics ==========
[2023-05-03 09:52:00] Train Epoch: 6 [0/20000 (0.0%)]	Loss: 0.00017971848137676716
[2023-05-03 09:52:08] Train Epoch: 6 [800/20000 (4.0%)]	Loss: 0.0005107069737277925
[2023-05-03 09:52:16] Train Epoch: 6 [1600/20000 (8.0%)]	Loss: 0.0002831180754583329
[2023-05-03 09:52:24] Train Epoch: 6 [2400/20000 (12.0%)]	Loss: 0.0005345878307707608
[2023-05-03 09:52:33] Train Epoch: 6 [3200/20000 (16.0%)]	Loss: 0.00018554671260062605
[2023-05-03 09:52:41] Train Epoch: 6 [4000/20000 (20.0%)]	Loss: 0.00043681415263563395
[2023-05-03 09:52:48] Train Epoch: 6 [4800/20000 (24.0%)]	Loss: 0.00019163406977895647
[2023-05-03 09:52:56] Train Epoch: 6 [5600/20000 (28.0%)]	Loss: 0.0004716937255579978
[2023-05-03 09:53:04] Train Epoch: 6 [6400/20000 (32.0%)]	Loss: 0.00014787112013436854
[2023-05-03 09:53:12] Train Epoch: 6 [7200/20000 (36.0%)]	Loss: 0.0001819440658437088
[2023-05-03 09:53:20] Train Epoch: 6 [8000/20000 (40.0%)]	Loss: 0.0006404967280104756
[2023-05-03 09:53:28] Train Epoch: 6 [8800/20000 (44.0%)]	Loss: 0.0002597123384475708
[2023-05-03 09:53:36] Train Epoch: 6 [9600/20000 (48.0%)]	Loss: 0.0006418694974854589
[2023-05-03 09:53:44] Train Epoch: 6 [10400/20000 (52.0%)]	Loss: 0.00452522374689579
[2023-05-03 09:53:52] Train Epoch: 6 [11200/20000 (56.0%)]	Loss: 0.00019230128964409232
[2023-05-03 09:53:59] Train Epoch: 6 [12000/20000 (60.0%)]	Loss: 0.0003762236447073519
[2023-05-03 09:54:07] Train Epoch: 6 [12800/20000 (64.0%)]	Loss: 0.0023491322062909603
[2023-05-03 09:54:15] Train Epoch: 6 [13600/20000 (68.0%)]	Loss: 0.0001935964246513322
[2023-05-03 09:54:23] Train Epoch: 6 [14400/20000 (72.0%)]	Loss: 0.00011691627878462896
[2023-05-03 09:54:31] Train Epoch: 6 [15200/20000 (76.0%)]	Loss: 0.0006469247746281326
[2023-05-03 09:54:39] Train Epoch: 6 [16000/20000 (80.0%)]	Loss: 0.00022863730555400252
[2023-05-03 09:54:47] Train Epoch: 6 [16800/20000 (84.0%)]	Loss: 0.0003262383979745209
[2023-05-03 09:54:54] Train Epoch: 6 [17600/20000 (88.0%)]	Loss: 7.302885933313519e-05
[2023-05-03 09:55:02] Train Epoch: 6 [18400/20000 (92.0%)]	Loss: 0.0013605785788968205
[2023-05-03 09:55:10] Train Epoch: 6 [19200/20000 (96.0%)]	Loss: 0.00015424980665557086
[2023-05-03 09:55:40] ========== Metrics ==========
[2023-05-03 09:55:40] {
  "tr_loss": 0.004694543329424214,
  "tr_acc": 0.9988498849884988,
  "tr_f1": 0.9988498274741212,
  "val_loss": 0.9289034458724718,
  "val_acc": 0.8283887013679162,
  "val_f1": 0.8301090397467463,
  "test_loss": 0.8159280974237465,
  "test_acc": 0.8373983739837398,
  "test_f1": 0.8369565217391305
}
[2023-05-03 09:55:40] ========== Metrics ==========
[2023-05-03 09:55:42] Train Epoch: 7 [0/20000 (0.0%)]	Loss: 0.000686917919665575
[2023-05-03 09:55:50] Train Epoch: 7 [800/20000 (4.0%)]	Loss: 0.00013699414557777345
[2023-05-03 09:55:58] Train Epoch: 7 [1600/20000 (8.0%)]	Loss: 0.0005003503174521029
[2023-05-03 09:56:06] Train Epoch: 7 [2400/20000 (12.0%)]	Loss: 0.00014653346443083137
[2023-05-03 09:56:14] Train Epoch: 7 [3200/20000 (16.0%)]	Loss: 6.814618245698512e-05
[2023-05-03 09:56:22] Train Epoch: 7 [4000/20000 (20.0%)]	Loss: 9.717451757751405e-05
[2023-05-03 09:56:30] Train Epoch: 7 [4800/20000 (24.0%)]	Loss: 0.0001567987637827173
[2023-05-03 09:56:38] Train Epoch: 7 [5600/20000 (28.0%)]	Loss: 0.00035365851363167167
[2023-05-03 09:56:46] Train Epoch: 7 [6400/20000 (32.0%)]	Loss: 0.00047768859076313674
[2023-05-03 09:56:54] Train Epoch: 7 [7200/20000 (36.0%)]	Loss: 0.0004210110055282712
[2023-05-03 09:57:02] Train Epoch: 7 [8000/20000 (40.0%)]	Loss: 9.57901356741786e-05
[2023-05-03 09:57:10] Train Epoch: 7 [8800/20000 (44.0%)]	Loss: 0.0004939413047395647
[2023-05-03 09:57:18] Train Epoch: 7 [9600/20000 (48.0%)]	Loss: 0.00010174106137128547
[2023-05-03 09:57:26] Train Epoch: 7 [10400/20000 (52.0%)]	Loss: 0.00013698887778446078
[2023-05-03 09:57:34] Train Epoch: 7 [11200/20000 (56.0%)]	Loss: 0.006839875131845474
[2023-05-03 09:57:41] Train Epoch: 7 [12000/20000 (60.0%)]	Loss: 0.002398468554019928
[2023-05-03 09:57:49] Train Epoch: 7 [12800/20000 (64.0%)]	Loss: 0.0001290415966650471
[2023-05-03 09:57:57] Train Epoch: 7 [13600/20000 (68.0%)]	Loss: 0.00044264609459787607
[2023-05-03 09:58:05] Train Epoch: 7 [14400/20000 (72.0%)]	Loss: 1.9482946299831383e-05
[2023-05-03 09:58:13] Train Epoch: 7 [15200/20000 (76.0%)]	Loss: 0.0006825513555668294
[2023-05-03 09:58:21] Train Epoch: 7 [16000/20000 (80.0%)]	Loss: 0.00034069499815814197
[2023-05-03 09:58:29] Train Epoch: 7 [16800/20000 (84.0%)]	Loss: 0.0022849959786981344
[2023-05-03 09:58:37] Train Epoch: 7 [17600/20000 (88.0%)]	Loss: 7.286422624019906e-05
[2023-05-03 09:58:44] Train Epoch: 7 [18400/20000 (92.0%)]	Loss: 0.00040828887722454965
[2023-05-03 09:58:52] Train Epoch: 7 [19200/20000 (96.0%)]	Loss: 0.00013628463784698397
[2023-05-03 09:59:22] ========== Metrics ==========
[2023-05-03 09:59:22] {
  "tr_loss": 0.0028213522441101714,
  "tr_acc": 0.9995499549954996,
  "tr_f1": 0.9995499324898736,
  "val_loss": 0.9857576961489618,
  "val_acc": 0.8285663528157754,
  "val_f1": 0.8300757175559077,
  "test_loss": 1.2566909479901074,
  "test_acc": 0.8373983739837398,
  "test_f1": 0.8369565217391305
}
[2023-05-03 09:59:22] ========== Metrics ==========
[2023-05-03 09:59:24] Train Epoch: 8 [0/20000 (0.0%)]	Loss: 0.00010096033656736836
[2023-05-03 09:59:32] Train Epoch: 8 [800/20000 (4.0%)]	Loss: 0.00010136060882359743
[2023-05-03 09:59:40] Train Epoch: 8 [1600/20000 (8.0%)]	Loss: 0.00010161389218410477
[2023-05-03 09:59:48] Train Epoch: 8 [2400/20000 (12.0%)]	Loss: 0.0002569924690760672
[2023-05-03 09:59:56] Train Epoch: 8 [3200/20000 (16.0%)]	Loss: 0.00019362694001756608
[2023-05-03 10:00:04] Train Epoch: 8 [4000/20000 (20.0%)]	Loss: 0.00023277488071471453
[2023-05-03 10:00:12] Train Epoch: 8 [4800/20000 (24.0%)]	Loss: 0.0002854208287317306
[2023-05-03 10:00:19] Train Epoch: 8 [5600/20000 (28.0%)]	Loss: 4.4545162381837144e-05
[2023-05-03 10:00:27] Train Epoch: 8 [6400/20000 (32.0%)]	Loss: 0.0005319012561812997
[2023-05-03 10:00:35] Train Epoch: 8 [7200/20000 (36.0%)]	Loss: 5.696398875443265e-05
[2023-05-03 10:00:43] Train Epoch: 8 [8000/20000 (40.0%)]	Loss: 4.7963974793674424e-05
[2023-05-03 10:00:51] Train Epoch: 8 [8800/20000 (44.0%)]	Loss: 5.007832805858925e-05
[2023-05-03 10:00:59] Train Epoch: 8 [9600/20000 (48.0%)]	Loss: 3.696050771395676e-05
[2023-05-03 10:01:07] Train Epoch: 8 [10400/20000 (52.0%)]	Loss: 2.4660464987391606e-05
[2023-05-03 10:01:15] Train Epoch: 8 [11200/20000 (56.0%)]	Loss: 0.0009674499160610139
[2023-05-03 10:01:23] Train Epoch: 8 [12000/20000 (60.0%)]	Loss: 0.00044106031418778
[2023-05-03 10:01:31] Train Epoch: 8 [12800/20000 (64.0%)]	Loss: 2.0317196685937233e-05
[2023-05-03 10:01:39] Train Epoch: 8 [13600/20000 (68.0%)]	Loss: 3.1343115551862866e-05
[2023-05-03 10:01:46] Train Epoch: 8 [14400/20000 (72.0%)]	Loss: 3.611015199567191e-05
[2023-05-03 10:01:54] Train Epoch: 8 [15200/20000 (76.0%)]	Loss: 0.00012137143494328484
[2023-05-03 10:02:02] Train Epoch: 8 [16000/20000 (80.0%)]	Loss: 4.9593811127124354e-05
[2023-05-03 10:02:10] Train Epoch: 8 [16800/20000 (84.0%)]	Loss: 0.000222262620809488
[2023-05-03 10:02:18] Train Epoch: 8 [17600/20000 (88.0%)]	Loss: 2.1337977159419097e-05
[2023-05-03 10:02:26] Train Epoch: 8 [18400/20000 (92.0%)]	Loss: 3.456170452409424e-05
[2023-05-03 10:02:33] Train Epoch: 8 [19200/20000 (96.0%)]	Loss: 0.00019608445290941745
[2023-05-03 10:03:03] ========== Metrics ==========
[2023-05-03 10:03:03] {
  "tr_loss": 0.00213820131789576,
  "tr_acc": 0.9996999699969997,
  "tr_f1": 0.9997000000000001,
  "val_loss": 1.0396707626182913,
  "val_acc": 0.8266121868893231,
  "val_f1": 0.8202578268876611,
  "test_loss": 0.9588539001499088,
  "test_acc": 0.8346883468834688,
  "test_f1": 0.8242074927953891
}
[2023-05-03 10:03:03] ========== Metrics ==========
[2023-05-03 10:03:05] Train Epoch: 9 [0/20000 (0.0%)]	Loss: 0.0009208794217556715
[2023-05-03 10:03:13] Train Epoch: 9 [800/20000 (4.0%)]	Loss: 9.73608111962676e-05
[2023-05-03 10:03:21] Train Epoch: 9 [1600/20000 (8.0%)]	Loss: 0.0006421027355827391
[2023-05-03 10:03:29] Train Epoch: 9 [2400/20000 (12.0%)]	Loss: 0.0006377364043146372
[2023-05-03 10:03:37] Train Epoch: 9 [3200/20000 (16.0%)]	Loss: 0.00020797351317014545
[2023-05-03 10:03:45] Train Epoch: 9 [4000/20000 (20.0%)]	Loss: 8.44260212033987e-05
[2023-05-03 10:03:53] Train Epoch: 9 [4800/20000 (24.0%)]	Loss: 0.00027014411170966923
[2023-05-03 10:04:01] Train Epoch: 9 [5600/20000 (28.0%)]	Loss: 3.1462666811421514e-05
[2023-05-03 10:04:09] Train Epoch: 9 [6400/20000 (32.0%)]	Loss: 0.00018539995653554797
[2023-05-03 10:04:17] Train Epoch: 9 [7200/20000 (36.0%)]	Loss: 0.00022843293845653534
[2023-05-03 10:04:24] Train Epoch: 9 [8000/20000 (40.0%)]	Loss: 0.00028582767117768526
[2023-05-03 10:04:32] Train Epoch: 9 [8800/20000 (44.0%)]	Loss: 3.3325595722999424e-05
[2023-05-03 10:04:40] Train Epoch: 9 [9600/20000 (48.0%)]	Loss: 2.1934074538876303e-05
[2023-05-03 10:04:48] Train Epoch: 9 [10400/20000 (52.0%)]	Loss: 2.1076793927932158e-05
[2023-05-03 10:04:56] Train Epoch: 9 [11200/20000 (56.0%)]	Loss: 6.0448976000770926e-05
[2023-05-03 10:05:03] Train Epoch: 9 [12000/20000 (60.0%)]	Loss: 6.693019531667233e-05
[2023-05-03 10:05:11] Train Epoch: 9 [12800/20000 (64.0%)]	Loss: 1.794031595636625e-05
[2023-05-03 10:05:19] Train Epoch: 9 [13600/20000 (68.0%)]	Loss: 8.18922053440474e-05
[2023-05-03 10:05:27] Train Epoch: 9 [14400/20000 (72.0%)]	Loss: 4.32556371379178e-05
[2023-05-03 10:05:35] Train Epoch: 9 [15200/20000 (76.0%)]	Loss: 0.00020038401999045163
[2023-05-03 10:05:43] Train Epoch: 9 [16000/20000 (80.0%)]	Loss: 9.69026586972177e-05
[2023-05-03 10:05:51] Train Epoch: 9 [16800/20000 (84.0%)]	Loss: 0.00010371022653998807
[2023-05-03 10:05:59] Train Epoch: 9 [17600/20000 (88.0%)]	Loss: 0.0034678904339671135
[2023-05-03 10:06:06] Train Epoch: 9 [18400/20000 (92.0%)]	Loss: 1.4640208974014968e-05
[2023-05-03 10:06:14] Train Epoch: 9 [19200/20000 (96.0%)]	Loss: 0.00030787521973252296
[2023-05-03 10:06:42] Stop At epoch 9/20 due to valid not increase
[2023-05-03 10:06:45] ========== Metrics ==========
[2023-05-03 10:06:45] {
  "tr_loss": 0.0016147255650367173,
  "tr_acc": 0.9996999699969997,
  "tr_f1": 0.9997000000000001,
  "val_loss": 1.1567663162343778,
  "val_acc": 0.8248356724107302,
  "val_f1": 0.8241170174812701,
  "test_loss": 1.0225018507656345,
  "test_acc": 0.8319783197831978,
  "test_f1": 0.8287292817679557
}
[2023-05-03 10:06:45] ========== Metrics ==========
