[2023-05-02 17:32:37] Train Epoch: 1 [0/20000 (0.0%)]	Loss: 0.7071126103401184
[2023-05-02 17:32:46] Train Epoch: 1 [800/20000 (4.0%)]	Loss: 0.661708414554596
[2023-05-02 17:32:54] Train Epoch: 1 [1600/20000 (8.0%)]	Loss: 0.40286168456077576
[2023-05-02 17:33:03] Train Epoch: 1 [2400/20000 (12.0%)]	Loss: 0.4780721068382263
[2023-05-02 17:33:10] Train Epoch: 1 [3200/20000 (16.0%)]	Loss: 0.45995333790779114
[2023-05-02 17:33:20] Train Epoch: 1 [4000/20000 (20.0%)]	Loss: 0.5369458198547363
[2023-05-02 17:33:28] Train Epoch: 1 [4800/20000 (24.0%)]	Loss: 0.2918083965778351
[2023-05-02 17:33:37] Train Epoch: 1 [5600/20000 (28.0%)]	Loss: 0.31971463561058044
[2023-05-02 17:34:14] Train Epoch: 1 [6400/20000 (32.0%)]	Loss: 0.5003610253334045
[2023-05-02 17:34:46] Train Epoch: 1 [7200/20000 (36.0%)]	Loss: 0.2955104410648346
[2023-05-02 17:35:00] Train Epoch: 1 [8000/20000 (40.0%)]	Loss: 0.19127382338047028
[2023-05-02 17:35:13] Train Epoch: 1 [8800/20000 (44.0%)]	Loss: 0.21839173138141632
[2023-05-02 17:35:26] Train Epoch: 1 [9600/20000 (48.0%)]	Loss: 0.3702372610569
[2023-05-02 17:35:36] Train Epoch: 1 [10400/20000 (52.0%)]	Loss: 0.2893849313259125
[2023-05-02 17:35:46] Train Epoch: 1 [11200/20000 (56.0%)]	Loss: 0.15426987409591675
[2023-05-02 17:35:55] Train Epoch: 1 [12000/20000 (60.0%)]	Loss: 0.39976754784584045
[2023-05-02 17:36:04] Train Epoch: 1 [12800/20000 (64.0%)]	Loss: 0.3515201508998871
[2023-05-02 17:36:13] Train Epoch: 1 [13600/20000 (68.0%)]	Loss: 0.32540518045425415
[2023-05-02 17:36:23] Train Epoch: 1 [14400/20000 (72.0%)]	Loss: 0.833442747592926
[2023-05-02 17:36:32] Train Epoch: 1 [15200/20000 (76.0%)]	Loss: 0.5551788210868835
[2023-05-02 17:36:54] Train Epoch: 1 [16000/20000 (80.0%)]	Loss: 0.14317840337753296
[2023-05-02 17:37:11] Train Epoch: 1 [16800/20000 (84.0%)]	Loss: 0.28314465284347534
[2023-05-02 17:37:31] Train Epoch: 1 [17600/20000 (88.0%)]	Loss: 0.43267175555229187
[2023-05-02 17:37:39] Train Epoch: 1 [18400/20000 (92.0%)]	Loss: 0.36571574211120605
[2023-05-02 17:37:47] Train Epoch: 1 [19200/20000 (96.0%)]	Loss: 0.2513490915298462
[2023-05-02 17:38:24] ========== Metrics ==========
[2023-05-02 17:38:24] {
  "tr_loss": 0.44126680185466016,
  "tr_acc": 0.7944794479447945,
  "tr_f1": 0.7976764792753767,
  "val_loss": 0.3643649669222138,
  "val_acc": 0.8445549831231125,
  "val_f1": 0.8430493273542602,
  "test_loss": 0.33535174141085244,
  "test_acc": 0.8428184281842819,
  "test_f1": 0.8352272727272728
}
[2023-05-02 17:38:24] ========== Metrics ==========
[2023-05-02 17:38:26] Train Epoch: 2 [0/20000 (0.0%)]	Loss: 0.11718649417161942
[2023-05-02 17:38:35] Train Epoch: 2 [800/20000 (4.0%)]	Loss: 0.2511674761772156
[2023-05-02 17:38:44] Train Epoch: 2 [1600/20000 (8.0%)]	Loss: 0.3767138421535492
[2023-05-02 17:38:54] Train Epoch: 2 [2400/20000 (12.0%)]	Loss: 0.19842231273651123
[2023-05-02 17:39:02] Train Epoch: 2 [3200/20000 (16.0%)]	Loss: 0.10305634886026382
[2023-05-02 17:39:12] Train Epoch: 2 [4000/20000 (20.0%)]	Loss: 0.11097104847431183
[2023-05-02 17:39:21] Train Epoch: 2 [4800/20000 (24.0%)]	Loss: 0.24351783096790314
[2023-05-02 17:39:38] Train Epoch: 2 [5600/20000 (28.0%)]	Loss: 0.2705973982810974
[2023-05-02 17:40:02] Train Epoch: 2 [6400/20000 (32.0%)]	Loss: 0.3647674322128296
[2023-05-02 17:40:26] Train Epoch: 2 [7200/20000 (36.0%)]	Loss: 0.23457688093185425
[2023-05-02 17:40:46] Train Epoch: 2 [8000/20000 (40.0%)]	Loss: 0.15603314340114594
[2023-05-02 17:41:07] Train Epoch: 2 [8800/20000 (44.0%)]	Loss: 0.17405489087104797
[2023-05-02 17:41:24] Train Epoch: 2 [9600/20000 (48.0%)]	Loss: 0.4158492386341095
[2023-05-02 17:41:36] Train Epoch: 2 [10400/20000 (52.0%)]	Loss: 0.1502116620540619
[2023-05-02 17:41:49] Train Epoch: 2 [11200/20000 (56.0%)]	Loss: 0.22855766117572784
[2023-05-02 17:41:59] Train Epoch: 2 [12000/20000 (60.0%)]	Loss: 0.10424575954675674
[2023-05-02 17:42:08] Train Epoch: 2 [12800/20000 (64.0%)]	Loss: 0.06773552298545837
[2023-05-02 17:42:18] Train Epoch: 2 [13600/20000 (68.0%)]	Loss: 0.14356747269630432
[2023-05-02 17:42:26] Train Epoch: 2 [14400/20000 (72.0%)]	Loss: 0.21565210819244385
[2023-05-02 17:42:37] Train Epoch: 2 [15200/20000 (76.0%)]	Loss: 0.26571762561798096
[2023-05-02 17:42:46] Train Epoch: 2 [16000/20000 (80.0%)]	Loss: 0.12395061552524567
[2023-05-02 17:42:56] Train Epoch: 2 [16800/20000 (84.0%)]	Loss: 0.14488844573497772
[2023-05-02 17:43:32] Train Epoch: 2 [17600/20000 (88.0%)]	Loss: 0.16255530714988708
[2023-05-02 17:43:40] Train Epoch: 2 [18400/20000 (92.0%)]	Loss: 0.2609623968601227
[2023-05-02 17:43:50] Train Epoch: 2 [19200/20000 (96.0%)]	Loss: 0.36613592505455017
[2023-05-02 17:44:27] ========== Metrics ==========
[2023-05-02 17:44:27] {
  "tr_loss": 0.25508319228777276,
  "tr_acc": 0.8981898189818982,
  "tr_f1": 0.8981796359271855,
  "val_loss": 0.34866061861211356,
  "val_acc": 0.8482856635281577,
  "val_f1": 0.8517361111111111,
  "test_loss": 0.33398287034616236,
  "test_acc": 0.8590785907859079,
  "test_f1": 0.857142857142857
}
[2023-05-02 17:44:27] ========== Metrics ==========
[2023-05-02 17:44:29] Train Epoch: 3 [0/20000 (0.0%)]	Loss: 0.30510959029197693
[2023-05-02 17:44:37] Train Epoch: 3 [800/20000 (4.0%)]	Loss: 0.0230904258787632
[2023-05-02 17:44:46] Train Epoch: 3 [1600/20000 (8.0%)]	Loss: 0.015362470410764217
[2023-05-02 17:44:55] Train Epoch: 3 [2400/20000 (12.0%)]	Loss: 0.0666956678032875
[2023-05-02 17:45:04] Train Epoch: 3 [3200/20000 (16.0%)]	Loss: 0.15965870022773743
[2023-05-02 17:45:14] Train Epoch: 3 [4000/20000 (20.0%)]	Loss: 0.009424838237464428
[2023-05-02 17:45:22] Train Epoch: 3 [4800/20000 (24.0%)]	Loss: 0.3889031708240509
[2023-05-02 17:45:49] Train Epoch: 3 [5600/20000 (28.0%)]	Loss: 0.08071690797805786
[2023-05-02 17:46:32] Train Epoch: 3 [6400/20000 (32.0%)]	Loss: 0.031131794676184654
[2023-05-02 17:46:44] Train Epoch: 3 [7200/20000 (36.0%)]	Loss: 0.06694718450307846
[2023-05-02 17:46:58] Train Epoch: 3 [8000/20000 (40.0%)]	Loss: 0.24402399361133575
[2023-05-02 17:47:11] Train Epoch: 3 [8800/20000 (44.0%)]	Loss: 0.21159353852272034
[2023-05-02 17:47:25] Train Epoch: 3 [9600/20000 (48.0%)]	Loss: 0.060847263783216476
[2023-05-02 17:47:38] Train Epoch: 3 [10400/20000 (52.0%)]	Loss: 0.025818081572651863
[2023-05-02 17:47:51] Train Epoch: 3 [11200/20000 (56.0%)]	Loss: 0.2075614482164383
[2023-05-02 17:48:00] Train Epoch: 3 [12000/20000 (60.0%)]	Loss: 0.14585596323013306
[2023-05-02 17:48:10] Train Epoch: 3 [12800/20000 (64.0%)]	Loss: 0.29689672589302063
[2023-05-02 17:48:22] Train Epoch: 3 [13600/20000 (68.0%)]	Loss: 0.02450409345328808
[2023-05-02 17:48:33] Train Epoch: 3 [14400/20000 (72.0%)]	Loss: 0.08913677930831909
[2023-05-02 17:48:47] Train Epoch: 3 [15200/20000 (76.0%)]	Loss: 0.05756247043609619
[2023-05-02 17:49:01] Train Epoch: 3 [16000/20000 (80.0%)]	Loss: 0.07630688697099686
[2023-05-02 17:49:18] Train Epoch: 3 [16800/20000 (84.0%)]	Loss: 0.3168589174747467
[2023-05-02 17:49:29] Train Epoch: 3 [17600/20000 (88.0%)]	Loss: 0.4146372079849243
[2023-05-02 17:49:39] Train Epoch: 3 [18400/20000 (92.0%)]	Loss: 0.08159779012203217
[2023-05-02 17:49:47] Train Epoch: 3 [19200/20000 (96.0%)]	Loss: 0.04391781613230705
[2023-05-02 17:50:22] ========== Metrics ==========
[2023-05-02 17:50:22] {
  "tr_loss": 0.1277692080030639,
  "tr_acc": 0.9541954195419542,
  "tr_f1": 0.9541587428685818,
  "val_loss": 0.45701202180790507,
  "val_acc": 0.8351394563865695,
  "val_f1": 0.8218809980806142,
  "test_loss": 0.4856911172388692,
  "test_acc": 0.8021680216802168,
  "test_f1": 0.7794561933534744
}
[2023-05-02 17:50:22] ========== Metrics ==========
[2023-05-02 17:50:24] Train Epoch: 4 [0/20000 (0.0%)]	Loss: 0.11643603444099426
[2023-05-02 17:50:33] Train Epoch: 4 [800/20000 (4.0%)]	Loss: 0.004158041439950466
[2023-05-02 17:50:41] Train Epoch: 4 [1600/20000 (8.0%)]	Loss: 0.3372079133987427
[2023-05-02 17:50:51] Train Epoch: 4 [2400/20000 (12.0%)]	Loss: 0.013468313962221146
[2023-05-02 17:50:59] Train Epoch: 4 [3200/20000 (16.0%)]	Loss: 0.07743887603282928
[2023-05-02 17:51:09] Train Epoch: 4 [4000/20000 (20.0%)]	Loss: 0.003606795333325863
[2023-05-02 17:51:19] Train Epoch: 4 [4800/20000 (24.0%)]	Loss: 0.03985898941755295
[2023-05-02 17:51:32] Train Epoch: 4 [5600/20000 (28.0%)]	Loss: 0.13425692915916443
[2023-05-02 17:51:57] Train Epoch: 4 [6400/20000 (32.0%)]	Loss: 0.2532805800437927
[2023-05-02 17:52:20] Train Epoch: 4 [7200/20000 (36.0%)]	Loss: 0.01974589005112648
[2023-05-02 17:52:42] Train Epoch: 4 [8000/20000 (40.0%)]	Loss: 0.00267429044470191
[2023-05-02 17:53:01] Train Epoch: 4 [8800/20000 (44.0%)]	Loss: 0.002745466073974967
[2023-05-02 17:53:20] Train Epoch: 4 [9600/20000 (48.0%)]	Loss: 0.027906691655516624
[2023-05-02 17:53:34] Train Epoch: 4 [10400/20000 (52.0%)]	Loss: 0.03883952647447586
[2023-05-02 17:53:51] Train Epoch: 4 [11200/20000 (56.0%)]	Loss: 0.0743362158536911
[2023-05-02 17:53:59] Train Epoch: 4 [12000/20000 (60.0%)]	Loss: 0.0011615008115768433
[2023-05-02 17:54:08] Train Epoch: 4 [12800/20000 (64.0%)]	Loss: 0.1765577644109726
[2023-05-02 17:54:20] Train Epoch: 4 [13600/20000 (68.0%)]	Loss: 0.000331223476678133
[2023-05-02 17:54:30] Train Epoch: 4 [14400/20000 (72.0%)]	Loss: 0.13984070718288422
[2023-05-02 17:54:43] Train Epoch: 4 [15200/20000 (76.0%)]	Loss: 0.027517277747392654
[2023-05-02 17:54:52] Train Epoch: 4 [16000/20000 (80.0%)]	Loss: 0.008318181149661541
[2023-05-02 17:55:21] Train Epoch: 4 [16800/20000 (84.0%)]	Loss: 0.03511785715818405
[2023-05-02 17:55:40] Train Epoch: 4 [17600/20000 (88.0%)]	Loss: 0.010900327935814857
[2023-05-02 17:55:49] Train Epoch: 4 [18400/20000 (92.0%)]	Loss: 0.05140894651412964
[2023-05-02 17:55:59] Train Epoch: 4 [19200/20000 (96.0%)]	Loss: 0.06461429595947266
[2023-05-02 17:56:36] ========== Metrics ==========
[2023-05-02 17:56:36] {
  "tr_loss": 0.04921764329921818,
  "tr_acc": 0.9854985498549855,
  "tr_f1": 0.9854999999999999,
  "val_loss": 0.5869048554949935,
  "val_acc": 0.8331852904601172,
  "val_f1": 0.8398976982097186,
  "test_loss": 0.5153734135507104,
  "test_acc": 0.8509485094850948,
  "test_f1": 0.8578811369509043
}
[2023-05-02 17:56:36] ========== Metrics ==========
[2023-05-02 17:56:37] Train Epoch: 5 [0/20000 (0.0%)]	Loss: 0.018391653895378113
[2023-05-02 17:56:46] Train Epoch: 5 [800/20000 (4.0%)]	Loss: 0.0029245829209685326
[2023-05-02 17:56:54] Train Epoch: 5 [1600/20000 (8.0%)]	Loss: 0.0003113866550847888
[2023-05-02 17:57:02] Train Epoch: 5 [2400/20000 (12.0%)]	Loss: 0.0017922132974490523
[2023-05-02 17:57:10] Train Epoch: 5 [3200/20000 (16.0%)]	Loss: 0.000410228269174695
[2023-05-02 17:57:19] Train Epoch: 5 [4000/20000 (20.0%)]	Loss: 0.006497474852949381
[2023-05-02 17:57:26] Train Epoch: 5 [4800/20000 (24.0%)]	Loss: 0.0008476685034111142
[2023-05-02 17:58:05] Train Epoch: 5 [5600/20000 (28.0%)]	Loss: 0.0038439943455159664
[2023-05-02 17:58:40] Train Epoch: 5 [6400/20000 (32.0%)]	Loss: 9.520875028101727e-05
[2023-05-02 17:58:53] Train Epoch: 5 [7200/20000 (36.0%)]	Loss: 0.010176540352404118
[2023-05-02 17:59:05] Train Epoch: 5 [8000/20000 (40.0%)]	Loss: 0.0017152479849755764
[2023-05-02 17:59:18] Train Epoch: 5 [8800/20000 (44.0%)]	Loss: 0.0030811915639787912
[2023-05-02 17:59:32] Train Epoch: 5 [9600/20000 (48.0%)]	Loss: 0.012778584845364094
[2023-05-02 17:59:46] Train Epoch: 5 [10400/20000 (52.0%)]	Loss: 0.0006726333522237837
[2023-05-02 17:59:57] Train Epoch: 5 [11200/20000 (56.0%)]	Loss: 0.0052176122553646564
[2023-05-02 18:00:10] Train Epoch: 5 [12000/20000 (60.0%)]	Loss: 0.012398856692016125
[2023-05-02 18:00:21] Train Epoch: 5 [12800/20000 (64.0%)]	Loss: 0.0005994702223688364
[2023-05-02 18:00:35] Train Epoch: 5 [13600/20000 (68.0%)]	Loss: 2.6858000637730584e-05
[2023-05-02 18:00:48] Train Epoch: 5 [14400/20000 (72.0%)]	Loss: 0.0006190675194375217
[2023-05-02 18:00:58] Train Epoch: 5 [15200/20000 (76.0%)]	Loss: 0.0002780169015750289
[2023-05-02 18:01:07] Train Epoch: 5 [16000/20000 (80.0%)]	Loss: 0.00017661420861259103
[2023-05-02 18:01:16] Train Epoch: 5 [16800/20000 (84.0%)]	Loss: 0.0007592866313643754
[2023-05-02 18:01:31] Train Epoch: 5 [17600/20000 (88.0%)]	Loss: 0.1137612909078598
[2023-05-02 18:02:17] Train Epoch: 5 [18400/20000 (92.0%)]	Loss: 0.13134583830833435
[2023-05-02 18:02:28] Train Epoch: 5 [19200/20000 (96.0%)]	Loss: 0.00910860113799572
[2023-05-02 18:03:05] ========== Metrics ==========
[2023-05-02 18:03:05] {
  "tr_loss": 0.016982629851733527,
  "tr_acc": 0.9952495249524953,
  "tr_f1": 0.995249287393109,
  "val_loss": 0.7933238967121452,
  "val_acc": 0.8223485521406999,
  "val_f1": 0.8299897993879632,
  "test_loss": 0.7782305498324463,
  "test_acc": 0.8265582655826558,
  "test_f1": 0.8306878306878307
}
[2023-05-02 18:03:05] ========== Metrics ==========
[2023-05-02 18:03:06] Train Epoch: 6 [0/20000 (0.0%)]	Loss: 0.003876207396388054
[2023-05-02 18:03:15] Train Epoch: 6 [800/20000 (4.0%)]	Loss: 0.002219711896032095
[2023-05-02 18:03:26] Train Epoch: 6 [1600/20000 (8.0%)]	Loss: 0.0006357715465128422
[2023-05-02 18:03:35] Train Epoch: 6 [2400/20000 (12.0%)]	Loss: 0.000140204414492473
[2023-05-02 18:03:48] Train Epoch: 6 [3200/20000 (16.0%)]	Loss: 0.0006483619217760861
[2023-05-02 18:03:58] Train Epoch: 6 [4000/20000 (20.0%)]	Loss: 0.001286521670408547
[2023-05-02 18:04:11] Train Epoch: 6 [4800/20000 (24.0%)]	Loss: 0.0005088391480967402
[2023-05-02 18:04:27] Train Epoch: 6 [5600/20000 (28.0%)]	Loss: 0.0035919062793254852
[2023-05-02 18:04:51] Train Epoch: 6 [6400/20000 (32.0%)]	Loss: 0.0006201834185048938
[2023-05-02 18:05:13] Train Epoch: 6 [7200/20000 (36.0%)]	Loss: 0.0013781121233478189
[2023-05-02 18:05:34] Train Epoch: 6 [8000/20000 (40.0%)]	Loss: 0.0005201911553740501
[2023-05-02 18:05:55] Train Epoch: 6 [8800/20000 (44.0%)]	Loss: 0.0001072414088412188
[2023-05-02 18:06:17] Train Epoch: 6 [9600/20000 (48.0%)]	Loss: 0.003144382033497095
[2023-05-02 18:06:31] Train Epoch: 6 [10400/20000 (52.0%)]	Loss: 0.014303569681942463
[2023-05-02 18:06:45] Train Epoch: 6 [11200/20000 (56.0%)]	Loss: 4.814353451365605e-05
[2023-05-02 18:06:56] Train Epoch: 6 [12000/20000 (60.0%)]	Loss: 0.00036089957575313747
[2023-05-02 18:07:06] Train Epoch: 6 [12800/20000 (64.0%)]	Loss: 0.00020175844838377088
[2023-05-02 18:07:15] Train Epoch: 6 [13600/20000 (68.0%)]	Loss: 0.00031311821658164263
[2023-05-02 18:07:24] Train Epoch: 6 [14400/20000 (72.0%)]	Loss: 0.0008440819219686091
[2023-05-02 18:07:31] Train Epoch: 6 [15200/20000 (76.0%)]	Loss: 0.00023483767290599644
[2023-05-02 18:07:40] Train Epoch: 6 [16000/20000 (80.0%)]	Loss: 0.0002470603212714195
[2023-05-02 18:07:49] Train Epoch: 6 [16800/20000 (84.0%)]	Loss: 0.0004127133288420737
[2023-05-02 18:07:57] Train Epoch: 6 [17600/20000 (88.0%)]	Loss: 4.8321104259230196e-05
[2023-05-02 18:08:06] Train Epoch: 6 [18400/20000 (92.0%)]	Loss: 5.529127156478353e-05
[2023-05-02 18:08:16] Train Epoch: 6 [19200/20000 (96.0%)]	Loss: 0.0032323235645890236
[2023-05-02 18:09:05] ========== Metrics ==========
[2023-05-02 18:09:05] {
  "tr_loss": 0.0032497313769676225,
  "tr_acc": 0.9993999399939995,
  "tr_f1": 0.9993999399939995,
  "val_loss": 0.9746544519702406,
  "val_acc": 0.8287440042636347,
  "val_f1": 0.8281639928698751,
  "test_loss": 1.0005902364890427,
  "test_acc": 0.8346883468834688,
  "test_f1": 0.8337874659400545
}
[2023-05-02 18:09:05] ========== Metrics ==========
[2023-05-02 18:09:06] Train Epoch: 7 [0/20000 (0.0%)]	Loss: 6.460953591158614e-05
[2023-05-02 18:09:15] Train Epoch: 7 [800/20000 (4.0%)]	Loss: 0.00014885551354382187
[2023-05-02 18:09:23] Train Epoch: 7 [1600/20000 (8.0%)]	Loss: 3.7675024941563606e-05
[2023-05-02 18:09:32] Train Epoch: 7 [2400/20000 (12.0%)]	Loss: 0.00016633103950880468
[2023-05-02 18:09:40] Train Epoch: 7 [3200/20000 (16.0%)]	Loss: 7.937748887343332e-05
[2023-05-02 18:09:49] Train Epoch: 7 [4000/20000 (20.0%)]	Loss: 0.00012813316425308585
[2023-05-02 18:09:57] Train Epoch: 7 [4800/20000 (24.0%)]	Loss: 4.135874405619688e-05
[2023-05-02 18:10:07] Train Epoch: 7 [5600/20000 (28.0%)]	Loss: 5.097489702166058e-05
[2023-05-02 18:10:16] Train Epoch: 7 [6400/20000 (32.0%)]	Loss: 0.0001713818492135033
[2023-05-02 18:10:24] Train Epoch: 7 [7200/20000 (36.0%)]	Loss: 0.00010764187027234584
[2023-05-02 18:10:33] Train Epoch: 7 [8000/20000 (40.0%)]	Loss: 0.002935347380116582
[2023-05-02 18:10:41] Train Epoch: 7 [8800/20000 (44.0%)]	Loss: 2.3148291802499443e-05
[2023-05-02 18:11:07] Train Epoch: 7 [9600/20000 (48.0%)]	Loss: 0.00025894702412188053
[2023-05-02 18:11:49] Train Epoch: 7 [10400/20000 (52.0%)]	Loss: 2.1777577785542235e-05
[2023-05-02 18:12:04] Train Epoch: 7 [11200/20000 (56.0%)]	Loss: 6.440300057874992e-05
[2023-05-02 18:12:17] Train Epoch: 7 [12000/20000 (60.0%)]	Loss: 0.00040758817340247333
[2023-05-02 18:12:28] Train Epoch: 7 [12800/20000 (64.0%)]	Loss: 0.0006480101146735251
[2023-05-02 18:12:41] Train Epoch: 7 [13600/20000 (68.0%)]	Loss: 0.00013663504796568304
[2023-05-02 18:12:53] Train Epoch: 7 [14400/20000 (72.0%)]	Loss: 0.00012140175385866314
[2023-05-02 18:13:07] Train Epoch: 7 [15200/20000 (76.0%)]	Loss: 0.00012323011469561607
[2023-05-02 18:13:15] Train Epoch: 7 [16000/20000 (80.0%)]	Loss: 5.908345337957144e-05
[2023-05-02 18:13:24] Train Epoch: 7 [16800/20000 (84.0%)]	Loss: 0.0007762103341519833
[2023-05-02 18:13:33] Train Epoch: 7 [17600/20000 (88.0%)]	Loss: 1.8201286366092972e-05
[2023-05-02 18:13:43] Train Epoch: 7 [18400/20000 (92.0%)]	Loss: 4.274706952855922e-05
[2023-05-02 18:13:54] Train Epoch: 7 [19200/20000 (96.0%)]	Loss: 0.00011993625230388716
[2023-05-02 18:15:06] ========== Metrics ==========
[2023-05-02 18:15:06] {
  "tr_loss": 0.0014919139744210513,
  "tr_acc": 0.9997499749974997,
  "tr_f1": 0.999749987499375,
  "val_loss": 1.0702593389424604,
  "val_acc": 0.8248356724107302,
  "val_f1": 0.8271388499298736,
  "test_loss": 1.3143392954334656,
  "test_acc": 0.8265582655826558,
  "test_f1": 0.8270270270270271
}
[2023-05-02 18:15:06] ========== Metrics ==========
[2023-05-02 18:15:07] Train Epoch: 8 [0/20000 (0.0%)]	Loss: 0.0003539260942488909
[2023-05-02 18:15:15] Train Epoch: 8 [800/20000 (4.0%)]	Loss: 0.0004952346789650619
[2023-05-02 18:15:24] Train Epoch: 8 [1600/20000 (8.0%)]	Loss: 0.00019443595374468714
[2023-05-02 18:15:33] Train Epoch: 8 [2400/20000 (12.0%)]	Loss: 7.790328527335078e-05
[2023-05-02 18:15:42] Train Epoch: 8 [3200/20000 (16.0%)]	Loss: 0.0008573024533689022
[2023-05-02 18:15:51] Train Epoch: 8 [4000/20000 (20.0%)]	Loss: 0.00020530651090666652
[2023-05-02 18:16:00] Train Epoch: 8 [4800/20000 (24.0%)]	Loss: 2.492803287168499e-05
[2023-05-02 18:16:09] Train Epoch: 8 [5600/20000 (28.0%)]	Loss: 7.241893399623223e-06
[2023-05-02 18:16:18] Train Epoch: 8 [6400/20000 (32.0%)]	Loss: 3.895705958711915e-05
[2023-05-02 18:16:26] Train Epoch: 8 [7200/20000 (36.0%)]	Loss: 0.00010838986781891435
[2023-05-02 18:16:35] Train Epoch: 8 [8000/20000 (40.0%)]	Loss: 0.0006618756451644003
[2023-05-02 18:16:46] Train Epoch: 8 [8800/20000 (44.0%)]	Loss: 4.544820058072219e-06
[2023-05-02 18:16:57] Train Epoch: 8 [9600/20000 (48.0%)]	Loss: 0.00010568454308668151
[2023-05-02 18:17:18] Train Epoch: 8 [10400/20000 (52.0%)]	Loss: 3.122145790257491e-05
[2023-05-02 18:17:38] Train Epoch: 8 [11200/20000 (56.0%)]	Loss: 0.00036289929994381964
[2023-05-02 18:18:00] Train Epoch: 8 [12000/20000 (60.0%)]	Loss: 6.504257271444658e-06
[2023-05-02 18:18:22] Train Epoch: 8 [12800/20000 (64.0%)]	Loss: 3.4625543776201084e-05
[2023-05-02 18:18:39] Train Epoch: 8 [13600/20000 (68.0%)]	Loss: 0.0001295312977163121
[2023-05-02 18:18:54] Train Epoch: 8 [14400/20000 (72.0%)]	Loss: 0.0008867888827808201
[2023-05-02 18:19:08] Train Epoch: 8 [15200/20000 (76.0%)]	Loss: 0.002105211839079857
[2023-05-02 18:19:19] Train Epoch: 8 [16000/20000 (80.0%)]	Loss: 6.7205197410658e-05
[2023-05-02 18:19:32] Train Epoch: 8 [16800/20000 (84.0%)]	Loss: 3.9636811379750725e-06
[2023-05-02 18:19:45] Train Epoch: 8 [17600/20000 (88.0%)]	Loss: 3.7170189898461103e-05
[2023-05-02 18:19:57] Train Epoch: 8 [18400/20000 (92.0%)]	Loss: 9.120887261815369e-05
[2023-05-02 18:20:11] Train Epoch: 8 [19200/20000 (96.0%)]	Loss: 9.350260370410979e-06
[2023-05-02 18:20:44] Stop At epoch 8/20 due to valid not increase
[2023-05-02 18:20:47] ========== Metrics ==========
[2023-05-02 18:20:47] {
  "tr_loss": 0.0007296712896089392,
  "tr_acc": 0.9997999799979999,
  "tr_f1": 0.9997999799979999,
  "val_loss": 1.2129487907297236,
  "val_acc": 0.8257239296500266,
  "val_f1": 0.8259712613092071,
  "test_loss": 1.3073617751308815,
  "test_acc": 0.8238482384823849,
  "test_f1": 0.8228882833787466
}
[2023-05-02 18:20:47] ========== Metrics ==========
