[2023-05-02 03:57:15] Train Epoch: 1 [0/20000 (0.0%)]	Loss: 0.6886367201805115
[2023-05-02 03:57:38] Train Epoch: 1 [800/20000 (4.0%)]	Loss: 0.7559990882873535
[2023-05-02 03:58:01] Train Epoch: 1 [1600/20000 (8.0%)]	Loss: 0.6861010193824768
[2023-05-02 03:58:23] Train Epoch: 1 [2400/20000 (12.0%)]	Loss: 0.6343329548835754
[2023-05-02 03:58:45] Train Epoch: 1 [3200/20000 (16.0%)]	Loss: 0.7120091915130615
[2023-05-02 03:59:07] Train Epoch: 1 [4000/20000 (20.0%)]	Loss: 0.7201386094093323
[2023-05-02 03:59:29] Train Epoch: 1 [4800/20000 (24.0%)]	Loss: 0.6983920335769653
[2023-05-02 03:59:52] Train Epoch: 1 [5600/20000 (28.0%)]	Loss: 0.6932178735733032
[2023-05-02 04:00:14] Train Epoch: 1 [6400/20000 (32.0%)]	Loss: 0.6896107792854309
[2023-05-02 04:00:36] Train Epoch: 1 [7200/20000 (36.0%)]	Loss: 0.6892255544662476
[2023-05-02 04:00:58] Train Epoch: 1 [8000/20000 (40.0%)]	Loss: 0.6947581171989441
[2023-05-02 04:01:20] Train Epoch: 1 [8800/20000 (44.0%)]	Loss: 0.6896248459815979
[2023-05-02 04:01:41] Train Epoch: 1 [9600/20000 (48.0%)]	Loss: 0.7353388667106628
[2023-05-02 04:02:03] Train Epoch: 1 [10400/20000 (52.0%)]	Loss: 0.6832426190376282
[2023-05-02 04:02:26] Train Epoch: 1 [11200/20000 (56.0%)]	Loss: 0.757635772228241
[2023-05-02 04:02:47] Train Epoch: 1 [12000/20000 (60.0%)]	Loss: 0.6934293508529663
[2023-05-02 04:03:09] Train Epoch: 1 [12800/20000 (64.0%)]	Loss: 0.691678524017334
[2023-05-02 04:03:31] Train Epoch: 1 [13600/20000 (68.0%)]	Loss: 0.694912850856781
[2023-05-02 04:03:53] Train Epoch: 1 [14400/20000 (72.0%)]	Loss: 0.6930147409439087
[2023-05-02 04:04:14] Train Epoch: 1 [15200/20000 (76.0%)]	Loss: 0.6940127015113831
[2023-05-02 04:04:36] Train Epoch: 1 [16000/20000 (80.0%)]	Loss: 0.693587064743042
[2023-05-02 04:04:59] Train Epoch: 1 [16800/20000 (84.0%)]	Loss: 0.6921613216400146
[2023-05-02 04:05:20] Train Epoch: 1 [17600/20000 (88.0%)]	Loss: 0.6883667707443237
[2023-05-02 04:05:42] Train Epoch: 1 [18400/20000 (92.0%)]	Loss: 0.6914157867431641
[2023-05-02 04:06:04] Train Epoch: 1 [19200/20000 (96.0%)]	Loss: 0.7392299771308899
[2023-05-02 04:07:34] ========== Metrics ==========
[2023-05-02 04:07:34] {
  "tr_loss": 0.6970808846507743,
  "tr_acc": 0.49964996499649966,
  "tr_f1": 0.4852880658436214,
  "val_loss": 0.6942068543182552,
  "val_acc": 0.5004441286196483,
  "val_f1": 0.0,
  "test_loss": 0.7209522019879928,
  "test_acc": 0.4932249322493225,
  "test_f1": 0.0
}
[2023-05-02 04:07:34] ========== Metrics ==========
[2023-05-02 04:07:36] Train Epoch: 2 [0/20000 (0.0%)]	Loss: 0.6983023881912231
[2023-05-02 04:08:00] Train Epoch: 2 [800/20000 (4.0%)]	Loss: 0.6687048673629761
[2023-05-02 04:08:22] Train Epoch: 2 [1600/20000 (8.0%)]	Loss: 0.691461980342865
[2023-05-02 04:08:44] Train Epoch: 2 [2400/20000 (12.0%)]	Loss: 0.6977754831314087
[2023-05-02 04:09:06] Train Epoch: 2 [3200/20000 (16.0%)]	Loss: 0.6934641599655151
[2023-05-02 04:09:29] Train Epoch: 2 [4000/20000 (20.0%)]	Loss: 0.6810137033462524
[2023-05-02 04:09:51] Train Epoch: 2 [4800/20000 (24.0%)]	Loss: 0.700850248336792
[2023-05-02 04:10:13] Train Epoch: 2 [5600/20000 (28.0%)]	Loss: 0.6931980848312378
[2023-05-02 04:10:35] Train Epoch: 2 [6400/20000 (32.0%)]	Loss: 0.6939131021499634
[2023-05-02 04:10:57] Train Epoch: 2 [7200/20000 (36.0%)]	Loss: 0.6945832967758179
[2023-05-02 04:11:19] Train Epoch: 2 [8000/20000 (40.0%)]	Loss: 0.6919893026351929
[2023-05-02 04:11:41] Train Epoch: 2 [8800/20000 (44.0%)]	Loss: 0.6910192966461182
[2023-05-02 04:12:03] Train Epoch: 2 [9600/20000 (48.0%)]	Loss: 0.69444739818573
[2023-05-02 04:12:25] Train Epoch: 2 [10400/20000 (52.0%)]	Loss: 0.6920866966247559
[2023-05-02 04:12:47] Train Epoch: 2 [11200/20000 (56.0%)]	Loss: 0.6934292316436768
[2023-05-02 04:13:08] Train Epoch: 2 [12000/20000 (60.0%)]	Loss: 0.6890950798988342
[2023-05-02 04:13:30] Train Epoch: 2 [12800/20000 (64.0%)]	Loss: 0.6934935450553894
[2023-05-02 04:13:52] Train Epoch: 2 [13600/20000 (68.0%)]	Loss: 0.6930798888206482
[2023-05-02 04:14:14] Train Epoch: 2 [14400/20000 (72.0%)]	Loss: 0.707236647605896
[2023-05-02 04:14:36] Train Epoch: 2 [15200/20000 (76.0%)]	Loss: 0.6932817101478577
[2023-05-02 04:14:58] Train Epoch: 2 [16000/20000 (80.0%)]	Loss: 0.6928636431694031
[2023-05-02 04:15:19] Train Epoch: 2 [16800/20000 (84.0%)]	Loss: 0.6947869658470154
[2023-05-02 04:15:41] Train Epoch: 2 [17600/20000 (88.0%)]	Loss: 0.6913549900054932
[2023-05-02 04:16:04] Train Epoch: 2 [18400/20000 (92.0%)]	Loss: 0.6813002824783325
[2023-05-02 04:16:26] Train Epoch: 2 [19200/20000 (96.0%)]	Loss: 0.6942515969276428
[2023-05-02 04:17:56] ========== Metrics ==========
[2023-05-02 04:17:56] {
  "tr_loss": 0.6941349326354144,
  "tr_acc": 0.4961996199619962,
  "tr_f1": 0.5093264501047096,
  "val_loss": 0.6935209058110001,
  "val_acc": 0.5004441286196483,
  "val_f1": 0.0,
  "test_loss": 0.7212455563428926,
  "test_acc": 0.4932249322493225,
  "test_f1": 0.0
}
[2023-05-02 04:17:56] ========== Metrics ==========
[2023-05-02 04:17:58] Train Epoch: 3 [0/20000 (0.0%)]	Loss: 0.6931905746459961
[2023-05-02 04:18:22] Train Epoch: 3 [800/20000 (4.0%)]	Loss: 0.6985161304473877
[2023-05-02 04:18:44] Train Epoch: 3 [1600/20000 (8.0%)]	Loss: 0.6879695057868958
[2023-05-02 04:19:07] Train Epoch: 3 [2400/20000 (12.0%)]	Loss: 0.6850625872612
[2023-05-02 04:19:29] Train Epoch: 3 [3200/20000 (16.0%)]	Loss: 0.6876635551452637
[2023-05-02 04:19:51] Train Epoch: 3 [4000/20000 (20.0%)]	Loss: 0.6939000487327576
[2023-05-02 04:20:12] Train Epoch: 3 [4800/20000 (24.0%)]	Loss: 0.6953703761100769
[2023-05-02 04:20:35] Train Epoch: 3 [5600/20000 (28.0%)]	Loss: 0.6971083283424377
[2023-05-02 04:20:57] Train Epoch: 3 [6400/20000 (32.0%)]	Loss: 0.6931111216545105
[2023-05-02 04:21:19] Train Epoch: 3 [7200/20000 (36.0%)]	Loss: 0.6927703022956848
[2023-05-02 04:21:41] Train Epoch: 3 [8000/20000 (40.0%)]	Loss: 0.6938243508338928
[2023-05-02 04:22:03] Train Epoch: 3 [8800/20000 (44.0%)]	Loss: 0.6939620971679688
[2023-05-02 04:22:26] Train Epoch: 3 [9600/20000 (48.0%)]	Loss: 0.682822048664093
[2023-05-02 04:22:47] Train Epoch: 3 [10400/20000 (52.0%)]	Loss: 0.6875593662261963
[2023-05-02 04:23:09] Train Epoch: 3 [11200/20000 (56.0%)]	Loss: 0.6923025250434875
[2023-05-02 04:23:31] Train Epoch: 3 [12000/20000 (60.0%)]	Loss: 0.690593957901001
[2023-05-02 04:23:53] Train Epoch: 3 [12800/20000 (64.0%)]	Loss: 0.693763256072998
[2023-05-02 04:24:15] Train Epoch: 3 [13600/20000 (68.0%)]	Loss: 0.6975553631782532
[2023-05-02 04:24:37] Train Epoch: 3 [14400/20000 (72.0%)]	Loss: 0.6930258274078369
[2023-05-02 04:24:59] Train Epoch: 3 [15200/20000 (76.0%)]	Loss: 0.6937963366508484
[2023-05-02 04:25:20] Train Epoch: 3 [16000/20000 (80.0%)]	Loss: 0.7104939222335815
[2023-05-02 04:25:42] Train Epoch: 3 [16800/20000 (84.0%)]	Loss: 0.6919928789138794
[2023-05-02 04:26:05] Train Epoch: 3 [17600/20000 (88.0%)]	Loss: 0.6922569274902344
[2023-05-02 04:26:26] Train Epoch: 3 [18400/20000 (92.0%)]	Loss: 0.6953487992286682
[2023-05-02 04:26:48] Train Epoch: 3 [19200/20000 (96.0%)]	Loss: 0.7031503319740295
[2023-05-02 04:28:18] ========== Metrics ==========
[2023-05-02 04:28:18] {
  "tr_loss": 0.6946756543368265,
  "tr_acc": 0.5011001100110011,
  "tr_f1": 0.43971471893075753,
  "val_loss": 0.6936479591522786,
  "val_acc": 0.49973352282821104,
  "val_f1": 0.6663507109004739,
  "test_loss": 0.7209453065867023,
  "test_acc": 0.5067750677506775,
  "test_f1": 0.6726618705035972
}
[2023-05-02 04:28:18] ========== Metrics ==========
[2023-05-02 04:28:20] Train Epoch: 4 [0/20000 (0.0%)]	Loss: 0.6939613819122314
[2023-05-02 04:28:44] Train Epoch: 4 [800/20000 (4.0%)]	Loss: 0.691470742225647
[2023-05-02 04:29:06] Train Epoch: 4 [1600/20000 (8.0%)]	Loss: 0.6946845650672913
[2023-05-02 04:29:29] Train Epoch: 4 [2400/20000 (12.0%)]	Loss: 0.6864479184150696
[2023-05-02 04:29:51] Train Epoch: 4 [3200/20000 (16.0%)]	Loss: 0.7047784924507141
[2023-05-02 04:30:13] Train Epoch: 4 [4000/20000 (20.0%)]	Loss: 0.6919630765914917
[2023-05-02 04:30:35] Train Epoch: 4 [4800/20000 (24.0%)]	Loss: 0.6905725002288818
[2023-05-02 04:30:57] Train Epoch: 4 [5600/20000 (28.0%)]	Loss: 0.6758502721786499
[2023-05-02 04:31:20] Train Epoch: 4 [6400/20000 (32.0%)]	Loss: 0.713351845741272
[2023-05-02 04:31:42] Train Epoch: 4 [7200/20000 (36.0%)]	Loss: 0.6973428726196289
[2023-05-02 04:32:04] Train Epoch: 4 [8000/20000 (40.0%)]	Loss: 0.6672608256340027
[2023-05-02 04:32:25] Train Epoch: 4 [8800/20000 (44.0%)]	Loss: 0.7017884254455566
[2023-05-02 04:32:48] Train Epoch: 4 [9600/20000 (48.0%)]	Loss: 0.6981214284896851
[2023-05-02 04:33:10] Train Epoch: 4 [10400/20000 (52.0%)]	Loss: 0.7012577056884766
[2023-05-02 04:33:32] Train Epoch: 4 [11200/20000 (56.0%)]	Loss: 0.6805481314659119
[2023-05-02 04:33:53] Train Epoch: 4 [12000/20000 (60.0%)]	Loss: 0.6935762166976929
[2023-05-02 04:34:16] Train Epoch: 4 [12800/20000 (64.0%)]	Loss: 0.716535747051239
[2023-05-02 04:34:37] Train Epoch: 4 [13600/20000 (68.0%)]	Loss: 0.7074456214904785
[2023-05-02 04:34:59] Train Epoch: 4 [14400/20000 (72.0%)]	Loss: 0.6854689717292786
[2023-05-02 04:35:21] Train Epoch: 4 [15200/20000 (76.0%)]	Loss: 0.6874244213104248
[2023-05-02 04:35:43] Train Epoch: 4 [16000/20000 (80.0%)]	Loss: 0.6747831106185913
[2023-05-02 04:36:05] Train Epoch: 4 [16800/20000 (84.0%)]	Loss: 0.7032594084739685
[2023-05-02 04:36:26] Train Epoch: 4 [17600/20000 (88.0%)]	Loss: 0.6985098719596863
[2023-05-02 04:36:48] Train Epoch: 4 [18400/20000 (92.0%)]	Loss: 0.6665655970573425
[2023-05-02 04:37:10] Train Epoch: 4 [19200/20000 (96.0%)]	Loss: 0.7066632509231567
[2023-05-02 04:38:39] ========== Metrics ==========
[2023-05-02 04:38:39] {
  "tr_loss": 0.696073974272122,
  "tr_acc": 0.4985998599859986,
  "tr_f1": 0.5317330593564658,
  "val_loss": 0.6948880800283449,
  "val_acc": 0.49955587138035173,
  "val_f1": 0.6662717687477786,
  "test_loss": 0.7199092932186799,
  "test_acc": 0.5067750677506775,
  "test_f1": 0.6726618705035972
}
[2023-05-02 04:38:39] ========== Metrics ==========
[2023-05-02 04:38:41] Train Epoch: 5 [0/20000 (0.0%)]	Loss: 0.7007126808166504
[2023-05-02 04:39:05] Train Epoch: 5 [800/20000 (4.0%)]	Loss: 0.6956944465637207
[2023-05-02 04:39:27] Train Epoch: 5 [1600/20000 (8.0%)]	Loss: 0.693804919719696
[2023-05-02 04:39:49] Train Epoch: 5 [2400/20000 (12.0%)]	Loss: 0.6887665390968323
[2023-05-02 04:40:12] Train Epoch: 5 [3200/20000 (16.0%)]	Loss: 0.6883881688117981
[2023-05-02 04:40:34] Train Epoch: 5 [4000/20000 (20.0%)]	Loss: 0.69070965051651
[2023-05-02 04:40:56] Train Epoch: 5 [4800/20000 (24.0%)]	Loss: 0.6757676601409912
[2023-05-02 04:41:18] Train Epoch: 5 [5600/20000 (28.0%)]	Loss: 0.6635550260543823
[2023-05-02 04:41:40] Train Epoch: 5 [6400/20000 (32.0%)]	Loss: 0.6895335912704468
[2023-05-02 04:42:02] Train Epoch: 5 [7200/20000 (36.0%)]	Loss: 0.6852670907974243
[2023-05-02 04:42:24] Train Epoch: 5 [8000/20000 (40.0%)]	Loss: 0.7056590914726257
[2023-05-02 04:42:46] Train Epoch: 5 [8800/20000 (44.0%)]	Loss: 0.7054003477096558
[2023-05-02 04:43:08] Train Epoch: 5 [9600/20000 (48.0%)]	Loss: 0.6888121366500854
[2023-05-02 04:43:31] Train Epoch: 5 [10400/20000 (52.0%)]	Loss: 0.6933642625808716
[2023-05-02 04:43:54] Train Epoch: 5 [11200/20000 (56.0%)]	Loss: 0.6901863813400269
[2023-05-02 04:44:15] Train Epoch: 5 [12000/20000 (60.0%)]	Loss: 0.6923711895942688
[2023-05-02 04:44:37] Train Epoch: 5 [12800/20000 (64.0%)]	Loss: 0.7144424915313721
[2023-05-02 04:44:59] Train Epoch: 5 [13600/20000 (68.0%)]	Loss: 0.6927409768104553
[2023-05-02 04:45:21] Train Epoch: 5 [14400/20000 (72.0%)]	Loss: 0.6929988861083984
[2023-05-02 04:45:43] Train Epoch: 5 [15200/20000 (76.0%)]	Loss: 0.6840744614601135
[2023-05-02 04:46:05] Train Epoch: 5 [16000/20000 (80.0%)]	Loss: 0.6871731877326965
[2023-05-02 04:46:27] Train Epoch: 5 [16800/20000 (84.0%)]	Loss: 0.6929227113723755
[2023-05-02 04:46:49] Train Epoch: 5 [17600/20000 (88.0%)]	Loss: 0.6937039494514465
[2023-05-02 04:47:11] Train Epoch: 5 [18400/20000 (92.0%)]	Loss: 0.6879497170448303
[2023-05-02 04:47:32] Train Epoch: 5 [19200/20000 (96.0%)]	Loss: 0.6875633001327515
[2023-05-02 04:49:02] ========== Metrics ==========
[2023-05-02 04:49:02] {
  "tr_loss": 0.6955414122611907,
  "tr_acc": 0.5011501150115012,
  "tr_f1": 0.5480655975355623,
  "val_loss": 0.6939419907180047,
  "val_acc": 0.5004441286196483,
  "val_f1": 0.0,
  "test_loss": 0.7209907288796856,
  "test_acc": 0.4932249322493225,
  "test_f1": 0.0
}
[2023-05-02 04:49:02] ========== Metrics ==========
[2023-05-02 04:49:05] Train Epoch: 6 [0/20000 (0.0%)]	Loss: 0.6937341690063477
[2023-05-02 04:49:28] Train Epoch: 6 [800/20000 (4.0%)]	Loss: 0.7022507786750793
[2023-05-02 04:49:51] Train Epoch: 6 [1600/20000 (8.0%)]	Loss: 0.6936390399932861
[2023-05-02 04:50:13] Train Epoch: 6 [2400/20000 (12.0%)]	Loss: 0.6797453761100769
[2023-05-02 04:50:36] Train Epoch: 6 [3200/20000 (16.0%)]	Loss: 0.6902099847793579
[2023-05-02 04:50:58] Train Epoch: 6 [4000/20000 (20.0%)]	Loss: 0.6896741390228271
[2023-05-02 04:51:20] Train Epoch: 6 [4800/20000 (24.0%)]	Loss: 0.6925707459449768
[2023-05-02 04:51:41] Train Epoch: 6 [5600/20000 (28.0%)]	Loss: 0.6884030103683472
[2023-05-02 04:52:04] Train Epoch: 6 [6400/20000 (32.0%)]	Loss: 0.7005314826965332
[2023-05-02 04:52:26] Train Epoch: 6 [7200/20000 (36.0%)]	Loss: 0.6930308938026428
[2023-05-02 04:52:48] Train Epoch: 6 [8000/20000 (40.0%)]	Loss: 0.6880162954330444
[2023-05-02 04:53:10] Train Epoch: 6 [8800/20000 (44.0%)]	Loss: 0.6931360363960266
[2023-05-02 04:53:32] Train Epoch: 6 [9600/20000 (48.0%)]	Loss: 0.6935177445411682
[2023-05-02 04:53:54] Train Epoch: 6 [10400/20000 (52.0%)]	Loss: 0.69779372215271
[2023-05-02 04:54:16] Train Epoch: 6 [11200/20000 (56.0%)]	Loss: 0.6947095394134521
[2023-05-02 04:54:38] Train Epoch: 6 [12000/20000 (60.0%)]	Loss: 0.69330233335495
[2023-05-02 04:55:00] Train Epoch: 6 [12800/20000 (64.0%)]	Loss: 0.693224310874939
[2023-05-02 04:55:22] Train Epoch: 6 [13600/20000 (68.0%)]	Loss: 0.6931166648864746
[2023-05-02 04:55:44] Train Epoch: 6 [14400/20000 (72.0%)]	Loss: 0.7008692026138306
[2023-05-02 04:56:06] Train Epoch: 6 [15200/20000 (76.0%)]	Loss: 0.6936889290809631
[2023-05-02 04:56:28] Train Epoch: 6 [16000/20000 (80.0%)]	Loss: 0.6940129399299622
[2023-05-02 04:56:49] Train Epoch: 6 [16800/20000 (84.0%)]	Loss: 0.6944352388381958
[2023-05-02 04:57:12] Train Epoch: 6 [17600/20000 (88.0%)]	Loss: 0.6904616951942444
[2023-05-02 04:57:34] Train Epoch: 6 [18400/20000 (92.0%)]	Loss: 0.6924927234649658
[2023-05-02 04:57:55] Train Epoch: 6 [19200/20000 (96.0%)]	Loss: 0.6936473250389099
[2023-05-02 04:59:25] ========== Metrics ==========
[2023-05-02 04:59:25] {
  "tr_loss": 0.6933400080387372,
  "tr_acc": 0.5009000900090009,
  "tr_f1": 0.5100387806195081,
  "val_loss": 0.6935213395303552,
  "val_acc": 0.5006217800675076,
  "val_f1": 0.0007109847138286528,
  "test_loss": 0.7212114049813289,
  "test_acc": 0.4932249322493225,
  "test_f1": 0.0
}
[2023-05-02 04:59:25] ========== Metrics ==========
[2023-05-02 04:59:27] Train Epoch: 7 [0/20000 (0.0%)]	Loss: 0.6924777030944824
[2023-05-02 04:59:51] Train Epoch: 7 [800/20000 (4.0%)]	Loss: 0.6933900117874146
[2023-05-02 05:00:13] Train Epoch: 7 [1600/20000 (8.0%)]	Loss: 0.6956014037132263
[2023-05-02 05:00:36] Train Epoch: 7 [2400/20000 (12.0%)]	Loss: 0.6898941397666931
[2023-05-02 05:00:58] Train Epoch: 7 [3200/20000 (16.0%)]	Loss: 0.6933256387710571
[2023-05-02 05:01:21] Train Epoch: 7 [4000/20000 (20.0%)]	Loss: 0.6932178735733032
[2023-05-02 05:01:43] Train Epoch: 7 [4800/20000 (24.0%)]	Loss: 0.6929641366004944
[2023-05-02 05:02:05] Train Epoch: 7 [5600/20000 (28.0%)]	Loss: 0.6930835843086243
[2023-05-02 05:02:27] Train Epoch: 7 [6400/20000 (32.0%)]	Loss: 0.6929203271865845
[2023-05-02 05:02:49] Train Epoch: 7 [7200/20000 (36.0%)]	Loss: 0.6912218928337097
[2023-05-02 05:03:11] Train Epoch: 7 [8000/20000 (40.0%)]	Loss: 0.6956591010093689
[2023-05-02 05:03:33] Train Epoch: 7 [8800/20000 (44.0%)]	Loss: 0.6930993795394897
[2023-05-02 05:03:56] Train Epoch: 7 [9600/20000 (48.0%)]	Loss: 0.6929548978805542
[2023-05-02 05:04:18] Train Epoch: 7 [10400/20000 (52.0%)]	Loss: 0.6931278705596924
[2023-05-02 05:04:40] Train Epoch: 7 [11200/20000 (56.0%)]	Loss: 0.6929047107696533
[2023-05-02 05:05:01] Train Epoch: 7 [12000/20000 (60.0%)]	Loss: 0.6928557753562927
[2023-05-02 05:05:23] Train Epoch: 7 [12800/20000 (64.0%)]	Loss: 0.6931625008583069
[2023-05-02 05:05:45] Train Epoch: 7 [13600/20000 (68.0%)]	Loss: 0.6932495832443237
[2023-05-02 05:06:07] Train Epoch: 7 [14400/20000 (72.0%)]	Loss: 0.6930951476097107
[2023-05-02 05:06:29] Train Epoch: 7 [15200/20000 (76.0%)]	Loss: 0.6933963298797607
[2023-05-02 05:06:51] Train Epoch: 7 [16000/20000 (80.0%)]	Loss: 0.6945235729217529
[2023-05-02 05:07:13] Train Epoch: 7 [16800/20000 (84.0%)]	Loss: 0.692872166633606
[2023-05-02 05:07:35] Train Epoch: 7 [17600/20000 (88.0%)]	Loss: 0.6932389140129089
[2023-05-02 05:07:57] Train Epoch: 7 [18400/20000 (92.0%)]	Loss: 0.6924039125442505
[2023-05-02 05:08:19] Train Epoch: 7 [19200/20000 (96.0%)]	Loss: 0.6919506192207336
[2023-05-02 05:09:49] ========== Metrics ==========
[2023-05-02 05:09:49] {
  "tr_loss": 0.6932918950788665,
  "tr_acc": 0.4993999399939994,
  "tr_f1": 0.47791395045632334,
  "val_loss": 0.6935335444946614,
  "val_acc": 0.5004441286196483,
  "val_f1": 0.0,
  "test_loss": 0.7216456343487996,
  "test_acc": 0.4932249322493225,
  "test_f1": 0.0
}
[2023-05-02 05:09:49] ========== Metrics ==========
[2023-05-02 05:09:52] Train Epoch: 8 [0/20000 (0.0%)]	Loss: 0.6972393989562988
[2023-05-02 05:10:15] Train Epoch: 8 [800/20000 (4.0%)]	Loss: 0.6955196857452393
[2023-05-02 05:10:38] Train Epoch: 8 [1600/20000 (8.0%)]	Loss: 0.6930117607116699
[2023-05-02 05:11:00] Train Epoch: 8 [2400/20000 (12.0%)]	Loss: 0.6921064853668213
[2023-05-02 05:11:22] Train Epoch: 8 [3200/20000 (16.0%)]	Loss: 0.6939374208450317
[2023-05-02 05:11:44] Train Epoch: 8 [4000/20000 (20.0%)]	Loss: 0.6929462552070618
[2023-05-02 05:12:07] Train Epoch: 8 [4800/20000 (24.0%)]	Loss: 0.6916956901550293
[2023-05-02 05:12:28] Train Epoch: 8 [5600/20000 (28.0%)]	Loss: 0.6926029324531555
[2023-05-02 05:12:51] Train Epoch: 8 [6400/20000 (32.0%)]	Loss: 0.6924187541007996
[2023-05-02 05:13:13] Train Epoch: 8 [7200/20000 (36.0%)]	Loss: 0.6925778388977051
[2023-05-02 05:13:35] Train Epoch: 8 [8000/20000 (40.0%)]	Loss: 0.6937703490257263
[2023-05-02 05:13:57] Train Epoch: 8 [8800/20000 (44.0%)]	Loss: 0.6992794871330261
[2023-05-02 05:14:19] Train Epoch: 8 [9600/20000 (48.0%)]	Loss: 0.693027675151825
[2023-05-02 05:14:41] Train Epoch: 8 [10400/20000 (52.0%)]	Loss: 0.6931536793708801
[2023-05-02 05:15:03] Train Epoch: 8 [11200/20000 (56.0%)]	Loss: 0.692240834236145
[2023-05-02 05:15:25] Train Epoch: 8 [12000/20000 (60.0%)]	Loss: 0.6888942718505859
[2023-05-02 05:15:48] Train Epoch: 8 [12800/20000 (64.0%)]	Loss: 0.6930994987487793
[2023-05-02 05:16:10] Train Epoch: 8 [13600/20000 (68.0%)]	Loss: 0.6930558681488037
[2023-05-02 05:16:32] Train Epoch: 8 [14400/20000 (72.0%)]	Loss: 0.6923367381095886
[2023-05-02 05:16:54] Train Epoch: 8 [15200/20000 (76.0%)]	Loss: 0.6931304931640625
[2023-05-02 05:17:16] Train Epoch: 8 [16000/20000 (80.0%)]	Loss: 0.6933656334877014
[2023-05-02 05:17:39] Train Epoch: 8 [16800/20000 (84.0%)]	Loss: 0.6930930614471436
[2023-05-02 05:18:01] Train Epoch: 8 [17600/20000 (88.0%)]	Loss: 0.6930925846099854
[2023-05-02 05:18:23] Train Epoch: 8 [18400/20000 (92.0%)]	Loss: 0.6932631134986877
[2023-05-02 05:18:45] Train Epoch: 8 [19200/20000 (96.0%)]	Loss: 0.6938742399215698
[2023-05-02 05:20:15] ========== Metrics ==========
[2023-05-02 05:20:15] {
  "tr_loss": 0.6933201564670932,
  "tr_acc": 0.4954995499549955,
  "tr_f1": 0.5409291532056241,
  "val_loss": 0.6935169794648849,
  "val_acc": 0.49866761414105526,
  "val_f1": 0.349169741697417,
  "test_loss": 0.7213056765920748,
  "test_acc": 0.5176151761517616,
  "test_f1": 0.3819444444444444
}
[2023-05-02 05:20:15] ========== Metrics ==========
[2023-05-02 05:20:18] Train Epoch: 9 [0/20000 (0.0%)]	Loss: 0.6930158734321594
[2023-05-02 05:20:41] Train Epoch: 9 [800/20000 (4.0%)]	Loss: 0.6934064626693726
[2023-05-02 05:21:04] Train Epoch: 9 [1600/20000 (8.0%)]	Loss: 0.6931444406509399
[2023-05-02 05:21:26] Train Epoch: 9 [2400/20000 (12.0%)]	Loss: 0.6930378079414368
[2023-05-02 05:21:48] Train Epoch: 9 [3200/20000 (16.0%)]	Loss: 0.6940280199050903
[2023-05-02 05:22:11] Train Epoch: 9 [4000/20000 (20.0%)]	Loss: 0.6933141946792603
[2023-05-02 05:22:33] Train Epoch: 9 [4800/20000 (24.0%)]	Loss: 0.7092987298965454
[2023-05-02 05:22:55] Train Epoch: 9 [5600/20000 (28.0%)]	Loss: 0.7073870301246643
[2023-05-02 05:23:17] Train Epoch: 9 [6400/20000 (32.0%)]	Loss: 0.692841112613678
[2023-05-02 05:23:40] Train Epoch: 9 [7200/20000 (36.0%)]	Loss: 0.6993129849433899
[2023-05-02 05:24:02] Train Epoch: 9 [8000/20000 (40.0%)]	Loss: 0.6932275891304016
[2023-05-02 05:24:24] Train Epoch: 9 [8800/20000 (44.0%)]	Loss: 0.6931738257408142
[2023-05-02 05:24:46] Train Epoch: 9 [9600/20000 (48.0%)]	Loss: 0.6931488513946533
[2023-05-02 05:25:08] Train Epoch: 9 [10400/20000 (52.0%)]	Loss: 0.6944041848182678
[2023-05-02 05:25:30] Train Epoch: 9 [11200/20000 (56.0%)]	Loss: 0.6939099431037903
[2023-05-02 05:25:52] Train Epoch: 9 [12000/20000 (60.0%)]	Loss: 0.6933842897415161
[2023-05-02 05:26:15] Train Epoch: 9 [12800/20000 (64.0%)]	Loss: 0.6937056183815002
[2023-05-02 05:26:38] Train Epoch: 9 [13600/20000 (68.0%)]	Loss: 0.6931483745574951
[2023-05-02 05:27:00] Train Epoch: 9 [14400/20000 (72.0%)]	Loss: 0.6925293207168579
[2023-05-02 05:27:22] Train Epoch: 9 [15200/20000 (76.0%)]	Loss: 0.6942169070243835
[2023-05-02 05:27:46] Train Epoch: 9 [16000/20000 (80.0%)]	Loss: 0.6927356719970703
[2023-05-02 05:28:08] Train Epoch: 9 [16800/20000 (84.0%)]	Loss: 0.6930538415908813
[2023-05-02 05:28:30] Train Epoch: 9 [17600/20000 (88.0%)]	Loss: 0.6939333081245422
[2023-05-02 05:28:53] Train Epoch: 9 [18400/20000 (92.0%)]	Loss: 0.6931908130645752
[2023-05-02 05:29:16] Train Epoch: 9 [19200/20000 (96.0%)]	Loss: 0.6942955255508423
[2023-05-02 05:30:46] ========== Metrics ==========
[2023-05-02 05:30:46] {
  "tr_loss": 0.6932849884033203,
  "tr_acc": 0.495949594959496,
  "tr_f1": 0.49920508744038156,
  "val_loss": 0.6935225575024037,
  "val_acc": 0.5004441286196483,
  "val_f1": 0.0,
  "test_loss": 0.7216893043621446,
  "test_acc": 0.4932249322493225,
  "test_f1": 0.0
}
[2023-05-02 05:30:46] ========== Metrics ==========
[2023-05-02 05:30:49] Train Epoch: 10 [0/20000 (0.0%)]	Loss: 0.6921863555908203
[2023-05-02 05:31:12] Train Epoch: 10 [800/20000 (4.0%)]	Loss: 0.6938327550888062
[2023-05-02 05:31:34] Train Epoch: 10 [1600/20000 (8.0%)]	Loss: 0.6921455264091492
[2023-05-02 05:31:57] Train Epoch: 10 [2400/20000 (12.0%)]	Loss: 0.6919299960136414
[2023-05-02 05:32:19] Train Epoch: 10 [3200/20000 (16.0%)]	Loss: 0.6931516528129578
[2023-05-02 05:32:41] Train Epoch: 10 [4000/20000 (20.0%)]	Loss: 0.6931444406509399
[2023-05-02 05:33:03] Train Epoch: 10 [4800/20000 (24.0%)]	Loss: 0.6938602924346924
[2023-05-02 05:33:25] Train Epoch: 10 [5600/20000 (28.0%)]	Loss: 0.6932081580162048
[2023-05-02 05:33:48] Train Epoch: 10 [6400/20000 (32.0%)]	Loss: 0.6944727897644043
[2023-05-02 05:34:10] Train Epoch: 10 [7200/20000 (36.0%)]	Loss: 0.6937369108200073
[2023-05-02 05:34:33] Train Epoch: 10 [8000/20000 (40.0%)]	Loss: 0.6933392286300659
[2023-05-02 05:34:55] Train Epoch: 10 [8800/20000 (44.0%)]	Loss: 0.6932699084281921
[2023-05-02 05:35:17] Train Epoch: 10 [9600/20000 (48.0%)]	Loss: 0.6926432847976685
[2023-05-02 05:35:39] Train Epoch: 10 [10400/20000 (52.0%)]	Loss: 0.6933163404464722
[2023-05-02 05:36:02] Train Epoch: 10 [11200/20000 (56.0%)]	Loss: 0.6932281851768494
[2023-05-02 05:36:25] Train Epoch: 10 [12000/20000 (60.0%)]	Loss: 0.693327784538269
[2023-05-02 05:36:47] Train Epoch: 10 [12800/20000 (64.0%)]	Loss: 0.692389726638794
[2023-05-02 05:37:10] Train Epoch: 10 [13600/20000 (68.0%)]	Loss: 0.6944770216941833
[2023-05-02 05:37:33] Train Epoch: 10 [14400/20000 (72.0%)]	Loss: 0.6932650804519653
[2023-05-02 05:37:56] Train Epoch: 10 [15200/20000 (76.0%)]	Loss: 0.6935121417045593
[2023-05-02 05:38:20] Train Epoch: 10 [16000/20000 (80.0%)]	Loss: 0.6911556720733643
[2023-05-02 05:38:44] Train Epoch: 10 [16800/20000 (84.0%)]	Loss: 0.6862373352050781
[2023-05-02 05:39:08] Train Epoch: 10 [17600/20000 (88.0%)]	Loss: 0.6930442452430725
[2023-05-02 05:39:35] Train Epoch: 10 [18400/20000 (92.0%)]	Loss: 0.6944965720176697
[2023-05-02 05:40:03] Train Epoch: 10 [19200/20000 (96.0%)]	Loss: 0.6934731602668762
[2023-05-02 05:41:35] ========== Metrics ==========
[2023-05-02 05:41:35] {
  "tr_loss": 0.6933654153665336,
  "tr_acc": 0.5013001300130013,
  "tr_f1": 0.4159297218155198,
  "val_loss": 0.6935722529305767,
  "val_acc": 0.49955587138035173,
  "val_f1": 0.6662717687477786,
  "test_loss": 0.720841291474133,
  "test_acc": 0.5067750677506775,
  "test_f1": 0.6726618705035972
}
[2023-05-02 05:41:35] ========== Metrics ==========
[2023-05-02 05:41:37] Train Epoch: 11 [0/20000 (0.0%)]	Loss: 0.6917204260826111
[2023-05-02 05:42:01] Train Epoch: 11 [800/20000 (4.0%)]	Loss: 0.6948500871658325
[2023-05-02 05:42:23] Train Epoch: 11 [1600/20000 (8.0%)]	Loss: 0.6882975101470947
[2023-05-02 05:42:46] Train Epoch: 11 [2400/20000 (12.0%)]	Loss: 0.6921411156654358
[2023-05-02 05:43:08] Train Epoch: 11 [3200/20000 (16.0%)]	Loss: 0.6953745484352112
[2023-05-02 05:43:31] Train Epoch: 11 [4000/20000 (20.0%)]	Loss: 0.695449948310852
[2023-05-02 05:43:53] Train Epoch: 11 [4800/20000 (24.0%)]	Loss: 0.6917934417724609
[2023-05-02 05:44:15] Train Epoch: 11 [5600/20000 (28.0%)]	Loss: 0.6933225989341736
[2023-05-02 05:44:38] Train Epoch: 11 [6400/20000 (32.0%)]	Loss: 0.6922308802604675
[2023-05-02 05:45:00] Train Epoch: 11 [7200/20000 (36.0%)]	Loss: 0.6935091614723206
[2023-05-02 05:45:22] Train Epoch: 11 [8000/20000 (40.0%)]	Loss: 0.6945458650588989
[2023-05-02 05:45:45] Train Epoch: 11 [8800/20000 (44.0%)]	Loss: 0.6915541887283325
[2023-05-02 05:46:07] Train Epoch: 11 [9600/20000 (48.0%)]	Loss: 0.691534698009491
[2023-05-02 05:46:30] Train Epoch: 11 [10400/20000 (52.0%)]	Loss: 0.6936891674995422
[2023-05-02 05:46:53] Train Epoch: 11 [11200/20000 (56.0%)]	Loss: 0.6938983798027039
[2023-05-02 05:47:16] Train Epoch: 11 [12000/20000 (60.0%)]	Loss: 0.6930871605873108
[2023-05-02 05:47:40] Train Epoch: 11 [12800/20000 (64.0%)]	Loss: 0.6933102011680603
[2023-05-02 05:48:06] Train Epoch: 11 [13600/20000 (68.0%)]	Loss: 0.6927609443664551
[2023-05-02 05:48:32] Train Epoch: 11 [14400/20000 (72.0%)]	Loss: 0.6919548511505127
[2023-05-02 05:48:58] Train Epoch: 11 [15200/20000 (76.0%)]	Loss: 0.6939501166343689
[2023-05-02 05:49:20] Train Epoch: 11 [16000/20000 (80.0%)]	Loss: 0.693821370601654
[2023-05-02 05:49:43] Train Epoch: 11 [16800/20000 (84.0%)]	Loss: 0.6927021145820618
[2023-05-02 05:50:06] Train Epoch: 11 [17600/20000 (88.0%)]	Loss: 0.692787766456604
[2023-05-02 05:50:29] Train Epoch: 11 [18400/20000 (92.0%)]	Loss: 0.6929532885551453
[2023-05-02 05:50:52] Train Epoch: 11 [19200/20000 (96.0%)]	Loss: 0.6935946941375732
[2023-05-02 05:52:24] ========== Metrics ==========
[2023-05-02 05:52:24] {
  "tr_loss": 0.6932550407502756,
  "tr_acc": 0.5,
  "tr_f1": 0.6666666666666666,
  "val_loss": 0.6935337881229554,
  "val_acc": 0.49955587138035173,
  "val_f1": 0.6662717687477786,
  "test_loss": 0.721423120679571,
  "test_acc": 0.5067750677506775,
  "test_f1": 0.6726618705035972
}
[2023-05-02 05:52:24] ========== Metrics ==========
[2023-05-02 05:52:26] Train Epoch: 12 [0/20000 (0.0%)]	Loss: 0.6940156817436218
[2023-05-02 05:52:50] Train Epoch: 12 [800/20000 (4.0%)]	Loss: 0.6935634016990662
[2023-05-02 05:53:13] Train Epoch: 12 [1600/20000 (8.0%)]	Loss: 0.6925236582756042
[2023-05-02 05:53:35] Train Epoch: 12 [2400/20000 (12.0%)]	Loss: 0.6937490701675415
[2023-05-02 05:53:58] Train Epoch: 12 [3200/20000 (16.0%)]	Loss: 0.6933025121688843
[2023-05-02 05:54:20] Train Epoch: 12 [4000/20000 (20.0%)]	Loss: 0.6931010484695435
[2023-05-02 05:54:43] Train Epoch: 12 [4800/20000 (24.0%)]	Loss: 0.6929206848144531
[2023-05-02 05:55:05] Train Epoch: 12 [5600/20000 (28.0%)]	Loss: 0.6935747265815735
[2023-05-02 05:55:28] Train Epoch: 12 [6400/20000 (32.0%)]	Loss: 0.6940783262252808
[2023-05-02 05:55:50] Train Epoch: 12 [7200/20000 (36.0%)]	Loss: 0.6935784816741943
[2023-05-02 05:56:13] Train Epoch: 12 [8000/20000 (40.0%)]	Loss: 0.6930317878723145
[2023-05-02 05:56:36] Train Epoch: 12 [8800/20000 (44.0%)]	Loss: 0.6930772662162781
[2023-05-02 05:56:59] Train Epoch: 12 [9600/20000 (48.0%)]	Loss: 0.6936358213424683
[2023-05-02 05:57:22] Train Epoch: 12 [10400/20000 (52.0%)]	Loss: 0.69305419921875
[2023-05-02 05:57:46] Train Epoch: 12 [11200/20000 (56.0%)]	Loss: 0.6930490136146545
[2023-05-02 05:58:10] Train Epoch: 12 [12000/20000 (60.0%)]	Loss: 0.6932939291000366
[2023-05-02 05:58:34] Train Epoch: 12 [12800/20000 (64.0%)]	Loss: 0.6933566927909851
[2023-05-02 05:59:01] Train Epoch: 12 [13600/20000 (68.0%)]	Loss: 0.6929787397384644
[2023-05-02 05:59:28] Train Epoch: 12 [14400/20000 (72.0%)]	Loss: 0.6930869817733765
[2023-05-02 05:59:56] Train Epoch: 12 [15200/20000 (76.0%)]	Loss: 0.6937606334686279
[2023-05-02 06:00:23] Train Epoch: 12 [16000/20000 (80.0%)]	Loss: 0.6933113932609558
[2023-05-02 06:00:45] Train Epoch: 12 [16800/20000 (84.0%)]	Loss: 0.6935225129127502
[2023-05-02 06:01:08] Train Epoch: 12 [17600/20000 (88.0%)]	Loss: 0.6931350231170654
[2023-05-02 06:01:31] Train Epoch: 12 [18400/20000 (92.0%)]	Loss: 0.6934335827827454
[2023-05-02 06:01:54] Train Epoch: 12 [19200/20000 (96.0%)]	Loss: 0.6938354969024658
[2023-05-02 06:03:36] Stop At epoch 12/20 due to valid not increase
[2023-05-02 06:03:43] ========== Metrics ==========
[2023-05-02 06:03:43] {
  "tr_loss": 0.69323168087988,
  "tr_acc": 0.49624962496249625,
  "tr_f1": 0.607465710723192,
  "val_loss": 0.6935319492206584,
  "val_acc": 0.49955587138035173,
  "val_f1": 0.6662717687477786,
  "test_loss": 0.7210885283100573,
  "test_acc": 0.5067750677506775,
  "test_f1": 0.6726618705035972
}
[2023-05-02 06:03:43] ========== Metrics ==========
