[2023-05-03 02:21:23] Train Epoch: 1 [0/20000 (0.0%)]	Loss: 0.6920241117477417
[2023-05-03 02:21:35] Train Epoch: 1 [800/20000 (4.0%)]	Loss: 0.5728773474693298
[2023-05-03 02:21:46] Train Epoch: 1 [1600/20000 (8.0%)]	Loss: 0.44115790724754333
[2023-05-03 02:21:57] Train Epoch: 1 [2400/20000 (12.0%)]	Loss: 0.6518785357475281
[2023-05-03 02:22:08] Train Epoch: 1 [3200/20000 (16.0%)]	Loss: 0.6361722946166992
[2023-05-03 02:22:20] Train Epoch: 1 [4000/20000 (20.0%)]	Loss: 0.3361382484436035
[2023-05-03 02:22:31] Train Epoch: 1 [4800/20000 (24.0%)]	Loss: 0.6410945653915405
[2023-05-03 02:22:42] Train Epoch: 1 [5600/20000 (28.0%)]	Loss: 0.682815670967102
[2023-05-03 02:22:53] Train Epoch: 1 [6400/20000 (32.0%)]	Loss: 0.8748379349708557
[2023-05-03 02:23:04] Train Epoch: 1 [7200/20000 (36.0%)]	Loss: 0.2810715138912201
[2023-05-03 02:23:14] Train Epoch: 1 [8000/20000 (40.0%)]	Loss: 0.5362237691879272
[2023-05-03 02:23:25] Train Epoch: 1 [8800/20000 (44.0%)]	Loss: 0.3988402187824249
[2023-05-03 02:23:36] Train Epoch: 1 [9600/20000 (48.0%)]	Loss: 0.48053786158561707
[2023-05-03 02:23:47] Train Epoch: 1 [10400/20000 (52.0%)]	Loss: 0.31242677569389343
[2023-05-03 02:23:58] Train Epoch: 1 [11200/20000 (56.0%)]	Loss: 0.49448901414871216
[2023-05-03 02:24:09] Train Epoch: 1 [12000/20000 (60.0%)]	Loss: 0.570127010345459
[2023-05-03 02:24:20] Train Epoch: 1 [12800/20000 (64.0%)]	Loss: 0.519868791103363
[2023-05-03 02:24:31] Train Epoch: 1 [13600/20000 (68.0%)]	Loss: 0.6679747104644775
[2023-05-03 02:24:42] Train Epoch: 1 [14400/20000 (72.0%)]	Loss: 0.3692058026790619
[2023-05-03 02:24:52] Train Epoch: 1 [15200/20000 (76.0%)]	Loss: 0.33676567673683167
[2023-05-03 02:25:03] Train Epoch: 1 [16000/20000 (80.0%)]	Loss: 0.16733187437057495
[2023-05-03 02:25:14] Train Epoch: 1 [16800/20000 (84.0%)]	Loss: 0.5164620876312256
[2023-05-03 02:25:24] Train Epoch: 1 [17600/20000 (88.0%)]	Loss: 0.33563196659088135
[2023-05-03 02:25:35] Train Epoch: 1 [18400/20000 (92.0%)]	Loss: 0.23456594347953796
[2023-05-03 02:25:46] Train Epoch: 1 [19200/20000 (96.0%)]	Loss: 0.5050380229949951
[2023-05-03 02:26:30] ========== Metrics ==========
[2023-05-03 02:26:30] {
  "tr_loss": 0.4559166543196888,
  "tr_acc": 0.7832783278327833,
  "tr_f1": 0.7852116166121519,
  "val_loss": 0.35758198468124786,
  "val_acc": 0.8466868004974241,
  "val_f1": 0.8509756518735968,
  "test_loss": 0.3269163104011437,
  "test_acc": 0.8590785907859079,
  "test_f1": 0.8586956521739131
}
[2023-05-03 02:26:30] ========== Metrics ==========
[2023-05-03 02:26:32] Train Epoch: 2 [0/20000 (0.0%)]	Loss: 0.2204134315252304
[2023-05-03 02:26:44] Train Epoch: 2 [800/20000 (4.0%)]	Loss: 0.2433895319700241
[2023-05-03 02:26:55] Train Epoch: 2 [1600/20000 (8.0%)]	Loss: 0.07300423830747604
[2023-05-03 02:27:06] Train Epoch: 2 [2400/20000 (12.0%)]	Loss: 0.31305810809135437
[2023-05-03 02:27:17] Train Epoch: 2 [3200/20000 (16.0%)]	Loss: 0.3772445023059845
[2023-05-03 02:27:28] Train Epoch: 2 [4000/20000 (20.0%)]	Loss: 0.20081698894500732
[2023-05-03 02:27:39] Train Epoch: 2 [4800/20000 (24.0%)]	Loss: 0.3513566255569458
[2023-05-03 02:27:50] Train Epoch: 2 [5600/20000 (28.0%)]	Loss: 0.2769849896430969
[2023-05-03 02:28:01] Train Epoch: 2 [6400/20000 (32.0%)]	Loss: 0.4774124324321747
[2023-05-03 02:28:12] Train Epoch: 2 [7200/20000 (36.0%)]	Loss: 0.6319217681884766
[2023-05-03 02:28:23] Train Epoch: 2 [8000/20000 (40.0%)]	Loss: 0.4648042619228363
[2023-05-03 02:28:33] Train Epoch: 2 [8800/20000 (44.0%)]	Loss: 0.15611594915390015
[2023-05-03 02:28:44] Train Epoch: 2 [9600/20000 (48.0%)]	Loss: 0.16871081292629242
[2023-05-03 02:28:55] Train Epoch: 2 [10400/20000 (52.0%)]	Loss: 0.31629127264022827
[2023-05-03 02:29:06] Train Epoch: 2 [11200/20000 (56.0%)]	Loss: 0.5098569989204407
[2023-05-03 02:29:17] Train Epoch: 2 [12000/20000 (60.0%)]	Loss: 0.15193048119544983
[2023-05-03 02:29:28] Train Epoch: 2 [12800/20000 (64.0%)]	Loss: 0.3871125876903534
[2023-05-03 02:29:39] Train Epoch: 2 [13600/20000 (68.0%)]	Loss: 0.3959195613861084
[2023-05-03 02:29:50] Train Epoch: 2 [14400/20000 (72.0%)]	Loss: 0.2525830864906311
[2023-05-03 02:30:01] Train Epoch: 2 [15200/20000 (76.0%)]	Loss: 0.17933978140354156
[2023-05-03 02:30:12] Train Epoch: 2 [16000/20000 (80.0%)]	Loss: 0.6582961082458496
[2023-05-03 02:30:22] Train Epoch: 2 [16800/20000 (84.0%)]	Loss: 0.1977192759513855
[2023-05-03 02:30:33] Train Epoch: 2 [17600/20000 (88.0%)]	Loss: 0.15979842841625214
[2023-05-03 02:30:44] Train Epoch: 2 [18400/20000 (92.0%)]	Loss: 0.37473323941230774
[2023-05-03 02:30:54] Train Epoch: 2 [19200/20000 (96.0%)]	Loss: 0.06297889351844788
[2023-05-03 02:31:40] ========== Metrics ==========
[2023-05-03 02:31:40] {
  "tr_loss": 0.2585987625132264,
  "tr_acc": 0.8992899289928993,
  "tr_f1": 0.8988752761598716,
  "val_loss": 0.3373793128922219,
  "val_acc": 0.8553917214425297,
  "val_f1": 0.8545389563974267,
  "test_loss": 0.31027347503638847,
  "test_acc": 0.8753387533875339,
  "test_f1": 0.8743169398907104
}
[2023-05-03 02:31:40] ========== Metrics ==========
[2023-05-03 02:31:42] Train Epoch: 3 [0/20000 (0.0%)]	Loss: 0.09849343448877335
[2023-05-03 02:31:54] Train Epoch: 3 [800/20000 (4.0%)]	Loss: 0.41656601428985596
[2023-05-03 02:32:05] Train Epoch: 3 [1600/20000 (8.0%)]	Loss: 0.07115660607814789
[2023-05-03 02:32:16] Train Epoch: 3 [2400/20000 (12.0%)]	Loss: 0.050773985683918
[2023-05-03 02:32:27] Train Epoch: 3 [3200/20000 (16.0%)]	Loss: 0.01341490913182497
[2023-05-03 02:32:38] Train Epoch: 3 [4000/20000 (20.0%)]	Loss: 0.6880204081535339
[2023-05-03 02:32:49] Train Epoch: 3 [4800/20000 (24.0%)]	Loss: 0.17806564271450043
[2023-05-03 02:33:00] Train Epoch: 3 [5600/20000 (28.0%)]	Loss: 0.15305116772651672
[2023-05-03 02:33:11] Train Epoch: 3 [6400/20000 (32.0%)]	Loss: 0.38687628507614136
[2023-05-03 02:33:22] Train Epoch: 3 [7200/20000 (36.0%)]	Loss: 0.021741757169365883
[2023-05-03 02:33:33] Train Epoch: 3 [8000/20000 (40.0%)]	Loss: 0.07637012004852295
[2023-05-03 02:33:44] Train Epoch: 3 [8800/20000 (44.0%)]	Loss: 0.09873560816049576
[2023-05-03 02:33:55] Train Epoch: 3 [9600/20000 (48.0%)]	Loss: 0.23709452152252197
[2023-05-03 02:34:06] Train Epoch: 3 [10400/20000 (52.0%)]	Loss: 0.024745799601078033
[2023-05-03 02:34:17] Train Epoch: 3 [11200/20000 (56.0%)]	Loss: 0.18952517211437225
[2023-05-03 02:34:28] Train Epoch: 3 [12000/20000 (60.0%)]	Loss: 0.0354171022772789
[2023-05-03 02:34:38] Train Epoch: 3 [12800/20000 (64.0%)]	Loss: 0.27717241644859314
[2023-05-03 02:34:49] Train Epoch: 3 [13600/20000 (68.0%)]	Loss: 0.08967448770999908
[2023-05-03 02:35:00] Train Epoch: 3 [14400/20000 (72.0%)]	Loss: 0.15580850839614868
[2023-05-03 02:35:11] Train Epoch: 3 [15200/20000 (76.0%)]	Loss: 0.022190243005752563
[2023-05-03 02:35:22] Train Epoch: 3 [16000/20000 (80.0%)]	Loss: 0.08680400997400284
[2023-05-03 02:35:32] Train Epoch: 3 [16800/20000 (84.0%)]	Loss: 0.023894600570201874
[2023-05-03 02:35:43] Train Epoch: 3 [17600/20000 (88.0%)]	Loss: 0.14997351169586182
[2023-05-03 02:35:54] Train Epoch: 3 [18400/20000 (92.0%)]	Loss: 0.21678265929222107
[2023-05-03 02:36:05] Train Epoch: 3 [19200/20000 (96.0%)]	Loss: 0.12867490947246552
[2023-05-03 02:36:50] ========== Metrics ==========
[2023-05-03 02:36:50] {
  "tr_loss": 0.13139342003823196,
  "tr_acc": 0.9544454445444545,
  "tr_f1": 0.9543610039577174,
  "val_loss": 0.4306620819162234,
  "val_acc": 0.847219754841002,
  "val_f1": 0.8461538461538463,
  "test_loss": 0.40159625073435506,
  "test_acc": 0.8509485094850948,
  "test_f1": 0.8476454293628809
}
[2023-05-03 02:36:50] ========== Metrics ==========
[2023-05-03 02:36:52] Train Epoch: 4 [0/20000 (0.0%)]	Loss: 0.0186376441270113
[2023-05-03 02:37:03] Train Epoch: 4 [800/20000 (4.0%)]	Loss: 0.13155506551265717
[2023-05-03 02:37:14] Train Epoch: 4 [1600/20000 (8.0%)]	Loss: 0.01679740846157074
[2023-05-03 02:37:26] Train Epoch: 4 [2400/20000 (12.0%)]	Loss: 0.0015552871627733111
[2023-05-03 02:37:36] Train Epoch: 4 [3200/20000 (16.0%)]	Loss: 0.18356989324092865
[2023-05-03 02:37:47] Train Epoch: 4 [4000/20000 (20.0%)]	Loss: 0.03637415170669556
[2023-05-03 02:37:58] Train Epoch: 4 [4800/20000 (24.0%)]	Loss: 0.043334104120731354
[2023-05-03 02:38:09] Train Epoch: 4 [5600/20000 (28.0%)]	Loss: 0.042634908109903336
[2023-05-03 02:38:20] Train Epoch: 4 [6400/20000 (32.0%)]	Loss: 0.004546213895082474
[2023-05-03 02:38:31] Train Epoch: 4 [7200/20000 (36.0%)]	Loss: 0.004122312180697918
[2023-05-03 02:38:42] Train Epoch: 4 [8000/20000 (40.0%)]	Loss: 0.00673244334757328
[2023-05-03 02:38:53] Train Epoch: 4 [8800/20000 (44.0%)]	Loss: 0.11143176257610321
[2023-05-03 02:39:04] Train Epoch: 4 [9600/20000 (48.0%)]	Loss: 0.11276182532310486
[2023-05-03 02:39:15] Train Epoch: 4 [10400/20000 (52.0%)]	Loss: 0.02149939350783825
[2023-05-03 02:39:25] Train Epoch: 4 [11200/20000 (56.0%)]	Loss: 0.025585144758224487
[2023-05-03 02:39:36] Train Epoch: 4 [12000/20000 (60.0%)]	Loss: 0.008482755161821842
[2023-05-03 02:39:47] Train Epoch: 4 [12800/20000 (64.0%)]	Loss: 0.016788175329566002
[2023-05-03 02:39:58] Train Epoch: 4 [13600/20000 (68.0%)]	Loss: 0.03137312829494476
[2023-05-03 02:40:09] Train Epoch: 4 [14400/20000 (72.0%)]	Loss: 0.001297469949349761
[2023-05-03 02:40:19] Train Epoch: 4 [15200/20000 (76.0%)]	Loss: 0.0164494626224041
[2023-05-03 02:40:30] Train Epoch: 4 [16000/20000 (80.0%)]	Loss: 0.011081852950155735
[2023-05-03 02:40:41] Train Epoch: 4 [16800/20000 (84.0%)]	Loss: 0.08132436126470566
[2023-05-03 02:40:52] Train Epoch: 4 [17600/20000 (88.0%)]	Loss: 0.04733263701200485
[2023-05-03 02:41:03] Train Epoch: 4 [18400/20000 (92.0%)]	Loss: 0.05739588290452957
[2023-05-03 02:41:14] Train Epoch: 4 [19200/20000 (96.0%)]	Loss: 0.05252888798713684
[2023-05-03 02:41:58] ========== Metrics ==========
[2023-05-03 02:41:58] {
  "tr_loss": 0.052353980272195406,
  "tr_acc": 0.983998399839984,
  "tr_f1": 0.984,
  "val_loss": 0.7299692403941388,
  "val_acc": 0.8259015810978859,
  "val_f1": 0.8150943396226414,
  "test_loss": 0.7708599978457218,
  "test_acc": 0.7967479674796748,
  "test_f1": 0.7774480712166173
}
[2023-05-03 02:41:58] ========== Metrics ==========
[2023-05-03 02:42:00] Train Epoch: 5 [0/20000 (0.0%)]	Loss: 0.004339336417615414
[2023-05-03 02:42:12] Train Epoch: 5 [800/20000 (4.0%)]	Loss: 0.0030891604255884886
[2023-05-03 02:42:24] Train Epoch: 5 [1600/20000 (8.0%)]	Loss: 0.0746992900967598
[2023-05-03 02:42:35] Train Epoch: 5 [2400/20000 (12.0%)]	Loss: 0.0027620631735771894
[2023-05-03 02:42:46] Train Epoch: 5 [3200/20000 (16.0%)]	Loss: 0.004405108746141195
[2023-05-03 02:42:57] Train Epoch: 5 [4000/20000 (20.0%)]	Loss: 0.0029675131663680077
[2023-05-03 02:43:08] Train Epoch: 5 [4800/20000 (24.0%)]	Loss: 0.001517599681392312
[2023-05-03 02:43:20] Train Epoch: 5 [5600/20000 (28.0%)]	Loss: 0.0011723372153937817
[2023-05-03 02:43:31] Train Epoch: 5 [6400/20000 (32.0%)]	Loss: 0.05546589195728302
[2023-05-03 02:43:42] Train Epoch: 5 [7200/20000 (36.0%)]	Loss: 0.01620061881840229
[2023-05-03 02:43:53] Train Epoch: 5 [8000/20000 (40.0%)]	Loss: 0.005187687464058399
[2023-05-03 02:44:04] Train Epoch: 5 [8800/20000 (44.0%)]	Loss: 0.003236896824091673
[2023-05-03 02:44:15] Train Epoch: 5 [9600/20000 (48.0%)]	Loss: 0.008438339456915855
[2023-05-03 02:44:26] Train Epoch: 5 [10400/20000 (52.0%)]	Loss: 0.0023120660334825516
[2023-05-03 02:44:36] Train Epoch: 5 [11200/20000 (56.0%)]	Loss: 0.0007831549737602472
[2023-05-03 02:44:47] Train Epoch: 5 [12000/20000 (60.0%)]	Loss: 0.015722788870334625
[2023-05-03 02:44:58] Train Epoch: 5 [12800/20000 (64.0%)]	Loss: 0.002853287849575281
[2023-05-03 02:45:09] Train Epoch: 5 [13600/20000 (68.0%)]	Loss: 0.06159451603889465
[2023-05-03 02:45:20] Train Epoch: 5 [14400/20000 (72.0%)]	Loss: 0.0005656113498844206
[2023-05-03 02:45:30] Train Epoch: 5 [15200/20000 (76.0%)]	Loss: 0.007361494470387697
[2023-05-03 02:45:41] Train Epoch: 5 [16000/20000 (80.0%)]	Loss: 0.0009386189049109817
[2023-05-03 02:45:52] Train Epoch: 5 [16800/20000 (84.0%)]	Loss: 0.02787827141582966
[2023-05-03 02:46:03] Train Epoch: 5 [17600/20000 (88.0%)]	Loss: 0.4398772418498993
[2023-05-03 02:46:14] Train Epoch: 5 [18400/20000 (92.0%)]	Loss: 0.0036535400431603193
[2023-05-03 02:46:24] Train Epoch: 5 [19200/20000 (96.0%)]	Loss: 0.0031063491478562355
[2023-05-03 02:47:11] ========== Metrics ==========
[2023-05-03 02:47:11] {
  "tr_loss": 0.026996336496447948,
  "tr_acc": 0.9926492649264926,
  "tr_f1": 0.9926474265993097,
  "val_loss": 0.7102018248208422,
  "val_acc": 0.8232368093799964,
  "val_f1": 0.8283594962911852,
  "test_loss": 0.6294393452909096,
  "test_acc": 0.8428184281842819,
  "test_f1": 0.8440860215053764
}
[2023-05-03 02:47:11] ========== Metrics ==========
[2023-05-03 02:47:13] Train Epoch: 6 [0/20000 (0.0%)]	Loss: 0.0005444976850412786
[2023-05-03 02:47:25] Train Epoch: 6 [800/20000 (4.0%)]	Loss: 0.003624942619353533
[2023-05-03 02:47:36] Train Epoch: 6 [1600/20000 (8.0%)]	Loss: 0.004505905322730541
[2023-05-03 02:47:47] Train Epoch: 6 [2400/20000 (12.0%)]	Loss: 0.0011247689835727215
[2023-05-03 02:47:58] Train Epoch: 6 [3200/20000 (16.0%)]	Loss: 0.009655514732003212
[2023-05-03 02:48:09] Train Epoch: 6 [4000/20000 (20.0%)]	Loss: 0.002459550742059946
[2023-05-03 02:48:20] Train Epoch: 6 [4800/20000 (24.0%)]	Loss: 0.05122540146112442
[2023-05-03 02:48:31] Train Epoch: 6 [5600/20000 (28.0%)]	Loss: 0.0005941775161772966
[2023-05-03 02:48:42] Train Epoch: 6 [6400/20000 (32.0%)]	Loss: 0.001924440381117165
[2023-05-03 02:48:54] Train Epoch: 6 [7200/20000 (36.0%)]	Loss: 0.0002692767302505672
[2023-05-03 02:49:04] Train Epoch: 6 [8000/20000 (40.0%)]	Loss: 0.0018024122109636664
[2023-05-03 02:49:15] Train Epoch: 6 [8800/20000 (44.0%)]	Loss: 0.0021997890435159206
[2023-05-03 02:49:26] Train Epoch: 6 [9600/20000 (48.0%)]	Loss: 0.0010413996642455459
[2023-05-03 02:49:37] Train Epoch: 6 [10400/20000 (52.0%)]	Loss: 0.0007906337268650532
[2023-05-03 02:49:48] Train Epoch: 6 [11200/20000 (56.0%)]	Loss: 0.0003262909594923258
[2023-05-03 02:49:59] Train Epoch: 6 [12000/20000 (60.0%)]	Loss: 0.0027375409845262766
[2023-05-03 02:50:10] Train Epoch: 6 [12800/20000 (64.0%)]	Loss: 8.084379078354686e-05
[2023-05-03 02:50:21] Train Epoch: 6 [13600/20000 (68.0%)]	Loss: 0.0006302997935563326
[2023-05-03 02:50:32] Train Epoch: 6 [14400/20000 (72.0%)]	Loss: 0.0002595949626993388
[2023-05-03 02:50:43] Train Epoch: 6 [15200/20000 (76.0%)]	Loss: 0.0001370796380797401
[2023-05-03 02:50:54] Train Epoch: 6 [16000/20000 (80.0%)]	Loss: 9.797710663406178e-05
[2023-05-03 02:51:05] Train Epoch: 6 [16800/20000 (84.0%)]	Loss: 0.000902358558960259
[2023-05-03 02:51:15] Train Epoch: 6 [17600/20000 (88.0%)]	Loss: 0.00038305995985865593
[2023-05-03 02:51:26] Train Epoch: 6 [18400/20000 (92.0%)]	Loss: 0.0010980203514918685
[2023-05-03 02:51:37] Train Epoch: 6 [19200/20000 (96.0%)]	Loss: 0.0006522670155391097
[2023-05-03 02:52:21] ========== Metrics ==========
[2023-05-03 02:52:21] {
  "tr_loss": 0.0055198738819523955,
  "tr_acc": 0.9987498749874988,
  "tr_f1": 0.9987500624968753,
  "val_loss": 0.8790360996881849,
  "val_acc": 0.8275004441286197,
  "val_f1": 0.8286571378154227,
  "test_loss": 0.790559025322337,
  "test_acc": 0.8346883468834688,
  "test_f1": 0.8310249307479225
}
[2023-05-03 02:52:21] ========== Metrics ==========
[2023-05-03 02:52:22] Train Epoch: 7 [0/20000 (0.0%)]	Loss: 0.00022851840185467154
[2023-05-03 02:52:34] Train Epoch: 7 [800/20000 (4.0%)]	Loss: 0.0001962746464414522
[2023-05-03 02:52:46] Train Epoch: 7 [1600/20000 (8.0%)]	Loss: 0.0005639790906570852
[2023-05-03 02:52:57] Train Epoch: 7 [2400/20000 (12.0%)]	Loss: 0.00032639229902997613
[2023-05-03 02:53:08] Train Epoch: 7 [3200/20000 (16.0%)]	Loss: 0.00010645121801644564
[2023-05-03 02:53:19] Train Epoch: 7 [4000/20000 (20.0%)]	Loss: 0.0002549556375015527
[2023-05-03 02:53:31] Train Epoch: 7 [4800/20000 (24.0%)]	Loss: 0.00038249845965765417
[2023-05-03 02:53:42] Train Epoch: 7 [5600/20000 (28.0%)]	Loss: 0.0011040075914934278
[2023-05-03 02:53:53] Train Epoch: 7 [6400/20000 (32.0%)]	Loss: 0.00011004246334778145
[2023-05-03 02:54:04] Train Epoch: 7 [7200/20000 (36.0%)]	Loss: 0.0002656564174685627
[2023-05-03 02:54:15] Train Epoch: 7 [8000/20000 (40.0%)]	Loss: 0.0007446304662153125
[2023-05-03 02:54:26] Train Epoch: 7 [8800/20000 (44.0%)]	Loss: 0.001316833426244557
[2023-05-03 02:54:37] Train Epoch: 7 [9600/20000 (48.0%)]	Loss: 9.69031680142507e-05
[2023-05-03 02:54:48] Train Epoch: 7 [10400/20000 (52.0%)]	Loss: 0.0018837052630260587
[2023-05-03 02:54:59] Train Epoch: 7 [11200/20000 (56.0%)]	Loss: 0.0001154002093244344
[2023-05-03 02:55:10] Train Epoch: 7 [12000/20000 (60.0%)]	Loss: 0.0020789296831935644
[2023-05-03 02:55:20] Train Epoch: 7 [12800/20000 (64.0%)]	Loss: 0.0009514701669104397
[2023-05-03 02:55:31] Train Epoch: 7 [13600/20000 (68.0%)]	Loss: 0.0002777216141112149
[2023-05-03 02:55:42] Train Epoch: 7 [14400/20000 (72.0%)]	Loss: 0.00033427789458073676
[2023-05-03 02:55:53] Train Epoch: 7 [15200/20000 (76.0%)]	Loss: 0.0017874141922220588
[2023-05-03 02:56:04] Train Epoch: 7 [16000/20000 (80.0%)]	Loss: 0.0003122221678495407
[2023-05-03 02:56:15] Train Epoch: 7 [16800/20000 (84.0%)]	Loss: 0.00017977727111428976
[2023-05-03 02:56:26] Train Epoch: 7 [17600/20000 (88.0%)]	Loss: 0.0004988327855244279
[2023-05-03 02:56:37] Train Epoch: 7 [18400/20000 (92.0%)]	Loss: 0.0005953742656856775
[2023-05-03 02:56:48] Train Epoch: 7 [19200/20000 (96.0%)]	Loss: 0.00011198464198969305
[2023-05-03 02:57:37] ========== Metrics ==========
[2023-05-03 02:57:37] {
  "tr_loss": 0.0032231935758608625,
  "tr_acc": 0.9993999399939995,
  "tr_f1": 0.9994,
  "val_loss": 0.9442883351145004,
  "val_acc": 0.828921655711494,
  "val_f1": 0.8267050566852617,
  "test_loss": 0.8896284213173361,
  "test_acc": 0.8346883468834688,
  "test_f1": 0.8262108262108261
}
[2023-05-03 02:57:37] ========== Metrics ==========
[2023-05-03 02:57:39] Train Epoch: 8 [0/20000 (0.0%)]	Loss: 0.0005867913132533431
[2023-05-03 02:57:51] Train Epoch: 8 [800/20000 (4.0%)]	Loss: 0.00047399941831827164
[2023-05-03 02:58:03] Train Epoch: 8 [1600/20000 (8.0%)]	Loss: 0.0004463212681002915
[2023-05-03 02:58:14] Train Epoch: 8 [2400/20000 (12.0%)]	Loss: 0.00013595724885817617
[2023-05-03 02:58:26] Train Epoch: 8 [3200/20000 (16.0%)]	Loss: 7.08426523488015e-05
[2023-05-03 02:58:37] Train Epoch: 8 [4000/20000 (20.0%)]	Loss: 0.00024766771821305156
[2023-05-03 02:58:49] Train Epoch: 8 [4800/20000 (24.0%)]	Loss: 0.00021129075321368873
[2023-05-03 02:59:00] Train Epoch: 8 [5600/20000 (28.0%)]	Loss: 0.00021610518160741776
[2023-05-03 02:59:12] Train Epoch: 8 [6400/20000 (32.0%)]	Loss: 0.000385597231797874
[2023-05-03 02:59:23] Train Epoch: 8 [7200/20000 (36.0%)]	Loss: 0.00025593891041353345
[2023-05-03 02:59:34] Train Epoch: 8 [8000/20000 (40.0%)]	Loss: 8.69471114128828e-05
[2023-05-03 02:59:46] Train Epoch: 8 [8800/20000 (44.0%)]	Loss: 0.00022447173250839114
[2023-05-03 02:59:57] Train Epoch: 8 [9600/20000 (48.0%)]	Loss: 0.0033076584804803133
[2023-05-03 03:00:08] Train Epoch: 8 [10400/20000 (52.0%)]	Loss: 0.001552480855025351
[2023-05-03 03:00:20] Train Epoch: 8 [11200/20000 (56.0%)]	Loss: 0.0002289925323566422
[2023-05-03 03:00:31] Train Epoch: 8 [12000/20000 (60.0%)]	Loss: 0.0002480664406903088
[2023-05-03 03:00:42] Train Epoch: 8 [12800/20000 (64.0%)]	Loss: 0.00037074537249282
[2023-05-03 03:00:54] Train Epoch: 8 [13600/20000 (68.0%)]	Loss: 9.190781565848738e-05
[2023-05-03 03:01:05] Train Epoch: 8 [14400/20000 (72.0%)]	Loss: 0.0007717126281931996
[2023-05-03 03:01:16] Train Epoch: 8 [15200/20000 (76.0%)]	Loss: 0.00017259920423384756
[2023-05-03 03:01:27] Train Epoch: 8 [16000/20000 (80.0%)]	Loss: 9.349709580419585e-05
[2023-05-03 03:01:38] Train Epoch: 8 [16800/20000 (84.0%)]	Loss: 0.00014874618500471115
[2023-05-03 03:01:50] Train Epoch: 8 [17600/20000 (88.0%)]	Loss: 0.00014673086116090417
[2023-05-03 03:02:01] Train Epoch: 8 [18400/20000 (92.0%)]	Loss: 0.0005339095368981361
[2023-05-03 03:02:12] Train Epoch: 8 [19200/20000 (96.0%)]	Loss: 0.0004327717761043459
[2023-05-03 03:02:55] Stop At epoch 8/20 due to valid not increase
[2023-05-03 03:03:00] ========== Metrics ==========
[2023-05-03 03:03:00] {
  "tr_loss": 0.0023414399148063304,
  "tr_acc": 0.9995499549954996,
  "tr_f1": 0.999550022498875,
  "val_loss": 1.0803386628991603,
  "val_acc": 0.825368626754308,
  "val_f1": 0.8270888302550571,
  "test_loss": 0.9746231933371706,
  "test_acc": 0.8428184281842819,
  "test_f1": 0.8388888888888889
}
[2023-05-03 03:03:00] ========== Metrics ==========
