[2023-05-03 11:55:23] Train Epoch: 1 [0/20000 (0.0%)]	Loss: 0.697369396686554
[2023-05-03 11:55:39] Train Epoch: 1 [800/20000 (4.0%)]	Loss: 0.6665347218513489
[2023-05-03 11:55:55] Train Epoch: 1 [1600/20000 (8.0%)]	Loss: 0.5922793745994568
[2023-05-03 11:56:10] Train Epoch: 1 [2400/20000 (12.0%)]	Loss: 0.7788261771202087
[2023-05-03 11:56:25] Train Epoch: 1 [3200/20000 (16.0%)]	Loss: 0.42671656608581543
[2023-05-03 11:56:41] Train Epoch: 1 [4000/20000 (20.0%)]	Loss: 0.5143958926200867
[2023-05-03 11:56:56] Train Epoch: 1 [4800/20000 (24.0%)]	Loss: 0.27205145359039307
[2023-05-03 11:57:11] Train Epoch: 1 [5600/20000 (28.0%)]	Loss: 0.525870144367218
[2023-05-03 11:57:26] Train Epoch: 1 [6400/20000 (32.0%)]	Loss: 0.5049289464950562
[2023-05-03 11:57:41] Train Epoch: 1 [7200/20000 (36.0%)]	Loss: 0.3206889033317566
[2023-05-03 11:57:57] Train Epoch: 1 [8000/20000 (40.0%)]	Loss: 0.28896886110305786
[2023-05-03 11:58:12] Train Epoch: 1 [8800/20000 (44.0%)]	Loss: 0.4164630174636841
[2023-05-03 11:58:27] Train Epoch: 1 [9600/20000 (48.0%)]	Loss: 0.3574495017528534
[2023-05-03 11:58:42] Train Epoch: 1 [10400/20000 (52.0%)]	Loss: 0.7553597688674927
[2023-05-03 11:58:58] Train Epoch: 1 [11200/20000 (56.0%)]	Loss: 0.7297270894050598
[2023-05-03 11:59:13] Train Epoch: 1 [12000/20000 (60.0%)]	Loss: 0.49943026900291443
[2023-05-03 11:59:28] Train Epoch: 1 [12800/20000 (64.0%)]	Loss: 0.5254322290420532
[2023-05-03 11:59:43] Train Epoch: 1 [13600/20000 (68.0%)]	Loss: 0.3795812427997589
[2023-05-03 11:59:58] Train Epoch: 1 [14400/20000 (72.0%)]	Loss: 0.44440338015556335
[2023-05-03 12:00:13] Train Epoch: 1 [15200/20000 (76.0%)]	Loss: 0.3709447681903839
[2023-05-03 12:00:28] Train Epoch: 1 [16000/20000 (80.0%)]	Loss: 0.3125056028366089
[2023-05-03 12:00:43] Train Epoch: 1 [16800/20000 (84.0%)]	Loss: 0.3906322121620178
[2023-05-03 12:00:58] Train Epoch: 1 [17600/20000 (88.0%)]	Loss: 0.15118443965911865
[2023-05-03 12:01:13] Train Epoch: 1 [18400/20000 (92.0%)]	Loss: 0.3545810580253601
[2023-05-03 12:01:29] Train Epoch: 1 [19200/20000 (96.0%)]	Loss: 0.5389002561569214
[2023-05-03 12:02:26] ========== Metrics ==========
[2023-05-03 12:02:26] {
  "tr_loss": 0.4629003752743152,
  "tr_acc": 0.785028502850285,
  "tr_f1": 0.7877561096025674,
  "val_loss": 0.380641523655322,
  "val_acc": 0.8333629419079766,
  "val_f1": 0.842828418230563,
  "test_loss": 0.36222373502364325,
  "test_acc": 0.8699186991869918,
  "test_f1": 0.8743455497382198
}
[2023-05-03 12:02:26] ========== Metrics ==========
[2023-05-03 12:02:27] Train Epoch: 2 [0/20000 (0.0%)]	Loss: 0.2801421284675598
[2023-05-03 12:02:43] Train Epoch: 2 [800/20000 (4.0%)]	Loss: 0.21594935655593872
[2023-05-03 12:02:58] Train Epoch: 2 [1600/20000 (8.0%)]	Loss: 0.08124618232250214
[2023-05-03 12:03:14] Train Epoch: 2 [2400/20000 (12.0%)]	Loss: 0.4026729166507721
[2023-05-03 12:03:29] Train Epoch: 2 [3200/20000 (16.0%)]	Loss: 0.3219774663448334
[2023-05-03 12:03:44] Train Epoch: 2 [4000/20000 (20.0%)]	Loss: 0.28333526849746704
[2023-05-03 12:03:59] Train Epoch: 2 [4800/20000 (24.0%)]	Loss: 0.3023613393306732
[2023-05-03 12:04:14] Train Epoch: 2 [5600/20000 (28.0%)]	Loss: 0.2277681976556778
[2023-05-03 12:04:29] Train Epoch: 2 [6400/20000 (32.0%)]	Loss: 0.2226639837026596
[2023-05-03 12:04:44] Train Epoch: 2 [7200/20000 (36.0%)]	Loss: 0.39124372601509094
[2023-05-03 12:04:59] Train Epoch: 2 [8000/20000 (40.0%)]	Loss: 0.1581677347421646
[2023-05-03 12:05:15] Train Epoch: 2 [8800/20000 (44.0%)]	Loss: 0.20830309391021729
[2023-05-03 12:05:30] Train Epoch: 2 [9600/20000 (48.0%)]	Loss: 0.13355915248394012
[2023-05-03 12:05:45] Train Epoch: 2 [10400/20000 (52.0%)]	Loss: 0.16825789213180542
[2023-05-03 12:06:01] Train Epoch: 2 [11200/20000 (56.0%)]	Loss: 0.23978248238563538
[2023-05-03 12:06:16] Train Epoch: 2 [12000/20000 (60.0%)]	Loss: 0.13166169822216034
[2023-05-03 12:06:31] Train Epoch: 2 [12800/20000 (64.0%)]	Loss: 0.25496503710746765
[2023-05-03 12:06:47] Train Epoch: 2 [13600/20000 (68.0%)]	Loss: 0.2806676924228668
[2023-05-03 12:07:02] Train Epoch: 2 [14400/20000 (72.0%)]	Loss: 0.16093426942825317
[2023-05-03 12:07:17] Train Epoch: 2 [15200/20000 (76.0%)]	Loss: 0.24618469178676605
[2023-05-03 12:07:32] Train Epoch: 2 [16000/20000 (80.0%)]	Loss: 0.5059440732002258
[2023-05-03 12:07:47] Train Epoch: 2 [16800/20000 (84.0%)]	Loss: 0.17915914952754974
[2023-05-03 12:08:03] Train Epoch: 2 [17600/20000 (88.0%)]	Loss: 0.4127875566482544
[2023-05-03 12:08:18] Train Epoch: 2 [18400/20000 (92.0%)]	Loss: 0.19388040900230408
[2023-05-03 12:08:33] Train Epoch: 2 [19200/20000 (96.0%)]	Loss: 0.10770641267299652
[2023-05-03 12:09:30] ========== Metrics ==========
[2023-05-03 12:09:30] {
  "tr_loss": 0.27119635835965045,
  "tr_acc": 0.8941394139413942,
  "tr_f1": 0.8943032602726048,
  "val_loss": 0.392536838771734,
  "val_acc": 0.8351394563865695,
  "val_f1": 0.8452817605868622,
  "test_loss": 0.3324242423220379,
  "test_acc": 0.8590785907859079,
  "test_f1": 0.8645833333333333
}
[2023-05-03 12:09:30] ========== Metrics ==========
[2023-05-03 12:09:32] Train Epoch: 3 [0/20000 (0.0%)]	Loss: 0.2428368479013443
[2023-05-03 12:09:48] Train Epoch: 3 [800/20000 (4.0%)]	Loss: 0.05008991062641144
[2023-05-03 12:10:04] Train Epoch: 3 [1600/20000 (8.0%)]	Loss: 0.16174955666065216
[2023-05-03 12:10:20] Train Epoch: 3 [2400/20000 (12.0%)]	Loss: 0.09864315390586853
[2023-05-03 12:10:35] Train Epoch: 3 [3200/20000 (16.0%)]	Loss: 0.22423449158668518
[2023-05-03 12:10:50] Train Epoch: 3 [4000/20000 (20.0%)]	Loss: 0.038777828216552734
[2023-05-03 12:11:05] Train Epoch: 3 [4800/20000 (24.0%)]	Loss: 0.02729926072061062
[2023-05-03 12:11:21] Train Epoch: 3 [5600/20000 (28.0%)]	Loss: 0.039487436413764954
[2023-05-03 12:11:36] Train Epoch: 3 [6400/20000 (32.0%)]	Loss: 0.13266584277153015
[2023-05-03 12:11:51] Train Epoch: 3 [7200/20000 (36.0%)]	Loss: 0.03630363196134567
[2023-05-03 12:12:06] Train Epoch: 3 [8000/20000 (40.0%)]	Loss: 0.1337715983390808
[2023-05-03 12:12:22] Train Epoch: 3 [8800/20000 (44.0%)]	Loss: 0.13970470428466797
[2023-05-03 12:12:37] Train Epoch: 3 [9600/20000 (48.0%)]	Loss: 0.5244089961051941
[2023-05-03 12:12:52] Train Epoch: 3 [10400/20000 (52.0%)]	Loss: 0.2276548594236374
[2023-05-03 12:13:07] Train Epoch: 3 [11200/20000 (56.0%)]	Loss: 0.030208932235836983
[2023-05-03 12:13:22] Train Epoch: 3 [12000/20000 (60.0%)]	Loss: 0.1579604297876358
[2023-05-03 12:13:37] Train Epoch: 3 [12800/20000 (64.0%)]	Loss: 0.022814352065324783
[2023-05-03 12:13:52] Train Epoch: 3 [13600/20000 (68.0%)]	Loss: 0.020585406571626663
[2023-05-03 12:14:08] Train Epoch: 3 [14400/20000 (72.0%)]	Loss: 0.20142710208892822
[2023-05-03 12:14:23] Train Epoch: 3 [15200/20000 (76.0%)]	Loss: 0.3315574824810028
[2023-05-03 12:14:38] Train Epoch: 3 [16000/20000 (80.0%)]	Loss: 0.042376529425382614
[2023-05-03 12:14:53] Train Epoch: 3 [16800/20000 (84.0%)]	Loss: 0.14462125301361084
[2023-05-03 12:15:09] Train Epoch: 3 [17600/20000 (88.0%)]	Loss: 0.025891657918691635
[2023-05-03 12:15:24] Train Epoch: 3 [18400/20000 (92.0%)]	Loss: 0.05626418814063072
[2023-05-03 12:15:39] Train Epoch: 3 [19200/20000 (96.0%)]	Loss: 0.14277374744415283
[2023-05-03 12:16:36] ========== Metrics ==========
[2023-05-03 12:16:36] {
  "tr_loss": 0.1465601230883869,
  "tr_acc": 0.9494449444944495,
  "tr_f1": 0.9494424163624543,
  "val_loss": 0.42359711970226616,
  "val_acc": 0.83247468466868,
  "val_f1": 0.8419111483654653,
  "test_loss": 0.3806692164764818,
  "test_acc": 0.8455284552845529,
  "test_f1": 0.8511749347258486
}
[2023-05-03 12:16:36] ========== Metrics ==========
[2023-05-03 12:16:38] Train Epoch: 4 [0/20000 (0.0%)]	Loss: 0.07325392961502075
[2023-05-03 12:16:54] Train Epoch: 4 [800/20000 (4.0%)]	Loss: 0.03067758120596409
[2023-05-03 12:17:09] Train Epoch: 4 [1600/20000 (8.0%)]	Loss: 0.0029463698156177998
[2023-05-03 12:17:25] Train Epoch: 4 [2400/20000 (12.0%)]	Loss: 0.2556220293045044
[2023-05-03 12:17:41] Train Epoch: 4 [3200/20000 (16.0%)]	Loss: 0.07170771062374115
[2023-05-03 12:17:56] Train Epoch: 4 [4000/20000 (20.0%)]	Loss: 0.0061508240178227425
[2023-05-03 12:18:11] Train Epoch: 4 [4800/20000 (24.0%)]	Loss: 0.029533375054597855
[2023-05-03 12:18:26] Train Epoch: 4 [5600/20000 (28.0%)]	Loss: 0.010759726166725159
[2023-05-03 12:18:42] Train Epoch: 4 [6400/20000 (32.0%)]	Loss: 0.017375970259308815
[2023-05-03 12:18:57] Train Epoch: 4 [7200/20000 (36.0%)]	Loss: 0.0292036272585392
[2023-05-03 12:19:12] Train Epoch: 4 [8000/20000 (40.0%)]	Loss: 0.11106161773204803
[2023-05-03 12:19:28] Train Epoch: 4 [8800/20000 (44.0%)]	Loss: 0.0318051353096962
[2023-05-03 12:19:43] Train Epoch: 4 [9600/20000 (48.0%)]	Loss: 0.0022308332845568657
[2023-05-03 12:19:58] Train Epoch: 4 [10400/20000 (52.0%)]	Loss: 0.024819595739245415
[2023-05-03 12:20:14] Train Epoch: 4 [11200/20000 (56.0%)]	Loss: 0.031822483986616135
[2023-05-03 12:20:29] Train Epoch: 4 [12000/20000 (60.0%)]	Loss: 0.007680409122258425
[2023-05-03 12:20:44] Train Epoch: 4 [12800/20000 (64.0%)]	Loss: 0.03865916654467583
[2023-05-03 12:20:59] Train Epoch: 4 [13600/20000 (68.0%)]	Loss: 0.037669967859983444
[2023-05-03 12:21:15] Train Epoch: 4 [14400/20000 (72.0%)]	Loss: 0.1315179169178009
[2023-05-03 12:21:30] Train Epoch: 4 [15200/20000 (76.0%)]	Loss: 0.3721998631954193
[2023-05-03 12:21:45] Train Epoch: 4 [16000/20000 (80.0%)]	Loss: 0.009215878322720528
[2023-05-03 12:22:01] Train Epoch: 4 [16800/20000 (84.0%)]	Loss: 0.10453148186206818
[2023-05-03 12:22:16] Train Epoch: 4 [17600/20000 (88.0%)]	Loss: 0.013579420745372772
[2023-05-03 12:22:31] Train Epoch: 4 [18400/20000 (92.0%)]	Loss: 0.00984632782638073
[2023-05-03 12:22:47] Train Epoch: 4 [19200/20000 (96.0%)]	Loss: 0.07426582276821136
[2023-05-03 12:23:45] ========== Metrics ==========
[2023-05-03 12:23:45] {
  "tr_loss": 0.07015543804639125,
  "tr_acc": 0.9797979797979798,
  "tr_f1": 0.979832268370607,
  "val_loss": 0.585557536720213,
  "val_acc": 0.8179072659442175,
  "val_f1": 0.8052441573247197,
  "test_loss": 0.6516364102118061,
  "test_acc": 0.7967479674796748,
  "test_f1": 0.7734138972809667
}
[2023-05-03 12:23:45] ========== Metrics ==========
[2023-05-03 12:23:46] Train Epoch: 5 [0/20000 (0.0%)]	Loss: 0.013480991125106812
[2023-05-03 12:24:02] Train Epoch: 5 [800/20000 (4.0%)]	Loss: 0.004424377344548702
[2023-05-03 12:24:18] Train Epoch: 5 [1600/20000 (8.0%)]	Loss: 0.003952542319893837
[2023-05-03 12:24:33] Train Epoch: 5 [2400/20000 (12.0%)]	Loss: 0.006237027235329151
[2023-05-03 12:24:48] Train Epoch: 5 [3200/20000 (16.0%)]	Loss: 0.0024553677067160606
[2023-05-03 12:25:03] Train Epoch: 5 [4000/20000 (20.0%)]	Loss: 0.011243125423789024
[2023-05-03 12:25:19] Train Epoch: 5 [4800/20000 (24.0%)]	Loss: 0.00756912911310792
[2023-05-03 12:25:34] Train Epoch: 5 [5600/20000 (28.0%)]	Loss: 0.003990974742919207
[2023-05-03 12:25:49] Train Epoch: 5 [6400/20000 (32.0%)]	Loss: 0.0012606296222656965
[2023-05-03 12:26:05] Train Epoch: 5 [7200/20000 (36.0%)]	Loss: 0.012058724649250507
[2023-05-03 12:26:20] Train Epoch: 5 [8000/20000 (40.0%)]	Loss: 0.009392812848091125
[2023-05-03 12:26:36] Train Epoch: 5 [8800/20000 (44.0%)]	Loss: 0.0016105895629152656
[2023-05-03 12:26:51] Train Epoch: 5 [9600/20000 (48.0%)]	Loss: 0.01482001319527626
[2023-05-03 12:27:06] Train Epoch: 5 [10400/20000 (52.0%)]	Loss: 0.0042726281099021435
[2023-05-03 12:27:22] Train Epoch: 5 [11200/20000 (56.0%)]	Loss: 0.06707611680030823
[2023-05-03 12:27:37] Train Epoch: 5 [12000/20000 (60.0%)]	Loss: 0.000991474837064743
[2023-05-03 12:27:52] Train Epoch: 5 [12800/20000 (64.0%)]	Loss: 0.09366476535797119
[2023-05-03 12:28:07] Train Epoch: 5 [13600/20000 (68.0%)]	Loss: 0.08255781978368759
[2023-05-03 12:28:23] Train Epoch: 5 [14400/20000 (72.0%)]	Loss: 0.0011938485549762845
[2023-05-03 12:28:38] Train Epoch: 5 [15200/20000 (76.0%)]	Loss: 0.006083599291741848
[2023-05-03 12:28:53] Train Epoch: 5 [16000/20000 (80.0%)]	Loss: 0.002997118514031172
[2023-05-03 12:29:09] Train Epoch: 5 [16800/20000 (84.0%)]	Loss: 0.019560160115361214
[2023-05-03 12:29:24] Train Epoch: 5 [17600/20000 (88.0%)]	Loss: 0.007282556500285864
[2023-05-03 12:29:39] Train Epoch: 5 [18400/20000 (92.0%)]	Loss: 0.001325354678556323
[2023-05-03 12:29:54] Train Epoch: 5 [19200/20000 (96.0%)]	Loss: 0.04934484884142876
[2023-05-03 12:30:51] ========== Metrics ==========
[2023-05-03 12:30:51] {
  "tr_loss": 0.03742189153983067,
  "tr_acc": 0.9904990499049905,
  "tr_f1": 0.9904971491447434,
  "val_loss": 0.6656444203647919,
  "val_acc": 0.8285663528157754,
  "val_f1": 0.8328425428719902,
  "test_loss": 0.6109821762495894,
  "test_acc": 0.8509485094850948,
  "test_f1": 0.8533333333333334
}
[2023-05-03 12:30:51] ========== Metrics ==========
[2023-05-03 12:30:53] Train Epoch: 6 [0/20000 (0.0%)]	Loss: 0.003638387192040682
[2023-05-03 12:31:09] Train Epoch: 6 [800/20000 (4.0%)]	Loss: 0.010199288837611675
[2023-05-03 12:31:25] Train Epoch: 6 [1600/20000 (8.0%)]	Loss: 0.003998024854809046
[2023-05-03 12:31:40] Train Epoch: 6 [2400/20000 (12.0%)]	Loss: 0.0023146166931837797
[2023-05-03 12:31:56] Train Epoch: 6 [3200/20000 (16.0%)]	Loss: 0.0029764098580926657
[2023-05-03 12:32:11] Train Epoch: 6 [4000/20000 (20.0%)]	Loss: 0.004247863311320543
[2023-05-03 12:32:27] Train Epoch: 6 [4800/20000 (24.0%)]	Loss: 0.0022048894315958023
[2023-05-03 12:32:42] Train Epoch: 6 [5600/20000 (28.0%)]	Loss: 0.0018132464028894901
[2023-05-03 12:32:57] Train Epoch: 6 [6400/20000 (32.0%)]	Loss: 0.0029039483051747084
[2023-05-03 12:33:13] Train Epoch: 6 [7200/20000 (36.0%)]	Loss: 0.0031615006737411022
[2023-05-03 12:33:28] Train Epoch: 6 [8000/20000 (40.0%)]	Loss: 0.0018505242187529802
[2023-05-03 12:33:43] Train Epoch: 6 [8800/20000 (44.0%)]	Loss: 0.0032524161506444216
[2023-05-03 12:33:59] Train Epoch: 6 [9600/20000 (48.0%)]	Loss: 0.004421348683536053
[2023-05-03 12:34:14] Train Epoch: 6 [10400/20000 (52.0%)]	Loss: 0.0027416255325078964
[2023-05-03 12:34:29] Train Epoch: 6 [11200/20000 (56.0%)]	Loss: 0.0014744752552360296
[2023-05-03 12:34:45] Train Epoch: 6 [12000/20000 (60.0%)]	Loss: 0.0011919497046619654
[2023-05-03 12:35:00] Train Epoch: 6 [12800/20000 (64.0%)]	Loss: 0.000990249332971871
[2023-05-03 12:35:15] Train Epoch: 6 [13600/20000 (68.0%)]	Loss: 0.001135661150328815
[2023-05-03 12:35:30] Train Epoch: 6 [14400/20000 (72.0%)]	Loss: 0.002827833639457822
[2023-05-03 12:35:45] Train Epoch: 6 [15200/20000 (76.0%)]	Loss: 0.0011943518184125423
[2023-05-03 12:36:00] Train Epoch: 6 [16000/20000 (80.0%)]	Loss: 0.001103802933357656
[2023-05-03 12:36:16] Train Epoch: 6 [16800/20000 (84.0%)]	Loss: 0.0015311796450987458
[2023-05-03 12:36:31] Train Epoch: 6 [17600/20000 (88.0%)]	Loss: 0.0007819551974534988
[2023-05-03 12:36:46] Train Epoch: 6 [18400/20000 (92.0%)]	Loss: 0.001463844906538725
[2023-05-03 12:37:02] Train Epoch: 6 [19200/20000 (96.0%)]	Loss: 0.0017568013863638043
[2023-05-03 12:38:00] ========== Metrics ==========
[2023-05-03 12:38:00] {
  "tr_loss": 0.013766114653838594,
  "tr_acc": 0.9976997699769977,
  "tr_f1": 0.9977004599080184,
  "val_loss": 0.8104865307744138,
  "val_acc": 0.8269674897850418,
  "val_f1": 0.8325309491059147,
  "test_loss": 0.7454210736846859,
  "test_acc": 0.8428184281842819,
  "test_f1": 0.8465608465608466
}
[2023-05-03 12:38:00] ========== Metrics ==========
[2023-05-03 12:38:02] Train Epoch: 7 [0/20000 (0.0%)]	Loss: 0.004986941814422607
[2023-05-03 12:38:18] Train Epoch: 7 [800/20000 (4.0%)]	Loss: 0.002308764960616827
[2023-05-03 12:38:33] Train Epoch: 7 [1600/20000 (8.0%)]	Loss: 0.00416779238730669
[2023-05-03 12:38:49] Train Epoch: 7 [2400/20000 (12.0%)]	Loss: 0.003143987152725458
[2023-05-03 12:39:04] Train Epoch: 7 [3200/20000 (16.0%)]	Loss: 0.0015675730537623167
[2023-05-03 12:39:20] Train Epoch: 7 [4000/20000 (20.0%)]	Loss: 0.0009712230530567467
[2023-05-03 12:39:35] Train Epoch: 7 [4800/20000 (24.0%)]	Loss: 0.0016905468655750155
[2023-05-03 12:39:50] Train Epoch: 7 [5600/20000 (28.0%)]	Loss: 0.0008792395819909871
[2023-05-03 12:40:05] Train Epoch: 7 [6400/20000 (32.0%)]	Loss: 0.0010911850258708
[2023-05-03 12:40:20] Train Epoch: 7 [7200/20000 (36.0%)]	Loss: 0.0016342391027137637
[2023-05-03 12:40:36] Train Epoch: 7 [8000/20000 (40.0%)]	Loss: 0.0011707459343597293
[2023-05-03 12:40:51] Train Epoch: 7 [8800/20000 (44.0%)]	Loss: 0.000929832283873111
[2023-05-03 12:41:06] Train Epoch: 7 [9600/20000 (48.0%)]	Loss: 0.0022113642189651728
[2023-05-03 12:41:21] Train Epoch: 7 [10400/20000 (52.0%)]	Loss: 0.001662263530306518
[2023-05-03 12:41:36] Train Epoch: 7 [11200/20000 (56.0%)]	Loss: 0.002507250988855958
[2023-05-03 12:41:51] Train Epoch: 7 [12000/20000 (60.0%)]	Loss: 0.0009992439299821854
[2023-05-03 12:42:07] Train Epoch: 7 [12800/20000 (64.0%)]	Loss: 0.0022229987662285566
[2023-05-03 12:42:22] Train Epoch: 7 [13600/20000 (68.0%)]	Loss: 0.0017422346863895655
[2023-05-03 12:42:37] Train Epoch: 7 [14400/20000 (72.0%)]	Loss: 0.0009810380870476365
[2023-05-03 12:42:52] Train Epoch: 7 [15200/20000 (76.0%)]	Loss: 0.0007795051787979901
[2023-05-03 12:43:07] Train Epoch: 7 [16000/20000 (80.0%)]	Loss: 0.001447206479497254
[2023-05-03 12:43:23] Train Epoch: 7 [16800/20000 (84.0%)]	Loss: 0.0009492746321484447
[2023-05-03 12:43:38] Train Epoch: 7 [17600/20000 (88.0%)]	Loss: 0.003304330864921212
[2023-05-03 12:43:53] Train Epoch: 7 [18400/20000 (92.0%)]	Loss: 0.0011930656619369984
[2023-05-03 12:44:09] Train Epoch: 7 [19200/20000 (96.0%)]	Loss: 0.000936573080252856
[2023-05-03 12:45:07] ========== Metrics ==========
[2023-05-03 12:45:07] {
  "tr_loss": 0.011562737061165505,
  "tr_acc": 0.9981498149814981,
  "tr_f1": 0.9981506472734544,
  "val_loss": 0.8088688843255357,
  "val_acc": 0.8278557470243383,
  "val_f1": 0.8311552535284893,
  "test_loss": 0.7725237937679459,
  "test_acc": 0.8455284552845529,
  "test_f1": 0.848
}
[2023-05-03 12:45:07] ========== Metrics ==========
[2023-05-03 12:45:09] Train Epoch: 8 [0/20000 (0.0%)]	Loss: 0.0012540618190541863
[2023-05-03 12:45:25] Train Epoch: 8 [800/20000 (4.0%)]	Loss: 0.0010644916910678148
[2023-05-03 12:45:41] Train Epoch: 8 [1600/20000 (8.0%)]	Loss: 0.001424533547833562
[2023-05-03 12:45:57] Train Epoch: 8 [2400/20000 (12.0%)]	Loss: 0.0013394895941019058
[2023-05-03 12:46:12] Train Epoch: 8 [3200/20000 (16.0%)]	Loss: 0.0011192515958100557
[2023-05-03 12:46:27] Train Epoch: 8 [4000/20000 (20.0%)]	Loss: 0.0016472763381898403
[2023-05-03 12:46:43] Train Epoch: 8 [4800/20000 (24.0%)]	Loss: 0.0012835020897909999
[2023-05-03 12:46:58] Train Epoch: 8 [5600/20000 (28.0%)]	Loss: 0.0011868004221469164
[2023-05-03 12:47:14] Train Epoch: 8 [6400/20000 (32.0%)]	Loss: 0.001219486934132874
[2023-05-03 12:47:29] Train Epoch: 8 [7200/20000 (36.0%)]	Loss: 0.0020616899710148573
[2023-05-03 12:47:45] Train Epoch: 8 [8000/20000 (40.0%)]	Loss: 0.001036185771226883
[2023-05-03 12:48:00] Train Epoch: 8 [8800/20000 (44.0%)]	Loss: 0.0008419212535955012
[2023-05-03 12:48:16] Train Epoch: 8 [9600/20000 (48.0%)]	Loss: 0.0009302132530137897
[2023-05-03 12:48:32] Train Epoch: 8 [10400/20000 (52.0%)]	Loss: 0.0007711400394327939
[2023-05-03 12:48:47] Train Epoch: 8 [11200/20000 (56.0%)]	Loss: 0.0007519824430346489
[2023-05-03 12:49:02] Train Epoch: 8 [12000/20000 (60.0%)]	Loss: 0.002413861220702529
[2023-05-03 12:49:17] Train Epoch: 8 [12800/20000 (64.0%)]	Loss: 0.000839629617985338
[2023-05-03 12:49:33] Train Epoch: 8 [13600/20000 (68.0%)]	Loss: 0.0008424282423220575
[2023-05-03 12:49:48] Train Epoch: 8 [14400/20000 (72.0%)]	Loss: 0.0006877342239022255
[2023-05-03 12:50:03] Train Epoch: 8 [15200/20000 (76.0%)]	Loss: 0.0007006939849816263
[2023-05-03 12:50:19] Train Epoch: 8 [16000/20000 (80.0%)]	Loss: 0.0029233144596219063
[2023-05-03 12:50:34] Train Epoch: 8 [16800/20000 (84.0%)]	Loss: 0.0011554445372894406
[2023-05-03 12:50:50] Train Epoch: 8 [17600/20000 (88.0%)]	Loss: 0.0008422694518230855
[2023-05-03 12:51:05] Train Epoch: 8 [18400/20000 (92.0%)]	Loss: 0.0006962152547203004
[2023-05-03 12:51:20] Train Epoch: 8 [19200/20000 (96.0%)]	Loss: 0.0018378518288955092
[2023-05-03 12:52:13] Stop At epoch 8/20 due to valid not increase
[2023-05-03 12:52:18] ========== Metrics ==========
[2023-05-03 12:52:18] {
  "tr_loss": 0.010043655370440063,
  "tr_acc": 0.9983998399839984,
  "tr_f1": 0.9984004798560432,
  "val_loss": 0.8659064770704488,
  "val_acc": 0.8244803695150116,
  "val_f1": 0.8300653594771241,
  "test_loss": 0.8272315222886075,
  "test_acc": 0.8428184281842819,
  "test_f1": 0.8457446808510638
}
[2023-05-03 12:52:18] ========== Metrics ==========
