[2023-05-03 18:27:09] Train Epoch: 1 [0/20000 (0.0%)]	Loss: 0.6995857954025269
[2023-05-03 18:27:19] Train Epoch: 1 [800/20000 (4.0%)]	Loss: 0.6493777632713318
[2023-05-03 18:27:30] Train Epoch: 1 [1600/20000 (8.0%)]	Loss: 0.5592814087867737
[2023-05-03 18:27:40] Train Epoch: 1 [2400/20000 (12.0%)]	Loss: 0.5428966879844666
[2023-05-03 18:27:51] Train Epoch: 1 [3200/20000 (16.0%)]	Loss: 0.5186043381690979
[2023-05-03 18:28:01] Train Epoch: 1 [4000/20000 (20.0%)]	Loss: 0.4396630823612213
[2023-05-03 18:28:12] Train Epoch: 1 [4800/20000 (24.0%)]	Loss: 0.3465009927749634
[2023-05-03 18:28:22] Train Epoch: 1 [5600/20000 (28.0%)]	Loss: 0.6512665152549744
[2023-05-03 18:28:33] Train Epoch: 1 [6400/20000 (32.0%)]	Loss: 0.18301206827163696
[2023-05-03 18:28:43] Train Epoch: 1 [7200/20000 (36.0%)]	Loss: 0.4036657512187958
[2023-05-03 18:28:54] Train Epoch: 1 [8000/20000 (40.0%)]	Loss: 0.5933679342269897
[2023-05-03 18:29:04] Train Epoch: 1 [8800/20000 (44.0%)]	Loss: 0.3092343211174011
[2023-05-03 18:29:15] Train Epoch: 1 [9600/20000 (48.0%)]	Loss: 0.44873565435409546
[2023-05-03 18:29:25] Train Epoch: 1 [10400/20000 (52.0%)]	Loss: 0.3834274411201477
[2023-05-03 18:29:36] Train Epoch: 1 [11200/20000 (56.0%)]	Loss: 0.4224797487258911
[2023-05-03 18:29:46] Train Epoch: 1 [12000/20000 (60.0%)]	Loss: 0.6266660094261169
[2023-05-03 18:29:57] Train Epoch: 1 [12800/20000 (64.0%)]	Loss: 0.5923776030540466
[2023-05-03 18:30:07] Train Epoch: 1 [13600/20000 (68.0%)]	Loss: 0.4234767258167267
[2023-05-03 18:30:18] Train Epoch: 1 [14400/20000 (72.0%)]	Loss: 0.5922768712043762
[2023-05-03 18:30:29] Train Epoch: 1 [15200/20000 (76.0%)]	Loss: 0.2543894648551941
[2023-05-03 18:30:39] Train Epoch: 1 [16000/20000 (80.0%)]	Loss: 0.3912162482738495
[2023-05-03 18:30:50] Train Epoch: 1 [16800/20000 (84.0%)]	Loss: 0.30603280663490295
[2023-05-03 18:31:01] Train Epoch: 1 [17600/20000 (88.0%)]	Loss: 0.21553778648376465
[2023-05-03 18:31:12] Train Epoch: 1 [18400/20000 (92.0%)]	Loss: 0.4143073558807373
[2023-05-03 18:31:23] Train Epoch: 1 [19200/20000 (96.0%)]	Loss: 0.3568894565105438
[2023-05-03 18:32:05] ========== Metrics ==========
[2023-05-03 18:32:05] {
  "tr_loss": 0.46066248845798946,
  "tr_acc": 0.7851285128512852,
  "tr_f1": 0.7836899068713817,
  "val_loss": 0.3703156788240298,
  "val_acc": 0.8413572570616451,
  "val_f1": 0.8407347957909757,
  "test_loss": 0.35398034012414575,
  "test_acc": 0.8265582655826558,
  "test_f1": 0.8171428571428572
}
[2023-05-03 18:32:05] ========== Metrics ==========
[2023-05-03 18:32:07] Train Epoch: 2 [0/20000 (0.0%)]	Loss: 0.3447343409061432
[2023-05-03 18:32:18] Train Epoch: 2 [800/20000 (4.0%)]	Loss: 0.19111360609531403
[2023-05-03 18:32:29] Train Epoch: 2 [1600/20000 (8.0%)]	Loss: 0.19386976957321167
[2023-05-03 18:32:39] Train Epoch: 2 [2400/20000 (12.0%)]	Loss: 0.1425773799419403
[2023-05-03 18:32:50] Train Epoch: 2 [3200/20000 (16.0%)]	Loss: 0.3112961947917938
[2023-05-03 18:33:01] Train Epoch: 2 [4000/20000 (20.0%)]	Loss: 0.297169953584671
[2023-05-03 18:33:12] Train Epoch: 2 [4800/20000 (24.0%)]	Loss: 0.06325417757034302
[2023-05-03 18:33:22] Train Epoch: 2 [5600/20000 (28.0%)]	Loss: 0.1426181197166443
[2023-05-03 18:33:33] Train Epoch: 2 [6400/20000 (32.0%)]	Loss: 0.3651076555252075
[2023-05-03 18:33:43] Train Epoch: 2 [7200/20000 (36.0%)]	Loss: 0.15043318271636963
[2023-05-03 18:33:54] Train Epoch: 2 [8000/20000 (40.0%)]	Loss: 0.31276676058769226
[2023-05-03 18:34:04] Train Epoch: 2 [8800/20000 (44.0%)]	Loss: 0.26035159826278687
[2023-05-03 18:34:15] Train Epoch: 2 [9600/20000 (48.0%)]	Loss: 0.3636273145675659
[2023-05-03 18:34:26] Train Epoch: 2 [10400/20000 (52.0%)]	Loss: 0.05307197570800781
[2023-05-03 18:34:36] Train Epoch: 2 [11200/20000 (56.0%)]	Loss: 0.1556507796049118
[2023-05-03 18:34:47] Train Epoch: 2 [12000/20000 (60.0%)]	Loss: 0.3898586630821228
[2023-05-03 18:34:57] Train Epoch: 2 [12800/20000 (64.0%)]	Loss: 0.1990462690591812
[2023-05-03 18:35:08] Train Epoch: 2 [13600/20000 (68.0%)]	Loss: 0.32918989658355713
[2023-05-03 18:35:18] Train Epoch: 2 [14400/20000 (72.0%)]	Loss: 0.2711654007434845
[2023-05-03 18:35:29] Train Epoch: 2 [15200/20000 (76.0%)]	Loss: 0.2644762098789215
[2023-05-03 18:35:39] Train Epoch: 2 [16000/20000 (80.0%)]	Loss: 0.20634928345680237
[2023-05-03 18:35:50] Train Epoch: 2 [16800/20000 (84.0%)]	Loss: 0.26003608107566833
[2023-05-03 18:36:00] Train Epoch: 2 [17600/20000 (88.0%)]	Loss: 0.48855459690093994
[2023-05-03 18:36:10] Train Epoch: 2 [18400/20000 (92.0%)]	Loss: 0.3644072413444519
[2023-05-03 18:36:21] Train Epoch: 2 [19200/20000 (96.0%)]	Loss: 0.12028805166482925
[2023-05-03 18:37:04] ========== Metrics ==========
[2023-05-03 18:37:04] {
  "tr_loss": 0.26659141894024196,
  "tr_acc": 0.8983898389838983,
  "tr_f1": 0.8982473710565848,
  "val_loss": 0.37828772477600453,
  "val_acc": 0.8447326345709718,
  "val_f1": 0.8382080710847833,
  "test_loss": 0.3638427218770593,
  "test_acc": 0.8319783197831978,
  "test_f1": 0.8187134502923976
}
[2023-05-03 18:37:04] ========== Metrics ==========
[2023-05-03 18:37:05] Train Epoch: 3 [0/20000 (0.0%)]	Loss: 0.16175724565982819
[2023-05-03 18:37:16] Train Epoch: 3 [800/20000 (4.0%)]	Loss: 0.16068999469280243
[2023-05-03 18:37:26] Train Epoch: 3 [1600/20000 (8.0%)]	Loss: 0.07351332902908325
[2023-05-03 18:37:37] Train Epoch: 3 [2400/20000 (12.0%)]	Loss: 0.017558833584189415
[2023-05-03 18:37:48] Train Epoch: 3 [3200/20000 (16.0%)]	Loss: 0.1606697142124176
[2023-05-03 18:37:58] Train Epoch: 3 [4000/20000 (20.0%)]	Loss: 0.26795047521591187
[2023-05-03 18:38:09] Train Epoch: 3 [4800/20000 (24.0%)]	Loss: 0.14016322791576385
[2023-05-03 18:38:20] Train Epoch: 3 [5600/20000 (28.0%)]	Loss: 0.05446583405137062
[2023-05-03 18:38:30] Train Epoch: 3 [6400/20000 (32.0%)]	Loss: 0.09735805541276932
[2023-05-03 18:38:41] Train Epoch: 3 [7200/20000 (36.0%)]	Loss: 0.10567126423120499
[2023-05-03 18:38:52] Train Epoch: 3 [8000/20000 (40.0%)]	Loss: 0.03982051461935043
[2023-05-03 18:39:03] Train Epoch: 3 [8800/20000 (44.0%)]	Loss: 0.36537957191467285
[2023-05-03 18:39:13] Train Epoch: 3 [9600/20000 (48.0%)]	Loss: 0.16295409202575684
[2023-05-03 18:39:23] Train Epoch: 3 [10400/20000 (52.0%)]	Loss: 0.3889807462692261
[2023-05-03 18:39:34] Train Epoch: 3 [11200/20000 (56.0%)]	Loss: 0.18815402686595917
[2023-05-03 18:39:44] Train Epoch: 3 [12000/20000 (60.0%)]	Loss: 0.03064325824379921
[2023-05-03 18:39:54] Train Epoch: 3 [12800/20000 (64.0%)]	Loss: 0.07440032809972763
[2023-05-03 18:40:05] Train Epoch: 3 [13600/20000 (68.0%)]	Loss: 0.19670875370502472
[2023-05-03 18:40:15] Train Epoch: 3 [14400/20000 (72.0%)]	Loss: 0.026569880545139313
[2023-05-03 18:40:25] Train Epoch: 3 [15200/20000 (76.0%)]	Loss: 0.010920040309429169
[2023-05-03 18:40:36] Train Epoch: 3 [16000/20000 (80.0%)]	Loss: 0.02883228287100792
[2023-05-03 18:40:46] Train Epoch: 3 [16800/20000 (84.0%)]	Loss: 0.05084462836384773
[2023-05-03 18:40:57] Train Epoch: 3 [17600/20000 (88.0%)]	Loss: 0.3575020730495453
[2023-05-03 18:41:07] Train Epoch: 3 [18400/20000 (92.0%)]	Loss: 0.1739119589328766
[2023-05-03 18:41:18] Train Epoch: 3 [19200/20000 (96.0%)]	Loss: 0.3283277451992035
[2023-05-03 18:42:01] ========== Metrics ==========
[2023-05-03 18:42:01] {
  "tr_loss": 0.14607409240886776,
  "tr_acc": 0.9498449844984499,
  "tr_f1": 0.9498224023212768,
  "val_loss": 0.41278589409268923,
  "val_acc": 0.8433114229880974,
  "val_f1": 0.8471403812824957,
  "test_loss": 0.36454152955918456,
  "test_acc": 0.8590785907859079,
  "test_f1": 0.857142857142857
}
[2023-05-03 18:42:01] ========== Metrics ==========
[2023-05-03 18:42:02] Train Epoch: 4 [0/20000 (0.0%)]	Loss: 0.013677929528057575
[2023-05-03 18:42:13] Train Epoch: 4 [800/20000 (4.0%)]	Loss: 0.020991744473576546
[2023-05-03 18:42:23] Train Epoch: 4 [1600/20000 (8.0%)]	Loss: 0.003461201675236225
[2023-05-03 18:42:33] Train Epoch: 4 [2400/20000 (12.0%)]	Loss: 0.006229864899069071
[2023-05-03 18:42:44] Train Epoch: 4 [3200/20000 (16.0%)]	Loss: 0.06280367076396942
[2023-05-03 18:42:54] Train Epoch: 4 [4000/20000 (20.0%)]	Loss: 0.008196895010769367
[2023-05-03 18:43:05] Train Epoch: 4 [4800/20000 (24.0%)]	Loss: 0.22954577207565308
[2023-05-03 18:43:16] Train Epoch: 4 [5600/20000 (28.0%)]	Loss: 0.017091957852244377
[2023-05-03 18:43:26] Train Epoch: 4 [6400/20000 (32.0%)]	Loss: 0.3276190161705017
[2023-05-03 18:43:37] Train Epoch: 4 [7200/20000 (36.0%)]	Loss: 0.0544607937335968
[2023-05-03 18:43:47] Train Epoch: 4 [8000/20000 (40.0%)]	Loss: 0.00783255510032177
[2023-05-03 18:43:58] Train Epoch: 4 [8800/20000 (44.0%)]	Loss: 0.0012670436408370733
[2023-05-03 18:44:08] Train Epoch: 4 [9600/20000 (48.0%)]	Loss: 0.022435206919908524
[2023-05-03 18:44:19] Train Epoch: 4 [10400/20000 (52.0%)]	Loss: 0.02644762396812439
[2023-05-03 18:44:30] Train Epoch: 4 [11200/20000 (56.0%)]	Loss: 0.00391228636726737
[2023-05-03 18:44:40] Train Epoch: 4 [12000/20000 (60.0%)]	Loss: 0.013269149698317051
[2023-05-03 18:44:51] Train Epoch: 4 [12800/20000 (64.0%)]	Loss: 0.03486175835132599
[2023-05-03 18:45:01] Train Epoch: 4 [13600/20000 (68.0%)]	Loss: 0.019439203664660454
[2023-05-03 18:45:12] Train Epoch: 4 [14400/20000 (72.0%)]	Loss: 0.12205870449542999
[2023-05-03 18:45:22] Train Epoch: 4 [15200/20000 (76.0%)]	Loss: 0.037245653569698334
[2023-05-03 18:45:33] Train Epoch: 4 [16000/20000 (80.0%)]	Loss: 0.025993140414357185
[2023-05-03 18:45:44] Train Epoch: 4 [16800/20000 (84.0%)]	Loss: 0.05594395101070404
[2023-05-03 18:45:54] Train Epoch: 4 [17600/20000 (88.0%)]	Loss: 0.02097434736788273
[2023-05-03 18:46:05] Train Epoch: 4 [18400/20000 (92.0%)]	Loss: 0.47170889377593994
[2023-05-03 18:46:16] Train Epoch: 4 [19200/20000 (96.0%)]	Loss: 0.1296709030866623
[2023-05-03 18:46:58] ========== Metrics ==========
[2023-05-03 18:46:58] {
  "tr_loss": 0.06696032381041198,
  "tr_acc": 0.9796979697969797,
  "tr_f1": 0.9797,
  "val_loss": 0.6308279097249653,
  "val_acc": 0.8244803695150116,
  "val_f1": 0.8294787711425612,
  "test_loss": 0.607159049823113,
  "test_acc": 0.8238482384823849,
  "test_f1": 0.8275862068965517
}
[2023-05-03 18:46:58] ========== Metrics ==========
[2023-05-03 18:46:59] Train Epoch: 5 [0/20000 (0.0%)]	Loss: 0.0022557275369763374
[2023-05-03 18:47:10] Train Epoch: 5 [800/20000 (4.0%)]	Loss: 0.012390201911330223
[2023-05-03 18:47:21] Train Epoch: 5 [1600/20000 (8.0%)]	Loss: 0.029081551358103752
[2023-05-03 18:47:31] Train Epoch: 5 [2400/20000 (12.0%)]	Loss: 0.0010879504261538386
[2023-05-03 18:47:42] Train Epoch: 5 [3200/20000 (16.0%)]	Loss: 0.001988661242648959
[2023-05-03 18:47:52] Train Epoch: 5 [4000/20000 (20.0%)]	Loss: 0.002103532897308469
[2023-05-03 18:48:03] Train Epoch: 5 [4800/20000 (24.0%)]	Loss: 0.0017174954991787672
[2023-05-03 18:48:13] Train Epoch: 5 [5600/20000 (28.0%)]	Loss: 0.022787095978856087
[2023-05-03 18:48:24] Train Epoch: 5 [6400/20000 (32.0%)]	Loss: 0.10820915549993515
[2023-05-03 18:48:34] Train Epoch: 5 [7200/20000 (36.0%)]	Loss: 0.0057216063141822815
[2023-05-03 18:48:44] Train Epoch: 5 [8000/20000 (40.0%)]	Loss: 0.0039550019428133965
[2023-05-03 18:48:55] Train Epoch: 5 [8800/20000 (44.0%)]	Loss: 0.017627190798521042
[2023-05-03 18:49:05] Train Epoch: 5 [9600/20000 (48.0%)]	Loss: 0.0053033423610031605
[2023-05-03 18:49:16] Train Epoch: 5 [10400/20000 (52.0%)]	Loss: 0.004250522702932358
[2023-05-03 18:49:26] Train Epoch: 5 [11200/20000 (56.0%)]	Loss: 0.0012105244677513838
[2023-05-03 18:49:37] Train Epoch: 5 [12000/20000 (60.0%)]	Loss: 0.0011675000423565507
[2023-05-03 18:49:47] Train Epoch: 5 [12800/20000 (64.0%)]	Loss: 0.02481173723936081
[2023-05-03 18:49:58] Train Epoch: 5 [13600/20000 (68.0%)]	Loss: 0.0015616478631272912
[2023-05-03 18:50:08] Train Epoch: 5 [14400/20000 (72.0%)]	Loss: 0.043057505041360855
[2023-05-03 18:50:19] Train Epoch: 5 [15200/20000 (76.0%)]	Loss: 0.0009378220420330763
[2023-05-03 18:50:29] Train Epoch: 5 [16000/20000 (80.0%)]	Loss: 0.10629855841398239
[2023-05-03 18:50:40] Train Epoch: 5 [16800/20000 (84.0%)]	Loss: 0.0040845684707164764
[2023-05-03 18:50:51] Train Epoch: 5 [17600/20000 (88.0%)]	Loss: 0.010285384953022003
[2023-05-03 18:51:01] Train Epoch: 5 [18400/20000 (92.0%)]	Loss: 0.0071960147470235825
[2023-05-03 18:51:12] Train Epoch: 5 [19200/20000 (96.0%)]	Loss: 0.006494593806564808
[2023-05-03 18:51:55] ========== Metrics ==========
[2023-05-03 18:51:55] {
  "tr_loss": 0.032555868198424695,
  "tr_acc": 0.9912991299129913,
  "tr_f1": 0.9912982596519303,
  "val_loss": 0.8534511180480734,
  "val_acc": 0.8195061289749511,
  "val_f1": 0.808662900188324,
  "test_loss": 1.055605865752471,
  "test_acc": 0.8130081300813008,
  "test_f1": 0.7952522255192879
}
[2023-05-03 18:51:55] ========== Metrics ==========
[2023-05-03 18:51:56] Train Epoch: 6 [0/20000 (0.0%)]	Loss: 0.0029936935752630234
[2023-05-03 18:52:07] Train Epoch: 6 [800/20000 (4.0%)]	Loss: 0.001668955897912383
[2023-05-03 18:52:17] Train Epoch: 6 [1600/20000 (8.0%)]	Loss: 0.001974275568500161
[2023-05-03 18:52:28] Train Epoch: 6 [2400/20000 (12.0%)]	Loss: 0.0017605278408154845
[2023-05-03 18:52:38] Train Epoch: 6 [3200/20000 (16.0%)]	Loss: 0.0008393996977247298
[2023-05-03 18:52:49] Train Epoch: 6 [4000/20000 (20.0%)]	Loss: 0.0010446670930832624
[2023-05-03 18:52:59] Train Epoch: 6 [4800/20000 (24.0%)]	Loss: 0.0014385874383151531
[2023-05-03 18:53:10] Train Epoch: 6 [5600/20000 (28.0%)]	Loss: 0.0008536895038560033
[2023-05-03 18:53:20] Train Epoch: 6 [6400/20000 (32.0%)]	Loss: 0.0009417902329005301
[2023-05-03 18:53:31] Train Epoch: 6 [7200/20000 (36.0%)]	Loss: 0.001569440122693777
[2023-05-03 18:53:41] Train Epoch: 6 [8000/20000 (40.0%)]	Loss: 0.0010805404745042324
[2023-05-03 18:53:51] Train Epoch: 6 [8800/20000 (44.0%)]	Loss: 0.0010564400581642985
[2023-05-03 18:54:02] Train Epoch: 6 [9600/20000 (48.0%)]	Loss: 0.0009007990593090653
[2023-05-03 18:54:12] Train Epoch: 6 [10400/20000 (52.0%)]	Loss: 0.01313417311757803
[2023-05-03 18:54:23] Train Epoch: 6 [11200/20000 (56.0%)]	Loss: 0.016474682837724686
[2023-05-03 18:54:33] Train Epoch: 6 [12000/20000 (60.0%)]	Loss: 0.0008104094304144382
[2023-05-03 18:54:44] Train Epoch: 6 [12800/20000 (64.0%)]	Loss: 0.0010004560463130474
[2023-05-03 18:54:54] Train Epoch: 6 [13600/20000 (68.0%)]	Loss: 0.0006874605314806104
[2023-05-03 18:55:05] Train Epoch: 6 [14400/20000 (72.0%)]	Loss: 0.0009444624884054065
[2023-05-03 18:55:15] Train Epoch: 6 [15200/20000 (76.0%)]	Loss: 0.0008488480816595256
[2023-05-03 18:55:26] Train Epoch: 6 [16000/20000 (80.0%)]	Loss: 0.0011270904215052724
[2023-05-03 18:55:36] Train Epoch: 6 [16800/20000 (84.0%)]	Loss: 0.0009585196385160089
[2023-05-03 18:55:47] Train Epoch: 6 [17600/20000 (88.0%)]	Loss: 0.0006542562041431665
[2023-05-03 18:55:57] Train Epoch: 6 [18400/20000 (92.0%)]	Loss: 0.0006802569841966033
[2023-05-03 18:56:08] Train Epoch: 6 [19200/20000 (96.0%)]	Loss: 0.0008965690503828228
[2023-05-03 18:56:51] ========== Metrics ==========
[2023-05-03 18:56:51] {
  "tr_loss": 0.010852931400142362,
  "tr_acc": 0.997999799979998,
  "tr_f1": 0.9979989994997498,
  "val_loss": 0.8514634460383862,
  "val_acc": 0.8278557470243383,
  "val_f1": 0.8300894266175697,
  "test_loss": 0.8111052679321994,
  "test_acc": 0.8346883468834688,
  "test_f1": 0.8319559228650136
}
[2023-05-03 18:56:51] ========== Metrics ==========
[2023-05-03 18:56:52] Train Epoch: 7 [0/20000 (0.0%)]	Loss: 0.0012807449093088508
[2023-05-03 18:57:03] Train Epoch: 7 [800/20000 (4.0%)]	Loss: 0.000710164662450552
[2023-05-03 18:57:13] Train Epoch: 7 [1600/20000 (8.0%)]	Loss: 0.0010527994018048048
[2023-05-03 18:57:24] Train Epoch: 7 [2400/20000 (12.0%)]	Loss: 0.0010845692595466971
[2023-05-03 18:57:35] Train Epoch: 7 [3200/20000 (16.0%)]	Loss: 0.0009392692591063678
[2023-05-03 18:57:45] Train Epoch: 7 [4000/20000 (20.0%)]	Loss: 0.0012830574996769428
[2023-05-03 18:57:56] Train Epoch: 7 [4800/20000 (24.0%)]	Loss: 0.0010192551417276263
[2023-05-03 18:58:06] Train Epoch: 7 [5600/20000 (28.0%)]	Loss: 0.0010478326585143805
[2023-05-03 18:58:17] Train Epoch: 7 [6400/20000 (32.0%)]	Loss: 0.0013713500229641795
[2023-05-03 18:58:27] Train Epoch: 7 [7200/20000 (36.0%)]	Loss: 0.002181572839617729
[2023-05-03 18:58:37] Train Epoch: 7 [8000/20000 (40.0%)]	Loss: 0.0009961171308532357
[2023-05-03 18:58:48] Train Epoch: 7 [8800/20000 (44.0%)]	Loss: 0.0005275646108202636
[2023-05-03 18:58:58] Train Epoch: 7 [9600/20000 (48.0%)]	Loss: 0.0004645740264095366
[2023-05-03 18:59:08] Train Epoch: 7 [10400/20000 (52.0%)]	Loss: 0.0004270619829185307
[2023-05-03 18:59:19] Train Epoch: 7 [11200/20000 (56.0%)]	Loss: 0.0009218283812515438
[2023-05-03 18:59:29] Train Epoch: 7 [12000/20000 (60.0%)]	Loss: 0.0014325989177450538
[2023-05-03 18:59:40] Train Epoch: 7 [12800/20000 (64.0%)]	Loss: 0.0007166169234551489
[2023-05-03 18:59:50] Train Epoch: 7 [13600/20000 (68.0%)]	Loss: 0.0006230386206880212
[2023-05-03 19:00:01] Train Epoch: 7 [14400/20000 (72.0%)]	Loss: 0.0008721523336134851
[2023-05-03 19:00:11] Train Epoch: 7 [15200/20000 (76.0%)]	Loss: 0.0007965044351294637
[2023-05-03 19:00:22] Train Epoch: 7 [16000/20000 (80.0%)]	Loss: 0.0014238711446523666
[2023-05-03 19:00:32] Train Epoch: 7 [16800/20000 (84.0%)]	Loss: 0.0006867122137919068
[2023-05-03 19:00:43] Train Epoch: 7 [17600/20000 (88.0%)]	Loss: 0.007597713265568018
[2023-05-03 19:00:54] Train Epoch: 7 [18400/20000 (92.0%)]	Loss: 0.0012723036343231797
[2023-05-03 19:01:04] Train Epoch: 7 [19200/20000 (96.0%)]	Loss: 0.0015804999275133014
[2023-05-03 19:01:47] ========== Metrics ==========
[2023-05-03 19:01:47] {
  "tr_loss": 0.008686917433544996,
  "tr_acc": 0.9987498749874988,
  "tr_f1": 0.9987496874218555,
  "val_loss": 0.8836072482003885,
  "val_acc": 0.8264345354414638,
  "val_f1": 0.825317360986948,
  "test_loss": 0.8599307224921741,
  "test_acc": 0.8265582655826558,
  "test_f1": 0.8212290502793297
}
[2023-05-03 19:01:47] ========== Metrics ==========
[2023-05-03 19:01:48] Train Epoch: 8 [0/20000 (0.0%)]	Loss: 0.0005999667337164283
[2023-05-03 19:01:59] Train Epoch: 8 [800/20000 (4.0%)]	Loss: 0.0008912757621146739
[2023-05-03 19:02:10] Train Epoch: 8 [1600/20000 (8.0%)]	Loss: 0.0005005174898542464
[2023-05-03 19:02:21] Train Epoch: 8 [2400/20000 (12.0%)]	Loss: 0.0013897003373131156
[2023-05-03 19:02:31] Train Epoch: 8 [3200/20000 (16.0%)]	Loss: 0.0005831780727021396
[2023-05-03 19:02:42] Train Epoch: 8 [4000/20000 (20.0%)]	Loss: 0.0005987156182527542
[2023-05-03 19:02:52] Train Epoch: 8 [4800/20000 (24.0%)]	Loss: 0.0008233388653025031
[2023-05-03 19:03:03] Train Epoch: 8 [5600/20000 (28.0%)]	Loss: 0.0006817267858423293
[2023-05-03 19:03:13] Train Epoch: 8 [6400/20000 (32.0%)]	Loss: 0.46807098388671875
[2023-05-03 19:03:24] Train Epoch: 8 [7200/20000 (36.0%)]	Loss: 0.3902687430381775
[2023-05-03 19:03:34] Train Epoch: 8 [8000/20000 (40.0%)]	Loss: 0.000960242236033082
[2023-05-03 19:03:45] Train Epoch: 8 [8800/20000 (44.0%)]	Loss: 0.0010628602467477322
[2023-05-03 19:03:56] Train Epoch: 8 [9600/20000 (48.0%)]	Loss: 0.0010325503535568714
[2023-05-03 19:04:06] Train Epoch: 8 [10400/20000 (52.0%)]	Loss: 0.0006031246739439666
[2023-05-03 19:04:17] Train Epoch: 8 [11200/20000 (56.0%)]	Loss: 0.000451514933956787
[2023-05-03 19:04:27] Train Epoch: 8 [12000/20000 (60.0%)]	Loss: 0.0005645581986755133
[2023-05-03 19:04:38] Train Epoch: 8 [12800/20000 (64.0%)]	Loss: 0.00063587527256459
[2023-05-03 19:04:49] Train Epoch: 8 [13600/20000 (68.0%)]	Loss: 0.0006207625265233219
[2023-05-03 19:04:59] Train Epoch: 8 [14400/20000 (72.0%)]	Loss: 0.0009331432520411909
[2023-05-03 19:05:10] Train Epoch: 8 [15200/20000 (76.0%)]	Loss: 0.0011876679491251707
[2023-05-03 19:05:20] Train Epoch: 8 [16000/20000 (80.0%)]	Loss: 0.0007957022753544152
[2023-05-03 19:05:31] Train Epoch: 8 [16800/20000 (84.0%)]	Loss: 0.0006794136133976281
[2023-05-03 19:05:42] Train Epoch: 8 [17600/20000 (88.0%)]	Loss: 0.0015528927324339747
[2023-05-03 19:05:53] Train Epoch: 8 [18400/20000 (92.0%)]	Loss: 0.0008033199701458216
[2023-05-03 19:06:04] Train Epoch: 8 [19200/20000 (96.0%)]	Loss: 0.0009164871880784631
[2023-05-03 19:06:46] Stop At epoch 8/20 due to valid not increase
[2023-05-03 19:06:49] ========== Metrics ==========
[2023-05-03 19:06:49] {
  "tr_loss": 0.007840348765871922,
  "tr_acc": 0.9989498949894989,
  "tr_f1": 0.9989498424763715,
  "val_loss": 0.9093457369392264,
  "val_acc": 0.8246580209628709,
  "val_f1": 0.8275380045430719,
  "test_loss": 1.1301810816838973,
  "test_acc": 0.8373983739837398,
  "test_f1": 0.8360655737704918
}
[2023-05-03 19:06:49] ========== Metrics ==========
