[2023-05-03 06:49:25] Train Epoch: 1 [0/20000 (0.0%)]	Loss: 0.6960976123809814
[2023-05-03 06:49:48] Train Epoch: 1 [800/20000 (4.0%)]	Loss: 0.6579883694648743
[2023-05-03 06:50:09] Train Epoch: 1 [1600/20000 (8.0%)]	Loss: 0.6387571096420288
[2023-05-03 06:50:30] Train Epoch: 1 [2400/20000 (12.0%)]	Loss: 0.6519377827644348
[2023-05-03 06:50:52] Train Epoch: 1 [3200/20000 (16.0%)]	Loss: 0.6670968532562256
[2023-05-03 06:51:13] Train Epoch: 1 [4000/20000 (20.0%)]	Loss: 0.7702885270118713
[2023-05-03 06:51:35] Train Epoch: 1 [4800/20000 (24.0%)]	Loss: 0.5237099528312683
[2023-05-03 06:51:56] Train Epoch: 1 [5600/20000 (28.0%)]	Loss: 0.5057966113090515
[2023-05-03 06:52:17] Train Epoch: 1 [6400/20000 (32.0%)]	Loss: 0.38942980766296387
[2023-05-03 06:52:38] Train Epoch: 1 [7200/20000 (36.0%)]	Loss: 0.9282236695289612
[2023-05-03 06:52:59] Train Epoch: 1 [8000/20000 (40.0%)]	Loss: 0.2671796679496765
[2023-05-03 06:53:20] Train Epoch: 1 [8800/20000 (44.0%)]	Loss: 0.5184124708175659
[2023-05-03 06:53:42] Train Epoch: 1 [9600/20000 (48.0%)]	Loss: 0.3153572380542755
[2023-05-03 06:54:03] Train Epoch: 1 [10400/20000 (52.0%)]	Loss: 0.549900472164154
[2023-05-03 06:54:24] Train Epoch: 1 [11200/20000 (56.0%)]	Loss: 0.46018466353416443
[2023-05-03 06:54:45] Train Epoch: 1 [12000/20000 (60.0%)]	Loss: 0.41780611872673035
[2023-05-03 06:55:07] Train Epoch: 1 [12800/20000 (64.0%)]	Loss: 0.33558177947998047
[2023-05-03 06:55:28] Train Epoch: 1 [13600/20000 (68.0%)]	Loss: 0.4034857451915741
[2023-05-03 06:55:49] Train Epoch: 1 [14400/20000 (72.0%)]	Loss: 0.16589859127998352
[2023-05-03 06:56:10] Train Epoch: 1 [15200/20000 (76.0%)]	Loss: 0.3595929443836212
[2023-05-03 06:56:31] Train Epoch: 1 [16000/20000 (80.0%)]	Loss: 0.500313937664032
[2023-05-03 06:56:51] Train Epoch: 1 [16800/20000 (84.0%)]	Loss: 0.41389408707618713
[2023-05-03 06:57:12] Train Epoch: 1 [17600/20000 (88.0%)]	Loss: 0.4717590808868408
[2023-05-03 06:57:33] Train Epoch: 1 [18400/20000 (92.0%)]	Loss: 0.2196366786956787
[2023-05-03 06:57:55] Train Epoch: 1 [19200/20000 (96.0%)]	Loss: 0.34933751821517944
[2023-05-03 06:59:18] ========== Metrics ==========
[2023-05-03 06:59:18] {
  "tr_loss": 0.4761461071019555,
  "tr_acc": 0.7756775677567757,
  "tr_f1": 0.7773255236771568,
  "val_loss": 0.5078644828318618,
  "val_acc": 0.7408065375732812,
  "val_f1": 0.7886426191510937,
  "test_loss": 0.4437409422908049,
  "test_acc": 0.7777777777777778,
  "test_f1": 0.8177777777777777
}
[2023-05-03 06:59:18] ========== Metrics ==========
[2023-05-03 06:59:21] Train Epoch: 2 [0/20000 (0.0%)]	Loss: 0.4840463399887085
[2023-05-03 06:59:43] Train Epoch: 2 [800/20000 (4.0%)]	Loss: 0.2506200969219208
[2023-05-03 07:00:05] Train Epoch: 2 [1600/20000 (8.0%)]	Loss: 0.3178673982620239
[2023-05-03 07:00:27] Train Epoch: 2 [2400/20000 (12.0%)]	Loss: 0.23532837629318237
[2023-05-03 07:00:48] Train Epoch: 2 [3200/20000 (16.0%)]	Loss: 0.17213529348373413
[2023-05-03 07:01:10] Train Epoch: 2 [4000/20000 (20.0%)]	Loss: 0.177325040102005
[2023-05-03 07:01:31] Train Epoch: 2 [4800/20000 (24.0%)]	Loss: 0.17064301669597626
[2023-05-03 07:01:53] Train Epoch: 2 [5600/20000 (28.0%)]	Loss: 0.37286919355392456
[2023-05-03 07:02:14] Train Epoch: 2 [6400/20000 (32.0%)]	Loss: 0.3498604893684387
[2023-05-03 07:02:35] Train Epoch: 2 [7200/20000 (36.0%)]	Loss: 0.4464075565338135
[2023-05-03 07:02:57] Train Epoch: 2 [8000/20000 (40.0%)]	Loss: 0.29256299138069153
[2023-05-03 07:03:19] Train Epoch: 2 [8800/20000 (44.0%)]	Loss: 0.3338507413864136
[2023-05-03 07:03:39] Train Epoch: 2 [9600/20000 (48.0%)]	Loss: 0.7407205700874329
[2023-05-03 07:04:01] Train Epoch: 2 [10400/20000 (52.0%)]	Loss: 0.31263548135757446
[2023-05-03 07:04:22] Train Epoch: 2 [11200/20000 (56.0%)]	Loss: 0.20658481121063232
[2023-05-03 07:04:43] Train Epoch: 2 [12000/20000 (60.0%)]	Loss: 0.2036823034286499
[2023-05-03 07:05:04] Train Epoch: 2 [12800/20000 (64.0%)]	Loss: 0.38234221935272217
[2023-05-03 07:05:25] Train Epoch: 2 [13600/20000 (68.0%)]	Loss: 0.35004717111587524
[2023-05-03 07:05:46] Train Epoch: 2 [14400/20000 (72.0%)]	Loss: 0.3568625748157501
[2023-05-03 07:06:07] Train Epoch: 2 [15200/20000 (76.0%)]	Loss: 0.20091938972473145
[2023-05-03 07:06:28] Train Epoch: 2 [16000/20000 (80.0%)]	Loss: 0.14288540184497833
[2023-05-03 07:06:49] Train Epoch: 2 [16800/20000 (84.0%)]	Loss: 0.13335715234279633
[2023-05-03 07:07:11] Train Epoch: 2 [17600/20000 (88.0%)]	Loss: 0.7497231960296631
[2023-05-03 07:07:32] Train Epoch: 2 [18400/20000 (92.0%)]	Loss: 0.4534517228603363
[2023-05-03 07:07:53] Train Epoch: 2 [19200/20000 (96.0%)]	Loss: 0.15425238013267517
[2023-05-03 07:09:18] ========== Metrics ==========
[2023-05-03 07:09:18] {
  "tr_loss": 0.2916334840116149,
  "tr_acc": 0.8866386638663867,
  "tr_f1": 0.8865649236927695,
  "val_loss": 0.36605647420730697,
  "val_acc": 0.844910286018831,
  "val_f1": 0.84877879785207,
  "test_loss": 0.37800548522453,
  "test_acc": 0.8590785907859079,
  "test_f1": 0.857142857142857
}
[2023-05-03 07:09:18] ========== Metrics ==========
[2023-05-03 07:09:20] Train Epoch: 3 [0/20000 (0.0%)]	Loss: 0.13579532504081726
[2023-05-03 07:09:43] Train Epoch: 3 [800/20000 (4.0%)]	Loss: 0.08531507104635239
[2023-05-03 07:10:05] Train Epoch: 3 [1600/20000 (8.0%)]	Loss: 0.2530793249607086
[2023-05-03 07:10:27] Train Epoch: 3 [2400/20000 (12.0%)]	Loss: 0.15579073131084442
[2023-05-03 07:10:48] Train Epoch: 3 [3200/20000 (16.0%)]	Loss: 0.043121762573719025
[2023-05-03 07:11:10] Train Epoch: 3 [4000/20000 (20.0%)]	Loss: 0.10783908516168594
[2023-05-03 07:11:32] Train Epoch: 3 [4800/20000 (24.0%)]	Loss: 0.4724498391151428
[2023-05-03 07:11:53] Train Epoch: 3 [5600/20000 (28.0%)]	Loss: 0.05056605860590935
[2023-05-03 07:12:14] Train Epoch: 3 [6400/20000 (32.0%)]	Loss: 0.47230690717697144
[2023-05-03 07:12:36] Train Epoch: 3 [7200/20000 (36.0%)]	Loss: 0.30605295300483704
[2023-05-03 07:12:58] Train Epoch: 3 [8000/20000 (40.0%)]	Loss: 0.07627914100885391
[2023-05-03 07:13:20] Train Epoch: 3 [8800/20000 (44.0%)]	Loss: 0.08849219977855682
[2023-05-03 07:13:41] Train Epoch: 3 [9600/20000 (48.0%)]	Loss: 0.3620885908603668
[2023-05-03 07:14:03] Train Epoch: 3 [10400/20000 (52.0%)]	Loss: 0.15604844689369202
[2023-05-03 07:14:24] Train Epoch: 3 [11200/20000 (56.0%)]	Loss: 0.05194319039583206
[2023-05-03 07:14:45] Train Epoch: 3 [12000/20000 (60.0%)]	Loss: 0.12114247679710388
[2023-05-03 07:15:07] Train Epoch: 3 [12800/20000 (64.0%)]	Loss: 0.0404578261077404
[2023-05-03 07:15:27] Train Epoch: 3 [13600/20000 (68.0%)]	Loss: 0.15209448337554932
[2023-05-03 07:15:49] Train Epoch: 3 [14400/20000 (72.0%)]	Loss: 0.0293246041983366
[2023-05-03 07:16:10] Train Epoch: 3 [15200/20000 (76.0%)]	Loss: 0.15450263023376465
[2023-05-03 07:16:31] Train Epoch: 3 [16000/20000 (80.0%)]	Loss: 0.48101773858070374
[2023-05-03 07:16:52] Train Epoch: 3 [16800/20000 (84.0%)]	Loss: 0.22767290472984314
[2023-05-03 07:17:13] Train Epoch: 3 [17600/20000 (88.0%)]	Loss: 0.028779059648513794
[2023-05-03 07:17:35] Train Epoch: 3 [18400/20000 (92.0%)]	Loss: 0.020184190943837166
[2023-05-03 07:17:56] Train Epoch: 3 [19200/20000 (96.0%)]	Loss: 0.35555633902549744
[2023-05-03 07:19:24] ========== Metrics ==========
[2023-05-03 07:19:24] {
  "tr_loss": 0.17890755895457036,
  "tr_acc": 0.9371437143714372,
  "tr_f1": 0.93720337712944,
  "val_loss": 0.4589732378260622,
  "val_acc": 0.8376265766565998,
  "val_f1": 0.828517823639775,
  "test_loss": 0.5339274606730556,
  "test_acc": 0.8292682926829268,
  "test_f1": 0.8096676737160121
}
[2023-05-03 07:19:24] ========== Metrics ==========
[2023-05-03 07:19:26] Train Epoch: 4 [0/20000 (0.0%)]	Loss: 0.026215674355626106
[2023-05-03 07:19:49] Train Epoch: 4 [800/20000 (4.0%)]	Loss: 0.006867161486297846
[2023-05-03 07:20:11] Train Epoch: 4 [1600/20000 (8.0%)]	Loss: 0.13125143945217133
[2023-05-03 07:20:33] Train Epoch: 4 [2400/20000 (12.0%)]	Loss: 0.009780020453035831
[2023-05-03 07:20:54] Train Epoch: 4 [3200/20000 (16.0%)]	Loss: 0.03270009532570839
[2023-05-03 07:21:16] Train Epoch: 4 [4000/20000 (20.0%)]	Loss: 0.06220277026295662
[2023-05-03 07:21:38] Train Epoch: 4 [4800/20000 (24.0%)]	Loss: 0.007150266785174608
[2023-05-03 07:21:59] Train Epoch: 4 [5600/20000 (28.0%)]	Loss: 0.051952674984931946
[2023-05-03 07:22:21] Train Epoch: 4 [6400/20000 (32.0%)]	Loss: 0.15696166455745697
[2023-05-03 07:22:42] Train Epoch: 4 [7200/20000 (36.0%)]	Loss: 0.0639244019985199
[2023-05-03 07:23:04] Train Epoch: 4 [8000/20000 (40.0%)]	Loss: 0.43331292271614075
[2023-05-03 07:23:25] Train Epoch: 4 [8800/20000 (44.0%)]	Loss: 0.14046859741210938
[2023-05-03 07:23:47] Train Epoch: 4 [9600/20000 (48.0%)]	Loss: 0.025521405041217804
[2023-05-03 07:24:08] Train Epoch: 4 [10400/20000 (52.0%)]	Loss: 0.2874374985694885
[2023-05-03 07:24:29] Train Epoch: 4 [11200/20000 (56.0%)]	Loss: 0.5978269577026367
[2023-05-03 07:24:50] Train Epoch: 4 [12000/20000 (60.0%)]	Loss: 0.020697424188256264
[2023-05-03 07:25:12] Train Epoch: 4 [12800/20000 (64.0%)]	Loss: 0.00440618023276329
[2023-05-03 07:25:33] Train Epoch: 4 [13600/20000 (68.0%)]	Loss: 0.3213135898113251
[2023-05-03 07:25:55] Train Epoch: 4 [14400/20000 (72.0%)]	Loss: 0.04116162657737732
[2023-05-03 07:26:16] Train Epoch: 4 [15200/20000 (76.0%)]	Loss: 0.13955463469028473
[2023-05-03 07:26:36] Train Epoch: 4 [16000/20000 (80.0%)]	Loss: 0.011313340626657009
[2023-05-03 07:26:57] Train Epoch: 4 [16800/20000 (84.0%)]	Loss: 0.3154107332229614
[2023-05-03 07:27:18] Train Epoch: 4 [17600/20000 (88.0%)]	Loss: 0.10034928470849991
[2023-05-03 07:27:40] Train Epoch: 4 [18400/20000 (92.0%)]	Loss: 0.4003894627094269
[2023-05-03 07:28:00] Train Epoch: 4 [19200/20000 (96.0%)]	Loss: 0.3989143967628479
[2023-05-03 07:29:25] ========== Metrics ==========
[2023-05-03 07:29:25] {
  "tr_loss": 0.13711321623408176,
  "tr_acc": 0.9548454845484549,
  "tr_f1": 0.9547617854816892,
  "val_loss": 0.5020188961047689,
  "val_acc": 0.8376265766565998,
  "val_f1": 0.8377706780262693,
  "test_loss": 0.45210389284099023,
  "test_acc": 0.8672086720867209,
  "test_f1": 0.8650137741046832
}
[2023-05-03 07:29:25] ========== Metrics ==========
[2023-05-03 07:29:28] Train Epoch: 5 [0/20000 (0.0%)]	Loss: 0.011989439837634563
[2023-05-03 07:29:51] Train Epoch: 5 [800/20000 (4.0%)]	Loss: 0.02613089233636856
[2023-05-03 07:30:13] Train Epoch: 5 [1600/20000 (8.0%)]	Loss: 0.010197937488555908
[2023-05-03 07:30:35] Train Epoch: 5 [2400/20000 (12.0%)]	Loss: 0.34943270683288574
[2023-05-03 07:30:56] Train Epoch: 5 [3200/20000 (16.0%)]	Loss: 0.21262787282466888
[2023-05-03 07:31:18] Train Epoch: 5 [4000/20000 (20.0%)]	Loss: 0.014255576767027378
[2023-05-03 07:31:40] Train Epoch: 5 [4800/20000 (24.0%)]	Loss: 0.14993660151958466
[2023-05-03 07:32:01] Train Epoch: 5 [5600/20000 (28.0%)]	Loss: 0.006467598490417004
[2023-05-03 07:32:22] Train Epoch: 5 [6400/20000 (32.0%)]	Loss: 0.009904574602842331
[2023-05-03 07:32:43] Train Epoch: 5 [7200/20000 (36.0%)]	Loss: 0.049968983978033066
[2023-05-03 07:33:04] Train Epoch: 5 [8000/20000 (40.0%)]	Loss: 0.04011974483728409
[2023-05-03 07:33:26] Train Epoch: 5 [8800/20000 (44.0%)]	Loss: 0.012681744992733002
[2023-05-03 07:33:47] Train Epoch: 5 [9600/20000 (48.0%)]	Loss: 0.05477500334382057
[2023-05-03 07:34:08] Train Epoch: 5 [10400/20000 (52.0%)]	Loss: 0.3284156322479248
[2023-05-03 07:34:30] Train Epoch: 5 [11200/20000 (56.0%)]	Loss: 0.0031489715911448
[2023-05-03 07:34:51] Train Epoch: 5 [12000/20000 (60.0%)]	Loss: 0.03372740000486374
[2023-05-03 07:35:12] Train Epoch: 5 [12800/20000 (64.0%)]	Loss: 0.013407984748482704
[2023-05-03 07:35:33] Train Epoch: 5 [13600/20000 (68.0%)]	Loss: 0.016604891046881676
[2023-05-03 07:35:53] Train Epoch: 5 [14400/20000 (72.0%)]	Loss: 0.3701603412628174
[2023-05-03 07:36:15] Train Epoch: 5 [15200/20000 (76.0%)]	Loss: 0.38898682594299316
[2023-05-03 07:36:36] Train Epoch: 5 [16000/20000 (80.0%)]	Loss: 0.03195168823003769
[2023-05-03 07:36:57] Train Epoch: 5 [16800/20000 (84.0%)]	Loss: 0.027114717289805412
[2023-05-03 07:37:18] Train Epoch: 5 [17600/20000 (88.0%)]	Loss: 0.010843908414244652
[2023-05-03 07:37:39] Train Epoch: 5 [18400/20000 (92.0%)]	Loss: 0.37594276666641235
[2023-05-03 07:38:00] Train Epoch: 5 [19200/20000 (96.0%)]	Loss: 0.025106552988290787
[2023-05-03 07:39:23] ========== Metrics ==========
[2023-05-03 07:39:23] {
  "tr_loss": 0.07076504584508027,
  "tr_acc": 0.9804980498049805,
  "tr_f1": 0.9804726617264169,
  "val_loss": 0.6483683464944436,
  "val_acc": 0.8344288505951324,
  "val_f1": 0.8289908256880734,
  "test_loss": 0.5950630373223041,
  "test_acc": 0.8373983739837398,
  "test_f1": 0.8295454545454546
}
[2023-05-03 07:39:23] ========== Metrics ==========
[2023-05-03 07:39:25] Train Epoch: 6 [0/20000 (0.0%)]	Loss: 0.005423103459179401
[2023-05-03 07:39:48] Train Epoch: 6 [800/20000 (4.0%)]	Loss: 0.003936732653528452
[2023-05-03 07:40:10] Train Epoch: 6 [1600/20000 (8.0%)]	Loss: 0.0054907239973545074
[2023-05-03 07:40:31] Train Epoch: 6 [2400/20000 (12.0%)]	Loss: 0.004513076972216368
[2023-05-03 07:40:52] Train Epoch: 6 [3200/20000 (16.0%)]	Loss: 0.013016014359891415
[2023-05-03 07:41:14] Train Epoch: 6 [4000/20000 (20.0%)]	Loss: 0.008085416629910469
[2023-05-03 07:41:36] Train Epoch: 6 [4800/20000 (24.0%)]	Loss: 0.03874443843960762
[2023-05-03 07:41:57] Train Epoch: 6 [5600/20000 (28.0%)]	Loss: 0.003393304767087102
[2023-05-03 07:42:18] Train Epoch: 6 [6400/20000 (32.0%)]	Loss: 0.0034115815069526434
[2023-05-03 07:42:39] Train Epoch: 6 [7200/20000 (36.0%)]	Loss: 0.04394102096557617
[2023-05-03 07:43:01] Train Epoch: 6 [8000/20000 (40.0%)]	Loss: 0.3734835684299469
[2023-05-03 07:43:22] Train Epoch: 6 [8800/20000 (44.0%)]	Loss: 0.003856597701087594
[2023-05-03 07:43:43] Train Epoch: 6 [9600/20000 (48.0%)]	Loss: 0.010238139890134335
[2023-05-03 07:44:04] Train Epoch: 6 [10400/20000 (52.0%)]	Loss: 0.002514801686629653
[2023-05-03 07:44:25] Train Epoch: 6 [11200/20000 (56.0%)]	Loss: 0.11584153771400452
[2023-05-03 07:44:47] Train Epoch: 6 [12000/20000 (60.0%)]	Loss: 0.004190310835838318
[2023-05-03 07:45:08] Train Epoch: 6 [12800/20000 (64.0%)]	Loss: 0.008062534034252167
[2023-05-03 07:45:29] Train Epoch: 6 [13600/20000 (68.0%)]	Loss: 0.012473812326788902
[2023-05-03 07:45:50] Train Epoch: 6 [14400/20000 (72.0%)]	Loss: 0.004783551208674908
[2023-05-03 07:46:11] Train Epoch: 6 [15200/20000 (76.0%)]	Loss: 0.005335993133485317
[2023-05-03 07:46:32] Train Epoch: 6 [16000/20000 (80.0%)]	Loss: 0.008313233964145184
[2023-05-03 07:46:54] Train Epoch: 6 [16800/20000 (84.0%)]	Loss: 0.33130377531051636
[2023-05-03 07:47:14] Train Epoch: 6 [17600/20000 (88.0%)]	Loss: 0.004366339184343815
[2023-05-03 07:47:35] Train Epoch: 6 [18400/20000 (92.0%)]	Loss: 0.004636791534721851
[2023-05-03 07:47:56] Train Epoch: 6 [19200/20000 (96.0%)]	Loss: 0.702343761920929
[2023-05-03 07:49:19] ========== Metrics ==========
[2023-05-03 07:49:19] {
  "tr_loss": 0.03315039765978693,
  "tr_acc": 0.9929492949294929,
  "tr_f1": 0.9929447085313986,
  "val_loss": 0.6422935111852199,
  "val_acc": 0.8321193817729614,
  "val_f1": 0.836590005187619,
  "test_loss": 0.5397072190918574,
  "test_acc": 0.8536585365853658,
  "test_f1": 0.8532608695652173
}
[2023-05-03 07:49:19] ========== Metrics ==========
[2023-05-03 07:49:22] Train Epoch: 7 [0/20000 (0.0%)]	Loss: 0.3258718252182007
[2023-05-03 07:49:45] Train Epoch: 7 [800/20000 (4.0%)]	Loss: 0.007726984564214945
[2023-05-03 07:50:06] Train Epoch: 7 [1600/20000 (8.0%)]	Loss: 0.0036984719336032867
[2023-05-03 07:50:28] Train Epoch: 7 [2400/20000 (12.0%)]	Loss: 0.004225032404065132
[2023-05-03 07:50:50] Train Epoch: 7 [3200/20000 (16.0%)]	Loss: 0.29167744517326355
[2023-05-03 07:51:12] Train Epoch: 7 [4000/20000 (20.0%)]	Loss: 0.0033533985260874033
[2023-05-03 07:51:34] Train Epoch: 7 [4800/20000 (24.0%)]	Loss: 0.0059926630929112434
[2023-05-03 07:51:55] Train Epoch: 7 [5600/20000 (28.0%)]	Loss: 0.20549607276916504
[2023-05-03 07:52:17] Train Epoch: 7 [6400/20000 (32.0%)]	Loss: 0.0036705415695905685
[2023-05-03 07:52:38] Train Epoch: 7 [7200/20000 (36.0%)]	Loss: 0.3476402461528778
[2023-05-03 07:52:59] Train Epoch: 7 [8000/20000 (40.0%)]	Loss: 0.0034885737113654613
[2023-05-03 07:53:21] Train Epoch: 7 [8800/20000 (44.0%)]	Loss: 0.00189213827252388
[2023-05-03 07:53:42] Train Epoch: 7 [9600/20000 (48.0%)]	Loss: 0.0019100162899121642
[2023-05-03 07:54:03] Train Epoch: 7 [10400/20000 (52.0%)]	Loss: 0.0036562480963766575
[2023-05-03 07:54:24] Train Epoch: 7 [11200/20000 (56.0%)]	Loss: 0.003643843811005354
[2023-05-03 07:54:46] Train Epoch: 7 [12000/20000 (60.0%)]	Loss: 0.0028616408817470074
[2023-05-03 07:55:07] Train Epoch: 7 [12800/20000 (64.0%)]	Loss: 0.2973434329032898
[2023-05-03 07:55:28] Train Epoch: 7 [13600/20000 (68.0%)]	Loss: 0.3172159492969513
[2023-05-03 07:55:49] Train Epoch: 7 [14400/20000 (72.0%)]	Loss: 0.009303320199251175
[2023-05-03 07:56:10] Train Epoch: 7 [15200/20000 (76.0%)]	Loss: 0.0030050878413021564
[2023-05-03 07:56:32] Train Epoch: 7 [16000/20000 (80.0%)]	Loss: 0.004013531841337681
[2023-05-03 07:56:53] Train Epoch: 7 [16800/20000 (84.0%)]	Loss: 0.0047642383724451065
[2023-05-03 07:57:14] Train Epoch: 7 [17600/20000 (88.0%)]	Loss: 0.019133413210511208
[2023-05-03 07:57:35] Train Epoch: 7 [18400/20000 (92.0%)]	Loss: 0.002855106955394149
[2023-05-03 07:57:56] Train Epoch: 7 [19200/20000 (96.0%)]	Loss: 0.002633838215842843
[2023-05-03 07:59:21] ========== Metrics ==========
[2023-05-03 07:59:21] {
  "tr_loss": 0.027538945494644945,
  "tr_acc": 0.9946994699469947,
  "tr_f1": 0.9946952257031328,
  "val_loss": 0.7331215471914775,
  "val_acc": 0.8310534730858057,
  "val_f1": 0.8352105354357997,
  "test_loss": 0.6366569655202834,
  "test_acc": 0.8482384823848238,
  "test_f1": 0.8486486486486486
}
[2023-05-03 07:59:21] ========== Metrics ==========
[2023-05-03 07:59:24] Train Epoch: 8 [0/20000 (0.0%)]	Loss: 0.0024716060142964125
[2023-05-03 07:59:47] Train Epoch: 8 [800/20000 (4.0%)]	Loss: 0.002069514710456133
[2023-05-03 08:00:10] Train Epoch: 8 [1600/20000 (8.0%)]	Loss: 0.004695034585893154
[2023-05-03 08:00:32] Train Epoch: 8 [2400/20000 (12.0%)]	Loss: 0.001776751596480608
[2023-05-03 08:00:54] Train Epoch: 8 [3200/20000 (16.0%)]	Loss: 0.002770044608041644
[2023-05-03 08:01:15] Train Epoch: 8 [4000/20000 (20.0%)]	Loss: 0.005086471326649189
[2023-05-03 08:01:36] Train Epoch: 8 [4800/20000 (24.0%)]	Loss: 0.0025360279250890017
[2023-05-03 08:01:57] Train Epoch: 8 [5600/20000 (28.0%)]	Loss: 0.006478236056864262
[2023-05-03 08:02:19] Train Epoch: 8 [6400/20000 (32.0%)]	Loss: 0.0030606144573539495
[2023-05-03 08:02:40] Train Epoch: 8 [7200/20000 (36.0%)]	Loss: 0.008900408633053303
[2023-05-03 08:03:01] Train Epoch: 8 [8000/20000 (40.0%)]	Loss: 0.001815060037188232
[2023-05-03 08:03:22] Train Epoch: 8 [8800/20000 (44.0%)]	Loss: 0.0028356604743748903
[2023-05-03 08:03:43] Train Epoch: 8 [9600/20000 (48.0%)]	Loss: 0.004573951940983534
[2023-05-03 08:04:04] Train Epoch: 8 [10400/20000 (52.0%)]	Loss: 0.006023900117725134
[2023-05-03 08:04:25] Train Epoch: 8 [11200/20000 (56.0%)]	Loss: 0.0034644126426428556
[2023-05-03 08:04:46] Train Epoch: 8 [12000/20000 (60.0%)]	Loss: 0.39415857195854187
[2023-05-03 08:05:07] Train Epoch: 8 [12800/20000 (64.0%)]	Loss: 0.0026611427310854197
[2023-05-03 08:05:28] Train Epoch: 8 [13600/20000 (68.0%)]	Loss: 0.003581112250685692
[2023-05-03 08:05:49] Train Epoch: 8 [14400/20000 (72.0%)]	Loss: 0.019527975469827652
[2023-05-03 08:06:10] Train Epoch: 8 [15200/20000 (76.0%)]	Loss: 0.01216430589556694
[2023-05-03 08:06:31] Train Epoch: 8 [16000/20000 (80.0%)]	Loss: 0.002993788570165634
[2023-05-03 08:06:52] Train Epoch: 8 [16800/20000 (84.0%)]	Loss: 0.003050033701583743
[2023-05-03 08:07:13] Train Epoch: 8 [17600/20000 (88.0%)]	Loss: 0.0021874532103538513
[2023-05-03 08:07:34] Train Epoch: 8 [18400/20000 (92.0%)]	Loss: 0.003908712416887283
[2023-05-03 08:07:55] Train Epoch: 8 [19200/20000 (96.0%)]	Loss: 0.0023597502149641514
[2023-05-03 08:09:09] Stop At epoch 8/20 due to valid not increase
[2023-05-03 08:09:16] ========== Metrics ==========
[2023-05-03 08:09:16] {
  "tr_loss": 0.024695216569759294,
  "tr_acc": 0.9951995199519952,
  "tr_f1": 0.9951956761084977,
  "val_loss": 0.7492338321675499,
  "val_acc": 0.8292769586072126,
  "val_f1": 0.8276851353774431,
  "test_loss": 0.655368256778898,
  "test_acc": 0.8455284552845529,
  "test_f1": 0.8394366197183099
}
[2023-05-03 08:09:16] ========== Metrics ==========
