[2023-05-03 15:30:40] Train Epoch: 1 [0/20000 (0.0%)]	Loss: 0.7005240321159363
[2023-05-03 15:30:47] Train Epoch: 1 [800/20000 (4.0%)]	Loss: 0.5476543307304382
[2023-05-03 15:30:53] Train Epoch: 1 [1600/20000 (8.0%)]	Loss: 0.4354299008846283
[2023-05-03 15:30:59] Train Epoch: 1 [2400/20000 (12.0%)]	Loss: 0.8891040086746216
[2023-05-03 15:31:04] Train Epoch: 1 [3200/20000 (16.0%)]	Loss: 0.5584676265716553
[2023-05-03 15:31:10] Train Epoch: 1 [4000/20000 (20.0%)]	Loss: 0.6359609961509705
[2023-05-03 15:31:15] Train Epoch: 1 [4800/20000 (24.0%)]	Loss: 0.7679718136787415
[2023-05-03 15:31:21] Train Epoch: 1 [5600/20000 (28.0%)]	Loss: 0.6046921014785767
[2023-05-03 15:31:26] Train Epoch: 1 [6400/20000 (32.0%)]	Loss: 0.5074546933174133
[2023-05-03 15:31:32] Train Epoch: 1 [7200/20000 (36.0%)]	Loss: 0.32618194818496704
[2023-05-03 15:31:38] Train Epoch: 1 [8000/20000 (40.0%)]	Loss: 0.3259611427783966
[2023-05-03 15:31:43] Train Epoch: 1 [8800/20000 (44.0%)]	Loss: 0.2560173273086548
[2023-05-03 15:31:49] Train Epoch: 1 [9600/20000 (48.0%)]	Loss: 0.4060344994068146
[2023-05-03 15:31:54] Train Epoch: 1 [10400/20000 (52.0%)]	Loss: 0.4909985363483429
[2023-05-03 15:31:59] Train Epoch: 1 [11200/20000 (56.0%)]	Loss: 0.526237428188324
[2023-05-03 15:32:05] Train Epoch: 1 [12000/20000 (60.0%)]	Loss: 0.36635711789131165
[2023-05-03 15:32:10] Train Epoch: 1 [12800/20000 (64.0%)]	Loss: 0.2066657841205597
[2023-05-03 15:32:16] Train Epoch: 1 [13600/20000 (68.0%)]	Loss: 0.3590810298919678
[2023-05-03 15:32:21] Train Epoch: 1 [14400/20000 (72.0%)]	Loss: 0.29010647535324097
[2023-05-03 15:32:27] Train Epoch: 1 [15200/20000 (76.0%)]	Loss: 0.5527832508087158
[2023-05-03 15:32:32] Train Epoch: 1 [16000/20000 (80.0%)]	Loss: 0.11931252479553223
[2023-05-03 15:32:38] Train Epoch: 1 [16800/20000 (84.0%)]	Loss: 0.2604582905769348
[2023-05-03 15:32:43] Train Epoch: 1 [17600/20000 (88.0%)]	Loss: 0.33878812193870544
[2023-05-03 15:32:49] Train Epoch: 1 [18400/20000 (92.0%)]	Loss: 0.4274381995201111
[2023-05-03 15:32:54] Train Epoch: 1 [19200/20000 (96.0%)]	Loss: 0.27530163526535034
[2023-05-03 15:33:19] ========== Metrics ==========
[2023-05-03 15:33:19] {
  "tr_loss": 0.4434700869169101,
  "tr_acc": 0.7907290729072908,
  "tr_f1": 0.7914694304648962,
  "val_loss": 0.401073130701041,
  "val_acc": 0.8246580209628709,
  "val_f1": 0.8053638335633997,
  "test_loss": 0.42796398598327223,
  "test_acc": 0.8102981029810298,
  "test_f1": 0.78125
}
[2023-05-03 15:33:19] ========== Metrics ==========
[2023-05-03 15:33:20] Train Epoch: 2 [0/20000 (0.0%)]	Loss: 0.35796114802360535
[2023-05-03 15:33:26] Train Epoch: 2 [800/20000 (4.0%)]	Loss: 0.3000902831554413
[2023-05-03 15:33:32] Train Epoch: 2 [1600/20000 (8.0%)]	Loss: 0.22425100207328796
[2023-05-03 15:33:38] Train Epoch: 2 [2400/20000 (12.0%)]	Loss: 0.1708037406206131
[2023-05-03 15:33:44] Train Epoch: 2 [3200/20000 (16.0%)]	Loss: 0.07319710403680801
[2023-05-03 15:33:50] Train Epoch: 2 [4000/20000 (20.0%)]	Loss: 0.20487001538276672
[2023-05-03 15:33:55] Train Epoch: 2 [4800/20000 (24.0%)]	Loss: 0.1269756257534027
[2023-05-03 15:34:01] Train Epoch: 2 [5600/20000 (28.0%)]	Loss: 0.13204196095466614
[2023-05-03 15:34:06] Train Epoch: 2 [6400/20000 (32.0%)]	Loss: 0.1635952740907669
[2023-05-03 15:34:12] Train Epoch: 2 [7200/20000 (36.0%)]	Loss: 0.11134069412946701
[2023-05-03 15:34:17] Train Epoch: 2 [8000/20000 (40.0%)]	Loss: 0.18368320167064667
[2023-05-03 15:34:23] Train Epoch: 2 [8800/20000 (44.0%)]	Loss: 0.5105788707733154
[2023-05-03 15:34:28] Train Epoch: 2 [9600/20000 (48.0%)]	Loss: 0.08589556068181992
[2023-05-03 15:34:33] Train Epoch: 2 [10400/20000 (52.0%)]	Loss: 0.3601096272468567
[2023-05-03 15:34:39] Train Epoch: 2 [11200/20000 (56.0%)]	Loss: 0.08094997704029083
[2023-05-03 15:34:44] Train Epoch: 2 [12000/20000 (60.0%)]	Loss: 0.5962013602256775
[2023-05-03 15:34:50] Train Epoch: 2 [12800/20000 (64.0%)]	Loss: 0.11235503852367401
[2023-05-03 15:34:55] Train Epoch: 2 [13600/20000 (68.0%)]	Loss: 0.12957867980003357
[2023-05-03 15:35:01] Train Epoch: 2 [14400/20000 (72.0%)]	Loss: 0.46431612968444824
[2023-05-03 15:35:06] Train Epoch: 2 [15200/20000 (76.0%)]	Loss: 0.08191245049238205
[2023-05-03 15:35:11] Train Epoch: 2 [16000/20000 (80.0%)]	Loss: 0.1711207628250122
[2023-05-03 15:35:17] Train Epoch: 2 [16800/20000 (84.0%)]	Loss: 0.157866433262825
[2023-05-03 15:35:22] Train Epoch: 2 [17600/20000 (88.0%)]	Loss: 0.13763749599456787
[2023-05-03 15:35:28] Train Epoch: 2 [18400/20000 (92.0%)]	Loss: 0.13913796842098236
[2023-05-03 15:35:33] Train Epoch: 2 [19200/20000 (96.0%)]	Loss: 0.15708577632904053
[2023-05-03 15:35:58] ========== Metrics ==========
[2023-05-03 15:35:58] {
  "tr_loss": 0.2504167517665589,
  "tr_acc": 0.902990299029903,
  "tr_f1": 0.9028348191926274,
  "val_loss": 0.34353770642577913,
  "val_acc": 0.8571682359211228,
  "val_f1": 0.8567866049162807,
  "test_loss": 0.3256611872494705,
  "test_acc": 0.8644986449864499,
  "test_f1": 0.861111111111111
}
[2023-05-03 15:35:58] ========== Metrics ==========
[2023-05-03 15:35:59] Train Epoch: 3 [0/20000 (0.0%)]	Loss: 0.11906726658344269
[2023-05-03 15:36:05] Train Epoch: 3 [800/20000 (4.0%)]	Loss: 0.1461831033229828
[2023-05-03 15:36:12] Train Epoch: 3 [1600/20000 (8.0%)]	Loss: 0.07532371580600739
[2023-05-03 15:36:17] Train Epoch: 3 [2400/20000 (12.0%)]	Loss: 0.3459817171096802
[2023-05-03 15:36:23] Train Epoch: 3 [3200/20000 (16.0%)]	Loss: 0.04043740779161453
[2023-05-03 15:36:29] Train Epoch: 3 [4000/20000 (20.0%)]	Loss: 0.10025128722190857
[2023-05-03 15:36:34] Train Epoch: 3 [4800/20000 (24.0%)]	Loss: 0.05602916702628136
[2023-05-03 15:36:40] Train Epoch: 3 [5600/20000 (28.0%)]	Loss: 0.31667590141296387
[2023-05-03 15:36:45] Train Epoch: 3 [6400/20000 (32.0%)]	Loss: 0.05205255746841431
[2023-05-03 15:36:51] Train Epoch: 3 [7200/20000 (36.0%)]	Loss: 0.07143796980381012
[2023-05-03 15:36:57] Train Epoch: 3 [8000/20000 (40.0%)]	Loss: 0.03615359961986542
[2023-05-03 15:37:02] Train Epoch: 3 [8800/20000 (44.0%)]	Loss: 0.06673314422369003
[2023-05-03 15:37:07] Train Epoch: 3 [9600/20000 (48.0%)]	Loss: 0.05721980705857277
[2023-05-03 15:37:13] Train Epoch: 3 [10400/20000 (52.0%)]	Loss: 0.10338936001062393
[2023-05-03 15:37:18] Train Epoch: 3 [11200/20000 (56.0%)]	Loss: 0.26508650183677673
[2023-05-03 15:37:23] Train Epoch: 3 [12000/20000 (60.0%)]	Loss: 0.12069506198167801
[2023-05-03 15:37:29] Train Epoch: 3 [12800/20000 (64.0%)]	Loss: 0.09537571668624878
[2023-05-03 15:37:34] Train Epoch: 3 [13600/20000 (68.0%)]	Loss: 0.08120648562908173
[2023-05-03 15:37:40] Train Epoch: 3 [14400/20000 (72.0%)]	Loss: 0.16760069131851196
[2023-05-03 15:37:45] Train Epoch: 3 [15200/20000 (76.0%)]	Loss: 0.018699202686548233
[2023-05-03 15:37:51] Train Epoch: 3 [16000/20000 (80.0%)]	Loss: 0.09448177367448807
[2023-05-03 15:37:56] Train Epoch: 3 [16800/20000 (84.0%)]	Loss: 0.22193799912929535
[2023-05-03 15:38:01] Train Epoch: 3 [17600/20000 (88.0%)]	Loss: 0.3140919804573059
[2023-05-03 15:38:07] Train Epoch: 3 [18400/20000 (92.0%)]	Loss: 0.1007511243224144
[2023-05-03 15:38:12] Train Epoch: 3 [19200/20000 (96.0%)]	Loss: 0.2478048950433731
[2023-05-03 15:38:36] ========== Metrics ==========
[2023-05-03 15:38:36] {
  "tr_loss": 0.1230756997519491,
  "tr_acc": 0.9573457345734574,
  "tr_f1": 0.9573051704289504,
  "val_loss": 0.46216136517311246,
  "val_acc": 0.8397583940309113,
  "val_f1": 0.8330866025166543,
  "test_loss": 0.4405345005717704,
  "test_acc": 0.8428184281842819,
  "test_f1": 0.8323699421965318
}
[2023-05-03 15:38:36] ========== Metrics ==========
[2023-05-03 15:38:37] Train Epoch: 4 [0/20000 (0.0%)]	Loss: 0.09857136011123657
[2023-05-03 15:38:44] Train Epoch: 4 [800/20000 (4.0%)]	Loss: 0.010423415340483189
[2023-05-03 15:38:50] Train Epoch: 4 [1600/20000 (8.0%)]	Loss: 0.04516413435339928
[2023-05-03 15:38:56] Train Epoch: 4 [2400/20000 (12.0%)]	Loss: 0.00975887943059206
[2023-05-03 15:39:02] Train Epoch: 4 [3200/20000 (16.0%)]	Loss: 0.03609859570860863
[2023-05-03 15:39:07] Train Epoch: 4 [4000/20000 (20.0%)]	Loss: 0.2508021295070648
[2023-05-03 15:39:13] Train Epoch: 4 [4800/20000 (24.0%)]	Loss: 0.00697129312902689
[2023-05-03 15:39:18] Train Epoch: 4 [5600/20000 (28.0%)]	Loss: 0.04248485341668129
[2023-05-03 15:39:24] Train Epoch: 4 [6400/20000 (32.0%)]	Loss: 0.0009756939252838492
[2023-05-03 15:39:30] Train Epoch: 4 [7200/20000 (36.0%)]	Loss: 0.008655328303575516
[2023-05-03 15:39:35] Train Epoch: 4 [8000/20000 (40.0%)]	Loss: 0.09456697106361389
[2023-05-03 15:39:41] Train Epoch: 4 [8800/20000 (44.0%)]	Loss: 0.0014077962841838598
[2023-05-03 15:39:46] Train Epoch: 4 [9600/20000 (48.0%)]	Loss: 0.00724232941865921
[2023-05-03 15:39:51] Train Epoch: 4 [10400/20000 (52.0%)]	Loss: 0.022378966212272644
[2023-05-03 15:39:57] Train Epoch: 4 [11200/20000 (56.0%)]	Loss: 0.12857073545455933
[2023-05-03 15:40:02] Train Epoch: 4 [12000/20000 (60.0%)]	Loss: 0.2754855453968048
[2023-05-03 15:40:08] Train Epoch: 4 [12800/20000 (64.0%)]	Loss: 0.027456555515527725
[2023-05-03 15:40:13] Train Epoch: 4 [13600/20000 (68.0%)]	Loss: 0.0264486912637949
[2023-05-03 15:40:19] Train Epoch: 4 [14400/20000 (72.0%)]	Loss: 0.01000009011477232
[2023-05-03 15:40:24] Train Epoch: 4 [15200/20000 (76.0%)]	Loss: 0.05742623656988144
[2023-05-03 15:40:30] Train Epoch: 4 [16000/20000 (80.0%)]	Loss: 0.002840587170794606
[2023-05-03 15:40:35] Train Epoch: 4 [16800/20000 (84.0%)]	Loss: 0.004297332372516394
[2023-05-03 15:40:40] Train Epoch: 4 [17600/20000 (88.0%)]	Loss: 0.0038528311997652054
[2023-05-03 15:40:46] Train Epoch: 4 [18400/20000 (92.0%)]	Loss: 0.003019597614184022
[2023-05-03 15:40:51] Train Epoch: 4 [19200/20000 (96.0%)]	Loss: 0.03020452708005905
[2023-05-03 15:41:16] ========== Metrics ==========
[2023-05-03 15:41:16] {
  "tr_loss": 0.04749725916553907,
  "tr_acc": 0.9844484448444845,
  "tr_f1": 0.9844507774611271,
  "val_loss": 0.6299176774899179,
  "val_acc": 0.8244803695150116,
  "val_f1": 0.8188485515218188,
  "test_loss": 0.6020388343146823,
  "test_acc": 0.8319783197831978,
  "test_f1": 0.8208092485549133
}
[2023-05-03 15:41:16] ========== Metrics ==========
[2023-05-03 15:41:17] Train Epoch: 5 [0/20000 (0.0%)]	Loss: 0.01602489873766899
[2023-05-03 15:41:24] Train Epoch: 5 [800/20000 (4.0%)]	Loss: 0.004561059642583132
[2023-05-03 15:41:30] Train Epoch: 5 [1600/20000 (8.0%)]	Loss: 0.0035703028552234173
[2023-05-03 15:41:36] Train Epoch: 5 [2400/20000 (12.0%)]	Loss: 7.294008355529513e-06
[2023-05-03 15:41:41] Train Epoch: 5 [3200/20000 (16.0%)]	Loss: 0.03295855224132538
[2023-05-03 15:41:47] Train Epoch: 5 [4000/20000 (20.0%)]	Loss: 3.8766786019550636e-05
[2023-05-03 15:41:52] Train Epoch: 5 [4800/20000 (24.0%)]	Loss: 0.003454732708632946
[2023-05-03 15:41:58] Train Epoch: 5 [5600/20000 (28.0%)]	Loss: 0.0023533657658845186
[2023-05-03 15:42:03] Train Epoch: 5 [6400/20000 (32.0%)]	Loss: 0.018642131239175797
[2023-05-03 15:42:09] Train Epoch: 5 [7200/20000 (36.0%)]	Loss: 0.00045965833123773336
[2023-05-03 15:42:15] Train Epoch: 5 [8000/20000 (40.0%)]	Loss: 0.001920355367474258
[2023-05-03 15:42:20] Train Epoch: 5 [8800/20000 (44.0%)]	Loss: 0.0012774660717695951
[2023-05-03 15:42:25] Train Epoch: 5 [9600/20000 (48.0%)]	Loss: 0.0004011174023617059
[2023-05-03 15:42:31] Train Epoch: 5 [10400/20000 (52.0%)]	Loss: 0.0033205198124051094
[2023-05-03 15:42:36] Train Epoch: 5 [11200/20000 (56.0%)]	Loss: 0.0034930158872157335
[2023-05-03 15:42:42] Train Epoch: 5 [12000/20000 (60.0%)]	Loss: 0.0013247139286249876
[2023-05-03 15:42:47] Train Epoch: 5 [12800/20000 (64.0%)]	Loss: 0.007987242192029953
[2023-05-03 15:42:53] Train Epoch: 5 [13600/20000 (68.0%)]	Loss: 7.218467362690717e-05
[2023-05-03 15:42:58] Train Epoch: 5 [14400/20000 (72.0%)]	Loss: 0.0008773172739893198
[2023-05-03 15:43:04] Train Epoch: 5 [15200/20000 (76.0%)]	Loss: 0.000680933182593435
[2023-05-03 15:43:09] Train Epoch: 5 [16000/20000 (80.0%)]	Loss: 0.004518484231084585
[2023-05-03 15:43:15] Train Epoch: 5 [16800/20000 (84.0%)]	Loss: 0.0025045510847121477
[2023-05-03 15:43:20] Train Epoch: 5 [17600/20000 (88.0%)]	Loss: 0.009479197673499584
[2023-05-03 15:43:25] Train Epoch: 5 [18400/20000 (92.0%)]	Loss: 0.013403884135186672
[2023-05-03 15:43:31] Train Epoch: 5 [19200/20000 (96.0%)]	Loss: 0.0003418278356548399
[2023-05-03 15:43:55] ========== Metrics ==========
[2023-05-03 15:43:55] {
  "tr_loss": 0.01932586521111338,
  "tr_acc": 0.9941994199419942,
  "tr_f1": 0.9942017394781566,
  "val_loss": 0.9393350557253052,
  "val_acc": 0.8292769586072126,
  "val_f1": 0.8238959135055892,
  "test_loss": 0.8616813966615736,
  "test_acc": 0.8346883468834688,
  "test_f1": 0.828169014084507
}
[2023-05-03 15:43:55] ========== Metrics ==========
[2023-05-03 15:43:56] Train Epoch: 6 [0/20000 (0.0%)]	Loss: 0.00015279522631317377
[2023-05-03 15:44:03] Train Epoch: 6 [800/20000 (4.0%)]	Loss: 0.00043601583456620574
[2023-05-03 15:44:09] Train Epoch: 6 [1600/20000 (8.0%)]	Loss: 0.00025180744705721736
[2023-05-03 15:44:15] Train Epoch: 6 [2400/20000 (12.0%)]	Loss: 0.00012173561844974756
[2023-05-03 15:44:21] Train Epoch: 6 [3200/20000 (16.0%)]	Loss: 0.00043855104013346136
[2023-05-03 15:44:26] Train Epoch: 6 [4000/20000 (20.0%)]	Loss: 0.00027945925830863416
[2023-05-03 15:44:32] Train Epoch: 6 [4800/20000 (24.0%)]	Loss: 3.6751313018612564e-05
[2023-05-03 15:44:38] Train Epoch: 6 [5600/20000 (28.0%)]	Loss: 0.00024147996737156063
[2023-05-03 15:44:43] Train Epoch: 6 [6400/20000 (32.0%)]	Loss: 0.001979309134185314
[2023-05-03 15:44:49] Train Epoch: 6 [7200/20000 (36.0%)]	Loss: 0.0003095782012678683
[2023-05-03 15:44:54] Train Epoch: 6 [8000/20000 (40.0%)]	Loss: 0.0014393359888345003
[2023-05-03 15:45:00] Train Epoch: 6 [8800/20000 (44.0%)]	Loss: 0.0007683893200010061
[2023-05-03 15:45:05] Train Epoch: 6 [9600/20000 (48.0%)]	Loss: 0.00022533828450832516
[2023-05-03 15:45:11] Train Epoch: 6 [10400/20000 (52.0%)]	Loss: 3.0925002647563815e-05
[2023-05-03 15:45:16] Train Epoch: 6 [11200/20000 (56.0%)]	Loss: 5.1310671551618725e-05
[2023-05-03 15:45:22] Train Epoch: 6 [12000/20000 (60.0%)]	Loss: 0.00030001369304955006
[2023-05-03 15:45:27] Train Epoch: 6 [12800/20000 (64.0%)]	Loss: 0.0008937746752053499
[2023-05-03 15:45:33] Train Epoch: 6 [13600/20000 (68.0%)]	Loss: 0.00043879414442926645
[2023-05-03 15:45:39] Train Epoch: 6 [14400/20000 (72.0%)]	Loss: 0.0011906942818313837
[2023-05-03 15:45:44] Train Epoch: 6 [15200/20000 (76.0%)]	Loss: 0.00022613668988924474
[2023-05-03 15:45:50] Train Epoch: 6 [16000/20000 (80.0%)]	Loss: 2.6135025109397247e-05
[2023-05-03 15:45:55] Train Epoch: 6 [16800/20000 (84.0%)]	Loss: 0.00013191235484555364
[2023-05-03 15:46:01] Train Epoch: 6 [17600/20000 (88.0%)]	Loss: 0.0001390114484820515
[2023-05-03 15:46:07] Train Epoch: 6 [18400/20000 (92.0%)]	Loss: 9.24859123188071e-05
[2023-05-03 15:46:12] Train Epoch: 6 [19200/20000 (96.0%)]	Loss: 0.00014295992150437087
[2023-05-03 15:46:39] ========== Metrics ==========
[2023-05-03 15:46:39] {
  "tr_loss": 0.0032611848128655833,
  "tr_acc": 0.998999899989999,
  "tr_f1": 0.998999899989999,
  "val_loss": 1.009551203765462,
  "val_acc": 0.8322970332208207,
  "val_f1": 0.8361679972231864,
  "test_loss": 0.8733245892207918,
  "test_acc": 0.8401084010840109,
  "test_f1": 0.8409703504043127
}
[2023-05-03 15:46:39] ========== Metrics ==========
[2023-05-03 15:46:41] Train Epoch: 7 [0/20000 (0.0%)]	Loss: 0.0011061211116611958
[2023-05-03 15:46:47] Train Epoch: 7 [800/20000 (4.0%)]	Loss: 0.00026433728635311127
[2023-05-03 15:46:54] Train Epoch: 7 [1600/20000 (8.0%)]	Loss: 6.198538176249713e-05
[2023-05-03 15:47:00] Train Epoch: 7 [2400/20000 (12.0%)]	Loss: 1.3008453606744297e-05
[2023-05-03 15:47:06] Train Epoch: 7 [3200/20000 (16.0%)]	Loss: 9.718288492877036e-05
[2023-05-03 15:47:12] Train Epoch: 7 [4000/20000 (20.0%)]	Loss: 0.00014710637333337218
[2023-05-03 15:47:18] Train Epoch: 7 [4800/20000 (24.0%)]	Loss: 0.0002854785416275263
[2023-05-03 15:47:24] Train Epoch: 7 [5600/20000 (28.0%)]	Loss: 8.228872320614755e-05
[2023-05-03 15:47:30] Train Epoch: 7 [6400/20000 (32.0%)]	Loss: 7.710904174018651e-05
[2023-05-03 15:47:35] Train Epoch: 7 [7200/20000 (36.0%)]	Loss: 3.9653539715800434e-05
[2023-05-03 15:47:41] Train Epoch: 7 [8000/20000 (40.0%)]	Loss: 0.0005620748270303011
[2023-05-03 15:47:47] Train Epoch: 7 [8800/20000 (44.0%)]	Loss: 6.160095654195175e-05
[2023-05-03 15:47:53] Train Epoch: 7 [9600/20000 (48.0%)]	Loss: 6.291574391070753e-05
[2023-05-03 15:47:58] Train Epoch: 7 [10400/20000 (52.0%)]	Loss: 0.0001675879320828244
[2023-05-03 15:48:04] Train Epoch: 7 [11200/20000 (56.0%)]	Loss: 3.645998367574066e-05
[2023-05-03 15:48:10] Train Epoch: 7 [12000/20000 (60.0%)]	Loss: 9.738067456055433e-05
[2023-05-03 15:48:16] Train Epoch: 7 [12800/20000 (64.0%)]	Loss: 0.000112040332169272
[2023-05-03 15:48:22] Train Epoch: 7 [13600/20000 (68.0%)]	Loss: 9.491878699918743e-06
[2023-05-03 15:48:27] Train Epoch: 7 [14400/20000 (72.0%)]	Loss: 3.420047141844407e-05
[2023-05-03 15:48:33] Train Epoch: 7 [15200/20000 (76.0%)]	Loss: 9.387513273395598e-06
[2023-05-03 15:48:39] Train Epoch: 7 [16000/20000 (80.0%)]	Loss: 1.075076488632476e-05
[2023-05-03 15:48:45] Train Epoch: 7 [16800/20000 (84.0%)]	Loss: 3.471656236797571e-05
[2023-05-03 15:48:50] Train Epoch: 7 [17600/20000 (88.0%)]	Loss: 1.1249977433180902e-05
[2023-05-03 15:48:56] Train Epoch: 7 [18400/20000 (92.0%)]	Loss: 4.4990571041125804e-05
[2023-05-03 15:49:02] Train Epoch: 7 [19200/20000 (96.0%)]	Loss: 0.00024723491515032947
[2023-05-03 15:49:27] ========== Metrics ==========
[2023-05-03 15:49:27] {
  "tr_loss": 0.0012841518405271462,
  "tr_acc": 0.9997999799979999,
  "tr_f1": 0.9997999799979999,
  "val_loss": 1.1533491146635304,
  "val_acc": 0.8319417303251021,
  "val_f1": 0.834788683199441,
  "test_loss": 1.0197917691414125,
  "test_acc": 0.8319783197831978,
  "test_f1": 0.8306010928961748
}
[2023-05-03 15:49:27] ========== Metrics ==========
[2023-05-03 15:49:28] Train Epoch: 8 [0/20000 (0.0%)]	Loss: 5.8155663282377645e-05
[2023-05-03 15:49:35] Train Epoch: 8 [800/20000 (4.0%)]	Loss: 0.00024997995933517814
[2023-05-03 15:49:41] Train Epoch: 8 [1600/20000 (8.0%)]	Loss: 3.8495803892146796e-05
[2023-05-03 15:49:48] Train Epoch: 8 [2400/20000 (12.0%)]	Loss: 2.2305121092358604e-05
[2023-05-03 15:49:54] Train Epoch: 8 [3200/20000 (16.0%)]	Loss: 3.874041431117803e-05
[2023-05-03 15:50:00] Train Epoch: 8 [4000/20000 (20.0%)]	Loss: 8.882769179763272e-05
[2023-05-03 15:50:06] Train Epoch: 8 [4800/20000 (24.0%)]	Loss: 6.578716238436755e-06
[2023-05-03 15:50:12] Train Epoch: 8 [5600/20000 (28.0%)]	Loss: 7.063035354804015e-06
[2023-05-03 15:50:18] Train Epoch: 8 [6400/20000 (32.0%)]	Loss: 0.00028396747075021267
[2023-05-03 15:50:23] Train Epoch: 8 [7200/20000 (36.0%)]	Loss: 0.0019982103258371353
[2023-05-03 15:50:29] Train Epoch: 8 [8000/20000 (40.0%)]	Loss: 7.33669294277206e-05
[2023-05-03 15:50:35] Train Epoch: 8 [8800/20000 (44.0%)]	Loss: 1.1302285201963969e-05
[2023-05-03 15:50:41] Train Epoch: 8 [9600/20000 (48.0%)]	Loss: 0.0003833481459878385
[2023-05-03 15:50:47] Train Epoch: 8 [10400/20000 (52.0%)]	Loss: 6.534063686558511e-06
[2023-05-03 15:50:53] Train Epoch: 8 [11200/20000 (56.0%)]	Loss: 2.302221218997147e-06
[2023-05-03 15:50:58] Train Epoch: 8 [12000/20000 (60.0%)]	Loss: 1.5175512089626864e-05
[2023-05-03 15:51:04] Train Epoch: 8 [12800/20000 (64.0%)]	Loss: 2.1262570953695104e-05
[2023-05-03 15:51:10] Train Epoch: 8 [13600/20000 (68.0%)]	Loss: 3.997660678578541e-05
[2023-05-03 15:51:16] Train Epoch: 8 [14400/20000 (72.0%)]	Loss: 1.370059180771932e-05
[2023-05-03 15:51:21] Train Epoch: 8 [15200/20000 (76.0%)]	Loss: 3.6481080314842984e-05
[2023-05-03 15:51:27] Train Epoch: 8 [16000/20000 (80.0%)]	Loss: 2.458690175899392e-07
[2023-05-03 15:51:33] Train Epoch: 8 [16800/20000 (84.0%)]	Loss: 0.00029760863981209695
[2023-05-03 15:51:38] Train Epoch: 8 [17600/20000 (88.0%)]	Loss: 0.00035258338903076947
[2023-05-03 15:51:44] Train Epoch: 8 [18400/20000 (92.0%)]	Loss: 0.00023684330517426133
[2023-05-03 15:51:50] Train Epoch: 8 [19200/20000 (96.0%)]	Loss: 1.2591458471433725e-06
[2023-05-03 15:52:13] Stop At epoch 8/20 due to valid not increase
[2023-05-03 15:52:16] ========== Metrics ==========
[2023-05-03 15:52:16] {
  "tr_loss": 0.0007688458423972801,
  "tr_acc": 0.9998999899989999,
  "tr_f1": 0.9998999899989999,
  "val_loss": 1.3300111173162956,
  "val_acc": 0.8333629419079766,
  "val_f1": 0.8377162629757785,
  "test_loss": 1.1366639473250888,
  "test_acc": 0.8346883468834688,
  "test_f1": 0.8381962864721486
}
[2023-05-03 15:52:16] ========== Metrics ==========
