[2023-05-01 21:15:59] Train Epoch: 1 [0/20000 (0.0%)]	Loss: 0.6966572999954224
[2023-05-01 21:16:01] Train Epoch: 1 [1000/20000 (5.0%)]	Loss: 0.6791446208953857
[2023-05-01 21:16:04] Train Epoch: 1 [2000/20000 (10.0%)]	Loss: 0.40564101934432983
[2023-05-01 21:16:06] Train Epoch: 1 [3000/20000 (15.0%)]	Loss: 0.47098174691200256
[2023-05-01 21:16:08] Train Epoch: 1 [4000/20000 (20.0%)]	Loss: 0.49085697531700134
[2023-05-01 21:16:10] Train Epoch: 1 [5000/20000 (25.0%)]	Loss: 0.37356036901474
[2023-05-01 21:16:12] Train Epoch: 1 [6000/20000 (30.0%)]	Loss: 0.5007649064064026
[2023-05-01 21:16:14] Train Epoch: 1 [7000/20000 (35.0%)]	Loss: 0.5944706797599792
[2023-05-01 21:16:16] Train Epoch: 1 [8000/20000 (40.0%)]	Loss: 0.6024048924446106
[2023-05-01 21:16:18] Train Epoch: 1 [9000/20000 (45.0%)]	Loss: 0.43054017424583435
[2023-05-01 21:16:20] Train Epoch: 1 [10000/20000 (50.0%)]	Loss: 0.41652315855026245
[2023-05-01 21:16:22] Train Epoch: 1 [11000/20000 (55.0%)]	Loss: 0.2217244803905487
[2023-05-01 21:16:24] Train Epoch: 1 [12000/20000 (60.0%)]	Loss: 0.12897302210330963
[2023-05-01 21:16:26] Train Epoch: 1 [13000/20000 (65.0%)]	Loss: 0.4075767993927002
[2023-05-01 21:16:28] Train Epoch: 1 [14000/20000 (70.0%)]	Loss: 0.46086448431015015
[2023-05-01 21:16:31] Train Epoch: 1 [15000/20000 (75.0%)]	Loss: 0.30173546075820923
[2023-05-01 21:16:33] Train Epoch: 1 [16000/20000 (80.0%)]	Loss: 0.2036500722169876
[2023-05-01 21:16:35] Train Epoch: 1 [17000/20000 (85.0%)]	Loss: 0.4824790060520172
[2023-05-01 21:16:38] Train Epoch: 1 [18000/20000 (90.0%)]	Loss: 0.4581564962863922
[2023-05-01 21:16:40] Train Epoch: 1 [19000/20000 (95.0%)]	Loss: 0.7085063457489014
[2023-05-01 21:16:51] ========== Metrics ==========
[2023-05-01 21:16:51] {
  "tr_loss": 0.4766602823660724,
  "tr_acc": 0.7743774377437744,
  "tr_f1": 0.7751868460388639,
  "val_loss": 0.40488294157174576,
  "val_acc": 0.8303428672943685,
  "val_f1": 0.8270867282274127,
  "test_loss": 0.42952142595275633,
  "test_acc": 0.8211382113821138,
  "test_f1": 0.8092485549132948
}
[2023-05-01 21:16:51] ========== Metrics ==========
[2023-05-01 21:16:52] Train Epoch: 2 [0/20000 (0.0%)]	Loss: 0.2887040674686432
[2023-05-01 21:16:54] Train Epoch: 2 [1000/20000 (5.0%)]	Loss: 0.14663462340831757
[2023-05-01 21:16:57] Train Epoch: 2 [2000/20000 (10.0%)]	Loss: 0.22667045891284943
[2023-05-01 21:16:59] Train Epoch: 2 [3000/20000 (15.0%)]	Loss: 0.45029783248901367
[2023-05-01 21:17:02] Train Epoch: 2 [4000/20000 (20.0%)]	Loss: 0.25951653718948364
[2023-05-01 21:17:04] Train Epoch: 2 [5000/20000 (25.0%)]	Loss: 0.2564653754234314
[2023-05-01 21:17:07] Train Epoch: 2 [6000/20000 (30.0%)]	Loss: 0.20884737372398376
[2023-05-01 21:17:10] Train Epoch: 2 [7000/20000 (35.0%)]	Loss: 0.20699302852153778
[2023-05-01 21:17:12] Train Epoch: 2 [8000/20000 (40.0%)]	Loss: 0.24137239158153534
[2023-05-01 21:17:15] Train Epoch: 2 [9000/20000 (45.0%)]	Loss: 0.22420354187488556
[2023-05-01 21:17:17] Train Epoch: 2 [10000/20000 (50.0%)]	Loss: 0.3163608908653259
[2023-05-01 21:17:20] Train Epoch: 2 [11000/20000 (55.0%)]	Loss: 0.20510518550872803
[2023-05-01 21:17:22] Train Epoch: 2 [12000/20000 (60.0%)]	Loss: 0.35218995809555054
[2023-05-01 21:17:25] Train Epoch: 2 [13000/20000 (65.0%)]	Loss: 0.1525081992149353
[2023-05-01 21:17:27] Train Epoch: 2 [14000/20000 (70.0%)]	Loss: 0.17995376884937286
[2023-05-01 21:17:30] Train Epoch: 2 [15000/20000 (75.0%)]	Loss: 0.38255032896995544
[2023-05-01 21:17:33] Train Epoch: 2 [16000/20000 (80.0%)]	Loss: 0.532780110836029
[2023-05-01 21:17:35] Train Epoch: 2 [17000/20000 (85.0%)]	Loss: 0.4651554226875305
[2023-05-01 21:17:38] Train Epoch: 2 [18000/20000 (90.0%)]	Loss: 0.29449892044067383
[2023-05-01 21:17:40] Train Epoch: 2 [19000/20000 (95.0%)]	Loss: 0.3082238435745239
[2023-05-01 21:17:54] ========== Metrics ==========
[2023-05-01 21:17:54] {
  "tr_loss": 0.29125420489732307,
  "tr_acc": 0.883988398839884,
  "tr_f1": 0.8846689202624777,
  "val_loss": 0.3618903150777026,
  "val_acc": 0.8422455143009415,
  "val_f1": 0.8391304347826086,
  "test_loss": 0.366846100101626,
  "test_acc": 0.8292682926829268,
  "test_f1": 0.8163265306122449
}
[2023-05-01 21:17:54] ========== Metrics ==========
[2023-05-01 21:17:55] Train Epoch: 3 [0/20000 (0.0%)]	Loss: 0.2655561864376068
[2023-05-01 21:17:57] Train Epoch: 3 [1000/20000 (5.0%)]	Loss: 0.23579807579517365
[2023-05-01 21:18:00] Train Epoch: 3 [2000/20000 (10.0%)]	Loss: 0.039027366787195206
[2023-05-01 21:18:02] Train Epoch: 3 [3000/20000 (15.0%)]	Loss: 0.551496148109436
[2023-05-01 21:18:05] Train Epoch: 3 [4000/20000 (20.0%)]	Loss: 0.2728777229785919
[2023-05-01 21:18:08] Train Epoch: 3 [5000/20000 (25.0%)]	Loss: 0.0798620954155922
[2023-05-01 21:18:10] Train Epoch: 3 [6000/20000 (30.0%)]	Loss: 0.12250717729330063
[2023-05-01 21:18:13] Train Epoch: 3 [7000/20000 (35.0%)]	Loss: 0.46806034445762634
[2023-05-01 21:18:16] Train Epoch: 3 [8000/20000 (40.0%)]	Loss: 0.06945119798183441
[2023-05-01 21:18:18] Train Epoch: 3 [9000/20000 (45.0%)]	Loss: 0.34737643599510193
[2023-05-01 21:18:21] Train Epoch: 3 [10000/20000 (50.0%)]	Loss: 0.08997725695371628
[2023-05-01 21:18:23] Train Epoch: 3 [11000/20000 (55.0%)]	Loss: 0.05865854024887085
[2023-05-01 21:18:26] Train Epoch: 3 [12000/20000 (60.0%)]	Loss: 0.131864994764328
[2023-05-01 21:18:29] Train Epoch: 3 [13000/20000 (65.0%)]	Loss: 0.1500307023525238
[2023-05-01 21:18:31] Train Epoch: 3 [14000/20000 (70.0%)]	Loss: 0.12409426271915436
[2023-05-01 21:18:34] Train Epoch: 3 [15000/20000 (75.0%)]	Loss: 0.18936224281787872
[2023-05-01 21:18:37] Train Epoch: 3 [16000/20000 (80.0%)]	Loss: 0.2719036936759949
[2023-05-01 21:18:39] Train Epoch: 3 [17000/20000 (85.0%)]	Loss: 0.15384580194950104
[2023-05-01 21:18:42] Train Epoch: 3 [18000/20000 (90.0%)]	Loss: 0.17827659845352173
[2023-05-01 21:18:45] Train Epoch: 3 [19000/20000 (95.0%)]	Loss: 0.07438583672046661
[2023-05-01 21:18:56] ========== Metrics ==========
[2023-05-01 21:18:56] {
  "tr_loss": 0.17387543342961367,
  "tr_acc": 0.9386938693869387,
  "tr_f1": 0.9387734718337996,
  "val_loss": 0.5206931001351387,
  "val_acc": 0.8426008171966601,
  "val_f1": 0.845050717033928,
  "test_loss": 0.43008032227111703,
  "test_acc": 0.8455284552845529,
  "test_f1": 0.8446866485013624
}
[2023-05-01 21:18:56] ========== Metrics ==========
[2023-05-01 21:18:57] Train Epoch: 4 [0/20000 (0.0%)]	Loss: 0.02426913008093834
[2023-05-01 21:19:00] Train Epoch: 4 [1000/20000 (5.0%)]	Loss: 0.06529080122709274
[2023-05-01 21:19:02] Train Epoch: 4 [2000/20000 (10.0%)]	Loss: 0.3048078715801239
[2023-05-01 21:19:05] Train Epoch: 4 [3000/20000 (15.0%)]	Loss: 0.010931912809610367
[2023-05-01 21:19:08] Train Epoch: 4 [4000/20000 (20.0%)]	Loss: 0.06719693541526794
[2023-05-01 21:19:10] Train Epoch: 4 [5000/20000 (25.0%)]	Loss: 0.19516099989414215
[2023-05-01 21:19:13] Train Epoch: 4 [6000/20000 (30.0%)]	Loss: 0.03537849336862564
[2023-05-01 21:19:16] Train Epoch: 4 [7000/20000 (35.0%)]	Loss: 0.13409577310085297
[2023-05-01 21:19:18] Train Epoch: 4 [8000/20000 (40.0%)]	Loss: 0.24916312098503113
[2023-05-01 21:19:21] Train Epoch: 4 [9000/20000 (45.0%)]	Loss: 0.1904643476009369
[2023-05-01 21:19:23] Train Epoch: 4 [10000/20000 (50.0%)]	Loss: 0.02311653085052967
[2023-05-01 21:19:26] Train Epoch: 4 [11000/20000 (55.0%)]	Loss: 0.04446134716272354
[2023-05-01 21:19:29] Train Epoch: 4 [12000/20000 (60.0%)]	Loss: 0.22777049243450165
[2023-05-01 21:19:31] Train Epoch: 4 [13000/20000 (65.0%)]	Loss: 0.003336705733090639
[2023-05-01 21:19:34] Train Epoch: 4 [14000/20000 (70.0%)]	Loss: 0.06238611787557602
[2023-05-01 21:19:36] Train Epoch: 4 [15000/20000 (75.0%)]	Loss: 0.03718919679522514
[2023-05-01 21:19:39] Train Epoch: 4 [16000/20000 (80.0%)]	Loss: 0.11907301843166351
[2023-05-01 21:19:41] Train Epoch: 4 [17000/20000 (85.0%)]	Loss: 0.20170919597148895
[2023-05-01 21:19:44] Train Epoch: 4 [18000/20000 (90.0%)]	Loss: 0.2603145241737366
[2023-05-01 21:19:47] Train Epoch: 4 [19000/20000 (95.0%)]	Loss: 0.14448115229606628
[2023-05-01 21:19:58] ========== Metrics ==========
[2023-05-01 21:19:58] {
  "tr_loss": 0.09195872821135562,
  "tr_acc": 0.9696969696969697,
  "tr_f1": 0.9697060587882423,
  "val_loss": 0.5464148698389519,
  "val_acc": 0.827678095576479,
  "val_f1": 0.8307155322862129,
  "test_loss": 0.4538038066086084,
  "test_acc": 0.8373983739837398,
  "test_f1": 0.8369565217391305
}
[2023-05-01 21:19:58] ========== Metrics ==========
[2023-05-01 21:19:59] Train Epoch: 5 [0/20000 (0.0%)]	Loss: 0.028213491663336754
[2023-05-01 21:20:01] Train Epoch: 5 [1000/20000 (5.0%)]	Loss: 0.004627020563930273
[2023-05-01 21:20:04] Train Epoch: 5 [2000/20000 (10.0%)]	Loss: 0.0060082124546170235
[2023-05-01 21:20:06] Train Epoch: 5 [3000/20000 (15.0%)]	Loss: 0.006321534514427185
[2023-05-01 21:20:09] Train Epoch: 5 [4000/20000 (20.0%)]	Loss: 0.04954610764980316
[2023-05-01 21:20:12] Train Epoch: 5 [5000/20000 (25.0%)]	Loss: 0.006559970788657665
[2023-05-01 21:20:14] Train Epoch: 5 [6000/20000 (30.0%)]	Loss: 0.09634659439325333
[2023-05-01 21:20:17] Train Epoch: 5 [7000/20000 (35.0%)]	Loss: 0.08000987768173218
[2023-05-01 21:20:19] Train Epoch: 5 [8000/20000 (40.0%)]	Loss: 0.008716343902051449
[2023-05-01 21:20:22] Train Epoch: 5 [9000/20000 (45.0%)]	Loss: 0.009979386813938618
[2023-05-01 21:20:25] Train Epoch: 5 [10000/20000 (50.0%)]	Loss: 0.015269135124981403
[2023-05-01 21:20:27] Train Epoch: 5 [11000/20000 (55.0%)]	Loss: 0.002204251242801547
[2023-05-01 21:20:30] Train Epoch: 5 [12000/20000 (60.0%)]	Loss: 0.016859818249940872
[2023-05-01 21:20:32] Train Epoch: 5 [13000/20000 (65.0%)]	Loss: 0.009904135018587112
[2023-05-01 21:20:35] Train Epoch: 5 [14000/20000 (70.0%)]	Loss: 0.0020664685871452093
[2023-05-01 21:20:38] Train Epoch: 5 [15000/20000 (75.0%)]	Loss: 0.053451549261808395
[2023-05-01 21:20:40] Train Epoch: 5 [16000/20000 (80.0%)]	Loss: 0.006481247488409281
[2023-05-01 21:20:43] Train Epoch: 5 [17000/20000 (85.0%)]	Loss: 0.01869514025747776
[2023-05-01 21:20:45] Train Epoch: 5 [18000/20000 (90.0%)]	Loss: 0.00594752561300993
[2023-05-01 21:20:48] Train Epoch: 5 [19000/20000 (95.0%)]	Loss: 0.013707633130252361
[2023-05-01 21:20:59] ========== Metrics ==========
[2023-05-01 21:20:59] {
  "tr_loss": 0.04508156651345961,
  "tr_acc": 0.987048704870487,
  "tr_f1": 0.9870454659130695,
  "val_loss": 0.6643460288532654,
  "val_acc": 0.8187955231835139,
  "val_f1": 0.8272942770064341,
  "test_loss": 0.5441152282200532,
  "test_acc": 0.8265582655826558,
  "test_f1": 0.8306878306878307
}
[2023-05-01 21:20:59] ========== Metrics ==========
[2023-05-01 21:21:00] Train Epoch: 6 [0/20000 (0.0%)]	Loss: 0.0034099859185516834
[2023-05-01 21:21:03] Train Epoch: 6 [1000/20000 (5.0%)]	Loss: 0.0019821457099169493
[2023-05-01 21:21:05] Train Epoch: 6 [2000/20000 (10.0%)]	Loss: 0.0013057354371994734
[2023-05-01 21:21:08] Train Epoch: 6 [3000/20000 (15.0%)]	Loss: 0.003028170671314001
[2023-05-01 21:21:10] Train Epoch: 6 [4000/20000 (20.0%)]	Loss: 0.007597298361361027
[2023-05-01 21:21:13] Train Epoch: 6 [5000/20000 (25.0%)]	Loss: 0.2487587034702301
[2023-05-01 21:21:16] Train Epoch: 6 [6000/20000 (30.0%)]	Loss: 0.0018045076867565513
[2023-05-01 21:21:18] Train Epoch: 6 [7000/20000 (35.0%)]	Loss: 0.0013727218611165881
[2023-05-01 21:21:21] Train Epoch: 6 [8000/20000 (40.0%)]	Loss: 0.0016923851799219847
[2023-05-01 21:21:24] Train Epoch: 6 [9000/20000 (45.0%)]	Loss: 0.0010833337437361479
[2023-05-01 21:21:26] Train Epoch: 6 [10000/20000 (50.0%)]	Loss: 0.0020702495239675045
[2023-05-01 21:21:29] Train Epoch: 6 [11000/20000 (55.0%)]	Loss: 0.0033607282675802708
[2023-05-01 21:21:31] Train Epoch: 6 [12000/20000 (60.0%)]	Loss: 0.0023579373955726624
[2023-05-01 21:21:34] Train Epoch: 6 [13000/20000 (65.0%)]	Loss: 0.02277287468314171
[2023-05-01 21:21:37] Train Epoch: 6 [14000/20000 (70.0%)]	Loss: 0.0010101702064275742
[2023-05-01 21:21:39] Train Epoch: 6 [15000/20000 (75.0%)]	Loss: 0.0008734966395422816
[2023-05-01 21:21:42] Train Epoch: 6 [16000/20000 (80.0%)]	Loss: 0.0007927071419544518
[2023-05-01 21:21:45] Train Epoch: 6 [17000/20000 (85.0%)]	Loss: 0.006493113003671169
[2023-05-01 21:21:47] Train Epoch: 6 [18000/20000 (90.0%)]	Loss: 0.002618885599076748
[2023-05-01 21:21:50] Train Epoch: 6 [19000/20000 (95.0%)]	Loss: 0.0033583883196115494
[2023-05-01 21:22:01] ========== Metrics ==========
[2023-05-01 21:22:01] {
  "tr_loss": 0.014132483551911235,
  "tr_acc": 0.9964496449644964,
  "tr_f1": 0.9964494674201131,
  "val_loss": 0.8350150746157365,
  "val_acc": 0.8251909753064487,
  "val_f1": 0.8194495412844036,
  "test_loss": 0.8416907057206482,
  "test_acc": 0.8292682926829268,
  "test_f1": 0.817391304347826
}
[2023-05-01 21:22:01] ========== Metrics ==========
[2023-05-01 21:22:02] Train Epoch: 7 [0/20000 (0.0%)]	Loss: 0.0015301492530852556
[2023-05-01 21:22:05] Train Epoch: 7 [1000/20000 (5.0%)]	Loss: 0.0004970583831891418
[2023-05-01 21:22:08] Train Epoch: 7 [2000/20000 (10.0%)]	Loss: 0.0005330300191417336
[2023-05-01 21:22:10] Train Epoch: 7 [3000/20000 (15.0%)]	Loss: 0.0004951799055561423
[2023-05-01 21:22:13] Train Epoch: 7 [4000/20000 (20.0%)]	Loss: 0.00038942639366723597
[2023-05-01 21:22:15] Train Epoch: 7 [5000/20000 (25.0%)]	Loss: 0.0026456236373633146
[2023-05-01 21:22:18] Train Epoch: 7 [6000/20000 (30.0%)]	Loss: 0.0028619454242289066
[2023-05-01 21:22:21] Train Epoch: 7 [7000/20000 (35.0%)]	Loss: 0.004576514475047588
[2023-05-01 21:22:23] Train Epoch: 7 [8000/20000 (40.0%)]	Loss: 0.00026467262068763375
[2023-05-01 21:22:26] Train Epoch: 7 [9000/20000 (45.0%)]	Loss: 0.0002256824227515608
[2023-05-01 21:22:29] Train Epoch: 7 [10000/20000 (50.0%)]	Loss: 0.00027247946127317846
[2023-05-01 21:22:31] Train Epoch: 7 [11000/20000 (55.0%)]	Loss: 0.0008849616860970855
[2023-05-01 21:22:34] Train Epoch: 7 [12000/20000 (60.0%)]	Loss: 0.0033249519765377045
[2023-05-01 21:22:37] Train Epoch: 7 [13000/20000 (65.0%)]	Loss: 0.001265442231670022
[2023-05-01 21:22:39] Train Epoch: 7 [14000/20000 (70.0%)]	Loss: 0.00011170557991135865
[2023-05-01 21:22:42] Train Epoch: 7 [15000/20000 (75.0%)]	Loss: 0.0036405236460268497
[2023-05-01 21:22:45] Train Epoch: 7 [16000/20000 (80.0%)]	Loss: 0.0003025575424544513
[2023-05-01 21:22:47] Train Epoch: 7 [17000/20000 (85.0%)]	Loss: 0.0009700078517198563
[2023-05-01 21:22:50] Train Epoch: 7 [18000/20000 (90.0%)]	Loss: 0.0007237177342176437
[2023-05-01 21:22:53] Train Epoch: 7 [19000/20000 (95.0%)]	Loss: 0.0005638665752485394
[2023-05-01 21:23:04] ========== Metrics ==========
[2023-05-01 21:23:04] {
  "tr_loss": 0.010235319849866658,
  "tr_acc": 0.9976497649764976,
  "tr_f1": 0.9976494123530883,
  "val_loss": 0.8856163952450985,
  "val_acc": 0.8234144608278557,
  "val_f1": 0.8209654178674352,
  "test_loss": 0.8292934117298624,
  "test_acc": 0.8184281842818428,
  "test_f1": 0.8101983002832861
}
[2023-05-01 21:23:04] ========== Metrics ==========
[2023-05-01 21:23:05] Train Epoch: 8 [0/20000 (0.0%)]	Loss: 0.003016072791069746
[2023-05-01 21:23:07] Train Epoch: 8 [1000/20000 (5.0%)]	Loss: 0.0006214689346961677
[2023-05-01 21:23:10] Train Epoch: 8 [2000/20000 (10.0%)]	Loss: 0.008224898017942905
[2023-05-01 21:23:13] Train Epoch: 8 [3000/20000 (15.0%)]	Loss: 0.011529820039868355
[2023-05-01 21:23:15] Train Epoch: 8 [4000/20000 (20.0%)]	Loss: 0.0005310509586706758
[2023-05-01 21:23:18] Train Epoch: 8 [5000/20000 (25.0%)]	Loss: 0.0005052023916505277
[2023-05-01 21:23:21] Train Epoch: 8 [6000/20000 (30.0%)]	Loss: 0.0017616304103285074
[2023-05-01 21:23:24] Train Epoch: 8 [7000/20000 (35.0%)]	Loss: 0.0006356850499287248
[2023-05-01 21:23:26] Train Epoch: 8 [8000/20000 (40.0%)]	Loss: 0.30353009700775146
[2023-05-01 21:23:29] Train Epoch: 8 [9000/20000 (45.0%)]	Loss: 0.00559906754642725
[2023-05-01 21:23:31] Train Epoch: 8 [10000/20000 (50.0%)]	Loss: 0.00040131868445314467
[2023-05-01 21:23:34] Train Epoch: 8 [11000/20000 (55.0%)]	Loss: 0.0015429608756676316
[2023-05-01 21:23:37] Train Epoch: 8 [12000/20000 (60.0%)]	Loss: 0.0005198770668357611
[2023-05-01 21:23:39] Train Epoch: 8 [13000/20000 (65.0%)]	Loss: 0.0006026094197295606
[2023-05-01 21:23:42] Train Epoch: 8 [14000/20000 (70.0%)]	Loss: 0.000512897502630949
[2023-05-01 21:23:45] Train Epoch: 8 [15000/20000 (75.0%)]	Loss: 0.0005029036547057331
[2023-05-01 21:23:47] Train Epoch: 8 [16000/20000 (80.0%)]	Loss: 0.0003662681265268475
[2023-05-01 21:23:50] Train Epoch: 8 [17000/20000 (85.0%)]	Loss: 0.00021385506261140108
[2023-05-01 21:23:53] Train Epoch: 8 [18000/20000 (90.0%)]	Loss: 0.001269313390366733
[2023-05-01 21:23:55] Train Epoch: 8 [19000/20000 (95.0%)]	Loss: 0.000364714942406863
[2023-05-01 21:24:06] ========== Metrics ==========
[2023-05-01 21:24:06] {
  "tr_loss": 0.00825458796557456,
  "tr_acc": 0.9983998399839984,
  "tr_f1": 0.9983993597438976,
  "val_loss": 0.9121412169277604,
  "val_acc": 0.8228815064842778,
  "val_f1": 0.81948216548977,
  "test_loss": 0.8764109281989617,
  "test_acc": 0.8211382113821138,
  "test_f1": 0.8135593220338982
}
[2023-05-01 21:24:06] ========== Metrics ==========
[2023-05-01 21:24:07] Train Epoch: 9 [0/20000 (0.0%)]	Loss: 0.00074034120189026
[2023-05-01 21:24:10] Train Epoch: 9 [1000/20000 (5.0%)]	Loss: 0.001768632559105754
[2023-05-01 21:24:13] Train Epoch: 9 [2000/20000 (10.0%)]	Loss: 0.0008892187615856528
[2023-05-01 21:24:15] Train Epoch: 9 [3000/20000 (15.0%)]	Loss: 0.0011050344910472631
[2023-05-01 21:24:18] Train Epoch: 9 [4000/20000 (20.0%)]	Loss: 0.0007035962189547718
[2023-05-01 21:24:21] Train Epoch: 9 [5000/20000 (25.0%)]	Loss: 0.0014138261321932077
[2023-05-01 21:24:23] Train Epoch: 9 [6000/20000 (30.0%)]	Loss: 0.00056544627295807
[2023-05-01 21:24:26] Train Epoch: 9 [7000/20000 (35.0%)]	Loss: 0.0025906129740178585
[2023-05-01 21:24:29] Train Epoch: 9 [8000/20000 (40.0%)]	Loss: 0.00022586311388295144
[2023-05-01 21:24:31] Train Epoch: 9 [9000/20000 (45.0%)]	Loss: 0.0037467232905328274
[2023-05-01 21:24:34] Train Epoch: 9 [10000/20000 (50.0%)]	Loss: 0.0009304527193307877
[2023-05-01 21:24:36] Train Epoch: 9 [11000/20000 (55.0%)]	Loss: 0.0002032770134974271
[2023-05-01 21:24:39] Train Epoch: 9 [12000/20000 (60.0%)]	Loss: 0.000895535689778626
[2023-05-01 21:24:42] Train Epoch: 9 [13000/20000 (65.0%)]	Loss: 0.0006768758175894618
[2023-05-01 21:24:44] Train Epoch: 9 [14000/20000 (70.0%)]	Loss: 0.0021694176830351353
[2023-05-01 21:24:47] Train Epoch: 9 [15000/20000 (75.0%)]	Loss: 0.0013040616177022457
[2023-05-01 21:24:50] Train Epoch: 9 [16000/20000 (80.0%)]	Loss: 0.001655238913372159
[2023-05-01 21:24:52] Train Epoch: 9 [17000/20000 (85.0%)]	Loss: 0.00014601318980567157
[2023-05-01 21:24:55] Train Epoch: 9 [18000/20000 (90.0%)]	Loss: 0.005432683043181896
[2023-05-01 21:24:57] Train Epoch: 9 [19000/20000 (95.0%)]	Loss: 0.00041163418791256845
[2023-05-01 21:25:07] Stop At epoch 9/20 due to valid not increase
[2023-05-01 21:25:09] ========== Metrics ==========
[2023-05-01 21:25:09] {
  "tr_loss": 0.0065213064480219955,
  "tr_acc": 0.9986998699869987,
  "tr_f1": 0.9986992195317191,
  "val_loss": 1.018450012650019,
  "val_acc": 0.8191508260792325,
  "val_f1": 0.8173663437387872,
  "test_loss": 0.9748994703922007,
  "test_acc": 0.8238482384823849,
  "test_f1": 0.8158640226628894
}
[2023-05-01 21:25:09] ========== Metrics ==========
