[2023-05-02 08:18:26] Train Epoch: 1 [0/20000 (0.0%)]	Loss: 0.700851559638977
[2023-05-02 08:18:29] Train Epoch: 1 [1000/20000 (5.0%)]	Loss: 0.4198153018951416
[2023-05-02 08:18:32] Train Epoch: 1 [2000/20000 (10.0%)]	Loss: 0.5388535261154175
[2023-05-02 08:18:34] Train Epoch: 1 [3000/20000 (15.0%)]	Loss: 0.6016529202461243
[2023-05-02 08:18:37] Train Epoch: 1 [4000/20000 (20.0%)]	Loss: 0.4008101522922516
[2023-05-02 08:18:39] Train Epoch: 1 [5000/20000 (25.0%)]	Loss: 0.5448507070541382
[2023-05-02 08:18:42] Train Epoch: 1 [6000/20000 (30.0%)]	Loss: 0.4758438467979431
[2023-05-02 08:18:45] Train Epoch: 1 [7000/20000 (35.0%)]	Loss: 0.5461829900741577
[2023-05-02 08:18:47] Train Epoch: 1 [8000/20000 (40.0%)]	Loss: 0.2403147965669632
[2023-05-02 08:18:50] Train Epoch: 1 [9000/20000 (45.0%)]	Loss: 0.2597498297691345
[2023-05-02 08:18:53] Train Epoch: 1 [10000/20000 (50.0%)]	Loss: 0.3934277594089508
[2023-05-02 08:18:56] Train Epoch: 1 [11000/20000 (55.0%)]	Loss: 0.3894158899784088
[2023-05-02 08:18:59] Train Epoch: 1 [12000/20000 (60.0%)]	Loss: 0.24679049849510193
[2023-05-02 08:19:02] Train Epoch: 1 [13000/20000 (65.0%)]	Loss: 0.3656066060066223
[2023-05-02 08:19:06] Train Epoch: 1 [14000/20000 (70.0%)]	Loss: 0.4436362385749817
[2023-05-02 08:19:10] Train Epoch: 1 [15000/20000 (75.0%)]	Loss: 0.4395967125892639
[2023-05-02 08:19:13] Train Epoch: 1 [16000/20000 (80.0%)]	Loss: 0.6042715311050415
[2023-05-02 08:19:17] Train Epoch: 1 [17000/20000 (85.0%)]	Loss: 0.31432655453681946
[2023-05-02 08:19:21] Train Epoch: 1 [18000/20000 (90.0%)]	Loss: 0.3896472454071045
[2023-05-02 08:19:24] Train Epoch: 1 [19000/20000 (95.0%)]	Loss: 0.40012693405151367
[2023-05-02 08:19:36] ========== Metrics ==========
[2023-05-02 08:19:36] {
  "tr_loss": 0.4793901212311516,
  "tr_acc": 0.772077207720772,
  "tr_f1": 0.7778968911412144,
  "val_loss": 0.4904603776001638,
  "val_acc": 0.7576834251199147,
  "val_f1": 0.701270258431888,
  "test_loss": 0.5522756145252445,
  "test_acc": 0.7127371273712737,
  "test_f1": 0.624113475177305
}
[2023-05-02 08:19:36] ========== Metrics ==========
[2023-05-02 08:19:38] Train Epoch: 2 [0/20000 (0.0%)]	Loss: 0.46514445543289185
[2023-05-02 08:19:42] Train Epoch: 2 [1000/20000 (5.0%)]	Loss: 0.35120028257369995
[2023-05-02 08:19:45] Train Epoch: 2 [2000/20000 (10.0%)]	Loss: 0.27819836139678955
[2023-05-02 08:19:49] Train Epoch: 2 [3000/20000 (15.0%)]	Loss: 0.2253955900669098
[2023-05-02 08:19:53] Train Epoch: 2 [4000/20000 (20.0%)]	Loss: 0.28309813141822815
[2023-05-02 08:19:57] Train Epoch: 2 [5000/20000 (25.0%)]	Loss: 0.20760519802570343
[2023-05-02 08:20:00] Train Epoch: 2 [6000/20000 (30.0%)]	Loss: 0.2515692114830017
[2023-05-02 08:20:04] Train Epoch: 2 [7000/20000 (35.0%)]	Loss: 0.47355252504348755
[2023-05-02 08:20:08] Train Epoch: 2 [8000/20000 (40.0%)]	Loss: 0.49956345558166504
[2023-05-02 08:20:12] Train Epoch: 2 [9000/20000 (45.0%)]	Loss: 0.4127437174320221
[2023-05-02 08:20:16] Train Epoch: 2 [10000/20000 (50.0%)]	Loss: 0.24751758575439453
[2023-05-02 08:20:20] Train Epoch: 2 [11000/20000 (55.0%)]	Loss: 0.37140724062919617
[2023-05-02 08:20:24] Train Epoch: 2 [12000/20000 (60.0%)]	Loss: 0.23530089855194092
[2023-05-02 08:20:28] Train Epoch: 2 [13000/20000 (65.0%)]	Loss: 0.33274033665657043
[2023-05-02 08:20:32] Train Epoch: 2 [14000/20000 (70.0%)]	Loss: 0.35616594552993774
[2023-05-02 08:20:36] Train Epoch: 2 [15000/20000 (75.0%)]	Loss: 0.30113983154296875
[2023-05-02 08:20:40] Train Epoch: 2 [16000/20000 (80.0%)]	Loss: 0.05502483248710632
[2023-05-02 08:20:44] Train Epoch: 2 [17000/20000 (85.0%)]	Loss: 0.20274090766906738
[2023-05-02 08:20:48] Train Epoch: 2 [18000/20000 (90.0%)]	Loss: 0.18336941301822662
[2023-05-02 08:20:52] Train Epoch: 2 [19000/20000 (95.0%)]	Loss: 0.195501908659935
[2023-05-02 08:21:05] ========== Metrics ==========
[2023-05-02 08:21:05] {
  "tr_loss": 0.3036443883664358,
  "tr_acc": 0.8802880288028803,
  "tr_f1": 0.8800961634779124,
  "val_loss": 0.3716829909135148,
  "val_acc": 0.8385148338958962,
  "val_f1": 0.8379967920156836,
  "test_loss": 0.3825661879244859,
  "test_acc": 0.8428184281842819,
  "test_f1": 0.8352272727272728
}
[2023-05-02 08:21:05] ========== Metrics ==========
[2023-05-02 08:21:06] Train Epoch: 3 [0/20000 (0.0%)]	Loss: 0.16889622807502747
[2023-05-02 08:21:10] Train Epoch: 3 [1000/20000 (5.0%)]	Loss: 0.11198975890874863
[2023-05-02 08:21:15] Train Epoch: 3 [2000/20000 (10.0%)]	Loss: 0.0808568075299263
[2023-05-02 08:21:19] Train Epoch: 3 [3000/20000 (15.0%)]	Loss: 0.08696403354406357
[2023-05-02 08:21:23] Train Epoch: 3 [4000/20000 (20.0%)]	Loss: 0.17415837943553925
[2023-05-02 08:21:27] Train Epoch: 3 [5000/20000 (25.0%)]	Loss: 0.08254919946193695
[2023-05-02 08:21:32] Train Epoch: 3 [6000/20000 (30.0%)]	Loss: 0.03239983320236206
[2023-05-02 08:21:36] Train Epoch: 3 [7000/20000 (35.0%)]	Loss: 0.23193450272083282
[2023-05-02 08:21:40] Train Epoch: 3 [8000/20000 (40.0%)]	Loss: 0.6096338629722595
[2023-05-02 08:21:44] Train Epoch: 3 [9000/20000 (45.0%)]	Loss: 0.08447995781898499
[2023-05-02 08:21:48] Train Epoch: 3 [10000/20000 (50.0%)]	Loss: 0.1310718059539795
[2023-05-02 08:21:52] Train Epoch: 3 [11000/20000 (55.0%)]	Loss: 0.015147355385124683
[2023-05-02 08:21:56] Train Epoch: 3 [12000/20000 (60.0%)]	Loss: 0.25047776103019714
[2023-05-02 08:22:00] Train Epoch: 3 [13000/20000 (65.0%)]	Loss: 0.35165438055992126
[2023-05-02 08:22:05] Train Epoch: 3 [14000/20000 (70.0%)]	Loss: 0.1366700679063797
[2023-05-02 08:22:09] Train Epoch: 3 [15000/20000 (75.0%)]	Loss: 0.0669805034995079
[2023-05-02 08:22:13] Train Epoch: 3 [16000/20000 (80.0%)]	Loss: 0.4243617057800293
[2023-05-02 08:22:17] Train Epoch: 3 [17000/20000 (85.0%)]	Loss: 0.17290964722633362
[2023-05-02 08:22:21] Train Epoch: 3 [18000/20000 (90.0%)]	Loss: 0.29350996017456055
[2023-05-02 08:22:25] Train Epoch: 3 [19000/20000 (95.0%)]	Loss: 0.19959408044815063
[2023-05-02 08:22:36] ========== Metrics ==========
[2023-05-02 08:22:36] {
  "tr_loss": 0.18796610069356942,
  "tr_acc": 0.9335433543354336,
  "tr_f1": 0.9334934694490318,
  "val_loss": 0.5188726389515589,
  "val_acc": 0.8426008171966601,
  "val_f1": 0.8421240199572345,
  "test_loss": 0.4401730691514364,
  "test_acc": 0.8590785907859079,
  "test_f1": 0.8531073446327684
}
[2023-05-02 08:22:36] ========== Metrics ==========
[2023-05-02 08:22:37] Train Epoch: 4 [0/20000 (0.0%)]	Loss: 0.07467548549175262
[2023-05-02 08:22:42] Train Epoch: 4 [1000/20000 (5.0%)]	Loss: 0.3091316819190979
[2023-05-02 08:22:46] Train Epoch: 4 [2000/20000 (10.0%)]	Loss: 0.10342247784137726
[2023-05-02 08:22:50] Train Epoch: 4 [3000/20000 (15.0%)]	Loss: 0.11533944308757782
[2023-05-02 08:22:53] Train Epoch: 4 [4000/20000 (20.0%)]	Loss: 0.08186054974794388
[2023-05-02 08:22:57] Train Epoch: 4 [5000/20000 (25.0%)]	Loss: 0.1812296062707901
[2023-05-02 08:23:01] Train Epoch: 4 [6000/20000 (30.0%)]	Loss: 0.11748605966567993
[2023-05-02 08:23:05] Train Epoch: 4 [7000/20000 (35.0%)]	Loss: 0.15184472501277924
[2023-05-02 08:23:09] Train Epoch: 4 [8000/20000 (40.0%)]	Loss: 0.12128569185733795
[2023-05-02 08:23:13] Train Epoch: 4 [9000/20000 (45.0%)]	Loss: 0.3480740487575531
[2023-05-02 08:23:17] Train Epoch: 4 [10000/20000 (50.0%)]	Loss: 0.2723601162433624
[2023-05-02 08:23:21] Train Epoch: 4 [11000/20000 (55.0%)]	Loss: 0.09781793504953384
[2023-05-02 08:23:25] Train Epoch: 4 [12000/20000 (60.0%)]	Loss: 0.08794225007295609
[2023-05-02 08:23:29] Train Epoch: 4 [13000/20000 (65.0%)]	Loss: 0.028030553832650185
[2023-05-02 08:23:34] Train Epoch: 4 [14000/20000 (70.0%)]	Loss: 0.09031884372234344
[2023-05-02 08:23:38] Train Epoch: 4 [15000/20000 (75.0%)]	Loss: 0.06335867941379547
[2023-05-02 08:23:42] Train Epoch: 4 [16000/20000 (80.0%)]	Loss: 0.3921435475349426
[2023-05-02 08:23:46] Train Epoch: 4 [17000/20000 (85.0%)]	Loss: 0.01796914078295231
[2023-05-02 08:23:51] Train Epoch: 4 [18000/20000 (90.0%)]	Loss: 0.01088705100119114
[2023-05-02 08:23:55] Train Epoch: 4 [19000/20000 (95.0%)]	Loss: 0.35074561834335327
[2023-05-02 08:24:07] ========== Metrics ==========
[2023-05-02 08:24:07] {
  "tr_loss": 0.10653101293594971,
  "tr_acc": 0.9643464346434644,
  "tr_f1": 0.9643232424318239,
  "val_loss": 0.5493184109710635,
  "val_acc": 0.8328299875643986,
  "val_f1": 0.82869106135081,
  "test_loss": 0.5206088919626665,
  "test_acc": 0.8455284552845529,
  "test_f1": 0.8357348703170028
}
[2023-05-02 08:24:07] ========== Metrics ==========
[2023-05-02 08:24:08] Train Epoch: 5 [0/20000 (0.0%)]	Loss: 0.020954513922333717
[2023-05-02 08:24:13] Train Epoch: 5 [1000/20000 (5.0%)]	Loss: 0.1905660182237625
[2023-05-02 08:24:17] Train Epoch: 5 [2000/20000 (10.0%)]	Loss: 0.012243922799825668
[2023-05-02 08:24:21] Train Epoch: 5 [3000/20000 (15.0%)]	Loss: 0.10769999027252197
[2023-05-02 08:24:25] Train Epoch: 5 [4000/20000 (20.0%)]	Loss: 0.19478653371334076
[2023-05-02 08:24:30] Train Epoch: 5 [5000/20000 (25.0%)]	Loss: 0.053161583840847015
[2023-05-02 08:24:34] Train Epoch: 5 [6000/20000 (30.0%)]	Loss: 0.01983734592795372
[2023-05-02 08:24:38] Train Epoch: 5 [7000/20000 (35.0%)]	Loss: 0.0027573707047849894
[2023-05-02 08:24:42] Train Epoch: 5 [8000/20000 (40.0%)]	Loss: 0.017158143222332
[2023-05-02 08:24:46] Train Epoch: 5 [9000/20000 (45.0%)]	Loss: 0.00680245365947485
[2023-05-02 08:24:50] Train Epoch: 5 [10000/20000 (50.0%)]	Loss: 0.25032493472099304
[2023-05-02 08:24:55] Train Epoch: 5 [11000/20000 (55.0%)]	Loss: 0.02445889636874199
[2023-05-02 08:24:59] Train Epoch: 5 [12000/20000 (60.0%)]	Loss: 0.15680332481861115
[2023-05-02 08:25:03] Train Epoch: 5 [13000/20000 (65.0%)]	Loss: 0.043120127171278
[2023-05-02 08:25:07] Train Epoch: 5 [14000/20000 (70.0%)]	Loss: 0.0072989193722605705
[2023-05-02 08:25:11] Train Epoch: 5 [15000/20000 (75.0%)]	Loss: 0.020429622381925583
[2023-05-02 08:25:15] Train Epoch: 5 [16000/20000 (80.0%)]	Loss: 0.030538205057382584
[2023-05-02 08:25:20] Train Epoch: 5 [17000/20000 (85.0%)]	Loss: 0.009111681021749973
[2023-05-02 08:25:24] Train Epoch: 5 [18000/20000 (90.0%)]	Loss: 0.011765295639634132
[2023-05-02 08:25:28] Train Epoch: 5 [19000/20000 (95.0%)]	Loss: 0.002984042512252927
[2023-05-02 08:25:40] ========== Metrics ==========
[2023-05-02 08:25:40] {
  "tr_loss": 0.05899909766326792,
  "tr_acc": 0.9816481648164816,
  "tr_f1": 0.981643575251338,
  "val_loss": 0.7146667765688729,
  "val_acc": 0.8125777225084384,
  "val_f1": 0.795898626426775,
  "test_loss": 0.7833968938850775,
  "test_acc": 0.7831978319783198,
  "test_f1": 0.7419354838709677
}
[2023-05-02 08:25:40] ========== Metrics ==========
[2023-05-02 08:25:42] Train Epoch: 6 [0/20000 (0.0%)]	Loss: 0.008937973529100418
[2023-05-02 08:25:46] Train Epoch: 6 [1000/20000 (5.0%)]	Loss: 0.0044333492405712605
[2023-05-02 08:25:50] Train Epoch: 6 [2000/20000 (10.0%)]	Loss: 0.004294182173907757
[2023-05-02 08:25:55] Train Epoch: 6 [3000/20000 (15.0%)]	Loss: 0.004613952245563269
[2023-05-02 08:25:59] Train Epoch: 6 [4000/20000 (20.0%)]	Loss: 0.00460906932130456
[2023-05-02 08:26:03] Train Epoch: 6 [5000/20000 (25.0%)]	Loss: 0.004000628367066383
[2023-05-02 08:26:08] Train Epoch: 6 [6000/20000 (30.0%)]	Loss: 0.0014017608482390642
[2023-05-02 08:26:12] Train Epoch: 6 [7000/20000 (35.0%)]	Loss: 0.007416932377964258
[2023-05-02 08:26:16] Train Epoch: 6 [8000/20000 (40.0%)]	Loss: 0.2363414466381073
[2023-05-02 08:26:21] Train Epoch: 6 [9000/20000 (45.0%)]	Loss: 0.005183723755180836
[2023-05-02 08:26:25] Train Epoch: 6 [10000/20000 (50.0%)]	Loss: 0.007963361218571663
[2023-05-02 08:26:29] Train Epoch: 6 [11000/20000 (55.0%)]	Loss: 0.006591503974050283
[2023-05-02 08:26:33] Train Epoch: 6 [12000/20000 (60.0%)]	Loss: 0.0038180449046194553
[2023-05-02 08:26:37] Train Epoch: 6 [13000/20000 (65.0%)]	Loss: 0.01660497672855854
[2023-05-02 08:26:41] Train Epoch: 6 [14000/20000 (70.0%)]	Loss: 0.006503829266875982
[2023-05-02 08:26:45] Train Epoch: 6 [15000/20000 (75.0%)]	Loss: 0.006466301623731852
[2023-05-02 08:26:50] Train Epoch: 6 [16000/20000 (80.0%)]	Loss: 0.0063539608381688595
[2023-05-02 08:26:54] Train Epoch: 6 [17000/20000 (85.0%)]	Loss: 0.005460313521325588
[2023-05-02 08:26:58] Train Epoch: 6 [18000/20000 (90.0%)]	Loss: 0.006728034466505051
[2023-05-02 08:27:03] Train Epoch: 6 [19000/20000 (95.0%)]	Loss: 0.0013271343195810914
[2023-05-02 08:27:16] ========== Metrics ==========
[2023-05-02 08:27:16] {
  "tr_loss": 0.018942594628767854,
  "tr_acc": 0.9951495149514952,
  "tr_f1": 0.9951497574878745,
  "val_loss": 0.7582660747381272,
  "val_acc": 0.8267898383371824,
  "val_f1": 0.8246087425796006,
  "test_loss": 0.7011143633020602,
  "test_acc": 0.8265582655826558,
  "test_f1": 0.8150289017341041
}
[2023-05-02 08:27:16] ========== Metrics ==========
[2023-05-02 08:27:17] Train Epoch: 7 [0/20000 (0.0%)]	Loss: 0.018867146223783493
[2023-05-02 08:27:22] Train Epoch: 7 [1000/20000 (5.0%)]	Loss: 0.0013681515119969845
[2023-05-02 08:27:26] Train Epoch: 7 [2000/20000 (10.0%)]	Loss: 0.007690259255468845
[2023-05-02 08:27:30] Train Epoch: 7 [3000/20000 (15.0%)]	Loss: 0.001300801639445126
[2023-05-02 08:27:35] Train Epoch: 7 [4000/20000 (20.0%)]	Loss: 0.0032918055076152086
[2023-05-02 08:27:39] Train Epoch: 7 [5000/20000 (25.0%)]	Loss: 0.0006490011583082378
[2023-05-02 08:27:43] Train Epoch: 7 [6000/20000 (30.0%)]	Loss: 0.002166548278182745
[2023-05-02 08:27:48] Train Epoch: 7 [7000/20000 (35.0%)]	Loss: 0.0024948017671704292
[2023-05-02 08:27:52] Train Epoch: 7 [8000/20000 (40.0%)]	Loss: 0.0007200925028882921
[2023-05-02 08:27:57] Train Epoch: 7 [9000/20000 (45.0%)]	Loss: 0.0007554139010608196
[2023-05-02 08:28:01] Train Epoch: 7 [10000/20000 (50.0%)]	Loss: 0.0007548073190264404
[2023-05-02 08:28:06] Train Epoch: 7 [11000/20000 (55.0%)]	Loss: 0.001332012820057571
[2023-05-02 08:28:10] Train Epoch: 7 [12000/20000 (60.0%)]	Loss: 0.006701827049255371
[2023-05-02 08:28:15] Train Epoch: 7 [13000/20000 (65.0%)]	Loss: 0.0003903457836713642
[2023-05-02 08:28:19] Train Epoch: 7 [14000/20000 (70.0%)]	Loss: 0.003021795069798827
[2023-05-02 08:28:23] Train Epoch: 7 [15000/20000 (75.0%)]	Loss: 0.000837635132484138
[2023-05-02 08:28:27] Train Epoch: 7 [16000/20000 (80.0%)]	Loss: 0.010797434486448765
[2023-05-02 08:28:31] Train Epoch: 7 [17000/20000 (85.0%)]	Loss: 0.055849216878414154
[2023-05-02 08:28:35] Train Epoch: 7 [18000/20000 (90.0%)]	Loss: 0.0019750099163502455
[2023-05-02 08:28:39] Train Epoch: 7 [19000/20000 (95.0%)]	Loss: 0.0007963349344208837
[2023-05-02 08:28:52] ========== Metrics ==========
[2023-05-02 08:28:52] {
  "tr_loss": 0.014321275843106749,
  "tr_acc": 0.9968496849684968,
  "tr_f1": 0.9968488971139899,
  "val_loss": 0.8321302066836556,
  "val_acc": 0.8237697637235744,
  "val_f1": 0.8265127667016438,
  "test_loss": 0.6836997053325984,
  "test_acc": 0.8428184281842819,
  "test_f1": 0.839779005524862
}
[2023-05-02 08:28:52] ========== Metrics ==========
[2023-05-02 08:28:54] Train Epoch: 8 [0/20000 (0.0%)]	Loss: 0.002662788610905409
[2023-05-02 08:28:59] Train Epoch: 8 [1000/20000 (5.0%)]	Loss: 0.001256580580957234
[2023-05-02 08:29:04] Train Epoch: 8 [2000/20000 (10.0%)]	Loss: 0.014161251485347748
[2023-05-02 08:29:09] Train Epoch: 8 [3000/20000 (15.0%)]	Loss: 0.005365380086004734
[2023-05-02 08:29:14] Train Epoch: 8 [4000/20000 (20.0%)]	Loss: 0.0016842596232891083
[2023-05-02 08:29:18] Train Epoch: 8 [5000/20000 (25.0%)]	Loss: 0.0018714368343353271
[2023-05-02 08:29:22] Train Epoch: 8 [6000/20000 (30.0%)]	Loss: 0.004348478280007839
[2023-05-02 08:29:26] Train Epoch: 8 [7000/20000 (35.0%)]	Loss: 0.007955755107104778
[2023-05-02 08:29:30] Train Epoch: 8 [8000/20000 (40.0%)]	Loss: 0.011357157491147518
[2023-05-02 08:29:34] Train Epoch: 8 [9000/20000 (45.0%)]	Loss: 0.0023391253780573606
[2023-05-02 08:29:38] Train Epoch: 8 [10000/20000 (50.0%)]	Loss: 0.007891405373811722
[2023-05-02 08:29:42] Train Epoch: 8 [11000/20000 (55.0%)]	Loss: 0.0007483955705538392
[2023-05-02 08:29:46] Train Epoch: 8 [12000/20000 (60.0%)]	Loss: 0.0006393357762135565
[2023-05-02 08:29:50] Train Epoch: 8 [13000/20000 (65.0%)]	Loss: 0.00035300239687785506
[2023-05-02 08:29:54] Train Epoch: 8 [14000/20000 (70.0%)]	Loss: 0.004363048356026411
[2023-05-02 08:29:58] Train Epoch: 8 [15000/20000 (75.0%)]	Loss: 0.0029326784424483776
[2023-05-02 08:30:02] Train Epoch: 8 [16000/20000 (80.0%)]	Loss: 0.005207667592912912
[2023-05-02 08:30:06] Train Epoch: 8 [17000/20000 (85.0%)]	Loss: 0.0015510028460994363
[2023-05-02 08:30:10] Train Epoch: 8 [18000/20000 (90.0%)]	Loss: 0.0019172182073816657
[2023-05-02 08:30:14] Train Epoch: 8 [19000/20000 (95.0%)]	Loss: 0.20009005069732666
[2023-05-02 08:30:26] ========== Metrics ==========
[2023-05-02 08:30:26] {
  "tr_loss": 0.011721134456626332,
  "tr_acc": 0.9974497449744975,
  "tr_f1": 0.9974496174426165,
  "val_loss": 0.9601076256462615,
  "val_acc": 0.8212826434535442,
  "val_f1": 0.8249216846501914,
  "test_loss": 0.7915027047883527,
  "test_acc": 0.8401084010840109,
  "test_f1": 0.8392370572207085
}
[2023-05-02 08:30:26] ========== Metrics ==========
[2023-05-02 08:30:28] Train Epoch: 9 [0/20000 (0.0%)]	Loss: 0.3412748873233795
[2023-05-02 08:30:32] Train Epoch: 9 [1000/20000 (5.0%)]	Loss: 0.06114136427640915
[2023-05-02 08:30:36] Train Epoch: 9 [2000/20000 (10.0%)]	Loss: 0.0005079911206848919
[2023-05-02 08:30:40] Train Epoch: 9 [3000/20000 (15.0%)]	Loss: 0.001777817727997899
[2023-05-02 08:30:44] Train Epoch: 9 [4000/20000 (20.0%)]	Loss: 0.0004301230364944786
[2023-05-02 08:30:48] Train Epoch: 9 [5000/20000 (25.0%)]	Loss: 0.001519050681963563
[2023-05-02 08:30:52] Train Epoch: 9 [6000/20000 (30.0%)]	Loss: 0.015487330965697765
[2023-05-02 08:30:56] Train Epoch: 9 [7000/20000 (35.0%)]	Loss: 0.0006940066814422607
[2023-05-02 08:31:00] Train Epoch: 9 [8000/20000 (40.0%)]	Loss: 0.00040604156674817204
[2023-05-02 08:31:04] Train Epoch: 9 [9000/20000 (45.0%)]	Loss: 0.0010320749133825302
[2023-05-02 08:31:07] Train Epoch: 9 [10000/20000 (50.0%)]	Loss: 0.002020168351009488
[2023-05-02 08:31:11] Train Epoch: 9 [11000/20000 (55.0%)]	Loss: 0.00017539181862957776
[2023-05-02 08:31:15] Train Epoch: 9 [12000/20000 (60.0%)]	Loss: 0.0007238889811560512
[2023-05-02 08:31:19] Train Epoch: 9 [13000/20000 (65.0%)]	Loss: 0.0013853572309017181
[2023-05-02 08:31:23] Train Epoch: 9 [14000/20000 (70.0%)]	Loss: 0.34623903036117554
[2023-05-02 08:31:27] Train Epoch: 9 [15000/20000 (75.0%)]	Loss: 0.002143571153283119
[2023-05-02 08:31:31] Train Epoch: 9 [16000/20000 (80.0%)]	Loss: 0.003338312730193138
[2023-05-02 08:31:35] Train Epoch: 9 [17000/20000 (85.0%)]	Loss: 0.002691227477043867
[2023-05-02 08:31:39] Train Epoch: 9 [18000/20000 (90.0%)]	Loss: 0.0016022119671106339
[2023-05-02 08:31:43] Train Epoch: 9 [19000/20000 (95.0%)]	Loss: 0.0014095978112891316
[2023-05-02 08:31:53] Stop At epoch 9/20 due to valid not increase
[2023-05-02 08:31:55] ========== Metrics ==========
[2023-05-02 08:31:55] {
  "tr_loss": 0.009331172555630991,
  "tr_acc": 0.9981998199819982,
  "tr_f1": 0.9981990995497749,
  "val_loss": 0.9695031160849739,
  "val_acc": 0.8180849173920768,
  "val_f1": 0.8195912614517266,
  "test_loss": 0.8798516176257353,
  "test_acc": 0.8292682926829268,
  "test_f1": 0.8264462809917357
}
[2023-05-02 08:31:55] ========== Metrics ==========
