[2023-05-03 03:03:21] Train Epoch: 1 [0/20000 (0.0%)]	Loss: 0.7246261835098267
[2023-05-03 03:03:45] Train Epoch: 1 [1000/20000 (5.0%)]	Loss: 0.6046364307403564
[2023-05-03 03:04:09] Train Epoch: 1 [2000/20000 (10.0%)]	Loss: 0.6994274854660034
[2023-05-03 03:04:32] Train Epoch: 1 [3000/20000 (15.0%)]	Loss: 0.6862881779670715
[2023-05-03 03:04:54] Train Epoch: 1 [4000/20000 (20.0%)]	Loss: 0.6818615198135376
[2023-05-03 03:05:15] Train Epoch: 1 [5000/20000 (25.0%)]	Loss: 0.6990470290184021
[2023-05-03 03:05:36] Train Epoch: 1 [6000/20000 (30.0%)]	Loss: 0.694317102432251
[2023-05-03 03:05:58] Train Epoch: 1 [7000/20000 (35.0%)]	Loss: 0.6938725709915161
[2023-05-03 03:06:20] Train Epoch: 1 [8000/20000 (40.0%)]	Loss: 0.6930891871452332
[2023-05-03 03:06:41] Train Epoch: 1 [9000/20000 (45.0%)]	Loss: 0.7024558782577515
[2023-05-03 03:07:02] Train Epoch: 1 [10000/20000 (50.0%)]	Loss: 0.7018331289291382
[2023-05-03 03:07:23] Train Epoch: 1 [11000/20000 (55.0%)]	Loss: 0.6942305564880371
[2023-05-03 03:07:44] Train Epoch: 1 [12000/20000 (60.0%)]	Loss: 0.6950365304946899
[2023-05-03 03:08:06] Train Epoch: 1 [13000/20000 (65.0%)]	Loss: 0.6947070360183716
[2023-05-03 03:08:27] Train Epoch: 1 [14000/20000 (70.0%)]	Loss: 0.7096699476242065
[2023-05-03 03:08:48] Train Epoch: 1 [15000/20000 (75.0%)]	Loss: 0.7039204835891724
[2023-05-03 03:09:10] Train Epoch: 1 [16000/20000 (80.0%)]	Loss: 0.6909351944923401
[2023-05-03 03:09:31] Train Epoch: 1 [17000/20000 (85.0%)]	Loss: 0.702305793762207
[2023-05-03 03:09:53] Train Epoch: 1 [18000/20000 (90.0%)]	Loss: 0.6847748160362244
[2023-05-03 03:10:14] Train Epoch: 1 [19000/20000 (95.0%)]	Loss: 0.6937434673309326
[2023-05-03 03:11:34] ========== Metrics ==========
[2023-05-03 03:11:34] {
  "tr_loss": 0.6931580492694064,
  "tr_acc": 0.5103510351035103,
  "tr_f1": 0.5338030851266425,
  "val_loss": 0.6945304594024669,
  "val_acc": 0.49955587138035173,
  "val_f1": 0.6662717687477786,
  "test_loss": 0.7137141899687811,
  "test_acc": 0.5067750677506775,
  "test_f1": 0.6726618705035972
}
[2023-05-03 03:11:34] ========== Metrics ==========
[2023-05-03 03:11:37] Train Epoch: 2 [0/20000 (0.0%)]	Loss: 0.6931741833686829
[2023-05-03 03:11:59] Train Epoch: 2 [1000/20000 (5.0%)]	Loss: 0.6946048736572266
[2023-05-03 03:12:20] Train Epoch: 2 [2000/20000 (10.0%)]	Loss: 0.6902723908424377
[2023-05-03 03:12:42] Train Epoch: 2 [3000/20000 (15.0%)]	Loss: 0.6931487321853638
[2023-05-03 03:13:04] Train Epoch: 2 [4000/20000 (20.0%)]	Loss: 0.6932663321495056
[2023-05-03 03:13:27] Train Epoch: 2 [5000/20000 (25.0%)]	Loss: 0.6941457390785217
[2023-05-03 03:13:51] Train Epoch: 2 [6000/20000 (30.0%)]	Loss: 0.6936572790145874
[2023-05-03 03:14:14] Train Epoch: 2 [7000/20000 (35.0%)]	Loss: 0.6995409727096558
[2023-05-03 03:14:39] Train Epoch: 2 [8000/20000 (40.0%)]	Loss: 0.6877330541610718
[2023-05-03 03:15:02] Train Epoch: 2 [9000/20000 (45.0%)]	Loss: 0.6902157068252563
[2023-05-03 03:15:26] Train Epoch: 2 [10000/20000 (50.0%)]	Loss: 0.6900631785392761
[2023-05-03 03:15:48] Train Epoch: 2 [11000/20000 (55.0%)]	Loss: 0.6901741027832031
[2023-05-03 03:16:11] Train Epoch: 2 [12000/20000 (60.0%)]	Loss: 0.6932486295700073
[2023-05-03 03:16:35] Train Epoch: 2 [13000/20000 (65.0%)]	Loss: 0.6985434889793396
[2023-05-03 03:16:58] Train Epoch: 2 [14000/20000 (70.0%)]	Loss: 0.6946207284927368
[2023-05-03 03:17:22] Train Epoch: 2 [15000/20000 (75.0%)]	Loss: 0.6999704837799072
[2023-05-03 03:17:45] Train Epoch: 2 [16000/20000 (80.0%)]	Loss: 0.6820727586746216
[2023-05-03 03:18:09] Train Epoch: 2 [17000/20000 (85.0%)]	Loss: 0.6922740936279297
[2023-05-03 03:18:32] Train Epoch: 2 [18000/20000 (90.0%)]	Loss: 0.6966879367828369
[2023-05-03 03:18:55] Train Epoch: 2 [19000/20000 (95.0%)]	Loss: 0.691882848739624
[2023-05-03 03:20:19] ========== Metrics ==========
[2023-05-03 03:20:19] {
  "tr_loss": 0.6935150841615572,
  "tr_acc": 0.497999799979998,
  "tr_f1": 0.544034155425353,
  "val_loss": 0.6947114942424948,
  "val_acc": 0.49955587138035173,
  "val_f1": 0.6662717687477786,
  "test_loss": 0.7134282427428538,
  "test_acc": 0.5067750677506775,
  "test_f1": 0.6726618705035972
}
[2023-05-03 03:20:19] ========== Metrics ==========
[2023-05-03 03:20:24] Train Epoch: 3 [0/20000 (0.0%)]	Loss: 0.6988970041275024
[2023-05-03 03:20:40] Train Epoch: 3 [1000/20000 (5.0%)]	Loss: 0.6931706666946411
[2023-05-03 03:20:54] Train Epoch: 3 [2000/20000 (10.0%)]	Loss: 0.6928562521934509
[2023-05-03 03:21:07] Train Epoch: 3 [3000/20000 (15.0%)]	Loss: 0.6915737390518188
[2023-05-03 03:21:20] Train Epoch: 3 [4000/20000 (20.0%)]	Loss: 0.694015622138977
[2023-05-03 03:21:34] Train Epoch: 3 [5000/20000 (25.0%)]	Loss: 0.6906825304031372
[2023-05-03 03:21:47] Train Epoch: 3 [6000/20000 (30.0%)]	Loss: 0.684105634689331
[2023-05-03 03:22:00] Train Epoch: 3 [7000/20000 (35.0%)]	Loss: 0.6966843605041504
[2023-05-03 03:22:14] Train Epoch: 3 [8000/20000 (40.0%)]	Loss: 0.6922117471694946
[2023-05-03 03:22:28] Train Epoch: 3 [9000/20000 (45.0%)]	Loss: 0.6883285641670227
[2023-05-03 03:22:41] Train Epoch: 3 [10000/20000 (50.0%)]	Loss: 0.6949219107627869
[2023-05-03 03:22:54] Train Epoch: 3 [11000/20000 (55.0%)]	Loss: 0.6937003135681152
[2023-05-03 03:23:07] Train Epoch: 3 [12000/20000 (60.0%)]	Loss: 0.693507969379425
[2023-05-03 03:23:20] Train Epoch: 3 [13000/20000 (65.0%)]	Loss: 0.6961466073989868
[2023-05-03 03:23:33] Train Epoch: 3 [14000/20000 (70.0%)]	Loss: 0.692186713218689
[2023-05-03 03:23:46] Train Epoch: 3 [15000/20000 (75.0%)]	Loss: 0.686111569404602
[2023-05-03 03:23:59] Train Epoch: 3 [16000/20000 (80.0%)]	Loss: 0.6931899785995483
[2023-05-03 03:24:12] Train Epoch: 3 [17000/20000 (85.0%)]	Loss: 0.6931541562080383
[2023-05-03 03:24:25] Train Epoch: 3 [18000/20000 (90.0%)]	Loss: 0.6911388039588928
[2023-05-03 03:24:38] Train Epoch: 3 [19000/20000 (95.0%)]	Loss: 0.6923416256904602
[2023-05-03 03:25:49] ========== Metrics ==========
[2023-05-03 03:25:49] {
  "tr_loss": 0.693453342118899,
  "tr_acc": 0.5002000200020001,
  "tr_f1": 0.5061026832040323,
  "val_loss": 0.6955240805844978,
  "val_acc": 0.49955587138035173,
  "val_f1": 0.6662717687477786,
  "test_loss": 0.7149034043960778,
  "test_acc": 0.5067750677506775,
  "test_f1": 0.6726618705035972
}
[2023-05-03 03:25:49] ========== Metrics ==========
[2023-05-03 03:25:53] Train Epoch: 4 [0/20000 (0.0%)]	Loss: 0.6940823793411255
[2023-05-03 03:26:13] Train Epoch: 4 [1000/20000 (5.0%)]	Loss: 0.6934038996696472
[2023-05-03 03:26:32] Train Epoch: 4 [2000/20000 (10.0%)]	Loss: 0.6935753226280212
[2023-05-03 03:26:52] Train Epoch: 4 [3000/20000 (15.0%)]	Loss: 0.6955463290214539
[2023-05-03 03:27:12] Train Epoch: 4 [4000/20000 (20.0%)]	Loss: 0.6905623078346252
[2023-05-03 03:27:32] Train Epoch: 4 [5000/20000 (25.0%)]	Loss: 0.6480320692062378
[2023-05-03 03:27:53] Train Epoch: 4 [6000/20000 (30.0%)]	Loss: 0.6950145959854126
[2023-05-03 03:28:13] Train Epoch: 4 [7000/20000 (35.0%)]	Loss: 0.7097571492195129
[2023-05-03 03:28:33] Train Epoch: 4 [8000/20000 (40.0%)]	Loss: 0.6955029368400574
[2023-05-03 03:28:53] Train Epoch: 4 [9000/20000 (45.0%)]	Loss: 0.6920180916786194
[2023-05-03 03:29:14] Train Epoch: 4 [10000/20000 (50.0%)]	Loss: 0.6875109076499939
[2023-05-03 03:29:34] Train Epoch: 4 [11000/20000 (55.0%)]	Loss: 0.6874098181724548
[2023-05-03 03:29:54] Train Epoch: 4 [12000/20000 (60.0%)]	Loss: 0.693437933921814
[2023-05-03 03:30:14] Train Epoch: 4 [13000/20000 (65.0%)]	Loss: 0.6890451312065125
[2023-05-03 03:30:34] Train Epoch: 4 [14000/20000 (70.0%)]	Loss: 0.691339373588562
[2023-05-03 03:30:53] Train Epoch: 4 [15000/20000 (75.0%)]	Loss: 0.691357433795929
[2023-05-03 03:31:13] Train Epoch: 4 [16000/20000 (80.0%)]	Loss: 0.6989412307739258
[2023-05-03 03:31:34] Train Epoch: 4 [17000/20000 (85.0%)]	Loss: 0.6941627264022827
[2023-05-03 03:31:54] Train Epoch: 4 [18000/20000 (90.0%)]	Loss: 0.684228777885437
[2023-05-03 03:32:14] Train Epoch: 4 [19000/20000 (95.0%)]	Loss: 0.6953974962234497
[2023-05-03 03:33:34] ========== Metrics ==========
[2023-05-03 03:33:34] {
  "tr_loss": 0.693595656598493,
  "tr_acc": 0.497999799979998,
  "tr_f1": 0.5402756788936208,
  "val_loss": 0.6950472580389097,
  "val_acc": 0.49955587138035173,
  "val_f1": 0.6662717687477786,
  "test_loss": 0.7142192044555333,
  "test_acc": 0.5067750677506775,
  "test_f1": 0.6726618705035972
}
[2023-05-03 03:33:34] ========== Metrics ==========
[2023-05-03 03:33:38] Train Epoch: 5 [0/20000 (0.0%)]	Loss: 0.6872727274894714
[2023-05-03 03:33:58] Train Epoch: 5 [1000/20000 (5.0%)]	Loss: 0.6871338486671448
[2023-05-03 03:34:17] Train Epoch: 5 [2000/20000 (10.0%)]	Loss: 0.6936008930206299
[2023-05-03 03:34:36] Train Epoch: 5 [3000/20000 (15.0%)]	Loss: 0.6915456652641296
[2023-05-03 03:34:56] Train Epoch: 5 [4000/20000 (20.0%)]	Loss: 0.692209005355835
[2023-05-03 03:35:16] Train Epoch: 5 [5000/20000 (25.0%)]	Loss: 0.692747175693512
[2023-05-03 03:35:37] Train Epoch: 5 [6000/20000 (30.0%)]	Loss: 0.6936501860618591
[2023-05-03 03:35:57] Train Epoch: 5 [7000/20000 (35.0%)]	Loss: 0.691392183303833
[2023-05-03 03:36:18] Train Epoch: 5 [8000/20000 (40.0%)]	Loss: 0.6936675906181335
[2023-05-03 03:36:37] Train Epoch: 5 [9000/20000 (45.0%)]	Loss: 0.7013686299324036
[2023-05-03 03:36:56] Train Epoch: 5 [10000/20000 (50.0%)]	Loss: 0.6960805654525757
[2023-05-03 03:37:15] Train Epoch: 5 [11000/20000 (55.0%)]	Loss: 0.6932682394981384
[2023-05-03 03:37:33] Train Epoch: 5 [12000/20000 (60.0%)]	Loss: 0.6869493126869202
[2023-05-03 03:37:52] Train Epoch: 5 [13000/20000 (65.0%)]	Loss: 0.6931572556495667
[2023-05-03 03:38:11] Train Epoch: 5 [14000/20000 (70.0%)]	Loss: 0.6964189410209656
[2023-05-03 03:38:30] Train Epoch: 5 [15000/20000 (75.0%)]	Loss: 0.6902295351028442
[2023-05-03 03:38:50] Train Epoch: 5 [16000/20000 (80.0%)]	Loss: 0.6915579438209534
[2023-05-03 03:39:10] Train Epoch: 5 [17000/20000 (85.0%)]	Loss: 0.6923211216926575
[2023-05-03 03:39:29] Train Epoch: 5 [18000/20000 (90.0%)]	Loss: 0.6931506395339966
[2023-05-03 03:39:49] Train Epoch: 5 [19000/20000 (95.0%)]	Loss: 0.6905732750892639
[2023-05-03 03:41:10] ========== Metrics ==========
[2023-05-03 03:41:10] {
  "tr_loss": 0.6935309184671747,
  "tr_acc": 0.5031003100310031,
  "tr_f1": 0.5873167490344284,
  "val_loss": 0.6951195053487544,
  "val_acc": 0.5004441286196483,
  "val_f1": 0.0,
  "test_loss": 0.714900729455922,
  "test_acc": 0.4932249322493225,
  "test_f1": 0.0
}
[2023-05-03 03:41:10] ========== Metrics ==========
[2023-05-03 03:41:14] Train Epoch: 6 [0/20000 (0.0%)]	Loss: 0.6826932430267334
[2023-05-03 03:41:34] Train Epoch: 6 [1000/20000 (5.0%)]	Loss: 0.6902533173561096
[2023-05-03 03:41:54] Train Epoch: 6 [2000/20000 (10.0%)]	Loss: 0.7070020437240601
[2023-05-03 03:42:13] Train Epoch: 6 [3000/20000 (15.0%)]	Loss: 0.6833541393280029
[2023-05-03 03:42:33] Train Epoch: 6 [4000/20000 (20.0%)]	Loss: 0.7003437876701355
[2023-05-03 03:42:52] Train Epoch: 6 [5000/20000 (25.0%)]	Loss: 0.6935403943061829
[2023-05-03 03:43:12] Train Epoch: 6 [6000/20000 (30.0%)]	Loss: 0.6874600648880005
[2023-05-03 03:43:31] Train Epoch: 6 [7000/20000 (35.0%)]	Loss: 0.6887040138244629
[2023-05-03 03:43:50] Train Epoch: 6 [8000/20000 (40.0%)]	Loss: 0.6914528608322144
[2023-05-03 03:44:10] Train Epoch: 6 [9000/20000 (45.0%)]	Loss: 0.6915386319160461
[2023-05-03 03:44:29] Train Epoch: 6 [10000/20000 (50.0%)]	Loss: 0.6904166340827942
[2023-05-03 03:44:49] Train Epoch: 6 [11000/20000 (55.0%)]	Loss: 0.6909768581390381
[2023-05-03 03:45:08] Train Epoch: 6 [12000/20000 (60.0%)]	Loss: 0.6966946125030518
[2023-05-03 03:45:29] Train Epoch: 6 [13000/20000 (65.0%)]	Loss: 0.6951279044151306
[2023-05-03 03:45:50] Train Epoch: 6 [14000/20000 (70.0%)]	Loss: 0.691207230091095
[2023-05-03 03:46:11] Train Epoch: 6 [15000/20000 (75.0%)]	Loss: 0.6917225122451782
[2023-05-03 03:46:32] Train Epoch: 6 [16000/20000 (80.0%)]	Loss: 0.6915212869644165
[2023-05-03 03:46:52] Train Epoch: 6 [17000/20000 (85.0%)]	Loss: 0.6946230530738831
[2023-05-03 03:47:13] Train Epoch: 6 [18000/20000 (90.0%)]	Loss: 0.6927766799926758
[2023-05-03 03:47:35] Train Epoch: 6 [19000/20000 (95.0%)]	Loss: 0.6926344037055969
[2023-05-03 03:48:56] ========== Metrics ==========
[2023-05-03 03:48:56] {
  "tr_loss": 0.6934233938697482,
  "tr_acc": 0.5,
  "tr_f1": 0.0,
  "val_loss": 0.6945037058221868,
  "val_acc": 0.5004441286196483,
  "val_f1": 0.0,
  "test_loss": 0.7138732649123443,
  "test_acc": 0.4932249322493225,
  "test_f1": 0.0
}
[2023-05-03 03:48:56] ========== Metrics ==========
[2023-05-03 03:49:01] Train Epoch: 7 [0/20000 (0.0%)]	Loss: 0.6924740076065063
[2023-05-03 03:49:17] Train Epoch: 7 [1000/20000 (5.0%)]	Loss: 0.6929183602333069
[2023-05-03 03:49:33] Train Epoch: 7 [2000/20000 (10.0%)]	Loss: 0.6926994323730469
[2023-05-03 03:49:49] Train Epoch: 7 [3000/20000 (15.0%)]	Loss: 0.6935100555419922
[2023-05-03 03:50:04] Train Epoch: 7 [4000/20000 (20.0%)]	Loss: 0.6930967569351196
[2023-05-03 03:50:20] Train Epoch: 7 [5000/20000 (25.0%)]	Loss: 0.6922684907913208
[2023-05-03 03:50:35] Train Epoch: 7 [6000/20000 (30.0%)]	Loss: 0.6918033361434937
[2023-05-03 03:50:50] Train Epoch: 7 [7000/20000 (35.0%)]	Loss: 0.6931590437889099
[2023-05-03 03:51:05] Train Epoch: 7 [8000/20000 (40.0%)]	Loss: 0.6931633949279785
[2023-05-03 03:51:21] Train Epoch: 7 [9000/20000 (45.0%)]	Loss: 0.6935678720474243
[2023-05-03 03:51:35] Train Epoch: 7 [10000/20000 (50.0%)]	Loss: 0.6931665539741516
[2023-05-03 03:51:50] Train Epoch: 7 [11000/20000 (55.0%)]	Loss: 0.6931530833244324
[2023-05-03 03:52:05] Train Epoch: 7 [12000/20000 (60.0%)]	Loss: 0.6949731111526489
[2023-05-03 03:52:21] Train Epoch: 7 [13000/20000 (65.0%)]	Loss: 0.6930978298187256
[2023-05-03 03:52:35] Train Epoch: 7 [14000/20000 (70.0%)]	Loss: 0.6945370435714722
[2023-05-03 03:52:50] Train Epoch: 7 [15000/20000 (75.0%)]	Loss: 0.6938730478286743
[2023-05-03 03:53:05] Train Epoch: 7 [16000/20000 (80.0%)]	Loss: 0.6931498646736145
[2023-05-03 03:53:20] Train Epoch: 7 [17000/20000 (85.0%)]	Loss: 0.6926697492599487
[2023-05-03 03:53:35] Train Epoch: 7 [18000/20000 (90.0%)]	Loss: 0.694846510887146
[2023-05-03 03:53:50] Train Epoch: 7 [19000/20000 (95.0%)]	Loss: 0.6923186182975769
[2023-05-03 03:55:01] ========== Metrics ==========
[2023-05-03 03:55:01] {
  "tr_loss": 0.6932766037066468,
  "tr_acc": 0.4964996499649965,
  "tr_f1": 0.40275223916009256,
  "val_loss": 0.6945006096420248,
  "val_acc": 0.5004441286196483,
  "val_f1": 0.0,
  "test_loss": 0.7138314673571082,
  "test_acc": 0.4932249322493225,
  "test_f1": 0.0
}
[2023-05-03 03:55:01] ========== Metrics ==========
[2023-05-03 03:55:06] Train Epoch: 8 [0/20000 (0.0%)]	Loss: 0.6923875212669373
[2023-05-03 03:55:23] Train Epoch: 8 [1000/20000 (5.0%)]	Loss: 0.6926966905593872
[2023-05-03 03:55:39] Train Epoch: 8 [2000/20000 (10.0%)]	Loss: 0.6937792301177979
[2023-05-03 03:55:56] Train Epoch: 8 [3000/20000 (15.0%)]	Loss: 0.6911828517913818
[2023-05-03 03:56:14] Train Epoch: 8 [4000/20000 (20.0%)]	Loss: 0.6937486529350281
[2023-05-03 03:56:31] Train Epoch: 8 [5000/20000 (25.0%)]	Loss: 0.6926908493041992
[2023-05-03 03:56:49] Train Epoch: 8 [6000/20000 (30.0%)]	Loss: 0.6929687261581421
[2023-05-03 03:57:07] Train Epoch: 8 [7000/20000 (35.0%)]	Loss: 0.6924257278442383
[2023-05-03 03:57:24] Train Epoch: 8 [8000/20000 (40.0%)]	Loss: 0.6903930306434631
[2023-05-03 03:57:41] Train Epoch: 8 [9000/20000 (45.0%)]	Loss: 0.6941295862197876
[2023-05-03 03:57:57] Train Epoch: 8 [10000/20000 (50.0%)]	Loss: 0.6931644082069397
[2023-05-03 03:58:14] Train Epoch: 8 [11000/20000 (55.0%)]	Loss: 0.6925633549690247
[2023-05-03 03:58:31] Train Epoch: 8 [12000/20000 (60.0%)]	Loss: 0.6940630078315735
[2023-05-03 03:58:48] Train Epoch: 8 [13000/20000 (65.0%)]	Loss: 0.692562460899353
[2023-05-03 03:59:05] Train Epoch: 8 [14000/20000 (70.0%)]	Loss: 0.6923412084579468
[2023-05-03 03:59:22] Train Epoch: 8 [15000/20000 (75.0%)]	Loss: 0.6924802660942078
[2023-05-03 03:59:40] Train Epoch: 8 [16000/20000 (80.0%)]	Loss: 0.6926366090774536
[2023-05-03 03:59:56] Train Epoch: 8 [17000/20000 (85.0%)]	Loss: 0.6931496858596802
[2023-05-03 04:00:14] Train Epoch: 8 [18000/20000 (90.0%)]	Loss: 0.6933664679527283
[2023-05-03 04:00:31] Train Epoch: 8 [19000/20000 (95.0%)]	Loss: 0.6936122179031372
[2023-05-03 04:01:50] ========== Metrics ==========
[2023-05-03 04:01:50] {
  "tr_loss": 0.6932492007111439,
  "tr_acc": 0.5026002600260026,
  "tr_f1": 0.5390425877010057,
  "val_loss": 0.6945037197994707,
  "val_acc": 0.5004441286196483,
  "val_f1": 0.0,
  "test_loss": 0.7139687389539187,
  "test_acc": 0.4932249322493225,
  "test_f1": 0.0
}
[2023-05-03 04:01:50] ========== Metrics ==========
[2023-05-03 04:01:56] Train Epoch: 9 [0/20000 (0.0%)]	Loss: 0.6927468776702881
[2023-05-03 04:02:12] Train Epoch: 9 [1000/20000 (5.0%)]	Loss: 0.6940978765487671
[2023-05-03 04:02:27] Train Epoch: 9 [2000/20000 (10.0%)]	Loss: 0.692621111869812
[2023-05-03 04:02:42] Train Epoch: 9 [3000/20000 (15.0%)]	Loss: 0.6945733428001404
[2023-05-03 04:02:58] Train Epoch: 9 [4000/20000 (20.0%)]	Loss: 0.6931473016738892
[2023-05-03 04:03:13] Train Epoch: 9 [5000/20000 (25.0%)]	Loss: 0.6937752366065979
[2023-05-03 04:03:28] Train Epoch: 9 [6000/20000 (30.0%)]	Loss: 0.6935594081878662
[2023-05-03 04:03:43] Train Epoch: 9 [7000/20000 (35.0%)]	Loss: 0.6938320398330688
[2023-05-03 04:03:58] Train Epoch: 9 [8000/20000 (40.0%)]	Loss: 0.6930183172225952
[2023-05-03 04:04:13] Train Epoch: 9 [9000/20000 (45.0%)]	Loss: 0.693795382976532
[2023-05-03 04:04:28] Train Epoch: 9 [10000/20000 (50.0%)]	Loss: 0.6931474208831787
[2023-05-03 04:04:42] Train Epoch: 9 [11000/20000 (55.0%)]	Loss: 0.6934347748756409
[2023-05-03 04:04:58] Train Epoch: 9 [12000/20000 (60.0%)]	Loss: 0.6931567788124084
[2023-05-03 04:05:13] Train Epoch: 9 [13000/20000 (65.0%)]	Loss: 0.6942382454872131
[2023-05-03 04:05:29] Train Epoch: 9 [14000/20000 (70.0%)]	Loss: 0.6919971704483032
[2023-05-03 04:05:44] Train Epoch: 9 [15000/20000 (75.0%)]	Loss: 0.6941460371017456
[2023-05-03 04:05:59] Train Epoch: 9 [16000/20000 (80.0%)]	Loss: 0.6924892067909241
[2023-05-03 04:06:14] Train Epoch: 9 [17000/20000 (85.0%)]	Loss: 0.6956327557563782
[2023-05-03 04:06:29] Train Epoch: 9 [18000/20000 (90.0%)]	Loss: 0.6941604614257812
[2023-05-03 04:06:44] Train Epoch: 9 [19000/20000 (95.0%)]	Loss: 0.6931608319282532
[2023-05-03 04:07:55] ========== Metrics ==========
[2023-05-03 04:07:55] {
  "tr_loss": 0.6932628771128303,
  "tr_acc": 0.497999799979998,
  "tr_f1": 0.11292745427233365,
  "val_loss": 0.6945017456140076,
  "val_acc": 0.49955587138035173,
  "val_f1": 0.6662717687477786,
  "test_loss": 0.713809634934919,
  "test_acc": 0.5067750677506775,
  "test_f1": 0.6726618705035972
}
[2023-05-03 04:07:55] ========== Metrics ==========
[2023-05-03 04:08:00] Train Epoch: 10 [0/20000 (0.0%)]	Loss: 0.6931205987930298
[2023-05-03 04:08:18] Train Epoch: 10 [1000/20000 (5.0%)]	Loss: 0.6929829716682434
[2023-05-03 04:08:40] Train Epoch: 10 [2000/20000 (10.0%)]	Loss: 0.6929829120635986
[2023-05-03 04:09:01] Train Epoch: 10 [3000/20000 (15.0%)]	Loss: 0.6929802298545837
[2023-05-03 04:09:22] Train Epoch: 10 [4000/20000 (20.0%)]	Loss: 0.6933795213699341
[2023-05-03 04:09:44] Train Epoch: 10 [5000/20000 (25.0%)]	Loss: 0.6938656568527222
[2023-05-03 04:10:06] Train Epoch: 10 [6000/20000 (30.0%)]	Loss: 0.6922721862792969
[2023-05-03 04:10:28] Train Epoch: 10 [7000/20000 (35.0%)]	Loss: 0.6929754018783569
[2023-05-03 04:10:50] Train Epoch: 10 [8000/20000 (40.0%)]	Loss: 0.6921621561050415
[2023-05-03 04:11:12] Train Epoch: 10 [9000/20000 (45.0%)]	Loss: 0.6934794187545776
[2023-05-03 04:11:34] Train Epoch: 10 [10000/20000 (50.0%)]	Loss: 0.694050669670105
[2023-05-03 04:11:55] Train Epoch: 10 [11000/20000 (55.0%)]	Loss: 0.6932041049003601
[2023-05-03 04:12:17] Train Epoch: 10 [12000/20000 (60.0%)]	Loss: 0.6935632824897766
[2023-05-03 04:12:38] Train Epoch: 10 [13000/20000 (65.0%)]	Loss: 0.6933123469352722
[2023-05-03 04:13:01] Train Epoch: 10 [14000/20000 (70.0%)]	Loss: 0.693284273147583
[2023-05-03 04:13:22] Train Epoch: 10 [15000/20000 (75.0%)]	Loss: 0.6931895613670349
[2023-05-03 04:13:43] Train Epoch: 10 [16000/20000 (80.0%)]	Loss: 0.6924238801002502
[2023-05-03 04:14:04] Train Epoch: 10 [17000/20000 (85.0%)]	Loss: 0.692973792552948
[2023-05-03 04:14:26] Train Epoch: 10 [18000/20000 (90.0%)]	Loss: 0.6932019591331482
[2023-05-03 04:14:47] Train Epoch: 10 [19000/20000 (95.0%)]	Loss: 0.6931487321853638
[2023-05-03 04:16:11] ========== Metrics ==========
[2023-05-03 04:16:11] {
  "tr_loss": 0.6932549630895783,
  "tr_acc": 0.4918991899189919,
  "tr_f1": 0.5638868620970857,
  "val_loss": 0.6944999431797149,
  "val_acc": 0.5004441286196483,
  "val_f1": 0.0,
  "test_loss": 0.7138571861959732,
  "test_acc": 0.4932249322493225,
  "test_f1": 0.0
}
[2023-05-03 04:16:11] ========== Metrics ==========
[2023-05-03 04:16:17] Train Epoch: 11 [0/20000 (0.0%)]	Loss: 0.693150520324707
[2023-05-03 04:16:32] Train Epoch: 11 [1000/20000 (5.0%)]	Loss: 0.6949908137321472
[2023-05-03 04:16:47] Train Epoch: 11 [2000/20000 (10.0%)]	Loss: 0.6937415599822998
[2023-05-03 04:17:01] Train Epoch: 11 [3000/20000 (15.0%)]	Loss: 0.6942853927612305
[2023-05-03 04:17:16] Train Epoch: 11 [4000/20000 (20.0%)]	Loss: 0.6940240859985352
[2023-05-03 04:17:31] Train Epoch: 11 [5000/20000 (25.0%)]	Loss: 0.6922858953475952
[2023-05-03 04:17:45] Train Epoch: 11 [6000/20000 (30.0%)]	Loss: 0.6937642097473145
[2023-05-03 04:18:00] Train Epoch: 11 [7000/20000 (35.0%)]	Loss: 0.6941550970077515
[2023-05-03 04:18:14] Train Epoch: 11 [8000/20000 (40.0%)]	Loss: 0.6931528449058533
[2023-05-03 04:18:28] Train Epoch: 11 [9000/20000 (45.0%)]	Loss: 0.693151593208313
[2023-05-03 04:18:43] Train Epoch: 11 [10000/20000 (50.0%)]	Loss: 0.6916447877883911
[2023-05-03 04:18:57] Train Epoch: 11 [11000/20000 (55.0%)]	Loss: 0.6925478577613831
[2023-05-03 04:19:11] Train Epoch: 11 [12000/20000 (60.0%)]	Loss: 0.6922287940979004
[2023-05-03 04:19:25] Train Epoch: 11 [13000/20000 (65.0%)]	Loss: 0.6931514739990234
[2023-05-03 04:19:39] Train Epoch: 11 [14000/20000 (70.0%)]	Loss: 0.6934186220169067
[2023-05-03 04:19:53] Train Epoch: 11 [15000/20000 (75.0%)]	Loss: 0.693602442741394
[2023-05-03 04:20:08] Train Epoch: 11 [16000/20000 (80.0%)]	Loss: 0.6933700442314148
[2023-05-03 04:20:22] Train Epoch: 11 [17000/20000 (85.0%)]	Loss: 0.6936802864074707
[2023-05-03 04:20:36] Train Epoch: 11 [18000/20000 (90.0%)]	Loss: 0.6936215758323669
[2023-05-03 04:20:50] Train Epoch: 11 [19000/20000 (95.0%)]	Loss: 0.6929692029953003
[2023-05-03 04:21:56] Stop At epoch 11/20 due to valid not increase
[2023-05-03 04:22:03] ========== Metrics ==========
[2023-05-03 04:22:03] {
  "tr_loss": 0.6932238352061486,
  "tr_acc": 0.5,
  "tr_f1": 0.0,
  "val_loss": 0.6944997618985782,
  "val_acc": 0.5004441286196483,
  "val_f1": 0.0,
  "test_loss": 0.7138332086526927,
  "test_acc": 0.4932249322493225,
  "test_f1": 0.0
}
[2023-05-03 04:22:03] ========== Metrics ==========
