[2023-05-02 23:59:29] Train Epoch: 1 [0/20000 (0.0%)]	Loss: 0.710013747215271
[2023-05-02 23:59:35] Train Epoch: 1 [1000/20000 (5.0%)]	Loss: 0.7249173521995544
[2023-05-02 23:59:40] Train Epoch: 1 [2000/20000 (10.0%)]	Loss: 0.6792904734611511
[2023-05-02 23:59:46] Train Epoch: 1 [3000/20000 (15.0%)]	Loss: 0.5861273407936096
[2023-05-02 23:59:51] Train Epoch: 1 [4000/20000 (20.0%)]	Loss: 0.46624550223350525
[2023-05-02 23:59:57] Train Epoch: 1 [5000/20000 (25.0%)]	Loss: 0.5683892965316772
[2023-05-03 00:00:02] Train Epoch: 1 [6000/20000 (30.0%)]	Loss: 0.6841959357261658
[2023-05-03 00:00:08] Train Epoch: 1 [7000/20000 (35.0%)]	Loss: 0.3836004436016083
[2023-05-03 00:00:14] Train Epoch: 1 [8000/20000 (40.0%)]	Loss: 0.4169654846191406
[2023-05-03 00:00:19] Train Epoch: 1 [9000/20000 (45.0%)]	Loss: 0.3889639377593994
[2023-05-03 00:00:25] Train Epoch: 1 [10000/20000 (50.0%)]	Loss: 0.42784371972084045
[2023-05-03 00:00:30] Train Epoch: 1 [11000/20000 (55.0%)]	Loss: 0.4574039876461029
[2023-05-03 00:00:35] Train Epoch: 1 [12000/20000 (60.0%)]	Loss: 0.3097206950187683
[2023-05-03 00:00:41] Train Epoch: 1 [13000/20000 (65.0%)]	Loss: 0.6595911383628845
[2023-05-03 00:00:46] Train Epoch: 1 [14000/20000 (70.0%)]	Loss: 0.6054226160049438
[2023-05-03 00:00:52] Train Epoch: 1 [15000/20000 (75.0%)]	Loss: 0.32090991735458374
[2023-05-03 00:00:57] Train Epoch: 1 [16000/20000 (80.0%)]	Loss: 0.3192325532436371
[2023-05-03 00:01:03] Train Epoch: 1 [17000/20000 (85.0%)]	Loss: 0.5165718197822571
[2023-05-03 00:01:08] Train Epoch: 1 [18000/20000 (90.0%)]	Loss: 0.46201974153518677
[2023-05-03 00:01:14] Train Epoch: 1 [19000/20000 (95.0%)]	Loss: 0.3652201294898987
[2023-05-03 00:01:48] ========== Metrics ==========
[2023-05-03 00:01:48] {
  "tr_loss": 0.48492302272943083,
  "tr_acc": 0.7692769276927692,
  "tr_f1": 0.7750585023400935,
  "val_loss": 0.42370855400587276,
  "val_acc": 0.8070705276248001,
  "val_f1": 0.8239299610894941,
  "test_loss": 0.37871253926579546,
  "test_acc": 0.8265582655826558,
  "test_f1": 0.8375634517766498
}
[2023-05-03 00:01:48] ========== Metrics ==========
[2023-05-03 00:01:50] Train Epoch: 2 [0/20000 (0.0%)]	Loss: 0.35444074869155884
[2023-05-03 00:01:55] Train Epoch: 2 [1000/20000 (5.0%)]	Loss: 0.47100114822387695
[2023-05-03 00:02:01] Train Epoch: 2 [2000/20000 (10.0%)]	Loss: 0.25907713174819946
[2023-05-03 00:02:06] Train Epoch: 2 [3000/20000 (15.0%)]	Loss: 0.2059778869152069
[2023-05-03 00:02:12] Train Epoch: 2 [4000/20000 (20.0%)]	Loss: 0.4730169177055359
[2023-05-03 00:02:18] Train Epoch: 2 [5000/20000 (25.0%)]	Loss: 0.3159056305885315
[2023-05-03 00:02:23] Train Epoch: 2 [6000/20000 (30.0%)]	Loss: 0.19326674938201904
[2023-05-03 00:02:29] Train Epoch: 2 [7000/20000 (35.0%)]	Loss: 0.3060847520828247
[2023-05-03 00:02:34] Train Epoch: 2 [8000/20000 (40.0%)]	Loss: 0.34117716550827026
[2023-05-03 00:02:40] Train Epoch: 2 [9000/20000 (45.0%)]	Loss: 0.3999568521976471
[2023-05-03 00:02:46] Train Epoch: 2 [10000/20000 (50.0%)]	Loss: 0.24311041831970215
[2023-05-03 00:02:52] Train Epoch: 2 [11000/20000 (55.0%)]	Loss: 0.2561996579170227
[2023-05-03 00:02:58] Train Epoch: 2 [12000/20000 (60.0%)]	Loss: 0.5492117404937744
[2023-05-03 00:03:04] Train Epoch: 2 [13000/20000 (65.0%)]	Loss: 0.32486140727996826
[2023-05-03 00:03:10] Train Epoch: 2 [14000/20000 (70.0%)]	Loss: 0.6204863786697388
[2023-05-03 00:03:15] Train Epoch: 2 [15000/20000 (75.0%)]	Loss: 0.5460367798805237
[2023-05-03 00:03:21] Train Epoch: 2 [16000/20000 (80.0%)]	Loss: 0.22135844826698303
[2023-05-03 00:03:27] Train Epoch: 2 [17000/20000 (85.0%)]	Loss: 0.3394242227077484
[2023-05-03 00:03:32] Train Epoch: 2 [18000/20000 (90.0%)]	Loss: 0.21448354423046112
[2023-05-03 00:03:38] Train Epoch: 2 [19000/20000 (95.0%)]	Loss: 0.21663205325603485
[2023-05-03 00:04:02] ========== Metrics ==========
[2023-05-03 00:04:02] {
  "tr_loss": 0.2989627339980855,
  "tr_acc": 0.8831883188318832,
  "tr_f1": 0.8839427662957074,
  "val_loss": 0.3924871115770067,
  "val_acc": 0.8447326345709718,
  "val_f1": 0.8388048690520103,
  "test_loss": 0.41732570827814947,
  "test_acc": 0.8482384823848238,
  "test_f1": 0.8372093023255814
}
[2023-05-03 00:04:02] ========== Metrics ==========
[2023-05-03 00:04:04] Train Epoch: 3 [0/20000 (0.0%)]	Loss: 0.08134975284337997
[2023-05-03 00:04:10] Train Epoch: 3 [1000/20000 (5.0%)]	Loss: 0.10744860023260117
[2023-05-03 00:04:16] Train Epoch: 3 [2000/20000 (10.0%)]	Loss: 0.21143145859241486
[2023-05-03 00:04:22] Train Epoch: 3 [3000/20000 (15.0%)]	Loss: 0.46037665009498596
[2023-05-03 00:04:28] Train Epoch: 3 [4000/20000 (20.0%)]	Loss: 0.025658082216978073
[2023-05-03 00:04:33] Train Epoch: 3 [5000/20000 (25.0%)]	Loss: 0.0616324320435524
[2023-05-03 00:04:40] Train Epoch: 3 [6000/20000 (30.0%)]	Loss: 0.31803926825523376
[2023-05-03 00:04:46] Train Epoch: 3 [7000/20000 (35.0%)]	Loss: 0.349187970161438
[2023-05-03 00:04:52] Train Epoch: 3 [8000/20000 (40.0%)]	Loss: 0.10047204792499542
[2023-05-03 00:04:58] Train Epoch: 3 [9000/20000 (45.0%)]	Loss: 0.4252142906188965
[2023-05-03 00:05:03] Train Epoch: 3 [10000/20000 (50.0%)]	Loss: 0.0628502294421196
[2023-05-03 00:05:09] Train Epoch: 3 [11000/20000 (55.0%)]	Loss: 0.02489541843533516
[2023-05-03 00:05:15] Train Epoch: 3 [12000/20000 (60.0%)]	Loss: 0.1885606199502945
[2023-05-03 00:05:21] Train Epoch: 3 [13000/20000 (65.0%)]	Loss: 0.22441451251506805
[2023-05-03 00:05:27] Train Epoch: 3 [14000/20000 (70.0%)]	Loss: 0.43601855635643005
[2023-05-03 00:05:33] Train Epoch: 3 [15000/20000 (75.0%)]	Loss: 0.315066933631897
[2023-05-03 00:05:39] Train Epoch: 3 [16000/20000 (80.0%)]	Loss: 0.14968989789485931
[2023-05-03 00:05:45] Train Epoch: 3 [17000/20000 (85.0%)]	Loss: 0.03242649510502815
[2023-05-03 00:05:51] Train Epoch: 3 [18000/20000 (90.0%)]	Loss: 0.14173312485218048
[2023-05-03 00:05:57] Train Epoch: 3 [19000/20000 (95.0%)]	Loss: 0.2627035975456238
[2023-05-03 00:06:26] ========== Metrics ==========
[2023-05-03 00:06:26] {
  "tr_loss": 0.18028973069826965,
  "tr_acc": 0.9369436943694369,
  "tr_f1": 0.9369972520609543,
  "val_loss": 0.42933691361166904,
  "val_acc": 0.8255462782021673,
  "val_f1": 0.8075264602116816,
  "test_loss": 0.4880151055692657,
  "test_acc": 0.7940379403794038,
  "test_f1": 0.761006289308176
}
[2023-05-03 00:06:26] ========== Metrics ==========
[2023-05-03 00:06:28] Train Epoch: 4 [0/20000 (0.0%)]	Loss: 0.14891192317008972
[2023-05-03 00:06:34] Train Epoch: 4 [1000/20000 (5.0%)]	Loss: 0.007979988120496273
[2023-05-03 00:06:40] Train Epoch: 4 [2000/20000 (10.0%)]	Loss: 0.17649169266223907
[2023-05-03 00:06:47] Train Epoch: 4 [3000/20000 (15.0%)]	Loss: 0.04689984768629074
[2023-05-03 00:06:53] Train Epoch: 4 [4000/20000 (20.0%)]	Loss: 0.19136056303977966
[2023-05-03 00:06:58] Train Epoch: 4 [5000/20000 (25.0%)]	Loss: 0.18421867489814758
[2023-05-03 00:07:04] Train Epoch: 4 [6000/20000 (30.0%)]	Loss: 0.06367744505405426
[2023-05-03 00:07:10] Train Epoch: 4 [7000/20000 (35.0%)]	Loss: 0.06751132756471634
[2023-05-03 00:07:16] Train Epoch: 4 [8000/20000 (40.0%)]	Loss: 0.024805255234241486
[2023-05-03 00:07:22] Train Epoch: 4 [9000/20000 (45.0%)]	Loss: 0.17560572922229767
[2023-05-03 00:07:28] Train Epoch: 4 [10000/20000 (50.0%)]	Loss: 0.3028450608253479
[2023-05-03 00:07:34] Train Epoch: 4 [11000/20000 (55.0%)]	Loss: 0.028806695714592934
[2023-05-03 00:07:40] Train Epoch: 4 [12000/20000 (60.0%)]	Loss: 0.2275862693786621
[2023-05-03 00:07:46] Train Epoch: 4 [13000/20000 (65.0%)]	Loss: 0.08641345053911209
[2023-05-03 00:07:52] Train Epoch: 4 [14000/20000 (70.0%)]	Loss: 0.1806829422712326
[2023-05-03 00:07:58] Train Epoch: 4 [15000/20000 (75.0%)]	Loss: 0.10800162702798843
[2023-05-03 00:08:04] Train Epoch: 4 [16000/20000 (80.0%)]	Loss: 0.13809390366077423
[2023-05-03 00:08:10] Train Epoch: 4 [17000/20000 (85.0%)]	Loss: 0.021534856408834457
[2023-05-03 00:08:16] Train Epoch: 4 [18000/20000 (90.0%)]	Loss: 0.1326916217803955
[2023-05-03 00:08:22] Train Epoch: 4 [19000/20000 (95.0%)]	Loss: 0.12794043123722076
[2023-05-03 00:08:46] ========== Metrics ==========
[2023-05-03 00:08:46] {
  "tr_loss": 0.09737378994755709,
  "tr_acc": 0.9682468246824683,
  "tr_f1": 0.9681911536342234,
  "val_loss": 0.4975657988466067,
  "val_acc": 0.8232368093799964,
  "val_f1": 0.8310982855202852,
  "test_loss": 0.4788924745589414,
  "test_acc": 0.8211382113821138,
  "test_f1": 0.828125
}
[2023-05-03 00:08:46] ========== Metrics ==========
[2023-05-03 00:08:47] Train Epoch: 5 [0/20000 (0.0%)]	Loss: 0.03495245799422264
[2023-05-03 00:08:54] Train Epoch: 5 [1000/20000 (5.0%)]	Loss: 0.030474772676825523
[2023-05-03 00:09:00] Train Epoch: 5 [2000/20000 (10.0%)]	Loss: 0.0026111865881830454
[2023-05-03 00:09:07] Train Epoch: 5 [3000/20000 (15.0%)]	Loss: 0.03274030610918999
[2023-05-03 00:09:13] Train Epoch: 5 [4000/20000 (20.0%)]	Loss: 0.1226394921541214
[2023-05-03 00:09:19] Train Epoch: 5 [5000/20000 (25.0%)]	Loss: 0.0036866902373731136
[2023-05-03 00:09:26] Train Epoch: 5 [6000/20000 (30.0%)]	Loss: 0.002805622760206461
[2023-05-03 00:09:32] Train Epoch: 5 [7000/20000 (35.0%)]	Loss: 0.1314338743686676
[2023-05-03 00:09:39] Train Epoch: 5 [8000/20000 (40.0%)]	Loss: 0.5075685381889343
[2023-05-03 00:09:45] Train Epoch: 5 [9000/20000 (45.0%)]	Loss: 0.004970304202288389
[2023-05-03 00:09:52] Train Epoch: 5 [10000/20000 (50.0%)]	Loss: 0.10516438633203506
[2023-05-03 00:09:59] Train Epoch: 5 [11000/20000 (55.0%)]	Loss: 0.012896266765892506
[2023-05-03 00:10:05] Train Epoch: 5 [12000/20000 (60.0%)]	Loss: 0.06360112875699997
[2023-05-03 00:10:12] Train Epoch: 5 [13000/20000 (65.0%)]	Loss: 0.06834063678979874
[2023-05-03 00:10:19] Train Epoch: 5 [14000/20000 (70.0%)]	Loss: 0.03244185447692871
[2023-05-03 00:10:25] Train Epoch: 5 [15000/20000 (75.0%)]	Loss: 0.0037423218600451946
[2023-05-03 00:10:32] Train Epoch: 5 [16000/20000 (80.0%)]	Loss: 0.02606683410704136
[2023-05-03 00:10:38] Train Epoch: 5 [17000/20000 (85.0%)]	Loss: 0.09246036410331726
[2023-05-03 00:10:45] Train Epoch: 5 [18000/20000 (90.0%)]	Loss: 0.27078962326049805
[2023-05-03 00:10:51] Train Epoch: 5 [19000/20000 (95.0%)]	Loss: 0.003147801384329796
[2023-05-03 00:11:16] ========== Metrics ==========
[2023-05-03 00:11:16] {
  "tr_loss": 0.057422119437601685,
  "tr_acc": 0.983048304830483,
  "tr_f1": 0.9830559304243515,
  "val_loss": 0.8702236443670652,
  "val_acc": 0.8260792325457452,
  "val_f1": 0.8255212974514349,
  "test_loss": 0.7673439985711562,
  "test_acc": 0.8428184281842819,
  "test_f1": 0.8370786516853933
}
[2023-05-03 00:11:16] ========== Metrics ==========
[2023-05-03 00:11:18] Train Epoch: 6 [0/20000 (0.0%)]	Loss: 0.0008256059954874218
[2023-05-03 00:11:24] Train Epoch: 6 [1000/20000 (5.0%)]	Loss: 0.0005634482367895544
[2023-05-03 00:11:31] Train Epoch: 6 [2000/20000 (10.0%)]	Loss: 0.0012259130598977208
[2023-05-03 00:11:38] Train Epoch: 6 [3000/20000 (15.0%)]	Loss: 0.011648030951619148
[2023-05-03 00:11:44] Train Epoch: 6 [4000/20000 (20.0%)]	Loss: 0.0011543921427801251
[2023-05-03 00:11:51] Train Epoch: 6 [5000/20000 (25.0%)]	Loss: 0.09791548550128937
[2023-05-03 00:11:57] Train Epoch: 6 [6000/20000 (30.0%)]	Loss: 0.0018542197067290545
[2023-05-03 00:12:04] Train Epoch: 6 [7000/20000 (35.0%)]	Loss: 0.0016241073608398438
[2023-05-03 00:12:11] Train Epoch: 6 [8000/20000 (40.0%)]	Loss: 0.0016895767766982317
[2023-05-03 00:12:17] Train Epoch: 6 [9000/20000 (45.0%)]	Loss: 0.0012374363141134381
[2023-05-03 00:12:24] Train Epoch: 6 [10000/20000 (50.0%)]	Loss: 0.0015503889881074429
[2023-05-03 00:12:30] Train Epoch: 6 [11000/20000 (55.0%)]	Loss: 0.001064304611645639
[2023-05-03 00:12:37] Train Epoch: 6 [12000/20000 (60.0%)]	Loss: 0.001954005565494299
[2023-05-03 00:12:43] Train Epoch: 6 [13000/20000 (65.0%)]	Loss: 0.00688914442434907
[2023-05-03 00:12:50] Train Epoch: 6 [14000/20000 (70.0%)]	Loss: 0.156692773103714
[2023-05-03 00:12:57] Train Epoch: 6 [15000/20000 (75.0%)]	Loss: 0.0026581506244838238
[2023-05-03 00:13:03] Train Epoch: 6 [16000/20000 (80.0%)]	Loss: 0.5725688934326172
[2023-05-03 00:13:10] Train Epoch: 6 [17000/20000 (85.0%)]	Loss: 0.0046621160581707954
[2023-05-03 00:13:16] Train Epoch: 6 [18000/20000 (90.0%)]	Loss: 0.002048123860731721
[2023-05-03 00:13:23] Train Epoch: 6 [19000/20000 (95.0%)]	Loss: 0.09592635184526443
[2023-05-03 00:13:53] ========== Metrics ==========
[2023-05-03 00:13:53] {
  "tr_loss": 0.018580607391016888,
  "tr_acc": 0.9954495449544954,
  "tr_f1": 0.9954497724886243,
  "val_loss": 0.8316436531358056,
  "val_acc": 0.8246580209628709,
  "val_f1": 0.8241582041688937,
  "test_loss": 0.7005867515476092,
  "test_acc": 0.8292682926829268,
  "test_f1": 0.8254847645429363
}
[2023-05-03 00:13:53] ========== Metrics ==========
[2023-05-03 00:13:55] Train Epoch: 7 [0/20000 (0.0%)]	Loss: 0.004915866069495678
[2023-05-03 00:14:02] Train Epoch: 7 [1000/20000 (5.0%)]	Loss: 0.0030747833661735058
[2023-05-03 00:14:08] Train Epoch: 7 [2000/20000 (10.0%)]	Loss: 0.03197143226861954
[2023-05-03 00:14:15] Train Epoch: 7 [3000/20000 (15.0%)]	Loss: 0.0027394071221351624
[2023-05-03 00:14:22] Train Epoch: 7 [4000/20000 (20.0%)]	Loss: 0.007548717316240072
[2023-05-03 00:14:28] Train Epoch: 7 [5000/20000 (25.0%)]	Loss: 0.0018326779827475548
[2023-05-03 00:14:35] Train Epoch: 7 [6000/20000 (30.0%)]	Loss: 0.0013895959127694368
[2023-05-03 00:14:42] Train Epoch: 7 [7000/20000 (35.0%)]	Loss: 0.0020839970093220472
[2023-05-03 00:14:48] Train Epoch: 7 [8000/20000 (40.0%)]	Loss: 0.0013320117723196745
[2023-05-03 00:14:55] Train Epoch: 7 [9000/20000 (45.0%)]	Loss: 0.0033881869167089462
[2023-05-03 00:15:02] Train Epoch: 7 [10000/20000 (50.0%)]	Loss: 0.0023680063895881176
[2023-05-03 00:15:08] Train Epoch: 7 [11000/20000 (55.0%)]	Loss: 0.00123067875392735
[2023-05-03 00:15:15] Train Epoch: 7 [12000/20000 (60.0%)]	Loss: 0.0010474214795976877
[2023-05-03 00:15:21] Train Epoch: 7 [13000/20000 (65.0%)]	Loss: 0.003028618637472391
[2023-05-03 00:15:28] Train Epoch: 7 [14000/20000 (70.0%)]	Loss: 0.36367663741111755
[2023-05-03 00:15:35] Train Epoch: 7 [15000/20000 (75.0%)]	Loss: 0.001590991159901023
[2023-05-03 00:15:41] Train Epoch: 7 [16000/20000 (80.0%)]	Loss: 0.0006318709347397089
[2023-05-03 00:15:47] Train Epoch: 7 [17000/20000 (85.0%)]	Loss: 0.0011769167613238096
[2023-05-03 00:15:54] Train Epoch: 7 [18000/20000 (90.0%)]	Loss: 0.0010257118847221136
[2023-05-03 00:16:00] Train Epoch: 7 [19000/20000 (95.0%)]	Loss: 0.0008332564611919224
[2023-05-03 00:16:21] ========== Metrics ==========
[2023-05-03 00:16:21] {
  "tr_loss": 0.014814992953213502,
  "tr_acc": 0.9966496649664967,
  "tr_f1": 0.9966491622905725,
  "val_loss": 0.8950573252456097,
  "val_acc": 0.8248356724107302,
  "val_f1": 0.8262248854423686,
  "test_loss": 0.7558421261588409,
  "test_acc": 0.8401084010840109,
  "test_f1": 0.8392370572207085
}
[2023-05-03 00:16:21] ========== Metrics ==========
[2023-05-03 00:16:23] Train Epoch: 8 [0/20000 (0.0%)]	Loss: 0.001817006035707891
[2023-05-03 00:16:30] Train Epoch: 8 [1000/20000 (5.0%)]	Loss: 0.0003787222085520625
[2023-05-03 00:16:37] Train Epoch: 8 [2000/20000 (10.0%)]	Loss: 0.010393815115094185
[2023-05-03 00:16:44] Train Epoch: 8 [3000/20000 (15.0%)]	Loss: 0.0004128740984015167
[2023-05-03 00:16:50] Train Epoch: 8 [4000/20000 (20.0%)]	Loss: 0.0008748379768803716
[2023-05-03 00:16:57] Train Epoch: 8 [5000/20000 (25.0%)]	Loss: 0.007108546793460846
[2023-05-03 00:17:04] Train Epoch: 8 [6000/20000 (30.0%)]	Loss: 0.0015972492983564734
[2023-05-03 00:17:11] Train Epoch: 8 [7000/20000 (35.0%)]	Loss: 0.007109747733920813
[2023-05-03 00:17:17] Train Epoch: 8 [8000/20000 (40.0%)]	Loss: 0.00045152995153330266
[2023-05-03 00:17:23] Train Epoch: 8 [9000/20000 (45.0%)]	Loss: 0.0009037373820319772
[2023-05-03 00:17:30] Train Epoch: 8 [10000/20000 (50.0%)]	Loss: 0.00375353847630322
[2023-05-03 00:17:36] Train Epoch: 8 [11000/20000 (55.0%)]	Loss: 0.0009237030753865838
[2023-05-03 00:17:43] Train Epoch: 8 [12000/20000 (60.0%)]	Loss: 0.007101560942828655
[2023-05-03 00:17:50] Train Epoch: 8 [13000/20000 (65.0%)]	Loss: 0.0007220656843855977
[2023-05-03 00:17:56] Train Epoch: 8 [14000/20000 (70.0%)]	Loss: 0.0011004270054399967
[2023-05-03 00:18:03] Train Epoch: 8 [15000/20000 (75.0%)]	Loss: 0.0014179542195051908
[2023-05-03 00:18:10] Train Epoch: 8 [16000/20000 (80.0%)]	Loss: 0.10597847402095795
[2023-05-03 00:18:17] Train Epoch: 8 [17000/20000 (85.0%)]	Loss: 0.0021555451676249504
[2023-05-03 00:18:23] Train Epoch: 8 [18000/20000 (90.0%)]	Loss: 0.0009406273020431399
[2023-05-03 00:18:30] Train Epoch: 8 [19000/20000 (95.0%)]	Loss: 0.002640156541019678
[2023-05-03 00:18:56] Stop At epoch 8/20 due to valid not increase
[2023-05-03 00:18:59] ========== Metrics ==========
[2023-05-03 00:18:59] {
  "tr_loss": 0.012288927544185547,
  "tr_acc": 0.9973497349734973,
  "tr_f1": 0.9973498674933747,
  "val_loss": 0.8772072654140051,
  "val_acc": 0.8232368093799964,
  "val_f1": 0.8232995915467944,
  "test_loss": 0.7448911505339915,
  "test_acc": 0.8265582655826558,
  "test_f1": 0.8222222222222223
}
[2023-05-03 00:18:59] ========== Metrics ==========
