[2023-05-03 15:52:34] Train Epoch: 1 [0/20000 (0.0%)]	Loss: 0.6907740831375122
[2023-05-03 15:52:39] Train Epoch: 1 [1000/20000 (5.0%)]	Loss: 0.6983935236930847
[2023-05-03 15:52:43] Train Epoch: 1 [2000/20000 (10.0%)]	Loss: 0.34562620520591736
[2023-05-03 15:52:48] Train Epoch: 1 [3000/20000 (15.0%)]	Loss: 0.5015786290168762
[2023-05-03 15:52:53] Train Epoch: 1 [4000/20000 (20.0%)]	Loss: 0.67719566822052
[2023-05-03 15:52:57] Train Epoch: 1 [5000/20000 (25.0%)]	Loss: 0.5034765005111694
[2023-05-03 15:53:02] Train Epoch: 1 [6000/20000 (30.0%)]	Loss: 0.45206397771835327
[2023-05-03 15:53:06] Train Epoch: 1 [7000/20000 (35.0%)]	Loss: 0.5008293390274048
[2023-05-03 15:53:11] Train Epoch: 1 [8000/20000 (40.0%)]	Loss: 0.43668755888938904
[2023-05-03 15:53:15] Train Epoch: 1 [9000/20000 (45.0%)]	Loss: 0.5353689193725586
[2023-05-03 15:53:20] Train Epoch: 1 [10000/20000 (50.0%)]	Loss: 0.5727736949920654
[2023-05-03 15:53:24] Train Epoch: 1 [11000/20000 (55.0%)]	Loss: 0.5349935293197632
[2023-05-03 15:53:29] Train Epoch: 1 [12000/20000 (60.0%)]	Loss: 0.31493693590164185
[2023-05-03 15:53:33] Train Epoch: 1 [13000/20000 (65.0%)]	Loss: 0.5471422672271729
[2023-05-03 15:53:38] Train Epoch: 1 [14000/20000 (70.0%)]	Loss: 0.39689478278160095
[2023-05-03 15:53:42] Train Epoch: 1 [15000/20000 (75.0%)]	Loss: 0.5734816789627075
[2023-05-03 15:53:47] Train Epoch: 1 [16000/20000 (80.0%)]	Loss: 0.5579267740249634
[2023-05-03 15:53:52] Train Epoch: 1 [17000/20000 (85.0%)]	Loss: 0.568179726600647
[2023-05-03 15:53:57] Train Epoch: 1 [18000/20000 (90.0%)]	Loss: 0.20956890285015106
[2023-05-03 15:54:01] Train Epoch: 1 [19000/20000 (95.0%)]	Loss: 0.4793388247489929
[2023-05-03 15:54:23] ========== Metrics ==========
[2023-05-03 15:54:23] {
  "tr_loss": 0.48772158664707566,
  "tr_acc": 0.7645764576457645,
  "tr_f1": 0.7676209279368212,
  "val_loss": 0.39415876873646266,
  "val_acc": 0.8264345354414638,
  "val_f1": 0.8205033988609224,
  "test_loss": 0.42406580877820976,
  "test_acc": 0.8184281842818428,
  "test_f1": 0.8057971014492753
}
[2023-05-03 15:54:23] ========== Metrics ==========
[2023-05-03 15:54:25] Train Epoch: 2 [0/20000 (0.0%)]	Loss: 0.6208615899085999
[2023-05-03 15:54:30] Train Epoch: 2 [1000/20000 (5.0%)]	Loss: 0.16304662823677063
[2023-05-03 15:54:35] Train Epoch: 2 [2000/20000 (10.0%)]	Loss: 0.5068694353103638
[2023-05-03 15:54:39] Train Epoch: 2 [3000/20000 (15.0%)]	Loss: 0.28975239396095276
[2023-05-03 15:54:44] Train Epoch: 2 [4000/20000 (20.0%)]	Loss: 0.2434786856174469
[2023-05-03 15:54:49] Train Epoch: 2 [5000/20000 (25.0%)]	Loss: 0.1406189501285553
[2023-05-03 15:54:54] Train Epoch: 2 [6000/20000 (30.0%)]	Loss: 0.34593451023101807
[2023-05-03 15:55:01] Train Epoch: 2 [7000/20000 (35.0%)]	Loss: 0.47475528717041016
[2023-05-03 15:55:09] Train Epoch: 2 [8000/20000 (40.0%)]	Loss: 0.25948578119277954
[2023-05-03 15:55:17] Train Epoch: 2 [9000/20000 (45.0%)]	Loss: 0.5193554162979126
[2023-05-03 15:55:26] Train Epoch: 2 [10000/20000 (50.0%)]	Loss: 0.2428087294101715
[2023-05-03 15:55:36] Train Epoch: 2 [11000/20000 (55.0%)]	Loss: 0.12046708166599274
[2023-05-03 15:55:45] Train Epoch: 2 [12000/20000 (60.0%)]	Loss: 0.39872458577156067
[2023-05-03 15:55:54] Train Epoch: 2 [13000/20000 (65.0%)]	Loss: 0.14276157319545746
[2023-05-03 15:56:04] Train Epoch: 2 [14000/20000 (70.0%)]	Loss: 0.4620087146759033
[2023-05-03 15:56:13] Train Epoch: 2 [15000/20000 (75.0%)]	Loss: 0.12711182236671448
[2023-05-03 15:56:22] Train Epoch: 2 [16000/20000 (80.0%)]	Loss: 0.42455801367759705
[2023-05-03 15:56:32] Train Epoch: 2 [17000/20000 (85.0%)]	Loss: 0.4242648482322693
[2023-05-03 15:56:41] Train Epoch: 2 [18000/20000 (90.0%)]	Loss: 0.22881324589252472
[2023-05-03 15:56:51] Train Epoch: 2 [19000/20000 (95.0%)]	Loss: 0.1693391501903534
[2023-05-03 15:57:15] ========== Metrics ==========
[2023-05-03 15:57:15] {
  "tr_loss": 0.3027171343348899,
  "tr_acc": 0.8822382238223823,
  "tr_f1": 0.881354224394176,
  "val_loss": 0.37688525427688097,
  "val_acc": 0.8497068751110322,
  "val_f1": 0.8505828329212293,
  "test_loss": 0.327463206559985,
  "test_acc": 0.8726287262872628,
  "test_f1": 0.8712328767123287
}
[2023-05-03 15:57:15] ========== Metrics ==========
[2023-05-03 15:57:17] Train Epoch: 3 [0/20000 (0.0%)]	Loss: 0.0797002762556076
[2023-05-03 15:57:27] Train Epoch: 3 [1000/20000 (5.0%)]	Loss: 0.247198224067688
[2023-05-03 15:57:37] Train Epoch: 3 [2000/20000 (10.0%)]	Loss: 0.12268181145191193
[2023-05-03 15:57:47] Train Epoch: 3 [3000/20000 (15.0%)]	Loss: 0.24125166237354279
[2023-05-03 15:57:57] Train Epoch: 3 [4000/20000 (20.0%)]	Loss: 0.1159675270318985
[2023-05-03 15:58:07] Train Epoch: 3 [5000/20000 (25.0%)]	Loss: 0.14717784523963928
[2023-05-03 15:58:17] Train Epoch: 3 [6000/20000 (30.0%)]	Loss: 0.04700440913438797
[2023-05-03 15:58:26] Train Epoch: 3 [7000/20000 (35.0%)]	Loss: 0.04958852380514145
[2023-05-03 15:58:36] Train Epoch: 3 [8000/20000 (40.0%)]	Loss: 0.1373564898967743
[2023-05-03 15:58:46] Train Epoch: 3 [9000/20000 (45.0%)]	Loss: 0.16410842537879944
[2023-05-03 15:58:56] Train Epoch: 3 [10000/20000 (50.0%)]	Loss: 0.29974907636642456
[2023-05-03 15:59:06] Train Epoch: 3 [11000/20000 (55.0%)]	Loss: 0.09398369491100311
[2023-05-03 15:59:16] Train Epoch: 3 [12000/20000 (60.0%)]	Loss: 0.3710786700248718
[2023-05-03 15:59:26] Train Epoch: 3 [13000/20000 (65.0%)]	Loss: 0.21147441864013672
[2023-05-03 15:59:36] Train Epoch: 3 [14000/20000 (70.0%)]	Loss: 0.18972890079021454
[2023-05-03 15:59:45] Train Epoch: 3 [15000/20000 (75.0%)]	Loss: 0.24579867720603943
[2023-05-03 15:59:55] Train Epoch: 3 [16000/20000 (80.0%)]	Loss: 0.08464550226926804
[2023-05-03 16:00:05] Train Epoch: 3 [17000/20000 (85.0%)]	Loss: 0.13648757338523865
[2023-05-03 16:00:14] Train Epoch: 3 [18000/20000 (90.0%)]	Loss: 0.48457303643226624
[2023-05-03 16:00:24] Train Epoch: 3 [19000/20000 (95.0%)]	Loss: 0.2538739740848541
[2023-05-03 16:00:50] ========== Metrics ==========
[2023-05-03 16:00:50] {
  "tr_loss": 0.18019054681029167,
  "tr_acc": 0.9353435343534353,
  "tr_f1": 0.9353403010451569,
  "val_loss": 0.3927758256650814,
  "val_acc": 0.8301652158465092,
  "val_f1": 0.8360768175582991,
  "test_loss": 0.3834439705057842,
  "test_acc": 0.8319783197831978,
  "test_f1": 0.8324324324324324
}
[2023-05-03 16:00:50] ========== Metrics ==========
[2023-05-03 16:00:52] Train Epoch: 4 [0/20000 (0.0%)]	Loss: 0.15023574233055115
[2023-05-03 16:01:03] Train Epoch: 4 [1000/20000 (5.0%)]	Loss: 0.024692216888070107
[2023-05-03 16:01:13] Train Epoch: 4 [2000/20000 (10.0%)]	Loss: 0.04500202834606171
[2023-05-03 16:01:24] Train Epoch: 4 [3000/20000 (15.0%)]	Loss: 0.018179897218942642
[2023-05-03 16:01:34] Train Epoch: 4 [4000/20000 (20.0%)]	Loss: 0.041200071573257446
[2023-05-03 16:01:44] Train Epoch: 4 [5000/20000 (25.0%)]	Loss: 0.14071717858314514
[2023-05-03 16:01:54] Train Epoch: 4 [6000/20000 (30.0%)]	Loss: 0.186460942029953
[2023-05-03 16:02:05] Train Epoch: 4 [7000/20000 (35.0%)]	Loss: 0.03207739442586899
[2023-05-03 16:02:15] Train Epoch: 4 [8000/20000 (40.0%)]	Loss: 0.14831309020519257
[2023-05-03 16:02:25] Train Epoch: 4 [9000/20000 (45.0%)]	Loss: 0.009057221002876759
[2023-05-03 16:02:35] Train Epoch: 4 [10000/20000 (50.0%)]	Loss: 0.08981399983167648
[2023-05-03 16:02:45] Train Epoch: 4 [11000/20000 (55.0%)]	Loss: 0.021170472726225853
[2023-05-03 16:02:56] Train Epoch: 4 [12000/20000 (60.0%)]	Loss: 0.005923700053244829
[2023-05-03 16:03:06] Train Epoch: 4 [13000/20000 (65.0%)]	Loss: 0.192555770277977
[2023-05-03 16:03:16] Train Epoch: 4 [14000/20000 (70.0%)]	Loss: 0.229287788271904
[2023-05-03 16:03:26] Train Epoch: 4 [15000/20000 (75.0%)]	Loss: 0.08525922894477844
[2023-05-03 16:03:36] Train Epoch: 4 [16000/20000 (80.0%)]	Loss: 0.07855577021837234
[2023-05-03 16:03:47] Train Epoch: 4 [17000/20000 (85.0%)]	Loss: 0.05734426900744438
[2023-05-03 16:03:57] Train Epoch: 4 [18000/20000 (90.0%)]	Loss: 0.007194793317466974
[2023-05-03 16:04:07] Train Epoch: 4 [19000/20000 (95.0%)]	Loss: 0.0959303230047226
[2023-05-03 16:04:35] ========== Metrics ==========
[2023-05-03 16:04:35] {
  "tr_loss": 0.09849322019982236,
  "tr_acc": 0.9683468346834684,
  "tr_f1": 0.9683357510879896,
  "val_loss": 0.5162090960367892,
  "val_acc": 0.834784153490851,
  "val_f1": 0.8313384113166484,
  "test_loss": 0.5189323905845321,
  "test_acc": 0.8401084010840109,
  "test_f1": 0.8319088319088319
}
[2023-05-03 16:04:35] ========== Metrics ==========
[2023-05-03 16:04:37] Train Epoch: 5 [0/20000 (0.0%)]	Loss: 0.012473485432565212
[2023-05-03 16:04:47] Train Epoch: 5 [1000/20000 (5.0%)]	Loss: 0.002375855576246977
[2023-05-03 16:04:58] Train Epoch: 5 [2000/20000 (10.0%)]	Loss: 0.003201330080628395
[2023-05-03 16:05:08] Train Epoch: 5 [3000/20000 (15.0%)]	Loss: 0.03009726107120514
[2023-05-03 16:05:19] Train Epoch: 5 [4000/20000 (20.0%)]	Loss: 0.09411530941724777
[2023-05-03 16:05:30] Train Epoch: 5 [5000/20000 (25.0%)]	Loss: 0.10592891275882721
[2023-05-03 16:05:40] Train Epoch: 5 [6000/20000 (30.0%)]	Loss: 0.049980130046606064
[2023-05-03 16:05:50] Train Epoch: 5 [7000/20000 (35.0%)]	Loss: 0.02669389918446541
[2023-05-03 16:06:00] Train Epoch: 5 [8000/20000 (40.0%)]	Loss: 0.01130418386310339
[2023-05-03 16:06:10] Train Epoch: 5 [9000/20000 (45.0%)]	Loss: 0.05612713843584061
[2023-05-03 16:06:20] Train Epoch: 5 [10000/20000 (50.0%)]	Loss: 0.004546618089079857
[2023-05-03 16:06:30] Train Epoch: 5 [11000/20000 (55.0%)]	Loss: 0.00773171940818429
[2023-05-03 16:06:40] Train Epoch: 5 [12000/20000 (60.0%)]	Loss: 0.19180363416671753
[2023-05-03 16:06:49] Train Epoch: 5 [13000/20000 (65.0%)]	Loss: 0.14847511053085327
[2023-05-03 16:06:59] Train Epoch: 5 [14000/20000 (70.0%)]	Loss: 0.011450441554188728
[2023-05-03 16:07:09] Train Epoch: 5 [15000/20000 (75.0%)]	Loss: 0.0018523227190598845
[2023-05-03 16:07:19] Train Epoch: 5 [16000/20000 (80.0%)]	Loss: 0.008725246414542198
[2023-05-03 16:07:29] Train Epoch: 5 [17000/20000 (85.0%)]	Loss: 0.17080560326576233
[2023-05-03 16:07:39] Train Epoch: 5 [18000/20000 (90.0%)]	Loss: 0.004764939192682505
[2023-05-03 16:07:49] Train Epoch: 5 [19000/20000 (95.0%)]	Loss: 0.2368510663509369
[2023-05-03 16:08:13] ========== Metrics ==========
[2023-05-03 16:08:13] {
  "tr_loss": 0.05238545785560915,
  "tr_acc": 0.9837483748374838,
  "tr_f1": 0.9837524371344298,
  "val_loss": 0.6151367427851044,
  "val_acc": 0.8248356724107302,
  "val_f1": 0.8305841924398626,
  "test_loss": 0.5658471204724093,
  "test_acc": 0.8319783197831978,
  "test_f1": 0.8287292817679557
}
[2023-05-03 16:08:13] ========== Metrics ==========
[2023-05-03 16:08:15] Train Epoch: 6 [0/20000 (0.0%)]	Loss: 0.01297557633370161
[2023-05-03 16:08:26] Train Epoch: 6 [1000/20000 (5.0%)]	Loss: 0.007101846393197775
[2023-05-03 16:08:36] Train Epoch: 6 [2000/20000 (10.0%)]	Loss: 0.0005190138472244143
[2023-05-03 16:08:46] Train Epoch: 6 [3000/20000 (15.0%)]	Loss: 0.003469656454399228
[2023-05-03 16:08:56] Train Epoch: 6 [4000/20000 (20.0%)]	Loss: 0.001114087295718491
[2023-05-03 16:09:07] Train Epoch: 6 [5000/20000 (25.0%)]	Loss: 0.00178382673766464
[2023-05-03 16:09:17] Train Epoch: 6 [6000/20000 (30.0%)]	Loss: 0.0041510798037052155
[2023-05-03 16:09:27] Train Epoch: 6 [7000/20000 (35.0%)]	Loss: 0.0013039230834692717
[2023-05-03 16:09:37] Train Epoch: 6 [8000/20000 (40.0%)]	Loss: 0.0011371022555977106
[2023-05-03 16:09:47] Train Epoch: 6 [9000/20000 (45.0%)]	Loss: 0.015042196027934551
[2023-05-03 16:09:58] Train Epoch: 6 [10000/20000 (50.0%)]	Loss: 0.0017867495771497488
[2023-05-03 16:10:08] Train Epoch: 6 [11000/20000 (55.0%)]	Loss: 0.009422993287444115
[2023-05-03 16:10:18] Train Epoch: 6 [12000/20000 (60.0%)]	Loss: 0.0012784256832674146
[2023-05-03 16:10:29] Train Epoch: 6 [13000/20000 (65.0%)]	Loss: 0.0010730436770245433
[2023-05-03 16:10:39] Train Epoch: 6 [14000/20000 (70.0%)]	Loss: 0.0010826949728652835
[2023-05-03 16:10:49] Train Epoch: 6 [15000/20000 (75.0%)]	Loss: 0.0011893119663000107
[2023-05-03 16:11:00] Train Epoch: 6 [16000/20000 (80.0%)]	Loss: 0.004010223783552647
[2023-05-03 16:11:10] Train Epoch: 6 [17000/20000 (85.0%)]	Loss: 0.0007743957685306668
[2023-05-03 16:11:20] Train Epoch: 6 [18000/20000 (90.0%)]	Loss: 0.0005196268321014941
[2023-05-03 16:11:30] Train Epoch: 6 [19000/20000 (95.0%)]	Loss: 0.014485491439700127
[2023-05-03 16:11:56] ========== Metrics ==========
[2023-05-03 16:11:56] {
  "tr_loss": 0.015155767195728875,
  "tr_acc": 0.995999599959996,
  "tr_f1": 0.996,
  "val_loss": 0.826454627555364,
  "val_acc": 0.8271451412329011,
  "val_f1": 0.8287876121766672,
  "test_loss": 0.7425109462605582,
  "test_acc": 0.8292682926829268,
  "test_f1": 0.8225352112676056
}
[2023-05-03 16:11:56] ========== Metrics ==========
[2023-05-03 16:11:58] Train Epoch: 7 [0/20000 (0.0%)]	Loss: 0.0008381061488762498
[2023-05-03 16:12:08] Train Epoch: 7 [1000/20000 (5.0%)]	Loss: 0.0009957026923075318
[2023-05-03 16:12:19] Train Epoch: 7 [2000/20000 (10.0%)]	Loss: 0.0053321123123168945
[2023-05-03 16:12:29] Train Epoch: 7 [3000/20000 (15.0%)]	Loss: 0.000579157960601151
[2023-05-03 16:12:40] Train Epoch: 7 [4000/20000 (20.0%)]	Loss: 0.010758274234831333
[2023-05-03 16:12:50] Train Epoch: 7 [5000/20000 (25.0%)]	Loss: 0.0013955080648884177
[2023-05-03 16:13:01] Train Epoch: 7 [6000/20000 (30.0%)]	Loss: 0.0011252580443397164
[2023-05-03 16:13:11] Train Epoch: 7 [7000/20000 (35.0%)]	Loss: 0.29935532808303833
[2023-05-03 16:13:22] Train Epoch: 7 [8000/20000 (40.0%)]	Loss: 0.0019850272219628096
[2023-05-03 16:13:32] Train Epoch: 7 [9000/20000 (45.0%)]	Loss: 0.010526289232075214
[2023-05-03 16:13:42] Train Epoch: 7 [10000/20000 (50.0%)]	Loss: 0.0008145800093188882
[2023-05-03 16:13:52] Train Epoch: 7 [11000/20000 (55.0%)]	Loss: 0.0012321514077484608
[2023-05-03 16:14:03] Train Epoch: 7 [12000/20000 (60.0%)]	Loss: 0.00358847388997674
[2023-05-03 16:14:13] Train Epoch: 7 [13000/20000 (65.0%)]	Loss: 0.0005384416435845196
[2023-05-03 16:14:23] Train Epoch: 7 [14000/20000 (70.0%)]	Loss: 0.0012359158135950565
[2023-05-03 16:14:33] Train Epoch: 7 [15000/20000 (75.0%)]	Loss: 0.0019952389411628246
[2023-05-03 16:14:43] Train Epoch: 7 [16000/20000 (80.0%)]	Loss: 0.006128757726401091
[2023-05-03 16:14:53] Train Epoch: 7 [17000/20000 (85.0%)]	Loss: 0.0032519593369215727
[2023-05-03 16:15:04] Train Epoch: 7 [18000/20000 (90.0%)]	Loss: 0.0008963774889707565
[2023-05-03 16:15:14] Train Epoch: 7 [19000/20000 (95.0%)]	Loss: 0.0006422380683943629
[2023-05-03 16:15:40] ========== Metrics ==========
[2023-05-03 16:15:40] {
  "tr_loss": 0.01144684403969977,
  "tr_acc": 0.9972997299729973,
  "tr_f1": 0.9972994598919785,
  "val_loss": 0.9040278975070409,
  "val_acc": 0.8260792325457452,
  "val_f1": 0.8292342578056865,
  "test_loss": 0.8395386065247905,
  "test_acc": 0.8346883468834688,
  "test_f1": 0.8300835654596102
}
[2023-05-03 16:15:40] ========== Metrics ==========
[2023-05-03 16:15:42] Train Epoch: 8 [0/20000 (0.0%)]	Loss: 0.0011263418709859252
[2023-05-03 16:15:53] Train Epoch: 8 [1000/20000 (5.0%)]	Loss: 0.000633340619970113
[2023-05-03 16:16:04] Train Epoch: 8 [2000/20000 (10.0%)]	Loss: 0.0013983320677652955
[2023-05-03 16:16:14] Train Epoch: 8 [3000/20000 (15.0%)]	Loss: 0.0023169973865151405
[2023-05-03 16:16:24] Train Epoch: 8 [4000/20000 (20.0%)]	Loss: 0.0007162448018789291
[2023-05-03 16:16:34] Train Epoch: 8 [5000/20000 (25.0%)]	Loss: 0.000580097024794668
[2023-05-03 16:16:44] Train Epoch: 8 [6000/20000 (30.0%)]	Loss: 0.0016791082452982664
[2023-05-03 16:16:55] Train Epoch: 8 [7000/20000 (35.0%)]	Loss: 0.003215279895812273
[2023-05-03 16:17:05] Train Epoch: 8 [8000/20000 (40.0%)]	Loss: 0.00022297092073131353
[2023-05-03 16:17:15] Train Epoch: 8 [9000/20000 (45.0%)]	Loss: 0.004879518877714872
[2023-05-03 16:17:25] Train Epoch: 8 [10000/20000 (50.0%)]	Loss: 0.00018806075968313962
[2023-05-03 16:17:36] Train Epoch: 8 [11000/20000 (55.0%)]	Loss: 0.0010624539572745562
[2023-05-03 16:17:46] Train Epoch: 8 [12000/20000 (60.0%)]	Loss: 0.00028087192913517356
[2023-05-03 16:17:57] Train Epoch: 8 [13000/20000 (65.0%)]	Loss: 0.002471918473020196
[2023-05-03 16:18:07] Train Epoch: 8 [14000/20000 (70.0%)]	Loss: 0.000633704592473805
[2023-05-03 16:18:17] Train Epoch: 8 [15000/20000 (75.0%)]	Loss: 0.0012892880477011204
[2023-05-03 16:18:27] Train Epoch: 8 [16000/20000 (80.0%)]	Loss: 0.0004419688193593174
[2023-05-03 16:18:36] Train Epoch: 8 [17000/20000 (85.0%)]	Loss: 0.00043289922177791595
[2023-05-03 16:18:46] Train Epoch: 8 [18000/20000 (90.0%)]	Loss: 0.0005699804751202464
[2023-05-03 16:18:56] Train Epoch: 8 [19000/20000 (95.0%)]	Loss: 0.004371726419776678
[2023-05-03 16:19:19] Stop At epoch 8/20 due to valid not increase
[2023-05-03 16:19:23] ========== Metrics ==========
[2023-05-03 16:19:23] {
  "tr_loss": 0.008916211251135458,
  "tr_acc": 0.998049804980498,
  "tr_f1": 0.9980495123780945,
  "val_loss": 1.0326290393404882,
  "val_acc": 0.8243027180671523,
  "val_f1": 0.8228550958266165,
  "test_loss": 1.0456478175755115,
  "test_acc": 0.8265582655826558,
  "test_f1": 0.8160919540229885
}
[2023-05-03 16:19:23] ========== Metrics ==========
