[2023-05-03 20:59:55] Train Epoch: 1 [0/20000 (0.0%)]	Loss: 0.6934937834739685
[2023-05-03 21:00:01] Train Epoch: 1 [1000/20000 (5.0%)]	Loss: 0.41729483008384705
[2023-05-03 21:00:07] Train Epoch: 1 [2000/20000 (10.0%)]	Loss: 0.6406246423721313
[2023-05-03 21:00:13] Train Epoch: 1 [3000/20000 (15.0%)]	Loss: 0.6046993136405945
[2023-05-03 21:00:18] Train Epoch: 1 [4000/20000 (20.0%)]	Loss: 0.48135894536972046
[2023-05-03 21:00:24] Train Epoch: 1 [5000/20000 (25.0%)]	Loss: 0.419917494058609
[2023-05-03 21:00:30] Train Epoch: 1 [6000/20000 (30.0%)]	Loss: 0.4915454387664795
[2023-05-03 21:00:35] Train Epoch: 1 [7000/20000 (35.0%)]	Loss: 0.4883727431297302
[2023-05-03 21:00:41] Train Epoch: 1 [8000/20000 (40.0%)]	Loss: 0.5298788547515869
[2023-05-03 21:00:46] Train Epoch: 1 [9000/20000 (45.0%)]	Loss: 0.4495828151702881
[2023-05-03 21:00:52] Train Epoch: 1 [10000/20000 (50.0%)]	Loss: 0.33582934737205505
[2023-05-03 21:00:57] Train Epoch: 1 [11000/20000 (55.0%)]	Loss: 0.17917919158935547
[2023-05-03 21:01:03] Train Epoch: 1 [12000/20000 (60.0%)]	Loss: 0.5212923884391785
[2023-05-03 21:01:08] Train Epoch: 1 [13000/20000 (65.0%)]	Loss: 0.847368597984314
[2023-05-03 21:01:14] Train Epoch: 1 [14000/20000 (70.0%)]	Loss: 0.26329195499420166
[2023-05-03 21:01:19] Train Epoch: 1 [15000/20000 (75.0%)]	Loss: 0.4765709936618805
[2023-05-03 21:01:25] Train Epoch: 1 [16000/20000 (80.0%)]	Loss: 0.4975079894065857
[2023-05-03 21:01:31] Train Epoch: 1 [17000/20000 (85.0%)]	Loss: 0.5207656621932983
[2023-05-03 21:01:36] Train Epoch: 1 [18000/20000 (90.0%)]	Loss: 0.6878260374069214
[2023-05-03 21:01:42] Train Epoch: 1 [19000/20000 (95.0%)]	Loss: 0.3666967451572418
[2023-05-03 21:02:08] ========== Metrics ==========
[2023-05-03 21:02:08] {
  "tr_loss": 0.47856822039129876,
  "tr_acc": 0.7728272827282728,
  "tr_f1": 0.7756653992395437,
  "val_loss": 0.39710487024804,
  "val_acc": 0.8344288505951324,
  "val_f1": 0.834985835694051,
  "test_loss": 0.40174589247561404,
  "test_acc": 0.8292682926829268,
  "test_f1": 0.8194842406876792
}
[2023-05-03 21:02:08] ========== Metrics ==========
[2023-05-03 21:02:09] Train Epoch: 2 [0/20000 (0.0%)]	Loss: 0.22290882468223572
[2023-05-03 21:02:15] Train Epoch: 2 [1000/20000 (5.0%)]	Loss: 0.4562179446220398
[2023-05-03 21:02:21] Train Epoch: 2 [2000/20000 (10.0%)]	Loss: 0.3970896601676941
[2023-05-03 21:02:27] Train Epoch: 2 [3000/20000 (15.0%)]	Loss: 0.15798678994178772
[2023-05-03 21:02:33] Train Epoch: 2 [4000/20000 (20.0%)]	Loss: 0.31812596321105957
[2023-05-03 21:02:39] Train Epoch: 2 [5000/20000 (25.0%)]	Loss: 0.1867968887090683
[2023-05-03 21:02:45] Train Epoch: 2 [6000/20000 (30.0%)]	Loss: 0.210969477891922
[2023-05-03 21:02:51] Train Epoch: 2 [7000/20000 (35.0%)]	Loss: 0.3445461392402649
[2023-05-03 21:02:57] Train Epoch: 2 [8000/20000 (40.0%)]	Loss: 0.28685951232910156
[2023-05-03 21:03:02] Train Epoch: 2 [9000/20000 (45.0%)]	Loss: 0.24946165084838867
[2023-05-03 21:03:08] Train Epoch: 2 [10000/20000 (50.0%)]	Loss: 0.1195317730307579
[2023-05-03 21:03:14] Train Epoch: 2 [11000/20000 (55.0%)]	Loss: 0.18880999088287354
[2023-05-03 21:03:19] Train Epoch: 2 [12000/20000 (60.0%)]	Loss: 0.11545828729867935
[2023-05-03 21:03:25] Train Epoch: 2 [13000/20000 (65.0%)]	Loss: 0.29679638147354126
[2023-05-03 21:03:31] Train Epoch: 2 [14000/20000 (70.0%)]	Loss: 0.2610003352165222
[2023-05-03 21:03:36] Train Epoch: 2 [15000/20000 (75.0%)]	Loss: 0.22640208899974823
[2023-05-03 21:03:42] Train Epoch: 2 [16000/20000 (80.0%)]	Loss: 0.25658494234085083
[2023-05-03 21:03:47] Train Epoch: 2 [17000/20000 (85.0%)]	Loss: 0.12696775794029236
[2023-05-03 21:03:53] Train Epoch: 2 [18000/20000 (90.0%)]	Loss: 0.3961178660392761
[2023-05-03 21:03:58] Train Epoch: 2 [19000/20000 (95.0%)]	Loss: 0.4432973265647888
[2023-05-03 21:04:27] ========== Metrics ==========
[2023-05-03 21:04:27] {
  "tr_loss": 0.2920643209625702,
  "tr_acc": 0.884988498849885,
  "tr_f1": 0.8851263610028969,
  "val_loss": 0.3744064962107878,
  "val_acc": 0.8353171078344288,
  "val_f1": 0.8230578354647834,
  "test_loss": 0.39954222072430745,
  "test_acc": 0.8265582655826558,
  "test_f1": 0.8060606060606059
}
[2023-05-03 21:04:27] ========== Metrics ==========
[2023-05-03 21:04:28] Train Epoch: 3 [0/20000 (0.0%)]	Loss: 0.09337680041790009
[2023-05-03 21:04:35] Train Epoch: 3 [1000/20000 (5.0%)]	Loss: 0.20740096271038055
[2023-05-03 21:04:40] Train Epoch: 3 [2000/20000 (10.0%)]	Loss: 0.13522963225841522
[2023-05-03 21:04:46] Train Epoch: 3 [3000/20000 (15.0%)]	Loss: 0.04670706391334534
[2023-05-03 21:04:52] Train Epoch: 3 [4000/20000 (20.0%)]	Loss: 0.11110907793045044
[2023-05-03 21:04:58] Train Epoch: 3 [5000/20000 (25.0%)]	Loss: 0.09155136346817017
[2023-05-03 21:05:03] Train Epoch: 3 [6000/20000 (30.0%)]	Loss: 0.16912361979484558
[2023-05-03 21:05:09] Train Epoch: 3 [7000/20000 (35.0%)]	Loss: 0.07012776285409927
[2023-05-03 21:05:15] Train Epoch: 3 [8000/20000 (40.0%)]	Loss: 0.4527479112148285
[2023-05-03 21:05:21] Train Epoch: 3 [9000/20000 (45.0%)]	Loss: 0.4059019684791565
[2023-05-03 21:05:26] Train Epoch: 3 [10000/20000 (50.0%)]	Loss: 0.2206992357969284
[2023-05-03 21:05:32] Train Epoch: 3 [11000/20000 (55.0%)]	Loss: 0.5339858531951904
[2023-05-03 21:05:38] Train Epoch: 3 [12000/20000 (60.0%)]	Loss: 0.2171328067779541
[2023-05-03 21:05:44] Train Epoch: 3 [13000/20000 (65.0%)]	Loss: 0.04181445762515068
[2023-05-03 21:05:49] Train Epoch: 3 [14000/20000 (70.0%)]	Loss: 0.2244151085615158
[2023-05-03 21:05:55] Train Epoch: 3 [15000/20000 (75.0%)]	Loss: 0.21246221661567688
[2023-05-03 21:06:01] Train Epoch: 3 [16000/20000 (80.0%)]	Loss: 0.13230696320533752
[2023-05-03 21:06:06] Train Epoch: 3 [17000/20000 (85.0%)]	Loss: 0.2851341664791107
[2023-05-03 21:06:12] Train Epoch: 3 [18000/20000 (90.0%)]	Loss: 0.14533361792564392
[2023-05-03 21:06:18] Train Epoch: 3 [19000/20000 (95.0%)]	Loss: 0.18925155699253082
[2023-05-03 21:06:49] ========== Metrics ==========
[2023-05-03 21:06:49] {
  "tr_loss": 0.18144797787049038,
  "tr_acc": 0.935943594359436,
  "tr_f1": 0.9357476049556102,
  "val_loss": 0.4139041757023468,
  "val_acc": 0.8406466512702079,
  "val_f1": 0.8358645928636779,
  "test_loss": 0.433425997815481,
  "test_acc": 0.8238482384823849,
  "test_f1": 0.8104956268221574
}
[2023-05-03 21:06:49] ========== Metrics ==========
[2023-05-03 21:06:51] Train Epoch: 4 [0/20000 (0.0%)]	Loss: 0.23571448028087616
[2023-05-03 21:06:57] Train Epoch: 4 [1000/20000 (5.0%)]	Loss: 0.01570766232907772
[2023-05-03 21:07:04] Train Epoch: 4 [2000/20000 (10.0%)]	Loss: 0.0753105878829956
[2023-05-03 21:07:10] Train Epoch: 4 [3000/20000 (15.0%)]	Loss: 0.08853510022163391
[2023-05-03 21:07:16] Train Epoch: 4 [4000/20000 (20.0%)]	Loss: 0.022981811314821243
[2023-05-03 21:07:22] Train Epoch: 4 [5000/20000 (25.0%)]	Loss: 0.1488899290561676
[2023-05-03 21:07:29] Train Epoch: 4 [6000/20000 (30.0%)]	Loss: 0.05146711319684982
[2023-05-03 21:07:35] Train Epoch: 4 [7000/20000 (35.0%)]	Loss: 0.24920590221881866
[2023-05-03 21:07:41] Train Epoch: 4 [8000/20000 (40.0%)]	Loss: 0.012326482683420181
[2023-05-03 21:07:47] Train Epoch: 4 [9000/20000 (45.0%)]	Loss: 0.03191934525966644
[2023-05-03 21:07:53] Train Epoch: 4 [10000/20000 (50.0%)]	Loss: 0.33499497175216675
[2023-05-03 21:07:59] Train Epoch: 4 [11000/20000 (55.0%)]	Loss: 0.026829859241843224
[2023-05-03 21:08:05] Train Epoch: 4 [12000/20000 (60.0%)]	Loss: 0.037300072610378265
[2023-05-03 21:08:11] Train Epoch: 4 [13000/20000 (65.0%)]	Loss: 0.030508507043123245
[2023-05-03 21:08:17] Train Epoch: 4 [14000/20000 (70.0%)]	Loss: 0.11911697685718536
[2023-05-03 21:08:23] Train Epoch: 4 [15000/20000 (75.0%)]	Loss: 0.18389539420604706
[2023-05-03 21:08:29] Train Epoch: 4 [16000/20000 (80.0%)]	Loss: 0.2258332073688507
[2023-05-03 21:08:36] Train Epoch: 4 [17000/20000 (85.0%)]	Loss: 0.06110427528619766
[2023-05-03 21:08:42] Train Epoch: 4 [18000/20000 (90.0%)]	Loss: 0.23830708861351013
[2023-05-03 21:08:47] Train Epoch: 4 [19000/20000 (95.0%)]	Loss: 0.009018288925290108
[2023-05-03 21:09:16] ========== Metrics ==========
[2023-05-03 21:09:16] {
  "tr_loss": 0.10098379618760785,
  "tr_acc": 0.9670967096709671,
  "tr_f1": 0.9671197281631021,
  "val_loss": 0.4850882236963427,
  "val_acc": 0.8278557470243383,
  "val_f1": 0.8300894266175697,
  "test_loss": 0.46813321711248174,
  "test_acc": 0.8265582655826558,
  "test_f1": 0.825136612021858
}
[2023-05-03 21:09:16] ========== Metrics ==========
[2023-05-03 21:09:17] Train Epoch: 5 [0/20000 (0.0%)]	Loss: 0.03266436979174614
[2023-05-03 21:09:24] Train Epoch: 5 [1000/20000 (5.0%)]	Loss: 0.0031753103248775005
[2023-05-03 21:09:30] Train Epoch: 5 [2000/20000 (10.0%)]	Loss: 0.009335909970104694
[2023-05-03 21:09:36] Train Epoch: 5 [3000/20000 (15.0%)]	Loss: 0.021638400852680206
[2023-05-03 21:09:43] Train Epoch: 5 [4000/20000 (20.0%)]	Loss: 0.18908368051052094
[2023-05-03 21:09:50] Train Epoch: 5 [5000/20000 (25.0%)]	Loss: 0.0036375417839735746
[2023-05-03 21:09:56] Train Epoch: 5 [6000/20000 (30.0%)]	Loss: 0.017373377457261086
[2023-05-03 21:10:03] Train Epoch: 5 [7000/20000 (35.0%)]	Loss: 0.010535866022109985
[2023-05-03 21:10:09] Train Epoch: 5 [8000/20000 (40.0%)]	Loss: 0.002458688337355852
[2023-05-03 21:10:16] Train Epoch: 5 [9000/20000 (45.0%)]	Loss: 0.015706857666373253
[2023-05-03 21:10:22] Train Epoch: 5 [10000/20000 (50.0%)]	Loss: 0.0008315218728967011
[2023-05-03 21:10:28] Train Epoch: 5 [11000/20000 (55.0%)]	Loss: 0.054942358285188675
[2023-05-03 21:10:35] Train Epoch: 5 [12000/20000 (60.0%)]	Loss: 0.20252308249473572
[2023-05-03 21:10:41] Train Epoch: 5 [13000/20000 (65.0%)]	Loss: 0.007729547563940287
[2023-05-03 21:10:47] Train Epoch: 5 [14000/20000 (70.0%)]	Loss: 0.05214712768793106
[2023-05-03 21:10:54] Train Epoch: 5 [15000/20000 (75.0%)]	Loss: 0.018845107406377792
[2023-05-03 21:11:00] Train Epoch: 5 [16000/20000 (80.0%)]	Loss: 0.0014926341827958822
[2023-05-03 21:11:07] Train Epoch: 5 [17000/20000 (85.0%)]	Loss: 0.023854169994592667
[2023-05-03 21:11:13] Train Epoch: 5 [18000/20000 (90.0%)]	Loss: 0.009380163624882698
[2023-05-03 21:11:19] Train Epoch: 5 [19000/20000 (95.0%)]	Loss: 0.11127575486898422
[2023-05-03 21:11:44] ========== Metrics ==========
[2023-05-03 21:11:44] {
  "tr_loss": 0.051712270527978416,
  "tr_acc": 0.9845984598459846,
  "tr_f1": 0.9846138475372165,
  "val_loss": 0.6088810922803983,
  "val_acc": 0.8219932492449813,
  "val_f1": 0.8304568527918782,
  "test_loss": 0.5420748643112699,
  "test_acc": 0.8401084010840109,
  "test_f1": 0.8451443569553806
}
[2023-05-03 21:11:44] ========== Metrics ==========
[2023-05-03 21:11:45] Train Epoch: 6 [0/20000 (0.0%)]	Loss: 0.011783571913838387
[2023-05-03 21:11:52] Train Epoch: 6 [1000/20000 (5.0%)]	Loss: 0.02025819942355156
[2023-05-03 21:11:58] Train Epoch: 6 [2000/20000 (10.0%)]	Loss: 0.000884426583070308
[2023-05-03 21:12:05] Train Epoch: 6 [3000/20000 (15.0%)]	Loss: 0.0039757005870342255
[2023-05-03 21:12:12] Train Epoch: 6 [4000/20000 (20.0%)]	Loss: 0.0029007517732679844
[2023-05-03 21:12:18] Train Epoch: 6 [5000/20000 (25.0%)]	Loss: 0.004115798510611057
[2023-05-03 21:12:25] Train Epoch: 6 [6000/20000 (30.0%)]	Loss: 0.0011464355047792196
[2023-05-03 21:12:31] Train Epoch: 6 [7000/20000 (35.0%)]	Loss: 0.0029723255429416895
[2023-05-03 21:12:37] Train Epoch: 6 [8000/20000 (40.0%)]	Loss: 0.004390922375023365
[2023-05-03 21:12:44] Train Epoch: 6 [9000/20000 (45.0%)]	Loss: 0.0038334797136485577
[2023-05-03 21:12:51] Train Epoch: 6 [10000/20000 (50.0%)]	Loss: 0.2835604250431061
[2023-05-03 21:12:57] Train Epoch: 6 [11000/20000 (55.0%)]	Loss: 0.008617745712399483
[2023-05-03 21:13:03] Train Epoch: 6 [12000/20000 (60.0%)]	Loss: 0.007989476434886456
[2023-05-03 21:13:10] Train Epoch: 6 [13000/20000 (65.0%)]	Loss: 0.026061827316880226
[2023-05-03 21:13:17] Train Epoch: 6 [14000/20000 (70.0%)]	Loss: 0.003061595605686307
[2023-05-03 21:13:23] Train Epoch: 6 [15000/20000 (75.0%)]	Loss: 0.0024764463305473328
[2023-05-03 21:13:30] Train Epoch: 6 [16000/20000 (80.0%)]	Loss: 0.0030228612013161182
[2023-05-03 21:13:36] Train Epoch: 6 [17000/20000 (85.0%)]	Loss: 0.6320591568946838
[2023-05-03 21:13:43] Train Epoch: 6 [18000/20000 (90.0%)]	Loss: 0.007948987185955048
[2023-05-03 21:13:50] Train Epoch: 6 [19000/20000 (95.0%)]	Loss: 0.005405263975262642
[2023-05-03 21:14:14] ========== Metrics ==========
[2023-05-03 21:14:14] {
  "tr_loss": 0.017456465510470354,
  "tr_acc": 0.9957495749574957,
  "tr_f1": 0.9957519116397621,
  "val_loss": 0.8237017989856833,
  "val_acc": 0.8244803695150116,
  "val_f1": 0.8272123119972018,
  "test_loss": 0.7421055436134338,
  "test_acc": 0.8428184281842819,
  "test_f1": 0.8406593406593408
}
[2023-05-03 21:14:14] ========== Metrics ==========
[2023-05-03 21:14:16] Train Epoch: 7 [0/20000 (0.0%)]	Loss: 0.0004987973370589316
[2023-05-03 21:14:22] Train Epoch: 7 [1000/20000 (5.0%)]	Loss: 0.001811950234696269
[2023-05-03 21:14:29] Train Epoch: 7 [2000/20000 (10.0%)]	Loss: 0.00054284802172333
[2023-05-03 21:14:36] Train Epoch: 7 [3000/20000 (15.0%)]	Loss: 0.015387013554573059
[2023-05-03 21:14:43] Train Epoch: 7 [4000/20000 (20.0%)]	Loss: 0.001900615869089961
[2023-05-03 21:14:49] Train Epoch: 7 [5000/20000 (25.0%)]	Loss: 0.0011164549505338073
[2023-05-03 21:14:56] Train Epoch: 7 [6000/20000 (30.0%)]	Loss: 0.0009679407812654972
[2023-05-03 21:15:02] Train Epoch: 7 [7000/20000 (35.0%)]	Loss: 0.0007215458317659795
[2023-05-03 21:15:09] Train Epoch: 7 [8000/20000 (40.0%)]	Loss: 0.00028777512488886714
[2023-05-03 21:15:16] Train Epoch: 7 [9000/20000 (45.0%)]	Loss: 0.0029317603912204504
[2023-05-03 21:15:22] Train Epoch: 7 [10000/20000 (50.0%)]	Loss: 0.0072430893778800964
[2023-05-03 21:15:29] Train Epoch: 7 [11000/20000 (55.0%)]	Loss: 0.001320181298069656
[2023-05-03 21:15:36] Train Epoch: 7 [12000/20000 (60.0%)]	Loss: 0.0018276292830705643
[2023-05-03 21:15:42] Train Epoch: 7 [13000/20000 (65.0%)]	Loss: 0.015352152287960052
[2023-05-03 21:15:48] Train Epoch: 7 [14000/20000 (70.0%)]	Loss: 0.000495676533319056
[2023-05-03 21:15:55] Train Epoch: 7 [15000/20000 (75.0%)]	Loss: 0.2279646396636963
[2023-05-03 21:16:02] Train Epoch: 7 [16000/20000 (80.0%)]	Loss: 0.004959669429808855
[2023-05-03 21:16:08] Train Epoch: 7 [17000/20000 (85.0%)]	Loss: 0.002910813083872199
[2023-05-03 21:16:15] Train Epoch: 7 [18000/20000 (90.0%)]	Loss: 0.0053686099126935005
[2023-05-03 21:16:21] Train Epoch: 7 [19000/20000 (95.0%)]	Loss: 0.0012179091572761536
[2023-05-03 21:16:54] ========== Metrics ==========
[2023-05-03 21:16:54] {
  "tr_loss": 0.013742110354422481,
  "tr_acc": 0.9965496549654965,
  "tr_f1": 0.9965505174223867,
  "val_loss": 0.8870146509153555,
  "val_acc": 0.8219932492449813,
  "val_f1": 0.8262829403606103,
  "test_loss": 0.7723244061557258,
  "test_acc": 0.8455284552845529,
  "test_f1": 0.8471849865951744
}
[2023-05-03 21:16:54] ========== Metrics ==========
[2023-05-03 21:16:56] Train Epoch: 8 [0/20000 (0.0%)]	Loss: 0.0027922403533011675
[2023-05-03 21:17:03] Train Epoch: 8 [1000/20000 (5.0%)]	Loss: 0.000797414977569133
[2023-05-03 21:17:09] Train Epoch: 8 [2000/20000 (10.0%)]	Loss: 0.0006008307100273669
[2023-05-03 21:17:16] Train Epoch: 8 [3000/20000 (15.0%)]	Loss: 0.0007840593461878598
[2023-05-03 21:17:23] Train Epoch: 8 [4000/20000 (20.0%)]	Loss: 0.0012765198480337858
[2023-05-03 21:17:29] Train Epoch: 8 [5000/20000 (25.0%)]	Loss: 0.0010565957054495811
[2023-05-03 21:17:36] Train Epoch: 8 [6000/20000 (30.0%)]	Loss: 0.001023822114802897
[2023-05-03 21:17:42] Train Epoch: 8 [7000/20000 (35.0%)]	Loss: 0.000785158365033567
[2023-05-03 21:17:49] Train Epoch: 8 [8000/20000 (40.0%)]	Loss: 0.0006495210691355169
[2023-05-03 21:17:55] Train Epoch: 8 [9000/20000 (45.0%)]	Loss: 0.0014739811886101961
[2023-05-03 21:18:02] Train Epoch: 8 [10000/20000 (50.0%)]	Loss: 0.00025502435164526105
[2023-05-03 21:18:08] Train Epoch: 8 [11000/20000 (55.0%)]	Loss: 0.013924327678978443
[2023-05-03 21:18:15] Train Epoch: 8 [12000/20000 (60.0%)]	Loss: 0.00036629586247727275
[2023-05-03 21:18:21] Train Epoch: 8 [13000/20000 (65.0%)]	Loss: 0.004331609234213829
[2023-05-03 21:18:28] Train Epoch: 8 [14000/20000 (70.0%)]	Loss: 0.000610545976087451
[2023-05-03 21:18:35] Train Epoch: 8 [15000/20000 (75.0%)]	Loss: 0.0747167095541954
[2023-05-03 21:18:41] Train Epoch: 8 [16000/20000 (80.0%)]	Loss: 0.000834666658192873
[2023-05-03 21:18:47] Train Epoch: 8 [17000/20000 (85.0%)]	Loss: 0.004428147338330746
[2023-05-03 21:18:54] Train Epoch: 8 [18000/20000 (90.0%)]	Loss: 0.0027507715858519077
[2023-05-03 21:19:01] Train Epoch: 8 [19000/20000 (95.0%)]	Loss: 0.0016608654987066984
[2023-05-03 21:19:30] ========== Metrics ==========
[2023-05-03 21:19:30] {
  "tr_loss": 0.011293757274136096,
  "tr_acc": 0.9975997599759976,
  "tr_f1": 0.9976004799040191,
  "val_loss": 0.8360368334654329,
  "val_acc": 0.8218155977971221,
  "val_f1": 0.8237568089966614,
  "test_loss": 0.7842833621472847,
  "test_acc": 0.8428184281842819,
  "test_f1": 0.8406593406593408
}
[2023-05-03 21:19:30] ========== Metrics ==========
[2023-05-03 21:19:32] Train Epoch: 9 [0/20000 (0.0%)]	Loss: 0.002199414651840925
[2023-05-03 21:19:39] Train Epoch: 9 [1000/20000 (5.0%)]	Loss: 0.0040154424495995045
[2023-05-03 21:19:46] Train Epoch: 9 [2000/20000 (10.0%)]	Loss: 0.02517980895936489
[2023-05-03 21:19:52] Train Epoch: 9 [3000/20000 (15.0%)]	Loss: 0.0011477989610284567
[2023-05-03 21:19:59] Train Epoch: 9 [4000/20000 (20.0%)]	Loss: 0.0003871713997796178
[2023-05-03 21:20:06] Train Epoch: 9 [5000/20000 (25.0%)]	Loss: 0.0018592698033899069
[2023-05-03 21:20:12] Train Epoch: 9 [6000/20000 (30.0%)]	Loss: 0.015885004773736
[2023-05-03 21:20:19] Train Epoch: 9 [7000/20000 (35.0%)]	Loss: 0.007687011267989874
[2023-05-03 21:20:26] Train Epoch: 9 [8000/20000 (40.0%)]	Loss: 0.0016947522526606917
[2023-05-03 21:20:33] Train Epoch: 9 [9000/20000 (45.0%)]	Loss: 0.0011516736121848226
[2023-05-03 21:20:40] Train Epoch: 9 [10000/20000 (50.0%)]	Loss: 0.00026144523872062564
[2023-05-03 21:20:47] Train Epoch: 9 [11000/20000 (55.0%)]	Loss: 0.000440262199845165
[2023-05-03 21:20:53] Train Epoch: 9 [12000/20000 (60.0%)]	Loss: 0.0014676745049655437
[2023-05-03 21:21:00] Train Epoch: 9 [13000/20000 (65.0%)]	Loss: 0.0004028516705147922
[2023-05-03 21:21:07] Train Epoch: 9 [14000/20000 (70.0%)]	Loss: 0.0010618411470204592
[2023-05-03 21:21:13] Train Epoch: 9 [15000/20000 (75.0%)]	Loss: 0.37412893772125244
[2023-05-03 21:21:20] Train Epoch: 9 [16000/20000 (80.0%)]	Loss: 0.0005524359876289964
[2023-05-03 21:21:27] Train Epoch: 9 [17000/20000 (85.0%)]	Loss: 0.00036774968612007797
[2023-05-03 21:21:34] Train Epoch: 9 [18000/20000 (90.0%)]	Loss: 0.00032104141428135335
[2023-05-03 21:21:40] Train Epoch: 9 [19000/20000 (95.0%)]	Loss: 0.0006748930318281054
[2023-05-03 21:22:05] Stop At epoch 9/20 due to valid not increase
[2023-05-03 21:22:08] ========== Metrics ==========
[2023-05-03 21:22:08] {
  "tr_loss": 0.009424399610084592,
  "tr_acc": 0.997999799979998,
  "tr_f1": 0.998000199980002,
  "val_loss": 0.9168499051331832,
  "val_acc": 0.8221709006928406,
  "val_f1": 0.8165658786879237,
  "test_loss": 0.8912166428113695,
  "test_acc": 0.8265582655826558,
  "test_f1": 0.8150289017341041
}
[2023-05-03 21:22:08] ========== Metrics ==========
