[2023-05-03 14:13:46] Train Epoch: 1 [0/20000 (0.0%)]	Loss: 0.7003579139709473
[2023-05-03 14:13:55] Train Epoch: 1 [1000/20000 (5.0%)]	Loss: 0.6437984704971313
[2023-05-03 14:14:02] Train Epoch: 1 [2000/20000 (10.0%)]	Loss: 0.6545682549476624
[2023-05-03 14:14:14] Train Epoch: 1 [3000/20000 (15.0%)]	Loss: 0.6024261713027954
[2023-05-03 14:14:29] Train Epoch: 1 [4000/20000 (20.0%)]	Loss: 0.6079757809638977
[2023-05-03 14:14:42] Train Epoch: 1 [5000/20000 (25.0%)]	Loss: 0.25548869371414185
[2023-05-03 14:14:56] Train Epoch: 1 [6000/20000 (30.0%)]	Loss: 0.8411930203437805
[2023-05-03 14:15:20] Train Epoch: 1 [7000/20000 (35.0%)]	Loss: 0.48019298911094666
[2023-05-03 14:15:39] Train Epoch: 1 [8000/20000 (40.0%)]	Loss: 0.9081325531005859
[2023-05-03 14:15:56] Train Epoch: 1 [9000/20000 (45.0%)]	Loss: 0.5727013349533081
[2023-05-03 14:16:19] Train Epoch: 1 [10000/20000 (50.0%)]	Loss: 0.4849753975868225
[2023-05-03 14:16:44] Train Epoch: 1 [11000/20000 (55.0%)]	Loss: 0.3898148536682129
[2023-05-03 14:17:09] Train Epoch: 1 [12000/20000 (60.0%)]	Loss: 0.43880218267440796
[2023-05-03 14:17:34] Train Epoch: 1 [13000/20000 (65.0%)]	Loss: 0.6531821489334106
[2023-05-03 14:17:59] Train Epoch: 1 [14000/20000 (70.0%)]	Loss: 0.3508763611316681
[2023-05-03 14:18:24] Train Epoch: 1 [15000/20000 (75.0%)]	Loss: 0.5075119733810425
[2023-05-03 14:18:50] Train Epoch: 1 [16000/20000 (80.0%)]	Loss: 0.5548400282859802
[2023-05-03 14:19:15] Train Epoch: 1 [17000/20000 (85.0%)]	Loss: 0.5768126249313354
[2023-05-03 14:19:40] Train Epoch: 1 [18000/20000 (90.0%)]	Loss: 0.3718787729740143
[2023-05-03 14:20:05] Train Epoch: 1 [19000/20000 (95.0%)]	Loss: 0.4875713884830475
[2023-05-03 14:20:59] ========== Metrics ==========
[2023-05-03 14:20:59] {
  "tr_loss": 0.5287616152187051,
  "tr_acc": 0.7418241824182418,
  "tr_f1": 0.7434534161490682,
  "val_loss": 0.4084969552716601,
  "val_acc": 0.8179072659442175,
  "val_f1": 0.8122366733834036,
  "test_loss": 0.43032901316154293,
  "test_acc": 0.7994579945799458,
  "test_f1": 0.7784431137724551
}
[2023-05-03 14:20:59] ========== Metrics ==========
[2023-05-03 14:21:02] Train Epoch: 2 [0/20000 (0.0%)]	Loss: 0.2522948384284973
[2023-05-03 14:21:27] Train Epoch: 2 [1000/20000 (5.0%)]	Loss: 0.28678157925605774
[2023-05-03 14:21:53] Train Epoch: 2 [2000/20000 (10.0%)]	Loss: 0.23015742003917694
[2023-05-03 14:22:19] Train Epoch: 2 [3000/20000 (15.0%)]	Loss: 0.3976302146911621
[2023-05-03 14:22:45] Train Epoch: 2 [4000/20000 (20.0%)]	Loss: 0.27433905005455017
[2023-05-03 14:23:11] Train Epoch: 2 [5000/20000 (25.0%)]	Loss: 0.370769202709198
[2023-05-03 14:23:36] Train Epoch: 2 [6000/20000 (30.0%)]	Loss: 0.3042331635951996
[2023-05-03 14:24:01] Train Epoch: 2 [7000/20000 (35.0%)]	Loss: 0.24181422591209412
[2023-05-03 14:24:25] Train Epoch: 2 [8000/20000 (40.0%)]	Loss: 0.28685900568962097
[2023-05-03 14:24:51] Train Epoch: 2 [9000/20000 (45.0%)]	Loss: 0.6718072295188904
[2023-05-03 14:25:17] Train Epoch: 2 [10000/20000 (50.0%)]	Loss: 0.3104458451271057
[2023-05-03 14:25:43] Train Epoch: 2 [11000/20000 (55.0%)]	Loss: 0.5417333841323853
[2023-05-03 14:26:09] Train Epoch: 2 [12000/20000 (60.0%)]	Loss: 0.3035259246826172
[2023-05-03 14:26:35] Train Epoch: 2 [13000/20000 (65.0%)]	Loss: 0.13553887605667114
[2023-05-03 14:27:01] Train Epoch: 2 [14000/20000 (70.0%)]	Loss: 0.3983306884765625
[2023-05-03 14:27:26] Train Epoch: 2 [15000/20000 (75.0%)]	Loss: 0.4682903289794922
[2023-05-03 14:27:52] Train Epoch: 2 [16000/20000 (80.0%)]	Loss: 0.44300904870033264
[2023-05-03 14:28:18] Train Epoch: 2 [17000/20000 (85.0%)]	Loss: 0.18622638285160065
[2023-05-03 14:28:44] Train Epoch: 2 [18000/20000 (90.0%)]	Loss: 0.2913816571235657
[2023-05-03 14:29:10] Train Epoch: 2 [19000/20000 (95.0%)]	Loss: 0.23413881659507751
[2023-05-03 14:30:04] ========== Metrics ==========
[2023-05-03 14:30:04] {
  "tr_loss": 0.32374150517902106,
  "tr_acc": 0.8676367636763677,
  "tr_f1": 0.8679602933107198,
  "val_loss": 0.37092839531649446,
  "val_acc": 0.8504174809024694,
  "val_f1": 0.8514991181657848,
  "test_loss": 0.3478437112921945,
  "test_acc": 0.8672086720867209,
  "test_f1": 0.8627450980392156
}
[2023-05-03 14:30:04] ========== Metrics ==========
[2023-05-03 14:30:07] Train Epoch: 3 [0/20000 (0.0%)]	Loss: 0.12375195324420929
[2023-05-03 14:30:32] Train Epoch: 3 [1000/20000 (5.0%)]	Loss: 0.09552627801895142
[2023-05-03 14:30:55] Train Epoch: 3 [2000/20000 (10.0%)]	Loss: 0.0935758575797081
[2023-05-03 14:31:19] Train Epoch: 3 [3000/20000 (15.0%)]	Loss: 0.25155147910118103
[2023-05-03 14:31:43] Train Epoch: 3 [4000/20000 (20.0%)]	Loss: 0.3081197738647461
[2023-05-03 14:32:08] Train Epoch: 3 [5000/20000 (25.0%)]	Loss: 0.3399311602115631
[2023-05-03 14:32:32] Train Epoch: 3 [6000/20000 (30.0%)]	Loss: 0.08693882077932358
[2023-05-03 14:32:56] Train Epoch: 3 [7000/20000 (35.0%)]	Loss: 0.26245057582855225
[2023-05-03 14:33:20] Train Epoch: 3 [8000/20000 (40.0%)]	Loss: 0.6975651383399963
[2023-05-03 14:33:46] Train Epoch: 3 [9000/20000 (45.0%)]	Loss: 0.212510347366333
[2023-05-03 14:34:13] Train Epoch: 3 [10000/20000 (50.0%)]	Loss: 0.14809857308864594
[2023-05-03 14:34:39] Train Epoch: 3 [11000/20000 (55.0%)]	Loss: 0.23176193237304688
[2023-05-03 14:35:05] Train Epoch: 3 [12000/20000 (60.0%)]	Loss: 0.2360042780637741
[2023-05-03 14:35:30] Train Epoch: 3 [13000/20000 (65.0%)]	Loss: 0.12223205715417862
[2023-05-03 14:35:55] Train Epoch: 3 [14000/20000 (70.0%)]	Loss: 0.14215800166130066
[2023-05-03 14:36:20] Train Epoch: 3 [15000/20000 (75.0%)]	Loss: 0.06092432141304016
[2023-05-03 14:36:45] Train Epoch: 3 [16000/20000 (80.0%)]	Loss: 0.14571453630924225
[2023-05-03 14:37:13] Train Epoch: 3 [17000/20000 (85.0%)]	Loss: 0.27895721793174744
[2023-05-03 14:37:39] Train Epoch: 3 [18000/20000 (90.0%)]	Loss: 0.4757178723812103
[2023-05-03 14:38:03] Train Epoch: 3 [19000/20000 (95.0%)]	Loss: 0.2787235975265503
[2023-05-03 14:38:57] ========== Metrics ==========
[2023-05-03 14:38:57] {
  "tr_loss": 0.1956092550622599,
  "tr_acc": 0.9292429242924293,
  "tr_f1": 0.9293312690406034,
  "val_loss": 0.3734459228341121,
  "val_acc": 0.8489962693195949,
  "val_f1": 0.8464595375722543,
  "test_loss": 0.36931085958067317,
  "test_acc": 0.8455284552845529,
  "test_f1": 0.8385269121813032
}
[2023-05-03 14:38:57] ========== Metrics ==========
[2023-05-03 14:39:00] Train Epoch: 4 [0/20000 (0.0%)]	Loss: 0.07174359261989594
[2023-05-03 14:39:24] Train Epoch: 4 [1000/20000 (5.0%)]	Loss: 0.21852286159992218
[2023-05-03 14:39:47] Train Epoch: 4 [2000/20000 (10.0%)]	Loss: 0.011733902618288994
[2023-05-03 14:40:12] Train Epoch: 4 [3000/20000 (15.0%)]	Loss: 0.0320710763335228
[2023-05-03 14:40:37] Train Epoch: 4 [4000/20000 (20.0%)]	Loss: 0.0849342942237854
[2023-05-03 14:41:01] Train Epoch: 4 [5000/20000 (25.0%)]	Loss: 0.04428119957447052
[2023-05-03 14:41:26] Train Epoch: 4 [6000/20000 (30.0%)]	Loss: 0.10863856971263885
[2023-05-03 14:41:51] Train Epoch: 4 [7000/20000 (35.0%)]	Loss: 0.0246583204716444
[2023-05-03 14:42:15] Train Epoch: 4 [8000/20000 (40.0%)]	Loss: 0.014535317197442055
[2023-05-03 14:42:41] Train Epoch: 4 [9000/20000 (45.0%)]	Loss: 0.016640624031424522
[2023-05-03 14:43:07] Train Epoch: 4 [10000/20000 (50.0%)]	Loss: 0.14343005418777466
[2023-05-03 14:43:33] Train Epoch: 4 [11000/20000 (55.0%)]	Loss: 0.1572474092245102
[2023-05-03 14:43:59] Train Epoch: 4 [12000/20000 (60.0%)]	Loss: 0.019717013463377953
[2023-05-03 14:44:25] Train Epoch: 4 [13000/20000 (65.0%)]	Loss: 0.011812379583716393
[2023-05-03 14:44:50] Train Epoch: 4 [14000/20000 (70.0%)]	Loss: 0.019551945850253105
[2023-05-03 14:45:16] Train Epoch: 4 [15000/20000 (75.0%)]	Loss: 0.022572217509150505
[2023-05-03 14:45:42] Train Epoch: 4 [16000/20000 (80.0%)]	Loss: 0.12610004842281342
[2023-05-03 14:46:08] Train Epoch: 4 [17000/20000 (85.0%)]	Loss: 0.011868131347000599
[2023-05-03 14:46:33] Train Epoch: 4 [18000/20000 (90.0%)]	Loss: 0.023719925433397293
[2023-05-03 14:46:59] Train Epoch: 4 [19000/20000 (95.0%)]	Loss: 0.06629322469234467
[2023-05-03 14:47:53] ========== Metrics ==========
[2023-05-03 14:47:53] {
  "tr_loss": 0.1003715835243623,
  "tr_acc": 0.9662966296629663,
  "tr_f1": 0.9662155388471176,
  "val_loss": 0.5390346538077601,
  "val_acc": 0.8406466512702079,
  "val_f1": 0.8364630811303555,
  "test_loss": 0.5319622756665962,
  "test_acc": 0.8455284552845529,
  "test_f1": 0.8403361344537815
}
[2023-05-03 14:47:53] ========== Metrics ==========
[2023-05-03 14:47:56] Train Epoch: 5 [0/20000 (0.0%)]	Loss: 0.006962427403777838
[2023-05-03 14:48:20] Train Epoch: 5 [1000/20000 (5.0%)]	Loss: 0.004348721820861101
[2023-05-03 14:48:44] Train Epoch: 5 [2000/20000 (10.0%)]	Loss: 0.004390742164105177
[2023-05-03 14:49:10] Train Epoch: 5 [3000/20000 (15.0%)]	Loss: 0.01580173894762993
[2023-05-03 14:49:36] Train Epoch: 5 [4000/20000 (20.0%)]	Loss: 0.02943766489624977
[2023-05-03 14:50:01] Train Epoch: 5 [5000/20000 (25.0%)]	Loss: 0.0021246434189379215
[2023-05-03 14:50:27] Train Epoch: 5 [6000/20000 (30.0%)]	Loss: 0.0031321519054472446
[2023-05-03 14:50:52] Train Epoch: 5 [7000/20000 (35.0%)]	Loss: 0.006626736372709274
[2023-05-03 14:51:18] Train Epoch: 5 [8000/20000 (40.0%)]	Loss: 0.26480579376220703
[2023-05-03 14:51:44] Train Epoch: 5 [9000/20000 (45.0%)]	Loss: 0.02063641883432865
[2023-05-03 14:52:09] Train Epoch: 5 [10000/20000 (50.0%)]	Loss: 0.05184675008058548
[2023-05-03 14:52:35] Train Epoch: 5 [11000/20000 (55.0%)]	Loss: 0.031517285853624344
[2023-05-03 14:53:01] Train Epoch: 5 [12000/20000 (60.0%)]	Loss: 0.06822003424167633
[2023-05-03 14:53:26] Train Epoch: 5 [13000/20000 (65.0%)]	Loss: 0.03298564627766609
[2023-05-03 14:53:52] Train Epoch: 5 [14000/20000 (70.0%)]	Loss: 0.11354931443929672
[2023-05-03 14:54:17] Train Epoch: 5 [15000/20000 (75.0%)]	Loss: 0.07675699144601822
[2023-05-03 14:54:43] Train Epoch: 5 [16000/20000 (80.0%)]	Loss: 0.0032903742976486683
[2023-05-03 14:55:09] Train Epoch: 5 [17000/20000 (85.0%)]	Loss: 0.01656956411898136
[2023-05-03 14:55:35] Train Epoch: 5 [18000/20000 (90.0%)]	Loss: 0.23490813374519348
[2023-05-03 14:56:01] Train Epoch: 5 [19000/20000 (95.0%)]	Loss: 0.07836025208234787
[2023-05-03 14:56:56] ========== Metrics ==========
[2023-05-03 14:56:56] {
  "tr_loss": 0.05022918700876197,
  "tr_acc": 0.985048504850485,
  "tr_f1": 0.9850297902167927,
  "val_loss": 0.6049830435139393,
  "val_acc": 0.8237697637235744,
  "val_f1": 0.8105423987776929,
  "test_loss": 0.7221593249457962,
  "test_acc": 0.8075880758807588,
  "test_f1": 0.7893175074183976
}
[2023-05-03 14:56:56] ========== Metrics ==========
[2023-05-03 14:56:59] Train Epoch: 6 [0/20000 (0.0%)]	Loss: 0.005292290821671486
[2023-05-03 14:57:24] Train Epoch: 6 [1000/20000 (5.0%)]	Loss: 0.007110903970897198
[2023-05-03 14:57:51] Train Epoch: 6 [2000/20000 (10.0%)]	Loss: 0.004349034279584885
[2023-05-03 14:58:18] Train Epoch: 6 [3000/20000 (15.0%)]	Loss: 0.0053705936297774315
[2023-05-03 14:58:45] Train Epoch: 6 [4000/20000 (20.0%)]	Loss: 0.004607097711414099
[2023-05-03 14:59:13] Train Epoch: 6 [5000/20000 (25.0%)]	Loss: 0.00245017372071743
[2023-05-03 14:59:40] Train Epoch: 6 [6000/20000 (30.0%)]	Loss: 0.0016582453390583396
[2023-05-03 15:00:08] Train Epoch: 6 [7000/20000 (35.0%)]	Loss: 0.0016525679966434836
[2023-05-03 15:00:35] Train Epoch: 6 [8000/20000 (40.0%)]	Loss: 0.002448844723403454
[2023-05-03 15:01:02] Train Epoch: 6 [9000/20000 (45.0%)]	Loss: 0.03628024086356163
[2023-05-03 15:01:29] Train Epoch: 6 [10000/20000 (50.0%)]	Loss: 0.0015246942639350891
[2023-05-03 15:01:57] Train Epoch: 6 [11000/20000 (55.0%)]	Loss: 0.0022432717960327864
[2023-05-03 15:02:24] Train Epoch: 6 [12000/20000 (60.0%)]	Loss: 0.003287027357146144
[2023-05-03 15:02:51] Train Epoch: 6 [13000/20000 (65.0%)]	Loss: 0.0016051956918090582
[2023-05-03 15:03:19] Train Epoch: 6 [14000/20000 (70.0%)]	Loss: 0.0008276188746094704
[2023-05-03 15:03:46] Train Epoch: 6 [15000/20000 (75.0%)]	Loss: 0.0033037278335541487
[2023-05-03 15:04:13] Train Epoch: 6 [16000/20000 (80.0%)]	Loss: 0.003349649254232645
[2023-05-03 15:04:39] Train Epoch: 6 [17000/20000 (85.0%)]	Loss: 0.0016410357784479856
[2023-05-03 15:05:05] Train Epoch: 6 [18000/20000 (90.0%)]	Loss: 0.0026497687213122845
[2023-05-03 15:05:31] Train Epoch: 6 [19000/20000 (95.0%)]	Loss: 0.0018974922131747007
[2023-05-03 15:06:28] ========== Metrics ==========
[2023-05-03 15:06:28] {
  "tr_loss": 0.01611598276233783,
  "tr_acc": 0.9963996399639964,
  "tr_f1": 0.9963960356392032,
  "val_loss": 0.7824968757446367,
  "val_acc": 0.8257239296500266,
  "val_f1": 0.8290047062924875,
  "test_loss": 0.8074311899945019,
  "test_acc": 0.8319783197831978,
  "test_f1": 0.8315217391304347
}
[2023-05-03 15:06:28] ========== Metrics ==========
[2023-05-03 15:06:31] Train Epoch: 7 [0/20000 (0.0%)]	Loss: 0.0027137899305671453
[2023-05-03 15:06:55] Train Epoch: 7 [1000/20000 (5.0%)]	Loss: 0.005876019597053528
[2023-05-03 15:07:19] Train Epoch: 7 [2000/20000 (10.0%)]	Loss: 0.002725898288190365
[2023-05-03 15:07:44] Train Epoch: 7 [3000/20000 (15.0%)]	Loss: 0.008887973614037037
[2023-05-03 15:08:09] Train Epoch: 7 [4000/20000 (20.0%)]	Loss: 0.008419479243457317
[2023-05-03 15:08:34] Train Epoch: 7 [5000/20000 (25.0%)]	Loss: 0.0013290087226778269
[2023-05-03 15:08:59] Train Epoch: 7 [6000/20000 (30.0%)]	Loss: 0.0008498525130562484
[2023-05-03 15:09:24] Train Epoch: 7 [7000/20000 (35.0%)]	Loss: 0.0020587285980582237
[2023-05-03 15:09:49] Train Epoch: 7 [8000/20000 (40.0%)]	Loss: 0.0012272000312805176
[2023-05-03 15:10:14] Train Epoch: 7 [9000/20000 (45.0%)]	Loss: 0.005561669357120991
[2023-05-03 15:10:39] Train Epoch: 7 [10000/20000 (50.0%)]	Loss: 0.0007465353701263666
[2023-05-03 15:11:03] Train Epoch: 7 [11000/20000 (55.0%)]	Loss: 0.0012210635468363762
[2023-05-03 15:11:28] Train Epoch: 7 [12000/20000 (60.0%)]	Loss: 0.00813574343919754
[2023-05-03 15:11:52] Train Epoch: 7 [13000/20000 (65.0%)]	Loss: 0.025496210902929306
[2023-05-03 15:12:17] Train Epoch: 7 [14000/20000 (70.0%)]	Loss: 0.0007991369930095971
[2023-05-03 15:12:41] Train Epoch: 7 [15000/20000 (75.0%)]	Loss: 0.00026223997701890767
[2023-05-03 15:13:06] Train Epoch: 7 [16000/20000 (80.0%)]	Loss: 0.014186407439410686
[2023-05-03 15:13:31] Train Epoch: 7 [17000/20000 (85.0%)]	Loss: 0.0015616893069818616
[2023-05-03 15:13:55] Train Epoch: 7 [18000/20000 (90.0%)]	Loss: 0.0013580549275502563
[2023-05-03 15:14:19] Train Epoch: 7 [19000/20000 (95.0%)]	Loss: 0.002262771362438798
[2023-05-03 15:15:13] ========== Metrics ==========
[2023-05-03 15:15:13] {
  "tr_loss": 0.011411584944691461,
  "tr_acc": 0.9978497849784979,
  "tr_f1": 0.9978492472365329,
  "val_loss": 0.831280702956353,
  "val_acc": 0.8221709006928406,
  "val_f1": 0.8246013667425968,
  "test_loss": 0.8720697926958079,
  "test_acc": 0.8292682926829268,
  "test_f1": 0.8292682926829269
}
[2023-05-03 15:15:13] ========== Metrics ==========
[2023-05-03 15:15:16] Train Epoch: 8 [0/20000 (0.0%)]	Loss: 0.0007525582332164049
[2023-05-03 15:15:40] Train Epoch: 8 [1000/20000 (5.0%)]	Loss: 0.004728243686258793
[2023-05-03 15:16:04] Train Epoch: 8 [2000/20000 (10.0%)]	Loss: 0.004311067052185535
[2023-05-03 15:16:29] Train Epoch: 8 [3000/20000 (15.0%)]	Loss: 0.007350686937570572
[2023-05-03 15:16:55] Train Epoch: 8 [4000/20000 (20.0%)]	Loss: 0.0003995050792582333
[2023-05-03 15:17:20] Train Epoch: 8 [5000/20000 (25.0%)]	Loss: 0.0030595322605222464
[2023-05-03 15:17:46] Train Epoch: 8 [6000/20000 (30.0%)]	Loss: 0.0013020007172599435
[2023-05-03 15:18:11] Train Epoch: 8 [7000/20000 (35.0%)]	Loss: 0.002223394811153412
[2023-05-03 15:18:37] Train Epoch: 8 [8000/20000 (40.0%)]	Loss: 0.007094766944646835
[2023-05-03 15:19:02] Train Epoch: 8 [9000/20000 (45.0%)]	Loss: 0.003069604281336069
[2023-05-03 15:19:28] Train Epoch: 8 [10000/20000 (50.0%)]	Loss: 0.0003744772111531347
[2023-05-03 15:19:54] Train Epoch: 8 [11000/20000 (55.0%)]	Loss: 0.001095655607059598
[2023-05-03 15:20:20] Train Epoch: 8 [12000/20000 (60.0%)]	Loss: 0.0006272102473303676
[2023-05-03 15:20:46] Train Epoch: 8 [13000/20000 (65.0%)]	Loss: 0.00031296611996367574
[2023-05-03 15:21:12] Train Epoch: 8 [14000/20000 (70.0%)]	Loss: 0.001950588310137391
[2023-05-03 15:21:38] Train Epoch: 8 [15000/20000 (75.0%)]	Loss: 0.00045380330993793905
[2023-05-03 15:22:04] Train Epoch: 8 [16000/20000 (80.0%)]	Loss: 0.059467118233442307
[2023-05-03 15:22:30] Train Epoch: 8 [17000/20000 (85.0%)]	Loss: 0.001491687260568142
[2023-05-03 15:22:56] Train Epoch: 8 [18000/20000 (90.0%)]	Loss: 0.00038453441811725497
[2023-05-03 15:23:22] Train Epoch: 8 [19000/20000 (95.0%)]	Loss: 0.0028233672492206097
[2023-05-03 15:24:14] Stop At epoch 8/20 due to valid not increase
[2023-05-03 15:24:19] ========== Metrics ==========
[2023-05-03 15:24:19] {
  "tr_loss": 0.008762960258541898,
  "tr_acc": 0.9984498449844984,
  "tr_f1": 0.9984493021859836,
  "val_loss": 0.8615548177227659,
  "val_acc": 0.8184402202877954,
  "val_f1": 0.8174347981421937,
  "test_loss": 1.0281904522319474,
  "test_acc": 0.8102981029810298,
  "test_f1": 0.8044692737430168
}
[2023-05-03 15:24:19] ========== Metrics ==========
