[2023-05-02 08:32:12] Train Epoch: 1 [0/20000 (0.0%)]	Loss: 0.7289988994598389
[2023-05-02 08:32:13] Train Epoch: 1 [1000/20000 (5.0%)]	Loss: 0.6725473999977112
[2023-05-02 08:32:14] Train Epoch: 1 [2000/20000 (10.0%)]	Loss: 0.3939107060432434
[2023-05-02 08:32:15] Train Epoch: 1 [3000/20000 (15.0%)]	Loss: 0.49241286516189575
[2023-05-02 08:32:16] Train Epoch: 1 [4000/20000 (20.0%)]	Loss: 0.3270862400531769
[2023-05-02 08:32:18] Train Epoch: 1 [5000/20000 (25.0%)]	Loss: 0.682672381401062
[2023-05-02 08:32:19] Train Epoch: 1 [6000/20000 (30.0%)]	Loss: 0.3515647053718567
[2023-05-02 08:32:20] Train Epoch: 1 [7000/20000 (35.0%)]	Loss: 0.5758465528488159
[2023-05-02 08:32:21] Train Epoch: 1 [8000/20000 (40.0%)]	Loss: 0.43155336380004883
[2023-05-02 08:32:23] Train Epoch: 1 [9000/20000 (45.0%)]	Loss: 0.5484785437583923
[2023-05-02 08:32:24] Train Epoch: 1 [10000/20000 (50.0%)]	Loss: 0.7261157035827637
[2023-05-02 08:32:25] Train Epoch: 1 [11000/20000 (55.0%)]	Loss: 0.5049583315849304
[2023-05-02 08:32:26] Train Epoch: 1 [12000/20000 (60.0%)]	Loss: 0.4057767987251282
[2023-05-02 08:32:28] Train Epoch: 1 [13000/20000 (65.0%)]	Loss: 0.5451675653457642
[2023-05-02 08:32:29] Train Epoch: 1 [14000/20000 (70.0%)]	Loss: 0.6129432916641235
[2023-05-02 08:32:31] Train Epoch: 1 [15000/20000 (75.0%)]	Loss: 0.3391025960445404
[2023-05-02 08:32:32] Train Epoch: 1 [16000/20000 (80.0%)]	Loss: 0.43240270018577576
[2023-05-02 08:32:33] Train Epoch: 1 [17000/20000 (85.0%)]	Loss: 0.6200295686721802
[2023-05-02 08:32:35] Train Epoch: 1 [18000/20000 (90.0%)]	Loss: 0.30884331464767456
[2023-05-02 08:32:36] Train Epoch: 1 [19000/20000 (95.0%)]	Loss: 0.33737364411354065
[2023-05-02 08:32:44] ========== Metrics ==========
[2023-05-02 08:32:44] {
  "tr_loss": 0.46896553891088283,
  "tr_acc": 0.7792779277927793,
  "tr_f1": 0.7828397126832627,
  "val_loss": 0.39328120922847465,
  "val_acc": 0.8349618049387103,
  "val_f1": 0.8347269169186977,
  "test_loss": 0.3767344008293255,
  "test_acc": 0.8428184281842819,
  "test_f1": 0.8379888268156425
}
[2023-05-02 08:32:44] ========== Metrics ==========
[2023-05-02 08:32:44] Train Epoch: 2 [0/20000 (0.0%)]	Loss: 0.49932584166526794
[2023-05-02 08:32:46] Train Epoch: 2 [1000/20000 (5.0%)]	Loss: 0.2787068486213684
[2023-05-02 08:32:47] Train Epoch: 2 [2000/20000 (10.0%)]	Loss: 0.25365951657295227
[2023-05-02 08:32:49] Train Epoch: 2 [3000/20000 (15.0%)]	Loss: 0.16661971807479858
[2023-05-02 08:32:50] Train Epoch: 2 [4000/20000 (20.0%)]	Loss: 0.2563098073005676
[2023-05-02 08:32:52] Train Epoch: 2 [5000/20000 (25.0%)]	Loss: 0.17377038300037384
[2023-05-02 08:32:53] Train Epoch: 2 [6000/20000 (30.0%)]	Loss: 0.16854329407215118
[2023-05-02 08:32:55] Train Epoch: 2 [7000/20000 (35.0%)]	Loss: 0.39284759759902954
[2023-05-02 08:32:56] Train Epoch: 2 [8000/20000 (40.0%)]	Loss: 0.26364538073539734
[2023-05-02 08:32:58] Train Epoch: 2 [9000/20000 (45.0%)]	Loss: 0.18601934611797333
[2023-05-02 08:33:00] Train Epoch: 2 [10000/20000 (50.0%)]	Loss: 0.40526920557022095
[2023-05-02 08:33:01] Train Epoch: 2 [11000/20000 (55.0%)]	Loss: 0.3058740496635437
[2023-05-02 08:33:03] Train Epoch: 2 [12000/20000 (60.0%)]	Loss: 0.1960914582014084
[2023-05-02 08:33:04] Train Epoch: 2 [13000/20000 (65.0%)]	Loss: 0.19728216528892517
[2023-05-02 08:33:06] Train Epoch: 2 [14000/20000 (70.0%)]	Loss: 0.3501240313053131
[2023-05-02 08:33:07] Train Epoch: 2 [15000/20000 (75.0%)]	Loss: 0.21293771266937256
[2023-05-02 08:33:09] Train Epoch: 2 [16000/20000 (80.0%)]	Loss: 0.14933712780475616
[2023-05-02 08:33:10] Train Epoch: 2 [17000/20000 (85.0%)]	Loss: 0.6432279944419861
[2023-05-02 08:33:12] Train Epoch: 2 [18000/20000 (90.0%)]	Loss: 0.20890173316001892
[2023-05-02 08:33:13] Train Epoch: 2 [19000/20000 (95.0%)]	Loss: 0.6832621097564697
[2023-05-02 08:33:21] ========== Metrics ==========
[2023-05-02 08:33:21] {
  "tr_loss": 0.2921883215998659,
  "tr_acc": 0.8830383038303831,
  "tr_f1": 0.8830558472076395,
  "val_loss": 0.3651306386007935,
  "val_acc": 0.8411796056137858,
  "val_f1": 0.8423280423280424,
  "test_loss": 0.34068672072273604,
  "test_acc": 0.8455284552845529,
  "test_f1": 0.8394366197183099
}
[2023-05-02 08:33:21] ========== Metrics ==========
[2023-05-02 08:33:22] Train Epoch: 3 [0/20000 (0.0%)]	Loss: 0.11248592287302017
[2023-05-02 08:33:24] Train Epoch: 3 [1000/20000 (5.0%)]	Loss: 0.07387988269329071
[2023-05-02 08:33:25] Train Epoch: 3 [2000/20000 (10.0%)]	Loss: 0.2806360125541687
[2023-05-02 08:33:27] Train Epoch: 3 [3000/20000 (15.0%)]	Loss: 0.5077170133590698
[2023-05-02 08:33:28] Train Epoch: 3 [4000/20000 (20.0%)]	Loss: 0.07255135476589203
[2023-05-02 08:33:30] Train Epoch: 3 [5000/20000 (25.0%)]	Loss: 0.06260620057582855
[2023-05-02 08:33:32] Train Epoch: 3 [6000/20000 (30.0%)]	Loss: 0.027198350057005882
[2023-05-02 08:33:33] Train Epoch: 3 [7000/20000 (35.0%)]	Loss: 0.2704152464866638
[2023-05-02 08:33:35] Train Epoch: 3 [8000/20000 (40.0%)]	Loss: 0.2468215972185135
[2023-05-02 08:33:36] Train Epoch: 3 [9000/20000 (45.0%)]	Loss: 0.04072362929582596
[2023-05-02 08:33:38] Train Epoch: 3 [10000/20000 (50.0%)]	Loss: 0.16890043020248413
[2023-05-02 08:33:40] Train Epoch: 3 [11000/20000 (55.0%)]	Loss: 0.22610850632190704
[2023-05-02 08:33:41] Train Epoch: 3 [12000/20000 (60.0%)]	Loss: 0.13669992983341217
[2023-05-02 08:33:43] Train Epoch: 3 [13000/20000 (65.0%)]	Loss: 0.3355976939201355
[2023-05-02 08:33:44] Train Epoch: 3 [14000/20000 (70.0%)]	Loss: 0.2736126184463501
[2023-05-02 08:33:46] Train Epoch: 3 [15000/20000 (75.0%)]	Loss: 0.39021939039230347
[2023-05-02 08:33:48] Train Epoch: 3 [16000/20000 (80.0%)]	Loss: 0.047067493200302124
[2023-05-02 08:33:49] Train Epoch: 3 [17000/20000 (85.0%)]	Loss: 0.43586501479148865
[2023-05-02 08:33:51] Train Epoch: 3 [18000/20000 (90.0%)]	Loss: 0.15922223031520844
[2023-05-02 08:33:52] Train Epoch: 3 [19000/20000 (95.0%)]	Loss: 0.24463877081871033
[2023-05-02 08:34:00] ========== Metrics ==========
[2023-05-02 08:34:00] {
  "tr_loss": 0.1704834926907349,
  "tr_acc": 0.9404440444044404,
  "tr_f1": 0.940357554209024,
  "val_loss": 0.44477729824682516,
  "val_acc": 0.8283887013679162,
  "val_f1": 0.8390536487837388,
  "test_loss": 0.3573657523810379,
  "test_acc": 0.8482384823848238,
  "test_f1": 0.8534031413612566
}
[2023-05-02 08:34:00] ========== Metrics ==========
[2023-05-02 08:34:01] Train Epoch: 4 [0/20000 (0.0%)]	Loss: 0.03180038183927536
[2023-05-02 08:34:02] Train Epoch: 4 [1000/20000 (5.0%)]	Loss: 0.030523866415023804
[2023-05-02 08:34:04] Train Epoch: 4 [2000/20000 (10.0%)]	Loss: 0.3271596431732178
[2023-05-02 08:34:06] Train Epoch: 4 [3000/20000 (15.0%)]	Loss: 0.10267957299947739
[2023-05-02 08:34:07] Train Epoch: 4 [4000/20000 (20.0%)]	Loss: 0.21887533366680145
[2023-05-02 08:34:09] Train Epoch: 4 [5000/20000 (25.0%)]	Loss: 0.22088110446929932
[2023-05-02 08:34:10] Train Epoch: 4 [6000/20000 (30.0%)]	Loss: 0.015932725742459297
[2023-05-02 08:34:12] Train Epoch: 4 [7000/20000 (35.0%)]	Loss: 0.023258714005351067
[2023-05-02 08:34:14] Train Epoch: 4 [8000/20000 (40.0%)]	Loss: 0.05096244066953659
[2023-05-02 08:34:15] Train Epoch: 4 [9000/20000 (45.0%)]	Loss: 0.09295083582401276
[2023-05-02 08:34:17] Train Epoch: 4 [10000/20000 (50.0%)]	Loss: 0.07088121026754379
[2023-05-02 08:34:18] Train Epoch: 4 [11000/20000 (55.0%)]	Loss: 0.039303701370954514
[2023-05-02 08:34:20] Train Epoch: 4 [12000/20000 (60.0%)]	Loss: 0.008282827213406563
[2023-05-02 08:34:21] Train Epoch: 4 [13000/20000 (65.0%)]	Loss: 0.27990779280662537
[2023-05-02 08:34:23] Train Epoch: 4 [14000/20000 (70.0%)]	Loss: 0.08042550832033157
[2023-05-02 08:34:24] Train Epoch: 4 [15000/20000 (75.0%)]	Loss: 0.023471591994166374
[2023-05-02 08:34:26] Train Epoch: 4 [16000/20000 (80.0%)]	Loss: 0.05550927668809891
[2023-05-02 08:34:28] Train Epoch: 4 [17000/20000 (85.0%)]	Loss: 0.12955418229103088
[2023-05-02 08:34:29] Train Epoch: 4 [18000/20000 (90.0%)]	Loss: 0.019075026735663414
[2023-05-02 08:34:31] Train Epoch: 4 [19000/20000 (95.0%)]	Loss: 0.07130803912878036
[2023-05-02 08:34:38] ========== Metrics ==========
[2023-05-02 08:34:38] {
  "tr_loss": 0.0903649801944764,
  "tr_acc": 0.9698969896989699,
  "tr_f1": 0.9699090272918124,
  "val_loss": 0.5061558708627962,
  "val_acc": 0.8212826434535442,
  "val_f1": 0.8294915254237288,
  "test_loss": 0.4628175044770486,
  "test_acc": 0.8102981029810298,
  "test_f1": 0.8148148148148147
}
[2023-05-02 08:34:38] ========== Metrics ==========
[2023-05-02 08:34:39] Train Epoch: 5 [0/20000 (0.0%)]	Loss: 0.03961287438869476
[2023-05-02 08:34:41] Train Epoch: 5 [1000/20000 (5.0%)]	Loss: 0.0026088133454322815
[2023-05-02 08:34:42] Train Epoch: 5 [2000/20000 (10.0%)]	Loss: 0.009858437813818455
[2023-05-02 08:34:44] Train Epoch: 5 [3000/20000 (15.0%)]	Loss: 0.0061150952242314816
[2023-05-02 08:34:45] Train Epoch: 5 [4000/20000 (20.0%)]	Loss: 0.07941274344921112
[2023-05-02 08:34:47] Train Epoch: 5 [5000/20000 (25.0%)]	Loss: 0.06062230467796326
[2023-05-02 08:34:48] Train Epoch: 5 [6000/20000 (30.0%)]	Loss: 0.001554955029860139
[2023-05-02 08:34:50] Train Epoch: 5 [7000/20000 (35.0%)]	Loss: 0.010584879666566849
[2023-05-02 08:34:51] Train Epoch: 5 [8000/20000 (40.0%)]	Loss: 0.04189356416463852
[2023-05-02 08:34:53] Train Epoch: 5 [9000/20000 (45.0%)]	Loss: 0.004542007576674223
[2023-05-02 08:34:55] Train Epoch: 5 [10000/20000 (50.0%)]	Loss: 0.01053617149591446
[2023-05-02 08:34:56] Train Epoch: 5 [11000/20000 (55.0%)]	Loss: 0.007013862486928701
[2023-05-02 08:34:58] Train Epoch: 5 [12000/20000 (60.0%)]	Loss: 0.09660125523805618
[2023-05-02 08:34:59] Train Epoch: 5 [13000/20000 (65.0%)]	Loss: 0.0018774571362882853
[2023-05-02 08:35:01] Train Epoch: 5 [14000/20000 (70.0%)]	Loss: 0.031883131712675095
[2023-05-02 08:35:02] Train Epoch: 5 [15000/20000 (75.0%)]	Loss: 0.08695969730615616
[2023-05-02 08:35:04] Train Epoch: 5 [16000/20000 (80.0%)]	Loss: 0.017610996961593628
[2023-05-02 08:35:05] Train Epoch: 5 [17000/20000 (85.0%)]	Loss: 0.0058652437292039394
[2023-05-02 08:35:07] Train Epoch: 5 [18000/20000 (90.0%)]	Loss: 0.007504986133426428
[2023-05-02 08:35:08] Train Epoch: 5 [19000/20000 (95.0%)]	Loss: 0.011360484175384045
[2023-05-02 08:35:16] ========== Metrics ==========
[2023-05-02 08:35:16] {
  "tr_loss": 0.045770974505995037,
  "tr_acc": 0.9857985798579858,
  "tr_f1": 0.9858,
  "val_loss": 0.650356338890678,
  "val_acc": 0.8255462782021673,
  "val_f1": 0.829336114007647,
  "test_loss": 0.5629124865945438,
  "test_acc": 0.8319783197831978,
  "test_f1": 0.8248587570621468
}
[2023-05-02 08:35:16] ========== Metrics ==========
[2023-05-02 08:35:17] Train Epoch: 6 [0/20000 (0.0%)]	Loss: 0.013888927176594734
[2023-05-02 08:35:18] Train Epoch: 6 [1000/20000 (5.0%)]	Loss: 0.0012547416845336556
[2023-05-02 08:35:20] Train Epoch: 6 [2000/20000 (10.0%)]	Loss: 0.004018721170723438
[2023-05-02 08:35:21] Train Epoch: 6 [3000/20000 (15.0%)]	Loss: 0.006782912649214268
[2023-05-02 08:35:23] Train Epoch: 6 [4000/20000 (20.0%)]	Loss: 0.0005686461227014661
[2023-05-02 08:35:24] Train Epoch: 6 [5000/20000 (25.0%)]	Loss: 0.0016494754236191511
[2023-05-02 08:35:26] Train Epoch: 6 [6000/20000 (30.0%)]	Loss: 0.2996082901954651
[2023-05-02 08:35:27] Train Epoch: 6 [7000/20000 (35.0%)]	Loss: 0.014575178734958172
[2023-05-02 08:35:29] Train Epoch: 6 [8000/20000 (40.0%)]	Loss: 0.020401308313012123
[2023-05-02 08:35:31] Train Epoch: 6 [9000/20000 (45.0%)]	Loss: 0.020836416631937027
[2023-05-02 08:35:32] Train Epoch: 6 [10000/20000 (50.0%)]	Loss: 0.001853627385571599
[2023-05-02 08:35:34] Train Epoch: 6 [11000/20000 (55.0%)]	Loss: 0.04716743528842926
[2023-05-02 08:35:35] Train Epoch: 6 [12000/20000 (60.0%)]	Loss: 0.003918965347111225
[2023-05-02 08:35:37] Train Epoch: 6 [13000/20000 (65.0%)]	Loss: 0.0033716298639774323
[2023-05-02 08:35:38] Train Epoch: 6 [14000/20000 (70.0%)]	Loss: 0.004681915044784546
[2023-05-02 08:35:40] Train Epoch: 6 [15000/20000 (75.0%)]	Loss: 0.001413676654919982
[2023-05-02 08:35:41] Train Epoch: 6 [16000/20000 (80.0%)]	Loss: 0.0021611200645565987
[2023-05-02 08:35:43] Train Epoch: 6 [17000/20000 (85.0%)]	Loss: 0.0025034614372998476
[2023-05-02 08:35:44] Train Epoch: 6 [18000/20000 (90.0%)]	Loss: 0.003574983449652791
[2023-05-02 08:35:46] Train Epoch: 6 [19000/20000 (95.0%)]	Loss: 0.001977068604901433
[2023-05-02 08:35:53] ========== Metrics ==========
[2023-05-02 08:35:53] {
  "tr_loss": 0.015903133151439586,
  "tr_acc": 0.9961996199619962,
  "tr_f1": 0.9961996199619962,
  "val_loss": 0.8493911549776559,
  "val_acc": 0.8287440042636347,
  "val_f1": 0.8290173820503725,
  "test_loss": 0.7110285742819148,
  "test_acc": 0.8428184281842819,
  "test_f1": 0.8379888268156425
}
[2023-05-02 08:35:53] ========== Metrics ==========
[2023-05-02 08:35:54] Train Epoch: 7 [0/20000 (0.0%)]	Loss: 0.00015293099568225443
[2023-05-02 08:35:56] Train Epoch: 7 [1000/20000 (5.0%)]	Loss: 0.0018045281758531928
[2023-05-02 08:35:57] Train Epoch: 7 [2000/20000 (10.0%)]	Loss: 0.001762049039825797
[2023-05-02 08:35:59] Train Epoch: 7 [3000/20000 (15.0%)]	Loss: 0.015756117179989815
[2023-05-02 08:36:00] Train Epoch: 7 [4000/20000 (20.0%)]	Loss: 0.0069874548353254795
[2023-05-02 08:36:02] Train Epoch: 7 [5000/20000 (25.0%)]	Loss: 0.0010380198946222663
[2023-05-02 08:36:04] Train Epoch: 7 [6000/20000 (30.0%)]	Loss: 0.001527770422399044
[2023-05-02 08:36:05] Train Epoch: 7 [7000/20000 (35.0%)]	Loss: 0.031202485784888268
[2023-05-02 08:36:07] Train Epoch: 7 [8000/20000 (40.0%)]	Loss: 0.00026445183902978897
[2023-05-02 08:36:08] Train Epoch: 7 [9000/20000 (45.0%)]	Loss: 0.004907699301838875
[2023-05-02 08:36:10] Train Epoch: 7 [10000/20000 (50.0%)]	Loss: 0.02121180109679699
[2023-05-02 08:36:11] Train Epoch: 7 [11000/20000 (55.0%)]	Loss: 0.0055420612916350365
[2023-05-02 08:36:13] Train Epoch: 7 [12000/20000 (60.0%)]	Loss: 0.22380967438220978
[2023-05-02 08:36:14] Train Epoch: 7 [13000/20000 (65.0%)]	Loss: 0.001498122001066804
[2023-05-02 08:36:16] Train Epoch: 7 [14000/20000 (70.0%)]	Loss: 0.002954829717054963
[2023-05-02 08:36:17] Train Epoch: 7 [15000/20000 (75.0%)]	Loss: 0.008056795224547386
[2023-05-02 08:36:19] Train Epoch: 7 [16000/20000 (80.0%)]	Loss: 0.04278144985437393
[2023-05-02 08:36:20] Train Epoch: 7 [17000/20000 (85.0%)]	Loss: 0.009000138379633427
[2023-05-02 08:36:22] Train Epoch: 7 [18000/20000 (90.0%)]	Loss: 0.004239959642291069
[2023-05-02 08:36:23] Train Epoch: 7 [19000/20000 (95.0%)]	Loss: 0.044913820922374725
[2023-05-02 08:36:31] ========== Metrics ==========
[2023-05-02 08:36:31] {
  "tr_loss": 0.012161879190955557,
  "tr_acc": 0.9972497249724972,
  "tr_f1": 0.9972504124381343,
  "val_loss": 0.8796474075321751,
  "val_acc": 0.8255462782021673,
  "val_f1": 0.827112676056338,
  "test_loss": 0.7102400505395359,
  "test_acc": 0.8401084010840109,
  "test_f1": 0.8365650969529085
}
[2023-05-02 08:36:31] ========== Metrics ==========
[2023-05-02 08:36:32] Train Epoch: 8 [0/20000 (0.0%)]	Loss: 0.005570659879595041
[2023-05-02 08:36:33] Train Epoch: 8 [1000/20000 (5.0%)]	Loss: 0.00610561016947031
[2023-05-02 08:36:35] Train Epoch: 8 [2000/20000 (10.0%)]	Loss: 0.002035857643932104
[2023-05-02 08:36:36] Train Epoch: 8 [3000/20000 (15.0%)]	Loss: 0.002127253683283925
[2023-05-02 08:36:38] Train Epoch: 8 [4000/20000 (20.0%)]	Loss: 0.0012673992896452546
[2023-05-02 08:36:40] Train Epoch: 8 [5000/20000 (25.0%)]	Loss: 0.0007983393734320998
[2023-05-02 08:36:41] Train Epoch: 8 [6000/20000 (30.0%)]	Loss: 0.0017598906997591257
[2023-05-02 08:36:43] Train Epoch: 8 [7000/20000 (35.0%)]	Loss: 0.0014397066552191973
[2023-05-02 08:36:44] Train Epoch: 8 [8000/20000 (40.0%)]	Loss: 0.0009488292853347957
[2023-05-02 08:36:46] Train Epoch: 8 [9000/20000 (45.0%)]	Loss: 0.0017058920348063111
[2023-05-02 08:36:47] Train Epoch: 8 [10000/20000 (50.0%)]	Loss: 0.0004576373321469873
[2023-05-02 08:36:49] Train Epoch: 8 [11000/20000 (55.0%)]	Loss: 0.000582804495934397
[2023-05-02 08:36:50] Train Epoch: 8 [12000/20000 (60.0%)]	Loss: 0.0002749014529399574
[2023-05-02 08:36:52] Train Epoch: 8 [13000/20000 (65.0%)]	Loss: 0.00043062903569079936
[2023-05-02 08:36:53] Train Epoch: 8 [14000/20000 (70.0%)]	Loss: 0.001346386969089508
[2023-05-02 08:36:55] Train Epoch: 8 [15000/20000 (75.0%)]	Loss: 0.0003806523163802922
[2023-05-02 08:36:56] Train Epoch: 8 [16000/20000 (80.0%)]	Loss: 0.0020258266013115644
[2023-05-02 08:36:58] Train Epoch: 8 [17000/20000 (85.0%)]	Loss: 0.00046922708861529827
[2023-05-02 08:37:00] Train Epoch: 8 [18000/20000 (90.0%)]	Loss: 0.00636504078283906
[2023-05-02 08:37:01] Train Epoch: 8 [19000/20000 (95.0%)]	Loss: 0.0005094587104395032
[2023-05-02 08:37:07] Stop At epoch 8/20 due to valid not increase
[2023-05-02 08:37:09] ========== Metrics ==========
[2023-05-02 08:37:09] {
  "tr_loss": 0.009917213557002567,
  "tr_acc": 0.997949794979498,
  "tr_f1": 0.9979498974948748,
  "val_loss": 0.9500261597275115,
  "val_acc": 0.8260792325457452,
  "val_f1": 0.827123432809465,
  "test_loss": 0.7962734096741612,
  "test_acc": 0.8346883468834688,
  "test_f1": 0.8300835654596102
}
[2023-05-02 08:37:09] ========== Metrics ==========
