[2023-05-03 00:19:16] Train Epoch: 1 [0/20000 (0.0%)]	Loss: 0.7136185765266418
[2023-05-03 00:19:19] Train Epoch: 1 [1000/20000 (5.0%)]	Loss: 0.6464234590530396
[2023-05-03 00:19:21] Train Epoch: 1 [2000/20000 (10.0%)]	Loss: 0.6865112781524658
[2023-05-03 00:19:24] Train Epoch: 1 [3000/20000 (15.0%)]	Loss: 0.6499361991882324
[2023-05-03 00:19:26] Train Epoch: 1 [4000/20000 (20.0%)]	Loss: 0.44549623131752014
[2023-05-03 00:19:29] Train Epoch: 1 [5000/20000 (25.0%)]	Loss: 0.6291286945343018
[2023-05-03 00:19:32] Train Epoch: 1 [6000/20000 (30.0%)]	Loss: 0.5781933069229126
[2023-05-03 00:19:34] Train Epoch: 1 [7000/20000 (35.0%)]	Loss: 0.4912757873535156
[2023-05-03 00:19:37] Train Epoch: 1 [8000/20000 (40.0%)]	Loss: 0.6484756469726562
[2023-05-03 00:19:39] Train Epoch: 1 [9000/20000 (45.0%)]	Loss: 0.27313825488090515
[2023-05-03 00:19:42] Train Epoch: 1 [10000/20000 (50.0%)]	Loss: 0.5175701975822449
[2023-05-03 00:19:45] Train Epoch: 1 [11000/20000 (55.0%)]	Loss: 0.45872265100479126
[2023-05-03 00:19:48] Train Epoch: 1 [12000/20000 (60.0%)]	Loss: 0.3275062143802643
[2023-05-03 00:19:52] Train Epoch: 1 [13000/20000 (65.0%)]	Loss: 0.5384589433670044
[2023-05-03 00:19:55] Train Epoch: 1 [14000/20000 (70.0%)]	Loss: 0.5546252131462097
[2023-05-03 00:19:59] Train Epoch: 1 [15000/20000 (75.0%)]	Loss: 0.21910090744495392
[2023-05-03 00:20:03] Train Epoch: 1 [16000/20000 (80.0%)]	Loss: 0.4366452693939209
[2023-05-03 00:20:06] Train Epoch: 1 [17000/20000 (85.0%)]	Loss: 0.7382027506828308
[2023-05-03 00:20:10] Train Epoch: 1 [18000/20000 (90.0%)]	Loss: 0.3234425485134125
[2023-05-03 00:20:14] Train Epoch: 1 [19000/20000 (95.0%)]	Loss: 0.2740662395954132
[2023-05-03 00:20:26] ========== Metrics ==========
[2023-05-03 00:20:26] {
  "tr_loss": 0.49897980422946925,
  "tr_acc": 0.7642764276427643,
  "tr_f1": 0.7664718121470326,
  "val_loss": 0.4224302487996824,
  "val_acc": 0.8127553739562977,
  "val_f1": 0.8272131147540984,
  "test_loss": 0.4100430044055308,
  "test_acc": 0.8130081300813008,
  "test_f1": 0.8198433420365535
}
[2023-05-03 00:20:26] ========== Metrics ==========
[2023-05-03 00:20:28] Train Epoch: 2 [0/20000 (0.0%)]	Loss: 0.17296835780143738
[2023-05-03 00:20:32] Train Epoch: 2 [1000/20000 (5.0%)]	Loss: 0.5124875903129578
[2023-05-03 00:20:36] Train Epoch: 2 [2000/20000 (10.0%)]	Loss: 0.3772142827510834
[2023-05-03 00:20:39] Train Epoch: 2 [3000/20000 (15.0%)]	Loss: 0.3137730658054352
[2023-05-03 00:20:43] Train Epoch: 2 [4000/20000 (20.0%)]	Loss: 0.22794926166534424
[2023-05-03 00:20:47] Train Epoch: 2 [5000/20000 (25.0%)]	Loss: 0.22842499613761902
[2023-05-03 00:20:50] Train Epoch: 2 [6000/20000 (30.0%)]	Loss: 0.2820128798484802
[2023-05-03 00:20:54] Train Epoch: 2 [7000/20000 (35.0%)]	Loss: 0.27974215149879456
[2023-05-03 00:20:58] Train Epoch: 2 [8000/20000 (40.0%)]	Loss: 0.15209054946899414
[2023-05-03 00:21:01] Train Epoch: 2 [9000/20000 (45.0%)]	Loss: 0.11009953171014786
[2023-05-03 00:21:05] Train Epoch: 2 [10000/20000 (50.0%)]	Loss: 0.40426531434059143
[2023-05-03 00:21:08] Train Epoch: 2 [11000/20000 (55.0%)]	Loss: 0.2204338014125824
[2023-05-03 00:21:12] Train Epoch: 2 [12000/20000 (60.0%)]	Loss: 0.23736143112182617
[2023-05-03 00:21:16] Train Epoch: 2 [13000/20000 (65.0%)]	Loss: 0.12550245225429535
[2023-05-03 00:21:20] Train Epoch: 2 [14000/20000 (70.0%)]	Loss: 0.3132905960083008
[2023-05-03 00:21:23] Train Epoch: 2 [15000/20000 (75.0%)]	Loss: 0.532286524772644
[2023-05-03 00:21:27] Train Epoch: 2 [16000/20000 (80.0%)]	Loss: 0.2232786864042282
[2023-05-03 00:21:30] Train Epoch: 2 [17000/20000 (85.0%)]	Loss: 0.11880622059106827
[2023-05-03 00:21:34] Train Epoch: 2 [18000/20000 (90.0%)]	Loss: 0.19661454856395721
[2023-05-03 00:21:38] Train Epoch: 2 [19000/20000 (95.0%)]	Loss: 0.6292645335197449
[2023-05-03 00:21:50] ========== Metrics ==========
[2023-05-03 00:21:50] {
  "tr_loss": 0.2940859129749807,
  "tr_acc": 0.8825382538253825,
  "tr_f1": 0.8824853669518234,
  "val_loss": 0.42673572176545566,
  "val_acc": 0.8301652158465092,
  "val_f1": 0.8417218543046359,
  "test_loss": 0.34413204122041946,
  "test_acc": 0.8617886178861789,
  "test_f1": 0.8702290076335877
}
[2023-05-03 00:21:50] ========== Metrics ==========
[2023-05-03 00:21:52] Train Epoch: 3 [0/20000 (0.0%)]	Loss: 0.23220980167388916
[2023-05-03 00:21:56] Train Epoch: 3 [1000/20000 (5.0%)]	Loss: 0.056552499532699585
[2023-05-03 00:22:00] Train Epoch: 3 [2000/20000 (10.0%)]	Loss: 0.05249038338661194
[2023-05-03 00:22:04] Train Epoch: 3 [3000/20000 (15.0%)]	Loss: 0.12610970437526703
[2023-05-03 00:22:08] Train Epoch: 3 [4000/20000 (20.0%)]	Loss: 0.28307613730430603
[2023-05-03 00:22:12] Train Epoch: 3 [5000/20000 (25.0%)]	Loss: 0.25064849853515625
[2023-05-03 00:22:16] Train Epoch: 3 [6000/20000 (30.0%)]	Loss: 0.14409956336021423
[2023-05-03 00:22:20] Train Epoch: 3 [7000/20000 (35.0%)]	Loss: 0.41044601798057556
[2023-05-03 00:22:24] Train Epoch: 3 [8000/20000 (40.0%)]	Loss: 0.12235875427722931
[2023-05-03 00:22:28] Train Epoch: 3 [9000/20000 (45.0%)]	Loss: 0.35591548681259155
[2023-05-03 00:22:32] Train Epoch: 3 [10000/20000 (50.0%)]	Loss: 0.11274741590023041
[2023-05-03 00:22:36] Train Epoch: 3 [11000/20000 (55.0%)]	Loss: 0.023284364491701126
[2023-05-03 00:22:40] Train Epoch: 3 [12000/20000 (60.0%)]	Loss: 0.1720084846019745
[2023-05-03 00:22:44] Train Epoch: 3 [13000/20000 (65.0%)]	Loss: 0.117442786693573
[2023-05-03 00:22:48] Train Epoch: 3 [14000/20000 (70.0%)]	Loss: 0.034702885895967484
[2023-05-03 00:22:51] Train Epoch: 3 [15000/20000 (75.0%)]	Loss: 0.22389069199562073
[2023-05-03 00:22:55] Train Epoch: 3 [16000/20000 (80.0%)]	Loss: 0.18853327631950378
[2023-05-03 00:22:59] Train Epoch: 3 [17000/20000 (85.0%)]	Loss: 0.2915184795856476
[2023-05-03 00:23:03] Train Epoch: 3 [18000/20000 (90.0%)]	Loss: 0.11326917260885239
[2023-05-03 00:23:08] Train Epoch: 3 [19000/20000 (95.0%)]	Loss: 0.19220323860645294
[2023-05-03 00:23:20] ========== Metrics ==========
[2023-05-03 00:23:20] {
  "tr_loss": 0.17421274012097546,
  "tr_acc": 0.9378937893789379,
  "tr_f1": 0.9378689344672336,
  "val_loss": 0.4626586059362178,
  "val_acc": 0.8399360454787707,
  "val_f1": 0.8333024976873266,
  "test_loss": 0.43229164550621013,
  "test_acc": 0.8482384823848238,
  "test_f1": 0.8372093023255814
}
[2023-05-03 00:23:20] ========== Metrics ==========
[2023-05-03 00:23:21] Train Epoch: 4 [0/20000 (0.0%)]	Loss: 0.021925734356045723
[2023-05-03 00:23:26] Train Epoch: 4 [1000/20000 (5.0%)]	Loss: 0.005597800947725773
[2023-05-03 00:23:30] Train Epoch: 4 [2000/20000 (10.0%)]	Loss: 0.04120471701025963
[2023-05-03 00:23:34] Train Epoch: 4 [3000/20000 (15.0%)]	Loss: 0.01813484914600849
[2023-05-03 00:23:39] Train Epoch: 4 [4000/20000 (20.0%)]	Loss: 0.2267821729183197
[2023-05-03 00:23:43] Train Epoch: 4 [5000/20000 (25.0%)]	Loss: 0.025189246982336044
[2023-05-03 00:23:47] Train Epoch: 4 [6000/20000 (30.0%)]	Loss: 0.030517151579260826
[2023-05-03 00:23:51] Train Epoch: 4 [7000/20000 (35.0%)]	Loss: 0.116291344165802
[2023-05-03 00:23:55] Train Epoch: 4 [8000/20000 (40.0%)]	Loss: 0.08744972199201584
[2023-05-03 00:23:59] Train Epoch: 4 [9000/20000 (45.0%)]	Loss: 0.0071311392821371555
[2023-05-03 00:24:04] Train Epoch: 4 [10000/20000 (50.0%)]	Loss: 0.0073859416879713535
[2023-05-03 00:24:08] Train Epoch: 4 [11000/20000 (55.0%)]	Loss: 0.27394405007362366
[2023-05-03 00:24:12] Train Epoch: 4 [12000/20000 (60.0%)]	Loss: 0.04333682358264923
[2023-05-03 00:24:16] Train Epoch: 4 [13000/20000 (65.0%)]	Loss: 0.12989215552806854
[2023-05-03 00:24:20] Train Epoch: 4 [14000/20000 (70.0%)]	Loss: 0.095591701567173
[2023-05-03 00:24:24] Train Epoch: 4 [15000/20000 (75.0%)]	Loss: 0.026174332946538925
[2023-05-03 00:24:28] Train Epoch: 4 [16000/20000 (80.0%)]	Loss: 0.0380040742456913
[2023-05-03 00:24:32] Train Epoch: 4 [17000/20000 (85.0%)]	Loss: 0.13482831418514252
[2023-05-03 00:24:36] Train Epoch: 4 [18000/20000 (90.0%)]	Loss: 0.03131796419620514
[2023-05-03 00:24:40] Train Epoch: 4 [19000/20000 (95.0%)]	Loss: 0.36414608359336853
[2023-05-03 00:24:53] ========== Metrics ==========
[2023-05-03 00:24:53] {
  "tr_loss": 0.09411048967147594,
  "tr_acc": 0.9687968796879688,
  "tr_f1": 0.9687531296945419,
  "val_loss": 0.5955540176251363,
  "val_acc": 0.8250133238585895,
  "val_f1": 0.8334178927786234,
  "test_loss": 0.48510328823634924,
  "test_acc": 0.8428184281842819,
  "test_f1": 0.8489583333333335
}
[2023-05-03 00:24:53] ========== Metrics ==========
[2023-05-03 00:24:55] Train Epoch: 5 [0/20000 (0.0%)]	Loss: 0.012912563979625702
[2023-05-03 00:24:59] Train Epoch: 5 [1000/20000 (5.0%)]	Loss: 0.006894358433783054
[2023-05-03 00:25:03] Train Epoch: 5 [2000/20000 (10.0%)]	Loss: 0.033852797001600266
[2023-05-03 00:25:07] Train Epoch: 5 [3000/20000 (15.0%)]	Loss: 0.007455157581716776
[2023-05-03 00:25:12] Train Epoch: 5 [4000/20000 (20.0%)]	Loss: 0.0897684097290039
[2023-05-03 00:25:16] Train Epoch: 5 [5000/20000 (25.0%)]	Loss: 0.013202928006649017
[2023-05-03 00:25:20] Train Epoch: 5 [6000/20000 (30.0%)]	Loss: 0.020490612834692
[2023-05-03 00:25:24] Train Epoch: 5 [7000/20000 (35.0%)]	Loss: 0.030826369300484657
[2023-05-03 00:25:28] Train Epoch: 5 [8000/20000 (40.0%)]	Loss: 0.21857424080371857
[2023-05-03 00:25:32] Train Epoch: 5 [9000/20000 (45.0%)]	Loss: 0.029835989698767662
[2023-05-03 00:25:36] Train Epoch: 5 [10000/20000 (50.0%)]	Loss: 0.005167941562831402
[2023-05-03 00:25:40] Train Epoch: 5 [11000/20000 (55.0%)]	Loss: 0.026158500462770462
[2023-05-03 00:25:44] Train Epoch: 5 [12000/20000 (60.0%)]	Loss: 0.010170800611376762
[2023-05-03 00:25:48] Train Epoch: 5 [13000/20000 (65.0%)]	Loss: 0.008565055206418037
[2023-05-03 00:25:52] Train Epoch: 5 [14000/20000 (70.0%)]	Loss: 0.0011987978359684348
[2023-05-03 00:25:56] Train Epoch: 5 [15000/20000 (75.0%)]	Loss: 0.008937094360589981
[2023-05-03 00:26:00] Train Epoch: 5 [16000/20000 (80.0%)]	Loss: 0.0018203355139121413
[2023-05-03 00:26:04] Train Epoch: 5 [17000/20000 (85.0%)]	Loss: 0.005688382778316736
[2023-05-03 00:26:08] Train Epoch: 5 [18000/20000 (90.0%)]	Loss: 0.011668205261230469
[2023-05-03 00:26:12] Train Epoch: 5 [19000/20000 (95.0%)]	Loss: 0.031137224286794662
[2023-05-03 00:26:24] ========== Metrics ==========
[2023-05-03 00:26:24] {
  "tr_loss": 0.04810577209318031,
  "tr_acc": 0.9845984598459846,
  "tr_f1": 0.9846015398460155,
  "val_loss": 0.7375565638392105,
  "val_acc": 0.8257239296500266,
  "val_f1": 0.8221214868540344,
  "test_loss": 0.6526394340848212,
  "test_acc": 0.8292682926829268,
  "test_f1": 0.821529745042493
}
[2023-05-03 00:26:24] ========== Metrics ==========
[2023-05-03 00:26:26] Train Epoch: 6 [0/20000 (0.0%)]	Loss: 0.006279134191572666
[2023-05-03 00:26:30] Train Epoch: 6 [1000/20000 (5.0%)]	Loss: 0.003207328263670206
[2023-05-03 00:26:34] Train Epoch: 6 [2000/20000 (10.0%)]	Loss: 0.3803158402442932
[2023-05-03 00:26:38] Train Epoch: 6 [3000/20000 (15.0%)]	Loss: 0.002262290334329009
[2023-05-03 00:26:42] Train Epoch: 6 [4000/20000 (20.0%)]	Loss: 0.0009245933033525944
[2023-05-03 00:26:46] Train Epoch: 6 [5000/20000 (25.0%)]	Loss: 0.1207335814833641
[2023-05-03 00:26:50] Train Epoch: 6 [6000/20000 (30.0%)]	Loss: 0.27572062611579895
[2023-05-03 00:26:54] Train Epoch: 6 [7000/20000 (35.0%)]	Loss: 0.011318533681333065
[2023-05-03 00:26:58] Train Epoch: 6 [8000/20000 (40.0%)]	Loss: 0.01783081144094467
[2023-05-03 00:27:02] Train Epoch: 6 [9000/20000 (45.0%)]	Loss: 0.002462290693074465
[2023-05-03 00:27:06] Train Epoch: 6 [10000/20000 (50.0%)]	Loss: 0.0041594174690544605
[2023-05-03 00:27:10] Train Epoch: 6 [11000/20000 (55.0%)]	Loss: 0.0015296386554837227
[2023-05-03 00:27:14] Train Epoch: 6 [12000/20000 (60.0%)]	Loss: 0.005473778583109379
[2023-05-03 00:27:18] Train Epoch: 6 [13000/20000 (65.0%)]	Loss: 0.007863769307732582
[2023-05-03 00:27:22] Train Epoch: 6 [14000/20000 (70.0%)]	Loss: 0.0007100190850906074
[2023-05-03 00:27:26] Train Epoch: 6 [15000/20000 (75.0%)]	Loss: 0.0023902044631540775
[2023-05-03 00:27:30] Train Epoch: 6 [16000/20000 (80.0%)]	Loss: 0.0014269284438341856
[2023-05-03 00:27:34] Train Epoch: 6 [17000/20000 (85.0%)]	Loss: 0.006532127968966961
[2023-05-03 00:27:38] Train Epoch: 6 [18000/20000 (90.0%)]	Loss: 0.051505763083696365
[2023-05-03 00:27:42] Train Epoch: 6 [19000/20000 (95.0%)]	Loss: 0.0003076453576795757
[2023-05-03 00:27:54] ========== Metrics ==========
[2023-05-03 00:27:54] {
  "tr_loss": 0.016010538085726896,
  "tr_acc": 0.9964496449644964,
  "tr_f1": 0.9964498224911246,
  "val_loss": 0.8999923877332007,
  "val_acc": 0.8255462782021673,
  "val_f1": 0.8251424501424501,
  "test_loss": 0.6944573349584409,
  "test_acc": 0.8536585365853658,
  "test_f1": 0.8508287292817679
}
[2023-05-03 00:27:54] ========== Metrics ==========
[2023-05-03 00:27:56] Train Epoch: 7 [0/20000 (0.0%)]	Loss: 0.031100759282708168
[2023-05-03 00:28:00] Train Epoch: 7 [1000/20000 (5.0%)]	Loss: 0.0063346573151648045
[2023-05-03 00:28:04] Train Epoch: 7 [2000/20000 (10.0%)]	Loss: 0.0017457185313105583
[2023-05-03 00:28:08] Train Epoch: 7 [3000/20000 (15.0%)]	Loss: 0.003861797507852316
[2023-05-03 00:28:12] Train Epoch: 7 [4000/20000 (20.0%)]	Loss: 0.0016361214220523834
[2023-05-03 00:28:16] Train Epoch: 7 [5000/20000 (25.0%)]	Loss: 0.0013786854688078165
[2023-05-03 00:28:20] Train Epoch: 7 [6000/20000 (30.0%)]	Loss: 0.00039370631566271186
[2023-05-03 00:28:24] Train Epoch: 7 [7000/20000 (35.0%)]	Loss: 0.006282881833612919
[2023-05-03 00:28:28] Train Epoch: 7 [8000/20000 (40.0%)]	Loss: 0.0013651606859639287
[2023-05-03 00:28:32] Train Epoch: 7 [9000/20000 (45.0%)]	Loss: 0.003304140642285347
[2023-05-03 00:28:36] Train Epoch: 7 [10000/20000 (50.0%)]	Loss: 0.0008243418415077031
[2023-05-03 00:28:40] Train Epoch: 7 [11000/20000 (55.0%)]	Loss: 0.000754469190724194
[2023-05-03 00:28:44] Train Epoch: 7 [12000/20000 (60.0%)]	Loss: 0.0010425637010484934
[2023-05-03 00:28:48] Train Epoch: 7 [13000/20000 (65.0%)]	Loss: 0.003175382036715746
[2023-05-03 00:28:52] Train Epoch: 7 [14000/20000 (70.0%)]	Loss: 0.0048002819530665874
[2023-05-03 00:28:56] Train Epoch: 7 [15000/20000 (75.0%)]	Loss: 0.0008239385788328946
[2023-05-03 00:29:00] Train Epoch: 7 [16000/20000 (80.0%)]	Loss: 0.0007109275320544839
[2023-05-03 00:29:04] Train Epoch: 7 [17000/20000 (85.0%)]	Loss: 0.0026029765140265226
[2023-05-03 00:29:08] Train Epoch: 7 [18000/20000 (90.0%)]	Loss: 0.029454026371240616
[2023-05-03 00:29:12] Train Epoch: 7 [19000/20000 (95.0%)]	Loss: 0.030855601653456688
[2023-05-03 00:29:25] ========== Metrics ==========
[2023-05-03 00:29:25] {
  "tr_loss": 0.01272729873369716,
  "tr_acc": 0.9974997499749975,
  "tr_f1": 0.99749949989998,
  "val_loss": 0.8731352031260046,
  "val_acc": 0.8232368093799964,
  "val_f1": 0.8231739825839702,
  "test_loss": 0.7019944175785069,
  "test_acc": 0.8401084010840109,
  "test_f1": 0.837465564738292
}
[2023-05-03 00:29:25] ========== Metrics ==========
[2023-05-03 00:29:26] Train Epoch: 8 [0/20000 (0.0%)]	Loss: 0.0014008944854140282
[2023-05-03 00:29:30] Train Epoch: 8 [1000/20000 (5.0%)]	Loss: 0.00426128413528204
[2023-05-03 00:29:34] Train Epoch: 8 [2000/20000 (10.0%)]	Loss: 0.0060000671073794365
[2023-05-03 00:29:39] Train Epoch: 8 [3000/20000 (15.0%)]	Loss: 0.00043823180021718144
[2023-05-03 00:29:43] Train Epoch: 8 [4000/20000 (20.0%)]	Loss: 0.002326839603483677
[2023-05-03 00:29:47] Train Epoch: 8 [5000/20000 (25.0%)]	Loss: 0.001753905089572072
[2023-05-03 00:29:51] Train Epoch: 8 [6000/20000 (30.0%)]	Loss: 0.005097116809338331
[2023-05-03 00:29:55] Train Epoch: 8 [7000/20000 (35.0%)]	Loss: 0.00013352264068089426
[2023-05-03 00:29:59] Train Epoch: 8 [8000/20000 (40.0%)]	Loss: 0.0004691756912507117
[2023-05-03 00:30:03] Train Epoch: 8 [9000/20000 (45.0%)]	Loss: 0.000617651385255158
[2023-05-03 00:30:07] Train Epoch: 8 [10000/20000 (50.0%)]	Loss: 0.0017977971583604813
[2023-05-03 00:30:11] Train Epoch: 8 [11000/20000 (55.0%)]	Loss: 0.0004259474517311901
[2023-05-03 00:30:15] Train Epoch: 8 [12000/20000 (60.0%)]	Loss: 0.003948255442082882
[2023-05-03 00:30:19] Train Epoch: 8 [13000/20000 (65.0%)]	Loss: 0.0026306421495974064
[2023-05-03 00:30:23] Train Epoch: 8 [14000/20000 (70.0%)]	Loss: 0.0027281579095870256
[2023-05-03 00:30:27] Train Epoch: 8 [15000/20000 (75.0%)]	Loss: 0.0017681162571534514
[2023-05-03 00:30:31] Train Epoch: 8 [16000/20000 (80.0%)]	Loss: 0.0014509315369650722
[2023-05-03 00:30:35] Train Epoch: 8 [17000/20000 (85.0%)]	Loss: 0.00016950705321505666
[2023-05-03 00:30:39] Train Epoch: 8 [18000/20000 (90.0%)]	Loss: 0.0005866005085408688
[2023-05-03 00:30:43] Train Epoch: 8 [19000/20000 (95.0%)]	Loss: 0.0005418814835138619
[2023-05-03 00:30:56] ========== Metrics ==========
[2023-05-03 00:30:56] {
  "tr_loss": 0.010777717148110717,
  "tr_acc": 0.9977997799779978,
  "tr_f1": 0.9977995599119824,
  "val_loss": 0.9691816594701993,
  "val_acc": 0.8182625688399361,
  "val_f1": 0.822795773428027,
  "test_loss": 0.7657557569297793,
  "test_acc": 0.8401084010840109,
  "test_f1": 0.843501326259947
}
[2023-05-03 00:30:56] ========== Metrics ==========
[2023-05-03 00:30:57] Train Epoch: 9 [0/20000 (0.0%)]	Loss: 0.0015493372920900583
[2023-05-03 00:31:02] Train Epoch: 9 [1000/20000 (5.0%)]	Loss: 0.0011709325481206179
[2023-05-03 00:31:06] Train Epoch: 9 [2000/20000 (10.0%)]	Loss: 0.006183831486850977
[2023-05-03 00:31:10] Train Epoch: 9 [3000/20000 (15.0%)]	Loss: 0.06315936893224716
[2023-05-03 00:31:14] Train Epoch: 9 [4000/20000 (20.0%)]	Loss: 0.0005762820364907384
[2023-05-03 00:31:18] Train Epoch: 9 [5000/20000 (25.0%)]	Loss: 0.0017297068843618035
[2023-05-03 00:31:22] Train Epoch: 9 [6000/20000 (30.0%)]	Loss: 0.028263291344046593
[2023-05-03 00:31:26] Train Epoch: 9 [7000/20000 (35.0%)]	Loss: 0.0011019879020750523
[2023-05-03 00:31:30] Train Epoch: 9 [8000/20000 (40.0%)]	Loss: 0.0007489135023206472
[2023-05-03 00:31:34] Train Epoch: 9 [9000/20000 (45.0%)]	Loss: 0.0011305438820272684
[2023-05-03 00:31:38] Train Epoch: 9 [10000/20000 (50.0%)]	Loss: 0.0006105846259742975
[2023-05-03 00:31:42] Train Epoch: 9 [11000/20000 (55.0%)]	Loss: 0.003435024293139577
[2023-05-03 00:31:46] Train Epoch: 9 [12000/20000 (60.0%)]	Loss: 0.00044248663471080363
[2023-05-03 00:31:50] Train Epoch: 9 [13000/20000 (65.0%)]	Loss: 0.0005361546645872295
[2023-05-03 00:31:54] Train Epoch: 9 [14000/20000 (70.0%)]	Loss: 0.01232886128127575
[2023-05-03 00:31:59] Train Epoch: 9 [15000/20000 (75.0%)]	Loss: 0.00028782751178368926
[2023-05-03 00:32:03] Train Epoch: 9 [16000/20000 (80.0%)]	Loss: 5.0062011723639444e-05
[2023-05-03 00:32:07] Train Epoch: 9 [17000/20000 (85.0%)]	Loss: 0.001631738618016243
[2023-05-03 00:32:11] Train Epoch: 9 [18000/20000 (90.0%)]	Loss: 0.00028609533910639584
[2023-05-03 00:32:15] Train Epoch: 9 [19000/20000 (95.0%)]	Loss: 0.0019755398388952017
[2023-05-03 00:32:25] Stop At epoch 9/20 due to valid not increase
[2023-05-03 00:32:28] ========== Metrics ==========
[2023-05-03 00:32:28] {
  "tr_loss": 0.009008916993729897,
  "tr_acc": 0.9981498149814981,
  "tr_f1": 0.9981495373843462,
  "val_loss": 1.0292915405805172,
  "val_acc": 0.8193284775270918,
  "val_f1": 0.8168557536466774,
  "test_loss": 0.8205442214927315,
  "test_acc": 0.8373983739837398,
  "test_f1": 0.8324022346368715
}
[2023-05-03 00:32:28] ========== Metrics ==========
