[2023-05-02 03:29:50] Train Epoch: 1 [0/20000 (0.0%)]	Loss: 0.6905025839805603
[2023-05-02 03:29:54] Train Epoch: 1 [1000/20000 (5.0%)]	Loss: 0.590429425239563
[2023-05-02 03:29:58] Train Epoch: 1 [2000/20000 (10.0%)]	Loss: 0.37380900979042053
[2023-05-02 03:30:02] Train Epoch: 1 [3000/20000 (15.0%)]	Loss: 0.42770838737487793
[2023-05-02 03:30:06] Train Epoch: 1 [4000/20000 (20.0%)]	Loss: 0.6405556201934814
[2023-05-02 03:30:09] Train Epoch: 1 [5000/20000 (25.0%)]	Loss: 0.4912745952606201
[2023-05-02 03:30:13] Train Epoch: 1 [6000/20000 (30.0%)]	Loss: 0.6760593056678772
[2023-05-02 03:30:17] Train Epoch: 1 [7000/20000 (35.0%)]	Loss: 0.3832649290561676
[2023-05-02 03:30:21] Train Epoch: 1 [8000/20000 (40.0%)]	Loss: 0.561795175075531
[2023-05-02 03:30:25] Train Epoch: 1 [9000/20000 (45.0%)]	Loss: 0.4757046699523926
[2023-05-02 03:30:29] Train Epoch: 1 [10000/20000 (50.0%)]	Loss: 0.4365077614784241
[2023-05-02 03:30:32] Train Epoch: 1 [11000/20000 (55.0%)]	Loss: 0.4946337342262268
[2023-05-02 03:30:36] Train Epoch: 1 [12000/20000 (60.0%)]	Loss: 0.6854650974273682
[2023-05-02 03:30:40] Train Epoch: 1 [13000/20000 (65.0%)]	Loss: 0.6407848596572876
[2023-05-02 03:30:44] Train Epoch: 1 [14000/20000 (70.0%)]	Loss: 0.6053171753883362
[2023-05-02 03:30:48] Train Epoch: 1 [15000/20000 (75.0%)]	Loss: 0.8139097094535828
[2023-05-02 03:30:51] Train Epoch: 1 [16000/20000 (80.0%)]	Loss: 0.41504254937171936
[2023-05-02 03:30:55] Train Epoch: 1 [17000/20000 (85.0%)]	Loss: 0.5244767665863037
[2023-05-02 03:30:59] Train Epoch: 1 [18000/20000 (90.0%)]	Loss: 0.3784157633781433
[2023-05-02 03:31:03] Train Epoch: 1 [19000/20000 (95.0%)]	Loss: 0.2843402028083801
[2023-05-02 03:31:20] ========== Metrics ==========
[2023-05-02 03:31:20] {
  "tr_loss": 0.47955055229037225,
  "tr_acc": 0.7743774377437744,
  "tr_f1": 0.7748502994011977,
  "val_loss": 0.3896902552144865,
  "val_acc": 0.8269674897850418,
  "val_f1": 0.8313127814340145,
  "test_loss": 0.37597165763539675,
  "test_acc": 0.8373983739837398,
  "test_f1": 0.8387096774193549
}
[2023-05-02 03:31:20] ========== Metrics ==========
[2023-05-02 03:31:21] Train Epoch: 2 [0/20000 (0.0%)]	Loss: 0.2957996428012848
[2023-05-02 03:31:25] Train Epoch: 2 [1000/20000 (5.0%)]	Loss: 0.6029963493347168
[2023-05-02 03:31:29] Train Epoch: 2 [2000/20000 (10.0%)]	Loss: 0.39740532636642456
[2023-05-02 03:31:33] Train Epoch: 2 [3000/20000 (15.0%)]	Loss: 0.4542711675167084
[2023-05-02 03:31:37] Train Epoch: 2 [4000/20000 (20.0%)]	Loss: 0.30541831254959106
[2023-05-02 03:31:40] Train Epoch: 2 [5000/20000 (25.0%)]	Loss: 0.26732614636421204
[2023-05-02 03:31:44] Train Epoch: 2 [6000/20000 (30.0%)]	Loss: 0.2232472449541092
[2023-05-02 03:31:48] Train Epoch: 2 [7000/20000 (35.0%)]	Loss: 0.2153416872024536
[2023-05-02 03:31:52] Train Epoch: 2 [8000/20000 (40.0%)]	Loss: 0.3982676863670349
[2023-05-02 03:31:57] Train Epoch: 2 [9000/20000 (45.0%)]	Loss: 0.4819139540195465
[2023-05-02 03:32:00] Train Epoch: 2 [10000/20000 (50.0%)]	Loss: 0.26801684498786926
[2023-05-02 03:32:04] Train Epoch: 2 [11000/20000 (55.0%)]	Loss: 0.33383017778396606
[2023-05-02 03:32:08] Train Epoch: 2 [12000/20000 (60.0%)]	Loss: 0.16957995295524597
[2023-05-02 03:32:12] Train Epoch: 2 [13000/20000 (65.0%)]	Loss: 0.3823546767234802
[2023-05-02 03:32:16] Train Epoch: 2 [14000/20000 (70.0%)]	Loss: 0.20649990439414978
[2023-05-02 03:32:20] Train Epoch: 2 [15000/20000 (75.0%)]	Loss: 0.18392345309257507
[2023-05-02 03:32:24] Train Epoch: 2 [16000/20000 (80.0%)]	Loss: 0.23453779518604279
[2023-05-02 03:32:28] Train Epoch: 2 [17000/20000 (85.0%)]	Loss: 0.28978294134140015
[2023-05-02 03:32:31] Train Epoch: 2 [18000/20000 (90.0%)]	Loss: 0.21799573302268982
[2023-05-02 03:32:35] Train Epoch: 2 [19000/20000 (95.0%)]	Loss: 0.19963058829307556
[2023-05-02 03:32:52] ========== Metrics ==========
[2023-05-02 03:32:52] {
  "tr_loss": 0.3006843611536914,
  "tr_acc": 0.8810381038103811,
  "tr_f1": 0.8816476792199394,
  "val_loss": 0.36682381213431375,
  "val_acc": 0.8415349085095043,
  "val_f1": 0.8429577464788732,
  "test_loss": 0.3457101141695731,
  "test_acc": 0.8455284552845529,
  "test_f1": 0.8403361344537815
}
[2023-05-02 03:32:52] ========== Metrics ==========
[2023-05-02 03:32:53] Train Epoch: 3 [0/20000 (0.0%)]	Loss: 0.16102786362171173
[2023-05-02 03:32:57] Train Epoch: 3 [1000/20000 (5.0%)]	Loss: 0.15671543776988983
[2023-05-02 03:33:01] Train Epoch: 3 [2000/20000 (10.0%)]	Loss: 0.20692789554595947
[2023-05-02 03:33:04] Train Epoch: 3 [3000/20000 (15.0%)]	Loss: 0.09628953784704208
[2023-05-02 03:33:08] Train Epoch: 3 [4000/20000 (20.0%)]	Loss: 0.19547444581985474
[2023-05-02 03:33:11] Train Epoch: 3 [5000/20000 (25.0%)]	Loss: 0.35489028692245483
[2023-05-02 03:33:15] Train Epoch: 3 [6000/20000 (30.0%)]	Loss: 0.03803121671080589
[2023-05-02 03:33:19] Train Epoch: 3 [7000/20000 (35.0%)]	Loss: 0.1214967593550682
[2023-05-02 03:33:22] Train Epoch: 3 [8000/20000 (40.0%)]	Loss: 0.5464491248130798
[2023-05-02 03:33:26] Train Epoch: 3 [9000/20000 (45.0%)]	Loss: 0.08335088938474655
[2023-05-02 03:33:30] Train Epoch: 3 [10000/20000 (50.0%)]	Loss: 0.13983017206192017
[2023-05-02 03:33:33] Train Epoch: 3 [11000/20000 (55.0%)]	Loss: 0.15694604814052582
[2023-05-02 03:33:37] Train Epoch: 3 [12000/20000 (60.0%)]	Loss: 0.22148068249225616
[2023-05-02 03:33:41] Train Epoch: 3 [13000/20000 (65.0%)]	Loss: 0.1362302601337433
[2023-05-02 03:33:44] Train Epoch: 3 [14000/20000 (70.0%)]	Loss: 0.2897985875606537
[2023-05-02 03:33:48] Train Epoch: 3 [15000/20000 (75.0%)]	Loss: 0.1812022626399994
[2023-05-02 03:33:52] Train Epoch: 3 [16000/20000 (80.0%)]	Loss: 0.049542833119630814
[2023-05-02 03:33:55] Train Epoch: 3 [17000/20000 (85.0%)]	Loss: 0.1280871480703354
[2023-05-02 03:33:59] Train Epoch: 3 [18000/20000 (90.0%)]	Loss: 0.18226736783981323
[2023-05-02 03:34:03] Train Epoch: 3 [19000/20000 (95.0%)]	Loss: 0.7973549365997314
[2023-05-02 03:34:20] ========== Metrics ==========
[2023-05-02 03:34:20] {
  "tr_loss": 0.1866170652944668,
  "tr_acc": 0.9351435143514352,
  "tr_f1": 0.9352632892438233,
  "val_loss": 0.47855990228231093,
  "val_acc": 0.8358500621780067,
  "val_f1": 0.8406896551724138,
  "test_loss": 0.41697015526495007,
  "test_acc": 0.8672086720867209,
  "test_f1": 0.868632707774799
}
[2023-05-02 03:34:20] ========== Metrics ==========
[2023-05-02 03:34:21] Train Epoch: 4 [0/20000 (0.0%)]	Loss: 0.0597391240298748
[2023-05-02 03:34:25] Train Epoch: 4 [1000/20000 (5.0%)]	Loss: 0.14183977246284485
[2023-05-02 03:34:28] Train Epoch: 4 [2000/20000 (10.0%)]	Loss: 0.024357715621590614
[2023-05-02 03:34:32] Train Epoch: 4 [3000/20000 (15.0%)]	Loss: 0.0473274365067482
[2023-05-02 03:34:36] Train Epoch: 4 [4000/20000 (20.0%)]	Loss: 0.002288488671183586
[2023-05-02 03:34:40] Train Epoch: 4 [5000/20000 (25.0%)]	Loss: 0.014240564778447151
[2023-05-02 03:34:44] Train Epoch: 4 [6000/20000 (30.0%)]	Loss: 0.17253383994102478
[2023-05-02 03:34:48] Train Epoch: 4 [7000/20000 (35.0%)]	Loss: 0.14076529443264008
[2023-05-02 03:34:51] Train Epoch: 4 [8000/20000 (40.0%)]	Loss: 0.1672278791666031
[2023-05-02 03:34:55] Train Epoch: 4 [9000/20000 (45.0%)]	Loss: 0.3080027997493744
[2023-05-02 03:34:59] Train Epoch: 4 [10000/20000 (50.0%)]	Loss: 0.10536535084247589
[2023-05-02 03:35:03] Train Epoch: 4 [11000/20000 (55.0%)]	Loss: 0.20569798350334167
[2023-05-02 03:35:07] Train Epoch: 4 [12000/20000 (60.0%)]	Loss: 0.23032550513744354
[2023-05-02 03:35:11] Train Epoch: 4 [13000/20000 (65.0%)]	Loss: 0.029064476490020752
[2023-05-02 03:35:14] Train Epoch: 4 [14000/20000 (70.0%)]	Loss: 0.09094874560832977
[2023-05-02 03:35:18] Train Epoch: 4 [15000/20000 (75.0%)]	Loss: 0.240912526845932
[2023-05-02 03:35:22] Train Epoch: 4 [16000/20000 (80.0%)]	Loss: 0.22799928486347198
[2023-05-02 03:35:26] Train Epoch: 4 [17000/20000 (85.0%)]	Loss: 0.29469674825668335
[2023-05-02 03:35:30] Train Epoch: 4 [18000/20000 (90.0%)]	Loss: 0.035334859043359756
[2023-05-02 03:35:34] Train Epoch: 4 [19000/20000 (95.0%)]	Loss: 0.2605568468570709
[2023-05-02 03:35:51] ========== Metrics ==========
[2023-05-02 03:35:51] {
  "tr_loss": 0.10630568360151833,
  "tr_acc": 0.9652465246524653,
  "tr_f1": 0.9652691019939034,
  "val_loss": 0.589490018488512,
  "val_acc": 0.8344288505951324,
  "val_f1": 0.8308529945553539,
  "test_loss": 0.5377239215018627,
  "test_acc": 0.8373983739837398,
  "test_f1": 0.8314606741573034
}
[2023-05-02 03:35:51] ========== Metrics ==========
[2023-05-02 03:35:52] Train Epoch: 5 [0/20000 (0.0%)]	Loss: 0.007097361143678427
[2023-05-02 03:35:56] Train Epoch: 5 [1000/20000 (5.0%)]	Loss: 0.36048227548599243
[2023-05-02 03:35:59] Train Epoch: 5 [2000/20000 (10.0%)]	Loss: 0.006746348924934864
[2023-05-02 03:36:03] Train Epoch: 5 [3000/20000 (15.0%)]	Loss: 0.012682028114795685
[2023-05-02 03:36:07] Train Epoch: 5 [4000/20000 (20.0%)]	Loss: 0.18533669412136078
[2023-05-02 03:36:11] Train Epoch: 5 [5000/20000 (25.0%)]	Loss: 0.017025573179125786
[2023-05-02 03:36:14] Train Epoch: 5 [6000/20000 (30.0%)]	Loss: 0.013683190569281578
[2023-05-02 03:36:18] Train Epoch: 5 [7000/20000 (35.0%)]	Loss: 0.43002596497535706
[2023-05-02 03:36:22] Train Epoch: 5 [8000/20000 (40.0%)]	Loss: 0.1096019372344017
[2023-05-02 03:36:26] Train Epoch: 5 [9000/20000 (45.0%)]	Loss: 0.0651916041970253
[2023-05-02 03:36:30] Train Epoch: 5 [10000/20000 (50.0%)]	Loss: 0.0020746546797454357
[2023-05-02 03:36:34] Train Epoch: 5 [11000/20000 (55.0%)]	Loss: 0.15460611879825592
[2023-05-02 03:36:37] Train Epoch: 5 [12000/20000 (60.0%)]	Loss: 0.006962166633456945
[2023-05-02 03:36:41] Train Epoch: 5 [13000/20000 (65.0%)]	Loss: 0.053140006959438324
[2023-05-02 03:36:45] Train Epoch: 5 [14000/20000 (70.0%)]	Loss: 0.031669408082962036
[2023-05-02 03:36:49] Train Epoch: 5 [15000/20000 (75.0%)]	Loss: 0.21736952662467957
[2023-05-02 03:36:53] Train Epoch: 5 [16000/20000 (80.0%)]	Loss: 0.11221460998058319
[2023-05-02 03:36:57] Train Epoch: 5 [17000/20000 (85.0%)]	Loss: 0.008595344610512257
[2023-05-02 03:37:01] Train Epoch: 5 [18000/20000 (90.0%)]	Loss: 0.0030750897713005543
[2023-05-02 03:37:04] Train Epoch: 5 [19000/20000 (95.0%)]	Loss: 0.017480764538049698
[2023-05-02 03:37:23] ========== Metrics ==========
[2023-05-02 03:37:23] {
  "tr_loss": 0.06263686316859288,
  "tr_acc": 0.980948094809481,
  "tr_f1": 0.9809623744566032,
  "val_loss": 0.6016685715189072,
  "val_acc": 0.8168413572570616,
  "val_f1": 0.8247492775794663,
  "test_loss": 0.4989556303919169,
  "test_acc": 0.8428184281842819,
  "test_f1": 0.8440860215053764
}
[2023-05-02 03:37:23] ========== Metrics ==========
[2023-05-02 03:37:24] Train Epoch: 6 [0/20000 (0.0%)]	Loss: 0.05778947472572327
[2023-05-02 03:37:28] Train Epoch: 6 [1000/20000 (5.0%)]	Loss: 0.005041986703872681
[2023-05-02 03:37:32] Train Epoch: 6 [2000/20000 (10.0%)]	Loss: 0.009653979912400246
[2023-05-02 03:37:36] Train Epoch: 6 [3000/20000 (15.0%)]	Loss: 0.008610221557319164
[2023-05-02 03:37:39] Train Epoch: 6 [4000/20000 (20.0%)]	Loss: 0.011198645457625389
[2023-05-02 03:37:43] Train Epoch: 6 [5000/20000 (25.0%)]	Loss: 0.00481561990454793
[2023-05-02 03:37:47] Train Epoch: 6 [6000/20000 (30.0%)]	Loss: 0.001562283607199788
[2023-05-02 03:37:51] Train Epoch: 6 [7000/20000 (35.0%)]	Loss: 0.0036235875450074673
[2023-05-02 03:37:54] Train Epoch: 6 [8000/20000 (40.0%)]	Loss: 0.004187250509858131
[2023-05-02 03:37:58] Train Epoch: 6 [9000/20000 (45.0%)]	Loss: 0.1473877727985382
[2023-05-02 03:38:02] Train Epoch: 6 [10000/20000 (50.0%)]	Loss: 0.00122221524361521
[2023-05-02 03:38:05] Train Epoch: 6 [11000/20000 (55.0%)]	Loss: 0.055717550218105316
[2023-05-02 03:38:09] Train Epoch: 6 [12000/20000 (60.0%)]	Loss: 0.012680597603321075
[2023-05-02 03:38:13] Train Epoch: 6 [13000/20000 (65.0%)]	Loss: 0.0015018662670627236
[2023-05-02 03:38:17] Train Epoch: 6 [14000/20000 (70.0%)]	Loss: 0.009887331165373325
[2023-05-02 03:38:21] Train Epoch: 6 [15000/20000 (75.0%)]	Loss: 0.003211465897038579
[2023-05-02 03:38:25] Train Epoch: 6 [16000/20000 (80.0%)]	Loss: 0.002725218655541539
[2023-05-02 03:38:28] Train Epoch: 6 [17000/20000 (85.0%)]	Loss: 0.004521033726632595
[2023-05-02 03:38:32] Train Epoch: 6 [18000/20000 (90.0%)]	Loss: 0.0016605634009465575
[2023-05-02 03:38:36] Train Epoch: 6 [19000/20000 (95.0%)]	Loss: 0.009755165316164494
[2023-05-02 03:38:53] ========== Metrics ==========
[2023-05-02 03:38:53] {
  "tr_loss": 0.023597103758631825,
  "tr_acc": 0.9946494649464946,
  "tr_f1": 0.9946588129586184,
  "val_loss": 0.754692712347034,
  "val_acc": 0.8187955231835139,
  "val_f1": 0.8236514522821575,
  "test_loss": 0.6314980749515337,
  "test_acc": 0.8509485094850948,
  "test_f1": 0.8493150684931506
}
[2023-05-02 03:38:53] ========== Metrics ==========
[2023-05-02 03:38:54] Train Epoch: 7 [0/20000 (0.0%)]	Loss: 0.004513125400990248
[2023-05-02 03:38:58] Train Epoch: 7 [1000/20000 (5.0%)]	Loss: 0.003462783293798566
[2023-05-02 03:39:01] Train Epoch: 7 [2000/20000 (10.0%)]	Loss: 0.004579898435622454
[2023-05-02 03:39:05] Train Epoch: 7 [3000/20000 (15.0%)]	Loss: 0.002176176756620407
[2023-05-02 03:39:09] Train Epoch: 7 [4000/20000 (20.0%)]	Loss: 0.0014776489697396755
[2023-05-02 03:39:13] Train Epoch: 7 [5000/20000 (25.0%)]	Loss: 0.002297788392752409
[2023-05-02 03:39:17] Train Epoch: 7 [6000/20000 (30.0%)]	Loss: 0.011471850797533989
[2023-05-02 03:39:20] Train Epoch: 7 [7000/20000 (35.0%)]	Loss: 0.0011618096614256501
[2023-05-02 03:39:24] Train Epoch: 7 [8000/20000 (40.0%)]	Loss: 0.0010713713709264994
[2023-05-02 03:39:28] Train Epoch: 7 [9000/20000 (45.0%)]	Loss: 0.0012379169929772615
[2023-05-02 03:39:32] Train Epoch: 7 [10000/20000 (50.0%)]	Loss: 0.0019777200650423765
[2023-05-02 03:39:35] Train Epoch: 7 [11000/20000 (55.0%)]	Loss: 0.0026269485242664814
[2023-05-02 03:39:39] Train Epoch: 7 [12000/20000 (60.0%)]	Loss: 0.0018761430401355028
[2023-05-02 03:39:43] Train Epoch: 7 [13000/20000 (65.0%)]	Loss: 0.02588842250406742
[2023-05-02 03:39:47] Train Epoch: 7 [14000/20000 (70.0%)]	Loss: 0.07776345312595367
[2023-05-02 03:39:50] Train Epoch: 7 [15000/20000 (75.0%)]	Loss: 0.004025598056614399
[2023-05-02 03:39:55] Train Epoch: 7 [16000/20000 (80.0%)]	Loss: 0.002098989672958851
[2023-05-02 03:39:59] Train Epoch: 7 [17000/20000 (85.0%)]	Loss: 0.0029920204542577267
[2023-05-02 03:40:03] Train Epoch: 7 [18000/20000 (90.0%)]	Loss: 0.0036090253852307796
[2023-05-02 03:40:06] Train Epoch: 7 [19000/20000 (95.0%)]	Loss: 0.003062692703679204
[2023-05-02 03:40:23] ========== Metrics ==========
[2023-05-02 03:40:23] {
  "tr_loss": 0.019038431953641306,
  "tr_acc": 0.9960996099609961,
  "tr_f1": 0.9961031175059952,
  "val_loss": 0.7829242104136326,
  "val_acc": 0.8227038550364185,
  "val_f1": 0.8201153568853641,
  "test_loss": 0.71527202439502,
  "test_acc": 0.8319783197831978,
  "test_f1": 0.8228571428571428
}
[2023-05-02 03:40:23] ========== Metrics ==========
[2023-05-02 03:40:25] Train Epoch: 8 [0/20000 (0.0%)]	Loss: 0.0048171705566346645
[2023-05-02 03:40:29] Train Epoch: 8 [1000/20000 (5.0%)]	Loss: 0.0015926638152450323
[2023-05-02 03:40:33] Train Epoch: 8 [2000/20000 (10.0%)]	Loss: 0.0016421794425696135
[2023-05-02 03:40:37] Train Epoch: 8 [3000/20000 (15.0%)]	Loss: 0.009418913163244724
[2023-05-02 03:40:40] Train Epoch: 8 [4000/20000 (20.0%)]	Loss: 0.0018446730682626367
[2023-05-02 03:40:44] Train Epoch: 8 [5000/20000 (25.0%)]	Loss: 0.002138765761628747
[2023-05-02 03:40:48] Train Epoch: 8 [6000/20000 (30.0%)]	Loss: 0.09216756373643875
[2023-05-02 03:40:52] Train Epoch: 8 [7000/20000 (35.0%)]	Loss: 0.009232875891029835
[2023-05-02 03:40:56] Train Epoch: 8 [8000/20000 (40.0%)]	Loss: 0.005165274254977703
[2023-05-02 03:41:00] Train Epoch: 8 [9000/20000 (45.0%)]	Loss: 0.0023173028603196144
[2023-05-02 03:41:03] Train Epoch: 8 [10000/20000 (50.0%)]	Loss: 0.0021527449134737253
[2023-05-02 03:41:07] Train Epoch: 8 [11000/20000 (55.0%)]	Loss: 0.0014510526088997722
[2023-05-02 03:41:11] Train Epoch: 8 [12000/20000 (60.0%)]	Loss: 0.0031271122861653566
[2023-05-02 03:41:15] Train Epoch: 8 [13000/20000 (65.0%)]	Loss: 0.002786563243716955
[2023-05-02 03:41:19] Train Epoch: 8 [14000/20000 (70.0%)]	Loss: 0.0011407326674088836
[2023-05-02 03:41:23] Train Epoch: 8 [15000/20000 (75.0%)]	Loss: 0.0011106523452326655
[2023-05-02 03:41:26] Train Epoch: 8 [16000/20000 (80.0%)]	Loss: 0.003956128843128681
[2023-05-02 03:41:30] Train Epoch: 8 [17000/20000 (85.0%)]	Loss: 0.0008021424291655421
[2023-05-02 03:41:34] Train Epoch: 8 [18000/20000 (90.0%)]	Loss: 0.0019288882613182068
[2023-05-02 03:41:38] Train Epoch: 8 [19000/20000 (95.0%)]	Loss: 0.0038766437210142612
[2023-05-02 03:41:52] Stop At epoch 8/20 due to valid not increase
[2023-05-02 03:41:55] ========== Metrics ==========
[2023-05-02 03:41:55] {
  "tr_loss": 0.016215013292077782,
  "tr_acc": 0.996999699969997,
  "tr_f1": 0.9970023980815348,
  "val_loss": 0.8549470661933867,
  "val_acc": 0.8219932492449813,
  "val_f1": 0.8238396624472575,
  "test_loss": 0.6951698976843984,
  "test_acc": 0.8482384823848238,
  "test_f1": 0.845303867403315
}
[2023-05-02 03:41:55] ========== Metrics ==========
