[2023-05-01 14:36:51] Train Epoch: 1 [0/20000 (0.0%)]	Loss: 0.6953784823417664
[2023-05-01 14:36:59] Train Epoch: 1 [1000/20000 (5.0%)]	Loss: 0.627128005027771
[2023-05-01 14:37:08] Train Epoch: 1 [2000/20000 (10.0%)]	Loss: 0.7248462438583374
[2023-05-01 14:37:16] Train Epoch: 1 [3000/20000 (15.0%)]	Loss: 0.3478265106678009
[2023-05-01 14:37:24] Train Epoch: 1 [4000/20000 (20.0%)]	Loss: 0.6778857707977295
[2023-05-01 14:37:32] Train Epoch: 1 [5000/20000 (25.0%)]	Loss: 0.6724793314933777
[2023-05-01 14:37:41] Train Epoch: 1 [6000/20000 (30.0%)]	Loss: 0.5922728776931763
[2023-05-01 14:37:50] Train Epoch: 1 [7000/20000 (35.0%)]	Loss: 0.6294747591018677
[2023-05-01 14:38:00] Train Epoch: 1 [8000/20000 (40.0%)]	Loss: 0.445049524307251
[2023-05-01 14:38:11] Train Epoch: 1 [9000/20000 (45.0%)]	Loss: 0.6387807130813599
[2023-05-01 14:38:22] Train Epoch: 1 [10000/20000 (50.0%)]	Loss: 0.644364058971405
[2023-05-01 14:38:32] Train Epoch: 1 [11000/20000 (55.0%)]	Loss: 0.5612754821777344
[2023-05-01 14:38:43] Train Epoch: 1 [12000/20000 (60.0%)]	Loss: 0.6208882927894592
[2023-05-01 14:38:53] Train Epoch: 1 [13000/20000 (65.0%)]	Loss: 0.43667498230934143
[2023-05-01 14:39:02] Train Epoch: 1 [14000/20000 (70.0%)]	Loss: 0.38784652948379517
[2023-05-01 14:39:12] Train Epoch: 1 [15000/20000 (75.0%)]	Loss: 0.4906040132045746
[2023-05-01 14:39:22] Train Epoch: 1 [16000/20000 (80.0%)]	Loss: 0.18600429594516754
[2023-05-01 14:39:32] Train Epoch: 1 [17000/20000 (85.0%)]	Loss: 0.493187814950943
[2023-05-01 14:39:42] Train Epoch: 1 [18000/20000 (90.0%)]	Loss: 0.47386589646339417
[2023-05-01 14:39:51] Train Epoch: 1 [19000/20000 (95.0%)]	Loss: 0.33133047819137573
[2023-05-01 14:40:21] ========== Metrics ==========
[2023-05-01 14:40:21] {
  "tr_loss": 0.5004197383674458,
  "tr_acc": 0.7576757675767577,
  "tr_f1": 0.7624276889891166,
  "val_loss": 0.4162397238411516,
  "val_acc": 0.8308758216379464,
  "val_f1": 0.8264673714910682,
  "test_loss": 0.4446105509592589,
  "test_acc": 0.8157181571815718,
  "test_f1": 0.8023255813953488
}
[2023-05-01 14:40:21] ========== Metrics ==========
[2023-05-01 14:40:22] Train Epoch: 2 [0/20000 (0.0%)]	Loss: 0.38550132513046265
[2023-05-01 14:40:29] Train Epoch: 2 [1000/20000 (5.0%)]	Loss: 0.2647625803947449
[2023-05-01 14:40:37] Train Epoch: 2 [2000/20000 (10.0%)]	Loss: 0.23162443935871124
[2023-05-01 14:40:46] Train Epoch: 2 [3000/20000 (15.0%)]	Loss: 0.38491758704185486
[2023-05-01 14:40:55] Train Epoch: 2 [4000/20000 (20.0%)]	Loss: 0.23659297823905945
[2023-05-01 14:41:05] Train Epoch: 2 [5000/20000 (25.0%)]	Loss: 0.33345210552215576
[2023-05-01 14:41:15] Train Epoch: 2 [6000/20000 (30.0%)]	Loss: 0.35143589973449707
[2023-05-01 14:41:24] Train Epoch: 2 [7000/20000 (35.0%)]	Loss: 0.14945247769355774
[2023-05-01 14:41:34] Train Epoch: 2 [8000/20000 (40.0%)]	Loss: 0.25424423813819885
[2023-05-01 14:41:44] Train Epoch: 2 [9000/20000 (45.0%)]	Loss: 0.5160737037658691
[2023-05-01 14:41:53] Train Epoch: 2 [10000/20000 (50.0%)]	Loss: 0.22150249779224396
[2023-05-01 14:42:01] Train Epoch: 2 [11000/20000 (55.0%)]	Loss: 0.4581027626991272
[2023-05-01 14:42:11] Train Epoch: 2 [12000/20000 (60.0%)]	Loss: 0.28952163457870483
[2023-05-01 14:42:20] Train Epoch: 2 [13000/20000 (65.0%)]	Loss: 0.15825654566287994
[2023-05-01 14:42:29] Train Epoch: 2 [14000/20000 (70.0%)]	Loss: 0.3790102005004883
[2023-05-01 14:42:38] Train Epoch: 2 [15000/20000 (75.0%)]	Loss: 0.4031895101070404
[2023-05-01 14:42:47] Train Epoch: 2 [16000/20000 (80.0%)]	Loss: 0.4729434549808502
[2023-05-01 14:42:57] Train Epoch: 2 [17000/20000 (85.0%)]	Loss: 0.14073841273784637
[2023-05-01 14:43:07] Train Epoch: 2 [18000/20000 (90.0%)]	Loss: 0.13998369872570038
[2023-05-01 14:43:17] Train Epoch: 2 [19000/20000 (95.0%)]	Loss: 0.6469667553901672
[2023-05-01 14:43:44] ========== Metrics ==========
[2023-05-01 14:43:44] {
  "tr_loss": 0.3157408109488207,
  "tr_acc": 0.8767876787678768,
  "tr_f1": 0.8769845232151772,
  "val_loss": 0.38856281053958514,
  "val_acc": 0.8356724107301474,
  "val_f1": 0.8447726128545059,
  "test_loss": 0.3253129585002496,
  "test_acc": 0.8563685636856369,
  "test_f1": 0.8601583113456465
}
[2023-05-01 14:43:44] ========== Metrics ==========
[2023-05-01 14:43:45] Train Epoch: 3 [0/20000 (0.0%)]	Loss: 0.24920041859149933
[2023-05-01 14:43:55] Train Epoch: 3 [1000/20000 (5.0%)]	Loss: 0.1291525661945343
[2023-05-01 14:44:04] Train Epoch: 3 [2000/20000 (10.0%)]	Loss: 0.23123963177204132
[2023-05-01 14:44:13] Train Epoch: 3 [3000/20000 (15.0%)]	Loss: 0.1963483989238739
[2023-05-01 14:44:23] Train Epoch: 3 [4000/20000 (20.0%)]	Loss: 0.49494844675064087
[2023-05-01 14:44:32] Train Epoch: 3 [5000/20000 (25.0%)]	Loss: 0.13464495539665222
[2023-05-01 14:44:41] Train Epoch: 3 [6000/20000 (30.0%)]	Loss: 0.3048359751701355
[2023-05-01 14:44:50] Train Epoch: 3 [7000/20000 (35.0%)]	Loss: 0.3426763415336609
[2023-05-01 14:44:59] Train Epoch: 3 [8000/20000 (40.0%)]	Loss: 0.39269691705703735
[2023-05-01 14:45:08] Train Epoch: 3 [9000/20000 (45.0%)]	Loss: 0.030759666115045547
[2023-05-01 14:45:17] Train Epoch: 3 [10000/20000 (50.0%)]	Loss: 0.07036571204662323
[2023-05-01 14:45:26] Train Epoch: 3 [11000/20000 (55.0%)]	Loss: 0.05062171071767807
[2023-05-01 14:45:35] Train Epoch: 3 [12000/20000 (60.0%)]	Loss: 0.11756797134876251
[2023-05-01 14:45:45] Train Epoch: 3 [13000/20000 (65.0%)]	Loss: 0.06126686930656433
[2023-05-01 14:45:54] Train Epoch: 3 [14000/20000 (70.0%)]	Loss: 0.050613440573215485
[2023-05-01 14:46:04] Train Epoch: 3 [15000/20000 (75.0%)]	Loss: 0.41061657667160034
[2023-05-01 14:46:14] Train Epoch: 3 [16000/20000 (80.0%)]	Loss: 0.021351724863052368
[2023-05-01 14:46:23] Train Epoch: 3 [17000/20000 (85.0%)]	Loss: 0.19886203110218048
[2023-05-01 14:46:34] Train Epoch: 3 [18000/20000 (90.0%)]	Loss: 0.07846080511808395
[2023-05-01 14:46:44] Train Epoch: 3 [19000/20000 (95.0%)]	Loss: 0.0789756253361702
[2023-05-01 14:47:11] ========== Metrics ==========
[2023-05-01 14:47:11] {
  "tr_loss": 0.1952008933800556,
  "tr_acc": 0.9305930593059306,
  "tr_f1": 0.9305861172234446,
  "val_loss": 0.39698297882889066,
  "val_acc": 0.8417125599573636,
  "val_f1": 0.8415436599679886,
  "test_loss": 0.396298863054291,
  "test_acc": 0.8428184281842819,
  "test_f1": 0.8352272727272728
}
[2023-05-01 14:47:11] ========== Metrics ==========
[2023-05-01 14:47:13] Train Epoch: 4 [0/20000 (0.0%)]	Loss: 0.07877186685800552
[2023-05-01 14:47:24] Train Epoch: 4 [1000/20000 (5.0%)]	Loss: 0.010805657133460045
[2023-05-01 14:47:34] Train Epoch: 4 [2000/20000 (10.0%)]	Loss: 0.18401920795440674
[2023-05-01 14:47:44] Train Epoch: 4 [3000/20000 (15.0%)]	Loss: 0.1215791255235672
[2023-05-01 14:47:54] Train Epoch: 4 [4000/20000 (20.0%)]	Loss: 0.01374026108533144
[2023-05-01 14:48:04] Train Epoch: 4 [5000/20000 (25.0%)]	Loss: 0.01793789118528366
[2023-05-01 14:48:14] Train Epoch: 4 [6000/20000 (30.0%)]	Loss: 0.010732771828770638
[2023-05-01 14:48:24] Train Epoch: 4 [7000/20000 (35.0%)]	Loss: 0.0457056388258934
[2023-05-01 14:48:34] Train Epoch: 4 [8000/20000 (40.0%)]	Loss: 0.07782723009586334
[2023-05-01 14:48:44] Train Epoch: 4 [9000/20000 (45.0%)]	Loss: 0.3016623854637146
[2023-05-01 14:48:54] Train Epoch: 4 [10000/20000 (50.0%)]	Loss: 0.2564421594142914
[2023-05-01 14:49:04] Train Epoch: 4 [11000/20000 (55.0%)]	Loss: 0.014715718105435371
[2023-05-01 14:49:14] Train Epoch: 4 [12000/20000 (60.0%)]	Loss: 0.07654549181461334
[2023-05-01 14:49:24] Train Epoch: 4 [13000/20000 (65.0%)]	Loss: 0.15361979603767395
[2023-05-01 14:49:34] Train Epoch: 4 [14000/20000 (70.0%)]	Loss: 0.24105611443519592
[2023-05-01 14:49:44] Train Epoch: 4 [15000/20000 (75.0%)]	Loss: 0.19703416526317596
[2023-05-01 14:49:54] Train Epoch: 4 [16000/20000 (80.0%)]	Loss: 0.08087684214115143
[2023-05-01 14:50:04] Train Epoch: 4 [17000/20000 (85.0%)]	Loss: 0.06495688855648041
[2023-05-01 14:50:15] Train Epoch: 4 [18000/20000 (90.0%)]	Loss: 0.05529923364520073
[2023-05-01 14:50:25] Train Epoch: 4 [19000/20000 (95.0%)]	Loss: 0.14619368314743042
[2023-05-01 14:50:54] ========== Metrics ==========
[2023-05-01 14:50:54] {
  "tr_loss": 0.1098274961282516,
  "tr_acc": 0.9658965896589659,
  "tr_f1": 0.9658042519053349,
  "val_loss": 0.5111605467016351,
  "val_acc": 0.8322970332208207,
  "val_f1": 0.8290474465773271,
  "test_loss": 0.4552903799668237,
  "test_acc": 0.8482384823848238,
  "test_f1": 0.8418079096045198
}
[2023-05-01 14:50:54] ========== Metrics ==========
[2023-05-01 14:50:55] Train Epoch: 5 [0/20000 (0.0%)]	Loss: 0.01689721830189228
[2023-05-01 14:51:06] Train Epoch: 5 [1000/20000 (5.0%)]	Loss: 0.2803228497505188
[2023-05-01 14:51:16] Train Epoch: 5 [2000/20000 (10.0%)]	Loss: 0.010039960965514183
[2023-05-01 14:51:27] Train Epoch: 5 [3000/20000 (15.0%)]	Loss: 0.015497853048145771
[2023-05-01 14:51:37] Train Epoch: 5 [4000/20000 (20.0%)]	Loss: 0.04176989942789078
[2023-05-01 14:51:48] Train Epoch: 5 [5000/20000 (25.0%)]	Loss: 0.08820180594921112
[2023-05-01 14:51:59] Train Epoch: 5 [6000/20000 (30.0%)]	Loss: 0.23523643612861633
[2023-05-01 14:52:10] Train Epoch: 5 [7000/20000 (35.0%)]	Loss: 0.004460311494767666
[2023-05-01 14:52:22] Train Epoch: 5 [8000/20000 (40.0%)]	Loss: 0.03843548893928528
[2023-05-01 14:52:33] Train Epoch: 5 [9000/20000 (45.0%)]	Loss: 0.09629157930612564
[2023-05-01 14:52:43] Train Epoch: 5 [10000/20000 (50.0%)]	Loss: 0.257138192653656
[2023-05-01 14:52:55] Train Epoch: 5 [11000/20000 (55.0%)]	Loss: 0.008977504447102547
[2023-05-01 14:53:05] Train Epoch: 5 [12000/20000 (60.0%)]	Loss: 0.02375936321914196
[2023-05-01 14:53:17] Train Epoch: 5 [13000/20000 (65.0%)]	Loss: 0.09310123324394226
[2023-05-01 14:53:28] Train Epoch: 5 [14000/20000 (70.0%)]	Loss: 0.05994458869099617
[2023-05-01 14:53:39] Train Epoch: 5 [15000/20000 (75.0%)]	Loss: 0.0019873229321092367
[2023-05-01 14:53:50] Train Epoch: 5 [16000/20000 (80.0%)]	Loss: 0.045927055180072784
[2023-05-01 14:54:01] Train Epoch: 5 [17000/20000 (85.0%)]	Loss: 0.14845982193946838
[2023-05-01 14:54:13] Train Epoch: 5 [18000/20000 (90.0%)]	Loss: 0.06397528201341629
[2023-05-01 14:54:24] Train Epoch: 5 [19000/20000 (95.0%)]	Loss: 0.006627741269767284
[2023-05-01 14:54:53] ========== Metrics ==========
[2023-05-01 14:54:53] {
  "tr_loss": 0.063700798574465,
  "tr_acc": 0.98004800480048,
  "tr_f1": 0.9800370240656426,
  "val_loss": 0.6936896801359527,
  "val_acc": 0.8298099129507905,
  "val_f1": 0.8261343012704174,
  "test_loss": 0.6351489678206967,
  "test_acc": 0.8319783197831978,
  "test_f1": 0.8258426966292135
}
[2023-05-01 14:54:53] ========== Metrics ==========
[2023-05-01 14:54:55] Train Epoch: 6 [0/20000 (0.0%)]	Loss: 0.011006195098161697
[2023-05-01 14:55:06] Train Epoch: 6 [1000/20000 (5.0%)]	Loss: 0.0038244216702878475
[2023-05-01 14:55:17] Train Epoch: 6 [2000/20000 (10.0%)]	Loss: 0.003145405324175954
[2023-05-01 14:55:29] Train Epoch: 6 [3000/20000 (15.0%)]	Loss: 0.005980109795928001
[2023-05-01 14:55:40] Train Epoch: 6 [4000/20000 (20.0%)]	Loss: 0.010772554203867912
[2023-05-01 14:55:51] Train Epoch: 6 [5000/20000 (25.0%)]	Loss: 0.004743495024740696
[2023-05-01 14:56:02] Train Epoch: 6 [6000/20000 (30.0%)]	Loss: 0.00492288451641798
[2023-05-01 14:56:14] Train Epoch: 6 [7000/20000 (35.0%)]	Loss: 0.006414278410375118
[2023-05-01 14:56:25] Train Epoch: 6 [8000/20000 (40.0%)]	Loss: 0.004627999849617481
[2023-05-01 14:56:36] Train Epoch: 6 [9000/20000 (45.0%)]	Loss: 0.020907001569867134
[2023-05-01 14:56:48] Train Epoch: 6 [10000/20000 (50.0%)]	Loss: 0.0016799264121800661
[2023-05-01 14:56:59] Train Epoch: 6 [11000/20000 (55.0%)]	Loss: 0.004134025424718857
[2023-05-01 14:57:11] Train Epoch: 6 [12000/20000 (60.0%)]	Loss: 0.019649934023618698
[2023-05-01 14:57:22] Train Epoch: 6 [13000/20000 (65.0%)]	Loss: 0.006175878457725048
[2023-05-01 14:57:34] Train Epoch: 6 [14000/20000 (70.0%)]	Loss: 0.16279955208301544
[2023-05-01 14:57:45] Train Epoch: 6 [15000/20000 (75.0%)]	Loss: 0.002811492420732975
[2023-05-01 14:57:57] Train Epoch: 6 [16000/20000 (80.0%)]	Loss: 0.0013271502684801817
[2023-05-01 14:58:08] Train Epoch: 6 [17000/20000 (85.0%)]	Loss: 0.001361266477033496
[2023-05-01 14:58:20] Train Epoch: 6 [18000/20000 (90.0%)]	Loss: 0.0018038416747003794
[2023-05-01 14:58:31] Train Epoch: 6 [19000/20000 (95.0%)]	Loss: 0.002864195266738534
[2023-05-01 14:59:02] ========== Metrics ==========
[2023-05-01 14:59:02] {
  "tr_loss": 0.022998898389083918,
  "tr_acc": 0.9941494149414941,
  "tr_f1": 0.9941497074853743,
  "val_loss": 0.7169992700076867,
  "val_acc": 0.8285663528157754,
  "val_f1": 0.8282001068185865,
  "test_loss": 0.6890143017943312,
  "test_acc": 0.8211382113821138,
  "test_f1": 0.8176795580110499
}
[2023-05-01 14:59:02] ========== Metrics ==========
[2023-05-01 14:59:03] Train Epoch: 7 [0/20000 (0.0%)]	Loss: 0.01133806724101305
[2023-05-01 14:59:14] Train Epoch: 7 [1000/20000 (5.0%)]	Loss: 0.006061311811208725
[2023-05-01 14:59:25] Train Epoch: 7 [2000/20000 (10.0%)]	Loss: 0.004768243990838528
[2023-05-01 14:59:36] Train Epoch: 7 [3000/20000 (15.0%)]	Loss: 0.0012939843581989408
[2023-05-01 14:59:47] Train Epoch: 7 [4000/20000 (20.0%)]	Loss: 0.0010661929845809937
[2023-05-01 14:59:59] Train Epoch: 7 [5000/20000 (25.0%)]	Loss: 0.04892139509320259
[2023-05-01 15:00:10] Train Epoch: 7 [6000/20000 (30.0%)]	Loss: 0.005224674940109253
[2023-05-01 15:00:21] Train Epoch: 7 [7000/20000 (35.0%)]	Loss: 0.006758936680853367
[2023-05-01 15:00:33] Train Epoch: 7 [8000/20000 (40.0%)]	Loss: 0.002185155637562275
[2023-05-01 15:00:44] Train Epoch: 7 [9000/20000 (45.0%)]	Loss: 0.022184547036886215
[2023-05-01 15:00:55] Train Epoch: 7 [10000/20000 (50.0%)]	Loss: 0.002641495782881975
[2023-05-01 15:01:06] Train Epoch: 7 [11000/20000 (55.0%)]	Loss: 0.007593805436044931
[2023-05-01 15:01:18] Train Epoch: 7 [12000/20000 (60.0%)]	Loss: 0.0020964602008461952
[2023-05-01 15:01:29] Train Epoch: 7 [13000/20000 (65.0%)]	Loss: 0.0012497155694290996
[2023-05-01 15:01:40] Train Epoch: 7 [14000/20000 (70.0%)]	Loss: 0.0023324887733906507
[2023-05-01 15:01:52] Train Epoch: 7 [15000/20000 (75.0%)]	Loss: 0.002432817593216896
[2023-05-01 15:02:03] Train Epoch: 7 [16000/20000 (80.0%)]	Loss: 0.004735145252197981
[2023-05-01 15:02:14] Train Epoch: 7 [17000/20000 (85.0%)]	Loss: 0.0008540605194866657
[2023-05-01 15:02:25] Train Epoch: 7 [18000/20000 (90.0%)]	Loss: 0.0008671149844303727
[2023-05-01 15:02:36] Train Epoch: 7 [19000/20000 (95.0%)]	Loss: 0.014095308259129524
[2023-05-01 15:03:05] ========== Metrics ==========
[2023-05-01 15:03:05] {
  "tr_loss": 0.01896946465943672,
  "tr_acc": 0.995949594959496,
  "tr_f1": 0.9959506074088887,
  "val_loss": 0.7949395750699405,
  "val_acc": 0.8285663528157754,
  "val_f1": 0.8279550722053841,
  "test_loss": 0.7209510374359969,
  "test_acc": 0.8075880758807588,
  "test_f1": 0.8054794520547945
}
[2023-05-01 15:03:05] ========== Metrics ==========
[2023-05-01 15:03:06] Train Epoch: 8 [0/20000 (0.0%)]	Loss: 0.27729594707489014
[2023-05-01 15:03:18] Train Epoch: 8 [1000/20000 (5.0%)]	Loss: 0.002456058980897069
[2023-05-01 15:03:30] Train Epoch: 8 [2000/20000 (10.0%)]	Loss: 0.0031849252991378307
[2023-05-01 15:03:41] Train Epoch: 8 [3000/20000 (15.0%)]	Loss: 0.0020714716520160437
[2023-05-01 15:03:53] Train Epoch: 8 [4000/20000 (20.0%)]	Loss: 0.3670737147331238
[2023-05-01 15:04:04] Train Epoch: 8 [5000/20000 (25.0%)]	Loss: 0.010227108374238014
[2023-05-01 15:04:16] Train Epoch: 8 [6000/20000 (30.0%)]	Loss: 0.0023618084378540516
[2023-05-01 15:04:27] Train Epoch: 8 [7000/20000 (35.0%)]	Loss: 0.0061064064502716064
[2023-05-01 15:04:39] Train Epoch: 8 [8000/20000 (40.0%)]	Loss: 0.001778442063368857
[2023-05-01 15:04:51] Train Epoch: 8 [9000/20000 (45.0%)]	Loss: 0.0007188440067693591
[2023-05-01 15:05:02] Train Epoch: 8 [10000/20000 (50.0%)]	Loss: 0.0018483471358194947
[2023-05-01 15:05:14] Train Epoch: 8 [11000/20000 (55.0%)]	Loss: 0.0018982423935085535
[2023-05-01 15:05:26] Train Epoch: 8 [12000/20000 (60.0%)]	Loss: 0.0009389735641889274
[2023-05-01 15:05:37] Train Epoch: 8 [13000/20000 (65.0%)]	Loss: 0.0014299057656899095
[2023-05-01 15:05:49] Train Epoch: 8 [14000/20000 (70.0%)]	Loss: 0.002720316406339407
[2023-05-01 15:06:01] Train Epoch: 8 [15000/20000 (75.0%)]	Loss: 0.0007800800958648324
[2023-05-01 15:06:12] Train Epoch: 8 [16000/20000 (80.0%)]	Loss: 0.06865306943655014
[2023-05-01 15:06:24] Train Epoch: 8 [17000/20000 (85.0%)]	Loss: 0.0009361128322780132
[2023-05-01 15:06:35] Train Epoch: 8 [18000/20000 (90.0%)]	Loss: 0.0005910835461691022
[2023-05-01 15:06:47] Train Epoch: 8 [19000/20000 (95.0%)]	Loss: 0.006238941103219986
[2023-05-01 15:07:17] ========== Metrics ==========
[2023-05-01 15:07:17] {
  "tr_loss": 0.01584895114763593,
  "tr_acc": 0.9963996399639964,
  "tr_f1": 0.9963989196759028,
  "val_loss": 0.8418224750038353,
  "val_acc": 0.8225262035885592,
  "val_f1": 0.8259885037449923,
  "test_loss": 0.8002284162130137,
  "test_acc": 0.8130081300813008,
  "test_f1": 0.8160000000000001
}
[2023-05-01 15:07:17] ========== Metrics ==========
[2023-05-01 15:07:18] Train Epoch: 9 [0/20000 (0.0%)]	Loss: 0.0009760890970937908
[2023-05-01 15:07:30] Train Epoch: 9 [1000/20000 (5.0%)]	Loss: 0.0004889923147857189
[2023-05-01 15:07:41] Train Epoch: 9 [2000/20000 (10.0%)]	Loss: 0.0018495721742510796
[2023-05-01 15:07:53] Train Epoch: 9 [3000/20000 (15.0%)]	Loss: 0.0016402325127273798
[2023-05-01 15:08:05] Train Epoch: 9 [4000/20000 (20.0%)]	Loss: 0.0012308250879868865
[2023-05-01 15:08:17] Train Epoch: 9 [5000/20000 (25.0%)]	Loss: 0.003239719895645976
[2023-05-01 15:08:28] Train Epoch: 9 [6000/20000 (30.0%)]	Loss: 0.00042777732596732676
[2023-05-01 15:08:39] Train Epoch: 9 [7000/20000 (35.0%)]	Loss: 0.0005975858075544238
[2023-05-01 15:08:51] Train Epoch: 9 [8000/20000 (40.0%)]	Loss: 0.0011127777397632599
[2023-05-01 15:09:02] Train Epoch: 9 [9000/20000 (45.0%)]	Loss: 0.0027318464126437902
[2023-05-01 15:09:14] Train Epoch: 9 [10000/20000 (50.0%)]	Loss: 0.002115569543093443
[2023-05-01 15:09:26] Train Epoch: 9 [11000/20000 (55.0%)]	Loss: 0.0024506687186658382
[2023-05-01 15:09:37] Train Epoch: 9 [12000/20000 (60.0%)]	Loss: 0.0008658994920551777
[2023-05-01 15:09:49] Train Epoch: 9 [13000/20000 (65.0%)]	Loss: 0.0025262890849262476
[2023-05-01 15:10:01] Train Epoch: 9 [14000/20000 (70.0%)]	Loss: 0.002805085387080908
[2023-05-01 15:10:13] Train Epoch: 9 [15000/20000 (75.0%)]	Loss: 0.0009472803212702274
[2023-05-01 15:10:25] Train Epoch: 9 [16000/20000 (80.0%)]	Loss: 0.0012258121278136969
[2023-05-01 15:10:37] Train Epoch: 9 [17000/20000 (85.0%)]	Loss: 0.006856170948594809
[2023-05-01 15:10:48] Train Epoch: 9 [18000/20000 (90.0%)]	Loss: 0.01614600047469139
[2023-05-01 15:11:01] Train Epoch: 9 [19000/20000 (95.0%)]	Loss: 0.0010009167017415166
[2023-05-01 15:11:30] Stop At epoch 9/20 due to valid not increase
[2023-05-01 15:11:32] ========== Metrics ==========
[2023-05-01 15:11:32] {
  "tr_loss": 0.012960445216338169,
  "tr_acc": 0.9973997399739974,
  "tr_f1": 0.9973997399739974,
  "val_loss": 0.9362869701585832,
  "val_acc": 0.8255462782021673,
  "val_f1": 0.8272343420126672,
  "test_loss": 0.9166181437812524,
  "test_acc": 0.8075880758807588,
  "test_f1": 0.8075880758807588
}
[2023-05-01 15:11:32] ========== Metrics ==========
