[2023-05-03 19:48:08] Train Epoch: 1 [0/20000 (0.0%)]	Loss: 0.6949569582939148
[2023-05-03 19:48:19] Train Epoch: 1 [1000/20000 (5.0%)]	Loss: 0.6915048360824585
[2023-05-03 19:48:31] Train Epoch: 1 [2000/20000 (10.0%)]	Loss: 0.692706286907196
[2023-05-03 19:48:44] Train Epoch: 1 [3000/20000 (15.0%)]	Loss: 0.6936230063438416
[2023-05-03 19:48:57] Train Epoch: 1 [4000/20000 (20.0%)]	Loss: 0.6903937458992004
[2023-05-03 19:49:09] Train Epoch: 1 [5000/20000 (25.0%)]	Loss: 0.6918584108352661
[2023-05-03 19:49:21] Train Epoch: 1 [6000/20000 (30.0%)]	Loss: 0.6967070698738098
[2023-05-03 19:49:34] Train Epoch: 1 [7000/20000 (35.0%)]	Loss: 0.6931160092353821
[2023-05-03 19:49:48] Train Epoch: 1 [8000/20000 (40.0%)]	Loss: 0.692552924156189
[2023-05-03 19:49:58] Train Epoch: 1 [9000/20000 (45.0%)]	Loss: 0.6894665956497192
[2023-05-03 19:50:10] Train Epoch: 1 [10000/20000 (50.0%)]	Loss: 0.68727707862854
[2023-05-03 19:50:23] Train Epoch: 1 [11000/20000 (55.0%)]	Loss: 0.6877080798149109
[2023-05-03 19:50:37] Train Epoch: 1 [12000/20000 (60.0%)]	Loss: 0.6929042935371399
[2023-05-03 19:50:51] Train Epoch: 1 [13000/20000 (65.0%)]	Loss: 0.6933347582817078
[2023-05-03 19:51:04] Train Epoch: 1 [14000/20000 (70.0%)]	Loss: 0.6944481730461121
[2023-05-03 19:51:18] Train Epoch: 1 [15000/20000 (75.0%)]	Loss: 0.6955819725990295
[2023-05-03 19:51:30] Train Epoch: 1 [16000/20000 (80.0%)]	Loss: 0.6929613947868347
[2023-05-03 19:51:43] Train Epoch: 1 [17000/20000 (85.0%)]	Loss: 0.6933311223983765
[2023-05-03 19:51:57] Train Epoch: 1 [18000/20000 (90.0%)]	Loss: 0.6975542306900024
[2023-05-03 19:52:10] Train Epoch: 1 [19000/20000 (95.0%)]	Loss: 0.6872521042823792
[2023-05-03 19:52:58] ========== Metrics ==========
[2023-05-03 19:52:58] {
  "tr_loss": 0.6941514403739683,
  "tr_acc": 0.49874987498749873,
  "tr_f1": 0.4499561018437226,
  "val_loss": 0.6942842317572028,
  "val_acc": 0.5004441286196483,
  "val_f1": 0.0,
  "test_loss": 0.7137526115427818,
  "test_acc": 0.4932249322493225,
  "test_f1": 0.0
}
[2023-05-03 19:52:58] ========== Metrics ==========
[2023-05-03 19:53:00] Train Epoch: 2 [0/20000 (0.0%)]	Loss: 0.6923888921737671
[2023-05-03 19:53:14] Train Epoch: 2 [1000/20000 (5.0%)]	Loss: 0.6931105852127075
[2023-05-03 19:53:27] Train Epoch: 2 [2000/20000 (10.0%)]	Loss: 0.6992467641830444
[2023-05-03 19:53:39] Train Epoch: 2 [3000/20000 (15.0%)]	Loss: 0.6978114247322083
[2023-05-03 19:53:51] Train Epoch: 2 [4000/20000 (20.0%)]	Loss: 0.6582024693489075
[2023-05-03 19:54:02] Train Epoch: 2 [5000/20000 (25.0%)]	Loss: 0.611209511756897
[2023-05-03 19:54:14] Train Epoch: 2 [6000/20000 (30.0%)]	Loss: 0.68297278881073
[2023-05-03 19:54:27] Train Epoch: 2 [7000/20000 (35.0%)]	Loss: 0.6534671783447266
[2023-05-03 19:54:38] Train Epoch: 2 [8000/20000 (40.0%)]	Loss: 0.6355021595954895
[2023-05-03 19:54:50] Train Epoch: 2 [9000/20000 (45.0%)]	Loss: 0.7194581031799316
[2023-05-03 19:55:02] Train Epoch: 2 [10000/20000 (50.0%)]	Loss: 0.6908365488052368
[2023-05-03 19:55:14] Train Epoch: 2 [11000/20000 (55.0%)]	Loss: 0.6827706694602966
[2023-05-03 19:55:25] Train Epoch: 2 [12000/20000 (60.0%)]	Loss: 0.6543242931365967
[2023-05-03 19:55:37] Train Epoch: 2 [13000/20000 (65.0%)]	Loss: 0.7566574811935425
[2023-05-03 19:55:48] Train Epoch: 2 [14000/20000 (70.0%)]	Loss: 0.575262725353241
[2023-05-03 19:55:59] Train Epoch: 2 [15000/20000 (75.0%)]	Loss: 0.3832733631134033
[2023-05-03 19:56:12] Train Epoch: 2 [16000/20000 (80.0%)]	Loss: 0.6342848539352417
[2023-05-03 19:56:24] Train Epoch: 2 [17000/20000 (85.0%)]	Loss: 0.43879953026771545
[2023-05-03 19:56:36] Train Epoch: 2 [18000/20000 (90.0%)]	Loss: 0.2602856755256653
[2023-05-03 19:56:48] Train Epoch: 2 [19000/20000 (95.0%)]	Loss: 0.49926528334617615
[2023-05-03 19:57:34] ========== Metrics ==========
[2023-05-03 19:57:34] {
  "tr_loss": 0.6208445678035406,
  "tr_acc": 0.6316631663166317,
  "tr_f1": 0.5867369838420108,
  "val_loss": 0.4527835483067327,
  "val_acc": 0.811689465269142,
  "val_f1": 0.8104434907010014,
  "test_loss": 0.4336973087897469,
  "test_acc": 0.8211382113821138,
  "test_f1": 0.8166666666666668
}
[2023-05-03 19:57:34] ========== Metrics ==========
[2023-05-03 19:57:36] Train Epoch: 3 [0/20000 (0.0%)]	Loss: 0.5592879056930542
[2023-05-03 19:57:49] Train Epoch: 3 [1000/20000 (5.0%)]	Loss: 0.41181206703186035
[2023-05-03 19:58:00] Train Epoch: 3 [2000/20000 (10.0%)]	Loss: 0.30801624059677124
[2023-05-03 19:58:12] Train Epoch: 3 [3000/20000 (15.0%)]	Loss: 0.5255342721939087
[2023-05-03 19:58:25] Train Epoch: 3 [4000/20000 (20.0%)]	Loss: 0.2197224348783493
[2023-05-03 19:58:37] Train Epoch: 3 [5000/20000 (25.0%)]	Loss: 0.21807746589183807
[2023-05-03 19:58:48] Train Epoch: 3 [6000/20000 (30.0%)]	Loss: 0.39055269956588745
[2023-05-03 19:58:59] Train Epoch: 3 [7000/20000 (35.0%)]	Loss: 0.6108449697494507
[2023-05-03 19:59:11] Train Epoch: 3 [8000/20000 (40.0%)]	Loss: 0.4496650695800781
[2023-05-03 19:59:23] Train Epoch: 3 [9000/20000 (45.0%)]	Loss: 0.28413626551628113
[2023-05-03 19:59:35] Train Epoch: 3 [10000/20000 (50.0%)]	Loss: 0.43931302428245544
[2023-05-03 19:59:46] Train Epoch: 3 [11000/20000 (55.0%)]	Loss: 0.5519798994064331
[2023-05-03 19:59:58] Train Epoch: 3 [12000/20000 (60.0%)]	Loss: 0.34162741899490356
[2023-05-03 20:00:10] Train Epoch: 3 [13000/20000 (65.0%)]	Loss: 0.5889939069747925
[2023-05-03 20:00:21] Train Epoch: 3 [14000/20000 (70.0%)]	Loss: 0.3416515588760376
[2023-05-03 20:00:34] Train Epoch: 3 [15000/20000 (75.0%)]	Loss: 0.44189199805259705
[2023-05-03 20:00:46] Train Epoch: 3 [16000/20000 (80.0%)]	Loss: 0.48524370789527893
[2023-05-03 20:00:58] Train Epoch: 3 [17000/20000 (85.0%)]	Loss: 0.40733274817466736
[2023-05-03 20:01:09] Train Epoch: 3 [18000/20000 (90.0%)]	Loss: 0.6242994070053101
[2023-05-03 20:01:21] Train Epoch: 3 [19000/20000 (95.0%)]	Loss: 0.3917701244354248
[2023-05-03 20:02:13] ========== Metrics ==========
[2023-05-03 20:02:13] {
  "tr_loss": 0.34570224528009147,
  "tr_acc": 0.8557355735573557,
  "tr_f1": 0.8543002878642492,
  "val_loss": 0.3831480817264087,
  "val_acc": 0.8404689998223486,
  "val_f1": 0.8447977877635671,
  "test_loss": 0.32177782155633944,
  "test_acc": 0.8536585365853658,
  "test_f1": 0.8540540540540541
}
[2023-05-03 20:02:13] ========== Metrics ==========
[2023-05-03 20:02:15] Train Epoch: 4 [0/20000 (0.0%)]	Loss: 0.3020923137664795
[2023-05-03 20:02:28] Train Epoch: 4 [1000/20000 (5.0%)]	Loss: 0.03767712414264679
[2023-05-03 20:02:40] Train Epoch: 4 [2000/20000 (10.0%)]	Loss: 0.293645977973938
[2023-05-03 20:02:52] Train Epoch: 4 [3000/20000 (15.0%)]	Loss: 0.40258708596229553
[2023-05-03 20:03:04] Train Epoch: 4 [4000/20000 (20.0%)]	Loss: 0.29132285714149475
[2023-05-03 20:03:16] Train Epoch: 4 [5000/20000 (25.0%)]	Loss: 0.3414013087749481
[2023-05-03 20:03:29] Train Epoch: 4 [6000/20000 (30.0%)]	Loss: 0.4439929127693176
[2023-05-03 20:03:41] Train Epoch: 4 [7000/20000 (35.0%)]	Loss: 0.16772495210170746
[2023-05-03 20:03:52] Train Epoch: 4 [8000/20000 (40.0%)]	Loss: 0.25394144654273987
[2023-05-03 20:04:04] Train Epoch: 4 [9000/20000 (45.0%)]	Loss: 0.08034665137529373
[2023-05-03 20:04:16] Train Epoch: 4 [10000/20000 (50.0%)]	Loss: 0.16094496846199036
[2023-05-03 20:04:28] Train Epoch: 4 [11000/20000 (55.0%)]	Loss: 0.09718751162290573
[2023-05-03 20:04:40] Train Epoch: 4 [12000/20000 (60.0%)]	Loss: 0.6558062434196472
[2023-05-03 20:04:51] Train Epoch: 4 [13000/20000 (65.0%)]	Loss: 0.0949241891503334
[2023-05-03 20:05:03] Train Epoch: 4 [14000/20000 (70.0%)]	Loss: 0.18418940901756287
[2023-05-03 20:05:16] Train Epoch: 4 [15000/20000 (75.0%)]	Loss: 0.21577675640583038
[2023-05-03 20:05:28] Train Epoch: 4 [16000/20000 (80.0%)]	Loss: 0.06332270801067352
[2023-05-03 20:05:40] Train Epoch: 4 [17000/20000 (85.0%)]	Loss: 0.288438081741333
[2023-05-03 20:05:52] Train Epoch: 4 [18000/20000 (90.0%)]	Loss: 0.1709538996219635
[2023-05-03 20:06:04] Train Epoch: 4 [19000/20000 (95.0%)]	Loss: 0.2787117063999176
[2023-05-03 20:06:43] ========== Metrics ==========
[2023-05-03 20:06:43] {
  "tr_loss": 0.2135712932432034,
  "tr_acc": 0.9222422242224222,
  "tr_f1": 0.9220512306381272,
  "val_loss": 0.4343318251926345,
  "val_acc": 0.839580742583052,
  "val_f1": 0.848209783156833,
  "test_loss": 0.32660705529577366,
  "test_acc": 0.8672086720867209,
  "test_f1": 0.8740359897172236
}
[2023-05-03 20:06:43] ========== Metrics ==========
[2023-05-03 20:06:45] Train Epoch: 5 [0/20000 (0.0%)]	Loss: 0.3665623962879181
[2023-05-03 20:06:57] Train Epoch: 5 [1000/20000 (5.0%)]	Loss: 0.009130826219916344
[2023-05-03 20:07:09] Train Epoch: 5 [2000/20000 (10.0%)]	Loss: 0.051424719393253326
[2023-05-03 20:07:21] Train Epoch: 5 [3000/20000 (15.0%)]	Loss: 0.07307256758213043
[2023-05-03 20:07:33] Train Epoch: 5 [4000/20000 (20.0%)]	Loss: 0.19720590114593506
[2023-05-03 20:07:46] Train Epoch: 5 [5000/20000 (25.0%)]	Loss: 0.1586591601371765
[2023-05-03 20:07:57] Train Epoch: 5 [6000/20000 (30.0%)]	Loss: 0.3128618597984314
[2023-05-03 20:08:10] Train Epoch: 5 [7000/20000 (35.0%)]	Loss: 0.01807902380824089
[2023-05-03 20:08:22] Train Epoch: 5 [8000/20000 (40.0%)]	Loss: 0.27854233980178833
[2023-05-03 20:08:33] Train Epoch: 5 [9000/20000 (45.0%)]	Loss: 0.199031263589859
[2023-05-03 20:08:45] Train Epoch: 5 [10000/20000 (50.0%)]	Loss: 0.05610407143831253
[2023-05-03 20:08:57] Train Epoch: 5 [11000/20000 (55.0%)]	Loss: 0.03475379943847656
[2023-05-03 20:09:09] Train Epoch: 5 [12000/20000 (60.0%)]	Loss: 0.0338144414126873
[2023-05-03 20:09:22] Train Epoch: 5 [13000/20000 (65.0%)]	Loss: 0.08851541578769684
[2023-05-03 20:09:34] Train Epoch: 5 [14000/20000 (70.0%)]	Loss: 0.07360542565584183
[2023-05-03 20:09:46] Train Epoch: 5 [15000/20000 (75.0%)]	Loss: 0.0294550321996212
[2023-05-03 20:09:58] Train Epoch: 5 [16000/20000 (80.0%)]	Loss: 0.10700744390487671
[2023-05-03 20:10:10] Train Epoch: 5 [17000/20000 (85.0%)]	Loss: 0.40998420119285583
[2023-05-03 20:10:22] Train Epoch: 5 [18000/20000 (90.0%)]	Loss: 0.07197954505681992
[2023-05-03 20:10:34] Train Epoch: 5 [19000/20000 (95.0%)]	Loss: 0.15115639567375183
[2023-05-03 20:11:17] ========== Metrics ==========
[2023-05-03 20:11:17] {
  "tr_loss": 0.12307766952052383,
  "tr_acc": 0.9604960496049605,
  "tr_f1": 0.9604089405632955,
  "val_loss": 0.47644855549532855,
  "val_acc": 0.8260792325457452,
  "val_f1": 0.8298279158699807,
  "test_loss": 0.43121250825845775,
  "test_acc": 0.8455284552845529,
  "test_f1": 0.8463611859838275
}
[2023-05-03 20:11:17] ========== Metrics ==========
[2023-05-03 20:11:19] Train Epoch: 6 [0/20000 (0.0%)]	Loss: 0.03467965126037598
[2023-05-03 20:11:32] Train Epoch: 6 [1000/20000 (5.0%)]	Loss: 0.02928292751312256
[2023-05-03 20:11:43] Train Epoch: 6 [2000/20000 (10.0%)]	Loss: 0.009431726299226284
[2023-05-03 20:11:56] Train Epoch: 6 [3000/20000 (15.0%)]	Loss: 0.0072317966260015965
[2023-05-03 20:12:09] Train Epoch: 6 [4000/20000 (20.0%)]	Loss: 0.006682860665023327
[2023-05-03 20:12:21] Train Epoch: 6 [5000/20000 (25.0%)]	Loss: 0.07563923299312592
[2023-05-03 20:12:33] Train Epoch: 6 [6000/20000 (30.0%)]	Loss: 0.019452888518571854
[2023-05-03 20:12:44] Train Epoch: 6 [7000/20000 (35.0%)]	Loss: 0.005820173770189285
[2023-05-03 20:12:56] Train Epoch: 6 [8000/20000 (40.0%)]	Loss: 0.04545256122946739
[2023-05-03 20:13:08] Train Epoch: 6 [9000/20000 (45.0%)]	Loss: 0.011312003247439861
[2023-05-03 20:13:21] Train Epoch: 6 [10000/20000 (50.0%)]	Loss: 0.011582063511013985
[2023-05-03 20:13:32] Train Epoch: 6 [11000/20000 (55.0%)]	Loss: 0.00665349792689085
[2023-05-03 20:13:44] Train Epoch: 6 [12000/20000 (60.0%)]	Loss: 0.4308550953865051
[2023-05-03 20:13:56] Train Epoch: 6 [13000/20000 (65.0%)]	Loss: 0.022443503141403198
[2023-05-03 20:14:09] Train Epoch: 6 [14000/20000 (70.0%)]	Loss: 0.009045199491083622
[2023-05-03 20:14:21] Train Epoch: 6 [15000/20000 (75.0%)]	Loss: 0.004364930093288422
[2023-05-03 20:14:33] Train Epoch: 6 [16000/20000 (80.0%)]	Loss: 0.014475172385573387
[2023-05-03 20:14:45] Train Epoch: 6 [17000/20000 (85.0%)]	Loss: 0.009883726947009563
[2023-05-03 20:14:57] Train Epoch: 6 [18000/20000 (90.0%)]	Loss: 0.1808132827281952
[2023-05-03 20:15:09] Train Epoch: 6 [19000/20000 (95.0%)]	Loss: 0.0076287249103188515
[2023-05-03 20:15:59] ========== Metrics ==========
[2023-05-03 20:15:59] {
  "tr_loss": 0.05747611840508997,
  "tr_acc": 0.9853985398539854,
  "tr_f1": 0.9854,
  "val_loss": 0.5737921566387904,
  "val_acc": 0.8322970332208207,
  "val_f1": 0.8358831710709317,
  "test_loss": 0.4894976451144955,
  "test_acc": 0.8482384823848238,
  "test_f1": 0.8486486486486486
}
[2023-05-03 20:15:59] ========== Metrics ==========
[2023-05-03 20:16:02] Train Epoch: 7 [0/20000 (0.0%)]	Loss: 0.05635956674814224
[2023-05-03 20:16:15] Train Epoch: 7 [1000/20000 (5.0%)]	Loss: 0.028689688071608543
[2023-05-03 20:16:27] Train Epoch: 7 [2000/20000 (10.0%)]	Loss: 0.3263290524482727
[2023-05-03 20:16:40] Train Epoch: 7 [3000/20000 (15.0%)]	Loss: 0.010647020302712917
[2023-05-03 20:16:52] Train Epoch: 7 [4000/20000 (20.0%)]	Loss: 0.0043189614079892635
[2023-05-03 20:17:04] Train Epoch: 7 [5000/20000 (25.0%)]	Loss: 0.0062936218455433846
[2023-05-03 20:17:16] Train Epoch: 7 [6000/20000 (30.0%)]	Loss: 0.09745091944932938
[2023-05-03 20:17:27] Train Epoch: 7 [7000/20000 (35.0%)]	Loss: 0.008494310081005096
[2023-05-03 20:17:38] Train Epoch: 7 [8000/20000 (40.0%)]	Loss: 0.018514234572649002
[2023-05-03 20:17:51] Train Epoch: 7 [9000/20000 (45.0%)]	Loss: 0.013650712557137012
[2023-05-03 20:18:03] Train Epoch: 7 [10000/20000 (50.0%)]	Loss: 0.00863199308514595
[2023-05-03 20:18:15] Train Epoch: 7 [11000/20000 (55.0%)]	Loss: 0.006433757487684488
[2023-05-03 20:18:28] Train Epoch: 7 [12000/20000 (60.0%)]	Loss: 0.013936804607510567
[2023-05-03 20:18:41] Train Epoch: 7 [13000/20000 (65.0%)]	Loss: 0.007078628987073898
[2023-05-03 20:18:52] Train Epoch: 7 [14000/20000 (70.0%)]	Loss: 0.005958429537713528
[2023-05-03 20:19:03] Train Epoch: 7 [15000/20000 (75.0%)]	Loss: 0.010296648368239403
[2023-05-03 20:19:15] Train Epoch: 7 [16000/20000 (80.0%)]	Loss: 0.029842276126146317
[2023-05-03 20:19:27] Train Epoch: 7 [17000/20000 (85.0%)]	Loss: 0.0068591199815273285
[2023-05-03 20:19:39] Train Epoch: 7 [18000/20000 (90.0%)]	Loss: 0.014148222282528877
[2023-05-03 20:19:52] Train Epoch: 7 [19000/20000 (95.0%)]	Loss: 0.005750829819589853
[2023-05-03 20:20:45] ========== Metrics ==========
[2023-05-03 20:20:45] {
  "tr_loss": 0.04915236817472222,
  "tr_acc": 0.9880988098809881,
  "tr_f1": 0.9880988098809881,
  "val_loss": 0.6221609695128425,
  "val_acc": 0.8287440042636347,
  "val_f1": 0.8248546511627906,
  "test_loss": 0.5507142173989517,
  "test_acc": 0.8346883468834688,
  "test_f1": 0.8262108262108261
}
[2023-05-03 20:20:45] ========== Metrics ==========
[2023-05-03 20:20:48] Train Epoch: 8 [0/20000 (0.0%)]	Loss: 0.009246249683201313
[2023-05-03 20:21:00] Train Epoch: 8 [1000/20000 (5.0%)]	Loss: 0.007994779385626316
[2023-05-03 20:21:13] Train Epoch: 8 [2000/20000 (10.0%)]	Loss: 0.0040208869613707066
[2023-05-03 20:21:24] Train Epoch: 8 [3000/20000 (15.0%)]	Loss: 0.0037890684325248003
[2023-05-03 20:21:36] Train Epoch: 8 [4000/20000 (20.0%)]	Loss: 0.005654050502926111
[2023-05-03 20:21:49] Train Epoch: 8 [5000/20000 (25.0%)]	Loss: 0.015057554468512535
[2023-05-03 20:22:01] Train Epoch: 8 [6000/20000 (30.0%)]	Loss: 0.012576831504702568
[2023-05-03 20:22:13] Train Epoch: 8 [7000/20000 (35.0%)]	Loss: 0.005094810388982296
[2023-05-03 20:22:25] Train Epoch: 8 [8000/20000 (40.0%)]	Loss: 0.25053244829177856
[2023-05-03 20:22:37] Train Epoch: 8 [9000/20000 (45.0%)]	Loss: 0.009579051285982132
[2023-05-03 20:22:49] Train Epoch: 8 [10000/20000 (50.0%)]	Loss: 0.007641168776899576
[2023-05-03 20:23:01] Train Epoch: 8 [11000/20000 (55.0%)]	Loss: 0.02099263295531273
[2023-05-03 20:23:14] Train Epoch: 8 [12000/20000 (60.0%)]	Loss: 0.00819987803697586
[2023-05-03 20:23:25] Train Epoch: 8 [13000/20000 (65.0%)]	Loss: 0.012411733157932758
[2023-05-03 20:23:37] Train Epoch: 8 [14000/20000 (70.0%)]	Loss: 0.010929940268397331
[2023-05-03 20:23:49] Train Epoch: 8 [15000/20000 (75.0%)]	Loss: 0.004626548383384943
[2023-05-03 20:24:01] Train Epoch: 8 [16000/20000 (80.0%)]	Loss: 0.1479138433933258
[2023-05-03 20:24:14] Train Epoch: 8 [17000/20000 (85.0%)]	Loss: 0.16375842690467834
[2023-05-03 20:24:25] Train Epoch: 8 [18000/20000 (90.0%)]	Loss: 0.0032090339809656143
[2023-05-03 20:24:37] Train Epoch: 8 [19000/20000 (95.0%)]	Loss: 0.15989449620246887
[2023-05-03 20:25:26] ========== Metrics ==========
[2023-05-03 20:25:26] {
  "tr_loss": 0.04376509467792576,
  "tr_acc": 0.9902490249024902,
  "tr_f1": 0.9902407286922577,
  "val_loss": 0.6359277474651764,
  "val_acc": 0.827678095576479,
  "val_f1": 0.8269711023902961,
  "test_loss": 0.5904389067293021,
  "test_acc": 0.8455284552845529,
  "test_f1": 0.8403361344537815
}
[2023-05-03 20:25:26] ========== Metrics ==========
[2023-05-03 20:25:28] Train Epoch: 9 [0/20000 (0.0%)]	Loss: 0.004423163365572691
[2023-05-03 20:25:41] Train Epoch: 9 [1000/20000 (5.0%)]	Loss: 0.005570680368691683
[2023-05-03 20:25:54] Train Epoch: 9 [2000/20000 (10.0%)]	Loss: 0.004805117379873991
[2023-05-03 20:26:07] Train Epoch: 9 [3000/20000 (15.0%)]	Loss: 0.3040912449359894
[2023-05-03 20:26:19] Train Epoch: 9 [4000/20000 (20.0%)]	Loss: 0.00404658867046237
[2023-05-03 20:26:31] Train Epoch: 9 [5000/20000 (25.0%)]	Loss: 0.011415206827223301
[2023-05-03 20:26:44] Train Epoch: 9 [6000/20000 (30.0%)]	Loss: 0.0065210359171032906
[2023-05-03 20:26:56] Train Epoch: 9 [7000/20000 (35.0%)]	Loss: 0.0074677541851997375
[2023-05-03 20:27:08] Train Epoch: 9 [8000/20000 (40.0%)]	Loss: 0.022664302960038185
[2023-05-03 20:27:20] Train Epoch: 9 [9000/20000 (45.0%)]	Loss: 0.01018516905605793
[2023-05-03 20:27:32] Train Epoch: 9 [10000/20000 (50.0%)]	Loss: 0.004435724578797817
[2023-05-03 20:27:44] Train Epoch: 9 [11000/20000 (55.0%)]	Loss: 0.029901856556534767
[2023-05-03 20:27:56] Train Epoch: 9 [12000/20000 (60.0%)]	Loss: 0.24122591316699982
[2023-05-03 20:28:08] Train Epoch: 9 [13000/20000 (65.0%)]	Loss: 0.006720548961311579
[2023-05-03 20:28:20] Train Epoch: 9 [14000/20000 (70.0%)]	Loss: 0.003763700369745493
[2023-05-03 20:28:32] Train Epoch: 9 [15000/20000 (75.0%)]	Loss: 0.0050800638273358345
[2023-05-03 20:28:44] Train Epoch: 9 [16000/20000 (80.0%)]	Loss: 0.13653859496116638
[2023-05-03 20:28:55] Train Epoch: 9 [17000/20000 (85.0%)]	Loss: 0.007689951919019222
[2023-05-03 20:29:08] Train Epoch: 9 [18000/20000 (90.0%)]	Loss: 0.005771697498857975
[2023-05-03 20:29:20] Train Epoch: 9 [19000/20000 (95.0%)]	Loss: 0.006088432855904102
[2023-05-03 20:30:03] Stop At epoch 9/20 due to valid not increase
[2023-05-03 20:30:09] ========== Metrics ==========
[2023-05-03 20:30:09] {
  "tr_loss": 0.0389598415253034,
  "tr_acc": 0.9913991399139914,
  "tr_f1": 0.9913939757830481,
  "val_loss": 0.6648534031273481,
  "val_acc": 0.8266121868893231,
  "val_f1": 0.8288920056100982,
  "test_loss": 0.5827273444593114,
  "test_acc": 0.8428184281842819,
  "test_f1": 0.8415300546448087
}
[2023-05-03 20:30:09] ========== Metrics ==========
