[2023-05-02 06:09:30] Train Epoch: 1 [0/20000 (0.0%)]	Loss: 0.7004660367965698
[2023-05-02 06:09:42] Train Epoch: 1 [1000/20000 (5.0%)]	Loss: 0.8178225755691528
[2023-05-02 06:09:52] Train Epoch: 1 [2000/20000 (10.0%)]	Loss: 0.5444575548171997
[2023-05-02 06:10:08] Train Epoch: 1 [3000/20000 (15.0%)]	Loss: 0.4679201543331146
[2023-05-02 06:10:20] Train Epoch: 1 [4000/20000 (20.0%)]	Loss: 0.7088555097579956
[2023-05-02 06:10:30] Train Epoch: 1 [5000/20000 (25.0%)]	Loss: 0.3968866467475891
[2023-05-02 06:10:40] Train Epoch: 1 [6000/20000 (30.0%)]	Loss: 0.43372291326522827
[2023-05-02 06:10:50] Train Epoch: 1 [7000/20000 (35.0%)]	Loss: 0.5159245729446411
[2023-05-02 06:11:01] Train Epoch: 1 [8000/20000 (40.0%)]	Loss: 0.5693718194961548
[2023-05-02 06:11:11] Train Epoch: 1 [9000/20000 (45.0%)]	Loss: 0.5198575854301453
[2023-05-02 06:11:22] Train Epoch: 1 [10000/20000 (50.0%)]	Loss: 0.615199863910675
[2023-05-02 06:11:32] Train Epoch: 1 [11000/20000 (55.0%)]	Loss: 0.32962074875831604
[2023-05-02 06:11:42] Train Epoch: 1 [12000/20000 (60.0%)]	Loss: 0.2579793632030487
[2023-05-02 06:11:52] Train Epoch: 1 [13000/20000 (65.0%)]	Loss: 0.36674734950065613
[2023-05-02 06:12:03] Train Epoch: 1 [14000/20000 (70.0%)]	Loss: 0.5565308332443237
[2023-05-02 06:12:14] Train Epoch: 1 [15000/20000 (75.0%)]	Loss: 0.6107980012893677
[2023-05-02 06:12:24] Train Epoch: 1 [16000/20000 (80.0%)]	Loss: 0.5574110150337219
[2023-05-02 06:12:34] Train Epoch: 1 [17000/20000 (85.0%)]	Loss: 0.38190165162086487
[2023-05-02 06:12:44] Train Epoch: 1 [18000/20000 (90.0%)]	Loss: 0.4270707070827484
[2023-05-02 06:12:55] Train Epoch: 1 [19000/20000 (95.0%)]	Loss: 0.4249497056007385
[2023-05-02 06:13:39] ========== Metrics ==========
[2023-05-02 06:13:39] {
  "tr_loss": 0.48890249367946026,
  "tr_acc": 0.7706270627062707,
  "tr_f1": 0.7775137022845224,
  "val_loss": 0.4025580384714774,
  "val_acc": 0.8108012080298455,
  "val_f1": 0.7903955914190121,
  "test_loss": 0.424088313973693,
  "test_acc": 0.8021680216802168,
  "test_f1": 0.7739938080495357
}
[2023-05-02 06:13:39] ========== Metrics ==========
[2023-05-02 06:13:40] Train Epoch: 2 [0/20000 (0.0%)]	Loss: 0.3980439305305481
[2023-05-02 06:13:52] Train Epoch: 2 [1000/20000 (5.0%)]	Loss: 0.35660701990127563
[2023-05-02 06:14:03] Train Epoch: 2 [2000/20000 (10.0%)]	Loss: 0.10204724222421646
[2023-05-02 06:14:14] Train Epoch: 2 [3000/20000 (15.0%)]	Loss: 0.19282212853431702
[2023-05-02 06:14:24] Train Epoch: 2 [4000/20000 (20.0%)]	Loss: 0.31452012062072754
[2023-05-02 06:14:34] Train Epoch: 2 [5000/20000 (25.0%)]	Loss: 0.15280459821224213
[2023-05-02 06:14:44] Train Epoch: 2 [6000/20000 (30.0%)]	Loss: 0.26797160506248474
[2023-05-02 06:14:54] Train Epoch: 2 [7000/20000 (35.0%)]	Loss: 0.42964082956314087
[2023-05-02 06:15:05] Train Epoch: 2 [8000/20000 (40.0%)]	Loss: 0.2143583595752716
[2023-05-02 06:15:15] Train Epoch: 2 [9000/20000 (45.0%)]	Loss: 0.29855960607528687
[2023-05-02 06:15:26] Train Epoch: 2 [10000/20000 (50.0%)]	Loss: 0.488719642162323
[2023-05-02 06:15:36] Train Epoch: 2 [11000/20000 (55.0%)]	Loss: 0.23009665310382843
[2023-05-02 06:15:47] Train Epoch: 2 [12000/20000 (60.0%)]	Loss: 0.3302516043186188
[2023-05-02 06:15:57] Train Epoch: 2 [13000/20000 (65.0%)]	Loss: 0.2893639802932739
[2023-05-02 06:16:07] Train Epoch: 2 [14000/20000 (70.0%)]	Loss: 0.28654369711875916
[2023-05-02 06:16:18] Train Epoch: 2 [15000/20000 (75.0%)]	Loss: 0.4885057508945465
[2023-05-02 06:16:29] Train Epoch: 2 [16000/20000 (80.0%)]	Loss: 0.4020245671272278
[2023-05-02 06:16:40] Train Epoch: 2 [17000/20000 (85.0%)]	Loss: 0.3227662444114685
[2023-05-02 06:16:51] Train Epoch: 2 [18000/20000 (90.0%)]	Loss: 0.06330350041389465
[2023-05-02 06:17:02] Train Epoch: 2 [19000/20000 (95.0%)]	Loss: 0.26424047350883484
[2023-05-02 06:18:04] ========== Metrics ==========
[2023-05-02 06:18:04] {
  "tr_loss": 0.30555285194856857,
  "tr_acc": 0.8814881488148815,
  "tr_f1": 0.8816302067725502,
  "val_loss": 0.3957423573066337,
  "val_acc": 0.8328299875643986,
  "val_f1": 0.8192817361244478,
  "test_loss": 0.46885070842779103,
  "test_acc": 0.8075880758807588,
  "test_f1": 0.7815384615384615
}
[2023-05-02 06:18:04] ========== Metrics ==========
[2023-05-02 06:18:06] Train Epoch: 3 [0/20000 (0.0%)]	Loss: 0.25130945444107056
[2023-05-02 06:18:18] Train Epoch: 3 [1000/20000 (5.0%)]	Loss: 0.1595974564552307
[2023-05-02 06:18:29] Train Epoch: 3 [2000/20000 (10.0%)]	Loss: 0.07401128858327866
[2023-05-02 06:18:39] Train Epoch: 3 [3000/20000 (15.0%)]	Loss: 0.19718588888645172
[2023-05-02 06:18:51] Train Epoch: 3 [4000/20000 (20.0%)]	Loss: 0.2776733636856079
[2023-05-02 06:19:02] Train Epoch: 3 [5000/20000 (25.0%)]	Loss: 0.09092386066913605
[2023-05-02 06:19:12] Train Epoch: 3 [6000/20000 (30.0%)]	Loss: 0.13878455758094788
[2023-05-02 06:19:23] Train Epoch: 3 [7000/20000 (35.0%)]	Loss: 0.15824736654758453
[2023-05-02 06:19:33] Train Epoch: 3 [8000/20000 (40.0%)]	Loss: 0.1329798400402069
[2023-05-02 06:19:43] Train Epoch: 3 [9000/20000 (45.0%)]	Loss: 0.14681850373744965
[2023-05-02 06:19:56] Train Epoch: 3 [10000/20000 (50.0%)]	Loss: 0.364360511302948
[2023-05-02 06:20:08] Train Epoch: 3 [11000/20000 (55.0%)]	Loss: 0.07852055877447128
[2023-05-02 06:20:20] Train Epoch: 3 [12000/20000 (60.0%)]	Loss: 0.45399266481399536
[2023-05-02 06:20:30] Train Epoch: 3 [13000/20000 (65.0%)]	Loss: 0.311778724193573
[2023-05-02 06:20:42] Train Epoch: 3 [14000/20000 (70.0%)]	Loss: 0.14224836230278015
[2023-05-02 06:20:53] Train Epoch: 3 [15000/20000 (75.0%)]	Loss: 0.08461850881576538
[2023-05-02 06:21:04] Train Epoch: 3 [16000/20000 (80.0%)]	Loss: 0.38548076152801514
[2023-05-02 06:21:16] Train Epoch: 3 [17000/20000 (85.0%)]	Loss: 0.30506545305252075
[2023-05-02 06:21:27] Train Epoch: 3 [18000/20000 (90.0%)]	Loss: 0.30580541491508484
[2023-05-02 06:21:39] Train Epoch: 3 [19000/20000 (95.0%)]	Loss: 0.585354208946228
[2023-05-02 06:22:36] ========== Metrics ==========
[2023-05-02 06:22:36] {
  "tr_loss": 0.19231021011581492,
  "tr_acc": 0.9343934393439344,
  "tr_f1": 0.9343343343343343,
  "val_loss": 0.4426978835377754,
  "val_acc": 0.8363830165215846,
  "val_f1": 0.8433939806155416,
  "test_loss": 0.3479249462444931,
  "test_acc": 0.8753387533875339,
  "test_f1": 0.8789473684210526
}
[2023-05-02 06:22:36] ========== Metrics ==========
[2023-05-02 06:22:38] Train Epoch: 4 [0/20000 (0.0%)]	Loss: 0.13535834848880768
[2023-05-02 06:22:49] Train Epoch: 4 [1000/20000 (5.0%)]	Loss: 0.013472435995936394
[2023-05-02 06:23:01] Train Epoch: 4 [2000/20000 (10.0%)]	Loss: 0.09292922168970108
[2023-05-02 06:23:12] Train Epoch: 4 [3000/20000 (15.0%)]	Loss: 0.4215068817138672
[2023-05-02 06:23:24] Train Epoch: 4 [4000/20000 (20.0%)]	Loss: 0.34533295035362244
[2023-05-02 06:23:36] Train Epoch: 4 [5000/20000 (25.0%)]	Loss: 0.05342081934213638
[2023-05-02 06:23:46] Train Epoch: 4 [6000/20000 (30.0%)]	Loss: 0.011818000115454197
[2023-05-02 06:23:58] Train Epoch: 4 [7000/20000 (35.0%)]	Loss: 0.015834569931030273
[2023-05-02 06:24:09] Train Epoch: 4 [8000/20000 (40.0%)]	Loss: 0.05143733695149422
[2023-05-02 06:24:20] Train Epoch: 4 [9000/20000 (45.0%)]	Loss: 0.004753970541059971
[2023-05-02 06:24:31] Train Epoch: 4 [10000/20000 (50.0%)]	Loss: 0.0161752812564373
[2023-05-02 06:24:42] Train Epoch: 4 [11000/20000 (55.0%)]	Loss: 0.084263876080513
[2023-05-02 06:24:52] Train Epoch: 4 [12000/20000 (60.0%)]	Loss: 0.04547528177499771
[2023-05-02 06:25:04] Train Epoch: 4 [13000/20000 (65.0%)]	Loss: 0.031565193086862564
[2023-05-02 06:25:14] Train Epoch: 4 [14000/20000 (70.0%)]	Loss: 0.30360889434814453
[2023-05-02 06:25:26] Train Epoch: 4 [15000/20000 (75.0%)]	Loss: 0.05709689110517502
[2023-05-02 06:25:38] Train Epoch: 4 [16000/20000 (80.0%)]	Loss: 0.06716816127300262
[2023-05-02 06:25:50] Train Epoch: 4 [17000/20000 (85.0%)]	Loss: 0.10720405727624893
[2023-05-02 06:26:02] Train Epoch: 4 [18000/20000 (90.0%)]	Loss: 0.06381793320178986
[2023-05-02 06:26:13] Train Epoch: 4 [19000/20000 (95.0%)]	Loss: 0.06662340462207794
[2023-05-02 06:26:56] ========== Metrics ==========
[2023-05-02 06:26:56] {
  "tr_loss": 0.10984713874101759,
  "tr_acc": 0.9655465546554656,
  "tr_f1": 0.9655758181363977,
  "val_loss": 0.4749798304971316,
  "val_acc": 0.8370936223130219,
  "val_f1": 0.8346854155399315,
  "test_loss": 0.46848329667476457,
  "test_acc": 0.8021680216802168,
  "test_f1": 0.792022792022792
}
[2023-05-02 06:26:56] ========== Metrics ==========
[2023-05-02 06:26:58] Train Epoch: 5 [0/20000 (0.0%)]	Loss: 0.11884509027004242
[2023-05-02 06:27:10] Train Epoch: 5 [1000/20000 (5.0%)]	Loss: 0.04844745248556137
[2023-05-02 06:27:23] Train Epoch: 5 [2000/20000 (10.0%)]	Loss: 0.0028522268403321505
[2023-05-02 06:27:35] Train Epoch: 5 [3000/20000 (15.0%)]	Loss: 0.011945144273340702
[2023-05-02 06:27:47] Train Epoch: 5 [4000/20000 (20.0%)]	Loss: 0.013235047459602356
[2023-05-02 06:27:59] Train Epoch: 5 [5000/20000 (25.0%)]	Loss: 0.009238350205123425
[2023-05-02 06:28:11] Train Epoch: 5 [6000/20000 (30.0%)]	Loss: 0.02523590251803398
[2023-05-02 06:28:22] Train Epoch: 5 [7000/20000 (35.0%)]	Loss: 0.0024872352369129658
[2023-05-02 06:28:33] Train Epoch: 5 [8000/20000 (40.0%)]	Loss: 0.007924724370241165
[2023-05-02 06:28:45] Train Epoch: 5 [9000/20000 (45.0%)]	Loss: 0.059883035719394684
[2023-05-02 06:28:55] Train Epoch: 5 [10000/20000 (50.0%)]	Loss: 0.024445869028568268
[2023-05-02 06:29:06] Train Epoch: 5 [11000/20000 (55.0%)]	Loss: 0.024788735434412956
[2023-05-02 06:29:16] Train Epoch: 5 [12000/20000 (60.0%)]	Loss: 0.030073415488004684
[2023-05-02 06:29:27] Train Epoch: 5 [13000/20000 (65.0%)]	Loss: 0.004846959374845028
[2023-05-02 06:29:38] Train Epoch: 5 [14000/20000 (70.0%)]	Loss: 0.03405808284878731
[2023-05-02 06:29:48] Train Epoch: 5 [15000/20000 (75.0%)]	Loss: 0.03361202031373978
[2023-05-02 06:30:00] Train Epoch: 5 [16000/20000 (80.0%)]	Loss: 0.0578422024846077
[2023-05-02 06:30:11] Train Epoch: 5 [17000/20000 (85.0%)]	Loss: 0.014601806178689003
[2023-05-02 06:30:22] Train Epoch: 5 [18000/20000 (90.0%)]	Loss: 0.19703352451324463
[2023-05-02 06:30:33] Train Epoch: 5 [19000/20000 (95.0%)]	Loss: 0.0031934604048728943
[2023-05-02 06:31:15] ========== Metrics ==========
[2023-05-02 06:31:15] {
  "tr_loss": 0.060120600353165826,
  "tr_acc": 0.9830983098309831,
  "tr_f1": 0.983101689831017,
  "val_loss": 0.5374952829741557,
  "val_acc": 0.8211049920056849,
  "val_f1": 0.8299273771322412,
  "test_loss": 0.5005081312927774,
  "test_acc": 0.8401084010840109,
  "test_f1": 0.8459530026109661
}
[2023-05-02 06:31:15] ========== Metrics ==========
[2023-05-02 06:31:17] Train Epoch: 6 [0/20000 (0.0%)]	Loss: 0.011435125954449177
[2023-05-02 06:31:29] Train Epoch: 6 [1000/20000 (5.0%)]	Loss: 0.01705251634120941
[2023-05-02 06:31:40] Train Epoch: 6 [2000/20000 (10.0%)]	Loss: 0.008589538745582104
[2023-05-02 06:31:51] Train Epoch: 6 [3000/20000 (15.0%)]	Loss: 0.0037063441704958677
[2023-05-02 06:32:01] Train Epoch: 6 [4000/20000 (20.0%)]	Loss: 0.009473951533436775
[2023-05-02 06:32:11] Train Epoch: 6 [5000/20000 (25.0%)]	Loss: 0.010800967924296856
[2023-05-02 06:32:22] Train Epoch: 6 [6000/20000 (30.0%)]	Loss: 0.005313453264534473
[2023-05-02 06:32:32] Train Epoch: 6 [7000/20000 (35.0%)]	Loss: 0.01968982070684433
[2023-05-02 06:32:43] Train Epoch: 6 [8000/20000 (40.0%)]	Loss: 0.018510054796934128
[2023-05-02 06:32:54] Train Epoch: 6 [9000/20000 (45.0%)]	Loss: 0.0018175635486841202
[2023-05-02 06:33:04] Train Epoch: 6 [10000/20000 (50.0%)]	Loss: 0.013005499728024006
[2023-05-02 06:33:15] Train Epoch: 6 [11000/20000 (55.0%)]	Loss: 0.001317440066486597
[2023-05-02 06:33:26] Train Epoch: 6 [12000/20000 (60.0%)]	Loss: 0.0025052004493772984
[2023-05-02 06:33:36] Train Epoch: 6 [13000/20000 (65.0%)]	Loss: 0.08689884096384048
[2023-05-02 06:33:46] Train Epoch: 6 [14000/20000 (70.0%)]	Loss: 0.004579518921673298
[2023-05-02 06:33:57] Train Epoch: 6 [15000/20000 (75.0%)]	Loss: 0.0049628387205302715
[2023-05-02 06:34:07] Train Epoch: 6 [16000/20000 (80.0%)]	Loss: 0.0035850368440151215
[2023-05-02 06:34:19] Train Epoch: 6 [17000/20000 (85.0%)]	Loss: 0.0014769256813451648
[2023-05-02 06:34:29] Train Epoch: 6 [18000/20000 (90.0%)]	Loss: 0.0598544180393219
[2023-05-02 06:34:40] Train Epoch: 6 [19000/20000 (95.0%)]	Loss: 0.002015478676185012
[2023-05-02 06:35:33] ========== Metrics ==========
[2023-05-02 06:35:33] {
  "tr_loss": 0.025303454597479944,
  "tr_acc": 0.9940994099409941,
  "tr_f1": 0.9941017694691592,
  "val_loss": 0.7378166174206027,
  "val_acc": 0.8290993071593533,
  "val_f1": 0.8285816108339273,
  "test_loss": 0.6880581895833416,
  "test_acc": 0.8346883468834688,
  "test_f1": 0.8328767123287671
}
[2023-05-02 06:35:33] ========== Metrics ==========
[2023-05-02 06:35:36] Train Epoch: 7 [0/20000 (0.0%)]	Loss: 0.004673863761126995
[2023-05-02 06:35:46] Train Epoch: 7 [1000/20000 (5.0%)]	Loss: 0.0012623731745406985
[2023-05-02 06:35:58] Train Epoch: 7 [2000/20000 (10.0%)]	Loss: 0.0012886772165074944
[2023-05-02 06:36:09] Train Epoch: 7 [3000/20000 (15.0%)]	Loss: 0.003530264599248767
[2023-05-02 06:36:19] Train Epoch: 7 [4000/20000 (20.0%)]	Loss: 0.0020411130972206593
[2023-05-02 06:36:29] Train Epoch: 7 [5000/20000 (25.0%)]	Loss: 0.002079019322991371
[2023-05-02 06:36:40] Train Epoch: 7 [6000/20000 (30.0%)]	Loss: 0.0016668025637045503
[2023-05-02 06:36:50] Train Epoch: 7 [7000/20000 (35.0%)]	Loss: 0.0010855125728994608
[2023-05-02 06:37:00] Train Epoch: 7 [8000/20000 (40.0%)]	Loss: 0.0016604310367256403
[2023-05-02 06:37:11] Train Epoch: 7 [9000/20000 (45.0%)]	Loss: 0.0018885663012042642
[2023-05-02 06:37:21] Train Epoch: 7 [10000/20000 (50.0%)]	Loss: 0.00269722449593246
[2023-05-02 06:37:32] Train Epoch: 7 [11000/20000 (55.0%)]	Loss: 0.09206677228212357
[2023-05-02 06:37:42] Train Epoch: 7 [12000/20000 (60.0%)]	Loss: 0.002644952619448304
[2023-05-02 06:37:53] Train Epoch: 7 [13000/20000 (65.0%)]	Loss: 0.027478273957967758
[2023-05-02 06:38:04] Train Epoch: 7 [14000/20000 (70.0%)]	Loss: 0.0019125040853396058
[2023-05-02 06:38:15] Train Epoch: 7 [15000/20000 (75.0%)]	Loss: 0.0013762469170615077
[2023-05-02 06:38:25] Train Epoch: 7 [16000/20000 (80.0%)]	Loss: 0.0021008127368986607
[2023-05-02 06:38:36] Train Epoch: 7 [17000/20000 (85.0%)]	Loss: 0.017199691385030746
[2023-05-02 06:38:47] Train Epoch: 7 [18000/20000 (90.0%)]	Loss: 0.0042222635820508
[2023-05-02 06:38:57] Train Epoch: 7 [19000/20000 (95.0%)]	Loss: 0.011288963258266449
[2023-05-02 06:39:50] ========== Metrics ==========
[2023-05-02 06:39:50] {
  "tr_loss": 0.02011507731732527,
  "tr_acc": 0.9958995899589959,
  "tr_f1": 0.9959008198360327,
  "val_loss": 0.7535890244937067,
  "val_acc": 0.8282110499200569,
  "val_f1": 0.8307369158060562,
  "test_loss": 0.7307504686882825,
  "test_acc": 0.8211382113821138,
  "test_f1": 0.8216216216216217
}
[2023-05-02 06:39:50] ========== Metrics ==========
[2023-05-02 06:39:53] Train Epoch: 8 [0/20000 (0.0%)]	Loss: 0.0018104767659679055
[2023-05-02 06:40:03] Train Epoch: 8 [1000/20000 (5.0%)]	Loss: 0.0014893657062202692
[2023-05-02 06:40:13] Train Epoch: 8 [2000/20000 (10.0%)]	Loss: 0.0013358097057789564
[2023-05-02 06:40:23] Train Epoch: 8 [3000/20000 (15.0%)]	Loss: 0.026922736316919327
[2023-05-02 06:40:34] Train Epoch: 8 [4000/20000 (20.0%)]	Loss: 0.0023671635426580906
[2023-05-02 06:40:44] Train Epoch: 8 [5000/20000 (25.0%)]	Loss: 0.0069573610089719296
[2023-05-02 06:40:55] Train Epoch: 8 [6000/20000 (30.0%)]	Loss: 0.0012159585021436214
[2023-05-02 06:41:06] Train Epoch: 8 [7000/20000 (35.0%)]	Loss: 0.002575499238446355
[2023-05-02 06:41:16] Train Epoch: 8 [8000/20000 (40.0%)]	Loss: 0.003685088362544775
[2023-05-02 06:41:27] Train Epoch: 8 [9000/20000 (45.0%)]	Loss: 0.0019903569482266903
[2023-05-02 06:41:37] Train Epoch: 8 [10000/20000 (50.0%)]	Loss: 0.0016217536758631468
[2023-05-02 06:41:47] Train Epoch: 8 [11000/20000 (55.0%)]	Loss: 0.04453275352716446
[2023-05-02 06:41:58] Train Epoch: 8 [12000/20000 (60.0%)]	Loss: 0.001250825240276754
[2023-05-02 06:42:09] Train Epoch: 8 [13000/20000 (65.0%)]	Loss: 0.0022529452107846737
[2023-05-02 06:42:19] Train Epoch: 8 [14000/20000 (70.0%)]	Loss: 0.001824255334213376
[2023-05-02 06:42:29] Train Epoch: 8 [15000/20000 (75.0%)]	Loss: 0.005270118359476328
[2023-05-02 06:42:39] Train Epoch: 8 [16000/20000 (80.0%)]	Loss: 0.0014983693836256862
[2023-05-02 06:42:49] Train Epoch: 8 [17000/20000 (85.0%)]	Loss: 0.0032553672790527344
[2023-05-02 06:43:00] Train Epoch: 8 [18000/20000 (90.0%)]	Loss: 0.0028146798722445965
[2023-05-02 06:43:11] Train Epoch: 8 [19000/20000 (95.0%)]	Loss: 0.0013774153776466846
[2023-05-02 06:44:00] ========== Metrics ==========
[2023-05-02 06:44:00] {
  "tr_loss": 0.016839711958475778,
  "tr_acc": 0.9963496349634964,
  "tr_f1": 0.996350912271932,
  "val_loss": 0.7982822621052929,
  "val_acc": 0.8230591579321371,
  "val_f1": 0.826963168867269,
  "test_loss": 0.7703027278588717,
  "test_acc": 0.8211382113821138,
  "test_f1": 0.8216216216216217
}
[2023-05-02 06:44:00] ========== Metrics ==========
[2023-05-02 06:44:03] Train Epoch: 9 [0/20000 (0.0%)]	Loss: 0.0018636748427525163
[2023-05-02 06:44:14] Train Epoch: 9 [1000/20000 (5.0%)]	Loss: 0.002853093668818474
[2023-05-02 06:44:25] Train Epoch: 9 [2000/20000 (10.0%)]	Loss: 0.005045272875577211
[2023-05-02 06:44:36] Train Epoch: 9 [3000/20000 (15.0%)]	Loss: 0.0011334235314279795
[2023-05-02 06:44:46] Train Epoch: 9 [4000/20000 (20.0%)]	Loss: 0.0010242267744615674
[2023-05-02 06:44:56] Train Epoch: 9 [5000/20000 (25.0%)]	Loss: 0.0010469530243426561
[2023-05-02 06:45:06] Train Epoch: 9 [6000/20000 (30.0%)]	Loss: 0.0011229350930079818
[2023-05-02 06:45:17] Train Epoch: 9 [7000/20000 (35.0%)]	Loss: 0.0008146587642841041
[2023-05-02 06:45:27] Train Epoch: 9 [8000/20000 (40.0%)]	Loss: 0.0010323068127036095
[2023-05-02 06:45:37] Train Epoch: 9 [9000/20000 (45.0%)]	Loss: 0.00105216633528471
[2023-05-02 06:45:47] Train Epoch: 9 [10000/20000 (50.0%)]	Loss: 0.001254518050700426
[2023-05-02 06:45:58] Train Epoch: 9 [11000/20000 (55.0%)]	Loss: 0.0007821443723514676
[2023-05-02 06:46:08] Train Epoch: 9 [12000/20000 (60.0%)]	Loss: 0.0022286318708211184
[2023-05-02 06:46:19] Train Epoch: 9 [13000/20000 (65.0%)]	Loss: 0.0021632187999784946
[2023-05-02 06:46:30] Train Epoch: 9 [14000/20000 (70.0%)]	Loss: 0.004742890130728483
[2023-05-02 06:46:41] Train Epoch: 9 [15000/20000 (75.0%)]	Loss: 0.0018222298240289092
[2023-05-02 06:46:51] Train Epoch: 9 [16000/20000 (80.0%)]	Loss: 0.0022329820785671473
[2023-05-02 06:47:01] Train Epoch: 9 [17000/20000 (85.0%)]	Loss: 0.004943059757351875
[2023-05-02 06:47:11] Train Epoch: 9 [18000/20000 (90.0%)]	Loss: 0.0016464286018162966
[2023-05-02 06:47:22] Train Epoch: 9 [19000/20000 (95.0%)]	Loss: 0.006155980285257101
[2023-05-02 06:47:57] ========== Metrics ==========
[2023-05-02 06:47:57] {
  "tr_loss": 0.014632015113983982,
  "tr_acc": 0.9972997299729973,
  "tr_f1": 0.9973002699730027,
  "val_loss": 0.8527041752337099,
  "val_acc": 0.8246580209628709,
  "val_f1": 0.821937578928378,
  "test_loss": 0.9006811819748504,
  "test_acc": 0.8157181571815718,
  "test_f1": 0.8089887640449438
}
[2023-05-02 06:47:57] ========== Metrics ==========
[2023-05-02 06:47:59] Train Epoch: 10 [0/20000 (0.0%)]	Loss: 0.0014259387971833348
[2023-05-02 06:48:11] Train Epoch: 10 [1000/20000 (5.0%)]	Loss: 0.00713405292481184
[2023-05-02 06:48:22] Train Epoch: 10 [2000/20000 (10.0%)]	Loss: 0.0015389970503747463
[2023-05-02 06:48:32] Train Epoch: 10 [3000/20000 (15.0%)]	Loss: 0.0013199126115068793
[2023-05-02 06:48:43] Train Epoch: 10 [4000/20000 (20.0%)]	Loss: 0.001531118294224143
[2023-05-02 06:48:53] Train Epoch: 10 [5000/20000 (25.0%)]	Loss: 0.0011730461847037077
[2023-05-02 06:49:03] Train Epoch: 10 [6000/20000 (30.0%)]	Loss: 0.0009657360496930778
[2023-05-02 06:49:14] Train Epoch: 10 [7000/20000 (35.0%)]	Loss: 0.0017053770134225488
[2023-05-02 06:49:25] Train Epoch: 10 [8000/20000 (40.0%)]	Loss: 0.0015000582206994295
[2023-05-02 06:49:37] Train Epoch: 10 [9000/20000 (45.0%)]	Loss: 0.0008172579109668732
[2023-05-02 06:49:47] Train Epoch: 10 [10000/20000 (50.0%)]	Loss: 0.0030125025659799576
[2023-05-02 06:49:57] Train Epoch: 10 [11000/20000 (55.0%)]	Loss: 0.0011731211561709642
[2023-05-02 06:50:07] Train Epoch: 10 [12000/20000 (60.0%)]	Loss: 0.0010656084632501006
[2023-05-02 06:50:18] Train Epoch: 10 [13000/20000 (65.0%)]	Loss: 0.0007174942293204367
[2023-05-02 06:50:29] Train Epoch: 10 [14000/20000 (70.0%)]	Loss: 0.0013469805708155036
[2023-05-02 06:50:39] Train Epoch: 10 [15000/20000 (75.0%)]	Loss: 0.0009388966718688607
[2023-05-02 06:50:50] Train Epoch: 10 [16000/20000 (80.0%)]	Loss: 0.0007909118430688977
[2023-05-02 06:51:00] Train Epoch: 10 [17000/20000 (85.0%)]	Loss: 0.0009708164143376052
[2023-05-02 06:51:10] Train Epoch: 10 [18000/20000 (90.0%)]	Loss: 0.0013775191036984324
[2023-05-02 06:51:20] Train Epoch: 10 [19000/20000 (95.0%)]	Loss: 0.0019045002991333604
[2023-05-02 06:52:10] Stop At epoch 10/20 due to valid not increase
[2023-05-02 06:52:15] ========== Metrics ==========
[2023-05-02 06:52:15] {
  "tr_loss": 0.012821901703392822,
  "tr_acc": 0.9976497649764976,
  "tr_f1": 0.9976505873531618,
  "val_loss": 0.8477639607900843,
  "val_acc": 0.8230591579321371,
  "val_f1": 0.8215693299892511,
  "test_loss": 0.8379481454205707,
  "test_acc": 0.8102981029810298,
  "test_f1": 0.8055555555555556
}
[2023-05-02 06:52:15] ========== Metrics ==========
