[2023-05-01 15:35:12] Train Epoch: 1 [0/20000 (0.0%)]	Loss: 0.7070515155792236
[2023-05-01 15:35:36] Train Epoch: 1 [1000/20000 (5.0%)]	Loss: 0.6698037385940552
[2023-05-01 15:35:59] Train Epoch: 1 [2000/20000 (10.0%)]	Loss: 0.668933093547821
[2023-05-01 15:36:22] Train Epoch: 1 [3000/20000 (15.0%)]	Loss: 0.8651697039604187
[2023-05-01 15:36:45] Train Epoch: 1 [4000/20000 (20.0%)]	Loss: 0.5746406316757202
[2023-05-01 15:37:08] Train Epoch: 1 [5000/20000 (25.0%)]	Loss: 0.5475922226905823
[2023-05-01 15:37:31] Train Epoch: 1 [6000/20000 (30.0%)]	Loss: 0.6838985681533813
[2023-05-01 15:37:54] Train Epoch: 1 [7000/20000 (35.0%)]	Loss: 0.7070093154907227
[2023-05-01 15:38:16] Train Epoch: 1 [8000/20000 (40.0%)]	Loss: 0.6939936876296997
[2023-05-01 15:38:39] Train Epoch: 1 [9000/20000 (45.0%)]	Loss: 0.7255421876907349
[2023-05-01 15:39:01] Train Epoch: 1 [10000/20000 (50.0%)]	Loss: 0.6931468844413757
[2023-05-01 15:39:23] Train Epoch: 1 [11000/20000 (55.0%)]	Loss: 0.6896630525588989
[2023-05-01 15:39:46] Train Epoch: 1 [12000/20000 (60.0%)]	Loss: 0.6922158598899841
[2023-05-01 15:40:08] Train Epoch: 1 [13000/20000 (65.0%)]	Loss: 0.692366898059845
[2023-05-01 15:40:31] Train Epoch: 1 [14000/20000 (70.0%)]	Loss: 0.6932291388511658
[2023-05-01 15:40:55] Train Epoch: 1 [15000/20000 (75.0%)]	Loss: 0.6918259859085083
[2023-05-01 15:41:17] Train Epoch: 1 [16000/20000 (80.0%)]	Loss: 0.6953163743019104
[2023-05-01 15:41:41] Train Epoch: 1 [17000/20000 (85.0%)]	Loss: 0.6919795274734497
[2023-05-01 15:42:03] Train Epoch: 1 [18000/20000 (90.0%)]	Loss: 0.6912375688552856
[2023-05-01 15:42:26] Train Epoch: 1 [19000/20000 (95.0%)]	Loss: 0.6906225085258484
[2023-05-01 15:43:50] ========== Metrics ==========
[2023-05-01 15:43:50] {
  "tr_loss": 0.6779305243303757,
  "tr_acc": 0.54000400040004,
  "tr_f1": 0.5674925948563637,
  "val_loss": 0.6946587617623062,
  "val_acc": 0.49955587138035173,
  "val_f1": 0.6662717687477786,
  "test_loss": 0.7137821651086574,
  "test_acc": 0.5067750677506775,
  "test_f1": 0.6726618705035972
}
[2023-05-01 15:43:50] ========== Metrics ==========
[2023-05-01 15:43:55] Train Epoch: 2 [0/20000 (0.0%)]	Loss: 0.688290536403656
[2023-05-01 15:44:14] Train Epoch: 2 [1000/20000 (5.0%)]	Loss: 0.7020469307899475
[2023-05-01 15:44:31] Train Epoch: 2 [2000/20000 (10.0%)]	Loss: 0.6931995153427124
[2023-05-01 15:44:48] Train Epoch: 2 [3000/20000 (15.0%)]	Loss: 0.6954435110092163
[2023-05-01 15:45:05] Train Epoch: 2 [4000/20000 (20.0%)]	Loss: 0.6938209533691406
[2023-05-01 15:45:21] Train Epoch: 2 [5000/20000 (25.0%)]	Loss: 0.6972330808639526
[2023-05-01 15:45:38] Train Epoch: 2 [6000/20000 (30.0%)]	Loss: 0.692676305770874
[2023-05-01 15:45:54] Train Epoch: 2 [7000/20000 (35.0%)]	Loss: 0.6932340860366821
[2023-05-01 15:46:10] Train Epoch: 2 [8000/20000 (40.0%)]	Loss: 0.6917217373847961
[2023-05-01 15:46:26] Train Epoch: 2 [9000/20000 (45.0%)]	Loss: 0.6928998827934265
[2023-05-01 15:46:42] Train Epoch: 2 [10000/20000 (50.0%)]	Loss: 0.6943501234054565
[2023-05-01 15:46:58] Train Epoch: 2 [11000/20000 (55.0%)]	Loss: 0.6931472420692444
[2023-05-01 15:47:14] Train Epoch: 2 [12000/20000 (60.0%)]	Loss: 0.6945181488990784
[2023-05-01 15:47:30] Train Epoch: 2 [13000/20000 (65.0%)]	Loss: 0.6934829354286194
[2023-05-01 15:47:46] Train Epoch: 2 [14000/20000 (70.0%)]	Loss: 0.6827656626701355
[2023-05-01 15:48:02] Train Epoch: 2 [15000/20000 (75.0%)]	Loss: 0.6927738785743713
[2023-05-01 15:48:18] Train Epoch: 2 [16000/20000 (80.0%)]	Loss: 0.6884347200393677
[2023-05-01 15:48:33] Train Epoch: 2 [17000/20000 (85.0%)]	Loss: 0.6932519674301147
[2023-05-01 15:48:49] Train Epoch: 2 [18000/20000 (90.0%)]	Loss: 0.6940773725509644
[2023-05-01 15:49:05] Train Epoch: 2 [19000/20000 (95.0%)]	Loss: 0.6931472420692444
[2023-05-01 15:50:17] ========== Metrics ==========
[2023-05-01 15:50:17] {
  "tr_loss": 0.6940177438592706,
  "tr_acc": 0.4985998599859986,
  "tr_f1": 0.5666248865453603,
  "val_loss": 0.6947397486865785,
  "val_acc": 0.49955587138035173,
  "val_f1": 0.6662717687477786,
  "test_loss": 0.7134112206900992,
  "test_acc": 0.5067750677506775,
  "test_f1": 0.6726618705035972
}
[2023-05-01 15:50:17] ========== Metrics ==========
[2023-05-01 15:50:22] Train Epoch: 3 [0/20000 (0.0%)]	Loss: 0.6872617602348328
[2023-05-01 15:50:43] Train Epoch: 3 [1000/20000 (5.0%)]	Loss: 0.6936725974082947
[2023-05-01 15:51:00] Train Epoch: 3 [2000/20000 (10.0%)]	Loss: 0.6955913305282593
[2023-05-01 15:51:17] Train Epoch: 3 [3000/20000 (15.0%)]	Loss: 0.6932492256164551
[2023-05-01 15:51:33] Train Epoch: 3 [4000/20000 (20.0%)]	Loss: 0.6880568265914917
[2023-05-01 15:51:50] Train Epoch: 3 [5000/20000 (25.0%)]	Loss: 0.6949908137321472
[2023-05-01 15:52:07] Train Epoch: 3 [6000/20000 (30.0%)]	Loss: 0.6931859254837036
[2023-05-01 15:52:23] Train Epoch: 3 [7000/20000 (35.0%)]	Loss: 0.6926082968711853
[2023-05-01 15:52:39] Train Epoch: 3 [8000/20000 (40.0%)]	Loss: 0.6920742988586426
[2023-05-01 15:52:55] Train Epoch: 3 [9000/20000 (45.0%)]	Loss: 0.6925898194313049
[2023-05-01 15:53:11] Train Epoch: 3 [10000/20000 (50.0%)]	Loss: 0.695613443851471
[2023-05-01 15:53:27] Train Epoch: 3 [11000/20000 (55.0%)]	Loss: 0.6935270428657532
[2023-05-01 15:53:43] Train Epoch: 3 [12000/20000 (60.0%)]	Loss: 0.6949454545974731
[2023-05-01 15:54:01] Train Epoch: 3 [13000/20000 (65.0%)]	Loss: 0.690968930721283
[2023-05-01 15:54:17] Train Epoch: 3 [14000/20000 (70.0%)]	Loss: 0.7073891162872314
[2023-05-01 15:54:33] Train Epoch: 3 [15000/20000 (75.0%)]	Loss: 0.6928056478500366
[2023-05-01 15:54:48] Train Epoch: 3 [16000/20000 (80.0%)]	Loss: 0.6950073838233948
[2023-05-01 15:55:04] Train Epoch: 3 [17000/20000 (85.0%)]	Loss: 0.6929877400398254
[2023-05-01 15:55:20] Train Epoch: 3 [18000/20000 (90.0%)]	Loss: 0.6912568807601929
[2023-05-01 15:55:36] Train Epoch: 3 [19000/20000 (95.0%)]	Loss: 0.6936677694320679
[2023-05-01 15:56:46] ========== Metrics ==========
[2023-05-01 15:56:46] {
  "tr_loss": 0.6934257375799378,
  "tr_acc": 0.4964996499649965,
  "tr_f1": 0.5736906727634532,
  "val_loss": 0.6945019332484552,
  "val_acc": 0.5004441286196483,
  "val_f1": 0.0,
  "test_loss": 0.7137964799152157,
  "test_acc": 0.4932249322493225,
  "test_f1": 0.0
}
[2023-05-01 15:56:46] ========== Metrics ==========
[2023-05-01 15:56:51] Train Epoch: 4 [0/20000 (0.0%)]	Loss: 0.6928384900093079
[2023-05-01 15:57:10] Train Epoch: 4 [1000/20000 (5.0%)]	Loss: 0.6931718587875366
[2023-05-01 15:57:26] Train Epoch: 4 [2000/20000 (10.0%)]	Loss: 0.6947377920150757
[2023-05-01 15:57:42] Train Epoch: 4 [3000/20000 (15.0%)]	Loss: 0.6974687576293945
[2023-05-01 15:57:59] Train Epoch: 4 [4000/20000 (20.0%)]	Loss: 0.6963764429092407
[2023-05-01 15:58:16] Train Epoch: 4 [5000/20000 (25.0%)]	Loss: 0.6936174631118774
[2023-05-01 15:58:32] Train Epoch: 4 [6000/20000 (30.0%)]	Loss: 0.6935144066810608
[2023-05-01 15:58:49] Train Epoch: 4 [7000/20000 (35.0%)]	Loss: 0.6965212225914001
[2023-05-01 15:59:05] Train Epoch: 4 [8000/20000 (40.0%)]	Loss: 0.698198676109314
[2023-05-01 15:59:22] Train Epoch: 4 [9000/20000 (45.0%)]	Loss: 0.6947790384292603
[2023-05-01 15:59:38] Train Epoch: 4 [10000/20000 (50.0%)]	Loss: 0.6930952668190002
[2023-05-01 15:59:54] Train Epoch: 4 [11000/20000 (55.0%)]	Loss: 0.6926650404930115
[2023-05-01 16:00:10] Train Epoch: 4 [12000/20000 (60.0%)]	Loss: 0.690996527671814
[2023-05-01 16:00:27] Train Epoch: 4 [13000/20000 (65.0%)]	Loss: 0.6972939968109131
[2023-05-01 16:00:43] Train Epoch: 4 [14000/20000 (70.0%)]	Loss: 0.6935625076293945
[2023-05-01 16:00:59] Train Epoch: 4 [15000/20000 (75.0%)]	Loss: 0.6928626298904419
[2023-05-01 16:01:16] Train Epoch: 4 [16000/20000 (80.0%)]	Loss: 0.697178840637207
[2023-05-01 16:01:32] Train Epoch: 4 [17000/20000 (85.0%)]	Loss: 0.6963013410568237
[2023-05-01 16:01:48] Train Epoch: 4 [18000/20000 (90.0%)]	Loss: 0.6931695938110352
[2023-05-01 16:02:03] Train Epoch: 4 [19000/20000 (95.0%)]	Loss: 0.6931687593460083
[2023-05-01 16:03:19] ========== Metrics ==========
[2023-05-01 16:03:19] {
  "tr_loss": 0.6934138863357809,
  "tr_acc": 0.4988998899889989,
  "tr_f1": 0.48712830748758895,
  "val_loss": 0.698118853852812,
  "val_acc": 0.5004441286196483,
  "val_f1": 0.0,
  "test_loss": 0.7196487999220851,
  "test_acc": 0.4932249322493225,
  "test_f1": 0.0
}
[2023-05-01 16:03:19] ========== Metrics ==========
[2023-05-01 16:03:23] Train Epoch: 5 [0/20000 (0.0%)]	Loss: 0.6882383823394775
[2023-05-01 16:03:45] Train Epoch: 5 [1000/20000 (5.0%)]	Loss: 0.6889777183532715
[2023-05-01 16:04:01] Train Epoch: 5 [2000/20000 (10.0%)]	Loss: 0.6942883133888245
[2023-05-01 16:04:17] Train Epoch: 5 [3000/20000 (15.0%)]	Loss: 0.6983875036239624
[2023-05-01 16:04:33] Train Epoch: 5 [4000/20000 (20.0%)]	Loss: 0.6915489435195923
[2023-05-01 16:04:48] Train Epoch: 5 [5000/20000 (25.0%)]	Loss: 0.6937698721885681
[2023-05-01 16:05:04] Train Epoch: 5 [6000/20000 (30.0%)]	Loss: 0.6950339078903198
[2023-05-01 16:05:21] Train Epoch: 5 [7000/20000 (35.0%)]	Loss: 0.6933271884918213
[2023-05-01 16:05:39] Train Epoch: 5 [8000/20000 (40.0%)]	Loss: 0.6922202110290527
[2023-05-01 16:05:56] Train Epoch: 5 [9000/20000 (45.0%)]	Loss: 0.6883714199066162
[2023-05-01 16:06:14] Train Epoch: 5 [10000/20000 (50.0%)]	Loss: 0.6876720190048218
[2023-05-01 16:06:31] Train Epoch: 5 [11000/20000 (55.0%)]	Loss: 0.691602349281311
[2023-05-01 16:06:48] Train Epoch: 5 [12000/20000 (60.0%)]	Loss: 0.6931489706039429
[2023-05-01 16:07:07] Train Epoch: 5 [13000/20000 (65.0%)]	Loss: 0.693158745765686
[2023-05-01 16:07:24] Train Epoch: 5 [14000/20000 (70.0%)]	Loss: 0.6931476593017578
[2023-05-01 16:07:42] Train Epoch: 5 [15000/20000 (75.0%)]	Loss: 0.6966446042060852
[2023-05-01 16:07:59] Train Epoch: 5 [16000/20000 (80.0%)]	Loss: 0.6931624412536621
[2023-05-01 16:08:17] Train Epoch: 5 [17000/20000 (85.0%)]	Loss: 0.6931912899017334
[2023-05-01 16:08:34] Train Epoch: 5 [18000/20000 (90.0%)]	Loss: 0.6944025754928589
[2023-05-01 16:08:51] Train Epoch: 5 [19000/20000 (95.0%)]	Loss: 0.6943502426147461
[2023-05-01 16:10:14] ========== Metrics ==========
[2023-05-01 16:10:14] {
  "tr_loss": 0.693316763729462,
  "tr_acc": 0.5032003200320032,
  "tr_f1": 0.48030548726264577,
  "val_loss": 0.6946764908880552,
  "val_acc": 0.49955587138035173,
  "val_f1": 0.6662717687477786,
  "test_loss": 0.7134207251272228,
  "test_acc": 0.5067750677506775,
  "test_f1": 0.6726618705035972
}
[2023-05-01 16:10:14] ========== Metrics ==========
[2023-05-01 16:10:18] Train Epoch: 6 [0/20000 (0.0%)]	Loss: 0.6971964836120605
[2023-05-01 16:10:38] Train Epoch: 6 [1000/20000 (5.0%)]	Loss: 0.6952807307243347
[2023-05-01 16:10:58] Train Epoch: 6 [2000/20000 (10.0%)]	Loss: 0.6952296495437622
[2023-05-01 16:11:21] Train Epoch: 6 [3000/20000 (15.0%)]	Loss: 0.6968051791191101
[2023-05-01 16:11:39] Train Epoch: 6 [4000/20000 (20.0%)]	Loss: 0.70378577709198
[2023-05-01 16:11:59] Train Epoch: 6 [5000/20000 (25.0%)]	Loss: 0.6949719190597534
[2023-05-01 16:12:18] Train Epoch: 6 [6000/20000 (30.0%)]	Loss: 0.6948457360267639
[2023-05-01 16:12:37] Train Epoch: 6 [7000/20000 (35.0%)]	Loss: 0.6997954845428467
[2023-05-01 16:12:57] Train Epoch: 6 [8000/20000 (40.0%)]	Loss: 0.694826066493988
[2023-05-01 16:13:16] Train Epoch: 6 [9000/20000 (45.0%)]	Loss: 0.6932549476623535
[2023-05-01 16:13:36] Train Epoch: 6 [10000/20000 (50.0%)]	Loss: 0.6991778016090393
[2023-05-01 16:13:55] Train Epoch: 6 [11000/20000 (55.0%)]	Loss: 0.694560706615448
[2023-05-01 16:14:14] Train Epoch: 6 [12000/20000 (60.0%)]	Loss: 0.6959949731826782
[2023-05-01 16:14:32] Train Epoch: 6 [13000/20000 (65.0%)]	Loss: 0.6874246001243591
[2023-05-01 16:14:51] Train Epoch: 6 [14000/20000 (70.0%)]	Loss: 0.6987959742546082
[2023-05-01 16:15:10] Train Epoch: 6 [15000/20000 (75.0%)]	Loss: 0.6932400465011597
[2023-05-01 16:15:29] Train Epoch: 6 [16000/20000 (80.0%)]	Loss: 0.6960605382919312
[2023-05-01 16:15:48] Train Epoch: 6 [17000/20000 (85.0%)]	Loss: 0.6945592164993286
[2023-05-01 16:16:09] Train Epoch: 6 [18000/20000 (90.0%)]	Loss: 0.6969553828239441
[2023-05-01 16:16:29] Train Epoch: 6 [19000/20000 (95.0%)]	Loss: 0.6968947649002075
[2023-05-01 16:17:56] ========== Metrics ==========
[2023-05-01 16:17:56] {
  "tr_loss": 0.6933483645634385,
  "tr_acc": 0.5,
  "tr_f1": 0.6666666666666666,
  "val_loss": 0.6946002928777367,
  "val_acc": 0.49955587138035173,
  "val_f1": 0.6662717687477786,
  "test_loss": 0.7136003176371256,
  "test_acc": 0.5067750677506775,
  "test_f1": 0.6726618705035972
}
[2023-05-01 16:17:56] ========== Metrics ==========
[2023-05-01 16:17:59] Train Epoch: 7 [0/20000 (0.0%)]	Loss: 0.6932215690612793
[2023-05-01 16:18:19] Train Epoch: 7 [1000/20000 (5.0%)]	Loss: 0.6920260190963745
[2023-05-01 16:18:38] Train Epoch: 7 [2000/20000 (10.0%)]	Loss: 0.6886905431747437
[2023-05-01 16:18:57] Train Epoch: 7 [3000/20000 (15.0%)]	Loss: 0.6921678781509399
[2023-05-01 16:19:17] Train Epoch: 7 [4000/20000 (20.0%)]	Loss: 0.6950563788414001
[2023-05-01 16:19:36] Train Epoch: 7 [5000/20000 (25.0%)]	Loss: 0.6923015117645264
[2023-05-01 16:19:55] Train Epoch: 7 [6000/20000 (30.0%)]	Loss: 0.6947101950645447
[2023-05-01 16:20:15] Train Epoch: 7 [7000/20000 (35.0%)]	Loss: 0.6938230395317078
[2023-05-01 16:20:35] Train Epoch: 7 [8000/20000 (40.0%)]	Loss: 0.6913877725601196
[2023-05-01 16:20:56] Train Epoch: 7 [9000/20000 (45.0%)]	Loss: 0.6950708031654358
[2023-05-01 16:21:16] Train Epoch: 7 [10000/20000 (50.0%)]	Loss: 0.6931580901145935
[2023-05-01 16:21:37] Train Epoch: 7 [11000/20000 (55.0%)]	Loss: 0.6931554079055786
[2023-05-01 16:21:57] Train Epoch: 7 [12000/20000 (60.0%)]	Loss: 0.6945031881332397
[2023-05-01 16:22:17] Train Epoch: 7 [13000/20000 (65.0%)]	Loss: 0.6931725740432739
[2023-05-01 16:22:37] Train Epoch: 7 [14000/20000 (70.0%)]	Loss: 0.6916875839233398
[2023-05-01 16:22:57] Train Epoch: 7 [15000/20000 (75.0%)]	Loss: 0.695611298084259
[2023-05-01 16:23:17] Train Epoch: 7 [16000/20000 (80.0%)]	Loss: 0.6924749612808228
[2023-05-01 16:23:37] Train Epoch: 7 [17000/20000 (85.0%)]	Loss: 0.694537341594696
[2023-05-01 16:23:58] Train Epoch: 7 [18000/20000 (90.0%)]	Loss: 0.6952203512191772
[2023-05-01 16:24:17] Train Epoch: 7 [19000/20000 (95.0%)]	Loss: 0.6925464272499084
[2023-05-01 16:25:35] ========== Metrics ==========
[2023-05-01 16:25:35] {
  "tr_loss": 0.6932807967166612,
  "tr_acc": 0.5,
  "tr_f1": 0.6666666666666666,
  "val_loss": 0.6945445633290356,
  "val_acc": 0.49955587138035173,
  "val_f1": 0.6662717687477786,
  "test_loss": 0.7137615958526529,
  "test_acc": 0.5067750677506775,
  "test_f1": 0.6726618705035972
}
[2023-05-01 16:25:35] ========== Metrics ==========
[2023-05-01 16:25:38] Train Epoch: 8 [0/20000 (0.0%)]	Loss: 0.6931779384613037
[2023-05-01 16:25:57] Train Epoch: 8 [1000/20000 (5.0%)]	Loss: 0.6947284936904907
[2023-05-01 16:26:18] Train Epoch: 8 [2000/20000 (10.0%)]	Loss: 0.6937201023101807
[2023-05-01 16:26:38] Train Epoch: 8 [3000/20000 (15.0%)]	Loss: 0.6935992240905762
[2023-05-01 16:26:58] Train Epoch: 8 [4000/20000 (20.0%)]	Loss: 0.6928483247756958
[2023-05-01 16:27:19] Train Epoch: 8 [5000/20000 (25.0%)]	Loss: 0.6915835738182068
[2023-05-01 16:27:41] Train Epoch: 8 [6000/20000 (30.0%)]	Loss: 0.6947174668312073
[2023-05-01 16:28:01] Train Epoch: 8 [7000/20000 (35.0%)]	Loss: 0.6926738023757935
[2023-05-01 16:28:22] Train Epoch: 8 [8000/20000 (40.0%)]	Loss: 0.6943406462669373
[2023-05-01 16:28:43] Train Epoch: 8 [9000/20000 (45.0%)]	Loss: 0.6931525468826294
[2023-05-01 16:29:03] Train Epoch: 8 [10000/20000 (50.0%)]	Loss: 0.6928387880325317
[2023-05-01 16:29:23] Train Epoch: 8 [11000/20000 (55.0%)]	Loss: 0.6931509971618652
[2023-05-01 16:29:44] Train Epoch: 8 [12000/20000 (60.0%)]	Loss: 0.6929060220718384
[2023-05-01 16:30:04] Train Epoch: 8 [13000/20000 (65.0%)]	Loss: 0.6937485933303833
[2023-05-01 16:30:24] Train Epoch: 8 [14000/20000 (70.0%)]	Loss: 0.6926935911178589
[2023-05-01 16:30:44] Train Epoch: 8 [15000/20000 (75.0%)]	Loss: 0.6934046149253845
[2023-05-01 16:31:04] Train Epoch: 8 [16000/20000 (80.0%)]	Loss: 0.6937538385391235
[2023-05-01 16:31:24] Train Epoch: 8 [17000/20000 (85.0%)]	Loss: 0.6939120292663574
[2023-05-01 16:31:43] Train Epoch: 8 [18000/20000 (90.0%)]	Loss: 0.6934603452682495
[2023-05-01 16:32:04] Train Epoch: 8 [19000/20000 (95.0%)]	Loss: 0.6925791501998901
[2023-05-01 16:33:26] ========== Metrics ==========
[2023-05-01 16:33:26] {
  "tr_loss": 0.693257162065217,
  "tr_acc": 0.5,
  "tr_f1": 0.6666666666666666,
  "val_loss": 0.6945210300302564,
  "val_acc": 0.49955587138035173,
  "val_f1": 0.6662717687477786,
  "test_loss": 0.7137656018016784,
  "test_acc": 0.5067750677506775,
  "test_f1": 0.6726618705035972
}
[2023-05-01 16:33:26] ========== Metrics ==========
[2023-05-01 16:33:31] Train Epoch: 9 [0/20000 (0.0%)]	Loss: 0.6925262808799744
[2023-05-01 16:33:51] Train Epoch: 9 [1000/20000 (5.0%)]	Loss: 0.6937510371208191
[2023-05-01 16:34:06] Train Epoch: 9 [2000/20000 (10.0%)]	Loss: 0.6949812173843384
[2023-05-01 16:34:20] Train Epoch: 9 [3000/20000 (15.0%)]	Loss: 0.6925913691520691
[2023-05-01 16:34:35] Train Epoch: 9 [4000/20000 (20.0%)]	Loss: 0.6944341659545898
[2023-05-01 16:34:49] Train Epoch: 9 [5000/20000 (25.0%)]	Loss: 0.6925492286682129
[2023-05-01 16:35:03] Train Epoch: 9 [6000/20000 (30.0%)]	Loss: 0.6926892995834351
[2023-05-01 16:35:17] Train Epoch: 9 [7000/20000 (35.0%)]	Loss: 0.6906072497367859
[2023-05-01 16:35:31] Train Epoch: 9 [8000/20000 (40.0%)]	Loss: 0.6947756409645081
[2023-05-01 16:35:45] Train Epoch: 9 [9000/20000 (45.0%)]	Loss: 0.6936366558074951
[2023-05-01 16:35:59] Train Epoch: 9 [10000/20000 (50.0%)]	Loss: 0.6926950812339783
[2023-05-01 16:36:13] Train Epoch: 9 [11000/20000 (55.0%)]	Loss: 0.6921634674072266
[2023-05-01 16:36:27] Train Epoch: 9 [12000/20000 (60.0%)]	Loss: 0.6907100677490234
[2023-05-01 16:36:40] Train Epoch: 9 [13000/20000 (65.0%)]	Loss: 0.6941547393798828
[2023-05-01 16:36:54] Train Epoch: 9 [14000/20000 (70.0%)]	Loss: 0.6942921876907349
[2023-05-01 16:37:07] Train Epoch: 9 [15000/20000 (75.0%)]	Loss: 0.6934470534324646
[2023-05-01 16:37:21] Train Epoch: 9 [16000/20000 (80.0%)]	Loss: 0.6935107707977295
[2023-05-01 16:37:35] Train Epoch: 9 [17000/20000 (85.0%)]	Loss: 0.691899299621582
[2023-05-01 16:37:49] Train Epoch: 9 [18000/20000 (90.0%)]	Loss: 0.6934253573417664
[2023-05-01 16:38:03] Train Epoch: 9 [19000/20000 (95.0%)]	Loss: 0.6920504570007324
[2023-05-01 16:39:03] Stop At epoch 9/20 due to valid not increase
[2023-05-01 16:39:12] ========== Metrics ==========
[2023-05-01 16:39:12] {
  "tr_loss": 0.6932404892768177,
  "tr_acc": 0.5,
  "tr_f1": 0.6666666666666666,
  "val_loss": 0.6945137499831121,
  "val_acc": 0.49955587138035173,
  "val_f1": 0.6662717687477786,
  "test_loss": 0.7137373921670888,
  "test_acc": 0.5067750677506775,
  "test_f1": 0.6726618705035972
}
[2023-05-01 16:39:12] ========== Metrics ==========
