[2023-05-03 12:52:35] Train Epoch: 1 [0/20000 (0.0%)]	Loss: 0.6840288043022156
[2023-05-03 12:52:39] Train Epoch: 1 [1000/20000 (5.0%)]	Loss: 2.204446792602539
[2023-05-03 12:52:42] Train Epoch: 1 [2000/20000 (10.0%)]	Loss: 0.5983017683029175
[2023-05-03 12:52:44] Train Epoch: 1 [3000/20000 (15.0%)]	Loss: 0.6743603944778442
[2023-05-03 12:52:48] Train Epoch: 1 [4000/20000 (20.0%)]	Loss: 0.41346850991249084
[2023-05-03 12:52:50] Train Epoch: 1 [5000/20000 (25.0%)]	Loss: 0.6337553858757019
[2023-05-03 12:52:53] Train Epoch: 1 [6000/20000 (30.0%)]	Loss: 0.6658369898796082
[2023-05-03 12:52:56] Train Epoch: 1 [7000/20000 (35.0%)]	Loss: 0.6523021459579468
[2023-05-03 12:53:00] Train Epoch: 1 [8000/20000 (40.0%)]	Loss: 0.5587793588638306
[2023-05-03 12:53:03] Train Epoch: 1 [9000/20000 (45.0%)]	Loss: 0.6377193927764893
[2023-05-03 12:53:07] Train Epoch: 1 [10000/20000 (50.0%)]	Loss: 0.43867477774620056
[2023-05-03 12:53:12] Train Epoch: 1 [11000/20000 (55.0%)]	Loss: 0.29388052225112915
[2023-05-03 12:53:17] Train Epoch: 1 [12000/20000 (60.0%)]	Loss: 0.24500946700572968
[2023-05-03 12:53:23] Train Epoch: 1 [13000/20000 (65.0%)]	Loss: 0.4792361855506897
[2023-05-03 12:53:29] Train Epoch: 1 [14000/20000 (70.0%)]	Loss: 0.4940037131309509
[2023-05-03 12:53:35] Train Epoch: 1 [15000/20000 (75.0%)]	Loss: 0.25948643684387207
[2023-05-03 12:53:41] Train Epoch: 1 [16000/20000 (80.0%)]	Loss: 0.3950398564338684
[2023-05-03 12:53:48] Train Epoch: 1 [17000/20000 (85.0%)]	Loss: 0.466136634349823
[2023-05-03 12:53:54] Train Epoch: 1 [18000/20000 (90.0%)]	Loss: 0.3935399651527405
[2023-05-03 12:53:59] Train Epoch: 1 [19000/20000 (95.0%)]	Loss: 0.47618716955184937
[2023-05-03 12:54:18] ========== Metrics ==========
[2023-05-03 12:54:18] {
  "tr_loss": 0.5273604361784316,
  "tr_acc": 0.733973397339734,
  "tr_f1": 0.7397514920262205,
  "val_loss": 0.3991760486109173,
  "val_acc": 0.8314087759815243,
  "val_f1": 0.83044488118635,
  "test_loss": 0.3942694137413004,
  "test_acc": 0.8319783197831978,
  "test_f1": 0.8228571428571428
}
[2023-05-03 12:54:18] ========== Metrics ==========
[2023-05-03 12:54:20] Train Epoch: 2 [0/20000 (0.0%)]	Loss: 0.39564964175224304
[2023-05-03 12:54:28] Train Epoch: 2 [1000/20000 (5.0%)]	Loss: 0.7283722758293152
[2023-05-03 12:54:35] Train Epoch: 2 [2000/20000 (10.0%)]	Loss: 0.4620586335659027
[2023-05-03 12:54:43] Train Epoch: 2 [3000/20000 (15.0%)]	Loss: 0.34721148014068604
[2023-05-03 12:54:50] Train Epoch: 2 [4000/20000 (20.0%)]	Loss: 0.5458541512489319
[2023-05-03 12:54:58] Train Epoch: 2 [5000/20000 (25.0%)]	Loss: 0.6321749687194824
[2023-05-03 12:55:06] Train Epoch: 2 [6000/20000 (30.0%)]	Loss: 0.4685182571411133
[2023-05-03 12:55:14] Train Epoch: 2 [7000/20000 (35.0%)]	Loss: 0.1426052749156952
[2023-05-03 12:55:22] Train Epoch: 2 [8000/20000 (40.0%)]	Loss: 0.45851922035217285
[2023-05-03 12:55:29] Train Epoch: 2 [9000/20000 (45.0%)]	Loss: 0.281430721282959
[2023-05-03 12:55:37] Train Epoch: 2 [10000/20000 (50.0%)]	Loss: 0.26149773597717285
[2023-05-03 12:55:44] Train Epoch: 2 [11000/20000 (55.0%)]	Loss: 0.35113367438316345
[2023-05-03 12:55:52] Train Epoch: 2 [12000/20000 (60.0%)]	Loss: 0.22614240646362305
[2023-05-03 12:55:59] Train Epoch: 2 [13000/20000 (65.0%)]	Loss: 0.23760242760181427
[2023-05-03 12:56:06] Train Epoch: 2 [14000/20000 (70.0%)]	Loss: 0.3793133497238159
[2023-05-03 12:56:14] Train Epoch: 2 [15000/20000 (75.0%)]	Loss: 0.4583882689476013
[2023-05-03 12:56:22] Train Epoch: 2 [16000/20000 (80.0%)]	Loss: 0.20287171006202698
[2023-05-03 12:56:31] Train Epoch: 2 [17000/20000 (85.0%)]	Loss: 0.14478376507759094
[2023-05-03 12:56:39] Train Epoch: 2 [18000/20000 (90.0%)]	Loss: 0.2136143445968628
[2023-05-03 12:56:47] Train Epoch: 2 [19000/20000 (95.0%)]	Loss: 0.3704474866390228
[2023-05-03 12:57:08] ========== Metrics ==========
[2023-05-03 12:57:08] {
  "tr_loss": 0.3106140993935655,
  "tr_acc": 0.8765376537653765,
  "tr_f1": 0.8770846816348882,
  "val_loss": 0.3705238209808036,
  "val_acc": 0.8418902114052229,
  "val_f1": 0.8471840659340659,
  "test_loss": 0.3133318530834787,
  "test_acc": 0.8861788617886179,
  "test_f1": 0.8864864864864864
}
[2023-05-03 12:57:08] ========== Metrics ==========
[2023-05-03 12:57:09] Train Epoch: 3 [0/20000 (0.0%)]	Loss: 0.13354161381721497
[2023-05-03 12:57:18] Train Epoch: 3 [1000/20000 (5.0%)]	Loss: 0.07496047019958496
[2023-05-03 12:57:27] Train Epoch: 3 [2000/20000 (10.0%)]	Loss: 0.20314741134643555
[2023-05-03 12:57:35] Train Epoch: 3 [3000/20000 (15.0%)]	Loss: 0.16906103491783142
[2023-05-03 12:57:43] Train Epoch: 3 [4000/20000 (20.0%)]	Loss: 0.25243356823921204
[2023-05-03 12:57:52] Train Epoch: 3 [5000/20000 (25.0%)]	Loss: 0.04443252459168434
[2023-05-03 12:58:01] Train Epoch: 3 [6000/20000 (30.0%)]	Loss: 0.06737881898880005
[2023-05-03 12:58:09] Train Epoch: 3 [7000/20000 (35.0%)]	Loss: 0.2678166627883911
[2023-05-03 12:58:18] Train Epoch: 3 [8000/20000 (40.0%)]	Loss: 0.19900648295879364
[2023-05-03 12:58:26] Train Epoch: 3 [9000/20000 (45.0%)]	Loss: 0.4238775372505188
[2023-05-03 12:58:35] Train Epoch: 3 [10000/20000 (50.0%)]	Loss: 0.19462808966636658
[2023-05-03 12:58:44] Train Epoch: 3 [11000/20000 (55.0%)]	Loss: 0.15649595856666565
[2023-05-03 12:58:52] Train Epoch: 3 [12000/20000 (60.0%)]	Loss: 0.05827940255403519
[2023-05-03 12:59:01] Train Epoch: 3 [13000/20000 (65.0%)]	Loss: 0.17388635873794556
[2023-05-03 12:59:10] Train Epoch: 3 [14000/20000 (70.0%)]	Loss: 0.03138486295938492
[2023-05-03 12:59:18] Train Epoch: 3 [15000/20000 (75.0%)]	Loss: 0.28791800141334534
[2023-05-03 12:59:27] Train Epoch: 3 [16000/20000 (80.0%)]	Loss: 0.17323365807533264
[2023-05-03 12:59:36] Train Epoch: 3 [17000/20000 (85.0%)]	Loss: 0.15648016333580017
[2023-05-03 12:59:44] Train Epoch: 3 [18000/20000 (90.0%)]	Loss: 0.14514295756816864
[2023-05-03 12:59:52] Train Epoch: 3 [19000/20000 (95.0%)]	Loss: 0.46330493688583374
[2023-05-03 13:00:12] ========== Metrics ==========
[2023-05-03 13:00:12] {
  "tr_loss": 0.1836181246368277,
  "tr_acc": 0.9345434543454345,
  "tr_f1": 0.9345990507119661,
  "val_loss": 0.4003226177574665,
  "val_acc": 0.8356724107301474,
  "val_f1": 0.8432469073038469,
  "test_loss": 0.3364372826850188,
  "test_acc": 0.8536585365853658,
  "test_f1": 0.8578947368421053
}
[2023-05-03 13:00:12] ========== Metrics ==========
[2023-05-03 13:00:14] Train Epoch: 4 [0/20000 (0.0%)]	Loss: 0.0785088911652565
[2023-05-03 13:00:23] Train Epoch: 4 [1000/20000 (5.0%)]	Loss: 0.0025565829128026962
[2023-05-03 13:00:31] Train Epoch: 4 [2000/20000 (10.0%)]	Loss: 0.01027560792863369
[2023-05-03 13:00:38] Train Epoch: 4 [3000/20000 (15.0%)]	Loss: 0.07060007750988007
[2023-05-03 13:00:46] Train Epoch: 4 [4000/20000 (20.0%)]	Loss: 0.21676437556743622
[2023-05-03 13:00:53] Train Epoch: 4 [5000/20000 (25.0%)]	Loss: 0.004060239531099796
[2023-05-03 13:01:01] Train Epoch: 4 [6000/20000 (30.0%)]	Loss: 0.007114186882972717
[2023-05-03 13:01:09] Train Epoch: 4 [7000/20000 (35.0%)]	Loss: 0.008312172256410122
[2023-05-03 13:01:17] Train Epoch: 4 [8000/20000 (40.0%)]	Loss: 0.20651981234550476
[2023-05-03 13:01:25] Train Epoch: 4 [9000/20000 (45.0%)]	Loss: 0.0635601282119751
[2023-05-03 13:01:34] Train Epoch: 4 [10000/20000 (50.0%)]	Loss: 0.2612144649028778
[2023-05-03 13:01:42] Train Epoch: 4 [11000/20000 (55.0%)]	Loss: 0.035047873854637146
[2023-05-03 13:01:50] Train Epoch: 4 [12000/20000 (60.0%)]	Loss: 0.03447472304105759
[2023-05-03 13:01:59] Train Epoch: 4 [13000/20000 (65.0%)]	Loss: 0.04914933070540428
[2023-05-03 13:02:07] Train Epoch: 4 [14000/20000 (70.0%)]	Loss: 0.1305074244737625
[2023-05-03 13:02:15] Train Epoch: 4 [15000/20000 (75.0%)]	Loss: 0.034155067056417465
[2023-05-03 13:02:24] Train Epoch: 4 [16000/20000 (80.0%)]	Loss: 0.05873161554336548
[2023-05-03 13:02:32] Train Epoch: 4 [17000/20000 (85.0%)]	Loss: 0.013723100535571575
[2023-05-03 13:02:40] Train Epoch: 4 [18000/20000 (90.0%)]	Loss: 0.1268102079629898
[2023-05-03 13:02:48] Train Epoch: 4 [19000/20000 (95.0%)]	Loss: 0.7911937832832336
[2023-05-03 13:03:08] ========== Metrics ==========
[2023-05-03 13:03:08] {
  "tr_loss": 0.09695945932324583,
  "tr_acc": 0.9694969496949695,
  "tr_f1": 0.9694602983879043,
  "val_loss": 0.5739356599103538,
  "val_acc": 0.8315864274293836,
  "val_f1": 0.8218045112781955,
  "test_loss": 0.5816768182487022,
  "test_acc": 0.8021680216802168,
  "test_f1": 0.7794561933534744
}
[2023-05-03 13:03:08] ========== Metrics ==========
[2023-05-03 13:03:10] Train Epoch: 5 [0/20000 (0.0%)]	Loss: 0.038747433573007584
[2023-05-03 13:03:19] Train Epoch: 5 [1000/20000 (5.0%)]	Loss: 0.001866751117631793
[2023-05-03 13:03:26] Train Epoch: 5 [2000/20000 (10.0%)]	Loss: 0.013314385898411274
[2023-05-03 13:03:34] Train Epoch: 5 [3000/20000 (15.0%)]	Loss: 0.023290066048502922
[2023-05-03 13:03:41] Train Epoch: 5 [4000/20000 (20.0%)]	Loss: 0.005625767167657614
[2023-05-03 13:03:49] Train Epoch: 5 [5000/20000 (25.0%)]	Loss: 0.016545632854104042
[2023-05-03 13:03:57] Train Epoch: 5 [6000/20000 (30.0%)]	Loss: 0.3096865713596344
[2023-05-03 13:04:05] Train Epoch: 5 [7000/20000 (35.0%)]	Loss: 0.02373451180756092
[2023-05-03 13:04:12] Train Epoch: 5 [8000/20000 (40.0%)]	Loss: 0.007359493523836136
[2023-05-03 13:04:20] Train Epoch: 5 [9000/20000 (45.0%)]	Loss: 0.0014798421179875731
[2023-05-03 13:04:27] Train Epoch: 5 [10000/20000 (50.0%)]	Loss: 0.10654667764902115
[2023-05-03 13:04:35] Train Epoch: 5 [11000/20000 (55.0%)]	Loss: 0.011056000366806984
[2023-05-03 13:04:42] Train Epoch: 5 [12000/20000 (60.0%)]	Loss: 0.026848722249269485
[2023-05-03 13:04:50] Train Epoch: 5 [13000/20000 (65.0%)]	Loss: 0.031500089913606644
[2023-05-03 13:04:58] Train Epoch: 5 [14000/20000 (70.0%)]	Loss: 0.002390738110989332
[2023-05-03 13:05:06] Train Epoch: 5 [15000/20000 (75.0%)]	Loss: 0.09341719001531601
[2023-05-03 13:05:14] Train Epoch: 5 [16000/20000 (80.0%)]	Loss: 0.012489104643464088
[2023-05-03 13:05:22] Train Epoch: 5 [17000/20000 (85.0%)]	Loss: 0.003589904634281993
[2023-05-03 13:05:30] Train Epoch: 5 [18000/20000 (90.0%)]	Loss: 0.0438079908490181
[2023-05-03 13:05:38] Train Epoch: 5 [19000/20000 (95.0%)]	Loss: 0.014151510782539845
[2023-05-03 13:05:59] ========== Metrics ==========
[2023-05-03 13:05:59] {
  "tr_loss": 0.046441367006743686,
  "tr_acc": 0.9860986098609861,
  "tr_f1": 0.986086086086086,
  "val_loss": 0.7991739671474177,
  "val_acc": 0.8196837804228104,
  "val_f1": 0.8305226248121557,
  "test_loss": 0.6556278481312238,
  "test_acc": 0.8373983739837398,
  "test_f1": 0.8429319371727748
}
[2023-05-03 13:05:59] ========== Metrics ==========
[2023-05-03 13:06:01] Train Epoch: 6 [0/20000 (0.0%)]	Loss: 0.013392383232712746
[2023-05-03 13:06:09] Train Epoch: 6 [1000/20000 (5.0%)]	Loss: 0.00034446391509845853
[2023-05-03 13:06:17] Train Epoch: 6 [2000/20000 (10.0%)]	Loss: 0.0012185248779132962
[2023-05-03 13:06:24] Train Epoch: 6 [3000/20000 (15.0%)]	Loss: 0.004746198654174805
[2023-05-03 13:06:32] Train Epoch: 6 [4000/20000 (20.0%)]	Loss: 0.01505163311958313
[2023-05-03 13:06:39] Train Epoch: 6 [5000/20000 (25.0%)]	Loss: 0.005241531878709793
[2023-05-03 13:06:47] Train Epoch: 6 [6000/20000 (30.0%)]	Loss: 0.0023475508205592632
[2023-05-03 13:06:55] Train Epoch: 6 [7000/20000 (35.0%)]	Loss: 0.037990033626556396
[2023-05-03 13:07:02] Train Epoch: 6 [8000/20000 (40.0%)]	Loss: 0.00044741775491274893
[2023-05-03 13:07:10] Train Epoch: 6 [9000/20000 (45.0%)]	Loss: 0.004457642324268818
[2023-05-03 13:07:18] Train Epoch: 6 [10000/20000 (50.0%)]	Loss: 0.0028661959804594517
[2023-05-03 13:07:26] Train Epoch: 6 [11000/20000 (55.0%)]	Loss: 0.013366472907364368
[2023-05-03 13:07:34] Train Epoch: 6 [12000/20000 (60.0%)]	Loss: 0.0016856843139976263
[2023-05-03 13:07:41] Train Epoch: 6 [13000/20000 (65.0%)]	Loss: 0.002164609730243683
[2023-05-03 13:07:49] Train Epoch: 6 [14000/20000 (70.0%)]	Loss: 0.008347729220986366
[2023-05-03 13:07:57] Train Epoch: 6 [15000/20000 (75.0%)]	Loss: 0.0007720290450379252
[2023-05-03 13:08:05] Train Epoch: 6 [16000/20000 (80.0%)]	Loss: 0.0014119878178462386
[2023-05-03 13:08:13] Train Epoch: 6 [17000/20000 (85.0%)]	Loss: 0.0005333621520549059
[2023-05-03 13:08:21] Train Epoch: 6 [18000/20000 (90.0%)]	Loss: 0.006665906403213739
[2023-05-03 13:08:29] Train Epoch: 6 [19000/20000 (95.0%)]	Loss: 0.000529685930814594
[2023-05-03 13:08:49] ========== Metrics ==========
[2023-05-03 13:08:49] {
  "tr_loss": 0.014603258813126418,
  "tr_acc": 0.9968496849684968,
  "tr_f1": 0.9968498424921246,
  "val_loss": 0.8251816254631307,
  "val_acc": 0.8269674897850418,
  "val_f1": 0.8296011196641008,
  "test_loss": 0.6923153040915485,
  "test_acc": 0.8373983739837398,
  "test_f1": 0.8351648351648351
}
[2023-05-03 13:08:49] ========== Metrics ==========
[2023-05-03 13:08:51] Train Epoch: 7 [0/20000 (0.0%)]	Loss: 0.0007997102220542729
[2023-05-03 13:08:59] Train Epoch: 7 [1000/20000 (5.0%)]	Loss: 0.0009871013462543488
[2023-05-03 13:09:07] Train Epoch: 7 [2000/20000 (10.0%)]	Loss: 0.011761237867176533
[2023-05-03 13:09:14] Train Epoch: 7 [3000/20000 (15.0%)]	Loss: 0.00018455329700373113
[2023-05-03 13:09:22] Train Epoch: 7 [4000/20000 (20.0%)]	Loss: 0.0004571414028760046
[2023-05-03 13:09:29] Train Epoch: 7 [5000/20000 (25.0%)]	Loss: 0.00219008419662714
[2023-05-03 13:09:37] Train Epoch: 7 [6000/20000 (30.0%)]	Loss: 0.00137544353492558
[2023-05-03 13:09:44] Train Epoch: 7 [7000/20000 (35.0%)]	Loss: 0.0018351858016103506
[2023-05-03 13:09:52] Train Epoch: 7 [8000/20000 (40.0%)]	Loss: 0.00036804378032684326
[2023-05-03 13:10:00] Train Epoch: 7 [9000/20000 (45.0%)]	Loss: 0.0008987371111288667
[2023-05-03 13:10:08] Train Epoch: 7 [10000/20000 (50.0%)]	Loss: 0.0014447468565776944
[2023-05-03 13:10:16] Train Epoch: 7 [11000/20000 (55.0%)]	Loss: 0.002615386387333274
[2023-05-03 13:10:25] Train Epoch: 7 [12000/20000 (60.0%)]	Loss: 0.0014670181553810835
[2023-05-03 13:10:33] Train Epoch: 7 [13000/20000 (65.0%)]	Loss: 0.0005670567043125629
[2023-05-03 13:10:41] Train Epoch: 7 [14000/20000 (70.0%)]	Loss: 0.0010106359841302037
[2023-05-03 13:10:49] Train Epoch: 7 [15000/20000 (75.0%)]	Loss: 0.0017204700270667672
[2023-05-03 13:10:57] Train Epoch: 7 [16000/20000 (80.0%)]	Loss: 0.0030500146094709635
[2023-05-03 13:11:05] Train Epoch: 7 [17000/20000 (85.0%)]	Loss: 0.0011974365916103125
[2023-05-03 13:11:13] Train Epoch: 7 [18000/20000 (90.0%)]	Loss: 0.0003184802772011608
[2023-05-03 13:11:21] Train Epoch: 7 [19000/20000 (95.0%)]	Loss: 0.001866757869720459
[2023-05-03 13:11:42] ========== Metrics ==========
[2023-05-03 13:11:42] {
  "tr_loss": 0.011763303376716409,
  "tr_acc": 0.9976497649764976,
  "tr_f1": 0.9976501174941252,
  "val_loss": 0.8606976222066213,
  "val_acc": 0.8262568839936045,
  "val_f1": 0.8269026548672567,
  "test_loss": 0.8270528864085189,
  "test_acc": 0.8292682926829268,
  "test_f1": 0.8254847645429363
}
[2023-05-03 13:11:42] ========== Metrics ==========
[2023-05-03 13:11:43] Train Epoch: 8 [0/20000 (0.0%)]	Loss: 0.005132793448865414
[2023-05-03 13:11:52] Train Epoch: 8 [1000/20000 (5.0%)]	Loss: 0.0012820481788367033
[2023-05-03 13:11:59] Train Epoch: 8 [2000/20000 (10.0%)]	Loss: 0.0008711165864951909
[2023-05-03 13:12:07] Train Epoch: 8 [3000/20000 (15.0%)]	Loss: 0.0008766717510297894
[2023-05-03 13:12:14] Train Epoch: 8 [4000/20000 (20.0%)]	Loss: 0.0006075510173104703
[2023-05-03 13:12:22] Train Epoch: 8 [5000/20000 (25.0%)]	Loss: 0.18659204244613647
[2023-05-03 13:12:29] Train Epoch: 8 [6000/20000 (30.0%)]	Loss: 0.0030866533052176237
[2023-05-03 13:12:37] Train Epoch: 8 [7000/20000 (35.0%)]	Loss: 0.0008303591166622937
[2023-05-03 13:12:45] Train Epoch: 8 [8000/20000 (40.0%)]	Loss: 0.0015502457972615957
[2023-05-03 13:12:52] Train Epoch: 8 [9000/20000 (45.0%)]	Loss: 0.0003685840929392725
[2023-05-03 13:13:00] Train Epoch: 8 [10000/20000 (50.0%)]	Loss: 0.000688408559653908
[2023-05-03 13:13:08] Train Epoch: 8 [11000/20000 (55.0%)]	Loss: 0.023948684334754944
[2023-05-03 13:13:16] Train Epoch: 8 [12000/20000 (60.0%)]	Loss: 0.00023462518583983183
[2023-05-03 13:13:24] Train Epoch: 8 [13000/20000 (65.0%)]	Loss: 0.0059067015536129475
[2023-05-03 13:13:32] Train Epoch: 8 [14000/20000 (70.0%)]	Loss: 0.0008193106623366475
[2023-05-03 13:13:39] Train Epoch: 8 [15000/20000 (75.0%)]	Loss: 0.0006785689620301127
[2023-05-03 13:13:47] Train Epoch: 8 [16000/20000 (80.0%)]	Loss: 0.0013974782777950168
[2023-05-03 13:13:54] Train Epoch: 8 [17000/20000 (85.0%)]	Loss: 0.0007456727907992899
[2023-05-03 13:14:02] Train Epoch: 8 [18000/20000 (90.0%)]	Loss: 0.0026198290288448334
[2023-05-03 13:14:10] Train Epoch: 8 [19000/20000 (95.0%)]	Loss: 0.0009657474001869559
[2023-05-03 13:14:27] Stop At epoch 8/20 due to valid not increase
[2023-05-03 13:14:30] ========== Metrics ==========
[2023-05-03 13:14:30] {
  "tr_loss": 0.00976153374963384,
  "tr_acc": 0.9978997899789979,
  "tr_f1": 0.9979,
  "val_loss": 0.8814802770313425,
  "val_acc": 0.8248356724107302,
  "val_f1": 0.821376811594203,
  "test_loss": 0.8446119083621637,
  "test_acc": 0.8184281842818428,
  "test_f1": 0.8101983002832861
}
[2023-05-03 13:14:30] ========== Metrics ==========
