[2023-05-02 22:10:15] Train Epoch: 1 [0/20000 (0.0%)]	Loss: 0.7036134004592896
[2023-05-02 22:10:20] Train Epoch: 1 [1000/20000 (5.0%)]	Loss: 0.6499220132827759
[2023-05-02 22:10:24] Train Epoch: 1 [2000/20000 (10.0%)]	Loss: 0.7009800672531128
[2023-05-02 22:10:28] Train Epoch: 1 [3000/20000 (15.0%)]	Loss: 0.6553858518600464
[2023-05-02 22:10:32] Train Epoch: 1 [4000/20000 (20.0%)]	Loss: 0.6894891262054443
[2023-05-02 22:10:36] Train Epoch: 1 [5000/20000 (25.0%)]	Loss: 0.6950358152389526
[2023-05-02 22:10:40] Train Epoch: 1 [6000/20000 (30.0%)]	Loss: 0.39145785570144653
[2023-05-02 22:10:46] Train Epoch: 1 [7000/20000 (35.0%)]	Loss: 0.5637151002883911
[2023-05-02 22:10:53] Train Epoch: 1 [8000/20000 (40.0%)]	Loss: 0.5151707530021667
[2023-05-02 22:11:00] Train Epoch: 1 [9000/20000 (45.0%)]	Loss: 0.797572672367096
[2023-05-02 22:11:08] Train Epoch: 1 [10000/20000 (50.0%)]	Loss: 0.5439616441726685
[2023-05-02 22:11:15] Train Epoch: 1 [11000/20000 (55.0%)]	Loss: 0.5264758467674255
[2023-05-02 22:11:23] Train Epoch: 1 [12000/20000 (60.0%)]	Loss: 0.5188366174697876
[2023-05-02 22:11:31] Train Epoch: 1 [13000/20000 (65.0%)]	Loss: 0.43533816933631897
[2023-05-02 22:11:38] Train Epoch: 1 [14000/20000 (70.0%)]	Loss: 0.6043282747268677
[2023-05-02 22:11:46] Train Epoch: 1 [15000/20000 (75.0%)]	Loss: 0.4840855002403259
[2023-05-02 22:11:54] Train Epoch: 1 [16000/20000 (80.0%)]	Loss: 0.4999428391456604
[2023-05-02 22:12:02] Train Epoch: 1 [17000/20000 (85.0%)]	Loss: 0.5598083734512329
[2023-05-02 22:12:09] Train Epoch: 1 [18000/20000 (90.0%)]	Loss: 0.6661507487297058
[2023-05-02 22:12:17] Train Epoch: 1 [19000/20000 (95.0%)]	Loss: 0.1872766762971878
[2023-05-02 22:12:40] ========== Metrics ==========
[2023-05-02 22:12:40] {
  "tr_loss": 0.5203685237474591,
  "tr_acc": 0.7370237023702371,
  "tr_f1": 0.7451911429817336,
  "val_loss": 0.43913179714359085,
  "val_acc": 0.7992538639189909,
  "val_f1": 0.7769443347808922,
  "test_loss": 0.4708616439566057,
  "test_acc": 0.7723577235772358,
  "test_f1": 0.7341772151898734
}
[2023-05-02 22:12:40] ========== Metrics ==========
[2023-05-02 22:12:42] Train Epoch: 2 [0/20000 (0.0%)]	Loss: 0.18034443259239197
[2023-05-02 22:12:50] Train Epoch: 2 [1000/20000 (5.0%)]	Loss: 0.34051865339279175
[2023-05-02 22:12:58] Train Epoch: 2 [2000/20000 (10.0%)]	Loss: 0.17196494340896606
[2023-05-02 22:13:06] Train Epoch: 2 [3000/20000 (15.0%)]	Loss: 0.3473295569419861
[2023-05-02 22:13:14] Train Epoch: 2 [4000/20000 (20.0%)]	Loss: 0.15171951055526733
[2023-05-02 22:13:21] Train Epoch: 2 [5000/20000 (25.0%)]	Loss: 0.39374998211860657
[2023-05-02 22:13:29] Train Epoch: 2 [6000/20000 (30.0%)]	Loss: 0.11651108413934708
[2023-05-02 22:13:37] Train Epoch: 2 [7000/20000 (35.0%)]	Loss: 0.4396752715110779
[2023-05-02 22:13:44] Train Epoch: 2 [8000/20000 (40.0%)]	Loss: 0.6425418853759766
[2023-05-02 22:13:52] Train Epoch: 2 [9000/20000 (45.0%)]	Loss: 0.2611923813819885
[2023-05-02 22:14:00] Train Epoch: 2 [10000/20000 (50.0%)]	Loss: 0.3216327726840973
[2023-05-02 22:14:08] Train Epoch: 2 [11000/20000 (55.0%)]	Loss: 0.4052202105522156
[2023-05-02 22:14:17] Train Epoch: 2 [12000/20000 (60.0%)]	Loss: 0.4852616786956787
[2023-05-02 22:14:27] Train Epoch: 2 [13000/20000 (65.0%)]	Loss: 0.09250731766223907
[2023-05-02 22:14:36] Train Epoch: 2 [14000/20000 (70.0%)]	Loss: 0.07618218660354614
[2023-05-02 22:14:47] Train Epoch: 2 [15000/20000 (75.0%)]	Loss: 0.23313596844673157
[2023-05-02 22:14:57] Train Epoch: 2 [16000/20000 (80.0%)]	Loss: 0.17338520288467407
[2023-05-02 22:15:07] Train Epoch: 2 [17000/20000 (85.0%)]	Loss: 0.13161291182041168
[2023-05-02 22:15:17] Train Epoch: 2 [18000/20000 (90.0%)]	Loss: 0.37160441279411316
[2023-05-02 22:15:28] Train Epoch: 2 [19000/20000 (95.0%)]	Loss: 0.2522023320198059
[2023-05-02 22:15:53] ========== Metrics ==========
[2023-05-02 22:15:53] {
  "tr_loss": 0.3092171176850754,
  "tr_acc": 0.8768876887688769,
  "tr_f1": 0.8771334464517416,
  "val_loss": 0.4187465393325113,
  "val_acc": 0.8106235565819861,
  "val_f1": 0.7838605028386051,
  "test_loss": 0.4696856265468649,
  "test_acc": 0.7669376693766937,
  "test_f1": 0.7133333333333333
}
[2023-05-02 22:15:53] ========== Metrics ==========
[2023-05-02 22:15:55] Train Epoch: 3 [0/20000 (0.0%)]	Loss: 0.28656861186027527
[2023-05-02 22:16:06] Train Epoch: 3 [1000/20000 (5.0%)]	Loss: 0.06886889785528183
[2023-05-02 22:16:16] Train Epoch: 3 [2000/20000 (10.0%)]	Loss: 0.08260659873485565
[2023-05-02 22:16:26] Train Epoch: 3 [3000/20000 (15.0%)]	Loss: 0.4153416156768799
[2023-05-02 22:16:35] Train Epoch: 3 [4000/20000 (20.0%)]	Loss: 0.4067923426628113
[2023-05-02 22:16:45] Train Epoch: 3 [5000/20000 (25.0%)]	Loss: 0.20764771103858948
[2023-05-02 22:16:55] Train Epoch: 3 [6000/20000 (30.0%)]	Loss: 0.12084303051233292
[2023-05-02 22:17:05] Train Epoch: 3 [7000/20000 (35.0%)]	Loss: 0.10172388702630997
[2023-05-02 22:17:15] Train Epoch: 3 [8000/20000 (40.0%)]	Loss: 0.4497903883457184
[2023-05-02 22:17:25] Train Epoch: 3 [9000/20000 (45.0%)]	Loss: 0.08659889549016953
[2023-05-02 22:17:35] Train Epoch: 3 [10000/20000 (50.0%)]	Loss: 0.1517505943775177
[2023-05-02 22:17:45] Train Epoch: 3 [11000/20000 (55.0%)]	Loss: 0.10684354603290558
[2023-05-02 22:17:55] Train Epoch: 3 [12000/20000 (60.0%)]	Loss: 0.27736228704452515
[2023-05-02 22:18:05] Train Epoch: 3 [13000/20000 (65.0%)]	Loss: 0.36333155632019043
[2023-05-02 22:18:15] Train Epoch: 3 [14000/20000 (70.0%)]	Loss: 0.18062394857406616
[2023-05-02 22:18:25] Train Epoch: 3 [15000/20000 (75.0%)]	Loss: 0.19292360544204712
[2023-05-02 22:18:35] Train Epoch: 3 [16000/20000 (80.0%)]	Loss: 0.04521691054105759
[2023-05-02 22:18:45] Train Epoch: 3 [17000/20000 (85.0%)]	Loss: 0.13116364181041718
[2023-05-02 22:18:55] Train Epoch: 3 [18000/20000 (90.0%)]	Loss: 0.3856736421585083
[2023-05-02 22:19:06] Train Epoch: 3 [19000/20000 (95.0%)]	Loss: 0.3143133521080017
[2023-05-02 22:19:32] ========== Metrics ==========
[2023-05-02 22:19:32] {
  "tr_loss": 0.18963408390312853,
  "tr_acc": 0.9322932293229323,
  "tr_f1": 0.9322390151136023,
  "val_loss": 0.4344242096984973,
  "val_acc": 0.8292769586072126,
  "val_f1": 0.8155116145133422,
  "test_loss": 0.46386547406837547,
  "test_acc": 0.8048780487804879,
  "test_f1": 0.7763975155279502
}
[2023-05-02 22:19:32] ========== Metrics ==========
[2023-05-02 22:19:34] Train Epoch: 4 [0/20000 (0.0%)]	Loss: 0.04324109107255936
[2023-05-02 22:19:44] Train Epoch: 4 [1000/20000 (5.0%)]	Loss: 0.16951778531074524
[2023-05-02 22:19:54] Train Epoch: 4 [2000/20000 (10.0%)]	Loss: 0.15641163289546967
[2023-05-02 22:20:04] Train Epoch: 4 [3000/20000 (15.0%)]	Loss: 0.013732935301959515
[2023-05-02 22:20:13] Train Epoch: 4 [4000/20000 (20.0%)]	Loss: 0.15893402695655823
[2023-05-02 22:20:23] Train Epoch: 4 [5000/20000 (25.0%)]	Loss: 0.022727206349372864
[2023-05-02 22:20:34] Train Epoch: 4 [6000/20000 (30.0%)]	Loss: 0.19069133698940277
[2023-05-02 22:20:44] Train Epoch: 4 [7000/20000 (35.0%)]	Loss: 0.27965885400772095
[2023-05-02 22:20:53] Train Epoch: 4 [8000/20000 (40.0%)]	Loss: 0.15879568457603455
[2023-05-02 22:21:04] Train Epoch: 4 [9000/20000 (45.0%)]	Loss: 0.19220566749572754
[2023-05-02 22:21:14] Train Epoch: 4 [10000/20000 (50.0%)]	Loss: 0.5191642045974731
[2023-05-02 22:21:24] Train Epoch: 4 [11000/20000 (55.0%)]	Loss: 0.024280313402414322
[2023-05-02 22:21:35] Train Epoch: 4 [12000/20000 (60.0%)]	Loss: 0.1378978043794632
[2023-05-02 22:21:46] Train Epoch: 4 [13000/20000 (65.0%)]	Loss: 0.05551858991384506
[2023-05-02 22:21:57] Train Epoch: 4 [14000/20000 (70.0%)]	Loss: 0.035880956798791885
[2023-05-02 22:22:08] Train Epoch: 4 [15000/20000 (75.0%)]	Loss: 0.04172017425298691
[2023-05-02 22:22:19] Train Epoch: 4 [16000/20000 (80.0%)]	Loss: 0.012924003414809704
[2023-05-02 22:22:30] Train Epoch: 4 [17000/20000 (85.0%)]	Loss: 0.012789797969162464
[2023-05-02 22:22:41] Train Epoch: 4 [18000/20000 (90.0%)]	Loss: 0.13723862171173096
[2023-05-02 22:22:52] Train Epoch: 4 [19000/20000 (95.0%)]	Loss: 0.07497023791074753
[2023-05-02 22:23:19] ========== Metrics ==========
[2023-05-02 22:23:19] {
  "tr_loss": 0.09990718083582645,
  "tr_acc": 0.968046804680468,
  "tr_f1": 0.9680324178298064,
  "val_loss": 0.5164761881733326,
  "val_acc": 0.8301652158465092,
  "val_f1": 0.8394895903290798,
  "test_loss": 0.3883616854424076,
  "test_acc": 0.8590785907859079,
  "test_f1": 0.8631578947368422
}
[2023-05-02 22:23:19] ========== Metrics ==========
[2023-05-02 22:23:21] Train Epoch: 5 [0/20000 (0.0%)]	Loss: 0.025361578911542892
[2023-05-02 22:23:31] Train Epoch: 5 [1000/20000 (5.0%)]	Loss: 0.013308863155543804
[2023-05-02 22:23:41] Train Epoch: 5 [2000/20000 (10.0%)]	Loss: 0.20441731810569763
[2023-05-02 22:23:51] Train Epoch: 5 [3000/20000 (15.0%)]	Loss: 0.0014483220875263214
[2023-05-02 22:24:01] Train Epoch: 5 [4000/20000 (20.0%)]	Loss: 0.11595405638217926
[2023-05-02 22:24:11] Train Epoch: 5 [5000/20000 (25.0%)]	Loss: 0.015671592205762863
[2023-05-02 22:24:21] Train Epoch: 5 [6000/20000 (30.0%)]	Loss: 0.011670399457216263
[2023-05-02 22:24:32] Train Epoch: 5 [7000/20000 (35.0%)]	Loss: 0.00557530764490366
[2023-05-02 22:24:42] Train Epoch: 5 [8000/20000 (40.0%)]	Loss: 0.1515629142522812
[2023-05-02 22:24:52] Train Epoch: 5 [9000/20000 (45.0%)]	Loss: 0.175251767039299
[2023-05-02 22:25:03] Train Epoch: 5 [10000/20000 (50.0%)]	Loss: 0.020923620089888573
[2023-05-02 22:25:13] Train Epoch: 5 [11000/20000 (55.0%)]	Loss: 0.00842474214732647
[2023-05-02 22:25:23] Train Epoch: 5 [12000/20000 (60.0%)]	Loss: 0.2173360139131546
[2023-05-02 22:25:34] Train Epoch: 5 [13000/20000 (65.0%)]	Loss: 0.022448990494012833
[2023-05-02 22:25:44] Train Epoch: 5 [14000/20000 (70.0%)]	Loss: 0.0356210358440876
[2023-05-02 22:25:54] Train Epoch: 5 [15000/20000 (75.0%)]	Loss: 0.012433415278792381
[2023-05-02 22:26:05] Train Epoch: 5 [16000/20000 (80.0%)]	Loss: 0.006806947290897369
[2023-05-02 22:26:15] Train Epoch: 5 [17000/20000 (85.0%)]	Loss: 0.03138406202197075
[2023-05-02 22:26:25] Train Epoch: 5 [18000/20000 (90.0%)]	Loss: 0.07926501333713531
[2023-05-02 22:26:35] Train Epoch: 5 [19000/20000 (95.0%)]	Loss: 0.3212444484233856
[2023-05-02 22:27:00] ========== Metrics ==========
[2023-05-02 22:27:00] {
  "tr_loss": 0.052068681640356454,
  "tr_acc": 0.9841984198419842,
  "tr_f1": 0.9841873498799039,
  "val_loss": 0.6216294533755252,
  "val_acc": 0.8308758216379464,
  "val_f1": 0.8294518093873163,
  "test_loss": 0.5189142479159967,
  "test_acc": 0.8373983739837398,
  "test_f1": 0.8314606741573034
}
[2023-05-02 22:27:00] ========== Metrics ==========
[2023-05-02 22:27:02] Train Epoch: 6 [0/20000 (0.0%)]	Loss: 0.02002805471420288
[2023-05-02 22:27:11] Train Epoch: 6 [1000/20000 (5.0%)]	Loss: 0.014949992299079895
[2023-05-02 22:27:20] Train Epoch: 6 [2000/20000 (10.0%)]	Loss: 0.00446395855396986
[2023-05-02 22:27:28] Train Epoch: 6 [3000/20000 (15.0%)]	Loss: 0.021848438307642937
[2023-05-02 22:27:36] Train Epoch: 6 [4000/20000 (20.0%)]	Loss: 0.04266877472400665
[2023-05-02 22:27:45] Train Epoch: 6 [5000/20000 (25.0%)]	Loss: 0.0036973953247070312
[2023-05-02 22:27:53] Train Epoch: 6 [6000/20000 (30.0%)]	Loss: 0.0016065671807155013
[2023-05-02 22:28:02] Train Epoch: 6 [7000/20000 (35.0%)]	Loss: 0.0015993763227015734
[2023-05-02 22:28:11] Train Epoch: 6 [8000/20000 (40.0%)]	Loss: 0.007415196392685175
[2023-05-02 22:28:19] Train Epoch: 6 [9000/20000 (45.0%)]	Loss: 0.015615391544997692
[2023-05-02 22:28:28] Train Epoch: 6 [10000/20000 (50.0%)]	Loss: 0.006879688706248999
[2023-05-02 22:28:37] Train Epoch: 6 [11000/20000 (55.0%)]	Loss: 0.0015775638166815042
[2023-05-02 22:28:45] Train Epoch: 6 [12000/20000 (60.0%)]	Loss: 0.0034517734311521053
[2023-05-02 22:28:54] Train Epoch: 6 [13000/20000 (65.0%)]	Loss: 0.0009051298839040101
[2023-05-02 22:29:03] Train Epoch: 6 [14000/20000 (70.0%)]	Loss: 0.002886370290070772
[2023-05-02 22:29:12] Train Epoch: 6 [15000/20000 (75.0%)]	Loss: 0.005866812076419592
[2023-05-02 22:29:21] Train Epoch: 6 [16000/20000 (80.0%)]	Loss: 0.0035872638691216707
[2023-05-02 22:29:30] Train Epoch: 6 [17000/20000 (85.0%)]	Loss: 0.03194237872958183
[2023-05-02 22:29:39] Train Epoch: 6 [18000/20000 (90.0%)]	Loss: 0.008952555246651173
[2023-05-02 22:29:48] Train Epoch: 6 [19000/20000 (95.0%)]	Loss: 0.006154417991638184
[2023-05-02 22:30:12] ========== Metrics ==========
[2023-05-02 22:30:12] {
  "tr_loss": 0.017067754493266453,
  "tr_acc": 0.995949594959496,
  "tr_f1": 0.9959481766795057,
  "val_loss": 0.7951019151421848,
  "val_acc": 0.8308758216379464,
  "val_f1": 0.8336246067808458,
  "test_loss": 0.6143579763287128,
  "test_acc": 0.8373983739837398,
  "test_f1": 0.8360655737704918
}
[2023-05-02 22:30:12] ========== Metrics ==========
[2023-05-02 22:30:14] Train Epoch: 7 [0/20000 (0.0%)]	Loss: 0.0005786159308627248
[2023-05-02 22:30:23] Train Epoch: 7 [1000/20000 (5.0%)]	Loss: 0.007021255791187286
[2023-05-02 22:30:32] Train Epoch: 7 [2000/20000 (10.0%)]	Loss: 0.0013121216325089335
[2023-05-02 22:30:40] Train Epoch: 7 [3000/20000 (15.0%)]	Loss: 0.0036877754610031843
[2023-05-02 22:30:48] Train Epoch: 7 [4000/20000 (20.0%)]	Loss: 0.0011852162424474955
[2023-05-02 22:30:56] Train Epoch: 7 [5000/20000 (25.0%)]	Loss: 0.002120502293109894
[2023-05-02 22:31:05] Train Epoch: 7 [6000/20000 (30.0%)]	Loss: 0.0055015841498970985
[2023-05-02 22:31:14] Train Epoch: 7 [7000/20000 (35.0%)]	Loss: 0.005078349262475967
[2023-05-02 22:31:23] Train Epoch: 7 [8000/20000 (40.0%)]	Loss: 0.0012493613176047802
[2023-05-02 22:31:32] Train Epoch: 7 [9000/20000 (45.0%)]	Loss: 0.002832388738170266
[2023-05-02 22:31:41] Train Epoch: 7 [10000/20000 (50.0%)]	Loss: 0.00399550748988986
[2023-05-02 22:31:50] Train Epoch: 7 [11000/20000 (55.0%)]	Loss: 0.0013869937974959612
[2023-05-02 22:31:59] Train Epoch: 7 [12000/20000 (60.0%)]	Loss: 0.0026482585817575455
[2023-05-02 22:32:08] Train Epoch: 7 [13000/20000 (65.0%)]	Loss: 0.000512768339831382
[2023-05-02 22:32:18] Train Epoch: 7 [14000/20000 (70.0%)]	Loss: 0.0014982122229412198
[2023-05-02 22:32:27] Train Epoch: 7 [15000/20000 (75.0%)]	Loss: 0.003119220258668065
[2023-05-02 22:32:36] Train Epoch: 7 [16000/20000 (80.0%)]	Loss: 0.12253061681985855
[2023-05-02 22:32:45] Train Epoch: 7 [17000/20000 (85.0%)]	Loss: 0.000951236579567194
[2023-05-02 22:32:54] Train Epoch: 7 [18000/20000 (90.0%)]	Loss: 0.0006023385212756693
[2023-05-02 22:33:04] Train Epoch: 7 [19000/20000 (95.0%)]	Loss: 0.0010953063610941172
[2023-05-02 22:33:29] ========== Metrics ==========
[2023-05-02 22:33:29] {
  "tr_loss": 0.013055022722474335,
  "tr_acc": 0.996999699969997,
  "tr_f1": 0.996997297567811,
  "val_loss": 0.8407487721889046,
  "val_acc": 0.8315864274293836,
  "val_f1": 0.8307747233131024,
  "test_loss": 0.7317973704892526,
  "test_acc": 0.8346883468834688,
  "test_f1": 0.828169014084507
}
[2023-05-02 22:33:29] ========== Metrics ==========
[2023-05-02 22:33:31] Train Epoch: 8 [0/20000 (0.0%)]	Loss: 0.0006848899647593498
[2023-05-02 22:33:39] Train Epoch: 8 [1000/20000 (5.0%)]	Loss: 0.00121099385432899
[2023-05-02 22:33:48] Train Epoch: 8 [2000/20000 (10.0%)]	Loss: 0.0002974419330712408
[2023-05-02 22:33:56] Train Epoch: 8 [3000/20000 (15.0%)]	Loss: 0.04972128942608833
[2023-05-02 22:34:04] Train Epoch: 8 [4000/20000 (20.0%)]	Loss: 0.018928615376353264
[2023-05-02 22:34:13] Train Epoch: 8 [5000/20000 (25.0%)]	Loss: 0.0027284366078674793
[2023-05-02 22:34:21] Train Epoch: 8 [6000/20000 (30.0%)]	Loss: 0.003413816448301077
[2023-05-02 22:34:30] Train Epoch: 8 [7000/20000 (35.0%)]	Loss: 0.002960037440061569
[2023-05-02 22:34:38] Train Epoch: 8 [8000/20000 (40.0%)]	Loss: 0.004413285292685032
[2023-05-02 22:34:47] Train Epoch: 8 [9000/20000 (45.0%)]	Loss: 0.38244205713272095
[2023-05-02 22:34:55] Train Epoch: 8 [10000/20000 (50.0%)]	Loss: 0.015010232105851173
[2023-05-02 22:35:04] Train Epoch: 8 [11000/20000 (55.0%)]	Loss: 0.003788375062867999
[2023-05-02 22:35:13] Train Epoch: 8 [12000/20000 (60.0%)]	Loss: 0.011324619874358177
[2023-05-02 22:35:22] Train Epoch: 8 [13000/20000 (65.0%)]	Loss: 0.0005083465366624296
[2023-05-02 22:35:31] Train Epoch: 8 [14000/20000 (70.0%)]	Loss: 0.019699539989233017
[2023-05-02 22:35:40] Train Epoch: 8 [15000/20000 (75.0%)]	Loss: 0.0022266781888902187
[2023-05-02 22:35:49] Train Epoch: 8 [16000/20000 (80.0%)]	Loss: 0.006082228384912014
[2023-05-02 22:35:58] Train Epoch: 8 [17000/20000 (85.0%)]	Loss: 0.0014097498496994376
[2023-05-02 22:36:06] Train Epoch: 8 [18000/20000 (90.0%)]	Loss: 0.0006976631702855229
[2023-05-02 22:36:16] Train Epoch: 8 [19000/20000 (95.0%)]	Loss: 0.001018328475765884
[2023-05-02 22:36:40] ========== Metrics ==========
[2023-05-02 22:36:40] {
  "tr_loss": 0.0104158355724362,
  "tr_acc": 0.9975997599759976,
  "tr_f1": 0.9975987993996998,
  "val_loss": 0.919550523616216,
  "val_acc": 0.8305205187422278,
  "val_f1": 0.8293381037567085,
  "test_loss": 0.757740250205606,
  "test_acc": 0.8292682926829268,
  "test_f1": 0.8225352112676056
}
[2023-05-02 22:36:40] ========== Metrics ==========
[2023-05-02 22:36:42] Train Epoch: 9 [0/20000 (0.0%)]	Loss: 0.0006324591231532395
[2023-05-02 22:36:51] Train Epoch: 9 [1000/20000 (5.0%)]	Loss: 0.0003883603203576058
[2023-05-02 22:36:59] Train Epoch: 9 [2000/20000 (10.0%)]	Loss: 0.0010290039936080575
[2023-05-02 22:37:08] Train Epoch: 9 [3000/20000 (15.0%)]	Loss: 0.0009198982152156532
[2023-05-02 22:37:16] Train Epoch: 9 [4000/20000 (20.0%)]	Loss: 0.010366054251790047
[2023-05-02 22:37:25] Train Epoch: 9 [5000/20000 (25.0%)]	Loss: 0.0003723228583112359
[2023-05-02 22:37:33] Train Epoch: 9 [6000/20000 (30.0%)]	Loss: 0.00011257008736720309
[2023-05-02 22:37:42] Train Epoch: 9 [7000/20000 (35.0%)]	Loss: 0.00029590813210234046
[2023-05-02 22:37:50] Train Epoch: 9 [8000/20000 (40.0%)]	Loss: 0.03186630457639694
[2023-05-02 22:37:58] Train Epoch: 9 [9000/20000 (45.0%)]	Loss: 0.018908075988292694
[2023-05-02 22:38:07] Train Epoch: 9 [10000/20000 (50.0%)]	Loss: 0.19426117837429047
[2023-05-02 22:38:16] Train Epoch: 9 [11000/20000 (55.0%)]	Loss: 0.002623585518449545
[2023-05-02 22:38:25] Train Epoch: 9 [12000/20000 (60.0%)]	Loss: 0.0015730916056782007
[2023-05-02 22:38:34] Train Epoch: 9 [13000/20000 (65.0%)]	Loss: 0.0005240876926109195
[2023-05-02 22:38:43] Train Epoch: 9 [14000/20000 (70.0%)]	Loss: 0.0019025091314688325
[2023-05-02 22:38:52] Train Epoch: 9 [15000/20000 (75.0%)]	Loss: 0.0007147776195779443
[2023-05-02 22:39:01] Train Epoch: 9 [16000/20000 (80.0%)]	Loss: 0.0003459364816080779
[2023-05-02 22:39:09] Train Epoch: 9 [17000/20000 (85.0%)]	Loss: 0.002971049165353179
[2023-05-02 22:39:18] Train Epoch: 9 [18000/20000 (90.0%)]	Loss: 0.00013516153558157384
[2023-05-02 22:39:28] Train Epoch: 9 [19000/20000 (95.0%)]	Loss: 0.00026792025892063975
[2023-05-02 22:39:53] ========== Metrics ==========
[2023-05-02 22:39:53] {
  "tr_loss": 0.008186831643418062,
  "tr_acc": 0.998049804980498,
  "tr_f1": 0.9980491221049473,
  "val_loss": 1.0198873113513225,
  "val_acc": 0.8271451412329011,
  "val_f1": 0.8290883541190937,
  "test_loss": 0.831246302945181,
  "test_acc": 0.8292682926829268,
  "test_f1": 0.8245125348189415
}
[2023-05-02 22:39:53] ========== Metrics ==========
[2023-05-02 22:39:55] Train Epoch: 10 [0/20000 (0.0%)]	Loss: 0.0001460136118112132
[2023-05-02 22:40:04] Train Epoch: 10 [1000/20000 (5.0%)]	Loss: 0.0012181245256215334
[2023-05-02 22:40:13] Train Epoch: 10 [2000/20000 (10.0%)]	Loss: 0.0005249495152384043
[2023-05-02 22:40:21] Train Epoch: 10 [3000/20000 (15.0%)]	Loss: 0.0024245276581496
[2023-05-02 22:40:30] Train Epoch: 10 [4000/20000 (20.0%)]	Loss: 0.003911119420081377
[2023-05-02 22:40:39] Train Epoch: 10 [5000/20000 (25.0%)]	Loss: 0.0003583814250305295
[2023-05-02 22:40:47] Train Epoch: 10 [6000/20000 (30.0%)]	Loss: 0.0036370023153722286
[2023-05-02 22:40:56] Train Epoch: 10 [7000/20000 (35.0%)]	Loss: 0.08095168322324753
[2023-05-02 22:41:06] Train Epoch: 10 [8000/20000 (40.0%)]	Loss: 0.00010493448644410819
[2023-05-02 22:41:16] Train Epoch: 10 [9000/20000 (45.0%)]	Loss: 0.0010594449704512954
[2023-05-02 22:41:26] Train Epoch: 10 [10000/20000 (50.0%)]	Loss: 0.005305316764861345
[2023-05-02 22:41:36] Train Epoch: 10 [11000/20000 (55.0%)]	Loss: 0.00024295345065183938
[2023-05-02 22:41:46] Train Epoch: 10 [12000/20000 (60.0%)]	Loss: 0.00014424011169467121
[2023-05-02 22:41:56] Train Epoch: 10 [13000/20000 (65.0%)]	Loss: 0.007388258818536997
[2023-05-02 22:42:06] Train Epoch: 10 [14000/20000 (70.0%)]	Loss: 0.00029509406886063516
[2023-05-02 22:42:15] Train Epoch: 10 [15000/20000 (75.0%)]	Loss: 0.0012646475806832314
[2023-05-02 22:42:25] Train Epoch: 10 [16000/20000 (80.0%)]	Loss: 0.0013754272367805243
[2023-05-02 22:42:35] Train Epoch: 10 [17000/20000 (85.0%)]	Loss: 0.0012671762378886342
[2023-05-02 22:42:45] Train Epoch: 10 [18000/20000 (90.0%)]	Loss: 0.000357326352968812
[2023-05-02 22:42:55] Train Epoch: 10 [19000/20000 (95.0%)]	Loss: 0.00023027657880447805
[2023-05-02 22:43:20] ========== Metrics ==========
[2023-05-02 22:43:20] {
  "tr_loss": 0.0063286859396866225,
  "tr_acc": 0.9985998599859987,
  "tr_f1": 0.9985995798739621,
  "val_loss": 1.115846690705999,
  "val_acc": 0.8211049920056849,
  "val_f1": 0.8268271711092003,
  "test_loss": 0.9394904728827438,
  "test_acc": 0.8319783197831978,
  "test_f1": 0.8324324324324324
}
[2023-05-02 22:43:20] ========== Metrics ==========
[2023-05-02 22:43:21] Train Epoch: 11 [0/20000 (0.0%)]	Loss: 0.0004873645375482738
[2023-05-02 22:43:30] Train Epoch: 11 [1000/20000 (5.0%)]	Loss: 0.001788572408258915
[2023-05-02 22:43:39] Train Epoch: 11 [2000/20000 (10.0%)]	Loss: 0.0013085769023746252
[2023-05-02 22:43:47] Train Epoch: 11 [3000/20000 (15.0%)]	Loss: 8.919383253669366e-05
[2023-05-02 22:43:55] Train Epoch: 11 [4000/20000 (20.0%)]	Loss: 9.986697841668501e-05
[2023-05-02 22:44:04] Train Epoch: 11 [5000/20000 (25.0%)]	Loss: 0.0005084129516035318
[2023-05-02 22:44:12] Train Epoch: 11 [6000/20000 (30.0%)]	Loss: 0.004329954273998737
[2023-05-02 22:44:20] Train Epoch: 11 [7000/20000 (35.0%)]	Loss: 0.0005597451818175614
[2023-05-02 22:44:29] Train Epoch: 11 [8000/20000 (40.0%)]	Loss: 0.0004910908755846322
[2023-05-02 22:44:37] Train Epoch: 11 [9000/20000 (45.0%)]	Loss: 0.00017482976545579731
[2023-05-02 22:44:45] Train Epoch: 11 [10000/20000 (50.0%)]	Loss: 0.0003161414642818272
[2023-05-02 22:44:54] Train Epoch: 11 [11000/20000 (55.0%)]	Loss: 0.0002558321284595877
[2023-05-02 22:45:02] Train Epoch: 11 [12000/20000 (60.0%)]	Loss: 0.0029605820309370756
[2023-05-02 22:45:10] Train Epoch: 11 [13000/20000 (65.0%)]	Loss: 0.0006437787669710815
[2023-05-02 22:45:19] Train Epoch: 11 [14000/20000 (70.0%)]	Loss: 0.0003682553069666028
[2023-05-02 22:45:27] Train Epoch: 11 [15000/20000 (75.0%)]	Loss: 0.0010811279062181711
[2023-05-02 22:45:36] Train Epoch: 11 [16000/20000 (80.0%)]	Loss: 2.7379783205105923e-05
[2023-05-02 22:45:44] Train Epoch: 11 [17000/20000 (85.0%)]	Loss: 0.001451884862035513
[2023-05-02 22:45:52] Train Epoch: 11 [18000/20000 (90.0%)]	Loss: 0.0007502057123929262
[2023-05-02 22:46:01] Train Epoch: 11 [19000/20000 (95.0%)]	Loss: 0.0018363811541348696
[2023-05-02 22:46:25] ========== Metrics ==========
[2023-05-02 22:46:25] {
  "tr_loss": 0.004382133539435115,
  "tr_acc": 0.9990499049904991,
  "tr_f1": 0.9990497624406103,
  "val_loss": 1.1111311833007729,
  "val_acc": 0.825368626754308,
  "val_f1": 0.8264170934133851,
  "test_loss": 0.9461030372113071,
  "test_acc": 0.8265582655826558,
  "test_f1": 0.8222222222222223
}
[2023-05-02 22:46:25] ========== Metrics ==========
[2023-05-02 22:46:27] Train Epoch: 12 [0/20000 (0.0%)]	Loss: 0.0018722942331805825
[2023-05-02 22:46:36] Train Epoch: 12 [1000/20000 (5.0%)]	Loss: 0.0013997547794133425
[2023-05-02 22:46:44] Train Epoch: 12 [2000/20000 (10.0%)]	Loss: 0.0019352168310433626
[2023-05-02 22:46:53] Train Epoch: 12 [3000/20000 (15.0%)]	Loss: 0.00023297977168112993
[2023-05-02 22:47:01] Train Epoch: 12 [4000/20000 (20.0%)]	Loss: 0.0013598627410829067
[2023-05-02 22:47:09] Train Epoch: 12 [5000/20000 (25.0%)]	Loss: 0.0005161919980309904
[2023-05-02 22:47:18] Train Epoch: 12 [6000/20000 (30.0%)]	Loss: 0.0003360706032253802
[2023-05-02 22:47:27] Train Epoch: 12 [7000/20000 (35.0%)]	Loss: 0.00024020385171752423
[2023-05-02 22:47:35] Train Epoch: 12 [8000/20000 (40.0%)]	Loss: 0.00011255177378188819
[2023-05-02 22:47:44] Train Epoch: 12 [9000/20000 (45.0%)]	Loss: 0.0005312730791047215
[2023-05-02 22:47:52] Train Epoch: 12 [10000/20000 (50.0%)]	Loss: 0.002753983484581113
[2023-05-02 22:48:00] Train Epoch: 12 [11000/20000 (55.0%)]	Loss: 0.0004668450856115669
[2023-05-02 22:48:09] Train Epoch: 12 [12000/20000 (60.0%)]	Loss: 0.00028472309350036085
[2023-05-02 22:48:17] Train Epoch: 12 [13000/20000 (65.0%)]	Loss: 0.0003927591606043279
[2023-05-02 22:48:26] Train Epoch: 12 [14000/20000 (70.0%)]	Loss: 0.0008726584492251277
[2023-05-02 22:48:35] Train Epoch: 12 [15000/20000 (75.0%)]	Loss: 0.0006305358838289976
[2023-05-02 22:48:44] Train Epoch: 12 [16000/20000 (80.0%)]	Loss: 0.0021607803646475077
[2023-05-02 22:48:53] Train Epoch: 12 [17000/20000 (85.0%)]	Loss: 0.00013239486725069582
[2023-05-02 22:49:02] Train Epoch: 12 [18000/20000 (90.0%)]	Loss: 0.00010876326268771663
[2023-05-02 22:49:11] Train Epoch: 12 [19000/20000 (95.0%)]	Loss: 0.00013773799582850188
[2023-05-02 22:49:35] ========== Metrics ==========
[2023-05-02 22:49:35] {
  "tr_loss": 0.004212976426346205,
  "tr_acc": 0.9990999099909991,
  "tr_f1": 0.9990996398559423,
  "val_loss": 1.1374319722814075,
  "val_acc": 0.8228815064842778,
  "val_f1": 0.8246878846491998,
  "test_loss": 0.9323080812850941,
  "test_acc": 0.8265582655826558,
  "test_f1": 0.8222222222222223
}
[2023-05-02 22:49:35] ========== Metrics ==========
[2023-05-02 22:49:37] Train Epoch: 13 [0/20000 (0.0%)]	Loss: 9.635296009946615e-05
[2023-05-02 22:49:46] Train Epoch: 13 [1000/20000 (5.0%)]	Loss: 4.914043893222697e-05
[2023-05-02 22:49:54] Train Epoch: 13 [2000/20000 (10.0%)]	Loss: 0.0005988279590383172
[2023-05-02 22:50:03] Train Epoch: 13 [3000/20000 (15.0%)]	Loss: 0.0007861449266783893
[2023-05-02 22:50:11] Train Epoch: 13 [4000/20000 (20.0%)]	Loss: 0.00047943773097358644
[2023-05-02 22:50:20] Train Epoch: 13 [5000/20000 (25.0%)]	Loss: 0.00044001295464113355
[2023-05-02 22:50:28] Train Epoch: 13 [6000/20000 (30.0%)]	Loss: 0.00021709551219828427
[2023-05-02 22:50:37] Train Epoch: 13 [7000/20000 (35.0%)]	Loss: 0.0002670570102054626
[2023-05-02 22:50:45] Train Epoch: 13 [8000/20000 (40.0%)]	Loss: 0.0013249178882688284
[2023-05-02 22:50:53] Train Epoch: 13 [9000/20000 (45.0%)]	Loss: 0.0006037413841113448
[2023-05-02 22:51:02] Train Epoch: 13 [10000/20000 (50.0%)]	Loss: 0.0009094484848901629
[2023-05-02 22:51:11] Train Epoch: 13 [11000/20000 (55.0%)]	Loss: 0.004190612584352493
[2023-05-02 22:51:19] Train Epoch: 13 [12000/20000 (60.0%)]	Loss: 0.0008152853697538376
[2023-05-02 22:51:28] Train Epoch: 13 [13000/20000 (65.0%)]	Loss: 0.0007245925953611732
[2023-05-02 22:51:37] Train Epoch: 13 [14000/20000 (70.0%)]	Loss: 0.019047241657972336
[2023-05-02 22:51:45] Train Epoch: 13 [15000/20000 (75.0%)]	Loss: 0.0003158450417686254
[2023-05-02 22:51:54] Train Epoch: 13 [16000/20000 (80.0%)]	Loss: 0.00042716023745015264
[2023-05-02 22:52:03] Train Epoch: 13 [17000/20000 (85.0%)]	Loss: 0.0010133227333426476
[2023-05-02 22:52:12] Train Epoch: 13 [18000/20000 (90.0%)]	Loss: 0.0006238345522433519
[2023-05-02 22:52:21] Train Epoch: 13 [19000/20000 (95.0%)]	Loss: 0.0898272842168808
[2023-05-02 22:52:43] Stop At epoch 13/20 due to valid not increase
[2023-05-02 22:52:46] ========== Metrics ==========
[2023-05-02 22:52:46] {
  "tr_loss": 0.00403263229928085,
  "tr_acc": 0.9991499149914992,
  "tr_f1": 0.9991497023958386,
  "val_loss": 1.1401080942405395,
  "val_acc": 0.824125066619293,
  "val_f1": 0.8255813953488371,
  "test_loss": 0.9600697009544062,
  "test_acc": 0.8265582655826558,
  "test_f1": 0.8222222222222223
}
[2023-05-02 22:52:46] ========== Metrics ==========
