[2023-05-03 21:22:27] Train Epoch: 1 [0/20000 (0.0%)]	Loss: 0.6960708498954773
[2023-05-03 21:22:29] Train Epoch: 1 [1000/20000 (5.0%)]	Loss: 0.7020531892776489
[2023-05-03 21:22:32] Train Epoch: 1 [2000/20000 (10.0%)]	Loss: 0.6679080128669739
[2023-05-03 21:22:35] Train Epoch: 1 [3000/20000 (15.0%)]	Loss: 0.6265033483505249
[2023-05-03 21:22:38] Train Epoch: 1 [4000/20000 (20.0%)]	Loss: 0.6175638437271118
[2023-05-03 21:22:41] Train Epoch: 1 [5000/20000 (25.0%)]	Loss: 0.41327032446861267
[2023-05-03 21:22:44] Train Epoch: 1 [6000/20000 (30.0%)]	Loss: 0.5688367486000061
[2023-05-03 21:22:47] Train Epoch: 1 [7000/20000 (35.0%)]	Loss: 0.4928608536720276
[2023-05-03 21:22:50] Train Epoch: 1 [8000/20000 (40.0%)]	Loss: 0.45008954405784607
[2023-05-03 21:22:54] Train Epoch: 1 [9000/20000 (45.0%)]	Loss: 0.4793669581413269
[2023-05-03 21:22:58] Train Epoch: 1 [10000/20000 (50.0%)]	Loss: 0.315859854221344
[2023-05-03 21:23:01] Train Epoch: 1 [11000/20000 (55.0%)]	Loss: 0.5834218263626099
[2023-05-03 21:23:05] Train Epoch: 1 [12000/20000 (60.0%)]	Loss: 0.3950554430484772
[2023-05-03 21:23:08] Train Epoch: 1 [13000/20000 (65.0%)]	Loss: 0.45409831404685974
[2023-05-03 21:23:12] Train Epoch: 1 [14000/20000 (70.0%)]	Loss: 0.4439617097377777
[2023-05-03 21:23:15] Train Epoch: 1 [15000/20000 (75.0%)]	Loss: 0.4504096508026123
[2023-05-03 21:23:19] Train Epoch: 1 [16000/20000 (80.0%)]	Loss: 0.528099536895752
[2023-05-03 21:23:23] Train Epoch: 1 [17000/20000 (85.0%)]	Loss: 0.40632644295692444
[2023-05-03 21:23:26] Train Epoch: 1 [18000/20000 (90.0%)]	Loss: 0.34951722621917725
[2023-05-03 21:23:30] Train Epoch: 1 [19000/20000 (95.0%)]	Loss: 0.21262817084789276
[2023-05-03 21:23:43] ========== Metrics ==========
[2023-05-03 21:23:43] {
  "tr_loss": 0.4934605733730016,
  "tr_acc": 0.7595759575957596,
  "tr_f1": 0.7600558938017765,
  "val_loss": 0.44446373943072015,
  "val_acc": 0.7923254574524783,
  "val_f1": 0.7610872675250357,
  "test_loss": 0.49439025119068175,
  "test_acc": 0.7696476964769647,
  "test_f1": 0.7231270358306191
}
[2023-05-03 21:23:43] ========== Metrics ==========
[2023-05-03 21:23:45] Train Epoch: 2 [0/20000 (0.0%)]	Loss: 0.6009514331817627
[2023-05-03 21:23:49] Train Epoch: 2 [1000/20000 (5.0%)]	Loss: 0.2998822331428528
[2023-05-03 21:23:52] Train Epoch: 2 [2000/20000 (10.0%)]	Loss: 0.12566687166690826
[2023-05-03 21:23:56] Train Epoch: 2 [3000/20000 (15.0%)]	Loss: 0.4453682005405426
[2023-05-03 21:24:00] Train Epoch: 2 [4000/20000 (20.0%)]	Loss: 0.294521301984787
[2023-05-03 21:24:04] Train Epoch: 2 [5000/20000 (25.0%)]	Loss: 0.36278897523880005
[2023-05-03 21:24:08] Train Epoch: 2 [6000/20000 (30.0%)]	Loss: 0.22893103957176208
[2023-05-03 21:24:12] Train Epoch: 2 [7000/20000 (35.0%)]	Loss: 0.23354730010032654
[2023-05-03 21:24:16] Train Epoch: 2 [8000/20000 (40.0%)]	Loss: 0.39050692319869995
[2023-05-03 21:24:20] Train Epoch: 2 [9000/20000 (45.0%)]	Loss: 0.3387020230293274
[2023-05-03 21:24:24] Train Epoch: 2 [10000/20000 (50.0%)]	Loss: 0.8178509473800659
[2023-05-03 21:24:28] Train Epoch: 2 [11000/20000 (55.0%)]	Loss: 0.2270074337720871
[2023-05-03 21:24:32] Train Epoch: 2 [12000/20000 (60.0%)]	Loss: 0.2160382717847824
[2023-05-03 21:24:36] Train Epoch: 2 [13000/20000 (65.0%)]	Loss: 0.14883644878864288
[2023-05-03 21:24:40] Train Epoch: 2 [14000/20000 (70.0%)]	Loss: 0.4310382306575775
[2023-05-03 21:24:44] Train Epoch: 2 [15000/20000 (75.0%)]	Loss: 0.3300342559814453
[2023-05-03 21:24:48] Train Epoch: 2 [16000/20000 (80.0%)]	Loss: 0.2954285144805908
[2023-05-03 21:24:52] Train Epoch: 2 [17000/20000 (85.0%)]	Loss: 0.3387383818626404
[2023-05-03 21:24:56] Train Epoch: 2 [18000/20000 (90.0%)]	Loss: 0.4078758656978607
[2023-05-03 21:25:00] Train Epoch: 2 [19000/20000 (95.0%)]	Loss: 0.40644949674606323
[2023-05-03 21:25:13] ========== Metrics ==========
[2023-05-03 21:25:13] {
  "tr_loss": 0.3007656347883208,
  "tr_acc": 0.8809380938093809,
  "tr_f1": 0.8806456463983157,
  "val_loss": 0.368987551419937,
  "val_acc": 0.8353171078344288,
  "val_f1": 0.8283015373217263,
  "test_loss": 0.3724721413317735,
  "test_acc": 0.8292682926829268,
  "test_f1": 0.8119402985074627
}
[2023-05-03 21:25:13] ========== Metrics ==========
[2023-05-03 21:25:14] Train Epoch: 3 [0/20000 (0.0%)]	Loss: 0.17135699093341827
[2023-05-03 21:25:19] Train Epoch: 3 [1000/20000 (5.0%)]	Loss: 0.0966247096657753
[2023-05-03 21:25:23] Train Epoch: 3 [2000/20000 (10.0%)]	Loss: 0.2868728041648865
[2023-05-03 21:25:27] Train Epoch: 3 [3000/20000 (15.0%)]	Loss: 0.2254095822572708
[2023-05-03 21:25:32] Train Epoch: 3 [4000/20000 (20.0%)]	Loss: 0.2206413298845291
[2023-05-03 21:25:37] Train Epoch: 3 [5000/20000 (25.0%)]	Loss: 0.2883615791797638
[2023-05-03 21:25:41] Train Epoch: 3 [6000/20000 (30.0%)]	Loss: 0.17897950112819672
[2023-05-03 21:25:45] Train Epoch: 3 [7000/20000 (35.0%)]	Loss: 0.13066533207893372
[2023-05-03 21:25:49] Train Epoch: 3 [8000/20000 (40.0%)]	Loss: 0.09801144897937775
[2023-05-03 21:25:54] Train Epoch: 3 [9000/20000 (45.0%)]	Loss: 0.20717887580394745
[2023-05-03 21:25:58] Train Epoch: 3 [10000/20000 (50.0%)]	Loss: 0.25988516211509705
[2023-05-03 21:26:03] Train Epoch: 3 [11000/20000 (55.0%)]	Loss: 0.29273074865341187
[2023-05-03 21:26:07] Train Epoch: 3 [12000/20000 (60.0%)]	Loss: 0.36740827560424805
[2023-05-03 21:26:11] Train Epoch: 3 [13000/20000 (65.0%)]	Loss: 0.062235135585069656
[2023-05-03 21:26:16] Train Epoch: 3 [14000/20000 (70.0%)]	Loss: 0.1828695386648178
[2023-05-03 21:26:20] Train Epoch: 3 [15000/20000 (75.0%)]	Loss: 0.30648908019065857
[2023-05-03 21:26:24] Train Epoch: 3 [16000/20000 (80.0%)]	Loss: 0.16137757897377014
[2023-05-03 21:26:29] Train Epoch: 3 [17000/20000 (85.0%)]	Loss: 0.0970727950334549
[2023-05-03 21:26:33] Train Epoch: 3 [18000/20000 (90.0%)]	Loss: 0.15814092755317688
[2023-05-03 21:26:37] Train Epoch: 3 [19000/20000 (95.0%)]	Loss: 0.03041795827448368
[2023-05-03 21:26:50] ========== Metrics ==========
[2023-05-03 21:26:50] {
  "tr_loss": 0.1794351663033251,
  "tr_acc": 0.935943594359436,
  "tr_f1": 0.9360299625468165,
  "val_loss": 0.41872042198337023,
  "val_acc": 0.8406466512702079,
  "val_f1": 0.8389876144318794,
  "test_loss": 0.34543811406708025,
  "test_acc": 0.8428184281842819,
  "test_f1": 0.8388888888888889
}
[2023-05-03 21:26:50] ========== Metrics ==========
[2023-05-03 21:26:51] Train Epoch: 4 [0/20000 (0.0%)]	Loss: 0.016433902084827423
[2023-05-03 21:26:56] Train Epoch: 4 [1000/20000 (5.0%)]	Loss: 0.12386957556009293
[2023-05-03 21:27:00] Train Epoch: 4 [2000/20000 (10.0%)]	Loss: 0.3711261749267578
[2023-05-03 21:27:05] Train Epoch: 4 [3000/20000 (15.0%)]	Loss: 0.11157407611608505
[2023-05-03 21:27:09] Train Epoch: 4 [4000/20000 (20.0%)]	Loss: 0.05660564824938774
[2023-05-03 21:27:13] Train Epoch: 4 [5000/20000 (25.0%)]	Loss: 0.02811625972390175
[2023-05-03 21:27:18] Train Epoch: 4 [6000/20000 (30.0%)]	Loss: 0.3535696864128113
[2023-05-03 21:27:22] Train Epoch: 4 [7000/20000 (35.0%)]	Loss: 0.06450623273849487
[2023-05-03 21:27:26] Train Epoch: 4 [8000/20000 (40.0%)]	Loss: 0.1803460419178009
[2023-05-03 21:27:31] Train Epoch: 4 [9000/20000 (45.0%)]	Loss: 0.009229028597474098
[2023-05-03 21:27:35] Train Epoch: 4 [10000/20000 (50.0%)]	Loss: 0.0035886713303625584
[2023-05-03 21:27:39] Train Epoch: 4 [11000/20000 (55.0%)]	Loss: 0.05607295781373978
[2023-05-03 21:27:43] Train Epoch: 4 [12000/20000 (60.0%)]	Loss: 0.07791904360055923
[2023-05-03 21:27:48] Train Epoch: 4 [13000/20000 (65.0%)]	Loss: 0.03668392077088356
[2023-05-03 21:27:52] Train Epoch: 4 [14000/20000 (70.0%)]	Loss: 0.11308109760284424
[2023-05-03 21:27:56] Train Epoch: 4 [15000/20000 (75.0%)]	Loss: 0.12045291811227798
[2023-05-03 21:28:01] Train Epoch: 4 [16000/20000 (80.0%)]	Loss: 0.19121727347373962
[2023-05-03 21:28:05] Train Epoch: 4 [17000/20000 (85.0%)]	Loss: 0.02709043025970459
[2023-05-03 21:28:09] Train Epoch: 4 [18000/20000 (90.0%)]	Loss: 0.025407295674085617
[2023-05-03 21:28:14] Train Epoch: 4 [19000/20000 (95.0%)]	Loss: 0.09943545609712601
[2023-05-03 21:28:27] ========== Metrics ==========
[2023-05-03 21:28:27] {
  "tr_loss": 0.09484745924443853,
  "tr_acc": 0.9687968796879688,
  "tr_f1": 0.9688249400479617,
  "val_loss": 0.5129482848829509,
  "val_acc": 0.8239474151714337,
  "val_f1": 0.8326861387810232,
  "test_loss": 0.4181322770894866,
  "test_acc": 0.8482384823848238,
  "test_f1": 0.8518518518518517
}
[2023-05-03 21:28:27] ========== Metrics ==========
[2023-05-03 21:28:28] Train Epoch: 5 [0/20000 (0.0%)]	Loss: 0.02091933600604534
[2023-05-03 21:28:32] Train Epoch: 5 [1000/20000 (5.0%)]	Loss: 0.0031401291489601135
[2023-05-03 21:28:37] Train Epoch: 5 [2000/20000 (10.0%)]	Loss: 0.042479507625103
[2023-05-03 21:28:41] Train Epoch: 5 [3000/20000 (15.0%)]	Loss: 0.06731472164392471
[2023-05-03 21:28:46] Train Epoch: 5 [4000/20000 (20.0%)]	Loss: 0.0060709621757268906
[2023-05-03 21:28:50] Train Epoch: 5 [5000/20000 (25.0%)]	Loss: 0.0022656619548797607
[2023-05-03 21:28:55] Train Epoch: 5 [6000/20000 (30.0%)]	Loss: 0.07716647535562515
[2023-05-03 21:28:59] Train Epoch: 5 [7000/20000 (35.0%)]	Loss: 0.074024498462677
[2023-05-03 21:29:03] Train Epoch: 5 [8000/20000 (40.0%)]	Loss: 0.08183502405881882
[2023-05-03 21:29:08] Train Epoch: 5 [9000/20000 (45.0%)]	Loss: 0.011432284489274025
[2023-05-03 21:29:12] Train Epoch: 5 [10000/20000 (50.0%)]	Loss: 0.07159875333309174
[2023-05-03 21:29:16] Train Epoch: 5 [11000/20000 (55.0%)]	Loss: 0.055503327399492264
[2023-05-03 21:29:20] Train Epoch: 5 [12000/20000 (60.0%)]	Loss: 0.1341080367565155
[2023-05-03 21:29:25] Train Epoch: 5 [13000/20000 (65.0%)]	Loss: 0.03902888670563698
[2023-05-03 21:29:29] Train Epoch: 5 [14000/20000 (70.0%)]	Loss: 0.07492606341838837
[2023-05-03 21:29:33] Train Epoch: 5 [15000/20000 (75.0%)]	Loss: 0.0037434070836752653
[2023-05-03 21:29:38] Train Epoch: 5 [16000/20000 (80.0%)]	Loss: 0.011949315667152405
[2023-05-03 21:29:42] Train Epoch: 5 [17000/20000 (85.0%)]	Loss: 0.06716960668563843
[2023-05-03 21:29:46] Train Epoch: 5 [18000/20000 (90.0%)]	Loss: 0.0008155546966008842
[2023-05-03 21:29:51] Train Epoch: 5 [19000/20000 (95.0%)]	Loss: 0.009994665160775185
[2023-05-03 21:30:04] ========== Metrics ==========
[2023-05-03 21:30:04] {
  "tr_loss": 0.04571026706566658,
  "tr_acc": 0.9862486248624862,
  "tr_f1": 0.9862506874656268,
  "val_loss": 0.6586603540315004,
  "val_acc": 0.8234144608278557,
  "val_f1": 0.8258584442887176,
  "test_loss": 0.5626158359735639,
  "test_acc": 0.8428184281842819,
  "test_f1": 0.8406593406593408
}
[2023-05-03 21:30:04] ========== Metrics ==========
[2023-05-03 21:30:05] Train Epoch: 6 [0/20000 (0.0%)]	Loss: 0.0018269330030307174
[2023-05-03 21:30:10] Train Epoch: 6 [1000/20000 (5.0%)]	Loss: 0.0029547170270234346
[2023-05-03 21:30:14] Train Epoch: 6 [2000/20000 (10.0%)]	Loss: 0.0012915692059323192
[2023-05-03 21:30:19] Train Epoch: 6 [3000/20000 (15.0%)]	Loss: 0.0041160196997225285
[2023-05-03 21:30:23] Train Epoch: 6 [4000/20000 (20.0%)]	Loss: 0.0013968092389404774
[2023-05-03 21:30:27] Train Epoch: 6 [5000/20000 (25.0%)]	Loss: 0.0031448763329535723
[2023-05-03 21:30:32] Train Epoch: 6 [6000/20000 (30.0%)]	Loss: 0.001861297758296132
[2023-05-03 21:30:36] Train Epoch: 6 [7000/20000 (35.0%)]	Loss: 0.002017121994867921
[2023-05-03 21:30:40] Train Epoch: 6 [8000/20000 (40.0%)]	Loss: 0.002061998937278986
[2023-05-03 21:30:45] Train Epoch: 6 [9000/20000 (45.0%)]	Loss: 0.0031242589466273785
[2023-05-03 21:30:49] Train Epoch: 6 [10000/20000 (50.0%)]	Loss: 0.0026294877752661705
[2023-05-03 21:30:54] Train Epoch: 6 [11000/20000 (55.0%)]	Loss: 0.004095680546015501
[2023-05-03 21:30:58] Train Epoch: 6 [12000/20000 (60.0%)]	Loss: 0.0016223298152908683
[2023-05-03 21:31:02] Train Epoch: 6 [13000/20000 (65.0%)]	Loss: 0.0034630808513611555
[2023-05-03 21:31:06] Train Epoch: 6 [14000/20000 (70.0%)]	Loss: 0.0006192823057062924
[2023-05-03 21:31:11] Train Epoch: 6 [15000/20000 (75.0%)]	Loss: 0.0029516189824789762
[2023-05-03 21:31:15] Train Epoch: 6 [16000/20000 (80.0%)]	Loss: 0.0023850291036069393
[2023-05-03 21:31:19] Train Epoch: 6 [17000/20000 (85.0%)]	Loss: 0.030732136219739914
[2023-05-03 21:31:23] Train Epoch: 6 [18000/20000 (90.0%)]	Loss: 0.0058397045359015465
[2023-05-03 21:31:28] Train Epoch: 6 [19000/20000 (95.0%)]	Loss: 0.01599900610744953
[2023-05-03 21:31:40] ========== Metrics ==========
[2023-05-03 21:31:40] {
  "tr_loss": 0.014652601408774545,
  "tr_acc": 0.9963496349634964,
  "tr_f1": 0.9963498174908744,
  "val_loss": 0.819313606647035,
  "val_acc": 0.8219932492449813,
  "val_f1": 0.8209435310936383,
  "test_loss": 0.6892252824493863,
  "test_acc": 0.8482384823848238,
  "test_f1": 0.8435754189944135
}
[2023-05-03 21:31:40] ========== Metrics ==========
[2023-05-03 21:31:42] Train Epoch: 7 [0/20000 (0.0%)]	Loss: 0.0011270291870459914
[2023-05-03 21:31:46] Train Epoch: 7 [1000/20000 (5.0%)]	Loss: 0.0007024559308774769
[2023-05-03 21:31:51] Train Epoch: 7 [2000/20000 (10.0%)]	Loss: 0.00125222560018301
[2023-05-03 21:31:55] Train Epoch: 7 [3000/20000 (15.0%)]	Loss: 0.0009875973919406533
[2023-05-03 21:31:59] Train Epoch: 7 [4000/20000 (20.0%)]	Loss: 0.0013936345931142569
[2023-05-03 21:32:04] Train Epoch: 7 [5000/20000 (25.0%)]	Loss: 0.00046998547622933984
[2023-05-03 21:32:08] Train Epoch: 7 [6000/20000 (30.0%)]	Loss: 0.0025270027108490467
[2023-05-03 21:32:13] Train Epoch: 7 [7000/20000 (35.0%)]	Loss: 0.0031088993418961763
[2023-05-03 21:32:17] Train Epoch: 7 [8000/20000 (40.0%)]	Loss: 0.0013955971226096153
[2023-05-03 21:32:21] Train Epoch: 7 [9000/20000 (45.0%)]	Loss: 0.0015037425328046083
[2023-05-03 21:32:26] Train Epoch: 7 [10000/20000 (50.0%)]	Loss: 0.0043158093467354774
[2023-05-03 21:32:30] Train Epoch: 7 [11000/20000 (55.0%)]	Loss: 0.0016379051376134157
[2023-05-03 21:32:34] Train Epoch: 7 [12000/20000 (60.0%)]	Loss: 0.002453518332913518
[2023-05-03 21:32:39] Train Epoch: 7 [13000/20000 (65.0%)]	Loss: 0.0002530602505430579
[2023-05-03 21:32:43] Train Epoch: 7 [14000/20000 (70.0%)]	Loss: 0.004081826191395521
[2023-05-03 21:32:47] Train Epoch: 7 [15000/20000 (75.0%)]	Loss: 0.0019662361592054367
[2023-05-03 21:32:52] Train Epoch: 7 [16000/20000 (80.0%)]	Loss: 0.0013045616215094924
[2023-05-03 21:32:56] Train Epoch: 7 [17000/20000 (85.0%)]	Loss: 0.003149277763441205
[2023-05-03 21:33:00] Train Epoch: 7 [18000/20000 (90.0%)]	Loss: 0.035618703812360764
[2023-05-03 21:33:04] Train Epoch: 7 [19000/20000 (95.0%)]	Loss: 0.0006196788745000958
[2023-05-03 21:33:18] ========== Metrics ==========
[2023-05-03 21:33:18] {
  "tr_loss": 0.011484453321744323,
  "tr_acc": 0.9973497349734973,
  "tr_f1": 0.997349602440366,
  "val_loss": 0.8627994588425201,
  "val_acc": 0.8218155977971221,
  "val_f1": 0.8234465763069883,
  "test_loss": 0.7211270220678673,
  "test_acc": 0.8373983739837398,
  "test_f1": 0.8342541436464088
}
[2023-05-03 21:33:18] ========== Metrics ==========
[2023-05-03 21:33:19] Train Epoch: 8 [0/20000 (0.0%)]	Loss: 0.00189222174230963
[2023-05-03 21:33:23] Train Epoch: 8 [1000/20000 (5.0%)]	Loss: 0.0019002340268343687
[2023-05-03 21:33:28] Train Epoch: 8 [2000/20000 (10.0%)]	Loss: 0.00040366119355894625
[2023-05-03 21:33:32] Train Epoch: 8 [3000/20000 (15.0%)]	Loss: 0.00019804146722890437
[2023-05-03 21:33:36] Train Epoch: 8 [4000/20000 (20.0%)]	Loss: 0.004375092685222626
[2023-05-03 21:33:41] Train Epoch: 8 [5000/20000 (25.0%)]	Loss: 0.005807559005916119
[2023-05-03 21:33:45] Train Epoch: 8 [6000/20000 (30.0%)]	Loss: 0.003026073332875967
[2023-05-03 21:33:50] Train Epoch: 8 [7000/20000 (35.0%)]	Loss: 0.0009139194153249264
[2023-05-03 21:33:54] Train Epoch: 8 [8000/20000 (40.0%)]	Loss: 0.0024291896261274815
[2023-05-03 21:33:58] Train Epoch: 8 [9000/20000 (45.0%)]	Loss: 0.004935822915285826
[2023-05-03 21:34:03] Train Epoch: 8 [10000/20000 (50.0%)]	Loss: 0.0005936981760896742
[2023-05-03 21:34:07] Train Epoch: 8 [11000/20000 (55.0%)]	Loss: 0.0008079909603111446
[2023-05-03 21:34:11] Train Epoch: 8 [12000/20000 (60.0%)]	Loss: 0.0003501175669953227
[2023-05-03 21:34:16] Train Epoch: 8 [13000/20000 (65.0%)]	Loss: 0.002425013342872262
[2023-05-03 21:34:20] Train Epoch: 8 [14000/20000 (70.0%)]	Loss: 0.0005035825306549668
[2023-05-03 21:34:24] Train Epoch: 8 [15000/20000 (75.0%)]	Loss: 0.0066844685934484005
[2023-05-03 21:34:28] Train Epoch: 8 [16000/20000 (80.0%)]	Loss: 0.0011466043069958687
[2023-05-03 21:34:33] Train Epoch: 8 [17000/20000 (85.0%)]	Loss: 0.004502830095589161
[2023-05-03 21:34:37] Train Epoch: 8 [18000/20000 (90.0%)]	Loss: 0.002008125651627779
[2023-05-03 21:34:41] Train Epoch: 8 [19000/20000 (95.0%)]	Loss: 0.0010335069382563233
[2023-05-03 21:34:55] ========== Metrics ==========
[2023-05-03 21:34:55] {
  "tr_loss": 0.009706775756674021,
  "tr_acc": 0.9977997799779978,
  "tr_f1": 0.9977997799779978,
  "val_loss": 0.9254504647916642,
  "val_acc": 0.8214602949014035,
  "val_f1": 0.8185593067340676,
  "test_loss": 0.8063816307440683,
  "test_acc": 0.8373983739837398,
  "test_f1": 0.8314606741573034
}
[2023-05-03 21:34:55] ========== Metrics ==========
[2023-05-03 21:34:56] Train Epoch: 9 [0/20000 (0.0%)]	Loss: 0.0005254460265859962
[2023-05-03 21:35:01] Train Epoch: 9 [1000/20000 (5.0%)]	Loss: 0.0012586163356900215
[2023-05-03 21:35:05] Train Epoch: 9 [2000/20000 (10.0%)]	Loss: 0.0003594208974391222
[2023-05-03 21:35:09] Train Epoch: 9 [3000/20000 (15.0%)]	Loss: 0.00041528785368427634
[2023-05-03 21:35:14] Train Epoch: 9 [4000/20000 (20.0%)]	Loss: 0.00014576550165656954
[2023-05-03 21:35:18] Train Epoch: 9 [5000/20000 (25.0%)]	Loss: 0.02109270915389061
[2023-05-03 21:35:23] Train Epoch: 9 [6000/20000 (30.0%)]	Loss: 0.0003264976548962295
[2023-05-03 21:35:27] Train Epoch: 9 [7000/20000 (35.0%)]	Loss: 0.18918797373771667
[2023-05-03 21:35:31] Train Epoch: 9 [8000/20000 (40.0%)]	Loss: 0.001080610090866685
[2023-05-03 21:35:36] Train Epoch: 9 [9000/20000 (45.0%)]	Loss: 0.0014381810324266553
[2023-05-03 21:35:40] Train Epoch: 9 [10000/20000 (50.0%)]	Loss: 0.0015461486764252186
[2023-05-03 21:35:44] Train Epoch: 9 [11000/20000 (55.0%)]	Loss: 0.00028945624944753945
[2023-05-03 21:35:49] Train Epoch: 9 [12000/20000 (60.0%)]	Loss: 0.00014056972577236593
[2023-05-03 21:35:53] Train Epoch: 9 [13000/20000 (65.0%)]	Loss: 0.0004576845676638186
[2023-05-03 21:35:57] Train Epoch: 9 [14000/20000 (70.0%)]	Loss: 0.00028457515873014927
[2023-05-03 21:36:01] Train Epoch: 9 [15000/20000 (75.0%)]	Loss: 0.004206832032650709
[2023-05-03 21:36:06] Train Epoch: 9 [16000/20000 (80.0%)]	Loss: 0.0022906281519681215
[2023-05-03 21:36:10] Train Epoch: 9 [17000/20000 (85.0%)]	Loss: 0.002995613496750593
[2023-05-03 21:36:14] Train Epoch: 9 [18000/20000 (90.0%)]	Loss: 0.0007114929030649364
[2023-05-03 21:36:18] Train Epoch: 9 [19000/20000 (95.0%)]	Loss: 0.0008650751551613212
[2023-05-03 21:36:29] Stop At epoch 9/20 due to valid not increase
[2023-05-03 21:36:31] ========== Metrics ==========
[2023-05-03 21:36:31] {
  "tr_loss": 0.007807461799281712,
  "tr_acc": 0.9983998399839984,
  "tr_f1": 0.9983996799359872,
  "val_loss": 1.0757468599747675,
  "val_acc": 0.8187955231835139,
  "val_f1": 0.8177920685959271,
  "test_loss": 0.9327304470264491,
  "test_acc": 0.8373983739837398,
  "test_f1": 0.8333333333333333
}
[2023-05-03 21:36:31] ========== Metrics ==========
