[2023-05-02 08:37:29] Train Epoch: 1 [0/20000 (0.0%)]	Loss: 0.7092815637588501
[2023-05-02 08:37:41] Train Epoch: 1 [1000/20000 (5.0%)]	Loss: 0.7074927091598511
[2023-05-02 08:37:51] Train Epoch: 1 [2000/20000 (10.0%)]	Loss: 0.6131986975669861
[2023-05-02 08:38:01] Train Epoch: 1 [3000/20000 (15.0%)]	Loss: 0.6938474774360657
[2023-05-02 08:38:14] Train Epoch: 1 [4000/20000 (20.0%)]	Loss: 0.6849571466445923
[2023-05-02 08:38:29] Train Epoch: 1 [5000/20000 (25.0%)]	Loss: 0.7138472199440002
[2023-05-02 08:38:44] Train Epoch: 1 [6000/20000 (30.0%)]	Loss: 0.691912055015564
[2023-05-02 08:39:00] Train Epoch: 1 [7000/20000 (35.0%)]	Loss: 0.6952277421951294
[2023-05-02 08:39:16] Train Epoch: 1 [8000/20000 (40.0%)]	Loss: 0.6923986673355103
[2023-05-02 08:39:32] Train Epoch: 1 [9000/20000 (45.0%)]	Loss: 0.7026286125183105
[2023-05-02 08:39:49] Train Epoch: 1 [10000/20000 (50.0%)]	Loss: 0.6903874278068542
[2023-05-02 08:40:07] Train Epoch: 1 [11000/20000 (55.0%)]	Loss: 0.6908186674118042
[2023-05-02 08:40:24] Train Epoch: 1 [12000/20000 (60.0%)]	Loss: 0.6983720064163208
[2023-05-02 08:40:41] Train Epoch: 1 [13000/20000 (65.0%)]	Loss: 0.6920413374900818
[2023-05-02 08:40:57] Train Epoch: 1 [14000/20000 (70.0%)]	Loss: 0.6880571842193604
[2023-05-02 08:41:15] Train Epoch: 1 [15000/20000 (75.0%)]	Loss: 0.6975516676902771
[2023-05-02 08:41:32] Train Epoch: 1 [16000/20000 (80.0%)]	Loss: 0.6948075294494629
[2023-05-02 08:41:48] Train Epoch: 1 [17000/20000 (85.0%)]	Loss: 0.6910074949264526
[2023-05-02 08:42:04] Train Epoch: 1 [18000/20000 (90.0%)]	Loss: 0.690974771976471
[2023-05-02 08:42:21] Train Epoch: 1 [19000/20000 (95.0%)]	Loss: 0.6912254095077515
[2023-05-02 08:43:11] ========== Metrics ==========
[2023-05-02 08:43:11] {
  "tr_loss": 0.6939236075058617,
  "tr_acc": 0.5017501750175017,
  "tr_f1": 0.5163576351810504,
  "val_loss": 0.6948992834990816,
  "val_acc": 0.49955587138035173,
  "val_f1": 0.6662717687477786,
  "test_loss": 0.7135499460587333,
  "test_acc": 0.5067750677506775,
  "test_f1": 0.6726618705035972
}
[2023-05-02 08:43:11] ========== Metrics ==========
[2023-05-02 08:43:14] Train Epoch: 2 [0/20000 (0.0%)]	Loss: 0.6988385915756226
[2023-05-02 08:43:33] Train Epoch: 2 [1000/20000 (5.0%)]	Loss: 0.6957107782363892
[2023-05-02 08:43:51] Train Epoch: 2 [2000/20000 (10.0%)]	Loss: 0.6935885548591614
[2023-05-02 08:44:08] Train Epoch: 2 [3000/20000 (15.0%)]	Loss: 0.6917386651039124
[2023-05-02 08:44:25] Train Epoch: 2 [4000/20000 (20.0%)]	Loss: 0.6934230327606201
[2023-05-02 08:44:43] Train Epoch: 2 [5000/20000 (25.0%)]	Loss: 0.6935141086578369
[2023-05-02 08:45:01] Train Epoch: 2 [6000/20000 (30.0%)]	Loss: 0.6939412355422974
[2023-05-02 08:45:19] Train Epoch: 2 [7000/20000 (35.0%)]	Loss: 0.6966160535812378
[2023-05-02 08:45:37] Train Epoch: 2 [8000/20000 (40.0%)]	Loss: 0.69349205493927
[2023-05-02 08:45:54] Train Epoch: 2 [9000/20000 (45.0%)]	Loss: 0.6960060596466064
[2023-05-02 08:46:13] Train Epoch: 2 [10000/20000 (50.0%)]	Loss: 0.6933479309082031
[2023-05-02 08:46:31] Train Epoch: 2 [11000/20000 (55.0%)]	Loss: 0.6934750080108643
[2023-05-02 08:46:50] Train Epoch: 2 [12000/20000 (60.0%)]	Loss: 0.6931480169296265
[2023-05-02 08:47:07] Train Epoch: 2 [13000/20000 (65.0%)]	Loss: 0.6932023167610168
[2023-05-02 08:47:25] Train Epoch: 2 [14000/20000 (70.0%)]	Loss: 0.6881133913993835
[2023-05-02 08:47:44] Train Epoch: 2 [15000/20000 (75.0%)]	Loss: 0.6950169205665588
[2023-05-02 08:48:03] Train Epoch: 2 [16000/20000 (80.0%)]	Loss: 0.6959719061851501
[2023-05-02 08:48:21] Train Epoch: 2 [17000/20000 (85.0%)]	Loss: 0.698418378829956
[2023-05-02 08:48:40] Train Epoch: 2 [18000/20000 (90.0%)]	Loss: 0.6940227150917053
[2023-05-02 08:48:57] Train Epoch: 2 [19000/20000 (95.0%)]	Loss: 0.6931954026222229
[2023-05-02 08:49:43] ========== Metrics ==========
[2023-05-02 08:49:43] {
  "tr_loss": 0.6934616893324236,
  "tr_acc": 0.4958995899589959,
  "tr_f1": 0.5392385392385394,
  "val_loss": 0.6946038729684098,
  "val_acc": 0.5004441286196483,
  "val_f1": 0.0,
  "test_loss": 0.7139884327162249,
  "test_acc": 0.4932249322493225,
  "test_f1": 0.0
}
[2023-05-02 08:49:43] ========== Metrics ==========
[2023-05-02 08:49:47] Train Epoch: 3 [0/20000 (0.0%)]	Loss: 0.6978980898857117
[2023-05-02 08:50:07] Train Epoch: 3 [1000/20000 (5.0%)]	Loss: 0.6960254311561584
[2023-05-02 08:50:26] Train Epoch: 3 [2000/20000 (10.0%)]	Loss: 0.6931565999984741
[2023-05-02 08:50:45] Train Epoch: 3 [3000/20000 (15.0%)]	Loss: 0.6935018301010132
[2023-05-02 08:51:06] Train Epoch: 3 [4000/20000 (20.0%)]	Loss: 0.6945613026618958
[2023-05-02 08:51:25] Train Epoch: 3 [5000/20000 (25.0%)]	Loss: 0.6893353462219238
[2023-05-02 08:51:45] Train Epoch: 3 [6000/20000 (30.0%)]	Loss: 0.6907886266708374
[2023-05-02 08:52:07] Train Epoch: 3 [7000/20000 (35.0%)]	Loss: 0.6954123377799988
[2023-05-02 08:52:28] Train Epoch: 3 [8000/20000 (40.0%)]	Loss: 0.6904745697975159
[2023-05-02 08:52:48] Train Epoch: 3 [9000/20000 (45.0%)]	Loss: 0.693448543548584
[2023-05-02 08:53:10] Train Epoch: 3 [10000/20000 (50.0%)]	Loss: 0.6923428177833557
[2023-05-02 08:53:29] Train Epoch: 3 [11000/20000 (55.0%)]	Loss: 0.6913483142852783
[2023-05-02 08:53:45] Train Epoch: 3 [12000/20000 (60.0%)]	Loss: 0.6959644556045532
[2023-05-02 08:54:02] Train Epoch: 3 [13000/20000 (65.0%)]	Loss: 0.6969767808914185
[2023-05-02 08:54:20] Train Epoch: 3 [14000/20000 (70.0%)]	Loss: 0.693381667137146
[2023-05-02 08:54:37] Train Epoch: 3 [15000/20000 (75.0%)]	Loss: 0.6938289999961853
[2023-05-02 08:54:54] Train Epoch: 3 [16000/20000 (80.0%)]	Loss: 0.6932185888290405
[2023-05-02 08:55:10] Train Epoch: 3 [17000/20000 (85.0%)]	Loss: 0.7025614976882935
[2023-05-02 08:55:30] Train Epoch: 3 [18000/20000 (90.0%)]	Loss: 0.698241114616394
[2023-05-02 08:55:49] Train Epoch: 3 [19000/20000 (95.0%)]	Loss: 0.6934256553649902
[2023-05-02 08:56:40] ========== Metrics ==========
[2023-05-02 08:56:40] {
  "tr_loss": 0.693413861537769,
  "tr_acc": 0.5003000300030003,
  "tr_f1": 0.5062015120818304,
  "val_loss": 0.6945247670477079,
  "val_acc": 0.49955587138035173,
  "val_f1": 0.6662717687477786,
  "test_loss": 0.7137256424601485,
  "test_acc": 0.5067750677506775,
  "test_f1": 0.6726618705035972
}
[2023-05-02 08:56:40] ========== Metrics ==========
[2023-05-02 08:56:43] Train Epoch: 4 [0/20000 (0.0%)]	Loss: 0.6925498247146606
[2023-05-02 08:57:03] Train Epoch: 4 [1000/20000 (5.0%)]	Loss: 0.6937323808670044
[2023-05-02 08:57:22] Train Epoch: 4 [2000/20000 (10.0%)]	Loss: 0.6928496360778809
[2023-05-02 08:57:40] Train Epoch: 4 [3000/20000 (15.0%)]	Loss: 0.6909844875335693
[2023-05-02 08:57:58] Train Epoch: 4 [4000/20000 (20.0%)]	Loss: 0.6935496926307678
[2023-05-02 08:58:17] Train Epoch: 4 [5000/20000 (25.0%)]	Loss: 0.6926945447921753
[2023-05-02 08:58:36] Train Epoch: 4 [6000/20000 (30.0%)]	Loss: 0.6913843154907227
[2023-05-02 08:58:56] Train Epoch: 4 [7000/20000 (35.0%)]	Loss: 0.6919208765029907
[2023-05-02 08:59:15] Train Epoch: 4 [8000/20000 (40.0%)]	Loss: 0.6943562030792236
[2023-05-02 08:59:33] Train Epoch: 4 [9000/20000 (45.0%)]	Loss: 0.7009860873222351
[2023-05-02 08:59:52] Train Epoch: 4 [10000/20000 (50.0%)]	Loss: 0.6952462792396545
[2023-05-02 09:00:10] Train Epoch: 4 [11000/20000 (55.0%)]	Loss: 0.6897277235984802
[2023-05-02 09:00:28] Train Epoch: 4 [12000/20000 (60.0%)]	Loss: 0.6929582357406616
[2023-05-02 09:00:44] Train Epoch: 4 [13000/20000 (65.0%)]	Loss: 0.6756746768951416
[2023-05-02 09:00:58] Train Epoch: 4 [14000/20000 (70.0%)]	Loss: 0.6884359121322632
[2023-05-02 09:01:13] Train Epoch: 4 [15000/20000 (75.0%)]	Loss: 0.6980471014976501
[2023-05-02 09:01:26] Train Epoch: 4 [16000/20000 (80.0%)]	Loss: 0.6954320073127747
[2023-05-02 09:01:41] Train Epoch: 4 [17000/20000 (85.0%)]	Loss: 0.6931790113449097
[2023-05-02 09:01:53] Train Epoch: 4 [18000/20000 (90.0%)]	Loss: 0.6924085021018982
[2023-05-02 09:02:06] Train Epoch: 4 [19000/20000 (95.0%)]	Loss: 0.6971627473831177
[2023-05-02 09:02:50] ========== Metrics ==========
[2023-05-02 09:02:50] {
  "tr_loss": 0.6934763381619229,
  "tr_acc": 0.5009000900090009,
  "tr_f1": 0.5588898218941971,
  "val_loss": 0.6947998812914868,
  "val_acc": 0.5004441286196483,
  "val_f1": 0.0,
  "test_loss": 0.7143910499769175,
  "test_acc": 0.4932249322493225,
  "test_f1": 0.0
}
[2023-05-02 09:02:50] ========== Metrics ==========
[2023-05-02 09:02:53] Train Epoch: 5 [0/20000 (0.0%)]	Loss: 0.6984819173812866
[2023-05-02 09:03:07] Train Epoch: 5 [1000/20000 (5.0%)]	Loss: 0.6951918005943298
[2023-05-02 09:03:19] Train Epoch: 5 [2000/20000 (10.0%)]	Loss: 0.6932085752487183
[2023-05-02 09:03:31] Train Epoch: 5 [3000/20000 (15.0%)]	Loss: 0.6930063962936401
[2023-05-02 09:03:43] Train Epoch: 5 [4000/20000 (20.0%)]	Loss: 0.6936532855033875
[2023-05-02 09:03:57] Train Epoch: 5 [5000/20000 (25.0%)]	Loss: 0.6981269717216492
[2023-05-02 09:04:09] Train Epoch: 5 [6000/20000 (30.0%)]	Loss: 0.7165794968605042
[2023-05-02 09:04:20] Train Epoch: 5 [7000/20000 (35.0%)]	Loss: 0.6800214052200317
[2023-05-02 09:04:31] Train Epoch: 5 [8000/20000 (40.0%)]	Loss: 0.6700726747512817
[2023-05-02 09:04:43] Train Epoch: 5 [9000/20000 (45.0%)]	Loss: 0.6858519911766052
[2023-05-02 09:04:53] Train Epoch: 5 [10000/20000 (50.0%)]	Loss: 0.7052056789398193
[2023-05-02 09:05:02] Train Epoch: 5 [11000/20000 (55.0%)]	Loss: 0.6542581915855408
[2023-05-02 09:05:13] Train Epoch: 5 [12000/20000 (60.0%)]	Loss: 0.660260796546936
[2023-05-02 09:05:23] Train Epoch: 5 [13000/20000 (65.0%)]	Loss: 0.7056185007095337
[2023-05-02 09:05:35] Train Epoch: 5 [14000/20000 (70.0%)]	Loss: 0.6249193549156189
[2023-05-02 09:05:45] Train Epoch: 5 [15000/20000 (75.0%)]	Loss: 0.8460801243782043
[2023-05-02 09:05:55] Train Epoch: 5 [16000/20000 (80.0%)]	Loss: 0.6481744647026062
[2023-05-02 09:06:05] Train Epoch: 5 [17000/20000 (85.0%)]	Loss: 0.7086427807807922
[2023-05-02 09:06:16] Train Epoch: 5 [18000/20000 (90.0%)]	Loss: 0.6833022832870483
[2023-05-02 09:06:26] Train Epoch: 5 [19000/20000 (95.0%)]	Loss: 0.7593300342559814
[2023-05-02 09:07:11] ========== Metrics ==========
[2023-05-02 09:07:11] {
  "tr_loss": 0.6764531351051423,
  "tr_acc": 0.5718571857185718,
  "tr_f1": 0.5800882785679254,
  "val_loss": 0.6759789829081341,
  "val_acc": 0.6056137857523539,
  "val_f1": 0.6692491060786651,
  "test_loss": 0.7194054514411988,
  "test_acc": 0.5636856368563685,
  "test_f1": 0.6382022471910113
}
[2023-05-02 09:07:11] ========== Metrics ==========
[2023-05-02 09:07:14] Train Epoch: 6 [0/20000 (0.0%)]	Loss: 0.6147742867469788
[2023-05-02 09:07:25] Train Epoch: 6 [1000/20000 (5.0%)]	Loss: 0.6396204829216003
[2023-05-02 09:07:36] Train Epoch: 6 [2000/20000 (10.0%)]	Loss: 0.688650906085968
[2023-05-02 09:07:48] Train Epoch: 6 [3000/20000 (15.0%)]	Loss: 0.6423327326774597
[2023-05-02 09:08:00] Train Epoch: 6 [4000/20000 (20.0%)]	Loss: 0.6552596092224121
[2023-05-02 09:08:11] Train Epoch: 6 [5000/20000 (25.0%)]	Loss: 0.649587094783783
[2023-05-02 09:08:23] Train Epoch: 6 [6000/20000 (30.0%)]	Loss: 0.658839225769043
[2023-05-02 09:08:34] Train Epoch: 6 [7000/20000 (35.0%)]	Loss: 0.6048364639282227
[2023-05-02 09:08:45] Train Epoch: 6 [8000/20000 (40.0%)]	Loss: 0.6323996782302856
[2023-05-02 09:08:56] Train Epoch: 6 [9000/20000 (45.0%)]	Loss: 0.5537291169166565
[2023-05-02 09:09:07] Train Epoch: 6 [10000/20000 (50.0%)]	Loss: 0.7371652722358704
[2023-05-02 09:09:18] Train Epoch: 6 [11000/20000 (55.0%)]	Loss: 0.6373401880264282
[2023-05-02 09:09:30] Train Epoch: 6 [12000/20000 (60.0%)]	Loss: 0.5285295248031616
[2023-05-02 09:09:40] Train Epoch: 6 [13000/20000 (65.0%)]	Loss: 0.5691801309585571
[2023-05-02 09:09:50] Train Epoch: 6 [14000/20000 (70.0%)]	Loss: 0.7118727564811707
[2023-05-02 09:09:59] Train Epoch: 6 [15000/20000 (75.0%)]	Loss: 0.5613352656364441
[2023-05-02 09:10:10] Train Epoch: 6 [16000/20000 (80.0%)]	Loss: 0.5821236371994019
[2023-05-02 09:10:21] Train Epoch: 6 [17000/20000 (85.0%)]	Loss: 0.6699925661087036
[2023-05-02 09:10:32] Train Epoch: 6 [18000/20000 (90.0%)]	Loss: 0.5115765333175659
[2023-05-02 09:10:42] Train Epoch: 6 [19000/20000 (95.0%)]	Loss: 0.714754045009613
[2023-05-02 09:11:25] ========== Metrics ==========
[2023-05-02 09:11:25] {
  "tr_loss": 0.6377167565928231,
  "tr_acc": 0.6472647264726472,
  "tr_f1": 0.6910747131470615,
  "val_loss": 0.6535839451039148,
  "val_acc": 0.6123645407710073,
  "val_f1": 0.6826643397324026,
  "test_loss": 0.6968234095793107,
  "test_acc": 0.5745257452574526,
  "test_f1": 0.6609071274298056
}
[2023-05-02 09:11:25] ========== Metrics ==========
[2023-05-02 09:11:28] Train Epoch: 7 [0/20000 (0.0%)]	Loss: 0.6196616888046265
[2023-05-02 09:11:39] Train Epoch: 7 [1000/20000 (5.0%)]	Loss: 0.7038469314575195
[2023-05-02 09:11:49] Train Epoch: 7 [2000/20000 (10.0%)]	Loss: 0.672446072101593
[2023-05-02 09:11:59] Train Epoch: 7 [3000/20000 (15.0%)]	Loss: 0.45372357964515686
[2023-05-02 09:12:10] Train Epoch: 7 [4000/20000 (20.0%)]	Loss: 0.6145555973052979
[2023-05-02 09:12:20] Train Epoch: 7 [5000/20000 (25.0%)]	Loss: 0.5827721953392029
[2023-05-02 09:12:30] Train Epoch: 7 [6000/20000 (30.0%)]	Loss: 0.6995655298233032
[2023-05-02 09:12:40] Train Epoch: 7 [7000/20000 (35.0%)]	Loss: 0.6606884002685547
[2023-05-02 09:12:51] Train Epoch: 7 [8000/20000 (40.0%)]	Loss: 0.5606521368026733
[2023-05-02 09:13:00] Train Epoch: 7 [9000/20000 (45.0%)]	Loss: 0.4288574159145355
[2023-05-02 09:13:09] Train Epoch: 7 [10000/20000 (50.0%)]	Loss: 0.6396493315696716
[2023-05-02 09:13:19] Train Epoch: 7 [11000/20000 (55.0%)]	Loss: 0.6318317651748657
[2023-05-02 09:13:29] Train Epoch: 7 [12000/20000 (60.0%)]	Loss: 0.6121418476104736
[2023-05-02 09:13:38] Train Epoch: 7 [13000/20000 (65.0%)]	Loss: 0.3733476400375366
[2023-05-02 09:13:48] Train Epoch: 7 [14000/20000 (70.0%)]	Loss: 0.5353046655654907
[2023-05-02 09:13:59] Train Epoch: 7 [15000/20000 (75.0%)]	Loss: 0.40739956498146057
[2023-05-02 09:14:09] Train Epoch: 7 [16000/20000 (80.0%)]	Loss: 0.4616335332393646
[2023-05-02 09:14:19] Train Epoch: 7 [17000/20000 (85.0%)]	Loss: 0.4629445970058441
[2023-05-02 09:14:28] Train Epoch: 7 [18000/20000 (90.0%)]	Loss: 0.4518211781978607
[2023-05-02 09:14:37] Train Epoch: 7 [19000/20000 (95.0%)]	Loss: 0.5641782283782959
[2023-05-02 09:15:19] ========== Metrics ==========
[2023-05-02 09:15:19] {
  "tr_loss": 0.5345397477973066,
  "tr_acc": 0.7332733273327333,
  "tr_f1": 0.7396016403046278,
  "val_loss": 0.5011891314902469,
  "val_acc": 0.7624800142121159,
  "val_f1": 0.7445060194916874,
  "test_loss": 0.5289497608091773,
  "test_acc": 0.7560975609756098,
  "test_f1": 0.7239263803680982
}
[2023-05-02 09:15:19] ========== Metrics ==========
[2023-05-02 09:15:22] Train Epoch: 8 [0/20000 (0.0%)]	Loss: 0.6613496541976929
[2023-05-02 09:15:32] Train Epoch: 8 [1000/20000 (5.0%)]	Loss: 0.42162975668907166
[2023-05-02 09:15:41] Train Epoch: 8 [2000/20000 (10.0%)]	Loss: 0.5158687233924866
[2023-05-02 09:15:51] Train Epoch: 8 [3000/20000 (15.0%)]	Loss: 0.47337645292282104
[2023-05-02 09:16:00] Train Epoch: 8 [4000/20000 (20.0%)]	Loss: 0.3620707392692566
[2023-05-02 09:16:09] Train Epoch: 8 [5000/20000 (25.0%)]	Loss: 0.39620012044906616
[2023-05-02 09:16:18] Train Epoch: 8 [6000/20000 (30.0%)]	Loss: 0.6065658926963806
[2023-05-02 09:16:28] Train Epoch: 8 [7000/20000 (35.0%)]	Loss: 0.44918662309646606
[2023-05-02 09:16:37] Train Epoch: 8 [8000/20000 (40.0%)]	Loss: 0.33249539136886597
[2023-05-02 09:16:46] Train Epoch: 8 [9000/20000 (45.0%)]	Loss: 0.19048729538917542
[2023-05-02 09:16:56] Train Epoch: 8 [10000/20000 (50.0%)]	Loss: 0.788053572177887
[2023-05-02 09:17:05] Train Epoch: 8 [11000/20000 (55.0%)]	Loss: 0.4255567193031311
[2023-05-02 09:17:14] Train Epoch: 8 [12000/20000 (60.0%)]	Loss: 0.6752780079841614
[2023-05-02 09:17:22] Train Epoch: 8 [13000/20000 (65.0%)]	Loss: 0.44264453649520874
[2023-05-02 09:17:31] Train Epoch: 8 [14000/20000 (70.0%)]	Loss: 0.41220802068710327
[2023-05-02 09:17:40] Train Epoch: 8 [15000/20000 (75.0%)]	Loss: 0.45853376388549805
[2023-05-02 09:17:48] Train Epoch: 8 [16000/20000 (80.0%)]	Loss: 0.527007520198822
[2023-05-02 09:17:59] Train Epoch: 8 [17000/20000 (85.0%)]	Loss: 0.5925697684288025
[2023-05-02 09:18:08] Train Epoch: 8 [18000/20000 (90.0%)]	Loss: 0.2190593034029007
[2023-05-02 09:18:17] Train Epoch: 8 [19000/20000 (95.0%)]	Loss: 0.4655299186706543
[2023-05-02 09:18:59] ========== Metrics ==========
[2023-05-02 09:18:59] {
  "tr_loss": 0.46068601683564564,
  "tr_acc": 0.7832783278327833,
  "tr_f1": 0.7846352613794475,
  "val_loss": 0.4783445373270181,
  "val_acc": 0.7791792503108901,
  "val_f1": 0.7775988548935409,
  "test_loss": 0.4986461326681825,
  "test_acc": 0.7723577235772358,
  "test_f1": 0.76
}
[2023-05-02 09:18:59] ========== Metrics ==========
[2023-05-02 09:19:02] Train Epoch: 9 [0/20000 (0.0%)]	Loss: 0.39555734395980835
[2023-05-02 09:19:13] Train Epoch: 9 [1000/20000 (5.0%)]	Loss: 0.27308419346809387
[2023-05-02 09:19:24] Train Epoch: 9 [2000/20000 (10.0%)]	Loss: 0.5281952619552612
[2023-05-02 09:19:35] Train Epoch: 9 [3000/20000 (15.0%)]	Loss: 0.5110896229743958
[2023-05-02 09:19:46] Train Epoch: 9 [4000/20000 (20.0%)]	Loss: 0.5585548281669617
[2023-05-02 09:19:57] Train Epoch: 9 [5000/20000 (25.0%)]	Loss: 0.35144394636154175
[2023-05-02 09:20:07] Train Epoch: 9 [6000/20000 (30.0%)]	Loss: 0.35513782501220703
[2023-05-02 09:20:18] Train Epoch: 9 [7000/20000 (35.0%)]	Loss: 0.6235505938529968
[2023-05-02 09:20:28] Train Epoch: 9 [8000/20000 (40.0%)]	Loss: 0.5207853317260742
[2023-05-02 09:20:39] Train Epoch: 9 [9000/20000 (45.0%)]	Loss: 0.24605950713157654
[2023-05-02 09:20:50] Train Epoch: 9 [10000/20000 (50.0%)]	Loss: 0.4528372287750244
[2023-05-02 09:21:01] Train Epoch: 9 [11000/20000 (55.0%)]	Loss: 0.19272109866142273
[2023-05-02 09:21:13] Train Epoch: 9 [12000/20000 (60.0%)]	Loss: 0.4032221734523773
[2023-05-02 09:21:24] Train Epoch: 9 [13000/20000 (65.0%)]	Loss: 0.5358860492706299
[2023-05-02 09:21:36] Train Epoch: 9 [14000/20000 (70.0%)]	Loss: 0.433501660823822
[2023-05-02 09:21:47] Train Epoch: 9 [15000/20000 (75.0%)]	Loss: 0.3492531180381775
[2023-05-02 09:21:58] Train Epoch: 9 [16000/20000 (80.0%)]	Loss: 0.5180462002754211
[2023-05-02 09:22:09] Train Epoch: 9 [17000/20000 (85.0%)]	Loss: 0.505785346031189
[2023-05-02 09:22:20] Train Epoch: 9 [18000/20000 (90.0%)]	Loss: 0.29248422384262085
[2023-05-02 09:22:31] Train Epoch: 9 [19000/20000 (95.0%)]	Loss: 0.47141823172569275
[2023-05-02 09:23:14] ========== Metrics ==========
[2023-05-02 09:23:14] {
  "tr_loss": 0.4291348124813564,
  "tr_acc": 0.8045804580458046,
  "tr_f1": 0.8065729558503266,
  "val_loss": 0.46754360950783064,
  "val_acc": 0.7836205365073725,
  "val_f1": 0.776595744680851,
  "test_loss": 0.49131939566232324,
  "test_acc": 0.7669376693766937,
  "test_f1": 0.7470588235294118
}
[2023-05-02 09:23:14] ========== Metrics ==========
[2023-05-02 09:23:17] Train Epoch: 10 [0/20000 (0.0%)]	Loss: 0.3388356566429138
[2023-05-02 09:23:28] Train Epoch: 10 [1000/20000 (5.0%)]	Loss: 0.663606584072113
[2023-05-02 09:23:38] Train Epoch: 10 [2000/20000 (10.0%)]	Loss: 0.4222415089607239
[2023-05-02 09:23:47] Train Epoch: 10 [3000/20000 (15.0%)]	Loss: 0.5227161645889282
[2023-05-02 09:23:56] Train Epoch: 10 [4000/20000 (20.0%)]	Loss: 0.48214954137802124
[2023-05-02 09:24:06] Train Epoch: 10 [5000/20000 (25.0%)]	Loss: 0.36579078435897827
[2023-05-02 09:24:15] Train Epoch: 10 [6000/20000 (30.0%)]	Loss: 0.27009132504463196
[2023-05-02 09:24:24] Train Epoch: 10 [7000/20000 (35.0%)]	Loss: 0.31761884689331055
[2023-05-02 09:24:33] Train Epoch: 10 [8000/20000 (40.0%)]	Loss: 0.4081243574619293
[2023-05-02 09:24:43] Train Epoch: 10 [9000/20000 (45.0%)]	Loss: 0.4632570147514343
[2023-05-02 09:24:53] Train Epoch: 10 [10000/20000 (50.0%)]	Loss: 0.8084122538566589
[2023-05-02 09:25:02] Train Epoch: 10 [11000/20000 (55.0%)]	Loss: 0.4008096158504486
[2023-05-02 09:25:12] Train Epoch: 10 [12000/20000 (60.0%)]	Loss: 0.5330367684364319
[2023-05-02 09:25:21] Train Epoch: 10 [13000/20000 (65.0%)]	Loss: 0.4948643147945404
[2023-05-02 09:25:30] Train Epoch: 10 [14000/20000 (70.0%)]	Loss: 0.2834135890007019
[2023-05-02 09:25:40] Train Epoch: 10 [15000/20000 (75.0%)]	Loss: 0.5220094323158264
[2023-05-02 09:25:49] Train Epoch: 10 [16000/20000 (80.0%)]	Loss: 0.33008065819740295
[2023-05-02 09:25:57] Train Epoch: 10 [17000/20000 (85.0%)]	Loss: 0.3901740610599518
[2023-05-02 09:26:07] Train Epoch: 10 [18000/20000 (90.0%)]	Loss: 0.3318295478820801
[2023-05-02 09:26:16] Train Epoch: 10 [19000/20000 (95.0%)]	Loss: 0.3786347508430481
[2023-05-02 09:27:00] ========== Metrics ==========
[2023-05-02 09:27:00] {
  "tr_loss": 0.4080197029020658,
  "tr_acc": 0.8207820782078208,
  "tr_f1": 0.8213181772858709,
  "val_loss": 0.4937507412026589,
  "val_acc": 0.7713625866050808,
  "val_f1": 0.7400525146435065,
  "test_loss": 0.5463774142872674,
  "test_acc": 0.7479674796747967,
  "test_f1": 0.6970684039087949
}
[2023-05-02 09:27:00] ========== Metrics ==========
[2023-05-02 09:27:03] Train Epoch: 11 [0/20000 (0.0%)]	Loss: 0.35396772623062134
[2023-05-02 09:27:13] Train Epoch: 11 [1000/20000 (5.0%)]	Loss: 0.2837281823158264
[2023-05-02 09:27:22] Train Epoch: 11 [2000/20000 (10.0%)]	Loss: 0.3363049030303955
[2023-05-02 09:27:31] Train Epoch: 11 [3000/20000 (15.0%)]	Loss: 0.4169330596923828
[2023-05-02 09:27:41] Train Epoch: 11 [4000/20000 (20.0%)]	Loss: 0.19401954114437103
[2023-05-02 09:27:50] Train Epoch: 11 [5000/20000 (25.0%)]	Loss: 0.3229128122329712
[2023-05-02 09:28:00] Train Epoch: 11 [6000/20000 (30.0%)]	Loss: 0.27418166399002075
[2023-05-02 09:28:09] Train Epoch: 11 [7000/20000 (35.0%)]	Loss: 0.36767739057540894
[2023-05-02 09:28:18] Train Epoch: 11 [8000/20000 (40.0%)]	Loss: 0.5337098240852356
[2023-05-02 09:28:28] Train Epoch: 11 [9000/20000 (45.0%)]	Loss: 0.38561975955963135
[2023-05-02 09:28:38] Train Epoch: 11 [10000/20000 (50.0%)]	Loss: 0.24383112788200378
[2023-05-02 09:28:47] Train Epoch: 11 [11000/20000 (55.0%)]	Loss: 0.3230820298194885
[2023-05-02 09:28:56] Train Epoch: 11 [12000/20000 (60.0%)]	Loss: 0.6664522290229797
[2023-05-02 09:29:06] Train Epoch: 11 [13000/20000 (65.0%)]	Loss: 0.25062426924705505
[2023-05-02 09:29:16] Train Epoch: 11 [14000/20000 (70.0%)]	Loss: 0.17895014584064484
[2023-05-02 09:29:25] Train Epoch: 11 [15000/20000 (75.0%)]	Loss: 0.2706065773963928
[2023-05-02 09:29:35] Train Epoch: 11 [16000/20000 (80.0%)]	Loss: 0.3146044611930847
[2023-05-02 09:29:44] Train Epoch: 11 [17000/20000 (85.0%)]	Loss: 0.27592766284942627
[2023-05-02 09:29:54] Train Epoch: 11 [18000/20000 (90.0%)]	Loss: 0.5400030016899109
[2023-05-02 09:30:03] Train Epoch: 11 [19000/20000 (95.0%)]	Loss: 0.5061445832252502
[2023-05-02 09:30:41] ========== Metrics ==========
[2023-05-02 09:30:41] {
  "tr_loss": 0.38087626755780035,
  "tr_acc": 0.8334333433343334,
  "tr_f1": 0.8330242117399368,
  "val_loss": 0.44509521273402725,
  "val_acc": 0.7976550008882572,
  "val_f1": 0.7980854458429356,
  "test_loss": 0.4637923424806052,
  "test_acc": 0.7967479674796748,
  "test_f1": 0.7887323943661971
}
[2023-05-02 09:30:41] ========== Metrics ==========
[2023-05-02 09:30:44] Train Epoch: 12 [0/20000 (0.0%)]	Loss: 0.39808303117752075
[2023-05-02 09:30:55] Train Epoch: 12 [1000/20000 (5.0%)]	Loss: 0.30378836393356323
[2023-05-02 09:31:05] Train Epoch: 12 [2000/20000 (10.0%)]	Loss: 0.4296325147151947
[2023-05-02 09:31:14] Train Epoch: 12 [3000/20000 (15.0%)]	Loss: 0.1477709710597992
[2023-05-02 09:31:23] Train Epoch: 12 [4000/20000 (20.0%)]	Loss: 0.15765319764614105
[2023-05-02 09:31:33] Train Epoch: 12 [5000/20000 (25.0%)]	Loss: 0.163519024848938
[2023-05-02 09:31:42] Train Epoch: 12 [6000/20000 (30.0%)]	Loss: 0.38441428542137146
[2023-05-02 09:31:51] Train Epoch: 12 [7000/20000 (35.0%)]	Loss: 0.3285905420780182
[2023-05-02 09:32:01] Train Epoch: 12 [8000/20000 (40.0%)]	Loss: 0.4718398153781891
[2023-05-02 09:32:10] Train Epoch: 12 [9000/20000 (45.0%)]	Loss: 0.29765406250953674
[2023-05-02 09:32:19] Train Epoch: 12 [10000/20000 (50.0%)]	Loss: 0.27765458822250366
[2023-05-02 09:32:29] Train Epoch: 12 [11000/20000 (55.0%)]	Loss: 0.5101320147514343
[2023-05-02 09:32:38] Train Epoch: 12 [12000/20000 (60.0%)]	Loss: 0.4723584055900574
[2023-05-02 09:32:48] Train Epoch: 12 [13000/20000 (65.0%)]	Loss: 0.4010929465293884
[2023-05-02 09:32:57] Train Epoch: 12 [14000/20000 (70.0%)]	Loss: 0.25251778960227966
[2023-05-02 09:33:06] Train Epoch: 12 [15000/20000 (75.0%)]	Loss: 0.23327620327472687
[2023-05-02 09:33:16] Train Epoch: 12 [16000/20000 (80.0%)]	Loss: 0.3437581956386566
[2023-05-02 09:33:24] Train Epoch: 12 [17000/20000 (85.0%)]	Loss: 0.4712974429130554
[2023-05-02 09:33:33] Train Epoch: 12 [18000/20000 (90.0%)]	Loss: 0.2596938908100128
[2023-05-02 09:33:42] Train Epoch: 12 [19000/20000 (95.0%)]	Loss: 0.14186477661132812
[2023-05-02 09:34:23] ========== Metrics ==========
[2023-05-02 09:34:23] {
  "tr_loss": 0.37406435026021134,
  "tr_acc": 0.8391839183918391,
  "tr_f1": 0.8401272618810895,
  "val_loss": 0.44402758495742845,
  "val_acc": 0.8006750755018653,
  "val_f1": 0.8002847988608046,
  "test_loss": 0.45055184826295225,
  "test_acc": 0.7994579945799458,
  "test_f1": 0.7897727272727273
}
[2023-05-02 09:34:23] ========== Metrics ==========
[2023-05-02 09:34:26] Train Epoch: 13 [0/20000 (0.0%)]	Loss: 0.521570086479187
[2023-05-02 09:34:37] Train Epoch: 13 [1000/20000 (5.0%)]	Loss: 0.5123096704483032
[2023-05-02 09:34:46] Train Epoch: 13 [2000/20000 (10.0%)]	Loss: 0.40885359048843384
[2023-05-02 09:34:57] Train Epoch: 13 [3000/20000 (15.0%)]	Loss: 0.3985033929347992
[2023-05-02 09:35:06] Train Epoch: 13 [4000/20000 (20.0%)]	Loss: 0.28627705574035645
[2023-05-02 09:35:15] Train Epoch: 13 [5000/20000 (25.0%)]	Loss: 0.32185831665992737
[2023-05-02 09:35:24] Train Epoch: 13 [6000/20000 (30.0%)]	Loss: 0.5591704845428467
[2023-05-02 09:35:34] Train Epoch: 13 [7000/20000 (35.0%)]	Loss: 0.42790141701698303
[2023-05-02 09:35:44] Train Epoch: 13 [8000/20000 (40.0%)]	Loss: 0.362112432718277
[2023-05-02 09:35:54] Train Epoch: 13 [9000/20000 (45.0%)]	Loss: 0.18801617622375488
[2023-05-02 09:36:03] Train Epoch: 13 [10000/20000 (50.0%)]	Loss: 0.3512648046016693
[2023-05-02 09:36:14] Train Epoch: 13 [11000/20000 (55.0%)]	Loss: 0.47903576493263245
[2023-05-02 09:36:24] Train Epoch: 13 [12000/20000 (60.0%)]	Loss: 0.16207203269004822
[2023-05-02 09:36:33] Train Epoch: 13 [13000/20000 (65.0%)]	Loss: 0.34892693161964417
[2023-05-02 09:36:43] Train Epoch: 13 [14000/20000 (70.0%)]	Loss: 0.36761561036109924
[2023-05-02 09:36:53] Train Epoch: 13 [15000/20000 (75.0%)]	Loss: 0.19640862941741943
[2023-05-02 09:37:03] Train Epoch: 13 [16000/20000 (80.0%)]	Loss: 0.2632255554199219
[2023-05-02 09:37:12] Train Epoch: 13 [17000/20000 (85.0%)]	Loss: 0.11284003406763077
[2023-05-02 09:37:22] Train Epoch: 13 [18000/20000 (90.0%)]	Loss: 0.7088714838027954
[2023-05-02 09:37:31] Train Epoch: 13 [19000/20000 (95.0%)]	Loss: 0.3201441764831543
[2023-05-02 09:38:10] ========== Metrics ==========
[2023-05-02 09:38:10] {
  "tr_loss": 0.3687625845642922,
  "tr_acc": 0.8417341734173417,
  "tr_f1": 0.8433556050482554,
  "val_loss": 0.4348445864654727,
  "val_acc": 0.8012080298454433,
  "val_f1": 0.7997136209056738,
  "test_loss": 0.44322276341559763,
  "test_acc": 0.8075880758807588,
  "test_f1": 0.7965616045845272
}
[2023-05-02 09:38:10] ========== Metrics ==========
[2023-05-02 09:38:14] Train Epoch: 14 [0/20000 (0.0%)]	Loss: 0.3147963881492615
[2023-05-02 09:38:25] Train Epoch: 14 [1000/20000 (5.0%)]	Loss: 0.6682823896408081
[2023-05-02 09:38:33] Train Epoch: 14 [2000/20000 (10.0%)]	Loss: 0.26969969272613525
[2023-05-02 09:38:42] Train Epoch: 14 [3000/20000 (15.0%)]	Loss: 0.6514631509780884
[2023-05-02 09:38:52] Train Epoch: 14 [4000/20000 (20.0%)]	Loss: 0.5729359984397888
[2023-05-02 09:39:01] Train Epoch: 14 [5000/20000 (25.0%)]	Loss: 0.2641487419605255
[2023-05-02 09:39:10] Train Epoch: 14 [6000/20000 (30.0%)]	Loss: 0.22115150094032288
[2023-05-02 09:39:19] Train Epoch: 14 [7000/20000 (35.0%)]	Loss: 0.2815677523612976
[2023-05-02 09:39:28] Train Epoch: 14 [8000/20000 (40.0%)]	Loss: 0.39019349217414856
[2023-05-02 09:39:37] Train Epoch: 14 [9000/20000 (45.0%)]	Loss: 0.29703444242477417
[2023-05-02 09:39:46] Train Epoch: 14 [10000/20000 (50.0%)]	Loss: 0.34449130296707153
[2023-05-02 09:39:56] Train Epoch: 14 [11000/20000 (55.0%)]	Loss: 0.48354706168174744
[2023-05-02 09:40:05] Train Epoch: 14 [12000/20000 (60.0%)]	Loss: 0.5566738843917847
[2023-05-02 09:40:14] Train Epoch: 14 [13000/20000 (65.0%)]	Loss: 0.23662853240966797
[2023-05-02 09:40:23] Train Epoch: 14 [14000/20000 (70.0%)]	Loss: 0.31945520639419556
[2023-05-02 09:40:32] Train Epoch: 14 [15000/20000 (75.0%)]	Loss: 0.4661925733089447
[2023-05-02 09:40:41] Train Epoch: 14 [16000/20000 (80.0%)]	Loss: 0.22553375363349915
[2023-05-02 09:40:49] Train Epoch: 14 [17000/20000 (85.0%)]	Loss: 0.4727040231227875
[2023-05-02 09:40:58] Train Epoch: 14 [18000/20000 (90.0%)]	Loss: 0.2600785493850708
[2023-05-02 09:41:08] Train Epoch: 14 [19000/20000 (95.0%)]	Loss: 0.34827613830566406
[2023-05-02 09:41:47] ========== Metrics ==========
[2023-05-02 09:41:47] {
  "tr_loss": 0.3664435956976225,
  "tr_acc": 0.8435843584358436,
  "tr_f1": 0.8441610203268234,
  "val_loss": 0.43502465464925233,
  "val_acc": 0.8028068928761769,
  "val_f1": 0.8014311270125225,
  "test_loss": 0.4500272409702704,
  "test_acc": 0.8075880758807588,
  "test_f1": 0.7977207977207976
}
[2023-05-02 09:41:47] ========== Metrics ==========
[2023-05-02 09:41:50] Train Epoch: 15 [0/20000 (0.0%)]	Loss: 0.21553413569927216
[2023-05-02 09:42:01] Train Epoch: 15 [1000/20000 (5.0%)]	Loss: 0.3915920853614807
[2023-05-02 09:42:10] Train Epoch: 15 [2000/20000 (10.0%)]	Loss: 0.20515179634094238
[2023-05-02 09:42:21] Train Epoch: 15 [3000/20000 (15.0%)]	Loss: 0.47837233543395996
[2023-05-02 09:42:30] Train Epoch: 15 [4000/20000 (20.0%)]	Loss: 0.46981924772262573
[2023-05-02 09:42:40] Train Epoch: 15 [5000/20000 (25.0%)]	Loss: 0.29700973629951477
[2023-05-02 09:42:49] Train Epoch: 15 [6000/20000 (30.0%)]	Loss: 0.271749883890152
[2023-05-02 09:42:59] Train Epoch: 15 [7000/20000 (35.0%)]	Loss: 0.2757875919342041
[2023-05-02 09:43:08] Train Epoch: 15 [8000/20000 (40.0%)]	Loss: 0.5831130146980286
[2023-05-02 09:43:18] Train Epoch: 15 [9000/20000 (45.0%)]	Loss: 0.5045753717422485
[2023-05-02 09:43:27] Train Epoch: 15 [10000/20000 (50.0%)]	Loss: 0.3605552315711975
[2023-05-02 09:43:37] Train Epoch: 15 [11000/20000 (55.0%)]	Loss: 0.25868627429008484
[2023-05-02 09:43:47] Train Epoch: 15 [12000/20000 (60.0%)]	Loss: 0.375116765499115
[2023-05-02 09:43:56] Train Epoch: 15 [13000/20000 (65.0%)]	Loss: 0.26221948862075806
[2023-05-02 09:44:06] Train Epoch: 15 [14000/20000 (70.0%)]	Loss: 0.2197013795375824
[2023-05-02 09:44:16] Train Epoch: 15 [15000/20000 (75.0%)]	Loss: 0.17936791479587555
[2023-05-02 09:44:27] Train Epoch: 15 [16000/20000 (80.0%)]	Loss: 0.434793621301651
[2023-05-02 09:44:36] Train Epoch: 15 [17000/20000 (85.0%)]	Loss: 0.521854043006897
[2023-05-02 09:44:46] Train Epoch: 15 [18000/20000 (90.0%)]	Loss: 0.4963178038597107
[2023-05-02 09:44:56] Train Epoch: 15 [19000/20000 (95.0%)]	Loss: 0.39638078212738037
[2023-05-02 09:45:37] ========== Metrics ==========
[2023-05-02 09:45:37] {
  "tr_loss": 0.36652715412667186,
  "tr_acc": 0.8433843384338434,
  "tr_f1": 0.8433999999999999,
  "val_loss": 0.436372102037546,
  "val_acc": 0.801030378397584,
  "val_f1": 0.7941933112826167,
  "test_loss": 0.4627477848109837,
  "test_acc": 0.8021680216802168,
  "test_f1": 0.7871720116618076
}
[2023-05-02 09:45:37] ========== Metrics ==========
[2023-05-02 09:45:40] Train Epoch: 16 [0/20000 (0.0%)]	Loss: 0.11459531635046005
[2023-05-02 09:45:50] Train Epoch: 16 [1000/20000 (5.0%)]	Loss: 0.20711252093315125
[2023-05-02 09:46:00] Train Epoch: 16 [2000/20000 (10.0%)]	Loss: 0.4641396999359131
[2023-05-02 09:46:11] Train Epoch: 16 [3000/20000 (15.0%)]	Loss: 0.3064461350440979
[2023-05-02 09:46:21] Train Epoch: 16 [4000/20000 (20.0%)]	Loss: 0.31389790773391724
[2023-05-02 09:46:31] Train Epoch: 16 [5000/20000 (25.0%)]	Loss: 0.6765992045402527
[2023-05-02 09:46:40] Train Epoch: 16 [6000/20000 (30.0%)]	Loss: 0.28528308868408203
[2023-05-02 09:46:50] Train Epoch: 16 [7000/20000 (35.0%)]	Loss: 0.4894537031650543
[2023-05-02 09:47:00] Train Epoch: 16 [8000/20000 (40.0%)]	Loss: 0.16502931714057922
[2023-05-02 09:47:10] Train Epoch: 16 [9000/20000 (45.0%)]	Loss: 0.6650263071060181
[2023-05-02 09:47:20] Train Epoch: 16 [10000/20000 (50.0%)]	Loss: 0.5792206525802612
[2023-05-02 09:47:30] Train Epoch: 16 [11000/20000 (55.0%)]	Loss: 0.2449246644973755
[2023-05-02 09:47:40] Train Epoch: 16 [12000/20000 (60.0%)]	Loss: 0.3543488085269928
[2023-05-02 09:47:50] Train Epoch: 16 [13000/20000 (65.0%)]	Loss: 0.27335578203201294
[2023-05-02 09:47:59] Train Epoch: 16 [14000/20000 (70.0%)]	Loss: 0.5287556648254395
[2023-05-02 09:48:09] Train Epoch: 16 [15000/20000 (75.0%)]	Loss: 0.573386549949646
[2023-05-02 09:48:19] Train Epoch: 16 [16000/20000 (80.0%)]	Loss: 0.4811480641365051
[2023-05-02 09:48:29] Train Epoch: 16 [17000/20000 (85.0%)]	Loss: 0.2906234860420227
[2023-05-02 09:48:39] Train Epoch: 16 [18000/20000 (90.0%)]	Loss: 0.3785291016101837
[2023-05-02 09:48:48] Train Epoch: 16 [19000/20000 (95.0%)]	Loss: 0.7453417181968689
[2023-05-02 09:49:27] ========== Metrics ==========
[2023-05-02 09:49:27] {
  "tr_loss": 0.36245747642888343,
  "tr_acc": 0.8442844284428442,
  "tr_f1": 0.843925421010425,
  "val_loss": 0.43830877135883833,
  "val_acc": 0.8026292414283176,
  "val_f1": 0.7995670214685189,
  "test_loss": 0.4536117350829003,
  "test_acc": 0.8075880758807588,
  "test_f1": 0.7965616045845272
}
[2023-05-02 09:49:27] ========== Metrics ==========
[2023-05-02 09:49:30] Train Epoch: 17 [0/20000 (0.0%)]	Loss: 0.4649445414543152
[2023-05-02 09:49:42] Train Epoch: 17 [1000/20000 (5.0%)]	Loss: 0.454296350479126
[2023-05-02 09:49:52] Train Epoch: 17 [2000/20000 (10.0%)]	Loss: 0.3090660572052002
[2023-05-02 09:50:02] Train Epoch: 17 [3000/20000 (15.0%)]	Loss: 0.40456730127334595
[2023-05-02 09:50:12] Train Epoch: 17 [4000/20000 (20.0%)]	Loss: 0.1548401564359665
[2023-05-02 09:50:22] Train Epoch: 17 [5000/20000 (25.0%)]	Loss: 0.24036046862602234
[2023-05-02 09:50:32] Train Epoch: 17 [6000/20000 (30.0%)]	Loss: 0.18868598341941833
[2023-05-02 09:50:42] Train Epoch: 17 [7000/20000 (35.0%)]	Loss: 0.23175498843193054
[2023-05-02 09:50:52] Train Epoch: 17 [8000/20000 (40.0%)]	Loss: 0.4060031473636627
[2023-05-02 09:51:02] Train Epoch: 17 [9000/20000 (45.0%)]	Loss: 0.31800273060798645
[2023-05-02 09:51:12] Train Epoch: 17 [10000/20000 (50.0%)]	Loss: 0.371357262134552
[2023-05-02 09:51:22] Train Epoch: 17 [11000/20000 (55.0%)]	Loss: 0.49210280179977417
[2023-05-02 09:51:32] Train Epoch: 17 [12000/20000 (60.0%)]	Loss: 0.26085081696510315
[2023-05-02 09:51:42] Train Epoch: 17 [13000/20000 (65.0%)]	Loss: 0.34994059801101685
[2023-05-02 09:51:52] Train Epoch: 17 [14000/20000 (70.0%)]	Loss: 0.49294549226760864
[2023-05-02 09:52:02] Train Epoch: 17 [15000/20000 (75.0%)]	Loss: 0.28876250982284546
[2023-05-02 09:52:12] Train Epoch: 17 [16000/20000 (80.0%)]	Loss: 0.1801847219467163
[2023-05-02 09:52:21] Train Epoch: 17 [17000/20000 (85.0%)]	Loss: 0.30703413486480713
[2023-05-02 09:52:31] Train Epoch: 17 [18000/20000 (90.0%)]	Loss: 0.3380314111709595
[2023-05-02 09:52:41] Train Epoch: 17 [19000/20000 (95.0%)]	Loss: 0.2938994765281677
[2023-05-02 09:53:25] ========== Metrics ==========
[2023-05-02 09:53:25] {
  "tr_loss": 0.36180493978932327,
  "tr_acc": 0.8446844684468446,
  "tr_f1": 0.8447310537892421,
  "val_loss": 0.43864766728456583,
  "val_acc": 0.8028068928761769,
  "val_f1": 0.7999279019466474,
  "test_loss": 0.4615943436700154,
  "test_acc": 0.8048780487804879,
  "test_f1": 0.7942857142857144
}
[2023-05-02 09:53:25] ========== Metrics ==========
[2023-05-02 09:53:28] Train Epoch: 18 [0/20000 (0.0%)]	Loss: 0.24742576479911804
[2023-05-02 09:53:39] Train Epoch: 18 [1000/20000 (5.0%)]	Loss: 0.37006181478500366
[2023-05-02 09:53:51] Train Epoch: 18 [2000/20000 (10.0%)]	Loss: 0.4304567873477936
[2023-05-02 09:54:02] Train Epoch: 18 [3000/20000 (15.0%)]	Loss: 0.4514469504356384
[2023-05-02 09:54:13] Train Epoch: 18 [4000/20000 (20.0%)]	Loss: 0.22642216086387634
[2023-05-02 09:54:23] Train Epoch: 18 [5000/20000 (25.0%)]	Loss: 0.33733493089675903
[2023-05-02 09:54:34] Train Epoch: 18 [6000/20000 (30.0%)]	Loss: 0.5074795484542847
[2023-05-02 09:54:44] Train Epoch: 18 [7000/20000 (35.0%)]	Loss: 0.456096887588501
[2023-05-02 09:54:55] Train Epoch: 18 [8000/20000 (40.0%)]	Loss: 0.49819415807724
[2023-05-02 09:55:06] Train Epoch: 18 [9000/20000 (45.0%)]	Loss: 0.28484636545181274
[2023-05-02 09:55:16] Train Epoch: 18 [10000/20000 (50.0%)]	Loss: 0.5876938104629517
[2023-05-02 09:55:26] Train Epoch: 18 [11000/20000 (55.0%)]	Loss: 0.5782018303871155
[2023-05-02 09:55:37] Train Epoch: 18 [12000/20000 (60.0%)]	Loss: 0.41626110672950745
[2023-05-02 09:55:49] Train Epoch: 18 [13000/20000 (65.0%)]	Loss: 0.30271098017692566
[2023-05-02 09:56:00] Train Epoch: 18 [14000/20000 (70.0%)]	Loss: 0.5035809278488159
[2023-05-02 09:56:10] Train Epoch: 18 [15000/20000 (75.0%)]	Loss: 0.3251916766166687
[2023-05-02 09:56:22] Train Epoch: 18 [16000/20000 (80.0%)]	Loss: 0.24737277626991272
[2023-05-02 09:56:34] Train Epoch: 18 [17000/20000 (85.0%)]	Loss: 0.48924994468688965
[2023-05-02 09:56:45] Train Epoch: 18 [18000/20000 (90.0%)]	Loss: 0.3226107358932495
[2023-05-02 09:56:57] Train Epoch: 18 [19000/20000 (95.0%)]	Loss: 0.2913781702518463
[2023-05-02 09:57:44] ========== Metrics ==========
[2023-05-02 09:57:44] {
  "tr_loss": 0.36132097713696215,
  "tr_acc": 0.845084508450845,
  "tr_f1": 0.8452392846438206,
  "val_loss": 0.4388475530862088,
  "val_acc": 0.8036951501154734,
  "val_f1": 0.8022194379810274,
  "test_loss": 0.4443028116936929,
  "test_acc": 0.8102981029810298,
  "test_f1": 0.8011363636363636
}
[2023-05-02 09:57:44] ========== Metrics ==========
[2023-05-02 09:57:47] Train Epoch: 19 [0/20000 (0.0%)]	Loss: 0.3156123459339142
[2023-05-02 09:57:58] Train Epoch: 19 [1000/20000 (5.0%)]	Loss: 0.44779735803604126
[2023-05-02 09:58:09] Train Epoch: 19 [2000/20000 (10.0%)]	Loss: 0.418532133102417
[2023-05-02 09:58:19] Train Epoch: 19 [3000/20000 (15.0%)]	Loss: 0.3358001112937927
[2023-05-02 09:58:30] Train Epoch: 19 [4000/20000 (20.0%)]	Loss: 0.3058527410030365
[2023-05-02 09:58:41] Train Epoch: 19 [5000/20000 (25.0%)]	Loss: 0.27409908175468445
[2023-05-02 09:58:51] Train Epoch: 19 [6000/20000 (30.0%)]	Loss: 0.36971911787986755
[2023-05-02 09:59:00] Train Epoch: 19 [7000/20000 (35.0%)]	Loss: 0.6003695726394653
[2023-05-02 09:59:11] Train Epoch: 19 [8000/20000 (40.0%)]	Loss: 0.34963738918304443
[2023-05-02 09:59:21] Train Epoch: 19 [9000/20000 (45.0%)]	Loss: 0.6097525358200073
[2023-05-02 09:59:31] Train Epoch: 19 [10000/20000 (50.0%)]	Loss: 0.724518895149231
[2023-05-02 09:59:41] Train Epoch: 19 [11000/20000 (55.0%)]	Loss: 0.1371982991695404
[2023-05-02 09:59:51] Train Epoch: 19 [12000/20000 (60.0%)]	Loss: 0.2481539249420166
[2023-05-02 10:00:01] Train Epoch: 19 [13000/20000 (65.0%)]	Loss: 0.4134560525417328
[2023-05-02 10:00:10] Train Epoch: 19 [14000/20000 (70.0%)]	Loss: 0.23404712975025177
[2023-05-02 10:00:20] Train Epoch: 19 [15000/20000 (75.0%)]	Loss: 0.17858895659446716
[2023-05-02 10:00:29] Train Epoch: 19 [16000/20000 (80.0%)]	Loss: 0.266771137714386
[2023-05-02 10:00:38] Train Epoch: 19 [17000/20000 (85.0%)]	Loss: 0.5435921549797058
[2023-05-02 10:00:46] Train Epoch: 19 [18000/20000 (90.0%)]	Loss: 0.3216121196746826
[2023-05-02 10:00:56] Train Epoch: 19 [19000/20000 (95.0%)]	Loss: 0.3885441720485687
[2023-05-02 10:01:38] ========== Metrics ==========
[2023-05-02 10:01:38] {
  "tr_loss": 0.36088457783915684,
  "tr_acc": 0.845984598459846,
  "tr_f1": 0.8468728248980809,
  "val_loss": 0.43852362309897386,
  "val_acc": 0.8029845443240362,
  "val_f1": 0.8,
  "test_loss": 0.4516557230535885,
  "test_acc": 0.8075880758807588,
  "test_f1": 0.7965616045845272
}
[2023-05-02 10:01:38] ========== Metrics ==========
[2023-05-02 10:01:42] Train Epoch: 20 [0/20000 (0.0%)]	Loss: 0.42170023918151855
[2023-05-02 10:01:53] Train Epoch: 20 [1000/20000 (5.0%)]	Loss: 0.5584273934364319
[2023-05-02 10:02:04] Train Epoch: 20 [2000/20000 (10.0%)]	Loss: 0.4941384792327881
[2023-05-02 10:02:16] Train Epoch: 20 [3000/20000 (15.0%)]	Loss: 0.2398241013288498
[2023-05-02 10:02:27] Train Epoch: 20 [4000/20000 (20.0%)]	Loss: 0.4564845561981201
[2023-05-02 10:02:38] Train Epoch: 20 [5000/20000 (25.0%)]	Loss: 0.3318752646446228
[2023-05-02 10:02:50] Train Epoch: 20 [6000/20000 (30.0%)]	Loss: 0.39220088720321655
[2023-05-02 10:03:01] Train Epoch: 20 [7000/20000 (35.0%)]	Loss: 0.48636990785598755
[2023-05-02 10:03:12] Train Epoch: 20 [8000/20000 (40.0%)]	Loss: 0.1763700395822525
[2023-05-02 10:03:23] Train Epoch: 20 [9000/20000 (45.0%)]	Loss: 0.3579592704772949
[2023-05-02 10:03:35] Train Epoch: 20 [10000/20000 (50.0%)]	Loss: 0.3786157965660095
[2023-05-02 10:03:47] Train Epoch: 20 [11000/20000 (55.0%)]	Loss: 0.3489038646221161
[2023-05-02 10:03:58] Train Epoch: 20 [12000/20000 (60.0%)]	Loss: 0.3129602074623108
[2023-05-02 10:04:10] Train Epoch: 20 [13000/20000 (65.0%)]	Loss: 0.2632792294025421
[2023-05-02 10:04:21] Train Epoch: 20 [14000/20000 (70.0%)]	Loss: 0.21633827686309814
[2023-05-02 10:04:32] Train Epoch: 20 [15000/20000 (75.0%)]	Loss: 0.35415539145469666
[2023-05-02 10:04:43] Train Epoch: 20 [16000/20000 (80.0%)]	Loss: 0.4958413541316986
[2023-05-02 10:04:54] Train Epoch: 20 [17000/20000 (85.0%)]	Loss: 0.22894003987312317
[2023-05-02 10:05:06] Train Epoch: 20 [18000/20000 (90.0%)]	Loss: 0.495849072933197
[2023-05-02 10:05:17] Train Epoch: 20 [19000/20000 (95.0%)]	Loss: 0.25272104144096375
[2023-05-02 10:06:00] ========== Metrics ==========
[2023-05-02 10:06:00] {
  "tr_loss": 0.3604868369804572,
  "tr_acc": 0.8451845184518452,
  "tr_f1": 0.8454781393491716,
  "val_loss": 0.4379123229342173,
  "val_acc": 0.8033398472197548,
  "val_f1": 0.8019323671497585,
  "test_loss": 0.4566658471981038,
  "test_acc": 0.8130081300813008,
  "test_f1": 0.8045325779036828
}
[2023-05-02 10:06:00] ========== Metrics ==========
