[2023-05-02 07:53:57] Train Epoch: 1 [0/20000 (0.0%)]	Loss: 0.6980946063995361
[2023-05-02 07:54:02] Train Epoch: 1 [1000/20000 (5.0%)]	Loss: 0.6680335402488708
[2023-05-02 07:54:06] Train Epoch: 1 [2000/20000 (10.0%)]	Loss: 0.6174251437187195
[2023-05-02 07:54:10] Train Epoch: 1 [3000/20000 (15.0%)]	Loss: 0.48190754652023315
[2023-05-02 07:54:15] Train Epoch: 1 [4000/20000 (20.0%)]	Loss: 0.6284312605857849
[2023-05-02 07:54:19] Train Epoch: 1 [5000/20000 (25.0%)]	Loss: 0.33969202637672424
[2023-05-02 07:54:23] Train Epoch: 1 [6000/20000 (30.0%)]	Loss: 0.3160300850868225
[2023-05-02 07:54:28] Train Epoch: 1 [7000/20000 (35.0%)]	Loss: 0.53512042760849
[2023-05-02 07:54:32] Train Epoch: 1 [8000/20000 (40.0%)]	Loss: 0.44155803322792053
[2023-05-02 07:54:37] Train Epoch: 1 [9000/20000 (45.0%)]	Loss: 0.5200087428092957
[2023-05-02 07:54:41] Train Epoch: 1 [10000/20000 (50.0%)]	Loss: 0.4043998122215271
[2023-05-02 07:54:45] Train Epoch: 1 [11000/20000 (55.0%)]	Loss: 0.41602522134780884
[2023-05-02 07:54:50] Train Epoch: 1 [12000/20000 (60.0%)]	Loss: 0.38934430480003357
[2023-05-02 07:54:54] Train Epoch: 1 [13000/20000 (65.0%)]	Loss: 0.3110549747943878
[2023-05-02 07:54:58] Train Epoch: 1 [14000/20000 (70.0%)]	Loss: 0.48646658658981323
[2023-05-02 07:55:03] Train Epoch: 1 [15000/20000 (75.0%)]	Loss: 0.49557939171791077
[2023-05-02 07:55:07] Train Epoch: 1 [16000/20000 (80.0%)]	Loss: 0.5831268429756165
[2023-05-02 07:55:11] Train Epoch: 1 [17000/20000 (85.0%)]	Loss: 0.6065331697463989
[2023-05-02 07:55:16] Train Epoch: 1 [18000/20000 (90.0%)]	Loss: 0.2823084592819214
[2023-05-02 07:55:20] Train Epoch: 1 [19000/20000 (95.0%)]	Loss: 0.48653650283813477
[2023-05-02 07:55:39] ========== Metrics ==========
[2023-05-02 07:55:39] {
  "tr_loss": 0.4714984767916131,
  "tr_acc": 0.7757275727572758,
  "tr_f1": 0.7793140776460168,
  "val_loss": 0.40284568499154955,
  "val_acc": 0.824125066619293,
  "val_f1": 0.8298969072164949,
  "test_loss": 0.40570200539539825,
  "test_acc": 0.8292682926829268,
  "test_f1": 0.8310991957104559
}
[2023-05-02 07:55:39] ========== Metrics ==========
[2023-05-02 07:55:40] Train Epoch: 2 [0/20000 (0.0%)]	Loss: 0.4848058223724365
[2023-05-02 07:55:45] Train Epoch: 2 [1000/20000 (5.0%)]	Loss: 0.3227301239967346
[2023-05-02 07:55:49] Train Epoch: 2 [2000/20000 (10.0%)]	Loss: 0.3394131362438202
[2023-05-02 07:55:53] Train Epoch: 2 [3000/20000 (15.0%)]	Loss: 0.28617826104164124
[2023-05-02 07:55:58] Train Epoch: 2 [4000/20000 (20.0%)]	Loss: 0.662304699420929
[2023-05-02 07:56:02] Train Epoch: 2 [5000/20000 (25.0%)]	Loss: 0.20926165580749512
[2023-05-02 07:56:06] Train Epoch: 2 [6000/20000 (30.0%)]	Loss: 0.2911621034145355
[2023-05-02 07:56:11] Train Epoch: 2 [7000/20000 (35.0%)]	Loss: 0.42724552750587463
[2023-05-02 07:56:15] Train Epoch: 2 [8000/20000 (40.0%)]	Loss: 0.40242892503738403
[2023-05-02 07:56:20] Train Epoch: 2 [9000/20000 (45.0%)]	Loss: 0.23032507300376892
[2023-05-02 07:56:24] Train Epoch: 2 [10000/20000 (50.0%)]	Loss: 0.16715267300605774
[2023-05-02 07:56:29] Train Epoch: 2 [11000/20000 (55.0%)]	Loss: 0.18212178349494934
[2023-05-02 07:56:34] Train Epoch: 2 [12000/20000 (60.0%)]	Loss: 0.21589310467243195
[2023-05-02 07:56:39] Train Epoch: 2 [13000/20000 (65.0%)]	Loss: 0.32872000336647034
[2023-05-02 07:56:44] Train Epoch: 2 [14000/20000 (70.0%)]	Loss: 0.21697676181793213
[2023-05-02 07:56:49] Train Epoch: 2 [15000/20000 (75.0%)]	Loss: 0.21707279980182648
[2023-05-02 07:56:54] Train Epoch: 2 [16000/20000 (80.0%)]	Loss: 0.2399681806564331
[2023-05-02 07:56:59] Train Epoch: 2 [17000/20000 (85.0%)]	Loss: 0.3757958710193634
[2023-05-02 07:57:04] Train Epoch: 2 [18000/20000 (90.0%)]	Loss: 0.5738664269447327
[2023-05-02 07:57:09] Train Epoch: 2 [19000/20000 (95.0%)]	Loss: 0.2892131209373474
[2023-05-02 07:57:32] ========== Metrics ==========
[2023-05-02 07:57:32] {
  "tr_loss": 0.30009376025213896,
  "tr_acc": 0.8830883088308831,
  "tr_f1": 0.8832750873689467,
  "val_loss": 0.3881772149994183,
  "val_acc": 0.8374489252087405,
  "val_f1": 0.8303985171455052,
  "test_loss": 0.43525567868860754,
  "test_acc": 0.8292682926829268,
  "test_f1": 0.8130563798219586
}
[2023-05-02 07:57:32] ========== Metrics ==========
[2023-05-02 07:57:33] Train Epoch: 3 [0/20000 (0.0%)]	Loss: 0.29655221104621887
[2023-05-02 07:57:38] Train Epoch: 3 [1000/20000 (5.0%)]	Loss: 0.038643404841423035
[2023-05-02 07:57:43] Train Epoch: 3 [2000/20000 (10.0%)]	Loss: 0.14352867007255554
[2023-05-02 07:57:48] Train Epoch: 3 [3000/20000 (15.0%)]	Loss: 0.066602423787117
[2023-05-02 07:57:53] Train Epoch: 3 [4000/20000 (20.0%)]	Loss: 0.33902788162231445
[2023-05-02 07:57:58] Train Epoch: 3 [5000/20000 (25.0%)]	Loss: 0.23432186245918274
[2023-05-02 07:58:03] Train Epoch: 3 [6000/20000 (30.0%)]	Loss: 0.21202850341796875
[2023-05-02 07:58:08] Train Epoch: 3 [7000/20000 (35.0%)]	Loss: 0.06359715014696121
[2023-05-02 07:58:12] Train Epoch: 3 [8000/20000 (40.0%)]	Loss: 0.14177140593528748
[2023-05-02 07:58:16] Train Epoch: 3 [9000/20000 (45.0%)]	Loss: 0.10245849192142487
[2023-05-02 07:58:21] Train Epoch: 3 [10000/20000 (50.0%)]	Loss: 0.34702977538108826
[2023-05-02 07:58:25] Train Epoch: 3 [11000/20000 (55.0%)]	Loss: 0.06521781533956528
[2023-05-02 07:58:29] Train Epoch: 3 [12000/20000 (60.0%)]	Loss: 0.13126352429389954
[2023-05-02 07:58:34] Train Epoch: 3 [13000/20000 (65.0%)]	Loss: 0.014198476448655128
[2023-05-02 07:58:38] Train Epoch: 3 [14000/20000 (70.0%)]	Loss: 0.3435739278793335
[2023-05-02 07:58:42] Train Epoch: 3 [15000/20000 (75.0%)]	Loss: 0.13123120367527008
[2023-05-02 07:58:47] Train Epoch: 3 [16000/20000 (80.0%)]	Loss: 0.3290485739707947
[2023-05-02 07:58:51] Train Epoch: 3 [17000/20000 (85.0%)]	Loss: 0.12122887372970581
[2023-05-02 07:58:56] Train Epoch: 3 [18000/20000 (90.0%)]	Loss: 0.33879274129867554
[2023-05-02 07:59:00] Train Epoch: 3 [19000/20000 (95.0%)]	Loss: 0.1015809178352356
[2023-05-02 07:59:20] ========== Metrics ==========
[2023-05-02 07:59:20] {
  "tr_loss": 0.18616005945594946,
  "tr_acc": 0.9357435743574357,
  "tr_f1": 0.9357853180750587,
  "val_loss": 0.4443776290244966,
  "val_acc": 0.8433114229880974,
  "val_f1": 0.8409664623151821,
  "test_loss": 0.407156357718354,
  "test_acc": 0.8455284552845529,
  "test_f1": 0.8376068376068376
}
[2023-05-02 07:59:20] ========== Metrics ==========
[2023-05-02 07:59:22] Train Epoch: 4 [0/20000 (0.0%)]	Loss: 0.07154698669910431
[2023-05-02 07:59:26] Train Epoch: 4 [1000/20000 (5.0%)]	Loss: 0.05103664472699165
[2023-05-02 07:59:31] Train Epoch: 4 [2000/20000 (10.0%)]	Loss: 0.20802125334739685
[2023-05-02 07:59:37] Train Epoch: 4 [3000/20000 (15.0%)]	Loss: 0.045310329645872116
[2023-05-02 07:59:42] Train Epoch: 4 [4000/20000 (20.0%)]	Loss: 0.049621760845184326
[2023-05-02 07:59:46] Train Epoch: 4 [5000/20000 (25.0%)]	Loss: 0.05088154599070549
[2023-05-02 07:59:50] Train Epoch: 4 [6000/20000 (30.0%)]	Loss: 0.06093091890215874
[2023-05-02 07:59:55] Train Epoch: 4 [7000/20000 (35.0%)]	Loss: 0.10746359825134277
[2023-05-02 07:59:59] Train Epoch: 4 [8000/20000 (40.0%)]	Loss: 0.04100719094276428
[2023-05-02 08:00:04] Train Epoch: 4 [9000/20000 (45.0%)]	Loss: 0.03033648431301117
[2023-05-02 08:00:08] Train Epoch: 4 [10000/20000 (50.0%)]	Loss: 0.10543563216924667
[2023-05-02 08:00:13] Train Epoch: 4 [11000/20000 (55.0%)]	Loss: 0.10626231133937836
[2023-05-02 08:00:17] Train Epoch: 4 [12000/20000 (60.0%)]	Loss: 0.035228993743658066
[2023-05-02 08:00:22] Train Epoch: 4 [13000/20000 (65.0%)]	Loss: 0.05802292749285698
[2023-05-02 08:00:26] Train Epoch: 4 [14000/20000 (70.0%)]	Loss: 0.2049846202135086
[2023-05-02 08:00:30] Train Epoch: 4 [15000/20000 (75.0%)]	Loss: 0.05892534181475639
[2023-05-02 08:00:35] Train Epoch: 4 [16000/20000 (80.0%)]	Loss: 0.17550666630268097
[2023-05-02 08:00:39] Train Epoch: 4 [17000/20000 (85.0%)]	Loss: 0.29450753331184387
[2023-05-02 08:00:44] Train Epoch: 4 [18000/20000 (90.0%)]	Loss: 0.22555391490459442
[2023-05-02 08:00:48] Train Epoch: 4 [19000/20000 (95.0%)]	Loss: 0.014542710967361927
[2023-05-02 08:01:07] ========== Metrics ==========
[2023-05-02 08:01:07] {
  "tr_loss": 0.10110163361916706,
  "tr_acc": 0.9678967896789679,
  "tr_f1": 0.9679320679320679,
  "val_loss": 0.5718455934057568,
  "val_acc": 0.8337182448036952,
  "val_f1": 0.8326180257510729,
  "test_loss": 0.5107758773697747,
  "test_acc": 0.8157181571815718,
  "test_f1": 0.8100558659217877
}
[2023-05-02 08:01:07] ========== Metrics ==========
[2023-05-02 08:01:09] Train Epoch: 5 [0/20000 (0.0%)]	Loss: 0.030734365805983543
[2023-05-02 08:01:13] Train Epoch: 5 [1000/20000 (5.0%)]	Loss: 0.002073221607133746
[2023-05-02 08:01:18] Train Epoch: 5 [2000/20000 (10.0%)]	Loss: 0.002513776533305645
[2023-05-02 08:01:22] Train Epoch: 5 [3000/20000 (15.0%)]	Loss: 0.04672669991850853
[2023-05-02 08:01:26] Train Epoch: 5 [4000/20000 (20.0%)]	Loss: 0.027636563405394554
[2023-05-02 08:01:31] Train Epoch: 5 [5000/20000 (25.0%)]	Loss: 0.005738403182476759
[2023-05-02 08:01:35] Train Epoch: 5 [6000/20000 (30.0%)]	Loss: 0.02068069949746132
[2023-05-02 08:01:39] Train Epoch: 5 [7000/20000 (35.0%)]	Loss: 0.0201437808573246
[2023-05-02 08:01:44] Train Epoch: 5 [8000/20000 (40.0%)]	Loss: 0.08051952719688416
[2023-05-02 08:01:48] Train Epoch: 5 [9000/20000 (45.0%)]	Loss: 0.08312325179576874
[2023-05-02 08:01:52] Train Epoch: 5 [10000/20000 (50.0%)]	Loss: 0.01890842616558075
[2023-05-02 08:01:56] Train Epoch: 5 [11000/20000 (55.0%)]	Loss: 0.2840372920036316
[2023-05-02 08:02:01] Train Epoch: 5 [12000/20000 (60.0%)]	Loss: 0.0270155631005764
[2023-05-02 08:02:05] Train Epoch: 5 [13000/20000 (65.0%)]	Loss: 0.03975794091820717
[2023-05-02 08:02:09] Train Epoch: 5 [14000/20000 (70.0%)]	Loss: 0.21890661120414734
[2023-05-02 08:02:14] Train Epoch: 5 [15000/20000 (75.0%)]	Loss: 0.010293365456163883
[2023-05-02 08:02:18] Train Epoch: 5 [16000/20000 (80.0%)]	Loss: 0.0056417216546833515
[2023-05-02 08:02:23] Train Epoch: 5 [17000/20000 (85.0%)]	Loss: 0.013858179561793804
[2023-05-02 08:02:27] Train Epoch: 5 [18000/20000 (90.0%)]	Loss: 0.12932643294334412
[2023-05-02 08:02:31] Train Epoch: 5 [19000/20000 (95.0%)]	Loss: 0.010764067061245441
[2023-05-02 08:02:51] ========== Metrics ==========
[2023-05-02 08:02:51] {
  "tr_loss": 0.05726883989268492,
  "tr_acc": 0.9835483548354835,
  "tr_f1": 0.9835606855543897,
  "val_loss": 0.683772938710178,
  "val_acc": 0.8100906022384082,
  "val_f1": 0.8258106566726413,
  "test_loss": 0.5769908177820324,
  "test_acc": 0.8292682926829268,
  "test_f1": 0.8413098236775819
}
[2023-05-02 08:02:51] ========== Metrics ==========
[2023-05-02 08:02:53] Train Epoch: 6 [0/20000 (0.0%)]	Loss: 0.007745902985334396
[2023-05-02 08:02:57] Train Epoch: 6 [1000/20000 (5.0%)]	Loss: 0.0057030231691896915
[2023-05-02 08:03:01] Train Epoch: 6 [2000/20000 (10.0%)]	Loss: 0.010736915282905102
[2023-05-02 08:03:05] Train Epoch: 6 [3000/20000 (15.0%)]	Loss: 0.007100502494722605
[2023-05-02 08:03:10] Train Epoch: 6 [4000/20000 (20.0%)]	Loss: 0.01012914814054966
[2023-05-02 08:03:14] Train Epoch: 6 [5000/20000 (25.0%)]	Loss: 0.02854210138320923
[2023-05-02 08:03:18] Train Epoch: 6 [6000/20000 (30.0%)]	Loss: 0.013707518577575684
[2023-05-02 08:03:22] Train Epoch: 6 [7000/20000 (35.0%)]	Loss: 0.04189320653676987
[2023-05-02 08:03:26] Train Epoch: 6 [8000/20000 (40.0%)]	Loss: 0.005049044732004404
[2023-05-02 08:03:31] Train Epoch: 6 [9000/20000 (45.0%)]	Loss: 0.002501905430108309
[2023-05-02 08:03:35] Train Epoch: 6 [10000/20000 (50.0%)]	Loss: 0.0035383000504225492
[2023-05-02 08:03:39] Train Epoch: 6 [11000/20000 (55.0%)]	Loss: 0.006058421917259693
[2023-05-02 08:03:43] Train Epoch: 6 [12000/20000 (60.0%)]	Loss: 0.004770463332533836
[2023-05-02 08:03:48] Train Epoch: 6 [13000/20000 (65.0%)]	Loss: 0.002251740312203765
[2023-05-02 08:03:52] Train Epoch: 6 [14000/20000 (70.0%)]	Loss: 0.00430983817204833
[2023-05-02 08:03:56] Train Epoch: 6 [15000/20000 (75.0%)]	Loss: 0.00212395703420043
[2023-05-02 08:04:01] Train Epoch: 6 [16000/20000 (80.0%)]	Loss: 0.0013399377930909395
[2023-05-02 08:04:05] Train Epoch: 6 [17000/20000 (85.0%)]	Loss: 0.0017765896627679467
[2023-05-02 08:04:09] Train Epoch: 6 [18000/20000 (90.0%)]	Loss: 0.0015691847074776888
[2023-05-02 08:04:14] Train Epoch: 6 [19000/20000 (95.0%)]	Loss: 0.001475856639444828
[2023-05-02 08:04:33] ========== Metrics ==========
[2023-05-02 08:04:33] {
  "tr_loss": 0.02464297822375193,
  "tr_acc": 0.9946494649464946,
  "tr_f1": 0.9946582796665169,
  "val_loss": 0.7250077672551561,
  "val_acc": 0.8280333984721976,
  "val_f1": 0.8288543140028288,
  "test_loss": 0.6927272475508817,
  "test_acc": 0.8211382113821138,
  "test_f1": 0.8206521739130436
}
[2023-05-02 08:04:33] ========== Metrics ==========
[2023-05-02 08:04:34] Train Epoch: 7 [0/20000 (0.0%)]	Loss: 0.006451270543038845
[2023-05-02 08:04:39] Train Epoch: 7 [1000/20000 (5.0%)]	Loss: 0.0033898234833031893
[2023-05-02 08:04:43] Train Epoch: 7 [2000/20000 (10.0%)]	Loss: 0.0018082264577969909
[2023-05-02 08:04:48] Train Epoch: 7 [3000/20000 (15.0%)]	Loss: 0.03963294252753258
[2023-05-02 08:04:52] Train Epoch: 7 [4000/20000 (20.0%)]	Loss: 0.3334914743900299
[2023-05-02 08:04:56] Train Epoch: 7 [5000/20000 (25.0%)]	Loss: 0.002482000505551696
[2023-05-02 08:05:00] Train Epoch: 7 [6000/20000 (30.0%)]	Loss: 0.0012233939487487078
[2023-05-02 08:05:05] Train Epoch: 7 [7000/20000 (35.0%)]	Loss: 0.001495443400926888
[2023-05-02 08:05:09] Train Epoch: 7 [8000/20000 (40.0%)]	Loss: 0.0026834355667233467
[2023-05-02 08:05:13] Train Epoch: 7 [9000/20000 (45.0%)]	Loss: 0.002956838347017765
[2023-05-02 08:05:18] Train Epoch: 7 [10000/20000 (50.0%)]	Loss: 0.002384993014857173
[2023-05-02 08:05:22] Train Epoch: 7 [11000/20000 (55.0%)]	Loss: 0.35380426049232483
[2023-05-02 08:05:27] Train Epoch: 7 [12000/20000 (60.0%)]	Loss: 0.009745726361870766
[2023-05-02 08:05:31] Train Epoch: 7 [13000/20000 (65.0%)]	Loss: 0.0021558068692684174
[2023-05-02 08:05:36] Train Epoch: 7 [14000/20000 (70.0%)]	Loss: 0.0331549346446991
[2023-05-02 08:05:41] Train Epoch: 7 [15000/20000 (75.0%)]	Loss: 0.004272748716175556
[2023-05-02 08:05:46] Train Epoch: 7 [16000/20000 (80.0%)]	Loss: 0.002970808418467641
[2023-05-02 08:05:50] Train Epoch: 7 [17000/20000 (85.0%)]	Loss: 0.008394765667617321
[2023-05-02 08:05:55] Train Epoch: 7 [18000/20000 (90.0%)]	Loss: 0.0025609657168388367
[2023-05-02 08:06:00] Train Epoch: 7 [19000/20000 (95.0%)]	Loss: 0.025103256106376648
[2023-05-02 08:06:19] ========== Metrics ==========
[2023-05-02 08:06:19] {
  "tr_loss": 0.01977904115780068,
  "tr_acc": 0.9963496349634964,
  "tr_f1": 0.9963516417612074,
  "val_loss": 0.7788113452034853,
  "val_acc": 0.8275004441286197,
  "val_f1": 0.8279893711248892,
  "test_loss": 0.7698448902869289,
  "test_acc": 0.8184281842818428,
  "test_f1": 0.8164383561643836
}
[2023-05-02 08:06:19] ========== Metrics ==========
[2023-05-02 08:06:21] Train Epoch: 8 [0/20000 (0.0%)]	Loss: 0.0022050023544579744
[2023-05-02 08:06:26] Train Epoch: 8 [1000/20000 (5.0%)]	Loss: 0.0023388315457850695
[2023-05-02 08:06:30] Train Epoch: 8 [2000/20000 (10.0%)]	Loss: 0.001472768373787403
[2023-05-02 08:06:36] Train Epoch: 8 [3000/20000 (15.0%)]	Loss: 0.001174618606455624
[2023-05-02 08:06:40] Train Epoch: 8 [4000/20000 (20.0%)]	Loss: 0.0017714602872729301
[2023-05-02 08:06:45] Train Epoch: 8 [5000/20000 (25.0%)]	Loss: 0.0019412606488913298
[2023-05-02 08:06:49] Train Epoch: 8 [6000/20000 (30.0%)]	Loss: 0.002073063747957349
[2023-05-02 08:06:53] Train Epoch: 8 [7000/20000 (35.0%)]	Loss: 0.001382388873025775
[2023-05-02 08:06:58] Train Epoch: 8 [8000/20000 (40.0%)]	Loss: 0.0016471786657348275
[2023-05-02 08:07:02] Train Epoch: 8 [9000/20000 (45.0%)]	Loss: 0.0018738372018560767
[2023-05-02 08:07:07] Train Epoch: 8 [10000/20000 (50.0%)]	Loss: 0.0023917490616440773
[2023-05-02 08:07:11] Train Epoch: 8 [11000/20000 (55.0%)]	Loss: 0.002227901015430689
[2023-05-02 08:07:16] Train Epoch: 8 [12000/20000 (60.0%)]	Loss: 0.005098492838442326
[2023-05-02 08:07:21] Train Epoch: 8 [13000/20000 (65.0%)]	Loss: 0.0032962914556264877
[2023-05-02 08:07:26] Train Epoch: 8 [14000/20000 (70.0%)]	Loss: 0.0019106622785329819
[2023-05-02 08:07:30] Train Epoch: 8 [15000/20000 (75.0%)]	Loss: 0.002661479637026787
[2023-05-02 08:07:35] Train Epoch: 8 [16000/20000 (80.0%)]	Loss: 0.0012815187219530344
[2023-05-02 08:07:39] Train Epoch: 8 [17000/20000 (85.0%)]	Loss: 0.0012183432700112462
[2023-05-02 08:07:44] Train Epoch: 8 [18000/20000 (90.0%)]	Loss: 0.0028765215538442135
[2023-05-02 08:07:48] Train Epoch: 8 [19000/20000 (95.0%)]	Loss: 0.0019282510038465261
[2023-05-02 08:08:09] ========== Metrics ==========
[2023-05-02 08:08:09] {
  "tr_loss": 0.01760257906015936,
  "tr_acc": 0.9972497249724972,
  "tr_f1": 0.9972512369433755,
  "val_loss": 0.8160531973119823,
  "val_acc": 0.8250133238585895,
  "val_f1": 0.8224905388358263,
  "test_loss": 0.8527806554706439,
  "test_acc": 0.8102981029810298,
  "test_f1": 0.8055555555555556
}
[2023-05-02 08:08:09] ========== Metrics ==========
[2023-05-02 08:08:10] Train Epoch: 9 [0/20000 (0.0%)]	Loss: 0.002470914740115404
[2023-05-02 08:08:15] Train Epoch: 9 [1000/20000 (5.0%)]	Loss: 0.0019891257397830486
[2023-05-02 08:08:20] Train Epoch: 9 [2000/20000 (10.0%)]	Loss: 0.0018654705490916967
[2023-05-02 08:08:24] Train Epoch: 9 [3000/20000 (15.0%)]	Loss: 0.0015662325313314795
[2023-05-02 08:08:29] Train Epoch: 9 [4000/20000 (20.0%)]	Loss: 0.002710180589929223
[2023-05-02 08:08:34] Train Epoch: 9 [5000/20000 (25.0%)]	Loss: 0.006683552172034979
[2023-05-02 08:08:39] Train Epoch: 9 [6000/20000 (30.0%)]	Loss: 0.32051172852516174
[2023-05-02 08:08:43] Train Epoch: 9 [7000/20000 (35.0%)]	Loss: 0.0022976244799792767
[2023-05-02 08:08:47] Train Epoch: 9 [8000/20000 (40.0%)]	Loss: 0.0039797560311853886
[2023-05-02 08:08:52] Train Epoch: 9 [9000/20000 (45.0%)]	Loss: 0.0023587732575833797
[2023-05-02 08:08:56] Train Epoch: 9 [10000/20000 (50.0%)]	Loss: 0.0018493728712201118
[2023-05-02 08:09:01] Train Epoch: 9 [11000/20000 (55.0%)]	Loss: 0.001505704945884645
[2023-05-02 08:09:05] Train Epoch: 9 [12000/20000 (60.0%)]	Loss: 0.0017620256403461099
[2023-05-02 08:09:10] Train Epoch: 9 [13000/20000 (65.0%)]	Loss: 0.0035129603929817677
[2023-05-02 08:09:14] Train Epoch: 9 [14000/20000 (70.0%)]	Loss: 0.00163457787130028
[2023-05-02 08:09:19] Train Epoch: 9 [15000/20000 (75.0%)]	Loss: 0.0014413833850994706
[2023-05-02 08:09:23] Train Epoch: 9 [16000/20000 (80.0%)]	Loss: 0.003054615342989564
[2023-05-02 08:09:28] Train Epoch: 9 [17000/20000 (85.0%)]	Loss: 0.0019844816997647285
[2023-05-02 08:09:32] Train Epoch: 9 [18000/20000 (90.0%)]	Loss: 0.001092541846446693
[2023-05-02 08:09:37] Train Epoch: 9 [19000/20000 (95.0%)]	Loss: 0.0012126368237659335
[2023-05-02 08:09:55] Stop At epoch 9/20 due to valid not increase
[2023-05-02 08:09:58] ========== Metrics ==========
[2023-05-02 08:09:58] {
  "tr_loss": 0.016183855337367794,
  "tr_acc": 0.9973997399739974,
  "tr_f1": 0.9974007797660701,
  "val_loss": 0.8615011461363696,
  "val_acc": 0.8232368093799964,
  "val_f1": 0.8232368093799964,
  "test_loss": 0.8943235716684078,
  "test_acc": 0.8184281842818428,
  "test_f1": 0.8164383561643836
}
[2023-05-02 08:09:58] ========== Metrics ==========
