[2023-05-02 06:04:00] Train Epoch: 1 [0/20000 (0.0%)]	Loss: 0.6508491635322571
[2023-05-02 06:04:01] Train Epoch: 1 [1000/20000 (5.0%)]	Loss: 0.6491011381149292
[2023-05-02 06:04:03] Train Epoch: 1 [2000/20000 (10.0%)]	Loss: 0.5429888963699341
[2023-05-02 06:04:04] Train Epoch: 1 [3000/20000 (15.0%)]	Loss: 0.5169568657875061
[2023-05-02 06:04:05] Train Epoch: 1 [4000/20000 (20.0%)]	Loss: 0.6086482405662537
[2023-05-02 06:04:06] Train Epoch: 1 [5000/20000 (25.0%)]	Loss: 0.5583838224411011
[2023-05-02 06:04:07] Train Epoch: 1 [6000/20000 (30.0%)]	Loss: 0.3496783375740051
[2023-05-02 06:04:08] Train Epoch: 1 [7000/20000 (35.0%)]	Loss: 0.5942981839179993
[2023-05-02 06:04:09] Train Epoch: 1 [8000/20000 (40.0%)]	Loss: 0.49261897802352905
[2023-05-02 06:04:11] Train Epoch: 1 [9000/20000 (45.0%)]	Loss: 0.35190320014953613
[2023-05-02 06:04:12] Train Epoch: 1 [10000/20000 (50.0%)]	Loss: 0.4307774603366852
[2023-05-02 06:04:13] Train Epoch: 1 [11000/20000 (55.0%)]	Loss: 0.3172576427459717
[2023-05-02 06:04:14] Train Epoch: 1 [12000/20000 (60.0%)]	Loss: 0.40814441442489624
[2023-05-02 06:04:16] Train Epoch: 1 [13000/20000 (65.0%)]	Loss: 0.4825313687324524
[2023-05-02 06:04:17] Train Epoch: 1 [14000/20000 (70.0%)]	Loss: 0.442131906747818
[2023-05-02 06:04:18] Train Epoch: 1 [15000/20000 (75.0%)]	Loss: 0.4590492248535156
[2023-05-02 06:04:20] Train Epoch: 1 [16000/20000 (80.0%)]	Loss: 0.5894366502761841
[2023-05-02 06:04:21] Train Epoch: 1 [17000/20000 (85.0%)]	Loss: 0.6411730051040649
[2023-05-02 06:04:22] Train Epoch: 1 [18000/20000 (90.0%)]	Loss: 0.3705798089504242
[2023-05-02 06:04:24] Train Epoch: 1 [19000/20000 (95.0%)]	Loss: 0.24523596465587616
[2023-05-02 06:04:31] ========== Metrics ==========
[2023-05-02 06:04:31] {
  "tr_loss": 0.46316395119072523,
  "tr_acc": 0.7851785178517852,
  "tr_f1": 0.7894117647058824,
  "val_loss": 0.41106118658631324,
  "val_acc": 0.8290993071593533,
  "val_f1": 0.8330440819160013,
  "test_loss": 0.37842413758843896,
  "test_acc": 0.8509485094850948,
  "test_f1": 0.8509485094850948
}
[2023-05-02 06:04:31] ========== Metrics ==========
[2023-05-02 06:04:32] Train Epoch: 2 [0/20000 (0.0%)]	Loss: 0.29057660698890686
[2023-05-02 06:04:34] Train Epoch: 2 [1000/20000 (5.0%)]	Loss: 0.30389365553855896
[2023-05-02 06:04:35] Train Epoch: 2 [2000/20000 (10.0%)]	Loss: 0.13073863089084625
[2023-05-02 06:04:36] Train Epoch: 2 [3000/20000 (15.0%)]	Loss: 0.37141603231430054
[2023-05-02 06:04:38] Train Epoch: 2 [4000/20000 (20.0%)]	Loss: 0.10876043885946274
[2023-05-02 06:04:39] Train Epoch: 2 [5000/20000 (25.0%)]	Loss: 0.6484366655349731
[2023-05-02 06:04:40] Train Epoch: 2 [6000/20000 (30.0%)]	Loss: 0.2702236473560333
[2023-05-02 06:04:42] Train Epoch: 2 [7000/20000 (35.0%)]	Loss: 0.31380850076675415
[2023-05-02 06:04:43] Train Epoch: 2 [8000/20000 (40.0%)]	Loss: 0.21281147003173828
[2023-05-02 06:04:44] Train Epoch: 2 [9000/20000 (45.0%)]	Loss: 0.3303828239440918
[2023-05-02 06:04:46] Train Epoch: 2 [10000/20000 (50.0%)]	Loss: 0.3480287194252014
[2023-05-02 06:04:47] Train Epoch: 2 [11000/20000 (55.0%)]	Loss: 0.14855246245861053
[2023-05-02 06:04:49] Train Epoch: 2 [12000/20000 (60.0%)]	Loss: 0.25294721126556396
[2023-05-02 06:04:50] Train Epoch: 2 [13000/20000 (65.0%)]	Loss: 0.15928173065185547
[2023-05-02 06:04:52] Train Epoch: 2 [14000/20000 (70.0%)]	Loss: 0.246380016207695
[2023-05-02 06:04:53] Train Epoch: 2 [15000/20000 (75.0%)]	Loss: 0.22822049260139465
[2023-05-02 06:04:55] Train Epoch: 2 [16000/20000 (80.0%)]	Loss: 0.28032153844833374
[2023-05-02 06:04:56] Train Epoch: 2 [17000/20000 (85.0%)]	Loss: 0.15336784720420837
[2023-05-02 06:04:58] Train Epoch: 2 [18000/20000 (90.0%)]	Loss: 0.16267886757850647
[2023-05-02 06:05:00] Train Epoch: 2 [19000/20000 (95.0%)]	Loss: 0.2530517280101776
[2023-05-02 06:05:08] ========== Metrics ==========
[2023-05-02 06:05:08] {
  "tr_loss": 0.2819071972806199,
  "tr_acc": 0.8891389138913891,
  "tr_f1": 0.8895531310715886,
  "val_loss": 0.3727138504123874,
  "val_acc": 0.8466868004974241,
  "val_f1": 0.8445885107149289,
  "test_loss": 0.3455036543410645,
  "test_acc": 0.8509485094850948,
  "test_f1": 0.842406876790831
}
[2023-05-02 06:05:08] ========== Metrics ==========
[2023-05-02 06:05:09] Train Epoch: 3 [0/20000 (0.0%)]	Loss: 0.11939932405948639
[2023-05-02 06:05:10] Train Epoch: 3 [1000/20000 (5.0%)]	Loss: 0.06416275352239609
[2023-05-02 06:05:12] Train Epoch: 3 [2000/20000 (10.0%)]	Loss: 0.13228769600391388
[2023-05-02 06:05:13] Train Epoch: 3 [3000/20000 (15.0%)]	Loss: 0.3228326141834259
[2023-05-02 06:05:15] Train Epoch: 3 [4000/20000 (20.0%)]	Loss: 0.14165060222148895
[2023-05-02 06:05:16] Train Epoch: 3 [5000/20000 (25.0%)]	Loss: 0.06888127326965332
[2023-05-02 06:05:18] Train Epoch: 3 [6000/20000 (30.0%)]	Loss: 0.0858437567949295
[2023-05-02 06:05:19] Train Epoch: 3 [7000/20000 (35.0%)]	Loss: 0.11030389368534088
[2023-05-02 06:05:21] Train Epoch: 3 [8000/20000 (40.0%)]	Loss: 0.11055105924606323
[2023-05-02 06:05:22] Train Epoch: 3 [9000/20000 (45.0%)]	Loss: 0.10815273225307465
[2023-05-02 06:05:24] Train Epoch: 3 [10000/20000 (50.0%)]	Loss: 0.06501950323581696
[2023-05-02 06:05:26] Train Epoch: 3 [11000/20000 (55.0%)]	Loss: 0.07796583324670792
[2023-05-02 06:05:28] Train Epoch: 3 [12000/20000 (60.0%)]	Loss: 0.025671685114502907
[2023-05-02 06:05:30] Train Epoch: 3 [13000/20000 (65.0%)]	Loss: 0.1965762823820114
[2023-05-02 06:05:32] Train Epoch: 3 [14000/20000 (70.0%)]	Loss: 0.0775754377245903
[2023-05-02 06:05:33] Train Epoch: 3 [15000/20000 (75.0%)]	Loss: 0.1284036934375763
[2023-05-02 06:05:35] Train Epoch: 3 [16000/20000 (80.0%)]	Loss: 0.22535844147205353
[2023-05-02 06:05:37] Train Epoch: 3 [17000/20000 (85.0%)]	Loss: 0.13117113709449768
[2023-05-02 06:05:39] Train Epoch: 3 [18000/20000 (90.0%)]	Loss: 0.3657724857330322
[2023-05-02 06:05:41] Train Epoch: 3 [19000/20000 (95.0%)]	Loss: 0.17391380667686462
[2023-05-02 06:05:50] ========== Metrics ==========
[2023-05-02 06:05:50] {
  "tr_loss": 0.16438418449779035,
  "tr_acc": 0.9413441344134413,
  "tr_f1": 0.9414056646186122,
  "val_loss": 0.43438330275494835,
  "val_acc": 0.8356724107301474,
  "val_f1": 0.8373483383154562,
  "test_loss": 0.3825348046252398,
  "test_acc": 0.8617886178861789,
  "test_f1": 0.8587257617728532
}
[2023-05-02 06:05:50] ========== Metrics ==========
[2023-05-02 06:05:51] Train Epoch: 4 [0/20000 (0.0%)]	Loss: 0.04616933315992355
[2023-05-02 06:05:53] Train Epoch: 4 [1000/20000 (5.0%)]	Loss: 0.04146536439657211
[2023-05-02 06:05:55] Train Epoch: 4 [2000/20000 (10.0%)]	Loss: 0.05287916213274002
[2023-05-02 06:05:57] Train Epoch: 4 [3000/20000 (15.0%)]	Loss: 0.05317829176783562
[2023-05-02 06:05:58] Train Epoch: 4 [4000/20000 (20.0%)]	Loss: 0.06656618416309357
[2023-05-02 06:06:00] Train Epoch: 4 [5000/20000 (25.0%)]	Loss: 0.04781276732683182
[2023-05-02 06:06:01] Train Epoch: 4 [6000/20000 (30.0%)]	Loss: 0.10288649797439575
[2023-05-02 06:06:03] Train Epoch: 4 [7000/20000 (35.0%)]	Loss: 0.01965315267443657
[2023-05-02 06:06:05] Train Epoch: 4 [8000/20000 (40.0%)]	Loss: 0.033854179084300995
[2023-05-02 06:06:06] Train Epoch: 4 [9000/20000 (45.0%)]	Loss: 0.025833964347839355
[2023-05-02 06:06:08] Train Epoch: 4 [10000/20000 (50.0%)]	Loss: 0.0052736056968569756
[2023-05-02 06:06:09] Train Epoch: 4 [11000/20000 (55.0%)]	Loss: 0.010043126530945301
[2023-05-02 06:06:11] Train Epoch: 4 [12000/20000 (60.0%)]	Loss: 0.3311411142349243
[2023-05-02 06:06:13] Train Epoch: 4 [13000/20000 (65.0%)]	Loss: 0.06492145359516144
[2023-05-02 06:06:14] Train Epoch: 4 [14000/20000 (70.0%)]	Loss: 0.0832902044057846
[2023-05-02 06:06:16] Train Epoch: 4 [15000/20000 (75.0%)]	Loss: 0.01936306618154049
[2023-05-02 06:06:17] Train Epoch: 4 [16000/20000 (80.0%)]	Loss: 0.005689081735908985
[2023-05-02 06:06:19] Train Epoch: 4 [17000/20000 (85.0%)]	Loss: 0.1916741281747818
[2023-05-02 06:06:21] Train Epoch: 4 [18000/20000 (90.0%)]	Loss: 0.027752632275223732
[2023-05-02 06:06:22] Train Epoch: 4 [19000/20000 (95.0%)]	Loss: 0.3276706039905548
[2023-05-02 06:06:30] ========== Metrics ==========
[2023-05-02 06:06:30] {
  "tr_loss": 0.08261172993302644,
  "tr_acc": 0.9736473647364736,
  "tr_f1": 0.9736486824341217,
  "val_loss": 0.5035212252214273,
  "val_acc": 0.8290993071593533,
  "val_f1": 0.826916156890968,
  "test_loss": 0.4790780917415774,
  "test_acc": 0.8401084010840109,
  "test_f1": 0.8338028169014085
}
[2023-05-02 06:06:30] ========== Metrics ==========
[2023-05-02 06:06:31] Train Epoch: 5 [0/20000 (0.0%)]	Loss: 0.013670647516846657
[2023-05-02 06:06:32] Train Epoch: 5 [1000/20000 (5.0%)]	Loss: 0.02158375456929207
[2023-05-02 06:06:34] Train Epoch: 5 [2000/20000 (10.0%)]	Loss: 0.0006441926816478372
[2023-05-02 06:06:36] Train Epoch: 5 [3000/20000 (15.0%)]	Loss: 0.0016361564630642533
[2023-05-02 06:06:37] Train Epoch: 5 [4000/20000 (20.0%)]	Loss: 0.004723606165498495
[2023-05-02 06:06:39] Train Epoch: 5 [5000/20000 (25.0%)]	Loss: 0.0027589593082666397
[2023-05-02 06:06:41] Train Epoch: 5 [6000/20000 (30.0%)]	Loss: 0.009775874204933643
[2023-05-02 06:06:42] Train Epoch: 5 [7000/20000 (35.0%)]	Loss: 0.014612240716814995
[2023-05-02 06:06:44] Train Epoch: 5 [8000/20000 (40.0%)]	Loss: 0.2573099732398987
[2023-05-02 06:06:46] Train Epoch: 5 [9000/20000 (45.0%)]	Loss: 0.0033534192480146885
[2023-05-02 06:06:47] Train Epoch: 5 [10000/20000 (50.0%)]	Loss: 0.048383135348558426
[2023-05-02 06:06:49] Train Epoch: 5 [11000/20000 (55.0%)]	Loss: 0.004617893602699041
[2023-05-02 06:06:51] Train Epoch: 5 [12000/20000 (60.0%)]	Loss: 0.011525392532348633
[2023-05-02 06:06:52] Train Epoch: 5 [13000/20000 (65.0%)]	Loss: 0.011429814621806145
[2023-05-02 06:06:54] Train Epoch: 5 [14000/20000 (70.0%)]	Loss: 0.22161896526813507
[2023-05-02 06:06:55] Train Epoch: 5 [15000/20000 (75.0%)]	Loss: 0.22340574860572815
[2023-05-02 06:06:57] Train Epoch: 5 [16000/20000 (80.0%)]	Loss: 0.003494672477245331
[2023-05-02 06:06:59] Train Epoch: 5 [17000/20000 (85.0%)]	Loss: 0.003744583111256361
[2023-05-02 06:07:00] Train Epoch: 5 [18000/20000 (90.0%)]	Loss: 0.012246208265423775
[2023-05-02 06:07:02] Train Epoch: 5 [19000/20000 (95.0%)]	Loss: 0.10102932155132294
[2023-05-02 06:07:10] ========== Metrics ==========
[2023-05-02 06:07:10] {
  "tr_loss": 0.044344508968137096,
  "tr_acc": 0.9862486248624862,
  "tr_f1": 0.9862534366408399,
  "val_loss": 0.6350656440900134,
  "val_acc": 0.8225262035885592,
  "val_f1": 0.8123943661971832,
  "test_loss": 0.6272706042137249,
  "test_acc": 0.8130081300813008,
  "test_f1": 0.7976539589442815
}
[2023-05-02 06:07:10] ========== Metrics ==========
[2023-05-02 06:07:11] Train Epoch: 6 [0/20000 (0.0%)]	Loss: 0.008205441758036613
[2023-05-02 06:07:12] Train Epoch: 6 [1000/20000 (5.0%)]	Loss: 0.013689314015209675
[2023-05-02 06:07:14] Train Epoch: 6 [2000/20000 (10.0%)]	Loss: 0.01118635293096304
[2023-05-02 06:07:16] Train Epoch: 6 [3000/20000 (15.0%)]	Loss: 0.005549530498683453
[2023-05-02 06:07:17] Train Epoch: 6 [4000/20000 (20.0%)]	Loss: 0.0007829504320397973
[2023-05-02 06:07:19] Train Epoch: 6 [5000/20000 (25.0%)]	Loss: 0.0018803582061082125
[2023-05-02 06:07:21] Train Epoch: 6 [6000/20000 (30.0%)]	Loss: 0.010503457859158516
[2023-05-02 06:07:22] Train Epoch: 6 [7000/20000 (35.0%)]	Loss: 0.0064332978799939156
[2023-05-02 06:07:24] Train Epoch: 6 [8000/20000 (40.0%)]	Loss: 0.0025011710822582245
[2023-05-02 06:07:26] Train Epoch: 6 [9000/20000 (45.0%)]	Loss: 0.006727991160005331
[2023-05-02 06:07:27] Train Epoch: 6 [10000/20000 (50.0%)]	Loss: 0.002428982639685273
[2023-05-02 06:07:29] Train Epoch: 6 [11000/20000 (55.0%)]	Loss: 0.0018381662666797638
[2023-05-02 06:07:31] Train Epoch: 6 [12000/20000 (60.0%)]	Loss: 0.016968119889497757
[2023-05-02 06:07:32] Train Epoch: 6 [13000/20000 (65.0%)]	Loss: 0.000778243294917047
[2023-05-02 06:07:34] Train Epoch: 6 [14000/20000 (70.0%)]	Loss: 0.027099281549453735
[2023-05-02 06:07:36] Train Epoch: 6 [15000/20000 (75.0%)]	Loss: 0.0016619721427559853
[2023-05-02 06:07:37] Train Epoch: 6 [16000/20000 (80.0%)]	Loss: 0.0009755977662280202
[2023-05-02 06:07:39] Train Epoch: 6 [17000/20000 (85.0%)]	Loss: 0.0010395944118499756
[2023-05-02 06:07:40] Train Epoch: 6 [18000/20000 (90.0%)]	Loss: 0.0006076324498280883
[2023-05-02 06:07:42] Train Epoch: 6 [19000/20000 (95.0%)]	Loss: 0.0008160745492205024
[2023-05-02 06:07:50] ========== Metrics ==========
[2023-05-02 06:07:50] {
  "tr_loss": 0.014771053892173673,
  "tr_acc": 0.9967496749674968,
  "tr_f1": 0.9967511371020144,
  "val_loss": 0.8599882279230696,
  "val_acc": 0.8216379463492628,
  "val_f1": 0.8245368752184551,
  "test_loss": 0.704611098055594,
  "test_acc": 0.8428184281842819,
  "test_f1": 0.8432432432432432
}
[2023-05-02 06:07:50] ========== Metrics ==========
[2023-05-02 06:07:51] Train Epoch: 7 [0/20000 (0.0%)]	Loss: 0.12325631082057953
[2023-05-02 06:07:53] Train Epoch: 7 [1000/20000 (5.0%)]	Loss: 0.004208569414913654
[2023-05-02 06:07:54] Train Epoch: 7 [2000/20000 (10.0%)]	Loss: 0.0019295855890959501
[2023-05-02 06:07:56] Train Epoch: 7 [3000/20000 (15.0%)]	Loss: 0.0040556201711297035
[2023-05-02 06:07:58] Train Epoch: 7 [4000/20000 (20.0%)]	Loss: 0.0010619481327012181
[2023-05-02 06:07:59] Train Epoch: 7 [5000/20000 (25.0%)]	Loss: 0.007076917681843042
[2023-05-02 06:08:01] Train Epoch: 7 [6000/20000 (30.0%)]	Loss: 0.001312852487899363
[2023-05-02 06:08:03] Train Epoch: 7 [7000/20000 (35.0%)]	Loss: 0.002644964959472418
[2023-05-02 06:08:04] Train Epoch: 7 [8000/20000 (40.0%)]	Loss: 0.4033784866333008
[2023-05-02 06:08:06] Train Epoch: 7 [9000/20000 (45.0%)]	Loss: 0.0014447731664404273
[2023-05-02 06:08:07] Train Epoch: 7 [10000/20000 (50.0%)]	Loss: 0.0009230055147781968
[2023-05-02 06:08:09] Train Epoch: 7 [11000/20000 (55.0%)]	Loss: 0.0005028475425206125
[2023-05-02 06:08:11] Train Epoch: 7 [12000/20000 (60.0%)]	Loss: 0.0003102701739408076
[2023-05-02 06:08:12] Train Epoch: 7 [13000/20000 (65.0%)]	Loss: 0.0027766774874180555
[2023-05-02 06:08:14] Train Epoch: 7 [14000/20000 (70.0%)]	Loss: 0.0017591655487194657
[2023-05-02 06:08:16] Train Epoch: 7 [15000/20000 (75.0%)]	Loss: 0.005731693468987942
[2023-05-02 06:08:17] Train Epoch: 7 [16000/20000 (80.0%)]	Loss: 0.002272173762321472
[2023-05-02 06:08:19] Train Epoch: 7 [17000/20000 (85.0%)]	Loss: 0.0018091502133756876
[2023-05-02 06:08:21] Train Epoch: 7 [18000/20000 (90.0%)]	Loss: 0.0015072922687977552
[2023-05-02 06:08:22] Train Epoch: 7 [19000/20000 (95.0%)]	Loss: 0.0005156822153367102
[2023-05-02 06:08:30] ========== Metrics ==========
[2023-05-02 06:08:30] {
  "tr_loss": 0.011099007087809679,
  "tr_acc": 0.9977497749774977,
  "tr_f1": 0.9977507872244714,
  "val_loss": 0.9482926423258539,
  "val_acc": 0.825368626754308,
  "val_f1": 0.817523668089846,
  "test_loss": 0.9039732329244536,
  "test_acc": 0.8292682926829268,
  "test_f1": 0.8163265306122449
}
[2023-05-02 06:08:30] ========== Metrics ==========
[2023-05-02 06:08:31] Train Epoch: 8 [0/20000 (0.0%)]	Loss: 0.00032623662264086306
[2023-05-02 06:08:33] Train Epoch: 8 [1000/20000 (5.0%)]	Loss: 0.00023047454305924475
[2023-05-02 06:08:34] Train Epoch: 8 [2000/20000 (10.0%)]	Loss: 0.0006807458703406155
[2023-05-02 06:08:36] Train Epoch: 8 [3000/20000 (15.0%)]	Loss: 0.0008330732816830277
[2023-05-02 06:08:38] Train Epoch: 8 [4000/20000 (20.0%)]	Loss: 9.553512063575909e-05
[2023-05-02 06:08:39] Train Epoch: 8 [5000/20000 (25.0%)]	Loss: 0.0008792208391241729
[2023-05-02 06:08:41] Train Epoch: 8 [6000/20000 (30.0%)]	Loss: 0.023796342313289642
[2023-05-02 06:08:42] Train Epoch: 8 [7000/20000 (35.0%)]	Loss: 0.0019161890959367156
[2023-05-02 06:08:44] Train Epoch: 8 [8000/20000 (40.0%)]	Loss: 0.001527349348179996
[2023-05-02 06:08:46] Train Epoch: 8 [9000/20000 (45.0%)]	Loss: 0.0005695538711734116
[2023-05-02 06:08:47] Train Epoch: 8 [10000/20000 (50.0%)]	Loss: 0.0046721091493964195
[2023-05-02 06:08:49] Train Epoch: 8 [11000/20000 (55.0%)]	Loss: 0.010685102082788944
[2023-05-02 06:08:51] Train Epoch: 8 [12000/20000 (60.0%)]	Loss: 0.0026025769766420126
[2023-05-02 06:08:52] Train Epoch: 8 [13000/20000 (65.0%)]	Loss: 0.08138524740934372
[2023-05-02 06:08:54] Train Epoch: 8 [14000/20000 (70.0%)]	Loss: 0.0008618929423391819
[2023-05-02 06:08:56] Train Epoch: 8 [15000/20000 (75.0%)]	Loss: 0.0003379872068762779
[2023-05-02 06:08:57] Train Epoch: 8 [16000/20000 (80.0%)]	Loss: 0.00047843685024417937
[2023-05-02 06:09:00] Train Epoch: 8 [17000/20000 (85.0%)]	Loss: 0.0010097604244947433
[2023-05-02 06:09:02] Train Epoch: 8 [18000/20000 (90.0%)]	Loss: 0.003661935683339834
[2023-05-02 06:09:03] Train Epoch: 8 [19000/20000 (95.0%)]	Loss: 0.0005200988962315023
[2023-05-02 06:09:10] Stop At epoch 8/20 due to valid not increase
[2023-05-02 06:09:11] ========== Metrics ==========
[2023-05-02 06:09:11] {
  "tr_loss": 0.009107728104754078,
  "tr_acc": 0.9981498149814981,
  "tr_f1": 0.9981502774583813,
  "val_loss": 0.9913906980373166,
  "val_acc": 0.8239474151714337,
  "val_f1": 0.8222421524663677,
  "test_loss": 0.8746381789233869,
  "test_acc": 0.8238482384823849,
  "test_f1": 0.8179271708683472
}
[2023-05-02 06:09:11] ========== Metrics ==========
