[2023-05-03 08:09:36] Train Epoch: 1 [0/20000 (0.0%)]	Loss: 0.689312219619751
[2023-05-03 08:09:44] Train Epoch: 1 [1000/20000 (5.0%)]	Loss: 0.6149353981018066
[2023-05-03 08:09:51] Train Epoch: 1 [2000/20000 (10.0%)]	Loss: 0.7727692723274231
[2023-05-03 08:09:59] Train Epoch: 1 [3000/20000 (15.0%)]	Loss: 0.6027198433876038
[2023-05-03 08:10:08] Train Epoch: 1 [4000/20000 (20.0%)]	Loss: 0.7284498810768127
[2023-05-03 08:10:17] Train Epoch: 1 [5000/20000 (25.0%)]	Loss: 0.7308602333068848
[2023-05-03 08:10:26] Train Epoch: 1 [6000/20000 (30.0%)]	Loss: 0.5442642569541931
[2023-05-03 08:10:36] Train Epoch: 1 [7000/20000 (35.0%)]	Loss: 0.5796735286712646
[2023-05-03 08:10:48] Train Epoch: 1 [8000/20000 (40.0%)]	Loss: 0.4590877890586853
[2023-05-03 08:10:57] Train Epoch: 1 [9000/20000 (45.0%)]	Loss: 0.7064752578735352
[2023-05-03 08:11:06] Train Epoch: 1 [10000/20000 (50.0%)]	Loss: 0.5204850435256958
[2023-05-03 08:11:14] Train Epoch: 1 [11000/20000 (55.0%)]	Loss: 0.5319676399230957
[2023-05-03 08:11:23] Train Epoch: 1 [12000/20000 (60.0%)]	Loss: 0.9757286906242371
[2023-05-03 08:11:31] Train Epoch: 1 [13000/20000 (65.0%)]	Loss: 0.5413180589675903
[2023-05-03 08:11:39] Train Epoch: 1 [14000/20000 (70.0%)]	Loss: 0.5254995226860046
[2023-05-03 08:11:48] Train Epoch: 1 [15000/20000 (75.0%)]	Loss: 0.5775330066680908
[2023-05-03 08:11:56] Train Epoch: 1 [16000/20000 (80.0%)]	Loss: 0.4541904330253601
[2023-05-03 08:12:05] Train Epoch: 1 [17000/20000 (85.0%)]	Loss: 0.6732631325721741
[2023-05-03 08:12:14] Train Epoch: 1 [18000/20000 (90.0%)]	Loss: 0.5547159314155579
[2023-05-03 08:12:23] Train Epoch: 1 [19000/20000 (95.0%)]	Loss: 0.6232786774635315
[2023-05-03 08:12:57] ========== Metrics ==========
[2023-05-03 08:12:57] {
  "tr_loss": 0.6021494600865612,
  "tr_acc": 0.6834683468346835,
  "tr_f1": 0.6754511894995898,
  "val_loss": 0.47639712577476917,
  "val_acc": 0.7928584117960561,
  "val_f1": 0.7969348659003832,
  "test_loss": 0.4860563959855697,
  "test_acc": 0.7777777777777778,
  "test_f1": 0.7747252747252746
}
[2023-05-03 08:12:57] ========== Metrics ==========
[2023-05-03 08:13:00] Train Epoch: 2 [0/20000 (0.0%)]	Loss: 0.4497787058353424
[2023-05-03 08:13:07] Train Epoch: 2 [1000/20000 (5.0%)]	Loss: 0.2660302519798279
[2023-05-03 08:13:15] Train Epoch: 2 [2000/20000 (10.0%)]	Loss: 0.3139646351337433
[2023-05-03 08:13:24] Train Epoch: 2 [3000/20000 (15.0%)]	Loss: 0.6614745259284973
[2023-05-03 08:13:34] Train Epoch: 2 [4000/20000 (20.0%)]	Loss: 0.5077571868896484
[2023-05-03 08:13:43] Train Epoch: 2 [5000/20000 (25.0%)]	Loss: 0.30203673243522644
[2023-05-03 08:13:51] Train Epoch: 2 [6000/20000 (30.0%)]	Loss: 0.5667164325714111
[2023-05-03 08:14:00] Train Epoch: 2 [7000/20000 (35.0%)]	Loss: 0.5454776883125305
[2023-05-03 08:14:08] Train Epoch: 2 [8000/20000 (40.0%)]	Loss: 0.6267019510269165
[2023-05-03 08:14:17] Train Epoch: 2 [9000/20000 (45.0%)]	Loss: 0.3960440754890442
[2023-05-03 08:14:25] Train Epoch: 2 [10000/20000 (50.0%)]	Loss: 0.44763755798339844
[2023-05-03 08:14:34] Train Epoch: 2 [11000/20000 (55.0%)]	Loss: 0.32007020711898804
[2023-05-03 08:14:42] Train Epoch: 2 [12000/20000 (60.0%)]	Loss: 0.5671756267547607
[2023-05-03 08:14:51] Train Epoch: 2 [13000/20000 (65.0%)]	Loss: 0.3053499460220337
[2023-05-03 08:15:00] Train Epoch: 2 [14000/20000 (70.0%)]	Loss: 0.4735049307346344
[2023-05-03 08:15:09] Train Epoch: 2 [15000/20000 (75.0%)]	Loss: 0.1724056899547577
[2023-05-03 08:15:17] Train Epoch: 2 [16000/20000 (80.0%)]	Loss: 0.2744501829147339
[2023-05-03 08:15:26] Train Epoch: 2 [17000/20000 (85.0%)]	Loss: 0.2428189069032669
[2023-05-03 08:15:35] Train Epoch: 2 [18000/20000 (90.0%)]	Loss: 0.32028037309646606
[2023-05-03 08:15:44] Train Epoch: 2 [19000/20000 (95.0%)]	Loss: 0.35601407289505005
[2023-05-03 08:16:20] ========== Metrics ==========
[2023-05-03 08:16:20] {
  "tr_loss": 0.4454054830238001,
  "tr_acc": 0.8037303730373038,
  "tr_f1": 0.7999999999999999,
  "val_loss": 0.42682625817922193,
  "val_acc": 0.8282110499200569,
  "val_f1": 0.818198909569468,
  "test_loss": 0.48908639891037775,
  "test_acc": 0.8075880758807588,
  "test_f1": 0.7867867867867869
}
[2023-05-03 08:16:20] ========== Metrics ==========
[2023-05-03 08:16:22] Train Epoch: 3 [0/20000 (0.0%)]	Loss: 0.28180602192878723
[2023-05-03 08:16:30] Train Epoch: 3 [1000/20000 (5.0%)]	Loss: 0.1914394646883011
[2023-05-03 08:16:37] Train Epoch: 3 [2000/20000 (10.0%)]	Loss: 0.20877714455127716
[2023-05-03 08:16:45] Train Epoch: 3 [3000/20000 (15.0%)]	Loss: 0.027566736564040184
[2023-05-03 08:16:54] Train Epoch: 3 [4000/20000 (20.0%)]	Loss: 0.40789762139320374
[2023-05-03 08:17:01] Train Epoch: 3 [5000/20000 (25.0%)]	Loss: 0.31270524859428406
[2023-05-03 08:17:09] Train Epoch: 3 [6000/20000 (30.0%)]	Loss: 0.16894526779651642
[2023-05-03 08:17:18] Train Epoch: 3 [7000/20000 (35.0%)]	Loss: 0.19383791089057922
[2023-05-03 08:17:26] Train Epoch: 3 [8000/20000 (40.0%)]	Loss: 0.3553287386894226
[2023-05-03 08:17:33] Train Epoch: 3 [9000/20000 (45.0%)]	Loss: 0.39476925134658813
[2023-05-03 08:17:41] Train Epoch: 3 [10000/20000 (50.0%)]	Loss: 0.14899852871894836
[2023-05-03 08:17:50] Train Epoch: 3 [11000/20000 (55.0%)]	Loss: 0.12360846996307373
[2023-05-03 08:18:00] Train Epoch: 3 [12000/20000 (60.0%)]	Loss: 0.23675242066383362
[2023-05-03 08:18:10] Train Epoch: 3 [13000/20000 (65.0%)]	Loss: 0.30776262283325195
[2023-05-03 08:18:20] Train Epoch: 3 [14000/20000 (70.0%)]	Loss: 0.06280083954334259
[2023-05-03 08:18:30] Train Epoch: 3 [15000/20000 (75.0%)]	Loss: 0.42259031534194946
[2023-05-03 08:18:40] Train Epoch: 3 [16000/20000 (80.0%)]	Loss: 0.26308271288871765
[2023-05-03 08:18:50] Train Epoch: 3 [17000/20000 (85.0%)]	Loss: 0.09659390151500702
[2023-05-03 08:18:59] Train Epoch: 3 [18000/20000 (90.0%)]	Loss: 0.46780139207839966
[2023-05-03 08:19:09] Train Epoch: 3 [19000/20000 (95.0%)]	Loss: 0.2917885184288025
[2023-05-03 08:19:46] ========== Metrics ==========
[2023-05-03 08:19:46] {
  "tr_loss": 0.27786447540378617,
  "tr_acc": 0.8916891689168917,
  "tr_f1": 0.8914720913919231,
  "val_loss": 0.3925252987608263,
  "val_acc": 0.8450879374666903,
  "val_f1": 0.8477121900104785,
  "test_loss": 0.3640035319780593,
  "test_acc": 0.8563685636856369,
  "test_f1": 0.8547945205479452
}
[2023-05-03 08:19:46] ========== Metrics ==========
[2023-05-03 08:19:49] Train Epoch: 4 [0/20000 (0.0%)]	Loss: 0.11034420877695084
[2023-05-03 08:19:59] Train Epoch: 4 [1000/20000 (5.0%)]	Loss: 0.2659842371940613
[2023-05-03 08:20:09] Train Epoch: 4 [2000/20000 (10.0%)]	Loss: 0.1987253725528717
[2023-05-03 08:20:19] Train Epoch: 4 [3000/20000 (15.0%)]	Loss: 0.04236800968647003
[2023-05-03 08:20:29] Train Epoch: 4 [4000/20000 (20.0%)]	Loss: 0.0698486790060997
[2023-05-03 08:20:39] Train Epoch: 4 [5000/20000 (25.0%)]	Loss: 0.126161590218544
[2023-05-03 08:20:50] Train Epoch: 4 [6000/20000 (30.0%)]	Loss: 0.6113662123680115
[2023-05-03 08:21:01] Train Epoch: 4 [7000/20000 (35.0%)]	Loss: 0.2638062834739685
[2023-05-03 08:21:11] Train Epoch: 4 [8000/20000 (40.0%)]	Loss: 0.4509442448616028
[2023-05-03 08:21:22] Train Epoch: 4 [9000/20000 (45.0%)]	Loss: 0.11144280433654785
[2023-05-03 08:21:33] Train Epoch: 4 [10000/20000 (50.0%)]	Loss: 0.01481948234140873
[2023-05-03 08:21:44] Train Epoch: 4 [11000/20000 (55.0%)]	Loss: 0.09723849594593048
[2023-05-03 08:21:54] Train Epoch: 4 [12000/20000 (60.0%)]	Loss: 0.11493824422359467
[2023-05-03 08:22:04] Train Epoch: 4 [13000/20000 (65.0%)]	Loss: 0.033791787922382355
[2023-05-03 08:22:15] Train Epoch: 4 [14000/20000 (70.0%)]	Loss: 0.2622487246990204
[2023-05-03 08:22:26] Train Epoch: 4 [15000/20000 (75.0%)]	Loss: 0.3658076822757721
[2023-05-03 08:22:36] Train Epoch: 4 [16000/20000 (80.0%)]	Loss: 0.11643652617931366
[2023-05-03 08:22:44] Train Epoch: 4 [17000/20000 (85.0%)]	Loss: 0.28068360686302185
[2023-05-03 08:22:53] Train Epoch: 4 [18000/20000 (90.0%)]	Loss: 0.11667969077825546
[2023-05-03 08:23:01] Train Epoch: 4 [19000/20000 (95.0%)]	Loss: 0.05125124379992485
[2023-05-03 08:23:36] ========== Metrics ==========
[2023-05-03 08:23:36] {
  "tr_loss": 0.16763949232448477,
  "tr_acc": 0.9401440144014401,
  "tr_f1": 0.9401230553749188,
  "val_loss": 0.4358001256374509,
  "val_acc": 0.8424231657488008,
  "val_f1": 0.8474109753999657,
  "test_loss": 0.40547736493875663,
  "test_acc": 0.8563685636856369,
  "test_f1": 0.8586666666666667
}
[2023-05-03 08:23:36] ========== Metrics ==========
[2023-05-03 08:23:38] Train Epoch: 5 [0/20000 (0.0%)]	Loss: 0.011608840897679329
[2023-05-03 08:23:46] Train Epoch: 5 [1000/20000 (5.0%)]	Loss: 0.05794135853648186
[2023-05-03 08:23:54] Train Epoch: 5 [2000/20000 (10.0%)]	Loss: 0.08991619199514389
[2023-05-03 08:24:02] Train Epoch: 5 [3000/20000 (15.0%)]	Loss: 0.20235177874565125
[2023-05-03 08:24:10] Train Epoch: 5 [4000/20000 (20.0%)]	Loss: 0.0194932222366333
[2023-05-03 08:24:18] Train Epoch: 5 [5000/20000 (25.0%)]	Loss: 0.05385768413543701
[2023-05-03 08:24:28] Train Epoch: 5 [6000/20000 (30.0%)]	Loss: 0.03220026195049286
[2023-05-03 08:24:37] Train Epoch: 5 [7000/20000 (35.0%)]	Loss: 0.0418444462120533
[2023-05-03 08:24:47] Train Epoch: 5 [8000/20000 (40.0%)]	Loss: 0.04030982777476311
[2023-05-03 08:24:57] Train Epoch: 5 [9000/20000 (45.0%)]	Loss: 0.010907668620347977
[2023-05-03 08:25:06] Train Epoch: 5 [10000/20000 (50.0%)]	Loss: 0.11315029859542847
[2023-05-03 08:25:16] Train Epoch: 5 [11000/20000 (55.0%)]	Loss: 0.07388391345739365
[2023-05-03 08:25:27] Train Epoch: 5 [12000/20000 (60.0%)]	Loss: 0.3315405249595642
[2023-05-03 08:25:37] Train Epoch: 5 [13000/20000 (65.0%)]	Loss: 0.03257237747311592
[2023-05-03 08:25:46] Train Epoch: 5 [14000/20000 (70.0%)]	Loss: 0.014179231598973274
[2023-05-03 08:25:55] Train Epoch: 5 [15000/20000 (75.0%)]	Loss: 0.07947204262018204
[2023-05-03 08:26:05] Train Epoch: 5 [16000/20000 (80.0%)]	Loss: 0.03370087593793869
[2023-05-03 08:26:16] Train Epoch: 5 [17000/20000 (85.0%)]	Loss: 0.14695331454277039
[2023-05-03 08:26:26] Train Epoch: 5 [18000/20000 (90.0%)]	Loss: 0.014507552608847618
[2023-05-03 08:26:36] Train Epoch: 5 [19000/20000 (95.0%)]	Loss: 0.23109027743339539
[2023-05-03 08:27:14] ========== Metrics ==========
[2023-05-03 08:27:14] {
  "tr_loss": 0.09280951764697794,
  "tr_acc": 0.9711471147114712,
  "tr_f1": 0.9711312353029469,
  "val_loss": 0.5505558753478461,
  "val_acc": 0.8260792325457452,
  "val_f1": 0.8120560568247264,
  "test_loss": 0.5669749170784059,
  "test_acc": 0.8211382113821138,
  "test_f1": 0.8035714285714285
}
[2023-05-03 08:27:14] ========== Metrics ==========
[2023-05-03 08:27:16] Train Epoch: 6 [0/20000 (0.0%)]	Loss: 0.026592666283249855
[2023-05-03 08:27:25] Train Epoch: 6 [1000/20000 (5.0%)]	Loss: 0.01137417834252119
[2023-05-03 08:27:34] Train Epoch: 6 [2000/20000 (10.0%)]	Loss: 0.007437518797814846
[2023-05-03 08:27:44] Train Epoch: 6 [3000/20000 (15.0%)]	Loss: 0.03551182150840759
[2023-05-03 08:27:55] Train Epoch: 6 [4000/20000 (20.0%)]	Loss: 0.022953353822231293
[2023-05-03 08:28:06] Train Epoch: 6 [5000/20000 (25.0%)]	Loss: 0.003112942213192582
[2023-05-03 08:28:16] Train Epoch: 6 [6000/20000 (30.0%)]	Loss: 0.0077329715713858604
[2023-05-03 08:28:26] Train Epoch: 6 [7000/20000 (35.0%)]	Loss: 0.007063176482915878
[2023-05-03 08:28:37] Train Epoch: 6 [8000/20000 (40.0%)]	Loss: 0.05205487459897995
[2023-05-03 08:28:47] Train Epoch: 6 [9000/20000 (45.0%)]	Loss: 0.0036585938651114702
[2023-05-03 08:28:58] Train Epoch: 6 [10000/20000 (50.0%)]	Loss: 0.007962674833834171
[2023-05-03 08:29:08] Train Epoch: 6 [11000/20000 (55.0%)]	Loss: 0.18598732352256775
[2023-05-03 08:29:18] Train Epoch: 6 [12000/20000 (60.0%)]	Loss: 0.0048943012952804565
[2023-05-03 08:29:29] Train Epoch: 6 [13000/20000 (65.0%)]	Loss: 0.002877212595194578
[2023-05-03 08:29:39] Train Epoch: 6 [14000/20000 (70.0%)]	Loss: 0.0037886190693825483
[2023-05-03 08:29:50] Train Epoch: 6 [15000/20000 (75.0%)]	Loss: 0.015213456936180592
[2023-05-03 08:30:00] Train Epoch: 6 [16000/20000 (80.0%)]	Loss: 0.05237289145588875
[2023-05-03 08:30:10] Train Epoch: 6 [17000/20000 (85.0%)]	Loss: 0.00431787921115756
[2023-05-03 08:30:21] Train Epoch: 6 [18000/20000 (90.0%)]	Loss: 0.0031003239564597607
[2023-05-03 08:30:32] Train Epoch: 6 [19000/20000 (95.0%)]	Loss: 0.003648333251476288
[2023-05-03 08:31:10] ========== Metrics ==========
[2023-05-03 08:31:10] {
  "tr_loss": 0.037035628488127685,
  "tr_acc": 0.9902490249024902,
  "tr_f1": 0.9902348640392608,
  "val_loss": 0.6289638242149733,
  "val_acc": 0.8378042281044591,
  "val_f1": 0.8405240174672489,
  "test_loss": 0.6008557524017202,
  "test_acc": 0.8509485094850948,
  "test_f1": 0.8509485094850948
}
[2023-05-03 08:31:10] ========== Metrics ==========
[2023-05-03 08:31:12] Train Epoch: 7 [0/20000 (0.0%)]	Loss: 0.0035801257472485304
[2023-05-03 08:31:20] Train Epoch: 7 [1000/20000 (5.0%)]	Loss: 0.002834525890648365
[2023-05-03 08:31:29] Train Epoch: 7 [2000/20000 (10.0%)]	Loss: 0.00406440207734704
[2023-05-03 08:31:38] Train Epoch: 7 [3000/20000 (15.0%)]	Loss: 0.0028826084453612566
[2023-05-03 08:31:48] Train Epoch: 7 [4000/20000 (20.0%)]	Loss: 0.0031015886925160885
[2023-05-03 08:31:58] Train Epoch: 7 [5000/20000 (25.0%)]	Loss: 0.005621805787086487
[2023-05-03 08:32:08] Train Epoch: 7 [6000/20000 (30.0%)]	Loss: 0.04168076440691948
[2023-05-03 08:32:18] Train Epoch: 7 [7000/20000 (35.0%)]	Loss: 0.003671676618978381
[2023-05-03 08:32:27] Train Epoch: 7 [8000/20000 (40.0%)]	Loss: 0.025721782818436623
[2023-05-03 08:32:36] Train Epoch: 7 [9000/20000 (45.0%)]	Loss: 0.00816845428198576
[2023-05-03 08:32:46] Train Epoch: 7 [10000/20000 (50.0%)]	Loss: 0.009339637123048306
[2023-05-03 08:32:55] Train Epoch: 7 [11000/20000 (55.0%)]	Loss: 0.004211408086121082
[2023-05-03 08:33:05] Train Epoch: 7 [12000/20000 (60.0%)]	Loss: 0.022954845800995827
[2023-05-03 08:33:15] Train Epoch: 7 [13000/20000 (65.0%)]	Loss: 0.0035682860761880875
[2023-05-03 08:33:25] Train Epoch: 7 [14000/20000 (70.0%)]	Loss: 0.005583255551755428
[2023-05-03 08:33:35] Train Epoch: 7 [15000/20000 (75.0%)]	Loss: 0.3214685320854187
[2023-05-03 08:33:45] Train Epoch: 7 [16000/20000 (80.0%)]	Loss: 0.03609205037355423
[2023-05-03 08:33:55] Train Epoch: 7 [17000/20000 (85.0%)]	Loss: 0.007127472665160894
[2023-05-03 08:34:05] Train Epoch: 7 [18000/20000 (90.0%)]	Loss: 0.004539135377854109
[2023-05-03 08:34:14] Train Epoch: 7 [19000/20000 (95.0%)]	Loss: 0.0032733536791056395
[2023-05-03 08:34:51] ========== Metrics ==========
[2023-05-03 08:34:51] {
  "tr_loss": 0.030519415193182596,
  "tr_acc": 0.9921492149214921,
  "tr_f1": 0.9921417488362781,
  "val_loss": 0.6598382836598542,
  "val_acc": 0.8330076390122579,
  "val_f1": 0.8322626695217701,
  "test_loss": 0.6387412095780618,
  "test_acc": 0.8401084010840109,
  "test_f1": 0.8365650969529085
}
[2023-05-03 08:34:51] ========== Metrics ==========
[2023-05-03 08:34:53] Train Epoch: 8 [0/20000 (0.0%)]	Loss: 0.037799734622240067
[2023-05-03 08:35:02] Train Epoch: 8 [1000/20000 (5.0%)]	Loss: 0.024441009387373924
[2023-05-03 08:35:10] Train Epoch: 8 [2000/20000 (10.0%)]	Loss: 0.0023384694941341877
[2023-05-03 08:35:18] Train Epoch: 8 [3000/20000 (15.0%)]	Loss: 0.0010175069328397512
[2023-05-03 08:35:27] Train Epoch: 8 [4000/20000 (20.0%)]	Loss: 0.0009756892686709762
[2023-05-03 08:35:37] Train Epoch: 8 [5000/20000 (25.0%)]	Loss: 0.0038043628446757793
[2023-05-03 08:35:48] Train Epoch: 8 [6000/20000 (30.0%)]	Loss: 0.006204632110893726
[2023-05-03 08:35:59] Train Epoch: 8 [7000/20000 (35.0%)]	Loss: 0.0024304650723934174
[2023-05-03 08:36:09] Train Epoch: 8 [8000/20000 (40.0%)]	Loss: 0.0044571636244654655
[2023-05-03 08:36:20] Train Epoch: 8 [9000/20000 (45.0%)]	Loss: 0.002378672594204545
[2023-05-03 08:36:31] Train Epoch: 8 [10000/20000 (50.0%)]	Loss: 0.0020016315393149853
[2023-05-03 08:36:42] Train Epoch: 8 [11000/20000 (55.0%)]	Loss: 0.00898675061762333
[2023-05-03 08:36:53] Train Epoch: 8 [12000/20000 (60.0%)]	Loss: 0.003981787245720625
[2023-05-03 08:37:04] Train Epoch: 8 [13000/20000 (65.0%)]	Loss: 0.002182964002713561
[2023-05-03 08:37:16] Train Epoch: 8 [14000/20000 (70.0%)]	Loss: 0.002862911205738783
[2023-05-03 08:37:27] Train Epoch: 8 [15000/20000 (75.0%)]	Loss: 0.027682151645421982
[2023-05-03 08:37:38] Train Epoch: 8 [16000/20000 (80.0%)]	Loss: 0.005519331432878971
[2023-05-03 08:37:49] Train Epoch: 8 [17000/20000 (85.0%)]	Loss: 0.010729998350143433
[2023-05-03 08:38:00] Train Epoch: 8 [18000/20000 (90.0%)]	Loss: 0.021432440727949142
[2023-05-03 08:38:11] Train Epoch: 8 [19000/20000 (95.0%)]	Loss: 0.012268254533410072
[2023-05-03 08:38:49] ========== Metrics ==========
[2023-05-03 08:38:49] {
  "tr_loss": 0.025647820952807227,
  "tr_acc": 0.993949394939494,
  "tr_f1": 0.9939424280350438,
  "val_loss": 0.6859436631070337,
  "val_acc": 0.8319417303251021,
  "val_f1": 0.8343257443082314,
  "test_loss": 0.6627486470511289,
  "test_acc": 0.8401084010840109,
  "test_f1": 0.8392370572207085
}
[2023-05-03 08:38:49] ========== Metrics ==========
[2023-05-03 08:38:51] Train Epoch: 9 [0/20000 (0.0%)]	Loss: 0.005792482756078243
[2023-05-03 08:39:00] Train Epoch: 9 [1000/20000 (5.0%)]	Loss: 0.0028133175801485777
[2023-05-03 08:39:09] Train Epoch: 9 [2000/20000 (10.0%)]	Loss: 0.270658016204834
[2023-05-03 08:39:18] Train Epoch: 9 [3000/20000 (15.0%)]	Loss: 0.20901994407176971
[2023-05-03 08:39:26] Train Epoch: 9 [4000/20000 (20.0%)]	Loss: 0.0059400987811386585
[2023-05-03 08:39:36] Train Epoch: 9 [5000/20000 (25.0%)]	Loss: 0.30721673369407654
[2023-05-03 08:39:46] Train Epoch: 9 [6000/20000 (30.0%)]	Loss: 0.0016146060079336166
[2023-05-03 08:39:55] Train Epoch: 9 [7000/20000 (35.0%)]	Loss: 0.0011727947276085615
[2023-05-03 08:40:05] Train Epoch: 9 [8000/20000 (40.0%)]	Loss: 0.004268909804522991
[2023-05-03 08:40:15] Train Epoch: 9 [9000/20000 (45.0%)]	Loss: 0.32743382453918457
[2023-05-03 08:40:24] Train Epoch: 9 [10000/20000 (50.0%)]	Loss: 0.002930280053988099
[2023-05-03 08:40:33] Train Epoch: 9 [11000/20000 (55.0%)]	Loss: 0.0020596939139068127
[2023-05-03 08:40:43] Train Epoch: 9 [12000/20000 (60.0%)]	Loss: 0.002691395115107298
[2023-05-03 08:40:52] Train Epoch: 9 [13000/20000 (65.0%)]	Loss: 0.05642770603299141
[2023-05-03 08:41:01] Train Epoch: 9 [14000/20000 (70.0%)]	Loss: 0.34664130210876465
[2023-05-03 08:41:10] Train Epoch: 9 [15000/20000 (75.0%)]	Loss: 0.2956821024417877
[2023-05-03 08:41:20] Train Epoch: 9 [16000/20000 (80.0%)]	Loss: 0.002440728945657611
[2023-05-03 08:41:29] Train Epoch: 9 [17000/20000 (85.0%)]	Loss: 0.004191446118056774
[2023-05-03 08:41:38] Train Epoch: 9 [18000/20000 (90.0%)]	Loss: 0.001017088769003749
[2023-05-03 08:41:47] Train Epoch: 9 [19000/20000 (95.0%)]	Loss: 0.00552851427346468
[2023-05-03 08:42:20] Stop At epoch 9/20 due to valid not increase
[2023-05-03 08:42:24] ========== Metrics ==========
[2023-05-03 08:42:24] {
  "tr_loss": 0.021457254343099558,
  "tr_acc": 0.995049504950495,
  "tr_f1": 0.9950447970368888,
  "val_loss": 0.760619636068475,
  "val_acc": 0.8296322615029312,
  "val_f1": 0.8266763058015543,
  "test_loss": 0.7563833832781166,
  "test_acc": 0.8319783197831978,
  "test_f1": 0.8248587570621468
}
[2023-05-03 08:42:24] ========== Metrics ==========
