[2023-05-03 06:09:37] Train Epoch: 1 [0/20000 (0.0%)]	Loss: 0.6916165351867676
[2023-05-03 06:09:42] Train Epoch: 1 [1000/20000 (5.0%)]	Loss: 0.7117563486099243
[2023-05-03 06:09:48] Train Epoch: 1 [2000/20000 (10.0%)]	Loss: 0.679620623588562
[2023-05-03 06:09:53] Train Epoch: 1 [3000/20000 (15.0%)]	Loss: 0.6159651875495911
[2023-05-03 06:09:59] Train Epoch: 1 [4000/20000 (20.0%)]	Loss: 0.6112422943115234
[2023-05-03 06:10:04] Train Epoch: 1 [5000/20000 (25.0%)]	Loss: 0.5897887349128723
[2023-05-03 06:10:10] Train Epoch: 1 [6000/20000 (30.0%)]	Loss: 0.4634161591529846
[2023-05-03 06:10:15] Train Epoch: 1 [7000/20000 (35.0%)]	Loss: 0.25689777731895447
[2023-05-03 06:10:20] Train Epoch: 1 [8000/20000 (40.0%)]	Loss: 0.5299026370048523
[2023-05-03 06:10:26] Train Epoch: 1 [9000/20000 (45.0%)]	Loss: 0.3349379599094391
[2023-05-03 06:10:32] Train Epoch: 1 [10000/20000 (50.0%)]	Loss: 0.2744484841823578
[2023-05-03 06:10:37] Train Epoch: 1 [11000/20000 (55.0%)]	Loss: 0.6452040672302246
[2023-05-03 06:10:43] Train Epoch: 1 [12000/20000 (60.0%)]	Loss: 0.48487433791160583
[2023-05-03 06:10:48] Train Epoch: 1 [13000/20000 (65.0%)]	Loss: 0.5609109401702881
[2023-05-03 06:10:53] Train Epoch: 1 [14000/20000 (70.0%)]	Loss: 0.2704365849494934
[2023-05-03 06:10:58] Train Epoch: 1 [15000/20000 (75.0%)]	Loss: 0.2873370349407196
[2023-05-03 06:11:04] Train Epoch: 1 [16000/20000 (80.0%)]	Loss: 0.2500026822090149
[2023-05-03 06:11:09] Train Epoch: 1 [17000/20000 (85.0%)]	Loss: 0.5743252038955688
[2023-05-03 06:11:14] Train Epoch: 1 [18000/20000 (90.0%)]	Loss: 0.49966663122177124
[2023-05-03 06:11:20] Train Epoch: 1 [19000/20000 (95.0%)]	Loss: 0.35659709572792053
[2023-05-03 06:11:43] ========== Metrics ==========
[2023-05-03 06:11:43] {
  "tr_loss": 0.4984699994257086,
  "tr_acc": 0.7629262926292629,
  "tr_f1": 0.7703560184063937,
  "val_loss": 0.4039737939315741,
  "val_acc": 0.8262568839936045,
  "val_f1": 0.8154716981132075,
  "test_loss": 0.4050499515804818,
  "test_acc": 0.8157181571815718,
  "test_f1": 0.7964071856287425
}
[2023-05-03 06:11:43] ========== Metrics ==========
[2023-05-03 06:11:45] Train Epoch: 2 [0/20000 (0.0%)]	Loss: 0.27801162004470825
[2023-05-03 06:11:51] Train Epoch: 2 [1000/20000 (5.0%)]	Loss: 0.358159601688385
[2023-05-03 06:11:56] Train Epoch: 2 [2000/20000 (10.0%)]	Loss: 0.15034034848213196
[2023-05-03 06:12:01] Train Epoch: 2 [3000/20000 (15.0%)]	Loss: 0.20040766894817352
[2023-05-03 06:12:07] Train Epoch: 2 [4000/20000 (20.0%)]	Loss: 0.409224271774292
[2023-05-03 06:12:12] Train Epoch: 2 [5000/20000 (25.0%)]	Loss: 0.36340200901031494
[2023-05-03 06:12:17] Train Epoch: 2 [6000/20000 (30.0%)]	Loss: 0.2916055917739868
[2023-05-03 06:12:23] Train Epoch: 2 [7000/20000 (35.0%)]	Loss: 0.18548128008842468
[2023-05-03 06:12:28] Train Epoch: 2 [8000/20000 (40.0%)]	Loss: 0.3039180636405945
[2023-05-03 06:12:34] Train Epoch: 2 [9000/20000 (45.0%)]	Loss: 0.20850661396980286
[2023-05-03 06:12:39] Train Epoch: 2 [10000/20000 (50.0%)]	Loss: 0.3441184461116791
[2023-05-03 06:12:45] Train Epoch: 2 [11000/20000 (55.0%)]	Loss: 0.19359716773033142
[2023-05-03 06:12:50] Train Epoch: 2 [12000/20000 (60.0%)]	Loss: 0.04683062434196472
[2023-05-03 06:12:55] Train Epoch: 2 [13000/20000 (65.0%)]	Loss: 0.4757378101348877
[2023-05-03 06:13:00] Train Epoch: 2 [14000/20000 (70.0%)]	Loss: 0.4679691791534424
[2023-05-03 06:13:06] Train Epoch: 2 [15000/20000 (75.0%)]	Loss: 0.3752330541610718
[2023-05-03 06:13:11] Train Epoch: 2 [16000/20000 (80.0%)]	Loss: 0.17027655243873596
[2023-05-03 06:13:17] Train Epoch: 2 [17000/20000 (85.0%)]	Loss: 0.21776697039604187
[2023-05-03 06:13:22] Train Epoch: 2 [18000/20000 (90.0%)]	Loss: 0.5701249837875366
[2023-05-03 06:13:27] Train Epoch: 2 [19000/20000 (95.0%)]	Loss: 0.20882058143615723
[2023-05-03 06:13:49] ========== Metrics ==========
[2023-05-03 06:13:49] {
  "tr_loss": 0.30781006879589656,
  "tr_acc": 0.8772377237723772,
  "tr_f1": 0.8769608580163384,
  "val_loss": 0.3635848019332313,
  "val_acc": 0.8461538461538461,
  "val_f1": 0.8480701754385964,
  "test_loss": 0.34572380748867665,
  "test_acc": 0.8644986449864499,
  "test_f1": 0.861878453038674
}
[2023-05-03 06:13:49] ========== Metrics ==========
[2023-05-03 06:13:50] Train Epoch: 3 [0/20000 (0.0%)]	Loss: 0.2596426010131836
[2023-05-03 06:13:56] Train Epoch: 3 [1000/20000 (5.0%)]	Loss: 0.05620339512825012
[2023-05-03 06:14:02] Train Epoch: 3 [2000/20000 (10.0%)]	Loss: 0.16703183948993683
[2023-05-03 06:14:08] Train Epoch: 3 [3000/20000 (15.0%)]	Loss: 0.1363702118396759
[2023-05-03 06:14:13] Train Epoch: 3 [4000/20000 (20.0%)]	Loss: 0.15719184279441833
[2023-05-03 06:14:19] Train Epoch: 3 [5000/20000 (25.0%)]	Loss: 0.16180828213691711
[2023-05-03 06:14:24] Train Epoch: 3 [6000/20000 (30.0%)]	Loss: 0.23074369132518768
[2023-05-03 06:14:29] Train Epoch: 3 [7000/20000 (35.0%)]	Loss: 0.050256747752428055
[2023-05-03 06:14:35] Train Epoch: 3 [8000/20000 (40.0%)]	Loss: 0.058481454849243164
[2023-05-03 06:14:40] Train Epoch: 3 [9000/20000 (45.0%)]	Loss: 0.029701411724090576
[2023-05-03 06:14:45] Train Epoch: 3 [10000/20000 (50.0%)]	Loss: 0.22433987259864807
[2023-05-03 06:14:51] Train Epoch: 3 [11000/20000 (55.0%)]	Loss: 0.3044000267982483
[2023-05-03 06:14:56] Train Epoch: 3 [12000/20000 (60.0%)]	Loss: 0.08071565628051758
[2023-05-03 06:15:02] Train Epoch: 3 [13000/20000 (65.0%)]	Loss: 0.2910846173763275
[2023-05-03 06:15:07] Train Epoch: 3 [14000/20000 (70.0%)]	Loss: 0.28692054748535156
[2023-05-03 06:15:13] Train Epoch: 3 [15000/20000 (75.0%)]	Loss: 0.03906898945569992
[2023-05-03 06:15:18] Train Epoch: 3 [16000/20000 (80.0%)]	Loss: 0.23336514830589294
[2023-05-03 06:15:24] Train Epoch: 3 [17000/20000 (85.0%)]	Loss: 0.5394374132156372
[2023-05-03 06:15:29] Train Epoch: 3 [18000/20000 (90.0%)]	Loss: 0.12036794424057007
[2023-05-03 06:15:35] Train Epoch: 3 [19000/20000 (95.0%)]	Loss: 0.2632518708705902
[2023-05-03 06:15:58] ========== Metrics ==========
[2023-05-03 06:15:58] {
  "tr_loss": 0.18732748343271635,
  "tr_acc": 0.9314431443144314,
  "tr_f1": 0.9313642052565707,
  "val_loss": 0.39921563872490073,
  "val_acc": 0.8402913483744893,
  "val_f1": 0.8414182395484213,
  "test_loss": 0.3658253939817268,
  "test_acc": 0.8265582655826558,
  "test_f1": 0.8270270270270271
}
[2023-05-03 06:15:58] ========== Metrics ==========
[2023-05-03 06:16:00] Train Epoch: 4 [0/20000 (0.0%)]	Loss: 0.3804340958595276
[2023-05-03 06:16:05] Train Epoch: 4 [1000/20000 (5.0%)]	Loss: 0.1936490833759308
[2023-05-03 06:16:10] Train Epoch: 4 [2000/20000 (10.0%)]	Loss: 0.011791110970079899
[2023-05-03 06:16:16] Train Epoch: 4 [3000/20000 (15.0%)]	Loss: 0.03734736889600754
[2023-05-03 06:16:21] Train Epoch: 4 [4000/20000 (20.0%)]	Loss: 0.014934313483536243
[2023-05-03 06:16:27] Train Epoch: 4 [5000/20000 (25.0%)]	Loss: 0.08783329278230667
[2023-05-03 06:16:32] Train Epoch: 4 [6000/20000 (30.0%)]	Loss: 0.27039486169815063
[2023-05-03 06:16:38] Train Epoch: 4 [7000/20000 (35.0%)]	Loss: 0.008032514713704586
[2023-05-03 06:16:43] Train Epoch: 4 [8000/20000 (40.0%)]	Loss: 0.1360422819852829
[2023-05-03 06:16:49] Train Epoch: 4 [9000/20000 (45.0%)]	Loss: 0.04007377475500107
[2023-05-03 06:16:54] Train Epoch: 4 [10000/20000 (50.0%)]	Loss: 0.11457685381174088
[2023-05-03 06:16:59] Train Epoch: 4 [11000/20000 (55.0%)]	Loss: 0.14488251507282257
[2023-05-03 06:17:05] Train Epoch: 4 [12000/20000 (60.0%)]	Loss: 0.08541855961084366
[2023-05-03 06:17:10] Train Epoch: 4 [13000/20000 (65.0%)]	Loss: 0.054601676762104034
[2023-05-03 06:17:16] Train Epoch: 4 [14000/20000 (70.0%)]	Loss: 0.1444813311100006
[2023-05-03 06:17:21] Train Epoch: 4 [15000/20000 (75.0%)]	Loss: 0.27046114206314087
[2023-05-03 06:17:27] Train Epoch: 4 [16000/20000 (80.0%)]	Loss: 0.3766932785511017
[2023-05-03 06:17:32] Train Epoch: 4 [17000/20000 (85.0%)]	Loss: 0.08372964709997177
[2023-05-03 06:17:37] Train Epoch: 4 [18000/20000 (90.0%)]	Loss: 0.156649649143219
[2023-05-03 06:17:42] Train Epoch: 4 [19000/20000 (95.0%)]	Loss: 0.018390309065580368
[2023-05-03 06:18:11] ========== Metrics ==========
[2023-05-03 06:18:11] {
  "tr_loss": 0.10815276646555731,
  "tr_acc": 0.963946394639464,
  "tr_f1": 0.9639770172370721,
  "val_loss": 0.47507076375457785,
  "val_acc": 0.8310534730858057,
  "val_f1": 0.8314128700585003,
  "test_loss": 0.4526144039986256,
  "test_acc": 0.8157181571815718,
  "test_f1": 0.8100558659217877
}
[2023-05-03 06:18:11] ========== Metrics ==========
[2023-05-03 06:18:12] Train Epoch: 5 [0/20000 (0.0%)]	Loss: 0.11942927539348602
[2023-05-03 06:18:18] Train Epoch: 5 [1000/20000 (5.0%)]	Loss: 0.006772237364202738
[2023-05-03 06:18:24] Train Epoch: 5 [2000/20000 (10.0%)]	Loss: 0.06506810337305069
[2023-05-03 06:18:29] Train Epoch: 5 [3000/20000 (15.0%)]	Loss: 0.012428506277501583
[2023-05-03 06:18:35] Train Epoch: 5 [4000/20000 (20.0%)]	Loss: 0.007625171449035406
[2023-05-03 06:18:40] Train Epoch: 5 [5000/20000 (25.0%)]	Loss: 0.005134910345077515
[2023-05-03 06:18:46] Train Epoch: 5 [6000/20000 (30.0%)]	Loss: 0.012122104875743389
[2023-05-03 06:18:52] Train Epoch: 5 [7000/20000 (35.0%)]	Loss: 0.022594226524233818
[2023-05-03 06:18:57] Train Epoch: 5 [8000/20000 (40.0%)]	Loss: 0.003084349911659956
[2023-05-03 06:19:03] Train Epoch: 5 [9000/20000 (45.0%)]	Loss: 0.003891219850629568
[2023-05-03 06:19:08] Train Epoch: 5 [10000/20000 (50.0%)]	Loss: 0.08409575372934341
[2023-05-03 06:19:13] Train Epoch: 5 [11000/20000 (55.0%)]	Loss: 0.012954166159033775
[2023-05-03 06:19:19] Train Epoch: 5 [12000/20000 (60.0%)]	Loss: 0.016630150377750397
[2023-05-03 06:19:24] Train Epoch: 5 [13000/20000 (65.0%)]	Loss: 0.007230391260236502
[2023-05-03 06:19:30] Train Epoch: 5 [14000/20000 (70.0%)]	Loss: 0.012963749468326569
[2023-05-03 06:19:36] Train Epoch: 5 [15000/20000 (75.0%)]	Loss: 0.010136422701179981
[2023-05-03 06:19:41] Train Epoch: 5 [16000/20000 (80.0%)]	Loss: 0.007959549315273762
[2023-05-03 06:19:46] Train Epoch: 5 [17000/20000 (85.0%)]	Loss: 0.037342313677072525
[2023-05-03 06:19:52] Train Epoch: 5 [18000/20000 (90.0%)]	Loss: 0.021140754222869873
[2023-05-03 06:19:57] Train Epoch: 5 [19000/20000 (95.0%)]	Loss: 0.013240305706858635
[2023-05-03 06:20:26] ========== Metrics ==========
[2023-05-03 06:20:26] {
  "tr_loss": 0.05386558991023442,
  "tr_acc": 0.9840484048404841,
  "tr_f1": 0.9840539865033743,
  "val_loss": 0.6375929570134261,
  "val_acc": 0.824125066619293,
  "val_f1": 0.8258268824771289,
  "test_loss": 0.5365278139750809,
  "test_acc": 0.8346883468834688,
  "test_f1": 0.836461126005362
}
[2023-05-03 06:20:26] ========== Metrics ==========
[2023-05-03 06:20:27] Train Epoch: 6 [0/20000 (0.0%)]	Loss: 0.01026154961436987
[2023-05-03 06:20:33] Train Epoch: 6 [1000/20000 (5.0%)]	Loss: 0.0076979235745966434
[2023-05-03 06:20:38] Train Epoch: 6 [2000/20000 (10.0%)]	Loss: 0.0065373703837394714
[2023-05-03 06:20:43] Train Epoch: 6 [3000/20000 (15.0%)]	Loss: 0.017603103071451187
[2023-05-03 06:20:49] Train Epoch: 6 [4000/20000 (20.0%)]	Loss: 0.003419162705540657
[2023-05-03 06:20:54] Train Epoch: 6 [5000/20000 (25.0%)]	Loss: 0.007571591529995203
[2023-05-03 06:20:59] Train Epoch: 6 [6000/20000 (30.0%)]	Loss: 0.05513415485620499
[2023-05-03 06:21:04] Train Epoch: 6 [7000/20000 (35.0%)]	Loss: 0.0631139874458313
[2023-05-03 06:21:10] Train Epoch: 6 [8000/20000 (40.0%)]	Loss: 0.010875127278268337
[2023-05-03 06:21:15] Train Epoch: 6 [9000/20000 (45.0%)]	Loss: 0.0073861973360180855
[2023-05-03 06:21:20] Train Epoch: 6 [10000/20000 (50.0%)]	Loss: 0.002253578510135412
[2023-05-03 06:21:26] Train Epoch: 6 [11000/20000 (55.0%)]	Loss: 0.001462204148992896
[2023-05-03 06:21:31] Train Epoch: 6 [12000/20000 (60.0%)]	Loss: 0.0057234629057347775
[2023-05-03 06:21:36] Train Epoch: 6 [13000/20000 (65.0%)]	Loss: 0.002525974065065384
[2023-05-03 06:21:42] Train Epoch: 6 [14000/20000 (70.0%)]	Loss: 0.007087958510965109
[2023-05-03 06:21:47] Train Epoch: 6 [15000/20000 (75.0%)]	Loss: 0.0010075700702145696
[2023-05-03 06:21:52] Train Epoch: 6 [16000/20000 (80.0%)]	Loss: 0.0034773536026477814
[2023-05-03 06:21:58] Train Epoch: 6 [17000/20000 (85.0%)]	Loss: 0.0017860576044768095
[2023-05-03 06:22:03] Train Epoch: 6 [18000/20000 (90.0%)]	Loss: 0.0012807119637727737
[2023-05-03 06:22:08] Train Epoch: 6 [19000/20000 (95.0%)]	Loss: 0.0018613894935697317
[2023-05-03 06:22:34] ========== Metrics ==========
[2023-05-03 06:22:34] {
  "tr_loss": 0.01957666277219242,
  "tr_acc": 0.9955495549554956,
  "tr_f1": 0.9955471056186521,
  "val_loss": 0.7499277039786258,
  "val_acc": 0.8269674897850418,
  "val_f1": 0.8261955745895789,
  "test_loss": 0.6598936671487038,
  "test_acc": 0.8292682926829268,
  "test_f1": 0.8273972602739725
}
[2023-05-03 06:22:34] ========== Metrics ==========
[2023-05-03 06:22:36] Train Epoch: 7 [0/20000 (0.0%)]	Loss: 0.0037175279576331377
[2023-05-03 06:22:42] Train Epoch: 7 [1000/20000 (5.0%)]	Loss: 0.003836550284177065
[2023-05-03 06:22:47] Train Epoch: 7 [2000/20000 (10.0%)]	Loss: 0.0010684437584131956
[2023-05-03 06:22:53] Train Epoch: 7 [3000/20000 (15.0%)]	Loss: 0.00566698657348752
[2023-05-03 06:22:58] Train Epoch: 7 [4000/20000 (20.0%)]	Loss: 0.0007872125133872032
[2023-05-03 06:23:04] Train Epoch: 7 [5000/20000 (25.0%)]	Loss: 0.0059618218801915646
[2023-05-03 06:23:09] Train Epoch: 7 [6000/20000 (30.0%)]	Loss: 0.013322822749614716
[2023-05-03 06:23:14] Train Epoch: 7 [7000/20000 (35.0%)]	Loss: 0.0016880352050065994
[2023-05-03 06:23:20] Train Epoch: 7 [8000/20000 (40.0%)]	Loss: 0.0011384144891053438
[2023-05-03 06:23:25] Train Epoch: 7 [9000/20000 (45.0%)]	Loss: 0.021431587636470795
[2023-05-03 06:23:30] Train Epoch: 7 [10000/20000 (50.0%)]	Loss: 0.008876893669366837
[2023-05-03 06:23:35] Train Epoch: 7 [11000/20000 (55.0%)]	Loss: 0.016802359372377396
[2023-05-03 06:23:41] Train Epoch: 7 [12000/20000 (60.0%)]	Loss: 0.0008691136026754975
[2023-05-03 06:23:46] Train Epoch: 7 [13000/20000 (65.0%)]	Loss: 0.008692368865013123
[2023-05-03 06:23:51] Train Epoch: 7 [14000/20000 (70.0%)]	Loss: 0.004251644015312195
[2023-05-03 06:23:57] Train Epoch: 7 [15000/20000 (75.0%)]	Loss: 0.0010710249189287424
[2023-05-03 06:24:02] Train Epoch: 7 [16000/20000 (80.0%)]	Loss: 0.0013070794520899653
[2023-05-03 06:24:07] Train Epoch: 7 [17000/20000 (85.0%)]	Loss: 0.0013764409814029932
[2023-05-03 06:24:13] Train Epoch: 7 [18000/20000 (90.0%)]	Loss: 0.0009340146789327264
[2023-05-03 06:24:18] Train Epoch: 7 [19000/20000 (95.0%)]	Loss: 0.004044174682348967
[2023-05-03 06:24:47] ========== Metrics ==========
[2023-05-03 06:24:47] {
  "tr_loss": 0.01636027531925239,
  "tr_acc": 0.9962496249624962,
  "tr_f1": 0.9962505624156377,
  "val_loss": 0.7781991466689907,
  "val_acc": 0.8230591579321371,
  "val_f1": 0.826238660153524,
  "test_loss": 0.6834726548453334,
  "test_acc": 0.8373983739837398,
  "test_f1": 0.8404255319148936
}
[2023-05-03 06:24:47] ========== Metrics ==========
[2023-05-03 06:24:48] Train Epoch: 8 [0/20000 (0.0%)]	Loss: 0.0007796770660206676
[2023-05-03 06:24:54] Train Epoch: 8 [1000/20000 (5.0%)]	Loss: 0.0013613117625936866
[2023-05-03 06:25:00] Train Epoch: 8 [2000/20000 (10.0%)]	Loss: 0.0005579830030910671
[2023-05-03 06:25:05] Train Epoch: 8 [3000/20000 (15.0%)]	Loss: 0.0007338933646678925
[2023-05-03 06:25:10] Train Epoch: 8 [4000/20000 (20.0%)]	Loss: 0.0035512391477823257
[2023-05-03 06:25:16] Train Epoch: 8 [5000/20000 (25.0%)]	Loss: 0.002485092496499419
[2023-05-03 06:25:21] Train Epoch: 8 [6000/20000 (30.0%)]	Loss: 0.0014289298560470343
[2023-05-03 06:25:27] Train Epoch: 8 [7000/20000 (35.0%)]	Loss: 0.0008266385411843657
[2023-05-03 06:25:32] Train Epoch: 8 [8000/20000 (40.0%)]	Loss: 0.0006283867987804115
[2023-05-03 06:25:38] Train Epoch: 8 [9000/20000 (45.0%)]	Loss: 0.0030773645266890526
[2023-05-03 06:25:43] Train Epoch: 8 [10000/20000 (50.0%)]	Loss: 0.002351687755435705
[2023-05-03 06:25:48] Train Epoch: 8 [11000/20000 (55.0%)]	Loss: 0.003085346193984151
[2023-05-03 06:25:54] Train Epoch: 8 [12000/20000 (60.0%)]	Loss: 0.00269759027287364
[2023-05-03 06:26:00] Train Epoch: 8 [13000/20000 (65.0%)]	Loss: 0.003579591168090701
[2023-05-03 06:26:05] Train Epoch: 8 [14000/20000 (70.0%)]	Loss: 0.0007402670453302562
[2023-05-03 06:26:10] Train Epoch: 8 [15000/20000 (75.0%)]	Loss: 0.006513563450425863
[2023-05-03 06:26:16] Train Epoch: 8 [16000/20000 (80.0%)]	Loss: 0.003049394814297557
[2023-05-03 06:26:21] Train Epoch: 8 [17000/20000 (85.0%)]	Loss: 0.016395054757595062
[2023-05-03 06:26:26] Train Epoch: 8 [18000/20000 (90.0%)]	Loss: 0.00338243180885911
[2023-05-03 06:26:31] Train Epoch: 8 [19000/20000 (95.0%)]	Loss: 0.001397289102897048
[2023-05-03 06:26:51] Stop At epoch 8/20 due to valid not increase
[2023-05-03 06:26:55] ========== Metrics ==========
[2023-05-03 06:26:55] {
  "tr_loss": 0.013915650333349693,
  "tr_acc": 0.9970997099709971,
  "tr_f1": 0.997100289971003,
  "val_loss": 0.8373998318328795,
  "val_acc": 0.8232368093799964,
  "val_f1": 0.8253466736879059,
  "test_loss": 0.7199941628024507,
  "test_acc": 0.8373983739837398,
  "test_f1": 0.8369565217391305
}
[2023-05-03 06:26:55] ========== Metrics ==========
