[2023-05-03 05:00:13] Train Epoch: 1 [0/20000 (0.0%)]	Loss: 0.6992381811141968
[2023-05-03 05:00:23] Train Epoch: 1 [1000/20000 (5.0%)]	Loss: 0.6076341271400452
[2023-05-03 05:00:32] Train Epoch: 1 [2000/20000 (10.0%)]	Loss: 0.6947988271713257
[2023-05-03 05:00:41] Train Epoch: 1 [3000/20000 (15.0%)]	Loss: 0.6849781274795532
[2023-05-03 05:00:50] Train Epoch: 1 [4000/20000 (20.0%)]	Loss: 0.6750771999359131
[2023-05-03 05:00:59] Train Epoch: 1 [5000/20000 (25.0%)]	Loss: 0.6771621704101562
[2023-05-03 05:01:08] Train Epoch: 1 [6000/20000 (30.0%)]	Loss: 0.6928547024726868
[2023-05-03 05:01:16] Train Epoch: 1 [7000/20000 (35.0%)]	Loss: 0.6969963908195496
[2023-05-03 05:01:25] Train Epoch: 1 [8000/20000 (40.0%)]	Loss: 0.3798479735851288
[2023-05-03 05:01:33] Train Epoch: 1 [9000/20000 (45.0%)]	Loss: 0.6761611700057983
[2023-05-03 05:01:42] Train Epoch: 1 [10000/20000 (50.0%)]	Loss: 0.6922720670700073
[2023-05-03 05:01:51] Train Epoch: 1 [11000/20000 (55.0%)]	Loss: 0.6935384273529053
[2023-05-03 05:02:00] Train Epoch: 1 [12000/20000 (60.0%)]	Loss: 0.6905858516693115
[2023-05-03 05:02:08] Train Epoch: 1 [13000/20000 (65.0%)]	Loss: 0.7178334593772888
[2023-05-03 05:02:17] Train Epoch: 1 [14000/20000 (70.0%)]	Loss: 0.6936753988265991
[2023-05-03 05:02:26] Train Epoch: 1 [15000/20000 (75.0%)]	Loss: 0.7096298933029175
[2023-05-03 05:02:35] Train Epoch: 1 [16000/20000 (80.0%)]	Loss: 0.70511794090271
[2023-05-03 05:02:45] Train Epoch: 1 [17000/20000 (85.0%)]	Loss: 0.6882106065750122
[2023-05-03 05:02:53] Train Epoch: 1 [18000/20000 (90.0%)]	Loss: 0.6910890340805054
[2023-05-03 05:03:02] Train Epoch: 1 [19000/20000 (95.0%)]	Loss: 0.6947628855705261
[2023-05-03 05:03:43] ========== Metrics ==========
[2023-05-03 05:03:43] {
  "tr_loss": 0.6906459739308606,
  "tr_acc": 0.5181518151815182,
  "tr_f1": 0.5676597272074659,
  "val_loss": 0.6945811863541921,
  "val_acc": 0.49955587138035173,
  "val_f1": 0.6662717687477786,
  "test_loss": 0.7136141317000557,
  "test_acc": 0.5067750677506775,
  "test_f1": 0.6726618705035972
}
[2023-05-03 05:03:43] ========== Metrics ==========
[2023-05-03 05:03:46] Train Epoch: 2 [0/20000 (0.0%)]	Loss: 0.6921156644821167
[2023-05-03 05:03:57] Train Epoch: 2 [1000/20000 (5.0%)]	Loss: 0.6867680549621582
[2023-05-03 05:04:07] Train Epoch: 2 [2000/20000 (10.0%)]	Loss: 0.6934773325920105
[2023-05-03 05:04:17] Train Epoch: 2 [3000/20000 (15.0%)]	Loss: 0.6929918527603149
[2023-05-03 05:04:28] Train Epoch: 2 [4000/20000 (20.0%)]	Loss: 0.6951111555099487
[2023-05-03 05:04:38] Train Epoch: 2 [5000/20000 (25.0%)]	Loss: 0.687943160533905
[2023-05-03 05:04:48] Train Epoch: 2 [6000/20000 (30.0%)]	Loss: 0.6914701461791992
[2023-05-03 05:04:59] Train Epoch: 2 [7000/20000 (35.0%)]	Loss: 0.6926698684692383
[2023-05-03 05:05:09] Train Epoch: 2 [8000/20000 (40.0%)]	Loss: 0.6932118535041809
[2023-05-03 05:05:19] Train Epoch: 2 [9000/20000 (45.0%)]	Loss: 0.6941482424736023
[2023-05-03 05:05:30] Train Epoch: 2 [10000/20000 (50.0%)]	Loss: 0.6901572942733765
[2023-05-03 05:05:39] Train Epoch: 2 [11000/20000 (55.0%)]	Loss: 0.6996239423751831
[2023-05-03 05:05:49] Train Epoch: 2 [12000/20000 (60.0%)]	Loss: 0.6909934282302856
[2023-05-03 05:05:59] Train Epoch: 2 [13000/20000 (65.0%)]	Loss: 0.6952989101409912
[2023-05-03 05:06:10] Train Epoch: 2 [14000/20000 (70.0%)]	Loss: 0.6921378374099731
[2023-05-03 05:06:20] Train Epoch: 2 [15000/20000 (75.0%)]	Loss: 0.693160891532898
[2023-05-03 05:06:29] Train Epoch: 2 [16000/20000 (80.0%)]	Loss: 0.6920199990272522
[2023-05-03 05:06:39] Train Epoch: 2 [17000/20000 (85.0%)]	Loss: 0.6932506561279297
[2023-05-03 05:06:49] Train Epoch: 2 [18000/20000 (90.0%)]	Loss: 0.6961156725883484
[2023-05-03 05:06:59] Train Epoch: 2 [19000/20000 (95.0%)]	Loss: 0.6930034160614014
[2023-05-03 05:07:42] ========== Metrics ==========
[2023-05-03 05:07:42] {
  "tr_loss": 0.6932977814473609,
  "tr_acc": 0.5005000500050005,
  "tr_f1": 0.535632931988285,
  "val_loss": 0.6940802288512858,
  "val_acc": 0.5004441286196483,
  "val_f1": 0.0,
  "test_loss": 0.7136261560083405,
  "test_acc": 0.4932249322493225,
  "test_f1": 0.0
}
[2023-05-03 05:07:42] ========== Metrics ==========
[2023-05-03 05:07:45] Train Epoch: 3 [0/20000 (0.0%)]	Loss: 0.6952966451644897
[2023-05-03 05:07:56] Train Epoch: 3 [1000/20000 (5.0%)]	Loss: 0.6522840261459351
[2023-05-03 05:08:06] Train Epoch: 3 [2000/20000 (10.0%)]	Loss: 0.6018131971359253
[2023-05-03 05:08:15] Train Epoch: 3 [3000/20000 (15.0%)]	Loss: 0.7820233106613159
[2023-05-03 05:08:24] Train Epoch: 3 [4000/20000 (20.0%)]	Loss: 0.6663023829460144
[2023-05-03 05:08:35] Train Epoch: 3 [5000/20000 (25.0%)]	Loss: 0.5727739334106445
[2023-05-03 05:08:45] Train Epoch: 3 [6000/20000 (30.0%)]	Loss: 0.6241202354431152
[2023-05-03 05:08:55] Train Epoch: 3 [7000/20000 (35.0%)]	Loss: 0.6726881265640259
[2023-05-03 05:09:06] Train Epoch: 3 [8000/20000 (40.0%)]	Loss: 0.5514510869979858
[2023-05-03 05:09:19] Train Epoch: 3 [9000/20000 (45.0%)]	Loss: 0.7286853790283203
[2023-05-03 05:09:31] Train Epoch: 3 [10000/20000 (50.0%)]	Loss: 0.6364182233810425
[2023-05-03 05:09:40] Train Epoch: 3 [11000/20000 (55.0%)]	Loss: 0.6779054999351501
[2023-05-03 05:09:48] Train Epoch: 3 [12000/20000 (60.0%)]	Loss: 0.6701406240463257
[2023-05-03 05:09:57] Train Epoch: 3 [13000/20000 (65.0%)]	Loss: 0.6823244690895081
[2023-05-03 05:10:05] Train Epoch: 3 [14000/20000 (70.0%)]	Loss: 0.64528489112854
[2023-05-03 05:10:15] Train Epoch: 3 [15000/20000 (75.0%)]	Loss: 0.633553147315979
[2023-05-03 05:10:26] Train Epoch: 3 [16000/20000 (80.0%)]	Loss: 0.6862744092941284
[2023-05-03 05:10:35] Train Epoch: 3 [17000/20000 (85.0%)]	Loss: 0.7024008631706238
[2023-05-03 05:10:43] Train Epoch: 3 [18000/20000 (90.0%)]	Loss: 0.6757078170776367
[2023-05-03 05:10:51] Train Epoch: 3 [19000/20000 (95.0%)]	Loss: 0.666689932346344
[2023-05-03 05:11:32] ========== Metrics ==========
[2023-05-03 05:11:32] {
  "tr_loss": 0.6637775670863328,
  "tr_acc": 0.6053105310531053,
  "tr_f1": 0.5697934267182646,
  "val_loss": 0.6636683996796586,
  "val_acc": 0.5919346242671878,
  "val_f1": 0.6550533113080041,
  "test_loss": 0.6891780526334355,
  "test_acc": 0.5853658536585366,
  "test_f1": 0.6482758620689656
}
[2023-05-03 05:11:32] ========== Metrics ==========
[2023-05-03 05:11:35] Train Epoch: 4 [0/20000 (0.0%)]	Loss: 0.708856463432312
[2023-05-03 05:11:45] Train Epoch: 4 [1000/20000 (5.0%)]	Loss: 0.5434913039207458
[2023-05-03 05:11:55] Train Epoch: 4 [2000/20000 (10.0%)]	Loss: 0.7280224561691284
[2023-05-03 05:12:05] Train Epoch: 4 [3000/20000 (15.0%)]	Loss: 0.5401004552841187
[2023-05-03 05:12:15] Train Epoch: 4 [4000/20000 (20.0%)]	Loss: 0.6576060056686401
[2023-05-03 05:12:25] Train Epoch: 4 [5000/20000 (25.0%)]	Loss: 0.5834330320358276
[2023-05-03 05:12:35] Train Epoch: 4 [6000/20000 (30.0%)]	Loss: 0.5125419497489929
[2023-05-03 05:12:45] Train Epoch: 4 [7000/20000 (35.0%)]	Loss: 0.5332766771316528
[2023-05-03 05:12:55] Train Epoch: 4 [8000/20000 (40.0%)]	Loss: 0.5043348073959351
[2023-05-03 05:13:05] Train Epoch: 4 [9000/20000 (45.0%)]	Loss: 0.6464076638221741
[2023-05-03 05:13:15] Train Epoch: 4 [10000/20000 (50.0%)]	Loss: 0.46095171570777893
[2023-05-03 05:13:25] Train Epoch: 4 [11000/20000 (55.0%)]	Loss: 0.675399899482727
[2023-05-03 05:13:34] Train Epoch: 4 [12000/20000 (60.0%)]	Loss: 0.607035756111145
[2023-05-03 05:13:44] Train Epoch: 4 [13000/20000 (65.0%)]	Loss: 0.4536643922328949
[2023-05-03 05:13:54] Train Epoch: 4 [14000/20000 (70.0%)]	Loss: 0.7277629971504211
[2023-05-03 05:14:04] Train Epoch: 4 [15000/20000 (75.0%)]	Loss: 0.6132510304450989
[2023-05-03 05:14:14] Train Epoch: 4 [16000/20000 (80.0%)]	Loss: 0.7104155421257019
[2023-05-03 05:14:23] Train Epoch: 4 [17000/20000 (85.0%)]	Loss: 0.9325386881828308
[2023-05-03 05:14:33] Train Epoch: 4 [18000/20000 (90.0%)]	Loss: 0.48045292496681213
[2023-05-03 05:14:43] Train Epoch: 4 [19000/20000 (95.0%)]	Loss: 0.29581642150878906
[2023-05-03 05:15:23] ========== Metrics ==========
[2023-05-03 05:15:23] {
  "tr_loss": 0.5461149422725876,
  "tr_acc": 0.7274227422742274,
  "tr_f1": 0.7263416838194687,
  "val_loss": 0.43362540972340824,
  "val_acc": 0.8028068928761769,
  "val_f1": 0.8004314994606258,
  "test_loss": 0.481779673881324,
  "test_acc": 0.7831978319783198,
  "test_f1": 0.7727272727272727
}
[2023-05-03 05:15:23] ========== Metrics ==========
[2023-05-03 05:15:26] Train Epoch: 5 [0/20000 (0.0%)]	Loss: 0.35871124267578125
[2023-05-03 05:15:37] Train Epoch: 5 [1000/20000 (5.0%)]	Loss: 0.27235907316207886
[2023-05-03 05:15:46] Train Epoch: 5 [2000/20000 (10.0%)]	Loss: 0.30333584547042847
[2023-05-03 05:15:56] Train Epoch: 5 [3000/20000 (15.0%)]	Loss: 0.5299652814865112
[2023-05-03 05:16:06] Train Epoch: 5 [4000/20000 (20.0%)]	Loss: 0.40677160024642944
[2023-05-03 05:16:16] Train Epoch: 5 [5000/20000 (25.0%)]	Loss: 0.6456016302108765
[2023-05-03 05:16:27] Train Epoch: 5 [6000/20000 (30.0%)]	Loss: 0.08142027258872986
[2023-05-03 05:16:38] Train Epoch: 5 [7000/20000 (35.0%)]	Loss: 0.4004599452018738
[2023-05-03 05:16:49] Train Epoch: 5 [8000/20000 (40.0%)]	Loss: 0.5232702493667603
[2023-05-03 05:17:00] Train Epoch: 5 [9000/20000 (45.0%)]	Loss: 0.42330846190452576
[2023-05-03 05:17:10] Train Epoch: 5 [10000/20000 (50.0%)]	Loss: 0.3319430649280548
[2023-05-03 05:17:21] Train Epoch: 5 [11000/20000 (55.0%)]	Loss: 0.2598932981491089
[2023-05-03 05:17:31] Train Epoch: 5 [12000/20000 (60.0%)]	Loss: 0.22694194316864014
[2023-05-03 05:17:42] Train Epoch: 5 [13000/20000 (65.0%)]	Loss: 0.20923297107219696
[2023-05-03 05:17:53] Train Epoch: 5 [14000/20000 (70.0%)]	Loss: 0.11138276755809784
[2023-05-03 05:18:04] Train Epoch: 5 [15000/20000 (75.0%)]	Loss: 0.4186159074306488
[2023-05-03 05:18:14] Train Epoch: 5 [16000/20000 (80.0%)]	Loss: 0.14714965224266052
[2023-05-03 05:18:25] Train Epoch: 5 [17000/20000 (85.0%)]	Loss: 0.4193757474422455
[2023-05-03 05:18:36] Train Epoch: 5 [18000/20000 (90.0%)]	Loss: 0.26880380511283875
[2023-05-03 05:18:46] Train Epoch: 5 [19000/20000 (95.0%)]	Loss: 0.454507440328598
[2023-05-03 05:19:26] ========== Metrics ==========
[2023-05-03 05:19:26] {
  "tr_loss": 0.35189157581166014,
  "tr_acc": 0.8555855585558556,
  "tr_f1": 0.8567318186328009,
  "val_loss": 0.3898061793128769,
  "val_acc": 0.8271451412329011,
  "val_f1": 0.8308708499913089,
  "test_loss": 0.3905953374012376,
  "test_acc": 0.8130081300813008,
  "test_f1": 0.8088642659279779
}
[2023-05-03 05:19:26] ========== Metrics ==========
[2023-05-03 05:19:29] Train Epoch: 6 [0/20000 (0.0%)]	Loss: 0.134409561753273
[2023-05-03 05:19:38] Train Epoch: 6 [1000/20000 (5.0%)]	Loss: 0.09729089587926865
[2023-05-03 05:19:49] Train Epoch: 6 [2000/20000 (10.0%)]	Loss: 0.23974111676216125
[2023-05-03 05:19:59] Train Epoch: 6 [3000/20000 (15.0%)]	Loss: 0.35411977767944336
[2023-05-03 05:20:09] Train Epoch: 6 [4000/20000 (20.0%)]	Loss: 0.3254721760749817
[2023-05-03 05:20:18] Train Epoch: 6 [5000/20000 (25.0%)]	Loss: 0.12670573592185974
[2023-05-03 05:20:28] Train Epoch: 6 [6000/20000 (30.0%)]	Loss: 0.12208762019872665
[2023-05-03 05:20:38] Train Epoch: 6 [7000/20000 (35.0%)]	Loss: 0.15676231682300568
[2023-05-03 05:20:48] Train Epoch: 6 [8000/20000 (40.0%)]	Loss: 0.15270188450813293
[2023-05-03 05:20:57] Train Epoch: 6 [9000/20000 (45.0%)]	Loss: 0.3183324635028839
[2023-05-03 05:21:07] Train Epoch: 6 [10000/20000 (50.0%)]	Loss: 0.4131518006324768
[2023-05-03 05:21:17] Train Epoch: 6 [11000/20000 (55.0%)]	Loss: 0.35930341482162476
[2023-05-03 05:21:27] Train Epoch: 6 [12000/20000 (60.0%)]	Loss: 0.27234989404678345
[2023-05-03 05:21:37] Train Epoch: 6 [13000/20000 (65.0%)]	Loss: 0.17091794312000275
[2023-05-03 05:21:47] Train Epoch: 6 [14000/20000 (70.0%)]	Loss: 0.12483306974172592
[2023-05-03 05:21:57] Train Epoch: 6 [15000/20000 (75.0%)]	Loss: 0.2828335165977478
[2023-05-03 05:22:06] Train Epoch: 6 [16000/20000 (80.0%)]	Loss: 0.06411298364400864
[2023-05-03 05:22:16] Train Epoch: 6 [17000/20000 (85.0%)]	Loss: 0.27183955907821655
[2023-05-03 05:22:25] Train Epoch: 6 [18000/20000 (90.0%)]	Loss: 0.16409702599048615
[2023-05-03 05:22:36] Train Epoch: 6 [19000/20000 (95.0%)]	Loss: 0.10470600426197052
[2023-05-03 05:23:21] ========== Metrics ==========
[2023-05-03 05:23:21] {
  "tr_loss": 0.2140908336362066,
  "tr_acc": 0.9211921192119212,
  "tr_f1": 0.9215139442231075,
  "val_loss": 0.40154317729764094,
  "val_acc": 0.8319417303251021,
  "val_f1": 0.8352490421455939,
  "test_loss": 0.3830922118370449,
  "test_acc": 0.8401084010840109,
  "test_f1": 0.8392370572207085
}
[2023-05-03 05:23:21] ========== Metrics ==========
[2023-05-03 05:23:24] Train Epoch: 7 [0/20000 (0.0%)]	Loss: 0.2432139664888382
[2023-05-03 05:23:33] Train Epoch: 7 [1000/20000 (5.0%)]	Loss: 0.09280837327241898
[2023-05-03 05:23:43] Train Epoch: 7 [2000/20000 (10.0%)]	Loss: 0.5067135691642761
[2023-05-03 05:23:53] Train Epoch: 7 [3000/20000 (15.0%)]	Loss: 0.11502762883901596
[2023-05-03 05:24:02] Train Epoch: 7 [4000/20000 (20.0%)]	Loss: 0.26239731907844543
[2023-05-03 05:24:10] Train Epoch: 7 [5000/20000 (25.0%)]	Loss: 0.19391851127147675
[2023-05-03 05:24:19] Train Epoch: 7 [6000/20000 (30.0%)]	Loss: 0.10403808206319809
[2023-05-03 05:24:28] Train Epoch: 7 [7000/20000 (35.0%)]	Loss: 0.16256865859031677
[2023-05-03 05:24:37] Train Epoch: 7 [8000/20000 (40.0%)]	Loss: 0.10416413843631744
[2023-05-03 05:24:47] Train Epoch: 7 [9000/20000 (45.0%)]	Loss: 0.14726200699806213
[2023-05-03 05:24:56] Train Epoch: 7 [10000/20000 (50.0%)]	Loss: 0.2543988823890686
[2023-05-03 05:25:05] Train Epoch: 7 [11000/20000 (55.0%)]	Loss: 0.12549661099910736
[2023-05-03 05:25:14] Train Epoch: 7 [12000/20000 (60.0%)]	Loss: 0.1352546513080597
[2023-05-03 05:25:23] Train Epoch: 7 [13000/20000 (65.0%)]	Loss: 0.1365850865840912
[2023-05-03 05:25:32] Train Epoch: 7 [14000/20000 (70.0%)]	Loss: 0.06927727162837982
[2023-05-03 05:25:41] Train Epoch: 7 [15000/20000 (75.0%)]	Loss: 0.463705450296402
[2023-05-03 05:25:51] Train Epoch: 7 [16000/20000 (80.0%)]	Loss: 0.32979848980903625
[2023-05-03 05:25:59] Train Epoch: 7 [17000/20000 (85.0%)]	Loss: 0.12383140623569489
[2023-05-03 05:26:08] Train Epoch: 7 [18000/20000 (90.0%)]	Loss: 0.27691230177879333
[2023-05-03 05:26:18] Train Epoch: 7 [19000/20000 (95.0%)]	Loss: 0.06419031322002411
[2023-05-03 05:26:58] ========== Metrics ==========
[2023-05-03 05:26:58] {
  "tr_loss": 0.19865727725692398,
  "tr_acc": 0.9279427942794279,
  "tr_f1": 0.9283476704291185,
  "val_loss": 0.4127684365021524,
  "val_acc": 0.8344288505951324,
  "val_f1": 0.8346344925479063,
  "test_loss": 0.3847939793656512,
  "test_acc": 0.8428184281842819,
  "test_f1": 0.8388888888888889
}
[2023-05-03 05:26:58] ========== Metrics ==========
[2023-05-03 05:27:01] Train Epoch: 8 [0/20000 (0.0%)]	Loss: 0.3578769564628601
[2023-05-03 05:27:10] Train Epoch: 8 [1000/20000 (5.0%)]	Loss: 0.6259509325027466
[2023-05-03 05:27:20] Train Epoch: 8 [2000/20000 (10.0%)]	Loss: 0.15801742672920227
[2023-05-03 05:27:30] Train Epoch: 8 [3000/20000 (15.0%)]	Loss: 0.15381550788879395
[2023-05-03 05:27:39] Train Epoch: 8 [4000/20000 (20.0%)]	Loss: 0.19664153456687927
[2023-05-03 05:27:48] Train Epoch: 8 [5000/20000 (25.0%)]	Loss: 0.4078036844730377
[2023-05-03 05:27:56] Train Epoch: 8 [6000/20000 (30.0%)]	Loss: 0.322187215089798
[2023-05-03 05:28:05] Train Epoch: 8 [7000/20000 (35.0%)]	Loss: 0.2359425127506256
[2023-05-03 05:28:15] Train Epoch: 8 [8000/20000 (40.0%)]	Loss: 0.17033371329307556
[2023-05-03 05:28:24] Train Epoch: 8 [9000/20000 (45.0%)]	Loss: 0.11711983382701874
[2023-05-03 05:28:34] Train Epoch: 8 [10000/20000 (50.0%)]	Loss: 0.07769297063350677
[2023-05-03 05:28:43] Train Epoch: 8 [11000/20000 (55.0%)]	Loss: 0.16308479011058807
[2023-05-03 05:28:53] Train Epoch: 8 [12000/20000 (60.0%)]	Loss: 0.17912355065345764
[2023-05-03 05:29:02] Train Epoch: 8 [13000/20000 (65.0%)]	Loss: 0.14291854202747345
[2023-05-03 05:29:10] Train Epoch: 8 [14000/20000 (70.0%)]	Loss: 0.04868616908788681
[2023-05-03 05:29:19] Train Epoch: 8 [15000/20000 (75.0%)]	Loss: 0.2659594416618347
[2023-05-03 05:29:28] Train Epoch: 8 [16000/20000 (80.0%)]	Loss: 0.32105737924575806
[2023-05-03 05:29:37] Train Epoch: 8 [17000/20000 (85.0%)]	Loss: 0.06655263155698776
[2023-05-03 05:29:46] Train Epoch: 8 [18000/20000 (90.0%)]	Loss: 0.10059168189764023
[2023-05-03 05:29:55] Train Epoch: 8 [19000/20000 (95.0%)]	Loss: 0.3070104122161865
[2023-05-03 05:30:37] ========== Metrics ==========
[2023-05-03 05:30:37] {
  "tr_loss": 0.18583502880696154,
  "tr_acc": 0.9328932893289329,
  "tr_f1": 0.9332537550979808,
  "val_loss": 0.4160160223890058,
  "val_acc": 0.8328299875643986,
  "val_f1": 0.8334807998584323,
  "test_loss": 0.3912419896461776,
  "test_acc": 0.8346883468834688,
  "test_f1": 0.8291316526610645
}
[2023-05-03 05:30:37] ========== Metrics ==========
[2023-05-03 05:30:40] Train Epoch: 9 [0/20000 (0.0%)]	Loss: 0.0644727498292923
[2023-05-03 05:30:50] Train Epoch: 9 [1000/20000 (5.0%)]	Loss: 0.26326245069503784
[2023-05-03 05:30:59] Train Epoch: 9 [2000/20000 (10.0%)]	Loss: 0.0734422504901886
[2023-05-03 05:31:07] Train Epoch: 9 [3000/20000 (15.0%)]	Loss: 0.10162311792373657
[2023-05-03 05:31:15] Train Epoch: 9 [4000/20000 (20.0%)]	Loss: 0.20029254257678986
[2023-05-03 05:31:23] Train Epoch: 9 [5000/20000 (25.0%)]	Loss: 0.2093399316072464
[2023-05-03 05:31:32] Train Epoch: 9 [6000/20000 (30.0%)]	Loss: 0.1801079660654068
[2023-05-03 05:31:40] Train Epoch: 9 [7000/20000 (35.0%)]	Loss: 0.341487854719162
[2023-05-03 05:31:48] Train Epoch: 9 [8000/20000 (40.0%)]	Loss: 0.313381165266037
[2023-05-03 05:31:56] Train Epoch: 9 [9000/20000 (45.0%)]	Loss: 0.375914067029953
[2023-05-03 05:32:04] Train Epoch: 9 [10000/20000 (50.0%)]	Loss: 0.058972232043743134
[2023-05-03 05:32:13] Train Epoch: 9 [11000/20000 (55.0%)]	Loss: 0.49847039580345154
[2023-05-03 05:32:21] Train Epoch: 9 [12000/20000 (60.0%)]	Loss: 0.4032422602176666
[2023-05-03 05:32:29] Train Epoch: 9 [13000/20000 (65.0%)]	Loss: 0.42429423332214355
[2023-05-03 05:32:38] Train Epoch: 9 [14000/20000 (70.0%)]	Loss: 0.13804636895656586
[2023-05-03 05:32:46] Train Epoch: 9 [15000/20000 (75.0%)]	Loss: 0.15751782059669495
[2023-05-03 05:32:54] Train Epoch: 9 [16000/20000 (80.0%)]	Loss: 0.04661368578672409
[2023-05-03 05:33:03] Train Epoch: 9 [17000/20000 (85.0%)]	Loss: 0.2554376423358917
[2023-05-03 05:33:11] Train Epoch: 9 [18000/20000 (90.0%)]	Loss: 0.09722456336021423
[2023-05-03 05:33:19] Train Epoch: 9 [19000/20000 (95.0%)]	Loss: 0.21387894451618195
[2023-05-03 05:34:00] ========== Metrics ==========
[2023-05-03 05:34:00] {
  "tr_loss": 0.17379715644528787,
  "tr_acc": 0.9386438643864387,
  "tr_f1": 0.9390249962729216,
  "val_loss": 0.41167518901272215,
  "val_acc": 0.8321193817729614,
  "val_f1": 0.8331862312444838,
  "test_loss": 0.3856103966229653,
  "test_acc": 0.8428184281842819,
  "test_f1": 0.8379888268156425
}
[2023-05-03 05:34:00] ========== Metrics ==========
[2023-05-03 05:34:03] Train Epoch: 10 [0/20000 (0.0%)]	Loss: 0.21909241378307343
[2023-05-03 05:34:12] Train Epoch: 10 [1000/20000 (5.0%)]	Loss: 0.21198268234729767
[2023-05-03 05:34:20] Train Epoch: 10 [2000/20000 (10.0%)]	Loss: 0.0891060084104538
[2023-05-03 05:34:29] Train Epoch: 10 [3000/20000 (15.0%)]	Loss: 0.038368575274944305
[2023-05-03 05:34:38] Train Epoch: 10 [4000/20000 (20.0%)]	Loss: 0.22687765955924988
[2023-05-03 05:34:46] Train Epoch: 10 [5000/20000 (25.0%)]	Loss: 0.07586778700351715
[2023-05-03 05:34:54] Train Epoch: 10 [6000/20000 (30.0%)]	Loss: 0.030460944399237633
[2023-05-03 05:35:03] Train Epoch: 10 [7000/20000 (35.0%)]	Loss: 0.06850720196962357
[2023-05-03 05:35:11] Train Epoch: 10 [8000/20000 (40.0%)]	Loss: 0.040305353701114655
[2023-05-03 05:35:20] Train Epoch: 10 [9000/20000 (45.0%)]	Loss: 0.14631201326847076
[2023-05-03 05:35:28] Train Epoch: 10 [10000/20000 (50.0%)]	Loss: 0.25615113973617554
[2023-05-03 05:35:36] Train Epoch: 10 [11000/20000 (55.0%)]	Loss: 0.09406983107328415
[2023-05-03 05:35:44] Train Epoch: 10 [12000/20000 (60.0%)]	Loss: 0.38084760308265686
[2023-05-03 05:35:52] Train Epoch: 10 [13000/20000 (65.0%)]	Loss: 0.21051280200481415
[2023-05-03 05:36:00] Train Epoch: 10 [14000/20000 (70.0%)]	Loss: 0.0406220480799675
[2023-05-03 05:36:08] Train Epoch: 10 [15000/20000 (75.0%)]	Loss: 0.38260799646377563
[2023-05-03 05:36:17] Train Epoch: 10 [16000/20000 (80.0%)]	Loss: 0.11721064895391464
[2023-05-03 05:36:25] Train Epoch: 10 [17000/20000 (85.0%)]	Loss: 0.5496075749397278
[2023-05-03 05:36:33] Train Epoch: 10 [18000/20000 (90.0%)]	Loss: 0.02530813217163086
[2023-05-03 05:36:41] Train Epoch: 10 [19000/20000 (95.0%)]	Loss: 0.5324963331222534
[2023-05-03 05:37:21] ========== Metrics ==========
[2023-05-03 05:37:21] {
  "tr_loss": 0.16317148954540578,
  "tr_acc": 0.9439443944394439,
  "tr_f1": 0.9442038723806679,
  "val_loss": 0.4358756201244794,
  "val_acc": 0.8342511991472731,
  "val_f1": 0.8322847384504763,
  "test_loss": 0.4032468908847509,
  "test_acc": 0.8292682926829268,
  "test_f1": 0.8205128205128206
}
[2023-05-03 05:37:21] ========== Metrics ==========
[2023-05-03 05:37:24] Train Epoch: 11 [0/20000 (0.0%)]	Loss: 0.17164400219917297
[2023-05-03 05:37:33] Train Epoch: 11 [1000/20000 (5.0%)]	Loss: 0.03838237747550011
[2023-05-03 05:37:42] Train Epoch: 11 [2000/20000 (10.0%)]	Loss: 0.04378793388605118
[2023-05-03 05:37:51] Train Epoch: 11 [3000/20000 (15.0%)]	Loss: 0.3037109971046448
[2023-05-03 05:38:00] Train Epoch: 11 [4000/20000 (20.0%)]	Loss: 0.06780959665775299
[2023-05-03 05:38:09] Train Epoch: 11 [5000/20000 (25.0%)]	Loss: 0.1494274139404297
[2023-05-03 05:38:19] Train Epoch: 11 [6000/20000 (30.0%)]	Loss: 0.25820037722587585
[2023-05-03 05:38:28] Train Epoch: 11 [7000/20000 (35.0%)]	Loss: 0.301821768283844
[2023-05-03 05:38:37] Train Epoch: 11 [8000/20000 (40.0%)]	Loss: 0.04403654485940933
[2023-05-03 05:38:46] Train Epoch: 11 [9000/20000 (45.0%)]	Loss: 0.30542585253715515
[2023-05-03 05:38:55] Train Epoch: 11 [10000/20000 (50.0%)]	Loss: 0.1434345543384552
[2023-05-03 05:39:04] Train Epoch: 11 [11000/20000 (55.0%)]	Loss: 0.09455499053001404
[2023-05-03 05:39:13] Train Epoch: 11 [12000/20000 (60.0%)]	Loss: 0.1166309118270874
[2023-05-03 05:39:22] Train Epoch: 11 [13000/20000 (65.0%)]	Loss: 0.020315364003181458
[2023-05-03 05:39:31] Train Epoch: 11 [14000/20000 (70.0%)]	Loss: 0.022742027416825294
[2023-05-03 05:39:40] Train Epoch: 11 [15000/20000 (75.0%)]	Loss: 0.3525051772594452
[2023-05-03 05:39:49] Train Epoch: 11 [16000/20000 (80.0%)]	Loss: 0.09686698764562607
[2023-05-03 05:39:57] Train Epoch: 11 [17000/20000 (85.0%)]	Loss: 0.07866264879703522
[2023-05-03 05:40:07] Train Epoch: 11 [18000/20000 (90.0%)]	Loss: 0.04090098664164543
[2023-05-03 05:40:15] Train Epoch: 11 [19000/20000 (95.0%)]	Loss: 0.11187776178121567
[2023-05-03 05:40:55] ========== Metrics ==========
[2023-05-03 05:40:55] {
  "tr_loss": 0.1505479129246085,
  "tr_acc": 0.9485448544854486,
  "tr_f1": 0.9487779381751207,
  "val_loss": 0.42881921852306315,
  "val_acc": 0.8335405933558359,
  "val_f1": 0.8341886391789063,
  "test_loss": 0.3954274649542522,
  "test_acc": 0.8373983739837398,
  "test_f1": 0.8324022346368715
}
[2023-05-03 05:40:55] ========== Metrics ==========
[2023-05-03 05:40:58] Train Epoch: 12 [0/20000 (0.0%)]	Loss: 0.34649139642715454
[2023-05-03 05:41:08] Train Epoch: 12 [1000/20000 (5.0%)]	Loss: 0.197592094540596
[2023-05-03 05:41:18] Train Epoch: 12 [2000/20000 (10.0%)]	Loss: 0.049075815826654434
[2023-05-03 05:41:28] Train Epoch: 12 [3000/20000 (15.0%)]	Loss: 0.28032949566841125
[2023-05-03 05:41:38] Train Epoch: 12 [4000/20000 (20.0%)]	Loss: 0.03378446400165558
[2023-05-03 05:41:49] Train Epoch: 12 [5000/20000 (25.0%)]	Loss: 0.23893901705741882
[2023-05-03 05:41:58] Train Epoch: 12 [6000/20000 (30.0%)]	Loss: 0.12137347459793091
[2023-05-03 05:42:08] Train Epoch: 12 [7000/20000 (35.0%)]	Loss: 0.33205658197402954
[2023-05-03 05:42:18] Train Epoch: 12 [8000/20000 (40.0%)]	Loss: 0.21270740032196045
[2023-05-03 05:42:27] Train Epoch: 12 [9000/20000 (45.0%)]	Loss: 0.09923278540372849
[2023-05-03 05:42:37] Train Epoch: 12 [10000/20000 (50.0%)]	Loss: 0.08810210973024368
[2023-05-03 05:42:47] Train Epoch: 12 [11000/20000 (55.0%)]	Loss: 0.07550732791423798
[2023-05-03 05:42:56] Train Epoch: 12 [12000/20000 (60.0%)]	Loss: 0.04362102970480919
[2023-05-03 05:43:06] Train Epoch: 12 [13000/20000 (65.0%)]	Loss: 0.29842427372932434
[2023-05-03 05:43:16] Train Epoch: 12 [14000/20000 (70.0%)]	Loss: 0.04773888736963272
[2023-05-03 05:43:26] Train Epoch: 12 [15000/20000 (75.0%)]	Loss: 0.028241008520126343
[2023-05-03 05:43:36] Train Epoch: 12 [16000/20000 (80.0%)]	Loss: 0.07344374060630798
[2023-05-03 05:43:46] Train Epoch: 12 [17000/20000 (85.0%)]	Loss: 0.13796724379062653
[2023-05-03 05:43:56] Train Epoch: 12 [18000/20000 (90.0%)]	Loss: 0.11029064655303955
[2023-05-03 05:44:05] Train Epoch: 12 [19000/20000 (95.0%)]	Loss: 0.18650630116462708
[2023-05-03 05:44:48] ========== Metrics ==========
[2023-05-03 05:44:48] {
  "tr_loss": 0.14886311164861804,
  "tr_acc": 0.9492449244924492,
  "tr_f1": 0.9494848952371473,
  "val_loss": 0.43386460267845195,
  "val_acc": 0.8346065020429917,
  "val_f1": 0.8366380066678365,
  "test_loss": 0.3897186322263909,
  "test_acc": 0.8428184281842819,
  "test_f1": 0.839779005524862
}
[2023-05-03 05:44:48] ========== Metrics ==========
[2023-05-03 05:44:51] Train Epoch: 13 [0/20000 (0.0%)]	Loss: 0.10041400045156479
[2023-05-03 05:45:02] Train Epoch: 13 [1000/20000 (5.0%)]	Loss: 0.024911489337682724
[2023-05-03 05:45:10] Train Epoch: 13 [2000/20000 (10.0%)]	Loss: 0.3021063506603241
[2023-05-03 05:45:18] Train Epoch: 13 [3000/20000 (15.0%)]	Loss: 0.4477638602256775
[2023-05-03 05:45:26] Train Epoch: 13 [4000/20000 (20.0%)]	Loss: 0.09632445871829987
[2023-05-03 05:45:34] Train Epoch: 13 [5000/20000 (25.0%)]	Loss: 0.02874651551246643
[2023-05-03 05:45:43] Train Epoch: 13 [6000/20000 (30.0%)]	Loss: 0.22698763012886047
[2023-05-03 05:45:52] Train Epoch: 13 [7000/20000 (35.0%)]	Loss: 0.04182393103837967
[2023-05-03 05:46:00] Train Epoch: 13 [8000/20000 (40.0%)]	Loss: 0.09902464598417282
[2023-05-03 05:46:09] Train Epoch: 13 [9000/20000 (45.0%)]	Loss: 0.04591972380876541
[2023-05-03 05:46:18] Train Epoch: 13 [10000/20000 (50.0%)]	Loss: 0.08492683619260788
[2023-05-03 05:46:27] Train Epoch: 13 [11000/20000 (55.0%)]	Loss: 0.08539096266031265
[2023-05-03 05:46:35] Train Epoch: 13 [12000/20000 (60.0%)]	Loss: 0.027566835284233093
[2023-05-03 05:46:43] Train Epoch: 13 [13000/20000 (65.0%)]	Loss: 0.037913862615823746
[2023-05-03 05:46:51] Train Epoch: 13 [14000/20000 (70.0%)]	Loss: 0.037154123187065125
[2023-05-03 05:47:00] Train Epoch: 13 [15000/20000 (75.0%)]	Loss: 0.13969075679779053
[2023-05-03 05:47:08] Train Epoch: 13 [16000/20000 (80.0%)]	Loss: 0.020516442134976387
[2023-05-03 05:47:17] Train Epoch: 13 [17000/20000 (85.0%)]	Loss: 0.0515746995806694
[2023-05-03 05:47:25] Train Epoch: 13 [18000/20000 (90.0%)]	Loss: 0.09607094526290894
[2023-05-03 05:47:34] Train Epoch: 13 [19000/20000 (95.0%)]	Loss: 0.09430703520774841
[2023-05-03 05:48:14] ========== Metrics ==========
[2023-05-03 05:48:14] {
  "tr_loss": 0.14759510968926282,
  "tr_acc": 0.9496949694969496,
  "tr_f1": 0.9499602069239951,
  "val_loss": 0.43467535461444884,
  "val_acc": 0.8330076390122579,
  "val_f1": 0.8341566690190544,
  "test_loss": 0.3951942113033801,
  "test_acc": 0.8401084010840109,
  "test_f1": 0.8365650969529085
}
[2023-05-03 05:48:14] ========== Metrics ==========
[2023-05-03 05:48:17] Train Epoch: 14 [0/20000 (0.0%)]	Loss: 0.06269510835409164
[2023-05-03 05:48:26] Train Epoch: 14 [1000/20000 (5.0%)]	Loss: 0.12864652276039124
[2023-05-03 05:48:36] Train Epoch: 14 [2000/20000 (10.0%)]	Loss: 0.3404620289802551
[2023-05-03 05:48:47] Train Epoch: 14 [3000/20000 (15.0%)]	Loss: 0.32827916741371155
[2023-05-03 05:48:57] Train Epoch: 14 [4000/20000 (20.0%)]	Loss: 0.027974983677268028
[2023-05-03 05:49:07] Train Epoch: 14 [5000/20000 (25.0%)]	Loss: 0.30162036418914795
[2023-05-03 05:49:17] Train Epoch: 14 [6000/20000 (30.0%)]	Loss: 0.07923246920108795
[2023-05-03 05:49:26] Train Epoch: 14 [7000/20000 (35.0%)]	Loss: 0.13645616173744202
[2023-05-03 05:49:36] Train Epoch: 14 [8000/20000 (40.0%)]	Loss: 0.3218255043029785
[2023-05-03 05:49:46] Train Epoch: 14 [9000/20000 (45.0%)]	Loss: 0.3187839090824127
[2023-05-03 05:49:55] Train Epoch: 14 [10000/20000 (50.0%)]	Loss: 0.38116663694381714
[2023-05-03 05:50:05] Train Epoch: 14 [11000/20000 (55.0%)]	Loss: 0.038181841373443604
[2023-05-03 05:50:14] Train Epoch: 14 [12000/20000 (60.0%)]	Loss: 0.054530102759599686
[2023-05-03 05:50:24] Train Epoch: 14 [13000/20000 (65.0%)]	Loss: 0.05874672532081604
[2023-05-03 05:50:35] Train Epoch: 14 [14000/20000 (70.0%)]	Loss: 0.2616131603717804
[2023-05-03 05:50:44] Train Epoch: 14 [15000/20000 (75.0%)]	Loss: 0.13189969956874847
[2023-05-03 05:50:54] Train Epoch: 14 [16000/20000 (80.0%)]	Loss: 0.5157394409179688
[2023-05-03 05:51:04] Train Epoch: 14 [17000/20000 (85.0%)]	Loss: 0.10069731622934341
[2023-05-03 05:51:14] Train Epoch: 14 [18000/20000 (90.0%)]	Loss: 0.12918299436569214
[2023-05-03 05:51:23] Train Epoch: 14 [19000/20000 (95.0%)]	Loss: 0.056191831827163696
[2023-05-03 05:52:08] ========== Metrics ==========
[2023-05-03 05:52:08] {
  "tr_loss": 0.14624731563585308,
  "tr_acc": 0.9502950295029503,
  "tr_f1": 0.9505275731634482,
  "val_loss": 0.4315796670920685,
  "val_acc": 0.8342511991472731,
  "val_f1": 0.8369166229680125,
  "test_loss": 0.39034399398297154,
  "test_acc": 0.8428184281842819,
  "test_f1": 0.839779005524862
}
[2023-05-03 05:52:08] ========== Metrics ==========
[2023-05-03 05:52:11] Train Epoch: 15 [0/20000 (0.0%)]	Loss: 0.16230493783950806
[2023-05-03 05:52:20] Train Epoch: 15 [1000/20000 (5.0%)]	Loss: 0.11463092267513275
[2023-05-03 05:52:30] Train Epoch: 15 [2000/20000 (10.0%)]	Loss: 0.09552701562643051
[2023-05-03 05:52:40] Train Epoch: 15 [3000/20000 (15.0%)]	Loss: 0.0178197231143713
[2023-05-03 05:52:50] Train Epoch: 15 [4000/20000 (20.0%)]	Loss: 0.06075088307261467
[2023-05-03 05:53:00] Train Epoch: 15 [5000/20000 (25.0%)]	Loss: 0.03509683161973953
[2023-05-03 05:53:10] Train Epoch: 15 [6000/20000 (30.0%)]	Loss: 0.2390415221452713
[2023-05-03 05:53:20] Train Epoch: 15 [7000/20000 (35.0%)]	Loss: 0.091236412525177
[2023-05-03 05:53:30] Train Epoch: 15 [8000/20000 (40.0%)]	Loss: 0.24485361576080322
[2023-05-03 05:53:40] Train Epoch: 15 [9000/20000 (45.0%)]	Loss: 0.17058786749839783
[2023-05-03 05:53:50] Train Epoch: 15 [10000/20000 (50.0%)]	Loss: 0.04482424259185791
[2023-05-03 05:54:00] Train Epoch: 15 [11000/20000 (55.0%)]	Loss: 0.15744271874427795
[2023-05-03 05:54:10] Train Epoch: 15 [12000/20000 (60.0%)]	Loss: 0.07641677558422089
[2023-05-03 05:54:21] Train Epoch: 15 [13000/20000 (65.0%)]	Loss: 0.13383394479751587
[2023-05-03 05:54:31] Train Epoch: 15 [14000/20000 (70.0%)]	Loss: 0.0639418363571167
[2023-05-03 05:54:41] Train Epoch: 15 [15000/20000 (75.0%)]	Loss: 0.08033869415521622
[2023-05-03 05:54:50] Train Epoch: 15 [16000/20000 (80.0%)]	Loss: 0.20222756266593933
[2023-05-03 05:55:00] Train Epoch: 15 [17000/20000 (85.0%)]	Loss: 0.15125241875648499
[2023-05-03 05:55:09] Train Epoch: 15 [18000/20000 (90.0%)]	Loss: 0.02229335531592369
[2023-05-03 05:55:19] Train Epoch: 15 [19000/20000 (95.0%)]	Loss: 0.06537796556949615
[2023-05-03 05:56:02] ========== Metrics ==========
[2023-05-03 05:56:02] {
  "tr_loss": 0.14503257160335525,
  "tr_acc": 0.950945094509451,
  "tr_f1": 0.9512110210374497,
  "val_loss": 0.44009148042141427,
  "val_acc": 0.8338958962515545,
  "val_f1": 0.8350679132122067,
  "test_loss": 0.40871422667167373,
  "test_acc": 0.8428184281842819,
  "test_f1": 0.839779005524862
}
[2023-05-03 05:56:02] ========== Metrics ==========
[2023-05-03 05:56:06] Train Epoch: 16 [0/20000 (0.0%)]	Loss: 0.037722714245319366
[2023-05-03 05:56:15] Train Epoch: 16 [1000/20000 (5.0%)]	Loss: 0.25699135661125183
[2023-05-03 05:56:25] Train Epoch: 16 [2000/20000 (10.0%)]	Loss: 0.07703374326229095
[2023-05-03 05:56:34] Train Epoch: 16 [3000/20000 (15.0%)]	Loss: 0.09778018295764923
[2023-05-03 05:56:43] Train Epoch: 16 [4000/20000 (20.0%)]	Loss: 0.45448732376098633
[2023-05-03 05:56:53] Train Epoch: 16 [5000/20000 (25.0%)]	Loss: 0.04905267804861069
[2023-05-03 05:57:02] Train Epoch: 16 [6000/20000 (30.0%)]	Loss: 0.040733762085437775
[2023-05-03 05:57:11] Train Epoch: 16 [7000/20000 (35.0%)]	Loss: 0.19199153780937195
[2023-05-03 05:57:21] Train Epoch: 16 [8000/20000 (40.0%)]	Loss: 0.12532345950603485
[2023-05-03 05:57:30] Train Epoch: 16 [9000/20000 (45.0%)]	Loss: 0.1865323930978775
[2023-05-03 05:57:39] Train Epoch: 16 [10000/20000 (50.0%)]	Loss: 0.24307045340538025
[2023-05-03 05:57:48] Train Epoch: 16 [11000/20000 (55.0%)]	Loss: 0.2595239579677582
[2023-05-03 05:57:57] Train Epoch: 16 [12000/20000 (60.0%)]	Loss: 0.22916853427886963
[2023-05-03 05:58:06] Train Epoch: 16 [13000/20000 (65.0%)]	Loss: 0.19834017753601074
[2023-05-03 05:58:15] Train Epoch: 16 [14000/20000 (70.0%)]	Loss: 0.10100642591714859
[2023-05-03 05:58:24] Train Epoch: 16 [15000/20000 (75.0%)]	Loss: 0.15083494782447815
[2023-05-03 05:58:33] Train Epoch: 16 [16000/20000 (80.0%)]	Loss: 0.4775702953338623
[2023-05-03 05:58:42] Train Epoch: 16 [17000/20000 (85.0%)]	Loss: 0.17729595303535461
[2023-05-03 05:58:51] Train Epoch: 16 [18000/20000 (90.0%)]	Loss: 0.022800704464316368
[2023-05-03 05:59:00] Train Epoch: 16 [19000/20000 (95.0%)]	Loss: 0.12004798650741577
[2023-05-03 05:59:39] ========== Metrics ==========
[2023-05-03 05:59:39] {
  "tr_loss": 0.14367957012017185,
  "tr_acc": 0.9516451645164516,
  "tr_f1": 0.9518354335807142,
  "val_loss": 0.43941024469162393,
  "val_acc": 0.8333629419079766,
  "val_f1": 0.8351493848857645,
  "test_loss": 0.3953333792647695,
  "test_acc": 0.8428184281842819,
  "test_f1": 0.839779005524862
}
[2023-05-03 05:59:39] ========== Metrics ==========
[2023-05-03 05:59:42] Train Epoch: 17 [0/20000 (0.0%)]	Loss: 0.11573441326618195
[2023-05-03 05:59:51] Train Epoch: 17 [1000/20000 (5.0%)]	Loss: 0.21158018708229065
[2023-05-03 06:00:00] Train Epoch: 17 [2000/20000 (10.0%)]	Loss: 0.02651318535208702
[2023-05-03 06:00:11] Train Epoch: 17 [3000/20000 (15.0%)]	Loss: 0.041476450860500336
[2023-05-03 06:00:20] Train Epoch: 17 [4000/20000 (20.0%)]	Loss: 0.04562884569168091
[2023-05-03 06:00:31] Train Epoch: 17 [5000/20000 (25.0%)]	Loss: 0.38516780734062195
[2023-05-03 06:00:41] Train Epoch: 17 [6000/20000 (30.0%)]	Loss: 0.09475868940353394
[2023-05-03 06:00:52] Train Epoch: 17 [7000/20000 (35.0%)]	Loss: 0.07838395982980728
[2023-05-03 06:01:01] Train Epoch: 17 [8000/20000 (40.0%)]	Loss: 0.10853636264801025
[2023-05-03 06:01:11] Train Epoch: 17 [9000/20000 (45.0%)]	Loss: 0.16050323843955994
[2023-05-03 06:01:21] Train Epoch: 17 [10000/20000 (50.0%)]	Loss: 0.03882055729627609
[2023-05-03 06:01:31] Train Epoch: 17 [11000/20000 (55.0%)]	Loss: 0.16593153774738312
[2023-05-03 06:01:41] Train Epoch: 17 [12000/20000 (60.0%)]	Loss: 0.2343693971633911
[2023-05-03 06:01:50] Train Epoch: 17 [13000/20000 (65.0%)]	Loss: 0.2771183252334595
[2023-05-03 06:02:00] Train Epoch: 17 [14000/20000 (70.0%)]	Loss: 0.1949647217988968
[2023-05-03 06:02:10] Train Epoch: 17 [15000/20000 (75.0%)]	Loss: 0.17009201645851135
[2023-05-03 06:02:20] Train Epoch: 17 [16000/20000 (80.0%)]	Loss: 0.13771197199821472
[2023-05-03 06:02:30] Train Epoch: 17 [17000/20000 (85.0%)]	Loss: 0.04696854203939438
[2023-05-03 06:02:40] Train Epoch: 17 [18000/20000 (90.0%)]	Loss: 0.0642794817686081
[2023-05-03 06:02:50] Train Epoch: 17 [19000/20000 (95.0%)]	Loss: 0.0509696826338768
[2023-05-03 06:03:30] ========== Metrics ==========
[2023-05-03 06:03:30] {
  "tr_loss": 0.14350682526550415,
  "tr_acc": 0.9516951695169517,
  "tr_f1": 0.9519259480441922,
  "val_loss": 0.4384366260485108,
  "val_acc": 0.8331852904601172,
  "val_f1": 0.8350606007377481,
  "test_loss": 0.3946704803120476,
  "test_acc": 0.8428184281842819,
  "test_f1": 0.839779005524862
}
[2023-05-03 06:03:30] ========== Metrics ==========
[2023-05-03 06:03:33] Train Epoch: 18 [0/20000 (0.0%)]	Loss: 0.13754840195178986
[2023-05-03 06:03:43] Train Epoch: 18 [1000/20000 (5.0%)]	Loss: 0.3773232400417328
[2023-05-03 06:03:53] Train Epoch: 18 [2000/20000 (10.0%)]	Loss: 0.01054137758910656
[2023-05-03 06:04:03] Train Epoch: 18 [3000/20000 (15.0%)]	Loss: 0.1976969838142395
[2023-05-03 06:04:13] Train Epoch: 18 [4000/20000 (20.0%)]	Loss: 0.2798513174057007
[2023-05-03 06:04:23] Train Epoch: 18 [5000/20000 (25.0%)]	Loss: 0.21901869773864746
[2023-05-03 06:04:33] Train Epoch: 18 [6000/20000 (30.0%)]	Loss: 0.3512030243873596
[2023-05-03 06:04:43] Train Epoch: 18 [7000/20000 (35.0%)]	Loss: 0.16190481185913086
[2023-05-03 06:04:52] Train Epoch: 18 [8000/20000 (40.0%)]	Loss: 0.07994471490383148
[2023-05-03 06:05:02] Train Epoch: 18 [9000/20000 (45.0%)]	Loss: 0.057336997240781784
[2023-05-03 06:05:13] Train Epoch: 18 [10000/20000 (50.0%)]	Loss: 0.1414649933576584
[2023-05-03 06:05:23] Train Epoch: 18 [11000/20000 (55.0%)]	Loss: 0.1315111219882965
[2023-05-03 06:05:33] Train Epoch: 18 [12000/20000 (60.0%)]	Loss: 0.1795673668384552
[2023-05-03 06:05:42] Train Epoch: 18 [13000/20000 (65.0%)]	Loss: 0.10089411586523056
[2023-05-03 06:05:52] Train Epoch: 18 [14000/20000 (70.0%)]	Loss: 0.05402207374572754
[2023-05-03 06:06:02] Train Epoch: 18 [15000/20000 (75.0%)]	Loss: 0.056597739458084106
[2023-05-03 06:06:12] Train Epoch: 18 [16000/20000 (80.0%)]	Loss: 0.2116478979587555
[2023-05-03 06:06:22] Train Epoch: 18 [17000/20000 (85.0%)]	Loss: 0.03224644809961319
[2023-05-03 06:06:31] Train Epoch: 18 [18000/20000 (90.0%)]	Loss: 0.29920345544815063
[2023-05-03 06:06:41] Train Epoch: 18 [19000/20000 (95.0%)]	Loss: 0.05887386202812195
[2023-05-03 06:07:18] Stop At epoch 18/20 due to valid not increase
[2023-05-03 06:07:24] ========== Metrics ==========
[2023-05-03 06:07:24] {
  "tr_loss": 0.14339335292860148,
  "tr_acc": 0.9515951595159516,
  "tr_f1": 0.951826415845526,
  "val_loss": 0.4382708770560316,
  "val_acc": 0.8335405933558359,
  "val_f1": 0.8355274705985607,
  "test_loss": 0.3858777161859238,
  "test_acc": 0.8428184281842819,
  "test_f1": 0.839779005524862
}
[2023-05-03 06:07:24] ========== Metrics ==========
