[2023-05-03 04:45:54] Train Epoch: 1 [0/20000 (0.0%)]	Loss: 0.6916605234146118
[2023-05-03 04:45:58] Train Epoch: 1 [1000/20000 (5.0%)]	Loss: 0.6488898992538452
[2023-05-03 04:46:02] Train Epoch: 1 [2000/20000 (10.0%)]	Loss: 0.5806471109390259
[2023-05-03 04:46:06] Train Epoch: 1 [3000/20000 (15.0%)]	Loss: 0.4871869683265686
[2023-05-03 04:46:09] Train Epoch: 1 [4000/20000 (20.0%)]	Loss: 0.5660015940666199
[2023-05-03 04:46:13] Train Epoch: 1 [5000/20000 (25.0%)]	Loss: 0.6576086282730103
[2023-05-03 04:46:17] Train Epoch: 1 [6000/20000 (30.0%)]	Loss: 0.4822846055030823
[2023-05-03 04:46:20] Train Epoch: 1 [7000/20000 (35.0%)]	Loss: 0.5651569962501526
[2023-05-03 04:46:24] Train Epoch: 1 [8000/20000 (40.0%)]	Loss: 0.34298011660575867
[2023-05-03 04:46:28] Train Epoch: 1 [9000/20000 (45.0%)]	Loss: 0.41599535942077637
[2023-05-03 04:46:32] Train Epoch: 1 [10000/20000 (50.0%)]	Loss: 0.25347450375556946
[2023-05-03 04:46:36] Train Epoch: 1 [11000/20000 (55.0%)]	Loss: 0.568989098072052
[2023-05-03 04:46:40] Train Epoch: 1 [12000/20000 (60.0%)]	Loss: 0.18022409081459045
[2023-05-03 04:46:43] Train Epoch: 1 [13000/20000 (65.0%)]	Loss: 0.5808716416358948
[2023-05-03 04:46:47] Train Epoch: 1 [14000/20000 (70.0%)]	Loss: 0.3296903371810913
[2023-05-03 04:46:51] Train Epoch: 1 [15000/20000 (75.0%)]	Loss: 0.31734389066696167
[2023-05-03 04:46:55] Train Epoch: 1 [16000/20000 (80.0%)]	Loss: 0.31793174147605896
[2023-05-03 04:46:59] Train Epoch: 1 [17000/20000 (85.0%)]	Loss: 0.2820652723312378
[2023-05-03 04:47:03] Train Epoch: 1 [18000/20000 (90.0%)]	Loss: 0.4086056649684906
[2023-05-03 04:47:06] Train Epoch: 1 [19000/20000 (95.0%)]	Loss: 0.4062887132167816
[2023-05-03 04:47:24] ========== Metrics ==========
[2023-05-03 04:47:24] {
  "tr_loss": 0.4720114529019583,
  "tr_acc": 0.7768276827682769,
  "tr_f1": 0.7814290611685195,
  "val_loss": 0.3970297717840554,
  "val_acc": 0.8314087759815243,
  "val_f1": 0.829285842777478,
  "test_loss": 0.39133469344477667,
  "test_acc": 0.8428184281842819,
  "test_f1": 0.8379888268156425
}
[2023-05-03 04:47:24] ========== Metrics ==========
[2023-05-03 04:47:25] Train Epoch: 2 [0/20000 (0.0%)]	Loss: 0.3302192986011505
[2023-05-03 04:47:29] Train Epoch: 2 [1000/20000 (5.0%)]	Loss: 0.5468111038208008
[2023-05-03 04:47:33] Train Epoch: 2 [2000/20000 (10.0%)]	Loss: 0.19980058073997498
[2023-05-03 04:47:37] Train Epoch: 2 [3000/20000 (15.0%)]	Loss: 0.2842392325401306
[2023-05-03 04:47:41] Train Epoch: 2 [4000/20000 (20.0%)]	Loss: 0.3440386652946472
[2023-05-03 04:47:45] Train Epoch: 2 [5000/20000 (25.0%)]	Loss: 0.2694340646266937
[2023-05-03 04:47:48] Train Epoch: 2 [6000/20000 (30.0%)]	Loss: 0.11301404237747192
[2023-05-03 04:47:52] Train Epoch: 2 [7000/20000 (35.0%)]	Loss: 0.19260187447071075
[2023-05-03 04:47:56] Train Epoch: 2 [8000/20000 (40.0%)]	Loss: 0.2094997614622116
[2023-05-03 04:48:00] Train Epoch: 2 [9000/20000 (45.0%)]	Loss: 0.363243967294693
[2023-05-03 04:48:04] Train Epoch: 2 [10000/20000 (50.0%)]	Loss: 0.035218559205532074
[2023-05-03 04:48:08] Train Epoch: 2 [11000/20000 (55.0%)]	Loss: 0.2968074083328247
[2023-05-03 04:48:11] Train Epoch: 2 [12000/20000 (60.0%)]	Loss: 0.2512493431568146
[2023-05-03 04:48:15] Train Epoch: 2 [13000/20000 (65.0%)]	Loss: 0.3197031617164612
[2023-05-03 04:48:19] Train Epoch: 2 [14000/20000 (70.0%)]	Loss: 0.2759416699409485
[2023-05-03 04:48:23] Train Epoch: 2 [15000/20000 (75.0%)]	Loss: 0.10462158918380737
[2023-05-03 04:48:26] Train Epoch: 2 [16000/20000 (80.0%)]	Loss: 0.5524181127548218
[2023-05-03 04:48:30] Train Epoch: 2 [17000/20000 (85.0%)]	Loss: 0.10908429324626923
[2023-05-03 04:48:34] Train Epoch: 2 [18000/20000 (90.0%)]	Loss: 0.20399165153503418
[2023-05-03 04:48:38] Train Epoch: 2 [19000/20000 (95.0%)]	Loss: 0.25340205430984497
[2023-05-03 04:48:57] ========== Metrics ==========
[2023-05-03 04:48:57] {
  "tr_loss": 0.29293427460103505,
  "tr_acc": 0.8864886488648865,
  "tr_f1": 0.8870983785934548,
  "val_loss": 0.3991155525436832,
  "val_acc": 0.8326523361165393,
  "val_f1": 0.8214556482183472,
  "test_loss": 0.43287138669148373,
  "test_acc": 0.8346883468834688,
  "test_f1": 0.817910447761194
}
[2023-05-03 04:48:57] ========== Metrics ==========
[2023-05-03 04:48:58] Train Epoch: 3 [0/20000 (0.0%)]	Loss: 0.1345580369234085
[2023-05-03 04:49:02] Train Epoch: 3 [1000/20000 (5.0%)]	Loss: 0.03738558292388916
[2023-05-03 04:49:06] Train Epoch: 3 [2000/20000 (10.0%)]	Loss: 0.03064722940325737
[2023-05-03 04:49:09] Train Epoch: 3 [3000/20000 (15.0%)]	Loss: 0.2811985909938812
[2023-05-03 04:49:13] Train Epoch: 3 [4000/20000 (20.0%)]	Loss: 0.07749683409929276
[2023-05-03 04:49:17] Train Epoch: 3 [5000/20000 (25.0%)]	Loss: 0.2225857526063919
[2023-05-03 04:49:21] Train Epoch: 3 [6000/20000 (30.0%)]	Loss: 0.011633669957518578
[2023-05-03 04:49:25] Train Epoch: 3 [7000/20000 (35.0%)]	Loss: 0.027497580274939537
[2023-05-03 04:49:29] Train Epoch: 3 [8000/20000 (40.0%)]	Loss: 0.08114485442638397
[2023-05-03 04:49:33] Train Epoch: 3 [9000/20000 (45.0%)]	Loss: 0.12507185339927673
[2023-05-03 04:49:37] Train Epoch: 3 [10000/20000 (50.0%)]	Loss: 0.10236835479736328
[2023-05-03 04:49:40] Train Epoch: 3 [11000/20000 (55.0%)]	Loss: 0.07360444962978363
[2023-05-03 04:49:44] Train Epoch: 3 [12000/20000 (60.0%)]	Loss: 0.11980954557657242
[2023-05-03 04:49:48] Train Epoch: 3 [13000/20000 (65.0%)]	Loss: 0.23567518591880798
[2023-05-03 04:49:52] Train Epoch: 3 [14000/20000 (70.0%)]	Loss: 0.2319296896457672
[2023-05-03 04:49:56] Train Epoch: 3 [15000/20000 (75.0%)]	Loss: 0.03298487514257431
[2023-05-03 04:49:59] Train Epoch: 3 [16000/20000 (80.0%)]	Loss: 0.14991295337677002
[2023-05-03 04:50:03] Train Epoch: 3 [17000/20000 (85.0%)]	Loss: 0.10810171067714691
[2023-05-03 04:50:07] Train Epoch: 3 [18000/20000 (90.0%)]	Loss: 0.1876859962940216
[2023-05-03 04:50:11] Train Epoch: 3 [19000/20000 (95.0%)]	Loss: 0.07574748247861862
[2023-05-03 04:50:29] ========== Metrics ==========
[2023-05-03 04:50:29] {
  "tr_loss": 0.16999455712883188,
  "tr_acc": 0.9418941894189419,
  "tr_f1": 0.9419000000000001,
  "val_loss": 0.4869678075698155,
  "val_acc": 0.8397583940309113,
  "val_f1": 0.839444642221431,
  "test_loss": 0.41187843656152245,
  "test_acc": 0.8563685636856369,
  "test_f1": 0.8515406162464987
}
[2023-05-03 04:50:29] ========== Metrics ==========
[2023-05-03 04:50:31] Train Epoch: 4 [0/20000 (0.0%)]	Loss: 0.04887726530432701
[2023-05-03 04:50:35] Train Epoch: 4 [1000/20000 (5.0%)]	Loss: 0.01082699280232191
[2023-05-03 04:50:39] Train Epoch: 4 [2000/20000 (10.0%)]	Loss: 0.009696096181869507
[2023-05-03 04:50:42] Train Epoch: 4 [3000/20000 (15.0%)]	Loss: 0.019029537215828896
[2023-05-03 04:50:46] Train Epoch: 4 [4000/20000 (20.0%)]	Loss: 0.019402610138058662
[2023-05-03 04:50:50] Train Epoch: 4 [5000/20000 (25.0%)]	Loss: 0.19566583633422852
[2023-05-03 04:50:54] Train Epoch: 4 [6000/20000 (30.0%)]	Loss: 0.2006913721561432
[2023-05-03 04:50:58] Train Epoch: 4 [7000/20000 (35.0%)]	Loss: 0.044291816651821136
[2023-05-03 04:51:02] Train Epoch: 4 [8000/20000 (40.0%)]	Loss: 0.04456563666462898
[2023-05-03 04:51:06] Train Epoch: 4 [9000/20000 (45.0%)]	Loss: 0.010499106720089912
[2023-05-03 04:51:09] Train Epoch: 4 [10000/20000 (50.0%)]	Loss: 0.015116485767066479
[2023-05-03 04:51:13] Train Epoch: 4 [11000/20000 (55.0%)]	Loss: 0.20000596344470978
[2023-05-03 04:51:17] Train Epoch: 4 [12000/20000 (60.0%)]	Loss: 0.02185429260134697
[2023-05-03 04:51:21] Train Epoch: 4 [13000/20000 (65.0%)]	Loss: 0.009976825676858425
[2023-05-03 04:51:25] Train Epoch: 4 [14000/20000 (70.0%)]	Loss: 0.017367489635944366
[2023-05-03 04:51:29] Train Epoch: 4 [15000/20000 (75.0%)]	Loss: 0.07272810488939285
[2023-05-03 04:51:32] Train Epoch: 4 [16000/20000 (80.0%)]	Loss: 0.12248072773218155
[2023-05-03 04:51:36] Train Epoch: 4 [17000/20000 (85.0%)]	Loss: 0.10210198163986206
[2023-05-03 04:51:40] Train Epoch: 4 [18000/20000 (90.0%)]	Loss: 0.04822610691189766
[2023-05-03 04:51:44] Train Epoch: 4 [19000/20000 (95.0%)]	Loss: 0.10331685841083527
[2023-05-03 04:52:02] ========== Metrics ==========
[2023-05-03 04:52:02] {
  "tr_loss": 0.09228321789688983,
  "tr_acc": 0.9705470547054705,
  "tr_f1": 0.970510188754819,
  "val_loss": 0.5438962595715661,
  "val_acc": 0.8269674897850418,
  "val_f1": 0.821021683204704,
  "test_loss": 0.5430613526806922,
  "test_acc": 0.8130081300813008,
  "test_f1": 0.7976539589442815
}
[2023-05-03 04:52:02] ========== Metrics ==========
[2023-05-03 04:52:03] Train Epoch: 5 [0/20000 (0.0%)]	Loss: 0.026534834876656532
[2023-05-03 04:52:07] Train Epoch: 5 [1000/20000 (5.0%)]	Loss: 0.08081720769405365
[2023-05-03 04:52:10] Train Epoch: 5 [2000/20000 (10.0%)]	Loss: 0.19502592086791992
[2023-05-03 04:52:14] Train Epoch: 5 [3000/20000 (15.0%)]	Loss: 0.019451286643743515
[2023-05-03 04:52:18] Train Epoch: 5 [4000/20000 (20.0%)]	Loss: 0.14864741265773773
[2023-05-03 04:52:22] Train Epoch: 5 [5000/20000 (25.0%)]	Loss: 0.002435184782370925
[2023-05-03 04:52:26] Train Epoch: 5 [6000/20000 (30.0%)]	Loss: 0.010025187395513058
[2023-05-03 04:52:30] Train Epoch: 5 [7000/20000 (35.0%)]	Loss: 0.023495543748140335
[2023-05-03 04:52:34] Train Epoch: 5 [8000/20000 (40.0%)]	Loss: 0.020191814750432968
[2023-05-03 04:52:38] Train Epoch: 5 [9000/20000 (45.0%)]	Loss: 0.003117600455880165
[2023-05-03 04:52:42] Train Epoch: 5 [10000/20000 (50.0%)]	Loss: 0.004065351560711861
[2023-05-03 04:52:46] Train Epoch: 5 [11000/20000 (55.0%)]	Loss: 0.001692694379016757
[2023-05-03 04:52:50] Train Epoch: 5 [12000/20000 (60.0%)]	Loss: 0.01921621710062027
[2023-05-03 04:52:54] Train Epoch: 5 [13000/20000 (65.0%)]	Loss: 0.00523399468511343
[2023-05-03 04:52:58] Train Epoch: 5 [14000/20000 (70.0%)]	Loss: 0.0404149666428566
[2023-05-03 04:53:02] Train Epoch: 5 [15000/20000 (75.0%)]	Loss: 0.03115195408463478
[2023-05-03 04:53:06] Train Epoch: 5 [16000/20000 (80.0%)]	Loss: 0.007679606322199106
[2023-05-03 04:53:10] Train Epoch: 5 [17000/20000 (85.0%)]	Loss: 0.02029689960181713
[2023-05-03 04:53:14] Train Epoch: 5 [18000/20000 (90.0%)]	Loss: 0.00246615638025105
[2023-05-03 04:53:18] Train Epoch: 5 [19000/20000 (95.0%)]	Loss: 0.037329696118831635
[2023-05-03 04:53:36] ========== Metrics ==========
[2023-05-03 04:53:36] {
  "tr_loss": 0.04904786411864516,
  "tr_acc": 0.985998599859986,
  "tr_f1": 0.9860083949630221,
  "val_loss": 0.5931736138012464,
  "val_acc": 0.8248356724107302,
  "val_f1": 0.8186833394630378,
  "test_loss": 0.548067169622354,
  "test_acc": 0.8319783197831978,
  "test_f1": 0.8197674418604652
}
[2023-05-03 04:53:36] ========== Metrics ==========
[2023-05-03 04:53:37] Train Epoch: 6 [0/20000 (0.0%)]	Loss: 0.011704361997544765
[2023-05-03 04:53:41] Train Epoch: 6 [1000/20000 (5.0%)]	Loss: 0.00473741814494133
[2023-05-03 04:53:45] Train Epoch: 6 [2000/20000 (10.0%)]	Loss: 0.003508273046463728
[2023-05-03 04:53:49] Train Epoch: 6 [3000/20000 (15.0%)]	Loss: 0.0038642045110464096
[2023-05-03 04:53:53] Train Epoch: 6 [4000/20000 (20.0%)]	Loss: 0.0036989927757531404
[2023-05-03 04:53:57] Train Epoch: 6 [5000/20000 (25.0%)]	Loss: 0.24327853322029114
[2023-05-03 04:54:00] Train Epoch: 6 [6000/20000 (30.0%)]	Loss: 0.006251420825719833
[2023-05-03 04:54:04] Train Epoch: 6 [7000/20000 (35.0%)]	Loss: 0.003537283744663
[2023-05-03 04:54:08] Train Epoch: 6 [8000/20000 (40.0%)]	Loss: 0.2647501528263092
[2023-05-03 04:54:12] Train Epoch: 6 [9000/20000 (45.0%)]	Loss: 0.006675201002508402
[2023-05-03 04:54:16] Train Epoch: 6 [10000/20000 (50.0%)]	Loss: 0.017237519845366478
[2023-05-03 04:54:20] Train Epoch: 6 [11000/20000 (55.0%)]	Loss: 0.0029156513046473265
[2023-05-03 04:54:24] Train Epoch: 6 [12000/20000 (60.0%)]	Loss: 0.004470285028219223
[2023-05-03 04:54:28] Train Epoch: 6 [13000/20000 (65.0%)]	Loss: 0.002177115296944976
[2023-05-03 04:54:31] Train Epoch: 6 [14000/20000 (70.0%)]	Loss: 0.002320153173059225
[2023-05-03 04:54:35] Train Epoch: 6 [15000/20000 (75.0%)]	Loss: 0.001449042814783752
[2023-05-03 04:54:39] Train Epoch: 6 [16000/20000 (80.0%)]	Loss: 0.0011081534903496504
[2023-05-03 04:54:43] Train Epoch: 6 [17000/20000 (85.0%)]	Loss: 0.0036162477917969227
[2023-05-03 04:54:47] Train Epoch: 6 [18000/20000 (90.0%)]	Loss: 0.0014346354873850942
[2023-05-03 04:54:51] Train Epoch: 6 [19000/20000 (95.0%)]	Loss: 0.001517034019343555
[2023-05-03 04:55:10] ========== Metrics ==========
[2023-05-03 04:55:10] {
  "tr_loss": 0.016511883770366876,
  "tr_acc": 0.9970997099709971,
  "tr_f1": 0.9970988395358142,
  "val_loss": 0.8323077261879733,
  "val_acc": 0.8262568839936045,
  "val_f1": 0.8303850156087409,
  "test_loss": 0.7147554600949533,
  "test_acc": 0.8401084010840109,
  "test_f1": 0.8418230563002682
}
[2023-05-03 04:55:10] ========== Metrics ==========
[2023-05-03 04:55:11] Train Epoch: 7 [0/20000 (0.0%)]	Loss: 0.0015680782962590456
[2023-05-03 04:55:15] Train Epoch: 7 [1000/20000 (5.0%)]	Loss: 0.0012684583198279142
[2023-05-03 04:55:19] Train Epoch: 7 [2000/20000 (10.0%)]	Loss: 0.0011475796345621347
[2023-05-03 04:55:23] Train Epoch: 7 [3000/20000 (15.0%)]	Loss: 0.0024095051921904087
[2023-05-03 04:55:27] Train Epoch: 7 [4000/20000 (20.0%)]	Loss: 0.002223873045295477
[2023-05-03 04:55:31] Train Epoch: 7 [5000/20000 (25.0%)]	Loss: 0.0020637339912354946
[2023-05-03 04:55:35] Train Epoch: 7 [6000/20000 (30.0%)]	Loss: 0.00266156904399395
[2023-05-03 04:55:39] Train Epoch: 7 [7000/20000 (35.0%)]	Loss: 0.002727049868553877
[2023-05-03 04:55:43] Train Epoch: 7 [8000/20000 (40.0%)]	Loss: 0.0010011752601712942
[2023-05-03 04:55:47] Train Epoch: 7 [9000/20000 (45.0%)]	Loss: 0.0014693301636725664
[2023-05-03 04:55:51] Train Epoch: 7 [10000/20000 (50.0%)]	Loss: 0.00210906402207911
[2023-05-03 04:55:54] Train Epoch: 7 [11000/20000 (55.0%)]	Loss: 0.001266036182641983
[2023-05-03 04:55:58] Train Epoch: 7 [12000/20000 (60.0%)]	Loss: 0.0009625449893064797
[2023-05-03 04:56:02] Train Epoch: 7 [13000/20000 (65.0%)]	Loss: 0.0021022800356149673
[2023-05-03 04:56:06] Train Epoch: 7 [14000/20000 (70.0%)]	Loss: 0.0012137806043028831
[2023-05-03 04:56:10] Train Epoch: 7 [15000/20000 (75.0%)]	Loss: 0.0017550804186612368
[2023-05-03 04:56:14] Train Epoch: 7 [16000/20000 (80.0%)]	Loss: 0.0011758345644921064
[2023-05-03 04:56:18] Train Epoch: 7 [17000/20000 (85.0%)]	Loss: 0.0019924938678741455
[2023-05-03 04:56:22] Train Epoch: 7 [18000/20000 (90.0%)]	Loss: 0.013266168534755707
[2023-05-03 04:56:25] Train Epoch: 7 [19000/20000 (95.0%)]	Loss: 0.0012038297718390822
[2023-05-03 04:56:43] ========== Metrics ==========
[2023-05-03 04:56:43] {
  "tr_loss": 0.013674866171739642,
  "tr_acc": 0.9974997499749975,
  "tr_f1": 0.9974992497749325,
  "val_loss": 0.8325074210155442,
  "val_acc": 0.8246580209628709,
  "val_f1": 0.8284969591659426,
  "test_loss": 0.7282556945755876,
  "test_acc": 0.8346883468834688,
  "test_f1": 0.8355795148247979
}
[2023-05-03 04:56:43] ========== Metrics ==========
[2023-05-03 04:56:44] Train Epoch: 8 [0/20000 (0.0%)]	Loss: 0.0013122304808348417
[2023-05-03 04:56:48] Train Epoch: 8 [1000/20000 (5.0%)]	Loss: 0.0010446716332808137
[2023-05-03 04:56:52] Train Epoch: 8 [2000/20000 (10.0%)]	Loss: 0.0012380589032545686
[2023-05-03 04:56:56] Train Epoch: 8 [3000/20000 (15.0%)]	Loss: 0.0035395913291722536
[2023-05-03 04:57:00] Train Epoch: 8 [4000/20000 (20.0%)]	Loss: 0.0012724988628178835
[2023-05-03 04:57:04] Train Epoch: 8 [5000/20000 (25.0%)]	Loss: 0.00169205607380718
[2023-05-03 04:57:08] Train Epoch: 8 [6000/20000 (30.0%)]	Loss: 0.0012691686861217022
[2023-05-03 04:57:12] Train Epoch: 8 [7000/20000 (35.0%)]	Loss: 0.001482854364439845
[2023-05-03 04:57:16] Train Epoch: 8 [8000/20000 (40.0%)]	Loss: 0.002458580071106553
[2023-05-03 04:57:20] Train Epoch: 8 [9000/20000 (45.0%)]	Loss: 0.0008351504802703857
[2023-05-03 04:57:24] Train Epoch: 8 [10000/20000 (50.0%)]	Loss: 0.0008096309611573815
[2023-05-03 04:57:28] Train Epoch: 8 [11000/20000 (55.0%)]	Loss: 0.0010452743154019117
[2023-05-03 04:57:32] Train Epoch: 8 [12000/20000 (60.0%)]	Loss: 0.2876145839691162
[2023-05-03 04:57:36] Train Epoch: 8 [13000/20000 (65.0%)]	Loss: 0.0011740687768906355
[2023-05-03 04:57:40] Train Epoch: 8 [14000/20000 (70.0%)]	Loss: 0.0013457912718877196
[2023-05-03 04:57:44] Train Epoch: 8 [15000/20000 (75.0%)]	Loss: 0.059508997946977615
[2023-05-03 04:57:48] Train Epoch: 8 [16000/20000 (80.0%)]	Loss: 0.002310225972905755
[2023-05-03 04:57:52] Train Epoch: 8 [17000/20000 (85.0%)]	Loss: 0.001429222640581429
[2023-05-03 04:57:56] Train Epoch: 8 [18000/20000 (90.0%)]	Loss: 0.0017798829358071089
[2023-05-03 04:57:59] Train Epoch: 8 [19000/20000 (95.0%)]	Loss: 0.002068254631012678
[2023-05-03 04:58:18] ========== Metrics ==========
[2023-05-03 04:58:18] {
  "tr_loss": 0.011772450418782943,
  "tr_acc": 0.997949794979498,
  "tr_f1": 0.997949282248787,
  "val_loss": 0.8617666275667344,
  "val_acc": 0.8234144608278557,
  "val_f1": 0.8235085227272727,
  "test_loss": 0.766146486690697,
  "test_acc": 0.8346883468834688,
  "test_f1": 0.8337874659400545
}
[2023-05-03 04:58:18] ========== Metrics ==========
[2023-05-03 04:58:19] Train Epoch: 9 [0/20000 (0.0%)]	Loss: 0.0008011674508452415
[2023-05-03 04:58:23] Train Epoch: 9 [1000/20000 (5.0%)]	Loss: 0.0014292823616415262
[2023-05-03 04:58:27] Train Epoch: 9 [2000/20000 (10.0%)]	Loss: 0.0011624458711594343
[2023-05-03 04:58:31] Train Epoch: 9 [3000/20000 (15.0%)]	Loss: 0.0010046899551525712
[2023-05-03 04:58:35] Train Epoch: 9 [4000/20000 (20.0%)]	Loss: 0.0009314218768849969
[2023-05-03 04:58:39] Train Epoch: 9 [5000/20000 (25.0%)]	Loss: 0.0047152661718428135
[2023-05-03 04:58:43] Train Epoch: 9 [6000/20000 (30.0%)]	Loss: 0.0012372876517474651
[2023-05-03 04:58:47] Train Epoch: 9 [7000/20000 (35.0%)]	Loss: 0.0017181966686621308
[2023-05-03 04:58:51] Train Epoch: 9 [8000/20000 (40.0%)]	Loss: 0.002128248568624258
[2023-05-03 04:58:55] Train Epoch: 9 [9000/20000 (45.0%)]	Loss: 0.0013109383871778846
[2023-05-03 04:58:59] Train Epoch: 9 [10000/20000 (50.0%)]	Loss: 0.0009027261985465884
[2023-05-03 04:59:03] Train Epoch: 9 [11000/20000 (55.0%)]	Loss: 0.0020545099396258593
[2023-05-03 04:59:07] Train Epoch: 9 [12000/20000 (60.0%)]	Loss: 0.000788577483035624
[2023-05-03 04:59:11] Train Epoch: 9 [13000/20000 (65.0%)]	Loss: 0.0015190140111371875
[2023-05-03 04:59:15] Train Epoch: 9 [14000/20000 (70.0%)]	Loss: 0.0010938739869743586
[2023-05-03 04:59:19] Train Epoch: 9 [15000/20000 (75.0%)]	Loss: 0.0014604537282139063
[2023-05-03 04:59:23] Train Epoch: 9 [16000/20000 (80.0%)]	Loss: 0.0015320811653509736
[2023-05-03 04:59:26] Train Epoch: 9 [17000/20000 (85.0%)]	Loss: 0.0012645178940147161
[2023-05-03 04:59:30] Train Epoch: 9 [18000/20000 (90.0%)]	Loss: 0.006063734646886587
[2023-05-03 04:59:34] Train Epoch: 9 [19000/20000 (95.0%)]	Loss: 0.0016288363840430975
[2023-05-03 04:59:49] Stop At epoch 9/20 due to valid not increase
[2023-05-03 04:59:52] ========== Metrics ==========
[2023-05-03 04:59:52] {
  "tr_loss": 0.010777143841209874,
  "tr_acc": 0.9983998399839984,
  "tr_f1": 0.9983996799359872,
  "val_loss": 0.9034953859341354,
  "val_acc": 0.8223485521406999,
  "val_f1": 0.8241912798874825,
  "test_loss": 0.8349635849800213,
  "test_acc": 0.8401084010840109,
  "test_f1": 0.840108401084011
}
[2023-05-03 04:59:52] ========== Metrics ==========
