[2023-05-03 04:30:21] Train Epoch: 1 [0/20000 (0.0%)]	Loss: 0.6873351335525513
[2023-05-03 04:30:24] Train Epoch: 1 [1000/20000 (5.0%)]	Loss: 0.4832722544670105
[2023-05-03 04:30:27] Train Epoch: 1 [2000/20000 (10.0%)]	Loss: 0.5532125234603882
[2023-05-03 04:30:30] Train Epoch: 1 [3000/20000 (15.0%)]	Loss: 0.5557764768600464
[2023-05-03 04:30:33] Train Epoch: 1 [4000/20000 (20.0%)]	Loss: 0.44005852937698364
[2023-05-03 04:30:36] Train Epoch: 1 [5000/20000 (25.0%)]	Loss: 0.5543707609176636
[2023-05-03 04:30:39] Train Epoch: 1 [6000/20000 (30.0%)]	Loss: 0.5459626913070679
[2023-05-03 04:30:42] Train Epoch: 1 [7000/20000 (35.0%)]	Loss: 0.382109671831131
[2023-05-03 04:30:45] Train Epoch: 1 [8000/20000 (40.0%)]	Loss: 0.5304325819015503
[2023-05-03 04:30:48] Train Epoch: 1 [9000/20000 (45.0%)]	Loss: 0.40373310446739197
[2023-05-03 04:30:51] Train Epoch: 1 [10000/20000 (50.0%)]	Loss: 0.2775285840034485
[2023-05-03 04:30:55] Train Epoch: 1 [11000/20000 (55.0%)]	Loss: 0.4989231526851654
[2023-05-03 04:30:58] Train Epoch: 1 [12000/20000 (60.0%)]	Loss: 0.477323442697525
[2023-05-03 04:31:01] Train Epoch: 1 [13000/20000 (65.0%)]	Loss: 0.5112523436546326
[2023-05-03 04:31:04] Train Epoch: 1 [14000/20000 (70.0%)]	Loss: 0.4067233204841614
[2023-05-03 04:31:08] Train Epoch: 1 [15000/20000 (75.0%)]	Loss: 0.42437371611595154
[2023-05-03 04:31:11] Train Epoch: 1 [16000/20000 (80.0%)]	Loss: 0.3366473913192749
[2023-05-03 04:31:14] Train Epoch: 1 [17000/20000 (85.0%)]	Loss: 0.4318675100803375
[2023-05-03 04:31:18] Train Epoch: 1 [18000/20000 (90.0%)]	Loss: 0.3002118468284607
[2023-05-03 04:31:21] Train Epoch: 1 [19000/20000 (95.0%)]	Loss: 0.4966224133968353
[2023-05-03 04:31:39] ========== Metrics ==========
[2023-05-03 04:31:39] {
  "tr_loss": 0.4731120140996739,
  "tr_acc": 0.7804780478047805,
  "tr_f1": 0.7808506389776358,
  "val_loss": 0.4588016499145604,
  "val_acc": 0.7798898561023272,
  "val_f1": 0.8104055087987759,
  "test_loss": 0.433433146334599,
  "test_acc": 0.8157181571815718,
  "test_f1": 0.8380952380952382
}
[2023-05-03 04:31:39] ========== Metrics ==========
[2023-05-03 04:31:40] Train Epoch: 2 [0/20000 (0.0%)]	Loss: 0.23522064089775085
[2023-05-03 04:31:44] Train Epoch: 2 [1000/20000 (5.0%)]	Loss: 0.16598740220069885
[2023-05-03 04:31:47] Train Epoch: 2 [2000/20000 (10.0%)]	Loss: 0.2196635901927948
[2023-05-03 04:31:51] Train Epoch: 2 [3000/20000 (15.0%)]	Loss: 0.304391473531723
[2023-05-03 04:31:54] Train Epoch: 2 [4000/20000 (20.0%)]	Loss: 0.207179993391037
[2023-05-03 04:31:58] Train Epoch: 2 [5000/20000 (25.0%)]	Loss: 0.30872735381126404
[2023-05-03 04:32:01] Train Epoch: 2 [6000/20000 (30.0%)]	Loss: 0.24270260334014893
[2023-05-03 04:32:05] Train Epoch: 2 [7000/20000 (35.0%)]	Loss: 0.17454597353935242
[2023-05-03 04:32:08] Train Epoch: 2 [8000/20000 (40.0%)]	Loss: 0.25140416622161865
[2023-05-03 04:32:12] Train Epoch: 2 [9000/20000 (45.0%)]	Loss: 0.3315286338329315
[2023-05-03 04:32:15] Train Epoch: 2 [10000/20000 (50.0%)]	Loss: 0.2741059958934784
[2023-05-03 04:32:19] Train Epoch: 2 [11000/20000 (55.0%)]	Loss: 0.5823229551315308
[2023-05-03 04:32:22] Train Epoch: 2 [12000/20000 (60.0%)]	Loss: 0.23029795289039612
[2023-05-03 04:32:26] Train Epoch: 2 [13000/20000 (65.0%)]	Loss: 0.26553159952163696
[2023-05-03 04:32:29] Train Epoch: 2 [14000/20000 (70.0%)]	Loss: 0.10532382875680923
[2023-05-03 04:32:33] Train Epoch: 2 [15000/20000 (75.0%)]	Loss: 0.6064897179603577
[2023-05-03 04:32:36] Train Epoch: 2 [16000/20000 (80.0%)]	Loss: 0.32951050996780396
[2023-05-03 04:32:39] Train Epoch: 2 [17000/20000 (85.0%)]	Loss: 0.3854454457759857
[2023-05-03 04:32:43] Train Epoch: 2 [18000/20000 (90.0%)]	Loss: 0.5083122253417969
[2023-05-03 04:32:47] Train Epoch: 2 [19000/20000 (95.0%)]	Loss: 0.10862261056900024
[2023-05-03 04:32:59] ========== Metrics ==========
[2023-05-03 04:32:59] {
  "tr_loss": 0.29698582491104886,
  "tr_acc": 0.8817881788178817,
  "tr_f1": 0.8819062843440904,
  "val_loss": 0.36155977484112123,
  "val_acc": 0.8450879374666903,
  "val_f1": 0.8440629470672391,
  "test_loss": 0.3496830007894252,
  "test_acc": 0.8617886178861789,
  "test_f1": 0.8555240793201133
}
[2023-05-03 04:32:59] ========== Metrics ==========
[2023-05-03 04:33:00] Train Epoch: 3 [0/20000 (0.0%)]	Loss: 0.2053450644016266
[2023-05-03 04:33:04] Train Epoch: 3 [1000/20000 (5.0%)]	Loss: 0.09866110235452652
[2023-05-03 04:33:08] Train Epoch: 3 [2000/20000 (10.0%)]	Loss: 0.10378911346197128
[2023-05-03 04:33:11] Train Epoch: 3 [3000/20000 (15.0%)]	Loss: 0.2873150110244751
[2023-05-03 04:33:15] Train Epoch: 3 [4000/20000 (20.0%)]	Loss: 0.1906052976846695
[2023-05-03 04:33:19] Train Epoch: 3 [5000/20000 (25.0%)]	Loss: 0.2268306314945221
[2023-05-03 04:33:22] Train Epoch: 3 [6000/20000 (30.0%)]	Loss: 0.04099004715681076
[2023-05-03 04:33:26] Train Epoch: 3 [7000/20000 (35.0%)]	Loss: 0.16329774260520935
[2023-05-03 04:33:29] Train Epoch: 3 [8000/20000 (40.0%)]	Loss: 0.017190484330058098
[2023-05-03 04:33:33] Train Epoch: 3 [9000/20000 (45.0%)]	Loss: 0.12372039258480072
[2023-05-03 04:33:37] Train Epoch: 3 [10000/20000 (50.0%)]	Loss: 0.03308691829442978
[2023-05-03 04:33:40] Train Epoch: 3 [11000/20000 (55.0%)]	Loss: 0.23328308761119843
[2023-05-03 04:33:44] Train Epoch: 3 [12000/20000 (60.0%)]	Loss: 0.30963313579559326
[2023-05-03 04:33:48] Train Epoch: 3 [13000/20000 (65.0%)]	Loss: 0.2774083912372589
[2023-05-03 04:33:51] Train Epoch: 3 [14000/20000 (70.0%)]	Loss: 0.21062639355659485
[2023-05-03 04:33:55] Train Epoch: 3 [15000/20000 (75.0%)]	Loss: 0.0920577421784401
[2023-05-03 04:33:59] Train Epoch: 3 [16000/20000 (80.0%)]	Loss: 0.08907149732112885
[2023-05-03 04:34:02] Train Epoch: 3 [17000/20000 (85.0%)]	Loss: 0.07880572229623795
[2023-05-03 04:34:06] Train Epoch: 3 [18000/20000 (90.0%)]	Loss: 0.1582387536764145
[2023-05-03 04:34:09] Train Epoch: 3 [19000/20000 (95.0%)]	Loss: 0.16550526022911072
[2023-05-03 04:34:23] ========== Metrics ==========
[2023-05-03 04:34:23] {
  "tr_loss": 0.18026335352678002,
  "tr_acc": 0.9365936593659366,
  "tr_f1": 0.9365619371622975,
  "val_loss": 0.404334766527204,
  "val_acc": 0.836560667969444,
  "val_f1": 0.8375132462027552,
  "test_loss": 0.40309984267242555,
  "test_acc": 0.8211382113821138,
  "test_f1": 0.8166666666666668
}
[2023-05-03 04:34:23] ========== Metrics ==========
[2023-05-03 04:34:24] Train Epoch: 4 [0/20000 (0.0%)]	Loss: 0.07995278388261795
[2023-05-03 04:34:28] Train Epoch: 4 [1000/20000 (5.0%)]	Loss: 0.010967374779284
[2023-05-03 04:34:32] Train Epoch: 4 [2000/20000 (10.0%)]	Loss: 0.3467952013015747
[2023-05-03 04:34:36] Train Epoch: 4 [3000/20000 (15.0%)]	Loss: 0.021494997665286064
[2023-05-03 04:34:39] Train Epoch: 4 [4000/20000 (20.0%)]	Loss: 0.01991192437708378
[2023-05-03 04:34:43] Train Epoch: 4 [5000/20000 (25.0%)]	Loss: 0.02295501157641411
[2023-05-03 04:34:47] Train Epoch: 4 [6000/20000 (30.0%)]	Loss: 0.02941054478287697
[2023-05-03 04:34:50] Train Epoch: 4 [7000/20000 (35.0%)]	Loss: 0.03175746276974678
[2023-05-03 04:34:54] Train Epoch: 4 [8000/20000 (40.0%)]	Loss: 0.09661497175693512
[2023-05-03 04:34:58] Train Epoch: 4 [9000/20000 (45.0%)]	Loss: 0.012207895517349243
[2023-05-03 04:35:01] Train Epoch: 4 [10000/20000 (50.0%)]	Loss: 0.0915466770529747
[2023-05-03 04:35:05] Train Epoch: 4 [11000/20000 (55.0%)]	Loss: 0.2034788876771927
[2023-05-03 04:35:09] Train Epoch: 4 [12000/20000 (60.0%)]	Loss: 0.14144901931285858
[2023-05-03 04:35:12] Train Epoch: 4 [13000/20000 (65.0%)]	Loss: 0.06703934073448181
[2023-05-03 04:35:16] Train Epoch: 4 [14000/20000 (70.0%)]	Loss: 0.0386892631649971
[2023-05-03 04:35:19] Train Epoch: 4 [15000/20000 (75.0%)]	Loss: 0.024304809048771858
[2023-05-03 04:35:23] Train Epoch: 4 [16000/20000 (80.0%)]	Loss: 0.006626584567129612
[2023-05-03 04:35:27] Train Epoch: 4 [17000/20000 (85.0%)]	Loss: 0.07113882899284363
[2023-05-03 04:35:31] Train Epoch: 4 [18000/20000 (90.0%)]	Loss: 0.08359445631504059
[2023-05-03 04:35:34] Train Epoch: 4 [19000/20000 (95.0%)]	Loss: 0.038580603897571564
[2023-05-03 04:35:48] ========== Metrics ==========
[2023-05-03 04:35:48] {
  "tr_loss": 0.0964033179848448,
  "tr_acc": 0.9672467246724672,
  "tr_f1": 0.9672319775876732,
  "val_loss": 0.548401026693526,
  "val_acc": 0.8383371824480369,
  "val_f1": 0.8369175627240142,
  "test_loss": 0.4772516937679068,
  "test_acc": 0.8373983739837398,
  "test_f1": 0.8324022346368715
}
[2023-05-03 04:35:48] ========== Metrics ==========
[2023-05-03 04:35:49] Train Epoch: 5 [0/20000 (0.0%)]	Loss: 0.020243335515260696
[2023-05-03 04:35:53] Train Epoch: 5 [1000/20000 (5.0%)]	Loss: 0.0037644957192242146
[2023-05-03 04:35:57] Train Epoch: 5 [2000/20000 (10.0%)]	Loss: 0.003982450347393751
[2023-05-03 04:36:00] Train Epoch: 5 [3000/20000 (15.0%)]	Loss: 0.014623400755226612
[2023-05-03 04:36:04] Train Epoch: 5 [4000/20000 (20.0%)]	Loss: 0.00506224762648344
[2023-05-03 04:36:08] Train Epoch: 5 [5000/20000 (25.0%)]	Loss: 0.010169493034482002
[2023-05-03 04:36:11] Train Epoch: 5 [6000/20000 (30.0%)]	Loss: 0.007742566056549549
[2023-05-03 04:36:15] Train Epoch: 5 [7000/20000 (35.0%)]	Loss: 0.012795791029930115
[2023-05-03 04:36:19] Train Epoch: 5 [8000/20000 (40.0%)]	Loss: 0.00324456999078393
[2023-05-03 04:36:22] Train Epoch: 5 [9000/20000 (45.0%)]	Loss: 0.00860319472849369
[2023-05-03 04:36:26] Train Epoch: 5 [10000/20000 (50.0%)]	Loss: 0.0036268439143896103
[2023-05-03 04:36:30] Train Epoch: 5 [11000/20000 (55.0%)]	Loss: 0.013510795310139656
[2023-05-03 04:36:33] Train Epoch: 5 [12000/20000 (60.0%)]	Loss: 0.1888047605752945
[2023-05-03 04:36:37] Train Epoch: 5 [13000/20000 (65.0%)]	Loss: 0.03031231462955475
[2023-05-03 04:36:41] Train Epoch: 5 [14000/20000 (70.0%)]	Loss: 0.0306639913469553
[2023-05-03 04:36:44] Train Epoch: 5 [15000/20000 (75.0%)]	Loss: 0.17274975776672363
[2023-05-03 04:36:48] Train Epoch: 5 [16000/20000 (80.0%)]	Loss: 0.052582912147045135
[2023-05-03 04:36:52] Train Epoch: 5 [17000/20000 (85.0%)]	Loss: 0.002884337678551674
[2023-05-03 04:36:55] Train Epoch: 5 [18000/20000 (90.0%)]	Loss: 0.029822951182723045
[2023-05-03 04:36:59] Train Epoch: 5 [19000/20000 (95.0%)]	Loss: 0.055172305554151535
[2023-05-03 04:37:12] ========== Metrics ==========
[2023-05-03 04:37:12] {
  "tr_loss": 0.04753142757101333,
  "tr_acc": 0.9847984798479849,
  "tr_f1": 0.9847893525467828,
  "val_loss": 0.6005655116121835,
  "val_acc": 0.8283887013679162,
  "val_f1": 0.8292682926829268,
  "test_loss": 0.5450917542142274,
  "test_acc": 0.8373983739837398,
  "test_f1": 0.8342541436464088
}
[2023-05-03 04:37:12] ========== Metrics ==========
[2023-05-03 04:37:14] Train Epoch: 6 [0/20000 (0.0%)]	Loss: 0.0037465232890099287
[2023-05-03 04:37:17] Train Epoch: 6 [1000/20000 (5.0%)]	Loss: 0.008165726438164711
[2023-05-03 04:37:21] Train Epoch: 6 [2000/20000 (10.0%)]	Loss: 0.01004877220839262
[2023-05-03 04:37:25] Train Epoch: 6 [3000/20000 (15.0%)]	Loss: 0.0042374469339847565
[2023-05-03 04:37:29] Train Epoch: 6 [4000/20000 (20.0%)]	Loss: 0.015617748722434044
[2023-05-03 04:37:32] Train Epoch: 6 [5000/20000 (25.0%)]	Loss: 0.0016600519884377718
[2023-05-03 04:37:36] Train Epoch: 6 [6000/20000 (30.0%)]	Loss: 0.0035570997279137373
[2023-05-03 04:37:40] Train Epoch: 6 [7000/20000 (35.0%)]	Loss: 0.0015336420619860291
[2023-05-03 04:37:43] Train Epoch: 6 [8000/20000 (40.0%)]	Loss: 0.0029303254559636116
[2023-05-03 04:37:47] Train Epoch: 6 [9000/20000 (45.0%)]	Loss: 0.0026219715364277363
[2023-05-03 04:37:51] Train Epoch: 6 [10000/20000 (50.0%)]	Loss: 0.0030614384450018406
[2023-05-03 04:37:54] Train Epoch: 6 [11000/20000 (55.0%)]	Loss: 0.000900795217603445
[2023-05-03 04:37:58] Train Epoch: 6 [12000/20000 (60.0%)]	Loss: 0.0035531427711248398
[2023-05-03 04:38:02] Train Epoch: 6 [13000/20000 (65.0%)]	Loss: 0.03241151571273804
[2023-05-03 04:38:06] Train Epoch: 6 [14000/20000 (70.0%)]	Loss: 0.002518119290471077
[2023-05-03 04:38:09] Train Epoch: 6 [15000/20000 (75.0%)]	Loss: 0.0018339697271585464
[2023-05-03 04:38:13] Train Epoch: 6 [16000/20000 (80.0%)]	Loss: 0.001618209294974804
[2023-05-03 04:38:17] Train Epoch: 6 [17000/20000 (85.0%)]	Loss: 0.003320384072139859
[2023-05-03 04:38:20] Train Epoch: 6 [18000/20000 (90.0%)]	Loss: 0.0011100999545305967
[2023-05-03 04:38:23] Train Epoch: 6 [19000/20000 (95.0%)]	Loss: 0.0014023822732269764
[2023-05-03 04:38:39] ========== Metrics ==========
[2023-05-03 04:38:39] {
  "tr_loss": 0.015831256746430426,
  "tr_acc": 0.9963996399639964,
  "tr_f1": 0.9963985594237695,
  "val_loss": 0.8030137827433447,
  "val_acc": 0.8255462782021673,
  "val_f1": 0.8224231464737795,
  "test_loss": 0.7309083515389502,
  "test_acc": 0.8346883468834688,
  "test_f1": 0.828169014084507
}
[2023-05-03 04:38:39] ========== Metrics ==========
[2023-05-03 04:38:40] Train Epoch: 7 [0/20000 (0.0%)]	Loss: 0.21643269062042236
[2023-05-03 04:38:44] Train Epoch: 7 [1000/20000 (5.0%)]	Loss: 0.026385504752397537
[2023-05-03 04:38:48] Train Epoch: 7 [2000/20000 (10.0%)]	Loss: 0.0036840513348579407
[2023-05-03 04:38:52] Train Epoch: 7 [3000/20000 (15.0%)]	Loss: 0.004053798038512468
[2023-05-03 04:38:55] Train Epoch: 7 [4000/20000 (20.0%)]	Loss: 0.003476117504760623
[2023-05-03 04:38:59] Train Epoch: 7 [5000/20000 (25.0%)]	Loss: 0.0038859446067363024
[2023-05-03 04:39:03] Train Epoch: 7 [6000/20000 (30.0%)]	Loss: 0.0010583715047687292
[2023-05-03 04:39:07] Train Epoch: 7 [7000/20000 (35.0%)]	Loss: 0.0013323875609785318
[2023-05-03 04:39:10] Train Epoch: 7 [8000/20000 (40.0%)]	Loss: 0.007419498171657324
[2023-05-03 04:39:14] Train Epoch: 7 [9000/20000 (45.0%)]	Loss: 0.0008921337430365384
[2023-05-03 04:39:18] Train Epoch: 7 [10000/20000 (50.0%)]	Loss: 0.0005458431551232934
[2023-05-03 04:39:21] Train Epoch: 7 [11000/20000 (55.0%)]	Loss: 0.0003865060571115464
[2023-05-03 04:39:25] Train Epoch: 7 [12000/20000 (60.0%)]	Loss: 0.012409491464495659
[2023-05-03 04:39:29] Train Epoch: 7 [13000/20000 (65.0%)]	Loss: 0.007699259556829929
[2023-05-03 04:39:32] Train Epoch: 7 [14000/20000 (70.0%)]	Loss: 0.0005456014187075198
[2023-05-03 04:39:36] Train Epoch: 7 [15000/20000 (75.0%)]	Loss: 0.004040850326418877
[2023-05-03 04:39:40] Train Epoch: 7 [16000/20000 (80.0%)]	Loss: 0.0022936412133276463
[2023-05-03 04:39:44] Train Epoch: 7 [17000/20000 (85.0%)]	Loss: 0.0023602915462106466
[2023-05-03 04:39:47] Train Epoch: 7 [18000/20000 (90.0%)]	Loss: 0.0008332728175446391
[2023-05-03 04:39:51] Train Epoch: 7 [19000/20000 (95.0%)]	Loss: 0.0007606728468090296
[2023-05-03 04:40:05] ========== Metrics ==========
[2023-05-03 04:40:05] {
  "tr_loss": 0.012341446383961988,
  "tr_acc": 0.9974997499749975,
  "tr_f1": 0.9974987493746874,
  "val_loss": 0.8341418347324925,
  "val_acc": 0.8259015810978859,
  "val_f1": 0.8246241947029349,
  "test_loss": 0.7388024418778859,
  "test_acc": 0.8346883468834688,
  "test_f1": 0.8291316526610645
}
[2023-05-03 04:40:05] ========== Metrics ==========
[2023-05-03 04:40:07] Train Epoch: 8 [0/20000 (0.0%)]	Loss: 0.0203237384557724
[2023-05-03 04:40:10] Train Epoch: 8 [1000/20000 (5.0%)]	Loss: 0.0036364379338920116
[2023-05-03 04:40:14] Train Epoch: 8 [2000/20000 (10.0%)]	Loss: 0.002013316610828042
[2023-05-03 04:40:18] Train Epoch: 8 [3000/20000 (15.0%)]	Loss: 0.009597084484994411
[2023-05-03 04:40:22] Train Epoch: 8 [4000/20000 (20.0%)]	Loss: 0.001947097829543054
[2023-05-03 04:40:25] Train Epoch: 8 [5000/20000 (25.0%)]	Loss: 0.0012783631682395935
[2023-05-03 04:40:29] Train Epoch: 8 [6000/20000 (30.0%)]	Loss: 0.0014472601469606161
[2023-05-03 04:40:33] Train Epoch: 8 [7000/20000 (35.0%)]	Loss: 0.0007323549361899495
[2023-05-03 04:40:36] Train Epoch: 8 [8000/20000 (40.0%)]	Loss: 0.0008489089086651802
[2023-05-03 04:40:40] Train Epoch: 8 [9000/20000 (45.0%)]	Loss: 0.0015221905196085572
[2023-05-03 04:40:44] Train Epoch: 8 [10000/20000 (50.0%)]	Loss: 0.01184828020632267
[2023-05-03 04:40:47] Train Epoch: 8 [11000/20000 (55.0%)]	Loss: 0.0003194156743120402
[2023-05-03 04:40:51] Train Epoch: 8 [12000/20000 (60.0%)]	Loss: 0.005157615058124065
[2023-05-03 04:40:54] Train Epoch: 8 [13000/20000 (65.0%)]	Loss: 0.0034724813885986805
[2023-05-03 04:40:58] Train Epoch: 8 [14000/20000 (70.0%)]	Loss: 0.0008078700629994273
[2023-05-03 04:41:02] Train Epoch: 8 [15000/20000 (75.0%)]	Loss: 0.019314680248498917
[2023-05-03 04:41:06] Train Epoch: 8 [16000/20000 (80.0%)]	Loss: 0.0048154620453715324
[2023-05-03 04:41:09] Train Epoch: 8 [17000/20000 (85.0%)]	Loss: 0.0007348374929279089
[2023-05-03 04:41:13] Train Epoch: 8 [18000/20000 (90.0%)]	Loss: 0.00022393192921299487
[2023-05-03 04:41:17] Train Epoch: 8 [19000/20000 (95.0%)]	Loss: 0.0012610775884240866
[2023-05-03 04:41:28] Stop At epoch 8/20 due to valid not increase
[2023-05-03 04:41:30] ========== Metrics ==========
[2023-05-03 04:41:30] {
  "tr_loss": 0.009888069673738077,
  "tr_acc": 0.998049804980498,
  "tr_f1": 0.9980497074561184,
  "val_loss": 0.8719910264257914,
  "val_acc": 0.823592112275715,
  "val_f1": 0.8202714932126698,
  "test_loss": 0.8035757144292196,
  "test_acc": 0.8265582655826558,
  "test_f1": 0.8192090395480225
}
[2023-05-03 04:41:30] ========== Metrics ==========
