[2023-05-02 21:04:27] Train Epoch: 1 [0/20000 (0.0%)]	Loss: 0.6522518396377563
[2023-05-02 21:04:34] Train Epoch: 1 [1000/20000 (5.0%)]	Loss: 0.679164707660675
[2023-05-02 21:04:40] Train Epoch: 1 [2000/20000 (10.0%)]	Loss: 0.6888825297355652
[2023-05-02 21:04:50] Train Epoch: 1 [3000/20000 (15.0%)]	Loss: 0.6369606256484985
[2023-05-02 21:05:00] Train Epoch: 1 [4000/20000 (20.0%)]	Loss: 0.49605593085289
[2023-05-02 21:05:11] Train Epoch: 1 [5000/20000 (25.0%)]	Loss: 0.5939948558807373
[2023-05-02 21:05:21] Train Epoch: 1 [6000/20000 (30.0%)]	Loss: 0.5547391176223755
[2023-05-02 21:05:31] Train Epoch: 1 [7000/20000 (35.0%)]	Loss: 0.5607246160507202
[2023-05-02 21:05:42] Train Epoch: 1 [8000/20000 (40.0%)]	Loss: 0.5663948059082031
[2023-05-02 21:05:52] Train Epoch: 1 [9000/20000 (45.0%)]	Loss: 0.5422343015670776
[2023-05-02 21:06:02] Train Epoch: 1 [10000/20000 (50.0%)]	Loss: 0.4923744201660156
[2023-05-02 21:06:12] Train Epoch: 1 [11000/20000 (55.0%)]	Loss: 0.5844001770019531
[2023-05-02 21:06:22] Train Epoch: 1 [12000/20000 (60.0%)]	Loss: 0.5322445631027222
[2023-05-02 21:06:33] Train Epoch: 1 [13000/20000 (65.0%)]	Loss: 0.5147697329521179
[2023-05-02 21:06:43] Train Epoch: 1 [14000/20000 (70.0%)]	Loss: 0.3165584206581116
[2023-05-02 21:06:54] Train Epoch: 1 [15000/20000 (75.0%)]	Loss: 0.6101806163787842
[2023-05-02 21:07:04] Train Epoch: 1 [16000/20000 (80.0%)]	Loss: 0.46516743302345276
[2023-05-02 21:07:14] Train Epoch: 1 [17000/20000 (85.0%)]	Loss: 0.2710225582122803
[2023-05-02 21:07:24] Train Epoch: 1 [18000/20000 (90.0%)]	Loss: 0.3762722909450531
[2023-05-02 21:07:33] Train Epoch: 1 [19000/20000 (95.0%)]	Loss: 0.3214222490787506
[2023-05-02 21:08:03] ========== Metrics ==========
[2023-05-02 21:08:03] {
  "tr_loss": 0.5091715879020768,
  "tr_acc": 0.7472747274727473,
  "tr_f1": 0.7494049980166599,
  "val_loss": 0.4202667543680127,
  "val_acc": 0.8143542369870315,
  "val_f1": 0.8161829375549692,
  "test_loss": 0.4352644077807584,
  "test_acc": 0.8048780487804879,
  "test_f1": 0.7977528089887641
}
[2023-05-02 21:08:03] ========== Metrics ==========
[2023-05-02 21:08:05] Train Epoch: 2 [0/20000 (0.0%)]	Loss: 0.284395694732666
[2023-05-02 21:08:16] Train Epoch: 2 [1000/20000 (5.0%)]	Loss: 0.384155809879303
[2023-05-02 21:08:26] Train Epoch: 2 [2000/20000 (10.0%)]	Loss: 0.197525754570961
[2023-05-02 21:08:36] Train Epoch: 2 [3000/20000 (15.0%)]	Loss: 0.3259374797344208
[2023-05-02 21:08:46] Train Epoch: 2 [4000/20000 (20.0%)]	Loss: 0.33353498578071594
[2023-05-02 21:08:56] Train Epoch: 2 [5000/20000 (25.0%)]	Loss: 0.39613205194473267
[2023-05-02 21:09:06] Train Epoch: 2 [6000/20000 (30.0%)]	Loss: 0.4302101135253906
[2023-05-02 21:09:16] Train Epoch: 2 [7000/20000 (35.0%)]	Loss: 0.21433977782726288
[2023-05-02 21:09:26] Train Epoch: 2 [8000/20000 (40.0%)]	Loss: 0.19006498157978058
[2023-05-02 21:09:37] Train Epoch: 2 [9000/20000 (45.0%)]	Loss: 0.39067763090133667
[2023-05-02 21:09:47] Train Epoch: 2 [10000/20000 (50.0%)]	Loss: 0.31061726808547974
[2023-05-02 21:09:57] Train Epoch: 2 [11000/20000 (55.0%)]	Loss: 0.3206924498081207
[2023-05-02 21:10:07] Train Epoch: 2 [12000/20000 (60.0%)]	Loss: 0.13261041045188904
[2023-05-02 21:10:17] Train Epoch: 2 [13000/20000 (65.0%)]	Loss: 0.3007100224494934
[2023-05-02 21:10:26] Train Epoch: 2 [14000/20000 (70.0%)]	Loss: 0.37660491466522217
[2023-05-02 21:10:36] Train Epoch: 2 [15000/20000 (75.0%)]	Loss: 0.2917754054069519
[2023-05-02 21:10:46] Train Epoch: 2 [16000/20000 (80.0%)]	Loss: 0.1817013919353485
[2023-05-02 21:10:56] Train Epoch: 2 [17000/20000 (85.0%)]	Loss: 0.32186755537986755
[2023-05-02 21:11:06] Train Epoch: 2 [18000/20000 (90.0%)]	Loss: 0.4726931154727936
[2023-05-02 21:11:16] Train Epoch: 2 [19000/20000 (95.0%)]	Loss: 0.2019231766462326
[2023-05-02 21:11:48] ========== Metrics ==========
[2023-05-02 21:11:48] {
  "tr_loss": 0.3127858252509056,
  "tr_acc": 0.876037603760376,
  "tr_f1": 0.8763159207703438,
  "val_loss": 0.38228069805171355,
  "val_acc": 0.8301652158465092,
  "val_f1": 0.8234207609900259,
  "test_loss": 0.42116475299121886,
  "test_acc": 0.8184281842818428,
  "test_f1": 0.7999999999999999
}
[2023-05-02 21:11:48] ========== Metrics ==========
[2023-05-02 21:11:50] Train Epoch: 3 [0/20000 (0.0%)]	Loss: 0.11669764667749405
[2023-05-02 21:12:01] Train Epoch: 3 [1000/20000 (5.0%)]	Loss: 0.11060817539691925
[2023-05-02 21:12:12] Train Epoch: 3 [2000/20000 (10.0%)]	Loss: 0.15297380089759827
[2023-05-02 21:12:22] Train Epoch: 3 [3000/20000 (15.0%)]	Loss: 0.1420384645462036
[2023-05-02 21:12:33] Train Epoch: 3 [4000/20000 (20.0%)]	Loss: 0.1300334632396698
[2023-05-02 21:12:44] Train Epoch: 3 [5000/20000 (25.0%)]	Loss: 0.477410227060318
[2023-05-02 21:12:55] Train Epoch: 3 [6000/20000 (30.0%)]	Loss: 0.14622357487678528
[2023-05-02 21:13:05] Train Epoch: 3 [7000/20000 (35.0%)]	Loss: 0.16670504212379456
[2023-05-02 21:13:16] Train Epoch: 3 [8000/20000 (40.0%)]	Loss: 0.06709699332714081
[2023-05-02 21:13:26] Train Epoch: 3 [9000/20000 (45.0%)]	Loss: 0.19214095175266266
[2023-05-02 21:13:36] Train Epoch: 3 [10000/20000 (50.0%)]	Loss: 0.2241714745759964
[2023-05-02 21:13:46] Train Epoch: 3 [11000/20000 (55.0%)]	Loss: 0.42450642585754395
[2023-05-02 21:13:56] Train Epoch: 3 [12000/20000 (60.0%)]	Loss: 0.15978804230690002
[2023-05-02 21:14:06] Train Epoch: 3 [13000/20000 (65.0%)]	Loss: 0.16266390681266785
[2023-05-02 21:14:15] Train Epoch: 3 [14000/20000 (70.0%)]	Loss: 0.20352867245674133
[2023-05-02 21:14:25] Train Epoch: 3 [15000/20000 (75.0%)]	Loss: 0.3073889911174774
[2023-05-02 21:14:36] Train Epoch: 3 [16000/20000 (80.0%)]	Loss: 0.34859639406204224
[2023-05-02 21:14:46] Train Epoch: 3 [17000/20000 (85.0%)]	Loss: 0.10236624628305435
[2023-05-02 21:14:57] Train Epoch: 3 [18000/20000 (90.0%)]	Loss: 0.15548841655254364
[2023-05-02 21:15:07] Train Epoch: 3 [19000/20000 (95.0%)]	Loss: 0.4939115047454834
[2023-05-02 21:15:38] ========== Metrics ==========
[2023-05-02 21:15:38] {
  "tr_loss": 0.19158652223570638,
  "tr_acc": 0.931993199319932,
  "tr_f1": 0.9318227391217164,
  "val_loss": 0.39399173707669993,
  "val_acc": 0.8362053650737253,
  "val_f1": 0.839986115931968,
  "test_loss": 0.39150536706454064,
  "test_acc": 0.8265582655826558,
  "test_f1": 0.8260869565217391
}
[2023-05-02 21:15:38] ========== Metrics ==========
[2023-05-02 21:15:40] Train Epoch: 4 [0/20000 (0.0%)]	Loss: 0.05959593504667282
[2023-05-02 21:15:52] Train Epoch: 4 [1000/20000 (5.0%)]	Loss: 0.1168786883354187
[2023-05-02 21:16:03] Train Epoch: 4 [2000/20000 (10.0%)]	Loss: 0.35267728567123413
[2023-05-02 21:16:12] Train Epoch: 4 [3000/20000 (15.0%)]	Loss: 0.026758110150694847
[2023-05-02 21:16:22] Train Epoch: 4 [4000/20000 (20.0%)]	Loss: 0.04722354933619499
[2023-05-02 21:16:33] Train Epoch: 4 [5000/20000 (25.0%)]	Loss: 0.02582763135433197
[2023-05-02 21:16:43] Train Epoch: 4 [6000/20000 (30.0%)]	Loss: 0.12430478632450104
[2023-05-02 21:16:53] Train Epoch: 4 [7000/20000 (35.0%)]	Loss: 0.3303247094154358
[2023-05-02 21:17:03] Train Epoch: 4 [8000/20000 (40.0%)]	Loss: 0.10406925529241562
[2023-05-02 21:17:13] Train Epoch: 4 [9000/20000 (45.0%)]	Loss: 0.1999017596244812
[2023-05-02 21:17:23] Train Epoch: 4 [10000/20000 (50.0%)]	Loss: 0.036846060305833817
[2023-05-02 21:17:34] Train Epoch: 4 [11000/20000 (55.0%)]	Loss: 0.0608939602971077
[2023-05-02 21:17:44] Train Epoch: 4 [12000/20000 (60.0%)]	Loss: 0.10038360208272934
[2023-05-02 21:17:53] Train Epoch: 4 [13000/20000 (65.0%)]	Loss: 0.04302534461021423
[2023-05-02 21:18:03] Train Epoch: 4 [14000/20000 (70.0%)]	Loss: 0.038693416863679886
[2023-05-02 21:18:13] Train Epoch: 4 [15000/20000 (75.0%)]	Loss: 0.17578792572021484
[2023-05-02 21:18:23] Train Epoch: 4 [16000/20000 (80.0%)]	Loss: 0.2261597216129303
[2023-05-02 21:18:33] Train Epoch: 4 [17000/20000 (85.0%)]	Loss: 0.04906464368104935
[2023-05-02 21:18:43] Train Epoch: 4 [18000/20000 (90.0%)]	Loss: 0.05773760750889778
[2023-05-02 21:18:53] Train Epoch: 4 [19000/20000 (95.0%)]	Loss: 0.3774068057537079
[2023-05-02 21:19:24] ========== Metrics ==========
[2023-05-02 21:19:24] {
  "tr_loss": 0.10761441348228801,
  "tr_acc": 0.9644964496449645,
  "tr_f1": 0.9645248326171679,
  "val_loss": 0.5337808576215116,
  "val_acc": 0.8338958962515545,
  "val_f1": 0.8328865058087579,
  "test_loss": 0.5306615819775962,
  "test_acc": 0.8265582655826558,
  "test_f1": 0.8212290502793297
}
[2023-05-02 21:19:24] ========== Metrics ==========
[2023-05-02 21:19:26] Train Epoch: 5 [0/20000 (0.0%)]	Loss: 0.02034938894212246
[2023-05-02 21:19:35] Train Epoch: 5 [1000/20000 (5.0%)]	Loss: 0.19704551994800568
[2023-05-02 21:19:44] Train Epoch: 5 [2000/20000 (10.0%)]	Loss: 0.007945355027914047
[2023-05-02 21:19:53] Train Epoch: 5 [3000/20000 (15.0%)]	Loss: 0.0060288431122899055
[2023-05-02 21:20:03] Train Epoch: 5 [4000/20000 (20.0%)]	Loss: 0.06835975497961044
[2023-05-02 21:20:12] Train Epoch: 5 [5000/20000 (25.0%)]	Loss: 0.025527019053697586
[2023-05-02 21:20:22] Train Epoch: 5 [6000/20000 (30.0%)]	Loss: 0.015576739795506
[2023-05-02 21:20:32] Train Epoch: 5 [7000/20000 (35.0%)]	Loss: 0.2892604172229767
[2023-05-02 21:20:41] Train Epoch: 5 [8000/20000 (40.0%)]	Loss: 0.003745226887986064
[2023-05-02 21:20:51] Train Epoch: 5 [9000/20000 (45.0%)]	Loss: 0.06422275304794312
[2023-05-02 21:21:01] Train Epoch: 5 [10000/20000 (50.0%)]	Loss: 0.11461003124713898
[2023-05-02 21:21:10] Train Epoch: 5 [11000/20000 (55.0%)]	Loss: 0.025468870997428894
[2023-05-02 21:21:20] Train Epoch: 5 [12000/20000 (60.0%)]	Loss: 0.030987177044153214
[2023-05-02 21:21:29] Train Epoch: 5 [13000/20000 (65.0%)]	Loss: 0.014106495305895805
[2023-05-02 21:21:40] Train Epoch: 5 [14000/20000 (70.0%)]	Loss: 0.002273437101393938
[2023-05-02 21:21:49] Train Epoch: 5 [15000/20000 (75.0%)]	Loss: 0.004818371497094631
[2023-05-02 21:21:58] Train Epoch: 5 [16000/20000 (80.0%)]	Loss: 0.004207422491163015
[2023-05-02 21:22:08] Train Epoch: 5 [17000/20000 (85.0%)]	Loss: 0.11397427320480347
[2023-05-02 21:22:17] Train Epoch: 5 [18000/20000 (90.0%)]	Loss: 0.0003872052184306085
[2023-05-02 21:22:26] Train Epoch: 5 [19000/20000 (95.0%)]	Loss: 0.00933581031858921
[2023-05-02 21:22:53] ========== Metrics ==========
[2023-05-02 21:22:53] {
  "tr_loss": 0.052723780013554024,
  "tr_acc": 0.9837983798379838,
  "tr_f1": 0.9837983798379838,
  "val_loss": 0.5727667312623712,
  "val_acc": 0.8358500621780067,
  "val_f1": 0.8366336633663366,
  "test_loss": 0.518643124316766,
  "test_acc": 0.8401084010840109,
  "test_f1": 0.8347338935574229
}
[2023-05-02 21:22:53] ========== Metrics ==========
[2023-05-02 21:22:55] Train Epoch: 6 [0/20000 (0.0%)]	Loss: 0.01275588572025299
[2023-05-02 21:23:05] Train Epoch: 6 [1000/20000 (5.0%)]	Loss: 0.003564010141417384
[2023-05-02 21:23:14] Train Epoch: 6 [2000/20000 (10.0%)]	Loss: 0.008722308091819286
[2023-05-02 21:23:22] Train Epoch: 6 [3000/20000 (15.0%)]	Loss: 0.008490798063576221
[2023-05-02 21:23:31] Train Epoch: 6 [4000/20000 (20.0%)]	Loss: 0.037250928580760956
[2023-05-02 21:23:40] Train Epoch: 6 [5000/20000 (25.0%)]	Loss: 0.008513587526977062
[2023-05-02 21:23:49] Train Epoch: 6 [6000/20000 (30.0%)]	Loss: 0.0034726676531136036
[2023-05-02 21:23:58] Train Epoch: 6 [7000/20000 (35.0%)]	Loss: 0.0027545474004000425
[2023-05-02 21:24:07] Train Epoch: 6 [8000/20000 (40.0%)]	Loss: 0.004859840497374535
[2023-05-02 21:24:16] Train Epoch: 6 [9000/20000 (45.0%)]	Loss: 0.0037569222040474415
[2023-05-02 21:24:25] Train Epoch: 6 [10000/20000 (50.0%)]	Loss: 0.11223049461841583
[2023-05-02 21:24:34] Train Epoch: 6 [11000/20000 (55.0%)]	Loss: 0.07170693576335907
[2023-05-02 21:24:42] Train Epoch: 6 [12000/20000 (60.0%)]	Loss: 0.007757946848869324
[2023-05-02 21:24:51] Train Epoch: 6 [13000/20000 (65.0%)]	Loss: 0.0008967288886196911
[2023-05-02 21:25:00] Train Epoch: 6 [14000/20000 (70.0%)]	Loss: 0.10612662136554718
[2023-05-02 21:25:09] Train Epoch: 6 [15000/20000 (75.0%)]	Loss: 0.002235805382952094
[2023-05-02 21:25:18] Train Epoch: 6 [16000/20000 (80.0%)]	Loss: 0.09578642249107361
[2023-05-02 21:25:27] Train Epoch: 6 [17000/20000 (85.0%)]	Loss: 0.004922511521726847
[2023-05-02 21:25:36] Train Epoch: 6 [18000/20000 (90.0%)]	Loss: 0.003862997516989708
[2023-05-02 21:25:44] Train Epoch: 6 [19000/20000 (95.0%)]	Loss: 0.004525342024862766
[2023-05-02 21:26:12] ========== Metrics ==========
[2023-05-02 21:26:12] {
  "tr_loss": 0.021410161119578656,
  "tr_acc": 0.9944994499449945,
  "tr_f1": 0.9944961473031122,
  "val_loss": 0.7654318220461399,
  "val_acc": 0.8335405933558359,
  "val_f1": 0.8347734085699172,
  "test_loss": 0.7061144491016542,
  "test_acc": 0.8238482384823849,
  "test_f1": 0.8199445983379501
}
[2023-05-02 21:26:12] ========== Metrics ==========
[2023-05-02 21:26:14] Train Epoch: 7 [0/20000 (0.0%)]	Loss: 0.002402370795607567
[2023-05-02 21:26:23] Train Epoch: 7 [1000/20000 (5.0%)]	Loss: 0.008596506901085377
[2023-05-02 21:26:32] Train Epoch: 7 [2000/20000 (10.0%)]	Loss: 0.0023888603318482637
[2023-05-02 21:26:40] Train Epoch: 7 [3000/20000 (15.0%)]	Loss: 0.0007097002235241234
[2023-05-02 21:26:50] Train Epoch: 7 [4000/20000 (20.0%)]	Loss: 0.008712740615010262
[2023-05-02 21:26:59] Train Epoch: 7 [5000/20000 (25.0%)]	Loss: 0.0015067353378981352
[2023-05-02 21:27:07] Train Epoch: 7 [6000/20000 (30.0%)]	Loss: 0.0015154299326241016
[2023-05-02 21:27:16] Train Epoch: 7 [7000/20000 (35.0%)]	Loss: 0.0013064101804047823
[2023-05-02 21:27:25] Train Epoch: 7 [8000/20000 (40.0%)]	Loss: 0.0010376668069511652
[2023-05-02 21:27:34] Train Epoch: 7 [9000/20000 (45.0%)]	Loss: 0.003181637031957507
[2023-05-02 21:27:43] Train Epoch: 7 [10000/20000 (50.0%)]	Loss: 0.0016832782421261072
[2023-05-02 21:27:52] Train Epoch: 7 [11000/20000 (55.0%)]	Loss: 0.001645461656153202
[2023-05-02 21:28:01] Train Epoch: 7 [12000/20000 (60.0%)]	Loss: 0.0036076947581022978
[2023-05-02 21:28:10] Train Epoch: 7 [13000/20000 (65.0%)]	Loss: 0.004219996277242899
[2023-05-02 21:28:19] Train Epoch: 7 [14000/20000 (70.0%)]	Loss: 0.001466982183046639
[2023-05-02 21:28:27] Train Epoch: 7 [15000/20000 (75.0%)]	Loss: 0.0011002804385498166
[2023-05-02 21:28:36] Train Epoch: 7 [16000/20000 (80.0%)]	Loss: 0.000794277701061219
[2023-05-02 21:28:45] Train Epoch: 7 [17000/20000 (85.0%)]	Loss: 0.0010732796508818865
[2023-05-02 21:28:55] Train Epoch: 7 [18000/20000 (90.0%)]	Loss: 0.0006612924626097083
[2023-05-02 21:29:04] Train Epoch: 7 [19000/20000 (95.0%)]	Loss: 0.0010932477889582515
[2023-05-02 21:29:31] ========== Metrics ==========
[2023-05-02 21:29:31] {
  "tr_loss": 0.016261163225147104,
  "tr_acc": 0.9963996399639964,
  "tr_f1": 0.9963989196759028,
  "val_loss": 0.8815375780106831,
  "val_acc": 0.8292769586072126,
  "val_f1": 0.8273135669362085,
  "test_loss": 0.8619423028899402,
  "test_acc": 0.8319783197831978,
  "test_f1": 0.8248587570621468
}
[2023-05-02 21:29:31] ========== Metrics ==========
[2023-05-02 21:29:33] Train Epoch: 8 [0/20000 (0.0%)]	Loss: 0.00152035232167691
[2023-05-02 21:29:43] Train Epoch: 8 [1000/20000 (5.0%)]	Loss: 0.0004738371935673058
[2023-05-02 21:29:52] Train Epoch: 8 [2000/20000 (10.0%)]	Loss: 0.0005363679956644773
[2023-05-02 21:30:01] Train Epoch: 8 [3000/20000 (15.0%)]	Loss: 0.002516462467610836
[2023-05-02 21:30:11] Train Epoch: 8 [4000/20000 (20.0%)]	Loss: 0.0007442395435646176
[2023-05-02 21:30:20] Train Epoch: 8 [5000/20000 (25.0%)]	Loss: 0.00036957699921913445
[2023-05-02 21:30:29] Train Epoch: 8 [6000/20000 (30.0%)]	Loss: 0.0007397235604003072
[2023-05-02 21:30:39] Train Epoch: 8 [7000/20000 (35.0%)]	Loss: 0.0007800301536917686
[2023-05-02 21:30:48] Train Epoch: 8 [8000/20000 (40.0%)]	Loss: 0.0012575102737173438
[2023-05-02 21:30:57] Train Epoch: 8 [9000/20000 (45.0%)]	Loss: 0.03446296602487564
[2023-05-02 21:31:07] Train Epoch: 8 [10000/20000 (50.0%)]	Loss: 0.0011545114684849977
[2023-05-02 21:31:16] Train Epoch: 8 [11000/20000 (55.0%)]	Loss: 0.019368311390280724
[2023-05-02 21:31:25] Train Epoch: 8 [12000/20000 (60.0%)]	Loss: 0.001206367858685553
[2023-05-02 21:31:35] Train Epoch: 8 [13000/20000 (65.0%)]	Loss: 0.0018337402725592256
[2023-05-02 21:31:44] Train Epoch: 8 [14000/20000 (70.0%)]	Loss: 0.0006532943807542324
[2023-05-02 21:31:53] Train Epoch: 8 [15000/20000 (75.0%)]	Loss: 0.0006235897308215499
[2023-05-02 21:32:02] Train Epoch: 8 [16000/20000 (80.0%)]	Loss: 0.0024958918802440166
[2023-05-02 21:32:11] Train Epoch: 8 [17000/20000 (85.0%)]	Loss: 0.0008789373678155243
[2023-05-02 21:32:21] Train Epoch: 8 [18000/20000 (90.0%)]	Loss: 0.0004422010970301926
[2023-05-02 21:32:30] Train Epoch: 8 [19000/20000 (95.0%)]	Loss: 0.0012486088089644909
[2023-05-02 21:32:57] ========== Metrics ==========
[2023-05-02 21:32:57] {
  "tr_loss": 0.014131358634550903,
  "tr_acc": 0.997049704970497,
  "tr_f1": 0.9970492623155789,
  "val_loss": 0.9127985808877899,
  "val_acc": 0.8301652158465092,
  "val_f1": 0.8331005586592178,
  "test_loss": 0.8815964230596212,
  "test_acc": 0.8184281842818428,
  "test_f1": 0.8164383561643836
}
[2023-05-02 21:32:57] ========== Metrics ==========
[2023-05-02 21:32:59] Train Epoch: 9 [0/20000 (0.0%)]	Loss: 0.001625013304874301
[2023-05-02 21:33:08] Train Epoch: 9 [1000/20000 (5.0%)]	Loss: 0.0023330950643867254
[2023-05-02 21:33:17] Train Epoch: 9 [2000/20000 (10.0%)]	Loss: 0.00040266485302709043
[2023-05-02 21:33:27] Train Epoch: 9 [3000/20000 (15.0%)]	Loss: 0.0010818500304594636
[2023-05-02 21:33:36] Train Epoch: 9 [4000/20000 (20.0%)]	Loss: 0.010375230573117733
[2023-05-02 21:33:46] Train Epoch: 9 [5000/20000 (25.0%)]	Loss: 0.008907008916139603
[2023-05-02 21:33:56] Train Epoch: 9 [6000/20000 (30.0%)]	Loss: 0.06275173276662827
[2023-05-02 21:34:05] Train Epoch: 9 [7000/20000 (35.0%)]	Loss: 0.0011999841080978513
[2023-05-02 21:34:15] Train Epoch: 9 [8000/20000 (40.0%)]	Loss: 0.00031961570493876934
[2023-05-02 21:34:24] Train Epoch: 9 [9000/20000 (45.0%)]	Loss: 0.001764317392371595
[2023-05-02 21:34:34] Train Epoch: 9 [10000/20000 (50.0%)]	Loss: 0.0005595677648670971
[2023-05-02 21:34:43] Train Epoch: 9 [11000/20000 (55.0%)]	Loss: 0.003095377469435334
[2023-05-02 21:34:53] Train Epoch: 9 [12000/20000 (60.0%)]	Loss: 0.0016902966890484095
[2023-05-02 21:35:02] Train Epoch: 9 [13000/20000 (65.0%)]	Loss: 0.0006268526776693761
[2023-05-02 21:35:11] Train Epoch: 9 [14000/20000 (70.0%)]	Loss: 0.002773451153188944
[2023-05-02 21:35:20] Train Epoch: 9 [15000/20000 (75.0%)]	Loss: 0.000845628441311419
[2023-05-02 21:35:30] Train Epoch: 9 [16000/20000 (80.0%)]	Loss: 0.0015324262203648686
[2023-05-02 21:35:39] Train Epoch: 9 [17000/20000 (85.0%)]	Loss: 0.0007399591850116849
[2023-05-02 21:35:48] Train Epoch: 9 [18000/20000 (90.0%)]	Loss: 0.001291046617552638
[2023-05-02 21:35:58] Train Epoch: 9 [19000/20000 (95.0%)]	Loss: 0.00024792886688373983
[2023-05-02 21:36:21] Stop At epoch 9/20 due to valid not increase
[2023-05-02 21:36:25] ========== Metrics ==========
[2023-05-02 21:36:25] {
  "tr_loss": 0.011839214502725506,
  "tr_acc": 0.9975997599759976,
  "tr_f1": 0.9975992797839354,
  "val_loss": 0.9072675763982283,
  "val_acc": 0.8308758216379464,
  "val_f1": 0.8329824561403508,
  "test_loss": 0.8669322745263738,
  "test_acc": 0.8238482384823849,
  "test_f1": 0.8199445983379501
}
[2023-05-02 21:36:25] ========== Metrics ==========
