[2023-05-02 21:36:44] Train Epoch: 1 [0/20000 (0.0%)]	Loss: 0.6890629529953003
[2023-05-02 21:36:56] Train Epoch: 1 [1000/20000 (5.0%)]	Loss: 0.6942042112350464
[2023-05-02 21:37:07] Train Epoch: 1 [2000/20000 (10.0%)]	Loss: 0.5620449781417847
[2023-05-02 21:37:18] Train Epoch: 1 [3000/20000 (15.0%)]	Loss: 0.4602772295475006
[2023-05-02 21:37:28] Train Epoch: 1 [4000/20000 (20.0%)]	Loss: 0.502338171005249
[2023-05-02 21:37:39] Train Epoch: 1 [5000/20000 (25.0%)]	Loss: 0.5821465253829956
[2023-05-02 21:37:50] Train Epoch: 1 [6000/20000 (30.0%)]	Loss: 0.5373926162719727
[2023-05-02 21:38:00] Train Epoch: 1 [7000/20000 (35.0%)]	Loss: 0.6733995079994202
[2023-05-02 21:38:11] Train Epoch: 1 [8000/20000 (40.0%)]	Loss: 0.5891851186752319
[2023-05-02 21:38:22] Train Epoch: 1 [9000/20000 (45.0%)]	Loss: 0.5616065263748169
[2023-05-02 21:38:34] Train Epoch: 1 [10000/20000 (50.0%)]	Loss: 0.32783859968185425
[2023-05-02 21:38:44] Train Epoch: 1 [11000/20000 (55.0%)]	Loss: 0.46005162596702576
[2023-05-02 21:38:55] Train Epoch: 1 [12000/20000 (60.0%)]	Loss: 0.4247768819332123
[2023-05-02 21:39:06] Train Epoch: 1 [13000/20000 (65.0%)]	Loss: 0.8023262023925781
[2023-05-02 21:39:17] Train Epoch: 1 [14000/20000 (70.0%)]	Loss: 0.5468711853027344
[2023-05-02 21:39:27] Train Epoch: 1 [15000/20000 (75.0%)]	Loss: 0.2902812361717224
[2023-05-02 21:39:38] Train Epoch: 1 [16000/20000 (80.0%)]	Loss: 0.3453754484653473
[2023-05-02 21:39:49] Train Epoch: 1 [17000/20000 (85.0%)]	Loss: 0.3185743987560272
[2023-05-02 21:39:59] Train Epoch: 1 [18000/20000 (90.0%)]	Loss: 0.5894724726676941
[2023-05-02 21:40:10] Train Epoch: 1 [19000/20000 (95.0%)]	Loss: 0.28326430916786194
[2023-05-02 21:40:52] ========== Metrics ==========
[2023-05-02 21:40:52] {
  "tr_loss": 0.4855012313963616,
  "tr_acc": 0.77007700770077,
  "tr_f1": 0.7681758596349701,
  "val_loss": 0.4381255973060975,
  "val_acc": 0.8218155977971221,
  "val_f1": 0.8128382160850905,
  "test_loss": 0.4842442585039268,
  "test_acc": 0.8346883468834688,
  "test_f1": 0.8211143695014663
}
[2023-05-02 21:40:52] ========== Metrics ==========
[2023-05-02 21:40:55] Train Epoch: 2 [0/20000 (0.0%)]	Loss: 0.20325550436973572
[2023-05-02 21:41:07] Train Epoch: 2 [1000/20000 (5.0%)]	Loss: 0.28353580832481384
[2023-05-02 21:41:17] Train Epoch: 2 [2000/20000 (10.0%)]	Loss: 0.1588495671749115
[2023-05-02 21:41:27] Train Epoch: 2 [3000/20000 (15.0%)]	Loss: 0.23364345729351044
[2023-05-02 21:41:37] Train Epoch: 2 [4000/20000 (20.0%)]	Loss: 0.21009965240955353
[2023-05-02 21:41:48] Train Epoch: 2 [5000/20000 (25.0%)]	Loss: 0.7690942883491516
[2023-05-02 21:41:58] Train Epoch: 2 [6000/20000 (30.0%)]	Loss: 0.22923323512077332
[2023-05-02 21:42:08] Train Epoch: 2 [7000/20000 (35.0%)]	Loss: 0.312387079000473
[2023-05-02 21:42:18] Train Epoch: 2 [8000/20000 (40.0%)]	Loss: 0.5135260820388794
[2023-05-02 21:42:28] Train Epoch: 2 [9000/20000 (45.0%)]	Loss: 0.18826442956924438
[2023-05-02 21:42:38] Train Epoch: 2 [10000/20000 (50.0%)]	Loss: 0.2793840169906616
[2023-05-02 21:42:49] Train Epoch: 2 [11000/20000 (55.0%)]	Loss: 0.2531399428844452
[2023-05-02 21:43:00] Train Epoch: 2 [12000/20000 (60.0%)]	Loss: 0.2541360855102539
[2023-05-02 21:43:10] Train Epoch: 2 [13000/20000 (65.0%)]	Loss: 0.3219459354877472
[2023-05-02 21:43:20] Train Epoch: 2 [14000/20000 (70.0%)]	Loss: 0.2656627893447876
[2023-05-02 21:43:30] Train Epoch: 2 [15000/20000 (75.0%)]	Loss: 0.15188650786876678
[2023-05-02 21:43:40] Train Epoch: 2 [16000/20000 (80.0%)]	Loss: 0.139210507273674
[2023-05-02 21:43:50] Train Epoch: 2 [17000/20000 (85.0%)]	Loss: 0.41468626260757446
[2023-05-02 21:44:00] Train Epoch: 2 [18000/20000 (90.0%)]	Loss: 0.4002073407173157
[2023-05-02 21:44:10] Train Epoch: 2 [19000/20000 (95.0%)]	Loss: 0.6656084656715393
[2023-05-02 21:44:55] ========== Metrics ==========
[2023-05-02 21:44:55] {
  "tr_loss": 0.30521932205106866,
  "tr_acc": 0.877937793779378,
  "tr_f1": 0.8775766086564021,
  "val_loss": 0.3665208511039956,
  "val_acc": 0.8481080120802984,
  "val_f1": 0.8440065681444991,
  "test_loss": 0.38028052384614297,
  "test_acc": 0.8401084010840109,
  "test_f1": 0.8338028169014085
}
[2023-05-02 21:44:55] ========== Metrics ==========
[2023-05-02 21:44:57] Train Epoch: 3 [0/20000 (0.0%)]	Loss: 0.12723849713802338
[2023-05-02 21:45:10] Train Epoch: 3 [1000/20000 (5.0%)]	Loss: 0.08626912534236908
[2023-05-02 21:45:20] Train Epoch: 3 [2000/20000 (10.0%)]	Loss: 0.0931498110294342
[2023-05-02 21:45:30] Train Epoch: 3 [3000/20000 (15.0%)]	Loss: 0.08100070059299469
[2023-05-02 21:45:40] Train Epoch: 3 [4000/20000 (20.0%)]	Loss: 0.2653908431529999
[2023-05-02 21:45:50] Train Epoch: 3 [5000/20000 (25.0%)]	Loss: 0.05780189484357834
[2023-05-02 21:45:59] Train Epoch: 3 [6000/20000 (30.0%)]	Loss: 0.5316993594169617
[2023-05-02 21:46:09] Train Epoch: 3 [7000/20000 (35.0%)]	Loss: 0.46358776092529297
[2023-05-02 21:46:20] Train Epoch: 3 [8000/20000 (40.0%)]	Loss: 0.09729154407978058
[2023-05-02 21:46:30] Train Epoch: 3 [9000/20000 (45.0%)]	Loss: 0.0289781354367733
[2023-05-02 21:46:40] Train Epoch: 3 [10000/20000 (50.0%)]	Loss: 0.4006633758544922
[2023-05-02 21:46:50] Train Epoch: 3 [11000/20000 (55.0%)]	Loss: 0.36077404022216797
[2023-05-02 21:47:00] Train Epoch: 3 [12000/20000 (60.0%)]	Loss: 0.08218347281217575
[2023-05-02 21:47:10] Train Epoch: 3 [13000/20000 (65.0%)]	Loss: 0.012113022617995739
[2023-05-02 21:47:19] Train Epoch: 3 [14000/20000 (70.0%)]	Loss: 0.11760951578617096
[2023-05-02 21:47:29] Train Epoch: 3 [15000/20000 (75.0%)]	Loss: 0.0793016254901886
[2023-05-02 21:47:39] Train Epoch: 3 [16000/20000 (80.0%)]	Loss: 0.04941115528345108
[2023-05-02 21:47:49] Train Epoch: 3 [17000/20000 (85.0%)]	Loss: 0.2927938997745514
[2023-05-02 21:47:59] Train Epoch: 3 [18000/20000 (90.0%)]	Loss: 0.04811077192425728
[2023-05-02 21:48:09] Train Epoch: 3 [19000/20000 (95.0%)]	Loss: 0.17477306723594666
[2023-05-02 21:48:53] ========== Metrics ==========
[2023-05-02 21:48:53] {
  "tr_loss": 0.18969991723775376,
  "tr_acc": 0.933043304330433,
  "tr_f1": 0.9327912462982483,
  "val_loss": 0.4638076963677121,
  "val_acc": 0.8399360454787707,
  "val_f1": 0.8321222284330166,
  "test_loss": 0.4515848888291253,
  "test_acc": 0.8157181571815718,
  "test_f1": 0.7999999999999999
}
[2023-05-02 21:48:53] ========== Metrics ==========
[2023-05-02 21:48:55] Train Epoch: 4 [0/20000 (0.0%)]	Loss: 0.017214983701705933
[2023-05-02 21:49:07] Train Epoch: 4 [1000/20000 (5.0%)]	Loss: 0.0070547014474868774
[2023-05-02 21:49:18] Train Epoch: 4 [2000/20000 (10.0%)]	Loss: 0.5028297901153564
[2023-05-02 21:49:29] Train Epoch: 4 [3000/20000 (15.0%)]	Loss: 0.026355495676398277
[2023-05-02 21:49:39] Train Epoch: 4 [4000/20000 (20.0%)]	Loss: 0.05036531016230583
[2023-05-02 21:49:50] Train Epoch: 4 [5000/20000 (25.0%)]	Loss: 0.08968240022659302
[2023-05-02 21:50:00] Train Epoch: 4 [6000/20000 (30.0%)]	Loss: 0.05959739536046982
[2023-05-02 21:50:11] Train Epoch: 4 [7000/20000 (35.0%)]	Loss: 0.0384112149477005
[2023-05-02 21:50:22] Train Epoch: 4 [8000/20000 (40.0%)]	Loss: 0.09707973897457123
[2023-05-02 21:50:33] Train Epoch: 4 [9000/20000 (45.0%)]	Loss: 0.2037622183561325
[2023-05-02 21:50:43] Train Epoch: 4 [10000/20000 (50.0%)]	Loss: 0.05678068846464157
[2023-05-02 21:50:54] Train Epoch: 4 [11000/20000 (55.0%)]	Loss: 0.0396995022892952
[2023-05-02 21:51:05] Train Epoch: 4 [12000/20000 (60.0%)]	Loss: 0.3406123220920563
[2023-05-02 21:51:16] Train Epoch: 4 [13000/20000 (65.0%)]	Loss: 0.15278463065624237
[2023-05-02 21:51:26] Train Epoch: 4 [14000/20000 (70.0%)]	Loss: 0.04169529303908348
[2023-05-02 21:51:37] Train Epoch: 4 [15000/20000 (75.0%)]	Loss: 0.010660670697689056
[2023-05-02 21:51:48] Train Epoch: 4 [16000/20000 (80.0%)]	Loss: 0.17442087829113007
[2023-05-02 21:51:58] Train Epoch: 4 [17000/20000 (85.0%)]	Loss: 0.1774299591779709
[2023-05-02 21:52:09] Train Epoch: 4 [18000/20000 (90.0%)]	Loss: 0.012296363711357117
[2023-05-02 21:52:20] Train Epoch: 4 [19000/20000 (95.0%)]	Loss: 0.051370054483413696
[2023-05-02 21:53:07] ========== Metrics ==========
[2023-05-02 21:53:07] {
  "tr_loss": 0.11086807727548453,
  "tr_acc": 0.9657465746574657,
  "tr_f1": 0.965686520062115,
  "val_loss": 0.4958261006727992,
  "val_acc": 0.8282110499200569,
  "val_f1": 0.8351798193284473,
  "test_loss": 0.49272424887189376,
  "test_acc": 0.8373983739837398,
  "test_f1": 0.8387096774193549
}
[2023-05-02 21:53:07] ========== Metrics ==========
[2023-05-02 21:53:09] Train Epoch: 5 [0/20000 (0.0%)]	Loss: 0.009981689043343067
[2023-05-02 21:53:20] Train Epoch: 5 [1000/20000 (5.0%)]	Loss: 0.30635401606559753
[2023-05-02 21:53:30] Train Epoch: 5 [2000/20000 (10.0%)]	Loss: 0.0023566121235489845
[2023-05-02 21:53:40] Train Epoch: 5 [3000/20000 (15.0%)]	Loss: 0.03639694303274155
[2023-05-02 21:53:50] Train Epoch: 5 [4000/20000 (20.0%)]	Loss: 0.03556983545422554
[2023-05-02 21:53:59] Train Epoch: 5 [5000/20000 (25.0%)]	Loss: 0.00673849880695343
[2023-05-02 21:54:09] Train Epoch: 5 [6000/20000 (30.0%)]	Loss: 0.04500284045934677
[2023-05-02 21:54:19] Train Epoch: 5 [7000/20000 (35.0%)]	Loss: 0.0019626878201961517
[2023-05-02 21:54:29] Train Epoch: 5 [8000/20000 (40.0%)]	Loss: 0.010497349314391613
[2023-05-02 21:54:39] Train Epoch: 5 [9000/20000 (45.0%)]	Loss: 0.017492080107331276
[2023-05-02 21:54:49] Train Epoch: 5 [10000/20000 (50.0%)]	Loss: 0.11933630704879761
[2023-05-02 21:54:59] Train Epoch: 5 [11000/20000 (55.0%)]	Loss: 0.0046025970950722694
[2023-05-02 21:55:09] Train Epoch: 5 [12000/20000 (60.0%)]	Loss: 0.007321042474359274
[2023-05-02 21:55:20] Train Epoch: 5 [13000/20000 (65.0%)]	Loss: 0.043266937136650085
[2023-05-02 21:55:31] Train Epoch: 5 [14000/20000 (70.0%)]	Loss: 0.032079972326755524
[2023-05-02 21:55:41] Train Epoch: 5 [15000/20000 (75.0%)]	Loss: 0.017460454255342484
[2023-05-02 21:55:51] Train Epoch: 5 [16000/20000 (80.0%)]	Loss: 0.3601413369178772
[2023-05-02 21:56:02] Train Epoch: 5 [17000/20000 (85.0%)]	Loss: 0.004691257141530514
[2023-05-02 21:56:12] Train Epoch: 5 [18000/20000 (90.0%)]	Loss: 0.04386158287525177
[2023-05-02 21:56:22] Train Epoch: 5 [19000/20000 (95.0%)]	Loss: 0.01070321537554264
[2023-05-02 21:57:18] ========== Metrics ==========
[2023-05-02 21:57:18] {
  "tr_loss": 0.06568715199687504,
  "tr_acc": 0.9813481348134814,
  "tr_f1": 0.9813732833957552,
  "val_loss": 0.648709491142124,
  "val_acc": 0.8076034819683781,
  "val_f1": 0.8252380183959981,
  "test_loss": 0.6533492927951865,
  "test_acc": 0.8048780487804879,
  "test_f1": 0.8217821782178217
}
[2023-05-02 21:57:18] ========== Metrics ==========
[2023-05-02 21:57:20] Train Epoch: 6 [0/20000 (0.0%)]	Loss: 0.008650843054056168
[2023-05-02 21:57:33] Train Epoch: 6 [1000/20000 (5.0%)]	Loss: 0.006605124566704035
[2023-05-02 21:57:44] Train Epoch: 6 [2000/20000 (10.0%)]	Loss: 0.00486344238743186
[2023-05-02 21:57:55] Train Epoch: 6 [3000/20000 (15.0%)]	Loss: 0.003424334805458784
[2023-05-02 21:58:06] Train Epoch: 6 [4000/20000 (20.0%)]	Loss: 0.33649834990501404
[2023-05-02 21:58:17] Train Epoch: 6 [5000/20000 (25.0%)]	Loss: 0.2967589199542999
[2023-05-02 21:58:28] Train Epoch: 6 [6000/20000 (30.0%)]	Loss: 0.003908139653503895
[2023-05-02 21:58:39] Train Epoch: 6 [7000/20000 (35.0%)]	Loss: 0.0026364109944552183
[2023-05-02 21:58:49] Train Epoch: 6 [8000/20000 (40.0%)]	Loss: 0.0018181242048740387
[2023-05-02 21:59:00] Train Epoch: 6 [9000/20000 (45.0%)]	Loss: 0.0033506867475807667
[2023-05-02 21:59:11] Train Epoch: 6 [10000/20000 (50.0%)]	Loss: 0.009495193138718605
[2023-05-02 21:59:22] Train Epoch: 6 [11000/20000 (55.0%)]	Loss: 0.0031565919052809477
[2023-05-02 21:59:33] Train Epoch: 6 [12000/20000 (60.0%)]	Loss: 0.005378895904868841
[2023-05-02 21:59:43] Train Epoch: 6 [13000/20000 (65.0%)]	Loss: 0.0031984944362193346
[2023-05-02 21:59:54] Train Epoch: 6 [14000/20000 (70.0%)]	Loss: 0.011678403243422508
[2023-05-02 22:00:06] Train Epoch: 6 [15000/20000 (75.0%)]	Loss: 0.0032610963098704815
[2023-05-02 22:00:16] Train Epoch: 6 [16000/20000 (80.0%)]	Loss: 0.0032453793101012707
[2023-05-02 22:00:27] Train Epoch: 6 [17000/20000 (85.0%)]	Loss: 0.0030090443324297667
[2023-05-02 22:00:38] Train Epoch: 6 [18000/20000 (90.0%)]	Loss: 0.003937865141779184
[2023-05-02 22:00:48] Train Epoch: 6 [19000/20000 (95.0%)]	Loss: 0.00338469329290092
[2023-05-02 22:01:41] ========== Metrics ==========
[2023-05-02 22:01:41] {
  "tr_loss": 0.026307566907245294,
  "tr_acc": 0.9940994099409941,
  "tr_f1": 0.9941005899410059,
  "val_loss": 0.7107822852135419,
  "val_acc": 0.8275004441286197,
  "val_f1": 0.828414914295812,
  "test_loss": 0.6794455223451785,
  "test_acc": 0.8401084010840109,
  "test_f1": 0.840108401084011
}
[2023-05-02 22:01:41] ========== Metrics ==========
[2023-05-02 22:01:43] Train Epoch: 7 [0/20000 (0.0%)]	Loss: 0.0020109491888433695
[2023-05-02 22:01:53] Train Epoch: 7 [1000/20000 (5.0%)]	Loss: 0.0033574248664081097
[2023-05-02 22:02:04] Train Epoch: 7 [2000/20000 (10.0%)]	Loss: 0.002088401932269335
[2023-05-02 22:02:14] Train Epoch: 7 [3000/20000 (15.0%)]	Loss: 0.003822312457486987
[2023-05-02 22:02:24] Train Epoch: 7 [4000/20000 (20.0%)]	Loss: 0.0023026287090033293
[2023-05-02 22:02:34] Train Epoch: 7 [5000/20000 (25.0%)]	Loss: 0.007773793302476406
[2023-05-02 22:02:45] Train Epoch: 7 [6000/20000 (30.0%)]	Loss: 0.002978021977469325
[2023-05-02 22:02:55] Train Epoch: 7 [7000/20000 (35.0%)]	Loss: 0.0021336255595088005
[2023-05-02 22:03:05] Train Epoch: 7 [8000/20000 (40.0%)]	Loss: 0.0012859735870733857
[2023-05-02 22:03:15] Train Epoch: 7 [9000/20000 (45.0%)]	Loss: 0.00161547283641994
[2023-05-02 22:03:25] Train Epoch: 7 [10000/20000 (50.0%)]	Loss: 0.1322047859430313
[2023-05-02 22:03:36] Train Epoch: 7 [11000/20000 (55.0%)]	Loss: 0.0021636630408465862
[2023-05-02 22:03:46] Train Epoch: 7 [12000/20000 (60.0%)]	Loss: 0.007829590700566769
[2023-05-02 22:03:56] Train Epoch: 7 [13000/20000 (65.0%)]	Loss: 0.0016021120827645063
[2023-05-02 22:04:07] Train Epoch: 7 [14000/20000 (70.0%)]	Loss: 0.0025997506454586983
[2023-05-02 22:04:17] Train Epoch: 7 [15000/20000 (75.0%)]	Loss: 0.002181354910135269
[2023-05-02 22:04:27] Train Epoch: 7 [16000/20000 (80.0%)]	Loss: 0.006204322446137667
[2023-05-02 22:04:37] Train Epoch: 7 [17000/20000 (85.0%)]	Loss: 0.3534012734889984
[2023-05-02 22:04:47] Train Epoch: 7 [18000/20000 (90.0%)]	Loss: 0.0021698451600968838
[2023-05-02 22:04:58] Train Epoch: 7 [19000/20000 (95.0%)]	Loss: 0.0026837140321731567
[2023-05-02 22:05:38] ========== Metrics ==========
[2023-05-02 22:05:38] {
  "tr_loss": 0.021942227901745107,
  "tr_acc": 0.9954495449544954,
  "tr_f1": 0.9954488622155541,
  "val_loss": 0.7339460583961938,
  "val_acc": 0.8267898383371824,
  "val_f1": 0.8245456181392838,
  "test_loss": 0.7045795197086282,
  "test_acc": 0.8346883468834688,
  "test_f1": 0.8291316526610645
}
[2023-05-02 22:05:38] ========== Metrics ==========
[2023-05-02 22:05:40] Train Epoch: 8 [0/20000 (0.0%)]	Loss: 0.003701146226376295
[2023-05-02 22:05:51] Train Epoch: 8 [1000/20000 (5.0%)]	Loss: 0.0014772014692425728
[2023-05-02 22:06:02] Train Epoch: 8 [2000/20000 (10.0%)]	Loss: 0.0017602213192731142
[2023-05-02 22:06:12] Train Epoch: 8 [3000/20000 (15.0%)]	Loss: 0.001638119458220899
[2023-05-02 22:06:22] Train Epoch: 8 [4000/20000 (20.0%)]	Loss: 0.0013737191911786795
[2023-05-02 22:06:33] Train Epoch: 8 [5000/20000 (25.0%)]	Loss: 0.0017589700873941183
[2023-05-02 22:06:44] Train Epoch: 8 [6000/20000 (30.0%)]	Loss: 0.07845862954854965
[2023-05-02 22:06:55] Train Epoch: 8 [7000/20000 (35.0%)]	Loss: 0.004067986272275448
[2023-05-02 22:07:05] Train Epoch: 8 [8000/20000 (40.0%)]	Loss: 0.0042447419837117195
[2023-05-02 22:07:16] Train Epoch: 8 [9000/20000 (45.0%)]	Loss: 0.0031815164256840944
[2023-05-02 22:07:27] Train Epoch: 8 [10000/20000 (50.0%)]	Loss: 0.0031166786793619394
[2023-05-02 22:07:37] Train Epoch: 8 [11000/20000 (55.0%)]	Loss: 0.001487988280132413
[2023-05-02 22:07:48] Train Epoch: 8 [12000/20000 (60.0%)]	Loss: 0.003316170070320368
[2023-05-02 22:07:59] Train Epoch: 8 [13000/20000 (65.0%)]	Loss: 0.0015630752313882113
[2023-05-02 22:08:10] Train Epoch: 8 [14000/20000 (70.0%)]	Loss: 0.0018558629089966416
[2023-05-02 22:08:20] Train Epoch: 8 [15000/20000 (75.0%)]	Loss: 0.0025980151258409023
[2023-05-02 22:08:31] Train Epoch: 8 [16000/20000 (80.0%)]	Loss: 0.3504382371902466
[2023-05-02 22:08:42] Train Epoch: 8 [17000/20000 (85.0%)]	Loss: 0.33994823694229126
[2023-05-02 22:08:53] Train Epoch: 8 [18000/20000 (90.0%)]	Loss: 0.008412264287471771
[2023-05-02 22:09:04] Train Epoch: 8 [19000/20000 (95.0%)]	Loss: 0.003169455099850893
[2023-05-02 22:09:53] Stop At epoch 8/20 due to valid not increase
[2023-05-02 22:09:58] ========== Metrics ==========
[2023-05-02 22:09:58] {
  "tr_loss": 0.019595846205917,
  "tr_acc": 0.9964496449644964,
  "tr_f1": 0.9964484017808013,
  "val_loss": 0.7736940252903878,
  "val_acc": 0.8269674897850418,
  "val_f1": 0.8241877256317689,
  "test_loss": 0.7721872147182786,
  "test_acc": 0.8238482384823849,
  "test_f1": 0.8169014084507042
}
[2023-05-02 22:09:58] ========== Metrics ==========
