[2023-05-03 19:17:32] Train Epoch: 1 [0/20000 (0.0%)]	Loss: 0.7064763903617859
[2023-05-03 19:17:35] Train Epoch: 1 [1000/20000 (5.0%)]	Loss: 0.6892279982566833
[2023-05-03 19:17:38] Train Epoch: 1 [2000/20000 (10.0%)]	Loss: 0.5313211679458618
[2023-05-03 19:17:42] Train Epoch: 1 [3000/20000 (15.0%)]	Loss: 0.4735850691795349
[2023-05-03 19:17:45] Train Epoch: 1 [4000/20000 (20.0%)]	Loss: 0.4843223989009857
[2023-05-03 19:17:48] Train Epoch: 1 [5000/20000 (25.0%)]	Loss: 0.32553213834762573
[2023-05-03 19:17:51] Train Epoch: 1 [6000/20000 (30.0%)]	Loss: 0.3448244631290436
[2023-05-03 19:17:54] Train Epoch: 1 [7000/20000 (35.0%)]	Loss: 0.6505883932113647
[2023-05-03 19:17:57] Train Epoch: 1 [8000/20000 (40.0%)]	Loss: 0.2936484217643738
[2023-05-03 19:18:00] Train Epoch: 1 [9000/20000 (45.0%)]	Loss: 0.439263254404068
[2023-05-03 19:18:04] Train Epoch: 1 [10000/20000 (50.0%)]	Loss: 0.20970456302165985
[2023-05-03 19:18:08] Train Epoch: 1 [11000/20000 (55.0%)]	Loss: 0.4521639347076416
[2023-05-03 19:18:11] Train Epoch: 1 [12000/20000 (60.0%)]	Loss: 0.5322946310043335
[2023-05-03 19:18:15] Train Epoch: 1 [13000/20000 (65.0%)]	Loss: 0.6385745406150818
[2023-05-03 19:18:19] Train Epoch: 1 [14000/20000 (70.0%)]	Loss: 0.25847265124320984
[2023-05-03 19:18:23] Train Epoch: 1 [15000/20000 (75.0%)]	Loss: 0.627834677696228
[2023-05-03 19:18:26] Train Epoch: 1 [16000/20000 (80.0%)]	Loss: 0.506547749042511
[2023-05-03 19:18:30] Train Epoch: 1 [17000/20000 (85.0%)]	Loss: 0.5085278749465942
[2023-05-03 19:18:34] Train Epoch: 1 [18000/20000 (90.0%)]	Loss: 0.3135358393192291
[2023-05-03 19:18:38] Train Epoch: 1 [19000/20000 (95.0%)]	Loss: 0.46757951378822327
[2023-05-03 19:18:54] ========== Metrics ==========
[2023-05-03 19:18:54] {
  "tr_loss": 0.47818445391280134,
  "tr_acc": 0.7732273227322732,
  "tr_f1": 0.7725334804634598,
  "val_loss": 0.4347176869696168,
  "val_acc": 0.8250133238585895,
  "val_f1": 0.812345208611164,
  "test_loss": 0.46889513084881995,
  "test_acc": 0.8265582655826558,
  "test_f1": 0.803680981595092
}
[2023-05-03 19:18:54] ========== Metrics ==========
[2023-05-03 19:18:55] Train Epoch: 2 [0/20000 (0.0%)]	Loss: 0.19567051529884338
[2023-05-03 19:18:59] Train Epoch: 2 [1000/20000 (5.0%)]	Loss: 0.4594863951206207
[2023-05-03 19:19:03] Train Epoch: 2 [2000/20000 (10.0%)]	Loss: 0.3901340067386627
[2023-05-03 19:19:07] Train Epoch: 2 [3000/20000 (15.0%)]	Loss: 0.3740377426147461
[2023-05-03 19:19:11] Train Epoch: 2 [4000/20000 (20.0%)]	Loss: 0.546305239200592
[2023-05-03 19:19:15] Train Epoch: 2 [5000/20000 (25.0%)]	Loss: 0.3132205903530121
[2023-05-03 19:19:19] Train Epoch: 2 [6000/20000 (30.0%)]	Loss: 0.24978074431419373
[2023-05-03 19:19:23] Train Epoch: 2 [7000/20000 (35.0%)]	Loss: 0.2701319754123688
[2023-05-03 19:19:27] Train Epoch: 2 [8000/20000 (40.0%)]	Loss: 0.3873566687107086
[2023-05-03 19:19:31] Train Epoch: 2 [9000/20000 (45.0%)]	Loss: 0.3174464702606201
[2023-05-03 19:19:34] Train Epoch: 2 [10000/20000 (50.0%)]	Loss: 0.33248868584632874
[2023-05-03 19:19:38] Train Epoch: 2 [11000/20000 (55.0%)]	Loss: 0.22973087430000305
[2023-05-03 19:19:42] Train Epoch: 2 [12000/20000 (60.0%)]	Loss: 0.24959707260131836
[2023-05-03 19:19:46] Train Epoch: 2 [13000/20000 (65.0%)]	Loss: 0.7547405958175659
[2023-05-03 19:19:50] Train Epoch: 2 [14000/20000 (70.0%)]	Loss: 0.19518068432807922
[2023-05-03 19:19:53] Train Epoch: 2 [15000/20000 (75.0%)]	Loss: 0.4765568673610687
[2023-05-03 19:19:57] Train Epoch: 2 [16000/20000 (80.0%)]	Loss: 0.2317083775997162
[2023-05-03 19:20:01] Train Epoch: 2 [17000/20000 (85.0%)]	Loss: 0.49026060104370117
[2023-05-03 19:20:04] Train Epoch: 2 [18000/20000 (90.0%)]	Loss: 0.24314749240875244
[2023-05-03 19:20:08] Train Epoch: 2 [19000/20000 (95.0%)]	Loss: 0.4264186918735504
[2023-05-03 19:20:28] ========== Metrics ==========
[2023-05-03 19:20:28] {
  "tr_loss": 0.30004746488409406,
  "tr_acc": 0.8817381738173817,
  "tr_f1": 0.881113959684311,
  "val_loss": 0.4016642798473577,
  "val_acc": 0.8166637058092023,
  "val_f1": 0.8330097087378641,
  "test_loss": 0.3869730282605179,
  "test_acc": 0.8292682926829268,
  "test_f1": 0.8413098236775819
}
[2023-05-03 19:20:28] ========== Metrics ==========
[2023-05-03 19:20:29] Train Epoch: 3 [0/20000 (0.0%)]	Loss: 0.3481173515319824
[2023-05-03 19:20:33] Train Epoch: 3 [1000/20000 (5.0%)]	Loss: 0.41258683800697327
[2023-05-03 19:20:37] Train Epoch: 3 [2000/20000 (10.0%)]	Loss: 0.054961591958999634
[2023-05-03 19:20:41] Train Epoch: 3 [3000/20000 (15.0%)]	Loss: 0.05874400585889816
[2023-05-03 19:20:45] Train Epoch: 3 [4000/20000 (20.0%)]	Loss: 0.0850258395075798
[2023-05-03 19:20:49] Train Epoch: 3 [5000/20000 (25.0%)]	Loss: 0.26066505908966064
[2023-05-03 19:20:53] Train Epoch: 3 [6000/20000 (30.0%)]	Loss: 0.13057875633239746
[2023-05-03 19:20:56] Train Epoch: 3 [7000/20000 (35.0%)]	Loss: 0.03721959516406059
[2023-05-03 19:21:00] Train Epoch: 3 [8000/20000 (40.0%)]	Loss: 0.12253320217132568
[2023-05-03 19:21:04] Train Epoch: 3 [9000/20000 (45.0%)]	Loss: 0.22127549350261688
[2023-05-03 19:21:08] Train Epoch: 3 [10000/20000 (50.0%)]	Loss: 0.17251528799533844
[2023-05-03 19:21:12] Train Epoch: 3 [11000/20000 (55.0%)]	Loss: 0.0741528570652008
[2023-05-03 19:21:16] Train Epoch: 3 [12000/20000 (60.0%)]	Loss: 0.16518576443195343
[2023-05-03 19:21:20] Train Epoch: 3 [13000/20000 (65.0%)]	Loss: 0.10871380567550659
[2023-05-03 19:21:24] Train Epoch: 3 [14000/20000 (70.0%)]	Loss: 0.25326836109161377
[2023-05-03 19:21:28] Train Epoch: 3 [15000/20000 (75.0%)]	Loss: 0.08859916031360626
[2023-05-03 19:21:31] Train Epoch: 3 [16000/20000 (80.0%)]	Loss: 0.2874228060245514
[2023-05-03 19:21:35] Train Epoch: 3 [17000/20000 (85.0%)]	Loss: 0.2371545284986496
[2023-05-03 19:21:39] Train Epoch: 3 [18000/20000 (90.0%)]	Loss: 0.5038779973983765
[2023-05-03 19:21:43] Train Epoch: 3 [19000/20000 (95.0%)]	Loss: 0.18713267147541046
[2023-05-03 19:21:57] ========== Metrics ==========
[2023-05-03 19:21:57] {
  "tr_loss": 0.18110320217280027,
  "tr_acc": 0.9373437343734373,
  "tr_f1": 0.9370952357046036,
  "val_loss": 0.41953754124060727,
  "val_acc": 0.84011369692663,
  "val_f1": 0.8296744890234671,
  "test_loss": 0.41065769668840135,
  "test_acc": 0.8401084010840109,
  "test_f1": 0.8249258160237388
}
[2023-05-03 19:21:57] ========== Metrics ==========
[2023-05-03 19:21:58] Train Epoch: 4 [0/20000 (0.0%)]	Loss: 0.0581202432513237
[2023-05-03 19:22:02] Train Epoch: 4 [1000/20000 (5.0%)]	Loss: 0.01101890578866005
[2023-05-03 19:22:06] Train Epoch: 4 [2000/20000 (10.0%)]	Loss: 0.025769095867872238
[2023-05-03 19:22:10] Train Epoch: 4 [3000/20000 (15.0%)]	Loss: 0.20998430252075195
[2023-05-03 19:22:14] Train Epoch: 4 [4000/20000 (20.0%)]	Loss: 0.21176192164421082
[2023-05-03 19:22:18] Train Epoch: 4 [5000/20000 (25.0%)]	Loss: 0.12323932349681854
[2023-05-03 19:22:22] Train Epoch: 4 [6000/20000 (30.0%)]	Loss: 0.01582411304116249
[2023-05-03 19:22:25] Train Epoch: 4 [7000/20000 (35.0%)]	Loss: 0.015105505473911762
[2023-05-03 19:22:29] Train Epoch: 4 [8000/20000 (40.0%)]	Loss: 0.05501284450292587
[2023-05-03 19:22:33] Train Epoch: 4 [9000/20000 (45.0%)]	Loss: 0.04489792138338089
[2023-05-03 19:22:37] Train Epoch: 4 [10000/20000 (50.0%)]	Loss: 0.2066740244626999
[2023-05-03 19:22:41] Train Epoch: 4 [11000/20000 (55.0%)]	Loss: 0.03490164503455162
[2023-05-03 19:22:44] Train Epoch: 4 [12000/20000 (60.0%)]	Loss: 0.2011427879333496
[2023-05-03 19:22:48] Train Epoch: 4 [13000/20000 (65.0%)]	Loss: 0.23114769160747528
[2023-05-03 19:22:52] Train Epoch: 4 [14000/20000 (70.0%)]	Loss: 0.38196223974227905
[2023-05-03 19:22:56] Train Epoch: 4 [15000/20000 (75.0%)]	Loss: 0.018138524144887924
[2023-05-03 19:22:59] Train Epoch: 4 [16000/20000 (80.0%)]	Loss: 0.6173343062400818
[2023-05-03 19:23:03] Train Epoch: 4 [17000/20000 (85.0%)]	Loss: 0.025921979919075966
[2023-05-03 19:23:07] Train Epoch: 4 [18000/20000 (90.0%)]	Loss: 0.01241414062678814
[2023-05-03 19:23:11] Train Epoch: 4 [19000/20000 (95.0%)]	Loss: 0.032286494970321655
[2023-05-03 19:23:25] ========== Metrics ==========
[2023-05-03 19:23:25] {
  "tr_loss": 0.10499600923785211,
  "tr_acc": 0.9645464546454645,
  "tr_f1": 0.9645198418655857,
  "val_loss": 0.5162546377073789,
  "val_acc": 0.8333629419079766,
  "val_f1": 0.8356116368734664,
  "test_loss": 0.44926324904691883,
  "test_acc": 0.8482384823848238,
  "test_f1": 0.8469945355191258
}
[2023-05-03 19:23:25] ========== Metrics ==========
[2023-05-03 19:23:26] Train Epoch: 5 [0/20000 (0.0%)]	Loss: 0.09682200849056244
[2023-05-03 19:23:30] Train Epoch: 5 [1000/20000 (5.0%)]	Loss: 0.016040649265050888
[2023-05-03 19:23:34] Train Epoch: 5 [2000/20000 (10.0%)]	Loss: 0.018465513363480568
[2023-05-03 19:23:38] Train Epoch: 5 [3000/20000 (15.0%)]	Loss: 0.0331573486328125
[2023-05-03 19:23:41] Train Epoch: 5 [4000/20000 (20.0%)]	Loss: 0.20350103080272675
[2023-05-03 19:23:45] Train Epoch: 5 [5000/20000 (25.0%)]	Loss: 0.024126246571540833
[2023-05-03 19:23:49] Train Epoch: 5 [6000/20000 (30.0%)]	Loss: 0.0018510747468098998
[2023-05-03 19:23:53] Train Epoch: 5 [7000/20000 (35.0%)]	Loss: 0.03222837299108505
[2023-05-03 19:23:57] Train Epoch: 5 [8000/20000 (40.0%)]	Loss: 0.0017112160567194223
[2023-05-03 19:24:00] Train Epoch: 5 [9000/20000 (45.0%)]	Loss: 0.21634511649608612
[2023-05-03 19:24:04] Train Epoch: 5 [10000/20000 (50.0%)]	Loss: 0.011637081392109394
[2023-05-03 19:24:08] Train Epoch: 5 [11000/20000 (55.0%)]	Loss: 0.016841795295476913
[2023-05-03 19:24:12] Train Epoch: 5 [12000/20000 (60.0%)]	Loss: 0.16577723622322083
[2023-05-03 19:24:16] Train Epoch: 5 [13000/20000 (65.0%)]	Loss: 0.01808093674480915
[2023-05-03 19:24:19] Train Epoch: 5 [14000/20000 (70.0%)]	Loss: 0.11121749877929688
[2023-05-03 19:24:23] Train Epoch: 5 [15000/20000 (75.0%)]	Loss: 0.005343863740563393
[2023-05-03 19:24:27] Train Epoch: 5 [16000/20000 (80.0%)]	Loss: 0.052107296884059906
[2023-05-03 19:24:31] Train Epoch: 5 [17000/20000 (85.0%)]	Loss: 0.011147496290504932
[2023-05-03 19:24:34] Train Epoch: 5 [18000/20000 (90.0%)]	Loss: 0.005099284928292036
[2023-05-03 19:24:38] Train Epoch: 5 [19000/20000 (95.0%)]	Loss: 0.0023344866931438446
[2023-05-03 19:24:50] ========== Metrics ==========
[2023-05-03 19:24:50] {
  "tr_loss": 0.05143608896410873,
  "tr_acc": 0.9840484048404841,
  "tr_f1": 0.9840236390043571,
  "val_loss": 0.6127164784873818,
  "val_acc": 0.8237697637235744,
  "val_f1": 0.8238010657193605,
  "test_loss": 0.5437147229667602,
  "test_acc": 0.8265582655826558,
  "test_f1": 0.8202247191011235
}
[2023-05-03 19:24:50] ========== Metrics ==========
[2023-05-03 19:24:51] Train Epoch: 6 [0/20000 (0.0%)]	Loss: 0.006750893779098988
[2023-05-03 19:24:55] Train Epoch: 6 [1000/20000 (5.0%)]	Loss: 0.01341240108013153
[2023-05-03 19:24:59] Train Epoch: 6 [2000/20000 (10.0%)]	Loss: 0.0028494230937212706
[2023-05-03 19:25:03] Train Epoch: 6 [3000/20000 (15.0%)]	Loss: 0.019918398931622505
[2023-05-03 19:25:07] Train Epoch: 6 [4000/20000 (20.0%)]	Loss: 0.0041728513315320015
[2023-05-03 19:25:11] Train Epoch: 6 [5000/20000 (25.0%)]	Loss: 0.0043584736995399
[2023-05-03 19:25:15] Train Epoch: 6 [6000/20000 (30.0%)]	Loss: 0.0021540664602071047
[2023-05-03 19:25:19] Train Epoch: 6 [7000/20000 (35.0%)]	Loss: 0.01528485119342804
[2023-05-03 19:25:22] Train Epoch: 6 [8000/20000 (40.0%)]	Loss: 0.012765767984092236
[2023-05-03 19:25:26] Train Epoch: 6 [9000/20000 (45.0%)]	Loss: 0.030689582228660583
[2023-05-03 19:25:30] Train Epoch: 6 [10000/20000 (50.0%)]	Loss: 0.0016737096011638641
[2023-05-03 19:25:34] Train Epoch: 6 [11000/20000 (55.0%)]	Loss: 0.027471458539366722
[2023-05-03 19:25:38] Train Epoch: 6 [12000/20000 (60.0%)]	Loss: 0.0023378883488476276
[2023-05-03 19:25:42] Train Epoch: 6 [13000/20000 (65.0%)]	Loss: 0.006108186207711697
[2023-05-03 19:25:46] Train Epoch: 6 [14000/20000 (70.0%)]	Loss: 0.025910239666700363
[2023-05-03 19:25:49] Train Epoch: 6 [15000/20000 (75.0%)]	Loss: 0.006415168754756451
[2023-05-03 19:25:53] Train Epoch: 6 [16000/20000 (80.0%)]	Loss: 0.00318235345184803
[2023-05-03 19:25:57] Train Epoch: 6 [17000/20000 (85.0%)]	Loss: 0.009990192949771881
[2023-05-03 19:26:01] Train Epoch: 6 [18000/20000 (90.0%)]	Loss: 0.000828320742584765
[2023-05-03 19:26:05] Train Epoch: 6 [19000/20000 (95.0%)]	Loss: 0.0018484937027096748
[2023-05-03 19:26:18] ========== Metrics ==========
[2023-05-03 19:26:18] {
  "tr_loss": 0.01996832660911004,
  "tr_acc": 0.9952995299529953,
  "tr_f1": 0.995298589576873,
  "val_loss": 0.7804520335462064,
  "val_acc": 0.8264345354414638,
  "val_f1": 0.8229751766624388,
  "test_loss": 0.6199337449681953,
  "test_acc": 0.8509485094850948,
  "test_f1": 0.8450704225352113
}
[2023-05-03 19:26:18] ========== Metrics ==========
[2023-05-03 19:26:19] Train Epoch: 7 [0/20000 (0.0%)]	Loss: 0.0007998707005754113
[2023-05-03 19:26:23] Train Epoch: 7 [1000/20000 (5.0%)]	Loss: 0.0008110837079584599
[2023-05-03 19:26:27] Train Epoch: 7 [2000/20000 (10.0%)]	Loss: 0.0017329879337921739
[2023-05-03 19:26:31] Train Epoch: 7 [3000/20000 (15.0%)]	Loss: 0.006494886241853237
[2023-05-03 19:26:35] Train Epoch: 7 [4000/20000 (20.0%)]	Loss: 0.0012220233911648393
[2023-05-03 19:26:39] Train Epoch: 7 [5000/20000 (25.0%)]	Loss: 0.0014699890743941069
[2023-05-03 19:26:42] Train Epoch: 7 [6000/20000 (30.0%)]	Loss: 0.0025716680102050304
[2023-05-03 19:26:46] Train Epoch: 7 [7000/20000 (35.0%)]	Loss: 0.0024853558279573917
[2023-05-03 19:26:50] Train Epoch: 7 [8000/20000 (40.0%)]	Loss: 0.0020738334860652685
[2023-05-03 19:26:54] Train Epoch: 7 [9000/20000 (45.0%)]	Loss: 0.0017815498868003488
[2023-05-03 19:26:58] Train Epoch: 7 [10000/20000 (50.0%)]	Loss: 0.046728599816560745
[2023-05-03 19:27:02] Train Epoch: 7 [11000/20000 (55.0%)]	Loss: 0.00222161877900362
[2023-05-03 19:27:05] Train Epoch: 7 [12000/20000 (60.0%)]	Loss: 0.008082851767539978
[2023-05-03 19:27:09] Train Epoch: 7 [13000/20000 (65.0%)]	Loss: 0.0033116985578089952
[2023-05-03 19:27:13] Train Epoch: 7 [14000/20000 (70.0%)]	Loss: 0.0032968693412840366
[2023-05-03 19:27:17] Train Epoch: 7 [15000/20000 (75.0%)]	Loss: 0.023613274097442627
[2023-05-03 19:27:20] Train Epoch: 7 [16000/20000 (80.0%)]	Loss: 0.0005784673849120736
[2023-05-03 19:27:24] Train Epoch: 7 [17000/20000 (85.0%)]	Loss: 0.0005127600743435323
[2023-05-03 19:27:28] Train Epoch: 7 [18000/20000 (90.0%)]	Loss: 0.00018242884834762663
[2023-05-03 19:27:32] Train Epoch: 7 [19000/20000 (95.0%)]	Loss: 0.017633069306612015
[2023-05-03 19:27:43] ========== Metrics ==========
[2023-05-03 19:27:43] {
  "tr_loss": 0.016638653944992535,
  "tr_acc": 0.9964496449644964,
  "tr_f1": 0.9964491122780694,
  "val_loss": 0.8057047634328942,
  "val_acc": 0.8266121868893231,
  "val_f1": 0.8296684118673647,
  "test_loss": 0.6262912450807527,
  "test_acc": 0.8536585365853658,
  "test_f1": 0.8524590163934427
}
[2023-05-03 19:27:43] ========== Metrics ==========
[2023-05-03 19:27:44] Train Epoch: 8 [0/20000 (0.0%)]	Loss: 0.003627634374424815
[2023-05-03 19:27:48] Train Epoch: 8 [1000/20000 (5.0%)]	Loss: 0.0016742857405915856
[2023-05-03 19:27:52] Train Epoch: 8 [2000/20000 (10.0%)]	Loss: 0.001377263804897666
[2023-05-03 19:27:56] Train Epoch: 8 [3000/20000 (15.0%)]	Loss: 0.007810535375028849
[2023-05-03 19:28:00] Train Epoch: 8 [4000/20000 (20.0%)]	Loss: 0.0019705872982740402
[2023-05-03 19:28:04] Train Epoch: 8 [5000/20000 (25.0%)]	Loss: 0.002477737609297037
[2023-05-03 19:28:07] Train Epoch: 8 [6000/20000 (30.0%)]	Loss: 0.003054150613024831
[2023-05-03 19:28:11] Train Epoch: 8 [7000/20000 (35.0%)]	Loss: 0.004615929909050465
[2023-05-03 19:28:15] Train Epoch: 8 [8000/20000 (40.0%)]	Loss: 0.003668690798804164
[2023-05-03 19:28:19] Train Epoch: 8 [9000/20000 (45.0%)]	Loss: 0.0002331371360924095
[2023-05-03 19:28:23] Train Epoch: 8 [10000/20000 (50.0%)]	Loss: 0.0028494561556726694
[2023-05-03 19:28:27] Train Epoch: 8 [11000/20000 (55.0%)]	Loss: 0.011198660358786583
[2023-05-03 19:28:30] Train Epoch: 8 [12000/20000 (60.0%)]	Loss: 0.0010818077716976404
[2023-05-03 19:28:34] Train Epoch: 8 [13000/20000 (65.0%)]	Loss: 0.0023297909647226334
[2023-05-03 19:28:38] Train Epoch: 8 [14000/20000 (70.0%)]	Loss: 0.001201435225084424
[2023-05-03 19:28:42] Train Epoch: 8 [15000/20000 (75.0%)]	Loss: 0.014597107656300068
[2023-05-03 19:28:46] Train Epoch: 8 [16000/20000 (80.0%)]	Loss: 0.0036773397587239742
[2023-05-03 19:28:49] Train Epoch: 8 [17000/20000 (85.0%)]	Loss: 0.0010079098865389824
[2023-05-03 19:28:53] Train Epoch: 8 [18000/20000 (90.0%)]	Loss: 0.005522114224731922
[2023-05-03 19:28:57] Train Epoch: 8 [19000/20000 (95.0%)]	Loss: 0.005047743208706379
[2023-05-03 19:29:09] ========== Metrics ==========
[2023-05-03 19:29:09] {
  "tr_loss": 0.014314908765067025,
  "tr_acc": 0.9968496849684968,
  "tr_f1": 0.9968501574921254,
  "val_loss": 0.8242160115433371,
  "val_acc": 0.827678095576479,
  "val_f1": 0.8229280759401241,
  "test_loss": 0.7218994115426288,
  "test_acc": 0.8292682926829268,
  "test_f1": 0.8184438040345821
}
[2023-05-03 19:29:09] ========== Metrics ==========
[2023-05-03 19:29:11] Train Epoch: 9 [0/20000 (0.0%)]	Loss: 0.0076786526478827
[2023-05-03 19:29:14] Train Epoch: 9 [1000/20000 (5.0%)]	Loss: 0.0050088269636034966
[2023-05-03 19:29:18] Train Epoch: 9 [2000/20000 (10.0%)]	Loss: 0.0011210114462301135
[2023-05-03 19:29:22] Train Epoch: 9 [3000/20000 (15.0%)]	Loss: 0.002558401320129633
[2023-05-03 19:29:26] Train Epoch: 9 [4000/20000 (20.0%)]	Loss: 0.0022038277238607407
[2023-05-03 19:29:30] Train Epoch: 9 [5000/20000 (25.0%)]	Loss: 0.0013397072907537222
[2023-05-03 19:29:34] Train Epoch: 9 [6000/20000 (30.0%)]	Loss: 0.0025113834999501705
[2023-05-03 19:29:38] Train Epoch: 9 [7000/20000 (35.0%)]	Loss: 0.003866650629788637
[2023-05-03 19:29:42] Train Epoch: 9 [8000/20000 (40.0%)]	Loss: 0.0013212083140388131
[2023-05-03 19:29:45] Train Epoch: 9 [9000/20000 (45.0%)]	Loss: 0.001390550984069705
[2023-05-03 19:29:49] Train Epoch: 9 [10000/20000 (50.0%)]	Loss: 0.0031383284367620945
[2023-05-03 19:29:53] Train Epoch: 9 [11000/20000 (55.0%)]	Loss: 0.0028570385184139013
[2023-05-03 19:29:57] Train Epoch: 9 [12000/20000 (60.0%)]	Loss: 0.006633820943534374
[2023-05-03 19:30:01] Train Epoch: 9 [13000/20000 (65.0%)]	Loss: 0.0008436747011728585
[2023-05-03 19:30:05] Train Epoch: 9 [14000/20000 (70.0%)]	Loss: 0.0007694730302318931
[2023-05-03 19:30:08] Train Epoch: 9 [15000/20000 (75.0%)]	Loss: 0.0006895152619108558
[2023-05-03 19:30:12] Train Epoch: 9 [16000/20000 (80.0%)]	Loss: 0.010632666759192944
[2023-05-03 19:30:16] Train Epoch: 9 [17000/20000 (85.0%)]	Loss: 0.001581666641868651
[2023-05-03 19:30:20] Train Epoch: 9 [18000/20000 (90.0%)]	Loss: 0.006945644970983267
[2023-05-03 19:30:23] Train Epoch: 9 [19000/20000 (95.0%)]	Loss: 0.029176685959100723
[2023-05-03 19:30:35] Stop At epoch 9/20 due to valid not increase
[2023-05-03 19:30:36] ========== Metrics ==========
[2023-05-03 19:30:36] {
  "tr_loss": 0.012051430039728075,
  "tr_acc": 0.9973497349734973,
  "tr_f1": 0.997349602440366,
  "val_loss": 0.9301787457147772,
  "val_acc": 0.8225262035885592,
  "val_f1": 0.8234670436472874,
  "test_loss": 0.7062916203242976,
  "test_acc": 0.8455284552845529,
  "test_f1": 0.8446866485013624
}
[2023-05-03 19:30:36] ========== Metrics ==========
