[2023-05-02 10:06:22] Train Epoch: 1 [0/20000 (0.0%)]	Loss: 0.6932514905929565
[2023-05-02 10:06:43] Train Epoch: 1 [1000/20000 (5.0%)]	Loss: 0.6922473311424255
[2023-05-02 10:07:14] Train Epoch: 1 [2000/20000 (10.0%)]	Loss: 0.6930330395698547
[2023-05-02 10:08:03] Train Epoch: 1 [3000/20000 (15.0%)]	Loss: 0.6948416829109192
[2023-05-02 10:08:56] Train Epoch: 1 [4000/20000 (20.0%)]	Loss: 0.7090043425559998
[2023-05-02 10:09:46] Train Epoch: 1 [5000/20000 (25.0%)]	Loss: 0.6907609105110168
[2023-05-02 10:10:35] Train Epoch: 1 [6000/20000 (30.0%)]	Loss: 0.6959489583969116
[2023-05-02 10:11:31] Train Epoch: 1 [7000/20000 (35.0%)]	Loss: 0.6863261461257935
[2023-05-02 10:12:26] Train Epoch: 1 [8000/20000 (40.0%)]	Loss: 0.6992594003677368
[2023-05-02 10:13:21] Train Epoch: 1 [9000/20000 (45.0%)]	Loss: 0.6887357234954834
[2023-05-02 10:14:15] Train Epoch: 1 [10000/20000 (50.0%)]	Loss: 0.6981221437454224
[2023-05-02 10:15:08] Train Epoch: 1 [11000/20000 (55.0%)]	Loss: 0.6932934522628784
[2023-05-02 10:16:00] Train Epoch: 1 [12000/20000 (60.0%)]	Loss: 0.6935291886329651
[2023-05-02 10:16:56] Train Epoch: 1 [13000/20000 (65.0%)]	Loss: 0.6929140686988831
[2023-05-02 10:17:53] Train Epoch: 1 [14000/20000 (70.0%)]	Loss: 0.6906824707984924
[2023-05-02 10:18:49] Train Epoch: 1 [15000/20000 (75.0%)]	Loss: 0.6931809782981873
[2023-05-02 10:19:47] Train Epoch: 1 [16000/20000 (80.0%)]	Loss: 0.6931055784225464
[2023-05-02 10:20:43] Train Epoch: 1 [17000/20000 (85.0%)]	Loss: 0.6923298835754395
[2023-05-02 10:21:39] Train Epoch: 1 [18000/20000 (90.0%)]	Loss: 0.6949407458305359
[2023-05-02 10:22:35] Train Epoch: 1 [19000/20000 (95.0%)]	Loss: 0.6874716281890869
[2023-05-02 10:24:28] ========== Metrics ==========
[2023-05-02 10:24:28] {
  "tr_loss": 0.69385231304245,
  "tr_acc": 0.5028502850285028,
  "tr_f1": 0.44120953237410065,
  "val_loss": 0.6945680682496927,
  "val_acc": 0.49955587138035173,
  "val_f1": 0.6662717687477786,
  "test_loss": 0.7137593699664604,
  "test_acc": 0.5067750677506775,
  "test_f1": 0.6726618705035972
}
[2023-05-02 10:24:28] ========== Metrics ==========
[2023-05-02 10:24:33] Train Epoch: 2 [0/20000 (0.0%)]	Loss: 0.6932017803192139
[2023-05-02 10:25:29] Train Epoch: 2 [1000/20000 (5.0%)]	Loss: 0.6934560537338257
[2023-05-02 10:26:27] Train Epoch: 2 [2000/20000 (10.0%)]	Loss: 0.6937487125396729
[2023-05-02 10:27:25] Train Epoch: 2 [3000/20000 (15.0%)]	Loss: 0.6927818655967712
[2023-05-02 10:28:23] Train Epoch: 2 [4000/20000 (20.0%)]	Loss: 0.6893762350082397
[2023-05-02 10:29:18] Train Epoch: 2 [5000/20000 (25.0%)]	Loss: 0.6923516988754272
[2023-05-02 10:30:12] Train Epoch: 2 [6000/20000 (30.0%)]	Loss: 0.6903206706047058
[2023-05-02 10:31:06] Train Epoch: 2 [7000/20000 (35.0%)]	Loss: 0.6927663683891296
[2023-05-02 10:32:00] Train Epoch: 2 [8000/20000 (40.0%)]	Loss: 0.6938265562057495
[2023-05-02 10:32:54] Train Epoch: 2 [9000/20000 (45.0%)]	Loss: 0.6949824094772339
[2023-05-02 10:33:47] Train Epoch: 2 [10000/20000 (50.0%)]	Loss: 0.6924636363983154
[2023-05-02 10:34:45] Train Epoch: 2 [11000/20000 (55.0%)]	Loss: 0.6937167048454285
[2023-05-02 10:35:40] Train Epoch: 2 [12000/20000 (60.0%)]	Loss: 0.6920487880706787
[2023-05-02 10:36:33] Train Epoch: 2 [13000/20000 (65.0%)]	Loss: 0.6903360486030579
[2023-05-02 10:37:28] Train Epoch: 2 [14000/20000 (70.0%)]	Loss: 0.6915016174316406
[2023-05-02 10:38:26] Train Epoch: 2 [15000/20000 (75.0%)]	Loss: 0.692696750164032
[2023-05-02 10:39:31] Train Epoch: 2 [16000/20000 (80.0%)]	Loss: 0.693474292755127
[2023-05-02 10:40:30] Train Epoch: 2 [17000/20000 (85.0%)]	Loss: 0.6931540966033936
[2023-05-02 10:41:36] Train Epoch: 2 [18000/20000 (90.0%)]	Loss: 0.6938841342926025
[2023-05-02 10:42:34] Train Epoch: 2 [19000/20000 (95.0%)]	Loss: 0.692218542098999
[2023-05-02 10:44:29] ========== Metrics ==========
[2023-05-02 10:44:29] {
  "tr_loss": 0.6933346185961751,
  "tr_acc": 0.495999599959996,
  "tr_f1": 0.5392878365406591,
  "val_loss": 0.6945021047878486,
  "val_acc": 0.49955587138035173,
  "val_f1": 0.6662717687477786,
  "test_loss": 0.7138057032897867,
  "test_acc": 0.5067750677506775,
  "test_f1": 0.6726618705035972
}
[2023-05-02 10:44:29] ========== Metrics ==========
[2023-05-02 10:44:34] Train Epoch: 3 [0/20000 (0.0%)]	Loss: 0.693094789981842
[2023-05-02 10:45:27] Train Epoch: 3 [1000/20000 (5.0%)]	Loss: 0.6937574744224548
[2023-05-02 10:46:19] Train Epoch: 3 [2000/20000 (10.0%)]	Loss: 0.6962844133377075
[2023-05-02 10:47:11] Train Epoch: 3 [3000/20000 (15.0%)]	Loss: 0.6937292218208313
[2023-05-02 10:48:02] Train Epoch: 3 [4000/20000 (20.0%)]	Loss: 0.6934203505516052
[2023-05-02 10:48:53] Train Epoch: 3 [5000/20000 (25.0%)]	Loss: 0.6954752206802368
[2023-05-02 10:49:43] Train Epoch: 3 [6000/20000 (30.0%)]	Loss: 0.6892677545547485
[2023-05-02 10:50:27] Train Epoch: 3 [7000/20000 (35.0%)]	Loss: 0.6911514401435852
[2023-05-02 10:51:12] Train Epoch: 3 [8000/20000 (40.0%)]	Loss: 0.6932289004325867
[2023-05-02 10:51:50] Train Epoch: 3 [9000/20000 (45.0%)]	Loss: 0.6946255564689636
[2023-05-02 10:52:28] Train Epoch: 3 [10000/20000 (50.0%)]	Loss: 0.6931495070457458
[2023-05-02 10:53:04] Train Epoch: 3 [11000/20000 (55.0%)]	Loss: 0.6931591033935547
[2023-05-02 10:53:41] Train Epoch: 3 [12000/20000 (60.0%)]	Loss: 0.6953338384628296
[2023-05-02 10:54:16] Train Epoch: 3 [13000/20000 (65.0%)]	Loss: 0.6924418210983276
[2023-05-02 10:54:51] Train Epoch: 3 [14000/20000 (70.0%)]	Loss: 0.6931588053703308
[2023-05-02 10:55:28] Train Epoch: 3 [15000/20000 (75.0%)]	Loss: 0.6933073997497559
[2023-05-02 10:56:05] Train Epoch: 3 [16000/20000 (80.0%)]	Loss: 0.6935030221939087
[2023-05-02 10:56:40] Train Epoch: 3 [17000/20000 (85.0%)]	Loss: 0.6935381889343262
[2023-05-02 10:57:17] Train Epoch: 3 [18000/20000 (90.0%)]	Loss: 0.6910633444786072
[2023-05-02 10:57:53] Train Epoch: 3 [19000/20000 (95.0%)]	Loss: 0.6949623227119446
[2023-05-02 10:59:27] ========== Metrics ==========
[2023-05-02 10:59:27] {
  "tr_loss": 0.6933786790005408,
  "tr_acc": 0.4972997299729973,
  "tr_f1": 0.4957616491949642,
  "val_loss": 0.6945635302915182,
  "val_acc": 0.49955587138035173,
  "val_f1": 0.6662717687477786,
  "test_loss": 0.7137608980421775,
  "test_acc": 0.5067750677506775,
  "test_f1": 0.6726618705035972
}
[2023-05-02 10:59:27] ========== Metrics ==========
[2023-05-02 10:59:31] Train Epoch: 4 [0/20000 (0.0%)]	Loss: 0.6908648014068604
[2023-05-02 11:00:11] Train Epoch: 4 [1000/20000 (5.0%)]	Loss: 0.6928213834762573
[2023-05-02 11:00:52] Train Epoch: 4 [2000/20000 (10.0%)]	Loss: 0.691879391670227
[2023-05-02 11:01:33] Train Epoch: 4 [3000/20000 (15.0%)]	Loss: 0.6961137652397156
[2023-05-02 11:02:14] Train Epoch: 4 [4000/20000 (20.0%)]	Loss: 0.6904102563858032
[2023-05-02 11:02:54] Train Epoch: 4 [5000/20000 (25.0%)]	Loss: 0.6928626298904419
[2023-05-02 11:03:35] Train Epoch: 4 [6000/20000 (30.0%)]	Loss: 0.6948850750923157
[2023-05-02 11:04:15] Train Epoch: 4 [7000/20000 (35.0%)]	Loss: 0.6933156251907349
[2023-05-02 11:04:56] Train Epoch: 4 [8000/20000 (40.0%)]	Loss: 0.6964206695556641
[2023-05-02 11:05:38] Train Epoch: 4 [9000/20000 (45.0%)]	Loss: 0.6910980939865112
[2023-05-02 11:06:19] Train Epoch: 4 [10000/20000 (50.0%)]	Loss: 0.6943687796592712
[2023-05-02 11:07:00] Train Epoch: 4 [11000/20000 (55.0%)]	Loss: 0.6979969143867493
[2023-05-02 11:07:42] Train Epoch: 4 [12000/20000 (60.0%)]	Loss: 0.6867889165878296
[2023-05-02 11:08:22] Train Epoch: 4 [13000/20000 (65.0%)]	Loss: 0.6944543719291687
[2023-05-02 11:09:04] Train Epoch: 4 [14000/20000 (70.0%)]	Loss: 0.694706380367279
[2023-05-02 11:09:45] Train Epoch: 4 [15000/20000 (75.0%)]	Loss: 0.689850926399231
[2023-05-02 11:10:26] Train Epoch: 4 [16000/20000 (80.0%)]	Loss: 0.6926910877227783
[2023-05-02 11:11:08] Train Epoch: 4 [17000/20000 (85.0%)]	Loss: 0.6949044466018677
[2023-05-02 11:11:50] Train Epoch: 4 [18000/20000 (90.0%)]	Loss: 0.6958379745483398
[2023-05-02 11:12:32] Train Epoch: 4 [19000/20000 (95.0%)]	Loss: 0.6931771636009216
[2023-05-02 11:14:18] ========== Metrics ==========
[2023-05-02 11:14:18] {
  "tr_loss": 0.6933092214975587,
  "tr_acc": 0.5011001100110011,
  "tr_f1": 0.538507794070031,
  "val_loss": 0.6945072439810082,
  "val_acc": 0.5004441286196483,
  "val_f1": 0.0,
  "test_loss": 0.7138602520392193,
  "test_acc": 0.4932249322493225,
  "test_f1": 0.0
}
[2023-05-02 11:14:18] ========== Metrics ==========
[2023-05-02 11:14:22] Train Epoch: 5 [0/20000 (0.0%)]	Loss: 0.6927486062049866
[2023-05-02 11:15:02] Train Epoch: 5 [1000/20000 (5.0%)]	Loss: 0.6931464076042175
[2023-05-02 11:15:45] Train Epoch: 5 [2000/20000 (10.0%)]	Loss: 0.693623423576355
[2023-05-02 11:16:26] Train Epoch: 5 [3000/20000 (15.0%)]	Loss: 0.6931535005569458
[2023-05-02 11:17:07] Train Epoch: 5 [4000/20000 (20.0%)]	Loss: 0.6937130093574524
[2023-05-02 11:17:49] Train Epoch: 5 [5000/20000 (25.0%)]	Loss: 0.6924328804016113
[2023-05-02 11:18:32] Train Epoch: 5 [6000/20000 (30.0%)]	Loss: 0.6931589841842651
[2023-05-02 11:19:14] Train Epoch: 5 [7000/20000 (35.0%)]	Loss: 0.6917614340782166
[2023-05-02 11:19:59] Train Epoch: 5 [8000/20000 (40.0%)]	Loss: 0.6913999915122986
[2023-05-02 11:20:52] Train Epoch: 5 [9000/20000 (45.0%)]	Loss: 0.6932582855224609
[2023-05-02 11:21:43] Train Epoch: 5 [10000/20000 (50.0%)]	Loss: 0.696592390537262
[2023-05-02 11:22:40] Train Epoch: 5 [11000/20000 (55.0%)]	Loss: 0.6936218738555908
[2023-05-02 11:23:37] Train Epoch: 5 [12000/20000 (60.0%)]	Loss: 0.6918989419937134
[2023-05-02 11:24:20] Train Epoch: 5 [13000/20000 (65.0%)]	Loss: 0.6917235255241394
[2023-05-02 11:25:03] Train Epoch: 5 [14000/20000 (70.0%)]	Loss: 0.6930637955665588
[2023-05-02 11:25:45] Train Epoch: 5 [15000/20000 (75.0%)]	Loss: 0.6926392912864685
[2023-05-02 11:26:30] Train Epoch: 5 [16000/20000 (80.0%)]	Loss: 0.6931706666946411
[2023-05-02 11:27:16] Train Epoch: 5 [17000/20000 (85.0%)]	Loss: 0.6938978433609009
[2023-05-02 11:28:01] Train Epoch: 5 [18000/20000 (90.0%)]	Loss: 0.6935996413230896
[2023-05-02 11:28:46] Train Epoch: 5 [19000/20000 (95.0%)]	Loss: 0.6926754713058472
[2023-05-02 11:30:30] ========== Metrics ==========
[2023-05-02 11:30:30] {
  "tr_loss": 0.6933024402546494,
  "tr_acc": 0.4956995699569957,
  "tr_f1": 0.5564888517524957,
  "val_loss": 0.69458131765595,
  "val_acc": 0.5004441286196483,
  "val_f1": 0.0,
  "test_loss": 0.7141543726934004,
  "test_acc": 0.4932249322493225,
  "test_f1": 0.0
}
[2023-05-02 11:30:30] ========== Metrics ==========
[2023-05-02 11:30:34] Train Epoch: 6 [0/20000 (0.0%)]	Loss: 0.6989400386810303
[2023-05-02 11:31:17] Train Epoch: 6 [1000/20000 (5.0%)]	Loss: 0.6946148872375488
[2023-05-02 11:32:01] Train Epoch: 6 [2000/20000 (10.0%)]	Loss: 0.6894930005073547
[2023-05-02 11:32:45] Train Epoch: 6 [3000/20000 (15.0%)]	Loss: 0.6984103918075562
[2023-05-02 11:33:28] Train Epoch: 6 [4000/20000 (20.0%)]	Loss: 0.6880950927734375
[2023-05-02 11:34:12] Train Epoch: 6 [5000/20000 (25.0%)]	Loss: 0.693233072757721
[2023-05-02 11:34:55] Train Epoch: 6 [6000/20000 (30.0%)]	Loss: 0.6932311058044434
[2023-05-02 11:36:37] Train Epoch: 6 [7000/20000 (35.0%)]	Loss: 0.6957687735557556
[2023-05-02 11:37:20] Train Epoch: 6 [8000/20000 (40.0%)]	Loss: 0.6958903074264526
[2023-05-02 11:38:06] Train Epoch: 6 [9000/20000 (45.0%)]	Loss: 0.6932386159896851
[2023-05-02 11:40:32] Train Epoch: 6 [10000/20000 (50.0%)]	Loss: 0.6997936964035034
[2023-05-02 11:41:14] Train Epoch: 6 [11000/20000 (55.0%)]	Loss: 0.6943400502204895
[2023-05-02 11:41:57] Train Epoch: 6 [12000/20000 (60.0%)]	Loss: 0.6943002939224243
[2023-05-02 11:42:39] Train Epoch: 6 [13000/20000 (65.0%)]	Loss: 0.6952821016311646
[2023-05-02 11:43:20] Train Epoch: 6 [14000/20000 (70.0%)]	Loss: 0.6931976079940796
[2023-05-02 11:44:03] Train Epoch: 6 [15000/20000 (75.0%)]	Loss: 0.6946827173233032
[2023-05-02 11:44:45] Train Epoch: 6 [16000/20000 (80.0%)]	Loss: 0.6917840242385864
[2023-05-02 11:45:27] Train Epoch: 6 [17000/20000 (85.0%)]	Loss: 0.6924390196800232
[2023-05-02 11:46:09] Train Epoch: 6 [18000/20000 (90.0%)]	Loss: 0.6924629211425781
[2023-05-02 11:46:51] Train Epoch: 6 [19000/20000 (95.0%)]	Loss: 0.6956595182418823
[2023-05-02 11:48:40] ========== Metrics ==========
[2023-05-02 11:48:40] {
  "tr_loss": 0.6932888501095097,
  "tr_acc": 0.5,
  "tr_f1": 0.0,
  "val_loss": 0.694519750261671,
  "val_acc": 0.5004441286196483,
  "val_f1": 0.0,
  "test_loss": 0.7139303076881057,
  "test_acc": 0.4932249322493225,
  "test_f1": 0.0
}
[2023-05-02 11:48:40] ========== Metrics ==========
[2023-05-02 11:48:44] Train Epoch: 7 [0/20000 (0.0%)]	Loss: 0.6964964866638184
[2023-05-02 11:49:30] Train Epoch: 7 [1000/20000 (5.0%)]	Loss: 0.6923700571060181
[2023-05-02 11:50:18] Train Epoch: 7 [2000/20000 (10.0%)]	Loss: 0.6940214037895203
[2023-05-02 11:51:02] Train Epoch: 7 [3000/20000 (15.0%)]	Loss: 0.6906731724739075
[2023-05-02 11:51:48] Train Epoch: 7 [4000/20000 (20.0%)]	Loss: 0.6940587759017944
[2023-05-02 11:52:32] Train Epoch: 7 [5000/20000 (25.0%)]	Loss: 0.6914963126182556
[2023-05-02 11:53:17] Train Epoch: 7 [6000/20000 (30.0%)]	Loss: 0.6923173666000366
[2023-05-02 11:54:01] Train Epoch: 7 [7000/20000 (35.0%)]	Loss: 0.6915157437324524
[2023-05-02 11:54:46] Train Epoch: 7 [8000/20000 (40.0%)]	Loss: 0.69477379322052
[2023-05-02 11:55:30] Train Epoch: 7 [9000/20000 (45.0%)]	Loss: 0.6976429224014282
[2023-05-02 11:56:14] Train Epoch: 7 [10000/20000 (50.0%)]	Loss: 0.6915294528007507
[2023-05-02 11:57:00] Train Epoch: 7 [11000/20000 (55.0%)]	Loss: 0.6949442625045776
[2023-05-02 11:57:45] Train Epoch: 7 [12000/20000 (60.0%)]	Loss: 0.6916801929473877
[2023-05-02 11:58:30] Train Epoch: 7 [13000/20000 (65.0%)]	Loss: 0.6917234659194946
[2023-05-02 11:59:14] Train Epoch: 7 [14000/20000 (70.0%)]	Loss: 0.6945506930351257
[2023-05-02 11:59:56] Train Epoch: 7 [15000/20000 (75.0%)]	Loss: 0.6949014663696289
[2023-05-02 12:00:40] Train Epoch: 7 [16000/20000 (80.0%)]	Loss: 0.6926597952842712
[2023-05-02 12:07:58] Train Epoch: 7 [17000/20000 (85.0%)]	Loss: 0.6921333074569702
[2023-05-02 12:14:39] Train Epoch: 7 [18000/20000 (90.0%)]	Loss: 0.6921530365943909
[2023-05-02 12:21:15] Train Epoch: 7 [19000/20000 (95.0%)]	Loss: 0.6923705339431763
[2023-05-02 12:31:11] ========== Metrics ==========
[2023-05-02 12:31:11] {
  "tr_loss": 0.6932471715065107,
  "tr_acc": 0.5,
  "tr_f1": 0.0,
  "val_loss": 0.6945059968260852,
  "val_acc": 0.5004441286196483,
  "val_f1": 0.0,
  "test_loss": 0.7138904355728852,
  "test_acc": 0.4932249322493225,
  "test_f1": 0.0
}
[2023-05-02 12:31:11] ========== Metrics ==========
[2023-05-02 12:32:03] Train Epoch: 8 [0/20000 (0.0%)]	Loss: 0.6948432922363281
[2023-05-02 12:36:17] Train Epoch: 8 [1000/20000 (5.0%)]	Loss: 0.6941274404525757
[2023-05-02 12:41:19] Train Epoch: 8 [2000/20000 (10.0%)]	Loss: 0.6920645833015442
[2023-05-02 12:45:38] Train Epoch: 8 [3000/20000 (15.0%)]	Loss: 0.6946748495101929
[2023-05-02 12:49:04] Train Epoch: 8 [4000/20000 (20.0%)]	Loss: 0.6944999694824219
[2023-05-02 12:53:05] Train Epoch: 8 [5000/20000 (25.0%)]	Loss: 0.6963549256324768
[2023-05-02 12:56:17] Train Epoch: 8 [6000/20000 (30.0%)]	Loss: 0.6938116550445557
[2023-05-02 12:58:57] Train Epoch: 8 [7000/20000 (35.0%)]	Loss: 0.6925801634788513
[2023-05-02 13:02:05] Train Epoch: 8 [8000/20000 (40.0%)]	Loss: 0.6936197280883789
[2023-05-02 13:04:44] Train Epoch: 8 [9000/20000 (45.0%)]	Loss: 0.6935293674468994
[2023-05-02 13:07:48] Train Epoch: 8 [10000/20000 (50.0%)]	Loss: 0.6924606561660767
[2023-05-02 13:10:27] Train Epoch: 8 [11000/20000 (55.0%)]	Loss: 0.6929086446762085
[2023-05-02 13:12:10] Train Epoch: 8 [12000/20000 (60.0%)]	Loss: 0.6936396360397339
[2023-05-02 13:14:32] Train Epoch: 8 [13000/20000 (65.0%)]	Loss: 0.6933692693710327
[2023-05-02 13:18:00] Train Epoch: 8 [14000/20000 (70.0%)]	Loss: 0.6931480169296265
[2023-05-02 13:19:45] Train Epoch: 8 [15000/20000 (75.0%)]	Loss: 0.6931474804878235
[2023-05-02 13:22:43] Train Epoch: 8 [16000/20000 (80.0%)]	Loss: 0.6930720806121826
[2023-05-02 13:25:09] Train Epoch: 8 [17000/20000 (85.0%)]	Loss: 0.6927371621131897
[2023-05-02 13:26:05] Train Epoch: 8 [18000/20000 (90.0%)]	Loss: 0.693450391292572
[2023-05-02 13:29:06] Train Epoch: 8 [19000/20000 (95.0%)]	Loss: 0.6923843622207642
[2023-05-02 13:33:26] ========== Metrics ==========
[2023-05-02 13:33:26] {
  "tr_loss": 0.6932373889292082,
  "tr_acc": 0.5,
  "tr_f1": 0.0,
  "val_loss": 0.6945020651855441,
  "val_acc": 0.5004441286196483,
  "val_f1": 0.0,
  "test_loss": 0.7138555192042818,
  "test_acc": 0.4932249322493225,
  "test_f1": 0.0
}
[2023-05-02 13:33:26] ========== Metrics ==========
[2023-05-02 13:33:31] Train Epoch: 9 [0/20000 (0.0%)]	Loss: 0.6926497220993042
[2023-05-02 13:37:05] Train Epoch: 9 [1000/20000 (5.0%)]	Loss: 0.6936823725700378
[2023-05-02 13:39:58] Train Epoch: 9 [2000/20000 (10.0%)]	Loss: 0.6929709911346436
[2023-05-02 13:40:55] Train Epoch: 9 [3000/20000 (15.0%)]	Loss: 0.6933528780937195
[2023-05-02 13:41:32] Train Epoch: 9 [4000/20000 (20.0%)]	Loss: 0.6945357322692871
[2023-05-02 13:45:25] Train Epoch: 9 [5000/20000 (25.0%)]	Loss: 0.6941900253295898
[2023-05-02 13:48:17] Train Epoch: 9 [6000/20000 (30.0%)]	Loss: 0.6931489109992981
[2023-05-02 13:49:01] Train Epoch: 9 [7000/20000 (35.0%)]	Loss: 0.6926484704017639
[2023-05-02 13:49:43] Train Epoch: 9 [8000/20000 (40.0%)]	Loss: 0.6930170655250549
[2023-05-02 13:52:24] Train Epoch: 9 [9000/20000 (45.0%)]	Loss: 0.6929711699485779
[2023-05-02 13:54:59] Train Epoch: 9 [10000/20000 (50.0%)]	Loss: 0.6932505369186401
[2023-05-02 13:56:33] Train Epoch: 9 [11000/20000 (55.0%)]	Loss: 0.6933433413505554
[2023-05-02 13:57:14] Train Epoch: 9 [12000/20000 (60.0%)]	Loss: 0.693067729473114
[2023-05-02 14:00:15] Train Epoch: 9 [13000/20000 (65.0%)]	Loss: 0.6928869485855103
[2023-05-02 14:02:33] Train Epoch: 9 [14000/20000 (70.0%)]	Loss: 0.6934646368026733
[2023-05-02 14:04:21] Train Epoch: 9 [15000/20000 (75.0%)]	Loss: 0.6932789087295532
[2023-05-02 14:05:07] Train Epoch: 9 [16000/20000 (80.0%)]	Loss: 0.6930171251296997
[2023-05-02 14:06:12] Train Epoch: 9 [17000/20000 (85.0%)]	Loss: 0.6931474208831787
[2023-05-02 14:10:14] Train Epoch: 9 [18000/20000 (90.0%)]	Loss: 0.6931165456771851
[2023-05-02 14:12:25] Train Epoch: 9 [19000/20000 (95.0%)]	Loss: 0.6931472420692444
[2023-05-02 14:17:18] ========== Metrics ==========
[2023-05-02 14:17:18] {
  "tr_loss": 0.693230114050872,
  "tr_acc": 0.4984998499849985,
  "tr_f1": 0.16278487352867518,
  "val_loss": 0.694502811699571,
  "val_acc": 0.5004441286196483,
  "val_f1": 0.0,
  "test_loss": 0.7138179117425024,
  "test_acc": 0.4932249322493225,
  "test_f1": 0.0
}
[2023-05-02 14:17:18] ========== Metrics ==========
[2023-05-02 14:17:34] Train Epoch: 10 [0/20000 (0.0%)]	Loss: 0.6931487321853638
[2023-05-02 14:20:07] Train Epoch: 10 [1000/20000 (5.0%)]	Loss: 0.6929582357406616
[2023-05-02 14:21:11] Train Epoch: 10 [2000/20000 (10.0%)]	Loss: 0.6926764249801636
[2023-05-02 14:21:48] Train Epoch: 10 [3000/20000 (15.0%)]	Loss: 0.6931538581848145
[2023-05-02 14:22:46] Train Epoch: 10 [4000/20000 (20.0%)]	Loss: 0.6933651566505432
[2023-05-02 14:26:57] Train Epoch: 10 [5000/20000 (25.0%)]	Loss: 0.6930655241012573
[2023-05-02 14:29:33] Train Epoch: 10 [6000/20000 (30.0%)]	Loss: 0.6931470632553101
[2023-05-02 14:30:32] Train Epoch: 10 [7000/20000 (35.0%)]	Loss: 0.6933571100234985
[2023-05-02 14:31:11] Train Epoch: 10 [8000/20000 (40.0%)]	Loss: 0.6932780742645264
[2023-05-02 14:31:46] Train Epoch: 10 [9000/20000 (45.0%)]	Loss: 0.6931924223899841
[2023-05-02 14:35:42] Train Epoch: 10 [10000/20000 (50.0%)]	Loss: 0.6934487819671631
[2023-05-02 14:37:56] Train Epoch: 10 [11000/20000 (55.0%)]	Loss: 0.693147599697113
[2023-05-02 14:39:45] Train Epoch: 10 [12000/20000 (60.0%)]	Loss: 0.6931473612785339
[2023-05-02 14:40:25] Train Epoch: 10 [13000/20000 (65.0%)]	Loss: 0.6934484243392944
[2023-05-02 14:41:00] Train Epoch: 10 [14000/20000 (70.0%)]	Loss: 0.6929090023040771
[2023-05-02 14:41:53] Train Epoch: 10 [15000/20000 (75.0%)]	Loss: 0.6931633949279785
[2023-05-02 14:45:42] Train Epoch: 10 [16000/20000 (80.0%)]	Loss: 0.6936019062995911
[2023-05-02 14:47:45] Train Epoch: 10 [17000/20000 (85.0%)]	Loss: 0.6933194398880005
[2023-05-02 14:49:31] Train Epoch: 10 [18000/20000 (90.0%)]	Loss: 0.6928963661193848
[2023-05-02 14:50:07] Train Epoch: 10 [19000/20000 (95.0%)]	Loss: 0.6929588913917542
[2023-05-02 14:54:28] Stop At epoch 10/20 due to valid not increase
[2023-05-02 14:54:58] ========== Metrics ==========
[2023-05-02 14:54:58] {
  "tr_loss": 0.6932339465955529,
  "tr_acc": 0.4975997599759976,
  "tr_f1": 0.1777559538423766,
  "val_loss": 0.6945018193124136,
  "val_acc": 0.5004441286196483,
  "val_f1": 0.0,
  "test_loss": 0.7138597254507587,
  "test_acc": 0.4932249322493225,
  "test_f1": 0.0
}
[2023-05-02 14:54:58] ========== Metrics ==========
