[2023-05-03 16:19:39] Train Epoch: 1 [0/20000 (0.0%)]	Loss: 0.7274674773216248
[2023-05-03 16:19:40] Train Epoch: 1 [1000/20000 (5.0%)]	Loss: 0.6836212277412415
[2023-05-03 16:19:41] Train Epoch: 1 [2000/20000 (10.0%)]	Loss: 0.545066237449646
[2023-05-03 16:19:42] Train Epoch: 1 [3000/20000 (15.0%)]	Loss: 0.5030857920646667
[2023-05-03 16:19:43] Train Epoch: 1 [4000/20000 (20.0%)]	Loss: 0.38911300897598267
[2023-05-03 16:19:44] Train Epoch: 1 [5000/20000 (25.0%)]	Loss: 0.5886493921279907
[2023-05-03 16:19:45] Train Epoch: 1 [6000/20000 (30.0%)]	Loss: 0.6005725860595703
[2023-05-03 16:19:46] Train Epoch: 1 [7000/20000 (35.0%)]	Loss: 0.31644874811172485
[2023-05-03 16:19:47] Train Epoch: 1 [8000/20000 (40.0%)]	Loss: 0.5215317010879517
[2023-05-03 16:19:48] Train Epoch: 1 [9000/20000 (45.0%)]	Loss: 0.678124725818634
[2023-05-03 16:19:49] Train Epoch: 1 [10000/20000 (50.0%)]	Loss: 0.6253868341445923
[2023-05-03 16:19:50] Train Epoch: 1 [11000/20000 (55.0%)]	Loss: 0.504082977771759
[2023-05-03 16:19:51] Train Epoch: 1 [12000/20000 (60.0%)]	Loss: 0.3102601170539856
[2023-05-03 16:19:52] Train Epoch: 1 [13000/20000 (65.0%)]	Loss: 0.5843137502670288
[2023-05-03 16:19:53] Train Epoch: 1 [14000/20000 (70.0%)]	Loss: 0.72147536277771
[2023-05-03 16:19:54] Train Epoch: 1 [15000/20000 (75.0%)]	Loss: 0.358771413564682
[2023-05-03 16:19:56] Train Epoch: 1 [16000/20000 (80.0%)]	Loss: 0.3374173045158386
[2023-05-03 16:19:57] Train Epoch: 1 [17000/20000 (85.0%)]	Loss: 0.43977752327919006
[2023-05-03 16:19:58] Train Epoch: 1 [18000/20000 (90.0%)]	Loss: 0.4162313938140869
[2023-05-03 16:20:00] Train Epoch: 1 [19000/20000 (95.0%)]	Loss: 0.833742618560791
[2023-05-03 16:20:06] ========== Metrics ==========
[2023-05-03 16:20:06] {
  "tr_loss": 0.47562311340396507,
  "tr_acc": 0.7773777377737774,
  "tr_f1": 0.776685393258427,
  "val_loss": 0.40505397487097555,
  "val_acc": 0.8232368093799964,
  "val_f1": 0.8110161443494777,
  "test_loss": 0.4202510477081547,
  "test_acc": 0.8211382113821138,
  "test_f1": 0.8000000000000002
}
[2023-05-03 16:20:06] ========== Metrics ==========
[2023-05-03 16:20:07] Train Epoch: 2 [0/20000 (0.0%)]	Loss: 0.5227156281471252
[2023-05-03 16:20:08] Train Epoch: 2 [1000/20000 (5.0%)]	Loss: 0.3748445510864258
[2023-05-03 16:20:09] Train Epoch: 2 [2000/20000 (10.0%)]	Loss: 0.41140514612197876
[2023-05-03 16:20:11] Train Epoch: 2 [3000/20000 (15.0%)]	Loss: 0.2502411901950836
[2023-05-03 16:20:12] Train Epoch: 2 [4000/20000 (20.0%)]	Loss: 0.22349829971790314
[2023-05-03 16:20:13] Train Epoch: 2 [5000/20000 (25.0%)]	Loss: 0.2964727282524109
[2023-05-03 16:20:15] Train Epoch: 2 [6000/20000 (30.0%)]	Loss: 0.15563778579235077
[2023-05-03 16:20:16] Train Epoch: 2 [7000/20000 (35.0%)]	Loss: 0.2146209180355072
[2023-05-03 16:20:17] Train Epoch: 2 [8000/20000 (40.0%)]	Loss: 0.10409132391214371
[2023-05-03 16:20:19] Train Epoch: 2 [9000/20000 (45.0%)]	Loss: 0.20029810070991516
[2023-05-03 16:20:20] Train Epoch: 2 [10000/20000 (50.0%)]	Loss: 0.36783650517463684
[2023-05-03 16:20:21] Train Epoch: 2 [11000/20000 (55.0%)]	Loss: 0.18729855120182037
[2023-05-03 16:20:23] Train Epoch: 2 [12000/20000 (60.0%)]	Loss: 0.25946876406669617
[2023-05-03 16:20:24] Train Epoch: 2 [13000/20000 (65.0%)]	Loss: 0.43009424209594727
[2023-05-03 16:20:25] Train Epoch: 2 [14000/20000 (70.0%)]	Loss: 0.09781957417726517
[2023-05-03 16:20:27] Train Epoch: 2 [15000/20000 (75.0%)]	Loss: 0.5170184969902039
[2023-05-03 16:20:28] Train Epoch: 2 [16000/20000 (80.0%)]	Loss: 0.320707231760025
[2023-05-03 16:20:30] Train Epoch: 2 [17000/20000 (85.0%)]	Loss: 0.15582408010959625
[2023-05-03 16:20:31] Train Epoch: 2 [18000/20000 (90.0%)]	Loss: 0.12249733507633209
[2023-05-03 16:20:32] Train Epoch: 2 [19000/20000 (95.0%)]	Loss: 0.4434608817100525
[2023-05-03 16:20:39] ========== Metrics ==========
[2023-05-03 16:20:39] {
  "tr_loss": 0.29779134322889617,
  "tr_acc": 0.882988298829883,
  "tr_f1": 0.883046781287485,
  "val_loss": 0.3898491353183048,
  "val_acc": 0.8354947592822881,
  "val_f1": 0.8269805680119582,
  "test_loss": 0.40588813705172966,
  "test_acc": 0.8265582655826558,
  "test_f1": 0.8072289156626505
}
[2023-05-03 16:20:39] ========== Metrics ==========
[2023-05-03 16:20:40] Train Epoch: 3 [0/20000 (0.0%)]	Loss: 0.27859586477279663
[2023-05-03 16:20:41] Train Epoch: 3 [1000/20000 (5.0%)]	Loss: 0.021539300680160522
[2023-05-03 16:20:42] Train Epoch: 3 [2000/20000 (10.0%)]	Loss: 0.06838352233171463
[2023-05-03 16:20:44] Train Epoch: 3 [3000/20000 (15.0%)]	Loss: 0.2863351106643677
[2023-05-03 16:20:45] Train Epoch: 3 [4000/20000 (20.0%)]	Loss: 0.08688946068286896
[2023-05-03 16:20:47] Train Epoch: 3 [5000/20000 (25.0%)]	Loss: 0.37361830472946167
[2023-05-03 16:20:48] Train Epoch: 3 [6000/20000 (30.0%)]	Loss: 0.224819615483284
[2023-05-03 16:20:49] Train Epoch: 3 [7000/20000 (35.0%)]	Loss: 0.2087898999452591
[2023-05-03 16:20:51] Train Epoch: 3 [8000/20000 (40.0%)]	Loss: 0.30278486013412476
[2023-05-03 16:20:52] Train Epoch: 3 [9000/20000 (45.0%)]	Loss: 0.20542767643928528
[2023-05-03 16:20:54] Train Epoch: 3 [10000/20000 (50.0%)]	Loss: 0.20757202804088593
[2023-05-03 16:20:55] Train Epoch: 3 [11000/20000 (55.0%)]	Loss: 0.3130868375301361
[2023-05-03 16:20:56] Train Epoch: 3 [12000/20000 (60.0%)]	Loss: 0.023599773645401
[2023-05-03 16:20:58] Train Epoch: 3 [13000/20000 (65.0%)]	Loss: 0.5472700595855713
[2023-05-03 16:20:59] Train Epoch: 3 [14000/20000 (70.0%)]	Loss: 0.3481045365333557
[2023-05-03 16:21:01] Train Epoch: 3 [15000/20000 (75.0%)]	Loss: 0.15523043274879456
[2023-05-03 16:21:02] Train Epoch: 3 [16000/20000 (80.0%)]	Loss: 0.1639605164527893
[2023-05-03 16:21:03] Train Epoch: 3 [17000/20000 (85.0%)]	Loss: 0.139085590839386
[2023-05-03 16:21:05] Train Epoch: 3 [18000/20000 (90.0%)]	Loss: 0.14811399579048157
[2023-05-03 16:21:06] Train Epoch: 3 [19000/20000 (95.0%)]	Loss: 0.052164893597364426
[2023-05-03 16:21:13] ========== Metrics ==========
[2023-05-03 16:21:13] {
  "tr_loss": 0.174834623105555,
  "tr_acc": 0.9378437843784379,
  "tr_f1": 0.9379213904010387,
  "val_loss": 0.4497287750672989,
  "val_acc": 0.8294546100550719,
  "val_f1": 0.8386554621848741,
  "test_loss": 0.3952655349643573,
  "test_acc": 0.8617886178861789,
  "test_f1": 0.8639999999999999
}
[2023-05-03 16:21:13] ========== Metrics ==========
[2023-05-03 16:21:14] Train Epoch: 4 [0/20000 (0.0%)]	Loss: 0.04063703119754791
[2023-05-03 16:21:15] Train Epoch: 4 [1000/20000 (5.0%)]	Loss: 0.013027273118495941
[2023-05-03 16:21:17] Train Epoch: 4 [2000/20000 (10.0%)]	Loss: 0.061855655163526535
[2023-05-03 16:21:18] Train Epoch: 4 [3000/20000 (15.0%)]	Loss: 0.016671204939484596
[2023-05-03 16:21:20] Train Epoch: 4 [4000/20000 (20.0%)]	Loss: 0.014589890837669373
[2023-05-03 16:21:21] Train Epoch: 4 [5000/20000 (25.0%)]	Loss: 0.022181646898388863
[2023-05-03 16:21:23] Train Epoch: 4 [6000/20000 (30.0%)]	Loss: 0.010365191847085953
[2023-05-03 16:21:24] Train Epoch: 4 [7000/20000 (35.0%)]	Loss: 0.03261108323931694
[2023-05-03 16:21:26] Train Epoch: 4 [8000/20000 (40.0%)]	Loss: 0.12966980040073395
[2023-05-03 16:21:27] Train Epoch: 4 [9000/20000 (45.0%)]	Loss: 0.16316814720630646
[2023-05-03 16:21:29] Train Epoch: 4 [10000/20000 (50.0%)]	Loss: 0.11354075372219086
[2023-05-03 16:21:30] Train Epoch: 4 [11000/20000 (55.0%)]	Loss: 0.1696179360151291
[2023-05-03 16:21:32] Train Epoch: 4 [12000/20000 (60.0%)]	Loss: 0.026438847184181213
[2023-05-03 16:21:33] Train Epoch: 4 [13000/20000 (65.0%)]	Loss: 0.08337385952472687
[2023-05-03 16:21:35] Train Epoch: 4 [14000/20000 (70.0%)]	Loss: 0.3203067183494568
[2023-05-03 16:21:36] Train Epoch: 4 [15000/20000 (75.0%)]	Loss: 0.17374706268310547
[2023-05-03 16:21:37] Train Epoch: 4 [16000/20000 (80.0%)]	Loss: 0.026259813457727432
[2023-05-03 16:21:39] Train Epoch: 4 [17000/20000 (85.0%)]	Loss: 0.027122702449560165
[2023-05-03 16:21:40] Train Epoch: 4 [18000/20000 (90.0%)]	Loss: 0.01973121613264084
[2023-05-03 16:21:42] Train Epoch: 4 [19000/20000 (95.0%)]	Loss: 0.034321557730436325
[2023-05-03 16:21:49] ========== Metrics ==========
[2023-05-03 16:21:49] {
  "tr_loss": 0.0961628562452426,
  "tr_acc": 0.9678967896789679,
  "tr_f1": 0.9679160419790106,
  "val_loss": 0.45212413118329897,
  "val_acc": 0.8314087759815243,
  "val_f1": 0.8362946351561152,
  "test_loss": 0.4219959357243566,
  "test_acc": 0.8373983739837398,
  "test_f1": 0.8360655737704918
}
[2023-05-03 16:21:49] ========== Metrics ==========
[2023-05-03 16:21:49] Train Epoch: 5 [0/20000 (0.0%)]	Loss: 0.01693607307970524
[2023-05-03 16:21:51] Train Epoch: 5 [1000/20000 (5.0%)]	Loss: 0.019847463816404343
[2023-05-03 16:21:52] Train Epoch: 5 [2000/20000 (10.0%)]	Loss: 0.03389554098248482
[2023-05-03 16:21:54] Train Epoch: 5 [3000/20000 (15.0%)]	Loss: 0.0008325153030455112
[2023-05-03 16:21:55] Train Epoch: 5 [4000/20000 (20.0%)]	Loss: 0.05754616856575012
[2023-05-03 16:21:57] Train Epoch: 5 [5000/20000 (25.0%)]	Loss: 0.0045233615674078465
[2023-05-03 16:21:59] Train Epoch: 5 [6000/20000 (30.0%)]	Loss: 0.006220358889549971
[2023-05-03 16:22:00] Train Epoch: 5 [7000/20000 (35.0%)]	Loss: 0.005160144995898008
[2023-05-03 16:22:02] Train Epoch: 5 [8000/20000 (40.0%)]	Loss: 0.013282159343361855
[2023-05-03 16:22:03] Train Epoch: 5 [9000/20000 (45.0%)]	Loss: 0.24482956528663635
[2023-05-03 16:22:05] Train Epoch: 5 [10000/20000 (50.0%)]	Loss: 0.011870536021888256
[2023-05-03 16:22:06] Train Epoch: 5 [11000/20000 (55.0%)]	Loss: 0.0206889845430851
[2023-05-03 16:22:08] Train Epoch: 5 [12000/20000 (60.0%)]	Loss: 0.00603304710239172
[2023-05-03 16:22:09] Train Epoch: 5 [13000/20000 (65.0%)]	Loss: 0.0030361581593751907
[2023-05-03 16:22:11] Train Epoch: 5 [14000/20000 (70.0%)]	Loss: 0.004850232042372227
[2023-05-03 16:22:12] Train Epoch: 5 [15000/20000 (75.0%)]	Loss: 0.011762749403715134
[2023-05-03 16:22:14] Train Epoch: 5 [16000/20000 (80.0%)]	Loss: 0.16404566168785095
[2023-05-03 16:22:15] Train Epoch: 5 [17000/20000 (85.0%)]	Loss: 0.002180415438488126
[2023-05-03 16:22:17] Train Epoch: 5 [18000/20000 (90.0%)]	Loss: 0.051324956119060516
[2023-05-03 16:22:18] Train Epoch: 5 [19000/20000 (95.0%)]	Loss: 0.0021812119521200657
[2023-05-03 16:22:25] ========== Metrics ==========
[2023-05-03 16:22:25] {
  "tr_loss": 0.048387842896633435,
  "tr_acc": 0.9853985398539854,
  "tr_f1": 0.9853985398539854,
  "val_loss": 0.7093700477578769,
  "val_acc": 0.8285663528157754,
  "val_f1": 0.8319108169308483,
  "test_loss": 0.6821116167032298,
  "test_acc": 0.8292682926829268,
  "test_f1": 0.8273972602739725
}
[2023-05-03 16:22:25] ========== Metrics ==========
[2023-05-03 16:22:26] Train Epoch: 6 [0/20000 (0.0%)]	Loss: 0.003371146973222494
[2023-05-03 16:22:27] Train Epoch: 6 [1000/20000 (5.0%)]	Loss: 0.0031149801798164845
[2023-05-03 16:22:29] Train Epoch: 6 [2000/20000 (10.0%)]	Loss: 0.005696422420442104
[2023-05-03 16:22:30] Train Epoch: 6 [3000/20000 (15.0%)]	Loss: 0.0018606561934575438
[2023-05-03 16:22:32] Train Epoch: 6 [4000/20000 (20.0%)]	Loss: 0.00284675695002079
[2023-05-03 16:22:33] Train Epoch: 6 [5000/20000 (25.0%)]	Loss: 0.0016788464272394776
[2023-05-03 16:22:35] Train Epoch: 6 [6000/20000 (30.0%)]	Loss: 0.008040329441428185
[2023-05-03 16:22:36] Train Epoch: 6 [7000/20000 (35.0%)]	Loss: 0.007417907007038593
[2023-05-03 16:22:37] Train Epoch: 6 [8000/20000 (40.0%)]	Loss: 0.008088045753538609
[2023-05-03 16:22:39] Train Epoch: 6 [9000/20000 (45.0%)]	Loss: 0.006609304342418909
[2023-05-03 16:22:40] Train Epoch: 6 [10000/20000 (50.0%)]	Loss: 0.001529532833956182
[2023-05-03 16:22:42] Train Epoch: 6 [11000/20000 (55.0%)]	Loss: 0.004401760641485453
[2023-05-03 16:22:43] Train Epoch: 6 [12000/20000 (60.0%)]	Loss: 0.0013081063516438007
[2023-05-03 16:22:45] Train Epoch: 6 [13000/20000 (65.0%)]	Loss: 0.0012005347525700927
[2023-05-03 16:22:46] Train Epoch: 6 [14000/20000 (70.0%)]	Loss: 0.0010308562777936459
[2023-05-03 16:22:48] Train Epoch: 6 [15000/20000 (75.0%)]	Loss: 0.0016528090927749872
[2023-05-03 16:22:49] Train Epoch: 6 [16000/20000 (80.0%)]	Loss: 0.005720878019928932
[2023-05-03 16:22:51] Train Epoch: 6 [17000/20000 (85.0%)]	Loss: 0.0024231472052633762
[2023-05-03 16:22:52] Train Epoch: 6 [18000/20000 (90.0%)]	Loss: 0.004410794470459223
[2023-05-03 16:22:53] Train Epoch: 6 [19000/20000 (95.0%)]	Loss: 0.003695754799991846
[2023-05-03 16:23:00] ========== Metrics ==========
[2023-05-03 16:23:00] {
  "tr_loss": 0.016608881159237983,
  "tr_acc": 0.995949594959496,
  "tr_f1": 0.9959477712742008,
  "val_loss": 0.7812674298190404,
  "val_acc": 0.8290993071593533,
  "val_f1": 0.8320530726256983,
  "test_loss": 0.7033554164738189,
  "test_acc": 0.8292682926829268,
  "test_f1": 0.8273972602739725
}
[2023-05-03 16:23:00] ========== Metrics ==========
[2023-05-03 16:23:01] Train Epoch: 7 [0/20000 (0.0%)]	Loss: 0.004744584672152996
[2023-05-03 16:23:02] Train Epoch: 7 [1000/20000 (5.0%)]	Loss: 0.011062138713896275
[2023-05-03 16:23:04] Train Epoch: 7 [2000/20000 (10.0%)]	Loss: 0.06719886511564255
[2023-05-03 16:23:05] Train Epoch: 7 [3000/20000 (15.0%)]	Loss: 0.0023078767117112875
[2023-05-03 16:23:07] Train Epoch: 7 [4000/20000 (20.0%)]	Loss: 0.009930566884577274
[2023-05-03 16:23:08] Train Epoch: 7 [5000/20000 (25.0%)]	Loss: 0.0031922347843647003
[2023-05-03 16:23:10] Train Epoch: 7 [6000/20000 (30.0%)]	Loss: 0.0040490999817848206
[2023-05-03 16:23:11] Train Epoch: 7 [7000/20000 (35.0%)]	Loss: 0.001345501164905727
[2023-05-03 16:23:13] Train Epoch: 7 [8000/20000 (40.0%)]	Loss: 0.000613624113611877
[2023-05-03 16:23:14] Train Epoch: 7 [9000/20000 (45.0%)]	Loss: 0.008271888829767704
[2023-05-03 16:23:16] Train Epoch: 7 [10000/20000 (50.0%)]	Loss: 0.004678615368902683
[2023-05-03 16:23:17] Train Epoch: 7 [11000/20000 (55.0%)]	Loss: 0.0008204509504139423
[2023-05-03 16:23:19] Train Epoch: 7 [12000/20000 (60.0%)]	Loss: 0.003216153709217906
[2023-05-03 16:23:20] Train Epoch: 7 [13000/20000 (65.0%)]	Loss: 0.0005877051153220236
[2023-05-03 16:23:22] Train Epoch: 7 [14000/20000 (70.0%)]	Loss: 0.001520409481599927
[2023-05-03 16:23:23] Train Epoch: 7 [15000/20000 (75.0%)]	Loss: 0.0010862525086849928
[2023-05-03 16:23:25] Train Epoch: 7 [16000/20000 (80.0%)]	Loss: 0.0018957008142024279
[2023-05-03 16:23:26] Train Epoch: 7 [17000/20000 (85.0%)]	Loss: 0.006414095871150494
[2023-05-03 16:23:28] Train Epoch: 7 [18000/20000 (90.0%)]	Loss: 0.004154261667281389
[2023-05-03 16:23:29] Train Epoch: 7 [19000/20000 (95.0%)]	Loss: 0.0018699172651395202
[2023-05-03 16:23:35] ========== Metrics ==========
[2023-05-03 16:23:35] {
  "tr_loss": 0.013145597459659344,
  "tr_acc": 0.9968496849684968,
  "tr_f1": 0.9968492123030758,
  "val_loss": 0.9152142031207287,
  "val_acc": 0.8237697637235744,
  "val_f1": 0.8289655172413793,
  "test_loss": 0.824281067706059,
  "test_acc": 0.8373983739837398,
  "test_f1": 0.8378378378378378
}
[2023-05-03 16:23:35] ========== Metrics ==========
[2023-05-03 16:23:36] Train Epoch: 8 [0/20000 (0.0%)]	Loss: 0.4625310003757477
[2023-05-03 16:23:38] Train Epoch: 8 [1000/20000 (5.0%)]	Loss: 0.0005243407795205712
[2023-05-03 16:23:39] Train Epoch: 8 [2000/20000 (10.0%)]	Loss: 0.00041012102155946195
[2023-05-03 16:23:41] Train Epoch: 8 [3000/20000 (15.0%)]	Loss: 0.003544166684150696
[2023-05-03 16:23:42] Train Epoch: 8 [4000/20000 (20.0%)]	Loss: 0.0004909822018817067
[2023-05-03 16:23:44] Train Epoch: 8 [5000/20000 (25.0%)]	Loss: 0.0027130877133458853
[2023-05-03 16:23:45] Train Epoch: 8 [6000/20000 (30.0%)]	Loss: 0.0017552741337567568
[2023-05-03 16:23:47] Train Epoch: 8 [7000/20000 (35.0%)]	Loss: 0.002884755376726389
[2023-05-03 16:23:48] Train Epoch: 8 [8000/20000 (40.0%)]	Loss: 0.0488404706120491
[2023-05-03 16:23:49] Train Epoch: 8 [9000/20000 (45.0%)]	Loss: 0.003535789903253317
[2023-05-03 16:23:51] Train Epoch: 8 [10000/20000 (50.0%)]	Loss: 0.0003776778175961226
[2023-05-03 16:23:52] Train Epoch: 8 [11000/20000 (55.0%)]	Loss: 0.0009341899421997368
[2023-05-03 16:23:54] Train Epoch: 8 [12000/20000 (60.0%)]	Loss: 0.002272142795845866
[2023-05-03 16:23:55] Train Epoch: 8 [13000/20000 (65.0%)]	Loss: 0.0005574998795054853
[2023-05-03 16:23:57] Train Epoch: 8 [14000/20000 (70.0%)]	Loss: 0.0007859565084800124
[2023-05-03 16:23:58] Train Epoch: 8 [15000/20000 (75.0%)]	Loss: 0.0018600786570459604
[2023-05-03 16:24:00] Train Epoch: 8 [16000/20000 (80.0%)]	Loss: 0.000652558752335608
[2023-05-03 16:24:01] Train Epoch: 8 [17000/20000 (85.0%)]	Loss: 0.003465307177975774
[2023-05-03 16:24:02] Train Epoch: 8 [18000/20000 (90.0%)]	Loss: 0.0014833491295576096
[2023-05-03 16:24:04] Train Epoch: 8 [19000/20000 (95.0%)]	Loss: 0.0016026084776967764
[2023-05-03 16:24:09] Stop At epoch 8/20 due to valid not increase
[2023-05-03 16:24:11] ========== Metrics ==========
[2023-05-03 16:24:11] {
  "tr_loss": 0.010909695541473715,
  "tr_acc": 0.9975997599759976,
  "tr_f1": 0.9975990396158464,
  "val_loss": 1.0216906155475467,
  "val_acc": 0.8234144608278557,
  "val_f1": 0.8252461322081576,
  "test_loss": 0.8712184248456787,
  "test_acc": 0.8346883468834688,
  "test_f1": 0.8328767123287671
}
[2023-05-03 16:24:11] ========== Metrics ==========
