[2023-05-03 00:40:47] Train Epoch: 1 [0/20000 (0.0%)]	Loss: 0.6993643641471863
[2023-05-03 00:40:51] Train Epoch: 1 [1000/20000 (5.0%)]	Loss: 0.6290732026100159
[2023-05-03 00:40:54] Train Epoch: 1 [2000/20000 (10.0%)]	Loss: 0.5984965562820435
[2023-05-03 00:40:57] Train Epoch: 1 [3000/20000 (15.0%)]	Loss: 0.6830829381942749
[2023-05-03 00:41:00] Train Epoch: 1 [4000/20000 (20.0%)]	Loss: 0.6875342130661011
[2023-05-03 00:41:03] Train Epoch: 1 [5000/20000 (25.0%)]	Loss: 0.5228405594825745
[2023-05-03 00:41:06] Train Epoch: 1 [6000/20000 (30.0%)]	Loss: 0.4808381497859955
[2023-05-03 00:41:10] Train Epoch: 1 [7000/20000 (35.0%)]	Loss: 0.36293667554855347
[2023-05-03 00:41:13] Train Epoch: 1 [8000/20000 (40.0%)]	Loss: 0.3147374391555786
[2023-05-03 00:41:17] Train Epoch: 1 [9000/20000 (45.0%)]	Loss: 0.5234177112579346
[2023-05-03 00:41:21] Train Epoch: 1 [10000/20000 (50.0%)]	Loss: 0.39086973667144775
[2023-05-03 00:41:24] Train Epoch: 1 [11000/20000 (55.0%)]	Loss: 0.5443621873855591
[2023-05-03 00:41:28] Train Epoch: 1 [12000/20000 (60.0%)]	Loss: 0.54066002368927
[2023-05-03 00:41:32] Train Epoch: 1 [13000/20000 (65.0%)]	Loss: 0.5214108824729919
[2023-05-03 00:41:35] Train Epoch: 1 [14000/20000 (70.0%)]	Loss: 0.322922021150589
[2023-05-03 00:41:39] Train Epoch: 1 [15000/20000 (75.0%)]	Loss: 0.25923436880111694
[2023-05-03 00:41:43] Train Epoch: 1 [16000/20000 (80.0%)]	Loss: 0.2792460322380066
[2023-05-03 00:41:46] Train Epoch: 1 [17000/20000 (85.0%)]	Loss: 0.2706294059753418
[2023-05-03 00:41:50] Train Epoch: 1 [18000/20000 (90.0%)]	Loss: 0.46507126092910767
[2023-05-03 00:41:54] Train Epoch: 1 [19000/20000 (95.0%)]	Loss: 0.25140705704689026
[2023-05-03 00:42:09] ========== Metrics ==========
[2023-05-03 00:42:09] {
  "tr_loss": 0.5124179751920824,
  "tr_acc": 0.7404240424042404,
  "tr_f1": 0.7360553210962525,
  "val_loss": 0.4046772621329798,
  "val_acc": 0.8287440042636347,
  "val_f1": 0.8318800139518662,
  "test_loss": 0.4153177836723121,
  "test_acc": 0.8157181571815718,
  "test_f1": 0.8121546961325967
}
[2023-05-03 00:42:09] ========== Metrics ==========
[2023-05-03 00:42:10] Train Epoch: 2 [0/20000 (0.0%)]	Loss: 0.4739868640899658
[2023-05-03 00:42:14] Train Epoch: 2 [1000/20000 (5.0%)]	Loss: 0.2780028283596039
[2023-05-03 00:42:18] Train Epoch: 2 [2000/20000 (10.0%)]	Loss: 0.15888096392154694
[2023-05-03 00:42:22] Train Epoch: 2 [3000/20000 (15.0%)]	Loss: 0.24535274505615234
[2023-05-03 00:42:26] Train Epoch: 2 [4000/20000 (20.0%)]	Loss: 0.10478860139846802
[2023-05-03 00:42:30] Train Epoch: 2 [5000/20000 (25.0%)]	Loss: 0.37725046277046204
[2023-05-03 00:42:34] Train Epoch: 2 [6000/20000 (30.0%)]	Loss: 0.25327372550964355
[2023-05-03 00:42:37] Train Epoch: 2 [7000/20000 (35.0%)]	Loss: 0.320534348487854
[2023-05-03 00:42:41] Train Epoch: 2 [8000/20000 (40.0%)]	Loss: 0.23088081181049347
[2023-05-03 00:42:45] Train Epoch: 2 [9000/20000 (45.0%)]	Loss: 0.17209747433662415
[2023-05-03 00:42:49] Train Epoch: 2 [10000/20000 (50.0%)]	Loss: 0.16433164477348328
[2023-05-03 00:42:53] Train Epoch: 2 [11000/20000 (55.0%)]	Loss: 0.3084588050842285
[2023-05-03 00:42:57] Train Epoch: 2 [12000/20000 (60.0%)]	Loss: 0.28809258341789246
[2023-05-03 00:43:00] Train Epoch: 2 [13000/20000 (65.0%)]	Loss: 0.11225605010986328
[2023-05-03 00:43:04] Train Epoch: 2 [14000/20000 (70.0%)]	Loss: 0.2086900770664215
[2023-05-03 00:43:08] Train Epoch: 2 [15000/20000 (75.0%)]	Loss: 0.3631631135940552
[2023-05-03 00:43:12] Train Epoch: 2 [16000/20000 (80.0%)]	Loss: 0.320222944021225
[2023-05-03 00:43:15] Train Epoch: 2 [17000/20000 (85.0%)]	Loss: 0.08374471217393875
[2023-05-03 00:43:19] Train Epoch: 2 [18000/20000 (90.0%)]	Loss: 0.39814290404319763
[2023-05-03 00:43:23] Train Epoch: 2 [19000/20000 (95.0%)]	Loss: 0.21544376015663147
[2023-05-03 00:43:38] ========== Metrics ==========
[2023-05-03 00:43:38] {
  "tr_loss": 0.29975903235843077,
  "tr_acc": 0.8804880488048805,
  "tr_f1": 0.8801884900741929,
  "val_loss": 0.43889335210559677,
  "val_acc": 0.8290993071593533,
  "val_f1": 0.8105553367467507,
  "test_loss": 0.4841155887942327,
  "test_acc": 0.8130081300813008,
  "test_f1": 0.7836990595611285
}
[2023-05-03 00:43:38] ========== Metrics ==========
[2023-05-03 00:43:39] Train Epoch: 3 [0/20000 (0.0%)]	Loss: 0.22449210286140442
[2023-05-03 00:43:43] Train Epoch: 3 [1000/20000 (5.0%)]	Loss: 0.19827225804328918
[2023-05-03 00:43:47] Train Epoch: 3 [2000/20000 (10.0%)]	Loss: 0.14497461915016174
[2023-05-03 00:43:51] Train Epoch: 3 [3000/20000 (15.0%)]	Loss: 0.13766956329345703
[2023-05-03 00:43:54] Train Epoch: 3 [4000/20000 (20.0%)]	Loss: 0.13989336788654327
[2023-05-03 00:43:58] Train Epoch: 3 [5000/20000 (25.0%)]	Loss: 0.3684636354446411
[2023-05-03 00:44:02] Train Epoch: 3 [6000/20000 (30.0%)]	Loss: 0.20559623837471008
[2023-05-03 00:44:06] Train Epoch: 3 [7000/20000 (35.0%)]	Loss: 0.15680302679538727
[2023-05-03 00:44:10] Train Epoch: 3 [8000/20000 (40.0%)]	Loss: 0.0894542783498764
[2023-05-03 00:44:13] Train Epoch: 3 [9000/20000 (45.0%)]	Loss: 0.3400925099849701
[2023-05-03 00:44:17] Train Epoch: 3 [10000/20000 (50.0%)]	Loss: 0.027514725923538208
[2023-05-03 00:44:21] Train Epoch: 3 [11000/20000 (55.0%)]	Loss: 0.21475954353809357
[2023-05-03 00:44:25] Train Epoch: 3 [12000/20000 (60.0%)]	Loss: 0.2559219002723694
[2023-05-03 00:44:28] Train Epoch: 3 [13000/20000 (65.0%)]	Loss: 0.193576380610466
[2023-05-03 00:44:32] Train Epoch: 3 [14000/20000 (70.0%)]	Loss: 0.09228558838367462
[2023-05-03 00:44:36] Train Epoch: 3 [15000/20000 (75.0%)]	Loss: 0.3532167375087738
[2023-05-03 00:44:40] Train Epoch: 3 [16000/20000 (80.0%)]	Loss: 0.22525379061698914
[2023-05-03 00:44:43] Train Epoch: 3 [17000/20000 (85.0%)]	Loss: 0.09240160882472992
[2023-05-03 00:44:47] Train Epoch: 3 [18000/20000 (90.0%)]	Loss: 0.3127191662788391
[2023-05-03 00:44:51] Train Epoch: 3 [19000/20000 (95.0%)]	Loss: 0.19542241096496582
[2023-05-03 00:45:08] ========== Metrics ==========
[2023-05-03 00:45:08] {
  "tr_loss": 0.1785411233409713,
  "tr_acc": 0.9348934893489349,
  "tr_f1": 0.9347106609166584,
  "val_loss": 0.38111905316028233,
  "val_acc": 0.8411796056137858,
  "val_f1": 0.840868636525454,
  "test_loss": 0.37339316151006435,
  "test_acc": 0.8373983739837398,
  "test_f1": 0.8324022346368715
}
[2023-05-03 00:45:08] ========== Metrics ==========
[2023-05-03 00:45:09] Train Epoch: 4 [0/20000 (0.0%)]	Loss: 0.04477974399924278
[2023-05-03 00:45:13] Train Epoch: 4 [1000/20000 (5.0%)]	Loss: 0.042949989438056946
[2023-05-03 00:45:17] Train Epoch: 4 [2000/20000 (10.0%)]	Loss: 0.12508276104927063
[2023-05-03 00:45:21] Train Epoch: 4 [3000/20000 (15.0%)]	Loss: 0.010393205098807812
[2023-05-03 00:45:25] Train Epoch: 4 [4000/20000 (20.0%)]	Loss: 0.03727688640356064
[2023-05-03 00:45:29] Train Epoch: 4 [5000/20000 (25.0%)]	Loss: 0.03272983059287071
[2023-05-03 00:45:33] Train Epoch: 4 [6000/20000 (30.0%)]	Loss: 0.011850813403725624
[2023-05-03 00:45:37] Train Epoch: 4 [7000/20000 (35.0%)]	Loss: 0.006791683845221996
[2023-05-03 00:45:40] Train Epoch: 4 [8000/20000 (40.0%)]	Loss: 0.0663982480764389
[2023-05-03 00:45:44] Train Epoch: 4 [9000/20000 (45.0%)]	Loss: 0.07646997272968292
[2023-05-03 00:45:48] Train Epoch: 4 [10000/20000 (50.0%)]	Loss: 0.061941854655742645
[2023-05-03 00:45:52] Train Epoch: 4 [11000/20000 (55.0%)]	Loss: 0.016296962276101112
[2023-05-03 00:45:56] Train Epoch: 4 [12000/20000 (60.0%)]	Loss: 0.029338106513023376
[2023-05-03 00:45:59] Train Epoch: 4 [13000/20000 (65.0%)]	Loss: 0.16214114427566528
[2023-05-03 00:46:03] Train Epoch: 4 [14000/20000 (70.0%)]	Loss: 0.11155270040035248
[2023-05-03 00:46:07] Train Epoch: 4 [15000/20000 (75.0%)]	Loss: 0.09476151317358017
[2023-05-03 00:46:10] Train Epoch: 4 [16000/20000 (80.0%)]	Loss: 0.013984118588268757
[2023-05-03 00:46:14] Train Epoch: 4 [17000/20000 (85.0%)]	Loss: 0.019221315160393715
[2023-05-03 00:46:18] Train Epoch: 4 [18000/20000 (90.0%)]	Loss: 0.06065315008163452
[2023-05-03 00:46:21] Train Epoch: 4 [19000/20000 (95.0%)]	Loss: 0.01075180433690548
[2023-05-03 00:46:36] ========== Metrics ==========
[2023-05-03 00:46:36] {
  "tr_loss": 0.09387653101190362,
  "tr_acc": 0.9698969896989699,
  "tr_f1": 0.969842701132151,
  "val_loss": 0.5344618234017705,
  "val_acc": 0.8287440042636347,
  "val_f1": 0.8378196500672949,
  "test_loss": 0.45894259157865674,
  "test_acc": 0.8346883468834688,
  "test_f1": 0.8431876606683805
}
[2023-05-03 00:46:36] ========== Metrics ==========
[2023-05-03 00:46:38] Train Epoch: 5 [0/20000 (0.0%)]	Loss: 0.07677416503429413
[2023-05-03 00:46:42] Train Epoch: 5 [1000/20000 (5.0%)]	Loss: 0.018878411501646042
[2023-05-03 00:46:45] Train Epoch: 5 [2000/20000 (10.0%)]	Loss: 0.005970160476863384
[2023-05-03 00:46:49] Train Epoch: 5 [3000/20000 (15.0%)]	Loss: 0.10927636921405792
[2023-05-03 00:46:53] Train Epoch: 5 [4000/20000 (20.0%)]	Loss: 0.061129581183195114
[2023-05-03 00:46:57] Train Epoch: 5 [5000/20000 (25.0%)]	Loss: 0.005762288346886635
[2023-05-03 00:47:00] Train Epoch: 5 [6000/20000 (30.0%)]	Loss: 0.007166788913309574
[2023-05-03 00:47:04] Train Epoch: 5 [7000/20000 (35.0%)]	Loss: 0.0033702771179378033
[2023-05-03 00:47:08] Train Epoch: 5 [8000/20000 (40.0%)]	Loss: 0.02771393582224846
[2023-05-03 00:47:11] Train Epoch: 5 [9000/20000 (45.0%)]	Loss: 0.14698228240013123
[2023-05-03 00:47:15] Train Epoch: 5 [10000/20000 (50.0%)]	Loss: 0.1203388199210167
[2023-05-03 00:47:19] Train Epoch: 5 [11000/20000 (55.0%)]	Loss: 0.041900504380464554
[2023-05-03 00:47:22] Train Epoch: 5 [12000/20000 (60.0%)]	Loss: 0.005331921391189098
[2023-05-03 00:47:26] Train Epoch: 5 [13000/20000 (65.0%)]	Loss: 0.05467092990875244
[2023-05-03 00:47:30] Train Epoch: 5 [14000/20000 (70.0%)]	Loss: 0.008730745874345303
[2023-05-03 00:47:34] Train Epoch: 5 [15000/20000 (75.0%)]	Loss: 0.049964580684900284
[2023-05-03 00:47:37] Train Epoch: 5 [16000/20000 (80.0%)]	Loss: 0.3416200280189514
[2023-05-03 00:47:41] Train Epoch: 5 [17000/20000 (85.0%)]	Loss: 0.10537030547857285
[2023-05-03 00:47:44] Train Epoch: 5 [18000/20000 (90.0%)]	Loss: 0.004032534547150135
[2023-05-03 00:47:48] Train Epoch: 5 [19000/20000 (95.0%)]	Loss: 0.011125183664262295
[2023-05-03 00:48:05] ========== Metrics ==========
[2023-05-03 00:48:05] {
  "tr_loss": 0.04619958353977749,
  "tr_acc": 0.9859485948594859,
  "tr_f1": 0.985943674653594,
  "val_loss": 0.7617652524053536,
  "val_acc": 0.8138212826434535,
  "val_f1": 0.82987012987013,
  "test_loss": 0.6337411176706071,
  "test_acc": 0.8157181571815718,
  "test_f1": 0.83
}
[2023-05-03 00:48:05] ========== Metrics ==========
[2023-05-03 00:48:07] Train Epoch: 6 [0/20000 (0.0%)]	Loss: 0.007274041883647442
[2023-05-03 00:48:11] Train Epoch: 6 [1000/20000 (5.0%)]	Loss: 0.007112526800483465
[2023-05-03 00:48:15] Train Epoch: 6 [2000/20000 (10.0%)]	Loss: 0.007301420904695988
[2023-05-03 00:48:18] Train Epoch: 6 [3000/20000 (15.0%)]	Loss: 0.006047428119927645
[2023-05-03 00:48:22] Train Epoch: 6 [4000/20000 (20.0%)]	Loss: 0.0015662132063880563
[2023-05-03 00:48:26] Train Epoch: 6 [5000/20000 (25.0%)]	Loss: 0.0031156414188444614
[2023-05-03 00:48:30] Train Epoch: 6 [6000/20000 (30.0%)]	Loss: 0.060672033578157425
[2023-05-03 00:48:33] Train Epoch: 6 [7000/20000 (35.0%)]	Loss: 0.002610285533592105
[2023-05-03 00:48:37] Train Epoch: 6 [8000/20000 (40.0%)]	Loss: 0.011037098243832588
[2023-05-03 00:48:41] Train Epoch: 6 [9000/20000 (45.0%)]	Loss: 0.000734314788132906
[2023-05-03 00:48:45] Train Epoch: 6 [10000/20000 (50.0%)]	Loss: 0.001028573838993907
[2023-05-03 00:48:48] Train Epoch: 6 [11000/20000 (55.0%)]	Loss: 0.0040848152711987495
[2023-05-03 00:48:52] Train Epoch: 6 [12000/20000 (60.0%)]	Loss: 0.0042911614291369915
[2023-05-03 00:48:56] Train Epoch: 6 [13000/20000 (65.0%)]	Loss: 0.00225026230327785
[2023-05-03 00:49:00] Train Epoch: 6 [14000/20000 (70.0%)]	Loss: 0.0018990414682775736
[2023-05-03 00:49:03] Train Epoch: 6 [15000/20000 (75.0%)]	Loss: 0.004293810576200485
[2023-05-03 00:49:07] Train Epoch: 6 [16000/20000 (80.0%)]	Loss: 0.003382160095497966
[2023-05-03 00:49:11] Train Epoch: 6 [17000/20000 (85.0%)]	Loss: 0.0020708730444312096
[2023-05-03 00:49:14] Train Epoch: 6 [18000/20000 (90.0%)]	Loss: 0.0014349850825965405
[2023-05-03 00:49:18] Train Epoch: 6 [19000/20000 (95.0%)]	Loss: 0.005735638551414013
[2023-05-03 00:49:33] ========== Metrics ==========
[2023-05-03 00:49:33] {
  "tr_loss": 0.013989490413821536,
  "tr_acc": 0.9971497149714972,
  "tr_f1": 0.9971495724358653,
  "val_loss": 0.7849864423163149,
  "val_acc": 0.8260792325457452,
  "val_f1": 0.8231894527722593,
  "test_loss": 0.7341606503095084,
  "test_acc": 0.8292682926829268,
  "test_f1": 0.8225352112676056
}
[2023-05-03 00:49:33] ========== Metrics ==========
[2023-05-03 00:49:35] Train Epoch: 7 [0/20000 (0.0%)]	Loss: 0.0061168186366558075
[2023-05-03 00:49:38] Train Epoch: 7 [1000/20000 (5.0%)]	Loss: 0.0019769477657973766
[2023-05-03 00:49:42] Train Epoch: 7 [2000/20000 (10.0%)]	Loss: 0.0010705627501010895
[2023-05-03 00:49:46] Train Epoch: 7 [3000/20000 (15.0%)]	Loss: 0.0024769925512373447
[2023-05-03 00:49:50] Train Epoch: 7 [4000/20000 (20.0%)]	Loss: 0.001342055737040937
[2023-05-03 00:49:54] Train Epoch: 7 [5000/20000 (25.0%)]	Loss: 0.004479885566979647
[2023-05-03 00:49:58] Train Epoch: 7 [6000/20000 (30.0%)]	Loss: 0.0006004787283018231
[2023-05-03 00:50:01] Train Epoch: 7 [7000/20000 (35.0%)]	Loss: 0.0005046479636803269
[2023-05-03 00:50:05] Train Epoch: 7 [8000/20000 (40.0%)]	Loss: 0.0036084901075810194
[2023-05-03 00:50:09] Train Epoch: 7 [9000/20000 (45.0%)]	Loss: 0.0031041232869029045
[2023-05-03 00:50:12] Train Epoch: 7 [10000/20000 (50.0%)]	Loss: 0.0011301337508484721
[2023-05-03 00:50:16] Train Epoch: 7 [11000/20000 (55.0%)]	Loss: 0.0022345001343637705
[2023-05-03 00:50:20] Train Epoch: 7 [12000/20000 (60.0%)]	Loss: 0.0019544323440641165
[2023-05-03 00:50:24] Train Epoch: 7 [13000/20000 (65.0%)]	Loss: 0.008773631416261196
[2023-05-03 00:50:27] Train Epoch: 7 [14000/20000 (70.0%)]	Loss: 0.0005542447324842215
[2023-05-03 00:50:31] Train Epoch: 7 [15000/20000 (75.0%)]	Loss: 0.005270953290164471
[2023-05-03 00:50:35] Train Epoch: 7 [16000/20000 (80.0%)]	Loss: 0.0016922794748097658
[2023-05-03 00:50:38] Train Epoch: 7 [17000/20000 (85.0%)]	Loss: 0.00038636630051769316
[2023-05-03 00:50:42] Train Epoch: 7 [18000/20000 (90.0%)]	Loss: 0.005495505873113871
[2023-05-03 00:50:46] Train Epoch: 7 [19000/20000 (95.0%)]	Loss: 0.00021781287796329707
[2023-05-03 00:51:00] ========== Metrics ==========
[2023-05-03 00:51:00] {
  "tr_loss": 0.010903666444366624,
  "tr_acc": 0.9976497649764976,
  "tr_f1": 0.9976494123530883,
  "val_loss": 0.8828827646274903,
  "val_acc": 0.8246580209628709,
  "val_f1": 0.8243459690336359,
  "test_loss": 0.7955920324739079,
  "test_acc": 0.8211382113821138,
  "test_f1": 0.8176795580110499
}
[2023-05-03 00:51:00] ========== Metrics ==========
[2023-05-03 00:51:01] Train Epoch: 8 [0/20000 (0.0%)]	Loss: 0.0033772841561585665
[2023-05-03 00:51:05] Train Epoch: 8 [1000/20000 (5.0%)]	Loss: 0.0013951483415439725
[2023-05-03 00:51:09] Train Epoch: 8 [2000/20000 (10.0%)]	Loss: 0.0007884852821007371
[2023-05-03 00:51:13] Train Epoch: 8 [3000/20000 (15.0%)]	Loss: 0.002297488274052739
[2023-05-03 00:51:17] Train Epoch: 8 [4000/20000 (20.0%)]	Loss: 0.0012796198716387153
[2023-05-03 00:51:20] Train Epoch: 8 [5000/20000 (25.0%)]	Loss: 0.0013709244085475802
[2023-05-03 00:51:24] Train Epoch: 8 [6000/20000 (30.0%)]	Loss: 0.000692465458996594
[2023-05-03 00:51:28] Train Epoch: 8 [7000/20000 (35.0%)]	Loss: 0.000415704125771299
[2023-05-03 00:51:32] Train Epoch: 8 [8000/20000 (40.0%)]	Loss: 0.0006507368525490165
[2023-05-03 00:51:35] Train Epoch: 8 [9000/20000 (45.0%)]	Loss: 0.0007829050300642848
[2023-05-03 00:51:39] Train Epoch: 8 [10000/20000 (50.0%)]	Loss: 0.002602597465738654
[2023-05-03 00:51:43] Train Epoch: 8 [11000/20000 (55.0%)]	Loss: 0.002420408884063363
[2023-05-03 00:51:46] Train Epoch: 8 [12000/20000 (60.0%)]	Loss: 0.02004563808441162
[2023-05-03 00:51:50] Train Epoch: 8 [13000/20000 (65.0%)]	Loss: 0.0002555809332989156
[2023-05-03 00:51:54] Train Epoch: 8 [14000/20000 (70.0%)]	Loss: 0.0006043223547749221
[2023-05-03 00:51:57] Train Epoch: 8 [15000/20000 (75.0%)]	Loss: 0.017926495522260666
[2023-05-03 00:52:01] Train Epoch: 8 [16000/20000 (80.0%)]	Loss: 0.04507133364677429
[2023-05-03 00:52:04] Train Epoch: 8 [17000/20000 (85.0%)]	Loss: 0.002644891384989023
[2023-05-03 00:52:08] Train Epoch: 8 [18000/20000 (90.0%)]	Loss: 0.003915893845260143
[2023-05-03 00:52:12] Train Epoch: 8 [19000/20000 (95.0%)]	Loss: 0.0001262855075765401
[2023-05-03 00:52:27] ========== Metrics ==========
[2023-05-03 00:52:27] {
  "tr_loss": 0.008921514690018654,
  "tr_acc": 0.9982998299829983,
  "tr_f1": 0.9982998299829983,
  "val_loss": 1.005957423283959,
  "val_acc": 0.8239474151714337,
  "val_f1": 0.8243841928052454,
  "test_loss": 0.9009096785612546,
  "test_acc": 0.8157181571815718,
  "test_f1": 0.8131868131868132
}
[2023-05-03 00:52:27] ========== Metrics ==========
[2023-05-03 00:52:28] Train Epoch: 9 [0/20000 (0.0%)]	Loss: 0.00013410768588073552
[2023-05-03 00:52:32] Train Epoch: 9 [1000/20000 (5.0%)]	Loss: 0.0003256981144659221
[2023-05-03 00:52:36] Train Epoch: 9 [2000/20000 (10.0%)]	Loss: 0.0007316634873859584
[2023-05-03 00:52:39] Train Epoch: 9 [3000/20000 (15.0%)]	Loss: 0.0002126819163095206
[2023-05-03 00:52:43] Train Epoch: 9 [4000/20000 (20.0%)]	Loss: 0.0015234245220199227
[2023-05-03 00:52:47] Train Epoch: 9 [5000/20000 (25.0%)]	Loss: 0.0003413912490941584
[2023-05-03 00:52:51] Train Epoch: 9 [6000/20000 (30.0%)]	Loss: 0.0003584221994969994
[2023-05-03 00:52:54] Train Epoch: 9 [7000/20000 (35.0%)]	Loss: 0.0004955533659085631
[2023-05-03 00:52:58] Train Epoch: 9 [8000/20000 (40.0%)]	Loss: 0.0016192514449357986
[2023-05-03 00:53:02] Train Epoch: 9 [9000/20000 (45.0%)]	Loss: 0.0002335601020604372
[2023-05-03 00:53:06] Train Epoch: 9 [10000/20000 (50.0%)]	Loss: 0.015817876905202866
[2023-05-03 00:53:09] Train Epoch: 9 [11000/20000 (55.0%)]	Loss: 0.001586288446560502
[2023-05-03 00:53:13] Train Epoch: 9 [12000/20000 (60.0%)]	Loss: 0.000524497008882463
[2023-05-03 00:53:16] Train Epoch: 9 [13000/20000 (65.0%)]	Loss: 0.00016646733274683356
[2023-05-03 00:53:20] Train Epoch: 9 [14000/20000 (70.0%)]	Loss: 0.38208597898483276
[2023-05-03 00:53:24] Train Epoch: 9 [15000/20000 (75.0%)]	Loss: 0.0031829029321670532
[2023-05-03 00:53:28] Train Epoch: 9 [16000/20000 (80.0%)]	Loss: 0.0004980740486644208
[2023-05-03 00:53:31] Train Epoch: 9 [17000/20000 (85.0%)]	Loss: 0.0011414962355047464
[2023-05-03 00:53:35] Train Epoch: 9 [18000/20000 (90.0%)]	Loss: 0.002811754820868373
[2023-05-03 00:53:39] Train Epoch: 9 [19000/20000 (95.0%)]	Loss: 0.0006394399097189307
[2023-05-03 00:53:52] Stop At epoch 9/20 due to valid not increase
[2023-05-03 00:53:54] ========== Metrics ==========
[2023-05-03 00:53:54] {
  "tr_loss": 0.007203571992373976,
  "tr_acc": 0.9984998499849985,
  "tr_f1": 0.9984995498649595,
  "val_loss": 1.027821158657046,
  "val_acc": 0.8211049920056849,
  "val_f1": 0.8237970253718285,
  "test_loss": 0.9835433849413705,
  "test_acc": 0.8048780487804879,
  "test_f1": 0.8043478260869565
}
[2023-05-03 00:53:54] ========== Metrics ==========
