[2023-05-03 20:49:22] Train Epoch: 1 [0/20000 (0.0%)]	Loss: 0.6897916793823242
[2023-05-03 20:49:24] Train Epoch: 1 [1000/20000 (5.0%)]	Loss: 0.6895426511764526
[2023-05-03 20:49:26] Train Epoch: 1 [2000/20000 (10.0%)]	Loss: 0.6752792596817017
[2023-05-03 20:49:28] Train Epoch: 1 [3000/20000 (15.0%)]	Loss: 0.7111657857894897
[2023-05-03 20:49:30] Train Epoch: 1 [4000/20000 (20.0%)]	Loss: 0.35731393098831177
[2023-05-03 20:49:32] Train Epoch: 1 [5000/20000 (25.0%)]	Loss: 0.5048354268074036
[2023-05-03 20:49:34] Train Epoch: 1 [6000/20000 (30.0%)]	Loss: 0.5415579080581665
[2023-05-03 20:49:36] Train Epoch: 1 [7000/20000 (35.0%)]	Loss: 0.3402212858200073
[2023-05-03 20:49:38] Train Epoch: 1 [8000/20000 (40.0%)]	Loss: 0.42679136991500854
[2023-05-03 20:49:41] Train Epoch: 1 [9000/20000 (45.0%)]	Loss: 0.41599100828170776
[2023-05-03 20:49:43] Train Epoch: 1 [10000/20000 (50.0%)]	Loss: 0.22929534316062927
[2023-05-03 20:49:45] Train Epoch: 1 [11000/20000 (55.0%)]	Loss: 0.3956790566444397
[2023-05-03 20:49:47] Train Epoch: 1 [12000/20000 (60.0%)]	Loss: 0.5341894030570984
[2023-05-03 20:49:49] Train Epoch: 1 [13000/20000 (65.0%)]	Loss: 0.48272889852523804
[2023-05-03 20:49:51] Train Epoch: 1 [14000/20000 (70.0%)]	Loss: 0.3770310878753662
[2023-05-03 20:49:53] Train Epoch: 1 [15000/20000 (75.0%)]	Loss: 0.5125411748886108
[2023-05-03 20:49:55] Train Epoch: 1 [16000/20000 (80.0%)]	Loss: 0.4964430332183838
[2023-05-03 20:49:57] Train Epoch: 1 [17000/20000 (85.0%)]	Loss: 0.3788509964942932
[2023-05-03 20:49:59] Train Epoch: 1 [18000/20000 (90.0%)]	Loss: 0.18487043678760529
[2023-05-03 20:50:02] Train Epoch: 1 [19000/20000 (95.0%)]	Loss: 0.2320946902036667
[2023-05-03 20:50:13] ========== Metrics ==========
[2023-05-03 20:50:13] {
  "tr_loss": 0.47668971722633174,
  "tr_acc": 0.7721272127212722,
  "tr_f1": 0.7749073845393926,
  "val_loss": 0.44015876881329535,
  "val_acc": 0.8083140877598153,
  "val_f1": 0.7850169356445507,
  "test_loss": 0.5039097703892365,
  "test_acc": 0.7696476964769647,
  "test_f1": 0.7213114754098361
}
[2023-05-03 20:50:13] ========== Metrics ==========
[2023-05-03 20:50:15] Train Epoch: 2 [0/20000 (0.0%)]	Loss: 0.22082547843456268
[2023-05-03 20:50:17] Train Epoch: 2 [1000/20000 (5.0%)]	Loss: 0.3871673345565796
[2023-05-03 20:50:19] Train Epoch: 2 [2000/20000 (10.0%)]	Loss: 0.2929958701133728
[2023-05-03 20:50:21] Train Epoch: 2 [3000/20000 (15.0%)]	Loss: 0.3046809732913971
[2023-05-03 20:50:23] Train Epoch: 2 [4000/20000 (20.0%)]	Loss: 0.19846056401729584
[2023-05-03 20:50:25] Train Epoch: 2 [5000/20000 (25.0%)]	Loss: 0.16449454426765442
[2023-05-03 20:50:27] Train Epoch: 2 [6000/20000 (30.0%)]	Loss: 0.2865082323551178
[2023-05-03 20:50:29] Train Epoch: 2 [7000/20000 (35.0%)]	Loss: 0.4102082848548889
[2023-05-03 20:50:31] Train Epoch: 2 [8000/20000 (40.0%)]	Loss: 0.42130741477012634
[2023-05-03 20:50:33] Train Epoch: 2 [9000/20000 (45.0%)]	Loss: 0.1562449038028717
[2023-05-03 20:50:35] Train Epoch: 2 [10000/20000 (50.0%)]	Loss: 0.44133129715919495
[2023-05-03 20:50:37] Train Epoch: 2 [11000/20000 (55.0%)]	Loss: 0.1425439417362213
[2023-05-03 20:50:39] Train Epoch: 2 [12000/20000 (60.0%)]	Loss: 0.5200749039649963
[2023-05-03 20:50:41] Train Epoch: 2 [13000/20000 (65.0%)]	Loss: 0.2036086767911911
[2023-05-03 20:50:43] Train Epoch: 2 [14000/20000 (70.0%)]	Loss: 0.09953875839710236
[2023-05-03 20:50:45] Train Epoch: 2 [15000/20000 (75.0%)]	Loss: 0.2753937542438507
[2023-05-03 20:50:47] Train Epoch: 2 [16000/20000 (80.0%)]	Loss: 0.3966462314128876
[2023-05-03 20:50:49] Train Epoch: 2 [17000/20000 (85.0%)]	Loss: 0.5036218166351318
[2023-05-03 20:50:51] Train Epoch: 2 [18000/20000 (90.0%)]	Loss: 0.281293123960495
[2023-05-03 20:50:53] Train Epoch: 2 [19000/20000 (95.0%)]	Loss: 0.1628454029560089
[2023-05-03 20:51:04] ========== Metrics ==========
[2023-05-03 20:51:04] {
  "tr_loss": 0.2933553590102367,
  "tr_acc": 0.884988498849885,
  "tr_f1": 0.8852180856372891,
  "val_loss": 0.3630885918095091,
  "val_acc": 0.8424231657488008,
  "val_f1": 0.846033674709252,
  "test_loss": 0.3384322461073961,
  "test_acc": 0.8590785907859079,
  "test_f1": 0.857142857142857
}
[2023-05-03 20:51:04] ========== Metrics ==========
[2023-05-03 20:51:05] Train Epoch: 3 [0/20000 (0.0%)]	Loss: 0.11824797093868256
[2023-05-03 20:51:07] Train Epoch: 3 [1000/20000 (5.0%)]	Loss: 0.1622883528470993
[2023-05-03 20:51:10] Train Epoch: 3 [2000/20000 (10.0%)]	Loss: 0.09128829836845398
[2023-05-03 20:51:12] Train Epoch: 3 [3000/20000 (15.0%)]	Loss: 0.23462632298469543
[2023-05-03 20:51:14] Train Epoch: 3 [4000/20000 (20.0%)]	Loss: 0.31604886054992676
[2023-05-03 20:51:16] Train Epoch: 3 [5000/20000 (25.0%)]	Loss: 0.11858288943767548
[2023-05-03 20:51:18] Train Epoch: 3 [6000/20000 (30.0%)]	Loss: 0.10192739963531494
[2023-05-03 20:51:20] Train Epoch: 3 [7000/20000 (35.0%)]	Loss: 0.1573534905910492
[2023-05-03 20:51:22] Train Epoch: 3 [8000/20000 (40.0%)]	Loss: 0.10102902352809906
[2023-05-03 20:51:24] Train Epoch: 3 [9000/20000 (45.0%)]	Loss: 0.05222748965024948
[2023-05-03 20:51:26] Train Epoch: 3 [10000/20000 (50.0%)]	Loss: 0.1409710943698883
[2023-05-03 20:51:28] Train Epoch: 3 [11000/20000 (55.0%)]	Loss: 0.04797937721014023
[2023-05-03 20:51:30] Train Epoch: 3 [12000/20000 (60.0%)]	Loss: 0.08385728299617767
[2023-05-03 20:51:32] Train Epoch: 3 [13000/20000 (65.0%)]	Loss: 0.04124714061617851
[2023-05-03 20:51:35] Train Epoch: 3 [14000/20000 (70.0%)]	Loss: 0.024471044540405273
[2023-05-03 20:51:37] Train Epoch: 3 [15000/20000 (75.0%)]	Loss: 0.25628232955932617
[2023-05-03 20:51:39] Train Epoch: 3 [16000/20000 (80.0%)]	Loss: 0.04964189976453781
[2023-05-03 20:51:41] Train Epoch: 3 [17000/20000 (85.0%)]	Loss: 0.20328602194786072
[2023-05-03 20:51:43] Train Epoch: 3 [18000/20000 (90.0%)]	Loss: 0.2509289085865021
[2023-05-03 20:51:45] Train Epoch: 3 [19000/20000 (95.0%)]	Loss: 0.1412152349948883
[2023-05-03 20:51:56] ========== Metrics ==========
[2023-05-03 20:51:56] {
  "tr_loss": 0.17664321810577122,
  "tr_acc": 0.938043804380438,
  "tr_f1": 0.9380097063091009,
  "val_loss": 0.4132793028934067,
  "val_acc": 0.8273227926807604,
  "val_f1": 0.8179093293368304,
  "test_loss": 0.4107012949015713,
  "test_acc": 0.8211382113821138,
  "test_f1": 0.804733727810651
}
[2023-05-03 20:51:56] ========== Metrics ==========
[2023-05-03 20:51:57] Train Epoch: 4 [0/20000 (0.0%)]	Loss: 0.26649972796440125
[2023-05-03 20:51:59] Train Epoch: 4 [1000/20000 (5.0%)]	Loss: 0.19360250234603882
[2023-05-03 20:52:01] Train Epoch: 4 [2000/20000 (10.0%)]	Loss: 0.0551147386431694
[2023-05-03 20:52:04] Train Epoch: 4 [3000/20000 (15.0%)]	Loss: 0.024804051965475082
[2023-05-03 20:52:06] Train Epoch: 4 [4000/20000 (20.0%)]	Loss: 0.11108890920877457
[2023-05-03 20:52:08] Train Epoch: 4 [5000/20000 (25.0%)]	Loss: 0.00517291622236371
[2023-05-03 20:52:10] Train Epoch: 4 [6000/20000 (30.0%)]	Loss: 0.1715497076511383
[2023-05-03 20:52:12] Train Epoch: 4 [7000/20000 (35.0%)]	Loss: 0.017033720389008522
[2023-05-03 20:52:15] Train Epoch: 4 [8000/20000 (40.0%)]	Loss: 0.02454408071935177
[2023-05-03 20:52:17] Train Epoch: 4 [9000/20000 (45.0%)]	Loss: 0.07152947038412094
[2023-05-03 20:52:19] Train Epoch: 4 [10000/20000 (50.0%)]	Loss: 0.07209718227386475
[2023-05-03 20:52:21] Train Epoch: 4 [11000/20000 (55.0%)]	Loss: 0.009949525818228722
[2023-05-03 20:52:24] Train Epoch: 4 [12000/20000 (60.0%)]	Loss: 0.01295488327741623
[2023-05-03 20:52:26] Train Epoch: 4 [13000/20000 (65.0%)]	Loss: 0.010491570457816124
[2023-05-03 20:52:28] Train Epoch: 4 [14000/20000 (70.0%)]	Loss: 0.13115671277046204
[2023-05-03 20:52:30] Train Epoch: 4 [15000/20000 (75.0%)]	Loss: 0.022898539900779724
[2023-05-03 20:52:33] Train Epoch: 4 [16000/20000 (80.0%)]	Loss: 0.029474282637238503
[2023-05-03 20:52:35] Train Epoch: 4 [17000/20000 (85.0%)]	Loss: 0.12578116357326508
[2023-05-03 20:52:37] Train Epoch: 4 [18000/20000 (90.0%)]	Loss: 0.037273015826940536
[2023-05-03 20:52:39] Train Epoch: 4 [19000/20000 (95.0%)]	Loss: 0.050795286893844604
[2023-05-03 20:52:51] ========== Metrics ==========
[2023-05-03 20:52:51] {
  "tr_loss": 0.09705504996225935,
  "tr_acc": 0.9691969196919692,
  "tr_f1": 0.9691815089053432,
  "val_loss": 0.5016632744144707,
  "val_acc": 0.8346065020429917,
  "val_f1": 0.8319797870420501,
  "test_loss": 0.513098561343785,
  "test_acc": 0.8238482384823849,
  "test_f1": 0.8169014084507042
}
[2023-05-03 20:52:51] ========== Metrics ==========
[2023-05-03 20:52:52] Train Epoch: 5 [0/20000 (0.0%)]	Loss: 0.038345977663993835
[2023-05-03 20:52:54] Train Epoch: 5 [1000/20000 (5.0%)]	Loss: 0.09362401813268661
[2023-05-03 20:52:57] Train Epoch: 5 [2000/20000 (10.0%)]	Loss: 0.011204679496586323
[2023-05-03 20:52:59] Train Epoch: 5 [3000/20000 (15.0%)]	Loss: 0.002513058017939329
[2023-05-03 20:53:02] Train Epoch: 5 [4000/20000 (20.0%)]	Loss: 0.002518972847610712
[2023-05-03 20:53:04] Train Epoch: 5 [5000/20000 (25.0%)]	Loss: 0.042863842099905014
[2023-05-03 20:53:06] Train Epoch: 5 [6000/20000 (30.0%)]	Loss: 0.00223522144369781
[2023-05-03 20:53:09] Train Epoch: 5 [7000/20000 (35.0%)]	Loss: 0.029562676325440407
[2023-05-03 20:53:11] Train Epoch: 5 [8000/20000 (40.0%)]	Loss: 0.3220415711402893
[2023-05-03 20:53:13] Train Epoch: 5 [9000/20000 (45.0%)]	Loss: 0.0030060147400945425
[2023-05-03 20:53:16] Train Epoch: 5 [10000/20000 (50.0%)]	Loss: 0.06320337951183319
[2023-05-03 20:53:18] Train Epoch: 5 [11000/20000 (55.0%)]	Loss: 0.0020739708561450243
[2023-05-03 20:53:21] Train Epoch: 5 [12000/20000 (60.0%)]	Loss: 0.0023028352297842503
[2023-05-03 20:53:23] Train Epoch: 5 [13000/20000 (65.0%)]	Loss: 0.024670088663697243
[2023-05-03 20:53:26] Train Epoch: 5 [14000/20000 (70.0%)]	Loss: 0.2978695034980774
[2023-05-03 20:53:28] Train Epoch: 5 [15000/20000 (75.0%)]	Loss: 0.006617311388254166
[2023-05-03 20:53:31] Train Epoch: 5 [16000/20000 (80.0%)]	Loss: 0.16445386409759521
[2023-05-03 20:53:33] Train Epoch: 5 [17000/20000 (85.0%)]	Loss: 0.0033106072805821896
[2023-05-03 20:53:36] Train Epoch: 5 [18000/20000 (90.0%)]	Loss: 0.002613989170640707
[2023-05-03 20:53:38] Train Epoch: 5 [19000/20000 (95.0%)]	Loss: 0.025616955012083054
[2023-05-03 20:53:50] ========== Metrics ==========
[2023-05-03 20:53:50] {
  "tr_loss": 0.054216772871007575,
  "tr_acc": 0.9837483748374838,
  "tr_f1": 0.9837654228482943,
  "val_loss": 0.8297799963533526,
  "val_acc": 0.8184402202877954,
  "val_f1": 0.8120632585509379,
  "test_loss": 0.7458229136822346,
  "test_acc": 0.8346883468834688,
  "test_f1": 0.8262108262108261
}
[2023-05-03 20:53:50] ========== Metrics ==========
[2023-05-03 20:53:51] Train Epoch: 6 [0/20000 (0.0%)]	Loss: 0.005329734180122614
[2023-05-03 20:53:54] Train Epoch: 6 [1000/20000 (5.0%)]	Loss: 0.0032598935067653656
[2023-05-03 20:53:56] Train Epoch: 6 [2000/20000 (10.0%)]	Loss: 0.0059930719435215
[2023-05-03 20:53:59] Train Epoch: 6 [3000/20000 (15.0%)]	Loss: 0.0013220389373600483
[2023-05-03 20:54:01] Train Epoch: 6 [4000/20000 (20.0%)]	Loss: 0.0013296735705807805
[2023-05-03 20:54:04] Train Epoch: 6 [5000/20000 (25.0%)]	Loss: 0.004144047852605581
[2023-05-03 20:54:07] Train Epoch: 6 [6000/20000 (30.0%)]	Loss: 0.00118560332339257
[2023-05-03 20:54:09] Train Epoch: 6 [7000/20000 (35.0%)]	Loss: 0.008313013240695
[2023-05-03 20:54:12] Train Epoch: 6 [8000/20000 (40.0%)]	Loss: 0.0018802877748385072
[2023-05-03 20:54:15] Train Epoch: 6 [9000/20000 (45.0%)]	Loss: 0.002508545760065317
[2023-05-03 20:54:17] Train Epoch: 6 [10000/20000 (50.0%)]	Loss: 0.0063851820304989815
[2023-05-03 20:54:20] Train Epoch: 6 [11000/20000 (55.0%)]	Loss: 0.0017026672139763832
[2023-05-03 20:54:22] Train Epoch: 6 [12000/20000 (60.0%)]	Loss: 0.0008502214914187789
[2023-05-03 20:54:25] Train Epoch: 6 [13000/20000 (65.0%)]	Loss: 0.002448542509227991
[2023-05-03 20:54:28] Train Epoch: 6 [14000/20000 (70.0%)]	Loss: 0.005220870487391949
[2023-05-03 20:54:31] Train Epoch: 6 [15000/20000 (75.0%)]	Loss: 0.0010238586692139506
[2023-05-03 20:54:33] Train Epoch: 6 [16000/20000 (80.0%)]	Loss: 0.08838818967342377
[2023-05-03 20:54:36] Train Epoch: 6 [17000/20000 (85.0%)]	Loss: 0.0040610358119010925
[2023-05-03 20:54:39] Train Epoch: 6 [18000/20000 (90.0%)]	Loss: 0.002643953077495098
[2023-05-03 20:54:41] Train Epoch: 6 [19000/20000 (95.0%)]	Loss: 0.03043285943567753
[2023-05-03 20:54:53] ========== Metrics ==========
[2023-05-03 20:54:53] {
  "tr_loss": 0.02167384174056245,
  "tr_acc": 0.9942994299429943,
  "tr_f1": 0.9943011397720456,
  "val_loss": 0.7946461171631831,
  "val_acc": 0.8301652158465092,
  "val_f1": 0.8294684266856939,
  "test_loss": 0.7896944476660028,
  "test_acc": 0.8265582655826558,
  "test_f1": 0.8212290502793297
}
[2023-05-03 20:54:53] ========== Metrics ==========
[2023-05-03 20:54:54] Train Epoch: 7 [0/20000 (0.0%)]	Loss: 0.0061357212252914906
[2023-05-03 20:54:57] Train Epoch: 7 [1000/20000 (5.0%)]	Loss: 0.0024994616396725178
[2023-05-03 20:55:00] Train Epoch: 7 [2000/20000 (10.0%)]	Loss: 0.0028073342982679605
[2023-05-03 20:55:02] Train Epoch: 7 [3000/20000 (15.0%)]	Loss: 0.001652097562327981
[2023-05-03 20:55:05] Train Epoch: 7 [4000/20000 (20.0%)]	Loss: 0.0017911952454596758
[2023-05-03 20:55:08] Train Epoch: 7 [5000/20000 (25.0%)]	Loss: 0.001119391294196248
[2023-05-03 20:55:10] Train Epoch: 7 [6000/20000 (30.0%)]	Loss: 0.0014036548091098666
[2023-05-03 20:55:13] Train Epoch: 7 [7000/20000 (35.0%)]	Loss: 0.0034893155097961426
[2023-05-03 20:55:16] Train Epoch: 7 [8000/20000 (40.0%)]	Loss: 0.28851592540740967
[2023-05-03 20:55:19] Train Epoch: 7 [9000/20000 (45.0%)]	Loss: 0.001157059334218502
[2023-05-03 20:55:21] Train Epoch: 7 [10000/20000 (50.0%)]	Loss: 0.001189103233627975
[2023-05-03 20:55:24] Train Epoch: 7 [11000/20000 (55.0%)]	Loss: 0.0010636929655447602
[2023-05-03 20:55:27] Train Epoch: 7 [12000/20000 (60.0%)]	Loss: 0.002120640128850937
[2023-05-03 20:55:29] Train Epoch: 7 [13000/20000 (65.0%)]	Loss: 0.016222897917032242
[2023-05-03 20:55:32] Train Epoch: 7 [14000/20000 (70.0%)]	Loss: 0.0019229563185945153
[2023-05-03 20:55:35] Train Epoch: 7 [15000/20000 (75.0%)]	Loss: 0.01908208057284355
[2023-05-03 20:55:37] Train Epoch: 7 [16000/20000 (80.0%)]	Loss: 0.0023887339048087597
[2023-05-03 20:55:40] Train Epoch: 7 [17000/20000 (85.0%)]	Loss: 0.0018887293990701437
[2023-05-03 20:55:43] Train Epoch: 7 [18000/20000 (90.0%)]	Loss: 0.0008609934011474252
[2023-05-03 20:55:46] Train Epoch: 7 [19000/20000 (95.0%)]	Loss: 0.005243762396275997
[2023-05-03 20:55:57] ========== Metrics ==========
[2023-05-03 20:55:57] {
  "tr_loss": 0.015610405816666546,
  "tr_acc": 0.9967996799679968,
  "tr_f1": 0.9968009597120864,
  "val_loss": 0.7925531446666046,
  "val_acc": 0.825368626754308,
  "val_f1": 0.8279362856642745,
  "test_loss": 0.7763369575264009,
  "test_acc": 0.8238482384823849,
  "test_f1": 0.8199445983379501
}
[2023-05-03 20:55:57] ========== Metrics ==========
[2023-05-03 20:55:59] Train Epoch: 8 [0/20000 (0.0%)]	Loss: 0.0020458383951336145
[2023-05-03 20:56:01] Train Epoch: 8 [1000/20000 (5.0%)]	Loss: 0.0007595550268888474
[2023-05-03 20:56:04] Train Epoch: 8 [2000/20000 (10.0%)]	Loss: 0.001342957024462521
[2023-05-03 20:56:06] Train Epoch: 8 [3000/20000 (15.0%)]	Loss: 0.0031514291185885668
[2023-05-03 20:56:09] Train Epoch: 8 [4000/20000 (20.0%)]	Loss: 0.0010370565578341484
[2023-05-03 20:56:12] Train Epoch: 8 [5000/20000 (25.0%)]	Loss: 0.0013330456567928195
[2023-05-03 20:56:14] Train Epoch: 8 [6000/20000 (30.0%)]	Loss: 0.0021399606484919786
[2023-05-03 20:56:17] Train Epoch: 8 [7000/20000 (35.0%)]	Loss: 0.0015889083733782172
[2023-05-03 20:56:19] Train Epoch: 8 [8000/20000 (40.0%)]	Loss: 0.004119397606700659
[2023-05-03 20:56:22] Train Epoch: 8 [9000/20000 (45.0%)]	Loss: 0.001403454109095037
[2023-05-03 20:56:25] Train Epoch: 8 [10000/20000 (50.0%)]	Loss: 0.0054969461634755135
[2023-05-03 20:56:27] Train Epoch: 8 [11000/20000 (55.0%)]	Loss: 0.0008709399844519794
[2023-05-03 20:56:30] Train Epoch: 8 [12000/20000 (60.0%)]	Loss: 0.0007012697169557214
[2023-05-03 20:56:33] Train Epoch: 8 [13000/20000 (65.0%)]	Loss: 0.0013366094790399075
[2023-05-03 20:56:35] Train Epoch: 8 [14000/20000 (70.0%)]	Loss: 0.0011481059482321143
[2023-05-03 20:56:38] Train Epoch: 8 [15000/20000 (75.0%)]	Loss: 0.001117560314014554
[2023-05-03 20:56:40] Train Epoch: 8 [16000/20000 (80.0%)]	Loss: 0.0007465119124390185
[2023-05-03 20:56:43] Train Epoch: 8 [17000/20000 (85.0%)]	Loss: 0.001909869140945375
[2023-05-03 20:56:46] Train Epoch: 8 [18000/20000 (90.0%)]	Loss: 0.0007285673054866493
[2023-05-03 20:56:49] Train Epoch: 8 [19000/20000 (95.0%)]	Loss: 0.00162363366689533
[2023-05-03 20:56:58] Stop At epoch 8/20 due to valid not increase
[2023-05-03 20:57:00] ========== Metrics ==========
[2023-05-03 20:57:00] {
  "tr_loss": 0.01320961992537072,
  "tr_acc": 0.9975997599759976,
  "tr_f1": 0.9976002399760024,
  "val_loss": 0.8352521389494005,
  "val_acc": 0.8257239296500266,
  "val_f1": 0.8282863644319972,
  "test_loss": 0.8012105657802364,
  "test_acc": 0.8373983739837398,
  "test_f1": 0.8360655737704918
}
[2023-05-03 20:57:00] ========== Metrics ==========
