[2023-05-03 13:14:47] Train Epoch: 1 [0/20000 (0.0%)]	Loss: 0.6810638904571533
[2023-05-03 13:14:56] Train Epoch: 1 [1000/20000 (5.0%)]	Loss: 0.6662467122077942
[2023-05-03 13:15:04] Train Epoch: 1 [2000/20000 (10.0%)]	Loss: 0.6816829442977905
[2023-05-03 13:15:11] Train Epoch: 1 [3000/20000 (15.0%)]	Loss: 0.677937924861908
[2023-05-03 13:15:20] Train Epoch: 1 [4000/20000 (20.0%)]	Loss: 0.681648850440979
[2023-05-03 13:15:27] Train Epoch: 1 [5000/20000 (25.0%)]	Loss: 0.7180832028388977
[2023-05-03 13:15:35] Train Epoch: 1 [6000/20000 (30.0%)]	Loss: 0.5790707468986511
[2023-05-03 13:15:45] Train Epoch: 1 [7000/20000 (35.0%)]	Loss: 0.6901832818984985
[2023-05-03 13:15:55] Train Epoch: 1 [8000/20000 (40.0%)]	Loss: 0.6643973588943481
[2023-05-03 13:16:06] Train Epoch: 1 [9000/20000 (45.0%)]	Loss: 0.5204010009765625
[2023-05-03 13:16:16] Train Epoch: 1 [10000/20000 (50.0%)]	Loss: 0.6596057415008545
[2023-05-03 13:16:27] Train Epoch: 1 [11000/20000 (55.0%)]	Loss: 0.4985758364200592
[2023-05-03 13:16:37] Train Epoch: 1 [12000/20000 (60.0%)]	Loss: 0.5291880369186401
[2023-05-03 13:16:48] Train Epoch: 1 [13000/20000 (65.0%)]	Loss: 0.4990181028842926
[2023-05-03 13:17:00] Train Epoch: 1 [14000/20000 (70.0%)]	Loss: 0.3699958324432373
[2023-05-03 13:17:12] Train Epoch: 1 [15000/20000 (75.0%)]	Loss: 0.7987189888954163
[2023-05-03 13:17:26] Train Epoch: 1 [16000/20000 (80.0%)]	Loss: 0.4454139769077301
[2023-05-03 13:17:38] Train Epoch: 1 [17000/20000 (85.0%)]	Loss: 0.41428691148757935
[2023-05-03 13:17:54] Train Epoch: 1 [18000/20000 (90.0%)]	Loss: 0.23012709617614746
[2023-05-03 13:18:11] Train Epoch: 1 [19000/20000 (95.0%)]	Loss: 0.5501655340194702
[2023-05-03 13:18:57] ========== Metrics ==========
[2023-05-03 13:18:57] {
  "tr_loss": 0.597301177998664,
  "tr_acc": 0.6712171217121712,
  "tr_f1": 0.6762200226522873,
  "val_loss": 0.6343075597576359,
  "val_acc": 0.6265766565997513,
  "val_f1": 0.7229836584080127,
  "test_loss": 0.6415968244960961,
  "test_acc": 0.6558265582655827,
  "test_f1": 0.742393509127789
}
[2023-05-03 13:18:57] ========== Metrics ==========
[2023-05-03 13:19:00] Train Epoch: 2 [0/20000 (0.0%)]	Loss: 0.6599428653717041
[2023-05-03 13:19:15] Train Epoch: 2 [1000/20000 (5.0%)]	Loss: 0.59651780128479
[2023-05-03 13:19:42] Train Epoch: 2 [2000/20000 (10.0%)]	Loss: 0.4546107351779938
[2023-05-03 13:20:08] Train Epoch: 2 [3000/20000 (15.0%)]	Loss: 0.43607720732688904
[2023-05-03 13:20:33] Train Epoch: 2 [4000/20000 (20.0%)]	Loss: 0.589197039604187
[2023-05-03 13:20:56] Train Epoch: 2 [5000/20000 (25.0%)]	Loss: 0.46017202734947205
[2023-05-03 13:21:20] Train Epoch: 2 [6000/20000 (30.0%)]	Loss: 0.34150469303131104
[2023-05-03 13:21:43] Train Epoch: 2 [7000/20000 (35.0%)]	Loss: 0.253607839345932
[2023-05-03 13:22:05] Train Epoch: 2 [8000/20000 (40.0%)]	Loss: 0.28240641951560974
[2023-05-03 13:22:29] Train Epoch: 2 [9000/20000 (45.0%)]	Loss: 0.4382709860801697
[2023-05-03 13:22:52] Train Epoch: 2 [10000/20000 (50.0%)]	Loss: 0.31381338834762573
[2023-05-03 13:23:17] Train Epoch: 2 [11000/20000 (55.0%)]	Loss: 0.30015796422958374
[2023-05-03 13:23:42] Train Epoch: 2 [12000/20000 (60.0%)]	Loss: 0.23745279014110565
[2023-05-03 13:24:08] Train Epoch: 2 [13000/20000 (65.0%)]	Loss: 0.3309096693992615
[2023-05-03 13:24:33] Train Epoch: 2 [14000/20000 (70.0%)]	Loss: 0.30736321210861206
[2023-05-03 13:24:57] Train Epoch: 2 [15000/20000 (75.0%)]	Loss: 0.4616541266441345
[2023-05-03 13:25:22] Train Epoch: 2 [16000/20000 (80.0%)]	Loss: 0.19862347841262817
[2023-05-03 13:25:47] Train Epoch: 2 [17000/20000 (85.0%)]	Loss: 0.18571819365024567
[2023-05-03 13:26:12] Train Epoch: 2 [18000/20000 (90.0%)]	Loss: 0.3116849660873413
[2023-05-03 13:26:36] Train Epoch: 2 [19000/20000 (95.0%)]	Loss: 0.3208810091018677
[2023-05-03 13:27:31] ========== Metrics ==========
[2023-05-03 13:27:31] {
  "tr_loss": 0.37099259558564746,
  "tr_acc": 0.8393339333933393,
  "tr_f1": 0.84017310849127,
  "val_loss": 0.36463096414901663,
  "val_acc": 0.844910286018831,
  "val_f1": 0.847988855998607,
  "test_loss": 0.3312047354897186,
  "test_acc": 0.8536585365853658,
  "test_f1": 0.8516483516483517
}
[2023-05-03 13:27:31] ========== Metrics ==========
[2023-05-03 13:27:34] Train Epoch: 3 [0/20000 (0.0%)]	Loss: 0.18806128203868866
[2023-05-03 13:27:59] Train Epoch: 3 [1000/20000 (5.0%)]	Loss: 0.3165072500705719
[2023-05-03 13:28:24] Train Epoch: 3 [2000/20000 (10.0%)]	Loss: 0.2659277021884918
[2023-05-03 13:28:48] Train Epoch: 3 [3000/20000 (15.0%)]	Loss: 0.2492644488811493
[2023-05-03 13:29:12] Train Epoch: 3 [4000/20000 (20.0%)]	Loss: 0.14064408838748932
[2023-05-03 13:29:35] Train Epoch: 3 [5000/20000 (25.0%)]	Loss: 0.29899007081985474
[2023-05-03 13:29:58] Train Epoch: 3 [6000/20000 (30.0%)]	Loss: 0.06577770411968231
[2023-05-03 13:30:21] Train Epoch: 3 [7000/20000 (35.0%)]	Loss: 0.20577168464660645
[2023-05-03 13:30:46] Train Epoch: 3 [8000/20000 (40.0%)]	Loss: 0.29522019624710083
[2023-05-03 13:31:09] Train Epoch: 3 [9000/20000 (45.0%)]	Loss: 0.2944815456867218
[2023-05-03 13:31:33] Train Epoch: 3 [10000/20000 (50.0%)]	Loss: 0.12706410884857178
[2023-05-03 13:31:56] Train Epoch: 3 [11000/20000 (55.0%)]	Loss: 0.2494460791349411
[2023-05-03 13:32:20] Train Epoch: 3 [12000/20000 (60.0%)]	Loss: 0.09105230122804642
[2023-05-03 13:32:44] Train Epoch: 3 [13000/20000 (65.0%)]	Loss: 0.2650667130947113
[2023-05-03 13:33:08] Train Epoch: 3 [14000/20000 (70.0%)]	Loss: 0.29719048738479614
[2023-05-03 13:33:32] Train Epoch: 3 [15000/20000 (75.0%)]	Loss: 0.3476257026195526
[2023-05-03 13:33:55] Train Epoch: 3 [16000/20000 (80.0%)]	Loss: 0.3612385392189026
[2023-05-03 13:34:19] Train Epoch: 3 [17000/20000 (85.0%)]	Loss: 0.11249160766601562
[2023-05-03 13:34:42] Train Epoch: 3 [18000/20000 (90.0%)]	Loss: 0.3432336449623108
[2023-05-03 13:35:05] Train Epoch: 3 [19000/20000 (95.0%)]	Loss: 0.09836624562740326
[2023-05-03 13:36:00] ========== Metrics ==========
[2023-05-03 13:36:00] {
  "tr_loss": 0.22309645044520768,
  "tr_acc": 0.9157415741574157,
  "tr_f1": 0.9156361087468082,
  "val_loss": 0.3814693732654716,
  "val_acc": 0.8413572570616451,
  "val_f1": 0.8310312204351938,
  "test_loss": 0.3988296859632663,
  "test_acc": 0.8211382113821138,
  "test_f1": 0.8023952095808384
}
[2023-05-03 13:36:00] ========== Metrics ==========
[2023-05-03 13:36:03] Train Epoch: 4 [0/20000 (0.0%)]	Loss: 0.10286865383386612
[2023-05-03 13:36:25] Train Epoch: 4 [1000/20000 (5.0%)]	Loss: 0.13536009192466736
[2023-05-03 13:36:47] Train Epoch: 4 [2000/20000 (10.0%)]	Loss: 0.03362501412630081
[2023-05-03 13:37:09] Train Epoch: 4 [3000/20000 (15.0%)]	Loss: 0.02913338877260685
[2023-05-03 13:37:31] Train Epoch: 4 [4000/20000 (20.0%)]	Loss: 0.11205333471298218
[2023-05-03 13:37:54] Train Epoch: 4 [5000/20000 (25.0%)]	Loss: 0.34606441855430603
[2023-05-03 13:38:16] Train Epoch: 4 [6000/20000 (30.0%)]	Loss: 0.060781944543123245
[2023-05-03 13:38:38] Train Epoch: 4 [7000/20000 (35.0%)]	Loss: 0.2510406970977783
[2023-05-03 13:39:01] Train Epoch: 4 [8000/20000 (40.0%)]	Loss: 0.029595017433166504
[2023-05-03 13:39:23] Train Epoch: 4 [9000/20000 (45.0%)]	Loss: 0.0638597309589386
[2023-05-03 13:39:45] Train Epoch: 4 [10000/20000 (50.0%)]	Loss: 0.05735171586275101
[2023-05-03 13:40:08] Train Epoch: 4 [11000/20000 (55.0%)]	Loss: 0.012165875174105167
[2023-05-03 13:40:30] Train Epoch: 4 [12000/20000 (60.0%)]	Loss: 0.1458672285079956
[2023-05-03 13:40:52] Train Epoch: 4 [13000/20000 (65.0%)]	Loss: 0.0864604264497757
[2023-05-03 13:41:14] Train Epoch: 4 [14000/20000 (70.0%)]	Loss: 0.06137552112340927
[2023-05-03 13:41:37] Train Epoch: 4 [15000/20000 (75.0%)]	Loss: 0.021383529528975487
[2023-05-03 13:42:00] Train Epoch: 4 [16000/20000 (80.0%)]	Loss: 0.09176711738109589
[2023-05-03 13:42:22] Train Epoch: 4 [17000/20000 (85.0%)]	Loss: 0.07613959163427353
[2023-05-03 13:42:43] Train Epoch: 4 [18000/20000 (90.0%)]	Loss: 0.08488127589225769
[2023-05-03 13:43:06] Train Epoch: 4 [19000/20000 (95.0%)]	Loss: 0.23488518595695496
[2023-05-03 13:44:02] ========== Metrics ==========
[2023-05-03 13:44:02] {
  "tr_loss": 0.13100328400103498,
  "tr_acc": 0.954995499549955,
  "tr_f1": 0.9548600662052362,
  "val_loss": 0.423305494855407,
  "val_acc": 0.8402913483744893,
  "val_f1": 0.8408004250044272,
  "test_loss": 0.4244886278136959,
  "test_acc": 0.8265582655826558,
  "test_f1": 0.8241758241758241
}
[2023-05-03 13:44:02] ========== Metrics ==========
[2023-05-03 13:44:05] Train Epoch: 5 [0/20000 (0.0%)]	Loss: 0.02629948779940605
[2023-05-03 13:44:28] Train Epoch: 5 [1000/20000 (5.0%)]	Loss: 0.012296492233872414
[2023-05-03 13:44:50] Train Epoch: 5 [2000/20000 (10.0%)]	Loss: 0.028547102585434914
[2023-05-03 13:45:12] Train Epoch: 5 [3000/20000 (15.0%)]	Loss: 0.01831531897187233
[2023-05-03 13:45:33] Train Epoch: 5 [4000/20000 (20.0%)]	Loss: 0.3960776627063751
[2023-05-03 13:45:54] Train Epoch: 5 [5000/20000 (25.0%)]	Loss: 0.002745348261669278
[2023-05-03 13:46:16] Train Epoch: 5 [6000/20000 (30.0%)]	Loss: 0.005816745571792126
[2023-05-03 13:46:38] Train Epoch: 5 [7000/20000 (35.0%)]	Loss: 0.2911226749420166
[2023-05-03 13:47:00] Train Epoch: 5 [8000/20000 (40.0%)]	Loss: 0.3262307941913605
[2023-05-03 13:47:22] Train Epoch: 5 [9000/20000 (45.0%)]	Loss: 0.33360350131988525
[2023-05-03 13:47:42] Train Epoch: 5 [10000/20000 (50.0%)]	Loss: 0.05781625583767891
[2023-05-03 13:48:03] Train Epoch: 5 [11000/20000 (55.0%)]	Loss: 0.2084140032529831
[2023-05-03 13:48:24] Train Epoch: 5 [12000/20000 (60.0%)]	Loss: 0.008880862966179848
[2023-05-03 13:48:48] Train Epoch: 5 [13000/20000 (65.0%)]	Loss: 0.020450910553336143
[2023-05-03 13:49:11] Train Epoch: 5 [14000/20000 (70.0%)]	Loss: 0.0276907030493021
[2023-05-03 13:49:34] Train Epoch: 5 [15000/20000 (75.0%)]	Loss: 0.8306710124015808
[2023-05-03 13:49:56] Train Epoch: 5 [16000/20000 (80.0%)]	Loss: 0.006930770818144083
[2023-05-03 13:50:19] Train Epoch: 5 [17000/20000 (85.0%)]	Loss: 0.0038034231401979923
[2023-05-03 13:50:43] Train Epoch: 5 [18000/20000 (90.0%)]	Loss: 0.007425416260957718
[2023-05-03 13:51:06] Train Epoch: 5 [19000/20000 (95.0%)]	Loss: 0.030731752514839172
[2023-05-03 13:51:57] ========== Metrics ==========
[2023-05-03 13:51:57] {
  "tr_loss": 0.06772747765007772,
  "tr_acc": 0.9786978697869787,
  "tr_f1": 0.9786444756366554,
  "val_loss": 0.5604144644543467,
  "val_acc": 0.8211049920056849,
  "val_f1": 0.8279514778745942,
  "test_loss": 0.5767015167852727,
  "test_acc": 0.8319783197831978,
  "test_f1": 0.8376963350785339
}
[2023-05-03 13:51:57] ========== Metrics ==========
[2023-05-03 13:51:59] Train Epoch: 6 [0/20000 (0.0%)]	Loss: 0.011956190690398216
[2023-05-03 13:52:19] Train Epoch: 6 [1000/20000 (5.0%)]	Loss: 0.02381032146513462
[2023-05-03 13:52:39] Train Epoch: 6 [2000/20000 (10.0%)]	Loss: 0.019963301718235016
[2023-05-03 13:52:59] Train Epoch: 6 [3000/20000 (15.0%)]	Loss: 0.004174652975052595
[2023-05-03 13:53:19] Train Epoch: 6 [4000/20000 (20.0%)]	Loss: 0.004927447531372309
[2023-05-03 13:53:39] Train Epoch: 6 [5000/20000 (25.0%)]	Loss: 0.05646403878927231
[2023-05-03 13:53:58] Train Epoch: 6 [6000/20000 (30.0%)]	Loss: 0.2643616795539856
[2023-05-03 13:54:18] Train Epoch: 6 [7000/20000 (35.0%)]	Loss: 0.003101101377978921
[2023-05-03 13:54:38] Train Epoch: 6 [8000/20000 (40.0%)]	Loss: 0.02023717388510704
[2023-05-03 13:54:58] Train Epoch: 6 [9000/20000 (45.0%)]	Loss: 0.003309731837362051
[2023-05-03 13:55:18] Train Epoch: 6 [10000/20000 (50.0%)]	Loss: 0.0018083106260746717
[2023-05-03 13:55:38] Train Epoch: 6 [11000/20000 (55.0%)]	Loss: 0.0017864337423816323
[2023-05-03 13:55:58] Train Epoch: 6 [12000/20000 (60.0%)]	Loss: 0.002122312318533659
[2023-05-03 13:56:18] Train Epoch: 6 [13000/20000 (65.0%)]	Loss: 0.002131830435246229
[2023-05-03 13:56:38] Train Epoch: 6 [14000/20000 (70.0%)]	Loss: 0.040510643273591995
[2023-05-03 13:56:58] Train Epoch: 6 [15000/20000 (75.0%)]	Loss: 0.008647482842206955
[2023-05-03 13:57:17] Train Epoch: 6 [16000/20000 (80.0%)]	Loss: 0.023007173091173172
[2023-05-03 13:57:37] Train Epoch: 6 [17000/20000 (85.0%)]	Loss: 0.0014725044602528214
[2023-05-03 13:57:57] Train Epoch: 6 [18000/20000 (90.0%)]	Loss: 0.000967387284617871
[2023-05-03 13:58:18] Train Epoch: 6 [19000/20000 (95.0%)]	Loss: 0.004133968614041805
[2023-05-03 13:59:08] ========== Metrics ==========
[2023-05-03 13:59:08] {
  "tr_loss": 0.023469107048172462,
  "tr_acc": 0.9937993799379938,
  "tr_f1": 0.9938,
  "val_loss": 0.7306353211105744,
  "val_acc": 0.8322970332208207,
  "val_f1": 0.8310665712240515,
  "test_loss": 0.7709292635362,
  "test_acc": 0.8265582655826558,
  "test_f1": 0.825136612021858
}
[2023-05-03 13:59:08] ========== Metrics ==========
[2023-05-03 13:59:11] Train Epoch: 7 [0/20000 (0.0%)]	Loss: 0.3742058277130127
[2023-05-03 13:59:30] Train Epoch: 7 [1000/20000 (5.0%)]	Loss: 0.0018409279873594642
[2023-05-03 13:59:50] Train Epoch: 7 [2000/20000 (10.0%)]	Loss: 0.007146613206714392
[2023-05-03 14:00:09] Train Epoch: 7 [3000/20000 (15.0%)]	Loss: 0.004784204997122288
[2023-05-03 14:00:30] Train Epoch: 7 [4000/20000 (20.0%)]	Loss: 0.001768572605215013
[2023-05-03 14:00:50] Train Epoch: 7 [5000/20000 (25.0%)]	Loss: 0.001061724266037345
[2023-05-03 14:01:09] Train Epoch: 7 [6000/20000 (30.0%)]	Loss: 0.004176384769380093
[2023-05-03 14:01:30] Train Epoch: 7 [7000/20000 (35.0%)]	Loss: 0.01912350207567215
[2023-05-03 14:01:50] Train Epoch: 7 [8000/20000 (40.0%)]	Loss: 0.001164517248980701
[2023-05-03 14:02:10] Train Epoch: 7 [9000/20000 (45.0%)]	Loss: 0.001273333909921348
[2023-05-03 14:02:30] Train Epoch: 7 [10000/20000 (50.0%)]	Loss: 0.0013659048127010465
[2023-05-03 14:02:50] Train Epoch: 7 [11000/20000 (55.0%)]	Loss: 0.005120317451655865
[2023-05-03 14:03:10] Train Epoch: 7 [12000/20000 (60.0%)]	Loss: 0.0030742124654352665
[2023-05-03 14:03:30] Train Epoch: 7 [13000/20000 (65.0%)]	Loss: 0.0005863196565769613
[2023-05-03 14:03:50] Train Epoch: 7 [14000/20000 (70.0%)]	Loss: 0.006525212433189154
[2023-05-03 14:04:10] Train Epoch: 7 [15000/20000 (75.0%)]	Loss: 0.001457583042792976
[2023-05-03 14:04:30] Train Epoch: 7 [16000/20000 (80.0%)]	Loss: 0.0014475274365395308
[2023-05-03 14:04:50] Train Epoch: 7 [17000/20000 (85.0%)]	Loss: 0.001666571362875402
[2023-05-03 14:05:10] Train Epoch: 7 [18000/20000 (90.0%)]	Loss: 0.0018221180653199553
[2023-05-03 14:05:30] Train Epoch: 7 [19000/20000 (95.0%)]	Loss: 0.0013172936160117388
[2023-05-03 14:06:19] ========== Metrics ==========
[2023-05-03 14:06:19] {
  "tr_loss": 0.01658954314829962,
  "tr_acc": 0.9961996199619962,
  "tr_f1": 0.9962011396581026,
  "val_loss": 0.7827540210020184,
  "val_acc": 0.8275004441286197,
  "val_f1": 0.822842546980478,
  "test_loss": 0.8470636701115425,
  "test_acc": 0.8184281842818428,
  "test_f1": 0.814404432132964
}
[2023-05-03 14:06:19] ========== Metrics ==========
[2023-05-03 14:06:22] Train Epoch: 8 [0/20000 (0.0%)]	Loss: 0.0020944068673998117
[2023-05-03 14:06:40] Train Epoch: 8 [1000/20000 (5.0%)]	Loss: 0.001289315870963037
[2023-05-03 14:06:59] Train Epoch: 8 [2000/20000 (10.0%)]	Loss: 0.008349229581654072
[2023-05-03 14:07:17] Train Epoch: 8 [3000/20000 (15.0%)]	Loss: 0.0012576086446642876
[2023-05-03 14:07:37] Train Epoch: 8 [4000/20000 (20.0%)]	Loss: 0.0011117539834231138
[2023-05-03 14:07:56] Train Epoch: 8 [5000/20000 (25.0%)]	Loss: 0.0009862250881269574
[2023-05-03 14:08:15] Train Epoch: 8 [6000/20000 (30.0%)]	Loss: 0.0012941078748553991
[2023-05-03 14:08:35] Train Epoch: 8 [7000/20000 (35.0%)]	Loss: 0.003686897922307253
[2023-05-03 14:08:54] Train Epoch: 8 [8000/20000 (40.0%)]	Loss: 0.0013157565845176578
[2023-05-03 14:09:14] Train Epoch: 8 [9000/20000 (45.0%)]	Loss: 0.0009362149867229164
[2023-05-03 14:09:34] Train Epoch: 8 [10000/20000 (50.0%)]	Loss: 0.0020483951084315777
[2023-05-03 14:09:54] Train Epoch: 8 [11000/20000 (55.0%)]	Loss: 0.004629211965948343
[2023-05-03 14:10:15] Train Epoch: 8 [12000/20000 (60.0%)]	Loss: 0.0005908205057494342
[2023-05-03 14:10:34] Train Epoch: 8 [13000/20000 (65.0%)]	Loss: 0.0021078470163047314
[2023-05-03 14:10:54] Train Epoch: 8 [14000/20000 (70.0%)]	Loss: 0.001171862706542015
[2023-05-03 14:11:15] Train Epoch: 8 [15000/20000 (75.0%)]	Loss: 0.0008446193533018231
[2023-05-03 14:11:35] Train Epoch: 8 [16000/20000 (80.0%)]	Loss: 0.0011601941660046577
[2023-05-03 14:11:55] Train Epoch: 8 [17000/20000 (85.0%)]	Loss: 0.001379040302708745
[2023-05-03 14:12:15] Train Epoch: 8 [18000/20000 (90.0%)]	Loss: 0.01609344780445099
[2023-05-03 14:12:35] Train Epoch: 8 [19000/20000 (95.0%)]	Loss: 0.003552005160599947
[2023-05-03 14:13:20] Stop At epoch 8/20 due to valid not increase
[2023-05-03 14:13:26] ========== Metrics ==========
[2023-05-03 14:13:26] {
  "tr_loss": 0.013001911848286956,
  "tr_acc": 0.9972997299729973,
  "tr_f1": 0.997299189756927,
  "val_loss": 0.8759068914737601,
  "val_acc": 0.8218155977971221,
  "val_f1": 0.8226975428672441,
  "test_loss": 0.9109056884357276,
  "test_acc": 0.8184281842818428,
  "test_f1": 0.8213333333333332
}
[2023-05-03 14:13:26] ========== Metrics ==========
