[2023-05-01 13:21:46] Train Epoch: 1 [0/20000 (0.0%)]	Loss: 0.6828585863113403
[2023-05-01 13:21:49] Train Epoch: 1 [1000/20000 (5.0%)]	Loss: 0.6905316114425659
[2023-05-01 13:21:51] Train Epoch: 1 [2000/20000 (10.0%)]	Loss: 0.5615981221199036
[2023-05-01 13:21:54] Train Epoch: 1 [3000/20000 (15.0%)]	Loss: 0.44647637009620667
[2023-05-01 13:21:56] Train Epoch: 1 [4000/20000 (20.0%)]	Loss: 0.6381551027297974
[2023-05-01 13:21:59] Train Epoch: 1 [5000/20000 (25.0%)]	Loss: 0.4284045696258545
[2023-05-01 13:22:01] Train Epoch: 1 [6000/20000 (30.0%)]	Loss: 0.5374184250831604
[2023-05-01 13:22:04] Train Epoch: 1 [7000/20000 (35.0%)]	Loss: 0.7361549139022827
[2023-05-01 13:22:07] Train Epoch: 1 [8000/20000 (40.0%)]	Loss: 0.4017380177974701
[2023-05-01 13:22:09] Train Epoch: 1 [9000/20000 (45.0%)]	Loss: 0.7306371927261353
[2023-05-01 13:22:12] Train Epoch: 1 [10000/20000 (50.0%)]	Loss: 0.2528983950614929
[2023-05-01 13:22:14] Train Epoch: 1 [11000/20000 (55.0%)]	Loss: 0.3412133753299713
[2023-05-01 13:22:17] Train Epoch: 1 [12000/20000 (60.0%)]	Loss: 0.3510734438896179
[2023-05-01 13:22:19] Train Epoch: 1 [13000/20000 (65.0%)]	Loss: 0.6661726832389832
[2023-05-01 13:22:22] Train Epoch: 1 [14000/20000 (70.0%)]	Loss: 0.5768288969993591
[2023-05-01 13:22:24] Train Epoch: 1 [15000/20000 (75.0%)]	Loss: 0.5357991456985474
[2023-05-01 13:22:26] Train Epoch: 1 [16000/20000 (80.0%)]	Loss: 0.4592515826225281
[2023-05-01 13:22:28] Train Epoch: 1 [17000/20000 (85.0%)]	Loss: 0.46072229743003845
[2023-05-01 13:22:30] Train Epoch: 1 [18000/20000 (90.0%)]	Loss: 0.3849335312843323
[2023-05-01 13:22:32] Train Epoch: 1 [19000/20000 (95.0%)]	Loss: 0.3996267020702362
[2023-05-01 13:22:40] ========== Metrics ==========
[2023-05-01 13:22:40] {
  "tr_loss": 0.468153322886939,
  "tr_acc": 0.7794279427942794,
  "tr_f1": 0.7821620820781273,
  "val_loss": 0.3823050660696519,
  "val_acc": 0.8351394563865695,
  "val_f1": 0.8386648122392211,
  "test_loss": 0.35325767709633843,
  "test_acc": 0.8401084010840109,
  "test_f1": 0.837465564738292
}
[2023-05-01 13:22:40] ========== Metrics ==========
[2023-05-01 13:22:40] Train Epoch: 2 [0/20000 (0.0%)]	Loss: 0.26892614364624023
[2023-05-01 13:22:42] Train Epoch: 2 [1000/20000 (5.0%)]	Loss: 0.5024134516716003
[2023-05-01 13:22:45] Train Epoch: 2 [2000/20000 (10.0%)]	Loss: 0.3408188223838806
[2023-05-01 13:22:47] Train Epoch: 2 [3000/20000 (15.0%)]	Loss: 0.5101727247238159
[2023-05-01 13:22:49] Train Epoch: 2 [4000/20000 (20.0%)]	Loss: 0.27162137627601624
[2023-05-01 13:22:51] Train Epoch: 2 [5000/20000 (25.0%)]	Loss: 0.34001216292381287
[2023-05-01 13:22:53] Train Epoch: 2 [6000/20000 (30.0%)]	Loss: 0.43900567293167114
[2023-05-01 13:22:55] Train Epoch: 2 [7000/20000 (35.0%)]	Loss: 0.4403553903102875
[2023-05-01 13:22:56] Train Epoch: 2 [8000/20000 (40.0%)]	Loss: 0.04567791521549225
[2023-05-01 13:22:58] Train Epoch: 2 [9000/20000 (45.0%)]	Loss: 0.31196966767311096
[2023-05-01 13:23:00] Train Epoch: 2 [10000/20000 (50.0%)]	Loss: 0.23073044419288635
[2023-05-01 13:23:02] Train Epoch: 2 [11000/20000 (55.0%)]	Loss: 0.18989285826683044
[2023-05-01 13:23:04] Train Epoch: 2 [12000/20000 (60.0%)]	Loss: 0.17170071601867676
[2023-05-01 13:23:06] Train Epoch: 2 [13000/20000 (65.0%)]	Loss: 0.08189220726490021
[2023-05-01 13:23:08] Train Epoch: 2 [14000/20000 (70.0%)]	Loss: 0.40060049295425415
[2023-05-01 13:23:10] Train Epoch: 2 [15000/20000 (75.0%)]	Loss: 0.4804054796695709
[2023-05-01 13:23:12] Train Epoch: 2 [16000/20000 (80.0%)]	Loss: 0.33934447169303894
[2023-05-01 13:23:14] Train Epoch: 2 [17000/20000 (85.0%)]	Loss: 0.25955209136009216
[2023-05-01 13:23:16] Train Epoch: 2 [18000/20000 (90.0%)]	Loss: 0.0948595255613327
[2023-05-01 13:23:18] Train Epoch: 2 [19000/20000 (95.0%)]	Loss: 0.24240228533744812
[2023-05-01 13:23:26] ========== Metrics ==========
[2023-05-01 13:23:26] {
  "tr_loss": 0.28392693172223404,
  "tr_acc": 0.8887388738873887,
  "tr_f1": 0.8888444821901383,
  "val_loss": 0.3936563494558507,
  "val_acc": 0.8521939953810623,
  "val_f1": 0.8480087687248813,
  "test_loss": 0.37007484898011533,
  "test_acc": 0.8590785907859079,
  "test_f1": 0.8514285714285714
}
[2023-05-01 13:23:26] ========== Metrics ==========
[2023-05-01 13:23:27] Train Epoch: 3 [0/20000 (0.0%)]	Loss: 0.0623166449368
[2023-05-01 13:23:29] Train Epoch: 3 [1000/20000 (5.0%)]	Loss: 0.07062838971614838
[2023-05-01 13:23:31] Train Epoch: 3 [2000/20000 (10.0%)]	Loss: 0.26977458596229553
[2023-05-01 13:23:33] Train Epoch: 3 [3000/20000 (15.0%)]	Loss: 0.1237819567322731
[2023-05-01 13:23:35] Train Epoch: 3 [4000/20000 (20.0%)]	Loss: 0.16820502281188965
[2023-05-01 13:23:37] Train Epoch: 3 [5000/20000 (25.0%)]	Loss: 0.1046985387802124
[2023-05-01 13:23:39] Train Epoch: 3 [6000/20000 (30.0%)]	Loss: 0.14776548743247986
[2023-05-01 13:23:41] Train Epoch: 3 [7000/20000 (35.0%)]	Loss: 0.01969689503312111
[2023-05-01 13:23:43] Train Epoch: 3 [8000/20000 (40.0%)]	Loss: 0.03054613433778286
[2023-05-01 13:23:45] Train Epoch: 3 [9000/20000 (45.0%)]	Loss: 0.26173126697540283
[2023-05-01 13:23:47] Train Epoch: 3 [10000/20000 (50.0%)]	Loss: 0.25167402625083923
[2023-05-01 13:23:49] Train Epoch: 3 [11000/20000 (55.0%)]	Loss: 0.16382935643196106
[2023-05-01 13:23:51] Train Epoch: 3 [12000/20000 (60.0%)]	Loss: 0.13390882313251495
[2023-05-01 13:23:53] Train Epoch: 3 [13000/20000 (65.0%)]	Loss: 0.09880252182483673
[2023-05-01 13:23:55] Train Epoch: 3 [14000/20000 (70.0%)]	Loss: 0.06644235551357269
[2023-05-01 13:23:57] Train Epoch: 3 [15000/20000 (75.0%)]	Loss: 0.17231985926628113
[2023-05-01 13:23:59] Train Epoch: 3 [16000/20000 (80.0%)]	Loss: 0.05371997505426407
[2023-05-01 13:24:01] Train Epoch: 3 [17000/20000 (85.0%)]	Loss: 0.11425695568323135
[2023-05-01 13:24:03] Train Epoch: 3 [18000/20000 (90.0%)]	Loss: 0.26659825444221497
[2023-05-01 13:24:05] Train Epoch: 3 [19000/20000 (95.0%)]	Loss: 0.19778333604335785
[2023-05-01 13:24:13] ========== Metrics ==========
[2023-05-01 13:24:13] {
  "tr_loss": 0.16813868533947332,
  "tr_acc": 0.9404940494049405,
  "tr_f1": 0.9405178446466059,
  "val_loss": 0.4694191896604653,
  "val_acc": 0.8438443773316753,
  "val_f1": 0.8392171209072616,
  "test_loss": 0.41841173317374253,
  "test_acc": 0.8617886178861789,
  "test_f1": 0.8547008547008547
}
[2023-05-01 13:24:13] ========== Metrics ==========
[2023-05-01 13:24:13] Train Epoch: 4 [0/20000 (0.0%)]	Loss: 0.05775035545229912
[2023-05-01 13:24:15] Train Epoch: 4 [1000/20000 (5.0%)]	Loss: 0.033782120794057846
[2023-05-01 13:24:18] Train Epoch: 4 [2000/20000 (10.0%)]	Loss: 0.001548288157209754
[2023-05-01 13:24:20] Train Epoch: 4 [3000/20000 (15.0%)]	Loss: 0.005478223320096731
[2023-05-01 13:24:22] Train Epoch: 4 [4000/20000 (20.0%)]	Loss: 0.12487002462148666
[2023-05-01 13:24:24] Train Epoch: 4 [5000/20000 (25.0%)]	Loss: 0.08376189321279526
[2023-05-01 13:24:26] Train Epoch: 4 [6000/20000 (30.0%)]	Loss: 0.19509339332580566
[2023-05-01 13:24:28] Train Epoch: 4 [7000/20000 (35.0%)]	Loss: 0.03561519831418991
[2023-05-01 13:24:30] Train Epoch: 4 [8000/20000 (40.0%)]	Loss: 0.020763186737895012
[2023-05-01 13:24:32] Train Epoch: 4 [9000/20000 (45.0%)]	Loss: 0.0155230313539505
[2023-05-01 13:24:34] Train Epoch: 4 [10000/20000 (50.0%)]	Loss: 0.07410679012537003
[2023-05-01 13:24:36] Train Epoch: 4 [11000/20000 (55.0%)]	Loss: 0.05478011444211006
[2023-05-01 13:24:38] Train Epoch: 4 [12000/20000 (60.0%)]	Loss: 0.1772574633359909
[2023-05-01 13:24:40] Train Epoch: 4 [13000/20000 (65.0%)]	Loss: 0.0896589607000351
[2023-05-01 13:24:42] Train Epoch: 4 [14000/20000 (70.0%)]	Loss: 0.04209945350885391
[2023-05-01 13:24:44] Train Epoch: 4 [15000/20000 (75.0%)]	Loss: 0.13430070877075195
[2023-05-01 13:24:46] Train Epoch: 4 [16000/20000 (80.0%)]	Loss: 0.0808139368891716
[2023-05-01 13:24:48] Train Epoch: 4 [17000/20000 (85.0%)]	Loss: 0.07097675651311874
[2023-05-01 13:24:50] Train Epoch: 4 [18000/20000 (90.0%)]	Loss: 0.15287303924560547
[2023-05-01 13:24:52] Train Epoch: 4 [19000/20000 (95.0%)]	Loss: 0.24980871379375458
[2023-05-01 13:25:00] ========== Metrics ==========
[2023-05-01 13:25:00] {
  "tr_loss": 0.09079157698163502,
  "tr_acc": 0.968996899689969,
  "tr_f1": 0.9690030996900311,
  "val_loss": 0.47910868977278415,
  "val_acc": 0.8338958962515545,
  "val_f1": 0.8379268504073496,
  "test_loss": 0.37283983455117803,
  "test_acc": 0.8563685636856369,
  "test_f1": 0.8601583113456465
}
[2023-05-01 13:25:00] ========== Metrics ==========
[2023-05-01 13:25:01] Train Epoch: 5 [0/20000 (0.0%)]	Loss: 0.014355145394802094
[2023-05-01 13:25:03] Train Epoch: 5 [1000/20000 (5.0%)]	Loss: 0.005694093182682991
[2023-05-01 13:25:05] Train Epoch: 5 [2000/20000 (10.0%)]	Loss: 0.26063087582588196
[2023-05-01 13:25:07] Train Epoch: 5 [3000/20000 (15.0%)]	Loss: 0.012074867263436317
[2023-05-01 13:25:09] Train Epoch: 5 [4000/20000 (20.0%)]	Loss: 0.0033681089989840984
[2023-05-01 13:25:11] Train Epoch: 5 [5000/20000 (25.0%)]	Loss: 0.008938190527260303
[2023-05-01 13:25:13] Train Epoch: 5 [6000/20000 (30.0%)]	Loss: 0.002509151119738817
[2023-05-01 13:25:15] Train Epoch: 5 [7000/20000 (35.0%)]	Loss: 0.2612428367137909
[2023-05-01 13:25:17] Train Epoch: 5 [8000/20000 (40.0%)]	Loss: 0.004045684821903706
[2023-05-01 13:25:19] Train Epoch: 5 [9000/20000 (45.0%)]	Loss: 0.022391119971871376
[2023-05-01 13:25:21] Train Epoch: 5 [10000/20000 (50.0%)]	Loss: 0.03762812167406082
[2023-05-01 13:25:23] Train Epoch: 5 [11000/20000 (55.0%)]	Loss: 0.010866185650229454
[2023-05-01 13:25:25] Train Epoch: 5 [12000/20000 (60.0%)]	Loss: 0.003027943428605795
[2023-05-01 13:25:27] Train Epoch: 5 [13000/20000 (65.0%)]	Loss: 0.026166915893554688
[2023-05-01 13:25:29] Train Epoch: 5 [14000/20000 (70.0%)]	Loss: 0.018069740384817123
[2023-05-01 13:25:31] Train Epoch: 5 [15000/20000 (75.0%)]	Loss: 0.0407981351017952
[2023-05-01 13:25:33] Train Epoch: 5 [16000/20000 (80.0%)]	Loss: 0.008577064611017704
[2023-05-01 13:25:35] Train Epoch: 5 [17000/20000 (85.0%)]	Loss: 0.009576583281159401
[2023-05-01 13:25:37] Train Epoch: 5 [18000/20000 (90.0%)]	Loss: 0.00682972464710474
[2023-05-01 13:25:39] Train Epoch: 5 [19000/20000 (95.0%)]	Loss: 0.026204228401184082
[2023-05-01 13:25:47] ========== Metrics ==========
[2023-05-01 13:25:47] {
  "tr_loss": 0.04664497508667456,
  "tr_acc": 0.9862986298629863,
  "tr_f1": 0.9863041087673697,
  "val_loss": 0.5990407566330979,
  "val_acc": 0.8285663528157754,
  "val_f1": 0.8297759745986947,
  "test_loss": 0.49400939588462756,
  "test_acc": 0.8401084010840109,
  "test_f1": 0.8383561643835616
}
[2023-05-01 13:25:47] ========== Metrics ==========
[2023-05-01 13:25:47] Train Epoch: 6 [0/20000 (0.0%)]	Loss: 0.007826591841876507
[2023-05-01 13:25:50] Train Epoch: 6 [1000/20000 (5.0%)]	Loss: 0.005710571072995663
[2023-05-01 13:25:52] Train Epoch: 6 [2000/20000 (10.0%)]	Loss: 0.02029385231435299
[2023-05-01 13:25:53] Train Epoch: 6 [3000/20000 (15.0%)]	Loss: 0.0030251520220190287
[2023-05-01 13:25:55] Train Epoch: 6 [4000/20000 (20.0%)]	Loss: 0.02357623539865017
[2023-05-01 13:25:57] Train Epoch: 6 [5000/20000 (25.0%)]	Loss: 0.0008026704308576882
[2023-05-01 13:25:59] Train Epoch: 6 [6000/20000 (30.0%)]	Loss: 0.0007178896339610219
[2023-05-01 13:26:02] Train Epoch: 6 [7000/20000 (35.0%)]	Loss: 0.0011556834215298295
[2023-05-01 13:26:04] Train Epoch: 6 [8000/20000 (40.0%)]	Loss: 0.005487510934472084
[2023-05-01 13:26:06] Train Epoch: 6 [9000/20000 (45.0%)]	Loss: 0.26239529252052307
[2023-05-01 13:26:08] Train Epoch: 6 [10000/20000 (50.0%)]	Loss: 0.0006938694859854877
[2023-05-01 13:26:10] Train Epoch: 6 [11000/20000 (55.0%)]	Loss: 0.0011934489011764526
[2023-05-01 13:26:12] Train Epoch: 6 [12000/20000 (60.0%)]	Loss: 0.0006610487471334636
[2023-05-01 13:26:14] Train Epoch: 6 [13000/20000 (65.0%)]	Loss: 0.1295885145664215
[2023-05-01 13:26:16] Train Epoch: 6 [14000/20000 (70.0%)]	Loss: 0.002090762834995985
[2023-05-01 13:26:18] Train Epoch: 6 [15000/20000 (75.0%)]	Loss: 0.0021863982547074556
[2023-05-01 13:26:20] Train Epoch: 6 [16000/20000 (80.0%)]	Loss: 0.0006986698135733604
[2023-05-01 13:26:22] Train Epoch: 6 [17000/20000 (85.0%)]	Loss: 0.004081754945218563
[2023-05-01 13:26:24] Train Epoch: 6 [18000/20000 (90.0%)]	Loss: 0.003558435710147023
[2023-05-01 13:26:26] Train Epoch: 6 [19000/20000 (95.0%)]	Loss: 0.0026660088915377855
[2023-05-01 13:26:34] ========== Metrics ==========
[2023-05-01 13:26:34] {
  "tr_loss": 0.016363187826187856,
  "tr_acc": 0.995999599959996,
  "tr_f1": 0.9960003999600041,
  "val_loss": 0.798591308162208,
  "val_acc": 0.8294546100550719,
  "val_f1": 0.8297872340425532,
  "test_loss": 0.6347005727491405,
  "test_acc": 0.8455284552845529,
  "test_f1": 0.8455284552845529
}
[2023-05-01 13:26:34] ========== Metrics ==========
[2023-05-01 13:26:34] Train Epoch: 7 [0/20000 (0.0%)]	Loss: 0.0013996381312608719
[2023-05-01 13:26:36] Train Epoch: 7 [1000/20000 (5.0%)]	Loss: 0.0004944124375469983
[2023-05-01 13:26:38] Train Epoch: 7 [2000/20000 (10.0%)]	Loss: 0.004198738839477301
[2023-05-01 13:26:40] Train Epoch: 7 [3000/20000 (15.0%)]	Loss: 0.0010787856299430132
[2023-05-01 13:26:43] Train Epoch: 7 [4000/20000 (20.0%)]	Loss: 0.0016788983484730124
[2023-05-01 13:26:45] Train Epoch: 7 [5000/20000 (25.0%)]	Loss: 0.0006202467484399676
[2023-05-01 13:26:47] Train Epoch: 7 [6000/20000 (30.0%)]	Loss: 0.020245034247636795
[2023-05-01 13:26:49] Train Epoch: 7 [7000/20000 (35.0%)]	Loss: 0.0008802863885648549
[2023-05-01 13:26:51] Train Epoch: 7 [8000/20000 (40.0%)]	Loss: 0.0006628347327932715
[2023-05-01 13:26:53] Train Epoch: 7 [9000/20000 (45.0%)]	Loss: 0.01126296166330576
[2023-05-01 13:26:55] Train Epoch: 7 [10000/20000 (50.0%)]	Loss: 0.00326889893040061
[2023-05-01 13:26:57] Train Epoch: 7 [11000/20000 (55.0%)]	Loss: 0.08418092131614685
[2023-05-01 13:26:59] Train Epoch: 7 [12000/20000 (60.0%)]	Loss: 0.008049196563661098
[2023-05-01 13:27:01] Train Epoch: 7 [13000/20000 (65.0%)]	Loss: 0.00044279772555455565
[2023-05-01 13:27:03] Train Epoch: 7 [14000/20000 (70.0%)]	Loss: 0.0038530074525624514
[2023-05-01 13:27:05] Train Epoch: 7 [15000/20000 (75.0%)]	Loss: 0.005583032499998808
[2023-05-01 13:27:07] Train Epoch: 7 [16000/20000 (80.0%)]	Loss: 0.0008822864620015025
[2023-05-01 13:27:09] Train Epoch: 7 [17000/20000 (85.0%)]	Loss: 0.03142758458852768
[2023-05-01 13:27:11] Train Epoch: 7 [18000/20000 (90.0%)]	Loss: 0.002169398358091712
[2023-05-01 13:27:13] Train Epoch: 7 [19000/20000 (95.0%)]	Loss: 0.0008228954975493252
[2023-05-01 13:27:21] ========== Metrics ==========
[2023-05-01 13:27:21] {
  "tr_loss": 0.012457362125695783,
  "tr_acc": 0.9975997599759976,
  "tr_f1": 0.9975997599759976,
  "val_loss": 0.8767054972225313,
  "val_acc": 0.8257239296500266,
  "val_f1": 0.8247275326067537,
  "test_loss": 0.6590630513865773,
  "test_acc": 0.8482384823848238,
  "test_f1": 0.845303867403315
}
[2023-05-01 13:27:21] ========== Metrics ==========
[2023-05-01 13:27:21] Train Epoch: 8 [0/20000 (0.0%)]	Loss: 0.0009259890648536384
[2023-05-01 13:27:23] Train Epoch: 8 [1000/20000 (5.0%)]	Loss: 0.0013388529187068343
[2023-05-01 13:27:25] Train Epoch: 8 [2000/20000 (10.0%)]	Loss: 0.0030987397767603397
[2023-05-01 13:27:27] Train Epoch: 8 [3000/20000 (15.0%)]	Loss: 0.0014126377645879984
[2023-05-01 13:27:29] Train Epoch: 8 [4000/20000 (20.0%)]	Loss: 0.0008988555637188256
[2023-05-01 13:27:31] Train Epoch: 8 [5000/20000 (25.0%)]	Loss: 0.0009474603575654328
[2023-05-01 13:27:33] Train Epoch: 8 [6000/20000 (30.0%)]	Loss: 0.0014235922135412693
[2023-05-01 13:27:35] Train Epoch: 8 [7000/20000 (35.0%)]	Loss: 0.0005431390600278974
[2023-05-01 13:27:37] Train Epoch: 8 [8000/20000 (40.0%)]	Loss: 0.000644958927296102
[2023-05-01 13:27:40] Train Epoch: 8 [9000/20000 (45.0%)]	Loss: 0.000399857759475708
[2023-05-01 13:27:42] Train Epoch: 8 [10000/20000 (50.0%)]	Loss: 0.0002748641127254814
[2023-05-01 13:27:44] Train Epoch: 8 [11000/20000 (55.0%)]	Loss: 0.0004496157052926719
[2023-05-01 13:27:46] Train Epoch: 8 [12000/20000 (60.0%)]	Loss: 0.0005029748426750302
[2023-05-01 13:27:48] Train Epoch: 8 [13000/20000 (65.0%)]	Loss: 0.0005484967259690166
[2023-05-01 13:27:50] Train Epoch: 8 [14000/20000 (70.0%)]	Loss: 0.0015180771006271243
[2023-05-01 13:27:52] Train Epoch: 8 [15000/20000 (75.0%)]	Loss: 0.02681807056069374
[2023-05-01 13:27:54] Train Epoch: 8 [16000/20000 (80.0%)]	Loss: 0.0018210721900686622
[2023-05-01 13:27:56] Train Epoch: 8 [17000/20000 (85.0%)]	Loss: 0.3330686092376709
[2023-05-01 13:27:58] Train Epoch: 8 [18000/20000 (90.0%)]	Loss: 0.0007260751444846392
[2023-05-01 13:28:00] Train Epoch: 8 [19000/20000 (95.0%)]	Loss: 0.0014791830908507109
[2023-05-01 13:28:07] Stop At epoch 8/20 due to valid not increase
[2023-05-01 13:28:08] ========== Metrics ==========
[2023-05-01 13:28:08] {
  "tr_loss": 0.010236932374283995,
  "tr_acc": 0.997949794979498,
  "tr_f1": 0.9979496924538681,
  "val_loss": 0.8707389153747279,
  "val_acc": 0.8244803695150116,
  "val_f1": 0.8220461095100865,
  "test_loss": 0.6860526180687313,
  "test_acc": 0.8346883468834688,
  "test_f1": 0.828169014084507
}
[2023-05-01 13:28:08] ========== Metrics ==========
