[2023-05-01 19:03:54] Train Epoch: 1 [0/20000 (0.0%)]	Loss: 0.6975064873695374
[2023-05-01 19:04:07] Train Epoch: 1 [1000/20000 (5.0%)]	Loss: 0.6983944177627563
[2023-05-01 19:04:17] Train Epoch: 1 [2000/20000 (10.0%)]	Loss: 0.5475660562515259
[2023-05-01 19:04:26] Train Epoch: 1 [3000/20000 (15.0%)]	Loss: 0.7455385327339172
[2023-05-01 19:04:36] Train Epoch: 1 [4000/20000 (20.0%)]	Loss: 0.6967922449111938
[2023-05-01 19:04:46] Train Epoch: 1 [5000/20000 (25.0%)]	Loss: 0.6950713396072388
[2023-05-01 19:04:55] Train Epoch: 1 [6000/20000 (30.0%)]	Loss: 0.6901215314865112
[2023-05-01 19:05:04] Train Epoch: 1 [7000/20000 (35.0%)]	Loss: 0.6916968822479248
[2023-05-01 19:05:14] Train Epoch: 1 [8000/20000 (40.0%)]	Loss: 0.6902174949645996
[2023-05-01 19:05:24] Train Epoch: 1 [9000/20000 (45.0%)]	Loss: 0.6934611201286316
[2023-05-01 19:05:34] Train Epoch: 1 [10000/20000 (50.0%)]	Loss: 0.6813693642616272
[2023-05-01 19:05:43] Train Epoch: 1 [11000/20000 (55.0%)]	Loss: 0.6955487728118896
[2023-05-01 19:05:53] Train Epoch: 1 [12000/20000 (60.0%)]	Loss: 0.6934770941734314
[2023-05-01 19:06:03] Train Epoch: 1 [13000/20000 (65.0%)]	Loss: 0.6985141634941101
[2023-05-01 19:06:13] Train Epoch: 1 [14000/20000 (70.0%)]	Loss: 0.6916826367378235
[2023-05-01 19:06:22] Train Epoch: 1 [15000/20000 (75.0%)]	Loss: 0.7013523578643799
[2023-05-01 19:06:32] Train Epoch: 1 [16000/20000 (80.0%)]	Loss: 0.6963637471199036
[2023-05-01 19:06:41] Train Epoch: 1 [17000/20000 (85.0%)]	Loss: 0.6925306916236877
[2023-05-01 19:06:50] Train Epoch: 1 [18000/20000 (90.0%)]	Loss: 0.6899561882019043
[2023-05-01 19:07:00] Train Epoch: 1 [19000/20000 (95.0%)]	Loss: 0.6926153898239136
[2023-05-01 19:07:41] ========== Metrics ==========
[2023-05-01 19:07:41] {
  "tr_loss": 0.6891886097560562,
  "tr_acc": 0.515001500150015,
  "tr_f1": 0.5651647612642905,
  "val_loss": 0.6943315878539594,
  "val_acc": 0.5018653402025226,
  "val_f1": 0.005673758865248228,
  "test_loss": 0.7134532120815784,
  "test_acc": 0.4959349593495935,
  "test_f1": 0.010638297872340425
}
[2023-05-01 19:07:41] ========== Metrics ==========
[2023-05-01 19:07:44] Train Epoch: 2 [0/20000 (0.0%)]	Loss: 0.6947907209396362
[2023-05-01 19:07:54] Train Epoch: 2 [1000/20000 (5.0%)]	Loss: 0.6975906491279602
[2023-05-01 19:08:04] Train Epoch: 2 [2000/20000 (10.0%)]	Loss: 0.6885585188865662
[2023-05-01 19:08:13] Train Epoch: 2 [3000/20000 (15.0%)]	Loss: 0.6932653188705444
[2023-05-01 19:08:23] Train Epoch: 2 [4000/20000 (20.0%)]	Loss: 0.6897161602973938
[2023-05-01 19:08:32] Train Epoch: 2 [5000/20000 (25.0%)]	Loss: 0.6967703700065613
[2023-05-01 19:08:41] Train Epoch: 2 [6000/20000 (30.0%)]	Loss: 0.6933192014694214
[2023-05-01 19:08:50] Train Epoch: 2 [7000/20000 (35.0%)]	Loss: 0.6931257247924805
[2023-05-01 19:08:59] Train Epoch: 2 [8000/20000 (40.0%)]	Loss: 0.6733747720718384
[2023-05-01 19:09:09] Train Epoch: 2 [9000/20000 (45.0%)]	Loss: 0.8446203470230103
[2023-05-01 19:09:18] Train Epoch: 2 [10000/20000 (50.0%)]	Loss: 0.5893216729164124
[2023-05-01 19:09:26] Train Epoch: 2 [11000/20000 (55.0%)]	Loss: 0.6971604228019714
[2023-05-01 19:09:35] Train Epoch: 2 [12000/20000 (60.0%)]	Loss: 0.6926738023757935
[2023-05-01 19:09:44] Train Epoch: 2 [13000/20000 (65.0%)]	Loss: 0.6907738447189331
[2023-05-01 19:09:53] Train Epoch: 2 [14000/20000 (70.0%)]	Loss: 0.6955585479736328
[2023-05-01 19:10:02] Train Epoch: 2 [15000/20000 (75.0%)]	Loss: 0.6872018575668335
[2023-05-01 19:10:11] Train Epoch: 2 [16000/20000 (80.0%)]	Loss: 0.6574835181236267
[2023-05-01 19:10:21] Train Epoch: 2 [17000/20000 (85.0%)]	Loss: 0.6915010213851929
[2023-05-01 19:10:32] Train Epoch: 2 [18000/20000 (90.0%)]	Loss: 0.6973452568054199
[2023-05-01 19:10:42] Train Epoch: 2 [19000/20000 (95.0%)]	Loss: 0.6935458183288574
[2023-05-01 19:11:23] ========== Metrics ==========
[2023-05-01 19:11:23] {
  "tr_loss": 0.6940570912106966,
  "tr_acc": 0.5061506150615062,
  "tr_f1": 0.5728004152608358,
  "val_loss": 0.694860994847593,
  "val_acc": 0.49902291703677387,
  "val_f1": 0.6657975823654895,
  "test_loss": 0.7140084140022919,
  "test_acc": 0.5040650406504065,
  "test_f1": 0.6702702702702703
}
[2023-05-01 19:11:23] ========== Metrics ==========
[2023-05-01 19:11:26] Train Epoch: 3 [0/20000 (0.0%)]	Loss: 0.6934677362442017
[2023-05-01 19:11:37] Train Epoch: 3 [1000/20000 (5.0%)]	Loss: 0.6966937780380249
[2023-05-01 19:11:48] Train Epoch: 3 [2000/20000 (10.0%)]	Loss: 0.693313479423523
[2023-05-01 19:11:59] Train Epoch: 3 [3000/20000 (15.0%)]	Loss: 0.6940988302230835
[2023-05-01 19:12:10] Train Epoch: 3 [4000/20000 (20.0%)]	Loss: 0.6925520300865173
[2023-05-01 19:12:21] Train Epoch: 3 [5000/20000 (25.0%)]	Loss: 0.6929909586906433
[2023-05-01 19:12:31] Train Epoch: 3 [6000/20000 (30.0%)]	Loss: 0.6932040452957153
[2023-05-01 19:12:42] Train Epoch: 3 [7000/20000 (35.0%)]	Loss: 0.6923364996910095
[2023-05-01 19:12:53] Train Epoch: 3 [8000/20000 (40.0%)]	Loss: 0.6968106627464294
[2023-05-01 19:13:04] Train Epoch: 3 [9000/20000 (45.0%)]	Loss: 0.6905699968338013
[2023-05-01 19:13:14] Train Epoch: 3 [10000/20000 (50.0%)]	Loss: 0.6931060552597046
[2023-05-01 19:13:25] Train Epoch: 3 [11000/20000 (55.0%)]	Loss: 0.652694582939148
[2023-05-01 19:13:38] Train Epoch: 3 [12000/20000 (60.0%)]	Loss: 0.693993330001831
[2023-05-01 19:13:51] Train Epoch: 3 [13000/20000 (65.0%)]	Loss: 0.7132436037063599
[2023-05-01 19:14:03] Train Epoch: 3 [14000/20000 (70.0%)]	Loss: 0.6998089551925659
[2023-05-01 19:14:17] Train Epoch: 3 [15000/20000 (75.0%)]	Loss: 0.6908305883407593
[2023-05-01 19:14:31] Train Epoch: 3 [16000/20000 (80.0%)]	Loss: 0.691392719745636
[2023-05-01 19:14:45] Train Epoch: 3 [17000/20000 (85.0%)]	Loss: 0.6945527791976929
[2023-05-01 19:14:58] Train Epoch: 3 [18000/20000 (90.0%)]	Loss: 0.6914907693862915
[2023-05-01 19:15:12] Train Epoch: 3 [19000/20000 (95.0%)]	Loss: 0.6932432055473328
[2023-05-01 19:15:59] ========== Metrics ==========
[2023-05-01 19:15:59] {
  "tr_loss": 0.6931157816838164,
  "tr_acc": 0.5054005400540054,
  "tr_f1": 0.48217370818281763,
  "val_loss": 0.6945156333162298,
  "val_acc": 0.49955587138035173,
  "val_f1": 0.6662717687477786,
  "test_loss": 0.7137381965874979,
  "test_acc": 0.5067750677506775,
  "test_f1": 0.6726618705035972
}
[2023-05-01 19:15:59] ========== Metrics ==========
[2023-05-01 19:16:02] Train Epoch: 4 [0/20000 (0.0%)]	Loss: 0.6904987692832947
[2023-05-01 19:16:15] Train Epoch: 4 [1000/20000 (5.0%)]	Loss: 0.6858451962471008
[2023-05-01 19:16:27] Train Epoch: 4 [2000/20000 (10.0%)]	Loss: 0.6975589394569397
[2023-05-01 19:16:39] Train Epoch: 4 [3000/20000 (15.0%)]	Loss: 0.7080550789833069
[2023-05-01 19:16:51] Train Epoch: 4 [4000/20000 (20.0%)]	Loss: 0.6941635012626648
[2023-05-01 19:17:03] Train Epoch: 4 [5000/20000 (25.0%)]	Loss: 0.6931933760643005
[2023-05-01 19:17:16] Train Epoch: 4 [6000/20000 (30.0%)]	Loss: 0.6889981031417847
[2023-05-01 19:17:28] Train Epoch: 4 [7000/20000 (35.0%)]	Loss: 0.6932491064071655
[2023-05-01 19:17:40] Train Epoch: 4 [8000/20000 (40.0%)]	Loss: 0.6930429935455322
[2023-05-01 19:17:53] Train Epoch: 4 [9000/20000 (45.0%)]	Loss: 0.6940004825592041
[2023-05-01 19:18:06] Train Epoch: 4 [10000/20000 (50.0%)]	Loss: 0.6909714341163635
[2023-05-01 19:18:20] Train Epoch: 4 [11000/20000 (55.0%)]	Loss: 0.6915009021759033
[2023-05-01 19:18:32] Train Epoch: 4 [12000/20000 (60.0%)]	Loss: 0.6920986175537109
[2023-05-01 19:18:46] Train Epoch: 4 [13000/20000 (65.0%)]	Loss: 0.6914043426513672
[2023-05-01 19:18:59] Train Epoch: 4 [14000/20000 (70.0%)]	Loss: 0.6958202123641968
[2023-05-01 19:19:11] Train Epoch: 4 [15000/20000 (75.0%)]	Loss: 0.693185567855835
[2023-05-01 19:19:23] Train Epoch: 4 [16000/20000 (80.0%)]	Loss: 0.6931520700454712
[2023-05-01 19:19:36] Train Epoch: 4 [17000/20000 (85.0%)]	Loss: 0.6931984424591064
[2023-05-01 19:19:49] Train Epoch: 4 [18000/20000 (90.0%)]	Loss: 0.692502498626709
[2023-05-01 19:20:01] Train Epoch: 4 [19000/20000 (95.0%)]	Loss: 0.6931474208831787
[2023-05-01 19:20:45] ========== Metrics ==========
[2023-05-01 19:20:45] {
  "tr_loss": 0.6933067005650378,
  "tr_acc": 0.5051005100510051,
  "tr_f1": 0.4866434981067483,
  "val_loss": 0.6945025520609336,
  "val_acc": 0.5009770829632262,
  "val_f1": 0.0021314387211367673,
  "test_loss": 0.7139323106626185,
  "test_acc": 0.4959349593495935,
  "test_f1": 0.010638297872340425
}
[2023-05-01 19:20:45] ========== Metrics ==========
[2023-05-01 19:20:48] Train Epoch: 5 [0/20000 (0.0%)]	Loss: 0.6940120458602905
[2023-05-01 19:21:01] Train Epoch: 5 [1000/20000 (5.0%)]	Loss: 0.6928895115852356
[2023-05-01 19:21:13] Train Epoch: 5 [2000/20000 (10.0%)]	Loss: 0.693169355392456
[2023-05-01 19:21:25] Train Epoch: 5 [3000/20000 (15.0%)]	Loss: 0.6932491660118103
[2023-05-01 19:21:37] Train Epoch: 5 [4000/20000 (20.0%)]	Loss: 0.6928938627243042
[2023-05-01 19:21:49] Train Epoch: 5 [5000/20000 (25.0%)]	Loss: 0.6935790777206421
[2023-05-01 19:22:01] Train Epoch: 5 [6000/20000 (30.0%)]	Loss: 0.6970061659812927
[2023-05-01 19:22:11] Train Epoch: 5 [7000/20000 (35.0%)]	Loss: 0.6921061277389526
[2023-05-01 19:22:22] Train Epoch: 5 [8000/20000 (40.0%)]	Loss: 0.648206889629364
[2023-05-01 19:22:32] Train Epoch: 5 [9000/20000 (45.0%)]	Loss: 0.726007342338562
[2023-05-01 19:22:43] Train Epoch: 5 [10000/20000 (50.0%)]	Loss: 0.7180385589599609
[2023-05-01 19:22:53] Train Epoch: 5 [11000/20000 (55.0%)]	Loss: 0.6480214595794678
[2023-05-01 19:23:02] Train Epoch: 5 [12000/20000 (60.0%)]	Loss: 0.5416176915168762
[2023-05-01 19:23:12] Train Epoch: 5 [13000/20000 (65.0%)]	Loss: 0.6848772764205933
[2023-05-01 19:23:21] Train Epoch: 5 [14000/20000 (70.0%)]	Loss: 0.5767744779586792
[2023-05-01 19:23:30] Train Epoch: 5 [15000/20000 (75.0%)]	Loss: 0.6480799317359924
[2023-05-01 19:23:39] Train Epoch: 5 [16000/20000 (80.0%)]	Loss: 0.7493323683738708
[2023-05-01 19:23:48] Train Epoch: 5 [17000/20000 (85.0%)]	Loss: 0.9600793123245239
[2023-05-01 19:23:57] Train Epoch: 5 [18000/20000 (90.0%)]	Loss: 0.8689495921134949
[2023-05-01 19:24:06] Train Epoch: 5 [19000/20000 (95.0%)]	Loss: 0.7241110801696777
[2023-05-01 19:24:47] ========== Metrics ==========
[2023-05-01 19:24:47] {
  "tr_loss": 0.6736459236035813,
  "tr_acc": 0.5591059105910591,
  "tr_f1": 0.4853790929784626,
  "val_loss": 0.6696196664690569,
  "val_acc": 0.5988630307337005,
  "val_f1": 0.4639126305792972,
  "test_loss": 0.6859873562324338,
  "test_acc": 0.6178861788617886,
  "test_f1": 0.48727272727272725
}
[2023-05-01 19:24:47] ========== Metrics ==========
[2023-05-01 19:24:50] Train Epoch: 6 [0/20000 (0.0%)]	Loss: 0.7079657316207886
[2023-05-01 19:25:00] Train Epoch: 6 [1000/20000 (5.0%)]	Loss: 0.5129399299621582
[2023-05-01 19:25:11] Train Epoch: 6 [2000/20000 (10.0%)]	Loss: 0.43862223625183105
[2023-05-01 19:25:22] Train Epoch: 6 [3000/20000 (15.0%)]	Loss: 0.5547740459442139
[2023-05-01 19:25:33] Train Epoch: 6 [4000/20000 (20.0%)]	Loss: 0.32652848958969116
[2023-05-01 19:25:44] Train Epoch: 6 [5000/20000 (25.0%)]	Loss: 0.31505924463272095
[2023-05-01 19:25:54] Train Epoch: 6 [6000/20000 (30.0%)]	Loss: 0.38484734296798706
[2023-05-01 19:26:05] Train Epoch: 6 [7000/20000 (35.0%)]	Loss: 0.293269544839859
[2023-05-01 19:26:16] Train Epoch: 6 [8000/20000 (40.0%)]	Loss: 0.26078182458877563
[2023-05-01 19:26:27] Train Epoch: 6 [9000/20000 (45.0%)]	Loss: 0.4705628752708435
[2023-05-01 19:26:38] Train Epoch: 6 [10000/20000 (50.0%)]	Loss: 0.6115667223930359
[2023-05-01 19:26:49] Train Epoch: 6 [11000/20000 (55.0%)]	Loss: 0.5182822942733765
[2023-05-01 19:27:00] Train Epoch: 6 [12000/20000 (60.0%)]	Loss: 0.44109615683555603
[2023-05-01 19:27:11] Train Epoch: 6 [13000/20000 (65.0%)]	Loss: 0.32820430397987366
[2023-05-01 19:27:21] Train Epoch: 6 [14000/20000 (70.0%)]	Loss: 0.3582436442375183
[2023-05-01 19:27:32] Train Epoch: 6 [15000/20000 (75.0%)]	Loss: 0.3632138967514038
[2023-05-01 19:27:44] Train Epoch: 6 [16000/20000 (80.0%)]	Loss: 0.6545367240905762
[2023-05-01 19:27:55] Train Epoch: 6 [17000/20000 (85.0%)]	Loss: 0.6306127309799194
[2023-05-01 19:28:05] Train Epoch: 6 [18000/20000 (90.0%)]	Loss: 0.4119716286659241
[2023-05-01 19:28:16] Train Epoch: 6 [19000/20000 (95.0%)]	Loss: 0.49723029136657715
[2023-05-01 19:28:57] ========== Metrics ==========
[2023-05-01 19:28:57] {
  "tr_loss": 0.46385280705235077,
  "tr_acc": 0.7845284528452845,
  "tr_f1": 0.7842371438585949,
  "val_loss": 0.5102893184929382,
  "val_acc": 0.7594599395985078,
  "val_f1": 0.7595026642984014,
  "test_loss": 0.47365035831443664,
  "test_acc": 0.7615176151761518,
  "test_f1": 0.752808988764045
}
[2023-05-01 19:28:57] ========== Metrics ==========
[2023-05-01 19:29:00] Train Epoch: 7 [0/20000 (0.0%)]	Loss: 0.3612322211265564
[2023-05-01 19:29:10] Train Epoch: 7 [1000/20000 (5.0%)]	Loss: 0.6113373637199402
[2023-05-01 19:29:20] Train Epoch: 7 [2000/20000 (10.0%)]	Loss: 0.5422725081443787
[2023-05-01 19:29:30] Train Epoch: 7 [3000/20000 (15.0%)]	Loss: 0.2077496349811554
[2023-05-01 19:29:39] Train Epoch: 7 [4000/20000 (20.0%)]	Loss: 0.6742466688156128
[2023-05-01 19:29:49] Train Epoch: 7 [5000/20000 (25.0%)]	Loss: 0.3882821202278137
[2023-05-01 19:29:58] Train Epoch: 7 [6000/20000 (30.0%)]	Loss: 0.3115760385990143
[2023-05-01 19:30:07] Train Epoch: 7 [7000/20000 (35.0%)]	Loss: 0.5568438172340393
[2023-05-01 19:30:17] Train Epoch: 7 [8000/20000 (40.0%)]	Loss: 0.45991581678390503
[2023-05-01 19:30:27] Train Epoch: 7 [9000/20000 (45.0%)]	Loss: 0.34495556354522705
[2023-05-01 19:30:36] Train Epoch: 7 [10000/20000 (50.0%)]	Loss: 0.5536850690841675
[2023-05-01 19:30:47] Train Epoch: 7 [11000/20000 (55.0%)]	Loss: 0.2159765511751175
[2023-05-01 19:30:57] Train Epoch: 7 [12000/20000 (60.0%)]	Loss: 0.5492894053459167
[2023-05-01 19:31:07] Train Epoch: 7 [13000/20000 (65.0%)]	Loss: 0.22244063019752502
[2023-05-01 19:31:16] Train Epoch: 7 [14000/20000 (70.0%)]	Loss: 0.49550336599349976
[2023-05-01 19:31:26] Train Epoch: 7 [15000/20000 (75.0%)]	Loss: 0.8037263751029968
[2023-05-01 19:31:36] Train Epoch: 7 [16000/20000 (80.0%)]	Loss: 0.29083091020584106
[2023-05-01 19:31:46] Train Epoch: 7 [17000/20000 (85.0%)]	Loss: 0.3715917468070984
[2023-05-01 19:31:57] Train Epoch: 7 [18000/20000 (90.0%)]	Loss: 0.5192602872848511
[2023-05-01 19:32:07] Train Epoch: 7 [19000/20000 (95.0%)]	Loss: 0.38236209750175476
[2023-05-01 19:32:50] ========== Metrics ==========
[2023-05-01 19:32:50] {
  "tr_loss": 0.4074425883505485,
  "tr_acc": 0.8181818181818182,
  "tr_f1": 0.8222873900293256,
  "val_loss": 0.4412689779088137,
  "val_acc": 0.8026292414283176,
  "val_f1": 0.8001439107753192,
  "test_loss": 0.4410373324624245,
  "test_acc": 0.7967479674796748,
  "test_f1": 0.780058651026393
}
[2023-05-01 19:32:50] ========== Metrics ==========
[2023-05-01 19:32:52] Train Epoch: 8 [0/20000 (0.0%)]	Loss: 0.383241206407547
[2023-05-01 19:33:03] Train Epoch: 8 [1000/20000 (5.0%)]	Loss: 0.37709760665893555
[2023-05-01 19:33:12] Train Epoch: 8 [2000/20000 (10.0%)]	Loss: 0.5570377111434937
[2023-05-01 19:33:22] Train Epoch: 8 [3000/20000 (15.0%)]	Loss: 0.5846770405769348
[2023-05-01 19:33:31] Train Epoch: 8 [4000/20000 (20.0%)]	Loss: 0.4579894542694092
[2023-05-01 19:33:41] Train Epoch: 8 [5000/20000 (25.0%)]	Loss: 0.3437187075614929
[2023-05-01 19:33:50] Train Epoch: 8 [6000/20000 (30.0%)]	Loss: 0.12131376564502716
[2023-05-01 19:33:59] Train Epoch: 8 [7000/20000 (35.0%)]	Loss: 0.4315641522407532
[2023-05-01 19:34:08] Train Epoch: 8 [8000/20000 (40.0%)]	Loss: 0.3769386410713196
[2023-05-01 19:34:18] Train Epoch: 8 [9000/20000 (45.0%)]	Loss: 0.36877983808517456
[2023-05-01 19:34:28] Train Epoch: 8 [10000/20000 (50.0%)]	Loss: 0.49735909700393677
[2023-05-01 19:34:37] Train Epoch: 8 [11000/20000 (55.0%)]	Loss: 0.21867768466472626
[2023-05-01 19:34:47] Train Epoch: 8 [12000/20000 (60.0%)]	Loss: 0.4306974411010742
[2023-05-01 19:34:56] Train Epoch: 8 [13000/20000 (65.0%)]	Loss: 0.2762138247489929
[2023-05-01 19:35:05] Train Epoch: 8 [14000/20000 (70.0%)]	Loss: 0.35789647698402405
[2023-05-01 19:35:14] Train Epoch: 8 [15000/20000 (75.0%)]	Loss: 0.6124495267868042
[2023-05-01 19:35:23] Train Epoch: 8 [16000/20000 (80.0%)]	Loss: 0.3064238131046295
[2023-05-01 19:35:32] Train Epoch: 8 [17000/20000 (85.0%)]	Loss: 0.687282383441925
[2023-05-01 19:35:42] Train Epoch: 8 [18000/20000 (90.0%)]	Loss: 0.30354955792427063
[2023-05-01 19:35:51] Train Epoch: 8 [19000/20000 (95.0%)]	Loss: 0.2510092854499817
[2023-05-01 19:36:32] ========== Metrics ==========
[2023-05-01 19:36:32] {
  "tr_loss": 0.36541663061822577,
  "tr_acc": 0.8406340634063406,
  "tr_f1": 0.841545269228857,
  "val_loss": 0.4284136465322613,
  "val_acc": 0.8108012080298455,
  "val_f1": 0.8093106535362579,
  "test_loss": 0.4295569674432439,
  "test_acc": 0.8130081300813008,
  "test_f1": 0.8011527377521613
}
[2023-05-01 19:36:32] ========== Metrics ==========
[2023-05-01 19:36:35] Train Epoch: 9 [0/20000 (0.0%)]	Loss: 0.33058497309684753
[2023-05-01 19:36:45] Train Epoch: 9 [1000/20000 (5.0%)]	Loss: 0.4671483039855957
[2023-05-01 19:36:55] Train Epoch: 9 [2000/20000 (10.0%)]	Loss: 0.14972789585590363
[2023-05-01 19:37:04] Train Epoch: 9 [3000/20000 (15.0%)]	Loss: 0.3299601078033447
[2023-05-01 19:37:14] Train Epoch: 9 [4000/20000 (20.0%)]	Loss: 0.4075300097465515
[2023-05-01 19:37:23] Train Epoch: 9 [5000/20000 (25.0%)]	Loss: 0.5189602971076965
[2023-05-01 19:37:33] Train Epoch: 9 [6000/20000 (30.0%)]	Loss: 0.30800288915634155
[2023-05-01 19:37:42] Train Epoch: 9 [7000/20000 (35.0%)]	Loss: 0.24779066443443298
[2023-05-01 19:37:52] Train Epoch: 9 [8000/20000 (40.0%)]	Loss: 0.25899261236190796
[2023-05-01 19:38:01] Train Epoch: 9 [9000/20000 (45.0%)]	Loss: 0.2677675783634186
[2023-05-01 19:38:13] Train Epoch: 9 [10000/20000 (50.0%)]	Loss: 0.33729779720306396
[2023-05-01 19:38:22] Train Epoch: 9 [11000/20000 (55.0%)]	Loss: 0.2329491823911667
[2023-05-01 19:38:32] Train Epoch: 9 [12000/20000 (60.0%)]	Loss: 0.2340664118528366
[2023-05-01 19:38:41] Train Epoch: 9 [13000/20000 (65.0%)]	Loss: 0.3144208788871765
[2023-05-01 19:38:50] Train Epoch: 9 [14000/20000 (70.0%)]	Loss: 0.12672987580299377
[2023-05-01 19:38:59] Train Epoch: 9 [15000/20000 (75.0%)]	Loss: 0.3104947805404663
[2023-05-01 19:39:09] Train Epoch: 9 [16000/20000 (80.0%)]	Loss: 0.24034924805164337
[2023-05-01 19:39:18] Train Epoch: 9 [17000/20000 (85.0%)]	Loss: 0.6542340517044067
[2023-05-01 19:39:27] Train Epoch: 9 [18000/20000 (90.0%)]	Loss: 0.40963372588157654
[2023-05-01 19:39:37] Train Epoch: 9 [19000/20000 (95.0%)]	Loss: 0.4704510271549225
[2023-05-01 19:40:19] ========== Metrics ==========
[2023-05-01 19:40:19] {
  "tr_loss": 0.34137428739015097,
  "tr_acc": 0.8528352835283528,
  "tr_f1": 0.8530777295192452,
  "val_loss": 0.42607844993008837,
  "val_acc": 0.816486054361343,
  "val_f1": 0.8181017784821272,
  "test_loss": 0.4207418111927787,
  "test_acc": 0.8102981029810298,
  "test_f1": 0.8022598870056497
}
[2023-05-01 19:40:19] ========== Metrics ==========
[2023-05-01 19:40:22] Train Epoch: 10 [0/20000 (0.0%)]	Loss: 0.4170711636543274
[2023-05-01 19:40:33] Train Epoch: 10 [1000/20000 (5.0%)]	Loss: 0.19917701184749603
[2023-05-01 19:40:42] Train Epoch: 10 [2000/20000 (10.0%)]	Loss: 0.1390533298254013
[2023-05-01 19:40:53] Train Epoch: 10 [3000/20000 (15.0%)]	Loss: 0.28765869140625
[2023-05-01 19:41:02] Train Epoch: 10 [4000/20000 (20.0%)]	Loss: 0.6164922118186951
[2023-05-01 19:41:12] Train Epoch: 10 [5000/20000 (25.0%)]	Loss: 0.5128133296966553
[2023-05-01 19:41:22] Train Epoch: 10 [6000/20000 (30.0%)]	Loss: 0.18660423159599304
[2023-05-01 19:41:32] Train Epoch: 10 [7000/20000 (35.0%)]	Loss: 0.28344351053237915
[2023-05-01 19:41:42] Train Epoch: 10 [8000/20000 (40.0%)]	Loss: 0.419135183095932
[2023-05-01 19:41:51] Train Epoch: 10 [9000/20000 (45.0%)]	Loss: 0.08018556237220764
[2023-05-01 19:42:01] Train Epoch: 10 [10000/20000 (50.0%)]	Loss: 0.1371643990278244
[2023-05-01 19:42:11] Train Epoch: 10 [11000/20000 (55.0%)]	Loss: 0.22249238193035126
[2023-05-01 19:42:21] Train Epoch: 10 [12000/20000 (60.0%)]	Loss: 0.18255475163459778
[2023-05-01 19:42:31] Train Epoch: 10 [13000/20000 (65.0%)]	Loss: 0.37068232893943787
[2023-05-01 19:42:41] Train Epoch: 10 [14000/20000 (70.0%)]	Loss: 0.6709302663803101
[2023-05-01 19:42:51] Train Epoch: 10 [15000/20000 (75.0%)]	Loss: 0.3746543526649475
[2023-05-01 19:43:01] Train Epoch: 10 [16000/20000 (80.0%)]	Loss: 0.4249681532382965
[2023-05-01 19:43:10] Train Epoch: 10 [17000/20000 (85.0%)]	Loss: 0.26837077736854553
[2023-05-01 19:43:19] Train Epoch: 10 [18000/20000 (90.0%)]	Loss: 0.24974338710308075
[2023-05-01 19:43:29] Train Epoch: 10 [19000/20000 (95.0%)]	Loss: 0.33976009488105774
[2023-05-01 19:44:10] ========== Metrics ==========
[2023-05-01 19:44:10] {
  "tr_loss": 0.3258869585746264,
  "tr_acc": 0.8635863586358636,
  "tr_f1": 0.8645616125508886,
  "val_loss": 0.4138445116144066,
  "val_acc": 0.8203943862142477,
  "val_f1": 0.8289050600778473,
  "test_loss": 0.38935464410600945,
  "test_acc": 0.8346883468834688,
  "test_f1": 0.836461126005362
}
[2023-05-01 19:44:10] ========== Metrics ==========
[2023-05-01 19:44:14] Train Epoch: 11 [0/20000 (0.0%)]	Loss: 0.20782598853111267
[2023-05-01 19:44:25] Train Epoch: 11 [1000/20000 (5.0%)]	Loss: 0.37329816818237305
[2023-05-01 19:44:35] Train Epoch: 11 [2000/20000 (10.0%)]	Loss: 0.16610834002494812
[2023-05-01 19:44:44] Train Epoch: 11 [3000/20000 (15.0%)]	Loss: 0.2741415798664093
[2023-05-01 19:44:54] Train Epoch: 11 [4000/20000 (20.0%)]	Loss: 0.41514453291893005
[2023-05-01 19:45:03] Train Epoch: 11 [5000/20000 (25.0%)]	Loss: 0.16912661492824554
[2023-05-01 19:45:14] Train Epoch: 11 [6000/20000 (30.0%)]	Loss: 0.29034191370010376
[2023-05-01 19:45:23] Train Epoch: 11 [7000/20000 (35.0%)]	Loss: 0.35380518436431885
[2023-05-01 19:45:33] Train Epoch: 11 [8000/20000 (40.0%)]	Loss: 0.2413809597492218
[2023-05-01 19:45:43] Train Epoch: 11 [9000/20000 (45.0%)]	Loss: 0.4006425440311432
[2023-05-01 19:45:52] Train Epoch: 11 [10000/20000 (50.0%)]	Loss: 0.4388945698738098
[2023-05-01 19:46:01] Train Epoch: 11 [11000/20000 (55.0%)]	Loss: 0.4213779866695404
[2023-05-01 19:46:11] Train Epoch: 11 [12000/20000 (60.0%)]	Loss: 0.18926742672920227
[2023-05-01 19:46:21] Train Epoch: 11 [13000/20000 (65.0%)]	Loss: 0.4705185890197754
[2023-05-01 19:46:30] Train Epoch: 11 [14000/20000 (70.0%)]	Loss: 0.25808247923851013
[2023-05-01 19:46:40] Train Epoch: 11 [15000/20000 (75.0%)]	Loss: 0.3531954288482666
[2023-05-01 19:46:49] Train Epoch: 11 [16000/20000 (80.0%)]	Loss: 0.3053709864616394
[2023-05-01 19:46:58] Train Epoch: 11 [17000/20000 (85.0%)]	Loss: 0.4925606846809387
[2023-05-01 19:47:08] Train Epoch: 11 [18000/20000 (90.0%)]	Loss: 0.3367733359336853
[2023-05-01 19:47:20] Train Epoch: 11 [19000/20000 (95.0%)]	Loss: 0.3237692713737488
[2023-05-01 19:47:59] ========== Metrics ==========
[2023-05-01 19:47:59] {
  "tr_loss": 0.3049790335021647,
  "tr_acc": 0.8727372737273728,
  "tr_f1": 0.8742153906983641,
  "val_loss": 0.41392548898224046,
  "val_acc": 0.8212826434535442,
  "val_f1": 0.8281516911513496,
  "test_loss": 0.38622974703305457,
  "test_acc": 0.8319783197831978,
  "test_f1": 0.8324324324324324
}
[2023-05-01 19:47:59] ========== Metrics ==========
[2023-05-01 19:48:02] Train Epoch: 12 [0/20000 (0.0%)]	Loss: 0.4691564440727234
[2023-05-01 19:48:13] Train Epoch: 12 [1000/20000 (5.0%)]	Loss: 0.2963187098503113
[2023-05-01 19:48:23] Train Epoch: 12 [2000/20000 (10.0%)]	Loss: 0.41213661432266235
[2023-05-01 19:48:32] Train Epoch: 12 [3000/20000 (15.0%)]	Loss: 0.2060384303331375
[2023-05-01 19:48:42] Train Epoch: 12 [4000/20000 (20.0%)]	Loss: 0.4691939353942871
[2023-05-01 19:48:51] Train Epoch: 12 [5000/20000 (25.0%)]	Loss: 0.3797836899757385
[2023-05-01 19:49:01] Train Epoch: 12 [6000/20000 (30.0%)]	Loss: 0.2941399812698364
[2023-05-01 19:49:10] Train Epoch: 12 [7000/20000 (35.0%)]	Loss: 0.33063969016075134
[2023-05-01 19:49:20] Train Epoch: 12 [8000/20000 (40.0%)]	Loss: 0.287122905254364
[2023-05-01 19:49:29] Train Epoch: 12 [9000/20000 (45.0%)]	Loss: 0.39623337984085083
[2023-05-01 19:49:38] Train Epoch: 12 [10000/20000 (50.0%)]	Loss: 0.21649427711963654
[2023-05-01 19:49:47] Train Epoch: 12 [11000/20000 (55.0%)]	Loss: 0.29443472623825073
[2023-05-01 19:49:57] Train Epoch: 12 [12000/20000 (60.0%)]	Loss: 0.11690980195999146
[2023-05-01 19:50:06] Train Epoch: 12 [13000/20000 (65.0%)]	Loss: 0.45673465728759766
[2023-05-01 19:50:15] Train Epoch: 12 [14000/20000 (70.0%)]	Loss: 0.2546418011188507
[2023-05-01 19:50:24] Train Epoch: 12 [15000/20000 (75.0%)]	Loss: 0.2664280831813812
[2023-05-01 19:50:34] Train Epoch: 12 [16000/20000 (80.0%)]	Loss: 0.22023792564868927
[2023-05-01 19:50:43] Train Epoch: 12 [17000/20000 (85.0%)]	Loss: 0.2348402440547943
[2023-05-01 19:50:52] Train Epoch: 12 [18000/20000 (90.0%)]	Loss: 0.4318608343601227
[2023-05-01 19:51:01] Train Epoch: 12 [19000/20000 (95.0%)]	Loss: 0.1995019018650055
[2023-05-01 19:51:42] ========== Metrics ==========
[2023-05-01 19:51:42] {
  "tr_loss": 0.3006020574422047,
  "tr_acc": 0.8735873587358736,
  "tr_f1": 0.8751481627815092,
  "val_loss": 0.41525881420466887,
  "val_acc": 0.824125066619293,
  "val_f1": 0.8262548262548262,
  "test_loss": 0.38645937836913236,
  "test_acc": 0.8238482384823849,
  "test_f1": 0.8199445983379501
}
[2023-05-01 19:51:42] ========== Metrics ==========
[2023-05-01 19:51:45] Train Epoch: 13 [0/20000 (0.0%)]	Loss: 0.35202154517173767
[2023-05-01 19:51:56] Train Epoch: 13 [1000/20000 (5.0%)]	Loss: 0.22129812836647034
[2023-05-01 19:52:05] Train Epoch: 13 [2000/20000 (10.0%)]	Loss: 0.35921135544776917
[2023-05-01 19:52:15] Train Epoch: 13 [3000/20000 (15.0%)]	Loss: 0.37130528688430786
[2023-05-01 19:52:24] Train Epoch: 13 [4000/20000 (20.0%)]	Loss: 0.3350777328014374
[2023-05-01 19:52:34] Train Epoch: 13 [5000/20000 (25.0%)]	Loss: 0.3189600706100464
[2023-05-01 19:52:44] Train Epoch: 13 [6000/20000 (30.0%)]	Loss: 0.28829601407051086
[2023-05-01 19:52:53] Train Epoch: 13 [7000/20000 (35.0%)]	Loss: 0.3931913375854492
[2023-05-01 19:53:02] Train Epoch: 13 [8000/20000 (40.0%)]	Loss: 0.20888836681842804
[2023-05-01 19:53:11] Train Epoch: 13 [9000/20000 (45.0%)]	Loss: 0.34013432264328003
[2023-05-01 19:53:22] Train Epoch: 13 [10000/20000 (50.0%)]	Loss: 0.1611182689666748
[2023-05-01 19:53:31] Train Epoch: 13 [11000/20000 (55.0%)]	Loss: 0.14078548550605774
[2023-05-01 19:53:41] Train Epoch: 13 [12000/20000 (60.0%)]	Loss: 0.2343408763408661
[2023-05-01 19:53:51] Train Epoch: 13 [13000/20000 (65.0%)]	Loss: 0.12232589721679688
[2023-05-01 19:54:01] Train Epoch: 13 [14000/20000 (70.0%)]	Loss: 0.19309048354625702
[2023-05-01 19:54:11] Train Epoch: 13 [15000/20000 (75.0%)]	Loss: 0.12184582650661469
[2023-05-01 19:54:21] Train Epoch: 13 [16000/20000 (80.0%)]	Loss: 0.5089389681816101
[2023-05-01 19:54:31] Train Epoch: 13 [17000/20000 (85.0%)]	Loss: 0.42392101883888245
[2023-05-01 19:54:43] Train Epoch: 13 [18000/20000 (90.0%)]	Loss: 0.4261960983276367
[2023-05-01 19:54:53] Train Epoch: 13 [19000/20000 (95.0%)]	Loss: 0.31550687551498413
[2023-05-01 19:55:34] ========== Metrics ==========
[2023-05-01 19:55:34] {
  "tr_loss": 0.2975633911954628,
  "tr_acc": 0.8758375837583758,
  "tr_f1": 0.8768414265165418,
  "val_loss": 0.41217208917218473,
  "val_acc": 0.8211049920056849,
  "val_f1": 0.8244727209342863,
  "test_loss": 0.3977502975360488,
  "test_acc": 0.8265582655826558,
  "test_f1": 0.8241758241758241
}
[2023-05-01 19:55:34] ========== Metrics ==========
[2023-05-01 19:55:36] Train Epoch: 14 [0/20000 (0.0%)]	Loss: 0.17191901803016663
[2023-05-01 19:55:47] Train Epoch: 14 [1000/20000 (5.0%)]	Loss: 0.42499810457229614
[2023-05-01 19:55:56] Train Epoch: 14 [2000/20000 (10.0%)]	Loss: 0.1494627743959427
[2023-05-01 19:56:05] Train Epoch: 14 [3000/20000 (15.0%)]	Loss: 0.3439531922340393
[2023-05-01 19:56:15] Train Epoch: 14 [4000/20000 (20.0%)]	Loss: 0.3228920102119446
[2023-05-01 19:56:25] Train Epoch: 14 [5000/20000 (25.0%)]	Loss: 0.5245140194892883
[2023-05-01 19:56:34] Train Epoch: 14 [6000/20000 (30.0%)]	Loss: 0.055076487362384796
[2023-05-01 19:56:44] Train Epoch: 14 [7000/20000 (35.0%)]	Loss: 0.20787563920021057
[2023-05-01 19:56:53] Train Epoch: 14 [8000/20000 (40.0%)]	Loss: 0.3261967897415161
[2023-05-01 19:57:03] Train Epoch: 14 [9000/20000 (45.0%)]	Loss: 0.4181285500526428
[2023-05-01 19:57:13] Train Epoch: 14 [10000/20000 (50.0%)]	Loss: 0.3509642481803894
[2023-05-01 19:57:22] Train Epoch: 14 [11000/20000 (55.0%)]	Loss: 0.25725382566452026
[2023-05-01 19:57:31] Train Epoch: 14 [12000/20000 (60.0%)]	Loss: 0.27004069089889526
[2023-05-01 19:57:41] Train Epoch: 14 [13000/20000 (65.0%)]	Loss: 0.6100109219551086
[2023-05-01 19:57:51] Train Epoch: 14 [14000/20000 (70.0%)]	Loss: 0.15464742481708527
[2023-05-01 19:58:00] Train Epoch: 14 [15000/20000 (75.0%)]	Loss: 0.3358718752861023
[2023-05-01 19:58:09] Train Epoch: 14 [16000/20000 (80.0%)]	Loss: 0.42249980568885803
[2023-05-01 19:58:18] Train Epoch: 14 [17000/20000 (85.0%)]	Loss: 0.21919949352741241
[2023-05-01 19:58:28] Train Epoch: 14 [18000/20000 (90.0%)]	Loss: 0.21235518157482147
[2023-05-01 19:58:38] Train Epoch: 14 [19000/20000 (95.0%)]	Loss: 0.33945754170417786
[2023-05-01 19:59:21] ========== Metrics ==========
[2023-05-01 19:59:21] {
  "tr_loss": 0.2949766004265267,
  "tr_acc": 0.8771877187718772,
  "tr_f1": 0.8784639746634996,
  "val_loss": 0.41180789219187386,
  "val_acc": 0.8239474151714337,
  "val_f1": 0.8251896278003176,
  "test_loss": 0.3991316876760343,
  "test_acc": 0.8184281842818428,
  "test_f1": 0.8133704735376045
}
[2023-05-01 19:59:21] ========== Metrics ==========
[2023-05-01 19:59:24] Train Epoch: 15 [0/20000 (0.0%)]	Loss: 0.2930704355239868
[2023-05-01 19:59:35] Train Epoch: 15 [1000/20000 (5.0%)]	Loss: 0.07816214859485626
[2023-05-01 19:59:45] Train Epoch: 15 [2000/20000 (10.0%)]	Loss: 0.2197936475276947
[2023-05-01 19:59:56] Train Epoch: 15 [3000/20000 (15.0%)]	Loss: 0.4062937796115875
[2023-05-01 20:00:07] Train Epoch: 15 [4000/20000 (20.0%)]	Loss: 0.527031421661377
[2023-05-01 20:00:18] Train Epoch: 15 [5000/20000 (25.0%)]	Loss: 0.21495144069194794
[2023-05-01 20:00:29] Train Epoch: 15 [6000/20000 (30.0%)]	Loss: 0.26508915424346924
[2023-05-01 20:00:39] Train Epoch: 15 [7000/20000 (35.0%)]	Loss: 0.1494341343641281
[2023-05-01 20:00:50] Train Epoch: 15 [8000/20000 (40.0%)]	Loss: 0.1620302051305771
[2023-05-01 20:01:01] Train Epoch: 15 [9000/20000 (45.0%)]	Loss: 0.18406637012958527
[2023-05-01 20:01:12] Train Epoch: 15 [10000/20000 (50.0%)]	Loss: 0.49993807077407837
[2023-05-01 20:01:22] Train Epoch: 15 [11000/20000 (55.0%)]	Loss: 0.044359706342220306
[2023-05-01 20:01:33] Train Epoch: 15 [12000/20000 (60.0%)]	Loss: 0.06928326934576035
[2023-05-01 20:01:44] Train Epoch: 15 [13000/20000 (65.0%)]	Loss: 0.33302074670791626
[2023-05-01 20:01:55] Train Epoch: 15 [14000/20000 (70.0%)]	Loss: 0.3743860125541687
[2023-05-01 20:02:05] Train Epoch: 15 [15000/20000 (75.0%)]	Loss: 0.2638985216617584
[2023-05-01 20:02:16] Train Epoch: 15 [16000/20000 (80.0%)]	Loss: 0.4390524923801422
[2023-05-01 20:02:27] Train Epoch: 15 [17000/20000 (85.0%)]	Loss: 0.46360349655151367
[2023-05-01 20:02:37] Train Epoch: 15 [18000/20000 (90.0%)]	Loss: 0.32543620467185974
[2023-05-01 20:02:48] Train Epoch: 15 [19000/20000 (95.0%)]	Loss: 0.1840209662914276
[2023-05-01 20:03:31] ========== Metrics ==========
[2023-05-01 20:03:31] {
  "tr_loss": 0.2922645961531032,
  "tr_acc": 0.8786878687868787,
  "tr_f1": 0.8797104323681079,
  "val_loss": 0.41382622413852116,
  "val_acc": 0.8244803695150116,
  "val_f1": 0.8239486813970064,
  "test_loss": 0.393468744063442,
  "test_acc": 0.8292682926829268,
  "test_f1": 0.821529745042493
}
[2023-05-01 20:03:31] ========== Metrics ==========
[2023-05-01 20:03:34] Train Epoch: 16 [0/20000 (0.0%)]	Loss: 0.3179352581501007
[2023-05-01 20:03:44] Train Epoch: 16 [1000/20000 (5.0%)]	Loss: 0.18523457646369934
[2023-05-01 20:03:53] Train Epoch: 16 [2000/20000 (10.0%)]	Loss: 0.19191500544548035
[2023-05-01 20:04:02] Train Epoch: 16 [3000/20000 (15.0%)]	Loss: 0.14426904916763306
[2023-05-01 20:04:11] Train Epoch: 16 [4000/20000 (20.0%)]	Loss: 0.2216743677854538
[2023-05-01 20:04:20] Train Epoch: 16 [5000/20000 (25.0%)]	Loss: 0.3237307667732239
[2023-05-01 20:04:29] Train Epoch: 16 [6000/20000 (30.0%)]	Loss: 0.3603282570838928
[2023-05-01 20:04:41] Train Epoch: 16 [7000/20000 (35.0%)]	Loss: 0.2863754630088806
[2023-05-01 20:04:50] Train Epoch: 16 [8000/20000 (40.0%)]	Loss: 0.08956045657396317
[2023-05-01 20:05:00] Train Epoch: 16 [9000/20000 (45.0%)]	Loss: 0.2717854380607605
[2023-05-01 20:05:10] Train Epoch: 16 [10000/20000 (50.0%)]	Loss: 0.36213117837905884
[2023-05-01 20:05:19] Train Epoch: 16 [11000/20000 (55.0%)]	Loss: 0.305815190076828
[2023-05-01 20:05:29] Train Epoch: 16 [12000/20000 (60.0%)]	Loss: 0.3616638481616974
[2023-05-01 20:05:39] Train Epoch: 16 [13000/20000 (65.0%)]	Loss: 0.3566400110721588
[2023-05-01 20:05:49] Train Epoch: 16 [14000/20000 (70.0%)]	Loss: 0.13155516982078552
[2023-05-01 20:05:59] Train Epoch: 16 [15000/20000 (75.0%)]	Loss: 0.30870068073272705
[2023-05-01 20:06:09] Train Epoch: 16 [16000/20000 (80.0%)]	Loss: 0.4398176074028015
[2023-05-01 20:06:18] Train Epoch: 16 [17000/20000 (85.0%)]	Loss: 0.35439783334732056
[2023-05-01 20:06:27] Train Epoch: 16 [18000/20000 (90.0%)]	Loss: 0.6567679643630981
[2023-05-01 20:06:36] Train Epoch: 16 [19000/20000 (95.0%)]	Loss: 0.2202722579240799
[2023-05-01 20:07:18] ========== Metrics ==========
[2023-05-01 20:07:18] {
  "tr_loss": 0.28942260296210753,
  "tr_acc": 0.8793879387938794,
  "tr_f1": 0.8798206278026905,
  "val_loss": 0.4115674017186825,
  "val_acc": 0.8230591579321371,
  "val_f1": 0.8250175685172171,
  "test_loss": 0.38424314239483864,
  "test_acc": 0.8265582655826558,
  "test_f1": 0.8232044198895027
}
[2023-05-01 20:07:18] ========== Metrics ==========
[2023-05-01 20:07:21] Train Epoch: 17 [0/20000 (0.0%)]	Loss: 0.11724551022052765
[2023-05-01 20:07:31] Train Epoch: 17 [1000/20000 (5.0%)]	Loss: 0.10037562996149063
[2023-05-01 20:07:42] Train Epoch: 17 [2000/20000 (10.0%)]	Loss: 0.36076733469963074
[2023-05-01 20:07:52] Train Epoch: 17 [3000/20000 (15.0%)]	Loss: 0.25797179341316223
[2023-05-01 20:08:02] Train Epoch: 17 [4000/20000 (20.0%)]	Loss: 0.14516907930374146
[2023-05-01 20:08:11] Train Epoch: 17 [5000/20000 (25.0%)]	Loss: 0.2641059458255768
[2023-05-01 20:08:20] Train Epoch: 17 [6000/20000 (30.0%)]	Loss: 0.2337828129529953
[2023-05-01 20:08:29] Train Epoch: 17 [7000/20000 (35.0%)]	Loss: 0.4214557111263275
[2023-05-01 20:08:39] Train Epoch: 17 [8000/20000 (40.0%)]	Loss: 0.2204742133617401
[2023-05-01 20:08:50] Train Epoch: 17 [9000/20000 (45.0%)]	Loss: 0.4589229226112366
[2023-05-01 20:08:59] Train Epoch: 17 [10000/20000 (50.0%)]	Loss: 0.26589876413345337
[2023-05-01 20:09:09] Train Epoch: 17 [11000/20000 (55.0%)]	Loss: 0.29411667585372925
[2023-05-01 20:09:19] Train Epoch: 17 [12000/20000 (60.0%)]	Loss: 0.3760627806186676
[2023-05-01 20:09:29] Train Epoch: 17 [13000/20000 (65.0%)]	Loss: 0.3662903904914856
[2023-05-01 20:09:39] Train Epoch: 17 [14000/20000 (70.0%)]	Loss: 0.15312862396240234
[2023-05-01 20:09:48] Train Epoch: 17 [15000/20000 (75.0%)]	Loss: 0.33088862895965576
[2023-05-01 20:09:58] Train Epoch: 17 [16000/20000 (80.0%)]	Loss: 0.2216913402080536
[2023-05-01 20:10:08] Train Epoch: 17 [17000/20000 (85.0%)]	Loss: 0.4026821255683899
[2023-05-01 20:10:17] Train Epoch: 17 [18000/20000 (90.0%)]	Loss: 0.1676342785358429
[2023-05-01 20:10:26] Train Epoch: 17 [19000/20000 (95.0%)]	Loss: 0.372577428817749
[2023-05-01 20:11:07] ========== Metrics ==========
[2023-05-01 20:11:07] {
  "tr_loss": 0.28893644125214313,
  "tr_acc": 0.8802380238023803,
  "tr_f1": 0.881229853706918,
  "val_loss": 0.4114288076305711,
  "val_acc": 0.8232368093799964,
  "val_f1": 0.8251010722446828,
  "test_loss": 0.39422185440373614,
  "test_acc": 0.8265582655826558,
  "test_f1": 0.8232044198895027
}
[2023-05-01 20:11:07] ========== Metrics ==========
[2023-05-01 20:11:11] Train Epoch: 18 [0/20000 (0.0%)]	Loss: 0.30802208185195923
[2023-05-01 20:11:22] Train Epoch: 18 [1000/20000 (5.0%)]	Loss: 0.3106669485569
[2023-05-01 20:11:33] Train Epoch: 18 [2000/20000 (10.0%)]	Loss: 0.12074591219425201
[2023-05-01 20:11:44] Train Epoch: 18 [3000/20000 (15.0%)]	Loss: 0.18069301545619965
[2023-05-01 20:11:55] Train Epoch: 18 [4000/20000 (20.0%)]	Loss: 0.35109132528305054
[2023-05-01 20:12:06] Train Epoch: 18 [5000/20000 (25.0%)]	Loss: 0.1382649540901184
[2023-05-01 20:12:18] Train Epoch: 18 [6000/20000 (30.0%)]	Loss: 0.596889317035675
[2023-05-01 20:12:30] Train Epoch: 18 [7000/20000 (35.0%)]	Loss: 0.3099533021450043
[2023-05-01 20:12:41] Train Epoch: 18 [8000/20000 (40.0%)]	Loss: 0.08659342676401138
[2023-05-01 20:12:52] Train Epoch: 18 [9000/20000 (45.0%)]	Loss: 0.0766487866640091
[2023-05-01 20:13:03] Train Epoch: 18 [10000/20000 (50.0%)]	Loss: 0.36841902136802673
[2023-05-01 20:13:13] Train Epoch: 18 [11000/20000 (55.0%)]	Loss: 0.25065872073173523
[2023-05-01 20:13:23] Train Epoch: 18 [12000/20000 (60.0%)]	Loss: 0.18772771954536438
[2023-05-01 20:13:35] Train Epoch: 18 [13000/20000 (65.0%)]	Loss: 0.36665984988212585
[2023-05-01 20:13:46] Train Epoch: 18 [14000/20000 (70.0%)]	Loss: 0.29024121165275574
[2023-05-01 20:13:56] Train Epoch: 18 [15000/20000 (75.0%)]	Loss: 0.2758084833621979
[2023-05-01 20:14:07] Train Epoch: 18 [16000/20000 (80.0%)]	Loss: 0.2700513005256653
[2023-05-01 20:14:18] Train Epoch: 18 [17000/20000 (85.0%)]	Loss: 0.3543596565723419
[2023-05-01 20:14:29] Train Epoch: 18 [18000/20000 (90.0%)]	Loss: 0.3044668436050415
[2023-05-01 20:14:40] Train Epoch: 18 [19000/20000 (95.0%)]	Loss: 0.32228487730026245
[2023-05-01 20:15:21] ========== Metrics ==========
[2023-05-01 20:15:21] {
  "tr_loss": 0.2885313634269356,
  "tr_acc": 0.8801380138013801,
  "tr_f1": 0.8810716943686431,
  "val_loss": 0.4117252461798853,
  "val_acc": 0.8230591579321371,
  "val_f1": 0.8250175685172171,
  "test_loss": 0.3987744087126197,
  "test_acc": 0.8265582655826558,
  "test_f1": 0.8232044198895027
}
[2023-05-01 20:15:21] ========== Metrics ==========
[2023-05-01 20:15:24] Train Epoch: 19 [0/20000 (0.0%)]	Loss: 0.07104580104351044
[2023-05-01 20:15:34] Train Epoch: 19 [1000/20000 (5.0%)]	Loss: 0.21642546355724335
[2023-05-01 20:15:45] Train Epoch: 19 [2000/20000 (10.0%)]	Loss: 0.41815704107284546
[2023-05-01 20:15:54] Train Epoch: 19 [3000/20000 (15.0%)]	Loss: 0.6316429376602173
[2023-05-01 20:16:04] Train Epoch: 19 [4000/20000 (20.0%)]	Loss: 0.2542107105255127
[2023-05-01 20:16:14] Train Epoch: 19 [5000/20000 (25.0%)]	Loss: 0.13412265479564667
[2023-05-01 20:16:23] Train Epoch: 19 [6000/20000 (30.0%)]	Loss: 0.2428620159626007
[2023-05-01 20:16:33] Train Epoch: 19 [7000/20000 (35.0%)]	Loss: 0.3834190368652344
[2023-05-01 20:16:42] Train Epoch: 19 [8000/20000 (40.0%)]	Loss: 0.22074493765830994
[2023-05-01 20:16:52] Train Epoch: 19 [9000/20000 (45.0%)]	Loss: 0.18373462557792664
[2023-05-01 20:17:01] Train Epoch: 19 [10000/20000 (50.0%)]	Loss: 0.26762035489082336
[2023-05-01 20:17:10] Train Epoch: 19 [11000/20000 (55.0%)]	Loss: 0.2610558271408081
[2023-05-01 20:17:19] Train Epoch: 19 [12000/20000 (60.0%)]	Loss: 0.16237926483154297
[2023-05-01 20:17:29] Train Epoch: 19 [13000/20000 (65.0%)]	Loss: 0.3935629427433014
[2023-05-01 20:17:39] Train Epoch: 19 [14000/20000 (70.0%)]	Loss: 0.24010655283927917
[2023-05-01 20:17:49] Train Epoch: 19 [15000/20000 (75.0%)]	Loss: 0.22830982506275177
[2023-05-01 20:17:58] Train Epoch: 19 [16000/20000 (80.0%)]	Loss: 0.5476441979408264
[2023-05-01 20:18:08] Train Epoch: 19 [17000/20000 (85.0%)]	Loss: 0.19134525954723358
[2023-05-01 20:18:17] Train Epoch: 19 [18000/20000 (90.0%)]	Loss: 0.4186221957206726
[2023-05-01 20:18:27] Train Epoch: 19 [19000/20000 (95.0%)]	Loss: 0.178167924284935
[2023-05-01 20:19:07] ========== Metrics ==========
[2023-05-01 20:19:07] {
  "tr_loss": 0.2882913445489611,
  "tr_acc": 0.8802380238023803,
  "tr_f1": 0.881206289370567,
  "val_loss": 0.41126101354041433,
  "val_acc": 0.823592112275715,
  "val_f1": 0.8255139694254086,
  "test_loss": 0.40000359540386254,
  "test_acc": 0.8265582655826558,
  "test_f1": 0.8232044198895027
}
[2023-05-01 20:19:07] ========== Metrics ==========
[2023-05-01 20:19:11] Train Epoch: 20 [0/20000 (0.0%)]	Loss: 0.38240769505500793
[2023-05-01 20:19:22] Train Epoch: 20 [1000/20000 (5.0%)]	Loss: 0.3656396269798279
[2023-05-01 20:19:32] Train Epoch: 20 [2000/20000 (10.0%)]	Loss: 0.11996868997812271
[2023-05-01 20:19:42] Train Epoch: 20 [3000/20000 (15.0%)]	Loss: 0.26564687490463257
[2023-05-01 20:19:52] Train Epoch: 20 [4000/20000 (20.0%)]	Loss: 0.261691153049469
[2023-05-01 20:20:02] Train Epoch: 20 [5000/20000 (25.0%)]	Loss: 0.3065081536769867
[2023-05-01 20:20:12] Train Epoch: 20 [6000/20000 (30.0%)]	Loss: 0.16430601477622986
[2023-05-01 20:20:22] Train Epoch: 20 [7000/20000 (35.0%)]	Loss: 0.15985918045043945
[2023-05-01 20:20:31] Train Epoch: 20 [8000/20000 (40.0%)]	Loss: 0.09215836226940155
[2023-05-01 20:20:40] Train Epoch: 20 [9000/20000 (45.0%)]	Loss: 0.39356258511543274
[2023-05-01 20:20:50] Train Epoch: 20 [10000/20000 (50.0%)]	Loss: 0.4744226038455963
[2023-05-01 20:21:00] Train Epoch: 20 [11000/20000 (55.0%)]	Loss: 0.5162767171859741
[2023-05-01 20:21:11] Train Epoch: 20 [12000/20000 (60.0%)]	Loss: 0.2323850393295288
[2023-05-01 20:21:20] Train Epoch: 20 [13000/20000 (65.0%)]	Loss: 0.2377764731645584
[2023-05-01 20:21:31] Train Epoch: 20 [14000/20000 (70.0%)]	Loss: 0.3667254149913788
[2023-05-01 20:21:41] Train Epoch: 20 [15000/20000 (75.0%)]	Loss: 0.19855231046676636
[2023-05-01 20:21:51] Train Epoch: 20 [16000/20000 (80.0%)]	Loss: 0.22609634697437286
[2023-05-01 20:22:03] Train Epoch: 20 [17000/20000 (85.0%)]	Loss: 0.16881389915943146
[2023-05-01 20:22:13] Train Epoch: 20 [18000/20000 (90.0%)]	Loss: 0.09960084408521652
[2023-05-01 20:22:23] Train Epoch: 20 [19000/20000 (95.0%)]	Loss: 0.20692689716815948
[2023-05-01 20:23:03] ========== Metrics ==========
[2023-05-01 20:23:03] {
  "tr_loss": 0.2879750765230444,
  "tr_acc": 0.8806880688068807,
  "tr_f1": 0.881682039075672,
  "val_loss": 0.41143229250099755,
  "val_acc": 0.8228815064842778,
  "val_f1": 0.8251797299666841,
  "test_loss": 0.3845976563650095,
  "test_acc": 0.8265582655826558,
  "test_f1": 0.8232044198895027
}
[2023-05-01 20:23:03] ========== Metrics ==========
