[2023-05-02 23:34:13] Train Epoch: 1 [0/20000 (0.0%)]	Loss: 0.6937345862388611
[2023-05-02 23:34:17] Train Epoch: 1 [1000/20000 (5.0%)]	Loss: 0.7100329995155334
[2023-05-02 23:34:21] Train Epoch: 1 [2000/20000 (10.0%)]	Loss: 0.9101765751838684
[2023-05-02 23:34:25] Train Epoch: 1 [3000/20000 (15.0%)]	Loss: 0.6488086581230164
[2023-05-02 23:34:29] Train Epoch: 1 [4000/20000 (20.0%)]	Loss: 0.7810531854629517
[2023-05-02 23:34:32] Train Epoch: 1 [5000/20000 (25.0%)]	Loss: 0.6717374324798584
[2023-05-02 23:34:36] Train Epoch: 1 [6000/20000 (30.0%)]	Loss: 0.7219997644424438
[2023-05-02 23:34:40] Train Epoch: 1 [7000/20000 (35.0%)]	Loss: 0.6751437187194824
[2023-05-02 23:34:45] Train Epoch: 1 [8000/20000 (40.0%)]	Loss: 0.6918776631355286
[2023-05-02 23:34:50] Train Epoch: 1 [9000/20000 (45.0%)]	Loss: 0.6717151403427124
[2023-05-02 23:34:56] Train Epoch: 1 [10000/20000 (50.0%)]	Loss: 0.6833966970443726
[2023-05-02 23:35:02] Train Epoch: 1 [11000/20000 (55.0%)]	Loss: 0.705001950263977
[2023-05-02 23:35:07] Train Epoch: 1 [12000/20000 (60.0%)]	Loss: 0.4266444742679596
[2023-05-02 23:35:12] Train Epoch: 1 [13000/20000 (65.0%)]	Loss: 0.6569426655769348
[2023-05-02 23:35:16] Train Epoch: 1 [14000/20000 (70.0%)]	Loss: 0.673244833946228
[2023-05-02 23:35:19] Train Epoch: 1 [15000/20000 (75.0%)]	Loss: 0.6754643321037292
[2023-05-02 23:35:22] Train Epoch: 1 [16000/20000 (80.0%)]	Loss: 0.632583737373352
[2023-05-02 23:35:27] Train Epoch: 1 [17000/20000 (85.0%)]	Loss: 0.36212852597236633
[2023-05-02 23:35:30] Train Epoch: 1 [18000/20000 (90.0%)]	Loss: 0.3789723217487335
[2023-05-02 23:35:35] Train Epoch: 1 [19000/20000 (95.0%)]	Loss: 0.4362049996852875
[2023-05-02 23:35:52] ========== Metrics ==========
[2023-05-02 23:35:52] {
  "tr_loss": 0.6389414802743549,
  "tr_acc": 0.6406640664066406,
  "tr_f1": 0.6433392892594798,
  "val_loss": 0.6561883253194782,
  "val_acc": 0.5739918280333984,
  "val_f1": 0.6978326612903226,
  "test_loss": 0.6779062231058673,
  "test_acc": 0.5799457994579946,
  "test_f1": 0.7036328871892925
}
[2023-05-02 23:35:52] ========== Metrics ==========
[2023-05-02 23:35:54] Train Epoch: 2 [0/20000 (0.0%)]	Loss: 0.6494288444519043
[2023-05-02 23:35:59] Train Epoch: 2 [1000/20000 (5.0%)]	Loss: 0.3468186557292938
[2023-05-02 23:36:03] Train Epoch: 2 [2000/20000 (10.0%)]	Loss: 0.3886262774467468
[2023-05-02 23:36:06] Train Epoch: 2 [3000/20000 (15.0%)]	Loss: 0.3267066776752472
[2023-05-02 23:36:10] Train Epoch: 2 [4000/20000 (20.0%)]	Loss: 0.3109922409057617
[2023-05-02 23:36:15] Train Epoch: 2 [5000/20000 (25.0%)]	Loss: 0.19372841715812683
[2023-05-02 23:36:19] Train Epoch: 2 [6000/20000 (30.0%)]	Loss: 0.26584094762802124
[2023-05-02 23:36:23] Train Epoch: 2 [7000/20000 (35.0%)]	Loss: 0.20453277230262756
[2023-05-02 23:36:28] Train Epoch: 2 [8000/20000 (40.0%)]	Loss: 0.379911333322525
[2023-05-02 23:36:33] Train Epoch: 2 [9000/20000 (45.0%)]	Loss: 0.29869017004966736
[2023-05-02 23:36:37] Train Epoch: 2 [10000/20000 (50.0%)]	Loss: 0.46488791704177856
[2023-05-02 23:36:42] Train Epoch: 2 [11000/20000 (55.0%)]	Loss: 0.4644086956977844
[2023-05-02 23:36:47] Train Epoch: 2 [12000/20000 (60.0%)]	Loss: 0.33216696977615356
[2023-05-02 23:36:52] Train Epoch: 2 [13000/20000 (65.0%)]	Loss: 0.45849475264549255
[2023-05-02 23:36:55] Train Epoch: 2 [14000/20000 (70.0%)]	Loss: 0.45240145921707153
[2023-05-02 23:36:58] Train Epoch: 2 [15000/20000 (75.0%)]	Loss: 0.4187743067741394
[2023-05-02 23:37:01] Train Epoch: 2 [16000/20000 (80.0%)]	Loss: 0.22929993271827698
[2023-05-02 23:37:04] Train Epoch: 2 [17000/20000 (85.0%)]	Loss: 0.24421092867851257
[2023-05-02 23:37:07] Train Epoch: 2 [18000/20000 (90.0%)]	Loss: 0.3853437900543213
[2023-05-02 23:37:11] Train Epoch: 2 [19000/20000 (95.0%)]	Loss: 0.6370028257369995
[2023-05-02 23:37:29] ========== Metrics ==========
[2023-05-02 23:37:29] {
  "tr_loss": 0.3738918259787564,
  "tr_acc": 0.8425342534253425,
  "tr_f1": 0.8439157372986369,
  "val_loss": 0.3914248787672741,
  "val_acc": 0.8353171078344288,
  "val_f1": 0.8239984811087905,
  "test_loss": 0.43889597744799563,
  "test_acc": 0.7994579945799458,
  "test_f1": 0.7730061349693251
}
[2023-05-02 23:37:29] ========== Metrics ==========
[2023-05-02 23:37:31] Train Epoch: 3 [0/20000 (0.0%)]	Loss: 0.3986637592315674
[2023-05-02 23:37:35] Train Epoch: 3 [1000/20000 (5.0%)]	Loss: 0.22936907410621643
[2023-05-02 23:37:39] Train Epoch: 3 [2000/20000 (10.0%)]	Loss: 0.10386917740106583
[2023-05-02 23:37:42] Train Epoch: 3 [3000/20000 (15.0%)]	Loss: 0.1348164826631546
[2023-05-02 23:37:45] Train Epoch: 3 [4000/20000 (20.0%)]	Loss: 0.2530384659767151
[2023-05-02 23:37:48] Train Epoch: 3 [5000/20000 (25.0%)]	Loss: 0.13183195888996124
[2023-05-02 23:37:51] Train Epoch: 3 [6000/20000 (30.0%)]	Loss: 0.14355745911598206
[2023-05-02 23:37:55] Train Epoch: 3 [7000/20000 (35.0%)]	Loss: 0.17678384482860565
[2023-05-02 23:37:58] Train Epoch: 3 [8000/20000 (40.0%)]	Loss: 0.6793280839920044
[2023-05-02 23:38:01] Train Epoch: 3 [9000/20000 (45.0%)]	Loss: 0.09867802262306213
[2023-05-02 23:38:05] Train Epoch: 3 [10000/20000 (50.0%)]	Loss: 0.02847002074122429
[2023-05-02 23:38:08] Train Epoch: 3 [11000/20000 (55.0%)]	Loss: 0.12279298156499863
[2023-05-02 23:38:13] Train Epoch: 3 [12000/20000 (60.0%)]	Loss: 0.34687119722366333
[2023-05-02 23:38:17] Train Epoch: 3 [13000/20000 (65.0%)]	Loss: 0.16253846883773804
[2023-05-02 23:38:22] Train Epoch: 3 [14000/20000 (70.0%)]	Loss: 0.29962387681007385
[2023-05-02 23:38:26] Train Epoch: 3 [15000/20000 (75.0%)]	Loss: 0.280636727809906
[2023-05-02 23:38:31] Train Epoch: 3 [16000/20000 (80.0%)]	Loss: 0.3850540518760681
[2023-05-02 23:38:36] Train Epoch: 3 [17000/20000 (85.0%)]	Loss: 0.07254127413034439
[2023-05-02 23:38:41] Train Epoch: 3 [18000/20000 (90.0%)]	Loss: 0.18078795075416565
[2023-05-02 23:38:46] Train Epoch: 3 [19000/20000 (95.0%)]	Loss: 0.1947908103466034
[2023-05-02 23:39:06] ========== Metrics ==========
[2023-05-02 23:39:06] {
  "tr_loss": 0.2184831990225829,
  "tr_acc": 0.9188918891889188,
  "tr_f1": 0.9187293315963524,
  "val_loss": 0.3708509526661053,
  "val_acc": 0.8463314976017055,
  "val_f1": 0.8407291474866506,
  "test_loss": 0.3762878796595545,
  "test_acc": 0.8265582655826558,
  "test_f1": 0.8128654970760233
}
[2023-05-02 23:39:06] ========== Metrics ==========
[2023-05-02 23:39:08] Train Epoch: 4 [0/20000 (0.0%)]	Loss: 0.13842357695102692
[2023-05-02 23:39:14] Train Epoch: 4 [1000/20000 (5.0%)]	Loss: 0.3540326952934265
[2023-05-02 23:39:19] Train Epoch: 4 [2000/20000 (10.0%)]	Loss: 0.14819608628749847
[2023-05-02 23:39:25] Train Epoch: 4 [3000/20000 (15.0%)]	Loss: 0.05597168952226639
[2023-05-02 23:39:30] Train Epoch: 4 [4000/20000 (20.0%)]	Loss: 0.09781721979379654
[2023-05-02 23:39:36] Train Epoch: 4 [5000/20000 (25.0%)]	Loss: 0.032583754509687424
[2023-05-02 23:39:42] Train Epoch: 4 [6000/20000 (30.0%)]	Loss: 0.04915076121687889
[2023-05-02 23:39:48] Train Epoch: 4 [7000/20000 (35.0%)]	Loss: 0.3697872757911682
[2023-05-02 23:39:54] Train Epoch: 4 [8000/20000 (40.0%)]	Loss: 0.003216151613742113
[2023-05-02 23:40:00] Train Epoch: 4 [9000/20000 (45.0%)]	Loss: 0.1273600161075592
[2023-05-02 23:40:06] Train Epoch: 4 [10000/20000 (50.0%)]	Loss: 0.0990975871682167
[2023-05-02 23:40:12] Train Epoch: 4 [11000/20000 (55.0%)]	Loss: 0.6225709319114685
[2023-05-02 23:40:18] Train Epoch: 4 [12000/20000 (60.0%)]	Loss: 0.05057106539607048
[2023-05-02 23:40:23] Train Epoch: 4 [13000/20000 (65.0%)]	Loss: 0.07006955146789551
[2023-05-02 23:40:30] Train Epoch: 4 [14000/20000 (70.0%)]	Loss: 0.09872671216726303
[2023-05-02 23:40:36] Train Epoch: 4 [15000/20000 (75.0%)]	Loss: 0.2018047571182251
[2023-05-02 23:40:42] Train Epoch: 4 [16000/20000 (80.0%)]	Loss: 0.14578044414520264
[2023-05-02 23:40:48] Train Epoch: 4 [17000/20000 (85.0%)]	Loss: 0.17266663908958435
[2023-05-02 23:40:55] Train Epoch: 4 [18000/20000 (90.0%)]	Loss: 0.02879180945456028
[2023-05-02 23:41:01] Train Epoch: 4 [19000/20000 (95.0%)]	Loss: 0.03646368533372879
[2023-05-02 23:41:23] ========== Metrics ==========
[2023-05-02 23:41:23] {
  "tr_loss": 0.12086094437338056,
  "tr_acc": 0.9596959695969597,
  "tr_f1": 0.9596070963215396,
  "val_loss": 0.5005642751006446,
  "val_acc": 0.8420678628530822,
  "val_f1": 0.8414481897627966,
  "test_loss": 0.5043147352895117,
  "test_acc": 0.8292682926829268,
  "test_f1": 0.8235294117647058
}
[2023-05-02 23:41:23] ========== Metrics ==========
[2023-05-02 23:41:25] Train Epoch: 5 [0/20000 (0.0%)]	Loss: 0.024108197540044785
[2023-05-02 23:41:33] Train Epoch: 5 [1000/20000 (5.0%)]	Loss: 0.09313942492008209
[2023-05-02 23:41:40] Train Epoch: 5 [2000/20000 (10.0%)]	Loss: 0.01784667745232582
[2023-05-02 23:41:47] Train Epoch: 5 [3000/20000 (15.0%)]	Loss: 0.1148972287774086
[2023-05-02 23:41:54] Train Epoch: 5 [4000/20000 (20.0%)]	Loss: 0.15613380074501038
[2023-05-02 23:42:01] Train Epoch: 5 [5000/20000 (25.0%)]	Loss: 0.0018542862962931395
[2023-05-02 23:42:09] Train Epoch: 5 [6000/20000 (30.0%)]	Loss: 0.055649690330028534
[2023-05-02 23:42:17] Train Epoch: 5 [7000/20000 (35.0%)]	Loss: 0.057142067700624466
[2023-05-02 23:42:24] Train Epoch: 5 [8000/20000 (40.0%)]	Loss: 0.023924706503748894
[2023-05-02 23:42:32] Train Epoch: 5 [9000/20000 (45.0%)]	Loss: 0.020045019686222076
[2023-05-02 23:42:40] Train Epoch: 5 [10000/20000 (50.0%)]	Loss: 0.034946709871292114
[2023-05-02 23:42:48] Train Epoch: 5 [11000/20000 (55.0%)]	Loss: 0.007915040478110313
[2023-05-02 23:42:56] Train Epoch: 5 [12000/20000 (60.0%)]	Loss: 0.11523246765136719
[2023-05-02 23:43:04] Train Epoch: 5 [13000/20000 (65.0%)]	Loss: 0.046244941651821136
[2023-05-02 23:43:12] Train Epoch: 5 [14000/20000 (70.0%)]	Loss: 0.024638082832098007
[2023-05-02 23:43:19] Train Epoch: 5 [15000/20000 (75.0%)]	Loss: 0.008957570418715477
[2023-05-02 23:43:27] Train Epoch: 5 [16000/20000 (80.0%)]	Loss: 0.01727629080414772
[2023-05-02 23:43:36] Train Epoch: 5 [17000/20000 (85.0%)]	Loss: 0.012170442380011082
[2023-05-02 23:43:44] Train Epoch: 5 [18000/20000 (90.0%)]	Loss: 0.008128346875309944
[2023-05-02 23:43:51] Train Epoch: 5 [19000/20000 (95.0%)]	Loss: 0.10025633871555328
[2023-05-02 23:44:14] ========== Metrics ==========
[2023-05-02 23:44:14] {
  "tr_loss": 0.06312103014637643,
  "tr_acc": 0.9803480348034803,
  "tr_f1": 0.9803273764829554,
  "val_loss": 0.6255754953666233,
  "val_acc": 0.8353171078344288,
  "val_f1": 0.835375599360682,
  "test_loss": 0.6381309985468381,
  "test_acc": 0.8184281842818428,
  "test_f1": 0.8154269972451792
}
[2023-05-02 23:44:14] ========== Metrics ==========
[2023-05-02 23:44:16] Train Epoch: 6 [0/20000 (0.0%)]	Loss: 0.037336159497499466
[2023-05-02 23:44:24] Train Epoch: 6 [1000/20000 (5.0%)]	Loss: 0.003794343676418066
[2023-05-02 23:44:31] Train Epoch: 6 [2000/20000 (10.0%)]	Loss: 0.030242308974266052
[2023-05-02 23:44:39] Train Epoch: 6 [3000/20000 (15.0%)]	Loss: 0.009260960854589939
[2023-05-02 23:44:46] Train Epoch: 6 [4000/20000 (20.0%)]	Loss: 0.0022901766933500767
[2023-05-02 23:44:54] Train Epoch: 6 [5000/20000 (25.0%)]	Loss: 0.022309623658657074
[2023-05-02 23:45:01] Train Epoch: 6 [6000/20000 (30.0%)]	Loss: 0.002680200384929776
[2023-05-02 23:45:09] Train Epoch: 6 [7000/20000 (35.0%)]	Loss: 0.007231755647808313
[2023-05-02 23:45:17] Train Epoch: 6 [8000/20000 (40.0%)]	Loss: 0.010685485787689686
[2023-05-02 23:45:25] Train Epoch: 6 [9000/20000 (45.0%)]	Loss: 0.03382061421871185
[2023-05-02 23:45:34] Train Epoch: 6 [10000/20000 (50.0%)]	Loss: 0.022699017077684402
[2023-05-02 23:45:42] Train Epoch: 6 [11000/20000 (55.0%)]	Loss: 0.016302697360515594
[2023-05-02 23:45:50] Train Epoch: 6 [12000/20000 (60.0%)]	Loss: 0.0064839692786335945
[2023-05-02 23:45:58] Train Epoch: 6 [13000/20000 (65.0%)]	Loss: 0.3407846987247467
[2023-05-02 23:46:06] Train Epoch: 6 [14000/20000 (70.0%)]	Loss: 0.006504961755126715
[2023-05-02 23:46:14] Train Epoch: 6 [15000/20000 (75.0%)]	Loss: 0.0029212981462478638
[2023-05-02 23:46:22] Train Epoch: 6 [16000/20000 (80.0%)]	Loss: 0.0023397430777549744
[2023-05-02 23:46:30] Train Epoch: 6 [17000/20000 (85.0%)]	Loss: 0.0007271025096997619
[2023-05-02 23:46:38] Train Epoch: 6 [18000/20000 (90.0%)]	Loss: 0.015291055664420128
[2023-05-02 23:46:46] Train Epoch: 6 [19000/20000 (95.0%)]	Loss: 0.000799404748249799
[2023-05-02 23:47:09] ========== Metrics ==========
[2023-05-02 23:47:09] {
  "tr_loss": 0.021418597371002768,
  "tr_acc": 0.9943994399439944,
  "tr_f1": 0.9943966379827897,
  "val_loss": 0.7465305676835006,
  "val_acc": 0.83247468466868,
  "val_f1": 0.831877339989303,
  "test_loss": 0.7527059397400233,
  "test_acc": 0.8157181571815718,
  "test_f1": 0.8121546961325967
}
[2023-05-02 23:47:09] ========== Metrics ==========
[2023-05-02 23:47:11] Train Epoch: 7 [0/20000 (0.0%)]	Loss: 0.004289921373128891
[2023-05-02 23:47:20] Train Epoch: 7 [1000/20000 (5.0%)]	Loss: 0.005457625724375248
[2023-05-02 23:47:27] Train Epoch: 7 [2000/20000 (10.0%)]	Loss: 0.00217448896728456
[2023-05-02 23:47:35] Train Epoch: 7 [3000/20000 (15.0%)]	Loss: 0.0033556134440004826
[2023-05-02 23:47:43] Train Epoch: 7 [4000/20000 (20.0%)]	Loss: 0.04480140656232834
[2023-05-02 23:47:51] Train Epoch: 7 [5000/20000 (25.0%)]	Loss: 0.001617158530279994
[2023-05-02 23:47:59] Train Epoch: 7 [6000/20000 (30.0%)]	Loss: 0.0017300347099080682
[2023-05-02 23:48:06] Train Epoch: 7 [7000/20000 (35.0%)]	Loss: 0.0026612889487296343
[2023-05-02 23:48:15] Train Epoch: 7 [8000/20000 (40.0%)]	Loss: 0.0032061212696135044
[2023-05-02 23:48:23] Train Epoch: 7 [9000/20000 (45.0%)]	Loss: 0.009912006556987762
[2023-05-02 23:48:31] Train Epoch: 7 [10000/20000 (50.0%)]	Loss: 0.005419685039669275
[2023-05-02 23:48:39] Train Epoch: 7 [11000/20000 (55.0%)]	Loss: 0.00580656947568059
[2023-05-02 23:48:47] Train Epoch: 7 [12000/20000 (60.0%)]	Loss: 0.000825626659207046
[2023-05-02 23:48:56] Train Epoch: 7 [13000/20000 (65.0%)]	Loss: 0.02385946735739708
[2023-05-02 23:49:04] Train Epoch: 7 [14000/20000 (70.0%)]	Loss: 0.0019142862875014544
[2023-05-02 23:49:12] Train Epoch: 7 [15000/20000 (75.0%)]	Loss: 0.015830449759960175
[2023-05-02 23:49:20] Train Epoch: 7 [16000/20000 (80.0%)]	Loss: 0.0027066622860729694
[2023-05-02 23:49:29] Train Epoch: 7 [17000/20000 (85.0%)]	Loss: 0.0059212567284703255
[2023-05-02 23:49:37] Train Epoch: 7 [18000/20000 (90.0%)]	Loss: 0.007220682688057423
[2023-05-02 23:49:45] Train Epoch: 7 [19000/20000 (95.0%)]	Loss: 0.009915883652865887
[2023-05-02 23:50:08] ========== Metrics ==========
[2023-05-02 23:50:08] {
  "tr_loss": 0.017357324484264386,
  "tr_acc": 0.9956495649564957,
  "tr_f1": 0.9956471706609297,
  "val_loss": 0.8011419785110226,
  "val_acc": 0.8278557470243383,
  "val_f1": 0.8275493860117458,
  "test_loss": 0.794636377191479,
  "test_acc": 0.8021680216802168,
  "test_f1": 0.7966573816155988
}
[2023-05-02 23:50:08] ========== Metrics ==========
[2023-05-02 23:50:10] Train Epoch: 8 [0/20000 (0.0%)]	Loss: 0.005470455624163151
[2023-05-02 23:50:18] Train Epoch: 8 [1000/20000 (5.0%)]	Loss: 0.0015076827257871628
[2023-05-02 23:50:27] Train Epoch: 8 [2000/20000 (10.0%)]	Loss: 0.00254588364623487
[2023-05-02 23:50:36] Train Epoch: 8 [3000/20000 (15.0%)]	Loss: 0.0005729444674216211
[2023-05-02 23:50:44] Train Epoch: 8 [4000/20000 (20.0%)]	Loss: 0.0775429829955101
[2023-05-02 23:50:53] Train Epoch: 8 [5000/20000 (25.0%)]	Loss: 0.005492619704455137
[2023-05-02 23:51:02] Train Epoch: 8 [6000/20000 (30.0%)]	Loss: 0.03279513865709305
[2023-05-02 23:51:11] Train Epoch: 8 [7000/20000 (35.0%)]	Loss: 0.0010095584439113736
[2023-05-02 23:51:20] Train Epoch: 8 [8000/20000 (40.0%)]	Loss: 0.001651831204071641
[2023-05-02 23:51:28] Train Epoch: 8 [9000/20000 (45.0%)]	Loss: 0.03260572999715805
[2023-05-02 23:51:37] Train Epoch: 8 [10000/20000 (50.0%)]	Loss: 0.0038965963758528233
[2023-05-02 23:51:45] Train Epoch: 8 [11000/20000 (55.0%)]	Loss: 0.03092256188392639
[2023-05-02 23:51:54] Train Epoch: 8 [12000/20000 (60.0%)]	Loss: 0.004857161547988653
[2023-05-02 23:52:02] Train Epoch: 8 [13000/20000 (65.0%)]	Loss: 0.003379440400749445
[2023-05-02 23:52:11] Train Epoch: 8 [14000/20000 (70.0%)]	Loss: 0.010063755325973034
[2023-05-02 23:52:20] Train Epoch: 8 [15000/20000 (75.0%)]	Loss: 0.0007811005343683064
[2023-05-02 23:52:29] Train Epoch: 8 [16000/20000 (80.0%)]	Loss: 0.005406306125223637
[2023-05-02 23:52:38] Train Epoch: 8 [17000/20000 (85.0%)]	Loss: 0.0013449605321511626
[2023-05-02 23:52:47] Train Epoch: 8 [18000/20000 (90.0%)]	Loss: 0.004902054090052843
[2023-05-02 23:52:57] Train Epoch: 8 [19000/20000 (95.0%)]	Loss: 0.0003413490776438266
[2023-05-02 23:53:21] ========== Metrics ==========
[2023-05-02 23:53:21] {
  "tr_loss": 0.014488698312556699,
  "tr_acc": 0.9968996899689969,
  "tr_f1": 0.9968993798759752,
  "val_loss": 0.9187660503554755,
  "val_acc": 0.8260792325457452,
  "val_f1": 0.8300642249609442,
  "test_loss": 0.9378542692519138,
  "test_acc": 0.8211382113821138,
  "test_f1": 0.8216216216216217
}
[2023-05-02 23:53:21] ========== Metrics ==========
[2023-05-02 23:53:23] Train Epoch: 9 [0/20000 (0.0%)]	Loss: 0.0039346287958323956
[2023-05-02 23:53:32] Train Epoch: 9 [1000/20000 (5.0%)]	Loss: 0.0027342443354427814
[2023-05-02 23:53:39] Train Epoch: 9 [2000/20000 (10.0%)]	Loss: 0.004655316472053528
[2023-05-02 23:53:47] Train Epoch: 9 [3000/20000 (15.0%)]	Loss: 0.0001792068942449987
[2023-05-02 23:53:55] Train Epoch: 9 [4000/20000 (20.0%)]	Loss: 0.0004457233881112188
[2023-05-02 23:54:03] Train Epoch: 9 [5000/20000 (25.0%)]	Loss: 0.0016850726678967476
[2023-05-02 23:54:11] Train Epoch: 9 [6000/20000 (30.0%)]	Loss: 0.005575116723775864
[2023-05-02 23:54:19] Train Epoch: 9 [7000/20000 (35.0%)]	Loss: 0.0007330591324716806
[2023-05-02 23:54:27] Train Epoch: 9 [8000/20000 (40.0%)]	Loss: 0.002345788525417447
[2023-05-02 23:54:35] Train Epoch: 9 [9000/20000 (45.0%)]	Loss: 0.0023507089354097843
[2023-05-02 23:54:43] Train Epoch: 9 [10000/20000 (50.0%)]	Loss: 0.0013465892989188433
[2023-05-02 23:54:50] Train Epoch: 9 [11000/20000 (55.0%)]	Loss: 0.007242356427013874
[2023-05-02 23:54:58] Train Epoch: 9 [12000/20000 (60.0%)]	Loss: 0.004522569943219423
[2023-05-02 23:55:06] Train Epoch: 9 [13000/20000 (65.0%)]	Loss: 0.0014509758912026882
[2023-05-02 23:55:14] Train Epoch: 9 [14000/20000 (70.0%)]	Loss: 0.001571994973346591
[2023-05-02 23:55:21] Train Epoch: 9 [15000/20000 (75.0%)]	Loss: 0.004499421454966068
[2023-05-02 23:55:29] Train Epoch: 9 [16000/20000 (80.0%)]	Loss: 0.014710456132888794
[2023-05-02 23:55:37] Train Epoch: 9 [17000/20000 (85.0%)]	Loss: 0.0003052003448829055
[2023-05-02 23:55:45] Train Epoch: 9 [18000/20000 (90.0%)]	Loss: 0.012033318169414997
[2023-05-02 23:55:53] Train Epoch: 9 [19000/20000 (95.0%)]	Loss: 0.012808503583073616
[2023-05-02 23:56:11] Stop At epoch 9/20 due to valid not increase
[2023-05-02 23:56:14] ========== Metrics ==========
[2023-05-02 23:56:14] {
  "tr_loss": 0.011953216165646468,
  "tr_acc": 0.9973997399739974,
  "tr_f1": 0.9973992197659297,
  "val_loss": 0.919109707536746,
  "val_acc": 0.820572037662107,
  "val_f1": 0.8245309242529535,
  "test_loss": 0.8850381743960426,
  "test_acc": 0.8021680216802168,
  "test_f1": 0.8010899182561307
}
[2023-05-02 23:56:14] ========== Metrics ==========
