[2023-05-01 21:25:25] Train Epoch: 1 [0/20000 (0.0%)]	Loss: 0.6904193162918091
[2023-05-01 21:25:26] Train Epoch: 1 [1000/20000 (5.0%)]	Loss: 0.6931449174880981
[2023-05-01 21:25:26] Train Epoch: 1 [2000/20000 (10.0%)]	Loss: 0.6931470036506653
[2023-05-01 21:25:27] Train Epoch: 1 [3000/20000 (15.0%)]	Loss: 0.6932231187820435
[2023-05-01 21:25:27] Train Epoch: 1 [4000/20000 (20.0%)]	Loss: 0.6986602544784546
[2023-05-01 21:25:27] Train Epoch: 1 [5000/20000 (25.0%)]	Loss: 0.6855871081352234
[2023-05-01 21:25:28] Train Epoch: 1 [6000/20000 (30.0%)]	Loss: 0.6924827694892883
[2023-05-01 21:25:28] Train Epoch: 1 [7000/20000 (35.0%)]	Loss: 0.5494082570075989
[2023-05-01 21:25:28] Train Epoch: 1 [8000/20000 (40.0%)]	Loss: 0.4872438907623291
[2023-05-01 21:25:29] Train Epoch: 1 [9000/20000 (45.0%)]	Loss: 0.593565821647644
[2023-05-01 21:25:29] Train Epoch: 1 [10000/20000 (50.0%)]	Loss: 0.6354780793190002
[2023-05-01 21:25:29] Train Epoch: 1 [11000/20000 (55.0%)]	Loss: 0.636455237865448
[2023-05-01 21:25:30] Train Epoch: 1 [12000/20000 (60.0%)]	Loss: 0.47001609206199646
[2023-05-01 21:25:30] Train Epoch: 1 [13000/20000 (65.0%)]	Loss: 0.6248229146003723
[2023-05-01 21:25:31] Train Epoch: 1 [14000/20000 (70.0%)]	Loss: 0.5245271325111389
[2023-05-01 21:25:31] Train Epoch: 1 [15000/20000 (75.0%)]	Loss: 0.42789021134376526
[2023-05-01 21:25:31] Train Epoch: 1 [16000/20000 (80.0%)]	Loss: 0.435452938079834
[2023-05-01 21:25:32] Train Epoch: 1 [17000/20000 (85.0%)]	Loss: 0.470040887594223
[2023-05-01 21:25:32] Train Epoch: 1 [18000/20000 (90.0%)]	Loss: 0.47084689140319824
[2023-05-01 21:25:33] Train Epoch: 1 [19000/20000 (95.0%)]	Loss: 0.3221755027770996
[2023-05-01 21:25:36] ========== Metrics ==========
[2023-05-01 21:25:36] {
  "tr_loss": 0.5960531322786076,
  "tr_acc": 0.6486148614861487,
  "tr_f1": 0.6736333658445962,
  "val_loss": 0.6118175567922425,
  "val_acc": 0.6393675608456209,
  "val_f1": 0.4606801275239107,
  "test_loss": 0.6401629677309899,
  "test_acc": 0.6287262872628726,
  "test_f1": 0.45418326693227096
}
[2023-05-01 21:25:36] ========== Metrics ==========
[2023-05-01 21:25:37] Train Epoch: 2 [0/20000 (0.0%)]	Loss: 0.38819435238838196
[2023-05-01 21:25:38] Train Epoch: 2 [1000/20000 (5.0%)]	Loss: 0.5745788812637329
[2023-05-01 21:25:38] Train Epoch: 2 [2000/20000 (10.0%)]	Loss: 0.549614667892456
[2023-05-01 21:25:39] Train Epoch: 2 [3000/20000 (15.0%)]	Loss: 0.6061619520187378
[2023-05-01 21:25:39] Train Epoch: 2 [4000/20000 (20.0%)]	Loss: 0.437654972076416
[2023-05-01 21:25:39] Train Epoch: 2 [5000/20000 (25.0%)]	Loss: 0.34235891699790955
[2023-05-01 21:25:40] Train Epoch: 2 [6000/20000 (30.0%)]	Loss: 0.31818920373916626
[2023-05-01 21:25:40] Train Epoch: 2 [7000/20000 (35.0%)]	Loss: 0.3713032305240631
[2023-05-01 21:25:41] Train Epoch: 2 [8000/20000 (40.0%)]	Loss: 0.40987563133239746
[2023-05-01 21:25:41] Train Epoch: 2 [9000/20000 (45.0%)]	Loss: 0.4909646511077881
[2023-05-01 21:25:41] Train Epoch: 2 [10000/20000 (50.0%)]	Loss: 0.37228482961654663
[2023-05-01 21:25:42] Train Epoch: 2 [11000/20000 (55.0%)]	Loss: 0.5589464902877808
[2023-05-01 21:25:42] Train Epoch: 2 [12000/20000 (60.0%)]	Loss: 0.6010486483573914
[2023-05-01 21:25:43] Train Epoch: 2 [13000/20000 (65.0%)]	Loss: 0.6376921534538269
[2023-05-01 21:25:43] Train Epoch: 2 [14000/20000 (70.0%)]	Loss: 0.5289040803909302
[2023-05-01 21:25:44] Train Epoch: 2 [15000/20000 (75.0%)]	Loss: 0.628917932510376
[2023-05-01 21:25:44] Train Epoch: 2 [16000/20000 (80.0%)]	Loss: 0.527145504951477
[2023-05-01 21:25:44] Train Epoch: 2 [17000/20000 (85.0%)]	Loss: 0.31507354974746704
[2023-05-01 21:25:45] Train Epoch: 2 [18000/20000 (90.0%)]	Loss: 0.5569720268249512
[2023-05-01 21:25:45] Train Epoch: 2 [19000/20000 (95.0%)]	Loss: 0.19650068879127502
[2023-05-01 21:25:49] ========== Metrics ==========
[2023-05-01 21:25:49] {
  "tr_loss": 0.44494786843059897,
  "tr_acc": 0.7958295829582959,
  "tr_f1": 0.793985569403098,
  "val_loss": 0.5337064268110827,
  "val_acc": 0.750755018653402,
  "val_f1": 0.7061780104712041,
  "test_loss": 0.5451163366881167,
  "test_acc": 0.7669376693766937,
  "test_f1": 0.7243589743589743
}
[2023-05-01 21:25:49] ========== Metrics ==========
[2023-05-01 21:25:50] Train Epoch: 3 [0/20000 (0.0%)]	Loss: 0.41769272089004517
[2023-05-01 21:25:50] Train Epoch: 3 [1000/20000 (5.0%)]	Loss: 0.43951302766799927
[2023-05-01 21:25:51] Train Epoch: 3 [2000/20000 (10.0%)]	Loss: 0.25920015573501587
[2023-05-01 21:25:51] Train Epoch: 3 [3000/20000 (15.0%)]	Loss: 0.35852664709091187
[2023-05-01 21:25:51] Train Epoch: 3 [4000/20000 (20.0%)]	Loss: 0.37980109453201294
[2023-05-01 21:25:52] Train Epoch: 3 [5000/20000 (25.0%)]	Loss: 0.39738327264785767
[2023-05-01 21:25:52] Train Epoch: 3 [6000/20000 (30.0%)]	Loss: 0.3148682117462158
[2023-05-01 21:25:53] Train Epoch: 3 [7000/20000 (35.0%)]	Loss: 0.4348994195461273
[2023-05-01 21:25:53] Train Epoch: 3 [8000/20000 (40.0%)]	Loss: 0.4276258051395416
[2023-05-01 21:25:53] Train Epoch: 3 [9000/20000 (45.0%)]	Loss: 0.2624596357345581
[2023-05-01 21:25:54] Train Epoch: 3 [10000/20000 (50.0%)]	Loss: 0.28587502241134644
[2023-05-01 21:25:54] Train Epoch: 3 [11000/20000 (55.0%)]	Loss: 0.29007306694984436
[2023-05-01 21:25:54] Train Epoch: 3 [12000/20000 (60.0%)]	Loss: 0.38691163063049316
[2023-05-01 21:25:55] Train Epoch: 3 [13000/20000 (65.0%)]	Loss: 0.3901664614677429
[2023-05-01 21:25:55] Train Epoch: 3 [14000/20000 (70.0%)]	Loss: 0.2355150729417801
[2023-05-01 21:25:56] Train Epoch: 3 [15000/20000 (75.0%)]	Loss: 0.26058250665664673
[2023-05-01 21:25:56] Train Epoch: 3 [16000/20000 (80.0%)]	Loss: 0.29976630210876465
[2023-05-01 21:25:56] Train Epoch: 3 [17000/20000 (85.0%)]	Loss: 0.6067618131637573
[2023-05-01 21:25:57] Train Epoch: 3 [18000/20000 (90.0%)]	Loss: 0.3433392345905304
[2023-05-01 21:25:57] Train Epoch: 3 [19000/20000 (95.0%)]	Loss: 0.3885210156440735
[2023-05-01 21:26:01] ========== Metrics ==========
[2023-05-01 21:26:01] {
  "tr_loss": 0.36940471901901006,
  "tr_acc": 0.8378337833783378,
  "tr_f1": 0.836961439847167,
  "val_loss": 0.5330604917309725,
  "val_acc": 0.764967134482146,
  "val_f1": 0.7370304114490162,
  "test_loss": 0.5299467026056636,
  "test_acc": 0.7615176151761518,
  "test_f1": 0.7232704402515724
}
[2023-05-01 21:26:01] ========== Metrics ==========
[2023-05-01 21:26:02] Train Epoch: 4 [0/20000 (0.0%)]	Loss: 0.24344103038311005
[2023-05-01 21:26:02] Train Epoch: 4 [1000/20000 (5.0%)]	Loss: 0.38277965784072876
[2023-05-01 21:26:03] Train Epoch: 4 [2000/20000 (10.0%)]	Loss: 0.24978823959827423
[2023-05-01 21:26:03] Train Epoch: 4 [3000/20000 (15.0%)]	Loss: 0.2071613073348999
[2023-05-01 21:26:04] Train Epoch: 4 [4000/20000 (20.0%)]	Loss: 0.3029058575630188
[2023-05-01 21:26:04] Train Epoch: 4 [5000/20000 (25.0%)]	Loss: 0.18633440136909485
[2023-05-01 21:26:05] Train Epoch: 4 [6000/20000 (30.0%)]	Loss: 0.14463266730308533
[2023-05-01 21:26:05] Train Epoch: 4 [7000/20000 (35.0%)]	Loss: 0.2480272501707077
[2023-05-01 21:26:05] Train Epoch: 4 [8000/20000 (40.0%)]	Loss: 0.3649902641773224
[2023-05-01 21:26:06] Train Epoch: 4 [9000/20000 (45.0%)]	Loss: 0.3407508432865143
[2023-05-01 21:26:06] Train Epoch: 4 [10000/20000 (50.0%)]	Loss: 0.264948308467865
[2023-05-01 21:26:07] Train Epoch: 4 [11000/20000 (55.0%)]	Loss: 0.1791905015707016
[2023-05-01 21:26:07] Train Epoch: 4 [12000/20000 (60.0%)]	Loss: 0.37417611479759216
[2023-05-01 21:26:08] Train Epoch: 4 [13000/20000 (65.0%)]	Loss: 0.1739649772644043
[2023-05-01 21:26:08] Train Epoch: 4 [14000/20000 (70.0%)]	Loss: 0.385664165019989
[2023-05-01 21:26:09] Train Epoch: 4 [15000/20000 (75.0%)]	Loss: 0.3445036709308624
[2023-05-01 21:26:09] Train Epoch: 4 [16000/20000 (80.0%)]	Loss: 0.19185581803321838
[2023-05-01 21:26:09] Train Epoch: 4 [17000/20000 (85.0%)]	Loss: 0.3762899935245514
[2023-05-01 21:26:10] Train Epoch: 4 [18000/20000 (90.0%)]	Loss: 0.2912391722202301
[2023-05-01 21:26:10] Train Epoch: 4 [19000/20000 (95.0%)]	Loss: 0.2719830870628357
[2023-05-01 21:26:14] ========== Metrics ==========
[2023-05-01 21:26:14] {
  "tr_loss": 0.3159496228326403,
  "tr_acc": 0.8698869886988699,
  "tr_f1": 0.8694692485201163,
  "val_loss": 0.5093350015920821,
  "val_acc": 0.7626576656599752,
  "val_f1": 0.7836086815678653,
  "test_loss": 0.49700643311994186,
  "test_acc": 0.7804878048780488,
  "test_f1": 0.7990074441687344
}
[2023-05-01 21:26:14] ========== Metrics ==========
[2023-05-01 21:26:15] Train Epoch: 5 [0/20000 (0.0%)]	Loss: 0.16254238784313202
[2023-05-01 21:26:16] Train Epoch: 5 [1000/20000 (5.0%)]	Loss: 0.19237282872200012
[2023-05-01 21:26:16] Train Epoch: 5 [2000/20000 (10.0%)]	Loss: 0.38439613580703735
[2023-05-01 21:26:17] Train Epoch: 5 [3000/20000 (15.0%)]	Loss: 0.2826165556907654
[2023-05-01 21:26:17] Train Epoch: 5 [4000/20000 (20.0%)]	Loss: 0.18032202124595642
[2023-05-01 21:26:17] Train Epoch: 5 [5000/20000 (25.0%)]	Loss: 0.26794227957725525
[2023-05-01 21:26:18] Train Epoch: 5 [6000/20000 (30.0%)]	Loss: 0.3349166214466095
[2023-05-01 21:26:18] Train Epoch: 5 [7000/20000 (35.0%)]	Loss: 0.22119787335395813
[2023-05-01 21:26:19] Train Epoch: 5 [8000/20000 (40.0%)]	Loss: 0.17206791043281555
[2023-05-01 21:26:19] Train Epoch: 5 [9000/20000 (45.0%)]	Loss: 0.18900170922279358
[2023-05-01 21:26:20] Train Epoch: 5 [10000/20000 (50.0%)]	Loss: 0.15361429750919342
[2023-05-01 21:26:20] Train Epoch: 5 [11000/20000 (55.0%)]	Loss: 0.2716863751411438
[2023-05-01 21:26:20] Train Epoch: 5 [12000/20000 (60.0%)]	Loss: 0.17467990517616272
[2023-05-01 21:26:21] Train Epoch: 5 [13000/20000 (65.0%)]	Loss: 0.2744310200214386
[2023-05-01 21:26:21] Train Epoch: 5 [14000/20000 (70.0%)]	Loss: 0.163729727268219
[2023-05-01 21:26:22] Train Epoch: 5 [15000/20000 (75.0%)]	Loss: 0.38588282465934753
[2023-05-01 21:26:22] Train Epoch: 5 [16000/20000 (80.0%)]	Loss: 0.2176397144794464
[2023-05-01 21:26:22] Train Epoch: 5 [17000/20000 (85.0%)]	Loss: 0.12459477037191391
[2023-05-01 21:26:23] Train Epoch: 5 [18000/20000 (90.0%)]	Loss: 0.4340185225009918
[2023-05-01 21:26:23] Train Epoch: 5 [19000/20000 (95.0%)]	Loss: 0.10573401302099228
[2023-05-01 21:26:27] ========== Metrics ==========
[2023-05-01 21:26:27] {
  "tr_loss": 0.27120761312518266,
  "tr_acc": 0.8871387138713871,
  "tr_f1": 0.8868614968168831,
  "val_loss": 0.5376673867698673,
  "val_acc": 0.7308580564931604,
  "val_f1": 0.774721189591078,
  "test_loss": 0.5053643385569254,
  "test_acc": 0.7615176151761518,
  "test_f1": 0.7972350230414746
}
[2023-05-01 21:26:27] ========== Metrics ==========
[2023-05-01 21:26:28] Train Epoch: 6 [0/20000 (0.0%)]	Loss: 0.1620318591594696
[2023-05-01 21:26:28] Train Epoch: 6 [1000/20000 (5.0%)]	Loss: 0.11744077503681183
[2023-05-01 21:26:29] Train Epoch: 6 [2000/20000 (10.0%)]	Loss: 0.12066356092691422
[2023-05-01 21:26:29] Train Epoch: 6 [3000/20000 (15.0%)]	Loss: 0.4873795509338379
[2023-05-01 21:26:30] Train Epoch: 6 [4000/20000 (20.0%)]	Loss: 0.1267881840467453
[2023-05-01 21:26:30] Train Epoch: 6 [5000/20000 (25.0%)]	Loss: 0.13769760727882385
[2023-05-01 21:26:31] Train Epoch: 6 [6000/20000 (30.0%)]	Loss: 0.10261227190494537
[2023-05-01 21:26:31] Train Epoch: 6 [7000/20000 (35.0%)]	Loss: 0.3026871085166931
[2023-05-01 21:26:31] Train Epoch: 6 [8000/20000 (40.0%)]	Loss: 0.2883799076080322
[2023-05-01 21:26:32] Train Epoch: 6 [9000/20000 (45.0%)]	Loss: 0.13149353861808777
[2023-05-01 21:26:32] Train Epoch: 6 [10000/20000 (50.0%)]	Loss: 0.20672817528247833
[2023-05-01 21:26:33] Train Epoch: 6 [11000/20000 (55.0%)]	Loss: 0.30058005452156067
[2023-05-01 21:26:33] Train Epoch: 6 [12000/20000 (60.0%)]	Loss: 0.22424383461475372
[2023-05-01 21:26:33] Train Epoch: 6 [13000/20000 (65.0%)]	Loss: 0.30711299180984497
[2023-05-01 21:26:34] Train Epoch: 6 [14000/20000 (70.0%)]	Loss: 0.18379485607147217
[2023-05-01 21:26:34] Train Epoch: 6 [15000/20000 (75.0%)]	Loss: 0.17837589979171753
[2023-05-01 21:26:35] Train Epoch: 6 [16000/20000 (80.0%)]	Loss: 0.2728163003921509
[2023-05-01 21:26:35] Train Epoch: 6 [17000/20000 (85.0%)]	Loss: 0.25393396615982056
[2023-05-01 21:26:36] Train Epoch: 6 [18000/20000 (90.0%)]	Loss: 0.03547182306647301
[2023-05-01 21:26:36] Train Epoch: 6 [19000/20000 (95.0%)]	Loss: 0.11802177131175995
[2023-05-01 21:26:40] ========== Metrics ==========
[2023-05-01 21:26:40] {
  "tr_loss": 0.20537020027762665,
  "tr_acc": 0.917991799179918,
  "tr_f1": 0.9180819180819181,
  "val_loss": 0.4891468695720446,
  "val_acc": 0.7740273583229703,
  "val_f1": 0.7893342166280225,
  "test_loss": 0.4650469120278914,
  "test_acc": 0.8021680216802168,
  "test_f1": 0.8073878627968337
}
[2023-05-01 21:26:40] ========== Metrics ==========
[2023-05-01 21:26:41] Train Epoch: 7 [0/20000 (0.0%)]	Loss: 0.1815645396709442
[2023-05-01 21:26:41] Train Epoch: 7 [1000/20000 (5.0%)]	Loss: 0.34803506731987
[2023-05-01 21:26:42] Train Epoch: 7 [2000/20000 (10.0%)]	Loss: 0.19310036301612854
[2023-05-01 21:26:42] Train Epoch: 7 [3000/20000 (15.0%)]	Loss: 0.03066909685730934
[2023-05-01 21:26:43] Train Epoch: 7 [4000/20000 (20.0%)]	Loss: 0.06763381510972977
[2023-05-01 21:26:43] Train Epoch: 7 [5000/20000 (25.0%)]	Loss: 0.16242484748363495
[2023-05-01 21:26:43] Train Epoch: 7 [6000/20000 (30.0%)]	Loss: 0.06609385460615158
[2023-05-01 21:26:44] Train Epoch: 7 [7000/20000 (35.0%)]	Loss: 0.10994011163711548
[2023-05-01 21:26:44] Train Epoch: 7 [8000/20000 (40.0%)]	Loss: 0.3362475037574768
[2023-05-01 21:26:45] Train Epoch: 7 [9000/20000 (45.0%)]	Loss: 0.2547304928302765
[2023-05-01 21:26:45] Train Epoch: 7 [10000/20000 (50.0%)]	Loss: 0.29746824502944946
[2023-05-01 21:26:46] Train Epoch: 7 [11000/20000 (55.0%)]	Loss: 0.1352938562631607
[2023-05-01 21:26:46] Train Epoch: 7 [12000/20000 (60.0%)]	Loss: 0.26275062561035156
[2023-05-01 21:26:46] Train Epoch: 7 [13000/20000 (65.0%)]	Loss: 0.1784195601940155
[2023-05-01 21:26:47] Train Epoch: 7 [14000/20000 (70.0%)]	Loss: 0.19354140758514404
[2023-05-01 21:26:47] Train Epoch: 7 [15000/20000 (75.0%)]	Loss: 0.12287571281194687
[2023-05-01 21:26:48] Train Epoch: 7 [16000/20000 (80.0%)]	Loss: 0.11115150153636932
[2023-05-01 21:26:48] Train Epoch: 7 [17000/20000 (85.0%)]	Loss: 0.1178525909781456
[2023-05-01 21:26:48] Train Epoch: 7 [18000/20000 (90.0%)]	Loss: 0.09855110943317413
[2023-05-01 21:26:49] Train Epoch: 7 [19000/20000 (95.0%)]	Loss: 0.2046349048614502
[2023-05-01 21:26:52] ========== Metrics ==========
[2023-05-01 21:26:52] {
  "tr_loss": 0.19812931221435637,
  "tr_acc": 0.9217921792179218,
  "tr_f1": 0.921776532959888,
  "val_loss": 0.5171543351285388,
  "val_acc": 0.7585716823592112,
  "val_f1": 0.7878220140515223,
  "test_loss": 0.4891043400699853,
  "test_acc": 0.7913279132791328,
  "test_f1": 0.8117359413202935
}
[2023-05-01 21:26:52] ========== Metrics ==========
[2023-05-01 21:26:53] Train Epoch: 8 [0/20000 (0.0%)]	Loss: 0.09169093519449234
[2023-05-01 21:26:54] Train Epoch: 8 [1000/20000 (5.0%)]	Loss: 0.11326764523983002
[2023-05-01 21:26:54] Train Epoch: 8 [2000/20000 (10.0%)]	Loss: 0.13792458176612854
[2023-05-01 21:26:55] Train Epoch: 8 [3000/20000 (15.0%)]	Loss: 0.08930782228708267
[2023-05-01 21:26:55] Train Epoch: 8 [4000/20000 (20.0%)]	Loss: 0.0523223802447319
[2023-05-01 21:26:56] Train Epoch: 8 [5000/20000 (25.0%)]	Loss: 0.23658135533332825
[2023-05-01 21:26:56] Train Epoch: 8 [6000/20000 (30.0%)]	Loss: 0.2773835062980652
[2023-05-01 21:26:57] Train Epoch: 8 [7000/20000 (35.0%)]	Loss: 0.2136954963207245
[2023-05-01 21:26:57] Train Epoch: 8 [8000/20000 (40.0%)]	Loss: 0.21132616698741913
[2023-05-01 21:26:57] Train Epoch: 8 [9000/20000 (45.0%)]	Loss: 0.023528151214122772
[2023-05-01 21:26:58] Train Epoch: 8 [10000/20000 (50.0%)]	Loss: 0.08844468742609024
[2023-05-01 21:26:58] Train Epoch: 8 [11000/20000 (55.0%)]	Loss: 0.23608490824699402
[2023-05-01 21:26:59] Train Epoch: 8 [12000/20000 (60.0%)]	Loss: 0.05394798517227173
[2023-05-01 21:26:59] Train Epoch: 8 [13000/20000 (65.0%)]	Loss: 0.19028478860855103
[2023-05-01 21:27:00] Train Epoch: 8 [14000/20000 (70.0%)]	Loss: 0.16616317629814148
[2023-05-01 21:27:00] Train Epoch: 8 [15000/20000 (75.0%)]	Loss: 0.11553619056940079
[2023-05-01 21:27:01] Train Epoch: 8 [16000/20000 (80.0%)]	Loss: 0.23196741938591003
[2023-05-01 21:27:01] Train Epoch: 8 [17000/20000 (85.0%)]	Loss: 0.0823548287153244
[2023-05-01 21:27:01] Train Epoch: 8 [18000/20000 (90.0%)]	Loss: 0.6393423080444336
[2023-05-01 21:27:02] Train Epoch: 8 [19000/20000 (95.0%)]	Loss: 0.06318531930446625
[2023-05-01 21:27:05] ========== Metrics ==========
[2023-05-01 21:27:05] {
  "tr_loss": 0.18997068391820945,
  "tr_acc": 0.9245924592459246,
  "tr_f1": 0.9245773732119635,
  "val_loss": 0.5116354794416701,
  "val_acc": 0.7647894830342867,
  "val_f1": 0.7887683471601787,
  "test_loss": 0.480951408383646,
  "test_acc": 0.8075880758807588,
  "test_f1": 0.8202531645569621
}
[2023-05-01 21:27:05] ========== Metrics ==========
[2023-05-01 21:27:06] Train Epoch: 9 [0/20000 (0.0%)]	Loss: 0.06920942664146423
[2023-05-01 21:27:07] Train Epoch: 9 [1000/20000 (5.0%)]	Loss: 0.21915288269519806
[2023-05-01 21:27:07] Train Epoch: 9 [2000/20000 (10.0%)]	Loss: 0.2550126314163208
[2023-05-01 21:27:08] Train Epoch: 9 [3000/20000 (15.0%)]	Loss: 0.3704259991645813
[2023-05-01 21:27:08] Train Epoch: 9 [4000/20000 (20.0%)]	Loss: 0.16357216238975525
[2023-05-01 21:27:09] Train Epoch: 9 [5000/20000 (25.0%)]	Loss: 0.09480737149715424
[2023-05-01 21:27:09] Train Epoch: 9 [6000/20000 (30.0%)]	Loss: 0.17040780186653137
[2023-05-01 21:27:10] Train Epoch: 9 [7000/20000 (35.0%)]	Loss: 0.1131327897310257
[2023-05-01 21:27:10] Train Epoch: 9 [8000/20000 (40.0%)]	Loss: 0.058731935918331146
[2023-05-01 21:27:11] Train Epoch: 9 [9000/20000 (45.0%)]	Loss: 0.015418986789882183
[2023-05-01 21:27:11] Train Epoch: 9 [10000/20000 (50.0%)]	Loss: 0.14812394976615906
[2023-05-01 21:27:11] Train Epoch: 9 [11000/20000 (55.0%)]	Loss: 0.16212594509124756
[2023-05-01 21:27:12] Train Epoch: 9 [12000/20000 (60.0%)]	Loss: 0.2537613809108734
[2023-05-01 21:27:12] Train Epoch: 9 [13000/20000 (65.0%)]	Loss: 0.10040850937366486
[2023-05-01 21:27:13] Train Epoch: 9 [14000/20000 (70.0%)]	Loss: 0.05053027719259262
[2023-05-01 21:27:13] Train Epoch: 9 [15000/20000 (75.0%)]	Loss: 0.4142536222934723
[2023-05-01 21:27:14] Train Epoch: 9 [16000/20000 (80.0%)]	Loss: 0.10974059998989105
[2023-05-01 21:27:14] Train Epoch: 9 [17000/20000 (85.0%)]	Loss: 0.05002012103796005
[2023-05-01 21:27:14] Train Epoch: 9 [18000/20000 (90.0%)]	Loss: 0.06908832490444183
[2023-05-01 21:27:15] Train Epoch: 9 [19000/20000 (95.0%)]	Loss: 0.11318580061197281
[2023-05-01 21:27:19] ========== Metrics ==========
[2023-05-01 21:27:19] {
  "tr_loss": 0.1824115682132516,
  "tr_acc": 0.9284428442844285,
  "tr_f1": 0.9284678830292427,
  "val_loss": 0.5055504437978747,
  "val_acc": 0.7718955409486588,
  "val_f1": 0.7907431551499348,
  "test_loss": 0.48489280024841225,
  "test_acc": 0.7994579945799458,
  "test_f1": 0.809278350515464
}
[2023-05-01 21:27:19] ========== Metrics ==========
[2023-05-01 21:27:20] Train Epoch: 10 [0/20000 (0.0%)]	Loss: 0.12598513066768646
[2023-05-01 21:27:20] Train Epoch: 10 [1000/20000 (5.0%)]	Loss: 0.17711862921714783
[2023-05-01 21:27:21] Train Epoch: 10 [2000/20000 (10.0%)]	Loss: 0.05483797937631607
[2023-05-01 21:27:21] Train Epoch: 10 [3000/20000 (15.0%)]	Loss: 0.46330228447914124
[2023-05-01 21:27:21] Train Epoch: 10 [4000/20000 (20.0%)]	Loss: 0.3994925022125244
[2023-05-01 21:27:22] Train Epoch: 10 [5000/20000 (25.0%)]	Loss: 0.16422870755195618
[2023-05-01 21:27:22] Train Epoch: 10 [6000/20000 (30.0%)]	Loss: 0.5212578773498535
[2023-05-01 21:27:23] Train Epoch: 10 [7000/20000 (35.0%)]	Loss: 0.13933159410953522
[2023-05-01 21:27:23] Train Epoch: 10 [8000/20000 (40.0%)]	Loss: 0.2712424397468567
[2023-05-01 21:27:24] Train Epoch: 10 [9000/20000 (45.0%)]	Loss: 0.05785742402076721
[2023-05-01 21:27:24] Train Epoch: 10 [10000/20000 (50.0%)]	Loss: 0.1796274483203888
[2023-05-01 21:27:25] Train Epoch: 10 [11000/20000 (55.0%)]	Loss: 0.521024763584137
[2023-05-01 21:27:25] Train Epoch: 10 [12000/20000 (60.0%)]	Loss: 0.23955097794532776
[2023-05-01 21:27:25] Train Epoch: 10 [13000/20000 (65.0%)]	Loss: 0.15803101658821106
[2023-05-01 21:27:26] Train Epoch: 10 [14000/20000 (70.0%)]	Loss: 0.21636958420276642
[2023-05-01 21:27:26] Train Epoch: 10 [15000/20000 (75.0%)]	Loss: 0.041888464242219925
[2023-05-01 21:27:27] Train Epoch: 10 [16000/20000 (80.0%)]	Loss: 0.17398862540721893
[2023-05-01 21:27:29] Train Epoch: 10 [17000/20000 (85.0%)]	Loss: 0.48741358518600464
[2023-05-01 21:27:29] Train Epoch: 10 [18000/20000 (90.0%)]	Loss: 0.050925690680742264
[2023-05-01 21:27:30] Train Epoch: 10 [19000/20000 (95.0%)]	Loss: 0.42920222878456116
[2023-05-01 21:27:34] ========== Metrics ==========
[2023-05-01 21:27:34] {
  "tr_loss": 0.17949966618968005,
  "tr_acc": 0.9297429742974297,
  "tr_f1": 0.9297464873243663,
  "val_loss": 0.5089900303657832,
  "val_acc": 0.7704743293657843,
  "val_f1": 0.7895765472312704,
  "test_loss": 0.4820907027094668,
  "test_acc": 0.7994579945799458,
  "test_f1": 0.8102564102564104
}
[2023-05-01 21:27:34] ========== Metrics ==========
[2023-05-04 17:01:05] Train Epoch: 1 [0/20000 (0.0%)]	Loss: 0.6928771734237671
[2023-05-04 17:01:05] Train Epoch: 1 [1000/20000 (5.0%)]	Loss: 0.6929295659065247
[2023-05-04 17:01:06] Train Epoch: 1 [2000/20000 (10.0%)]	Loss: 0.6879686117172241
[2023-05-04 17:01:06] Train Epoch: 1 [3000/20000 (15.0%)]	Loss: 0.6932051777839661
[2023-05-04 17:01:07] Train Epoch: 1 [4000/20000 (20.0%)]	Loss: 0.692889392375946
[2023-05-04 17:01:07] Train Epoch: 1 [5000/20000 (25.0%)]	Loss: 0.6938807964324951
[2023-05-04 17:01:08] Train Epoch: 1 [6000/20000 (30.0%)]	Loss: 0.6942669153213501
[2023-05-04 17:01:08] Train Epoch: 1 [7000/20000 (35.0%)]	Loss: 0.693856418132782
[2023-05-04 17:01:08] Train Epoch: 1 [8000/20000 (40.0%)]	Loss: 0.6873908042907715
[2023-05-04 17:01:09] Train Epoch: 1 [9000/20000 (45.0%)]	Loss: 0.6934558153152466
[2023-05-04 17:01:09] Train Epoch: 1 [10000/20000 (50.0%)]	Loss: 0.6950576901435852
[2023-05-04 17:01:10] Train Epoch: 1 [11000/20000 (55.0%)]	Loss: 0.6938239336013794
[2023-05-04 17:01:10] Train Epoch: 1 [12000/20000 (60.0%)]	Loss: 0.6929267048835754
[2023-05-04 17:01:11] Train Epoch: 1 [13000/20000 (65.0%)]	Loss: 0.6887999773025513
[2023-05-04 17:01:11] Train Epoch: 1 [14000/20000 (70.0%)]	Loss: 0.6940881013870239
[2023-05-04 17:01:12] Train Epoch: 1 [15000/20000 (75.0%)]	Loss: 0.6949309706687927
[2023-05-04 17:01:12] Train Epoch: 1 [16000/20000 (80.0%)]	Loss: 0.6919472813606262
[2023-05-04 17:01:13] Train Epoch: 1 [17000/20000 (85.0%)]	Loss: 0.6891725063323975
[2023-05-04 17:01:13] Train Epoch: 1 [18000/20000 (90.0%)]	Loss: 0.6381723880767822
[2023-05-04 17:01:14] Train Epoch: 1 [19000/20000 (95.0%)]	Loss: 0.8365086317062378
[2023-05-04 17:01:15] ========== Metrics ==========
[2023-05-04 17:01:15] {
  "tr_loss": 0.6898138177717956,
  "tr_acc": 0.5139013901390139,
  "tr_f1": 0.4682457195995843,
  "val_loss": 0.6625968314208279,
  "val_acc": 0.5770119026470065,
  "val_f1": 0.6872455011165112,
  "test_loss": 0.677984174351059,
  "test_acc": 0.5718157181571816,
  "test_f1": 0.6852589641434262
}
[2023-05-04 17:01:15] ========== Metrics ==========
[2023-05-04 17:01:15] Train Epoch: 2 [0/20000 (0.0%)]	Loss: 0.5664262175559998
[2023-05-04 17:01:16] Train Epoch: 2 [1000/20000 (5.0%)]	Loss: 0.5242091417312622
[2023-05-04 17:01:17] Train Epoch: 2 [2000/20000 (10.0%)]	Loss: 0.7882288694381714
[2023-05-04 17:01:17] Train Epoch: 2 [3000/20000 (15.0%)]	Loss: 0.5015579462051392
[2023-05-04 17:01:17] Train Epoch: 2 [4000/20000 (20.0%)]	Loss: 0.5947239398956299
[2023-05-04 17:01:18] Train Epoch: 2 [5000/20000 (25.0%)]	Loss: 0.4579147696495056
[2023-05-04 17:01:18] Train Epoch: 2 [6000/20000 (30.0%)]	Loss: 0.44938182830810547
[2023-05-04 17:01:19] Train Epoch: 2 [7000/20000 (35.0%)]	Loss: 0.4187655448913574
[2023-05-04 17:01:19] Train Epoch: 2 [8000/20000 (40.0%)]	Loss: 0.43526023626327515
[2023-05-04 17:01:20] Train Epoch: 2 [9000/20000 (45.0%)]	Loss: 0.6407690644264221
[2023-05-04 17:01:20] Train Epoch: 2 [10000/20000 (50.0%)]	Loss: 0.6701120734214783
[2023-05-04 17:01:21] Train Epoch: 2 [11000/20000 (55.0%)]	Loss: 0.44619220495224
[2023-05-04 17:01:21] Train Epoch: 2 [12000/20000 (60.0%)]	Loss: 0.5084026455879211
[2023-05-04 17:01:22] Train Epoch: 2 [13000/20000 (65.0%)]	Loss: 0.4583357870578766
[2023-05-04 17:01:22] Train Epoch: 2 [14000/20000 (70.0%)]	Loss: 0.3923131227493286
[2023-05-04 17:01:23] Train Epoch: 2 [15000/20000 (75.0%)]	Loss: 0.48437634110450745
[2023-05-04 17:01:23] Train Epoch: 2 [16000/20000 (80.0%)]	Loss: 0.5055583715438843
[2023-05-04 17:01:24] Train Epoch: 2 [17000/20000 (85.0%)]	Loss: 0.44198840856552124
[2023-05-04 17:01:24] Train Epoch: 2 [18000/20000 (90.0%)]	Loss: 0.6420849561691284
[2023-05-04 17:01:24] Train Epoch: 2 [19000/20000 (95.0%)]	Loss: 0.3754929304122925
[2023-05-04 17:01:26] ========== Metrics ==========
[2023-05-04 17:01:26] {
  "tr_loss": 0.5305599210464736,
  "tr_acc": 0.7336733673367337,
  "tr_f1": 0.7354723353531339,
  "val_loss": 0.5816560959303478,
  "val_acc": 0.7424054006040149,
  "val_f1": 0.7763036099969145,
  "test_loss": 0.5920614621180506,
  "test_acc": 0.7425474254742548,
  "test_f1": 0.7764705882352941
}
[2023-05-04 17:01:26] ========== Metrics ==========
[2023-05-04 17:01:27] Train Epoch: 3 [0/20000 (0.0%)]	Loss: 0.2937343716621399
[2023-05-04 17:01:27] Train Epoch: 3 [1000/20000 (5.0%)]	Loss: 0.3739028573036194
[2023-05-04 17:01:28] Train Epoch: 3 [2000/20000 (10.0%)]	Loss: 0.34681588411331177
[2023-05-04 17:01:28] Train Epoch: 3 [3000/20000 (15.0%)]	Loss: 0.3556917607784271
[2023-05-04 17:01:29] Train Epoch: 3 [4000/20000 (20.0%)]	Loss: 0.3604601323604584
[2023-05-04 17:01:29] Train Epoch: 3 [5000/20000 (25.0%)]	Loss: 0.48397621512413025
[2023-05-04 17:01:29] Train Epoch: 3 [6000/20000 (30.0%)]	Loss: 0.26355236768722534
[2023-05-04 17:01:30] Train Epoch: 3 [7000/20000 (35.0%)]	Loss: 0.5377708077430725
[2023-05-04 17:01:30] Train Epoch: 3 [8000/20000 (40.0%)]	Loss: 0.400147020816803
[2023-05-04 17:01:31] Train Epoch: 3 [9000/20000 (45.0%)]	Loss: 0.47236791253089905
[2023-05-04 17:01:31] Train Epoch: 3 [10000/20000 (50.0%)]	Loss: 0.33709198236465454
[2023-05-04 17:01:32] Train Epoch: 3 [11000/20000 (55.0%)]	Loss: 0.5890005230903625
[2023-05-04 17:01:32] Train Epoch: 3 [12000/20000 (60.0%)]	Loss: 0.3857010006904602
[2023-05-04 17:01:33] Train Epoch: 3 [13000/20000 (65.0%)]	Loss: 0.4231845438480377
[2023-05-04 17:01:33] Train Epoch: 3 [14000/20000 (70.0%)]	Loss: 0.32950276136398315
[2023-05-04 17:01:34] Train Epoch: 3 [15000/20000 (75.0%)]	Loss: 0.5404149293899536
[2023-05-04 17:01:34] Train Epoch: 3 [16000/20000 (80.0%)]	Loss: 0.2543601095676422
[2023-05-04 17:01:35] Train Epoch: 3 [17000/20000 (85.0%)]	Loss: 0.6601482629776001
[2023-05-04 17:01:35] Train Epoch: 3 [18000/20000 (90.0%)]	Loss: 0.3915826678276062
[2023-05-04 17:01:36] Train Epoch: 3 [19000/20000 (95.0%)]	Loss: 0.37346571683883667
[2023-05-04 17:01:37] ========== Metrics ==========
[2023-05-04 17:01:37] {
  "tr_loss": 0.4035998827586211,
  "tr_acc": 0.8195819581958196,
  "tr_f1": 0.8178697627460879,
  "val_loss": 0.5432274920158094,
  "val_acc": 0.7562622135370404,
  "val_f1": 0.782291336083783,
  "test_loss": 0.5434144722413887,
  "test_acc": 0.7859078590785907,
  "test_f1": 0.8049382716049382
}
[2023-05-04 17:01:37] ========== Metrics ==========
[2023-05-04 17:01:38] Train Epoch: 4 [0/20000 (0.0%)]	Loss: 0.18833599984645844
[2023-05-04 17:01:38] Train Epoch: 4 [1000/20000 (5.0%)]	Loss: 0.30164843797683716
[2023-05-04 17:01:39] Train Epoch: 4 [2000/20000 (10.0%)]	Loss: 0.24500957131385803
[2023-05-04 17:01:39] Train Epoch: 4 [3000/20000 (15.0%)]	Loss: 0.4055980145931244
[2023-05-04 17:01:40] Train Epoch: 4 [4000/20000 (20.0%)]	Loss: 0.2421724498271942
[2023-05-04 17:01:40] Train Epoch: 4 [5000/20000 (25.0%)]	Loss: 0.09439399093389511
[2023-05-04 17:01:41] Train Epoch: 4 [6000/20000 (30.0%)]	Loss: 0.32683300971984863
[2023-05-04 17:01:41] Train Epoch: 4 [7000/20000 (35.0%)]	Loss: 0.3789440989494324
[2023-05-04 17:01:42] Train Epoch: 4 [8000/20000 (40.0%)]	Loss: 0.2838395833969116
[2023-05-04 17:01:42] Train Epoch: 4 [9000/20000 (45.0%)]	Loss: 0.40247201919555664
[2023-05-04 17:01:43] Train Epoch: 4 [10000/20000 (50.0%)]	Loss: 0.4400484561920166
[2023-05-04 17:01:43] Train Epoch: 4 [11000/20000 (55.0%)]	Loss: 0.29067540168762207
[2023-05-04 17:01:44] Train Epoch: 4 [12000/20000 (60.0%)]	Loss: 0.29124727845191956
[2023-05-04 17:01:44] Train Epoch: 4 [13000/20000 (65.0%)]	Loss: 0.4603819251060486
[2023-05-04 17:01:45] Train Epoch: 4 [14000/20000 (70.0%)]	Loss: 0.32146528363227844
[2023-05-04 17:01:45] Train Epoch: 4 [15000/20000 (75.0%)]	Loss: 0.1947196125984192
[2023-05-04 17:01:46] Train Epoch: 4 [16000/20000 (80.0%)]	Loss: 0.41689735651016235
[2023-05-04 17:01:46] Train Epoch: 4 [17000/20000 (85.0%)]	Loss: 0.5155819654464722
[2023-05-04 17:01:47] Train Epoch: 4 [18000/20000 (90.0%)]	Loss: 0.3290567398071289
[2023-05-04 17:01:47] Train Epoch: 4 [19000/20000 (95.0%)]	Loss: 0.3483692407608032
[2023-05-04 17:01:49] ========== Metrics ==========
[2023-05-04 17:01:49] {
  "tr_loss": 0.3395100750035793,
  "tr_acc": 0.8531353135313532,
  "tr_f1": 0.8522412838959602,
  "val_loss": 0.5487176795521688,
  "val_acc": 0.6999467045656422,
  "val_f1": 0.758817649578752,
  "test_loss": 0.540500343007447,
  "test_acc": 0.7127371273712737,
  "test_f1": 0.7685589519650656
}
[2023-05-04 17:01:49] ========== Metrics ==========
[2023-05-04 17:01:49] Train Epoch: 5 [0/20000 (0.0%)]	Loss: 0.16052602231502533
[2023-05-04 17:01:50] Train Epoch: 5 [1000/20000 (5.0%)]	Loss: 0.2715802788734436
[2023-05-04 17:01:50] Train Epoch: 5 [2000/20000 (10.0%)]	Loss: 0.23070117831230164
[2023-05-04 17:01:51] Train Epoch: 5 [3000/20000 (15.0%)]	Loss: 0.37812894582748413
[2023-05-04 17:01:51] Train Epoch: 5 [4000/20000 (20.0%)]	Loss: 0.19554798305034637
[2023-05-04 17:01:52] Train Epoch: 5 [5000/20000 (25.0%)]	Loss: 0.31333258748054504
[2023-05-04 17:01:52] Train Epoch: 5 [6000/20000 (30.0%)]	Loss: 0.33126235008239746
[2023-05-04 17:01:53] Train Epoch: 5 [7000/20000 (35.0%)]	Loss: 0.280693918466568
[2023-05-04 17:01:53] Train Epoch: 5 [8000/20000 (40.0%)]	Loss: 0.16501601040363312
[2023-05-04 17:01:54] Train Epoch: 5 [9000/20000 (45.0%)]	Loss: 0.4030689299106598
[2023-05-04 17:01:54] Train Epoch: 5 [10000/20000 (50.0%)]	Loss: 0.33110225200653076
[2023-05-04 17:01:55] Train Epoch: 5 [11000/20000 (55.0%)]	Loss: 0.3330147862434387
[2023-05-04 17:01:55] Train Epoch: 5 [12000/20000 (60.0%)]	Loss: 0.3672252595424652
[2023-05-04 17:01:55] Train Epoch: 5 [13000/20000 (65.0%)]	Loss: 0.4567325711250305
[2023-05-04 17:01:56] Train Epoch: 5 [14000/20000 (70.0%)]	Loss: 0.19650687277317047
[2023-05-04 17:01:56] Train Epoch: 5 [15000/20000 (75.0%)]	Loss: 0.3342108726501465
[2023-05-04 17:01:57] Train Epoch: 5 [16000/20000 (80.0%)]	Loss: 0.1954878270626068
[2023-05-04 17:01:57] Train Epoch: 5 [17000/20000 (85.0%)]	Loss: 0.4363747537136078
[2023-05-04 17:01:58] Train Epoch: 5 [18000/20000 (90.0%)]	Loss: 0.286992609500885
[2023-05-04 17:01:58] Train Epoch: 5 [19000/20000 (95.0%)]	Loss: 0.4982008934020996
[2023-05-04 17:02:00] ========== Metrics ==========
[2023-05-04 17:02:00] {
  "tr_loss": 0.2919202832074234,
  "tr_acc": 0.8784378437843784,
  "tr_f1": 0.8778698819392113,
  "val_loss": 0.5365751226538344,
  "val_acc": 0.7127376088115118,
  "val_f1": 0.7648684019194417,
  "test_loss": 0.5143411582724512,
  "test_acc": 0.7289972899728997,
  "test_f1": 0.7757847533632288
}
[2023-05-04 17:02:00] ========== Metrics ==========
[2023-05-04 17:02:00] Train Epoch: 6 [0/20000 (0.0%)]	Loss: 0.11504034698009491
[2023-05-04 17:02:01] Train Epoch: 6 [1000/20000 (5.0%)]	Loss: 0.17817695438861847
[2023-05-04 17:02:01] Train Epoch: 6 [2000/20000 (10.0%)]	Loss: 0.2248900830745697
[2023-05-04 17:02:02] Train Epoch: 6 [3000/20000 (15.0%)]	Loss: 0.12660805881023407
[2023-05-04 17:02:02] Train Epoch: 6 [4000/20000 (20.0%)]	Loss: 0.11355837434530258
[2023-05-04 17:02:03] Train Epoch: 6 [5000/20000 (25.0%)]	Loss: 0.07177277654409409
[2023-05-04 17:02:03] Train Epoch: 6 [6000/20000 (30.0%)]	Loss: 0.4425685405731201
[2023-05-04 17:02:04] Train Epoch: 6 [7000/20000 (35.0%)]	Loss: 0.2150215208530426
[2023-05-04 17:02:04] Train Epoch: 6 [8000/20000 (40.0%)]	Loss: 0.35620373487472534
[2023-05-04 17:02:05] Train Epoch: 6 [9000/20000 (45.0%)]	Loss: 0.15741898119449615
[2023-05-04 17:02:05] Train Epoch: 6 [10000/20000 (50.0%)]	Loss: 0.10705737769603729
[2023-05-04 17:02:06] Train Epoch: 6 [11000/20000 (55.0%)]	Loss: 0.1935092955827713
[2023-05-04 17:02:06] Train Epoch: 6 [12000/20000 (60.0%)]	Loss: 0.37769657373428345
[2023-05-04 17:02:07] Train Epoch: 6 [13000/20000 (65.0%)]	Loss: 0.5054463148117065
[2023-05-04 17:02:07] Train Epoch: 6 [14000/20000 (70.0%)]	Loss: 0.1082170233130455
[2023-05-04 17:02:08] Train Epoch: 6 [15000/20000 (75.0%)]	Loss: 0.26214292645454407
[2023-05-04 17:02:08] Train Epoch: 6 [16000/20000 (80.0%)]	Loss: 0.19085407257080078
[2023-05-04 17:02:09] Train Epoch: 6 [17000/20000 (85.0%)]	Loss: 0.20423200726509094
[2023-05-04 17:02:09] Train Epoch: 6 [18000/20000 (90.0%)]	Loss: 0.27406564354896545
[2023-05-04 17:02:09] Train Epoch: 6 [19000/20000 (95.0%)]	Loss: 0.21437203884124756
[2023-05-04 17:02:11] ========== Metrics ==========
[2023-05-04 17:02:11] {
  "tr_loss": 0.23748682750941683,
  "tr_acc": 0.9025902590259026,
  "tr_f1": 0.9025025025025025,
  "val_loss": 0.49136780775510347,
  "val_acc": 0.7603481968378042,
  "val_f1": 0.7818916734033953,
  "test_loss": 0.48413006270804054,
  "test_acc": 0.7994579945799458,
  "test_f1": 0.8082901554404145
}
[2023-05-04 17:02:11] ========== Metrics ==========
[2023-05-04 17:02:12] Train Epoch: 7 [0/20000 (0.0%)]	Loss: 0.14992497861385345
[2023-05-04 17:02:12] Train Epoch: 7 [1000/20000 (5.0%)]	Loss: 0.2644476592540741
[2023-05-04 17:02:13] Train Epoch: 7 [2000/20000 (10.0%)]	Loss: 0.17319390177726746
[2023-05-04 17:02:13] Train Epoch: 7 [3000/20000 (15.0%)]	Loss: 0.19962362945079803
[2023-05-04 17:02:14] Train Epoch: 7 [4000/20000 (20.0%)]	Loss: 0.1070302277803421
[2023-05-04 17:02:14] Train Epoch: 7 [5000/20000 (25.0%)]	Loss: 0.2977061867713928
[2023-05-04 17:02:15] Train Epoch: 7 [6000/20000 (30.0%)]	Loss: 0.5934385061264038
[2023-05-04 17:02:15] Train Epoch: 7 [7000/20000 (35.0%)]	Loss: 0.13332577049732208
[2023-05-04 17:02:16] Train Epoch: 7 [8000/20000 (40.0%)]	Loss: 0.2486545294523239
[2023-05-04 17:02:16] Train Epoch: 7 [9000/20000 (45.0%)]	Loss: 0.17275094985961914
[2023-05-04 17:02:17] Train Epoch: 7 [10000/20000 (50.0%)]	Loss: 0.10949838161468506
[2023-05-04 17:02:17] Train Epoch: 7 [11000/20000 (55.0%)]	Loss: 0.20290537178516388
[2023-05-04 17:02:17] Train Epoch: 7 [12000/20000 (60.0%)]	Loss: 0.18301421403884888
[2023-05-04 17:02:18] Train Epoch: 7 [13000/20000 (65.0%)]	Loss: 0.3493025004863739
[2023-05-04 17:02:18] Train Epoch: 7 [14000/20000 (70.0%)]	Loss: 0.1715327352285385
[2023-05-04 17:02:19] Train Epoch: 7 [15000/20000 (75.0%)]	Loss: 0.2027246057987213
[2023-05-04 17:02:19] Train Epoch: 7 [16000/20000 (80.0%)]	Loss: 0.18534517288208008
[2023-05-04 17:02:20] Train Epoch: 7 [17000/20000 (85.0%)]	Loss: 0.41725999116897583
[2023-05-04 17:02:20] Train Epoch: 7 [18000/20000 (90.0%)]	Loss: 0.3746759295463562
[2023-05-04 17:02:21] Train Epoch: 7 [19000/20000 (95.0%)]	Loss: 0.3922802805900574
[2023-05-04 17:02:22] ========== Metrics ==========
[2023-05-04 17:02:22] {
  "tr_loss": 0.2341233757529894,
  "tr_acc": 0.9058405840584058,
  "tr_f1": 0.9056660487951506,
  "val_loss": 0.4992320133496568,
  "val_acc": 0.7539527447148694,
  "val_f1": 0.784368675073953,
  "test_loss": 0.48272693867928934,
  "test_acc": 0.7696476964769647,
  "test_f1": 0.7941888619854721
}
[2023-05-04 17:02:22] ========== Metrics ==========
[2023-05-04 17:02:23] Train Epoch: 8 [0/20000 (0.0%)]	Loss: 0.16236257553100586
[2023-05-04 17:02:23] Train Epoch: 8 [1000/20000 (5.0%)]	Loss: 0.281818151473999
[2023-05-04 17:02:24] Train Epoch: 8 [2000/20000 (10.0%)]	Loss: 0.1017267107963562
[2023-05-04 17:02:24] Train Epoch: 8 [3000/20000 (15.0%)]	Loss: 0.3397105038166046
[2023-05-04 17:02:25] Train Epoch: 8 [4000/20000 (20.0%)]	Loss: 0.20534536242485046
[2023-05-04 17:02:25] Train Epoch: 8 [5000/20000 (25.0%)]	Loss: 0.11792993545532227
[2023-05-04 17:02:26] Train Epoch: 8 [6000/20000 (30.0%)]	Loss: 0.22160103917121887
[2023-05-04 17:02:26] Train Epoch: 8 [7000/20000 (35.0%)]	Loss: 0.21000444889068604
[2023-05-04 17:02:27] Train Epoch: 8 [8000/20000 (40.0%)]	Loss: 0.19347967207431793
[2023-05-04 17:02:27] Train Epoch: 8 [9000/20000 (45.0%)]	Loss: 0.2879311442375183
[2023-05-04 17:02:28] Train Epoch: 8 [10000/20000 (50.0%)]	Loss: 0.29478734731674194
[2023-05-04 17:02:28] Train Epoch: 8 [11000/20000 (55.0%)]	Loss: 0.41666379570961
[2023-05-04 17:02:29] Train Epoch: 8 [12000/20000 (60.0%)]	Loss: 0.16118799149990082
[2023-05-04 17:02:29] Train Epoch: 8 [13000/20000 (65.0%)]	Loss: 0.18536347150802612
[2023-05-04 17:02:30] Train Epoch: 8 [14000/20000 (70.0%)]	Loss: 0.4184923768043518
[2023-05-04 17:02:30] Train Epoch: 8 [15000/20000 (75.0%)]	Loss: 0.3240218162536621
[2023-05-04 17:02:30] Train Epoch: 8 [16000/20000 (80.0%)]	Loss: 0.15544253587722778
[2023-05-04 17:02:31] Train Epoch: 8 [17000/20000 (85.0%)]	Loss: 0.2687854468822479
[2023-05-04 17:02:31] Train Epoch: 8 [18000/20000 (90.0%)]	Loss: 0.20113413035869598
[2023-05-04 17:02:32] Train Epoch: 8 [19000/20000 (95.0%)]	Loss: 0.2530912160873413
[2023-05-04 17:02:34] ========== Metrics ==========
[2023-05-04 17:02:34] {
  "tr_loss": 0.2249557655559878,
  "tr_acc": 0.9096909690969097,
  "tr_f1": 0.90946460798075,
  "val_loss": 0.514058786644396,
  "val_acc": 0.7388523716468289,
  "val_f1": 0.7767992711812937,
  "test_loss": 0.5001730195228969,
  "test_acc": 0.7560975609756098,
  "test_f1": 0.7836538461538461
}
[2023-05-04 17:02:34] ========== Metrics ==========
[2023-05-04 17:02:34] Train Epoch: 9 [0/20000 (0.0%)]	Loss: 0.1840589940547943
[2023-05-04 17:02:35] Train Epoch: 9 [1000/20000 (5.0%)]	Loss: 0.23379404842853546
[2023-05-04 17:02:35] Train Epoch: 9 [2000/20000 (10.0%)]	Loss: 0.2754676938056946
[2023-05-04 17:02:36] Train Epoch: 9 [3000/20000 (15.0%)]	Loss: 0.1937774121761322
[2023-05-04 17:02:36] Train Epoch: 9 [4000/20000 (20.0%)]	Loss: 0.06750984489917755
[2023-05-04 17:02:37] Train Epoch: 9 [5000/20000 (25.0%)]	Loss: 0.13253803551197052
[2023-05-04 17:02:37] Train Epoch: 9 [6000/20000 (30.0%)]	Loss: 0.32345050573349
[2023-05-04 17:02:38] Train Epoch: 9 [7000/20000 (35.0%)]	Loss: 0.2014322578907013
[2023-05-04 17:02:38] Train Epoch: 9 [8000/20000 (40.0%)]	Loss: 0.3898943364620209
[2023-05-04 17:02:39] Train Epoch: 9 [9000/20000 (45.0%)]	Loss: 0.0765061229467392
[2023-05-04 17:02:39] Train Epoch: 9 [10000/20000 (50.0%)]	Loss: 0.11104049533605576
[2023-05-04 17:02:40] Train Epoch: 9 [11000/20000 (55.0%)]	Loss: 0.4813435673713684
[2023-05-04 17:02:40] Train Epoch: 9 [12000/20000 (60.0%)]	Loss: 0.19299384951591492
[2023-05-04 17:02:40] Train Epoch: 9 [13000/20000 (65.0%)]	Loss: 0.1223340630531311
[2023-05-04 17:02:41] Train Epoch: 9 [14000/20000 (70.0%)]	Loss: 0.12706372141838074
[2023-05-04 17:02:41] Train Epoch: 9 [15000/20000 (75.0%)]	Loss: 0.29730424284935
[2023-05-04 17:02:42] Train Epoch: 9 [16000/20000 (80.0%)]	Loss: 0.0839504823088646
[2023-05-04 17:02:42] Train Epoch: 9 [17000/20000 (85.0%)]	Loss: 0.17024914920330048
[2023-05-04 17:02:43] Train Epoch: 9 [18000/20000 (90.0%)]	Loss: 0.4230860769748688
[2023-05-04 17:02:43] Train Epoch: 9 [19000/20000 (95.0%)]	Loss: 0.19304926693439484
[2023-05-04 17:02:45] ========== Metrics ==========
[2023-05-04 17:02:45] {
  "tr_loss": 0.22177049757154396,
  "tr_acc": 0.9096409640964096,
  "tr_f1": 0.9095459778745558,
  "val_loss": 0.5002049787003441,
  "val_acc": 0.7534197903712915,
  "val_f1": 0.7831927522649171,
  "test_loss": 0.46890689105522343,
  "test_acc": 0.7750677506775068,
  "test_f1": 0.7909319899244333
}
[2023-05-04 17:02:45] ========== Metrics ==========
[2023-05-04 17:02:45] Train Epoch: 10 [0/20000 (0.0%)]	Loss: 0.24854782223701477
[2023-05-04 17:02:46] Train Epoch: 10 [1000/20000 (5.0%)]	Loss: 0.1594066172838211
[2023-05-04 17:02:46] Train Epoch: 10 [2000/20000 (10.0%)]	Loss: 0.33467498421669006
[2023-05-04 17:02:47] Train Epoch: 10 [3000/20000 (15.0%)]	Loss: 0.11276417970657349
[2023-05-04 17:02:47] Train Epoch: 10 [4000/20000 (20.0%)]	Loss: 0.2712515592575073
[2023-05-04 17:02:48] Train Epoch: 10 [5000/20000 (25.0%)]	Loss: 0.26179027557373047
[2023-05-04 17:02:48] Train Epoch: 10 [6000/20000 (30.0%)]	Loss: 0.4058879315853119
[2023-05-04 17:02:49] Train Epoch: 10 [7000/20000 (35.0%)]	Loss: 0.19335845112800598
[2023-05-04 17:02:49] Train Epoch: 10 [8000/20000 (40.0%)]	Loss: 0.350029855966568
[2023-05-04 17:02:50] Train Epoch: 10 [9000/20000 (45.0%)]	Loss: 0.31843626499176025
[2023-05-04 17:02:50] Train Epoch: 10 [10000/20000 (50.0%)]	Loss: 0.17277632653713226
[2023-05-04 17:02:50] Train Epoch: 10 [11000/20000 (55.0%)]	Loss: 0.3796369433403015
[2023-05-04 17:02:51] Train Epoch: 10 [12000/20000 (60.0%)]	Loss: 0.2922692596912384
[2023-05-04 17:02:51] Train Epoch: 10 [13000/20000 (65.0%)]	Loss: 0.2963936924934387
[2023-05-04 17:02:52] Train Epoch: 10 [14000/20000 (70.0%)]	Loss: 0.3307155668735504
[2023-05-04 17:02:52] Train Epoch: 10 [15000/20000 (75.0%)]	Loss: 0.39843693375587463
[2023-05-04 17:02:53] Train Epoch: 10 [16000/20000 (80.0%)]	Loss: 0.18846715986728668
[2023-05-04 17:02:53] Train Epoch: 10 [17000/20000 (85.0%)]	Loss: 0.1614660918712616
[2023-05-04 17:02:54] Train Epoch: 10 [18000/20000 (90.0%)]	Loss: 0.16827721893787384
[2023-05-04 17:02:54] Train Epoch: 10 [19000/20000 (95.0%)]	Loss: 0.07972724735736847
[2023-05-04 17:02:56] ========== Metrics ==========
[2023-05-04 17:02:56] {
  "tr_loss": 0.21687409870050076,
  "tr_acc": 0.9124912491249125,
  "tr_f1": 0.9121044701155199,
  "val_loss": 0.5284539455417885,
  "val_acc": 0.7297921478060047,
  "val_f1": 0.7728833806181874,
  "test_loss": 0.49857786192803527,
  "test_acc": 0.7479674796747967,
  "test_f1": 0.7852193995381062
}
[2023-05-04 17:02:56] ========== Metrics ==========
