[2023-05-03 10:36:50] Train Epoch: 1 [0/20000 (0.0%)]	Loss: 0.6937033534049988
[2023-05-03 10:36:51] Train Epoch: 1 [1000/20000 (5.0%)]	Loss: 0.6930510401725769
[2023-05-03 10:36:51] Train Epoch: 1 [2000/20000 (10.0%)]	Loss: 0.69243323802948
[2023-05-03 10:36:52] Train Epoch: 1 [3000/20000 (15.0%)]	Loss: 0.6926296949386597
[2023-05-03 10:36:52] Train Epoch: 1 [4000/20000 (20.0%)]	Loss: 0.693328857421875
[2023-05-03 10:36:53] Train Epoch: 1 [5000/20000 (25.0%)]	Loss: 0.692499577999115
[2023-05-03 10:36:53] Train Epoch: 1 [6000/20000 (30.0%)]	Loss: 0.6930957436561584
[2023-05-03 10:36:53] Train Epoch: 1 [7000/20000 (35.0%)]	Loss: 0.6945897936820984
[2023-05-03 10:36:54] Train Epoch: 1 [8000/20000 (40.0%)]	Loss: 0.6925560235977173
[2023-05-03 10:36:54] Train Epoch: 1 [9000/20000 (45.0%)]	Loss: 0.6940118074417114
[2023-05-03 10:36:55] Train Epoch: 1 [10000/20000 (50.0%)]	Loss: 0.6837290525436401
[2023-05-03 10:36:55] Train Epoch: 1 [11000/20000 (55.0%)]	Loss: 0.669071614742279
[2023-05-03 10:36:55] Train Epoch: 1 [12000/20000 (60.0%)]	Loss: 0.6628729104995728
[2023-05-03 10:36:56] Train Epoch: 1 [13000/20000 (65.0%)]	Loss: 0.6036574244499207
[2023-05-03 10:36:56] Train Epoch: 1 [14000/20000 (70.0%)]	Loss: 0.5795499682426453
[2023-05-03 10:36:57] Train Epoch: 1 [15000/20000 (75.0%)]	Loss: 0.830539345741272
[2023-05-03 10:36:57] Train Epoch: 1 [16000/20000 (80.0%)]	Loss: 0.6185485124588013
[2023-05-03 10:36:57] Train Epoch: 1 [17000/20000 (85.0%)]	Loss: 0.666996955871582
[2023-05-03 10:36:58] Train Epoch: 1 [18000/20000 (90.0%)]	Loss: 0.6490129232406616
[2023-05-03 10:36:58] Train Epoch: 1 [19000/20000 (95.0%)]	Loss: 0.4960140287876129
[2023-05-03 10:37:03] ========== Metrics ==========
[2023-05-03 10:37:03] {
  "tr_loss": 0.6662087135463253,
  "tr_acc": 0.5690569056905691,
  "tr_f1": 0.5702602971975665,
  "val_loss": 0.6951769420320854,
  "val_acc": 0.5029312488896784,
  "val_f1": 0.6673799334284356,
  "test_loss": 0.7095370221590285,
  "test_acc": 0.5149051490514905,
  "test_f1": 0.6763110307414105
}
[2023-05-03 10:37:03] ========== Metrics ==========
[2023-05-03 10:37:04] Train Epoch: 2 [0/20000 (0.0%)]	Loss: 0.5818833708763123
[2023-05-03 10:37:04] Train Epoch: 2 [1000/20000 (5.0%)]	Loss: 0.6564413905143738
[2023-05-03 10:37:05] Train Epoch: 2 [2000/20000 (10.0%)]	Loss: 0.688697874546051
[2023-05-03 10:37:05] Train Epoch: 2 [3000/20000 (15.0%)]	Loss: 0.7594576478004456
[2023-05-03 10:37:06] Train Epoch: 2 [4000/20000 (20.0%)]	Loss: 0.6491501927375793
[2023-05-03 10:37:06] Train Epoch: 2 [5000/20000 (25.0%)]	Loss: 0.5480116605758667
[2023-05-03 10:37:06] Train Epoch: 2 [6000/20000 (30.0%)]	Loss: 0.6223973035812378
[2023-05-03 10:37:07] Train Epoch: 2 [7000/20000 (35.0%)]	Loss: 0.44655829668045044
[2023-05-03 10:37:07] Train Epoch: 2 [8000/20000 (40.0%)]	Loss: 0.45050573348999023
[2023-05-03 10:37:08] Train Epoch: 2 [9000/20000 (45.0%)]	Loss: 0.6131124496459961
[2023-05-03 10:37:08] Train Epoch: 2 [10000/20000 (50.0%)]	Loss: 0.5879631042480469
[2023-05-03 10:37:09] Train Epoch: 2 [11000/20000 (55.0%)]	Loss: 0.5328526496887207
[2023-05-03 10:37:09] Train Epoch: 2 [12000/20000 (60.0%)]	Loss: 0.5491090416908264
[2023-05-03 10:37:10] Train Epoch: 2 [13000/20000 (65.0%)]	Loss: 0.5243107080459595
[2023-05-03 10:37:10] Train Epoch: 2 [14000/20000 (70.0%)]	Loss: 0.4097685217857361
[2023-05-03 10:37:10] Train Epoch: 2 [15000/20000 (75.0%)]	Loss: 0.4259154200553894
[2023-05-03 10:37:11] Train Epoch: 2 [16000/20000 (80.0%)]	Loss: 0.5692054033279419
[2023-05-03 10:37:11] Train Epoch: 2 [17000/20000 (85.0%)]	Loss: 0.5219542384147644
[2023-05-03 10:37:12] Train Epoch: 2 [18000/20000 (90.0%)]	Loss: 0.35262882709503174
[2023-05-03 10:37:12] Train Epoch: 2 [19000/20000 (95.0%)]	Loss: 0.583308219909668
[2023-05-03 10:37:16] ========== Metrics ==========
[2023-05-03 10:37:16] {
  "tr_loss": 0.549855438312634,
  "tr_acc": 0.7203720372037203,
  "tr_f1": 0.7223435948361469,
  "val_loss": 0.5792048824979179,
  "val_acc": 0.679694439509682,
  "val_f1": 0.7427593094592667,
  "test_loss": 0.5934380612722258,
  "test_acc": 0.6720867208672087,
  "test_f1": 0.7430997876857749
}
[2023-05-03 10:37:16] ========== Metrics ==========
[2023-05-03 10:37:17] Train Epoch: 3 [0/20000 (0.0%)]	Loss: 0.38610905408859253
[2023-05-03 10:37:18] Train Epoch: 3 [1000/20000 (5.0%)]	Loss: 0.2734098732471466
[2023-05-03 10:37:18] Train Epoch: 3 [2000/20000 (10.0%)]	Loss: 0.35908034443855286
[2023-05-03 10:37:19] Train Epoch: 3 [3000/20000 (15.0%)]	Loss: 0.4794362187385559
[2023-05-03 10:37:19] Train Epoch: 3 [4000/20000 (20.0%)]	Loss: 0.45976439118385315
[2023-05-03 10:37:20] Train Epoch: 3 [5000/20000 (25.0%)]	Loss: 0.40282925963401794
[2023-05-03 10:37:20] Train Epoch: 3 [6000/20000 (30.0%)]	Loss: 0.5680288076400757
[2023-05-03 10:37:21] Train Epoch: 3 [7000/20000 (35.0%)]	Loss: 0.36173251271247864
[2023-05-03 10:37:21] Train Epoch: 3 [8000/20000 (40.0%)]	Loss: 0.24003955721855164
[2023-05-03 10:37:22] Train Epoch: 3 [9000/20000 (45.0%)]	Loss: 0.5001592040061951
[2023-05-03 10:37:22] Train Epoch: 3 [10000/20000 (50.0%)]	Loss: 0.34479889273643494
[2023-05-03 10:37:22] Train Epoch: 3 [11000/20000 (55.0%)]	Loss: 0.21602478623390198
[2023-05-03 10:37:23] Train Epoch: 3 [12000/20000 (60.0%)]	Loss: 0.47169333696365356
[2023-05-03 10:37:23] Train Epoch: 3 [13000/20000 (65.0%)]	Loss: 0.28583499789237976
[2023-05-03 10:37:24] Train Epoch: 3 [14000/20000 (70.0%)]	Loss: 0.33788108825683594
[2023-05-03 10:37:24] Train Epoch: 3 [15000/20000 (75.0%)]	Loss: 0.490670382976532
[2023-05-03 10:37:25] Train Epoch: 3 [16000/20000 (80.0%)]	Loss: 0.42433103919029236
[2023-05-03 10:37:25] Train Epoch: 3 [17000/20000 (85.0%)]	Loss: 0.38384905457496643
[2023-05-03 10:37:26] Train Epoch: 3 [18000/20000 (90.0%)]	Loss: 0.35593733191490173
[2023-05-03 10:37:26] Train Epoch: 3 [19000/20000 (95.0%)]	Loss: 0.43723201751708984
[2023-05-03 10:37:30] ========== Metrics ==========
[2023-05-03 10:37:30] {
  "tr_loss": 0.42591861837302963,
  "tr_acc": 0.8101310131013101,
  "tr_f1": 0.8079510394011431,
  "val_loss": 0.5840152772075649,
  "val_acc": 0.6679694439509682,
  "val_f1": 0.740668794227834,
  "test_loss": 0.5911474111603527,
  "test_acc": 0.6747967479674797,
  "test_f1": 0.7530864197530864
}
[2023-05-03 10:37:30] ========== Metrics ==========
[2023-05-03 10:37:31] Train Epoch: 4 [0/20000 (0.0%)]	Loss: 0.3601783215999603
[2023-05-03 10:37:32] Train Epoch: 4 [1000/20000 (5.0%)]	Loss: 0.3973163068294525
[2023-05-03 10:37:32] Train Epoch: 4 [2000/20000 (10.0%)]	Loss: 0.6424554586410522
[2023-05-03 10:37:33] Train Epoch: 4 [3000/20000 (15.0%)]	Loss: 0.3137975335121155
[2023-05-03 10:37:33] Train Epoch: 4 [4000/20000 (20.0%)]	Loss: 0.3997173607349396
[2023-05-03 10:37:34] Train Epoch: 4 [5000/20000 (25.0%)]	Loss: 0.39172452688217163
[2023-05-03 10:37:34] Train Epoch: 4 [6000/20000 (30.0%)]	Loss: 0.2636682987213135
[2023-05-03 10:37:35] Train Epoch: 4 [7000/20000 (35.0%)]	Loss: 0.3556571304798126
[2023-05-03 10:37:35] Train Epoch: 4 [8000/20000 (40.0%)]	Loss: 0.3470908999443054
[2023-05-03 10:37:35] Train Epoch: 4 [9000/20000 (45.0%)]	Loss: 0.254286527633667
[2023-05-03 10:37:36] Train Epoch: 4 [10000/20000 (50.0%)]	Loss: 0.33713048696517944
[2023-05-03 10:37:36] Train Epoch: 4 [11000/20000 (55.0%)]	Loss: 0.411700576543808
[2023-05-03 10:37:37] Train Epoch: 4 [12000/20000 (60.0%)]	Loss: 0.4661412835121155
[2023-05-03 10:37:37] Train Epoch: 4 [13000/20000 (65.0%)]	Loss: 0.23387940227985382
[2023-05-03 10:37:37] Train Epoch: 4 [14000/20000 (70.0%)]	Loss: 0.19280242919921875
[2023-05-03 10:37:38] Train Epoch: 4 [15000/20000 (75.0%)]	Loss: 0.27276766300201416
[2023-05-03 10:37:38] Train Epoch: 4 [16000/20000 (80.0%)]	Loss: 0.10987919569015503
[2023-05-03 10:37:39] Train Epoch: 4 [17000/20000 (85.0%)]	Loss: 0.37316563725471497
[2023-05-03 10:37:39] Train Epoch: 4 [18000/20000 (90.0%)]	Loss: 0.13896745443344116
[2023-05-03 10:37:40] Train Epoch: 4 [19000/20000 (95.0%)]	Loss: 0.2704424262046814
[2023-05-03 10:37:44] ========== Metrics ==========
[2023-05-03 10:37:44] {
  "tr_loss": 0.36155842835515223,
  "tr_acc": 0.8432843284328433,
  "tr_f1": 0.8423382634067813,
  "val_loss": 0.5898270723048441,
  "val_acc": 0.6532243737786463,
  "val_f1": 0.7356446370530878,
  "test_loss": 0.5990102862924095,
  "test_acc": 0.6422764227642277,
  "test_f1": 0.7349397590361446
}
[2023-05-03 10:37:44] ========== Metrics ==========
[2023-05-03 10:37:45] Train Epoch: 5 [0/20000 (0.0%)]	Loss: 0.31473201513290405
[2023-05-03 10:37:46] Train Epoch: 5 [1000/20000 (5.0%)]	Loss: 0.5345998406410217
[2023-05-03 10:37:46] Train Epoch: 5 [2000/20000 (10.0%)]	Loss: 0.25972121953964233
[2023-05-03 10:37:47] Train Epoch: 5 [3000/20000 (15.0%)]	Loss: 0.3682252764701843
[2023-05-03 10:37:47] Train Epoch: 5 [4000/20000 (20.0%)]	Loss: 0.4072631299495697
[2023-05-03 10:37:48] Train Epoch: 5 [5000/20000 (25.0%)]	Loss: 0.2564878761768341
[2023-05-03 10:37:48] Train Epoch: 5 [6000/20000 (30.0%)]	Loss: 0.34103477001190186
[2023-05-03 10:37:48] Train Epoch: 5 [7000/20000 (35.0%)]	Loss: 0.18595223128795624
[2023-05-03 10:37:49] Train Epoch: 5 [8000/20000 (40.0%)]	Loss: 0.16831189393997192
[2023-05-03 10:37:49] Train Epoch: 5 [9000/20000 (45.0%)]	Loss: 0.7368636727333069
[2023-05-03 10:37:50] Train Epoch: 5 [10000/20000 (50.0%)]	Loss: 0.4364754557609558
[2023-05-03 10:37:50] Train Epoch: 5 [11000/20000 (55.0%)]	Loss: 0.21277876198291779
[2023-05-03 10:37:51] Train Epoch: 5 [12000/20000 (60.0%)]	Loss: 0.2541709542274475
[2023-05-03 10:37:51] Train Epoch: 5 [13000/20000 (65.0%)]	Loss: 0.29908907413482666
[2023-05-03 10:37:51] Train Epoch: 5 [14000/20000 (70.0%)]	Loss: 0.23516707122325897
[2023-05-03 10:37:52] Train Epoch: 5 [15000/20000 (75.0%)]	Loss: 0.3603513240814209
[2023-05-03 10:37:52] Train Epoch: 5 [16000/20000 (80.0%)]	Loss: 0.1584036499261856
[2023-05-03 10:37:53] Train Epoch: 5 [17000/20000 (85.0%)]	Loss: 0.33128589391708374
[2023-05-03 10:37:53] Train Epoch: 5 [18000/20000 (90.0%)]	Loss: 0.7053267955780029
[2023-05-03 10:37:54] Train Epoch: 5 [19000/20000 (95.0%)]	Loss: 0.3162984549999237
[2023-05-03 10:37:58] ========== Metrics ==========
[2023-05-03 10:37:58] {
  "tr_loss": 0.3211785402178395,
  "tr_acc": 0.8637863786378638,
  "tr_f1": 0.8628260650619398,
  "val_loss": 0.5283946650217557,
  "val_acc": 0.7697637235743471,
  "val_f1": 0.7761658031088083,
  "test_loss": 0.5296509278822075,
  "test_acc": 0.7913279132791328,
  "test_f1": 0.7890410958904108
}
[2023-05-03 10:37:58] ========== Metrics ==========
[2023-05-03 10:37:59] Train Epoch: 6 [0/20000 (0.0%)]	Loss: 0.25386983156204224
[2023-05-03 10:38:00] Train Epoch: 6 [1000/20000 (5.0%)]	Loss: 0.3375498652458191
[2023-05-03 10:38:00] Train Epoch: 6 [2000/20000 (10.0%)]	Loss: 0.3293675184249878
[2023-05-03 10:38:00] Train Epoch: 6 [3000/20000 (15.0%)]	Loss: 0.1795004904270172
[2023-05-03 10:38:01] Train Epoch: 6 [4000/20000 (20.0%)]	Loss: 0.1484978049993515
[2023-05-03 10:38:01] Train Epoch: 6 [5000/20000 (25.0%)]	Loss: 0.32206568121910095
[2023-05-03 10:38:02] Train Epoch: 6 [6000/20000 (30.0%)]	Loss: 0.1415482610464096
[2023-05-03 10:38:02] Train Epoch: 6 [7000/20000 (35.0%)]	Loss: 0.20895171165466309
[2023-05-03 10:38:03] Train Epoch: 6 [8000/20000 (40.0%)]	Loss: 0.30098626017570496
[2023-05-03 10:38:03] Train Epoch: 6 [9000/20000 (45.0%)]	Loss: 0.22681935131549835
[2023-05-03 10:38:04] Train Epoch: 6 [10000/20000 (50.0%)]	Loss: 0.2552112936973572
[2023-05-03 10:38:04] Train Epoch: 6 [11000/20000 (55.0%)]	Loss: 0.18853764235973358
[2023-05-03 10:38:04] Train Epoch: 6 [12000/20000 (60.0%)]	Loss: 0.4338594079017639
[2023-05-03 10:38:05] Train Epoch: 6 [13000/20000 (65.0%)]	Loss: 0.31470954418182373
[2023-05-03 10:38:05] Train Epoch: 6 [14000/20000 (70.0%)]	Loss: 0.08859152346849442
[2023-05-03 10:38:06] Train Epoch: 6 [15000/20000 (75.0%)]	Loss: 0.13459856808185577
[2023-05-03 10:38:06] Train Epoch: 6 [16000/20000 (80.0%)]	Loss: 0.25473424792289734
[2023-05-03 10:38:07] Train Epoch: 6 [17000/20000 (85.0%)]	Loss: 0.19341006875038147
[2023-05-03 10:38:07] Train Epoch: 6 [18000/20000 (90.0%)]	Loss: 0.17608104646205902
[2023-05-03 10:38:07] Train Epoch: 6 [19000/20000 (95.0%)]	Loss: 0.22605066001415253
[2023-05-03 10:38:12] ========== Metrics ==========
[2023-05-03 10:38:12] {
  "tr_loss": 0.26857995363784104,
  "tr_acc": 0.8886388638863887,
  "tr_f1": 0.8880735789314973,
  "val_loss": 0.5114214999317,
  "val_acc": 0.7621247113163973,
  "val_f1": 0.7859312549960032,
  "test_loss": 0.4941517050027201,
  "test_acc": 0.7750677506775068,
  "test_f1": 0.7960687960687961
}
[2023-05-03 10:38:12] ========== Metrics ==========
[2023-05-03 10:38:13] Train Epoch: 7 [0/20000 (0.0%)]	Loss: 0.5431646108627319
[2023-05-03 10:38:13] Train Epoch: 7 [1000/20000 (5.0%)]	Loss: 0.2198200672864914
[2023-05-03 10:38:14] Train Epoch: 7 [2000/20000 (10.0%)]	Loss: 0.10112780332565308
[2023-05-03 10:38:14] Train Epoch: 7 [3000/20000 (15.0%)]	Loss: 0.44489842653274536
[2023-05-03 10:38:15] Train Epoch: 7 [4000/20000 (20.0%)]	Loss: 0.22159655392169952
[2023-05-03 10:38:15] Train Epoch: 7 [5000/20000 (25.0%)]	Loss: 0.3796476423740387
[2023-05-03 10:38:16] Train Epoch: 7 [6000/20000 (30.0%)]	Loss: 0.08231563866138458
[2023-05-03 10:38:16] Train Epoch: 7 [7000/20000 (35.0%)]	Loss: 0.06438259780406952
[2023-05-03 10:38:16] Train Epoch: 7 [8000/20000 (40.0%)]	Loss: 0.2603948712348938
[2023-05-03 10:38:17] Train Epoch: 7 [9000/20000 (45.0%)]	Loss: 0.09836369752883911
[2023-05-03 10:38:17] Train Epoch: 7 [10000/20000 (50.0%)]	Loss: 0.1461031287908554
[2023-05-03 10:38:18] Train Epoch: 7 [11000/20000 (55.0%)]	Loss: 0.14682231843471527
[2023-05-03 10:38:18] Train Epoch: 7 [12000/20000 (60.0%)]	Loss: 0.1316450536251068
[2023-05-03 10:38:18] Train Epoch: 7 [13000/20000 (65.0%)]	Loss: 0.04042590782046318
[2023-05-03 10:38:19] Train Epoch: 7 [14000/20000 (70.0%)]	Loss: 0.39239898324012756
[2023-05-03 10:38:19] Train Epoch: 7 [15000/20000 (75.0%)]	Loss: 0.35370731353759766
[2023-05-03 10:38:20] Train Epoch: 7 [16000/20000 (80.0%)]	Loss: 0.22330084443092346
[2023-05-03 10:38:20] Train Epoch: 7 [17000/20000 (85.0%)]	Loss: 0.1727074682712555
[2023-05-03 10:38:21] Train Epoch: 7 [18000/20000 (90.0%)]	Loss: 0.14282363653182983
[2023-05-03 10:38:21] Train Epoch: 7 [19000/20000 (95.0%)]	Loss: 0.13169221580028534
[2023-05-03 10:38:25] ========== Metrics ==========
[2023-05-03 10:38:25] {
  "tr_loss": 0.2634386791892261,
  "tr_acc": 0.8916891689168917,
  "tr_f1": 0.8915373059589384,
  "val_loss": 0.5043609963151231,
  "val_acc": 0.765500088825724,
  "val_f1": 0.7840314136125655,
  "test_loss": 0.4857652717166477,
  "test_acc": 0.7750677506775068,
  "test_f1": 0.7919799498746868
}
[2023-05-03 10:38:25] ========== Metrics ==========
[2023-05-03 10:38:27] Train Epoch: 8 [0/20000 (0.0%)]	Loss: 0.21952156722545624
[2023-05-03 10:38:27] Train Epoch: 8 [1000/20000 (5.0%)]	Loss: 0.34706738591194153
[2023-05-03 10:38:28] Train Epoch: 8 [2000/20000 (10.0%)]	Loss: 0.1846991926431656
[2023-05-03 10:38:28] Train Epoch: 8 [3000/20000 (15.0%)]	Loss: 0.23683114349842072
[2023-05-03 10:38:28] Train Epoch: 8 [4000/20000 (20.0%)]	Loss: 0.23292076587677002
[2023-05-03 10:38:29] Train Epoch: 8 [5000/20000 (25.0%)]	Loss: 0.1347380131483078
[2023-05-03 10:38:29] Train Epoch: 8 [6000/20000 (30.0%)]	Loss: 0.1578626185655594
[2023-05-03 10:38:30] Train Epoch: 8 [7000/20000 (35.0%)]	Loss: 0.1225336343050003
[2023-05-03 10:38:30] Train Epoch: 8 [8000/20000 (40.0%)]	Loss: 0.11098785698413849
[2023-05-03 10:38:31] Train Epoch: 8 [9000/20000 (45.0%)]	Loss: 0.11698438227176666
[2023-05-03 10:38:31] Train Epoch: 8 [10000/20000 (50.0%)]	Loss: 0.19311092793941498
[2023-05-03 10:38:32] Train Epoch: 8 [11000/20000 (55.0%)]	Loss: 0.5021645426750183
[2023-05-03 10:38:32] Train Epoch: 8 [12000/20000 (60.0%)]	Loss: 0.21037547290325165
[2023-05-03 10:38:32] Train Epoch: 8 [13000/20000 (65.0%)]	Loss: 0.4549225866794586
[2023-05-03 10:38:33] Train Epoch: 8 [14000/20000 (70.0%)]	Loss: 0.3790587782859802
[2023-05-03 10:38:33] Train Epoch: 8 [15000/20000 (75.0%)]	Loss: 0.5221974849700928
[2023-05-03 10:38:34] Train Epoch: 8 [16000/20000 (80.0%)]	Loss: 0.13919052481651306
[2023-05-03 10:38:34] Train Epoch: 8 [17000/20000 (85.0%)]	Loss: 0.27096861600875854
[2023-05-03 10:38:35] Train Epoch: 8 [18000/20000 (90.0%)]	Loss: 0.2868436872959137
[2023-05-03 10:38:35] Train Epoch: 8 [19000/20000 (95.0%)]	Loss: 0.24341663718223572
[2023-05-03 10:38:39] ========== Metrics ==========
[2023-05-03 10:38:39] {
  "tr_loss": 0.25687616129386887,
  "tr_acc": 0.8941394139413942,
  "tr_f1": 0.8939006665664312,
  "val_loss": 0.49864640475632477,
  "val_acc": 0.7663883460650204,
  "val_f1": 0.7805773402302686,
  "test_loss": 0.4802315926487207,
  "test_acc": 0.7859078590785907,
  "test_f1": 0.7937336814621408
}
[2023-05-03 10:38:39] ========== Metrics ==========
[2023-05-03 10:38:40] Train Epoch: 9 [0/20000 (0.0%)]	Loss: 0.25269177556037903
[2023-05-03 10:38:41] Train Epoch: 9 [1000/20000 (5.0%)]	Loss: 0.4245252013206482
[2023-05-03 10:38:41] Train Epoch: 9 [2000/20000 (10.0%)]	Loss: 0.15956206619739532
[2023-05-03 10:38:42] Train Epoch: 9 [3000/20000 (15.0%)]	Loss: 0.14913061261177063
[2023-05-03 10:38:42] Train Epoch: 9 [4000/20000 (20.0%)]	Loss: 0.3018312454223633
[2023-05-03 10:38:42] Train Epoch: 9 [5000/20000 (25.0%)]	Loss: 0.29890093207359314
[2023-05-03 10:38:43] Train Epoch: 9 [6000/20000 (30.0%)]	Loss: 0.16553644835948944
[2023-05-03 10:38:43] Train Epoch: 9 [7000/20000 (35.0%)]	Loss: 0.08152034878730774
[2023-05-03 10:38:44] Train Epoch: 9 [8000/20000 (40.0%)]	Loss: 0.1747729331254959
[2023-05-03 10:38:44] Train Epoch: 9 [9000/20000 (45.0%)]	Loss: 0.34156885743141174
[2023-05-03 10:38:44] Train Epoch: 9 [10000/20000 (50.0%)]	Loss: 0.11110866069793701
[2023-05-03 10:38:45] Train Epoch: 9 [11000/20000 (55.0%)]	Loss: 0.3362088203430176
[2023-05-03 10:38:45] Train Epoch: 9 [12000/20000 (60.0%)]	Loss: 0.22127099335193634
[2023-05-03 10:38:46] Train Epoch: 9 [13000/20000 (65.0%)]	Loss: 0.13087263703346252
[2023-05-03 10:38:46] Train Epoch: 9 [14000/20000 (70.0%)]	Loss: 0.18280068039894104
[2023-05-03 10:38:47] Train Epoch: 9 [15000/20000 (75.0%)]	Loss: 0.18803441524505615
[2023-05-03 10:38:47] Train Epoch: 9 [16000/20000 (80.0%)]	Loss: 0.17387017607688904
[2023-05-03 10:38:47] Train Epoch: 9 [17000/20000 (85.0%)]	Loss: 0.21830566227436066
[2023-05-03 10:38:48] Train Epoch: 9 [18000/20000 (90.0%)]	Loss: 0.5531709790229797
[2023-05-03 10:38:48] Train Epoch: 9 [19000/20000 (95.0%)]	Loss: 0.6562535166740417
[2023-05-03 10:38:52] ========== Metrics ==========
[2023-05-03 10:38:52] {
  "tr_loss": 0.2526082701706114,
  "tr_acc": 0.8957395739573958,
  "tr_f1": 0.895493960202496,
  "val_loss": 0.5056632428085387,
  "val_acc": 0.7594599395985078,
  "val_f1": 0.7802661473547549,
  "test_loss": 0.4803438004116379,
  "test_acc": 0.7723577235772358,
  "test_f1": 0.7910447761194029
}
[2023-05-03 10:38:52] ========== Metrics ==========
[2023-05-03 10:38:53] Train Epoch: 10 [0/20000 (0.0%)]	Loss: 0.09488528221845627
[2023-05-03 10:38:54] Train Epoch: 10 [1000/20000 (5.0%)]	Loss: 0.3561352789402008
[2023-05-03 10:38:54] Train Epoch: 10 [2000/20000 (10.0%)]	Loss: 0.21688225865364075
[2023-05-03 10:38:55] Train Epoch: 10 [3000/20000 (15.0%)]	Loss: 0.11506728827953339
[2023-05-03 10:38:55] Train Epoch: 10 [4000/20000 (20.0%)]	Loss: 0.49747228622436523
[2023-05-03 10:38:56] Train Epoch: 10 [5000/20000 (25.0%)]	Loss: 0.5035224556922913
[2023-05-03 10:38:56] Train Epoch: 10 [6000/20000 (30.0%)]	Loss: 0.6539877653121948
[2023-05-03 10:38:57] Train Epoch: 10 [7000/20000 (35.0%)]	Loss: 0.48509883880615234
[2023-05-03 10:38:57] Train Epoch: 10 [8000/20000 (40.0%)]	Loss: 0.19044625759124756
[2023-05-03 10:38:57] Train Epoch: 10 [9000/20000 (45.0%)]	Loss: 0.48531144857406616
[2023-05-03 10:38:58] Train Epoch: 10 [10000/20000 (50.0%)]	Loss: 0.5868014693260193
[2023-05-03 10:38:58] Train Epoch: 10 [11000/20000 (55.0%)]	Loss: 0.15769648551940918
[2023-05-03 10:38:59] Train Epoch: 10 [12000/20000 (60.0%)]	Loss: 0.43915390968322754
[2023-05-03 10:38:59] Train Epoch: 10 [13000/20000 (65.0%)]	Loss: 0.2575130760669708
[2023-05-03 10:39:00] Train Epoch: 10 [14000/20000 (70.0%)]	Loss: 0.43397411704063416
[2023-05-03 10:39:00] Train Epoch: 10 [15000/20000 (75.0%)]	Loss: 0.15212881565093994
[2023-05-03 10:39:00] Train Epoch: 10 [16000/20000 (80.0%)]	Loss: 0.2370203733444214
[2023-05-03 10:39:01] Train Epoch: 10 [17000/20000 (85.0%)]	Loss: 0.32840102910995483
[2023-05-03 10:39:01] Train Epoch: 10 [18000/20000 (90.0%)]	Loss: 0.28448882699012756
[2023-05-03 10:39:02] Train Epoch: 10 [19000/20000 (95.0%)]	Loss: 0.20757076144218445
[2023-05-03 10:39:06] ========== Metrics ==========
[2023-05-03 10:39:06] {
  "tr_loss": 0.24775374073474477,
  "tr_acc": 0.8986898689868987,
  "tr_f1": 0.8984053755892087,
  "val_loss": 0.5094761763950673,
  "val_acc": 0.7546633505063066,
  "val_f1": 0.7793577248761783,
  "test_loss": 0.490298623315041,
  "test_acc": 0.7723577235772358,
  "test_f1": 0.7931034482758621
}
[2023-05-03 10:39:06] ========== Metrics ==========
[2023-05-04 17:11:07] Train Epoch: 1 [0/20000 (0.0%)]	Loss: 0.6936544179916382
[2023-05-04 17:11:07] Train Epoch: 1 [1000/20000 (5.0%)]	Loss: 0.6931723356246948
[2023-05-04 17:11:08] Train Epoch: 1 [2000/20000 (10.0%)]	Loss: 0.6939898729324341
[2023-05-04 17:11:08] Train Epoch: 1 [3000/20000 (15.0%)]	Loss: 0.6931484341621399
[2023-05-04 17:11:09] Train Epoch: 1 [4000/20000 (20.0%)]	Loss: 0.6929287910461426
[2023-05-04 17:11:09] Train Epoch: 1 [5000/20000 (25.0%)]	Loss: 0.6920490264892578
[2023-05-04 17:11:09] Train Epoch: 1 [6000/20000 (30.0%)]	Loss: 0.6913362741470337
[2023-05-04 17:11:10] Train Epoch: 1 [7000/20000 (35.0%)]	Loss: 0.6931475400924683
[2023-05-04 17:11:10] Train Epoch: 1 [8000/20000 (40.0%)]	Loss: 0.6944853067398071
[2023-05-04 17:11:11] Train Epoch: 1 [9000/20000 (45.0%)]	Loss: 0.6824724674224854
[2023-05-04 17:11:11] Train Epoch: 1 [10000/20000 (50.0%)]	Loss: 0.6907094717025757
[2023-05-04 17:11:12] Train Epoch: 1 [11000/20000 (55.0%)]	Loss: 0.6979404091835022
[2023-05-04 17:11:12] Train Epoch: 1 [12000/20000 (60.0%)]	Loss: 0.6935136318206787
[2023-05-04 17:11:13] Train Epoch: 1 [13000/20000 (65.0%)]	Loss: 0.6932803988456726
[2023-05-04 17:11:13] Train Epoch: 1 [14000/20000 (70.0%)]	Loss: 0.6928442716598511
[2023-05-04 17:11:14] Train Epoch: 1 [15000/20000 (75.0%)]	Loss: 0.6913143992424011
[2023-05-04 17:11:14] Train Epoch: 1 [16000/20000 (80.0%)]	Loss: 0.6102889776229858
[2023-05-04 17:11:14] Train Epoch: 1 [17000/20000 (85.0%)]	Loss: 0.6783679127693176
[2023-05-04 17:11:15] Train Epoch: 1 [18000/20000 (90.0%)]	Loss: 0.6699612736701965
[2023-05-04 17:11:15] Train Epoch: 1 [19000/20000 (95.0%)]	Loss: 0.6090407967567444
[2023-05-04 17:11:17] ========== Metrics ==========
[2023-05-04 17:11:17] {
  "tr_loss": 0.6849872733023252,
  "tr_acc": 0.5226022602260226,
  "tr_f1": 0.5376531551164706,
  "val_loss": 0.6614224924289814,
  "val_acc": 0.6004618937644342,
  "val_f1": 0.6865505226480837,
  "test_loss": 0.650338144483282,
  "test_acc": 0.6178861788617886,
  "test_f1": 0.6901098901098901
}
[2023-05-04 17:11:17] ========== Metrics ==========
[2023-05-04 17:11:17] Train Epoch: 2 [0/20000 (0.0%)]	Loss: 0.5065160989761353
[2023-05-04 17:11:18] Train Epoch: 2 [1000/20000 (5.0%)]	Loss: 0.5315338373184204
[2023-05-04 17:11:18] Train Epoch: 2 [2000/20000 (10.0%)]	Loss: 0.6881138682365417
[2023-05-04 17:11:19] Train Epoch: 2 [3000/20000 (15.0%)]	Loss: 0.7477117776870728
[2023-05-04 17:11:19] Train Epoch: 2 [4000/20000 (20.0%)]	Loss: 0.6590465307235718
[2023-05-04 17:11:20] Train Epoch: 2 [5000/20000 (25.0%)]	Loss: 0.6596287488937378
[2023-05-04 17:11:20] Train Epoch: 2 [6000/20000 (30.0%)]	Loss: 0.583794355392456
[2023-05-04 17:11:21] Train Epoch: 2 [7000/20000 (35.0%)]	Loss: 0.6916189193725586
[2023-05-04 17:11:21] Train Epoch: 2 [8000/20000 (40.0%)]	Loss: 0.6854110956192017
[2023-05-04 17:11:22] Train Epoch: 2 [9000/20000 (45.0%)]	Loss: 0.42006605863571167
[2023-05-04 17:11:22] Train Epoch: 2 [10000/20000 (50.0%)]	Loss: 0.8405801653862
[2023-05-04 17:11:23] Train Epoch: 2 [11000/20000 (55.0%)]	Loss: 0.5106016993522644
[2023-05-04 17:11:23] Train Epoch: 2 [12000/20000 (60.0%)]	Loss: 0.4963732361793518
[2023-05-04 17:11:23] Train Epoch: 2 [13000/20000 (65.0%)]	Loss: 0.5547264814376831
[2023-05-04 17:11:24] Train Epoch: 2 [14000/20000 (70.0%)]	Loss: 0.5342392921447754
[2023-05-04 17:11:24] Train Epoch: 2 [15000/20000 (75.0%)]	Loss: 0.6232377290725708
[2023-05-04 17:11:25] Train Epoch: 2 [16000/20000 (80.0%)]	Loss: 0.4295286238193512
[2023-05-04 17:11:25] Train Epoch: 2 [17000/20000 (85.0%)]	Loss: 0.6049814224243164
[2023-05-04 17:11:26] Train Epoch: 2 [18000/20000 (90.0%)]	Loss: 0.47680941224098206
[2023-05-04 17:11:26] Train Epoch: 2 [19000/20000 (95.0%)]	Loss: 0.5525519251823425
[2023-05-04 17:11:28] ========== Metrics ==========
[2023-05-04 17:11:28] {
  "tr_loss": 0.5815013571910493,
  "tr_acc": 0.6931193119311931,
  "tr_f1": 0.694144031896337,
  "val_loss": 0.6266957701449073,
  "val_acc": 0.6315508971398117,
  "val_f1": 0.7204851752021564,
  "test_loss": 0.6145964373094925,
  "test_acc": 0.6693766937669376,
  "test_f1": 0.7447698744769875
}
[2023-05-04 17:11:28] ========== Metrics ==========
[2023-05-04 17:11:28] Train Epoch: 3 [0/20000 (0.0%)]	Loss: 0.5316187143325806
[2023-05-04 17:11:29] Train Epoch: 3 [1000/20000 (5.0%)]	Loss: 0.32052797079086304
[2023-05-04 17:11:29] Train Epoch: 3 [2000/20000 (10.0%)]	Loss: 0.7980379462242126
[2023-05-04 17:11:30] Train Epoch: 3 [3000/20000 (15.0%)]	Loss: 0.2781784236431122
[2023-05-04 17:11:30] Train Epoch: 3 [4000/20000 (20.0%)]	Loss: 0.37431496381759644
[2023-05-04 17:11:31] Train Epoch: 3 [5000/20000 (25.0%)]	Loss: 0.5922244787216187
[2023-05-04 17:11:31] Train Epoch: 3 [6000/20000 (30.0%)]	Loss: 0.39554518461227417
[2023-05-04 17:11:31] Train Epoch: 3 [7000/20000 (35.0%)]	Loss: 0.4424995481967926
[2023-05-04 17:11:32] Train Epoch: 3 [8000/20000 (40.0%)]	Loss: 0.3571106791496277
[2023-05-04 17:11:32] Train Epoch: 3 [9000/20000 (45.0%)]	Loss: 0.3864302337169647
[2023-05-04 17:11:33] Train Epoch: 3 [10000/20000 (50.0%)]	Loss: 0.500971257686615
[2023-05-04 17:11:33] Train Epoch: 3 [11000/20000 (55.0%)]	Loss: 0.5096474289894104
[2023-05-04 17:11:34] Train Epoch: 3 [12000/20000 (60.0%)]	Loss: 0.3793679475784302
[2023-05-04 17:11:34] Train Epoch: 3 [13000/20000 (65.0%)]	Loss: 0.35342153906822205
[2023-05-04 17:11:35] Train Epoch: 3 [14000/20000 (70.0%)]	Loss: 0.5007411241531372
[2023-05-04 17:11:35] Train Epoch: 3 [15000/20000 (75.0%)]	Loss: 0.5669203996658325
[2023-05-04 17:11:36] Train Epoch: 3 [16000/20000 (80.0%)]	Loss: 0.37273889780044556
[2023-05-04 17:11:36] Train Epoch: 3 [17000/20000 (85.0%)]	Loss: 0.24577490985393524
[2023-05-04 17:11:37] Train Epoch: 3 [18000/20000 (90.0%)]	Loss: 0.3219074010848999
[2023-05-04 17:11:37] Train Epoch: 3 [19000/20000 (95.0%)]	Loss: 0.3072250783443451
[2023-05-04 17:11:39] ========== Metrics ==========
[2023-05-04 17:11:39] {
  "tr_loss": 0.4540811074037578,
  "tr_acc": 0.7897289728972897,
  "tr_f1": 0.7883637827771907,
  "val_loss": 0.6056108835175948,
  "val_acc": 0.6574880085272695,
  "val_f1": 0.7377584330794341,
  "test_loss": 0.6086985690160819,
  "test_acc": 0.6937669376693767,
  "test_f1": 0.7631027253668763
}
[2023-05-04 17:11:39] ========== Metrics ==========
[2023-05-04 17:11:39] Train Epoch: 4 [0/20000 (0.0%)]	Loss: 0.3472553789615631
[2023-05-04 17:11:40] Train Epoch: 4 [1000/20000 (5.0%)]	Loss: 0.1953946202993393
[2023-05-04 17:11:40] Train Epoch: 4 [2000/20000 (10.0%)]	Loss: 0.41604405641555786
[2023-05-04 17:11:41] Train Epoch: 4 [3000/20000 (15.0%)]	Loss: 0.3303300738334656
[2023-05-04 17:11:41] Train Epoch: 4 [4000/20000 (20.0%)]	Loss: 0.1390693485736847
[2023-05-04 17:11:42] Train Epoch: 4 [5000/20000 (25.0%)]	Loss: 0.5345757603645325
[2023-05-04 17:11:42] Train Epoch: 4 [6000/20000 (30.0%)]	Loss: 0.5354943871498108
[2023-05-04 17:11:42] Train Epoch: 4 [7000/20000 (35.0%)]	Loss: 0.4916030466556549
[2023-05-04 17:11:43] Train Epoch: 4 [8000/20000 (40.0%)]	Loss: 0.30037179589271545
[2023-05-04 17:11:43] Train Epoch: 4 [9000/20000 (45.0%)]	Loss: 0.3208908438682556
[2023-05-04 17:11:44] Train Epoch: 4 [10000/20000 (50.0%)]	Loss: 0.36433202028274536
[2023-05-04 17:11:44] Train Epoch: 4 [11000/20000 (55.0%)]	Loss: 0.429241806268692
[2023-05-04 17:11:45] Train Epoch: 4 [12000/20000 (60.0%)]	Loss: 0.34869658946990967
[2023-05-04 17:11:45] Train Epoch: 4 [13000/20000 (65.0%)]	Loss: 0.3915594220161438
[2023-05-04 17:11:46] Train Epoch: 4 [14000/20000 (70.0%)]	Loss: 0.3020246922969818
[2023-05-04 17:11:46] Train Epoch: 4 [15000/20000 (75.0%)]	Loss: 0.4857746958732605
[2023-05-04 17:11:47] Train Epoch: 4 [16000/20000 (80.0%)]	Loss: 0.3211522400379181
[2023-05-04 17:11:47] Train Epoch: 4 [17000/20000 (85.0%)]	Loss: 0.49217528104782104
[2023-05-04 17:11:48] Train Epoch: 4 [18000/20000 (90.0%)]	Loss: 0.18509896099567413
[2023-05-04 17:11:48] Train Epoch: 4 [19000/20000 (95.0%)]	Loss: 0.41307830810546875
[2023-05-04 17:11:50] ========== Metrics ==========
[2023-05-04 17:11:50] {
  "tr_loss": 0.39534148003550956,
  "tr_acc": 0.8253325332533253,
  "tr_f1": 0.8241631009312862,
  "val_loss": 0.6076789871162622,
  "val_acc": 0.6864451945283354,
  "val_f1": 0.7467355431195293,
  "test_loss": 0.6218656501795864,
  "test_acc": 0.6639566395663956,
  "test_f1": 0.7339055793991416
}
[2023-05-04 17:11:50] ========== Metrics ==========
[2023-05-04 17:11:50] Train Epoch: 5 [0/20000 (0.0%)]	Loss: 0.4857812821865082
[2023-05-04 17:11:51] Train Epoch: 5 [1000/20000 (5.0%)]	Loss: 0.3671136796474457
[2023-05-04 17:11:51] Train Epoch: 5 [2000/20000 (10.0%)]	Loss: 0.34347712993621826
[2023-05-04 17:11:52] Train Epoch: 5 [3000/20000 (15.0%)]	Loss: 0.461286723613739
[2023-05-04 17:11:52] Train Epoch: 5 [4000/20000 (20.0%)]	Loss: 0.24873080849647522
[2023-05-04 17:11:53] Train Epoch: 5 [5000/20000 (25.0%)]	Loss: 0.4101479649543762
[2023-05-04 17:11:53] Train Epoch: 5 [6000/20000 (30.0%)]	Loss: 0.3412682116031647
[2023-05-04 17:11:53] Train Epoch: 5 [7000/20000 (35.0%)]	Loss: 0.4605201184749603
[2023-05-04 17:11:54] Train Epoch: 5 [8000/20000 (40.0%)]	Loss: 0.14150474965572357
[2023-05-04 17:11:54] Train Epoch: 5 [9000/20000 (45.0%)]	Loss: 0.5253771543502808
[2023-05-04 17:11:55] Train Epoch: 5 [10000/20000 (50.0%)]	Loss: 0.21817874908447266
[2023-05-04 17:11:55] Train Epoch: 5 [11000/20000 (55.0%)]	Loss: 0.33526450395584106
[2023-05-04 17:11:56] Train Epoch: 5 [12000/20000 (60.0%)]	Loss: 0.17404942214488983
[2023-05-04 17:11:56] Train Epoch: 5 [13000/20000 (65.0%)]	Loss: 0.3141777813434601
[2023-05-04 17:11:57] Train Epoch: 5 [14000/20000 (70.0%)]	Loss: 0.6196736097335815
[2023-05-04 17:11:57] Train Epoch: 5 [15000/20000 (75.0%)]	Loss: 0.37587621808052063
[2023-05-04 17:11:58] Train Epoch: 5 [16000/20000 (80.0%)]	Loss: 0.1717957854270935
[2023-05-04 17:11:58] Train Epoch: 5 [17000/20000 (85.0%)]	Loss: 0.24190731346607208
[2023-05-04 17:11:59] Train Epoch: 5 [18000/20000 (90.0%)]	Loss: 0.4547753930091858
[2023-05-04 17:11:59] Train Epoch: 5 [19000/20000 (95.0%)]	Loss: 0.47073894739151
[2023-05-04 17:12:01] ========== Metrics ==========
[2023-05-04 17:12:01] {
  "tr_loss": 0.34425931640214497,
  "tr_acc": 0.8510851085108511,
  "tr_f1": 0.8501710605755685,
  "val_loss": 0.5168725103060461,
  "val_acc": 0.7502220643098241,
  "val_f1": 0.7334091770951838,
  "test_loss": 0.5187157386040623,
  "test_acc": 0.7669376693766937,
  "test_f1": 0.7570621468926553
}
[2023-05-04 17:12:01] ========== Metrics ==========
[2023-05-04 17:12:01] Train Epoch: 6 [0/20000 (0.0%)]	Loss: 0.3366188108921051
[2023-05-04 17:12:02] Train Epoch: 6 [1000/20000 (5.0%)]	Loss: 0.44574031233787537
[2023-05-04 17:12:02] Train Epoch: 6 [2000/20000 (10.0%)]	Loss: 0.36866939067840576
[2023-05-04 17:12:03] Train Epoch: 6 [3000/20000 (15.0%)]	Loss: 0.2077266424894333
[2023-05-04 17:12:03] Train Epoch: 6 [4000/20000 (20.0%)]	Loss: 0.3735543191432953
[2023-05-04 17:12:03] Train Epoch: 6 [5000/20000 (25.0%)]	Loss: 0.22521868348121643
[2023-05-04 17:12:04] Train Epoch: 6 [6000/20000 (30.0%)]	Loss: 0.26624566316604614
[2023-05-04 17:12:04] Train Epoch: 6 [7000/20000 (35.0%)]	Loss: 0.6733769178390503
[2023-05-04 17:12:05] Train Epoch: 6 [8000/20000 (40.0%)]	Loss: 0.3683578670024872
[2023-05-04 17:12:05] Train Epoch: 6 [9000/20000 (45.0%)]	Loss: 0.1977194994688034
[2023-05-04 17:12:06] Train Epoch: 6 [10000/20000 (50.0%)]	Loss: 0.3591853976249695
[2023-05-04 17:12:06] Train Epoch: 6 [11000/20000 (55.0%)]	Loss: 0.40363678336143494
[2023-05-04 17:12:07] Train Epoch: 6 [12000/20000 (60.0%)]	Loss: 0.3100157380104065
[2023-05-04 17:12:07] Train Epoch: 6 [13000/20000 (65.0%)]	Loss: 0.17755462229251862
[2023-05-04 17:12:08] Train Epoch: 6 [14000/20000 (70.0%)]	Loss: 0.23342207074165344
[2023-05-04 17:12:08] Train Epoch: 6 [15000/20000 (75.0%)]	Loss: 0.35713714361190796
[2023-05-04 17:12:09] Train Epoch: 6 [16000/20000 (80.0%)]	Loss: 0.11731066554784775
[2023-05-04 17:12:09] Train Epoch: 6 [17000/20000 (85.0%)]	Loss: 0.12506073713302612
[2023-05-04 17:12:09] Train Epoch: 6 [18000/20000 (90.0%)]	Loss: 0.5446575880050659
[2023-05-04 17:12:10] Train Epoch: 6 [19000/20000 (95.0%)]	Loss: 0.191594198346138
[2023-05-04 17:12:11] ========== Metrics ==========
[2023-05-04 17:12:11] {
  "tr_loss": 0.27442427108226175,
  "tr_acc": 0.8870887088708871,
  "tr_f1": 0.886212457165894,
  "val_loss": 0.6097103913970984,
  "val_acc": 0.7297921478060047,
  "val_f1": 0.7497943740746833,
  "test_loss": 0.5780843328331221,
  "test_acc": 0.7615176151761518,
  "test_f1": 0.7777777777777778
}
[2023-05-04 17:12:11] ========== Metrics ==========
[2023-05-04 17:12:12] Train Epoch: 7 [0/20000 (0.0%)]	Loss: 0.18664096295833588
[2023-05-04 17:12:12] Train Epoch: 7 [1000/20000 (5.0%)]	Loss: 0.4137936532497406
[2023-05-04 17:12:13] Train Epoch: 7 [2000/20000 (10.0%)]	Loss: 0.1896556317806244
[2023-05-04 17:12:13] Train Epoch: 7 [3000/20000 (15.0%)]	Loss: 0.41688650846481323
[2023-05-04 17:12:14] Train Epoch: 7 [4000/20000 (20.0%)]	Loss: 0.25899791717529297
[2023-05-04 17:12:14] Train Epoch: 7 [5000/20000 (25.0%)]	Loss: 0.27656978368759155
[2023-05-04 17:12:15] Train Epoch: 7 [6000/20000 (30.0%)]	Loss: 0.27173060178756714
[2023-05-04 17:12:15] Train Epoch: 7 [7000/20000 (35.0%)]	Loss: 0.1832428127527237
[2023-05-04 17:12:16] Train Epoch: 7 [8000/20000 (40.0%)]	Loss: 0.21428635716438293
[2023-05-04 17:12:16] Train Epoch: 7 [9000/20000 (45.0%)]	Loss: 0.3946656286716461
[2023-05-04 17:12:17] Train Epoch: 7 [10000/20000 (50.0%)]	Loss: 0.278061181306839
[2023-05-04 17:12:17] Train Epoch: 7 [11000/20000 (55.0%)]	Loss: 0.11102881282567978
[2023-05-04 17:12:17] Train Epoch: 7 [12000/20000 (60.0%)]	Loss: 0.2316683977842331
[2023-05-04 17:12:18] Train Epoch: 7 [13000/20000 (65.0%)]	Loss: 0.07570759207010269
[2023-05-04 17:12:18] Train Epoch: 7 [14000/20000 (70.0%)]	Loss: 0.5387344360351562
[2023-05-04 17:12:19] Train Epoch: 7 [15000/20000 (75.0%)]	Loss: 0.546399712562561
[2023-05-04 17:12:19] Train Epoch: 7 [16000/20000 (80.0%)]	Loss: 0.40352100133895874
[2023-05-04 17:12:20] Train Epoch: 7 [17000/20000 (85.0%)]	Loss: 0.28998255729675293
[2023-05-04 17:12:20] Train Epoch: 7 [18000/20000 (90.0%)]	Loss: 0.09104053676128387
[2023-05-04 17:12:21] Train Epoch: 7 [19000/20000 (95.0%)]	Loss: 0.27380722761154175
[2023-05-04 17:12:22] ========== Metrics ==========
[2023-05-04 17:12:22] {
  "tr_loss": 0.25179353488883216,
  "tr_acc": 0.8979397939793979,
  "tr_f1": 0.8972668243821412,
  "val_loss": 0.6393645815769676,
  "val_acc": 0.7209095754130396,
  "val_f1": 0.7462445485382005,
  "test_loss": 0.6057372422722297,
  "test_acc": 0.7588075880758808,
  "test_f1": 0.7802469135802469
}
[2023-05-04 17:12:22] ========== Metrics ==========
[2023-05-04 17:12:23] Train Epoch: 8 [0/20000 (0.0%)]	Loss: 0.18843163549900055
[2023-05-04 17:12:23] Train Epoch: 8 [1000/20000 (5.0%)]	Loss: 0.21259160339832306
[2023-05-04 17:12:24] Train Epoch: 8 [2000/20000 (10.0%)]	Loss: 0.3243969678878784
[2023-05-04 17:12:24] Train Epoch: 8 [3000/20000 (15.0%)]	Loss: 0.3486444354057312
[2023-05-04 17:12:25] Train Epoch: 8 [4000/20000 (20.0%)]	Loss: 0.3353223204612732
[2023-05-04 17:12:25] Train Epoch: 8 [5000/20000 (25.0%)]	Loss: 0.2373102456331253
[2023-05-04 17:12:26] Train Epoch: 8 [6000/20000 (30.0%)]	Loss: 0.4877282977104187
[2023-05-04 17:12:26] Train Epoch: 8 [7000/20000 (35.0%)]	Loss: 0.09006783366203308
[2023-05-04 17:12:27] Train Epoch: 8 [8000/20000 (40.0%)]	Loss: 0.24236364662647247
[2023-05-04 17:12:27] Train Epoch: 8 [9000/20000 (45.0%)]	Loss: 0.199896901845932
[2023-05-04 17:12:28] Train Epoch: 8 [10000/20000 (50.0%)]	Loss: 0.21142132580280304
[2023-05-04 17:12:28] Train Epoch: 8 [11000/20000 (55.0%)]	Loss: 0.278059720993042
[2023-05-04 17:12:29] Train Epoch: 8 [12000/20000 (60.0%)]	Loss: 0.26860326528549194
[2023-05-04 17:12:29] Train Epoch: 8 [13000/20000 (65.0%)]	Loss: 0.28360259532928467
[2023-05-04 17:12:30] Train Epoch: 8 [14000/20000 (70.0%)]	Loss: 0.27394619584083557
[2023-05-04 17:12:30] Train Epoch: 8 [15000/20000 (75.0%)]	Loss: 0.2137421816587448
[2023-05-04 17:12:31] Train Epoch: 8 [16000/20000 (80.0%)]	Loss: 0.41223111748695374
[2023-05-04 17:12:31] Train Epoch: 8 [17000/20000 (85.0%)]	Loss: 0.13504178822040558
[2023-05-04 17:12:32] Train Epoch: 8 [18000/20000 (90.0%)]	Loss: 0.11638562381267548
[2023-05-04 17:12:32] Train Epoch: 8 [19000/20000 (95.0%)]	Loss: 0.18091066181659698
[2023-05-04 17:12:34] ========== Metrics ==========
[2023-05-04 17:12:34] {
  "tr_loss": 0.23547900728311333,
  "tr_acc": 0.9029402940294029,
  "tr_f1": 0.9023199637662926,
  "val_loss": 0.6399980174709455,
  "val_acc": 0.7290815420145674,
  "val_f1": 0.7500409768890345,
  "test_loss": 0.6267758630478608,
  "test_acc": 0.7560975609756098,
  "test_f1": 0.7761194029850746
}
[2023-05-04 17:12:34] ========== Metrics ==========
[2023-05-04 17:12:34] Train Epoch: 9 [0/20000 (0.0%)]	Loss: 0.45271140336990356
[2023-05-04 17:12:35] Train Epoch: 9 [1000/20000 (5.0%)]	Loss: 0.2286679446697235
[2023-05-04 17:12:35] Train Epoch: 9 [2000/20000 (10.0%)]	Loss: 0.15005101263523102
[2023-05-04 17:12:36] Train Epoch: 9 [3000/20000 (15.0%)]	Loss: 0.08405928313732147
[2023-05-04 17:12:36] Train Epoch: 9 [4000/20000 (20.0%)]	Loss: 0.1900681108236313
[2023-05-04 17:12:37] Train Epoch: 9 [5000/20000 (25.0%)]	Loss: 0.5370985269546509
[2023-05-04 17:12:37] Train Epoch: 9 [6000/20000 (30.0%)]	Loss: 0.13006077706813812
[2023-05-04 17:12:38] Train Epoch: 9 [7000/20000 (35.0%)]	Loss: 0.22891667485237122
[2023-05-04 17:12:38] Train Epoch: 9 [8000/20000 (40.0%)]	Loss: 0.15707041323184967
[2023-05-04 17:12:39] Train Epoch: 9 [9000/20000 (45.0%)]	Loss: 0.5358620882034302
[2023-05-04 17:12:39] Train Epoch: 9 [10000/20000 (50.0%)]	Loss: 0.37812092900276184
[2023-05-04 17:12:40] Train Epoch: 9 [11000/20000 (55.0%)]	Loss: 0.1114078015089035
[2023-05-04 17:12:40] Train Epoch: 9 [12000/20000 (60.0%)]	Loss: 0.3936343789100647
[2023-05-04 17:12:41] Train Epoch: 9 [13000/20000 (65.0%)]	Loss: 0.23352694511413574
[2023-05-04 17:12:41] Train Epoch: 9 [14000/20000 (70.0%)]	Loss: 0.32140225172042847
[2023-05-04 17:12:42] Train Epoch: 9 [15000/20000 (75.0%)]	Loss: 0.4919418692588806
[2023-05-04 17:12:42] Train Epoch: 9 [16000/20000 (80.0%)]	Loss: 0.3130529522895813
[2023-05-04 17:12:43] Train Epoch: 9 [17000/20000 (85.0%)]	Loss: 0.03974005952477455
[2023-05-04 17:12:43] Train Epoch: 9 [18000/20000 (90.0%)]	Loss: 0.14862439036369324
[2023-05-04 17:12:44] Train Epoch: 9 [19000/20000 (95.0%)]	Loss: 0.041443683207035065
[2023-05-04 17:12:45] ========== Metrics ==========
[2023-05-04 17:12:45] {
  "tr_loss": 0.21922650584096562,
  "tr_acc": 0.9107910791079108,
  "tr_f1": 0.9102525404970319,
  "val_loss": 0.6910832808398506,
  "val_acc": 0.7177118493515722,
  "val_f1": 0.7385222971861116,
  "test_loss": 0.6603622872654985,
  "test_acc": 0.7506775067750677,
  "test_f1": 0.7688442211055276
}
[2023-05-04 17:12:45] ========== Metrics ==========
[2023-05-04 17:12:46] Train Epoch: 10 [0/20000 (0.0%)]	Loss: 0.035435229539871216
[2023-05-04 17:12:46] Train Epoch: 10 [1000/20000 (5.0%)]	Loss: 0.17862442135810852
[2023-05-04 17:12:47] Train Epoch: 10 [2000/20000 (10.0%)]	Loss: 0.2030918300151825
[2023-05-04 17:12:47] Train Epoch: 10 [3000/20000 (15.0%)]	Loss: 0.22741377353668213
[2023-05-04 17:12:48] Train Epoch: 10 [4000/20000 (20.0%)]	Loss: 0.09446551650762558
[2023-05-04 17:12:48] Train Epoch: 10 [5000/20000 (25.0%)]	Loss: 0.2644577920436859
[2023-05-04 17:12:49] Train Epoch: 10 [6000/20000 (30.0%)]	Loss: 0.18141315877437592
[2023-05-04 17:12:49] Train Epoch: 10 [7000/20000 (35.0%)]	Loss: 0.17408424615859985
[2023-05-04 17:12:50] Train Epoch: 10 [8000/20000 (40.0%)]	Loss: 0.20967626571655273
[2023-05-04 17:12:50] Train Epoch: 10 [9000/20000 (45.0%)]	Loss: 0.46057644486427307
[2023-05-04 17:12:51] Train Epoch: 10 [10000/20000 (50.0%)]	Loss: 0.2812800407409668
[2023-05-04 17:12:51] Train Epoch: 10 [11000/20000 (55.0%)]	Loss: 0.11476705968379974
[2023-05-04 17:12:51] Train Epoch: 10 [12000/20000 (60.0%)]	Loss: 0.1460215151309967
[2023-05-04 17:12:52] Train Epoch: 10 [13000/20000 (65.0%)]	Loss: 0.260613352060318
[2023-05-04 17:12:53] Train Epoch: 10 [14000/20000 (70.0%)]	Loss: 0.23628291487693787
[2023-05-04 17:12:53] Train Epoch: 10 [15000/20000 (75.0%)]	Loss: 0.22574877738952637
[2023-05-04 17:12:53] Train Epoch: 10 [16000/20000 (80.0%)]	Loss: 0.061944443732500076
[2023-05-04 17:12:54] Train Epoch: 10 [17000/20000 (85.0%)]	Loss: 0.07377588748931885
[2023-05-04 17:12:54] Train Epoch: 10 [18000/20000 (90.0%)]	Loss: 0.2259986400604248
[2023-05-04 17:12:55] Train Epoch: 10 [19000/20000 (95.0%)]	Loss: 0.20907855033874512
[2023-05-04 17:12:57] ========== Metrics ==========
[2023-05-04 17:12:57] {
  "tr_loss": 0.20594756678827214,
  "tr_acc": 0.9177917791779178,
  "tr_f1": 0.9172955025656504,
  "val_loss": 0.731229078528258,
  "val_acc": 0.713448214602949,
  "val_f1": 0.7420438189668959,
  "test_loss": 0.6964105561496766,
  "test_acc": 0.7452574525745257,
  "test_f1": 0.7696078431372549
}
[2023-05-04 17:12:57] ========== Metrics ==========
