[2023-05-04 17:15:10] Train Epoch: 1 [0/20000 (0.0%)]	Loss: 0.69316565990448
[2023-05-04 17:15:11] Train Epoch: 1 [1000/20000 (5.0%)]	Loss: 0.6933425664901733
[2023-05-04 17:15:11] Train Epoch: 1 [2000/20000 (10.0%)]	Loss: 0.6932387351989746
[2023-05-04 17:15:12] Train Epoch: 1 [3000/20000 (15.0%)]	Loss: 0.6924557685852051
[2023-05-04 17:15:12] Train Epoch: 1 [4000/20000 (20.0%)]	Loss: 0.6928778290748596
[2023-05-04 17:15:13] Train Epoch: 1 [5000/20000 (25.0%)]	Loss: 0.6932579278945923
[2023-05-04 17:15:13] Train Epoch: 1 [6000/20000 (30.0%)]	Loss: 0.6931730508804321
[2023-05-04 17:15:14] Train Epoch: 1 [7000/20000 (35.0%)]	Loss: 0.6932404637336731
[2023-05-04 17:15:14] Train Epoch: 1 [8000/20000 (40.0%)]	Loss: 0.6931551098823547
[2023-05-04 17:15:15] Train Epoch: 1 [9000/20000 (45.0%)]	Loss: 0.6944113969802856
[2023-05-04 17:15:15] Train Epoch: 1 [10000/20000 (50.0%)]	Loss: 0.692854106426239
[2023-05-04 17:15:15] Train Epoch: 1 [11000/20000 (55.0%)]	Loss: 0.6928488612174988
[2023-05-04 17:15:16] Train Epoch: 1 [12000/20000 (60.0%)]	Loss: 0.6940287351608276
[2023-05-04 17:15:16] Train Epoch: 1 [13000/20000 (65.0%)]	Loss: 0.6931937336921692
[2023-05-04 17:15:17] Train Epoch: 1 [14000/20000 (70.0%)]	Loss: 0.694000780582428
[2023-05-04 17:15:17] Train Epoch: 1 [15000/20000 (75.0%)]	Loss: 0.6948233842849731
[2023-05-04 17:15:18] Train Epoch: 1 [16000/20000 (80.0%)]	Loss: 0.6958029866218567
[2023-05-04 17:15:18] Train Epoch: 1 [17000/20000 (85.0%)]	Loss: 0.6933475136756897
[2023-05-04 17:15:19] Train Epoch: 1 [18000/20000 (90.0%)]	Loss: 0.6932834386825562
[2023-05-04 17:15:19] Train Epoch: 1 [19000/20000 (95.0%)]	Loss: 0.6931820511817932
[2023-05-04 17:15:21] ========== Metrics ==========
[2023-05-04 17:15:21] {
  "tr_loss": 0.6933284447257286,
  "tr_acc": 0.4942994299429943,
  "tr_f1": 0.498835422964468,
  "val_loss": 0.6945084254850522,
  "val_acc": 0.5004441286196483,
  "val_f1": 0.0,
  "test_loss": 0.713923539572615,
  "test_acc": 0.4932249322493225,
  "test_f1": 0.0
}
[2023-05-04 17:15:21] ========== Metrics ==========
[2023-05-04 17:15:21] Train Epoch: 2 [0/20000 (0.0%)]	Loss: 0.6949106454849243
[2023-05-04 17:15:22] Train Epoch: 2 [1000/20000 (5.0%)]	Loss: 0.6933873891830444
[2023-05-04 17:15:22] Train Epoch: 2 [2000/20000 (10.0%)]	Loss: 0.693374752998352
[2023-05-04 17:15:23] Train Epoch: 2 [3000/20000 (15.0%)]	Loss: 0.6931484341621399
[2023-05-04 17:15:23] Train Epoch: 2 [4000/20000 (20.0%)]	Loss: 0.6927148103713989
[2023-05-04 17:15:24] Train Epoch: 2 [5000/20000 (25.0%)]	Loss: 0.6933045983314514
[2023-05-04 17:15:24] Train Epoch: 2 [6000/20000 (30.0%)]	Loss: 0.693152129650116
[2023-05-04 17:15:25] Train Epoch: 2 [7000/20000 (35.0%)]	Loss: 0.6927325129508972
[2023-05-04 17:15:25] Train Epoch: 2 [8000/20000 (40.0%)]	Loss: 0.696424663066864
[2023-05-04 17:15:26] Train Epoch: 2 [9000/20000 (45.0%)]	Loss: 0.6946028470993042
[2023-05-04 17:15:26] Train Epoch: 2 [10000/20000 (50.0%)]	Loss: 0.6928406357765198
[2023-05-04 17:15:26] Train Epoch: 2 [11000/20000 (55.0%)]	Loss: 0.6931551694869995
[2023-05-04 17:15:27] Train Epoch: 2 [12000/20000 (60.0%)]	Loss: 0.6923829317092896
[2023-05-04 17:15:27] Train Epoch: 2 [13000/20000 (65.0%)]	Loss: 0.6926389336585999
[2023-05-04 17:15:28] Train Epoch: 2 [14000/20000 (70.0%)]	Loss: 0.6921516060829163
[2023-05-04 17:15:28] Train Epoch: 2 [15000/20000 (75.0%)]	Loss: 0.6931523084640503
[2023-05-04 17:15:29] Train Epoch: 2 [16000/20000 (80.0%)]	Loss: 0.6935590505599976
[2023-05-04 17:15:29] Train Epoch: 2 [17000/20000 (85.0%)]	Loss: 0.6931516528129578
[2023-05-04 17:15:30] Train Epoch: 2 [18000/20000 (90.0%)]	Loss: 0.6931501626968384
[2023-05-04 17:15:30] Train Epoch: 2 [19000/20000 (95.0%)]	Loss: 0.6945980787277222
[2023-05-04 17:15:32] ========== Metrics ==========
[2023-05-04 17:15:32] {
  "tr_loss": 0.6933018356242744,
  "tr_acc": 0.4972997299729973,
  "tr_f1": 0.5371333855149869,
  "val_loss": 0.6945017621326158,
  "val_acc": 0.5004441286196483,
  "val_f1": 0.0,
  "test_loss": 0.7138207159068203,
  "test_acc": 0.4932249322493225,
  "test_f1": 0.0
}
[2023-05-04 17:15:32] ========== Metrics ==========
[2023-05-04 17:15:32] Train Epoch: 3 [0/20000 (0.0%)]	Loss: 0.6935930252075195
[2023-05-04 17:15:33] Train Epoch: 3 [1000/20000 (5.0%)]	Loss: 0.6931711435317993
[2023-05-04 17:15:33] Train Epoch: 3 [2000/20000 (10.0%)]	Loss: 0.6924915313720703
[2023-05-04 17:15:33] Train Epoch: 3 [3000/20000 (15.0%)]	Loss: 0.6930539608001709
[2023-05-04 17:15:34] Train Epoch: 3 [4000/20000 (20.0%)]	Loss: 0.6931564807891846
[2023-05-04 17:15:34] Train Epoch: 3 [5000/20000 (25.0%)]	Loss: 0.6940199732780457
[2023-05-04 17:15:35] Train Epoch: 3 [6000/20000 (30.0%)]	Loss: 0.6949774026870728
[2023-05-04 17:15:35] Train Epoch: 3 [7000/20000 (35.0%)]	Loss: 0.6945773959159851
[2023-05-04 17:15:36] Train Epoch: 3 [8000/20000 (40.0%)]	Loss: 0.6931003928184509
[2023-05-04 17:15:36] Train Epoch: 3 [9000/20000 (45.0%)]	Loss: 0.6926189661026001
[2023-05-04 17:15:37] Train Epoch: 3 [10000/20000 (50.0%)]	Loss: 0.6922925710678101
[2023-05-04 17:15:37] Train Epoch: 3 [11000/20000 (55.0%)]	Loss: 0.6923295259475708
[2023-05-04 17:15:38] Train Epoch: 3 [12000/20000 (60.0%)]	Loss: 0.6918321847915649
[2023-05-04 17:15:38] Train Epoch: 3 [13000/20000 (65.0%)]	Loss: 0.6931661367416382
[2023-05-04 17:15:38] Train Epoch: 3 [14000/20000 (70.0%)]	Loss: 0.6927475333213806
[2023-05-04 17:15:39] Train Epoch: 3 [15000/20000 (75.0%)]	Loss: 0.6934136152267456
[2023-05-04 17:15:39] Train Epoch: 3 [16000/20000 (80.0%)]	Loss: 0.6927412748336792
[2023-05-04 17:15:40] Train Epoch: 3 [17000/20000 (85.0%)]	Loss: 0.6918820142745972
[2023-05-04 17:15:40] Train Epoch: 3 [18000/20000 (90.0%)]	Loss: 0.6918720006942749
[2023-05-04 17:15:41] Train Epoch: 3 [19000/20000 (95.0%)]	Loss: 0.6929244995117188
[2023-05-04 17:15:43] ========== Metrics ==========
[2023-05-04 17:15:43] {
  "tr_loss": 0.6932878775624755,
  "tr_acc": 0.495999599959996,
  "tr_f1": 0.4649360301534215,
  "val_loss": 0.6945118524609334,
  "val_acc": 0.49955587138035173,
  "val_f1": 0.6662717687477786,
  "test_loss": 0.7137802299768298,
  "test_acc": 0.5067750677506775,
  "test_f1": 0.6726618705035972
}
[2023-05-04 17:15:43] ========== Metrics ==========
[2023-05-04 17:15:43] Train Epoch: 4 [0/20000 (0.0%)]	Loss: 0.693153440952301
[2023-05-04 17:15:43] Train Epoch: 4 [1000/20000 (5.0%)]	Loss: 0.6932007074356079
[2023-05-04 17:15:44] Train Epoch: 4 [2000/20000 (10.0%)]	Loss: 0.6925688982009888
[2023-05-04 17:15:44] Train Epoch: 4 [3000/20000 (15.0%)]	Loss: 0.6931561827659607
[2023-05-04 17:15:45] Train Epoch: 4 [4000/20000 (20.0%)]	Loss: 0.6926716566085815
[2023-05-04 17:15:45] Train Epoch: 4 [5000/20000 (25.0%)]	Loss: 0.6943519115447998
[2023-05-04 17:15:46] Train Epoch: 4 [6000/20000 (30.0%)]	Loss: 0.6931503415107727
[2023-05-04 17:15:46] Train Epoch: 4 [7000/20000 (35.0%)]	Loss: 0.6936131715774536
[2023-05-04 17:15:47] Train Epoch: 4 [8000/20000 (40.0%)]	Loss: 0.6929636597633362
[2023-05-04 17:15:47] Train Epoch: 4 [9000/20000 (45.0%)]	Loss: 0.6925837397575378
[2023-05-04 17:15:47] Train Epoch: 4 [10000/20000 (50.0%)]	Loss: 0.6925560832023621
[2023-05-04 17:15:48] Train Epoch: 4 [11000/20000 (55.0%)]	Loss: 0.6918497085571289
[2023-05-04 17:15:48] Train Epoch: 4 [12000/20000 (60.0%)]	Loss: 0.6923085451126099
[2023-05-04 17:15:49] Train Epoch: 4 [13000/20000 (65.0%)]	Loss: 0.6926015615463257
[2023-05-04 17:15:49] Train Epoch: 4 [14000/20000 (70.0%)]	Loss: 0.6968299150466919
[2023-05-04 17:15:50] Train Epoch: 4 [15000/20000 (75.0%)]	Loss: 0.6925399899482727
[2023-05-04 17:15:50] Train Epoch: 4 [16000/20000 (80.0%)]	Loss: 0.6927257776260376
[2023-05-04 17:15:51] Train Epoch: 4 [17000/20000 (85.0%)]	Loss: 0.6931623816490173
[2023-05-04 17:15:51] Train Epoch: 4 [18000/20000 (90.0%)]	Loss: 0.6931959390640259
[2023-05-04 17:15:52] Train Epoch: 4 [19000/20000 (95.0%)]	Loss: 0.6932072639465332
[2023-05-04 17:15:54] ========== Metrics ==========
[2023-05-04 17:15:54] {
  "tr_loss": 0.6932846742077391,
  "tr_acc": 0.5023002300230023,
  "tr_f1": 0.6218321364793495,
  "val_loss": 0.6945429421758795,
  "val_acc": 0.5004441286196483,
  "val_f1": 0.0,
  "test_loss": 0.7139010771826354,
  "test_acc": 0.4932249322493225,
  "test_f1": 0.0
}
[2023-05-04 17:15:54] ========== Metrics ==========
[2023-05-04 17:15:54] Train Epoch: 5 [0/20000 (0.0%)]	Loss: 0.693199634552002
[2023-05-04 17:15:55] Train Epoch: 5 [1000/20000 (5.0%)]	Loss: 0.6949201822280884
[2023-05-04 17:15:55] Train Epoch: 5 [2000/20000 (10.0%)]	Loss: 0.6931564211845398
[2023-05-04 17:15:55] Train Epoch: 5 [3000/20000 (15.0%)]	Loss: 0.6938502192497253
[2023-05-04 17:15:56] Train Epoch: 5 [4000/20000 (20.0%)]	Loss: 0.6931577324867249
[2023-05-04 17:15:56] Train Epoch: 5 [5000/20000 (25.0%)]	Loss: 0.6935766935348511
[2023-05-04 17:15:57] Train Epoch: 5 [6000/20000 (30.0%)]	Loss: 0.6938623189926147
[2023-05-04 17:15:57] Train Epoch: 5 [7000/20000 (35.0%)]	Loss: 0.6937285661697388
[2023-05-04 17:15:58] Train Epoch: 5 [8000/20000 (40.0%)]	Loss: 0.6927345991134644
[2023-05-04 17:15:58] Train Epoch: 5 [9000/20000 (45.0%)]	Loss: 0.694128155708313
[2023-05-04 17:15:59] Train Epoch: 5 [10000/20000 (50.0%)]	Loss: 0.6932222247123718
[2023-05-04 17:15:59] Train Epoch: 5 [11000/20000 (55.0%)]	Loss: 0.693638026714325
[2023-05-04 17:16:00] Train Epoch: 5 [12000/20000 (60.0%)]	Loss: 0.6913578510284424
[2023-05-04 17:16:00] Train Epoch: 5 [13000/20000 (65.0%)]	Loss: 0.695144772529602
[2023-05-04 17:16:01] Train Epoch: 5 [14000/20000 (70.0%)]	Loss: 0.6914280652999878
[2023-05-04 17:16:01] Train Epoch: 5 [15000/20000 (75.0%)]	Loss: 0.693233847618103
[2023-05-04 17:16:02] Train Epoch: 5 [16000/20000 (80.0%)]	Loss: 0.6965199708938599
[2023-05-04 17:16:02] Train Epoch: 5 [17000/20000 (85.0%)]	Loss: 0.6942930221557617
[2023-05-04 17:16:03] Train Epoch: 5 [18000/20000 (90.0%)]	Loss: 0.6930325627326965
[2023-05-04 17:16:03] Train Epoch: 5 [19000/20000 (95.0%)]	Loss: 0.6931473612785339
[2023-05-04 17:16:05] ========== Metrics ==========
[2023-05-04 17:16:05] {
  "tr_loss": 0.6933321519093056,
  "tr_acc": 0.4938993899389939,
  "tr_f1": 0.33401329209712444,
  "val_loss": 0.6945059972496392,
  "val_acc": 0.49955587138035173,
  "val_f1": 0.6662717687477786,
  "test_loss": 0.7137913464853757,
  "test_acc": 0.5067750677506775,
  "test_f1": 0.6726618705035972
}
[2023-05-04 17:16:05] ========== Metrics ==========
[2023-05-04 17:16:05] Train Epoch: 6 [0/20000 (0.0%)]	Loss: 0.6925382018089294
[2023-05-04 17:16:06] Train Epoch: 6 [1000/20000 (5.0%)]	Loss: 0.6921612024307251
[2023-05-04 17:16:07] Train Epoch: 6 [2000/20000 (10.0%)]	Loss: 0.6950026750564575
[2023-05-04 17:16:07] Train Epoch: 6 [3000/20000 (15.0%)]	Loss: 0.6939255595207214
[2023-05-04 17:16:08] Train Epoch: 6 [4000/20000 (20.0%)]	Loss: 0.6930174827575684
[2023-05-04 17:16:08] Train Epoch: 6 [5000/20000 (25.0%)]	Loss: 0.6929953098297119
[2023-05-04 17:16:09] Train Epoch: 6 [6000/20000 (30.0%)]	Loss: 0.6927257776260376
[2023-05-04 17:16:09] Train Epoch: 6 [7000/20000 (35.0%)]	Loss: 0.6928629279136658
[2023-05-04 17:16:10] Train Epoch: 6 [8000/20000 (40.0%)]	Loss: 0.6923444271087646
[2023-05-04 17:16:10] Train Epoch: 6 [9000/20000 (45.0%)]	Loss: 0.6921699047088623
[2023-05-04 17:16:11] Train Epoch: 6 [10000/20000 (50.0%)]	Loss: 0.693150520324707
[2023-05-04 17:16:12] Train Epoch: 6 [11000/20000 (55.0%)]	Loss: 0.6940030455589294
[2023-05-04 17:16:12] Train Epoch: 6 [12000/20000 (60.0%)]	Loss: 0.6925052404403687
[2023-05-04 17:16:13] Train Epoch: 6 [13000/20000 (65.0%)]	Loss: 0.6934360265731812
[2023-05-04 17:16:13] Train Epoch: 6 [14000/20000 (70.0%)]	Loss: 0.6931492686271667
[2023-05-04 17:16:14] Train Epoch: 6 [15000/20000 (75.0%)]	Loss: 0.6934676170349121
[2023-05-04 17:16:14] Train Epoch: 6 [16000/20000 (80.0%)]	Loss: 0.6932817697525024
[2023-05-04 17:16:15] Train Epoch: 6 [17000/20000 (85.0%)]	Loss: 0.6932396292686462
[2023-05-04 17:16:15] Train Epoch: 6 [18000/20000 (90.0%)]	Loss: 0.692978024482727
[2023-05-04 17:16:16] Train Epoch: 6 [19000/20000 (95.0%)]	Loss: 0.6929399967193604
[2023-05-04 17:16:18] ========== Metrics ==========
[2023-05-04 17:16:18] {
  "tr_loss": 0.6932303195882409,
  "tr_acc": 0.5,
  "tr_f1": 0.6666666666666666,
  "val_loss": 0.6945019042350022,
  "val_acc": 0.49955587138035173,
  "val_f1": 0.6662717687477786,
  "test_loss": 0.713801694110157,
  "test_acc": 0.5067750677506775,
  "test_f1": 0.6726618705035972
}
[2023-05-04 17:16:18] ========== Metrics ==========
[2023-05-04 17:16:18] Train Epoch: 7 [0/20000 (0.0%)]	Loss: 0.6931475400924683
[2023-05-04 17:16:19] Train Epoch: 7 [1000/20000 (5.0%)]	Loss: 0.6930180788040161
[2023-05-04 17:16:19] Train Epoch: 7 [2000/20000 (10.0%)]	Loss: 0.6938118934631348
[2023-05-04 17:16:20] Train Epoch: 7 [3000/20000 (15.0%)]	Loss: 0.6936056017875671
[2023-05-04 17:16:20] Train Epoch: 7 [4000/20000 (20.0%)]	Loss: 0.6933802366256714
[2023-05-04 17:16:21] Train Epoch: 7 [5000/20000 (25.0%)]	Loss: 0.6931525468826294
[2023-05-04 17:16:22] Train Epoch: 7 [6000/20000 (30.0%)]	Loss: 0.6934744715690613
[2023-05-04 17:16:22] Train Epoch: 7 [7000/20000 (35.0%)]	Loss: 0.6933852434158325
[2023-05-04 17:16:23] Train Epoch: 7 [8000/20000 (40.0%)]	Loss: 0.6933760046958923
[2023-05-04 17:16:23] Train Epoch: 7 [9000/20000 (45.0%)]	Loss: 0.6931484937667847
[2023-05-04 17:16:24] Train Epoch: 7 [10000/20000 (50.0%)]	Loss: 0.692834734916687
[2023-05-04 17:16:24] Train Epoch: 7 [11000/20000 (55.0%)]	Loss: 0.6927275061607361
[2023-05-04 17:16:25] Train Epoch: 7 [12000/20000 (60.0%)]	Loss: 0.6934531927108765
[2023-05-04 17:16:25] Train Epoch: 7 [13000/20000 (65.0%)]	Loss: 0.6935070753097534
[2023-05-04 17:16:26] Train Epoch: 7 [14000/20000 (70.0%)]	Loss: 0.6926658749580383
[2023-05-04 17:16:26] Train Epoch: 7 [15000/20000 (75.0%)]	Loss: 0.6936901211738586
[2023-05-04 17:16:27] Train Epoch: 7 [16000/20000 (80.0%)]	Loss: 0.6929219961166382
[2023-05-04 17:16:27] Train Epoch: 7 [17000/20000 (85.0%)]	Loss: 0.6927275657653809
[2023-05-04 17:16:28] Train Epoch: 7 [18000/20000 (90.0%)]	Loss: 0.6935062408447266
[2023-05-04 17:16:29] Train Epoch: 7 [19000/20000 (95.0%)]	Loss: 0.693476140499115
[2023-05-04 17:16:30] Stop At epoch 7/10 due to valid not increase
[2023-05-04 17:16:30] ========== Metrics ==========
[2023-05-04 17:16:30] {
  "tr_loss": 0.6932248169332161,
  "tr_acc": 0.5,
  "tr_f1": 0.6666666666666666,
  "val_loss": 0.694502445325311,
  "val_acc": 0.49955587138035173,
  "val_f1": 0.6662717687477786,
  "test_loss": 0.7138090017365246,
  "test_acc": 0.5067750677506775,
  "test_f1": 0.6726618705035972
}
[2023-05-04 17:16:30] ========== Metrics ==========
