[2023-05-03 04:24:59] Train Epoch: 1 [0/20000 (0.0%)]	Loss: 0.6936321258544922
[2023-05-03 04:24:59] Train Epoch: 1 [1000/20000 (5.0%)]	Loss: 0.6935855150222778
[2023-05-03 04:24:59] Train Epoch: 1 [2000/20000 (10.0%)]	Loss: 0.6940445303916931
[2023-05-03 04:25:00] Train Epoch: 1 [3000/20000 (15.0%)]	Loss: 0.6937658190727234
[2023-05-03 04:25:00] Train Epoch: 1 [4000/20000 (20.0%)]	Loss: 0.6917222738265991
[2023-05-03 04:25:01] Train Epoch: 1 [5000/20000 (25.0%)]	Loss: 0.6931643486022949
[2023-05-03 04:25:01] Train Epoch: 1 [6000/20000 (30.0%)]	Loss: 0.6922442317008972
[2023-05-03 04:25:01] Train Epoch: 1 [7000/20000 (35.0%)]	Loss: 0.6925980448722839
[2023-05-03 04:25:02] Train Epoch: 1 [8000/20000 (40.0%)]	Loss: 0.6928764581680298
[2023-05-03 04:25:02] Train Epoch: 1 [9000/20000 (45.0%)]	Loss: 0.6933821439743042
[2023-05-03 04:25:02] Train Epoch: 1 [10000/20000 (50.0%)]	Loss: 0.6931496858596802
[2023-05-03 04:25:03] Train Epoch: 1 [11000/20000 (55.0%)]	Loss: 0.6902540922164917
[2023-05-03 04:25:03] Train Epoch: 1 [12000/20000 (60.0%)]	Loss: 0.6923794150352478
[2023-05-03 04:25:03] Train Epoch: 1 [13000/20000 (65.0%)]	Loss: 0.6931504011154175
[2023-05-03 04:25:04] Train Epoch: 1 [14000/20000 (70.0%)]	Loss: 0.6920205354690552
[2023-05-03 04:25:04] Train Epoch: 1 [15000/20000 (75.0%)]	Loss: 0.6932033896446228
[2023-05-03 04:25:05] Train Epoch: 1 [16000/20000 (80.0%)]	Loss: 0.6908340454101562
[2023-05-03 04:25:05] Train Epoch: 1 [17000/20000 (85.0%)]	Loss: 0.6931504011154175
[2023-05-03 04:25:05] Train Epoch: 1 [18000/20000 (90.0%)]	Loss: 0.6926155090332031
[2023-05-03 04:25:06] Train Epoch: 1 [19000/20000 (95.0%)]	Loss: 0.6932885646820068
[2023-05-03 04:25:11] ========== Metrics ==========
[2023-05-03 04:25:11] {
  "tr_loss": 0.6933255786478001,
  "tr_acc": 0.4937993799379938,
  "tr_f1": 0.533910401031355,
  "val_loss": 0.6945010922818735,
  "val_acc": 0.5004441286196483,
  "val_f1": 0.0,
  "test_loss": 0.7138295257640724,
  "test_acc": 0.4932249322493225,
  "test_f1": 0.0
}
[2023-05-03 04:25:11] ========== Metrics ==========
[2023-05-03 04:25:12] Train Epoch: 2 [0/20000 (0.0%)]	Loss: 0.6929845809936523
[2023-05-03 04:25:12] Train Epoch: 2 [1000/20000 (5.0%)]	Loss: 0.6932470798492432
[2023-05-03 04:25:13] Train Epoch: 2 [2000/20000 (10.0%)]	Loss: 0.6935883164405823
[2023-05-03 04:25:13] Train Epoch: 2 [3000/20000 (15.0%)]	Loss: 0.6957024335861206
[2023-05-03 04:25:14] Train Epoch: 2 [4000/20000 (20.0%)]	Loss: 0.6914611458778381
[2023-05-03 04:25:14] Train Epoch: 2 [5000/20000 (25.0%)]	Loss: 0.6931928992271423
[2023-05-03 04:25:15] Train Epoch: 2 [6000/20000 (30.0%)]	Loss: 0.6941889524459839
[2023-05-03 04:25:15] Train Epoch: 2 [7000/20000 (35.0%)]	Loss: 0.6961024403572083
[2023-05-03 04:25:15] Train Epoch: 2 [8000/20000 (40.0%)]	Loss: 0.6945575475692749
[2023-05-03 04:25:16] Train Epoch: 2 [9000/20000 (45.0%)]	Loss: 0.687972903251648
[2023-05-03 04:25:16] Train Epoch: 2 [10000/20000 (50.0%)]	Loss: 0.698891282081604
[2023-05-03 04:25:16] Train Epoch: 2 [11000/20000 (55.0%)]	Loss: 0.6958212852478027
[2023-05-03 04:25:17] Train Epoch: 2 [12000/20000 (60.0%)]	Loss: 0.6931477189064026
[2023-05-03 04:25:17] Train Epoch: 2 [13000/20000 (65.0%)]	Loss: 0.6929043531417847
[2023-05-03 04:25:18] Train Epoch: 2 [14000/20000 (70.0%)]	Loss: 0.6952956914901733
[2023-05-03 04:25:18] Train Epoch: 2 [15000/20000 (75.0%)]	Loss: 0.6930452585220337
[2023-05-03 04:25:18] Train Epoch: 2 [16000/20000 (80.0%)]	Loss: 0.6929371953010559
[2023-05-03 04:25:19] Train Epoch: 2 [17000/20000 (85.0%)]	Loss: 0.6927905082702637
[2023-05-03 04:25:19] Train Epoch: 2 [18000/20000 (90.0%)]	Loss: 0.6930261254310608
[2023-05-03 04:25:20] Train Epoch: 2 [19000/20000 (95.0%)]	Loss: 0.6908305883407593
[2023-05-03 04:25:25] ========== Metrics ==========
[2023-05-03 04:25:25] {
  "tr_loss": 0.693219866033959,
  "tr_acc": 0.5022002200220022,
  "tr_f1": 0.5723613557283388,
  "val_loss": 0.6946216385198076,
  "val_acc": 0.5004441286196483,
  "val_f1": 0.0,
  "test_loss": 0.7142324660851703,
  "test_acc": 0.4932249322493225,
  "test_f1": 0.0
}
[2023-05-03 04:25:25] ========== Metrics ==========
[2023-05-03 04:25:26] Train Epoch: 3 [0/20000 (0.0%)]	Loss: 0.6899617910385132
[2023-05-03 04:25:27] Train Epoch: 3 [1000/20000 (5.0%)]	Loss: 0.6906827092170715
[2023-05-03 04:25:27] Train Epoch: 3 [2000/20000 (10.0%)]	Loss: 0.6937797665596008
[2023-05-03 04:25:27] Train Epoch: 3 [3000/20000 (15.0%)]	Loss: 0.6934272050857544
[2023-05-03 04:25:28] Train Epoch: 3 [4000/20000 (20.0%)]	Loss: 0.6944053173065186
[2023-05-03 04:25:28] Train Epoch: 3 [5000/20000 (25.0%)]	Loss: 0.6921493411064148
[2023-05-03 04:25:29] Train Epoch: 3 [6000/20000 (30.0%)]	Loss: 0.6943340301513672
[2023-05-03 04:25:29] Train Epoch: 3 [7000/20000 (35.0%)]	Loss: 0.6949068307876587
[2023-05-03 04:25:30] Train Epoch: 3 [8000/20000 (40.0%)]	Loss: 0.6948912739753723
[2023-05-03 04:25:30] Train Epoch: 3 [9000/20000 (45.0%)]	Loss: 0.693962574005127
[2023-05-03 04:25:30] Train Epoch: 3 [10000/20000 (50.0%)]	Loss: 0.687313437461853
[2023-05-03 04:25:31] Train Epoch: 3 [11000/20000 (55.0%)]	Loss: 0.7021715641021729
[2023-05-03 04:25:31] Train Epoch: 3 [12000/20000 (60.0%)]	Loss: 0.6144168972969055
[2023-05-03 04:25:32] Train Epoch: 3 [13000/20000 (65.0%)]	Loss: 0.6391695737838745
[2023-05-03 04:25:32] Train Epoch: 3 [14000/20000 (70.0%)]	Loss: 0.7371610999107361
[2023-05-03 04:25:32] Train Epoch: 3 [15000/20000 (75.0%)]	Loss: 0.6386481523513794
[2023-05-03 04:25:33] Train Epoch: 3 [16000/20000 (80.0%)]	Loss: 0.5351988077163696
[2023-05-03 04:25:33] Train Epoch: 3 [17000/20000 (85.0%)]	Loss: 0.40144166350364685
[2023-05-03 04:25:34] Train Epoch: 3 [18000/20000 (90.0%)]	Loss: 0.5195655822753906
[2023-05-03 04:25:34] Train Epoch: 3 [19000/20000 (95.0%)]	Loss: 0.50599604845047
[2023-05-03 04:25:39] ========== Metrics ==========
[2023-05-03 04:25:39] {
  "tr_loss": 0.6384130273059387,
  "tr_acc": 0.5908090809080908,
  "tr_f1": 0.5423122098551373,
  "val_loss": 0.554236718532056,
  "val_acc": 0.7473796411440753,
  "val_f1": 0.7313940309784661,
  "test_loss": 0.5554680934120323,
  "test_acc": 0.7723577235772358,
  "test_f1": 0.7558139534883721
}
[2023-05-03 04:25:39] ========== Metrics ==========
[2023-05-03 04:25:40] Train Epoch: 4 [0/20000 (0.0%)]	Loss: 0.48277097940444946
[2023-05-03 04:25:41] Train Epoch: 4 [1000/20000 (5.0%)]	Loss: 0.3688856363296509
[2023-05-03 04:25:41] Train Epoch: 4 [2000/20000 (10.0%)]	Loss: 0.6557449102401733
[2023-05-03 04:25:42] Train Epoch: 4 [3000/20000 (15.0%)]	Loss: 0.2988026440143585
[2023-05-03 04:25:42] Train Epoch: 4 [4000/20000 (20.0%)]	Loss: 0.4405784606933594
[2023-05-03 04:25:42] Train Epoch: 4 [5000/20000 (25.0%)]	Loss: 0.5031906962394714
[2023-05-03 04:25:43] Train Epoch: 4 [6000/20000 (30.0%)]	Loss: 0.41447433829307556
[2023-05-03 04:25:43] Train Epoch: 4 [7000/20000 (35.0%)]	Loss: 0.2325904816389084
[2023-05-03 04:25:44] Train Epoch: 4 [8000/20000 (40.0%)]	Loss: 0.6715276837348938
[2023-05-03 04:25:44] Train Epoch: 4 [9000/20000 (45.0%)]	Loss: 0.4474809765815735
[2023-05-03 04:25:45] Train Epoch: 4 [10000/20000 (50.0%)]	Loss: 0.5643559694290161
[2023-05-03 04:25:45] Train Epoch: 4 [11000/20000 (55.0%)]	Loss: 0.6003981232643127
[2023-05-03 04:25:45] Train Epoch: 4 [12000/20000 (60.0%)]	Loss: 0.26898422837257385
[2023-05-03 04:25:46] Train Epoch: 4 [13000/20000 (65.0%)]	Loss: 0.3614584803581238
[2023-05-03 04:25:46] Train Epoch: 4 [14000/20000 (70.0%)]	Loss: 0.566542387008667
[2023-05-03 04:25:47] Train Epoch: 4 [15000/20000 (75.0%)]	Loss: 0.460610568523407
[2023-05-03 04:25:47] Train Epoch: 4 [16000/20000 (80.0%)]	Loss: 0.5600259304046631
[2023-05-03 04:25:48] Train Epoch: 4 [17000/20000 (85.0%)]	Loss: 0.3350108861923218
[2023-05-03 04:25:48] Train Epoch: 4 [18000/20000 (90.0%)]	Loss: 0.4433876574039459
[2023-05-03 04:25:48] Train Epoch: 4 [19000/20000 (95.0%)]	Loss: 0.2843526005744934
[2023-05-03 04:25:54] ========== Metrics ==========
[2023-05-03 04:25:54] {
  "tr_loss": 0.4538752209849328,
  "tr_acc": 0.7887288728872888,
  "tr_f1": 0.7875710191563176,
  "val_loss": 0.5430265971495682,
  "val_acc": 0.7775803872801563,
  "val_f1": 0.782789729354615,
  "test_loss": 0.5411681589395373,
  "test_acc": 0.8021680216802168,
  "test_f1": 0.8083989501312334
}
[2023-05-03 04:25:54] ========== Metrics ==========
[2023-05-03 04:25:55] Train Epoch: 5 [0/20000 (0.0%)]	Loss: 0.35234522819519043
[2023-05-03 04:25:55] Train Epoch: 5 [1000/20000 (5.0%)]	Loss: 0.5006686449050903
[2023-05-03 04:25:56] Train Epoch: 5 [2000/20000 (10.0%)]	Loss: 0.38209623098373413
[2023-05-03 04:25:56] Train Epoch: 5 [3000/20000 (15.0%)]	Loss: 0.19234362244606018
[2023-05-03 04:25:57] Train Epoch: 5 [4000/20000 (20.0%)]	Loss: 0.2963961958885193
[2023-05-03 04:25:57] Train Epoch: 5 [5000/20000 (25.0%)]	Loss: 0.4187528192996979
[2023-05-03 04:25:57] Train Epoch: 5 [6000/20000 (30.0%)]	Loss: 0.31123918294906616
[2023-05-03 04:25:58] Train Epoch: 5 [7000/20000 (35.0%)]	Loss: 0.33516931533813477
[2023-05-03 04:25:58] Train Epoch: 5 [8000/20000 (40.0%)]	Loss: 0.3544989824295044
[2023-05-03 04:25:59] Train Epoch: 5 [9000/20000 (45.0%)]	Loss: 0.3891693353652954
[2023-05-03 04:25:59] Train Epoch: 5 [10000/20000 (50.0%)]	Loss: 0.3345048725605011
[2023-05-03 04:25:59] Train Epoch: 5 [11000/20000 (55.0%)]	Loss: 0.31889602541923523
[2023-05-03 04:26:00] Train Epoch: 5 [12000/20000 (60.0%)]	Loss: 0.32236748933792114
[2023-05-03 04:26:00] Train Epoch: 5 [13000/20000 (65.0%)]	Loss: 0.40263453125953674
[2023-05-03 04:26:01] Train Epoch: 5 [14000/20000 (70.0%)]	Loss: 0.28027328848838806
[2023-05-03 04:26:01] Train Epoch: 5 [15000/20000 (75.0%)]	Loss: 0.2265743464231491
[2023-05-03 04:26:02] Train Epoch: 5 [16000/20000 (80.0%)]	Loss: 0.3854692876338959
[2023-05-03 04:26:02] Train Epoch: 5 [17000/20000 (85.0%)]	Loss: 0.19569861888885498
[2023-05-03 04:26:02] Train Epoch: 5 [18000/20000 (90.0%)]	Loss: 0.30109652876853943
[2023-05-03 04:26:03] Train Epoch: 5 [19000/20000 (95.0%)]	Loss: 0.547248363494873
[2023-05-03 04:26:08] ========== Metrics ==========
[2023-05-03 04:26:08] {
  "tr_loss": 0.3757568807935867,
  "tr_acc": 0.8335333533353335,
  "tr_f1": 0.8327555890479779,
  "val_loss": 0.5066640832577067,
  "val_acc": 0.7786462959673122,
  "val_f1": 0.7738656987295826,
  "test_loss": 0.5101008999961502,
  "test_acc": 0.8130081300813008,
  "test_f1": 0.8088642659279779
}
[2023-05-03 04:26:08] ========== Metrics ==========
[2023-05-03 04:26:09] Train Epoch: 6 [0/20000 (0.0%)]	Loss: 0.3267379105091095
[2023-05-03 04:26:10] Train Epoch: 6 [1000/20000 (5.0%)]	Loss: 0.28203845024108887
[2023-05-03 04:26:10] Train Epoch: 6 [2000/20000 (10.0%)]	Loss: 0.4995693266391754
[2023-05-03 04:26:11] Train Epoch: 6 [3000/20000 (15.0%)]	Loss: 0.4617418348789215
[2023-05-03 04:26:11] Train Epoch: 6 [4000/20000 (20.0%)]	Loss: 0.2391408383846283
[2023-05-03 04:26:12] Train Epoch: 6 [5000/20000 (25.0%)]	Loss: 0.2840999960899353
[2023-05-03 04:26:12] Train Epoch: 6 [6000/20000 (30.0%)]	Loss: 0.36256152391433716
[2023-05-03 04:26:12] Train Epoch: 6 [7000/20000 (35.0%)]	Loss: 0.1748538613319397
[2023-05-03 04:26:13] Train Epoch: 6 [8000/20000 (40.0%)]	Loss: 0.3240281045436859
[2023-05-03 04:26:13] Train Epoch: 6 [9000/20000 (45.0%)]	Loss: 0.2782754898071289
[2023-05-03 04:26:14] Train Epoch: 6 [10000/20000 (50.0%)]	Loss: 0.44492802023887634
[2023-05-03 04:26:14] Train Epoch: 6 [11000/20000 (55.0%)]	Loss: 0.4233331084251404
[2023-05-03 04:26:15] Train Epoch: 6 [12000/20000 (60.0%)]	Loss: 0.515079915523529
[2023-05-03 04:26:15] Train Epoch: 6 [13000/20000 (65.0%)]	Loss: 0.36315852403640747
[2023-05-03 04:26:15] Train Epoch: 6 [14000/20000 (70.0%)]	Loss: 0.3188698887825012
[2023-05-03 04:26:16] Train Epoch: 6 [15000/20000 (75.0%)]	Loss: 0.20830996334552765
[2023-05-03 04:26:16] Train Epoch: 6 [16000/20000 (80.0%)]	Loss: 0.43413323163986206
[2023-05-03 04:26:17] Train Epoch: 6 [17000/20000 (85.0%)]	Loss: 0.4191465377807617
[2023-05-03 04:26:17] Train Epoch: 6 [18000/20000 (90.0%)]	Loss: 0.34629377722740173
[2023-05-03 04:26:18] Train Epoch: 6 [19000/20000 (95.0%)]	Loss: 0.44292235374450684
[2023-05-03 04:26:23] ========== Metrics ==========
[2023-05-03 04:26:23] {
  "tr_loss": 0.33242358090561835,
  "tr_acc": 0.8582358235823583,
  "tr_f1": 0.8573728429843538,
  "val_loss": 0.4931633553765006,
  "val_acc": 0.7802451589980458,
  "val_f1": 0.7818726855933699,
  "test_loss": 0.4902177451425775,
  "test_acc": 0.8157181571815718,
  "test_f1": 0.8142076502732241
}
[2023-05-03 04:26:23] ========== Metrics ==========
[2023-05-03 04:26:24] Train Epoch: 7 [0/20000 (0.0%)]	Loss: 0.28687024116516113
[2023-05-03 04:26:24] Train Epoch: 7 [1000/20000 (5.0%)]	Loss: 0.24763555824756622
[2023-05-03 04:26:25] Train Epoch: 7 [2000/20000 (10.0%)]	Loss: 0.43075013160705566
[2023-05-03 04:26:25] Train Epoch: 7 [3000/20000 (15.0%)]	Loss: 0.47771692276000977
[2023-05-03 04:26:26] Train Epoch: 7 [4000/20000 (20.0%)]	Loss: 0.15330135822296143
[2023-05-03 04:26:26] Train Epoch: 7 [5000/20000 (25.0%)]	Loss: 0.25972574949264526
[2023-05-03 04:26:27] Train Epoch: 7 [6000/20000 (30.0%)]	Loss: 0.23004181683063507
[2023-05-03 04:26:27] Train Epoch: 7 [7000/20000 (35.0%)]	Loss: 0.3368273377418518
[2023-05-03 04:26:27] Train Epoch: 7 [8000/20000 (40.0%)]	Loss: 0.23898069560527802
[2023-05-03 04:26:28] Train Epoch: 7 [9000/20000 (45.0%)]	Loss: 0.3379170596599579
[2023-05-03 04:26:28] Train Epoch: 7 [10000/20000 (50.0%)]	Loss: 0.5539745092391968
[2023-05-03 04:26:29] Train Epoch: 7 [11000/20000 (55.0%)]	Loss: 0.35788923501968384
[2023-05-03 04:26:29] Train Epoch: 7 [12000/20000 (60.0%)]	Loss: 0.4740470051765442
[2023-05-03 04:26:30] Train Epoch: 7 [13000/20000 (65.0%)]	Loss: 0.29371780157089233
[2023-05-03 04:26:30] Train Epoch: 7 [14000/20000 (70.0%)]	Loss: 0.2146259993314743
[2023-05-03 04:26:30] Train Epoch: 7 [15000/20000 (75.0%)]	Loss: 0.159291610121727
[2023-05-03 04:26:31] Train Epoch: 7 [16000/20000 (80.0%)]	Loss: 0.14679871499538422
[2023-05-03 04:26:31] Train Epoch: 7 [17000/20000 (85.0%)]	Loss: 0.5713468790054321
[2023-05-03 04:26:32] Train Epoch: 7 [18000/20000 (90.0%)]	Loss: 0.5547871589660645
[2023-05-03 04:26:32] Train Epoch: 7 [19000/20000 (95.0%)]	Loss: 0.25686657428741455
[2023-05-03 04:26:37] ========== Metrics ==========
[2023-05-03 04:26:37] {
  "tr_loss": 0.3249791883627395,
  "tr_acc": 0.8618861886188619,
  "tr_f1": 0.8610803742078261,
  "val_loss": 0.49040913888924836,
  "val_acc": 0.7841534908509504,
  "val_f1": 0.78143550998381,
  "test_loss": 0.48235719443013675,
  "test_acc": 0.8184281842818428,
  "test_f1": 0.8133704735376045
}
[2023-05-03 04:26:37] ========== Metrics ==========
[2023-05-03 04:26:39] Train Epoch: 8 [0/20000 (0.0%)]	Loss: 0.33566421270370483
[2023-05-03 04:26:39] Train Epoch: 8 [1000/20000 (5.0%)]	Loss: 0.34125685691833496
[2023-05-03 04:26:40] Train Epoch: 8 [2000/20000 (10.0%)]	Loss: 0.19744451344013214
[2023-05-03 04:26:40] Train Epoch: 8 [3000/20000 (15.0%)]	Loss: 0.28330713510513306
[2023-05-03 04:26:41] Train Epoch: 8 [4000/20000 (20.0%)]	Loss: 0.14601217210292816
[2023-05-03 04:26:41] Train Epoch: 8 [5000/20000 (25.0%)]	Loss: 0.14597131311893463
[2023-05-03 04:26:41] Train Epoch: 8 [6000/20000 (30.0%)]	Loss: 0.2348819524049759
[2023-05-03 04:26:42] Train Epoch: 8 [7000/20000 (35.0%)]	Loss: 0.20174913108348846
[2023-05-03 04:26:42] Train Epoch: 8 [8000/20000 (40.0%)]	Loss: 0.2942664623260498
[2023-05-03 04:26:43] Train Epoch: 8 [9000/20000 (45.0%)]	Loss: 0.26550203561782837
[2023-05-03 04:26:43] Train Epoch: 8 [10000/20000 (50.0%)]	Loss: 0.19913595914840698
[2023-05-03 04:26:44] Train Epoch: 8 [11000/20000 (55.0%)]	Loss: 0.3943866789340973
[2023-05-03 04:26:44] Train Epoch: 8 [12000/20000 (60.0%)]	Loss: 0.45615965127944946
[2023-05-03 04:26:44] Train Epoch: 8 [13000/20000 (65.0%)]	Loss: 0.18853333592414856
[2023-05-03 04:26:45] Train Epoch: 8 [14000/20000 (70.0%)]	Loss: 0.4417911469936371
[2023-05-03 04:26:45] Train Epoch: 8 [15000/20000 (75.0%)]	Loss: 0.2136853039264679
[2023-05-03 04:26:46] Train Epoch: 8 [16000/20000 (80.0%)]	Loss: 0.43130841851234436
[2023-05-03 04:26:46] Train Epoch: 8 [17000/20000 (85.0%)]	Loss: 0.33999019861221313
[2023-05-03 04:26:47] Train Epoch: 8 [18000/20000 (90.0%)]	Loss: 0.5025997161865234
[2023-05-03 04:26:47] Train Epoch: 8 [19000/20000 (95.0%)]	Loss: 0.18840673565864563
[2023-05-03 04:26:52] ========== Metrics ==========
[2023-05-03 04:26:52] {
  "tr_loss": 0.3194337222341037,
  "tr_acc": 0.860986098609861,
  "tr_f1": 0.8604277537905413,
  "val_loss": 0.4901402437955877,
  "val_acc": 0.7866406111209806,
  "val_f1": 0.789630408127518,
  "test_loss": 0.4871259585305604,
  "test_acc": 0.8319783197831978,
  "test_f1": 0.8324324324324324
}
[2023-05-03 04:26:52] ========== Metrics ==========
[2023-05-03 04:26:53] Train Epoch: 9 [0/20000 (0.0%)]	Loss: 0.2763909697532654
[2023-05-03 04:26:53] Train Epoch: 9 [1000/20000 (5.0%)]	Loss: 0.509109616279602
[2023-05-03 04:26:54] Train Epoch: 9 [2000/20000 (10.0%)]	Loss: 0.5885599851608276
[2023-05-03 04:26:54] Train Epoch: 9 [3000/20000 (15.0%)]	Loss: 0.4003068804740906
[2023-05-03 04:26:55] Train Epoch: 9 [4000/20000 (20.0%)]	Loss: 0.24901001155376434
[2023-05-03 04:26:55] Train Epoch: 9 [5000/20000 (25.0%)]	Loss: 0.36383548378944397
[2023-05-03 04:26:56] Train Epoch: 9 [6000/20000 (30.0%)]	Loss: 0.25996264815330505
[2023-05-03 04:26:56] Train Epoch: 9 [7000/20000 (35.0%)]	Loss: 0.20888271927833557
[2023-05-03 04:26:56] Train Epoch: 9 [8000/20000 (40.0%)]	Loss: 0.7199447154998779
[2023-05-03 04:26:57] Train Epoch: 9 [9000/20000 (45.0%)]	Loss: 0.18610863387584686
[2023-05-03 04:26:57] Train Epoch: 9 [10000/20000 (50.0%)]	Loss: 0.2184874564409256
[2023-05-03 04:26:58] Train Epoch: 9 [11000/20000 (55.0%)]	Loss: 0.5459843873977661
[2023-05-03 04:26:58] Train Epoch: 9 [12000/20000 (60.0%)]	Loss: 0.4329705834388733
[2023-05-03 04:26:58] Train Epoch: 9 [13000/20000 (65.0%)]	Loss: 0.3809174597263336
[2023-05-03 04:26:59] Train Epoch: 9 [14000/20000 (70.0%)]	Loss: 0.18909960985183716
[2023-05-03 04:26:59] Train Epoch: 9 [15000/20000 (75.0%)]	Loss: 0.23464958369731903
[2023-05-03 04:27:00] Train Epoch: 9 [16000/20000 (80.0%)]	Loss: 0.22695684432983398
[2023-05-03 04:27:00] Train Epoch: 9 [17000/20000 (85.0%)]	Loss: 0.2694564163684845
[2023-05-03 04:27:00] Train Epoch: 9 [18000/20000 (90.0%)]	Loss: 0.3144153356552124
[2023-05-03 04:27:01] Train Epoch: 9 [19000/20000 (95.0%)]	Loss: 0.3367908000946045
[2023-05-03 04:27:06] ========== Metrics ==========
[2023-05-03 04:27:06] {
  "tr_loss": 0.31390891261477033,
  "tr_acc": 0.862936293629363,
  "tr_f1": 0.8620741709857597,
  "val_loss": 0.48798581860929086,
  "val_acc": 0.7857523538816842,
  "val_f1": 0.7876760563380282,
  "test_loss": 0.47028543987894444,
  "test_acc": 0.8346883468834688,
  "test_f1": 0.8328767123287671
}
[2023-05-03 04:27:06] ========== Metrics ==========
[2023-05-03 04:27:07] Train Epoch: 10 [0/20000 (0.0%)]	Loss: 0.3681653141975403
[2023-05-03 04:27:08] Train Epoch: 10 [1000/20000 (5.0%)]	Loss: 0.1143074780702591
[2023-05-03 04:27:08] Train Epoch: 10 [2000/20000 (10.0%)]	Loss: 0.38842564821243286
[2023-05-03 04:27:09] Train Epoch: 10 [3000/20000 (15.0%)]	Loss: 0.3166399896144867
[2023-05-03 04:27:09] Train Epoch: 10 [4000/20000 (20.0%)]	Loss: 0.3661995828151703
[2023-05-03 04:27:09] Train Epoch: 10 [5000/20000 (25.0%)]	Loss: 0.396901935338974
[2023-05-03 04:27:10] Train Epoch: 10 [6000/20000 (30.0%)]	Loss: 0.5025392770767212
[2023-05-03 04:27:10] Train Epoch: 10 [7000/20000 (35.0%)]	Loss: 0.34185296297073364
[2023-05-03 04:27:11] Train Epoch: 10 [8000/20000 (40.0%)]	Loss: 0.20809820294380188
[2023-05-03 04:27:11] Train Epoch: 10 [9000/20000 (45.0%)]	Loss: 0.249116450548172
[2023-05-03 04:27:11] Train Epoch: 10 [10000/20000 (50.0%)]	Loss: 0.1408577859401703
[2023-05-03 04:27:12] Train Epoch: 10 [11000/20000 (55.0%)]	Loss: 0.16531924903392792
[2023-05-03 04:27:12] Train Epoch: 10 [12000/20000 (60.0%)]	Loss: 0.1708146035671234
[2023-05-03 04:27:13] Train Epoch: 10 [13000/20000 (65.0%)]	Loss: 0.24068348109722137
[2023-05-03 04:27:13] Train Epoch: 10 [14000/20000 (70.0%)]	Loss: 0.2902300953865051
[2023-05-03 04:27:14] Train Epoch: 10 [15000/20000 (75.0%)]	Loss: 0.2452029436826706
[2023-05-03 04:27:14] Train Epoch: 10 [16000/20000 (80.0%)]	Loss: 0.2085164487361908
[2023-05-03 04:27:15] Train Epoch: 10 [17000/20000 (85.0%)]	Loss: 0.45013123750686646
[2023-05-03 04:27:15] Train Epoch: 10 [18000/20000 (90.0%)]	Loss: 0.1264103651046753
[2023-05-03 04:27:15] Train Epoch: 10 [19000/20000 (95.0%)]	Loss: 0.1944551169872284
[2023-05-03 04:27:20] ========== Metrics ==========
[2023-05-03 04:27:20] {
  "tr_loss": 0.3093666546229291,
  "tr_acc": 0.8677367736773678,
  "tr_f1": 0.8673454034806158,
  "val_loss": 0.48649112598831223,
  "val_acc": 0.7813110676852016,
  "val_f1": 0.7777577179996389,
  "test_loss": 0.4773234158027463,
  "test_acc": 0.8238482384823849,
  "test_f1": 0.8189415041782729
}
[2023-05-03 04:27:20] ========== Metrics ==========
