[2023-05-03 19:09:20] Train Epoch: 1 [0/20000 (0.0%)]	Loss: 0.6889706254005432
[2023-05-03 19:09:21] Train Epoch: 1 [1000/20000 (5.0%)]	Loss: 0.6960977911949158
[2023-05-03 19:09:21] Train Epoch: 1 [2000/20000 (10.0%)]	Loss: 0.6953082084655762
[2023-05-03 19:09:21] Train Epoch: 1 [3000/20000 (15.0%)]	Loss: 0.6932183504104614
[2023-05-03 19:09:22] Train Epoch: 1 [4000/20000 (20.0%)]	Loss: 0.692261815071106
[2023-05-03 19:09:22] Train Epoch: 1 [5000/20000 (25.0%)]	Loss: 0.6978523135185242
[2023-05-03 19:09:23] Train Epoch: 1 [6000/20000 (30.0%)]	Loss: 0.690360963344574
[2023-05-03 19:09:23] Train Epoch: 1 [7000/20000 (35.0%)]	Loss: 0.6910985708236694
[2023-05-03 19:09:23] Train Epoch: 1 [8000/20000 (40.0%)]	Loss: 0.6931699514389038
[2023-05-03 19:09:24] Train Epoch: 1 [9000/20000 (45.0%)]	Loss: 0.6930826306343079
[2023-05-03 19:09:24] Train Epoch: 1 [10000/20000 (50.0%)]	Loss: 0.6931889057159424
[2023-05-03 19:09:24] Train Epoch: 1 [11000/20000 (55.0%)]	Loss: 0.6932849287986755
[2023-05-03 19:09:25] Train Epoch: 1 [12000/20000 (60.0%)]	Loss: 0.6949831247329712
[2023-05-03 19:09:25] Train Epoch: 1 [13000/20000 (65.0%)]	Loss: 0.6944776773452759
[2023-05-03 19:09:26] Train Epoch: 1 [14000/20000 (70.0%)]	Loss: 0.6939929723739624
[2023-05-03 19:09:26] Train Epoch: 1 [15000/20000 (75.0%)]	Loss: 0.6944400072097778
[2023-05-03 19:09:26] Train Epoch: 1 [16000/20000 (80.0%)]	Loss: 0.69352126121521
[2023-05-03 19:09:27] Train Epoch: 1 [17000/20000 (85.0%)]	Loss: 0.6165469884872437
[2023-05-03 19:09:27] Train Epoch: 1 [18000/20000 (90.0%)]	Loss: 0.5256997346878052
[2023-05-03 19:09:28] Train Epoch: 1 [19000/20000 (95.0%)]	Loss: 0.8373680114746094
[2023-05-03 19:09:32] ========== Metrics ==========
[2023-05-03 19:09:32] {
  "tr_loss": 0.6793388835202814,
  "tr_acc": 0.5294529452945295,
  "tr_f1": 0.6180076317285054,
  "val_loss": 0.5984624404427763,
  "val_acc": 0.6976372357434714,
  "val_f1": 0.6813927368026955,
  "test_loss": 0.6394868346087654,
  "test_acc": 0.6964769647696477,
  "test_f1": 0.6836158192090396
}
[2023-05-03 19:09:32] ========== Metrics ==========
[2023-05-03 19:09:33] Train Epoch: 2 [0/20000 (0.0%)]	Loss: 0.5452539920806885
[2023-05-03 19:09:33] Train Epoch: 2 [1000/20000 (5.0%)]	Loss: 0.5591386556625366
[2023-05-03 19:09:34] Train Epoch: 2 [2000/20000 (10.0%)]	Loss: 0.5456746220588684
[2023-05-03 19:09:34] Train Epoch: 2 [3000/20000 (15.0%)]	Loss: 0.5567572116851807
[2023-05-03 19:09:35] Train Epoch: 2 [4000/20000 (20.0%)]	Loss: 0.5973879098892212
[2023-05-03 19:09:35] Train Epoch: 2 [5000/20000 (25.0%)]	Loss: 0.5507675409317017
[2023-05-03 19:09:36] Train Epoch: 2 [6000/20000 (30.0%)]	Loss: 0.6186597347259521
[2023-05-03 19:09:36] Train Epoch: 2 [7000/20000 (35.0%)]	Loss: 0.5021503567695618
[2023-05-03 19:09:36] Train Epoch: 2 [8000/20000 (40.0%)]	Loss: 0.4900905191898346
[2023-05-03 19:09:37] Train Epoch: 2 [9000/20000 (45.0%)]	Loss: 0.41875749826431274
[2023-05-03 19:09:37] Train Epoch: 2 [10000/20000 (50.0%)]	Loss: 0.6868199110031128
[2023-05-03 19:09:38] Train Epoch: 2 [11000/20000 (55.0%)]	Loss: 0.4640379846096039
[2023-05-03 19:09:38] Train Epoch: 2 [12000/20000 (60.0%)]	Loss: 0.48914408683776855
[2023-05-03 19:09:39] Train Epoch: 2 [13000/20000 (65.0%)]	Loss: 0.6265888810157776
[2023-05-03 19:09:39] Train Epoch: 2 [14000/20000 (70.0%)]	Loss: 0.3328818380832672
[2023-05-03 19:09:40] Train Epoch: 2 [15000/20000 (75.0%)]	Loss: 0.4013884663581848
[2023-05-03 19:09:40] Train Epoch: 2 [16000/20000 (80.0%)]	Loss: 0.5511410236358643
[2023-05-03 19:09:40] Train Epoch: 2 [17000/20000 (85.0%)]	Loss: 0.6123303771018982
[2023-05-03 19:09:41] Train Epoch: 2 [18000/20000 (90.0%)]	Loss: 0.4200504720211029
[2023-05-03 19:09:41] Train Epoch: 2 [19000/20000 (95.0%)]	Loss: 0.6417698860168457
[2023-05-03 19:09:46] ========== Metrics ==========
[2023-05-03 19:09:46] {
  "tr_loss": 0.5257292155927867,
  "tr_acc": 0.7401740174017402,
  "tr_f1": 0.7343558282208589,
  "val_loss": 0.5948378319087175,
  "val_acc": 0.6683247468466867,
  "val_f1": 0.5310223561919116,
  "test_loss": 0.645131400930203,
  "test_acc": 0.6287262872628726,
  "test_f1": 0.45849802371541504
}
[2023-05-03 19:09:46] ========== Metrics ==========
[2023-05-03 19:09:47] Train Epoch: 3 [0/20000 (0.0%)]	Loss: 0.38512033224105835
[2023-05-03 19:09:47] Train Epoch: 3 [1000/20000 (5.0%)]	Loss: 0.4521194398403168
[2023-05-03 19:09:48] Train Epoch: 3 [2000/20000 (10.0%)]	Loss: 0.5733449459075928
[2023-05-03 19:09:48] Train Epoch: 3 [3000/20000 (15.0%)]	Loss: 0.4042874276638031
[2023-05-03 19:09:49] Train Epoch: 3 [4000/20000 (20.0%)]	Loss: 0.729185163974762
[2023-05-03 19:09:49] Train Epoch: 3 [5000/20000 (25.0%)]	Loss: 0.37508153915405273
[2023-05-03 19:09:49] Train Epoch: 3 [6000/20000 (30.0%)]	Loss: 0.5027390122413635
[2023-05-03 19:09:50] Train Epoch: 3 [7000/20000 (35.0%)]	Loss: 0.7312095761299133
[2023-05-03 19:09:50] Train Epoch: 3 [8000/20000 (40.0%)]	Loss: 0.5790266394615173
[2023-05-03 19:09:51] Train Epoch: 3 [9000/20000 (45.0%)]	Loss: 0.5831946134567261
[2023-05-03 19:09:51] Train Epoch: 3 [10000/20000 (50.0%)]	Loss: 0.3808475732803345
[2023-05-03 19:09:52] Train Epoch: 3 [11000/20000 (55.0%)]	Loss: 0.4726383090019226
[2023-05-03 19:09:52] Train Epoch: 3 [12000/20000 (60.0%)]	Loss: 0.6260718107223511
[2023-05-03 19:09:52] Train Epoch: 3 [13000/20000 (65.0%)]	Loss: 0.37029916048049927
[2023-05-03 19:09:53] Train Epoch: 3 [14000/20000 (70.0%)]	Loss: 0.4573434889316559
[2023-05-03 19:09:53] Train Epoch: 3 [15000/20000 (75.0%)]	Loss: 0.5123687386512756
[2023-05-03 19:09:54] Train Epoch: 3 [16000/20000 (80.0%)]	Loss: 0.7010517716407776
[2023-05-03 19:09:54] Train Epoch: 3 [17000/20000 (85.0%)]	Loss: 0.6105844378471375
[2023-05-03 19:09:55] Train Epoch: 3 [18000/20000 (90.0%)]	Loss: 0.48577243089675903
[2023-05-03 19:09:55] Train Epoch: 3 [19000/20000 (95.0%)]	Loss: 0.5162521600723267
[2023-05-03 19:09:59] ========== Metrics ==========
[2023-05-03 19:09:59] {
  "tr_loss": 0.4597176246755611,
  "tr_acc": 0.7846784678467846,
  "tr_f1": 0.7808205232617327,
  "val_loss": 0.5136515102455937,
  "val_acc": 0.7674542547521762,
  "val_f1": 0.7503337783711614,
  "test_loss": 0.531917169165159,
  "test_acc": 0.7560975609756098,
  "test_f1": 0.7398843930635839
}
[2023-05-03 19:09:59] ========== Metrics ==========
[2023-05-03 19:10:00] Train Epoch: 4 [0/20000 (0.0%)]	Loss: 0.7120234370231628
[2023-05-03 19:10:01] Train Epoch: 4 [1000/20000 (5.0%)]	Loss: 0.47999364137649536
[2023-05-03 19:10:01] Train Epoch: 4 [2000/20000 (10.0%)]	Loss: 0.41576218605041504
[2023-05-03 19:10:02] Train Epoch: 4 [3000/20000 (15.0%)]	Loss: 0.47523078322410583
[2023-05-03 19:10:02] Train Epoch: 4 [4000/20000 (20.0%)]	Loss: 0.38225215673446655
[2023-05-03 19:10:02] Train Epoch: 4 [5000/20000 (25.0%)]	Loss: 0.5903745889663696
[2023-05-03 19:10:03] Train Epoch: 4 [6000/20000 (30.0%)]	Loss: 0.5883240103721619
[2023-05-03 19:10:03] Train Epoch: 4 [7000/20000 (35.0%)]	Loss: 0.4542253613471985
[2023-05-03 19:10:04] Train Epoch: 4 [8000/20000 (40.0%)]	Loss: 0.38624829053878784
[2023-05-03 19:10:04] Train Epoch: 4 [9000/20000 (45.0%)]	Loss: 0.3756142854690552
[2023-05-03 19:10:05] Train Epoch: 4 [10000/20000 (50.0%)]	Loss: 0.4116688668727875
[2023-05-03 19:10:05] Train Epoch: 4 [11000/20000 (55.0%)]	Loss: 0.2748028337955475
[2023-05-03 19:10:05] Train Epoch: 4 [12000/20000 (60.0%)]	Loss: 0.25475531816482544
[2023-05-03 19:10:06] Train Epoch: 4 [13000/20000 (65.0%)]	Loss: 0.5128617882728577
[2023-05-03 19:10:06] Train Epoch: 4 [14000/20000 (70.0%)]	Loss: 0.5035523176193237
[2023-05-03 19:10:07] Train Epoch: 4 [15000/20000 (75.0%)]	Loss: 0.3347967267036438
[2023-05-03 19:10:07] Train Epoch: 4 [16000/20000 (80.0%)]	Loss: 0.23742887377738953
[2023-05-03 19:10:08] Train Epoch: 4 [17000/20000 (85.0%)]	Loss: 0.22030094265937805
[2023-05-03 19:10:08] Train Epoch: 4 [18000/20000 (90.0%)]	Loss: 0.18529915809631348
[2023-05-03 19:10:08] Train Epoch: 4 [19000/20000 (95.0%)]	Loss: 0.427307665348053
[2023-05-03 19:10:13] ========== Metrics ==========
[2023-05-03 19:10:13] {
  "tr_loss": 0.41510895384897145,
  "tr_acc": 0.8114811481148115,
  "tr_f1": 0.8093841642228738,
  "val_loss": 0.5632421744401341,
  "val_acc": 0.7020785219399538,
  "val_f1": 0.6066150598170302,
  "test_loss": 0.6086128853200897,
  "test_acc": 0.6802168021680217,
  "test_f1": 0.5785714285714285
}
[2023-05-03 19:10:13] ========== Metrics ==========
[2023-05-03 19:10:14] Train Epoch: 5 [0/20000 (0.0%)]	Loss: 0.4373832643032074
[2023-05-03 19:10:14] Train Epoch: 5 [1000/20000 (5.0%)]	Loss: 0.18910814821720123
[2023-05-03 19:10:15] Train Epoch: 5 [2000/20000 (10.0%)]	Loss: 0.08698266744613647
[2023-05-03 19:10:15] Train Epoch: 5 [3000/20000 (15.0%)]	Loss: 0.2447699010372162
[2023-05-03 19:10:16] Train Epoch: 5 [4000/20000 (20.0%)]	Loss: 0.413798987865448
[2023-05-03 19:10:16] Train Epoch: 5 [5000/20000 (25.0%)]	Loss: 0.4796070456504822
[2023-05-03 19:10:16] Train Epoch: 5 [6000/20000 (30.0%)]	Loss: 0.6858323812484741
[2023-05-03 19:10:17] Train Epoch: 5 [7000/20000 (35.0%)]	Loss: 0.25526344776153564
[2023-05-03 19:10:17] Train Epoch: 5 [8000/20000 (40.0%)]	Loss: 0.3404858410358429
[2023-05-03 19:10:18] Train Epoch: 5 [9000/20000 (45.0%)]	Loss: 0.28837254643440247
[2023-05-03 19:10:18] Train Epoch: 5 [10000/20000 (50.0%)]	Loss: 0.42785683274269104
[2023-05-03 19:10:18] Train Epoch: 5 [11000/20000 (55.0%)]	Loss: 0.4203411936759949
[2023-05-03 19:10:19] Train Epoch: 5 [12000/20000 (60.0%)]	Loss: 0.3802465796470642
[2023-05-03 19:10:19] Train Epoch: 5 [13000/20000 (65.0%)]	Loss: 0.3951476216316223
[2023-05-03 19:10:20] Train Epoch: 5 [14000/20000 (70.0%)]	Loss: 0.2961304187774658
[2023-05-03 19:10:20] Train Epoch: 5 [15000/20000 (75.0%)]	Loss: 0.2772212028503418
[2023-05-03 19:10:21] Train Epoch: 5 [16000/20000 (80.0%)]	Loss: 0.5805477499961853
[2023-05-03 19:10:21] Train Epoch: 5 [17000/20000 (85.0%)]	Loss: 0.3657742142677307
[2023-05-03 19:10:21] Train Epoch: 5 [18000/20000 (90.0%)]	Loss: 0.4888466000556946
[2023-05-03 19:10:22] Train Epoch: 5 [19000/20000 (95.0%)]	Loss: 0.4444821774959564
[2023-05-03 19:10:26] ========== Metrics ==========
[2023-05-03 19:10:26] {
  "tr_loss": 0.37869667090980014,
  "tr_acc": 0.8316831683168316,
  "tr_f1": 0.8303598427577865,
  "val_loss": 0.5102433519182122,
  "val_acc": 0.7740273583229703,
  "val_f1": 0.764182424916574,
  "test_loss": 0.5271127165817633,
  "test_acc": 0.7804878048780488,
  "test_f1": 0.7692307692307693
}
[2023-05-03 19:10:26] ========== Metrics ==========
[2023-05-03 19:10:27] Train Epoch: 6 [0/20000 (0.0%)]	Loss: 0.2684949040412903
[2023-05-03 19:10:28] Train Epoch: 6 [1000/20000 (5.0%)]	Loss: 0.2964273989200592
[2023-05-03 19:10:28] Train Epoch: 6 [2000/20000 (10.0%)]	Loss: 0.20970578491687775
[2023-05-03 19:10:28] Train Epoch: 6 [3000/20000 (15.0%)]	Loss: 0.19720634818077087
[2023-05-03 19:10:29] Train Epoch: 6 [4000/20000 (20.0%)]	Loss: 0.29890406131744385
[2023-05-03 19:10:29] Train Epoch: 6 [5000/20000 (25.0%)]	Loss: 0.5091276168823242
[2023-05-03 19:10:30] Train Epoch: 6 [6000/20000 (30.0%)]	Loss: 0.33042237162590027
[2023-05-03 19:10:30] Train Epoch: 6 [7000/20000 (35.0%)]	Loss: 0.26164019107818604
[2023-05-03 19:10:31] Train Epoch: 6 [8000/20000 (40.0%)]	Loss: 0.37662726640701294
[2023-05-03 19:10:31] Train Epoch: 6 [9000/20000 (45.0%)]	Loss: 0.6691935658454895
[2023-05-03 19:10:32] Train Epoch: 6 [10000/20000 (50.0%)]	Loss: 0.44823870062828064
[2023-05-03 19:10:32] Train Epoch: 6 [11000/20000 (55.0%)]	Loss: 0.23491819202899933
[2023-05-03 19:10:32] Train Epoch: 6 [12000/20000 (60.0%)]	Loss: 0.2814464271068573
[2023-05-03 19:10:33] Train Epoch: 6 [13000/20000 (65.0%)]	Loss: 0.3669411540031433
[2023-05-03 19:10:33] Train Epoch: 6 [14000/20000 (70.0%)]	Loss: 0.2438923418521881
[2023-05-03 19:10:34] Train Epoch: 6 [15000/20000 (75.0%)]	Loss: 0.5295979380607605
[2023-05-03 19:10:34] Train Epoch: 6 [16000/20000 (80.0%)]	Loss: 0.2120022028684616
[2023-05-03 19:10:35] Train Epoch: 6 [17000/20000 (85.0%)]	Loss: 0.4415740370750427
[2023-05-03 19:10:35] Train Epoch: 6 [18000/20000 (90.0%)]	Loss: 0.15325602889060974
[2023-05-03 19:10:35] Train Epoch: 6 [19000/20000 (95.0%)]	Loss: 0.3298904001712799
[2023-05-03 19:10:39] ========== Metrics ==========
[2023-05-03 19:10:39] {
  "tr_loss": 0.3293991528644432,
  "tr_acc": 0.8577357735773578,
  "tr_f1": 0.8573577337678615,
  "val_loss": 0.5077634264974278,
  "val_acc": 0.7662106946171612,
  "val_f1": 0.7464354527938343,
  "test_loss": 0.5244345668208631,
  "test_acc": 0.7669376693766937,
  "test_f1": 0.7485380116959064
}
[2023-05-03 19:10:39] ========== Metrics ==========
[2023-05-03 19:10:41] Train Epoch: 7 [0/20000 (0.0%)]	Loss: 0.4293384552001953
[2023-05-03 19:10:41] Train Epoch: 7 [1000/20000 (5.0%)]	Loss: 0.46783024072647095
[2023-05-03 19:10:42] Train Epoch: 7 [2000/20000 (10.0%)]	Loss: 0.2750855088233948
[2023-05-03 19:10:42] Train Epoch: 7 [3000/20000 (15.0%)]	Loss: 0.35023757815361023
[2023-05-03 19:10:42] Train Epoch: 7 [4000/20000 (20.0%)]	Loss: 0.4644833207130432
[2023-05-03 19:10:43] Train Epoch: 7 [5000/20000 (25.0%)]	Loss: 0.2589837908744812
[2023-05-03 19:10:43] Train Epoch: 7 [6000/20000 (30.0%)]	Loss: 0.16188590228557587
[2023-05-03 19:10:44] Train Epoch: 7 [7000/20000 (35.0%)]	Loss: 0.2378181666135788
[2023-05-03 19:10:44] Train Epoch: 7 [8000/20000 (40.0%)]	Loss: 0.618539571762085
[2023-05-03 19:10:45] Train Epoch: 7 [9000/20000 (45.0%)]	Loss: 0.22657659649848938
[2023-05-03 19:10:45] Train Epoch: 7 [10000/20000 (50.0%)]	Loss: 0.24412283301353455
[2023-05-03 19:10:45] Train Epoch: 7 [11000/20000 (55.0%)]	Loss: 0.4851106107234955
[2023-05-03 19:10:46] Train Epoch: 7 [12000/20000 (60.0%)]	Loss: 0.49732813239097595
[2023-05-03 19:10:46] Train Epoch: 7 [13000/20000 (65.0%)]	Loss: 0.2607002854347229
[2023-05-03 19:10:47] Train Epoch: 7 [14000/20000 (70.0%)]	Loss: 0.2441280633211136
[2023-05-03 19:10:47] Train Epoch: 7 [15000/20000 (75.0%)]	Loss: 0.18363815546035767
[2023-05-03 19:10:48] Train Epoch: 7 [16000/20000 (80.0%)]	Loss: 0.27475476264953613
[2023-05-03 19:10:48] Train Epoch: 7 [17000/20000 (85.0%)]	Loss: 0.42897623777389526
[2023-05-03 19:10:48] Train Epoch: 7 [18000/20000 (90.0%)]	Loss: 0.174345463514328
[2023-05-03 19:10:49] Train Epoch: 7 [19000/20000 (95.0%)]	Loss: 0.4947949945926666
[2023-05-03 19:10:53] ========== Metrics ==========
[2023-05-03 19:10:53] {
  "tr_loss": 0.31908333717328163,
  "tr_acc": 0.8638863886388639,
  "tr_f1": 0.8633534136546184,
  "val_loss": 0.519511903935458,
  "val_acc": 0.761947059868538,
  "val_f1": 0.7429996164173379,
  "test_loss": 0.5165868981420833,
  "test_acc": 0.7642276422764228,
  "test_f1": 0.7448680351906158
}
[2023-05-03 19:10:53] ========== Metrics ==========
[2023-05-03 19:10:54] Train Epoch: 8 [0/20000 (0.0%)]	Loss: 0.26269465684890747
[2023-05-03 19:10:55] Train Epoch: 8 [1000/20000 (5.0%)]	Loss: 0.41158708930015564
[2023-05-03 19:10:55] Train Epoch: 8 [2000/20000 (10.0%)]	Loss: 0.2873036563396454
[2023-05-03 19:10:56] Train Epoch: 8 [3000/20000 (15.0%)]	Loss: 0.17631486058235168
[2023-05-03 19:10:56] Train Epoch: 8 [4000/20000 (20.0%)]	Loss: 0.4281749725341797
[2023-05-03 19:10:56] Train Epoch: 8 [5000/20000 (25.0%)]	Loss: 0.3960605263710022
[2023-05-03 19:10:57] Train Epoch: 8 [6000/20000 (30.0%)]	Loss: 0.2692199647426605
[2023-05-03 19:10:57] Train Epoch: 8 [7000/20000 (35.0%)]	Loss: 0.22003312408924103
[2023-05-03 19:10:58] Train Epoch: 8 [8000/20000 (40.0%)]	Loss: 0.7177618741989136
[2023-05-03 19:10:58] Train Epoch: 8 [9000/20000 (45.0%)]	Loss: 0.359887033700943
[2023-05-03 19:10:59] Train Epoch: 8 [10000/20000 (50.0%)]	Loss: 0.11058960109949112
[2023-05-03 19:10:59] Train Epoch: 8 [11000/20000 (55.0%)]	Loss: 0.21976523101329803
[2023-05-03 19:10:59] Train Epoch: 8 [12000/20000 (60.0%)]	Loss: 0.2874273657798767
[2023-05-03 19:11:00] Train Epoch: 8 [13000/20000 (65.0%)]	Loss: 0.1612912118434906
[2023-05-03 19:11:00] Train Epoch: 8 [14000/20000 (70.0%)]	Loss: 0.3842460811138153
[2023-05-03 19:11:01] Train Epoch: 8 [15000/20000 (75.0%)]	Loss: 0.1811692714691162
[2023-05-03 19:11:01] Train Epoch: 8 [16000/20000 (80.0%)]	Loss: 0.5461981296539307
[2023-05-03 19:11:02] Train Epoch: 8 [17000/20000 (85.0%)]	Loss: 0.19770416617393494
[2023-05-03 19:11:02] Train Epoch: 8 [18000/20000 (90.0%)]	Loss: 0.47627249360084534
[2023-05-03 19:11:03] Train Epoch: 8 [19000/20000 (95.0%)]	Loss: 0.18454787135124207
[2023-05-03 19:11:07] ========== Metrics ==========
[2023-05-03 19:11:07] {
  "tr_loss": 0.30224151091940915,
  "tr_acc": 0.873087308730873,
  "tr_f1": 0.8726542900150528,
  "val_loss": 0.5234485334137825,
  "val_acc": 0.7644341801385681,
  "val_f1": 0.7449018853405155,
  "test_loss": 0.5105772154117988,
  "test_acc": 0.7859078590785907,
  "test_f1": 0.7710144927536231
}
[2023-05-03 19:11:07] ========== Metrics ==========
[2023-05-03 19:11:08] Train Epoch: 9 [0/20000 (0.0%)]	Loss: 0.3231891393661499
[2023-05-03 19:11:08] Train Epoch: 9 [1000/20000 (5.0%)]	Loss: 0.2673894762992859
[2023-05-03 19:11:09] Train Epoch: 9 [2000/20000 (10.0%)]	Loss: 0.3370048403739929
[2023-05-03 19:11:09] Train Epoch: 9 [3000/20000 (15.0%)]	Loss: 0.2013893574476242
[2023-05-03 19:11:10] Train Epoch: 9 [4000/20000 (20.0%)]	Loss: 0.1288658231496811
[2023-05-03 19:11:10] Train Epoch: 9 [5000/20000 (25.0%)]	Loss: 0.4336358606815338
[2023-05-03 19:11:10] Train Epoch: 9 [6000/20000 (30.0%)]	Loss: 0.20809046924114227
[2023-05-03 19:11:11] Train Epoch: 9 [7000/20000 (35.0%)]	Loss: 0.3577944338321686
[2023-05-03 19:11:11] Train Epoch: 9 [8000/20000 (40.0%)]	Loss: 0.22260311245918274
[2023-05-03 19:11:12] Train Epoch: 9 [9000/20000 (45.0%)]	Loss: 0.3100718557834625
[2023-05-03 19:11:12] Train Epoch: 9 [10000/20000 (50.0%)]	Loss: 0.5130429863929749
[2023-05-03 19:11:13] Train Epoch: 9 [11000/20000 (55.0%)]	Loss: 0.17947793006896973
[2023-05-03 19:11:13] Train Epoch: 9 [12000/20000 (60.0%)]	Loss: 0.2765929698944092
[2023-05-03 19:11:13] Train Epoch: 9 [13000/20000 (65.0%)]	Loss: 0.31503865122795105
[2023-05-03 19:11:14] Train Epoch: 9 [14000/20000 (70.0%)]	Loss: 0.3286173939704895
[2023-05-03 19:11:14] Train Epoch: 9 [15000/20000 (75.0%)]	Loss: 0.339626282453537
[2023-05-03 19:11:15] Train Epoch: 9 [16000/20000 (80.0%)]	Loss: 0.1959066241979599
[2023-05-03 19:11:15] Train Epoch: 9 [17000/20000 (85.0%)]	Loss: 0.25697463750839233
[2023-05-03 19:11:15] Train Epoch: 9 [18000/20000 (90.0%)]	Loss: 0.21052606403827667
[2023-05-03 19:11:16] Train Epoch: 9 [19000/20000 (95.0%)]	Loss: 0.23831209540367126
[2023-05-03 19:11:20] ========== Metrics ==========
[2023-05-03 19:11:20] {
  "tr_loss": 0.28350729447971024,
  "tr_acc": 0.8805380538053805,
  "tr_f1": 0.8804723069995497,
  "val_loss": 0.5334125582819024,
  "val_acc": 0.7559069106413218,
  "val_f1": 0.7424071991001125,
  "test_loss": 0.5091529406183134,
  "test_acc": 0.7696476964769647,
  "test_f1": 0.7592067988668555
}
[2023-05-03 19:11:20] ========== Metrics ==========
[2023-05-03 19:11:21] Train Epoch: 10 [0/20000 (0.0%)]	Loss: 0.14902810752391815
[2023-05-03 19:11:22] Train Epoch: 10 [1000/20000 (5.0%)]	Loss: 0.2526790201663971
[2023-05-03 19:11:22] Train Epoch: 10 [2000/20000 (10.0%)]	Loss: 0.28273671865463257
[2023-05-03 19:11:22] Train Epoch: 10 [3000/20000 (15.0%)]	Loss: 0.14219160377979279
[2023-05-03 19:11:23] Train Epoch: 10 [4000/20000 (20.0%)]	Loss: 0.19386832416057587
[2023-05-03 19:11:23] Train Epoch: 10 [5000/20000 (25.0%)]	Loss: 0.340975284576416
[2023-05-03 19:11:24] Train Epoch: 10 [6000/20000 (30.0%)]	Loss: 0.23231640458106995
[2023-05-03 19:11:24] Train Epoch: 10 [7000/20000 (35.0%)]	Loss: 0.3710052967071533
[2023-05-03 19:11:25] Train Epoch: 10 [8000/20000 (40.0%)]	Loss: 0.32595744729042053
[2023-05-03 19:11:25] Train Epoch: 10 [9000/20000 (45.0%)]	Loss: 0.19178897142410278
[2023-05-03 19:11:26] Train Epoch: 10 [10000/20000 (50.0%)]	Loss: 0.09364023804664612
[2023-05-03 19:11:26] Train Epoch: 10 [11000/20000 (55.0%)]	Loss: 0.34320980310440063
[2023-05-03 19:11:26] Train Epoch: 10 [12000/20000 (60.0%)]	Loss: 0.21919460594654083
[2023-05-03 19:11:27] Train Epoch: 10 [13000/20000 (65.0%)]	Loss: 0.28415530920028687
[2023-05-03 19:11:27] Train Epoch: 10 [14000/20000 (70.0%)]	Loss: 0.16588182747364044
[2023-05-03 19:11:28] Train Epoch: 10 [15000/20000 (75.0%)]	Loss: 0.1564939022064209
[2023-05-03 19:11:28] Train Epoch: 10 [16000/20000 (80.0%)]	Loss: 0.31367141008377075
[2023-05-03 19:11:29] Train Epoch: 10 [17000/20000 (85.0%)]	Loss: 0.22230347990989685
[2023-05-03 19:11:29] Train Epoch: 10 [18000/20000 (90.0%)]	Loss: 0.2117927521467209
[2023-05-03 19:11:29] Train Epoch: 10 [19000/20000 (95.0%)]	Loss: 0.296798974275589
[2023-05-03 19:11:34] ========== Metrics ==========
[2023-05-03 19:11:34] {
  "tr_loss": 0.2668059615753438,
  "tr_acc": 0.8882888288828883,
  "tr_f1": 0.8884784345047924,
  "val_loss": 0.5629135794020351,
  "val_acc": 0.750755018653402,
  "val_f1": 0.733826598368431,
  "test_loss": 0.5238303970192183,
  "test_acc": 0.7669376693766937,
  "test_f1": 0.7570621468926553
}
[2023-05-03 19:11:34] ========== Metrics ==========
