[2023-05-03 19:37:35] Train Epoch: 1 [0/20000 (0.0%)]	Loss: 0.6930959820747375
[2023-05-03 19:37:35] Train Epoch: 1 [1000/20000 (5.0%)]	Loss: 0.6907943487167358
[2023-05-03 19:37:36] Train Epoch: 1 [2000/20000 (10.0%)]	Loss: 0.6888148188591003
[2023-05-03 19:37:36] Train Epoch: 1 [3000/20000 (15.0%)]	Loss: 0.6930137872695923
[2023-05-03 19:37:37] Train Epoch: 1 [4000/20000 (20.0%)]	Loss: 0.6931477189064026
[2023-05-03 19:37:37] Train Epoch: 1 [5000/20000 (25.0%)]	Loss: 0.6938006281852722
[2023-05-03 19:37:38] Train Epoch: 1 [6000/20000 (30.0%)]	Loss: 0.6942858099937439
[2023-05-03 19:37:38] Train Epoch: 1 [7000/20000 (35.0%)]	Loss: 0.6952377557754517
[2023-05-03 19:37:38] Train Epoch: 1 [8000/20000 (40.0%)]	Loss: 0.6936181783676147
[2023-05-03 19:37:39] Train Epoch: 1 [9000/20000 (45.0%)]	Loss: 0.695531964302063
[2023-05-03 19:37:39] Train Epoch: 1 [10000/20000 (50.0%)]	Loss: 0.693199098110199
[2023-05-03 19:37:39] Train Epoch: 1 [11000/20000 (55.0%)]	Loss: 0.6926945447921753
[2023-05-03 19:37:40] Train Epoch: 1 [12000/20000 (60.0%)]	Loss: 0.6913341283798218
[2023-05-03 19:37:40] Train Epoch: 1 [13000/20000 (65.0%)]	Loss: 0.6923356056213379
[2023-05-03 19:37:41] Train Epoch: 1 [14000/20000 (70.0%)]	Loss: 0.6932339668273926
[2023-05-03 19:37:41] Train Epoch: 1 [15000/20000 (75.0%)]	Loss: 0.693168044090271
[2023-05-03 19:37:42] Train Epoch: 1 [16000/20000 (80.0%)]	Loss: 0.6931470632553101
[2023-05-03 19:37:42] Train Epoch: 1 [17000/20000 (85.0%)]	Loss: 0.6930028200149536
[2023-05-03 19:37:42] Train Epoch: 1 [18000/20000 (90.0%)]	Loss: 0.695635199546814
[2023-05-03 19:37:43] Train Epoch: 1 [19000/20000 (95.0%)]	Loss: 0.6957345604896545
[2023-05-03 19:37:47] ========== Metrics ==========
[2023-05-03 19:37:47] {
  "tr_loss": 0.6933238026094098,
  "tr_acc": 0.4964996499649965,
  "tr_f1": 0.5169585032381866,
  "val_loss": 0.694502350449202,
  "val_acc": 0.5004441286196483,
  "val_f1": 0.0,
  "test_loss": 0.7137827918458437,
  "test_acc": 0.4932249322493225,
  "test_f1": 0.0
}
[2023-05-03 19:37:47] ========== Metrics ==========
[2023-05-03 19:37:49] Train Epoch: 2 [0/20000 (0.0%)]	Loss: 0.6931540966033936
[2023-05-03 19:37:49] Train Epoch: 2 [1000/20000 (5.0%)]	Loss: 0.6947985887527466
[2023-05-03 19:37:50] Train Epoch: 2 [2000/20000 (10.0%)]	Loss: 0.6936377286911011
[2023-05-03 19:37:50] Train Epoch: 2 [3000/20000 (15.0%)]	Loss: 0.6931511163711548
[2023-05-03 19:37:50] Train Epoch: 2 [4000/20000 (20.0%)]	Loss: 0.6938706636428833
[2023-05-03 19:37:51] Train Epoch: 2 [5000/20000 (25.0%)]	Loss: 0.6935379505157471
[2023-05-03 19:37:51] Train Epoch: 2 [6000/20000 (30.0%)]	Loss: 0.6950270533561707
[2023-05-03 19:37:52] Train Epoch: 2 [7000/20000 (35.0%)]	Loss: 0.693252682685852
[2023-05-03 19:37:52] Train Epoch: 2 [8000/20000 (40.0%)]	Loss: 0.6910380125045776
[2023-05-03 19:37:52] Train Epoch: 2 [9000/20000 (45.0%)]	Loss: 0.6969268918037415
[2023-05-03 19:37:53] Train Epoch: 2 [10000/20000 (50.0%)]	Loss: 0.6930915117263794
[2023-05-03 19:37:53] Train Epoch: 2 [11000/20000 (55.0%)]	Loss: 0.6927008628845215
[2023-05-03 19:37:54] Train Epoch: 2 [12000/20000 (60.0%)]	Loss: 0.6411044597625732
[2023-05-03 19:37:54] Train Epoch: 2 [13000/20000 (65.0%)]	Loss: 0.6602233648300171
[2023-05-03 19:37:54] Train Epoch: 2 [14000/20000 (70.0%)]	Loss: 0.6542853116989136
[2023-05-03 19:37:55] Train Epoch: 2 [15000/20000 (75.0%)]	Loss: 0.646760880947113
[2023-05-03 19:37:55] Train Epoch: 2 [16000/20000 (80.0%)]	Loss: 0.6750384569168091
[2023-05-03 19:37:56] Train Epoch: 2 [17000/20000 (85.0%)]	Loss: 0.6680790781974792
[2023-05-03 19:37:56] Train Epoch: 2 [18000/20000 (90.0%)]	Loss: 0.5811402797698975
[2023-05-03 19:37:57] Train Epoch: 2 [19000/20000 (95.0%)]	Loss: 0.6012895107269287
[2023-05-03 19:38:01] ========== Metrics ==========
[2023-05-03 19:38:01] {
  "tr_loss": 0.6729472790471147,
  "tr_acc": 0.5524052405240524,
  "tr_f1": 0.4241137489545133,
  "val_loss": 0.590351993225675,
  "val_acc": 0.699236098774205,
  "val_f1": 0.712807463952502,
  "test_loss": 0.5789566799231015,
  "test_acc": 0.7154471544715447,
  "test_f1": 0.7244094488188977
}
[2023-05-03 19:38:01] ========== Metrics ==========
[2023-05-03 19:38:02] Train Epoch: 3 [0/20000 (0.0%)]	Loss: 0.516389787197113
[2023-05-03 19:38:03] Train Epoch: 3 [1000/20000 (5.0%)]	Loss: 0.5056619048118591
[2023-05-03 19:38:03] Train Epoch: 3 [2000/20000 (10.0%)]	Loss: 0.44901102781295776
[2023-05-03 19:38:04] Train Epoch: 3 [3000/20000 (15.0%)]	Loss: 0.5471175909042358
[2023-05-03 19:38:04] Train Epoch: 3 [4000/20000 (20.0%)]	Loss: 0.4733358323574066
[2023-05-03 19:38:04] Train Epoch: 3 [5000/20000 (25.0%)]	Loss: 0.5931967496871948
[2023-05-03 19:38:05] Train Epoch: 3 [6000/20000 (30.0%)]	Loss: 0.7018046975135803
[2023-05-03 19:38:05] Train Epoch: 3 [7000/20000 (35.0%)]	Loss: 0.6842602491378784
[2023-05-03 19:38:06] Train Epoch: 3 [8000/20000 (40.0%)]	Loss: 0.42005008459091187
[2023-05-03 19:38:06] Train Epoch: 3 [9000/20000 (45.0%)]	Loss: 0.497761070728302
[2023-05-03 19:38:07] Train Epoch: 3 [10000/20000 (50.0%)]	Loss: 0.45190802216529846
[2023-05-03 19:38:07] Train Epoch: 3 [11000/20000 (55.0%)]	Loss: 0.45654550194740295
[2023-05-03 19:38:08] Train Epoch: 3 [12000/20000 (60.0%)]	Loss: 0.6628479957580566
[2023-05-03 19:38:08] Train Epoch: 3 [13000/20000 (65.0%)]	Loss: 0.7944279909133911
[2023-05-03 19:38:09] Train Epoch: 3 [14000/20000 (70.0%)]	Loss: 0.5008949637413025
[2023-05-03 19:38:09] Train Epoch: 3 [15000/20000 (75.0%)]	Loss: 0.3449667692184448
[2023-05-03 19:38:09] Train Epoch: 3 [16000/20000 (80.0%)]	Loss: 0.5757825374603271
[2023-05-03 19:38:10] Train Epoch: 3 [17000/20000 (85.0%)]	Loss: 0.6017125844955444
[2023-05-03 19:38:10] Train Epoch: 3 [18000/20000 (90.0%)]	Loss: 0.3222272992134094
[2023-05-03 19:38:11] Train Epoch: 3 [19000/20000 (95.0%)]	Loss: 0.6236811876296997
[2023-05-03 19:38:15] ========== Metrics ==========
[2023-05-03 19:38:15] {
  "tr_loss": 0.5295202387894543,
  "tr_acc": 0.7375237523752375,
  "tr_f1": 0.7366942563330825,
  "val_loss": 0.559462620301788,
  "val_acc": 0.7248179072659442,
  "val_f1": 0.7669625394915,
  "test_loss": 0.561179576850519,
  "test_acc": 0.7289972899728997,
  "test_f1": 0.7674418604651163
}
[2023-05-03 19:38:15] ========== Metrics ==========
[2023-05-03 19:38:16] Train Epoch: 4 [0/20000 (0.0%)]	Loss: 0.5032968521118164
[2023-05-03 19:38:17] Train Epoch: 4 [1000/20000 (5.0%)]	Loss: 0.3568294942378998
[2023-05-03 19:38:17] Train Epoch: 4 [2000/20000 (10.0%)]	Loss: 0.4036216735839844
[2023-05-03 19:38:18] Train Epoch: 4 [3000/20000 (15.0%)]	Loss: 0.33611544966697693
[2023-05-03 19:38:18] Train Epoch: 4 [4000/20000 (20.0%)]	Loss: 0.30718210339546204
[2023-05-03 19:38:19] Train Epoch: 4 [5000/20000 (25.0%)]	Loss: 0.5048513412475586
[2023-05-03 19:38:19] Train Epoch: 4 [6000/20000 (30.0%)]	Loss: 0.37811046838760376
[2023-05-03 19:38:20] Train Epoch: 4 [7000/20000 (35.0%)]	Loss: 0.7609211206436157
[2023-05-03 19:38:20] Train Epoch: 4 [8000/20000 (40.0%)]	Loss: 0.35283026099205017
[2023-05-03 19:38:20] Train Epoch: 4 [9000/20000 (45.0%)]	Loss: 0.6032220125198364
[2023-05-03 19:38:21] Train Epoch: 4 [10000/20000 (50.0%)]	Loss: 0.2659483850002289
[2023-05-03 19:38:21] Train Epoch: 4 [11000/20000 (55.0%)]	Loss: 0.5427954792976379
[2023-05-03 19:38:22] Train Epoch: 4 [12000/20000 (60.0%)]	Loss: 0.5177755355834961
[2023-05-03 19:38:22] Train Epoch: 4 [13000/20000 (65.0%)]	Loss: 0.49774065613746643
[2023-05-03 19:38:23] Train Epoch: 4 [14000/20000 (70.0%)]	Loss: 0.4223457872867584
[2023-05-03 19:38:23] Train Epoch: 4 [15000/20000 (75.0%)]	Loss: 0.6817406415939331
[2023-05-03 19:38:23] Train Epoch: 4 [16000/20000 (80.0%)]	Loss: 0.5058141946792603
[2023-05-03 19:38:24] Train Epoch: 4 [17000/20000 (85.0%)]	Loss: 0.5302530527114868
[2023-05-03 19:38:24] Train Epoch: 4 [18000/20000 (90.0%)]	Loss: 0.5858389139175415
[2023-05-03 19:38:25] Train Epoch: 4 [19000/20000 (95.0%)]	Loss: 0.4483254551887512
[2023-05-03 19:38:29] ========== Metrics ==========
[2023-05-03 19:38:29] {
  "tr_loss": 0.4273576513476724,
  "tr_acc": 0.8027802780278028,
  "tr_f1": 0.8010090817356205,
  "val_loss": 0.5412016440759355,
  "val_acc": 0.7445372179783265,
  "val_f1": 0.779718137254902,
  "test_loss": 0.5531003077824911,
  "test_acc": 0.7533875338753387,
  "test_f1": 0.7848699763593381
}
[2023-05-03 19:38:29] ========== Metrics ==========
[2023-05-03 19:38:30] Train Epoch: 5 [0/20000 (0.0%)]	Loss: 0.4162195324897766
[2023-05-03 19:38:31] Train Epoch: 5 [1000/20000 (5.0%)]	Loss: 0.5234447121620178
[2023-05-03 19:38:31] Train Epoch: 5 [2000/20000 (10.0%)]	Loss: 0.36555761098861694
[2023-05-03 19:38:32] Train Epoch: 5 [3000/20000 (15.0%)]	Loss: 0.4869300425052643
[2023-05-03 19:38:32] Train Epoch: 5 [4000/20000 (20.0%)]	Loss: 0.4736875593662262
[2023-05-03 19:38:32] Train Epoch: 5 [5000/20000 (25.0%)]	Loss: 0.5199950337409973
[2023-05-03 19:38:33] Train Epoch: 5 [6000/20000 (30.0%)]	Loss: 0.31454113125801086
[2023-05-03 19:38:33] Train Epoch: 5 [7000/20000 (35.0%)]	Loss: 0.4675997793674469
[2023-05-03 19:38:34] Train Epoch: 5 [8000/20000 (40.0%)]	Loss: 0.23017199337482452
[2023-05-03 19:38:34] Train Epoch: 5 [9000/20000 (45.0%)]	Loss: 0.2589941620826721
[2023-05-03 19:38:35] Train Epoch: 5 [10000/20000 (50.0%)]	Loss: 0.3078429400920868
[2023-05-03 19:38:35] Train Epoch: 5 [11000/20000 (55.0%)]	Loss: 0.6568302512168884
[2023-05-03 19:38:35] Train Epoch: 5 [12000/20000 (60.0%)]	Loss: 0.26270604133605957
[2023-05-03 19:38:36] Train Epoch: 5 [13000/20000 (65.0%)]	Loss: 0.38712114095687866
[2023-05-03 19:38:36] Train Epoch: 5 [14000/20000 (70.0%)]	Loss: 0.38086438179016113
[2023-05-03 19:38:37] Train Epoch: 5 [15000/20000 (75.0%)]	Loss: 0.26726576685905457
[2023-05-03 19:38:37] Train Epoch: 5 [16000/20000 (80.0%)]	Loss: 0.5714395642280579
[2023-05-03 19:38:38] Train Epoch: 5 [17000/20000 (85.0%)]	Loss: 0.766006588935852
[2023-05-03 19:38:38] Train Epoch: 5 [18000/20000 (90.0%)]	Loss: 0.22727100551128387
[2023-05-03 19:38:38] Train Epoch: 5 [19000/20000 (95.0%)]	Loss: 0.1545720249414444
[2023-05-03 19:38:43] ========== Metrics ==========
[2023-05-03 19:38:43] {
  "tr_loss": 0.3800448748615697,
  "tr_acc": 0.8313331333133314,
  "tr_f1": 0.829947063271994,
  "val_loss": 0.5145244002024558,
  "val_acc": 0.7839758394030911,
  "val_f1": 0.7816876122082586,
  "test_loss": 0.5087816747546519,
  "test_acc": 0.8102981029810298,
  "test_f1": 0.7999999999999999
}
[2023-05-03 19:38:43] ========== Metrics ==========
[2023-05-03 19:38:44] Train Epoch: 6 [0/20000 (0.0%)]	Loss: 0.3747132420539856
[2023-05-03 19:38:44] Train Epoch: 6 [1000/20000 (5.0%)]	Loss: 0.30644142627716064
[2023-05-03 19:38:45] Train Epoch: 6 [2000/20000 (10.0%)]	Loss: 0.26452526450157166
[2023-05-03 19:38:45] Train Epoch: 6 [3000/20000 (15.0%)]	Loss: 0.4036282002925873
[2023-05-03 19:38:46] Train Epoch: 6 [4000/20000 (20.0%)]	Loss: 0.2687714695930481
[2023-05-03 19:38:46] Train Epoch: 6 [5000/20000 (25.0%)]	Loss: 0.2182323932647705
[2023-05-03 19:38:46] Train Epoch: 6 [6000/20000 (30.0%)]	Loss: 0.29137882590293884
[2023-05-03 19:38:47] Train Epoch: 6 [7000/20000 (35.0%)]	Loss: 0.37261661887168884
[2023-05-03 19:38:47] Train Epoch: 6 [8000/20000 (40.0%)]	Loss: 0.44559210538864136
[2023-05-03 19:38:48] Train Epoch: 6 [9000/20000 (45.0%)]	Loss: 0.24546745419502258
[2023-05-03 19:38:48] Train Epoch: 6 [10000/20000 (50.0%)]	Loss: 0.28578490018844604
[2023-05-03 19:38:49] Train Epoch: 6 [11000/20000 (55.0%)]	Loss: 0.306170791387558
[2023-05-03 19:38:49] Train Epoch: 6 [12000/20000 (60.0%)]	Loss: 0.2486988604068756
[2023-05-03 19:38:49] Train Epoch: 6 [13000/20000 (65.0%)]	Loss: 0.3564472496509552
[2023-05-03 19:38:50] Train Epoch: 6 [14000/20000 (70.0%)]	Loss: 0.15244485437870026
[2023-05-03 19:38:50] Train Epoch: 6 [15000/20000 (75.0%)]	Loss: 0.2186405211687088
[2023-05-03 19:38:51] Train Epoch: 6 [16000/20000 (80.0%)]	Loss: 0.469194233417511
[2023-05-03 19:38:51] Train Epoch: 6 [17000/20000 (85.0%)]	Loss: 0.1935339868068695
[2023-05-03 19:38:52] Train Epoch: 6 [18000/20000 (90.0%)]	Loss: 0.2903326451778412
[2023-05-03 19:38:52] Train Epoch: 6 [19000/20000 (95.0%)]	Loss: 0.20902016758918762
[2023-05-03 19:38:56] ========== Metrics ==========
[2023-05-03 19:38:56] {
  "tr_loss": 0.33274224401861563,
  "tr_acc": 0.8554855485548555,
  "tr_f1": 0.8542465200726246,
  "val_loss": 0.5032738391491972,
  "val_acc": 0.7740273583229703,
  "val_f1": 0.795103092783505,
  "test_loss": 0.4882412002015566,
  "test_acc": 0.7642276422764228,
  "test_f1": 0.7786259541984734
}
[2023-05-03 19:38:56] ========== Metrics ==========
[2023-05-03 19:38:57] Train Epoch: 7 [0/20000 (0.0%)]	Loss: 0.41238078474998474
[2023-05-03 19:38:58] Train Epoch: 7 [1000/20000 (5.0%)]	Loss: 0.5995288491249084
[2023-05-03 19:38:58] Train Epoch: 7 [2000/20000 (10.0%)]	Loss: 0.31031346321105957
[2023-05-03 19:38:59] Train Epoch: 7 [3000/20000 (15.0%)]	Loss: 0.24750395119190216
[2023-05-03 19:38:59] Train Epoch: 7 [4000/20000 (20.0%)]	Loss: 0.23800130188465118
[2023-05-03 19:39:00] Train Epoch: 7 [5000/20000 (25.0%)]	Loss: 0.19121810793876648
[2023-05-03 19:39:00] Train Epoch: 7 [6000/20000 (30.0%)]	Loss: 0.4104989469051361
[2023-05-03 19:39:01] Train Epoch: 7 [7000/20000 (35.0%)]	Loss: 0.6578588485717773
[2023-05-03 19:39:01] Train Epoch: 7 [8000/20000 (40.0%)]	Loss: 0.3874332308769226
[2023-05-03 19:39:01] Train Epoch: 7 [9000/20000 (45.0%)]	Loss: 0.2485465705394745
[2023-05-03 19:39:02] Train Epoch: 7 [10000/20000 (50.0%)]	Loss: 0.1702052652835846
[2023-05-03 19:39:02] Train Epoch: 7 [11000/20000 (55.0%)]	Loss: 0.2362152338027954
[2023-05-03 19:39:03] Train Epoch: 7 [12000/20000 (60.0%)]	Loss: 0.07252588868141174
[2023-05-03 19:39:03] Train Epoch: 7 [13000/20000 (65.0%)]	Loss: 0.26970744132995605
[2023-05-03 19:39:04] Train Epoch: 7 [14000/20000 (70.0%)]	Loss: 0.44436126947402954
[2023-05-03 19:39:04] Train Epoch: 7 [15000/20000 (75.0%)]	Loss: 0.3204229474067688
[2023-05-03 19:39:04] Train Epoch: 7 [16000/20000 (80.0%)]	Loss: 0.6067430973052979
[2023-05-03 19:39:05] Train Epoch: 7 [17000/20000 (85.0%)]	Loss: 0.23656241595745087
[2023-05-03 19:39:05] Train Epoch: 7 [18000/20000 (90.0%)]	Loss: 0.5352503061294556
[2023-05-03 19:39:06] Train Epoch: 7 [19000/20000 (95.0%)]	Loss: 0.6652647256851196
[2023-05-03 19:39:10] ========== Metrics ==========
[2023-05-03 19:39:10] {
  "tr_loss": 0.3291205700897839,
  "tr_acc": 0.8583358335833583,
  "tr_f1": 0.8578881364434412,
  "val_loss": 0.4946832028729684,
  "val_acc": 0.7848640966423877,
  "val_f1": 0.7946413430557909,
  "test_loss": 0.48955179649962965,
  "test_acc": 0.7913279132791328,
  "test_f1": 0.7913279132791329
}
[2023-05-03 19:39:10] ========== Metrics ==========
[2023-05-03 19:39:11] Train Epoch: 8 [0/20000 (0.0%)]	Loss: 0.2799212336540222
[2023-05-03 19:39:12] Train Epoch: 8 [1000/20000 (5.0%)]	Loss: 0.33424198627471924
[2023-05-03 19:39:12] Train Epoch: 8 [2000/20000 (10.0%)]	Loss: 0.29112380743026733
[2023-05-03 19:39:13] Train Epoch: 8 [3000/20000 (15.0%)]	Loss: 0.2341010570526123
[2023-05-03 19:39:13] Train Epoch: 8 [4000/20000 (20.0%)]	Loss: 0.23050495982170105
[2023-05-03 19:39:14] Train Epoch: 8 [5000/20000 (25.0%)]	Loss: 0.42347851395606995
[2023-05-03 19:39:14] Train Epoch: 8 [6000/20000 (30.0%)]	Loss: 0.3477678894996643
[2023-05-03 19:39:14] Train Epoch: 8 [7000/20000 (35.0%)]	Loss: 0.5644063353538513
[2023-05-03 19:39:15] Train Epoch: 8 [8000/20000 (40.0%)]	Loss: 0.3089803159236908
[2023-05-03 19:39:15] Train Epoch: 8 [9000/20000 (45.0%)]	Loss: 0.3409428894519806
[2023-05-03 19:39:16] Train Epoch: 8 [10000/20000 (50.0%)]	Loss: 0.4634106755256653
[2023-05-03 19:39:16] Train Epoch: 8 [11000/20000 (55.0%)]	Loss: 0.3385028541088104
[2023-05-03 19:39:17] Train Epoch: 8 [12000/20000 (60.0%)]	Loss: 0.7605862617492676
[2023-05-03 19:39:17] Train Epoch: 8 [13000/20000 (65.0%)]	Loss: 0.3540049195289612
[2023-05-03 19:39:17] Train Epoch: 8 [14000/20000 (70.0%)]	Loss: 0.49441784620285034
[2023-05-03 19:39:18] Train Epoch: 8 [15000/20000 (75.0%)]	Loss: 0.39482778310775757
[2023-05-03 19:39:18] Train Epoch: 8 [16000/20000 (80.0%)]	Loss: 0.3450178802013397
[2023-05-03 19:39:19] Train Epoch: 8 [17000/20000 (85.0%)]	Loss: 0.24261686205863953
[2023-05-03 19:39:19] Train Epoch: 8 [18000/20000 (90.0%)]	Loss: 0.2853859066963196
[2023-05-03 19:39:19] Train Epoch: 8 [19000/20000 (95.0%)]	Loss: 0.38819620013237
[2023-05-03 19:39:24] ========== Metrics ==========
[2023-05-03 19:39:24] {
  "tr_loss": 0.3257742797908741,
  "tr_acc": 0.8586358635863587,
  "tr_f1": 0.8578039334037523,
  "val_loss": 0.5046471921096032,
  "val_acc": 0.7651447859300053,
  "val_f1": 0.7919420837267863,
  "test_loss": 0.486689436080333,
  "test_acc": 0.7425474254742548,
  "test_f1": 0.7665847665847666
}
[2023-05-03 19:39:24] ========== Metrics ==========
[2023-05-03 19:39:25] Train Epoch: 9 [0/20000 (0.0%)]	Loss: 0.3942689299583435
[2023-05-03 19:39:25] Train Epoch: 9 [1000/20000 (5.0%)]	Loss: 0.3460548520088196
[2023-05-03 19:39:26] Train Epoch: 9 [2000/20000 (10.0%)]	Loss: 0.2789439260959625
[2023-05-03 19:39:26] Train Epoch: 9 [3000/20000 (15.0%)]	Loss: 0.3284706771373749
[2023-05-03 19:39:27] Train Epoch: 9 [4000/20000 (20.0%)]	Loss: 0.2727905213832855
[2023-05-03 19:39:27] Train Epoch: 9 [5000/20000 (25.0%)]	Loss: 0.3357779383659363
[2023-05-03 19:39:27] Train Epoch: 9 [6000/20000 (30.0%)]	Loss: 0.3259541988372803
[2023-05-03 19:39:28] Train Epoch: 9 [7000/20000 (35.0%)]	Loss: 0.23622898757457733
[2023-05-03 19:39:28] Train Epoch: 9 [8000/20000 (40.0%)]	Loss: 0.3705829679965973
[2023-05-03 19:39:29] Train Epoch: 9 [9000/20000 (45.0%)]	Loss: 0.21928732097148895
[2023-05-03 19:39:29] Train Epoch: 9 [10000/20000 (50.0%)]	Loss: 0.36826804280281067
[2023-05-03 19:39:30] Train Epoch: 9 [11000/20000 (55.0%)]	Loss: 0.36959391832351685
[2023-05-03 19:39:30] Train Epoch: 9 [12000/20000 (60.0%)]	Loss: 0.22364866733551025
[2023-05-03 19:39:31] Train Epoch: 9 [13000/20000 (65.0%)]	Loss: 0.23996353149414062
[2023-05-03 19:39:31] Train Epoch: 9 [14000/20000 (70.0%)]	Loss: 0.1270395815372467
[2023-05-03 19:39:31] Train Epoch: 9 [15000/20000 (75.0%)]	Loss: 0.48772770166397095
[2023-05-03 19:39:32] Train Epoch: 9 [16000/20000 (80.0%)]	Loss: 0.28834742307662964
[2023-05-03 19:39:32] Train Epoch: 9 [17000/20000 (85.0%)]	Loss: 0.1359775811433792
[2023-05-03 19:39:33] Train Epoch: 9 [18000/20000 (90.0%)]	Loss: 0.2638748586177826
[2023-05-03 19:39:33] Train Epoch: 9 [19000/20000 (95.0%)]	Loss: 0.32367008924484253
[2023-05-03 19:39:37] ========== Metrics ==========
[2023-05-03 19:39:37] {
  "tr_loss": 0.3178829775013105,
  "tr_acc": 0.8614361436143614,
  "tr_f1": 0.8610400682011934,
  "val_loss": 0.5030473497583549,
  "val_acc": 0.7647894830342867,
  "val_f1": 0.7913646391427671,
  "test_loss": 0.4860601725617075,
  "test_acc": 0.7452574525745257,
  "test_f1": 0.7684729064039408
}
[2023-05-03 19:39:37] ========== Metrics ==========
[2023-05-03 19:39:39] Train Epoch: 10 [0/20000 (0.0%)]	Loss: 0.3561423420906067
[2023-05-03 19:39:39] Train Epoch: 10 [1000/20000 (5.0%)]	Loss: 0.19569700956344604
[2023-05-03 19:39:40] Train Epoch: 10 [2000/20000 (10.0%)]	Loss: 0.33752670884132385
[2023-05-03 19:39:40] Train Epoch: 10 [3000/20000 (15.0%)]	Loss: 0.6132520437240601
[2023-05-03 19:39:40] Train Epoch: 10 [4000/20000 (20.0%)]	Loss: 0.37814465165138245
[2023-05-03 19:39:41] Train Epoch: 10 [5000/20000 (25.0%)]	Loss: 0.18085870146751404
[2023-05-03 19:39:41] Train Epoch: 10 [6000/20000 (30.0%)]	Loss: 0.4328780174255371
[2023-05-03 19:39:42] Train Epoch: 10 [7000/20000 (35.0%)]	Loss: 0.2384042739868164
[2023-05-03 19:39:42] Train Epoch: 10 [8000/20000 (40.0%)]	Loss: 0.3090457320213318
[2023-05-03 19:39:43] Train Epoch: 10 [9000/20000 (45.0%)]	Loss: 0.26625457406044006
[2023-05-03 19:39:43] Train Epoch: 10 [10000/20000 (50.0%)]	Loss: 0.2739439606666565
[2023-05-03 19:39:44] Train Epoch: 10 [11000/20000 (55.0%)]	Loss: 0.25349709391593933
[2023-05-03 19:39:44] Train Epoch: 10 [12000/20000 (60.0%)]	Loss: 0.23692075908184052
[2023-05-03 19:39:44] Train Epoch: 10 [13000/20000 (65.0%)]	Loss: 0.23306164145469666
[2023-05-03 19:39:45] Train Epoch: 10 [14000/20000 (70.0%)]	Loss: 0.21441631019115448
[2023-05-03 19:39:45] Train Epoch: 10 [15000/20000 (75.0%)]	Loss: 0.21749725937843323
[2023-05-03 19:39:46] Train Epoch: 10 [16000/20000 (80.0%)]	Loss: 0.7381789088249207
[2023-05-03 19:39:46] Train Epoch: 10 [17000/20000 (85.0%)]	Loss: 0.3439376950263977
[2023-05-03 19:39:47] Train Epoch: 10 [18000/20000 (90.0%)]	Loss: 0.3194335997104645
[2023-05-03 19:39:47] Train Epoch: 10 [19000/20000 (95.0%)]	Loss: 0.2279181182384491
[2023-05-03 19:39:51] ========== Metrics ==========
[2023-05-03 19:39:51] {
  "tr_loss": 0.31465105914344715,
  "tr_acc": 0.8657865786578658,
  "tr_f1": 0.8652069104057855,
  "val_loss": 0.503493737191793,
  "val_acc": 0.7635459228992716,
  "val_f1": 0.7916079536558636,
  "test_loss": 0.48382434903121574,
  "test_acc": 0.7533875338753387,
  "test_f1": 0.778588807785888
}
[2023-05-03 19:39:51] ========== Metrics ==========
