[2023-05-04 17:06:32] Train Epoch: 1 [0/20000 (0.0%)]	Loss: 0.6906378865242004
[2023-05-04 17:06:33] Train Epoch: 1 [1000/20000 (5.0%)]	Loss: 0.6931599378585815
[2023-05-04 17:06:33] Train Epoch: 1 [2000/20000 (10.0%)]	Loss: 0.6910860538482666
[2023-05-04 17:06:34] Train Epoch: 1 [3000/20000 (15.0%)]	Loss: 0.6941113471984863
[2023-05-04 17:06:34] Train Epoch: 1 [4000/20000 (20.0%)]	Loss: 0.6931537985801697
[2023-05-04 17:06:35] Train Epoch: 1 [5000/20000 (25.0%)]	Loss: 0.6931477785110474
[2023-05-04 17:06:35] Train Epoch: 1 [6000/20000 (30.0%)]	Loss: 0.6927024722099304
[2023-05-04 17:06:36] Train Epoch: 1 [7000/20000 (35.0%)]	Loss: 0.6932411193847656
[2023-05-04 17:06:36] Train Epoch: 1 [8000/20000 (40.0%)]	Loss: 0.6968368291854858
[2023-05-04 17:06:37] Train Epoch: 1 [9000/20000 (45.0%)]	Loss: 0.691727340221405
[2023-05-04 17:06:37] Train Epoch: 1 [10000/20000 (50.0%)]	Loss: 0.6894268989562988
[2023-05-04 17:06:38] Train Epoch: 1 [11000/20000 (55.0%)]	Loss: 0.6945012807846069
[2023-05-04 17:06:38] Train Epoch: 1 [12000/20000 (60.0%)]	Loss: 0.6931649446487427
[2023-05-04 17:06:39] Train Epoch: 1 [13000/20000 (65.0%)]	Loss: 0.6927573680877686
[2023-05-04 17:06:39] Train Epoch: 1 [14000/20000 (70.0%)]	Loss: 0.693597674369812
[2023-05-04 17:06:40] Train Epoch: 1 [15000/20000 (75.0%)]	Loss: 0.6988579630851746
[2023-05-04 17:06:40] Train Epoch: 1 [16000/20000 (80.0%)]	Loss: 0.6942766904830933
[2023-05-04 17:06:41] Train Epoch: 1 [17000/20000 (85.0%)]	Loss: 0.6946505904197693
[2023-05-04 17:06:41] Train Epoch: 1 [18000/20000 (90.0%)]	Loss: 0.6931595206260681
[2023-05-04 17:06:42] Train Epoch: 1 [19000/20000 (95.0%)]	Loss: 0.6937174201011658
[2023-05-04 17:06:44] ========== Metrics ==========
[2023-05-04 17:06:44] {
  "tr_loss": 0.6932745156663456,
  "tr_acc": 0.5003000300030003,
  "tr_f1": 0.5320972046635764,
  "val_loss": 0.6946076489528344,
  "val_acc": 0.49955587138035173,
  "val_f1": 0.6662717687477786,
  "test_loss": 0.7139512323105561,
  "test_acc": 0.5067750677506775,
  "test_f1": 0.6726618705035972
}
[2023-05-04 17:06:44] ========== Metrics ==========
[2023-05-04 17:06:44] Train Epoch: 2 [0/20000 (0.0%)]	Loss: 0.6932436227798462
[2023-05-04 17:06:45] Train Epoch: 2 [1000/20000 (5.0%)]	Loss: 0.6924874782562256
[2023-05-04 17:06:45] Train Epoch: 2 [2000/20000 (10.0%)]	Loss: 0.6963119506835938
[2023-05-04 17:06:46] Train Epoch: 2 [3000/20000 (15.0%)]	Loss: 0.6928797960281372
[2023-05-04 17:06:46] Train Epoch: 2 [4000/20000 (20.0%)]	Loss: 0.6947547197341919
[2023-05-04 17:06:47] Train Epoch: 2 [5000/20000 (25.0%)]	Loss: 0.6925668120384216
[2023-05-04 17:06:47] Train Epoch: 2 [6000/20000 (30.0%)]	Loss: 0.6944777965545654
[2023-05-04 17:06:48] Train Epoch: 2 [7000/20000 (35.0%)]	Loss: 0.6954301595687866
[2023-05-04 17:06:48] Train Epoch: 2 [8000/20000 (40.0%)]	Loss: 0.6931477785110474
[2023-05-04 17:06:49] Train Epoch: 2 [9000/20000 (45.0%)]	Loss: 0.6931734085083008
[2023-05-04 17:06:49] Train Epoch: 2 [10000/20000 (50.0%)]	Loss: 0.6913516521453857
[2023-05-04 17:06:50] Train Epoch: 2 [11000/20000 (55.0%)]	Loss: 0.6932139992713928
[2023-05-04 17:06:50] Train Epoch: 2 [12000/20000 (60.0%)]	Loss: 0.6945412158966064
[2023-05-04 17:06:51] Train Epoch: 2 [13000/20000 (65.0%)]	Loss: 0.6935161352157593
[2023-05-04 17:06:52] Train Epoch: 2 [14000/20000 (70.0%)]	Loss: 0.6951882243156433
[2023-05-04 17:06:52] Train Epoch: 2 [15000/20000 (75.0%)]	Loss: 0.6930038332939148
[2023-05-04 17:06:53] Train Epoch: 2 [16000/20000 (80.0%)]	Loss: 0.6931973695755005
[2023-05-04 17:06:53] Train Epoch: 2 [17000/20000 (85.0%)]	Loss: 0.6964565515518188
[2023-05-04 17:06:54] Train Epoch: 2 [18000/20000 (90.0%)]	Loss: 0.6944895386695862
[2023-05-04 17:06:54] Train Epoch: 2 [19000/20000 (95.0%)]	Loss: 0.6907147169113159
[2023-05-04 17:06:56] ========== Metrics ==========
[2023-05-04 17:06:56] {
  "tr_loss": 0.6933162631792049,
  "tr_acc": 0.4947994799479948,
  "tr_f1": 0.5427886138389827,
  "val_loss": 0.6945250804777107,
  "val_acc": 0.49955587138035173,
  "val_f1": 0.6662717687477786,
  "test_loss": 0.7136778004447296,
  "test_acc": 0.5067750677506775,
  "test_f1": 0.6726618705035972
}
[2023-05-04 17:06:56] ========== Metrics ==========
[2023-05-04 17:06:56] Train Epoch: 3 [0/20000 (0.0%)]	Loss: 0.693827748298645
[2023-05-04 17:06:57] Train Epoch: 3 [1000/20000 (5.0%)]	Loss: 0.6930133700370789
[2023-05-04 17:06:58] Train Epoch: 3 [2000/20000 (10.0%)]	Loss: 0.6931580901145935
[2023-05-04 17:06:58] Train Epoch: 3 [3000/20000 (15.0%)]	Loss: 0.692588210105896
[2023-05-04 17:06:59] Train Epoch: 3 [4000/20000 (20.0%)]	Loss: 0.6932168006896973
[2023-05-04 17:06:59] Train Epoch: 3 [5000/20000 (25.0%)]	Loss: 0.6961043477058411
[2023-05-04 17:07:00] Train Epoch: 3 [6000/20000 (30.0%)]	Loss: 0.6988710761070251
[2023-05-04 17:07:00] Train Epoch: 3 [7000/20000 (35.0%)]	Loss: 0.6951115131378174
[2023-05-04 17:07:01] Train Epoch: 3 [8000/20000 (40.0%)]	Loss: 0.6919322609901428
[2023-05-04 17:07:01] Train Epoch: 3 [9000/20000 (45.0%)]	Loss: 0.689889132976532
[2023-05-04 17:07:02] Train Epoch: 3 [10000/20000 (50.0%)]	Loss: 0.6931683421134949
[2023-05-04 17:07:02] Train Epoch: 3 [11000/20000 (55.0%)]	Loss: 0.6922763586044312
[2023-05-04 17:07:03] Train Epoch: 3 [12000/20000 (60.0%)]	Loss: 0.6936508417129517
[2023-05-04 17:07:03] Train Epoch: 3 [13000/20000 (65.0%)]	Loss: 0.6934530735015869
[2023-05-04 17:07:04] Train Epoch: 3 [14000/20000 (70.0%)]	Loss: 0.6953208446502686
[2023-05-04 17:07:04] Train Epoch: 3 [15000/20000 (75.0%)]	Loss: 0.6940831542015076
[2023-05-04 17:07:05] Train Epoch: 3 [16000/20000 (80.0%)]	Loss: 0.6931557655334473
[2023-05-04 17:07:05] Train Epoch: 3 [17000/20000 (85.0%)]	Loss: 0.6942914128303528
[2023-05-04 17:07:06] Train Epoch: 3 [18000/20000 (90.0%)]	Loss: 0.6902046203613281
[2023-05-04 17:07:06] Train Epoch: 3 [19000/20000 (95.0%)]	Loss: 0.6965574026107788
[2023-05-04 17:07:08] ========== Metrics ==========
[2023-05-04 17:07:08] {
  "tr_loss": 0.6933287610196033,
  "tr_acc": 0.4982998299829983,
  "tr_f1": 0.473526788056882,
  "val_loss": 0.6945294026350929,
  "val_acc": 0.49955587138035173,
  "val_f1": 0.6662717687477786,
  "test_loss": 0.7138108141053983,
  "test_acc": 0.5067750677506775,
  "test_f1": 0.6726618705035972
}
[2023-05-04 17:07:08] ========== Metrics ==========
[2023-05-04 17:07:09] Train Epoch: 4 [0/20000 (0.0%)]	Loss: 0.6931731104850769
[2023-05-04 17:07:09] Train Epoch: 4 [1000/20000 (5.0%)]	Loss: 0.6931830644607544
[2023-05-04 17:07:10] Train Epoch: 4 [2000/20000 (10.0%)]	Loss: 0.6927461624145508
[2023-05-04 17:07:10] Train Epoch: 4 [3000/20000 (15.0%)]	Loss: 0.6931475400924683
[2023-05-04 17:07:11] Train Epoch: 4 [4000/20000 (20.0%)]	Loss: 0.690938413143158
[2023-05-04 17:07:12] Train Epoch: 4 [5000/20000 (25.0%)]	Loss: 0.6935862898826599
[2023-05-04 17:07:12] Train Epoch: 4 [6000/20000 (30.0%)]	Loss: 0.6935116648674011
[2023-05-04 17:07:13] Train Epoch: 4 [7000/20000 (35.0%)]	Loss: 0.694157063961029
[2023-05-04 17:07:13] Train Epoch: 4 [8000/20000 (40.0%)]	Loss: 0.6920987963676453
[2023-05-04 17:07:14] Train Epoch: 4 [9000/20000 (45.0%)]	Loss: 0.6931511163711548
[2023-05-04 17:07:14] Train Epoch: 4 [10000/20000 (50.0%)]	Loss: 0.6932028532028198
[2023-05-04 17:07:15] Train Epoch: 4 [11000/20000 (55.0%)]	Loss: 0.691350519657135
[2023-05-04 17:07:15] Train Epoch: 4 [12000/20000 (60.0%)]	Loss: 0.6871050596237183
[2023-05-04 17:07:16] Train Epoch: 4 [13000/20000 (65.0%)]	Loss: 0.6921390295028687
[2023-05-04 17:07:16] Train Epoch: 4 [14000/20000 (70.0%)]	Loss: 0.6967612504959106
[2023-05-04 17:07:17] Train Epoch: 4 [15000/20000 (75.0%)]	Loss: 0.6909772157669067
[2023-05-04 17:07:17] Train Epoch: 4 [16000/20000 (80.0%)]	Loss: 0.692517101764679
[2023-05-04 17:07:18] Train Epoch: 4 [17000/20000 (85.0%)]	Loss: 0.6944475769996643
[2023-05-04 17:07:18] Train Epoch: 4 [18000/20000 (90.0%)]	Loss: 0.6949261426925659
[2023-05-04 17:07:19] Train Epoch: 4 [19000/20000 (95.0%)]	Loss: 0.6921980381011963
[2023-05-04 17:07:21] ========== Metrics ==========
[2023-05-04 17:07:21] {
  "tr_loss": 0.6932496015328576,
  "tr_acc": 0.5027002700270027,
  "tr_f1": 0.4100373731980779,
  "val_loss": 0.694638213460749,
  "val_acc": 0.49955587138035173,
  "val_f1": 0.6662717687477786,
  "test_loss": 0.7133740461292629,
  "test_acc": 0.5067750677506775,
  "test_f1": 0.6726618705035972
}
[2023-05-04 17:07:21] ========== Metrics ==========
[2023-05-04 17:07:21] Train Epoch: 5 [0/20000 (0.0%)]	Loss: 0.6902519464492798
[2023-05-04 17:07:22] Train Epoch: 5 [1000/20000 (5.0%)]	Loss: 0.6955665349960327
[2023-05-04 17:07:22] Train Epoch: 5 [2000/20000 (10.0%)]	Loss: 0.6915754079818726
[2023-05-04 17:07:23] Train Epoch: 5 [3000/20000 (15.0%)]	Loss: 0.6948820948600769
[2023-05-04 17:07:23] Train Epoch: 5 [4000/20000 (20.0%)]	Loss: 0.6876160502433777
[2023-05-04 17:07:24] Train Epoch: 5 [5000/20000 (25.0%)]	Loss: 0.6931887269020081
[2023-05-04 17:07:24] Train Epoch: 5 [6000/20000 (30.0%)]	Loss: 0.6925255656242371
[2023-05-04 17:07:25] Train Epoch: 5 [7000/20000 (35.0%)]	Loss: 0.6924029588699341
[2023-05-04 17:07:26] Train Epoch: 5 [8000/20000 (40.0%)]	Loss: 0.6946862936019897
[2023-05-04 17:07:26] Train Epoch: 5 [9000/20000 (45.0%)]	Loss: 0.6935933828353882
[2023-05-04 17:07:27] Train Epoch: 5 [10000/20000 (50.0%)]	Loss: 0.6940004825592041
[2023-05-04 17:07:27] Train Epoch: 5 [11000/20000 (55.0%)]	Loss: 0.6932289600372314
[2023-05-04 17:07:28] Train Epoch: 5 [12000/20000 (60.0%)]	Loss: 0.6947056651115417
[2023-05-04 17:07:28] Train Epoch: 5 [13000/20000 (65.0%)]	Loss: 0.6929901838302612
[2023-05-04 17:07:29] Train Epoch: 5 [14000/20000 (70.0%)]	Loss: 0.6932480335235596
[2023-05-04 17:07:29] Train Epoch: 5 [15000/20000 (75.0%)]	Loss: 0.692071795463562
[2023-05-04 17:07:30] Train Epoch: 5 [16000/20000 (80.0%)]	Loss: 0.6942740082740784
[2023-05-04 17:07:30] Train Epoch: 5 [17000/20000 (85.0%)]	Loss: 0.6892345547676086
[2023-05-04 17:07:31] Train Epoch: 5 [18000/20000 (90.0%)]	Loss: 0.6931483745574951
[2023-05-04 17:07:31] Train Epoch: 5 [19000/20000 (95.0%)]	Loss: 0.6936385035514832
[2023-05-04 17:07:33] ========== Metrics ==========
[2023-05-04 17:07:33] {
  "tr_loss": 0.6932788248574309,
  "tr_acc": 0.4984998499849985,
  "tr_f1": 0.57394111899401,
  "val_loss": 0.6946024792637827,
  "val_acc": 0.5004441286196483,
  "val_f1": 0.0,
  "test_loss": 0.7144144653950927,
  "test_acc": 0.4932249322493225,
  "test_f1": 0.0
}
[2023-05-04 17:07:33] ========== Metrics ==========
[2023-05-04 17:07:34] Train Epoch: 6 [0/20000 (0.0%)]	Loss: 0.6964322328567505
[2023-05-04 17:07:34] Train Epoch: 6 [1000/20000 (5.0%)]	Loss: 0.6932572722434998
[2023-05-04 17:07:35] Train Epoch: 6 [2000/20000 (10.0%)]	Loss: 0.6932764053344727
[2023-05-04 17:07:35] Train Epoch: 6 [3000/20000 (15.0%)]	Loss: 0.6932739019393921
[2023-05-04 17:07:36] Train Epoch: 6 [4000/20000 (20.0%)]	Loss: 0.7012539505958557
[2023-05-04 17:07:36] Train Epoch: 6 [5000/20000 (25.0%)]	Loss: 0.6947472095489502
[2023-05-04 17:07:37] Train Epoch: 6 [6000/20000 (30.0%)]	Loss: 0.6932322382926941
[2023-05-04 17:07:37] Train Epoch: 6 [7000/20000 (35.0%)]	Loss: 0.6881219148635864
[2023-05-04 17:07:38] Train Epoch: 6 [8000/20000 (40.0%)]	Loss: 0.6932175159454346
[2023-05-04 17:07:38] Train Epoch: 6 [9000/20000 (45.0%)]	Loss: 0.6932029724121094
[2023-05-04 17:07:39] Train Epoch: 6 [10000/20000 (50.0%)]	Loss: 0.6968296766281128
[2023-05-04 17:07:40] Train Epoch: 6 [11000/20000 (55.0%)]	Loss: 0.6956700682640076
[2023-05-04 17:07:40] Train Epoch: 6 [12000/20000 (60.0%)]	Loss: 0.6932166218757629
[2023-05-04 17:07:41] Train Epoch: 6 [13000/20000 (65.0%)]	Loss: 0.6921257972717285
[2023-05-04 17:07:41] Train Epoch: 6 [14000/20000 (70.0%)]	Loss: 0.6955466270446777
[2023-05-04 17:07:42] Train Epoch: 6 [15000/20000 (75.0%)]	Loss: 0.6909265518188477
[2023-05-04 17:07:42] Train Epoch: 6 [16000/20000 (80.0%)]	Loss: 0.6901823282241821
[2023-05-04 17:07:43] Train Epoch: 6 [17000/20000 (85.0%)]	Loss: 0.6911524534225464
[2023-05-04 17:07:43] Train Epoch: 6 [18000/20000 (90.0%)]	Loss: 0.6889360547065735
[2023-05-04 17:07:44] Train Epoch: 6 [19000/20000 (95.0%)]	Loss: 0.6952095031738281
[2023-05-04 17:07:46] ========== Metrics ==========
[2023-05-04 17:07:46] {
  "tr_loss": 0.6933028191992707,
  "tr_acc": 0.5,
  "tr_f1": 0.0,
  "val_loss": 0.6945160894839499,
  "val_acc": 0.5004441286196483,
  "val_f1": 0.0,
  "test_loss": 0.7139850438125734,
  "test_acc": 0.4932249322493225,
  "test_f1": 0.0
}
[2023-05-04 17:07:46] ========== Metrics ==========
[2023-05-04 17:07:46] Train Epoch: 7 [0/20000 (0.0%)]	Loss: 0.6906969547271729
[2023-05-04 17:07:47] Train Epoch: 7 [1000/20000 (5.0%)]	Loss: 0.6951807141304016
[2023-05-04 17:07:47] Train Epoch: 7 [2000/20000 (10.0%)]	Loss: 0.6918813586235046
[2023-05-04 17:07:48] Train Epoch: 7 [3000/20000 (15.0%)]	Loss: 0.6931714415550232
[2023-05-04 17:07:48] Train Epoch: 7 [4000/20000 (20.0%)]	Loss: 0.6938437223434448
[2023-05-04 17:07:49] Train Epoch: 7 [5000/20000 (25.0%)]	Loss: 0.6905881762504578
[2023-05-04 17:07:50] Train Epoch: 7 [6000/20000 (30.0%)]	Loss: 0.6925307512283325
[2023-05-04 17:07:50] Train Epoch: 7 [7000/20000 (35.0%)]	Loss: 0.6912363171577454
[2023-05-04 17:07:51] Train Epoch: 7 [8000/20000 (40.0%)]	Loss: 0.6921420693397522
[2023-05-04 17:07:51] Train Epoch: 7 [9000/20000 (45.0%)]	Loss: 0.692554771900177
[2023-05-04 17:07:52] Train Epoch: 7 [10000/20000 (50.0%)]	Loss: 0.6919806599617004
[2023-05-04 17:07:52] Train Epoch: 7 [11000/20000 (55.0%)]	Loss: 0.69245445728302
[2023-05-04 17:07:53] Train Epoch: 7 [12000/20000 (60.0%)]	Loss: 0.6940757036209106
[2023-05-04 17:07:53] Train Epoch: 7 [13000/20000 (65.0%)]	Loss: 0.6940367817878723
[2023-05-04 17:07:54] Train Epoch: 7 [14000/20000 (70.0%)]	Loss: 0.6931523680686951
[2023-05-04 17:07:54] Train Epoch: 7 [15000/20000 (75.0%)]	Loss: 0.6931530237197876
[2023-05-04 17:07:55] Train Epoch: 7 [16000/20000 (80.0%)]	Loss: 0.6923711895942688
[2023-05-04 17:07:55] Train Epoch: 7 [17000/20000 (85.0%)]	Loss: 0.6939756870269775
[2023-05-04 17:07:56] Train Epoch: 7 [18000/20000 (90.0%)]	Loss: 0.6931595206260681
[2023-05-04 17:07:56] Train Epoch: 7 [19000/20000 (95.0%)]	Loss: 0.6936510801315308
[2023-05-04 17:07:58] ========== Metrics ==========
[2023-05-04 17:07:58] {
  "tr_loss": 0.6932479367278578,
  "tr_acc": 0.5,
  "tr_f1": 0.0,
  "val_loss": 0.6945129270175778,
  "val_acc": 0.5004441286196483,
  "val_f1": 0.0,
  "test_loss": 0.7138673561375316,
  "test_acc": 0.4932249322493225,
  "test_f1": 0.0
}
[2023-05-04 17:07:58] ========== Metrics ==========
[2023-05-04 17:07:59] Train Epoch: 8 [0/20000 (0.0%)]	Loss: 0.6945241689682007
[2023-05-04 17:07:59] Train Epoch: 8 [1000/20000 (5.0%)]	Loss: 0.6926068067550659
[2023-05-04 17:08:00] Train Epoch: 8 [2000/20000 (10.0%)]	Loss: 0.6916450262069702
[2023-05-04 17:08:00] Train Epoch: 8 [3000/20000 (15.0%)]	Loss: 0.6918517351150513
[2023-05-04 17:08:01] Train Epoch: 8 [4000/20000 (20.0%)]	Loss: 0.6931649446487427
[2023-05-04 17:08:01] Train Epoch: 8 [5000/20000 (25.0%)]	Loss: 0.6931705474853516
[2023-05-04 17:08:02] Train Epoch: 8 [6000/20000 (30.0%)]	Loss: 0.693165123462677
[2023-05-04 17:08:03] Train Epoch: 8 [7000/20000 (35.0%)]	Loss: 0.6938014626502991
[2023-05-04 17:08:03] Train Epoch: 8 [8000/20000 (40.0%)]	Loss: 0.6940305829048157
[2023-05-04 17:08:04] Train Epoch: 8 [9000/20000 (45.0%)]	Loss: 0.6931526064872742
[2023-05-04 17:08:04] Train Epoch: 8 [10000/20000 (50.0%)]	Loss: 0.6941304206848145
[2023-05-04 17:08:05] Train Epoch: 8 [11000/20000 (55.0%)]	Loss: 0.694779634475708
[2023-05-04 17:08:05] Train Epoch: 8 [12000/20000 (60.0%)]	Loss: 0.6939270496368408
[2023-05-04 17:08:06] Train Epoch: 8 [13000/20000 (65.0%)]	Loss: 0.6922801733016968
[2023-05-04 17:08:06] Train Epoch: 8 [14000/20000 (70.0%)]	Loss: 0.6927067041397095
[2023-05-04 17:08:07] Train Epoch: 8 [15000/20000 (75.0%)]	Loss: 0.692263662815094
[2023-05-04 17:08:07] Train Epoch: 8 [16000/20000 (80.0%)]	Loss: 0.6923013925552368
[2023-05-04 17:08:08] Train Epoch: 8 [17000/20000 (85.0%)]	Loss: 0.6911433935165405
[2023-05-04 17:08:08] Train Epoch: 8 [18000/20000 (90.0%)]	Loss: 0.6936086416244507
[2023-05-04 17:08:09] Train Epoch: 8 [19000/20000 (95.0%)]	Loss: 0.693153977394104
[2023-05-04 17:08:11] ========== Metrics ==========
[2023-05-04 17:08:11] {
  "tr_loss": 0.693234065161048,
  "tr_acc": 0.5,
  "tr_f1": 0.0,
  "val_loss": 0.694500531072747,
  "val_acc": 0.5004441286196483,
  "val_f1": 0.0,
  "test_loss": 0.7138298585162899,
  "test_acc": 0.4932249322493225,
  "test_f1": 0.0
}
[2023-05-04 17:08:11] ========== Metrics ==========
[2023-05-04 17:08:11] Train Epoch: 9 [0/20000 (0.0%)]	Loss: 0.6931487321853638
[2023-05-04 17:08:12] Train Epoch: 9 [1000/20000 (5.0%)]	Loss: 0.6931489109992981
[2023-05-04 17:08:12] Train Epoch: 9 [2000/20000 (10.0%)]	Loss: 0.6922391057014465
[2023-05-04 17:08:13] Train Epoch: 9 [3000/20000 (15.0%)]	Loss: 0.6924763917922974
[2023-05-04 17:08:13] Train Epoch: 9 [4000/20000 (20.0%)]	Loss: 0.6940897703170776
[2023-05-04 17:08:14] Train Epoch: 9 [5000/20000 (25.0%)]	Loss: 0.6923633813858032
[2023-05-04 17:08:14] Train Epoch: 9 [6000/20000 (30.0%)]	Loss: 0.6938365697860718
[2023-05-04 17:08:15] Train Epoch: 9 [7000/20000 (35.0%)]	Loss: 0.6939841508865356
[2023-05-04 17:08:16] Train Epoch: 9 [8000/20000 (40.0%)]	Loss: 0.6914768815040588
[2023-05-04 17:08:16] Train Epoch: 9 [9000/20000 (45.0%)]	Loss: 0.6922972202301025
[2023-05-04 17:08:17] Train Epoch: 9 [10000/20000 (50.0%)]	Loss: 0.6928572654724121
[2023-05-04 17:08:17] Train Epoch: 9 [11000/20000 (55.0%)]	Loss: 0.6931489109992981
[2023-05-04 17:08:18] Train Epoch: 9 [12000/20000 (60.0%)]	Loss: 0.693264365196228
[2023-05-04 17:08:18] Train Epoch: 9 [13000/20000 (65.0%)]	Loss: 0.6931357979774475
[2023-05-04 17:08:19] Train Epoch: 9 [14000/20000 (70.0%)]	Loss: 0.6935479640960693
[2023-05-04 17:08:19] Train Epoch: 9 [15000/20000 (75.0%)]	Loss: 0.6932820081710815
[2023-05-04 17:08:20] Train Epoch: 9 [16000/20000 (80.0%)]	Loss: 0.693075954914093
[2023-05-04 17:08:20] Train Epoch: 9 [17000/20000 (85.0%)]	Loss: 0.6934468746185303
[2023-05-04 17:08:21] Train Epoch: 9 [18000/20000 (90.0%)]	Loss: 0.692711591720581
[2023-05-04 17:08:21] Train Epoch: 9 [19000/20000 (95.0%)]	Loss: 0.6929478645324707
[2023-05-04 17:08:23] ========== Metrics ==========
[2023-05-04 17:08:23] {
  "tr_loss": 0.6932292591751736,
  "tr_acc": 0.498999899989999,
  "tr_f1": 0.015718636408291582,
  "val_loss": 0.6945009139656152,
  "val_acc": 0.5004441286196483,
  "val_f1": 0.0,
  "test_loss": 0.7138220824523347,
  "test_acc": 0.4932249322493225,
  "test_f1": 0.0
}
[2023-05-04 17:08:23] ========== Metrics ==========
[2023-05-04 17:08:23] Train Epoch: 10 [0/20000 (0.0%)]	Loss: 0.6929394602775574
[2023-05-04 17:08:24] Train Epoch: 10 [1000/20000 (5.0%)]	Loss: 0.6931479573249817
[2023-05-04 17:08:25] Train Epoch: 10 [2000/20000 (10.0%)]	Loss: 0.6924213171005249
[2023-05-04 17:08:25] Train Epoch: 10 [3000/20000 (15.0%)]	Loss: 0.6925142407417297
[2023-05-04 17:08:26] Train Epoch: 10 [4000/20000 (20.0%)]	Loss: 0.6931535005569458
[2023-05-04 17:08:26] Train Epoch: 10 [5000/20000 (25.0%)]	Loss: 0.6943463087081909
[2023-05-04 17:08:27] Train Epoch: 10 [6000/20000 (30.0%)]	Loss: 0.6935093998908997
[2023-05-04 17:08:27] Train Epoch: 10 [7000/20000 (35.0%)]	Loss: 0.6931508183479309
[2023-05-04 17:08:28] Train Epoch: 10 [8000/20000 (40.0%)]	Loss: 0.6936060786247253
[2023-05-04 17:08:28] Train Epoch: 10 [9000/20000 (45.0%)]	Loss: 0.6934740543365479
[2023-05-04 17:08:29] Train Epoch: 10 [10000/20000 (50.0%)]	Loss: 0.692720353603363
[2023-05-04 17:08:29] Train Epoch: 10 [11000/20000 (55.0%)]	Loss: 0.6932607889175415
[2023-05-04 17:08:30] Train Epoch: 10 [12000/20000 (60.0%)]	Loss: 0.6933324933052063
[2023-05-04 17:08:30] Train Epoch: 10 [13000/20000 (65.0%)]	Loss: 0.692398190498352
[2023-05-04 17:08:31] Train Epoch: 10 [14000/20000 (70.0%)]	Loss: 0.6929444074630737
[2023-05-04 17:08:32] Train Epoch: 10 [15000/20000 (75.0%)]	Loss: 0.69330894947052
[2023-05-04 17:08:32] Train Epoch: 10 [16000/20000 (80.0%)]	Loss: 0.6931480169296265
[2023-05-04 17:08:33] Train Epoch: 10 [17000/20000 (85.0%)]	Loss: 0.6927963495254517
[2023-05-04 17:08:33] Train Epoch: 10 [18000/20000 (90.0%)]	Loss: 0.6931477785110474
[2023-05-04 17:08:34] Train Epoch: 10 [19000/20000 (95.0%)]	Loss: 0.6931474804878235
[2023-05-04 17:08:35] ========== Metrics ==========
[2023-05-04 17:08:35] {
  "tr_loss": 0.6932273278511552,
  "tr_acc": 0.5002000200020001,
  "tr_f1": 0.11368271703467234,
  "val_loss": 0.6945021117764905,
  "val_acc": 0.49955587138035173,
  "val_f1": 0.6662717687477786,
  "test_loss": 0.7138085817579978,
  "test_acc": 0.5067750677506775,
  "test_f1": 0.6726618705035972
}
[2023-05-04 17:08:35] ========== Metrics ==========
