[2023-05-03 20:57:17] Train Epoch: 1 [0/20000 (0.0%)]	Loss: 0.6910822987556458
[2023-05-03 20:57:18] Train Epoch: 1 [1000/20000 (5.0%)]	Loss: 0.6931467056274414
[2023-05-03 20:57:18] Train Epoch: 1 [2000/20000 (10.0%)]	Loss: 0.694357693195343
[2023-05-03 20:57:19] Train Epoch: 1 [3000/20000 (15.0%)]	Loss: 0.6942611932754517
[2023-05-03 20:57:19] Train Epoch: 1 [4000/20000 (20.0%)]	Loss: 0.6925509572029114
[2023-05-03 20:57:20] Train Epoch: 1 [5000/20000 (25.0%)]	Loss: 0.6930842399597168
[2023-05-03 20:57:20] Train Epoch: 1 [6000/20000 (30.0%)]	Loss: 0.6951586008071899
[2023-05-03 20:57:20] Train Epoch: 1 [7000/20000 (35.0%)]	Loss: 0.6931490302085876
[2023-05-03 20:57:21] Train Epoch: 1 [8000/20000 (40.0%)]	Loss: 0.6951902508735657
[2023-05-03 20:57:21] Train Epoch: 1 [9000/20000 (45.0%)]	Loss: 0.6885521411895752
[2023-05-03 20:57:22] Train Epoch: 1 [10000/20000 (50.0%)]	Loss: 0.6910977363586426
[2023-05-03 20:57:22] Train Epoch: 1 [11000/20000 (55.0%)]	Loss: 0.69517982006073
[2023-05-03 20:57:22] Train Epoch: 1 [12000/20000 (60.0%)]	Loss: 0.6920980215072632
[2023-05-03 20:57:23] Train Epoch: 1 [13000/20000 (65.0%)]	Loss: 0.6911877989768982
[2023-05-03 20:57:23] Train Epoch: 1 [14000/20000 (70.0%)]	Loss: 0.6935896277427673
[2023-05-03 20:57:24] Train Epoch: 1 [15000/20000 (75.0%)]	Loss: 0.6388543844223022
[2023-05-03 20:57:24] Train Epoch: 1 [16000/20000 (80.0%)]	Loss: 0.707172155380249
[2023-05-03 20:57:25] Train Epoch: 1 [17000/20000 (85.0%)]	Loss: 0.5816664695739746
[2023-05-03 20:57:25] Train Epoch: 1 [18000/20000 (90.0%)]	Loss: 0.5776486992835999
[2023-05-03 20:57:25] Train Epoch: 1 [19000/20000 (95.0%)]	Loss: 0.5063998699188232
[2023-05-03 20:57:30] ========== Metrics ==========
[2023-05-03 20:57:30] {
  "tr_loss": 0.6759369783740554,
  "tr_acc": 0.5386038603860386,
  "tr_f1": 0.604991652039899,
  "val_loss": 0.5898316233931945,
  "val_acc": 0.6949724640255818,
  "val_f1": 0.6636630754162586,
  "test_loss": 0.6027966075473361,
  "test_acc": 0.6720867208672087,
  "test_f1": 0.6366366366366366
}
[2023-05-03 20:57:30] ========== Metrics ==========
[2023-05-03 20:57:31] Train Epoch: 2 [0/20000 (0.0%)]	Loss: 0.5268501043319702
[2023-05-03 20:57:32] Train Epoch: 2 [1000/20000 (5.0%)]	Loss: 0.350617915391922
[2023-05-03 20:57:32] Train Epoch: 2 [2000/20000 (10.0%)]	Loss: 0.6573200225830078
[2023-05-03 20:57:33] Train Epoch: 2 [3000/20000 (15.0%)]	Loss: 0.5417941212654114
[2023-05-03 20:57:33] Train Epoch: 2 [4000/20000 (20.0%)]	Loss: 0.4930601716041565
[2023-05-03 20:57:34] Train Epoch: 2 [5000/20000 (25.0%)]	Loss: 0.4993833899497986
[2023-05-03 20:57:34] Train Epoch: 2 [6000/20000 (30.0%)]	Loss: 0.46276354789733887
[2023-05-03 20:57:34] Train Epoch: 2 [7000/20000 (35.0%)]	Loss: 0.41172274947166443
[2023-05-03 20:57:35] Train Epoch: 2 [8000/20000 (40.0%)]	Loss: 0.5383273959159851
[2023-05-03 20:57:35] Train Epoch: 2 [9000/20000 (45.0%)]	Loss: 0.5372428894042969
[2023-05-03 20:57:36] Train Epoch: 2 [10000/20000 (50.0%)]	Loss: 0.5526608824729919
[2023-05-03 20:57:36] Train Epoch: 2 [11000/20000 (55.0%)]	Loss: 0.44270259141921997
[2023-05-03 20:57:37] Train Epoch: 2 [12000/20000 (60.0%)]	Loss: 0.4358550012111664
[2023-05-03 20:57:37] Train Epoch: 2 [13000/20000 (65.0%)]	Loss: 0.6054319739341736
[2023-05-03 20:57:37] Train Epoch: 2 [14000/20000 (70.0%)]	Loss: 0.5899735689163208
[2023-05-03 20:57:38] Train Epoch: 2 [15000/20000 (75.0%)]	Loss: 0.5207967758178711
[2023-05-03 20:57:38] Train Epoch: 2 [16000/20000 (80.0%)]	Loss: 0.470741331577301
[2023-05-03 20:57:39] Train Epoch: 2 [17000/20000 (85.0%)]	Loss: 0.46527981758117676
[2023-05-03 20:57:39] Train Epoch: 2 [18000/20000 (90.0%)]	Loss: 0.3095249533653259
[2023-05-03 20:57:39] Train Epoch: 2 [19000/20000 (95.0%)]	Loss: 0.4825158715248108
[2023-05-03 20:57:44] ========== Metrics ==========
[2023-05-03 20:57:44] {
  "tr_loss": 0.5314754407004555,
  "tr_acc": 0.7363236323632363,
  "tr_f1": 0.7325658061571233,
  "val_loss": 0.5653943684495434,
  "val_acc": 0.7122046544679339,
  "val_f1": 0.7541729893778453,
  "test_loss": 0.5779198159370319,
  "test_acc": 0.7425474254742548,
  "test_f1": 0.7806004618937644
}
[2023-05-03 20:57:44] ========== Metrics ==========
[2023-05-03 20:57:45] Train Epoch: 3 [0/20000 (0.0%)]	Loss: 0.3514294922351837
[2023-05-03 20:57:46] Train Epoch: 3 [1000/20000 (5.0%)]	Loss: 0.4333987832069397
[2023-05-03 20:57:46] Train Epoch: 3 [2000/20000 (10.0%)]	Loss: 0.5575336217880249
[2023-05-03 20:57:47] Train Epoch: 3 [3000/20000 (15.0%)]	Loss: 0.44479113817214966
[2023-05-03 20:57:47] Train Epoch: 3 [4000/20000 (20.0%)]	Loss: 0.3022220730781555
[2023-05-03 20:57:47] Train Epoch: 3 [5000/20000 (25.0%)]	Loss: 0.6264321804046631
[2023-05-03 20:57:48] Train Epoch: 3 [6000/20000 (30.0%)]	Loss: 0.4038834571838379
[2023-05-03 20:57:48] Train Epoch: 3 [7000/20000 (35.0%)]	Loss: 0.521197497844696
[2023-05-03 20:57:49] Train Epoch: 3 [8000/20000 (40.0%)]	Loss: 0.5044189691543579
[2023-05-03 20:57:49] Train Epoch: 3 [9000/20000 (45.0%)]	Loss: 0.4045673906803131
[2023-05-03 20:57:50] Train Epoch: 3 [10000/20000 (50.0%)]	Loss: 0.530734658241272
[2023-05-03 20:57:50] Train Epoch: 3 [11000/20000 (55.0%)]	Loss: 0.25715184211730957
[2023-05-03 20:57:51] Train Epoch: 3 [12000/20000 (60.0%)]	Loss: 0.4906544089317322
[2023-05-03 20:57:51] Train Epoch: 3 [13000/20000 (65.0%)]	Loss: 0.5263451337814331
[2023-05-03 20:57:52] Train Epoch: 3 [14000/20000 (70.0%)]	Loss: 0.42721766233444214
[2023-05-03 20:57:52] Train Epoch: 3 [15000/20000 (75.0%)]	Loss: 0.8341776132583618
[2023-05-03 20:57:52] Train Epoch: 3 [16000/20000 (80.0%)]	Loss: 0.4210163652896881
[2023-05-03 20:57:53] Train Epoch: 3 [17000/20000 (85.0%)]	Loss: 0.7155200242996216
[2023-05-03 20:57:53] Train Epoch: 3 [18000/20000 (90.0%)]	Loss: 0.6246641278266907
[2023-05-03 20:57:54] Train Epoch: 3 [19000/20000 (95.0%)]	Loss: 0.5508933663368225
[2023-05-03 20:57:58] ========== Metrics ==========
[2023-05-03 20:57:58] {
  "tr_loss": 0.48068282751515334,
  "tr_acc": 0.7723772377237724,
  "tr_f1": 0.7694956451286207,
  "val_loss": 0.5644791903261139,
  "val_acc": 0.7175341979037129,
  "val_f1": 0.7596008466888419,
  "test_loss": 0.5664363059248059,
  "test_acc": 0.7289972899728997,
  "test_f1": 0.7716894977168949
}
[2023-05-03 20:57:58] ========== Metrics ==========
[2023-05-03 20:58:00] Train Epoch: 4 [0/20000 (0.0%)]	Loss: 0.43164873123168945
[2023-05-03 20:58:00] Train Epoch: 4 [1000/20000 (5.0%)]	Loss: 0.22503796219825745
[2023-05-03 20:58:01] Train Epoch: 4 [2000/20000 (10.0%)]	Loss: 0.37079256772994995
[2023-05-03 20:58:01] Train Epoch: 4 [3000/20000 (15.0%)]	Loss: 0.4021800458431244
[2023-05-03 20:58:02] Train Epoch: 4 [4000/20000 (20.0%)]	Loss: 0.33008283376693726
[2023-05-03 20:58:02] Train Epoch: 4 [5000/20000 (25.0%)]	Loss: 0.25231900811195374
[2023-05-03 20:58:02] Train Epoch: 4 [6000/20000 (30.0%)]	Loss: 0.37627264857292175
[2023-05-03 20:58:03] Train Epoch: 4 [7000/20000 (35.0%)]	Loss: 0.5135692358016968
[2023-05-03 20:58:03] Train Epoch: 4 [8000/20000 (40.0%)]	Loss: 0.4176826477050781
[2023-05-03 20:58:04] Train Epoch: 4 [9000/20000 (45.0%)]	Loss: 0.43447184562683105
[2023-05-03 20:58:04] Train Epoch: 4 [10000/20000 (50.0%)]	Loss: 0.3399648666381836
[2023-05-03 20:58:05] Train Epoch: 4 [11000/20000 (55.0%)]	Loss: 0.3315001428127289
[2023-05-03 20:58:05] Train Epoch: 4 [12000/20000 (60.0%)]	Loss: 0.4642067849636078
[2023-05-03 20:58:06] Train Epoch: 4 [13000/20000 (65.0%)]	Loss: 0.511208713054657
[2023-05-03 20:58:06] Train Epoch: 4 [14000/20000 (70.0%)]	Loss: 0.2180110216140747
[2023-05-03 20:58:06] Train Epoch: 4 [15000/20000 (75.0%)]	Loss: 0.45324355363845825
[2023-05-03 20:58:07] Train Epoch: 4 [16000/20000 (80.0%)]	Loss: 0.5309856534004211
[2023-05-03 20:58:07] Train Epoch: 4 [17000/20000 (85.0%)]	Loss: 0.418905109167099
[2023-05-03 20:58:08] Train Epoch: 4 [18000/20000 (90.0%)]	Loss: 0.5154555439949036
[2023-05-03 20:58:08] Train Epoch: 4 [19000/20000 (95.0%)]	Loss: 0.25849026441574097
[2023-05-03 20:58:13] ========== Metrics ==========
[2023-05-03 20:58:13] {
  "tr_loss": 0.4385626186417489,
  "tr_acc": 0.8015301530153015,
  "tr_f1": 0.7994340290060135,
  "val_loss": 0.5203293055047106,
  "val_acc": 0.741872446260437,
  "val_f1": 0.7727912431587177,
  "test_loss": 0.522713435051564,
  "test_acc": 0.7181571815718157,
  "test_f1": 0.7523809523809525
}
[2023-05-03 20:58:13] ========== Metrics ==========
[2023-05-03 20:58:14] Train Epoch: 5 [0/20000 (0.0%)]	Loss: 0.3048422634601593
[2023-05-03 20:58:14] Train Epoch: 5 [1000/20000 (5.0%)]	Loss: 0.3158175051212311
[2023-05-03 20:58:15] Train Epoch: 5 [2000/20000 (10.0%)]	Loss: 0.20264025032520294
[2023-05-03 20:58:15] Train Epoch: 5 [3000/20000 (15.0%)]	Loss: 0.5173669457435608
[2023-05-03 20:58:16] Train Epoch: 5 [4000/20000 (20.0%)]	Loss: 0.5773764848709106
[2023-05-03 20:58:16] Train Epoch: 5 [5000/20000 (25.0%)]	Loss: 0.2631605267524719
[2023-05-03 20:58:17] Train Epoch: 5 [6000/20000 (30.0%)]	Loss: 0.5846870541572571
[2023-05-03 20:58:17] Train Epoch: 5 [7000/20000 (35.0%)]	Loss: 0.34926295280456543
[2023-05-03 20:58:18] Train Epoch: 5 [8000/20000 (40.0%)]	Loss: 0.23037612438201904
[2023-05-03 20:58:18] Train Epoch: 5 [9000/20000 (45.0%)]	Loss: 0.2375718057155609
[2023-05-03 20:58:18] Train Epoch: 5 [10000/20000 (50.0%)]	Loss: 0.5976940393447876
[2023-05-03 20:58:19] Train Epoch: 5 [11000/20000 (55.0%)]	Loss: 0.3946223556995392
[2023-05-03 20:58:19] Train Epoch: 5 [12000/20000 (60.0%)]	Loss: 0.27065300941467285
[2023-05-03 20:58:20] Train Epoch: 5 [13000/20000 (65.0%)]	Loss: 0.4975455403327942
[2023-05-03 20:58:20] Train Epoch: 5 [14000/20000 (70.0%)]	Loss: 0.268505722284317
[2023-05-03 20:58:21] Train Epoch: 5 [15000/20000 (75.0%)]	Loss: 0.602586030960083
[2023-05-03 20:58:21] Train Epoch: 5 [16000/20000 (80.0%)]	Loss: 0.42243853211402893
[2023-05-03 20:58:21] Train Epoch: 5 [17000/20000 (85.0%)]	Loss: 0.46633094549179077
[2023-05-03 20:58:22] Train Epoch: 5 [18000/20000 (90.0%)]	Loss: 0.37193551659584045
[2023-05-03 20:58:22] Train Epoch: 5 [19000/20000 (95.0%)]	Loss: 0.2037128210067749
[2023-05-03 20:58:27] ========== Metrics ==========
[2023-05-03 20:58:27] {
  "tr_loss": 0.40490130642310707,
  "tr_acc": 0.8171317131713172,
  "tr_f1": 0.8153123579617191,
  "val_loss": 0.5278767473554925,
  "val_acc": 0.7246402558180849,
  "val_f1": 0.7672672672672673,
  "test_loss": 0.5409552540559432,
  "test_acc": 0.7208672086720868,
  "test_f1": 0.7632183908045976
}
[2023-05-03 20:58:27] ========== Metrics ==========
[2023-05-03 20:58:28] Train Epoch: 6 [0/20000 (0.0%)]	Loss: 0.41175538301467896
[2023-05-03 20:58:29] Train Epoch: 6 [1000/20000 (5.0%)]	Loss: 0.6190001964569092
[2023-05-03 20:58:29] Train Epoch: 6 [2000/20000 (10.0%)]	Loss: 0.20067019760608673
[2023-05-03 20:58:29] Train Epoch: 6 [3000/20000 (15.0%)]	Loss: 0.4016123414039612
[2023-05-03 20:58:30] Train Epoch: 6 [4000/20000 (20.0%)]	Loss: 0.6398248672485352
[2023-05-03 20:58:30] Train Epoch: 6 [5000/20000 (25.0%)]	Loss: 0.3332913815975189
[2023-05-03 20:58:31] Train Epoch: 6 [6000/20000 (30.0%)]	Loss: 0.23090481758117676
[2023-05-03 20:58:31] Train Epoch: 6 [7000/20000 (35.0%)]	Loss: 0.3492279350757599
[2023-05-03 20:58:32] Train Epoch: 6 [8000/20000 (40.0%)]	Loss: 0.21996918320655823
[2023-05-03 20:58:32] Train Epoch: 6 [9000/20000 (45.0%)]	Loss: 0.14856137335300446
[2023-05-03 20:58:32] Train Epoch: 6 [10000/20000 (50.0%)]	Loss: 0.40152493119239807
[2023-05-03 20:58:33] Train Epoch: 6 [11000/20000 (55.0%)]	Loss: 0.35012009739875793
[2023-05-03 20:58:33] Train Epoch: 6 [12000/20000 (60.0%)]	Loss: 0.3978371024131775
[2023-05-03 20:58:34] Train Epoch: 6 [13000/20000 (65.0%)]	Loss: 0.1615816354751587
[2023-05-03 20:58:34] Train Epoch: 6 [14000/20000 (70.0%)]	Loss: 0.45681238174438477
[2023-05-03 20:58:34] Train Epoch: 6 [15000/20000 (75.0%)]	Loss: 0.16656708717346191
[2023-05-03 20:58:35] Train Epoch: 6 [16000/20000 (80.0%)]	Loss: 0.2678109407424927
[2023-05-03 20:58:35] Train Epoch: 6 [17000/20000 (85.0%)]	Loss: 0.33353114128112793
[2023-05-03 20:58:36] Train Epoch: 6 [18000/20000 (90.0%)]	Loss: 0.5089865326881409
[2023-05-03 20:58:36] Train Epoch: 6 [19000/20000 (95.0%)]	Loss: 0.47874388098716736
[2023-05-03 20:58:40] ========== Metrics ==========
[2023-05-03 20:58:40] {
  "tr_loss": 0.36519911349958295,
  "tr_acc": 0.8404840484048405,
  "tr_f1": 0.8391326273323247,
  "val_loss": 0.5155478449904658,
  "val_acc": 0.7340557825546278,
  "val_f1": 0.7719030930976688,
  "test_loss": 0.528740564659036,
  "test_acc": 0.7235772357723578,
  "test_f1": 0.7627906976744186
}
[2023-05-03 20:58:40] ========== Metrics ==========
[2023-05-03 20:58:42] Train Epoch: 7 [0/20000 (0.0%)]	Loss: 0.43369951844215393
[2023-05-03 20:58:42] Train Epoch: 7 [1000/20000 (5.0%)]	Loss: 0.17212335765361786
[2023-05-03 20:58:43] Train Epoch: 7 [2000/20000 (10.0%)]	Loss: 0.3716128170490265
[2023-05-03 20:58:43] Train Epoch: 7 [3000/20000 (15.0%)]	Loss: 0.36414581537246704
[2023-05-03 20:58:44] Train Epoch: 7 [4000/20000 (20.0%)]	Loss: 0.37732642889022827
[2023-05-03 20:58:44] Train Epoch: 7 [5000/20000 (25.0%)]	Loss: 0.21443644165992737
[2023-05-03 20:58:44] Train Epoch: 7 [6000/20000 (30.0%)]	Loss: 0.418485164642334
[2023-05-03 20:58:45] Train Epoch: 7 [7000/20000 (35.0%)]	Loss: 0.41650980710983276
[2023-05-03 20:58:45] Train Epoch: 7 [8000/20000 (40.0%)]	Loss: 0.48786091804504395
[2023-05-03 20:58:46] Train Epoch: 7 [9000/20000 (45.0%)]	Loss: 0.1230371743440628
[2023-05-03 20:58:46] Train Epoch: 7 [10000/20000 (50.0%)]	Loss: 0.22689902782440186
[2023-05-03 20:58:47] Train Epoch: 7 [11000/20000 (55.0%)]	Loss: 0.32629886269569397
[2023-05-03 20:58:47] Train Epoch: 7 [12000/20000 (60.0%)]	Loss: 0.4238620400428772
[2023-05-03 20:58:47] Train Epoch: 7 [13000/20000 (65.0%)]	Loss: 0.5147753953933716
[2023-05-03 20:58:48] Train Epoch: 7 [14000/20000 (70.0%)]	Loss: 0.35639554262161255
[2023-05-03 20:58:48] Train Epoch: 7 [15000/20000 (75.0%)]	Loss: 0.33109956979751587
[2023-05-03 20:58:49] Train Epoch: 7 [16000/20000 (80.0%)]	Loss: 0.14095446467399597
[2023-05-03 20:58:49] Train Epoch: 7 [17000/20000 (85.0%)]	Loss: 0.5943470597267151
[2023-05-03 20:58:49] Train Epoch: 7 [18000/20000 (90.0%)]	Loss: 0.28632691502571106
[2023-05-03 20:58:50] Train Epoch: 7 [19000/20000 (95.0%)]	Loss: 0.40318790078163147
[2023-05-03 20:58:54] ========== Metrics ==========
[2023-05-03 20:58:54] {
  "tr_loss": 0.35915908756608045,
  "tr_acc": 0.8451345134513452,
  "tr_f1": 0.8439405391786344,
  "val_loss": 0.5035090440118857,
  "val_acc": 0.7527091845798544,
  "val_f1": 0.7817497648165568,
  "test_loss": 0.5063665591604342,
  "test_acc": 0.7479674796747967,
  "test_f1": 0.774818401937046
}
[2023-05-03 20:58:54] ========== Metrics ==========
[2023-05-03 20:58:56] Train Epoch: 8 [0/20000 (0.0%)]	Loss: 0.1903926283121109
[2023-05-03 20:58:56] Train Epoch: 8 [1000/20000 (5.0%)]	Loss: 0.14927390217781067
[2023-05-03 20:58:57] Train Epoch: 8 [2000/20000 (10.0%)]	Loss: 0.4316090941429138
[2023-05-03 20:58:57] Train Epoch: 8 [3000/20000 (15.0%)]	Loss: 0.29277145862579346
[2023-05-03 20:58:58] Train Epoch: 8 [4000/20000 (20.0%)]	Loss: 0.41860470175743103
[2023-05-03 20:58:58] Train Epoch: 8 [5000/20000 (25.0%)]	Loss: 0.30986863374710083
[2023-05-03 20:58:58] Train Epoch: 8 [6000/20000 (30.0%)]	Loss: 0.15708358585834503
[2023-05-03 20:58:59] Train Epoch: 8 [7000/20000 (35.0%)]	Loss: 0.31385478377342224
[2023-05-03 20:58:59] Train Epoch: 8 [8000/20000 (40.0%)]	Loss: 0.2836171090602875
[2023-05-03 20:59:00] Train Epoch: 8 [9000/20000 (45.0%)]	Loss: 0.30458685755729675
[2023-05-03 20:59:00] Train Epoch: 8 [10000/20000 (50.0%)]	Loss: 0.42284655570983887
[2023-05-03 20:59:00] Train Epoch: 8 [11000/20000 (55.0%)]	Loss: 0.6059285402297974
[2023-05-03 20:59:01] Train Epoch: 8 [12000/20000 (60.0%)]	Loss: 0.5263357162475586
[2023-05-03 20:59:01] Train Epoch: 8 [13000/20000 (65.0%)]	Loss: 0.4067199230194092
[2023-05-03 20:59:02] Train Epoch: 8 [14000/20000 (70.0%)]	Loss: 0.5114890933036804
[2023-05-03 20:59:02] Train Epoch: 8 [15000/20000 (75.0%)]	Loss: 0.44156312942504883
[2023-05-03 20:59:03] Train Epoch: 8 [16000/20000 (80.0%)]	Loss: 0.4946672022342682
[2023-05-03 20:59:03] Train Epoch: 8 [17000/20000 (85.0%)]	Loss: 0.48976173996925354
[2023-05-03 20:59:04] Train Epoch: 8 [18000/20000 (90.0%)]	Loss: 0.4030219614505768
[2023-05-03 20:59:04] Train Epoch: 8 [19000/20000 (95.0%)]	Loss: 0.29234224557876587
[2023-05-03 20:59:09] ========== Metrics ==========
[2023-05-03 20:59:09] {
  "tr_loss": 0.35322909226732524,
  "tr_acc": 0.845934593459346,
  "tr_f1": 0.8449811320754718,
  "val_loss": 0.5155567962760336,
  "val_acc": 0.7344110854503464,
  "val_f1": 0.7725543891678076,
  "test_loss": 0.5180679314181733,
  "test_acc": 0.7235772357723578,
  "test_f1": 0.7638888888888887
}
[2023-05-03 20:59:09] ========== Metrics ==========
[2023-05-03 20:59:10] Train Epoch: 9 [0/20000 (0.0%)]	Loss: 0.3085770905017853
[2023-05-03 20:59:11] Train Epoch: 9 [1000/20000 (5.0%)]	Loss: 0.36971208453178406
[2023-05-03 20:59:11] Train Epoch: 9 [2000/20000 (10.0%)]	Loss: 0.1331314593553543
[2023-05-03 20:59:11] Train Epoch: 9 [3000/20000 (15.0%)]	Loss: 0.4559432864189148
[2023-05-03 20:59:12] Train Epoch: 9 [4000/20000 (20.0%)]	Loss: 0.47504132986068726
[2023-05-03 20:59:12] Train Epoch: 9 [5000/20000 (25.0%)]	Loss: 0.25417619943618774
[2023-05-03 20:59:13] Train Epoch: 9 [6000/20000 (30.0%)]	Loss: 0.43819862604141235
[2023-05-03 20:59:13] Train Epoch: 9 [7000/20000 (35.0%)]	Loss: 0.23376068472862244
[2023-05-03 20:59:14] Train Epoch: 9 [8000/20000 (40.0%)]	Loss: 0.6977802515029907
[2023-05-03 20:59:14] Train Epoch: 9 [9000/20000 (45.0%)]	Loss: 0.46577900648117065
[2023-05-03 20:59:14] Train Epoch: 9 [10000/20000 (50.0%)]	Loss: 0.6102842688560486
[2023-05-03 20:59:15] Train Epoch: 9 [11000/20000 (55.0%)]	Loss: 0.597952127456665
[2023-05-03 20:59:15] Train Epoch: 9 [12000/20000 (60.0%)]	Loss: 0.38646841049194336
[2023-05-03 20:59:16] Train Epoch: 9 [13000/20000 (65.0%)]	Loss: 0.46183210611343384
[2023-05-03 20:59:16] Train Epoch: 9 [14000/20000 (70.0%)]	Loss: 0.79670250415802
[2023-05-03 20:59:17] Train Epoch: 9 [15000/20000 (75.0%)]	Loss: 0.31405550241470337
[2023-05-03 20:59:17] Train Epoch: 9 [16000/20000 (80.0%)]	Loss: 0.30331963300704956
[2023-05-03 20:59:17] Train Epoch: 9 [17000/20000 (85.0%)]	Loss: 0.2126866579055786
[2023-05-03 20:59:18] Train Epoch: 9 [18000/20000 (90.0%)]	Loss: 0.26546305418014526
[2023-05-03 20:59:18] Train Epoch: 9 [19000/20000 (95.0%)]	Loss: 0.2583598792552948
[2023-05-03 20:59:23] ========== Metrics ==========
[2023-05-03 20:59:23] {
  "tr_loss": 0.3521074672000553,
  "tr_acc": 0.8457845784578458,
  "tr_f1": 0.8450095486983616,
  "val_loss": 0.5088604081056113,
  "val_acc": 0.7443595665304672,
  "val_f1": 0.777416860015468,
  "test_loss": 0.5128657204025806,
  "test_acc": 0.7425474254742548,
  "test_f1": 0.7743467933491687
}
[2023-05-03 20:59:23] ========== Metrics ==========
[2023-05-03 20:59:24] Train Epoch: 10 [0/20000 (0.0%)]	Loss: 0.4362403452396393
[2023-05-03 20:59:24] Train Epoch: 10 [1000/20000 (5.0%)]	Loss: 0.47826719284057617
[2023-05-03 20:59:25] Train Epoch: 10 [2000/20000 (10.0%)]	Loss: 0.17901216447353363
[2023-05-03 20:59:25] Train Epoch: 10 [3000/20000 (15.0%)]	Loss: 0.5210851430892944
[2023-05-03 20:59:26] Train Epoch: 10 [4000/20000 (20.0%)]	Loss: 0.4241591989994049
[2023-05-03 20:59:26] Train Epoch: 10 [5000/20000 (25.0%)]	Loss: 0.36007481813430786
[2023-05-03 20:59:26] Train Epoch: 10 [6000/20000 (30.0%)]	Loss: 0.291346937417984
[2023-05-03 20:59:27] Train Epoch: 10 [7000/20000 (35.0%)]	Loss: 0.1947210729122162
[2023-05-03 20:59:27] Train Epoch: 10 [8000/20000 (40.0%)]	Loss: 0.24043449759483337
[2023-05-03 20:59:28] Train Epoch: 10 [9000/20000 (45.0%)]	Loss: 0.23499205708503723
[2023-05-03 20:59:28] Train Epoch: 10 [10000/20000 (50.0%)]	Loss: 0.427973210811615
[2023-05-03 20:59:29] Train Epoch: 10 [11000/20000 (55.0%)]	Loss: 0.4605274200439453
[2023-05-03 20:59:29] Train Epoch: 10 [12000/20000 (60.0%)]	Loss: 0.5485910177230835
[2023-05-03 20:59:29] Train Epoch: 10 [13000/20000 (65.0%)]	Loss: 0.32526320219039917
[2023-05-03 20:59:30] Train Epoch: 10 [14000/20000 (70.0%)]	Loss: 0.5168596506118774
[2023-05-03 20:59:30] Train Epoch: 10 [15000/20000 (75.0%)]	Loss: 0.36719679832458496
[2023-05-03 20:59:31] Train Epoch: 10 [16000/20000 (80.0%)]	Loss: 0.44133782386779785
[2023-05-03 20:59:31] Train Epoch: 10 [17000/20000 (85.0%)]	Loss: 0.15887822210788727
[2023-05-03 20:59:32] Train Epoch: 10 [18000/20000 (90.0%)]	Loss: 0.34874600172042847
[2023-05-03 20:59:32] Train Epoch: 10 [19000/20000 (95.0%)]	Loss: 0.4340062141418457
[2023-05-03 20:59:36] ========== Metrics ==========
[2023-05-03 20:59:36] {
  "tr_loss": 0.3482601588571628,
  "tr_acc": 0.8483348334833484,
  "tr_f1": 0.8475802804161013,
  "val_loss": 0.5170367140608161,
  "val_acc": 0.7349440397939243,
  "val_f1": 0.7734588521105376,
  "test_loss": 0.5187846280048857,
  "test_acc": 0.7317073170731707,
  "test_f1": 0.7703016241299304
}
[2023-05-03 20:59:36] ========== Metrics ==========
