[2023-05-03 08:42:41] Train Epoch: 1 [0/20000 (0.0%)]	Loss: 0.701775848865509
[2023-05-03 08:42:41] Train Epoch: 1 [1000/20000 (5.0%)]	Loss: 0.6965643167495728
[2023-05-03 08:42:42] Train Epoch: 1 [2000/20000 (10.0%)]	Loss: 0.6938520073890686
[2023-05-03 08:42:42] Train Epoch: 1 [3000/20000 (15.0%)]	Loss: 0.6888973116874695
[2023-05-03 08:42:42] Train Epoch: 1 [4000/20000 (20.0%)]	Loss: 0.691169023513794
[2023-05-03 08:42:43] Train Epoch: 1 [5000/20000 (25.0%)]	Loss: 0.6958733797073364
[2023-05-03 08:42:43] Train Epoch: 1 [6000/20000 (30.0%)]	Loss: 0.696287989616394
[2023-05-03 08:42:43] Train Epoch: 1 [7000/20000 (35.0%)]	Loss: 0.6917487382888794
[2023-05-03 08:42:44] Train Epoch: 1 [8000/20000 (40.0%)]	Loss: 0.6947444081306458
[2023-05-03 08:42:44] Train Epoch: 1 [9000/20000 (45.0%)]	Loss: 0.6937237977981567
[2023-05-03 08:42:44] Train Epoch: 1 [10000/20000 (50.0%)]	Loss: 0.6943297386169434
[2023-05-03 08:42:45] Train Epoch: 1 [11000/20000 (55.0%)]	Loss: 0.6937322020530701
[2023-05-03 08:42:45] Train Epoch: 1 [12000/20000 (60.0%)]	Loss: 0.6944876313209534
[2023-05-03 08:42:45] Train Epoch: 1 [13000/20000 (65.0%)]	Loss: 0.6931600570678711
[2023-05-03 08:42:46] Train Epoch: 1 [14000/20000 (70.0%)]	Loss: 0.6938139200210571
[2023-05-03 08:42:46] Train Epoch: 1 [15000/20000 (75.0%)]	Loss: 0.6925035715103149
[2023-05-03 08:42:46] Train Epoch: 1 [16000/20000 (80.0%)]	Loss: 0.6943835616111755
[2023-05-03 08:42:47] Train Epoch: 1 [17000/20000 (85.0%)]	Loss: 0.6931954622268677
[2023-05-03 08:42:47] Train Epoch: 1 [18000/20000 (90.0%)]	Loss: 0.6941902041435242
[2023-05-03 08:42:47] Train Epoch: 1 [19000/20000 (95.0%)]	Loss: 0.6923618316650391
[2023-05-03 08:42:52] ========== Metrics ==========
[2023-05-03 08:42:52] {
  "tr_loss": 0.6933282316774234,
  "tr_acc": 0.4965996599659966,
  "tr_f1": 0.38454484318640336,
  "val_loss": 0.6945080358153191,
  "val_acc": 0.49955587138035173,
  "val_f1": 0.6662717687477786,
  "test_loss": 0.7137867267215802,
  "test_acc": 0.5067750677506775,
  "test_f1": 0.6726618705035972
}
[2023-05-03 08:42:52] ========== Metrics ==========
[2023-05-03 08:42:53] Train Epoch: 2 [0/20000 (0.0%)]	Loss: 0.6931506395339966
[2023-05-03 08:42:54] Train Epoch: 2 [1000/20000 (5.0%)]	Loss: 0.6941413879394531
[2023-05-03 08:42:54] Train Epoch: 2 [2000/20000 (10.0%)]	Loss: 0.6927607655525208
[2023-05-03 08:42:55] Train Epoch: 2 [3000/20000 (15.0%)]	Loss: 0.6919580101966858
[2023-05-03 08:42:55] Train Epoch: 2 [4000/20000 (20.0%)]	Loss: 0.6931257843971252
[2023-05-03 08:42:55] Train Epoch: 2 [5000/20000 (25.0%)]	Loss: 0.6926999688148499
[2023-05-03 08:42:56] Train Epoch: 2 [6000/20000 (30.0%)]	Loss: 0.6922668814659119
[2023-05-03 08:42:56] Train Epoch: 2 [7000/20000 (35.0%)]	Loss: 0.6933606863021851
[2023-05-03 08:42:57] Train Epoch: 2 [8000/20000 (40.0%)]	Loss: 0.6928131580352783
[2023-05-03 08:42:57] Train Epoch: 2 [9000/20000 (45.0%)]	Loss: 0.6932995915412903
[2023-05-03 08:42:57] Train Epoch: 2 [10000/20000 (50.0%)]	Loss: 0.6930660605430603
[2023-05-03 08:42:58] Train Epoch: 2 [11000/20000 (55.0%)]	Loss: 0.6931499242782593
[2023-05-03 08:42:58] Train Epoch: 2 [12000/20000 (60.0%)]	Loss: 0.6929922103881836
[2023-05-03 08:42:58] Train Epoch: 2 [13000/20000 (65.0%)]	Loss: 0.6930187940597534
[2023-05-03 08:42:59] Train Epoch: 2 [14000/20000 (70.0%)]	Loss: 0.6928707957267761
[2023-05-03 08:42:59] Train Epoch: 2 [15000/20000 (75.0%)]	Loss: 0.6954899430274963
[2023-05-03 08:43:00] Train Epoch: 2 [16000/20000 (80.0%)]	Loss: 0.6911038160324097
[2023-05-03 08:43:00] Train Epoch: 2 [17000/20000 (85.0%)]	Loss: 0.6947845816612244
[2023-05-03 08:43:00] Train Epoch: 2 [18000/20000 (90.0%)]	Loss: 0.6931646466255188
[2023-05-03 08:43:01] Train Epoch: 2 [19000/20000 (95.0%)]	Loss: 0.6945655345916748
[2023-05-03 08:43:05] ========== Metrics ==========
[2023-05-03 08:43:05] {
  "tr_loss": 0.6933068897691008,
  "tr_acc": 0.4953995399539954,
  "tr_f1": 0.5441980215908576,
  "val_loss": 0.6945299161943879,
  "val_acc": 0.5004441286196483,
  "val_f1": 0.0,
  "test_loss": 0.7140376994280311,
  "test_acc": 0.4932249322493225,
  "test_f1": 0.0
}
[2023-05-03 08:43:05] ========== Metrics ==========
[2023-05-03 08:43:07] Train Epoch: 3 [0/20000 (0.0%)]	Loss: 0.6956291794776917
[2023-05-03 08:43:07] Train Epoch: 3 [1000/20000 (5.0%)]	Loss: 0.6933639049530029
[2023-05-03 08:43:08] Train Epoch: 3 [2000/20000 (10.0%)]	Loss: 0.6843211650848389
[2023-05-03 08:43:08] Train Epoch: 3 [3000/20000 (15.0%)]	Loss: 0.6776445508003235
[2023-05-03 08:43:08] Train Epoch: 3 [4000/20000 (20.0%)]	Loss: 0.6230528950691223
[2023-05-03 08:43:09] Train Epoch: 3 [5000/20000 (25.0%)]	Loss: 0.668678879737854
[2023-05-03 08:43:09] Train Epoch: 3 [6000/20000 (30.0%)]	Loss: 0.6528024673461914
[2023-05-03 08:43:10] Train Epoch: 3 [7000/20000 (35.0%)]	Loss: 0.6044058203697205
[2023-05-03 08:43:10] Train Epoch: 3 [8000/20000 (40.0%)]	Loss: 0.5501950979232788
[2023-05-03 08:43:10] Train Epoch: 3 [9000/20000 (45.0%)]	Loss: 0.5408363938331604
[2023-05-03 08:43:11] Train Epoch: 3 [10000/20000 (50.0%)]	Loss: 0.45733481645584106
[2023-05-03 08:43:11] Train Epoch: 3 [11000/20000 (55.0%)]	Loss: 0.5101740956306458
[2023-05-03 08:43:12] Train Epoch: 3 [12000/20000 (60.0%)]	Loss: 0.5030695796012878
[2023-05-03 08:43:12] Train Epoch: 3 [13000/20000 (65.0%)]	Loss: 0.383408784866333
[2023-05-03 08:43:12] Train Epoch: 3 [14000/20000 (70.0%)]	Loss: 0.3681425154209137
[2023-05-03 08:43:13] Train Epoch: 3 [15000/20000 (75.0%)]	Loss: 0.2584385275840759
[2023-05-03 08:43:13] Train Epoch: 3 [16000/20000 (80.0%)]	Loss: 0.45501285791397095
[2023-05-03 08:43:14] Train Epoch: 3 [17000/20000 (85.0%)]	Loss: 0.4464317858219147
[2023-05-03 08:43:14] Train Epoch: 3 [18000/20000 (90.0%)]	Loss: 0.4444163739681244
[2023-05-03 08:43:15] Train Epoch: 3 [19000/20000 (95.0%)]	Loss: 0.7068396806716919
[2023-05-03 08:43:19] ========== Metrics ==========
[2023-05-03 08:43:19] {
  "tr_loss": 0.5777913139443217,
  "tr_acc": 0.6756175617561756,
  "tr_f1": 0.6780804922832613,
  "val_loss": 0.551026915546674,
  "val_acc": 0.7470243382483567,
  "val_f1": 0.7564979480164158,
  "test_loss": 0.577135858173939,
  "test_acc": 0.7289972899728997,
  "test_f1": 0.7395833333333335
}
[2023-05-03 08:43:19] ========== Metrics ==========
[2023-05-03 08:43:20] Train Epoch: 4 [0/20000 (0.0%)]	Loss: 0.312136709690094
[2023-05-03 08:43:21] Train Epoch: 4 [1000/20000 (5.0%)]	Loss: 0.35076290369033813
[2023-05-03 08:43:21] Train Epoch: 4 [2000/20000 (10.0%)]	Loss: 0.45559319853782654
[2023-05-03 08:43:22] Train Epoch: 4 [3000/20000 (15.0%)]	Loss: 0.5677071809768677
[2023-05-03 08:43:22] Train Epoch: 4 [4000/20000 (20.0%)]	Loss: 0.456124484539032
[2023-05-03 08:43:22] Train Epoch: 4 [5000/20000 (25.0%)]	Loss: 0.8061642646789551
[2023-05-03 08:43:23] Train Epoch: 4 [6000/20000 (30.0%)]	Loss: 0.4895089268684387
[2023-05-03 08:43:23] Train Epoch: 4 [7000/20000 (35.0%)]	Loss: 0.41898590326309204
[2023-05-03 08:43:24] Train Epoch: 4 [8000/20000 (40.0%)]	Loss: 0.35211747884750366
[2023-05-03 08:43:24] Train Epoch: 4 [9000/20000 (45.0%)]	Loss: 0.37220555543899536
[2023-05-03 08:43:24] Train Epoch: 4 [10000/20000 (50.0%)]	Loss: 0.19559134542942047
[2023-05-03 08:43:25] Train Epoch: 4 [11000/20000 (55.0%)]	Loss: 0.7044984102249146
[2023-05-03 08:43:25] Train Epoch: 4 [12000/20000 (60.0%)]	Loss: 0.49082812666893005
[2023-05-03 08:43:26] Train Epoch: 4 [13000/20000 (65.0%)]	Loss: 0.5321828126907349
[2023-05-03 08:43:26] Train Epoch: 4 [14000/20000 (70.0%)]	Loss: 0.22822809219360352
[2023-05-03 08:43:26] Train Epoch: 4 [15000/20000 (75.0%)]	Loss: 0.3141351342201233
[2023-05-03 08:43:27] Train Epoch: 4 [16000/20000 (80.0%)]	Loss: 0.44593992829322815
[2023-05-03 08:43:27] Train Epoch: 4 [17000/20000 (85.0%)]	Loss: 0.35468029975891113
[2023-05-03 08:43:28] Train Epoch: 4 [18000/20000 (90.0%)]	Loss: 0.524117648601532
[2023-05-03 08:43:28] Train Epoch: 4 [19000/20000 (95.0%)]	Loss: 0.4306841790676117
[2023-05-03 08:43:32] ========== Metrics ==========
[2023-05-03 08:43:32] {
  "tr_loss": 0.4401432721838258,
  "tr_acc": 0.7998299829982999,
  "tr_f1": 0.7976545518879845,
  "val_loss": 0.5409365117306353,
  "val_acc": 0.7573281222241961,
  "val_f1": 0.7844745976648785,
  "test_loss": 0.5671722779105995,
  "test_acc": 0.7371273712737128,
  "test_f1": 0.7662650602409637
}
[2023-05-03 08:43:32] ========== Metrics ==========
[2023-05-03 08:43:34] Train Epoch: 5 [0/20000 (0.0%)]	Loss: 0.26193010807037354
[2023-05-03 08:43:34] Train Epoch: 5 [1000/20000 (5.0%)]	Loss: 0.4675964415073395
[2023-05-03 08:43:35] Train Epoch: 5 [2000/20000 (10.0%)]	Loss: 0.3387939929962158
[2023-05-03 08:43:35] Train Epoch: 5 [3000/20000 (15.0%)]	Loss: 0.1946527063846588
[2023-05-03 08:43:35] Train Epoch: 5 [4000/20000 (20.0%)]	Loss: 0.16862086951732635
[2023-05-03 08:43:36] Train Epoch: 5 [5000/20000 (25.0%)]	Loss: 0.45601335167884827
[2023-05-03 08:43:36] Train Epoch: 5 [6000/20000 (30.0%)]	Loss: 0.4271009564399719
[2023-05-03 08:43:36] Train Epoch: 5 [7000/20000 (35.0%)]	Loss: 0.561487078666687
[2023-05-03 08:43:37] Train Epoch: 5 [8000/20000 (40.0%)]	Loss: 0.35111331939697266
[2023-05-03 08:43:37] Train Epoch: 5 [9000/20000 (45.0%)]	Loss: 0.5109370946884155
[2023-05-03 08:43:37] Train Epoch: 5 [10000/20000 (50.0%)]	Loss: 0.6415619850158691
[2023-05-03 08:43:38] Train Epoch: 5 [11000/20000 (55.0%)]	Loss: 0.4169289171695709
[2023-05-03 08:43:38] Train Epoch: 5 [12000/20000 (60.0%)]	Loss: 0.15829119086265564
[2023-05-03 08:43:39] Train Epoch: 5 [13000/20000 (65.0%)]	Loss: 0.41449999809265137
[2023-05-03 08:43:39] Train Epoch: 5 [14000/20000 (70.0%)]	Loss: 0.4680419862270355
[2023-05-03 08:43:39] Train Epoch: 5 [15000/20000 (75.0%)]	Loss: 0.4343518316745758
[2023-05-03 08:43:40] Train Epoch: 5 [16000/20000 (80.0%)]	Loss: 0.5406441688537598
[2023-05-03 08:43:40] Train Epoch: 5 [17000/20000 (85.0%)]	Loss: 0.26674753427505493
[2023-05-03 08:43:41] Train Epoch: 5 [18000/20000 (90.0%)]	Loss: 0.1206197589635849
[2023-05-03 08:43:41] Train Epoch: 5 [19000/20000 (95.0%)]	Loss: 0.2774205505847931
[2023-05-03 08:43:45] ========== Metrics ==========
[2023-05-03 08:43:45] {
  "tr_loss": 0.389969696191409,
  "tr_acc": 0.8282828282828283,
  "tr_f1": 0.8270025188916876,
  "val_loss": 0.5528029432557662,
  "val_acc": 0.7123823059157932,
  "val_f1": 0.763269483842667,
  "test_loss": 0.5478925998941023,
  "test_acc": 0.7262872628726287,
  "test_f1": 0.7720090293453724
}
[2023-05-03 08:43:45] ========== Metrics ==========
[2023-05-03 08:43:47] Train Epoch: 6 [0/20000 (0.0%)]	Loss: 0.4764859676361084
[2023-05-03 08:43:47] Train Epoch: 6 [1000/20000 (5.0%)]	Loss: 0.30743613839149475
[2023-05-03 08:43:48] Train Epoch: 6 [2000/20000 (10.0%)]	Loss: 0.22925814986228943
[2023-05-03 08:43:48] Train Epoch: 6 [3000/20000 (15.0%)]	Loss: 0.5774282217025757
[2023-05-03 08:43:48] Train Epoch: 6 [4000/20000 (20.0%)]	Loss: 0.21986651420593262
[2023-05-03 08:43:49] Train Epoch: 6 [5000/20000 (25.0%)]	Loss: 0.2750330865383148
[2023-05-03 08:43:49] Train Epoch: 6 [6000/20000 (30.0%)]	Loss: 0.14122220873832703
[2023-05-03 08:43:50] Train Epoch: 6 [7000/20000 (35.0%)]	Loss: 0.3063529133796692
[2023-05-03 08:43:50] Train Epoch: 6 [8000/20000 (40.0%)]	Loss: 0.3413960635662079
[2023-05-03 08:43:50] Train Epoch: 6 [9000/20000 (45.0%)]	Loss: 0.3418511152267456
[2023-05-03 08:43:51] Train Epoch: 6 [10000/20000 (50.0%)]	Loss: 0.740404486656189
[2023-05-03 08:43:51] Train Epoch: 6 [11000/20000 (55.0%)]	Loss: 0.27552154660224915
[2023-05-03 08:43:52] Train Epoch: 6 [12000/20000 (60.0%)]	Loss: 0.3082433342933655
[2023-05-03 08:43:52] Train Epoch: 6 [13000/20000 (65.0%)]	Loss: 0.39150291681289673
[2023-05-03 08:43:52] Train Epoch: 6 [14000/20000 (70.0%)]	Loss: 0.30177798867225647
[2023-05-03 08:43:53] Train Epoch: 6 [15000/20000 (75.0%)]	Loss: 0.13483253121376038
[2023-05-03 08:43:53] Train Epoch: 6 [16000/20000 (80.0%)]	Loss: 0.2503886818885803
[2023-05-03 08:43:54] Train Epoch: 6 [17000/20000 (85.0%)]	Loss: 0.4908803403377533
[2023-05-03 08:43:54] Train Epoch: 6 [18000/20000 (90.0%)]	Loss: 0.3685514032840729
[2023-05-03 08:43:54] Train Epoch: 6 [19000/20000 (95.0%)]	Loss: 0.25259071588516235
[2023-05-03 08:43:59] ========== Metrics ==========
[2023-05-03 08:43:59] {
  "tr_loss": 0.34919419040595523,
  "tr_acc": 0.8491849184918492,
  "tr_f1": 0.8484117410534782,
  "val_loss": 0.5304958104960215,
  "val_acc": 0.7395629774382662,
  "val_f1": 0.7764562366575175,
  "test_loss": 0.5181361213932193,
  "test_acc": 0.7533875338753387,
  "test_f1": 0.7838479809976246
}
[2023-05-03 08:43:59] ========== Metrics ==========
[2023-05-03 08:44:00] Train Epoch: 7 [0/20000 (0.0%)]	Loss: 0.24643978476524353
[2023-05-03 08:44:01] Train Epoch: 7 [1000/20000 (5.0%)]	Loss: 0.4779244363307953
[2023-05-03 08:44:01] Train Epoch: 7 [2000/20000 (10.0%)]	Loss: 0.49504876136779785
[2023-05-03 08:44:01] Train Epoch: 7 [3000/20000 (15.0%)]	Loss: 0.264626145362854
[2023-05-03 08:44:02] Train Epoch: 7 [4000/20000 (20.0%)]	Loss: 0.3411805331707001
[2023-05-03 08:44:02] Train Epoch: 7 [5000/20000 (25.0%)]	Loss: 0.3416205048561096
[2023-05-03 08:44:03] Train Epoch: 7 [6000/20000 (30.0%)]	Loss: 0.24958796799182892
[2023-05-03 08:44:03] Train Epoch: 7 [7000/20000 (35.0%)]	Loss: 0.5668246746063232
[2023-05-03 08:44:03] Train Epoch: 7 [8000/20000 (40.0%)]	Loss: 0.2535613179206848
[2023-05-03 08:44:04] Train Epoch: 7 [9000/20000 (45.0%)]	Loss: 0.49724116921424866
[2023-05-03 08:44:04] Train Epoch: 7 [10000/20000 (50.0%)]	Loss: 0.4246556758880615
[2023-05-03 08:44:05] Train Epoch: 7 [11000/20000 (55.0%)]	Loss: 0.4045633375644684
[2023-05-03 08:44:05] Train Epoch: 7 [12000/20000 (60.0%)]	Loss: 0.4207373261451721
[2023-05-03 08:44:06] Train Epoch: 7 [13000/20000 (65.0%)]	Loss: 0.2444741427898407
[2023-05-03 08:44:06] Train Epoch: 7 [14000/20000 (70.0%)]	Loss: 0.4398820996284485
[2023-05-03 08:44:06] Train Epoch: 7 [15000/20000 (75.0%)]	Loss: 0.2196161299943924
[2023-05-03 08:44:07] Train Epoch: 7 [16000/20000 (80.0%)]	Loss: 0.3944465219974518
[2023-05-03 08:44:07] Train Epoch: 7 [17000/20000 (85.0%)]	Loss: 0.36154720187187195
[2023-05-03 08:44:08] Train Epoch: 7 [18000/20000 (90.0%)]	Loss: 0.19863800704479218
[2023-05-03 08:44:08] Train Epoch: 7 [19000/20000 (95.0%)]	Loss: 0.4156661927700043
[2023-05-03 08:44:12] ========== Metrics ==========
[2023-05-03 08:44:12] {
  "tr_loss": 0.3454155519683667,
  "tr_acc": 0.8523352335233524,
  "tr_f1": 0.8514662240329963,
  "val_loss": 0.5265180590013391,
  "val_acc": 0.7466690353526382,
  "val_f1": 0.780952380952381,
  "test_loss": 0.5178893920851917,
  "test_acc": 0.7588075880758808,
  "test_f1": 0.7875894988066825
}
[2023-05-03 08:44:12] ========== Metrics ==========
[2023-05-03 08:44:14] Train Epoch: 8 [0/20000 (0.0%)]	Loss: 0.3879494071006775
[2023-05-03 08:44:14] Train Epoch: 8 [1000/20000 (5.0%)]	Loss: 0.2684478163719177
[2023-05-03 08:44:14] Train Epoch: 8 [2000/20000 (10.0%)]	Loss: 0.3383376896381378
[2023-05-03 08:44:15] Train Epoch: 8 [3000/20000 (15.0%)]	Loss: 0.23541000485420227
[2023-05-03 08:44:15] Train Epoch: 8 [4000/20000 (20.0%)]	Loss: 0.412794828414917
[2023-05-03 08:44:16] Train Epoch: 8 [5000/20000 (25.0%)]	Loss: 0.3452940881252289
[2023-05-03 08:44:16] Train Epoch: 8 [6000/20000 (30.0%)]	Loss: 0.5466364622116089
[2023-05-03 08:44:17] Train Epoch: 8 [7000/20000 (35.0%)]	Loss: 0.36101233959198
[2023-05-03 08:44:17] Train Epoch: 8 [8000/20000 (40.0%)]	Loss: 0.16539417207241058
[2023-05-03 08:44:17] Train Epoch: 8 [9000/20000 (45.0%)]	Loss: 0.325522243976593
[2023-05-03 08:44:18] Train Epoch: 8 [10000/20000 (50.0%)]	Loss: 0.5510751008987427
[2023-05-03 08:44:18] Train Epoch: 8 [11000/20000 (55.0%)]	Loss: 0.3930099606513977
[2023-05-03 08:44:19] Train Epoch: 8 [12000/20000 (60.0%)]	Loss: 0.22014451026916504
[2023-05-03 08:44:19] Train Epoch: 8 [13000/20000 (65.0%)]	Loss: 0.2868625521659851
[2023-05-03 08:44:20] Train Epoch: 8 [14000/20000 (70.0%)]	Loss: 0.32702645659446716
[2023-05-03 08:44:20] Train Epoch: 8 [15000/20000 (75.0%)]	Loss: 0.4017602801322937
[2023-05-03 08:44:20] Train Epoch: 8 [16000/20000 (80.0%)]	Loss: 0.4054480493068695
[2023-05-03 08:44:21] Train Epoch: 8 [17000/20000 (85.0%)]	Loss: 0.36013466119766235
[2023-05-03 08:44:21] Train Epoch: 8 [18000/20000 (90.0%)]	Loss: 0.4513915181159973
[2023-05-03 08:44:22] Train Epoch: 8 [19000/20000 (95.0%)]	Loss: 0.30663272738456726
[2023-05-03 08:44:26] ========== Metrics ==========
[2023-05-03 08:44:26] {
  "tr_loss": 0.3385469068189373,
  "tr_acc": 0.8539353935393539,
  "tr_f1": 0.8530018620099643,
  "val_loss": 0.526582398345149,
  "val_acc": 0.7432936578433115,
  "val_f1": 0.7797591830513642,
  "test_loss": 0.5170596340484412,
  "test_acc": 0.7533875338753387,
  "test_f1": 0.7848699763593381
}
[2023-05-03 08:44:26] ========== Metrics ==========
[2023-05-03 08:44:27] Train Epoch: 9 [0/20000 (0.0%)]	Loss: 0.1953979730606079
[2023-05-03 08:44:28] Train Epoch: 9 [1000/20000 (5.0%)]	Loss: 0.11782171577215195
[2023-05-03 08:44:28] Train Epoch: 9 [2000/20000 (10.0%)]	Loss: 0.23179547488689423
[2023-05-03 08:44:29] Train Epoch: 9 [3000/20000 (15.0%)]	Loss: 0.2938878834247589
[2023-05-03 08:44:29] Train Epoch: 9 [4000/20000 (20.0%)]	Loss: 0.48616141080856323
[2023-05-03 08:44:30] Train Epoch: 9 [5000/20000 (25.0%)]	Loss: 0.25657203793525696
[2023-05-03 08:44:30] Train Epoch: 9 [6000/20000 (30.0%)]	Loss: 0.30311253666877747
[2023-05-03 08:44:30] Train Epoch: 9 [7000/20000 (35.0%)]	Loss: 0.21068139374256134
[2023-05-03 08:44:31] Train Epoch: 9 [8000/20000 (40.0%)]	Loss: 0.3643772304058075
[2023-05-03 08:44:31] Train Epoch: 9 [9000/20000 (45.0%)]	Loss: 0.45273318886756897
[2023-05-03 08:44:32] Train Epoch: 9 [10000/20000 (50.0%)]	Loss: 0.269496351480484
[2023-05-03 08:44:32] Train Epoch: 9 [11000/20000 (55.0%)]	Loss: 0.3766682744026184
[2023-05-03 08:44:33] Train Epoch: 9 [12000/20000 (60.0%)]	Loss: 0.2966775894165039
[2023-05-03 08:44:33] Train Epoch: 9 [13000/20000 (65.0%)]	Loss: 0.5104548931121826
[2023-05-03 08:44:33] Train Epoch: 9 [14000/20000 (70.0%)]	Loss: 0.17197240889072418
[2023-05-03 08:44:34] Train Epoch: 9 [15000/20000 (75.0%)]	Loss: 0.2869170606136322
[2023-05-03 08:44:34] Train Epoch: 9 [16000/20000 (80.0%)]	Loss: 0.5820552706718445
[2023-05-03 08:44:35] Train Epoch: 9 [17000/20000 (85.0%)]	Loss: 0.3358844220638275
[2023-05-03 08:44:35] Train Epoch: 9 [18000/20000 (90.0%)]	Loss: 0.2345159351825714
[2023-05-03 08:44:36] Train Epoch: 9 [19000/20000 (95.0%)]	Loss: 0.11380808055400848
[2023-05-03 08:44:40] ========== Metrics ==========
[2023-05-03 08:44:40] {
  "tr_loss": 0.33616015283164175,
  "tr_acc": 0.8548854885488549,
  "tr_f1": 0.8540388290916409,
  "val_loss": 0.5217755882793812,
  "val_acc": 0.7534197903712915,
  "val_f1": 0.7837332502337176,
  "test_loss": 0.522376549276233,
  "test_acc": 0.7588075880758808,
  "test_f1": 0.7855421686746988
}
[2023-05-03 08:44:40] ========== Metrics ==========
[2023-05-03 08:44:42] Train Epoch: 10 [0/20000 (0.0%)]	Loss: 0.33228617906570435
[2023-05-03 08:44:42] Train Epoch: 10 [1000/20000 (5.0%)]	Loss: 0.3647315502166748
[2023-05-03 08:44:42] Train Epoch: 10 [2000/20000 (10.0%)]	Loss: 0.304198682308197
[2023-05-03 08:44:43] Train Epoch: 10 [3000/20000 (15.0%)]	Loss: 0.4171351492404938
[2023-05-03 08:44:43] Train Epoch: 10 [4000/20000 (20.0%)]	Loss: 0.3922605514526367
[2023-05-03 08:44:44] Train Epoch: 10 [5000/20000 (25.0%)]	Loss: 0.24553093314170837
[2023-05-03 08:44:44] Train Epoch: 10 [6000/20000 (30.0%)]	Loss: 0.3130229711532593
[2023-05-03 08:44:45] Train Epoch: 10 [7000/20000 (35.0%)]	Loss: 0.2603099048137665
[2023-05-03 08:44:45] Train Epoch: 10 [8000/20000 (40.0%)]	Loss: 0.36027806997299194
[2023-05-03 08:44:45] Train Epoch: 10 [9000/20000 (45.0%)]	Loss: 0.2868003845214844
[2023-05-03 08:44:46] Train Epoch: 10 [10000/20000 (50.0%)]	Loss: 0.2703761160373688
[2023-05-03 08:44:46] Train Epoch: 10 [11000/20000 (55.0%)]	Loss: 0.3195754885673523
[2023-05-03 08:44:47] Train Epoch: 10 [12000/20000 (60.0%)]	Loss: 0.3718113303184509
[2023-05-03 08:44:47] Train Epoch: 10 [13000/20000 (65.0%)]	Loss: 0.2740955948829651
[2023-05-03 08:44:47] Train Epoch: 10 [14000/20000 (70.0%)]	Loss: 0.20702795684337616
[2023-05-03 08:44:48] Train Epoch: 10 [15000/20000 (75.0%)]	Loss: 0.30019184947013855
[2023-05-03 08:44:48] Train Epoch: 10 [16000/20000 (80.0%)]	Loss: 0.1476123183965683
[2023-05-03 08:44:49] Train Epoch: 10 [17000/20000 (85.0%)]	Loss: 0.5060763955116272
[2023-05-03 08:44:49] Train Epoch: 10 [18000/20000 (90.0%)]	Loss: 0.2026904821395874
[2023-05-03 08:44:49] Train Epoch: 10 [19000/20000 (95.0%)]	Loss: 0.3996599018573761
[2023-05-03 08:44:53] Stop At epoch 10/10 due to valid not increase
[2023-05-03 08:44:54] ========== Metrics ==========
[2023-05-03 08:44:54] {
  "tr_loss": 0.3327348067833431,
  "tr_acc": 0.8564356435643564,
  "tr_f1": 0.8555035482409784,
  "val_loss": 0.5228311926798872,
  "val_acc": 0.7445372179783265,
  "val_f1": 0.7800550627103091,
  "test_loss": 0.5208234331472134,
  "test_acc": 0.7615176151761518,
  "test_f1": 0.7914691943127963
}
[2023-05-03 08:44:54] ========== Metrics ==========
