[2023-05-04 17:08:51] Train Epoch: 1 [0/20000 (0.0%)]	Loss: 0.69314044713974
[2023-05-04 17:08:52] Train Epoch: 1 [1000/20000 (5.0%)]	Loss: 0.691048264503479
[2023-05-04 17:08:52] Train Epoch: 1 [2000/20000 (10.0%)]	Loss: 0.6957193613052368
[2023-05-04 17:08:53] Train Epoch: 1 [3000/20000 (15.0%)]	Loss: 0.6875386834144592
[2023-05-04 17:08:53] Train Epoch: 1 [4000/20000 (20.0%)]	Loss: 0.6921932697296143
[2023-05-04 17:08:54] Train Epoch: 1 [5000/20000 (25.0%)]	Loss: 0.6941354274749756
[2023-05-04 17:08:54] Train Epoch: 1 [6000/20000 (30.0%)]	Loss: 0.692427933216095
[2023-05-04 17:08:55] Train Epoch: 1 [7000/20000 (35.0%)]	Loss: 0.693150520324707
[2023-05-04 17:08:55] Train Epoch: 1 [8000/20000 (40.0%)]	Loss: 0.6900192499160767
[2023-05-04 17:08:56] Train Epoch: 1 [9000/20000 (45.0%)]	Loss: 0.6932377219200134
[2023-05-04 17:08:56] Train Epoch: 1 [10000/20000 (50.0%)]	Loss: 0.6932084560394287
[2023-05-04 17:08:57] Train Epoch: 1 [11000/20000 (55.0%)]	Loss: 0.6954936981201172
[2023-05-04 17:08:57] Train Epoch: 1 [12000/20000 (60.0%)]	Loss: 0.6931490898132324
[2023-05-04 17:08:58] Train Epoch: 1 [13000/20000 (65.0%)]	Loss: 0.6931129693984985
[2023-05-04 17:08:58] Train Epoch: 1 [14000/20000 (70.0%)]	Loss: 0.6932104229927063
[2023-05-04 17:08:59] Train Epoch: 1 [15000/20000 (75.0%)]	Loss: 0.6943058371543884
[2023-05-04 17:08:59] Train Epoch: 1 [16000/20000 (80.0%)]	Loss: 0.6920499801635742
[2023-05-04 17:08:59] Train Epoch: 1 [17000/20000 (85.0%)]	Loss: 0.6931480169296265
[2023-05-04 17:09:00] Train Epoch: 1 [18000/20000 (90.0%)]	Loss: 0.6931478381156921
[2023-05-04 17:09:00] Train Epoch: 1 [19000/20000 (95.0%)]	Loss: 0.6944025754928589
[2023-05-04 17:09:02] ========== Metrics ==========
[2023-05-04 17:09:02] {
  "tr_loss": 0.6933094049790035,
  "tr_acc": 0.4983998399839984,
  "tr_f1": 0.4529639526640126,
  "val_loss": 0.694571092002111,
  "val_acc": 0.49955587138035173,
  "val_f1": 0.6662717687477786,
  "test_loss": 0.7138489804616789,
  "test_acc": 0.5067750677506775,
  "test_f1": 0.6726618705035972
}
[2023-05-04 17:09:02] ========== Metrics ==========
[2023-05-04 17:09:03] Train Epoch: 2 [0/20000 (0.0%)]	Loss: 0.6919422745704651
[2023-05-04 17:09:03] Train Epoch: 2 [1000/20000 (5.0%)]	Loss: 0.6918245553970337
[2023-05-04 17:09:04] Train Epoch: 2 [2000/20000 (10.0%)]	Loss: 0.6945019960403442
[2023-05-04 17:09:04] Train Epoch: 2 [3000/20000 (15.0%)]	Loss: 0.6931933760643005
[2023-05-04 17:09:05] Train Epoch: 2 [4000/20000 (20.0%)]	Loss: 0.6977564096450806
[2023-05-04 17:09:05] Train Epoch: 2 [5000/20000 (25.0%)]	Loss: 0.6920166015625
[2023-05-04 17:09:06] Train Epoch: 2 [6000/20000 (30.0%)]	Loss: 0.6931766271591187
[2023-05-04 17:09:06] Train Epoch: 2 [7000/20000 (35.0%)]	Loss: 0.6927079558372498
[2023-05-04 17:09:07] Train Epoch: 2 [8000/20000 (40.0%)]	Loss: 0.6933802366256714
[2023-05-04 17:09:07] Train Epoch: 2 [9000/20000 (45.0%)]	Loss: 0.6949710845947266
[2023-05-04 17:09:08] Train Epoch: 2 [10000/20000 (50.0%)]	Loss: 0.6933743357658386
[2023-05-04 17:09:08] Train Epoch: 2 [11000/20000 (55.0%)]	Loss: 0.6906306743621826
[2023-05-04 17:09:09] Train Epoch: 2 [12000/20000 (60.0%)]	Loss: 0.6917074918746948
[2023-05-04 17:09:09] Train Epoch: 2 [13000/20000 (65.0%)]	Loss: 0.6931747198104858
[2023-05-04 17:09:10] Train Epoch: 2 [14000/20000 (70.0%)]	Loss: 0.6886389851570129
[2023-05-04 17:09:10] Train Epoch: 2 [15000/20000 (75.0%)]	Loss: 0.6997514367103577
[2023-05-04 17:09:11] Train Epoch: 2 [16000/20000 (80.0%)]	Loss: 0.694452702999115
[2023-05-04 17:09:11] Train Epoch: 2 [17000/20000 (85.0%)]	Loss: 0.6922579407691956
[2023-05-04 17:09:12] Train Epoch: 2 [18000/20000 (90.0%)]	Loss: 0.6931861639022827
[2023-05-04 17:09:12] Train Epoch: 2 [19000/20000 (95.0%)]	Loss: 0.6919535398483276
[2023-05-04 17:09:14] ========== Metrics ==========
[2023-05-04 17:09:14] {
  "tr_loss": 0.6932913563778215,
  "tr_acc": 0.5006000600060005,
  "tr_f1": 0.5375746631476594,
  "val_loss": 0.6945183453328615,
  "val_acc": 0.49955587138035173,
  "val_f1": 0.6662717687477786,
  "test_loss": 0.7136587204971934,
  "test_acc": 0.5067750677506775,
  "test_f1": 0.6726618705035972
}
[2023-05-04 17:09:14] ========== Metrics ==========
[2023-05-04 17:09:15] Train Epoch: 3 [0/20000 (0.0%)]	Loss: 0.694272518157959
[2023-05-04 17:09:15] Train Epoch: 3 [1000/20000 (5.0%)]	Loss: 0.6932917833328247
[2023-05-04 17:09:16] Train Epoch: 3 [2000/20000 (10.0%)]	Loss: 0.694262683391571
[2023-05-04 17:09:16] Train Epoch: 3 [3000/20000 (15.0%)]	Loss: 0.6930345892906189
[2023-05-04 17:09:17] Train Epoch: 3 [4000/20000 (20.0%)]	Loss: 0.694735050201416
[2023-05-04 17:09:17] Train Epoch: 3 [5000/20000 (25.0%)]	Loss: 0.6935793161392212
[2023-05-04 17:09:18] Train Epoch: 3 [6000/20000 (30.0%)]	Loss: 0.6923245191574097
[2023-05-04 17:09:18] Train Epoch: 3 [7000/20000 (35.0%)]	Loss: 0.6924977898597717
[2023-05-04 17:09:19] Train Epoch: 3 [8000/20000 (40.0%)]	Loss: 0.6968539953231812
[2023-05-04 17:09:19] Train Epoch: 3 [9000/20000 (45.0%)]	Loss: 0.6919845342636108
[2023-05-04 17:09:20] Train Epoch: 3 [10000/20000 (50.0%)]	Loss: 0.6936408281326294
[2023-05-04 17:09:20] Train Epoch: 3 [11000/20000 (55.0%)]	Loss: 0.6937950849533081
[2023-05-04 17:09:21] Train Epoch: 3 [12000/20000 (60.0%)]	Loss: 0.6930040121078491
[2023-05-04 17:09:21] Train Epoch: 3 [13000/20000 (65.0%)]	Loss: 0.6911692023277283
[2023-05-04 17:09:22] Train Epoch: 3 [14000/20000 (70.0%)]	Loss: 0.6916730403900146
[2023-05-04 17:09:22] Train Epoch: 3 [15000/20000 (75.0%)]	Loss: 0.6935430765151978
[2023-05-04 17:09:23] Train Epoch: 3 [16000/20000 (80.0%)]	Loss: 0.693922758102417
[2023-05-04 17:09:23] Train Epoch: 3 [17000/20000 (85.0%)]	Loss: 0.6951683163642883
[2023-05-04 17:09:24] Train Epoch: 3 [18000/20000 (90.0%)]	Loss: 0.6950643062591553
[2023-05-04 17:09:24] Train Epoch: 3 [19000/20000 (95.0%)]	Loss: 0.692800760269165
[2023-05-04 17:09:26] ========== Metrics ==========
[2023-05-04 17:09:26] {
  "tr_loss": 0.6933206366305232,
  "tr_acc": 0.498999899989999,
  "tr_f1": 0.4338588461321128,
  "val_loss": 0.6945293217362678,
  "val_acc": 0.49955587138035173,
  "val_f1": 0.6662717687477786,
  "test_loss": 0.7137656987198,
  "test_acc": 0.5067750677506775,
  "test_f1": 0.6726618705035972
}
[2023-05-04 17:09:26] ========== Metrics ==========
[2023-05-04 17:09:27] Train Epoch: 4 [0/20000 (0.0%)]	Loss: 0.6931676864624023
[2023-05-04 17:09:27] Train Epoch: 4 [1000/20000 (5.0%)]	Loss: 0.6931483149528503
[2023-05-04 17:09:28] Train Epoch: 4 [2000/20000 (10.0%)]	Loss: 0.6920228004455566
[2023-05-04 17:09:28] Train Epoch: 4 [3000/20000 (15.0%)]	Loss: 0.6933122873306274
[2023-05-04 17:09:29] Train Epoch: 4 [4000/20000 (20.0%)]	Loss: 0.6855984926223755
[2023-05-04 17:09:29] Train Epoch: 4 [5000/20000 (25.0%)]	Loss: 0.6945355534553528
[2023-05-04 17:09:30] Train Epoch: 4 [6000/20000 (30.0%)]	Loss: 0.6940668225288391
[2023-05-04 17:09:30] Train Epoch: 4 [7000/20000 (35.0%)]	Loss: 0.6919233202934265
[2023-05-04 17:09:31] Train Epoch: 4 [8000/20000 (40.0%)]	Loss: 0.6931967735290527
[2023-05-04 17:09:31] Train Epoch: 4 [9000/20000 (45.0%)]	Loss: 0.6969375014305115
[2023-05-04 17:09:32] Train Epoch: 4 [10000/20000 (50.0%)]	Loss: 0.6935607194900513
[2023-05-04 17:09:32] Train Epoch: 4 [11000/20000 (55.0%)]	Loss: 0.6931525468826294
[2023-05-04 17:09:33] Train Epoch: 4 [12000/20000 (60.0%)]	Loss: 0.6927239298820496
[2023-05-04 17:09:33] Train Epoch: 4 [13000/20000 (65.0%)]	Loss: 0.6932404041290283
[2023-05-04 17:09:34] Train Epoch: 4 [14000/20000 (70.0%)]	Loss: 0.696161687374115
[2023-05-04 17:09:34] Train Epoch: 4 [15000/20000 (75.0%)]	Loss: 0.6954936981201172
[2023-05-04 17:09:35] Train Epoch: 4 [16000/20000 (80.0%)]	Loss: 0.6900017857551575
[2023-05-04 17:09:36] Train Epoch: 4 [17000/20000 (85.0%)]	Loss: 0.6911506652832031
[2023-05-04 17:09:36] Train Epoch: 4 [18000/20000 (90.0%)]	Loss: 0.6910776495933533
[2023-05-04 17:09:37] Train Epoch: 4 [19000/20000 (95.0%)]	Loss: 0.690817654132843
[2023-05-04 17:09:38] ========== Metrics ==========
[2023-05-04 17:09:38] {
  "tr_loss": 0.6932720067751671,
  "tr_acc": 0.5013001300130013,
  "tr_f1": 0.5096612419489651,
  "val_loss": 0.6945018125355488,
  "val_acc": 0.5004441286196483,
  "val_f1": 0.0,
  "test_loss": 0.713827412949022,
  "test_acc": 0.4932249322493225,
  "test_f1": 0.0
}
[2023-05-04 17:09:38] ========== Metrics ==========
[2023-05-04 17:09:39] Train Epoch: 5 [0/20000 (0.0%)]	Loss: 0.6933056712150574
[2023-05-04 17:09:39] Train Epoch: 5 [1000/20000 (5.0%)]	Loss: 0.6920146942138672
[2023-05-04 17:09:40] Train Epoch: 5 [2000/20000 (10.0%)]	Loss: 0.6874984502792358
[2023-05-04 17:09:40] Train Epoch: 5 [3000/20000 (15.0%)]	Loss: 0.6910258531570435
[2023-05-04 17:09:41] Train Epoch: 5 [4000/20000 (20.0%)]	Loss: 0.6924083828926086
[2023-05-04 17:09:41] Train Epoch: 5 [5000/20000 (25.0%)]	Loss: 0.6921219229698181
[2023-05-04 17:09:42] Train Epoch: 5 [6000/20000 (30.0%)]	Loss: 0.6956582069396973
[2023-05-04 17:09:42] Train Epoch: 5 [7000/20000 (35.0%)]	Loss: 0.6928496360778809
[2023-05-04 17:09:43] Train Epoch: 5 [8000/20000 (40.0%)]	Loss: 0.6898386478424072
[2023-05-04 17:09:44] Train Epoch: 5 [9000/20000 (45.0%)]	Loss: 0.6932117938995361
[2023-05-04 17:09:44] Train Epoch: 5 [10000/20000 (50.0%)]	Loss: 0.6934785842895508
[2023-05-04 17:09:45] Train Epoch: 5 [11000/20000 (55.0%)]	Loss: 0.6931485533714294
[2023-05-04 17:09:45] Train Epoch: 5 [12000/20000 (60.0%)]	Loss: 0.6874538660049438
[2023-05-04 17:09:46] Train Epoch: 5 [13000/20000 (65.0%)]	Loss: 0.7027184963226318
[2023-05-04 17:09:46] Train Epoch: 5 [14000/20000 (70.0%)]	Loss: 0.6970547437667847
[2023-05-04 17:09:47] Train Epoch: 5 [15000/20000 (75.0%)]	Loss: 0.6932818293571472
[2023-05-04 17:09:47] Train Epoch: 5 [16000/20000 (80.0%)]	Loss: 0.6932633519172668
[2023-05-04 17:09:48] Train Epoch: 5 [17000/20000 (85.0%)]	Loss: 0.6916593909263611
[2023-05-04 17:09:48] Train Epoch: 5 [18000/20000 (90.0%)]	Loss: 0.6956964731216431
[2023-05-04 17:09:49] Train Epoch: 5 [19000/20000 (95.0%)]	Loss: 0.6962932348251343
[2023-05-04 17:09:50] ========== Metrics ==========
[2023-05-04 17:09:50] {
  "tr_loss": 0.6933694041267683,
  "tr_acc": 0.4998999899989999,
  "tr_f1": 0.49736141126803035,
  "val_loss": 0.6945929459090512,
  "val_acc": 0.49955587138035173,
  "val_f1": 0.6662717687477786,
  "test_loss": 0.7136018683270711,
  "test_acc": 0.5067750677506775,
  "test_f1": 0.6726618705035972
}
[2023-05-04 17:09:50] ========== Metrics ==========
[2023-05-04 17:09:51] Train Epoch: 6 [0/20000 (0.0%)]	Loss: 0.6896055936813354
[2023-05-04 17:09:51] Train Epoch: 6 [1000/20000 (5.0%)]	Loss: 0.6944104433059692
[2023-05-04 17:09:52] Train Epoch: 6 [2000/20000 (10.0%)]	Loss: 0.6943090558052063
[2023-05-04 17:09:52] Train Epoch: 6 [3000/20000 (15.0%)]	Loss: 0.6950045228004456
[2023-05-04 17:09:53] Train Epoch: 6 [4000/20000 (20.0%)]	Loss: 0.6931766271591187
[2023-05-04 17:09:53] Train Epoch: 6 [5000/20000 (25.0%)]	Loss: 0.6940342783927917
[2023-05-04 17:09:54] Train Epoch: 6 [6000/20000 (30.0%)]	Loss: 0.6924291849136353
[2023-05-04 17:09:54] Train Epoch: 6 [7000/20000 (35.0%)]	Loss: 0.6924250721931458
[2023-05-04 17:09:55] Train Epoch: 6 [8000/20000 (40.0%)]	Loss: 0.6938332319259644
[2023-05-04 17:09:56] Train Epoch: 6 [9000/20000 (45.0%)]	Loss: 0.693172812461853
[2023-05-04 17:09:56] Train Epoch: 6 [10000/20000 (50.0%)]	Loss: 0.6915278434753418
[2023-05-04 17:09:57] Train Epoch: 6 [11000/20000 (55.0%)]	Loss: 0.6940473318099976
[2023-05-04 17:09:57] Train Epoch: 6 [12000/20000 (60.0%)]	Loss: 0.6931884288787842
[2023-05-04 17:09:58] Train Epoch: 6 [13000/20000 (65.0%)]	Loss: 0.6885925531387329
[2023-05-04 17:09:58] Train Epoch: 6 [14000/20000 (70.0%)]	Loss: 0.6915704607963562
[2023-05-04 17:09:59] Train Epoch: 6 [15000/20000 (75.0%)]	Loss: 0.6947447061538696
[2023-05-04 17:09:59] Train Epoch: 6 [16000/20000 (80.0%)]	Loss: 0.6924147009849548
[2023-05-04 17:10:00] Train Epoch: 6 [17000/20000 (85.0%)]	Loss: 0.6943904161453247
[2023-05-04 17:10:00] Train Epoch: 6 [18000/20000 (90.0%)]	Loss: 0.6915813684463501
[2023-05-04 17:10:01] Train Epoch: 6 [19000/20000 (95.0%)]	Loss: 0.6926225423812866
[2023-05-04 17:10:02] ========== Metrics ==========
[2023-05-04 17:10:02] {
  "tr_loss": 0.6932623786489444,
  "tr_acc": 0.5,
  "tr_f1": 0.6666666666666666,
  "val_loss": 0.6945232178987417,
  "val_acc": 0.49955587138035173,
  "val_f1": 0.6662717687477786,
  "test_loss": 0.7137325494916136,
  "test_acc": 0.5067750677506775,
  "test_f1": 0.6726618705035972
}
[2023-05-04 17:10:02] ========== Metrics ==========
[2023-05-04 17:10:03] Train Epoch: 7 [0/20000 (0.0%)]	Loss: 0.6909476518630981
[2023-05-04 17:10:03] Train Epoch: 7 [1000/20000 (5.0%)]	Loss: 0.6935869455337524
[2023-05-04 17:10:04] Train Epoch: 7 [2000/20000 (10.0%)]	Loss: 0.6943731307983398
[2023-05-04 17:10:04] Train Epoch: 7 [3000/20000 (15.0%)]	Loss: 0.6934882998466492
[2023-05-04 17:10:05] Train Epoch: 7 [4000/20000 (20.0%)]	Loss: 0.6915723085403442
[2023-05-04 17:10:05] Train Epoch: 7 [5000/20000 (25.0%)]	Loss: 0.6943830847740173
[2023-05-04 17:10:06] Train Epoch: 7 [6000/20000 (30.0%)]	Loss: 0.6935206651687622
[2023-05-04 17:10:06] Train Epoch: 7 [7000/20000 (35.0%)]	Loss: 0.692844033241272
[2023-05-04 17:10:07] Train Epoch: 7 [8000/20000 (40.0%)]	Loss: 0.6927897334098816
[2023-05-04 17:10:07] Train Epoch: 7 [9000/20000 (45.0%)]	Loss: 0.6933878660202026
[2023-05-04 17:10:08] Train Epoch: 7 [10000/20000 (50.0%)]	Loss: 0.6918447017669678
[2023-05-04 17:10:09] Train Epoch: 7 [11000/20000 (55.0%)]	Loss: 0.6914829015731812
[2023-05-04 17:10:09] Train Epoch: 7 [12000/20000 (60.0%)]	Loss: 0.6948153376579285
[2023-05-04 17:10:10] Train Epoch: 7 [13000/20000 (65.0%)]	Loss: 0.6926689147949219
[2023-05-04 17:10:10] Train Epoch: 7 [14000/20000 (70.0%)]	Loss: 0.6921907663345337
[2023-05-04 17:10:11] Train Epoch: 7 [15000/20000 (75.0%)]	Loss: 0.6936577558517456
[2023-05-04 17:10:11] Train Epoch: 7 [16000/20000 (80.0%)]	Loss: 0.6927455067634583
[2023-05-04 17:10:12] Train Epoch: 7 [17000/20000 (85.0%)]	Loss: 0.6915439367294312
[2023-05-04 17:10:12] Train Epoch: 7 [18000/20000 (90.0%)]	Loss: 0.6928043365478516
[2023-05-04 17:10:13] Train Epoch: 7 [19000/20000 (95.0%)]	Loss: 0.6941784620285034
[2023-05-04 17:10:14] ========== Metrics ==========
[2023-05-04 17:10:14] {
  "tr_loss": 0.6932397323413448,
  "tr_acc": 0.5,
  "tr_f1": 0.6666666666666666,
  "val_loss": 0.6945085858002631,
  "val_acc": 0.49955587138035173,
  "val_f1": 0.6662717687477786,
  "test_loss": 0.713749080492552,
  "test_acc": 0.5067750677506775,
  "test_f1": 0.6726618705035972
}
[2023-05-04 17:10:14] ========== Metrics ==========
[2023-05-04 17:10:15] Train Epoch: 8 [0/20000 (0.0%)]	Loss: 0.6920449137687683
[2023-05-04 17:10:16] Train Epoch: 8 [1000/20000 (5.0%)]	Loss: 0.6934903860092163
[2023-05-04 17:10:16] Train Epoch: 8 [2000/20000 (10.0%)]	Loss: 0.6929622888565063
[2023-05-04 17:10:17] Train Epoch: 8 [3000/20000 (15.0%)]	Loss: 0.6934918165206909
[2023-05-04 17:10:17] Train Epoch: 8 [4000/20000 (20.0%)]	Loss: 0.6931472420692444
[2023-05-04 17:10:18] Train Epoch: 8 [5000/20000 (25.0%)]	Loss: 0.6931005716323853
[2023-05-04 17:10:18] Train Epoch: 8 [6000/20000 (30.0%)]	Loss: 0.6933581233024597
[2023-05-04 17:10:19] Train Epoch: 8 [7000/20000 (35.0%)]	Loss: 0.6930463910102844
[2023-05-04 17:10:19] Train Epoch: 8 [8000/20000 (40.0%)]	Loss: 0.6931431293487549
[2023-05-04 17:10:20] Train Epoch: 8 [9000/20000 (45.0%)]	Loss: 0.6934641003608704
[2023-05-04 17:10:20] Train Epoch: 8 [10000/20000 (50.0%)]	Loss: 0.693148136138916
[2023-05-04 17:10:21] Train Epoch: 8 [11000/20000 (55.0%)]	Loss: 0.693148136138916
[2023-05-04 17:10:21] Train Epoch: 8 [12000/20000 (60.0%)]	Loss: 0.6930984258651733
[2023-05-04 17:10:22] Train Epoch: 8 [13000/20000 (65.0%)]	Loss: 0.6928999423980713
[2023-05-04 17:10:22] Train Epoch: 8 [14000/20000 (70.0%)]	Loss: 0.6929625868797302
[2023-05-04 17:10:23] Train Epoch: 8 [15000/20000 (75.0%)]	Loss: 0.69244384765625
[2023-05-04 17:10:23] Train Epoch: 8 [16000/20000 (80.0%)]	Loss: 0.6936928033828735
[2023-05-04 17:10:24] Train Epoch: 8 [17000/20000 (85.0%)]	Loss: 0.6933842301368713
[2023-05-04 17:10:24] Train Epoch: 8 [18000/20000 (90.0%)]	Loss: 0.6934015154838562
[2023-05-04 17:10:25] Train Epoch: 8 [19000/20000 (95.0%)]	Loss: 0.6924334764480591
[2023-05-04 17:10:27] ========== Metrics ==========
[2023-05-04 17:10:27] {
  "tr_loss": 0.6932356472265269,
  "tr_acc": 0.4964996499649965,
  "tr_f1": 0.616228989594847,
  "val_loss": 0.6945056092741223,
  "val_acc": 0.49955587138035173,
  "val_f1": 0.6662717687477786,
  "test_loss": 0.7137948258459407,
  "test_acc": 0.5067750677506775,
  "test_f1": 0.6726618705035972
}
[2023-05-04 17:10:27] ========== Metrics ==========
[2023-05-04 17:10:27] Train Epoch: 9 [0/20000 (0.0%)]	Loss: 0.6928222179412842
[2023-05-04 17:10:28] Train Epoch: 9 [1000/20000 (5.0%)]	Loss: 0.692970871925354
[2023-05-04 17:10:28] Train Epoch: 9 [2000/20000 (10.0%)]	Loss: 0.6932432055473328
[2023-05-04 17:10:29] Train Epoch: 9 [3000/20000 (15.0%)]	Loss: 0.6931167840957642
[2023-05-04 17:10:29] Train Epoch: 9 [4000/20000 (20.0%)]	Loss: 0.693049430847168
[2023-05-04 17:10:30] Train Epoch: 9 [5000/20000 (25.0%)]	Loss: 0.6931473612785339
[2023-05-04 17:10:30] Train Epoch: 9 [6000/20000 (30.0%)]	Loss: 0.6929869651794434
[2023-05-04 17:10:31] Train Epoch: 9 [7000/20000 (35.0%)]	Loss: 0.6935347318649292
[2023-05-04 17:10:31] Train Epoch: 9 [8000/20000 (40.0%)]	Loss: 0.6929165124893188
[2023-05-04 17:10:32] Train Epoch: 9 [9000/20000 (45.0%)]	Loss: 0.6931473612785339
[2023-05-04 17:10:32] Train Epoch: 9 [10000/20000 (50.0%)]	Loss: 0.6930831670761108
[2023-05-04 17:10:33] Train Epoch: 9 [11000/20000 (55.0%)]	Loss: 0.6931047439575195
[2023-05-04 17:10:33] Train Epoch: 9 [12000/20000 (60.0%)]	Loss: 0.693423867225647
[2023-05-04 17:10:34] Train Epoch: 9 [13000/20000 (65.0%)]	Loss: 0.6927602887153625
[2023-05-04 17:10:34] Train Epoch: 9 [14000/20000 (70.0%)]	Loss: 0.6931471824645996
[2023-05-04 17:10:35] Train Epoch: 9 [15000/20000 (75.0%)]	Loss: 0.6931478381156921
[2023-05-04 17:10:35] Train Epoch: 9 [16000/20000 (80.0%)]	Loss: 0.6930744647979736
[2023-05-04 17:10:36] Train Epoch: 9 [17000/20000 (85.0%)]	Loss: 0.6936460733413696
[2023-05-04 17:10:36] Train Epoch: 9 [18000/20000 (90.0%)]	Loss: 0.6939765214920044
[2023-05-04 17:10:37] Train Epoch: 9 [19000/20000 (95.0%)]	Loss: 0.6935209035873413
[2023-05-04 17:10:39] ========== Metrics ==========
[2023-05-04 17:10:39] {
  "tr_loss": 0.6932336502116208,
  "tr_acc": 0.495999599959996,
  "tr_f1": 0.6015733090880342,
  "val_loss": 0.6945030200881673,
  "val_acc": 0.49955587138035173,
  "val_f1": 0.6662717687477786,
  "test_loss": 0.7138060328114001,
  "test_acc": 0.5067750677506775,
  "test_f1": 0.6726618705035972
}
[2023-05-04 17:10:39] ========== Metrics ==========
[2023-05-04 17:10:39] Train Epoch: 10 [0/20000 (0.0%)]	Loss: 0.6937114596366882
[2023-05-04 17:10:40] Train Epoch: 10 [1000/20000 (5.0%)]	Loss: 0.6931473016738892
[2023-05-04 17:10:40] Train Epoch: 10 [2000/20000 (10.0%)]	Loss: 0.6931042671203613
[2023-05-04 17:10:41] Train Epoch: 10 [3000/20000 (15.0%)]	Loss: 0.6931473016738892
[2023-05-04 17:10:41] Train Epoch: 10 [4000/20000 (20.0%)]	Loss: 0.6931473016738892
[2023-05-04 17:10:42] Train Epoch: 10 [5000/20000 (25.0%)]	Loss: 0.6931478381156921
[2023-05-04 17:10:42] Train Epoch: 10 [6000/20000 (30.0%)]	Loss: 0.6932493448257446
[2023-05-04 17:10:43] Train Epoch: 10 [7000/20000 (35.0%)]	Loss: 0.6931474804878235
[2023-05-04 17:10:43] Train Epoch: 10 [8000/20000 (40.0%)]	Loss: 0.6930268406867981
[2023-05-04 17:10:44] Train Epoch: 10 [9000/20000 (45.0%)]	Loss: 0.6927220821380615
[2023-05-04 17:10:44] Train Epoch: 10 [10000/20000 (50.0%)]	Loss: 0.6931820511817932
[2023-05-04 17:10:45] Train Epoch: 10 [11000/20000 (55.0%)]	Loss: 0.6931021213531494
[2023-05-04 17:10:45] Train Epoch: 10 [12000/20000 (60.0%)]	Loss: 0.6931474208831787
[2023-05-04 17:10:46] Train Epoch: 10 [13000/20000 (65.0%)]	Loss: 0.6931573152542114
[2023-05-04 17:10:46] Train Epoch: 10 [14000/20000 (70.0%)]	Loss: 0.6930674910545349
[2023-05-04 17:10:47] Train Epoch: 10 [15000/20000 (75.0%)]	Loss: 0.6930724382400513
[2023-05-04 17:10:47] Train Epoch: 10 [16000/20000 (80.0%)]	Loss: 0.693253219127655
[2023-05-04 17:10:48] Train Epoch: 10 [17000/20000 (85.0%)]	Loss: 0.6931540369987488
[2023-05-04 17:10:48] Train Epoch: 10 [18000/20000 (90.0%)]	Loss: 0.6937190890312195
[2023-05-04 17:10:49] Train Epoch: 10 [19000/20000 (95.0%)]	Loss: 0.6930360794067383
[2023-05-04 17:10:50] Stop At epoch 10/10 due to valid not increase
[2023-05-04 17:10:51] ========== Metrics ==========
[2023-05-04 17:10:51] {
  "tr_loss": 0.6932368278741861,
  "tr_acc": 0.4963996399639964,
  "tr_f1": 0.4709775699952724,
  "val_loss": 0.6945025031404398,
  "val_acc": 0.49955587138035173,
  "val_f1": 0.6662717687477786,
  "test_loss": 0.7137976493938829,
  "test_acc": 0.5067750677506775,
  "test_f1": 0.6726618705035972
}
[2023-05-04 17:10:51] ========== Metrics ==========
