[2023-05-04 17:03:11] Train Epoch: 1 [0/20000 (0.0%)]	Loss: 0.6967636942863464
[2023-05-04 17:03:12] Train Epoch: 1 [1000/20000 (5.0%)]	Loss: 0.6931470632553101
[2023-05-04 17:03:13] Train Epoch: 1 [2000/20000 (10.0%)]	Loss: 0.692109227180481
[2023-05-04 17:03:13] Train Epoch: 1 [3000/20000 (15.0%)]	Loss: 0.6918779611587524
[2023-05-04 17:03:14] Train Epoch: 1 [4000/20000 (20.0%)]	Loss: 0.6917462944984436
[2023-05-04 17:03:14] Train Epoch: 1 [5000/20000 (25.0%)]	Loss: 0.6919510364532471
[2023-05-04 17:03:15] Train Epoch: 1 [6000/20000 (30.0%)]	Loss: 0.6935771703720093
[2023-05-04 17:03:15] Train Epoch: 1 [7000/20000 (35.0%)]	Loss: 0.6947259902954102
[2023-05-04 17:03:15] Train Epoch: 1 [8000/20000 (40.0%)]	Loss: 0.6932166814804077
[2023-05-04 17:03:16] Train Epoch: 1 [9000/20000 (45.0%)]	Loss: 0.6929441094398499
[2023-05-04 17:03:16] Train Epoch: 1 [10000/20000 (50.0%)]	Loss: 0.6935566067695618
[2023-05-04 17:03:17] Train Epoch: 1 [11000/20000 (55.0%)]	Loss: 0.6951763033866882
[2023-05-04 17:03:17] Train Epoch: 1 [12000/20000 (60.0%)]	Loss: 0.6931524872779846
[2023-05-04 17:03:18] Train Epoch: 1 [13000/20000 (65.0%)]	Loss: 0.6939183473587036
[2023-05-04 17:03:18] Train Epoch: 1 [14000/20000 (70.0%)]	Loss: 0.6886084675788879
[2023-05-04 17:03:19] Train Epoch: 1 [15000/20000 (75.0%)]	Loss: 0.6944438219070435
[2023-05-04 17:03:20] Train Epoch: 1 [16000/20000 (80.0%)]	Loss: 0.6962445974349976
[2023-05-04 17:03:20] Train Epoch: 1 [17000/20000 (85.0%)]	Loss: 0.6937651634216309
[2023-05-04 17:03:21] Train Epoch: 1 [18000/20000 (90.0%)]	Loss: 0.6939403414726257
[2023-05-04 17:03:21] Train Epoch: 1 [19000/20000 (95.0%)]	Loss: 0.6928654909133911
[2023-05-04 17:03:23] ========== Metrics ==========
[2023-05-04 17:03:23] {
  "tr_loss": 0.6933165811421764,
  "tr_acc": 0.497999799979998,
  "tr_f1": 0.496716298190204,
  "val_loss": 0.6945022854336542,
  "val_acc": 0.5004441286196483,
  "val_f1": 0.0,
  "test_loss": 0.7138071699840266,
  "test_acc": 0.4932249322493225,
  "test_f1": 0.0
}
[2023-05-04 17:03:23] ========== Metrics ==========
[2023-05-04 17:03:23] Train Epoch: 2 [0/20000 (0.0%)]	Loss: 0.6934034824371338
[2023-05-04 17:03:24] Train Epoch: 2 [1000/20000 (5.0%)]	Loss: 0.6937047243118286
[2023-05-04 17:03:24] Train Epoch: 2 [2000/20000 (10.0%)]	Loss: 0.6941280961036682
[2023-05-04 17:03:25] Train Epoch: 2 [3000/20000 (15.0%)]	Loss: 0.69208163022995
[2023-05-04 17:03:25] Train Epoch: 2 [4000/20000 (20.0%)]	Loss: 0.6948849558830261
[2023-05-04 17:03:26] Train Epoch: 2 [5000/20000 (25.0%)]	Loss: 0.6918638944625854
[2023-05-04 17:03:26] Train Epoch: 2 [6000/20000 (30.0%)]	Loss: 0.6931532621383667
[2023-05-04 17:03:27] Train Epoch: 2 [7000/20000 (35.0%)]	Loss: 0.695372462272644
[2023-05-04 17:03:27] Train Epoch: 2 [8000/20000 (40.0%)]	Loss: 0.6932065486907959
[2023-05-04 17:03:28] Train Epoch: 2 [9000/20000 (45.0%)]	Loss: 0.6946648359298706
[2023-05-04 17:03:28] Train Epoch: 2 [10000/20000 (50.0%)]	Loss: 0.6930316090583801
[2023-05-04 17:03:29] Train Epoch: 2 [11000/20000 (55.0%)]	Loss: 0.6923860311508179
[2023-05-04 17:03:29] Train Epoch: 2 [12000/20000 (60.0%)]	Loss: 0.6931485533714294
[2023-05-04 17:03:30] Train Epoch: 2 [13000/20000 (65.0%)]	Loss: 0.693601131439209
[2023-05-04 17:03:30] Train Epoch: 2 [14000/20000 (70.0%)]	Loss: 0.6931483149528503
[2023-05-04 17:03:31] Train Epoch: 2 [15000/20000 (75.0%)]	Loss: 0.693148136138916
[2023-05-04 17:03:31] Train Epoch: 2 [16000/20000 (80.0%)]	Loss: 0.6938591599464417
[2023-05-04 17:03:32] Train Epoch: 2 [17000/20000 (85.0%)]	Loss: 0.6931477785110474
[2023-05-04 17:03:32] Train Epoch: 2 [18000/20000 (90.0%)]	Loss: 0.6927341222763062
[2023-05-04 17:03:33] Train Epoch: 2 [19000/20000 (95.0%)]	Loss: 0.6929060220718384
[2023-05-04 17:03:34] ========== Metrics ==========
[2023-05-04 17:03:34] {
  "tr_loss": 0.6932879625671994,
  "tr_acc": 0.4966996699669967,
  "tr_f1": 0.5795563724466352,
  "val_loss": 0.6945734052425974,
  "val_acc": 0.5004441286196483,
  "val_f1": 0.0,
  "test_loss": 0.7140443932396286,
  "test_acc": 0.4932249322493225,
  "test_f1": 0.0
}
[2023-05-04 17:03:34] ========== Metrics ==========
[2023-05-04 17:03:35] Train Epoch: 3 [0/20000 (0.0%)]	Loss: 0.6932395100593567
[2023-05-04 17:03:35] Train Epoch: 3 [1000/20000 (5.0%)]	Loss: 0.6944597363471985
[2023-05-04 17:03:36] Train Epoch: 3 [2000/20000 (10.0%)]	Loss: 0.6937926411628723
[2023-05-04 17:03:37] Train Epoch: 3 [3000/20000 (15.0%)]	Loss: 0.6901702880859375
[2023-05-04 17:03:37] Train Epoch: 3 [4000/20000 (20.0%)]	Loss: 0.6927236914634705
[2023-05-04 17:03:38] Train Epoch: 3 [5000/20000 (25.0%)]	Loss: 0.6910988092422485
[2023-05-04 17:03:38] Train Epoch: 3 [6000/20000 (30.0%)]	Loss: 0.6931525468826294
[2023-05-04 17:03:39] Train Epoch: 3 [7000/20000 (35.0%)]	Loss: 0.6931027173995972
[2023-05-04 17:03:39] Train Epoch: 3 [8000/20000 (40.0%)]	Loss: 0.6943563222885132
[2023-05-04 17:03:40] Train Epoch: 3 [9000/20000 (45.0%)]	Loss: 0.6877140998840332
[2023-05-04 17:03:40] Train Epoch: 3 [10000/20000 (50.0%)]	Loss: 0.6863979697227478
[2023-05-04 17:03:41] Train Epoch: 3 [11000/20000 (55.0%)]	Loss: 0.6934247016906738
[2023-05-04 17:03:41] Train Epoch: 3 [12000/20000 (60.0%)]	Loss: 0.6979919672012329
[2023-05-04 17:03:42] Train Epoch: 3 [13000/20000 (65.0%)]	Loss: 0.6958219408988953
[2023-05-04 17:03:42] Train Epoch: 3 [14000/20000 (70.0%)]	Loss: 0.6930452585220337
[2023-05-04 17:03:43] Train Epoch: 3 [15000/20000 (75.0%)]	Loss: 0.6931127905845642
[2023-05-04 17:03:43] Train Epoch: 3 [16000/20000 (80.0%)]	Loss: 0.6907202005386353
[2023-05-04 17:03:44] Train Epoch: 3 [17000/20000 (85.0%)]	Loss: 0.693210244178772
[2023-05-04 17:03:44] Train Epoch: 3 [18000/20000 (90.0%)]	Loss: 0.6931594610214233
[2023-05-04 17:03:45] Train Epoch: 3 [19000/20000 (95.0%)]	Loss: 0.6933780908584595
[2023-05-04 17:03:47] ========== Metrics ==========
[2023-05-04 17:03:47] {
  "tr_loss": 0.6933483871558581,
  "tr_acc": 0.4947994799479948,
  "tr_f1": 0.42462554815194486,
  "val_loss": 0.694501543366945,
  "val_acc": 0.5004441286196483,
  "val_f1": 0.0,
  "test_loss": 0.7138360063558026,
  "test_acc": 0.4932249322493225,
  "test_f1": 0.0
}
[2023-05-04 17:03:47] ========== Metrics ==========
[2023-05-04 17:03:47] Train Epoch: 4 [0/20000 (0.0%)]	Loss: 0.6934713125228882
[2023-05-04 17:03:48] Train Epoch: 4 [1000/20000 (5.0%)]	Loss: 0.6963614821434021
[2023-05-04 17:03:48] Train Epoch: 4 [2000/20000 (10.0%)]	Loss: 0.693600058555603
[2023-05-04 17:03:49] Train Epoch: 4 [3000/20000 (15.0%)]	Loss: 0.6970985531806946
[2023-05-04 17:03:49] Train Epoch: 4 [4000/20000 (20.0%)]	Loss: 0.6932560801506042
[2023-05-04 17:03:50] Train Epoch: 4 [5000/20000 (25.0%)]	Loss: 0.6944443583488464
[2023-05-04 17:03:50] Train Epoch: 4 [6000/20000 (30.0%)]	Loss: 0.6932861804962158
[2023-05-04 17:03:51] Train Epoch: 4 [7000/20000 (35.0%)]	Loss: 0.6980800032615662
[2023-05-04 17:03:51] Train Epoch: 4 [8000/20000 (40.0%)]	Loss: 0.69358891248703
[2023-05-04 17:03:52] Train Epoch: 4 [9000/20000 (45.0%)]	Loss: 0.6929218173027039
[2023-05-04 17:03:52] Train Epoch: 4 [10000/20000 (50.0%)]	Loss: 0.6939358115196228
[2023-05-04 17:03:53] Train Epoch: 4 [11000/20000 (55.0%)]	Loss: 0.6951480507850647
[2023-05-04 17:03:53] Train Epoch: 4 [12000/20000 (60.0%)]	Loss: 0.6940726637840271
[2023-05-04 17:03:54] Train Epoch: 4 [13000/20000 (65.0%)]	Loss: 0.6927197575569153
[2023-05-04 17:03:54] Train Epoch: 4 [14000/20000 (70.0%)]	Loss: 0.6939296126365662
[2023-05-04 17:03:55] Train Epoch: 4 [15000/20000 (75.0%)]	Loss: 0.6931865811347961
[2023-05-04 17:03:55] Train Epoch: 4 [16000/20000 (80.0%)]	Loss: 0.6910291314125061
[2023-05-04 17:03:56] Train Epoch: 4 [17000/20000 (85.0%)]	Loss: 0.69324791431427
[2023-05-04 17:03:56] Train Epoch: 4 [18000/20000 (90.0%)]	Loss: 0.6896921396255493
[2023-05-04 17:03:57] Train Epoch: 4 [19000/20000 (95.0%)]	Loss: 0.6938496232032776
[2023-05-04 17:03:59] ========== Metrics ==========
[2023-05-04 17:03:59] {
  "tr_loss": 0.693308899779119,
  "tr_acc": 0.4987998799879988,
  "tr_f1": 0.5007720276933805,
  "val_loss": 0.6945026613378804,
  "val_acc": 0.49955587138035173,
  "val_f1": 0.6662717687477786,
  "test_loss": 0.7138086560618909,
  "test_acc": 0.5067750677506775,
  "test_f1": 0.6726618705035972
}
[2023-05-04 17:03:59] ========== Metrics ==========
[2023-05-04 17:03:59] Train Epoch: 5 [0/20000 (0.0%)]	Loss: 0.6932336091995239
[2023-05-04 17:04:00] Train Epoch: 5 [1000/20000 (5.0%)]	Loss: 0.6932013630867004
[2023-05-04 17:04:00] Train Epoch: 5 [2000/20000 (10.0%)]	Loss: 0.6938217878341675
[2023-05-04 17:04:01] Train Epoch: 5 [3000/20000 (15.0%)]	Loss: 0.6939967274665833
[2023-05-04 17:04:01] Train Epoch: 5 [4000/20000 (20.0%)]	Loss: 0.6977596282958984
[2023-05-04 17:04:02] Train Epoch: 5 [5000/20000 (25.0%)]	Loss: 0.6931568384170532
[2023-05-04 17:04:02] Train Epoch: 5 [6000/20000 (30.0%)]	Loss: 0.6957381963729858
[2023-05-04 17:04:03] Train Epoch: 5 [7000/20000 (35.0%)]	Loss: 0.6932754516601562
[2023-05-04 17:04:03] Train Epoch: 5 [8000/20000 (40.0%)]	Loss: 0.6931655406951904
[2023-05-04 17:04:04] Train Epoch: 5 [9000/20000 (45.0%)]	Loss: 0.6929634213447571
[2023-05-04 17:04:04] Train Epoch: 5 [10000/20000 (50.0%)]	Loss: 0.6929889917373657
[2023-05-04 17:04:05] Train Epoch: 5 [11000/20000 (55.0%)]	Loss: 0.6933305263519287
[2023-05-04 17:04:05] Train Epoch: 5 [12000/20000 (60.0%)]	Loss: 0.6916781663894653
[2023-05-04 17:04:06] Train Epoch: 5 [13000/20000 (65.0%)]	Loss: 0.6933785080909729
[2023-05-04 17:04:06] Train Epoch: 5 [14000/20000 (70.0%)]	Loss: 0.6911376118659973
[2023-05-04 17:04:07] Train Epoch: 5 [15000/20000 (75.0%)]	Loss: 0.6931472420692444
[2023-05-04 17:04:07] Train Epoch: 5 [16000/20000 (80.0%)]	Loss: 0.6928650140762329
[2023-05-04 17:04:08] Train Epoch: 5 [17000/20000 (85.0%)]	Loss: 0.6917504072189331
[2023-05-04 17:04:08] Train Epoch: 5 [18000/20000 (90.0%)]	Loss: 0.6931203603744507
[2023-05-04 17:04:09] Train Epoch: 5 [19000/20000 (95.0%)]	Loss: 0.6926911473274231
[2023-05-04 17:04:10] ========== Metrics ==========
[2023-05-04 17:04:10] {
  "tr_loss": 0.6934137414223982,
  "tr_acc": 0.4901990199019902,
  "tr_f1": 0.5126440078397628,
  "val_loss": 0.6945071306802977,
  "val_acc": 0.5004441286196483,
  "val_f1": 0.0,
  "test_loss": 0.713859867597337,
  "test_acc": 0.4932249322493225,
  "test_f1": 0.0
}
[2023-05-04 17:04:10] ========== Metrics ==========
[2023-05-04 17:04:11] Train Epoch: 6 [0/20000 (0.0%)]	Loss: 0.6943686008453369
[2023-05-04 17:04:11] Train Epoch: 6 [1000/20000 (5.0%)]	Loss: 0.6931581497192383
[2023-05-04 17:04:12] Train Epoch: 6 [2000/20000 (10.0%)]	Loss: 0.6931630969047546
[2023-05-04 17:04:12] Train Epoch: 6 [3000/20000 (15.0%)]	Loss: 0.6925953030586243
[2023-05-04 17:04:13] Train Epoch: 6 [4000/20000 (20.0%)]	Loss: 0.6925836801528931
[2023-05-04 17:04:13] Train Epoch: 6 [5000/20000 (25.0%)]	Loss: 0.6931539177894592
[2023-05-04 17:04:14] Train Epoch: 6 [6000/20000 (30.0%)]	Loss: 0.6938466429710388
[2023-05-04 17:04:15] Train Epoch: 6 [7000/20000 (35.0%)]	Loss: 0.6931506395339966
[2023-05-04 17:04:15] Train Epoch: 6 [8000/20000 (40.0%)]	Loss: 0.6932986974716187
[2023-05-04 17:04:16] Train Epoch: 6 [9000/20000 (45.0%)]	Loss: 0.6933964490890503
[2023-05-04 17:04:16] Train Epoch: 6 [10000/20000 (50.0%)]	Loss: 0.6937193870544434
[2023-05-04 17:04:17] Train Epoch: 6 [11000/20000 (55.0%)]	Loss: 0.6934438347816467
[2023-05-04 17:04:17] Train Epoch: 6 [12000/20000 (60.0%)]	Loss: 0.6943603754043579
[2023-05-04 17:04:18] Train Epoch: 6 [13000/20000 (65.0%)]	Loss: 0.691786527633667
[2023-05-04 17:04:18] Train Epoch: 6 [14000/20000 (70.0%)]	Loss: 0.6902623176574707
[2023-05-04 17:04:19] Train Epoch: 6 [15000/20000 (75.0%)]	Loss: 0.6941514015197754
[2023-05-04 17:04:19] Train Epoch: 6 [16000/20000 (80.0%)]	Loss: 0.692665696144104
[2023-05-04 17:04:20] Train Epoch: 6 [17000/20000 (85.0%)]	Loss: 0.6943690180778503
[2023-05-04 17:04:20] Train Epoch: 6 [18000/20000 (90.0%)]	Loss: 0.6924465894699097
[2023-05-04 17:04:21] Train Epoch: 6 [19000/20000 (95.0%)]	Loss: 0.6919978857040405
[2023-05-04 17:04:22] ========== Metrics ==========
[2023-05-04 17:04:22] {
  "tr_loss": 0.6932338143792293,
  "tr_acc": 0.5,
  "tr_f1": 0.0,
  "val_loss": 0.6945026335950897,
  "val_acc": 0.5004441286196483,
  "val_f1": 0.0,
  "test_loss": 0.7138203831546028,
  "test_acc": 0.4932249322493225,
  "test_f1": 0.0
}
[2023-05-04 17:04:22] ========== Metrics ==========
[2023-05-04 17:04:23] Train Epoch: 7 [0/20000 (0.0%)]	Loss: 0.6929329037666321
[2023-05-04 17:04:23] Train Epoch: 7 [1000/20000 (5.0%)]	Loss: 0.6931511163711548
[2023-05-04 17:04:24] Train Epoch: 7 [2000/20000 (10.0%)]	Loss: 0.6933533549308777
[2023-05-04 17:04:24] Train Epoch: 7 [3000/20000 (15.0%)]	Loss: 0.6928708553314209
[2023-05-04 17:04:25] Train Epoch: 7 [4000/20000 (20.0%)]	Loss: 0.6926556825637817
[2023-05-04 17:04:25] Train Epoch: 7 [5000/20000 (25.0%)]	Loss: 0.6928290128707886
[2023-05-04 17:04:26] Train Epoch: 7 [6000/20000 (30.0%)]	Loss: 0.6931473016738892
[2023-05-04 17:04:26] Train Epoch: 7 [7000/20000 (35.0%)]	Loss: 0.6929901838302612
[2023-05-04 17:04:27] Train Epoch: 7 [8000/20000 (40.0%)]	Loss: 0.693242609500885
[2023-05-04 17:04:27] Train Epoch: 7 [9000/20000 (45.0%)]	Loss: 0.6929730176925659
[2023-05-04 17:04:28] Train Epoch: 7 [10000/20000 (50.0%)]	Loss: 0.6931484341621399
[2023-05-04 17:04:28] Train Epoch: 7 [11000/20000 (55.0%)]	Loss: 0.6928728818893433
[2023-05-04 17:04:29] Train Epoch: 7 [12000/20000 (60.0%)]	Loss: 0.6924844980239868
[2023-05-04 17:04:29] Train Epoch: 7 [13000/20000 (65.0%)]	Loss: 0.6937139630317688
[2023-05-04 17:04:30] Train Epoch: 7 [14000/20000 (70.0%)]	Loss: 0.6933354139328003
[2023-05-04 17:04:30] Train Epoch: 7 [15000/20000 (75.0%)]	Loss: 0.6930771470069885
[2023-05-04 17:04:31] Train Epoch: 7 [16000/20000 (80.0%)]	Loss: 0.6931473016738892
[2023-05-04 17:04:31] Train Epoch: 7 [17000/20000 (85.0%)]	Loss: 0.6931859254837036
[2023-05-04 17:04:32] Train Epoch: 7 [18000/20000 (90.0%)]	Loss: 0.6932929754257202
[2023-05-04 17:04:32] Train Epoch: 7 [19000/20000 (95.0%)]	Loss: 0.693039059638977
[2023-05-04 17:04:34] Stop At epoch 7/10 due to valid not increase
[2023-05-04 17:04:34] ========== Metrics ==========
[2023-05-04 17:04:34] {
  "tr_loss": 0.6932301166737386,
  "tr_acc": 0.498999899989999,
  "tr_f1": 0.110134114930278,
  "val_loss": 0.6945028028049357,
  "val_acc": 0.5004441286196483,
  "val_f1": 0.0,
  "test_loss": 0.7138336254006156,
  "test_acc": 0.4932249322493225,
  "test_f1": 0.0
}
[2023-05-04 17:04:34] ========== Metrics ==========
