[2023-05-03 11:49:19] Train Epoch: 1 [0/20000 (0.0%)]	Loss: 0.6898942589759827
[2023-05-03 11:49:20] Train Epoch: 1 [1000/20000 (5.0%)]	Loss: 0.6911064386367798
[2023-05-03 11:49:21] Train Epoch: 1 [2000/20000 (10.0%)]	Loss: 0.6939804553985596
[2023-05-03 11:49:21] Train Epoch: 1 [3000/20000 (15.0%)]	Loss: 0.693274199962616
[2023-05-03 11:49:21] Train Epoch: 1 [4000/20000 (20.0%)]	Loss: 0.6941454410552979
[2023-05-03 11:49:22] Train Epoch: 1 [5000/20000 (25.0%)]	Loss: 0.6938729882240295
[2023-05-03 11:49:22] Train Epoch: 1 [6000/20000 (30.0%)]	Loss: 0.6931458711624146
[2023-05-03 11:49:23] Train Epoch: 1 [7000/20000 (35.0%)]	Loss: 0.6931589245796204
[2023-05-03 11:49:23] Train Epoch: 1 [8000/20000 (40.0%)]	Loss: 0.6912215948104858
[2023-05-03 11:49:24] Train Epoch: 1 [9000/20000 (45.0%)]	Loss: 0.694057822227478
[2023-05-03 11:49:24] Train Epoch: 1 [10000/20000 (50.0%)]	Loss: 0.6823633909225464
[2023-05-03 11:49:24] Train Epoch: 1 [11000/20000 (55.0%)]	Loss: 0.6378064155578613
[2023-05-03 11:49:25] Train Epoch: 1 [12000/20000 (60.0%)]	Loss: 0.6106996536254883
[2023-05-03 11:49:25] Train Epoch: 1 [13000/20000 (65.0%)]	Loss: 0.5689200162887573
[2023-05-03 11:49:26] Train Epoch: 1 [14000/20000 (70.0%)]	Loss: 0.6289069652557373
[2023-05-03 11:49:26] Train Epoch: 1 [15000/20000 (75.0%)]	Loss: 0.5812148451805115
[2023-05-03 11:49:26] Train Epoch: 1 [16000/20000 (80.0%)]	Loss: 0.45418983697891235
[2023-05-03 11:49:27] Train Epoch: 1 [17000/20000 (85.0%)]	Loss: 0.48981085419654846
[2023-05-03 11:49:27] Train Epoch: 1 [18000/20000 (90.0%)]	Loss: 0.4122489392757416
[2023-05-03 11:49:28] Train Epoch: 1 [19000/20000 (95.0%)]	Loss: 0.5105019211769104
[2023-05-03 11:49:32] ========== Metrics ==========
[2023-05-03 11:49:32] {
  "tr_loss": 0.6481563230373464,
  "tr_acc": 0.5889588958895889,
  "tr_f1": 0.4993909866017053,
  "val_loss": 0.5950203990614378,
  "val_acc": 0.6734766388346065,
  "val_f1": 0.5547480620155039,
  "test_loss": 0.612664765458766,
  "test_acc": 0.6856368563685636,
  "test_f1": 0.5671641791044776
}
[2023-05-03 11:49:32] ========== Metrics ==========
[2023-05-03 11:49:33] Train Epoch: 2 [0/20000 (0.0%)]	Loss: 0.41797295212745667
[2023-05-03 11:49:34] Train Epoch: 2 [1000/20000 (5.0%)]	Loss: 0.7636876702308655
[2023-05-03 11:49:34] Train Epoch: 2 [2000/20000 (10.0%)]	Loss: 0.43325766921043396
[2023-05-03 11:49:35] Train Epoch: 2 [3000/20000 (15.0%)]	Loss: 0.46005916595458984
[2023-05-03 11:49:35] Train Epoch: 2 [4000/20000 (20.0%)]	Loss: 0.3886202275753021
[2023-05-03 11:49:36] Train Epoch: 2 [5000/20000 (25.0%)]	Loss: 0.4405025541782379
[2023-05-03 11:49:36] Train Epoch: 2 [6000/20000 (30.0%)]	Loss: 0.5365110039710999
[2023-05-03 11:49:36] Train Epoch: 2 [7000/20000 (35.0%)]	Loss: 0.49436840415000916
[2023-05-03 11:49:37] Train Epoch: 2 [8000/20000 (40.0%)]	Loss: 0.6611842513084412
[2023-05-03 11:49:37] Train Epoch: 2 [9000/20000 (45.0%)]	Loss: 0.4206930696964264
[2023-05-03 11:49:38] Train Epoch: 2 [10000/20000 (50.0%)]	Loss: 0.6354774832725525
[2023-05-03 11:49:38] Train Epoch: 2 [11000/20000 (55.0%)]	Loss: 0.39058369398117065
[2023-05-03 11:49:39] Train Epoch: 2 [12000/20000 (60.0%)]	Loss: 0.26251834630966187
[2023-05-03 11:49:39] Train Epoch: 2 [13000/20000 (65.0%)]	Loss: 0.4395059645175934
[2023-05-03 11:49:39] Train Epoch: 2 [14000/20000 (70.0%)]	Loss: 0.3798770308494568
[2023-05-03 11:49:40] Train Epoch: 2 [15000/20000 (75.0%)]	Loss: 0.41447943449020386
[2023-05-03 11:49:40] Train Epoch: 2 [16000/20000 (80.0%)]	Loss: 0.4797001779079437
[2023-05-03 11:49:41] Train Epoch: 2 [17000/20000 (85.0%)]	Loss: 0.45992136001586914
[2023-05-03 11:49:41] Train Epoch: 2 [18000/20000 (90.0%)]	Loss: 0.324258953332901
[2023-05-03 11:49:42] Train Epoch: 2 [19000/20000 (95.0%)]	Loss: 0.4533829689025879
[2023-05-03 11:49:46] ========== Metrics ==========
[2023-05-03 11:49:46] {
  "tr_loss": 0.4685263365957186,
  "tr_acc": 0.7789278927892789,
  "tr_f1": 0.7764348925410871,
  "val_loss": 0.5869116776153448,
  "val_acc": 0.6509149049564754,
  "val_f1": 0.48492791612057673,
  "test_loss": 0.61884771679152,
  "test_acc": 0.6341463414634146,
  "test_f1": 0.44897959183673464
}
[2023-05-03 11:49:46] ========== Metrics ==========
[2023-05-03 11:49:47] Train Epoch: 3 [0/20000 (0.0%)]	Loss: 0.5935229659080505
[2023-05-03 11:49:48] Train Epoch: 3 [1000/20000 (5.0%)]	Loss: 0.27600616216659546
[2023-05-03 11:49:48] Train Epoch: 3 [2000/20000 (10.0%)]	Loss: 0.6206103563308716
[2023-05-03 11:49:49] Train Epoch: 3 [3000/20000 (15.0%)]	Loss: 0.38592663407325745
[2023-05-03 11:49:49] Train Epoch: 3 [4000/20000 (20.0%)]	Loss: 0.35333025455474854
[2023-05-03 11:49:50] Train Epoch: 3 [5000/20000 (25.0%)]	Loss: 0.22552290558815002
[2023-05-03 11:49:50] Train Epoch: 3 [6000/20000 (30.0%)]	Loss: 0.34601467847824097
[2023-05-03 11:49:50] Train Epoch: 3 [7000/20000 (35.0%)]	Loss: 0.4197115898132324
[2023-05-03 11:49:51] Train Epoch: 3 [8000/20000 (40.0%)]	Loss: 0.5275000333786011
[2023-05-03 11:49:51] Train Epoch: 3 [9000/20000 (45.0%)]	Loss: 0.17525015771389008
[2023-05-03 11:49:52] Train Epoch: 3 [10000/20000 (50.0%)]	Loss: 0.17241789400577545
[2023-05-03 11:49:52] Train Epoch: 3 [11000/20000 (55.0%)]	Loss: 0.31254738569259644
[2023-05-03 11:49:53] Train Epoch: 3 [12000/20000 (60.0%)]	Loss: 0.4395577311515808
[2023-05-03 11:49:53] Train Epoch: 3 [13000/20000 (65.0%)]	Loss: 0.21737241744995117
[2023-05-03 11:49:54] Train Epoch: 3 [14000/20000 (70.0%)]	Loss: 0.4338383674621582
[2023-05-03 11:49:54] Train Epoch: 3 [15000/20000 (75.0%)]	Loss: 0.4942852556705475
[2023-05-03 11:49:54] Train Epoch: 3 [16000/20000 (80.0%)]	Loss: 0.6992834210395813
[2023-05-03 11:49:55] Train Epoch: 3 [17000/20000 (85.0%)]	Loss: 0.32421305775642395
[2023-05-03 11:49:55] Train Epoch: 3 [18000/20000 (90.0%)]	Loss: 0.4377323091030121
[2023-05-03 11:49:56] Train Epoch: 3 [19000/20000 (95.0%)]	Loss: 0.24111714959144592
[2023-05-03 11:50:00] ========== Metrics ==========
[2023-05-03 11:50:00] {
  "tr_loss": 0.39197189616959077,
  "tr_acc": 0.8244324432443244,
  "tr_f1": 0.8232213886511253,
  "val_loss": 0.5281053260326132,
  "val_acc": 0.7374311600639545,
  "val_f1": 0.7772754671488848,
  "test_loss": 0.5423342406265135,
  "test_acc": 0.7669376693766937,
  "test_f1": 0.8009259259259258
}
[2023-05-03 11:50:00] ========== Metrics ==========
[2023-05-03 11:50:01] Train Epoch: 4 [0/20000 (0.0%)]	Loss: 0.3029862940311432
[2023-05-03 11:50:02] Train Epoch: 4 [1000/20000 (5.0%)]	Loss: 0.19789746403694153
[2023-05-03 11:50:02] Train Epoch: 4 [2000/20000 (10.0%)]	Loss: 0.683874249458313
[2023-05-03 11:50:03] Train Epoch: 4 [3000/20000 (15.0%)]	Loss: 0.3375307023525238
[2023-05-03 11:50:03] Train Epoch: 4 [4000/20000 (20.0%)]	Loss: 0.32885488867759705
[2023-05-03 11:50:03] Train Epoch: 4 [5000/20000 (25.0%)]	Loss: 0.18653513491153717
[2023-05-03 11:50:04] Train Epoch: 4 [6000/20000 (30.0%)]	Loss: 0.3350980877876282
[2023-05-03 11:50:04] Train Epoch: 4 [7000/20000 (35.0%)]	Loss: 0.35452449321746826
[2023-05-03 11:50:05] Train Epoch: 4 [8000/20000 (40.0%)]	Loss: 0.2525906264781952
[2023-05-03 11:50:05] Train Epoch: 4 [9000/20000 (45.0%)]	Loss: 0.36460334062576294
[2023-05-03 11:50:06] Train Epoch: 4 [10000/20000 (50.0%)]	Loss: 0.18582898378372192
[2023-05-03 11:50:06] Train Epoch: 4 [11000/20000 (55.0%)]	Loss: 0.16537584364414215
[2023-05-03 11:50:07] Train Epoch: 4 [12000/20000 (60.0%)]	Loss: 0.25428396463394165
[2023-05-03 11:50:07] Train Epoch: 4 [13000/20000 (65.0%)]	Loss: 0.25545650720596313
[2023-05-03 11:50:07] Train Epoch: 4 [14000/20000 (70.0%)]	Loss: 0.20644235610961914
[2023-05-03 11:50:08] Train Epoch: 4 [15000/20000 (75.0%)]	Loss: 0.3579370081424713
[2023-05-03 11:50:08] Train Epoch: 4 [16000/20000 (80.0%)]	Loss: 0.5271113514900208
[2023-05-03 11:50:09] Train Epoch: 4 [17000/20000 (85.0%)]	Loss: 0.2987528443336487
[2023-05-03 11:50:09] Train Epoch: 4 [18000/20000 (90.0%)]	Loss: 0.3579868674278259
[2023-05-03 11:50:10] Train Epoch: 4 [19000/20000 (95.0%)]	Loss: 0.36919254064559937
[2023-05-03 11:50:14] ========== Metrics ==========
[2023-05-03 11:50:14] {
  "tr_loss": 0.34627193839314674,
  "tr_acc": 0.8488348834883488,
  "tr_f1": 0.8481438689908072,
  "val_loss": 0.5102538317044858,
  "val_acc": 0.785041748090247,
  "val_f1": 0.7909467864547339,
  "test_loss": 0.5450357056568632,
  "test_acc": 0.7859078590785907,
  "test_f1": 0.7926509186351706
}
[2023-05-03 11:50:14] ========== Metrics ==========
[2023-05-03 11:50:15] Train Epoch: 5 [0/20000 (0.0%)]	Loss: 0.4154776930809021
[2023-05-03 11:50:16] Train Epoch: 5 [1000/20000 (5.0%)]	Loss: 0.4846838116645813
[2023-05-03 11:50:16] Train Epoch: 5 [2000/20000 (10.0%)]	Loss: 0.2347373068332672
[2023-05-03 11:50:17] Train Epoch: 5 [3000/20000 (15.0%)]	Loss: 0.17269274592399597
[2023-05-03 11:50:17] Train Epoch: 5 [4000/20000 (20.0%)]	Loss: 0.18863126635551453
[2023-05-03 11:50:18] Train Epoch: 5 [5000/20000 (25.0%)]	Loss: 0.3453750014305115
[2023-05-03 11:50:18] Train Epoch: 5 [6000/20000 (30.0%)]	Loss: 0.3262562155723572
[2023-05-03 11:50:18] Train Epoch: 5 [7000/20000 (35.0%)]	Loss: 0.22653324902057648
[2023-05-03 11:50:19] Train Epoch: 5 [8000/20000 (40.0%)]	Loss: 0.21304497122764587
[2023-05-03 11:50:19] Train Epoch: 5 [9000/20000 (45.0%)]	Loss: 0.07140044867992401
[2023-05-03 11:50:20] Train Epoch: 5 [10000/20000 (50.0%)]	Loss: 0.2402731478214264
[2023-05-03 11:50:20] Train Epoch: 5 [11000/20000 (55.0%)]	Loss: 0.2378331422805786
[2023-05-03 11:50:20] Train Epoch: 5 [12000/20000 (60.0%)]	Loss: 0.3661239445209503
[2023-05-03 11:50:21] Train Epoch: 5 [13000/20000 (65.0%)]	Loss: 0.30675217509269714
[2023-05-03 11:50:21] Train Epoch: 5 [14000/20000 (70.0%)]	Loss: 0.44186505675315857
[2023-05-03 11:50:22] Train Epoch: 5 [15000/20000 (75.0%)]	Loss: 0.4489719271659851
[2023-05-03 11:50:22] Train Epoch: 5 [16000/20000 (80.0%)]	Loss: 0.3027363121509552
[2023-05-03 11:50:23] Train Epoch: 5 [17000/20000 (85.0%)]	Loss: 0.28626546263694763
[2023-05-03 11:50:23] Train Epoch: 5 [18000/20000 (90.0%)]	Loss: 0.5799760222434998
[2023-05-03 11:50:23] Train Epoch: 5 [19000/20000 (95.0%)]	Loss: 0.13715802133083344
[2023-05-03 11:50:28] ========== Metrics ==========
[2023-05-03 11:50:28] {
  "tr_loss": 0.3083654161081044,
  "tr_acc": 0.8686868686868687,
  "tr_f1": 0.8680402010050252,
  "val_loss": 0.49474976640502394,
  "val_acc": 0.7775803872801563,
  "val_f1": 0.7833160263066804,
  "test_loss": 0.5134996602205726,
  "test_acc": 0.7696476964769647,
  "test_f1": 0.7780678851174935
}
[2023-05-03 11:50:28] ========== Metrics ==========
[2023-05-03 11:50:29] Train Epoch: 6 [0/20000 (0.0%)]	Loss: 0.17105866968631744
[2023-05-03 11:50:29] Train Epoch: 6 [1000/20000 (5.0%)]	Loss: 0.23177294433116913
[2023-05-03 11:50:30] Train Epoch: 6 [2000/20000 (10.0%)]	Loss: 0.32735902070999146
[2023-05-03 11:50:30] Train Epoch: 6 [3000/20000 (15.0%)]	Loss: 0.09923666715621948
[2023-05-03 11:50:31] Train Epoch: 6 [4000/20000 (20.0%)]	Loss: 0.2725154161453247
[2023-05-03 11:50:31] Train Epoch: 6 [5000/20000 (25.0%)]	Loss: 0.17993202805519104
[2023-05-03 11:50:32] Train Epoch: 6 [6000/20000 (30.0%)]	Loss: 0.24632211029529572
[2023-05-03 11:50:32] Train Epoch: 6 [7000/20000 (35.0%)]	Loss: 0.10426604747772217
[2023-05-03 11:50:32] Train Epoch: 6 [8000/20000 (40.0%)]	Loss: 0.19898131489753723
[2023-05-03 11:50:33] Train Epoch: 6 [9000/20000 (45.0%)]	Loss: 0.16154421865940094
[2023-05-03 11:50:33] Train Epoch: 6 [10000/20000 (50.0%)]	Loss: 0.15823964774608612
[2023-05-03 11:50:34] Train Epoch: 6 [11000/20000 (55.0%)]	Loss: 0.28928500413894653
[2023-05-03 11:50:34] Train Epoch: 6 [12000/20000 (60.0%)]	Loss: 0.15166662633419037
[2023-05-03 11:50:35] Train Epoch: 6 [13000/20000 (65.0%)]	Loss: 0.5205304026603699
[2023-05-03 11:50:35] Train Epoch: 6 [14000/20000 (70.0%)]	Loss: 0.21205921471118927
[2023-05-03 11:50:35] Train Epoch: 6 [15000/20000 (75.0%)]	Loss: 0.2568303942680359
[2023-05-03 11:50:36] Train Epoch: 6 [16000/20000 (80.0%)]	Loss: 0.2526019513607025
[2023-05-03 11:50:36] Train Epoch: 6 [17000/20000 (85.0%)]	Loss: 0.15642550587654114
[2023-05-03 11:50:37] Train Epoch: 6 [18000/20000 (90.0%)]	Loss: 0.0867665559053421
[2023-05-03 11:50:37] Train Epoch: 6 [19000/20000 (95.0%)]	Loss: 0.16601060330867767
[2023-05-03 11:50:41] ========== Metrics ==========
[2023-05-03 11:50:41] {
  "tr_loss": 0.2572471775425257,
  "tr_acc": 0.8935893589358936,
  "tr_f1": 0.8934401602403605,
  "val_loss": 0.4853832835540358,
  "val_acc": 0.7806004618937644,
  "val_f1": 0.785180031309793,
  "test_loss": 0.5077902249850554,
  "test_acc": 0.7723577235772358,
  "test_f1": 0.7777777777777778
}
[2023-05-03 11:50:41] ========== Metrics ==========
[2023-05-03 11:50:42] Train Epoch: 7 [0/20000 (0.0%)]	Loss: 0.43012627959251404
[2023-05-03 11:50:43] Train Epoch: 7 [1000/20000 (5.0%)]	Loss: 0.3804331421852112
[2023-05-03 11:50:43] Train Epoch: 7 [2000/20000 (10.0%)]	Loss: 0.35172268748283386
[2023-05-03 11:50:44] Train Epoch: 7 [3000/20000 (15.0%)]	Loss: 0.24028952419757843
[2023-05-03 11:50:44] Train Epoch: 7 [4000/20000 (20.0%)]	Loss: 0.39195701479911804
[2023-05-03 11:50:45] Train Epoch: 7 [5000/20000 (25.0%)]	Loss: 0.3001753091812134
[2023-05-03 11:50:45] Train Epoch: 7 [6000/20000 (30.0%)]	Loss: 0.13514122366905212
[2023-05-03 11:50:46] Train Epoch: 7 [7000/20000 (35.0%)]	Loss: 0.21556854248046875
[2023-05-03 11:50:46] Train Epoch: 7 [8000/20000 (40.0%)]	Loss: 0.3330431282520294
[2023-05-03 11:50:46] Train Epoch: 7 [9000/20000 (45.0%)]	Loss: 0.1858745515346527
[2023-05-03 11:50:47] Train Epoch: 7 [10000/20000 (50.0%)]	Loss: 0.10996800661087036
[2023-05-03 11:50:47] Train Epoch: 7 [11000/20000 (55.0%)]	Loss: 0.159740149974823
[2023-05-03 11:50:48] Train Epoch: 7 [12000/20000 (60.0%)]	Loss: 0.11054594814777374
[2023-05-03 11:50:48] Train Epoch: 7 [13000/20000 (65.0%)]	Loss: 0.1851930469274521
[2023-05-03 11:50:48] Train Epoch: 7 [14000/20000 (70.0%)]	Loss: 0.18710407614707947
[2023-05-03 11:50:49] Train Epoch: 7 [15000/20000 (75.0%)]	Loss: 0.483231782913208
[2023-05-03 11:50:49] Train Epoch: 7 [16000/20000 (80.0%)]	Loss: 0.24022583663463593
[2023-05-03 11:50:50] Train Epoch: 7 [17000/20000 (85.0%)]	Loss: 0.49207425117492676
[2023-05-03 11:50:50] Train Epoch: 7 [18000/20000 (90.0%)]	Loss: 0.08992965519428253
[2023-05-03 11:50:51] Train Epoch: 7 [19000/20000 (95.0%)]	Loss: 0.1263369619846344
[2023-05-03 11:50:55] ========== Metrics ==========
[2023-05-03 11:50:55] {
  "tr_loss": 0.2502685239297686,
  "tr_acc": 0.896989698969897,
  "tr_f1": 0.8967004312506267,
  "val_loss": 0.4774198147835073,
  "val_acc": 0.7836205365073725,
  "val_f1": 0.7888349514563108,
  "test_loss": 0.5124530995764384,
  "test_acc": 0.7777777777777778,
  "test_f1": 0.7842105263157894
}
[2023-05-03 11:50:55] ========== Metrics ==========
[2023-05-03 11:50:56] Train Epoch: 8 [0/20000 (0.0%)]	Loss: 0.11428762972354889
[2023-05-03 11:50:57] Train Epoch: 8 [1000/20000 (5.0%)]	Loss: 0.2463342845439911
[2023-05-03 11:50:57] Train Epoch: 8 [2000/20000 (10.0%)]	Loss: 0.3658960461616516
[2023-05-03 11:50:58] Train Epoch: 8 [3000/20000 (15.0%)]	Loss: 0.19286122918128967
[2023-05-03 11:50:58] Train Epoch: 8 [4000/20000 (20.0%)]	Loss: 0.11930205672979355
[2023-05-03 11:50:58] Train Epoch: 8 [5000/20000 (25.0%)]	Loss: 0.16350029408931732
[2023-05-03 11:50:59] Train Epoch: 8 [6000/20000 (30.0%)]	Loss: 0.36160948872566223
[2023-05-03 11:50:59] Train Epoch: 8 [7000/20000 (35.0%)]	Loss: 0.18433049321174622
[2023-05-03 11:51:00] Train Epoch: 8 [8000/20000 (40.0%)]	Loss: 0.2628061771392822
[2023-05-03 11:51:00] Train Epoch: 8 [9000/20000 (45.0%)]	Loss: 0.4684373438358307
[2023-05-03 11:51:01] Train Epoch: 8 [10000/20000 (50.0%)]	Loss: 0.05797494575381279
[2023-05-03 11:51:01] Train Epoch: 8 [11000/20000 (55.0%)]	Loss: 0.24439561367034912
[2023-05-03 11:51:01] Train Epoch: 8 [12000/20000 (60.0%)]	Loss: 0.18464896082878113
[2023-05-03 11:51:02] Train Epoch: 8 [13000/20000 (65.0%)]	Loss: 0.41551733016967773
[2023-05-03 11:51:03] Train Epoch: 8 [14000/20000 (70.0%)]	Loss: 0.14371143281459808
[2023-05-03 11:51:03] Train Epoch: 8 [15000/20000 (75.0%)]	Loss: 0.27566343545913696
[2023-05-03 11:51:03] Train Epoch: 8 [16000/20000 (80.0%)]	Loss: 0.2243814468383789
[2023-05-03 11:51:04] Train Epoch: 8 [17000/20000 (85.0%)]	Loss: 0.20122773945331573
[2023-05-03 11:51:04] Train Epoch: 8 [18000/20000 (90.0%)]	Loss: 0.17934580147266388
[2023-05-03 11:51:05] Train Epoch: 8 [19000/20000 (95.0%)]	Loss: 0.14168554544448853
[2023-05-03 11:51:09] ========== Metrics ==========
[2023-05-03 11:51:09] {
  "tr_loss": 0.24283471999831324,
  "tr_acc": 0.9027902790279028,
  "tr_f1": 0.9025270758122744,
  "val_loss": 0.4781555148927923,
  "val_acc": 0.7843311422988097,
  "val_f1": 0.7870175438596492,
  "test_loss": 0.5222067648802347,
  "test_acc": 0.7831978319783198,
  "test_f1": 0.7826086956521738
}
[2023-05-03 11:51:09] ========== Metrics ==========
[2023-05-03 11:51:10] Train Epoch: 9 [0/20000 (0.0%)]	Loss: 0.36405354738235474
[2023-05-03 11:51:11] Train Epoch: 9 [1000/20000 (5.0%)]	Loss: 0.3663381338119507
[2023-05-03 11:51:11] Train Epoch: 9 [2000/20000 (10.0%)]	Loss: 0.4196719229221344
[2023-05-03 11:51:12] Train Epoch: 9 [3000/20000 (15.0%)]	Loss: 0.21704724431037903
[2023-05-03 11:51:12] Train Epoch: 9 [4000/20000 (20.0%)]	Loss: 0.09756173193454742
[2023-05-03 11:51:12] Train Epoch: 9 [5000/20000 (25.0%)]	Loss: 0.4633844792842865
[2023-05-03 11:51:13] Train Epoch: 9 [6000/20000 (30.0%)]	Loss: 0.3500824570655823
[2023-05-03 11:51:13] Train Epoch: 9 [7000/20000 (35.0%)]	Loss: 0.21365785598754883
[2023-05-03 11:51:14] Train Epoch: 9 [8000/20000 (40.0%)]	Loss: 0.22408118844032288
[2023-05-03 11:51:14] Train Epoch: 9 [9000/20000 (45.0%)]	Loss: 0.18487820029258728
[2023-05-03 11:51:15] Train Epoch: 9 [10000/20000 (50.0%)]	Loss: 0.22186000645160675
[2023-05-03 11:51:15] Train Epoch: 9 [11000/20000 (55.0%)]	Loss: 0.13220322132110596
[2023-05-03 11:51:16] Train Epoch: 9 [12000/20000 (60.0%)]	Loss: 0.2174629271030426
[2023-05-03 11:51:16] Train Epoch: 9 [13000/20000 (65.0%)]	Loss: 0.19475772976875305
[2023-05-03 11:51:16] Train Epoch: 9 [14000/20000 (70.0%)]	Loss: 0.3152010142803192
[2023-05-03 11:51:17] Train Epoch: 9 [15000/20000 (75.0%)]	Loss: 0.10749942064285278
[2023-05-03 11:51:17] Train Epoch: 9 [16000/20000 (80.0%)]	Loss: 0.15486356616020203
[2023-05-03 11:51:18] Train Epoch: 9 [17000/20000 (85.0%)]	Loss: 0.19137270748615265
[2023-05-03 11:51:18] Train Epoch: 9 [18000/20000 (90.0%)]	Loss: 0.3569222390651703
[2023-05-03 11:51:19] Train Epoch: 9 [19000/20000 (95.0%)]	Loss: 0.1326521337032318
[2023-05-03 11:51:23] ========== Metrics ==========
[2023-05-03 11:51:23] {
  "tr_loss": 0.23849800866906054,
  "tr_acc": 0.903090309030903,
  "tr_f1": 0.902847403248446,
  "val_loss": 0.48436897863903783,
  "val_acc": 0.7718955409486588,
  "val_f1": 0.7869233322270163,
  "test_loss": 0.5096526746827412,
  "test_acc": 0.7777777777777778,
  "test_f1": 0.7897435897435897
}
[2023-05-03 11:51:23] ========== Metrics ==========
[2023-05-03 11:51:24] Train Epoch: 10 [0/20000 (0.0%)]	Loss: 0.1799638718366623
[2023-05-03 11:51:25] Train Epoch: 10 [1000/20000 (5.0%)]	Loss: 0.048592012375593185
[2023-05-03 11:51:25] Train Epoch: 10 [2000/20000 (10.0%)]	Loss: 0.2449359893798828
[2023-05-03 11:51:26] Train Epoch: 10 [3000/20000 (15.0%)]	Loss: 0.23233585059642792
[2023-05-03 11:51:26] Train Epoch: 10 [4000/20000 (20.0%)]	Loss: 0.15676145255565643
[2023-05-03 11:51:26] Train Epoch: 10 [5000/20000 (25.0%)]	Loss: 0.32201194763183594
[2023-05-03 11:51:27] Train Epoch: 10 [6000/20000 (30.0%)]	Loss: 0.08934743702411652
[2023-05-03 11:51:27] Train Epoch: 10 [7000/20000 (35.0%)]	Loss: 0.5043534636497498
[2023-05-03 11:51:28] Train Epoch: 10 [8000/20000 (40.0%)]	Loss: 0.19547110795974731
[2023-05-03 11:51:28] Train Epoch: 10 [9000/20000 (45.0%)]	Loss: 0.09394356608390808
[2023-05-03 11:51:29] Train Epoch: 10 [10000/20000 (50.0%)]	Loss: 0.16490033268928528
[2023-05-03 11:51:29] Train Epoch: 10 [11000/20000 (55.0%)]	Loss: 0.11719904839992523
[2023-05-03 11:51:30] Train Epoch: 10 [12000/20000 (60.0%)]	Loss: 0.2992124855518341
[2023-05-03 11:51:30] Train Epoch: 10 [13000/20000 (65.0%)]	Loss: 0.4637925624847412
[2023-05-03 11:51:30] Train Epoch: 10 [14000/20000 (70.0%)]	Loss: 0.08716432005167007
[2023-05-03 11:51:31] Train Epoch: 10 [15000/20000 (75.0%)]	Loss: 0.4385111331939697
[2023-05-03 11:51:31] Train Epoch: 10 [16000/20000 (80.0%)]	Loss: 0.16402335464954376
[2023-05-03 11:51:32] Train Epoch: 10 [17000/20000 (85.0%)]	Loss: 0.17809642851352692
[2023-05-03 11:51:32] Train Epoch: 10 [18000/20000 (90.0%)]	Loss: 0.15333975851535797
[2023-05-03 11:51:33] Train Epoch: 10 [19000/20000 (95.0%)]	Loss: 0.16177408397197723
[2023-05-03 11:51:36] Stop At epoch 10/10 due to valid not increase
[2023-05-03 11:51:37] ========== Metrics ==========
[2023-05-03 11:51:37] {
  "tr_loss": 0.23666140442789166,
  "tr_acc": 0.9044904490449045,
  "tr_f1": 0.904423538831065,
  "val_loss": 0.4812881412462054,
  "val_acc": 0.7756262213537041,
  "val_f1": 0.786979254511722,
  "test_loss": 0.5064770264354178,
  "test_acc": 0.7940379403794038,
  "test_f1": 0.8010471204188482
}
[2023-05-03 11:51:37] ========== Metrics ==========
[2023-05-04 17:13:12] Train Epoch: 1 [0/20000 (0.0%)]	Loss: 0.6933944821357727
[2023-05-04 17:13:12] Train Epoch: 1 [1000/20000 (5.0%)]	Loss: 0.6916016936302185
[2023-05-04 17:13:13] Train Epoch: 1 [2000/20000 (10.0%)]	Loss: 0.6918326616287231
[2023-05-04 17:13:13] Train Epoch: 1 [3000/20000 (15.0%)]	Loss: 0.691576361656189
[2023-05-04 17:13:14] Train Epoch: 1 [4000/20000 (20.0%)]	Loss: 0.6934301853179932
[2023-05-04 17:13:14] Train Epoch: 1 [5000/20000 (25.0%)]	Loss: 0.6934949159622192
[2023-05-04 17:13:15] Train Epoch: 1 [6000/20000 (30.0%)]	Loss: 0.6909364461898804
[2023-05-04 17:13:15] Train Epoch: 1 [7000/20000 (35.0%)]	Loss: 0.6876040101051331
[2023-05-04 17:13:16] Train Epoch: 1 [8000/20000 (40.0%)]	Loss: 0.6032932996749878
[2023-05-04 17:13:16] Train Epoch: 1 [9000/20000 (45.0%)]	Loss: 0.605777382850647
[2023-05-04 17:13:16] Train Epoch: 1 [10000/20000 (50.0%)]	Loss: 0.44082745909690857
[2023-05-04 17:13:17] Train Epoch: 1 [11000/20000 (55.0%)]	Loss: 0.5702646374702454
[2023-05-04 17:13:17] Train Epoch: 1 [12000/20000 (60.0%)]	Loss: 0.5503113865852356
[2023-05-04 17:13:18] Train Epoch: 1 [13000/20000 (65.0%)]	Loss: 0.464298814535141
[2023-05-04 17:13:18] Train Epoch: 1 [14000/20000 (70.0%)]	Loss: 0.49264827370643616
[2023-05-04 17:13:19] Train Epoch: 1 [15000/20000 (75.0%)]	Loss: 0.47928744554519653
[2023-05-04 17:13:19] Train Epoch: 1 [16000/20000 (80.0%)]	Loss: 0.5191047787666321
[2023-05-04 17:13:20] Train Epoch: 1 [17000/20000 (85.0%)]	Loss: 0.5439640879631042
[2023-05-04 17:13:20] Train Epoch: 1 [18000/20000 (90.0%)]	Loss: 0.3821008801460266
[2023-05-04 17:13:20] Train Epoch: 1 [19000/20000 (95.0%)]	Loss: 0.3920802175998688
[2023-05-04 17:13:22] ========== Metrics ==========
[2023-05-04 17:13:22] {
  "tr_loss": 0.6088386842496086,
  "tr_acc": 0.6344634463446345,
  "tr_f1": 0.6502727011769209,
  "val_loss": 0.5649385935757465,
  "val_acc": 0.7038550364185469,
  "val_f1": 0.6207053469852105,
  "test_loss": 0.5617319035336255,
  "test_acc": 0.7181571815718157,
  "test_f1": 0.6533333333333333
}
[2023-05-04 17:13:22] ========== Metrics ==========
[2023-05-04 17:13:23] Train Epoch: 2 [0/20000 (0.0%)]	Loss: 0.3032994866371155
[2023-05-04 17:13:23] Train Epoch: 2 [1000/20000 (5.0%)]	Loss: 0.4047146737575531
[2023-05-04 17:13:24] Train Epoch: 2 [2000/20000 (10.0%)]	Loss: 0.4076988697052002
[2023-05-04 17:13:24] Train Epoch: 2 [3000/20000 (15.0%)]	Loss: 0.6419065594673157
[2023-05-04 17:13:25] Train Epoch: 2 [4000/20000 (20.0%)]	Loss: 0.4052909314632416
[2023-05-04 17:13:25] Train Epoch: 2 [5000/20000 (25.0%)]	Loss: 0.45173487067222595
[2023-05-04 17:13:26] Train Epoch: 2 [6000/20000 (30.0%)]	Loss: 0.5540907979011536
[2023-05-04 17:13:26] Train Epoch: 2 [7000/20000 (35.0%)]	Loss: 0.5861895680427551
[2023-05-04 17:13:27] Train Epoch: 2 [8000/20000 (40.0%)]	Loss: 0.6371011734008789
[2023-05-04 17:13:27] Train Epoch: 2 [9000/20000 (45.0%)]	Loss: 0.3530810475349426
[2023-05-04 17:13:28] Train Epoch: 2 [10000/20000 (50.0%)]	Loss: 0.33437177538871765
[2023-05-04 17:13:28] Train Epoch: 2 [11000/20000 (55.0%)]	Loss: 0.5903498530387878
[2023-05-04 17:13:29] Train Epoch: 2 [12000/20000 (60.0%)]	Loss: 0.46330374479293823
[2023-05-04 17:13:29] Train Epoch: 2 [13000/20000 (65.0%)]	Loss: 0.4303465783596039
[2023-05-04 17:13:29] Train Epoch: 2 [14000/20000 (70.0%)]	Loss: 0.36168861389160156
[2023-05-04 17:13:30] Train Epoch: 2 [15000/20000 (75.0%)]	Loss: 0.400191068649292
[2023-05-04 17:13:30] Train Epoch: 2 [16000/20000 (80.0%)]	Loss: 0.6384738683700562
[2023-05-04 17:13:31] Train Epoch: 2 [17000/20000 (85.0%)]	Loss: 0.3372473120689392
[2023-05-04 17:13:31] Train Epoch: 2 [18000/20000 (90.0%)]	Loss: 0.5289583802223206
[2023-05-04 17:13:32] Train Epoch: 2 [19000/20000 (95.0%)]	Loss: 0.4165087342262268
[2023-05-04 17:13:34] ========== Metrics ==========
[2023-05-04 17:13:34] {
  "tr_loss": 0.45898885019171987,
  "tr_acc": 0.7865286528652865,
  "tr_f1": 0.7833764652154057,
  "val_loss": 0.6077090957741221,
  "val_acc": 0.6457630129685556,
  "val_f1": 0.4705257567711099,
  "test_loss": 0.617245335565996,
  "test_acc": 0.6395663956639567,
  "test_f1": 0.4615384615384615
}
[2023-05-04 17:13:34] ========== Metrics ==========
[2023-05-04 17:13:34] Train Epoch: 3 [0/20000 (0.0%)]	Loss: 0.29536348581314087
[2023-05-04 17:13:35] Train Epoch: 3 [1000/20000 (5.0%)]	Loss: 0.3136958181858063
[2023-05-04 17:13:35] Train Epoch: 3 [2000/20000 (10.0%)]	Loss: 0.6448103189468384
[2023-05-04 17:13:36] Train Epoch: 3 [3000/20000 (15.0%)]	Loss: 0.24348485469818115
[2023-05-04 17:13:36] Train Epoch: 3 [4000/20000 (20.0%)]	Loss: 0.3940221965312958
[2023-05-04 17:13:37] Train Epoch: 3 [5000/20000 (25.0%)]	Loss: 0.2619847357273102
[2023-05-04 17:13:37] Train Epoch: 3 [6000/20000 (30.0%)]	Loss: 0.34226515889167786
[2023-05-04 17:13:37] Train Epoch: 3 [7000/20000 (35.0%)]	Loss: 0.6636257767677307
[2023-05-04 17:13:38] Train Epoch: 3 [8000/20000 (40.0%)]	Loss: 0.41566747426986694
[2023-05-04 17:13:38] Train Epoch: 3 [9000/20000 (45.0%)]	Loss: 0.49931517243385315
[2023-05-04 17:13:39] Train Epoch: 3 [10000/20000 (50.0%)]	Loss: 0.38630712032318115
[2023-05-04 17:13:39] Train Epoch: 3 [11000/20000 (55.0%)]	Loss: 0.48750582337379456
[2023-05-04 17:13:40] Train Epoch: 3 [12000/20000 (60.0%)]	Loss: 0.4943006932735443
[2023-05-04 17:13:40] Train Epoch: 3 [13000/20000 (65.0%)]	Loss: 0.45749416947364807
[2023-05-04 17:13:41] Train Epoch: 3 [14000/20000 (70.0%)]	Loss: 0.5861688852310181
[2023-05-04 17:13:41] Train Epoch: 3 [15000/20000 (75.0%)]	Loss: 0.2958061993122101
[2023-05-04 17:13:42] Train Epoch: 3 [16000/20000 (80.0%)]	Loss: 0.3074715733528137
[2023-05-04 17:13:42] Train Epoch: 3 [17000/20000 (85.0%)]	Loss: 0.6500394344329834
[2023-05-04 17:13:43] Train Epoch: 3 [18000/20000 (90.0%)]	Loss: 0.412259042263031
[2023-05-04 17:13:43] Train Epoch: 3 [19000/20000 (95.0%)]	Loss: 0.39726051688194275
[2023-05-04 17:13:45] ========== Metrics ==========
[2023-05-04 17:13:45] {
  "tr_loss": 0.3900375625830029,
  "tr_acc": 0.8283328332833283,
  "tr_f1": 0.8268697362448938,
  "val_loss": 0.5054204639521898,
  "val_acc": 0.7853970509859656,
  "val_f1": 0.7865724381625442,
  "test_loss": 0.5167738596598307,
  "test_acc": 0.7859078590785907,
  "test_f1": 0.7859078590785907
}
[2023-05-04 17:13:45] ========== Metrics ==========
[2023-05-04 17:13:45] Train Epoch: 4 [0/20000 (0.0%)]	Loss: 0.34583744406700134
[2023-05-04 17:13:46] Train Epoch: 4 [1000/20000 (5.0%)]	Loss: 0.15058954060077667
[2023-05-04 17:13:46] Train Epoch: 4 [2000/20000 (10.0%)]	Loss: 0.25399166345596313
[2023-05-04 17:13:47] Train Epoch: 4 [3000/20000 (15.0%)]	Loss: 0.36549124121665955
[2023-05-04 17:13:47] Train Epoch: 4 [4000/20000 (20.0%)]	Loss: 0.09107328951358795
[2023-05-04 17:13:48] Train Epoch: 4 [5000/20000 (25.0%)]	Loss: 0.08273401856422424
[2023-05-04 17:13:48] Train Epoch: 4 [6000/20000 (30.0%)]	Loss: 0.5233386158943176
[2023-05-04 17:13:49] Train Epoch: 4 [7000/20000 (35.0%)]	Loss: 0.30422312021255493
[2023-05-04 17:13:49] Train Epoch: 4 [8000/20000 (40.0%)]	Loss: 0.3637383282184601
[2023-05-04 17:13:50] Train Epoch: 4 [9000/20000 (45.0%)]	Loss: 0.407275527715683
[2023-05-04 17:13:50] Train Epoch: 4 [10000/20000 (50.0%)]	Loss: 0.2627871334552765
[2023-05-04 17:13:51] Train Epoch: 4 [11000/20000 (55.0%)]	Loss: 0.3897389769554138
[2023-05-04 17:13:51] Train Epoch: 4 [12000/20000 (60.0%)]	Loss: 0.24600796401500702
[2023-05-04 17:13:52] Train Epoch: 4 [13000/20000 (65.0%)]	Loss: 0.389476478099823
[2023-05-04 17:13:52] Train Epoch: 4 [14000/20000 (70.0%)]	Loss: 0.40349894762039185
[2023-05-04 17:13:53] Train Epoch: 4 [15000/20000 (75.0%)]	Loss: 0.45395106077194214
[2023-05-04 17:13:53] Train Epoch: 4 [16000/20000 (80.0%)]	Loss: 0.28156062960624695
[2023-05-04 17:13:54] Train Epoch: 4 [17000/20000 (85.0%)]	Loss: 0.2578689455986023
[2023-05-04 17:13:54] Train Epoch: 4 [18000/20000 (90.0%)]	Loss: 0.3165022134780884
[2023-05-04 17:13:55] Train Epoch: 4 [19000/20000 (95.0%)]	Loss: 0.31349998712539673
[2023-05-04 17:13:57] ========== Metrics ==========
[2023-05-04 17:13:57] {
  "tr_loss": 0.33654597572701395,
  "tr_acc": 0.8554355435543555,
  "tr_f1": 0.8546140306763892,
  "val_loss": 0.48342181641332505,
  "val_acc": 0.7829099307159353,
  "val_f1": 0.797682119205298,
  "test_loss": 0.5015346932863478,
  "test_acc": 0.7831978319783198,
  "test_f1": 0.7916666666666667
}
[2023-05-04 17:13:57] ========== Metrics ==========
[2023-05-04 17:13:57] Train Epoch: 5 [0/20000 (0.0%)]	Loss: 0.23960861563682556
[2023-05-04 17:13:58] Train Epoch: 5 [1000/20000 (5.0%)]	Loss: 0.18410703539848328
[2023-05-04 17:13:58] Train Epoch: 5 [2000/20000 (10.0%)]	Loss: 0.4638986587524414
[2023-05-04 17:13:58] Train Epoch: 5 [3000/20000 (15.0%)]	Loss: 0.29092538356781006
[2023-05-04 17:13:59] Train Epoch: 5 [4000/20000 (20.0%)]	Loss: 0.1894850730895996
[2023-05-04 17:13:59] Train Epoch: 5 [5000/20000 (25.0%)]	Loss: 0.31222257018089294
[2023-05-04 17:14:00] Train Epoch: 5 [6000/20000 (30.0%)]	Loss: 0.13424870371818542
[2023-05-04 17:14:00] Train Epoch: 5 [7000/20000 (35.0%)]	Loss: 0.27230772376060486
[2023-05-04 17:14:01] Train Epoch: 5 [8000/20000 (40.0%)]	Loss: 0.7524171471595764
[2023-05-04 17:14:01] Train Epoch: 5 [9000/20000 (45.0%)]	Loss: 0.052767373621463776
[2023-05-04 17:14:02] Train Epoch: 5 [10000/20000 (50.0%)]	Loss: 0.2802930772304535
[2023-05-04 17:14:02] Train Epoch: 5 [11000/20000 (55.0%)]	Loss: 0.5998036861419678
[2023-05-04 17:14:03] Train Epoch: 5 [12000/20000 (60.0%)]	Loss: 0.19769056141376495
[2023-05-04 17:14:03] Train Epoch: 5 [13000/20000 (65.0%)]	Loss: 0.3643310070037842
[2023-05-04 17:14:04] Train Epoch: 5 [14000/20000 (70.0%)]	Loss: 0.22165434062480927
[2023-05-04 17:14:04] Train Epoch: 5 [15000/20000 (75.0%)]	Loss: 0.33226528763771057
[2023-05-04 17:14:05] Train Epoch: 5 [16000/20000 (80.0%)]	Loss: 0.19885975122451782
[2023-05-04 17:14:05] Train Epoch: 5 [17000/20000 (85.0%)]	Loss: 0.21288061141967773
[2023-05-04 17:14:06] Train Epoch: 5 [18000/20000 (90.0%)]	Loss: 0.14719197154045105
[2023-05-04 17:14:06] Train Epoch: 5 [19000/20000 (95.0%)]	Loss: 0.16551873087882996
[2023-05-04 17:14:08] ========== Metrics ==========
[2023-05-04 17:14:08] {
  "tr_loss": 0.29718276813323763,
  "tr_acc": 0.874987498749875,
  "tr_f1": 0.8744979919678716,
  "val_loss": 0.49310353694281456,
  "val_acc": 0.7759815242494227,
  "val_f1": 0.792085737840066,
  "test_loss": 0.5079378619749695,
  "test_acc": 0.7804878048780488,
  "test_f1": 0.7928388746803069
}
[2023-05-04 17:14:08] ========== Metrics ==========
[2023-05-04 17:14:08] Train Epoch: 6 [0/20000 (0.0%)]	Loss: 0.35435086488723755
[2023-05-04 17:14:09] Train Epoch: 6 [1000/20000 (5.0%)]	Loss: 0.19827581942081451
[2023-05-04 17:14:09] Train Epoch: 6 [2000/20000 (10.0%)]	Loss: 0.35523316264152527
[2023-05-04 17:14:10] Train Epoch: 6 [3000/20000 (15.0%)]	Loss: 0.22859898209571838
[2023-05-04 17:14:10] Train Epoch: 6 [4000/20000 (20.0%)]	Loss: 0.18430812656879425
[2023-05-04 17:14:11] Train Epoch: 6 [5000/20000 (25.0%)]	Loss: 0.2668265998363495
[2023-05-04 17:14:11] Train Epoch: 6 [6000/20000 (30.0%)]	Loss: 0.240518257021904
[2023-05-04 17:14:12] Train Epoch: 6 [7000/20000 (35.0%)]	Loss: 0.24626938998699188
[2023-05-04 17:14:12] Train Epoch: 6 [8000/20000 (40.0%)]	Loss: 0.12907159328460693
[2023-05-04 17:14:12] Train Epoch: 6 [9000/20000 (45.0%)]	Loss: 0.09110865741968155
[2023-05-04 17:14:13] Train Epoch: 6 [10000/20000 (50.0%)]	Loss: 0.07887402176856995
[2023-05-04 17:14:13] Train Epoch: 6 [11000/20000 (55.0%)]	Loss: 0.07552920281887054
[2023-05-04 17:14:14] Train Epoch: 6 [12000/20000 (60.0%)]	Loss: 0.24755892157554626
[2023-05-04 17:14:14] Train Epoch: 6 [13000/20000 (65.0%)]	Loss: 0.2421773374080658
[2023-05-04 17:14:15] Train Epoch: 6 [14000/20000 (70.0%)]	Loss: 0.15237435698509216
[2023-05-04 17:14:15] Train Epoch: 6 [15000/20000 (75.0%)]	Loss: 0.1738968789577484
[2023-05-04 17:14:16] Train Epoch: 6 [16000/20000 (80.0%)]	Loss: 0.16292914748191833
[2023-05-04 17:14:16] Train Epoch: 6 [17000/20000 (85.0%)]	Loss: 0.5180219411849976
[2023-05-04 17:14:17] Train Epoch: 6 [18000/20000 (90.0%)]	Loss: 0.19723938405513763
[2023-05-04 17:14:17] Train Epoch: 6 [19000/20000 (95.0%)]	Loss: 0.08877716958522797
[2023-05-04 17:14:19] ========== Metrics ==========
[2023-05-04 17:14:19] {
  "tr_loss": 0.24171495271606533,
  "tr_acc": 0.9006900690069007,
  "tr_f1": 0.9002611490558459,
  "val_loss": 0.490156116378013,
  "val_acc": 0.7674542547521762,
  "val_f1": 0.7933049107847782,
  "test_loss": 0.4769715440628651,
  "test_acc": 0.7750677506775068,
  "test_f1": 0.8019093078758951
}
[2023-05-04 17:14:19] ========== Metrics ==========
[2023-05-04 17:14:19] Train Epoch: 7 [0/20000 (0.0%)]	Loss: 0.23590019345283508
[2023-05-04 17:14:20] Train Epoch: 7 [1000/20000 (5.0%)]	Loss: 0.13469918072223663
[2023-05-04 17:14:20] Train Epoch: 7 [2000/20000 (10.0%)]	Loss: 0.2926453948020935
[2023-05-04 17:14:21] Train Epoch: 7 [3000/20000 (15.0%)]	Loss: 0.34626954793930054
[2023-05-04 17:14:21] Train Epoch: 7 [4000/20000 (20.0%)]	Loss: 0.10478003323078156
[2023-05-04 17:14:22] Train Epoch: 7 [5000/20000 (25.0%)]	Loss: 0.29059913754463196
[2023-05-04 17:14:22] Train Epoch: 7 [6000/20000 (30.0%)]	Loss: 0.20832028985023499
[2023-05-04 17:14:23] Train Epoch: 7 [7000/20000 (35.0%)]	Loss: 0.13544349372386932
[2023-05-04 17:14:23] Train Epoch: 7 [8000/20000 (40.0%)]	Loss: 0.1583763062953949
[2023-05-04 17:14:24] Train Epoch: 7 [9000/20000 (45.0%)]	Loss: 0.16010642051696777
[2023-05-04 17:14:24] Train Epoch: 7 [10000/20000 (50.0%)]	Loss: 0.17028214037418365
[2023-05-04 17:14:24] Train Epoch: 7 [11000/20000 (55.0%)]	Loss: 0.16835938394069672
[2023-05-04 17:14:25] Train Epoch: 7 [12000/20000 (60.0%)]	Loss: 0.5168927907943726
[2023-05-04 17:14:25] Train Epoch: 7 [13000/20000 (65.0%)]	Loss: 0.28297367691993713
[2023-05-04 17:14:26] Train Epoch: 7 [14000/20000 (70.0%)]	Loss: 0.4125205874443054
[2023-05-04 17:14:26] Train Epoch: 7 [15000/20000 (75.0%)]	Loss: 0.07128344476222992
[2023-05-04 17:14:27] Train Epoch: 7 [16000/20000 (80.0%)]	Loss: 0.527661919593811
[2023-05-04 17:14:27] Train Epoch: 7 [17000/20000 (85.0%)]	Loss: 0.4221390187740326
[2023-05-04 17:14:28] Train Epoch: 7 [18000/20000 (90.0%)]	Loss: 0.22579069435596466
[2023-05-04 17:14:29] Train Epoch: 7 [19000/20000 (95.0%)]	Loss: 0.41147851943969727
[2023-05-04 17:14:30] ========== Metrics ==========
[2023-05-04 17:14:30] {
  "tr_loss": 0.2311028825371179,
  "tr_acc": 0.9078407840784078,
  "tr_f1": 0.907475274863196,
  "val_loss": 0.47576072124334484,
  "val_acc": 0.7820216734766389,
  "val_f1": 0.8004553585948935,
  "test_loss": 0.4874805286324767,
  "test_acc": 0.7886178861788617,
  "test_f1": 0.8050000000000002
}
[2023-05-04 17:14:30] ========== Metrics ==========
[2023-05-04 17:14:30] Train Epoch: 8 [0/20000 (0.0%)]	Loss: 0.2864512503147125
[2023-05-04 17:14:31] Train Epoch: 8 [1000/20000 (5.0%)]	Loss: 0.21148324012756348
[2023-05-04 17:14:32] Train Epoch: 8 [2000/20000 (10.0%)]	Loss: 0.16128391027450562
[2023-05-04 17:14:32] Train Epoch: 8 [3000/20000 (15.0%)]	Loss: 0.07021401077508926
[2023-05-04 17:14:33] Train Epoch: 8 [4000/20000 (20.0%)]	Loss: 0.27207231521606445
[2023-05-04 17:14:33] Train Epoch: 8 [5000/20000 (25.0%)]	Loss: 0.20320403575897217
[2023-05-04 17:14:33] Train Epoch: 8 [6000/20000 (30.0%)]	Loss: 0.22326436638832092
[2023-05-04 17:14:34] Train Epoch: 8 [7000/20000 (35.0%)]	Loss: 0.05014261603355408
[2023-05-04 17:14:35] Train Epoch: 8 [8000/20000 (40.0%)]	Loss: 0.16739007830619812
[2023-05-04 17:14:35] Train Epoch: 8 [9000/20000 (45.0%)]	Loss: 0.10933639109134674
[2023-05-04 17:14:36] Train Epoch: 8 [10000/20000 (50.0%)]	Loss: 0.12353383004665375
[2023-05-04 17:14:36] Train Epoch: 8 [11000/20000 (55.0%)]	Loss: 0.08447301387786865
[2023-05-04 17:14:37] Train Epoch: 8 [12000/20000 (60.0%)]	Loss: 0.30071815848350525
[2023-05-04 17:14:37] Train Epoch: 8 [13000/20000 (65.0%)]	Loss: 0.15050403773784637
[2023-05-04 17:14:38] Train Epoch: 8 [14000/20000 (70.0%)]	Loss: 0.29575473070144653
[2023-05-04 17:14:38] Train Epoch: 8 [15000/20000 (75.0%)]	Loss: 0.19696034491062164
[2023-05-04 17:14:38] Train Epoch: 8 [16000/20000 (80.0%)]	Loss: 0.22751390933990479
[2023-05-04 17:14:39] Train Epoch: 8 [17000/20000 (85.0%)]	Loss: 0.25572559237480164
[2023-05-04 17:14:39] Train Epoch: 8 [18000/20000 (90.0%)]	Loss: 0.21351537108421326
[2023-05-04 17:14:40] Train Epoch: 8 [19000/20000 (95.0%)]	Loss: 0.26594972610473633
[2023-05-04 17:14:42] ========== Metrics ==========
[2023-05-04 17:14:42] {
  "tr_loss": 0.2252035426183252,
  "tr_acc": 0.9108410841084108,
  "tr_f1": 0.9103885007790119,
  "val_loss": 0.4851279479082026,
  "val_acc": 0.7731391010836738,
  "val_f1": 0.7964940239043825,
  "test_loss": 0.47867322194220896,
  "test_acc": 0.7696476964769647,
  "test_f1": 0.7931873479318734
}
[2023-05-04 17:14:42] ========== Metrics ==========
[2023-05-04 17:14:42] Train Epoch: 9 [0/20000 (0.0%)]	Loss: 0.04248705133795738
[2023-05-04 17:14:43] Train Epoch: 9 [1000/20000 (5.0%)]	Loss: 0.07454632222652435
[2023-05-04 17:14:43] Train Epoch: 9 [2000/20000 (10.0%)]	Loss: 0.14682844281196594
[2023-05-04 17:14:44] Train Epoch: 9 [3000/20000 (15.0%)]	Loss: 0.08955645561218262
[2023-05-04 17:14:44] Train Epoch: 9 [4000/20000 (20.0%)]	Loss: 0.19731371104717255
[2023-05-04 17:14:45] Train Epoch: 9 [5000/20000 (25.0%)]	Loss: 0.1373382955789566
[2023-05-04 17:14:45] Train Epoch: 9 [6000/20000 (30.0%)]	Loss: 0.07197020947933197
[2023-05-04 17:14:46] Train Epoch: 9 [7000/20000 (35.0%)]	Loss: 0.10608348995447159
[2023-05-04 17:14:46] Train Epoch: 9 [8000/20000 (40.0%)]	Loss: 0.24018898606300354
[2023-05-04 17:14:46] Train Epoch: 9 [9000/20000 (45.0%)]	Loss: 0.22994990646839142
[2023-05-04 17:14:47] Train Epoch: 9 [10000/20000 (50.0%)]	Loss: 0.16890062391757965
[2023-05-04 17:14:47] Train Epoch: 9 [11000/20000 (55.0%)]	Loss: 0.26276445388793945
[2023-05-04 17:14:48] Train Epoch: 9 [12000/20000 (60.0%)]	Loss: 0.2845533788204193
[2023-05-04 17:14:48] Train Epoch: 9 [13000/20000 (65.0%)]	Loss: 0.1389017552137375
[2023-05-04 17:14:49] Train Epoch: 9 [14000/20000 (70.0%)]	Loss: 0.09722046554088593
[2023-05-04 17:14:49] Train Epoch: 9 [15000/20000 (75.0%)]	Loss: 0.3096780776977539
[2023-05-04 17:14:50] Train Epoch: 9 [16000/20000 (80.0%)]	Loss: 0.16442693769931793
[2023-05-04 17:14:50] Train Epoch: 9 [17000/20000 (85.0%)]	Loss: 0.0773836076259613
[2023-05-04 17:14:51] Train Epoch: 9 [18000/20000 (90.0%)]	Loss: 0.15152540802955627
[2023-05-04 17:14:51] Train Epoch: 9 [19000/20000 (95.0%)]	Loss: 0.3353208005428314
[2023-05-04 17:14:53] Stop At epoch 9/10 due to valid not increase
[2023-05-04 17:14:53] ========== Metrics ==========
[2023-05-04 17:14:53] {
  "tr_loss": 0.22121339832598452,
  "tr_acc": 0.9115411541154116,
  "tr_f1": 0.9111546381397218,
  "val_loss": 0.4708415629872634,
  "val_acc": 0.7832652336116539,
  "val_f1": 0.7992100065832783,
  "test_loss": 0.47917242295696805,
  "test_acc": 0.7967479674796748,
  "test_f1": 0.8081841432225064
}
[2023-05-04 17:14:53] ========== Metrics ==========
