[2023-05-03 04:22:19] Train Epoch: 1 [0/20000 (0.0%)]	Loss: 0.6935619115829468
[2023-05-03 04:22:20] Train Epoch: 1 [1000/20000 (5.0%)]	Loss: 0.6941732168197632
[2023-05-03 04:22:20] Train Epoch: 1 [2000/20000 (10.0%)]	Loss: 0.6936554312705994
[2023-05-03 04:22:21] Train Epoch: 1 [3000/20000 (15.0%)]	Loss: 0.6931482553482056
[2023-05-03 04:22:21] Train Epoch: 1 [4000/20000 (20.0%)]	Loss: 0.6926025152206421
[2023-05-03 04:22:21] Train Epoch: 1 [5000/20000 (25.0%)]	Loss: 0.6979529857635498
[2023-05-03 04:22:22] Train Epoch: 1 [6000/20000 (30.0%)]	Loss: 0.6964923143386841
[2023-05-03 04:22:22] Train Epoch: 1 [7000/20000 (35.0%)]	Loss: 0.6863957047462463
[2023-05-03 04:22:22] Train Epoch: 1 [8000/20000 (40.0%)]	Loss: 0.6933109760284424
[2023-05-03 04:22:23] Train Epoch: 1 [9000/20000 (45.0%)]	Loss: 0.6828767657279968
[2023-05-03 04:22:23] Train Epoch: 1 [10000/20000 (50.0%)]	Loss: 0.6934181451797485
[2023-05-03 04:22:23] Train Epoch: 1 [11000/20000 (55.0%)]	Loss: 0.6920295357704163
[2023-05-03 04:22:24] Train Epoch: 1 [12000/20000 (60.0%)]	Loss: 0.6919497847557068
[2023-05-03 04:22:24] Train Epoch: 1 [13000/20000 (65.0%)]	Loss: 0.6925600171089172
[2023-05-03 04:22:24] Train Epoch: 1 [14000/20000 (70.0%)]	Loss: 0.693534255027771
[2023-05-03 04:22:25] Train Epoch: 1 [15000/20000 (75.0%)]	Loss: 0.6950353384017944
[2023-05-03 04:22:25] Train Epoch: 1 [16000/20000 (80.0%)]	Loss: 0.6977685689926147
[2023-05-03 04:22:26] Train Epoch: 1 [17000/20000 (85.0%)]	Loss: 0.6989501714706421
[2023-05-03 04:22:26] Train Epoch: 1 [18000/20000 (90.0%)]	Loss: 0.6957658529281616
[2023-05-03 04:22:26] Train Epoch: 1 [19000/20000 (95.0%)]	Loss: 0.6900030374526978
[2023-05-03 04:22:32] ========== Metrics ==========
[2023-05-03 04:22:32] {
  "tr_loss": 0.6932302389947018,
  "tr_acc": 0.5021002100210021,
  "tr_f1": 0.42100366342966794,
  "val_loss": 0.6946308542089958,
  "val_acc": 0.49955587138035173,
  "val_f1": 0.6662717687477786,
  "test_loss": 0.7136730676097922,
  "test_acc": 0.5067750677506775,
  "test_f1": 0.6726618705035972
}
[2023-05-03 04:22:32] ========== Metrics ==========
[2023-05-03 04:22:33] Train Epoch: 2 [0/20000 (0.0%)]	Loss: 0.694757342338562
[2023-05-03 04:22:33] Train Epoch: 2 [1000/20000 (5.0%)]	Loss: 0.694523811340332
[2023-05-03 04:22:34] Train Epoch: 2 [2000/20000 (10.0%)]	Loss: 0.6896120309829712
[2023-05-03 04:22:34] Train Epoch: 2 [3000/20000 (15.0%)]	Loss: 0.6904491186141968
[2023-05-03 04:22:35] Train Epoch: 2 [4000/20000 (20.0%)]	Loss: 0.6951505541801453
[2023-05-03 04:22:35] Train Epoch: 2 [5000/20000 (25.0%)]	Loss: 0.6976853609085083
[2023-05-03 04:22:35] Train Epoch: 2 [6000/20000 (30.0%)]	Loss: 0.6926363706588745
[2023-05-03 04:22:36] Train Epoch: 2 [7000/20000 (35.0%)]	Loss: 0.692732572555542
[2023-05-03 04:22:36] Train Epoch: 2 [8000/20000 (40.0%)]	Loss: 0.6931471824645996
[2023-05-03 04:22:37] Train Epoch: 2 [9000/20000 (45.0%)]	Loss: 0.6938199996948242
[2023-05-03 04:22:37] Train Epoch: 2 [10000/20000 (50.0%)]	Loss: 0.6918288469314575
[2023-05-03 04:22:38] Train Epoch: 2 [11000/20000 (55.0%)]	Loss: 0.693111777305603
[2023-05-03 04:22:38] Train Epoch: 2 [12000/20000 (60.0%)]	Loss: 0.6920737624168396
[2023-05-03 04:22:38] Train Epoch: 2 [13000/20000 (65.0%)]	Loss: 0.6930240988731384
[2023-05-03 04:22:39] Train Epoch: 2 [14000/20000 (70.0%)]	Loss: 0.6941602826118469
[2023-05-03 04:22:39] Train Epoch: 2 [15000/20000 (75.0%)]	Loss: 0.6967264413833618
[2023-05-03 04:22:40] Train Epoch: 2 [16000/20000 (80.0%)]	Loss: 0.6958719491958618
[2023-05-03 04:22:40] Train Epoch: 2 [17000/20000 (85.0%)]	Loss: 0.6931670904159546
[2023-05-03 04:22:40] Train Epoch: 2 [18000/20000 (90.0%)]	Loss: 0.6931976079940796
[2023-05-03 04:22:41] Train Epoch: 2 [19000/20000 (95.0%)]	Loss: 0.6918371915817261
[2023-05-03 04:22:46] ========== Metrics ==========
[2023-05-03 04:22:46] {
  "tr_loss": 0.6932905778036986,
  "tr_acc": 0.4978997899789979,
  "tr_f1": 0.5492660591641604,
  "val_loss": 0.6945040234877301,
  "val_acc": 0.49955587138035173,
  "val_f1": 0.6662717687477786,
  "test_loss": 0.7137798681491758,
  "test_acc": 0.5067750677506775,
  "test_f1": 0.6726618705035972
}
[2023-05-03 04:22:46] ========== Metrics ==========
[2023-05-03 04:22:47] Train Epoch: 3 [0/20000 (0.0%)]	Loss: 0.6935299634933472
[2023-05-03 04:22:47] Train Epoch: 3 [1000/20000 (5.0%)]	Loss: 0.6910685896873474
[2023-05-03 04:22:48] Train Epoch: 3 [2000/20000 (10.0%)]	Loss: 0.6931654214859009
[2023-05-03 04:22:48] Train Epoch: 3 [3000/20000 (15.0%)]	Loss: 0.6937218904495239
[2023-05-03 04:22:49] Train Epoch: 3 [4000/20000 (20.0%)]	Loss: 0.6942020654678345
[2023-05-03 04:22:49] Train Epoch: 3 [5000/20000 (25.0%)]	Loss: 0.6950117945671082
[2023-05-03 04:22:49] Train Epoch: 3 [6000/20000 (30.0%)]	Loss: 0.6904069185256958
[2023-05-03 04:22:50] Train Epoch: 3 [7000/20000 (35.0%)]	Loss: 0.6933175921440125
[2023-05-03 04:22:50] Train Epoch: 3 [8000/20000 (40.0%)]	Loss: 0.6912528872489929
[2023-05-03 04:22:51] Train Epoch: 3 [9000/20000 (45.0%)]	Loss: 0.6934970021247864
[2023-05-03 04:22:51] Train Epoch: 3 [10000/20000 (50.0%)]	Loss: 0.6931474208831787
[2023-05-03 04:22:51] Train Epoch: 3 [11000/20000 (55.0%)]	Loss: 0.6939319372177124
[2023-05-03 04:22:52] Train Epoch: 3 [12000/20000 (60.0%)]	Loss: 0.6931503415107727
[2023-05-03 04:22:52] Train Epoch: 3 [13000/20000 (65.0%)]	Loss: 0.6941322684288025
[2023-05-03 04:22:53] Train Epoch: 3 [14000/20000 (70.0%)]	Loss: 0.6906726360321045
[2023-05-03 04:22:53] Train Epoch: 3 [15000/20000 (75.0%)]	Loss: 0.6929643154144287
[2023-05-03 04:22:53] Train Epoch: 3 [16000/20000 (80.0%)]	Loss: 0.6928080916404724
[2023-05-03 04:22:54] Train Epoch: 3 [17000/20000 (85.0%)]	Loss: 0.6943787932395935
[2023-05-03 04:22:54] Train Epoch: 3 [18000/20000 (90.0%)]	Loss: 0.6893594264984131
[2023-05-03 04:22:55] Train Epoch: 3 [19000/20000 (95.0%)]	Loss: 0.6950299143791199
[2023-05-03 04:23:00] ========== Metrics ==========
[2023-05-03 04:23:00] {
  "tr_loss": 0.6933434536628978,
  "tr_acc": 0.4977997799779978,
  "tr_f1": 0.4901253998070772,
  "val_loss": 0.6945635338917276,
  "val_acc": 0.49955587138035173,
  "val_f1": 0.6662717687477786,
  "test_loss": 0.713759159977197,
  "test_acc": 0.5067750677506775,
  "test_f1": 0.6726618705035972
}
[2023-05-03 04:23:00] ========== Metrics ==========
[2023-05-03 04:23:01] Train Epoch: 4 [0/20000 (0.0%)]	Loss: 0.6911846399307251
[2023-05-03 04:23:02] Train Epoch: 4 [1000/20000 (5.0%)]	Loss: 0.6931720972061157
[2023-05-03 04:23:02] Train Epoch: 4 [2000/20000 (10.0%)]	Loss: 0.6921318173408508
[2023-05-03 04:23:02] Train Epoch: 4 [3000/20000 (15.0%)]	Loss: 0.6919859647750854
[2023-05-03 04:23:03] Train Epoch: 4 [4000/20000 (20.0%)]	Loss: 0.6920835375785828
[2023-05-03 04:23:03] Train Epoch: 4 [5000/20000 (25.0%)]	Loss: 0.6935003995895386
[2023-05-03 04:23:04] Train Epoch: 4 [6000/20000 (30.0%)]	Loss: 0.6926341652870178
[2023-05-03 04:23:04] Train Epoch: 4 [7000/20000 (35.0%)]	Loss: 0.6931184530258179
[2023-05-03 04:23:04] Train Epoch: 4 [8000/20000 (40.0%)]	Loss: 0.6926991939544678
[2023-05-03 04:23:05] Train Epoch: 4 [9000/20000 (45.0%)]	Loss: 0.6934120059013367
[2023-05-03 04:23:05] Train Epoch: 4 [10000/20000 (50.0%)]	Loss: 0.6945982575416565
[2023-05-03 04:23:06] Train Epoch: 4 [11000/20000 (55.0%)]	Loss: 0.6929745078086853
[2023-05-03 04:23:06] Train Epoch: 4 [12000/20000 (60.0%)]	Loss: 0.6931473612785339
[2023-05-03 04:23:06] Train Epoch: 4 [13000/20000 (65.0%)]	Loss: 0.6921080350875854
[2023-05-03 04:23:07] Train Epoch: 4 [14000/20000 (70.0%)]	Loss: 0.6869333982467651
[2023-05-03 04:23:07] Train Epoch: 4 [15000/20000 (75.0%)]	Loss: 0.6890403032302856
[2023-05-03 04:23:08] Train Epoch: 4 [16000/20000 (80.0%)]	Loss: 0.6888012886047363
[2023-05-03 04:23:08] Train Epoch: 4 [17000/20000 (85.0%)]	Loss: 0.6945886015892029
[2023-05-03 04:23:09] Train Epoch: 4 [18000/20000 (90.0%)]	Loss: 0.693890392780304
[2023-05-03 04:23:09] Train Epoch: 4 [19000/20000 (95.0%)]	Loss: 0.6931490302085876
[2023-05-03 04:23:14] ========== Metrics ==========
[2023-05-03 04:23:14] {
  "tr_loss": 0.6932797593728985,
  "tr_acc": 0.4987998799879988,
  "tr_f1": 0.5263008648801928,
  "val_loss": 0.6945277992712072,
  "val_acc": 0.5004441286196483,
  "val_f1": 0.0,
  "test_loss": 0.7138709937976951,
  "test_acc": 0.4932249322493225,
  "test_f1": 0.0
}
[2023-05-03 04:23:14] ========== Metrics ==========
[2023-05-03 04:23:16] Train Epoch: 5 [0/20000 (0.0%)]	Loss: 0.6923867464065552
[2023-05-03 04:23:16] Train Epoch: 5 [1000/20000 (5.0%)]	Loss: 0.6938589215278625
[2023-05-03 04:23:17] Train Epoch: 5 [2000/20000 (10.0%)]	Loss: 0.6949548721313477
[2023-05-03 04:23:17] Train Epoch: 5 [3000/20000 (15.0%)]	Loss: 0.6936184763908386
[2023-05-03 04:23:18] Train Epoch: 5 [4000/20000 (20.0%)]	Loss: 0.6938354969024658
[2023-05-03 04:23:18] Train Epoch: 5 [5000/20000 (25.0%)]	Loss: 0.6914892792701721
[2023-05-03 04:23:19] Train Epoch: 5 [6000/20000 (30.0%)]	Loss: 0.6924360394477844
[2023-05-03 04:23:19] Train Epoch: 5 [7000/20000 (35.0%)]	Loss: 0.6942057013511658
[2023-05-03 04:23:19] Train Epoch: 5 [8000/20000 (40.0%)]	Loss: 0.6927774548530579
[2023-05-03 04:23:20] Train Epoch: 5 [9000/20000 (45.0%)]	Loss: 0.6925725936889648
[2023-05-03 04:23:20] Train Epoch: 5 [10000/20000 (50.0%)]	Loss: 0.6933338642120361
[2023-05-03 04:23:21] Train Epoch: 5 [11000/20000 (55.0%)]	Loss: 0.6931702494621277
[2023-05-03 04:23:21] Train Epoch: 5 [12000/20000 (60.0%)]	Loss: 0.6992236375808716
[2023-05-03 04:23:22] Train Epoch: 5 [13000/20000 (65.0%)]	Loss: 0.6960204839706421
[2023-05-03 04:23:22] Train Epoch: 5 [14000/20000 (70.0%)]	Loss: 0.6919621229171753
[2023-05-03 04:23:22] Train Epoch: 5 [15000/20000 (75.0%)]	Loss: 0.6895390748977661
[2023-05-03 04:23:23] Train Epoch: 5 [16000/20000 (80.0%)]	Loss: 0.7048770189285278
[2023-05-03 04:23:23] Train Epoch: 5 [17000/20000 (85.0%)]	Loss: 0.6912412643432617
[2023-05-03 04:23:24] Train Epoch: 5 [18000/20000 (90.0%)]	Loss: 0.6904993653297424
[2023-05-03 04:23:24] Train Epoch: 5 [19000/20000 (95.0%)]	Loss: 0.6931718587875366
[2023-05-03 04:23:29] ========== Metrics ==========
[2023-05-03 04:23:29] {
  "tr_loss": 0.6932930374565166,
  "tr_acc": 0.5011001100110011,
  "tr_f1": 0.5123417566840999,
  "val_loss": 0.694500537849612,
  "val_acc": 0.5004441286196483,
  "val_f1": 0.0,
  "test_loss": 0.7138146391405968,
  "test_acc": 0.4932249322493225,
  "test_f1": 0.0
}
[2023-05-03 04:23:29] ========== Metrics ==========
[2023-05-03 04:23:31] Train Epoch: 6 [0/20000 (0.0%)]	Loss: 0.6929270029067993
[2023-05-03 04:23:31] Train Epoch: 6 [1000/20000 (5.0%)]	Loss: 0.6927165985107422
[2023-05-03 04:23:32] Train Epoch: 6 [2000/20000 (10.0%)]	Loss: 0.6934589743614197
[2023-05-03 04:23:32] Train Epoch: 6 [3000/20000 (15.0%)]	Loss: 0.6931480169296265
[2023-05-03 04:23:32] Train Epoch: 6 [4000/20000 (20.0%)]	Loss: 0.6933541297912598
[2023-05-03 04:23:33] Train Epoch: 6 [5000/20000 (25.0%)]	Loss: 0.6935780644416809
[2023-05-03 04:23:33] Train Epoch: 6 [6000/20000 (30.0%)]	Loss: 0.6938403844833374
[2023-05-03 04:23:34] Train Epoch: 6 [7000/20000 (35.0%)]	Loss: 0.692829966545105
[2023-05-03 04:23:34] Train Epoch: 6 [8000/20000 (40.0%)]	Loss: 0.693245530128479
[2023-05-03 04:23:35] Train Epoch: 6 [9000/20000 (45.0%)]	Loss: 0.6931933164596558
[2023-05-03 04:23:35] Train Epoch: 6 [10000/20000 (50.0%)]	Loss: 0.6930086016654968
[2023-05-03 04:23:36] Train Epoch: 6 [11000/20000 (55.0%)]	Loss: 0.6936196684837341
[2023-05-03 04:23:36] Train Epoch: 6 [12000/20000 (60.0%)]	Loss: 0.6932523250579834
[2023-05-03 04:23:36] Train Epoch: 6 [13000/20000 (65.0%)]	Loss: 0.692607045173645
[2023-05-03 04:23:37] Train Epoch: 6 [14000/20000 (70.0%)]	Loss: 0.6936465501785278
[2023-05-03 04:23:37] Train Epoch: 6 [15000/20000 (75.0%)]	Loss: 0.6937593221664429
[2023-05-03 04:23:38] Train Epoch: 6 [16000/20000 (80.0%)]	Loss: 0.6937887072563171
[2023-05-03 04:23:38] Train Epoch: 6 [17000/20000 (85.0%)]	Loss: 0.693126380443573
[2023-05-03 04:23:39] Train Epoch: 6 [18000/20000 (90.0%)]	Loss: 0.6931551098823547
[2023-05-03 04:23:39] Train Epoch: 6 [19000/20000 (95.0%)]	Loss: 0.693205714225769
[2023-05-03 04:23:44] ========== Metrics ==========
[2023-05-03 04:23:44] {
  "tr_loss": 0.6932288382050752,
  "tr_acc": 0.4981998199819982,
  "tr_f1": 0.4510093549975382,
  "val_loss": 0.6945014950817825,
  "val_acc": 0.5004441286196483,
  "val_f1": 0.0,
  "test_loss": 0.7138275615568084,
  "test_acc": 0.4932249322493225,
  "test_f1": 0.0
}
[2023-05-03 04:23:44] ========== Metrics ==========
[2023-05-03 04:23:45] Train Epoch: 7 [0/20000 (0.0%)]	Loss: 0.6930468678474426
[2023-05-03 04:23:46] Train Epoch: 7 [1000/20000 (5.0%)]	Loss: 0.6925472021102905
[2023-05-03 04:23:46] Train Epoch: 7 [2000/20000 (10.0%)]	Loss: 0.6934738159179688
[2023-05-03 04:23:46] Train Epoch: 7 [3000/20000 (15.0%)]	Loss: 0.6931110620498657
[2023-05-03 04:23:47] Train Epoch: 7 [4000/20000 (20.0%)]	Loss: 0.6930302381515503
[2023-05-03 04:23:47] Train Epoch: 7 [5000/20000 (25.0%)]	Loss: 0.6931868195533752
[2023-05-03 04:23:48] Train Epoch: 7 [6000/20000 (30.0%)]	Loss: 0.6929998397827148
[2023-05-03 04:23:48] Train Epoch: 7 [7000/20000 (35.0%)]	Loss: 0.6929252743721008
[2023-05-03 04:23:48] Train Epoch: 7 [8000/20000 (40.0%)]	Loss: 0.693111002445221
[2023-05-03 04:23:49] Train Epoch: 7 [9000/20000 (45.0%)]	Loss: 0.6931542158126831
[2023-05-03 04:23:49] Train Epoch: 7 [10000/20000 (50.0%)]	Loss: 0.6931363344192505
[2023-05-03 04:23:50] Train Epoch: 7 [11000/20000 (55.0%)]	Loss: 0.6931472420692444
[2023-05-03 04:23:50] Train Epoch: 7 [12000/20000 (60.0%)]	Loss: 0.693182110786438
[2023-05-03 04:23:51] Train Epoch: 7 [13000/20000 (65.0%)]	Loss: 0.6932283043861389
[2023-05-03 04:23:51] Train Epoch: 7 [14000/20000 (70.0%)]	Loss: 0.6933882236480713
[2023-05-03 04:23:51] Train Epoch: 7 [15000/20000 (75.0%)]	Loss: 0.6934023499488831
[2023-05-03 04:23:52] Train Epoch: 7 [16000/20000 (80.0%)]	Loss: 0.6931757926940918
[2023-05-03 04:23:52] Train Epoch: 7 [17000/20000 (85.0%)]	Loss: 0.6933600902557373
[2023-05-03 04:23:53] Train Epoch: 7 [18000/20000 (90.0%)]	Loss: 0.6931149959564209
[2023-05-03 04:23:53] Train Epoch: 7 [19000/20000 (95.0%)]	Loss: 0.6931502819061279
[2023-05-03 04:23:58] ========== Metrics ==========
[2023-05-03 04:23:58] {
  "tr_loss": 0.6932281330712188,
  "tr_acc": 0.4897989798979898,
  "tr_f1": 0.5094475695946921,
  "val_loss": 0.6945015567088978,
  "val_acc": 0.5004441286196483,
  "val_f1": 0.0,
  "test_loss": 0.7138514454125712,
  "test_acc": 0.4932249322493225,
  "test_f1": 0.0
}
[2023-05-03 04:23:58] ========== Metrics ==========
[2023-05-03 04:24:00] Train Epoch: 8 [0/20000 (0.0%)]	Loss: 0.6931478381156921
[2023-05-03 04:24:00] Train Epoch: 8 [1000/20000 (5.0%)]	Loss: 0.6932823061943054
[2023-05-03 04:24:00] Train Epoch: 8 [2000/20000 (10.0%)]	Loss: 0.6930999755859375
[2023-05-03 04:24:01] Train Epoch: 8 [3000/20000 (15.0%)]	Loss: 0.6925874948501587
[2023-05-03 04:24:01] Train Epoch: 8 [4000/20000 (20.0%)]	Loss: 0.6926591992378235
[2023-05-03 04:24:02] Train Epoch: 8 [5000/20000 (25.0%)]	Loss: 0.6931201219558716
[2023-05-03 04:24:02] Train Epoch: 8 [6000/20000 (30.0%)]	Loss: 0.6931474804878235
[2023-05-03 04:24:03] Train Epoch: 8 [7000/20000 (35.0%)]	Loss: 0.6930280923843384
[2023-05-03 04:24:03] Train Epoch: 8 [8000/20000 (40.0%)]	Loss: 0.6931484341621399
[2023-05-03 04:24:03] Train Epoch: 8 [9000/20000 (45.0%)]	Loss: 0.693045973777771
[2023-05-03 04:24:04] Train Epoch: 8 [10000/20000 (50.0%)]	Loss: 0.693147599697113
[2023-05-03 04:24:04] Train Epoch: 8 [11000/20000 (55.0%)]	Loss: 0.6931478977203369
[2023-05-03 04:24:05] Train Epoch: 8 [12000/20000 (60.0%)]	Loss: 0.6932072043418884
[2023-05-03 04:24:05] Train Epoch: 8 [13000/20000 (65.0%)]	Loss: 0.6931472420692444
[2023-05-03 04:24:05] Train Epoch: 8 [14000/20000 (70.0%)]	Loss: 0.6931198835372925
[2023-05-03 04:24:06] Train Epoch: 8 [15000/20000 (75.0%)]	Loss: 0.692996621131897
[2023-05-03 04:24:06] Train Epoch: 8 [16000/20000 (80.0%)]	Loss: 0.6929762959480286
[2023-05-03 04:24:07] Train Epoch: 8 [17000/20000 (85.0%)]	Loss: 0.6934424638748169
[2023-05-03 04:24:07] Train Epoch: 8 [18000/20000 (90.0%)]	Loss: 0.6934477090835571
[2023-05-03 04:24:07] Train Epoch: 8 [19000/20000 (95.0%)]	Loss: 0.692694365978241
[2023-05-03 04:24:13] ========== Metrics ==========
[2023-05-03 04:24:13] {
  "tr_loss": 0.6932291761972104,
  "tr_acc": 0.5,
  "tr_f1": 0.0,
  "val_loss": 0.694501536378303,
  "val_acc": 0.5004441286196483,
  "val_f1": 0.0,
  "test_loss": 0.7138132629032704,
  "test_acc": 0.4932249322493225,
  "test_f1": 0.0
}
[2023-05-03 04:24:13] ========== Metrics ==========
[2023-05-03 04:24:14] Train Epoch: 9 [0/20000 (0.0%)]	Loss: 0.6933022141456604
[2023-05-03 04:24:14] Train Epoch: 9 [1000/20000 (5.0%)]	Loss: 0.6928654313087463
[2023-05-03 04:24:15] Train Epoch: 9 [2000/20000 (10.0%)]	Loss: 0.6924155950546265
[2023-05-03 04:24:15] Train Epoch: 9 [3000/20000 (15.0%)]	Loss: 0.6942280530929565
[2023-05-03 04:24:16] Train Epoch: 9 [4000/20000 (20.0%)]	Loss: 0.6928490400314331
[2023-05-03 04:24:16] Train Epoch: 9 [5000/20000 (25.0%)]	Loss: 0.6936193704605103
[2023-05-03 04:24:16] Train Epoch: 9 [6000/20000 (30.0%)]	Loss: 0.6933084726333618
[2023-05-03 04:24:17] Train Epoch: 9 [7000/20000 (35.0%)]	Loss: 0.6925186514854431
[2023-05-03 04:24:17] Train Epoch: 9 [8000/20000 (40.0%)]	Loss: 0.692879855632782
[2023-05-03 04:24:18] Train Epoch: 9 [9000/20000 (45.0%)]	Loss: 0.6945948004722595
[2023-05-03 04:24:18] Train Epoch: 9 [10000/20000 (50.0%)]	Loss: 0.6927894949913025
[2023-05-03 04:24:19] Train Epoch: 9 [11000/20000 (55.0%)]	Loss: 0.6935995817184448
[2023-05-03 04:24:19] Train Epoch: 9 [12000/20000 (60.0%)]	Loss: 0.6931594014167786
[2023-05-03 04:24:19] Train Epoch: 9 [13000/20000 (65.0%)]	Loss: 0.6935785412788391
[2023-05-03 04:24:20] Train Epoch: 9 [14000/20000 (70.0%)]	Loss: 0.6923988461494446
[2023-05-03 04:24:20] Train Epoch: 9 [15000/20000 (75.0%)]	Loss: 0.6936007738113403
[2023-05-03 04:24:21] Train Epoch: 9 [16000/20000 (80.0%)]	Loss: 0.6934301257133484
[2023-05-03 04:24:21] Train Epoch: 9 [17000/20000 (85.0%)]	Loss: 0.6934443712234497
[2023-05-03 04:24:21] Train Epoch: 9 [18000/20000 (90.0%)]	Loss: 0.6931489706039429
[2023-05-03 04:24:22] Train Epoch: 9 [19000/20000 (95.0%)]	Loss: 0.6933943033218384
[2023-05-03 04:24:27] ========== Metrics ==========
[2023-05-03 04:24:27] {
  "tr_loss": 0.6932261005880023,
  "tr_acc": 0.5,
  "tr_f1": 0.0,
  "val_loss": 0.6945017081294735,
  "val_acc": 0.5004441286196483,
  "val_f1": 0.0,
  "test_loss": 0.7138098513853905,
  "test_acc": 0.4932249322493225,
  "test_f1": 0.0
}
[2023-05-03 04:24:27] ========== Metrics ==========
[2023-05-03 04:24:28] Train Epoch: 10 [0/20000 (0.0%)]	Loss: 0.6931378841400146
[2023-05-03 04:24:28] Train Epoch: 10 [1000/20000 (5.0%)]	Loss: 0.6932439804077148
[2023-05-03 04:24:29] Train Epoch: 10 [2000/20000 (10.0%)]	Loss: 0.693166196346283
[2023-05-03 04:24:29] Train Epoch: 10 [3000/20000 (15.0%)]	Loss: 0.6930662989616394
[2023-05-03 04:24:30] Train Epoch: 10 [4000/20000 (20.0%)]	Loss: 0.6936596035957336
[2023-05-03 04:24:30] Train Epoch: 10 [5000/20000 (25.0%)]	Loss: 0.6931502223014832
[2023-05-03 04:24:31] Train Epoch: 10 [6000/20000 (30.0%)]	Loss: 0.6931489109992981
[2023-05-03 04:24:31] Train Epoch: 10 [7000/20000 (35.0%)]	Loss: 0.6931450963020325
[2023-05-03 04:24:31] Train Epoch: 10 [8000/20000 (40.0%)]	Loss: 0.6931430101394653
[2023-05-03 04:24:32] Train Epoch: 10 [9000/20000 (45.0%)]	Loss: 0.69318687915802
[2023-05-03 04:24:32] Train Epoch: 10 [10000/20000 (50.0%)]	Loss: 0.6932377219200134
[2023-05-03 04:24:33] Train Epoch: 10 [11000/20000 (55.0%)]	Loss: 0.6934212446212769
[2023-05-03 04:24:33] Train Epoch: 10 [12000/20000 (60.0%)]	Loss: 0.6936267614364624
[2023-05-03 04:24:34] Train Epoch: 10 [13000/20000 (65.0%)]	Loss: 0.6931484937667847
[2023-05-03 04:24:34] Train Epoch: 10 [14000/20000 (70.0%)]	Loss: 0.6934899091720581
[2023-05-03 04:24:34] Train Epoch: 10 [15000/20000 (75.0%)]	Loss: 0.693694531917572
[2023-05-03 04:24:35] Train Epoch: 10 [16000/20000 (80.0%)]	Loss: 0.6933391690254211
[2023-05-03 04:24:35] Train Epoch: 10 [17000/20000 (85.0%)]	Loss: 0.6937311887741089
[2023-05-03 04:24:36] Train Epoch: 10 [18000/20000 (90.0%)]	Loss: 0.6930314302444458
[2023-05-03 04:24:36] Train Epoch: 10 [19000/20000 (95.0%)]	Loss: 0.6930829882621765
[2023-05-03 04:24:39] Stop At epoch 10/10 due to valid not increase
[2023-05-03 04:24:41] ========== Metrics ==========
[2023-05-03 04:24:41] {
  "tr_loss": 0.693229226747004,
  "tr_acc": 0.4971997199719972,
  "tr_f1": 0.5902107022048335,
  "val_loss": 0.6945018697153466,
  "val_acc": 0.49955587138035173,
  "val_f1": 0.6662717687477786,
  "test_loss": 0.7138056451389136,
  "test_acc": 0.5067750677506775,
  "test_f1": 0.6726618705035972
}
[2023-05-03 04:24:41] ========== Metrics ==========
