[2023-05-04 17:16:46] Train Epoch: 1 [0/20000 (0.0%)]	Loss: 0.6931688189506531
[2023-05-04 17:16:46] Train Epoch: 1 [1000/20000 (5.0%)]	Loss: 0.6947931051254272
[2023-05-04 17:16:47] Train Epoch: 1 [2000/20000 (10.0%)]	Loss: 0.6907336115837097
[2023-05-04 17:16:47] Train Epoch: 1 [3000/20000 (15.0%)]	Loss: 0.6909239292144775
[2023-05-04 17:16:48] Train Epoch: 1 [4000/20000 (20.0%)]	Loss: 0.6922892928123474
[2023-05-04 17:16:48] Train Epoch: 1 [5000/20000 (25.0%)]	Loss: 0.6937452554702759
[2023-05-04 17:16:49] Train Epoch: 1 [6000/20000 (30.0%)]	Loss: 0.6944214105606079
[2023-05-04 17:16:49] Train Epoch: 1 [7000/20000 (35.0%)]	Loss: 0.6931948065757751
[2023-05-04 17:16:50] Train Epoch: 1 [8000/20000 (40.0%)]	Loss: 0.6923340559005737
[2023-05-04 17:16:50] Train Epoch: 1 [9000/20000 (45.0%)]	Loss: 0.6884936094284058
[2023-05-04 17:16:51] Train Epoch: 1 [10000/20000 (50.0%)]	Loss: 0.6932093501091003
[2023-05-04 17:16:51] Train Epoch: 1 [11000/20000 (55.0%)]	Loss: 0.6931536793708801
[2023-05-04 17:16:52] Train Epoch: 1 [12000/20000 (60.0%)]	Loss: 0.6878809332847595
[2023-05-04 17:16:52] Train Epoch: 1 [13000/20000 (65.0%)]	Loss: 0.6926533579826355
[2023-05-04 17:16:52] Train Epoch: 1 [14000/20000 (70.0%)]	Loss: 0.6944786906242371
[2023-05-04 17:16:53] Train Epoch: 1 [15000/20000 (75.0%)]	Loss: 0.695670485496521
[2023-05-04 17:16:53] Train Epoch: 1 [16000/20000 (80.0%)]	Loss: 0.6933236718177795
[2023-05-04 17:16:54] Train Epoch: 1 [17000/20000 (85.0%)]	Loss: 0.688928484916687
[2023-05-04 17:16:54] Train Epoch: 1 [18000/20000 (90.0%)]	Loss: 0.6951390504837036
[2023-05-04 17:16:55] Train Epoch: 1 [19000/20000 (95.0%)]	Loss: 0.6913570165634155
[2023-05-04 17:16:57] ========== Metrics ==========
[2023-05-04 17:16:57] {
  "tr_loss": 0.6932910464026711,
  "tr_acc": 0.5041004100410041,
  "tr_f1": 0.522739304105106,
  "val_loss": 0.6945032327123043,
  "val_acc": 0.5004441286196483,
  "val_f1": 0.0,
  "test_loss": 0.713839337108581,
  "test_acc": 0.4932249322493225,
  "test_f1": 0.0
}
[2023-05-04 17:16:57] ========== Metrics ==========
[2023-05-04 17:16:57] Train Epoch: 2 [0/20000 (0.0%)]	Loss: 0.6939160823822021
[2023-05-04 17:16:58] Train Epoch: 2 [1000/20000 (5.0%)]	Loss: 0.6928441524505615
[2023-05-04 17:16:58] Train Epoch: 2 [2000/20000 (10.0%)]	Loss: 0.6938360929489136
[2023-05-04 17:16:59] Train Epoch: 2 [3000/20000 (15.0%)]	Loss: 0.6927121877670288
[2023-05-04 17:16:59] Train Epoch: 2 [4000/20000 (20.0%)]	Loss: 0.6929490566253662
[2023-05-04 17:17:00] Train Epoch: 2 [5000/20000 (25.0%)]	Loss: 0.6906706094741821
[2023-05-04 17:17:00] Train Epoch: 2 [6000/20000 (30.0%)]	Loss: 0.6925035715103149
[2023-05-04 17:17:01] Train Epoch: 2 [7000/20000 (35.0%)]	Loss: 0.6933218836784363
[2023-05-04 17:17:01] Train Epoch: 2 [8000/20000 (40.0%)]	Loss: 0.6948754787445068
[2023-05-04 17:17:02] Train Epoch: 2 [9000/20000 (45.0%)]	Loss: 0.691825807094574
[2023-05-04 17:17:02] Train Epoch: 2 [10000/20000 (50.0%)]	Loss: 0.6872251629829407
[2023-05-04 17:17:03] Train Epoch: 2 [11000/20000 (55.0%)]	Loss: 0.694771409034729
[2023-05-04 17:17:03] Train Epoch: 2 [12000/20000 (60.0%)]	Loss: 0.6919228434562683
[2023-05-04 17:17:04] Train Epoch: 2 [13000/20000 (65.0%)]	Loss: 0.6942769289016724
[2023-05-04 17:17:04] Train Epoch: 2 [14000/20000 (70.0%)]	Loss: 0.6935518980026245
[2023-05-04 17:17:05] Train Epoch: 2 [15000/20000 (75.0%)]	Loss: 0.6932032108306885
[2023-05-04 17:17:05] Train Epoch: 2 [16000/20000 (80.0%)]	Loss: 0.6938595175743103
[2023-05-04 17:17:06] Train Epoch: 2 [17000/20000 (85.0%)]	Loss: 0.6958218812942505
[2023-05-04 17:17:06] Train Epoch: 2 [18000/20000 (90.0%)]	Loss: 0.6931719779968262
[2023-05-04 17:17:07] Train Epoch: 2 [19000/20000 (95.0%)]	Loss: 0.6931604743003845
[2023-05-04 17:17:08] ========== Metrics ==========
[2023-05-04 17:17:08] {
  "tr_loss": 0.693295907051471,
  "tr_acc": 0.4993999399939994,
  "tr_f1": 0.49942497124856244,
  "val_loss": 0.6945244248160293,
  "val_acc": 0.5004441286196483,
  "val_f1": 0.0,
  "test_loss": 0.7139989321793967,
  "test_acc": 0.4932249322493225,
  "test_f1": 0.0
}
[2023-05-04 17:17:08] ========== Metrics ==========
[2023-05-04 17:17:09] Train Epoch: 3 [0/20000 (0.0%)]	Loss: 0.6924768686294556
[2023-05-04 17:17:09] Train Epoch: 3 [1000/20000 (5.0%)]	Loss: 0.6923208236694336
[2023-05-04 17:17:10] Train Epoch: 3 [2000/20000 (10.0%)]	Loss: 0.6869208216667175
[2023-05-04 17:17:10] Train Epoch: 3 [3000/20000 (15.0%)]	Loss: 0.6872102618217468
[2023-05-04 17:17:11] Train Epoch: 3 [4000/20000 (20.0%)]	Loss: 0.6975389719009399
[2023-05-04 17:17:11] Train Epoch: 3 [5000/20000 (25.0%)]	Loss: 0.6916409730911255
[2023-05-04 17:17:12] Train Epoch: 3 [6000/20000 (30.0%)]	Loss: 0.7027504444122314
[2023-05-04 17:17:13] Train Epoch: 3 [7000/20000 (35.0%)]	Loss: 0.6945880651473999
[2023-05-04 17:17:13] Train Epoch: 3 [8000/20000 (40.0%)]	Loss: 0.6964789628982544
[2023-05-04 17:17:14] Train Epoch: 3 [9000/20000 (45.0%)]	Loss: 0.6923781037330627
[2023-05-04 17:17:14] Train Epoch: 3 [10000/20000 (50.0%)]	Loss: 0.6906232237815857
[2023-05-04 17:17:15] Train Epoch: 3 [11000/20000 (55.0%)]	Loss: 0.6940479874610901
[2023-05-04 17:17:15] Train Epoch: 3 [12000/20000 (60.0%)]	Loss: 0.6959604024887085
[2023-05-04 17:17:16] Train Epoch: 3 [13000/20000 (65.0%)]	Loss: 0.6950838565826416
[2023-05-04 17:17:16] Train Epoch: 3 [14000/20000 (70.0%)]	Loss: 0.6939669251441956
[2023-05-04 17:17:17] Train Epoch: 3 [15000/20000 (75.0%)]	Loss: 0.6916550993919373
[2023-05-04 17:17:17] Train Epoch: 3 [16000/20000 (80.0%)]	Loss: 0.6931555867195129
[2023-05-04 17:17:18] Train Epoch: 3 [17000/20000 (85.0%)]	Loss: 0.6938549876213074
[2023-05-04 17:17:18] Train Epoch: 3 [18000/20000 (90.0%)]	Loss: 0.692206621170044
[2023-05-04 17:17:19] Train Epoch: 3 [19000/20000 (95.0%)]	Loss: 0.693156361579895
[2023-05-04 17:17:20] ========== Metrics ==========
[2023-05-04 17:17:20] {
  "tr_loss": 0.6932730686784995,
  "tr_acc": 0.4987998799879988,
  "tr_f1": 0.45160584340974996,
  "val_loss": 0.6945241844491015,
  "val_acc": 0.49955587138035173,
  "val_f1": 0.6662717687477786,
  "test_loss": 0.71373489814076,
  "test_acc": 0.5067750677506775,
  "test_f1": 0.6726618705035972
}
[2023-05-04 17:17:20] ========== Metrics ==========
[2023-05-04 17:17:21] Train Epoch: 4 [0/20000 (0.0%)]	Loss: 0.6926249861717224
[2023-05-04 17:17:21] Train Epoch: 4 [1000/20000 (5.0%)]	Loss: 0.6932036280632019
[2023-05-04 17:17:22] Train Epoch: 4 [2000/20000 (10.0%)]	Loss: 0.6963717937469482
[2023-05-04 17:17:22] Train Epoch: 4 [3000/20000 (15.0%)]	Loss: 0.6956692337989807
[2023-05-04 17:17:23] Train Epoch: 4 [4000/20000 (20.0%)]	Loss: 0.6931827664375305
[2023-05-04 17:17:23] Train Epoch: 4 [5000/20000 (25.0%)]	Loss: 0.6916452646255493
[2023-05-04 17:17:24] Train Epoch: 4 [6000/20000 (30.0%)]	Loss: 0.6934842467308044
[2023-05-04 17:17:24] Train Epoch: 4 [7000/20000 (35.0%)]	Loss: 0.6943405270576477
[2023-05-04 17:17:25] Train Epoch: 4 [8000/20000 (40.0%)]	Loss: 0.6940839290618896
[2023-05-04 17:17:25] Train Epoch: 4 [9000/20000 (45.0%)]	Loss: 0.6908663511276245
[2023-05-04 17:17:26] Train Epoch: 4 [10000/20000 (50.0%)]	Loss: 0.6908607482910156
[2023-05-04 17:17:26] Train Epoch: 4 [11000/20000 (55.0%)]	Loss: 0.694987416267395
[2023-05-04 17:17:27] Train Epoch: 4 [12000/20000 (60.0%)]	Loss: 0.7023528814315796
[2023-05-04 17:17:27] Train Epoch: 4 [13000/20000 (65.0%)]	Loss: 0.6931622624397278
[2023-05-04 17:17:28] Train Epoch: 4 [14000/20000 (70.0%)]	Loss: 0.6943559646606445
[2023-05-04 17:17:28] Train Epoch: 4 [15000/20000 (75.0%)]	Loss: 0.696159303188324
[2023-05-04 17:17:29] Train Epoch: 4 [16000/20000 (80.0%)]	Loss: 0.6884685158729553
[2023-05-04 17:17:29] Train Epoch: 4 [17000/20000 (85.0%)]	Loss: 0.6931673884391785
[2023-05-04 17:17:30] Train Epoch: 4 [18000/20000 (90.0%)]	Loss: 0.6931819319725037
[2023-05-04 17:17:30] Train Epoch: 4 [19000/20000 (95.0%)]	Loss: 0.6926143765449524
[2023-05-04 17:17:32] ========== Metrics ==========
[2023-05-04 17:17:32] {
  "tr_loss": 0.6933208185620923,
  "tr_acc": 0.4993999399939994,
  "tr_f1": 0.5465416496806632,
  "val_loss": 0.6945023898397295,
  "val_acc": 0.49955587138035173,
  "val_f1": 0.6662717687477786,
  "test_loss": 0.713814283774151,
  "test_acc": 0.5067750677506775,
  "test_f1": 0.6726618705035972
}
[2023-05-04 17:17:32] ========== Metrics ==========
[2023-05-04 17:17:32] Train Epoch: 5 [0/20000 (0.0%)]	Loss: 0.6931902170181274
[2023-05-04 17:17:33] Train Epoch: 5 [1000/20000 (5.0%)]	Loss: 0.6947952508926392
[2023-05-04 17:17:33] Train Epoch: 5 [2000/20000 (10.0%)]	Loss: 0.6949604749679565
[2023-05-04 17:17:34] Train Epoch: 5 [3000/20000 (15.0%)]	Loss: 0.6988071799278259
[2023-05-04 17:17:34] Train Epoch: 5 [4000/20000 (20.0%)]	Loss: 0.690457820892334
[2023-05-04 17:17:35] Train Epoch: 5 [5000/20000 (25.0%)]	Loss: 0.6995416879653931
[2023-05-04 17:17:36] Train Epoch: 5 [6000/20000 (30.0%)]	Loss: 0.696402370929718
[2023-05-04 17:17:36] Train Epoch: 5 [7000/20000 (35.0%)]	Loss: 0.6923066973686218
[2023-05-04 17:17:37] Train Epoch: 5 [8000/20000 (40.0%)]	Loss: 0.6930860280990601
[2023-05-04 17:17:37] Train Epoch: 5 [9000/20000 (45.0%)]	Loss: 0.6929317712783813
[2023-05-04 17:17:38] Train Epoch: 5 [10000/20000 (50.0%)]	Loss: 0.6942753791809082
[2023-05-04 17:17:38] Train Epoch: 5 [11000/20000 (55.0%)]	Loss: 0.6944385766983032
[2023-05-04 17:17:38] Train Epoch: 5 [12000/20000 (60.0%)]	Loss: 0.6931926012039185
[2023-05-04 17:17:39] Train Epoch: 5 [13000/20000 (65.0%)]	Loss: 0.6932776570320129
[2023-05-04 17:17:39] Train Epoch: 5 [14000/20000 (70.0%)]	Loss: 0.6878288984298706
[2023-05-04 17:17:40] Train Epoch: 5 [15000/20000 (75.0%)]	Loss: 0.6933117508888245
[2023-05-04 17:17:41] Train Epoch: 5 [16000/20000 (80.0%)]	Loss: 0.6935169100761414
[2023-05-04 17:17:41] Train Epoch: 5 [17000/20000 (85.0%)]	Loss: 0.6933042407035828
[2023-05-04 17:17:42] Train Epoch: 5 [18000/20000 (90.0%)]	Loss: 0.6941019296646118
[2023-05-04 17:17:42] Train Epoch: 5 [19000/20000 (95.0%)]	Loss: 0.6931501030921936
[2023-05-04 17:17:44] ========== Metrics ==========
[2023-05-04 17:17:44] {
  "tr_loss": 0.6932480290050756,
  "tr_acc": 0.5027002700270027,
  "tr_f1": 0.4951007767680357,
  "val_loss": 0.6945391369662248,
  "val_acc": 0.49955587138035173,
  "val_f1": 0.6662717687477786,
  "test_loss": 0.7138109400989564,
  "test_acc": 0.5067750677506775,
  "test_f1": 0.6726618705035972
}
[2023-05-04 17:17:44] ========== Metrics ==========
[2023-05-04 17:17:44] Train Epoch: 6 [0/20000 (0.0%)]	Loss: 0.6960710883140564
[2023-05-04 17:17:45] Train Epoch: 6 [1000/20000 (5.0%)]	Loss: 0.6931703686714172
[2023-05-04 17:17:45] Train Epoch: 6 [2000/20000 (10.0%)]	Loss: 0.6917417049407959
[2023-05-04 17:17:46] Train Epoch: 6 [3000/20000 (15.0%)]	Loss: 0.6918240785598755
[2023-05-04 17:17:46] Train Epoch: 6 [4000/20000 (20.0%)]	Loss: 0.6954919695854187
[2023-05-04 17:17:47] Train Epoch: 6 [5000/20000 (25.0%)]	Loss: 0.6940125823020935
[2023-05-04 17:17:47] Train Epoch: 6 [6000/20000 (30.0%)]	Loss: 0.6939678192138672
[2023-05-04 17:17:48] Train Epoch: 6 [7000/20000 (35.0%)]	Loss: 0.6918115615844727
[2023-05-04 17:17:48] Train Epoch: 6 [8000/20000 (40.0%)]	Loss: 0.6925693154335022
[2023-05-04 17:17:49] Train Epoch: 6 [9000/20000 (45.0%)]	Loss: 0.6931627988815308
[2023-05-04 17:17:49] Train Epoch: 6 [10000/20000 (50.0%)]	Loss: 0.6937549710273743
[2023-05-04 17:17:50] Train Epoch: 6 [11000/20000 (55.0%)]	Loss: 0.6938026547431946
[2023-05-04 17:17:50] Train Epoch: 6 [12000/20000 (60.0%)]	Loss: 0.6937262415885925
[2023-05-04 17:17:51] Train Epoch: 6 [13000/20000 (65.0%)]	Loss: 0.6931625604629517
[2023-05-04 17:17:51] Train Epoch: 6 [14000/20000 (70.0%)]	Loss: 0.6941341757774353
[2023-05-04 17:17:52] Train Epoch: 6 [15000/20000 (75.0%)]	Loss: 0.6931578516960144
[2023-05-04 17:17:52] Train Epoch: 6 [16000/20000 (80.0%)]	Loss: 0.6949120759963989
[2023-05-04 17:17:53] Train Epoch: 6 [17000/20000 (85.0%)]	Loss: 0.691409707069397
[2023-05-04 17:17:53] Train Epoch: 6 [18000/20000 (90.0%)]	Loss: 0.6931596994400024
[2023-05-04 17:17:54] Train Epoch: 6 [19000/20000 (95.0%)]	Loss: 0.6931586861610413
[2023-05-04 17:17:56] ========== Metrics ==========
[2023-05-04 17:17:56] {
  "tr_loss": 0.6932467899390228,
  "tr_acc": 0.5,
  "tr_f1": 0.6666666666666666,
  "val_loss": 0.6945187805346559,
  "val_acc": 0.49955587138035173,
  "val_f1": 0.6662717687477786,
  "test_loss": 0.7138046468822614,
  "test_acc": 0.5067750677506775,
  "test_f1": 0.6726618705035972
}
[2023-05-04 17:17:56] ========== Metrics ==========
[2023-05-04 17:17:56] Train Epoch: 7 [0/20000 (0.0%)]	Loss: 0.692189633846283
[2023-05-04 17:17:56] Train Epoch: 7 [1000/20000 (5.0%)]	Loss: 0.6947965025901794
[2023-05-04 17:17:57] Train Epoch: 7 [2000/20000 (10.0%)]	Loss: 0.694584846496582
[2023-05-04 17:17:58] Train Epoch: 7 [3000/20000 (15.0%)]	Loss: 0.6966499090194702
[2023-05-04 17:17:58] Train Epoch: 7 [4000/20000 (20.0%)]	Loss: 0.6915724873542786
[2023-05-04 17:17:59] Train Epoch: 7 [5000/20000 (25.0%)]	Loss: 0.6957883834838867
[2023-05-04 17:17:59] Train Epoch: 7 [6000/20000 (30.0%)]	Loss: 0.6948570013046265
[2023-05-04 17:18:00] Train Epoch: 7 [7000/20000 (35.0%)]	Loss: 0.6921937465667725
[2023-05-04 17:18:00] Train Epoch: 7 [8000/20000 (40.0%)]	Loss: 0.6920245885848999
[2023-05-04 17:18:01] Train Epoch: 7 [9000/20000 (45.0%)]	Loss: 0.6927546262741089
[2023-05-04 17:18:01] Train Epoch: 7 [10000/20000 (50.0%)]	Loss: 0.6919341087341309
[2023-05-04 17:18:02] Train Epoch: 7 [11000/20000 (55.0%)]	Loss: 0.6931600570678711
[2023-05-04 17:18:02] Train Epoch: 7 [12000/20000 (60.0%)]	Loss: 0.6927058100700378
[2023-05-04 17:18:03] Train Epoch: 7 [13000/20000 (65.0%)]	Loss: 0.6935712695121765
[2023-05-04 17:18:03] Train Epoch: 7 [14000/20000 (70.0%)]	Loss: 0.6939662098884583
[2023-05-04 17:18:04] Train Epoch: 7 [15000/20000 (75.0%)]	Loss: 0.6931544542312622
[2023-05-04 17:18:04] Train Epoch: 7 [16000/20000 (80.0%)]	Loss: 0.6927128434181213
[2023-05-04 17:18:05] Train Epoch: 7 [17000/20000 (85.0%)]	Loss: 0.6928247213363647
[2023-05-04 17:18:05] Train Epoch: 7 [18000/20000 (90.0%)]	Loss: 0.6935570240020752
[2023-05-04 17:18:06] Train Epoch: 7 [19000/20000 (95.0%)]	Loss: 0.6940011382102966
[2023-05-04 17:18:07] Stop At epoch 7/10 due to valid not increase
[2023-05-04 17:18:08] ========== Metrics ==========
[2023-05-04 17:18:08] {
  "tr_loss": 0.6932344972783296,
  "tr_acc": 0.5,
  "tr_f1": 0.6666666666666666,
  "val_loss": 0.6945075353861999,
  "val_acc": 0.49955587138035173,
  "val_f1": 0.6662717687477786,
  "test_loss": 0.7137667680497415,
  "test_acc": 0.5067750677506775,
  "test_f1": 0.6726618705035972
}
[2023-05-04 17:18:08] ========== Metrics ==========
