[2023-04-30 06:52:52] {"tr_loss": 0.2426667823524687, "tr_acc": 0.9137913791379138, "tr_f1": 0.9135492929495537, "val_loss": 0.4314105500440484, "val_acc": 0.8115118138212827, "val_f1": 0.8122456202442047, "test_loss": 0.4398722635698189, "test_acc": 0.8130081300813008, "test_f1": 0.8056338028169012}
[2023-04-30 07:00:47] [TextCNN-ks357-kn20.cfg] is finished ,{"tr_loss": 0.23880100995600254, "tr_acc": 0.9150415041504151, "tr_f1": 0.9145157232704402, "val_loss": 0.4262256474599975, "val_acc": 0.8166637058092023, "val_f1": 0.8173451327433628, "test_loss": 0.44919459154289265, "test_acc": 0.8048780487804879, "test_f1": 0.8}
[2023-04-30 07:18:33] [TextCNN-ks357-kn20.cfg] is finished , result:{"tr_loss": 0.22726919422290698, "tr_acc": 0.9230923092309231, "tr_f1": 0.922775657762603, "val_loss": 0.43555542252207335, "val_acc": 0.8026292414283176, "val_f1": 0.8060743585267934, "test_loss": 0.47238267211087026, "test_acc": 0.8021680216802168, "test_f1": 0.7999999999999999}
[2023-04-30 07:51:05] [LSTM-h64-l1] is finished , result:{"tr_loss": 0.01936022294509207, "tr_acc": 0.995949594959496, "tr_f1": 0.9959497974898746, "val_loss": 0.8319493997984361, "val_acc": 0.823592112275715, "val_f1": 0.8248986069476284, "test_loss": 0.7875305729183725, "test_acc": 0.8102981029810298, "test_f1": 0.8087431693989071}
[2023-04-30 07:58:28] [LSTM-h64-l1] is finished , result:{"tr_loss": 0.007032326128741158, "tr_acc": 0.9983998399839984, "tr_f1": 0.9983996799359872, "val_loss": 1.0900431332574008, "val_acc": 0.8255462782021673, "val_f1": 0.8226796677500903, "test_loss": 1.0397302064549956, "test_acc": 0.8211382113821138, "test_f1": 0.8135593220338982}
[2023-04-30 08:01:37] [TextCNN-ks357-kn20] is finished , result:{"tr_loss": 0.15513072713743103, "tr_acc": 0.9463446344634463, "tr_f1": 0.9460505807230127, "val_loss": 0.40904168221556203, "val_acc": 0.8186178717356547, "val_f1": 0.8220944415403381, "test_loss": 0.41102376895222237, "test_acc": 0.7886178861788617, "test_f1": 0.7808988764044944}
[2023-04-30 08:13:52] [LSTM-h64-l1] is finished , result:{"tr_loss": 0.005150089957651974, "tr_acc": 0.9989498949894989, "tr_f1": 0.9989497374343587, "val_loss": 1.0465927449184729, "val_acc": 0.8266121868893231, "val_f1": 0.8305555555555555, "test_loss": 0.8726726385555293, "test_acc": 0.8428184281842819, "test_f1": 0.8432432432432432}
[2023-04-30 08:15:31] [TextCNN-ks357-kn20] is finished , result:{"tr_loss": 0.15462843324392603, "tr_acc": 0.9467946794679468, "tr_f1": 0.9464411557434814, "val_loss": 0.418386426842812, "val_acc": 0.8099129507905489, "val_f1": 0.8102836879432623, "test_loss": 0.39856439037374686, "test_acc": 0.8319783197831978, "test_f1": 0.8248587570621468}
[2023-04-30 08:29:35] [LSTM-h64-l1] is finished , result:{"tr_loss": 0.006973241752220007, "tr_acc": 0.9985998599859987, "tr_f1": 0.9985998599859987, "val_loss": 0.9728708827785709, "val_acc": 0.8209273405578256, "val_f1": 0.8225352112676056, "test_loss": 0.7999687179478849, "test_acc": 0.8428184281842819, "test_f1": 0.8406593406593408}
[2023-04-30 08:31:11] [TextCNN-ks357-kn20] is finished , result:{"tr_loss": 0.13947881805156395, "tr_acc": 0.9523952395239524, "tr_f1": 0.952103038840813, "val_loss": 0.4072716696623651, "val_acc": 0.8136436311955942, "val_f1": 0.8158033362598771, "test_loss": 0.3846799018906384, "test_acc": 0.8292682926829268, "test_f1": 0.8225352112676056}
[2023-04-30 09:11:24] [LSTM-h64-l1] is finished , result:{
  "tr_loss": 0.00927765788604704,
  "tr_acc": 0.9978997899789979,
  "tr_f1": 0.9979002099790021,
  "val_loss": 0.8992396237096687,
  "val_acc": 0.8259015810978859,
  "val_f1": 0.8251249107780156,
  "test_loss": 0.7241853998928536,
  "test_acc": 0.8346883468834688,
  "test_f1": 0.828169014084507
}
[2023-04-30 09:12:50] [TextCNN-ks357-kn20] is finished , result:{
  "tr_loss": 0.15432717043137845,
  "tr_acc": 0.9478947894789479,
  "tr_f1": 0.9475115857344346,
  "val_loss": 0.4154529973274227,
  "val_acc": 0.8136436311955942,
  "val_f1": 0.8136436311955942,
  "test_loss": 0.40204578864219065,
  "test_acc": 0.8211382113821138,
  "test_f1": 0.8166666666666668
}
[2023-04-30 09:21:00] [LSTM-h64-l1] is finished , result:{
  "tr_loss": 0.009988229543913296,
  "tr_acc": 0.9977497749774977,
  "tr_f1": 0.9977496624493674,
  "val_loss": 0.90209821793374,
  "val_acc": 0.8264345354414638,
  "val_f1": 0.8277807156707209,
  "test_loss": 0.7925149150758093,
  "test_acc": 0.8428184281842819,
  "test_f1": 0.8415300546448087
}
[2023-04-30 09:22:32] [TextCNN-ks357-kn20] is finished , result:{
  "tr_loss": 0.16345026967774118,
  "tr_acc": 0.9426442644264427,
  "tr_f1": 0.9425206715108996,
  "val_loss": 0.41640071324417743,
  "val_acc": 0.8115118138212827,
  "val_f1": 0.8105695411533654,
  "test_loss": 0.40384386290056595,
  "test_acc": 0.7886178861788617,
  "test_f1": 0.7784090909090908
}
[2023-04-30 09:35:10] [LSTM-h64-l1] is finished at epoch8/10, result:{
  "tr_loss": 0.009782249973838775,
  "tr_acc": 0.9978497849784979,
  "tr_f1": 0.9978496774516179,
  "val_loss": 0.9532377724584571,
  "val_acc": 0.825368626754308,
  "val_f1": 0.830896266987786,
  "test_loss": 0.8332450057917494,
  "test_acc": 0.8346883468834688,
  "test_f1": 0.8355795148247979
}
[2023-04-30 09:36:38] [TextCNN-ks357-kn20] is finished at epoch10/10, result:{
  "tr_loss": 0.15370211097644573,
  "tr_acc": 0.948094809480948,
  "tr_f1": 0.9478129713423831,
  "val_loss": 0.4067149691099722,
  "val_acc": 0.8214602949014035,
  "val_f1": 0.822343998585823,
  "test_loss": 0.39824045285945986,
  "test_acc": 0.8130081300813008,
  "test_f1": 0.8077994428969358
}
[2023-04-30 10:31:49] [MLP-h512,256,128] is finished at [epoch 7/10], result:{
  "tr_loss": 0.1722421779735337,
  "tr_acc": 0.9323932393239324,
  "tr_f1": 0.9324472868991706,
  "val_loss": 0.6801493798125635,
  "val_acc": 0.7203766210694618,
  "val_f1": 0.7668148148148148,
  "test_loss": 0.6566951882225388,
  "test_acc": 0.7127371273712737,
  "test_f1": 0.7601809954751132
}
[2023-04-30 11:41:13] [MLP-h512,256,128] is finished at [epoch 10/10], result:{
  "tr_loss": 0.08604835968745714,
  "tr_acc": 0.9687468746874688,
  "tr_f1": 0.9687202842700564,
  "val_loss": 0.5720964787823414,
  "val_acc": 0.7587493338070705,
  "val_f1": 0.7743436357593886,
  "test_loss": 0.5443159101132132,
  "test_acc": 0.7723577235772358,
  "test_f1": 0.7801047120418847
}
[2023-04-30 11:55:31] [GRU-h64-l1] is finished at [epoch 8/10], result:{
  "tr_loss": 0.0014549086996518776,
  "tr_acc": 0.9995499549954996,
  "tr_f1": 0.999549977498875,
  "val_loss": 1.2041310415981938,
  "val_acc": 0.8275004441286197,
  "val_f1": 0.8265761743168422,
  "test_loss": 1.1506352862368432,
  "test_acc": 0.8265582655826558,
  "test_f1": 0.8212290502793297
}
[2023-04-30 12:41:23] [TextCNN-ks357-kn20] is finished at [epoch 10/10], result:{
  "tr_loss": 0.13461471162941327,
  "tr_acc": 0.9557955795579558,
  "tr_f1": 0.9557646116893515,
  "val_loss": 0.40337481043821205,
  "val_acc": 0.8211049920056849,
  "val_f1": 0.822742474916388,
  "test_loss": 0.4515932339639845,
  "test_acc": 0.8075880758807588,
  "test_f1": 0.8054794520547945
}
[2023-04-30 12:45:25] [TextCNN-ks357-kn20] is finished at [epoch 10/10], result:{
  "tr_loss": 0.17762147691180938,
  "tr_acc": 0.9396439643964396,
  "tr_f1": 0.9394957140708807,
  "val_loss": 0.41315988292277317,
  "val_acc": 0.8168413572570616,
  "val_f1": 0.8165806795943782,
  "test_loss": 0.44917677023869546,
  "test_acc": 0.7777777777777778,
  "test_f1": 0.7734806629834254
}
[2023-04-30 13:28:56] [LSTM-h64-l1] is finished at [epoch 8/10], result:{
  "tr_loss": 0.009698574624263732,
  "tr_acc": 0.9976497649764976,
  "tr_f1": 0.997649647447117,
  "val_loss": 0.9754334033616939,
  "val_acc": 0.8193284775270918,
  "val_f1": 0.8181005186907531,
  "test_loss": 0.8043972901535551,
  "test_acc": 0.8319783197831978,
  "test_f1": 0.8228571428571428
}
[2023-04-30 13:33:46] [LSTM-h64-l1] is finished at [epoch 8/10], result:{
  "tr_loss": 0.010654923419529299,
  "tr_acc": 0.9976997699769977,
  "tr_f1": 0.9977000000000001,
  "val_loss": 0.9709311123619868,
  "val_acc": 0.8216379463492628,
  "val_f1": 0.8230525202678886,
  "test_loss": 0.8842861557980055,
  "test_acc": 0.8184281842818428,
  "test_f1": 0.8194070080862534
}
[2023-04-30 14:10:52] [LSTM-h64-l1] is finished at [epoch 9/10], result:{
  "tr_loss": 0.009613329971973674,
  "tr_acc": 0.9981498149814981,
  "tr_f1": 0.9981493522732956,
  "val_loss": 0.9513079893452159,
  "val_acc": 0.825368626754308,
  "val_f1": 0.8241188047951333,
  "test_loss": 0.8930167466967409,
  "test_acc": 0.8130081300813008,
  "test_f1": 0.8056338028169012
}
[2023-04-30 14:11:52] [TextCNN-ks357-kn20] is finished at [epoch 10/10], result:{
  "tr_loss": 0.19944027820006885,
  "tr_acc": 0.9293929392939294,
  "tr_f1": 0.9289881311607322,
  "val_loss": 0.41208950785807846,
  "val_acc": 0.8113341623734234,
  "val_f1": 0.8119688385269124,
  "test_loss": 0.4063346857624002,
  "test_acc": 0.8075880758807588,
  "test_f1": 0.8011204481792716
}
[2023-04-30 14:13:34] [MLP-h512,256,128] is finished at [epoch 9/10], result:{
  "tr_loss": 0.11915760162803489,
  "tr_acc": 0.9578457845784578,
  "tr_f1": 0.9578394598649662,
  "val_loss": 0.5885547820427719,
  "val_acc": 0.7354769941375022,
  "val_f1": 0.7708878288967533,
  "test_loss": 0.5307033359196774,
  "test_acc": 0.7533875338753387,
  "test_f1": 0.778588807785888
}
[2023-04-30 14:21:35] [GRU-h64-l1] is finished at [epoch 8/10], result:{
  "tr_loss": 0.0006438354662984984,
  "tr_acc": 0.9998999899989999,
  "tr_f1": 0.9998999899989999,
  "val_loss": 1.2817312933616758,
  "val_acc": 0.8353171078344288,
  "val_f1": 0.8357838795394154,
  "test_loss": 1.210164477023975,
  "test_acc": 0.8401084010840109,
  "test_f1": 0.8356545961002786
}
[2023-04-30 14:50:07] [LSTM-h64-l1] is finished at [epoch 8/10], result:{
  "tr_loss": 0.00935890681313179,
  "tr_acc": 0.9981498149814981,
  "tr_f1": 0.9981495373843462,
  "val_loss": 1.040142167376632,
  "val_acc": 0.8266121868893231,
  "val_f1": 0.8299058905542,
  "test_loss": 0.8260144202447519,
  "test_acc": 0.8401084010840109,
  "test_f1": 0.8409703504043127
}
[2023-04-30 14:51:05] [TextCNN-ks357-kn20] is finished at [epoch 10/10], result:{
  "tr_loss": 0.1697184360734295,
  "tr_acc": 0.9441944194419442,
  "tr_f1": 0.9442835746380429,
  "val_loss": 0.41475288193228826,
  "val_acc": 0.809379996446971,
  "val_f1": 0.8110582849093151,
  "test_loss": 0.40512203330269997,
  "test_acc": 0.8184281842818428,
  "test_f1": 0.814404432132964
}
[2023-04-30 14:52:30] [MLP-h512,256,128] is finished at [epoch 7/10], result:{
  "tr_loss": 0.180762296553516,
  "tr_acc": 0.9277927792779278,
  "tr_f1": 0.9278793327339926,
  "val_loss": 0.9634511251923118,
  "val_acc": 0.635281577544857,
  "val_f1": 0.7265947529631108,
  "test_loss": 0.9034939897738821,
  "test_acc": 0.6476964769647696,
  "test_f1": 0.7336065573770492
}
[2023-04-30 15:00:35] [GRU-h64-l1] is finished at [epoch 8/10], result:{
  "tr_loss": 0.0014954125575847353,
  "tr_acc": 0.9997999799979999,
  "tr_f1": 0.9997999599919983,
  "val_loss": 1.1832504030064341,
  "val_acc": 0.8232368093799964,
  "val_f1": 0.826503923278117,
  "test_loss": 1.1071657999178905,
  "test_acc": 0.8292682926829268,
  "test_f1": 0.8320000000000001
}
[2023-04-30 16:32:11] [LSTM-h64-l2-ini_kaiming] is finished at [epoch 8/20], result:{
  "tr_loss": 0.010394395056165007,
  "tr_acc": 0.9983498349834984,
  "tr_f1": 0.9983500824958752,
  "val_loss": 0.8478386045510019,
  "val_acc": 0.8255462782021673,
  "val_f1": 0.8263790664780764,
  "test_loss": 0.8112007815158626,
  "test_acc": 0.8157181571815718,
  "test_f1": 0.8121546961325967
}
[2023-04-30 17:11:34] [GRU-h64-l4-ini_xavier] is finished at [epoch 8/20], result:{
  "tr_loss": 0.008740719858439069,
  "tr_acc": 0.9987498749874988,
  "tr_f1": 0.9987501874718792,
  "val_loss": 0.896202492197093,
  "val_acc": 0.8285663528157754,
  "val_f1": 0.8287488908606921,
  "test_loss": 0.9222587479712557,
  "test_acc": 0.8211382113821138,
  "test_f1": 0.8206521739130436
}
[2023-04-30 17:28:22] [GRU-h64-l2-ini_None] is finished at [epoch 7/20], result:{
  "tr_loss": 0.003375955653734867,
  "tr_acc": 0.9995999599959996,
  "tr_f1": 0.9996000000000002,
  "val_loss": 0.8827589171157505,
  "val_acc": 0.8283887013679162,
  "val_f1": 0.8299295774647887,
  "test_loss": 1.1792321153449494,
  "test_acc": 0.8184281842818428,
  "test_f1": 0.8203753351206434
}
[2023-05-01 12:41:50] [GRU-h64-l2-ini_xavier] is finished at [epoch 8/20], result:{
  "tr_loss": 0.0028601314722504602,
  "tr_acc": 0.9994999499949995,
  "tr_f1": 0.9994998499549865,
  "val_loss": 0.9447819000587521,
  "val_acc": 0.8227038550364185,
  "val_f1": 0.8299250170415814,
  "test_loss": 0.9488394371826447,
  "test_acc": 0.8184281842818428,
  "test_f1": 0.8213333333333332
}

==============================================================================================
[2023-05-01 13:02:27] [GRU-h64-l2-ini_xavier] is finished at [epoch 8/20], result:{
  "tr_loss": 0.00203330527047544,
  "tr_acc": 0.9995999599959996,
  "tr_f1": 0.9996000399960004,
  "val_loss": 1.047444660549457,
  "val_acc": 0.8266121868893231,
  "val_f1": 0.8265813788201849,
  "test_loss": 1.4929589711553681,
  "test_acc": 0.8211382113821138,
  "test_f1": 0.8186813186813188
}
[2023-05-01 13:21:27] [TextCNN-ks[3, 5]-kn20-ini_xavier] is finished at [epoch 16/20], result:{
  "tr_loss": 0.14473561446691635,
  "tr_acc": 0.9497449744974498,
  "tr_f1": 0.949682070795574,
  "val_loss": 0.4047225367686193,
  "val_acc": 0.820039083318529,
  "val_f1": 0.8205491585473871,
  "test_loss": 0.3871645982349468,
  "test_acc": 0.8157181571815718,
  "test_f1": 0.8100558659217877
}
[2023-05-01 13:28:08] [LSTM-h64-l2-ini_kaiming] is finished at [epoch 8/20], result:{
  "tr_loss": 0.010236932374283995,
  "tr_acc": 0.997949794979498,
  "tr_f1": 0.9979496924538681,
  "val_loss": 0.8707389153747279,
  "val_acc": 0.8244803695150116,
  "val_f1": 0.8220461095100865,
  "test_loss": 0.6860526180687313,
  "test_acc": 0.8346883468834688,
  "test_f1": 0.828169014084507
}
[2023-05-01 14:13:10] [GRU-h64-l4-ini_xavier] is finished at [epoch 9/20], result:{
  "tr_loss": 0.007104186202990975,
  "tr_acc": 0.9988998899889989,
  "tr_f1": 0.9988997799559912,
  "val_loss": 0.9300919724868233,
  "val_acc": 0.8225262035885592,
  "val_f1": 0.8222736167941648,
  "test_loss": 0.8172355994435789,
  "test_acc": 0.8319783197831978,
  "test_f1": 0.8277777777777777
}
[2023-05-01 14:32:35] [GRU-h64-l2-ini_None] is finished at [epoch 8/20], result:{
  "tr_loss": 0.001697558010368741,
  "tr_acc": 0.9996999699969997,
  "tr_f1": 0.9996999699969997,
  "val_loss": 1.0806186149136985,
  "val_acc": 0.8273227926807604,
  "val_f1": 0.8287526427061311,
  "test_loss": 0.9529962672894255,
  "test_acc": 0.8482384823848238,
  "test_f1": 0.8469945355191258
}
[2023-05-01 14:34:26] [TextCNN-ks[3, 5, 7]-kn8-ini_None] is finished at [epoch 14/20], result:{
  "tr_loss": 0.20684316992187443,
  "tr_acc": 0.9211921192119212,
  "tr_f1": 0.9213101657679249,
  "val_loss": 0.4345476615913894,
  "val_acc": 0.8036951501154734,
  "val_f1": 0.8019358307940492,
  "test_loss": 0.43438119810771164,
  "test_acc": 0.7750677506775068,
  "test_f1": 0.7688022284122562
}
[2023-05-01 14:36:35] [TextCNN-ks[3, 5]-kn14-ini_kaiming] is finished at [epoch 20/20], result:{
  "tr_loss": 0.15456971623311222,
  "tr_acc": 0.946994699469947,
  "tr_f1": 0.9468191852297811,
  "val_loss": 0.4231786410027953,
  "val_acc": 0.8088470421033931,
  "val_f1": 0.8090166844160455,
  "test_loss": 0.4625738481195962,
  "test_acc": 0.8102981029810298,
  "test_f1": 0.8022598870056497
}
[2023-05-01 15:11:32] [LSTM-h256-l2-ini_kaiming] is finished at [epoch 9/20], result:{
  "tr_loss": 0.012960445216338169,
  "tr_acc": 0.9973997399739974,
  "tr_f1": 0.9973997399739974,
  "val_loss": 0.9362869701585832,
  "val_acc": 0.8255462782021673,
  "val_f1": 0.8272343420126672,
  "test_loss": 0.9166181437812524,
  "test_acc": 0.8075880758807588,
  "test_f1": 0.8075880758807588
}
[2023-05-01 15:32:46] [GRU-h256-l1-ini_kaiming] is finished at [epoch 8/20], result:{
  "tr_loss": 0.0010473325262696023,
  "tr_acc": 0.9998999899989999,
  "tr_f1": 0.9998999899989999,
  "val_loss": 1.2483359308425104,
  "val_acc": 0.8280333984721976,
  "val_f1": 0.8263988522238163,
  "test_loss": 1.1151831459694448,
  "test_acc": 0.8319783197831978,
  "test_f1": 0.8287292817679557
}
[2023-05-01 15:34:54] [TextCNN-ks[3, 5]-kn8-ini_xavier] is finished at [epoch 16/20], result:{
  "tr_loss": 0.21875129171413998,
  "tr_acc": 0.9152915291529153,
  "tr_f1": 0.9151217556869427,
  "val_loss": 0.43866158819342616,
  "val_acc": 0.8022739385325991,
  "val_f1": 0.8027644869750132,
  "test_loss": 0.4200578966761023,
  "test_acc": 0.8102981029810298,
  "test_f1": 0.809782608695652
}
[2023-05-01 16:39:12] [LSTM-h512-l4-ini_xavier] is finished at [epoch 9/20], result:{
  "tr_loss": 0.6932404892768177,
  "tr_acc": 0.5,
  "tr_f1": 0.6666666666666666,
  "val_loss": 0.6945137499831121,
  "val_acc": 0.49955587138035173,
  "val_f1": 0.6662717687477786,
  "test_loss": 0.7137373921670888,
  "test_acc": 0.5067750677506775,
  "test_f1": 0.6726618705035972
}
[2023-05-01 16:53:50] [GRU-h128-l1-ini_xavier] is finished at [epoch 8/20], result:{
  "tr_loss": 0.0005587574261740483,
  "tr_acc": 0.9998999899989999,
  "tr_f1": 0.9999,
  "val_loss": 1.450882261176215,
  "val_acc": 0.8280333984721976,
  "val_f1": 0.8300561797752809,
  "test_loss": 1.3272752690969445,
  "test_acc": 0.8211382113821138,
  "test_f1": 0.8196721311475409
}
[2023-05-01 16:55:39] [TextCNN-ks[3, 5]-kn8-ini_kaiming] is finished at [epoch 13/20], result:{
  "tr_loss": 0.24323639413728418,
  "tr_acc": 0.9044904490449045,
  "tr_f1": 0.9030358412021526,
  "val_loss": 0.45069198533005816,
  "val_acc": 0.7877065198081364,
  "val_f1": 0.7901668129938543,
  "test_loss": 0.4295022421412998,
  "test_acc": 0.7994579945799458,
  "test_f1": 0.7989130434782609
}
[2023-05-01 17:21:17] [GRU-h512-l1-ini_xavier] is finished at [epoch 8/20], result:{
  "tr_loss": 0.007194126046525511,
  "tr_acc": 0.9978497849784979,
  "tr_f1": 0.9978498924946247,
  "val_loss": 1.3581590306157434,
  "val_acc": 0.7896606857345887,
  "val_f1": 0.7912552891396333,
  "test_loss": 1.3484947484325056,
  "test_acc": 0.7696476964769647,
  "test_f1": 0.7708894878706198
}
[2023-05-01 17:23:59] [TextCNN-ks[3, 5, 7, 9]-kn8-ini_None] is finished at [epoch 15/20], result:{
  "tr_loss": 0.17348462770176906,
  "tr_acc": 0.9397439743974397,
  "tr_f1": 0.9401717888883372,
  "val_loss": 0.4401073954757227,
  "val_acc": 0.7981879552318352,
  "val_f1": 0.7933042212518194,
  "test_loss": 0.4660642567042736,
  "test_acc": 0.7859078590785907,
  "test_f1": 0.774928774928775
}
[2023-05-01 19:01:29] [GRU-h512-l4-ini_xavier] is finished at [epoch 7/20], result:{
  "tr_loss": 0.6932994760218972,
  "tr_acc": 0.5029002900290029,
  "tr_f1": 0.3827382800372555,
  "val_loss": 0.6944737038787717,
  "val_acc": 0.49955587138035173,
  "val_f1": 0.6662717687477786,
  "test_loss": 0.7198381992536509,
  "test_acc": 0.5067750677506775,
  "test_f1": 0.6726618705035972
}
[2023-05-01 19:03:33] [TextCNN-ks[3, 5]-kn2-ini_xavier] is finished at [epoch 14/20], result:{
  "tr_loss": 0.3953592848069597,
  "tr_acc": 0.8279327932793279,
  "tr_f1": 0.8204726874315228,
  "val_loss": 0.4971618442260937,
  "val_acc": 0.7722508438443774,
  "val_f1": 0.7742162733356815,
  "test_loss": 0.49183613562648537,
  "test_acc": 0.7804878048780488,
  "test_f1": 0.7816711590296496
}
[2023-05-01 20:23:03] [LSTM-h256-l4-ini_kaiming] is finished at [epoch 20/20], result:{
  "tr_loss": 0.2879750765230444,
  "tr_acc": 0.8806880688068807,
  "tr_f1": 0.881682039075672,
  "val_loss": 0.41143229250099755,
  "val_acc": 0.8228815064842778,
  "val_f1": 0.8251797299666841,
  "test_loss": 0.3845976563650095,
  "test_acc": 0.8265582655826558,
  "test_f1": 0.8232044198895027
}
[2023-05-01 21:03:15] [GRU-h64-l4-ini_None] is finished at [epoch 8/20], result:{
  "tr_loss": 0.007681442864120181,
  "tr_acc": 0.9989498949894989,
  "tr_f1": 0.9989500524973751,
  "val_loss": 0.9776908387619453,
  "val_acc": 0.8246580209628709,
  "val_f1": 0.8252788104089219,
  "test_loss": 1.253500230267119,
  "test_acc": 0.8265582655826558,
  "test_f1": 0.8241758241758241
}
[2023-05-01 21:05:43] [TextCNN-ks[3, 5, 7, 9]-kn14-ini_xavier] is finished at [epoch 12/20], result:{
  "tr_loss": 0.11939750397034866,
  "tr_acc": 0.9604460446044605,
  "tr_f1": 0.9605741912974132,
  "val_loss": 0.42128208833936054,
  "val_acc": 0.8108012080298455,
  "val_f1": 0.8099910793933988,
  "test_loss": 0.4091458747057411,
  "test_acc": 0.8102981029810298,
  "test_f1": 0.8044692737430168
}
[2023-05-01 21:15:43] [GRU-h64-l1-ini_xavier] is finished at [epoch 8/20], result:{
  "tr_loss": 0.0006517533837136476,
  "tr_acc": 0.9998999899989999,
  "tr_f1": 0.9998999899989999,
  "val_loss": 1.3500823749376025,
  "val_acc": 0.8232368093799964,
  "val_f1": 0.8231739825839702,
  "test_loss": 1.2779957579201475,
  "test_acc": 0.8184281842818428,
  "test_f1": 0.814404432132964
}
[2023-05-01 21:25:09] [LSTM-h64-l2-ini_None] is finished at [epoch 9/20], result:{
  "tr_loss": 0.0065213064480219955,
  "tr_acc": 0.9986998699869987,
  "tr_f1": 0.9986992195317191,
  "val_loss": 1.018450012650019,
  "val_acc": 0.8191508260792325,
  "val_f1": 0.8173663437387872,
  "test_loss": 0.9748994703922007,
  "test_acc": 0.8238482384823849,
  "test_f1": 0.8158640226628894
}
[2023-05-01 21:27:34] [MLP-h[512, 256, 128, 64]-ini_None] is finished at [epoch 10/10], result:{
  "tr_loss": 0.17949966618968005,
  "tr_acc": 0.9297429742974297,
  "tr_f1": 0.9297464873243663,
  "val_loss": 0.5089900303657832,
  "val_acc": 0.7704743293657843,
  "val_f1": 0.7895765472312704,
  "test_loss": 0.4820907027094668,
  "test_acc": 0.7994579945799458,
  "test_f1": 0.8102564102564104
}
[2023-05-01 21:40:06] [GRU-h64-l1-ini_kaiming] is finished at [epoch 8/20], result:{
  "tr_loss": 0.0005584068840099007,
  "tr_acc": 0.9997999799979999,
  "tr_f1": 0.9997999799979999,
  "val_loss": 1.31009900564216,
  "val_acc": 0.83247468466868,
  "val_f1": 0.8305480682839174,
  "test_loss": 1.132988132435455,
  "test_acc": 0.8373983739837398,
  "test_f1": 0.8342541436464088
}
[2023-05-01 21:43:27] [TextCNN-ks[3, 5, 7]-kn2-ini_xavier] is finished at [epoch 20/20], result:{
  "tr_loss": 0.26668685964672956,
  "tr_acc": 0.8898389838983899,
  "tr_f1": 0.8893909725360245,
  "val_loss": 0.46638727421065085,
  "val_acc": 0.7836205365073725,
  "val_f1": 0.7831196581196581,
  "test_loss": 0.4603086761665861,
  "test_acc": 0.7831978319783198,
  "test_f1": 0.7790055248618785
}
[2023-05-01 22:49:35] [GRU-h128-l4-ini_kaiming] is finished at [epoch 9/20], result:{
  "tr_loss": 0.009101575535705031,
  "tr_acc": 0.9987498749874988,
  "tr_f1": 0.9987495623468213,
  "val_loss": 0.9477803426114539,
  "val_acc": 0.8294546100550719,
  "val_f1": 0.8255179934569247,
  "test_loss": 1.201055858173183,
  "test_acc": 0.8292682926829268,
  "test_f1": 0.8194842406876792
}
[2023-05-02 03:29:34] [GRU-h512-l4-ini_kaiming] is finished at [epoch 20/20], result:{
  "tr_loss": 0.36106214432468864,
  "tr_acc": 0.8435343534353436,
  "tr_f1": 0.8451373422420193,
  "val_loss": 0.41976966824449385,
  "val_acc": 0.8084917392076746,
  "val_f1": 0.8085937500000001,
  "test_loss": 0.40843921625194185,
  "test_acc": 0.8401084010840109,
  "test_f1": 0.8338028169014085
}
[2023-05-02 03:41:55] [LSTM-h64-l4-ini_xavier] is finished at [epoch 8/20], result:{
  "tr_loss": 0.016215013292077782,
  "tr_acc": 0.996999699969997,
  "tr_f1": 0.9970023980815348,
  "val_loss": 0.8549470661933867,
  "val_acc": 0.8219932492449813,
  "val_f1": 0.8238396624472575,
  "test_loss": 0.6951698976843984,
  "test_acc": 0.8482384823848238,
  "test_f1": 0.845303867403315
}
[2023-05-02 03:56:57] [GRU-h128-l1-ini_kaiming] is finished at [epoch 8/20], result:{
  "tr_loss": 0.0007923203261732784,
  "tr_acc": 0.9997999799979999,
  "tr_f1": 0.9997999799979999,
  "val_loss": 1.3274475891002462,
  "val_acc": 0.8285663528157754,
  "val_f1": 0.8340498710232158,
  "test_loss": 1.121232434743788,
  "test_acc": 0.8265582655826558,
  "test_f1": 0.8288770053475935
}
[2023-05-02 06:03:43] [GRU-h256-l4-ini_None] is finished at [epoch 12/20], result:{
  "tr_loss": 0.69323168087988,
  "tr_acc": 0.49624962496249625,
  "tr_f1": 0.607465710723192,
  "val_loss": 0.6935319492206584,
  "val_acc": 0.49955587138035173,
  "val_f1": 0.6662717687477786,
  "test_loss": 0.7210885283100573,
  "test_acc": 0.5067750677506775,
  "test_f1": 0.6726618705035972
}
[2023-05-02 06:09:11] [LSTM-h64-l1-ini_None] is finished at [epoch 8/20], result:{
  "tr_loss": 0.009107728104754078,
  "tr_acc": 0.9981498149814981,
  "tr_f1": 0.9981502774583813,
  "val_loss": 0.9913906980373166,
  "val_acc": 0.8239474151714337,
  "val_f1": 0.8222421524663677,
  "test_loss": 0.8746381789233869,
  "test_acc": 0.8238482384823849,
  "test_f1": 0.8179271708683472
}
[2023-05-02 06:52:15] [LSTM-h128-l4-ini_kaiming] is finished at [epoch 10/20], result:{
  "tr_loss": 0.012821901703392822,
  "tr_acc": 0.9976497649764976,
  "tr_f1": 0.9976505873531618,
  "val_loss": 0.8477639607900843,
  "val_acc": 0.8230591579321371,
  "val_f1": 0.8215693299892511,
  "test_loss": 0.8379481454205707,
  "test_acc": 0.8102981029810298,
  "test_f1": 0.8055555555555556
}
[2023-05-02 07:53:39] [GRU-h512-l2-ini_kaiming] is finished at [epoch 9/20], result:{
  "tr_loss": 0.0018835045128705015,
  "tr_acc": 0.9997499749974997,
  "tr_f1": 0.999749987499375,
  "val_loss": 1.061674470498117,
  "val_acc": 0.8273227926807604,
  "val_f1": 0.8321243523316062,
  "test_loss": 1.0006213355948266,
  "test_acc": 0.8184281842818428,
  "test_f1": 0.8194070080862534
}
[2023-05-02 08:09:58] [LSTM-h64-l4-ini_kaiming] is finished at [epoch 9/20], result:{
  "tr_loss": 0.016183855337367794,
  "tr_acc": 0.9973997399739974,
  "tr_f1": 0.9974007797660701,
  "val_loss": 0.8615011461363696,
  "val_acc": 0.8232368093799964,
  "val_f1": 0.8232368093799964,
  "test_loss": 0.8943235716684078,
  "test_acc": 0.8184281842818428,
  "test_f1": 0.8164383561643836
}
[2023-05-02 08:13:34] [TextCNN-ks[3, 5, 7]-kn20-ini_kaiming] is finished at [epoch 18/20], result:{
  "tr_loss": 0.10989692833649777,
  "tr_acc": 0.9649464946494649,
  "tr_f1": 0.9649517524123793,
  "val_loss": 0.42215202733156926,
  "val_acc": 0.8083140877598153,
  "val_f1": 0.8085861273727161,
  "test_loss": 0.4050003390325117,
  "test_acc": 0.8373983739837398,
  "test_f1": 0.8369565217391305
}
[2023-05-02 08:18:08] [TextCNN-ks[3, 5, 7, 9]-kn20-ini_kaiming] is finished at [epoch 20/20], result:{
  "tr_loss": 0.10662362562215487,
  "tr_acc": 0.9656965696569657,
  "tr_f1": 0.9657137145141943,
  "val_loss": 0.3985792222466048,
  "val_acc": 0.8218155977971221,
  "val_f1": 0.8210526315789474,
  "test_loss": 0.4208470405278813,
  "test_acc": 0.8184281842818428,
  "test_f1": 0.8154269972451792
}
[2023-05-02 08:31:55] [LSTM-h256-l1-ini_None] is finished at [epoch 9/20], result:{
  "tr_loss": 0.009331172555630991,
  "tr_acc": 0.9981998199819982,
  "tr_f1": 0.9981990995497749,
  "val_loss": 0.9695031160849739,
  "val_acc": 0.8180849173920768,
  "val_f1": 0.8195912614517266,
  "test_loss": 0.8798516176257353,
  "test_acc": 0.8292682926829268,
  "test_f1": 0.8264462809917357
}
[2023-05-02 08:37:09] [LSTM-h64-l1-ini_xavier] is finished at [epoch 8/20], result:{
  "tr_loss": 0.009917213557002567,
  "tr_acc": 0.997949794979498,
  "tr_f1": 0.9979498974948748,
  "val_loss": 0.9500261597275115,
  "val_acc": 0.8260792325457452,
  "val_f1": 0.827123432809465,
  "test_loss": 0.7962734096741612,
  "test_acc": 0.8346883468834688,
  "test_f1": 0.8300835654596102
}
[2023-05-02 10:06:00] [LSTM-h256-l4-ini_None] is finished at [epoch 20/20], result:{
  "tr_loss": 0.3604868369804572,
  "tr_acc": 0.8451845184518452,
  "tr_f1": 0.8454781393491716,
  "val_loss": 0.4379123229342173,
  "val_acc": 0.8033398472197548,
  "val_f1": 0.8019323671497585,
  "test_loss": 0.4566658471981038,
  "test_acc": 0.8130081300813008,
  "test_f1": 0.8045325779036828
}
[2023-05-02 14:54:58] [LSTM-h512-l4-ini_kaiming] is finished at [epoch 10/20], result:{
  "tr_loss": 0.6932339465955529,
  "tr_acc": 0.4975997599759976,
  "tr_f1": 0.1777559538423766,
  "val_loss": 0.6945018193124136,
  "val_acc": 0.5004441286196483,
  "val_f1": 0.0,
  "test_loss": 0.7138597254507587,
  "test_acc": 0.4932249322493225,
  "test_f1": 0.0
}
[2023-05-02 17:32:17] [GRU-h512-l2-ini_xavier] is finished at [epoch 8/20], result:{
  "tr_loss": 0.0016457468837102183,
  "tr_acc": 0.9996499649964996,
  "tr_f1": 0.9996499824991251,
  "val_loss": 1.1397518486854668,
  "val_acc": 0.8294546100550719,
  "val_f1": 0.8317560462670872,
  "test_loss": 1.2018708467564285,
  "test_acc": 0.8075880758807588,
  "test_f1": 0.8054794520547945
}
[2023-05-02 18:20:47] [GRU-h64-l2-ini_kaiming] is finished at [epoch 8/20], result:{
  "tr_loss": 0.0007296712896089392,
  "tr_acc": 0.9997999799979999,
  "tr_f1": 0.9997999799979999,
  "val_loss": 1.2129487907297236,
  "val_acc": 0.8257239296500266,
  "val_f1": 0.8259712613092071,
  "test_loss": 1.3073617751308815,
  "test_acc": 0.8238482384823849,
  "test_f1": 0.8228882833787466
}
[2023-05-02 18:25:40] [TextCNN-ks[3, 5, 7]-kn20-ini_None] is finished at [epoch 11/20], result:{
  "tr_loss": 0.13953500747135228,
  "tr_acc": 0.9518951895189519,
  "tr_f1": 0.9517359020670279,
  "val_loss": 0.41189051097992535,
  "val_acc": 0.8180849173920768,
  "val_f1": 0.8202878202878203,
  "test_loss": 0.36978797731683827,
  "test_acc": 0.8319783197831978,
  "test_f1": 0.8306010928961748
}
[2023-05-02 18:30:02] [TextCNN-ks[3, 5, 7]-kn20-ini_xavier] is finished at [epoch 13/20], result:{
  "tr_loss": 0.1107420214470571,
  "tr_acc": 0.9662966296629663,
  "tr_f1": 0.966208763661887,
  "val_loss": 0.41574479489962657,
  "val_acc": 0.8124000710605791,
  "val_f1": 0.8132956152758134,
  "test_loss": 0.3689418385022378,
  "test_acc": 0.8238482384823849,
  "test_f1": 0.8189415041782729
}
[2023-05-02 20:46:34] [GRU-h512-l4-ini_None] is finished at [epoch 8/20], result:{
  "tr_loss": 0.6933938418522944,
  "tr_acc": 0.5008500850085008,
  "tr_f1": 0.609651180979196,
  "val_loss": 0.6935259879514282,
  "val_acc": 0.49316041925741694,
  "val_f1": 0.2768060836501901,
  "test_loss": 0.7214195334168307,
  "test_acc": 0.4932249322493225,
  "test_f1": 0.2549800796812749
}
[2023-05-02 20:48:47] [TextCNN-ks[3, 5, 7]-kn14-ini_None] is finished at [epoch 11/20], result:{
  "tr_loss": 0.12383248265570003,
  "tr_acc": 0.9586458645864586,
  "tr_f1": 0.9585525986067257,
  "val_loss": 0.4122256077210546,
  "val_acc": 0.8147095398827501,
  "val_f1": 0.8145118264271741,
  "test_loss": 0.4150082341377651,
  "test_acc": 0.8130081300813008,
  "test_f1": 0.7999999999999999
}
[2023-05-02 20:52:27] [TextCNN-ks[3, 5, 7, 9]-kn20-ini_xavier] is finished at [epoch 16/20], result:{
  "tr_loss": 0.10261643066196063,
  "tr_acc": 0.9681968196819682,
  "tr_f1": 0.9681522283425137,
  "val_loss": 0.3999674890536486,
  "val_acc": 0.8219932492449813,
  "val_f1": 0.8226548672566372,
  "test_loss": 0.4245009480453119,
  "test_acc": 0.7913279132791328,
  "test_f1": 0.7843137254901961
}
[2023-05-02 20:54:11] [TextCNN-ks[3, 5]-kn2-ini_None] is finished at [epoch 10/20], result:{
  "tr_loss": 0.35884459251903966,
  "tr_acc": 0.8265326532653265,
  "tr_f1": 0.8201192636764324,
  "val_loss": 0.4894957066344673,
  "val_acc": 0.7708296322615029,
  "val_f1": 0.7746331236897274,
  "test_loss": 0.4968040860119228,
  "test_acc": 0.7777777777777778,
  "test_f1": 0.7747252747252746
}
[2023-05-02 21:04:10] [GRU-h64-l1-ini_None] is finished at [epoch 8/20], result:{
  "tr_loss": 0.0008070354936928737,
  "tr_acc": 0.9997999799979999,
  "tr_f1": 0.9997999799979999,
  "val_loss": 1.3325287770870133,
  "val_acc": 0.8243027180671523,
  "val_f1": 0.8254192409532215,
  "test_loss": 1.2138715926305388,
  "test_acc": 0.8238482384823849,
  "test_f1": 0.8189415041782729
}
[2023-05-02 21:36:25] [LSTM-h256-l2-ini_None] is finished at [epoch 9/20], result:{
  "tr_loss": 0.011839214502725506,
  "tr_acc": 0.9975997599759976,
  "tr_f1": 0.9975992797839354,
  "val_loss": 0.9072675763982283,
  "val_acc": 0.8308758216379464,
  "val_f1": 0.8329824561403508,
  "test_loss": 0.8669322745263738,
  "test_acc": 0.8238482384823849,
  "test_f1": 0.8199445983379501
}
[2023-05-02 22:09:58] [LSTM-h128-l4-ini_xavier] is finished at [epoch 8/20], result:{
  "tr_loss": 0.019595846205917,
  "tr_acc": 0.9964496449644964,
  "tr_f1": 0.9964484017808013,
  "val_loss": 0.7736940252903878,
  "val_acc": 0.8269674897850418,
  "val_f1": 0.8241877256317689,
  "test_loss": 0.7721872147182786,
  "test_acc": 0.8238482384823849,
  "test_f1": 0.8169014084507042
}
[2023-05-02 22:52:46] [LSTM-h512-l1-ini_xavier] is finished at [epoch 13/20], result:{
  "tr_loss": 0.00403263229928085,
  "tr_acc": 0.9991499149914992,
  "tr_f1": 0.9991497023958386,
  "val_loss": 1.1401080942405395,
  "val_acc": 0.824125066619293,
  "val_f1": 0.8255813953488371,
  "test_loss": 0.9600697009544062,
  "test_acc": 0.8265582655826558,
  "test_f1": 0.8222222222222223
}
[2023-05-02 23:12:16] [GRU-h64-l2-ini_xavier] is finished at [epoch 8/20], result:{
  "tr_loss": 0.0017915781861471021,
  "tr_acc": 0.9996999699969997,
  "tr_f1": 0.9996999699969997,
  "val_loss": 1.0366239699650557,
  "val_acc": 0.8262568839936045,
  "val_f1": 0.8273914578185669,
  "test_loss": 0.9955419709042805,
  "test_acc": 0.8346883468834688,
  "test_f1": 0.8355795148247979
}
[2023-05-02 23:33:55] [GRU-h256-l1-ini_xavier] is finished at [epoch 8/20], result:{
  "tr_loss": 0.00042436328589266363,
  "tr_acc": 0.9998999899989999,
  "tr_f1": 0.9998999899989999,
  "val_loss": 1.4595624206809046,
  "val_acc": 0.8353171078344288,
  "val_f1": 0.8365943945002643,
  "test_loss": 1.266200952928483,
  "test_acc": 0.8319783197831978,
  "test_f1": 0.8333333333333333
}
[2023-05-02 23:56:14] [LSTM-h512-l1-ini_kaiming] is finished at [epoch 9/20], result:{
  "tr_loss": 0.011953216165646468,
  "tr_acc": 0.9973997399739974,
  "tr_f1": 0.9973992197659297,
  "val_loss": 0.919109707536746,
  "val_acc": 0.820572037662107,
  "val_f1": 0.8245309242529535,
  "test_loss": 0.8850381743960426,
  "test_acc": 0.8021680216802168,
  "test_f1": 0.8010899182561307
}
[2023-05-02 23:59:12] [TextCNN-ks[3, 5, 7]-kn2-ini_None] is finished at [epoch 15/20], result:{
  "tr_loss": 0.34745930352679777,
  "tr_acc": 0.8674867486748675,
  "tr_f1": 0.8616332497911445,
  "val_loss": 0.5059864533309679,
  "val_acc": 0.7608811511813821,
  "val_f1": 0.7665626083940341,
  "test_loss": 0.5491711776754075,
  "test_acc": 0.7398373983739838,
  "test_f1": 0.7433155080213903
}
[2023-05-03 00:18:59] [LSTM-h128-l2-ini_xavier] is finished at [epoch 8/20], result:{
  "tr_loss": 0.012288927544185547,
  "tr_acc": 0.9973497349734973,
  "tr_f1": 0.9973498674933747,
  "val_loss": 0.8772072654140051,
  "val_acc": 0.8232368093799964,
  "val_f1": 0.8232995915467944,
  "test_loss": 0.7448911505339915,
  "test_acc": 0.8265582655826558,
  "test_f1": 0.8222222222222223
}
[2023-05-03 00:32:28] [LSTM-h256-l1-ini_xavier] is finished at [epoch 9/20], result:{
  "tr_loss": 0.009008916993729897,
  "tr_acc": 0.9981498149814981,
  "tr_f1": 0.9981495373843462,
  "val_loss": 1.0292915405805172,
  "val_acc": 0.8193284775270918,
  "val_f1": 0.8168557536466774,
  "test_loss": 0.8205442214927315,
  "test_acc": 0.8373983739837398,
  "test_f1": 0.8324022346368715
}
[2023-05-03 00:37:03] [TextCNN-ks[3, 5, 7, 9]-kn14-ini_None] is finished at [epoch 20/20], result:{
  "tr_loss": 0.11763128404593942,
  "tr_acc": 0.9627462746274628,
  "tr_f1": 0.9626435340721055,
  "val_loss": 0.41628208821568274,
  "val_acc": 0.8143542369870315,
  "val_f1": 0.8139576286273812,
  "test_loss": 0.46833907233344185,
  "test_acc": 0.7940379403794038,
  "test_f1": 0.7934782608695652
}
[2023-05-03 00:40:30] [TextCNN-ks[3, 5]-kn8-ini_None] is finished at [epoch 19/20], result:{
  "tr_loss": 0.27012531567375736,
  "tr_acc": 0.888938893889389,
  "tr_f1": 0.8876182765774427,
  "val_loss": 0.4268401868602992,
  "val_acc": 0.8074258305205188,
  "val_f1": 0.8090204369274138,
  "test_loss": 0.40898812107923554,
  "test_acc": 0.8265582655826558,
  "test_f1": 0.825136612021858
}
[2023-05-03 00:53:54] [LSTM-h128-l1-ini_xavier] is finished at [epoch 9/20], result:{
  "tr_loss": 0.007203571992373976,
  "tr_acc": 0.9984998499849985,
  "tr_f1": 0.9984995498649595,
  "val_loss": 1.027821158657046,
  "val_acc": 0.8211049920056849,
  "val_f1": 0.8237970253718285,
  "test_loss": 0.9835433849413705,
  "test_acc": 0.8048780487804879,
  "test_f1": 0.8043478260869565
}
[2023-05-03 01:51:08] [GRU-h128-l4-ini_xavier] is finished at [epoch 8/20], result:{
  "tr_loss": 0.012667174567200682,
  "tr_acc": 0.9978497849784979,
  "tr_f1": 0.9978501074946253,
  "val_loss": 0.9029407143904875,
  "val_acc": 0.825368626754308,
  "val_f1": 0.824558272354096,
  "test_loss": 0.9878523039220148,
  "test_acc": 0.8184281842818428,
  "test_f1": 0.8123249299719887
}
[2023-05-03 02:21:06] [GRU-h128-l2-ini_kaiming] is finished at [epoch 8/20], result:{
  "tr_loss": 0.0015917244677494187,
  "tr_acc": 0.9997999799979999,
  "tr_f1": 0.9998,
  "val_loss": 1.0698350308685343,
  "val_acc": 0.8299875643986498,
  "val_f1": 0.8313061872025382,
  "test_loss": 1.0020036457035801,
  "test_acc": 0.8265582655826558,
  "test_f1": 0.8279569892473118
}
[2023-05-03 03:03:00] [GRU-h256-l2-ini_None] is finished at [epoch 8/20], result:{
  "tr_loss": 0.0023414399148063304,
  "tr_acc": 0.9995499549954996,
  "tr_f1": 0.999550022498875,
  "val_loss": 1.0803386628991603,
  "val_acc": 0.825368626754308,
  "val_f1": 0.8270888302550571,
  "test_loss": 0.9746231933371706,
  "test_acc": 0.8428184281842819,
  "test_f1": 0.8388888888888889
}
[2023-05-03 04:22:03] [LSTM-h512-l4-ini_None] is finished at [epoch 11/20], result:{
  "tr_loss": 0.6932238352061486,
  "tr_acc": 0.5,
  "tr_f1": 0.0,
  "val_loss": 0.6944997618985782,
  "val_acc": 0.5004441286196483,
  "val_f1": 0.0,
  "test_loss": 0.7138332086526927,
  "test_acc": 0.4932249322493225,
  "test_f1": 0.0
}
[2023-05-03 04:24:41] [MLP-h[512, 256, 128, 16]-ini_None] is finished at [epoch 10/10], result:{
  "tr_loss": 0.693229226747004,
  "tr_acc": 0.4971997199719972,
  "tr_f1": 0.5902107022048335,
  "val_loss": 0.6945018697153466,
  "val_acc": 0.49955587138035173,
  "val_f1": 0.6662717687477786,
  "test_loss": 0.7138056451389136,
  "test_acc": 0.5067750677506775,
  "test_f1": 0.6726618705035972
}
[2023-05-03 04:27:20] [MLP-h[512, 256, 128, 32]-ini_kaiming] is finished at [epoch 10/10], result:{
  "tr_loss": 0.3093666546229291,
  "tr_acc": 0.8677367736773678,
  "tr_f1": 0.8673454034806158,
  "val_loss": 0.48649112598831223,
  "val_acc": 0.7813110676852016,
  "val_f1": 0.7777577179996389,
  "test_loss": 0.4773234158027463,
  "test_acc": 0.8238482384823849,
  "test_f1": 0.8189415041782729
}
[2023-05-03 04:30:04] [TextCNN-ks[3, 5, 7]-kn8-ini_kaiming] is finished at [epoch 13/20], result:{
  "tr_loss": 0.190729690955417,
  "tr_acc": 0.9304430443044305,
  "tr_f1": 0.929758117456951,
  "val_loss": 0.440946881142957,
  "val_acc": 0.7976550008882572,
  "val_f1": 0.8008393075712538,
  "test_loss": 0.47312751630457434,
  "test_acc": 0.8130081300813008,
  "test_f1": 0.8119891008174387
}
[2023-05-03 04:41:30] [LSTM-h128-l1-ini_None] is finished at [epoch 8/20], result:{
  "tr_loss": 0.009888069673738077,
  "tr_acc": 0.998049804980498,
  "tr_f1": 0.9980497074561184,
  "val_loss": 0.8719910264257914,
  "val_acc": 0.823592112275715,
  "val_f1": 0.8202714932126698,
  "test_loss": 0.8035757144292196,
  "test_acc": 0.8265582655826558,
  "test_f1": 0.8192090395480225
}
[2023-05-03 04:45:37] [TextCNN-ks[3, 5, 7, 9]-kn2-ini_xavier] is finished at [epoch 20/20], result:{
  "tr_loss": 0.20778228585446332,
  "tr_acc": 0.9191419141914191,
  "tr_f1": 0.9191297824456114,
  "val_loss": 0.44973511233340785,
  "val_acc": 0.7948125777225085,
  "val_f1": 0.7940809413442682,
  "test_loss": 0.4931730138577097,
  "test_acc": 0.7777777777777778,
  "test_f1": 0.7722222222222223
}
[2023-05-03 04:59:52] [LSTM-h64-l4-ini_None] is finished at [epoch 9/20], result:{
  "tr_loss": 0.010777143841209874,
  "tr_acc": 0.9983998399839984,
  "tr_f1": 0.9983996799359872,
  "val_loss": 0.9034953859341354,
  "val_acc": 0.8223485521406999,
  "val_f1": 0.8241912798874825,
  "test_loss": 0.8349635849800213,
  "test_acc": 0.8401084010840109,
  "test_f1": 0.840108401084011
}
[2023-05-03 06:07:24] [LSTM-h256-l4-ini_xavier] is finished at [epoch 18/20], result:{
  "tr_loss": 0.14339335292860148,
  "tr_acc": 0.9515951595159516,
  "tr_f1": 0.951826415845526,
  "val_loss": 0.4382708770560316,
  "val_acc": 0.8335405933558359,
  "val_f1": 0.8355274705985607,
  "test_loss": 0.3858777161859238,
  "test_acc": 0.8428184281842819,
  "test_f1": 0.839779005524862
}
[2023-05-03 06:09:20] [TextCNN-ks[3, 5]-kn2-ini_kaiming] is finished at [epoch 11/20], result:{
  "tr_loss": 0.3408914725414955,
  "tr_acc": 0.8444344434443445,
  "tr_f1": 0.8437390125069064,
  "val_loss": 0.47861854024966033,
  "val_acc": 0.7846864451945283,
  "val_f1": 0.7841111506946917,
  "test_loss": 0.4877842719638897,
  "test_acc": 0.8075880758807588,
  "test_f1": 0.7977207977207976
}
[2023-05-03 06:26:55] [LSTM-h128-l2-ini_None] is finished at [epoch 8/20], result:{
  "tr_loss": 0.013915650333349693,
  "tr_acc": 0.9970997099709971,
  "tr_f1": 0.997100289971003,
  "val_loss": 0.8373998318328795,
  "val_acc": 0.8232368093799964,
  "val_f1": 0.8253466736879059,
  "test_loss": 0.7199941628024507,
  "test_acc": 0.8373983739837398,
  "test_f1": 0.8369565217391305
}
[2023-05-03 06:49:08] [GRU-h512-l1-ini_kaiming] is finished at [epoch 7/20], result:{
  "tr_loss": 0.005287853777919627,
  "tr_acc": 0.9988498849884988,
  "tr_f1": 0.9988499424971249,
  "val_loss": 0.9927497883493583,
  "val_acc": 0.8315864274293836,
  "val_f1": 0.8330398027474463,
  "test_loss": 0.9501294450062078,
  "test_acc": 0.8265582655826558,
  "test_f1": 0.8222222222222223
}
[2023-05-03 08:09:16] [GRU-h256-l4-ini_kaiming] is finished at [epoch 8/20], result:{
  "tr_loss": 0.024695216569759294,
  "tr_acc": 0.9951995199519952,
  "tr_f1": 0.9951956761084977,
  "val_loss": 0.7492338321675499,
  "val_acc": 0.8292769586072126,
  "val_f1": 0.8276851353774431,
  "test_loss": 0.655368256778898,
  "test_acc": 0.8455284552845529,
  "test_f1": 0.8394366197183099
}
[2023-05-03 08:42:24] [LSTM-h512-l2-ini_kaiming] is finished at [epoch 9/20], result:{
  "tr_loss": 0.021457254343099558,
  "tr_acc": 0.995049504950495,
  "tr_f1": 0.9950447970368888,
  "val_loss": 0.760619636068475,
  "val_acc": 0.8296322615029312,
  "val_f1": 0.8266763058015543,
  "test_loss": 0.7563833832781166,
  "test_acc": 0.8319783197831978,
  "test_f1": 0.8248587570621468
}
[2023-05-03 08:44:54] [MLP-h[512, 256, 128, 16]-ini_xavier] is finished at [epoch 10/10], result:{
  "tr_loss": 0.3327348067833431,
  "tr_acc": 0.8564356435643564,
  "tr_f1": 0.8555035482409784,
  "val_loss": 0.5228311926798872,
  "val_acc": 0.7445372179783265,
  "val_f1": 0.7800550627103091,
  "test_loss": 0.5208234331472134,
  "test_acc": 0.7615176151761518,
  "test_f1": 0.7914691943127963
}
[2023-05-03 08:48:27] [TextCNN-ks[3, 5]-kn20-ini_None] is finished at [epoch 20/20], result:{
  "tr_loss": 0.14422717672882707,
  "tr_acc": 0.9515451545154515,
  "tr_f1": 0.9513187641296158,
  "val_loss": 0.41470845560130437,
  "val_acc": 0.8095576478948303,
  "val_f1": 0.8114004222378608,
  "test_loss": 0.40713503108761173,
  "test_acc": 0.8184281842818428,
  "test_f1": 0.8164383561643836
}
[2023-05-03 08:51:55] [TextCNN-ks[3, 5, 7, 9]-kn8-ini_kaiming] is finished at [epoch 16/20], result:{
  "tr_loss": 0.1581835202758748,
  "tr_acc": 0.9454445444544455,
  "tr_f1": 0.945294088151231,
  "val_loss": 0.40662146999645793,
  "val_acc": 0.8166637058092023,
  "val_f1": 0.8172157279489903,
  "test_loss": 0.4121792381048849,
  "test_acc": 0.8238482384823849,
  "test_f1": 0.8169014084507042
}
[2023-05-03 09:33:15] [GRU-h256-l2-ini_kaiming] is finished at [epoch 8/20], result:{
  "tr_loss": 0.015549014168240541,
  "tr_acc": 0.9957495749574957,
  "tr_f1": 0.9957527607055414,
  "val_loss": 0.7986683311727746,
  "val_acc": 0.8298099129507905,
  "val_f1": 0.8302020560085076,
  "test_loss": 0.7272222985230831,
  "test_acc": 0.8319783197831978,
  "test_f1": 0.8277777777777777
}
[2023-05-03 10:06:45] [GRU-h128-l2-ini_xavier] is finished at [epoch 9/20], result:{
  "tr_loss": 0.0016147255650367173,
  "tr_acc": 0.9996999699969997,
  "tr_f1": 0.9997000000000001,
  "val_loss": 1.1567663162343778,
  "val_acc": 0.8248356724107302,
  "val_f1": 0.8241170174812701,
  "test_loss": 1.0225018507656345,
  "test_acc": 0.8319783197831978,
  "test_f1": 0.8287292817679557
}
[2023-05-03 10:36:34] [GRU-h128-l2-ini_None] is finished at [epoch 8/20], result:{
  "tr_loss": 0.0019297508613139802,
  "tr_acc": 0.9995999599959996,
  "tr_f1": 0.9996000000000002,
  "val_loss": 1.0613225769151653,
  "val_acc": 0.8266121868893231,
  "val_f1": 0.8278052223006352,
  "test_loss": 1.3424135417473027,
  "test_acc": 0.8319783197831978,
  "test_f1": 0.8296703296703298
}
[2023-05-03 10:39:06] [MLP-h[512, 256, 128, 64]-ini_kaiming] is finished at [epoch 10/10], result:{
  "tr_loss": 0.24775374073474477,
  "tr_acc": 0.8986898689868987,
  "tr_f1": 0.8984053755892087,
  "val_loss": 0.5094761763950673,
  "val_acc": 0.7546633505063066,
  "val_f1": 0.7793577248761783,
  "test_loss": 0.490298623315041,
  "test_acc": 0.7723577235772358,
  "test_f1": 0.7931034482758621
}
[2023-05-03 11:49:02] [GRU-h256-l4-ini_xavier] is finished at [epoch 7/20], result:{
  "tr_loss": 0.6934191274790779,
  "tr_acc": 0.5,
  "tr_f1": 0.23990877993158496,
  "val_loss": 0.6935262515714736,
  "val_acc": 0.49298276780955763,
  "val_f1": 0.5399742101869761,
  "test_loss": 0.7213774916279284,
  "test_acc": 0.45528455284552843,
  "test_f1": 0.4779220779220779
}
[2023-05-03 11:51:37] [MLP-h[512, 256, 128, 64]-ini_xavier] is finished at [epoch 10/10], result:{
  "tr_loss": 0.23666140442789166,
  "tr_acc": 0.9044904490449045,
  "tr_f1": 0.904423538831065,
  "val_loss": 0.4812881412462054,
  "val_acc": 0.7756262213537041,
  "val_f1": 0.786979254511722,
  "test_loss": 0.5064770264354178,
  "test_acc": 0.7940379403794038,
  "test_f1": 0.8010471204188482
}
[2023-05-03 11:55:04] [TextCNN-ks[3, 5, 7]-kn2-ini_kaiming] is finished at [epoch 19/20], result:{
  "tr_loss": 0.31973669714111724,
  "tr_acc": 0.8758375837583758,
  "tr_f1": 0.8704409079050353,
  "val_loss": 0.5065781019322295,
  "val_acc": 0.7559069106413218,
  "val_f1": 0.7631034482758621,
  "test_loss": 0.4868495173570586,
  "test_acc": 0.7913279132791328,
  "test_f1": 0.7989556135770235
}
[2023-05-03 12:52:18] [GRU-h128-l4-ini_None] is finished at [epoch 8/20], result:{
  "tr_loss": 0.010043655370440063,
  "tr_acc": 0.9983998399839984,
  "tr_f1": 0.9984004798560432,
  "val_loss": 0.8659064770704488,
  "val_acc": 0.8244803695150116,
  "val_f1": 0.8300653594771241,
  "test_loss": 0.8272315222886075,
  "test_acc": 0.8428184281842819,
  "test_f1": 0.8457446808510638
}
[2023-05-03 13:14:30] [LSTM-h512-l1-ini_None] is finished at [epoch 8/20], result:{
  "tr_loss": 0.00976153374963384,
  "tr_acc": 0.9978997899789979,
  "tr_f1": 0.9979,
  "val_loss": 0.8814802770313425,
  "val_acc": 0.8248356724107302,
  "val_f1": 0.821376811594203,
  "test_loss": 0.8446119083621637,
  "test_acc": 0.8184281842818428,
  "test_f1": 0.8101983002832861
}
[2023-05-03 14:13:26] [LSTM-h512-l2-ini_None] is finished at [epoch 8/20], result:{
  "tr_loss": 0.013001911848286956,
  "tr_acc": 0.9972997299729973,
  "tr_f1": 0.997299189756927,
  "val_loss": 0.8759068914737601,
  "val_acc": 0.8218155977971221,
  "val_f1": 0.8226975428672441,
  "test_loss": 0.9109056884357276,
  "test_acc": 0.8184281842818428,
  "test_f1": 0.8213333333333332
}
[2023-05-03 15:24:19] [LSTM-h512-l2-ini_xavier] is finished at [epoch 8/20], result:{
  "tr_loss": 0.008762960258541898,
  "tr_acc": 0.9984498449844984,
  "tr_f1": 0.9984493021859836,
  "val_loss": 0.8615548177227659,
  "val_acc": 0.8184402202877954,
  "val_f1": 0.8174347981421937,
  "test_loss": 1.0281904522319474,
  "test_acc": 0.8102981029810298,
  "test_f1": 0.8044692737430168
}
[2023-05-03 15:27:14] [TextCNN-ks[3, 5]-kn20-ini_kaiming] is finished at [epoch 17/20], result:{
  "tr_loss": 0.14065609163869106,
  "tr_acc": 0.9519451945194519,
  "tr_f1": 0.9517836536049369,
  "val_loss": 0.4097415860030892,
  "val_acc": 0.8118671167170013,
  "val_f1": 0.8141779259519214,
  "test_loss": 0.3831535221599951,
  "test_acc": 0.8211382113821138,
  "test_f1": 0.8216216216216217
}
[2023-05-03 15:30:22] [TextCNN-ks[3, 5, 7]-kn8-ini_xavier] is finished at [epoch 17/20], result:{
  "tr_loss": 0.18613801873771058,
  "tr_acc": 0.9306430643064306,
  "tr_f1": 0.9304517875946446,
  "val_loss": 0.4566037017427852,
  "val_acc": 0.7878841712559957,
  "val_f1": 0.7904527904527904,
  "test_loss": 0.4282432558736827,
  "test_acc": 0.8130081300813008,
  "test_f1": 0.8022922636103151
}
[2023-05-03 15:52:16] [GRU-h256-l1-ini_None] is finished at [epoch 8/20], result:{
  "tr_loss": 0.0007688458423972801,
  "tr_acc": 0.9998999899989999,
  "tr_f1": 0.9998999899989999,
  "val_loss": 1.3300111173162956,
  "val_acc": 0.8333629419079766,
  "val_f1": 0.8377162629757785,
  "test_loss": 1.1366639473250888,
  "test_acc": 0.8346883468834688,
  "test_f1": 0.8381962864721486
}
[2023-05-03 16:19:23] [LSTM-h256-l2-ini_xavier] is finished at [epoch 8/20], result:{
  "tr_loss": 0.008916211251135458,
  "tr_acc": 0.998049804980498,
  "tr_f1": 0.9980495123780945,
  "val_loss": 1.0326290393404882,
  "val_acc": 0.8243027180671523,
  "val_f1": 0.8228550958266165,
  "test_loss": 1.0456478175755115,
  "test_acc": 0.8265582655826558,
  "test_f1": 0.8160919540229885
}
[2023-05-03 16:24:11] [LSTM-h64-l1-ini_kaiming] is finished at [epoch 8/20], result:{
  "tr_loss": 0.010909695541473715,
  "tr_acc": 0.9975997599759976,
  "tr_f1": 0.9975990396158464,
  "val_loss": 1.0216906155475467,
  "val_acc": 0.8234144608278557,
  "val_f1": 0.8252461322081576,
  "test_loss": 0.8712184248456787,
  "test_acc": 0.8346883468834688,
  "test_f1": 0.8328767123287671
}
[2023-05-03 17:02:24] [GRU-h256-l2-ini_xavier] is finished at [epoch 7/20], result:{
  "tr_loss": 0.0040972612930768966,
  "tr_acc": 0.9992999299929993,
  "tr_f1": 0.9992999299929993,
  "val_loss": 0.921358020713119,
  "val_acc": 0.8296322615029312,
  "val_f1": 0.8311916916035907,
  "test_loss": 0.91156434713253,
  "test_acc": 0.8238482384823849,
  "test_f1": 0.8199445983379501
}
[2023-05-03 17:05:36] [TextCNN-ks[3, 5, 7, 9]-kn14-ini_kaiming] is finished at [epoch 15/20], result:{
  "tr_loss": 0.12470256254048642,
  "tr_acc": 0.9571457145714571,
  "tr_f1": 0.9570877772770517,
  "val_loss": 0.4211391098737759,
  "val_acc": 0.8077811334162374,
  "val_f1": 0.808631057658295,
  "test_loss": 0.3876020617601348,
  "test_acc": 0.7967479674796748,
  "test_f1": 0.7838616714697406
}
[2023-05-03 17:59:47] [GRU-h512-l2-ini_None] is finished at [epoch 8/20], result:{
  "tr_loss": 0.00219117976393436,
  "tr_acc": 0.9995999599959996,
  "tr_f1": 0.9996000000000002,
  "val_loss": 1.077773078986153,
  "val_acc": 0.827678095576479,
  "val_f1": 0.8292854628651883,
  "test_loss": 1.031698339118693,
  "test_acc": 0.8265582655826558,
  "test_f1": 0.825136612021858
}
[2023-05-03 18:26:52] [GRU-h512-l1-ini_None] is finished at [epoch 8/20], result:{
  "tr_loss": 0.004716748040250654,
  "tr_acc": 0.9988498849884988,
  "tr_f1": 0.9988497124281072,
  "val_loss": 1.1296561743206561,
  "val_acc": 0.8338958962515545,
  "val_f1": 0.8347764622724863,
  "test_loss": 1.104367052421963,
  "test_acc": 0.8157181571815718,
  "test_f1": 0.8152173913043478
}
[2023-05-03 19:06:49] [GRU-h64-l4-ini_kaiming] is finished at [epoch 8/20], result:{
  "tr_loss": 0.007840348765871922,
  "tr_acc": 0.9989498949894989,
  "tr_f1": 0.9989498424763715,
  "val_loss": 0.9093457369392264,
  "val_acc": 0.8246580209628709,
  "val_f1": 0.8275380045430719,
  "test_loss": 1.1301810816838973,
  "test_acc": 0.8373983739837398,
  "test_f1": 0.8360655737704918
}
[2023-05-03 19:09:04] [TextCNN-ks[3, 5, 7]-kn14-ini_kaiming] is finished at [epoch 11/20], result:{
  "tr_loss": 0.13146038090411347,
  "tr_acc": 0.9545454545454546,
  "tr_f1": 0.9545431814772216,
  "val_loss": 0.41917701236814986,
  "val_acc": 0.8079587848640967,
  "val_f1": 0.8069987502231745,
  "test_loss": 0.4230406600931473,
  "test_acc": 0.8184281842818428,
  "test_f1": 0.8080229226361032
}
[2023-05-03 19:11:34] [MLP-h[512, 256, 128, 32]-ini_xavier] is finished at [epoch 10/10], result:{
  "tr_loss": 0.2668059615753438,
  "tr_acc": 0.8882888288828883,
  "tr_f1": 0.8884784345047924,
  "val_loss": 0.5629135794020351,
  "val_acc": 0.750755018653402,
  "val_f1": 0.733826598368431,
  "test_loss": 0.5238303970192183,
  "test_acc": 0.7669376693766937,
  "test_f1": 0.7570621468926553
}
[2023-05-03 19:14:17] [TextCNN-ks[3, 5]-kn14-ini_None] is finished at [epoch 16/20], result:{
  "tr_loss": 0.163863556890419,
  "tr_acc": 0.9421442144214421,
  "tr_f1": 0.9415627051871307,
  "val_loss": 0.4245165381683171,
  "val_acc": 0.8086693906555339,
  "val_f1": 0.8118119867202516,
  "test_loss": 0.3836821482433536,
  "test_acc": 0.8401084010840109,
  "test_f1": 0.8409703504043127
}
[2023-05-03 19:17:14] [TextCNN-ks[3, 5, 7, 9]-kn2-ini_kaiming] is finished at [epoch 14/20], result:{
  "tr_loss": 0.22594652543164262,
  "tr_acc": 0.9215921592159216,
  "tr_f1": 0.9190834967488906,
  "val_loss": 0.4889275980664943,
  "val_acc": 0.7653224373778647,
  "val_f1": 0.7715718485215287,
  "test_loss": 0.5357713854409815,
  "test_acc": 0.7560975609756098,
  "test_f1": 0.7554347826086956
}
[2023-05-03 19:30:36] [LSTM-h128-l1-ini_kaiming] is finished at [epoch 9/20], result:{
  "tr_loss": 0.012051430039728075,
  "tr_acc": 0.9973497349734973,
  "tr_f1": 0.997349602440366,
  "val_loss": 0.9301787457147772,
  "val_acc": 0.8225262035885592,
  "val_f1": 0.8234670436472874,
  "test_loss": 0.7062916203242976,
  "test_acc": 0.8455284552845529,
  "test_f1": 0.8446866485013624
}
[2023-05-03 19:33:24] [TextCNN-ks[3, 5]-kn14-ini_xavier] is finished at [epoch 16/20], result:{
  "tr_loss": 0.17768796985716162,
  "tr_acc": 0.933993399339934,
  "tr_f1": 0.9337814788803049,
  "val_loss": 0.41275784130269244,
  "val_acc": 0.8115118138212827,
  "val_f1": 0.8129737352370878,
  "test_loss": 0.4058974881159258,
  "test_acc": 0.8130081300813008,
  "test_f1": 0.8109589041095892
}
[2023-05-03 19:37:18] [TextCNN-ks[3, 5, 7]-kn14-ini_xavier] is finished at [epoch 20/20], result:{
  "tr_loss": 0.13664465770237158,
  "tr_acc": 0.953045304530453,
  "tr_f1": 0.9530945601678404,
  "val_loss": 0.42237461085513506,
  "val_acc": 0.8038728015633327,
  "val_f1": 0.8066549912434325,
  "test_loss": 0.4031008401214269,
  "test_acc": 0.8238482384823849,
  "test_f1": 0.8209366391184573
}
[2023-05-03 19:39:51] [MLP-h[512, 256, 128, 32]-ini_None] is finished at [epoch 10/10], result:{
  "tr_loss": 0.31465105914344715,
  "tr_acc": 0.8657865786578658,
  "tr_f1": 0.8652069104057855,
  "val_loss": 0.503493737191793,
  "val_acc": 0.7635459228992716,
  "val_f1": 0.7916079536558636,
  "test_loss": 0.48382434903121574,
  "test_acc": 0.7533875338753387,
  "test_f1": 0.778588807785888
}
[2023-05-03 19:44:12] [TextCNN-ks[3, 5, 7, 9]-kn2-ini_None] is finished at [epoch 20/20], result:{
  "tr_loss": 0.26047720929326645,
  "tr_acc": 0.8958895889588959,
  "tr_f1": 0.897397989355411,
  "val_loss": 0.4613019482749333,
  "val_acc": 0.7923254574524783,
  "val_f1": 0.7884928532657861,
  "test_loss": 0.4265048516798149,
  "test_acc": 0.8319783197831978,
  "test_f1": 0.8258426966292135
}
[2023-05-03 19:47:49] [TextCNN-ks[3, 5, 7, 9]-kn20-ini_None] is finished at [epoch 15/20], result:{
  "tr_loss": 0.12055935934506389,
  "tr_acc": 0.9606960696069607,
  "tr_f1": 0.9607784431137724,
  "val_loss": 0.4055554387962909,
  "val_acc": 0.8175519630484989,
  "val_f1": 0.8165088440235841,
  "test_loss": 0.4098689969639145,
  "test_acc": 0.8157181571815718,
  "test_f1": 0.8142076502732241
}
[2023-05-03 20:30:09] [LSTM-h128-l4-ini_None] is finished at [epoch 9/20], result:{
  "tr_loss": 0.0389598415253034,
  "tr_acc": 0.9913991399139914,
  "tr_f1": 0.9913939757830481,
  "val_loss": 0.6648534031273481,
  "val_acc": 0.8266121868893231,
  "val_f1": 0.8288920056100982,
  "test_loss": 0.5827273444593114,
  "test_acc": 0.8428184281842819,
  "test_f1": 0.8415300546448087
}
[2023-05-03 20:45:49] [GRU-h128-l1-ini_None] is finished at [epoch 8/20], result:{
  "tr_loss": 0.00036058584189524104,
  "tr_acc": 0.9999499949995,
  "tr_f1": 0.9999499924988748,
  "val_loss": 1.391636721023965,
  "val_acc": 0.827678095576479,
  "val_f1": 0.8269093504639544,
  "test_loss": 1.0652184558068187,
  "test_acc": 0.8509485094850948,
  "test_f1": 0.8509485094850948
}
[2023-05-03 20:49:05] [TextCNN-ks[3, 5, 7, 9]-kn8-ini_xavier] is finished at [epoch 14/20], result:{
  "tr_loss": 0.18927538203875988,
  "tr_acc": 0.9322432243224322,
  "tr_f1": 0.9318033116915798,
  "val_loss": 0.4222037017948993,
  "val_acc": 0.8061822703855036,
  "val_f1": 0.8065945754298884,
  "test_loss": 0.4160871570349386,
  "test_acc": 0.8211382113821138,
  "test_f1": 0.8186813186813188
}
[2023-05-03 20:57:00] [LSTM-h64-l2-ini_xavier] is finished at [epoch 8/20], result:{
  "tr_loss": 0.01320961992537072,
  "tr_acc": 0.9975997599759976,
  "tr_f1": 0.9976002399760024,
  "val_loss": 0.8352521389494005,
  "val_acc": 0.8257239296500266,
  "val_f1": 0.8282863644319972,
  "test_loss": 0.8012105657802364,
  "test_acc": 0.8373983739837398,
  "test_f1": 0.8360655737704918
}
[2023-05-03 20:59:36] [MLP-h[512, 256, 128, 16]-ini_kaiming] is finished at [epoch 10/10], result:{
  "tr_loss": 0.3482601588571628,
  "tr_acc": 0.8483348334833484,
  "tr_f1": 0.8475802804161013,
  "val_loss": 0.5170367140608161,
  "val_acc": 0.7349440397939243,
  "val_f1": 0.7734588521105376,
  "test_loss": 0.5187846280048857,
  "test_acc": 0.7317073170731707,
  "test_f1": 0.7703016241299304
}
[2023-05-03 21:22:08] [LSTM-h128-l2-ini_kaiming] is finished at [epoch 9/20], result:{
  "tr_loss": 0.009424399610084592,
  "tr_acc": 0.997999799979998,
  "tr_f1": 0.998000199980002,
  "val_loss": 0.9168499051331832,
  "val_acc": 0.8221709006928406,
  "val_f1": 0.8165658786879237,
  "test_loss": 0.8912166428113695,
  "test_acc": 0.8265582655826558,
  "test_f1": 0.8150289017341041
}
[2023-05-03 21:36:31] [LSTM-h256-l1-ini_kaiming] is finished at [epoch 9/20], result:{
  "tr_loss": 0.007807461799281712,
  "tr_acc": 0.9983998399839984,
  "tr_f1": 0.9983996799359872,
  "val_loss": 1.0757468599747675,
  "val_acc": 0.8187955231835139,
  "val_f1": 0.8177920685959271,
  "test_loss": 0.9327304470264491,
  "test_acc": 0.8373983739837398,
  "test_f1": 0.8333333333333333
}
[2023-05-04 17:02:56] [MLP-h[512, 256, 128, 64]-ini_None] is finished at [epoch 10/10], result:{
  "tr_loss": 0.21687409870050076,
  "tr_acc": 0.9124912491249125,
  "tr_f1": 0.9121044701155199,
  "val_loss": 0.5284539455417885,
  "val_acc": 0.7297921478060047,
  "val_f1": 0.7728833806181874,
  "test_loss": 0.49857786192803527,
  "test_acc": 0.7479674796747967,
  "test_f1": 0.7852193995381062
}
[2023-05-04 17:04:34] [MLP-h[512, 256, 128, 64, 32]-ini_xavier] is finished at [epoch 7/10], result:{
  "tr_loss": 0.6932301166737386,
  "tr_acc": 0.498999899989999,
  "tr_f1": 0.110134114930278,
  "val_loss": 0.6945028028049357,
  "val_acc": 0.5004441286196483,
  "val_f1": 0.0,
  "test_loss": 0.7138336254006156,
  "test_acc": 0.4932249322493225,
  "test_f1": 0.0
}
[2023-05-04 17:06:16] [MLP-h[512, 256, 128, 64, 32, 16]-ini_xavier] is finished at [epoch 7/10], result:{
  "tr_loss": 0.6932295470347892,
  "tr_acc": 0.5,
  "tr_f1": 0.0,
  "val_loss": 0.6945050506063202,
  "val_acc": 0.5004441286196483,
  "val_f1": 0.0,
  "test_loss": 0.713853697143596,
  "test_acc": 0.4932249322493225,
  "test_f1": 0.0
}
[2023-05-04 17:08:35] [MLP-h[512, 256, 128, 64, 32, 16]-ini_kaiming] is finished at [epoch 10/10], result:{
  "tr_loss": 0.6932273278511552,
  "tr_acc": 0.5002000200020001,
  "tr_f1": 0.11368271703467234,
  "val_loss": 0.6945021117764905,
  "val_acc": 0.49955587138035173,
  "val_f1": 0.6662717687477786,
  "test_loss": 0.7138085817579978,
  "test_acc": 0.5067750677506775,
  "test_f1": 0.6726618705035972
}
[2023-05-04 17:10:51] [MLP-h[512, 256, 128, 64, 32]-ini_None] is finished at [epoch 10/10], result:{
  "tr_loss": 0.6932368278741861,
  "tr_acc": 0.4963996399639964,
  "tr_f1": 0.4709775699952724,
  "val_loss": 0.6945025031404398,
  "val_acc": 0.49955587138035173,
  "val_f1": 0.6662717687477786,
  "test_loss": 0.7137976493938829,
  "test_acc": 0.5067750677506775,
  "test_f1": 0.6726618705035972
}
[2023-05-04 17:12:57] [MLP-h[512, 256, 128, 64]-ini_kaiming] is finished at [epoch 10/10], result:{
  "tr_loss": 0.20594756678827214,
  "tr_acc": 0.9177917791779178,
  "tr_f1": 0.9172955025656504,
  "val_loss": 0.731229078528258,
  "val_acc": 0.713448214602949,
  "val_f1": 0.7420438189668959,
  "test_loss": 0.6964105561496766,
  "test_acc": 0.7452574525745257,
  "test_f1": 0.7696078431372549
}
[2023-05-04 17:14:53] [MLP-h[512, 256, 128, 64]-ini_xavier] is finished at [epoch 9/10], result:{
  "tr_loss": 0.22121339832598452,
  "tr_acc": 0.9115411541154116,
  "tr_f1": 0.9111546381397218,
  "val_loss": 0.4708415629872634,
  "val_acc": 0.7832652336116539,
  "val_f1": 0.7992100065832783,
  "test_loss": 0.47917242295696805,
  "test_acc": 0.7967479674796748,
  "test_f1": 0.8081841432225064
}
[2023-05-04 17:16:30] [MLP-h[512, 256, 128, 64, 32, 16]-ini_None] is finished at [epoch 7/10], result:{
  "tr_loss": 0.6932248169332161,
  "tr_acc": 0.5,
  "tr_f1": 0.6666666666666666,
  "val_loss": 0.694502445325311,
  "val_acc": 0.49955587138035173,
  "val_f1": 0.6662717687477786,
  "test_loss": 0.7138090017365246,
  "test_acc": 0.5067750677506775,
  "test_f1": 0.6726618705035972
}
[2023-05-04 17:18:08] [MLP-h[512, 256, 128, 64, 32]-ini_kaiming] is finished at [epoch 7/10], result:{
  "tr_loss": 0.6932344972783296,
  "tr_acc": 0.5,
  "tr_f1": 0.6666666666666666,
  "val_loss": 0.6945075353861999,
  "val_acc": 0.49955587138035173,
  "val_f1": 0.6662717687477786,
  "test_loss": 0.7137667680497415,
  "test_acc": 0.5067750677506775,
  "test_f1": 0.6726618705035972
}
