[2023-05-02 20:46:52] Train Epoch: 1 [0/20000 (0.0%)]	Loss: 0.7100216746330261
[2023-05-02 20:46:52] Train Epoch: 1 [800/20000 (4.0%)]	Loss: 0.6346636414527893
[2023-05-02 20:46:52] Train Epoch: 1 [1600/20000 (8.0%)]	Loss: 0.6258546113967896
[2023-05-02 20:46:52] Train Epoch: 1 [2400/20000 (12.0%)]	Loss: 0.6395095586776733
[2023-05-02 20:46:53] Train Epoch: 1 [3200/20000 (16.0%)]	Loss: 0.6968410015106201
[2023-05-02 20:46:53] Train Epoch: 1 [4000/20000 (20.0%)]	Loss: 0.7377851009368896
[2023-05-02 20:46:53] Train Epoch: 1 [4800/20000 (24.0%)]	Loss: 0.678225040435791
[2023-05-02 20:46:53] Train Epoch: 1 [5600/20000 (28.0%)]	Loss: 0.6720860004425049
[2023-05-02 20:46:54] Train Epoch: 1 [6400/20000 (32.0%)]	Loss: 0.6550517082214355
[2023-05-02 20:46:54] Train Epoch: 1 [7200/20000 (36.0%)]	Loss: 0.7375527620315552
[2023-05-02 20:46:54] Train Epoch: 1 [8000/20000 (40.0%)]	Loss: 0.7170330882072449
[2023-05-02 20:46:54] Train Epoch: 1 [8800/20000 (44.0%)]	Loss: 0.6189776062965393
[2023-05-02 20:46:55] Train Epoch: 1 [9600/20000 (48.0%)]	Loss: 0.6619593501091003
[2023-05-02 20:46:55] Train Epoch: 1 [10400/20000 (52.0%)]	Loss: 0.6260477900505066
[2023-05-02 20:46:55] Train Epoch: 1 [11200/20000 (56.0%)]	Loss: 0.6019293069839478
[2023-05-02 20:46:55] Train Epoch: 1 [12000/20000 (60.0%)]	Loss: 0.645115315914154
[2023-05-02 20:46:56] Train Epoch: 1 [12800/20000 (64.0%)]	Loss: 0.6098434925079346
[2023-05-02 20:46:56] Train Epoch: 1 [13600/20000 (68.0%)]	Loss: 0.6279723048210144
[2023-05-02 20:46:56] Train Epoch: 1 [14400/20000 (72.0%)]	Loss: 0.5853405594825745
[2023-05-02 20:46:56] Train Epoch: 1 [15200/20000 (76.0%)]	Loss: 0.5822155475616455
[2023-05-02 20:46:57] Train Epoch: 1 [16000/20000 (80.0%)]	Loss: 0.6093918085098267
[2023-05-02 20:46:57] Train Epoch: 1 [16800/20000 (84.0%)]	Loss: 0.6470381617546082
[2023-05-02 20:46:57] Train Epoch: 1 [17600/20000 (88.0%)]	Loss: 0.5727614164352417
[2023-05-02 20:46:57] Train Epoch: 1 [18400/20000 (92.0%)]	Loss: 0.5699731707572937
[2023-05-02 20:46:57] Train Epoch: 1 [19200/20000 (96.0%)]	Loss: 0.6309933066368103
[2023-05-02 20:47:01] ========== Metrics ==========
[2023-05-02 20:47:01] {
  "tr_loss": 0.6623704881236033,
  "tr_acc": 0.600960096009601,
  "tr_f1": 0.6156439649359406,
  "val_loss": 0.590384807102124,
  "val_acc": 0.7488008527269497,
  "val_f1": 0.7104832104832106,
  "test_loss": 0.6165694919058947,
  "test_acc": 0.7289972899728997,
  "test_f1": 0.6753246753246753
}
[2023-05-02 20:47:01] ========== Metrics ==========
[2023-05-02 20:47:02] Train Epoch: 2 [0/20000 (0.0%)]	Loss: 0.5586146712303162
[2023-05-02 20:47:03] Train Epoch: 2 [800/20000 (4.0%)]	Loss: 0.5201237797737122
[2023-05-02 20:47:03] Train Epoch: 2 [1600/20000 (8.0%)]	Loss: 0.46826642751693726
[2023-05-02 20:47:03] Train Epoch: 2 [2400/20000 (12.0%)]	Loss: 0.5452146530151367
[2023-05-02 20:47:03] Train Epoch: 2 [3200/20000 (16.0%)]	Loss: 0.42182275652885437
[2023-05-02 20:47:04] Train Epoch: 2 [4000/20000 (20.0%)]	Loss: 0.5822109580039978
[2023-05-02 20:47:04] Train Epoch: 2 [4800/20000 (24.0%)]	Loss: 0.5332965850830078
[2023-05-02 20:47:04] Train Epoch: 2 [5600/20000 (28.0%)]	Loss: 0.47579145431518555
[2023-05-02 20:47:04] Train Epoch: 2 [6400/20000 (32.0%)]	Loss: 0.4366486966609955
[2023-05-02 20:47:05] Train Epoch: 2 [7200/20000 (36.0%)]	Loss: 0.5423520803451538
[2023-05-02 20:47:05] Train Epoch: 2 [8000/20000 (40.0%)]	Loss: 0.5435945987701416
[2023-05-02 20:47:05] Train Epoch: 2 [8800/20000 (44.0%)]	Loss: 0.36034560203552246
[2023-05-02 20:47:05] Train Epoch: 2 [9600/20000 (48.0%)]	Loss: 0.2969350218772888
[2023-05-02 20:47:05] Train Epoch: 2 [10400/20000 (52.0%)]	Loss: 0.5047199130058289
[2023-05-02 20:47:06] Train Epoch: 2 [11200/20000 (56.0%)]	Loss: 0.45332950353622437
[2023-05-02 20:47:06] Train Epoch: 2 [12000/20000 (60.0%)]	Loss: 0.5201207399368286
[2023-05-02 20:47:06] Train Epoch: 2 [12800/20000 (64.0%)]	Loss: 0.5198485851287842
[2023-05-02 20:47:06] Train Epoch: 2 [13600/20000 (68.0%)]	Loss: 0.5605003833770752
[2023-05-02 20:47:07] Train Epoch: 2 [14400/20000 (72.0%)]	Loss: 0.5061327815055847
[2023-05-02 20:47:07] Train Epoch: 2 [15200/20000 (76.0%)]	Loss: 0.37683844566345215
[2023-05-02 20:47:07] Train Epoch: 2 [16000/20000 (80.0%)]	Loss: 0.4030933082103729
[2023-05-02 20:47:07] Train Epoch: 2 [16800/20000 (84.0%)]	Loss: 0.2845214307308197
[2023-05-02 20:47:08] Train Epoch: 2 [17600/20000 (88.0%)]	Loss: 0.4349321126937866
[2023-05-02 20:47:08] Train Epoch: 2 [18400/20000 (92.0%)]	Loss: 0.7053720951080322
[2023-05-02 20:47:08] Train Epoch: 2 [19200/20000 (96.0%)]	Loss: 0.4187913239002228
[2023-05-02 20:47:12] ========== Metrics ==========
[2023-05-02 20:47:12] {
  "tr_loss": 0.5026381871428224,
  "tr_acc": 0.7713771377137714,
  "tr_f1": 0.7687171185754755,
  "val_loss": 0.47779919415431754,
  "val_acc": 0.7910818973174631,
  "val_f1": 0.7878787878787878,
  "test_loss": 0.47645705889880174,
  "test_acc": 0.8021680216802168,
  "test_f1": 0.7884057971014493
}
[2023-05-02 20:47:12] ========== Metrics ==========
[2023-05-02 20:47:13] Train Epoch: 3 [0/20000 (0.0%)]	Loss: 0.3826156556606293
[2023-05-02 20:47:13] Train Epoch: 3 [800/20000 (4.0%)]	Loss: 0.5294023752212524
[2023-05-02 20:47:13] Train Epoch: 3 [1600/20000 (8.0%)]	Loss: 0.28132885694503784
[2023-05-02 20:47:14] Train Epoch: 3 [2400/20000 (12.0%)]	Loss: 0.341918408870697
[2023-05-02 20:47:14] Train Epoch: 3 [3200/20000 (16.0%)]	Loss: 0.3830846846103668
[2023-05-02 20:47:14] Train Epoch: 3 [4000/20000 (20.0%)]	Loss: 0.6433811187744141
[2023-05-02 20:47:14] Train Epoch: 3 [4800/20000 (24.0%)]	Loss: 0.345078706741333
[2023-05-02 20:47:15] Train Epoch: 3 [5600/20000 (28.0%)]	Loss: 0.4023764133453369
[2023-05-02 20:47:15] Train Epoch: 3 [6400/20000 (32.0%)]	Loss: 0.2766839265823364
[2023-05-02 20:47:15] Train Epoch: 3 [7200/20000 (36.0%)]	Loss: 0.3225264847278595
[2023-05-02 20:47:15] Train Epoch: 3 [8000/20000 (40.0%)]	Loss: 0.28387928009033203
[2023-05-02 20:47:16] Train Epoch: 3 [8800/20000 (44.0%)]	Loss: 0.3764946460723877
[2023-05-02 20:47:16] Train Epoch: 3 [9600/20000 (48.0%)]	Loss: 0.38196858763694763
[2023-05-02 20:47:16] Train Epoch: 3 [10400/20000 (52.0%)]	Loss: 0.21034708619117737
[2023-05-02 20:47:16] Train Epoch: 3 [11200/20000 (56.0%)]	Loss: 0.38532814383506775
[2023-05-02 20:47:17] Train Epoch: 3 [12000/20000 (60.0%)]	Loss: 0.3338645100593567
[2023-05-02 20:47:17] Train Epoch: 3 [12800/20000 (64.0%)]	Loss: 0.36103200912475586
[2023-05-02 20:47:17] Train Epoch: 3 [13600/20000 (68.0%)]	Loss: 0.24840058386325836
[2023-05-02 20:47:17] Train Epoch: 3 [14400/20000 (72.0%)]	Loss: 0.2028527855873108
[2023-05-02 20:47:18] Train Epoch: 3 [15200/20000 (76.0%)]	Loss: 0.2016008496284485
[2023-05-02 20:47:18] Train Epoch: 3 [16000/20000 (80.0%)]	Loss: 0.19375480711460114
[2023-05-02 20:47:18] Train Epoch: 3 [16800/20000 (84.0%)]	Loss: 0.18132135272026062
[2023-05-02 20:47:18] Train Epoch: 3 [17600/20000 (88.0%)]	Loss: 0.3506118059158325
[2023-05-02 20:47:18] Train Epoch: 3 [18400/20000 (92.0%)]	Loss: 0.4215136170387268
[2023-05-02 20:47:19] Train Epoch: 3 [19200/20000 (96.0%)]	Loss: 0.37207481265068054
[2023-05-02 20:47:22] ========== Metrics ==========
[2023-05-02 20:47:22] {
  "tr_loss": 0.36069776627621375,
  "tr_acc": 0.8538353835383539,
  "tr_f1": 0.8529899914499823,
  "val_loss": 0.43656938218757,
  "val_acc": 0.8092023449991117,
  "val_f1": 0.8095069173465769,
  "test_loss": 0.43162506447251897,
  "test_acc": 0.8075880758807588,
  "test_f1": 0.7942028985507246
}
[2023-05-02 20:47:22] ========== Metrics ==========
[2023-05-02 20:47:23] Train Epoch: 4 [0/20000 (0.0%)]	Loss: 0.17763158679008484
[2023-05-02 20:47:24] Train Epoch: 4 [800/20000 (4.0%)]	Loss: 0.26348593831062317
[2023-05-02 20:47:24] Train Epoch: 4 [1600/20000 (8.0%)]	Loss: 0.2105807363986969
[2023-05-02 20:47:24] Train Epoch: 4 [2400/20000 (12.0%)]	Loss: 0.23010487854480743
[2023-05-02 20:47:24] Train Epoch: 4 [3200/20000 (16.0%)]	Loss: 0.2779490351676941
[2023-05-02 20:47:24] Train Epoch: 4 [4000/20000 (20.0%)]	Loss: 0.4117235243320465
[2023-05-02 20:47:25] Train Epoch: 4 [4800/20000 (24.0%)]	Loss: 0.16774910688400269
[2023-05-02 20:47:25] Train Epoch: 4 [5600/20000 (28.0%)]	Loss: 0.15243875980377197
[2023-05-02 20:47:25] Train Epoch: 4 [6400/20000 (32.0%)]	Loss: 0.2427857667207718
[2023-05-02 20:47:25] Train Epoch: 4 [7200/20000 (36.0%)]	Loss: 0.4093751311302185
[2023-05-02 20:47:26] Train Epoch: 4 [8000/20000 (40.0%)]	Loss: 0.5373452305793762
[2023-05-02 20:47:26] Train Epoch: 4 [8800/20000 (44.0%)]	Loss: 0.19641263782978058
[2023-05-02 20:47:26] Train Epoch: 4 [9600/20000 (48.0%)]	Loss: 0.34101927280426025
[2023-05-02 20:47:26] Train Epoch: 4 [10400/20000 (52.0%)]	Loss: 0.21139375865459442
[2023-05-02 20:47:27] Train Epoch: 4 [11200/20000 (56.0%)]	Loss: 0.11657767742872238
[2023-05-02 20:47:27] Train Epoch: 4 [12000/20000 (60.0%)]	Loss: 0.3762145936489105
[2023-05-02 20:47:27] Train Epoch: 4 [12800/20000 (64.0%)]	Loss: 0.20504851639270782
[2023-05-02 20:47:27] Train Epoch: 4 [13600/20000 (68.0%)]	Loss: 0.21225181221961975
[2023-05-02 20:47:27] Train Epoch: 4 [14400/20000 (72.0%)]	Loss: 0.2633262276649475
[2023-05-02 20:47:28] Train Epoch: 4 [15200/20000 (76.0%)]	Loss: 0.2815812826156616
[2023-05-02 20:47:28] Train Epoch: 4 [16000/20000 (80.0%)]	Loss: 0.47115132212638855
[2023-05-02 20:47:28] Train Epoch: 4 [16800/20000 (84.0%)]	Loss: 0.1412549912929535
[2023-05-02 20:47:28] Train Epoch: 4 [17600/20000 (88.0%)]	Loss: 0.2802722156047821
[2023-05-02 20:47:29] Train Epoch: 4 [18400/20000 (92.0%)]	Loss: 0.24871566891670227
[2023-05-02 20:47:29] Train Epoch: 4 [19200/20000 (96.0%)]	Loss: 0.22191715240478516
[2023-05-02 20:47:33] ========== Metrics ==========
[2023-05-02 20:47:33] {
  "tr_loss": 0.26595787302066426,
  "tr_acc": 0.8975397539753975,
  "tr_f1": 0.8974115055324688,
  "val_loss": 0.42049301172535336,
  "val_acc": 0.8148871913306094,
  "val_f1": 0.8086669114946751,
  "test_loss": 0.5112629408435769,
  "test_acc": 0.8211382113821138,
  "test_f1": 0.8058823529411764
}
[2023-05-02 20:47:33] ========== Metrics ==========
[2023-05-02 20:47:34] Train Epoch: 5 [0/20000 (0.0%)]	Loss: 0.3841520845890045
[2023-05-02 20:47:34] Train Epoch: 5 [800/20000 (4.0%)]	Loss: 0.200525164604187
[2023-05-02 20:47:34] Train Epoch: 5 [1600/20000 (8.0%)]	Loss: 0.4903585612773895
[2023-05-02 20:47:34] Train Epoch: 5 [2400/20000 (12.0%)]	Loss: 0.1685546636581421
[2023-05-02 20:47:35] Train Epoch: 5 [3200/20000 (16.0%)]	Loss: 0.1277913600206375
[2023-05-02 20:47:35] Train Epoch: 5 [4000/20000 (20.0%)]	Loss: 0.20832933485507965
[2023-05-02 20:47:35] Train Epoch: 5 [4800/20000 (24.0%)]	Loss: 0.10946889221668243
[2023-05-02 20:47:35] Train Epoch: 5 [5600/20000 (28.0%)]	Loss: 0.19631318747997284
[2023-05-02 20:47:36] Train Epoch: 5 [6400/20000 (32.0%)]	Loss: 0.18471474945545197
[2023-05-02 20:47:36] Train Epoch: 5 [7200/20000 (36.0%)]	Loss: 0.1208290383219719
[2023-05-02 20:47:36] Train Epoch: 5 [8000/20000 (40.0%)]	Loss: 0.35092926025390625
[2023-05-02 20:47:36] Train Epoch: 5 [8800/20000 (44.0%)]	Loss: 0.2588212192058563
[2023-05-02 20:47:37] Train Epoch: 5 [9600/20000 (48.0%)]	Loss: 0.2100909799337387
[2023-05-02 20:47:37] Train Epoch: 5 [10400/20000 (52.0%)]	Loss: 0.2292538285255432
[2023-05-02 20:47:37] Train Epoch: 5 [11200/20000 (56.0%)]	Loss: 0.13049480319023132
[2023-05-02 20:47:37] Train Epoch: 5 [12000/20000 (60.0%)]	Loss: 0.16844958066940308
[2023-05-02 20:47:37] Train Epoch: 5 [12800/20000 (64.0%)]	Loss: 0.18814639747142792
[2023-05-02 20:47:38] Train Epoch: 5 [13600/20000 (68.0%)]	Loss: 0.16143280267715454
[2023-05-02 20:47:38] Train Epoch: 5 [14400/20000 (72.0%)]	Loss: 0.18274140357971191
[2023-05-02 20:47:38] Train Epoch: 5 [15200/20000 (76.0%)]	Loss: 0.10094429552555084
[2023-05-02 20:47:38] Train Epoch: 5 [16000/20000 (80.0%)]	Loss: 0.12082396447658539
[2023-05-02 20:47:39] Train Epoch: 5 [16800/20000 (84.0%)]	Loss: 0.0720645859837532
[2023-05-02 20:47:39] Train Epoch: 5 [17600/20000 (88.0%)]	Loss: 0.18152651190757751
[2023-05-02 20:47:39] Train Epoch: 5 [18400/20000 (92.0%)]	Loss: 0.20750251412391663
[2023-05-02 20:47:39] Train Epoch: 5 [19200/20000 (96.0%)]	Loss: 0.1894007921218872
[2023-05-02 20:47:43] ========== Metrics ==========
[2023-05-02 20:47:43] {
  "tr_loss": 0.20087063346508563,
  "tr_acc": 0.9241924192419242,
  "tr_f1": 0.9240100250626567,
  "val_loss": 0.41087051860221774,
  "val_acc": 0.8168413572570616,
  "val_f1": 0.8145349883072495,
  "test_loss": 0.43972848779786894,
  "test_acc": 0.8130081300813008,
  "test_f1": 0.7976539589442815
}
[2023-05-02 20:47:43] ========== Metrics ==========
[2023-05-02 20:47:44] Train Epoch: 6 [0/20000 (0.0%)]	Loss: 0.11150360852479935
[2023-05-02 20:47:44] Train Epoch: 6 [800/20000 (4.0%)]	Loss: 0.060670796781778336
[2023-05-02 20:47:45] Train Epoch: 6 [1600/20000 (8.0%)]	Loss: 0.06882719695568085
[2023-05-02 20:47:45] Train Epoch: 6 [2400/20000 (12.0%)]	Loss: 0.15168039500713348
[2023-05-02 20:47:45] Train Epoch: 6 [3200/20000 (16.0%)]	Loss: 0.10708427429199219
[2023-05-02 20:47:45] Train Epoch: 6 [4000/20000 (20.0%)]	Loss: 0.24254411458969116
[2023-05-02 20:47:46] Train Epoch: 6 [4800/20000 (24.0%)]	Loss: 0.09439548850059509
[2023-05-02 20:47:46] Train Epoch: 6 [5600/20000 (28.0%)]	Loss: 0.21386630833148956
[2023-05-02 20:47:46] Train Epoch: 6 [6400/20000 (32.0%)]	Loss: 0.031642623245716095
[2023-05-02 20:47:46] Train Epoch: 6 [7200/20000 (36.0%)]	Loss: 0.11372924596071243
[2023-05-02 20:47:47] Train Epoch: 6 [8000/20000 (40.0%)]	Loss: 0.13473904132843018
[2023-05-02 20:47:47] Train Epoch: 6 [8800/20000 (44.0%)]	Loss: 0.1408662497997284
[2023-05-02 20:47:47] Train Epoch: 6 [9600/20000 (48.0%)]	Loss: 0.10974622517824173
[2023-05-02 20:47:47] Train Epoch: 6 [10400/20000 (52.0%)]	Loss: 0.29560789465904236
[2023-05-02 20:47:48] Train Epoch: 6 [11200/20000 (56.0%)]	Loss: 0.23360279202461243
[2023-05-02 20:47:48] Train Epoch: 6 [12000/20000 (60.0%)]	Loss: 0.15689003467559814
[2023-05-02 20:47:48] Train Epoch: 6 [12800/20000 (64.0%)]	Loss: 0.27835193276405334
[2023-05-02 20:47:48] Train Epoch: 6 [13600/20000 (68.0%)]	Loss: 0.14549677073955536
[2023-05-02 20:47:49] Train Epoch: 6 [14400/20000 (72.0%)]	Loss: 0.041021473705768585
[2023-05-02 20:47:49] Train Epoch: 6 [15200/20000 (76.0%)]	Loss: 0.08254312723875046
[2023-05-02 20:47:49] Train Epoch: 6 [16000/20000 (80.0%)]	Loss: 0.2962353527545929
[2023-05-02 20:47:49] Train Epoch: 6 [16800/20000 (84.0%)]	Loss: 0.33304500579833984
[2023-05-02 20:47:50] Train Epoch: 6 [17600/20000 (88.0%)]	Loss: 0.08222691714763641
[2023-05-02 20:47:50] Train Epoch: 6 [18400/20000 (92.0%)]	Loss: 0.11317473649978638
[2023-05-02 20:47:50] Train Epoch: 6 [19200/20000 (96.0%)]	Loss: 0.18552280962467194
[2023-05-02 20:47:54] ========== Metrics ==========
[2023-05-02 20:47:54] {
  "tr_loss": 0.1494215570493798,
  "tr_acc": 0.9499449944994499,
  "tr_f1": 0.9497616060225847,
  "val_loss": 0.4109691200808662,
  "val_acc": 0.8147095398827501,
  "val_f1": 0.8149725031044881,
  "test_loss": 0.4236068660973856,
  "test_acc": 0.8102981029810298,
  "test_f1": 0.7965116279069768
}
[2023-05-02 20:47:54] ========== Metrics ==========
[2023-05-02 20:47:55] Train Epoch: 7 [0/20000 (0.0%)]	Loss: 0.09938423335552216
[2023-05-02 20:47:55] Train Epoch: 7 [800/20000 (4.0%)]	Loss: 0.11564072221517563
[2023-05-02 20:47:55] Train Epoch: 7 [1600/20000 (8.0%)]	Loss: 0.09324310719966888
[2023-05-02 20:47:56] Train Epoch: 7 [2400/20000 (12.0%)]	Loss: 0.11419391632080078
[2023-05-02 20:47:56] Train Epoch: 7 [3200/20000 (16.0%)]	Loss: 0.07365688681602478
[2023-05-02 20:47:56] Train Epoch: 7 [4000/20000 (20.0%)]	Loss: 0.0839424729347229
[2023-05-02 20:47:56] Train Epoch: 7 [4800/20000 (24.0%)]	Loss: 0.23971116542816162
[2023-05-02 20:47:56] Train Epoch: 7 [5600/20000 (28.0%)]	Loss: 0.11573688685894012
[2023-05-02 20:47:57] Train Epoch: 7 [6400/20000 (32.0%)]	Loss: 0.12606438994407654
[2023-05-02 20:47:57] Train Epoch: 7 [7200/20000 (36.0%)]	Loss: 0.13101527094841003
[2023-05-02 20:47:57] Train Epoch: 7 [8000/20000 (40.0%)]	Loss: 0.13823573291301727
[2023-05-02 20:47:57] Train Epoch: 7 [8800/20000 (44.0%)]	Loss: 0.08977151662111282
[2023-05-02 20:47:58] Train Epoch: 7 [9600/20000 (48.0%)]	Loss: 0.1850549727678299
[2023-05-02 20:47:58] Train Epoch: 7 [10400/20000 (52.0%)]	Loss: 0.04038267955183983
[2023-05-02 20:47:58] Train Epoch: 7 [11200/20000 (56.0%)]	Loss: 0.08429092913866043
[2023-05-02 20:47:58] Train Epoch: 7 [12000/20000 (60.0%)]	Loss: 0.05363589525222778
[2023-05-02 20:47:59] Train Epoch: 7 [12800/20000 (64.0%)]	Loss: 0.14952713251113892
[2023-05-02 20:47:59] Train Epoch: 7 [13600/20000 (68.0%)]	Loss: 0.2694278657436371
[2023-05-02 20:47:59] Train Epoch: 7 [14400/20000 (72.0%)]	Loss: 0.08694636076688766
[2023-05-02 20:47:59] Train Epoch: 7 [15200/20000 (76.0%)]	Loss: 0.1549176722764969
[2023-05-02 20:48:00] Train Epoch: 7 [16000/20000 (80.0%)]	Loss: 0.21674858033657074
[2023-05-02 20:48:00] Train Epoch: 7 [16800/20000 (84.0%)]	Loss: 0.3145158290863037
[2023-05-02 20:48:00] Train Epoch: 7 [17600/20000 (88.0%)]	Loss: 0.07905107736587524
[2023-05-02 20:48:00] Train Epoch: 7 [18400/20000 (92.0%)]	Loss: 0.09247227013111115
[2023-05-02 20:48:01] Train Epoch: 7 [19200/20000 (96.0%)]	Loss: 0.22292666137218475
[2023-05-02 20:48:04] ========== Metrics ==========
[2023-05-02 20:48:04] {
  "tr_loss": 0.14194547929296686,
  "tr_acc": 0.9510451045104511,
  "tr_f1": 0.9509297779559923,
  "val_loss": 0.41091253063271704,
  "val_acc": 0.8159531000177651,
  "val_f1": 0.8153297682709447,
  "test_loss": 0.40636393532843446,
  "test_acc": 0.8102981029810298,
  "test_f1": 0.7953216374269007
}
[2023-05-02 20:48:04] ========== Metrics ==========
[2023-05-02 20:48:05] Train Epoch: 8 [0/20000 (0.0%)]	Loss: 0.11318410187959671
[2023-05-02 20:48:06] Train Epoch: 8 [800/20000 (4.0%)]	Loss: 0.024588709697127342
[2023-05-02 20:48:06] Train Epoch: 8 [1600/20000 (8.0%)]	Loss: 0.06608082354068756
[2023-05-02 20:48:06] Train Epoch: 8 [2400/20000 (12.0%)]	Loss: 0.06786146759986877
[2023-05-02 20:48:06] Train Epoch: 8 [3200/20000 (16.0%)]	Loss: 0.19355331361293793
[2023-05-02 20:48:07] Train Epoch: 8 [4000/20000 (20.0%)]	Loss: 0.10358832776546478
[2023-05-02 20:48:07] Train Epoch: 8 [4800/20000 (24.0%)]	Loss: 0.11780822277069092
[2023-05-02 20:48:07] Train Epoch: 8 [5600/20000 (28.0%)]	Loss: 0.03184270113706589
[2023-05-02 20:48:07] Train Epoch: 8 [6400/20000 (32.0%)]	Loss: 0.04556918889284134
[2023-05-02 20:48:08] Train Epoch: 8 [7200/20000 (36.0%)]	Loss: 0.06408792734146118
[2023-05-02 20:48:08] Train Epoch: 8 [8000/20000 (40.0%)]	Loss: 0.11846913397312164
[2023-05-02 20:48:08] Train Epoch: 8 [8800/20000 (44.0%)]	Loss: 0.06995417922735214
[2023-05-02 20:48:08] Train Epoch: 8 [9600/20000 (48.0%)]	Loss: 0.06702686846256256
[2023-05-02 20:48:09] Train Epoch: 8 [10400/20000 (52.0%)]	Loss: 0.24114097654819489
[2023-05-02 20:48:09] Train Epoch: 8 [11200/20000 (56.0%)]	Loss: 0.29328814148902893
[2023-05-02 20:48:09] Train Epoch: 8 [12000/20000 (60.0%)]	Loss: 0.2289169728755951
[2023-05-02 20:48:09] Train Epoch: 8 [12800/20000 (64.0%)]	Loss: 0.11088654398918152
[2023-05-02 20:48:10] Train Epoch: 8 [13600/20000 (68.0%)]	Loss: 0.09617266803979874
[2023-05-02 20:48:10] Train Epoch: 8 [14400/20000 (72.0%)]	Loss: 0.14283150434494019
[2023-05-02 20:48:10] Train Epoch: 8 [15200/20000 (76.0%)]	Loss: 0.08485302329063416
[2023-05-02 20:48:10] Train Epoch: 8 [16000/20000 (80.0%)]	Loss: 0.11452354490756989
[2023-05-02 20:48:10] Train Epoch: 8 [16800/20000 (84.0%)]	Loss: 0.07758104056119919
[2023-05-02 20:48:11] Train Epoch: 8 [17600/20000 (88.0%)]	Loss: 0.14315281808376312
[2023-05-02 20:48:11] Train Epoch: 8 [18400/20000 (92.0%)]	Loss: 0.12895511090755463
[2023-05-02 20:48:11] Train Epoch: 8 [19200/20000 (96.0%)]	Loss: 0.0923871248960495
[2023-05-02 20:48:15] ========== Metrics ==========
[2023-05-02 20:48:15] {
  "tr_loss": 0.1380183296141201,
  "tr_acc": 0.9538453845384538,
  "tr_f1": 0.9537320166424382,
  "val_loss": 0.41119978673124763,
  "val_acc": 0.8150648427784687,
  "val_f1": 0.8142066749955382,
  "test_loss": 0.4777429310609978,
  "test_acc": 0.8130081300813008,
  "test_f1": 0.7988338192419825
}
[2023-05-02 20:48:15] ========== Metrics ==========
[2023-05-02 20:48:16] Train Epoch: 9 [0/20000 (0.0%)]	Loss: 0.23682764172554016
[2023-05-02 20:48:16] Train Epoch: 9 [800/20000 (4.0%)]	Loss: 0.1295516937971115
[2023-05-02 20:48:17] Train Epoch: 9 [1600/20000 (8.0%)]	Loss: 0.06172722578048706
[2023-05-02 20:48:17] Train Epoch: 9 [2400/20000 (12.0%)]	Loss: 0.1301831603050232
[2023-05-02 20:48:17] Train Epoch: 9 [3200/20000 (16.0%)]	Loss: 0.12045396864414215
[2023-05-02 20:48:17] Train Epoch: 9 [4000/20000 (20.0%)]	Loss: 0.11446982622146606
[2023-05-02 20:48:17] Train Epoch: 9 [4800/20000 (24.0%)]	Loss: 0.11638934910297394
[2023-05-02 20:48:18] Train Epoch: 9 [5600/20000 (28.0%)]	Loss: 0.060788944363594055
[2023-05-02 20:48:18] Train Epoch: 9 [6400/20000 (32.0%)]	Loss: 0.12006206810474396
[2023-05-02 20:48:18] Train Epoch: 9 [7200/20000 (36.0%)]	Loss: 0.1723870038986206
[2023-05-02 20:48:18] Train Epoch: 9 [8000/20000 (40.0%)]	Loss: 0.32841628789901733
[2023-05-02 20:48:19] Train Epoch: 9 [8800/20000 (44.0%)]	Loss: 0.1879662126302719
[2023-05-02 20:48:19] Train Epoch: 9 [9600/20000 (48.0%)]	Loss: 0.10955266654491425
[2023-05-02 20:48:19] Train Epoch: 9 [10400/20000 (52.0%)]	Loss: 0.0364137701690197
[2023-05-02 20:48:19] Train Epoch: 9 [11200/20000 (56.0%)]	Loss: 0.1157689094543457
[2023-05-02 20:48:19] Train Epoch: 9 [12000/20000 (60.0%)]	Loss: 0.15778611600399017
[2023-05-02 20:48:20] Train Epoch: 9 [12800/20000 (64.0%)]	Loss: 0.11054365336894989
[2023-05-02 20:48:20] Train Epoch: 9 [13600/20000 (68.0%)]	Loss: 0.07797659933567047
[2023-05-02 20:48:20] Train Epoch: 9 [14400/20000 (72.0%)]	Loss: 0.04319026693701744
[2023-05-02 20:48:20] Train Epoch: 9 [15200/20000 (76.0%)]	Loss: 0.1284986436367035
[2023-05-02 20:48:21] Train Epoch: 9 [16000/20000 (80.0%)]	Loss: 0.12146122753620148
[2023-05-02 20:48:21] Train Epoch: 9 [16800/20000 (84.0%)]	Loss: 0.22245503962039948
[2023-05-02 20:48:21] Train Epoch: 9 [17600/20000 (88.0%)]	Loss: 0.1600605994462967
[2023-05-02 20:48:21] Train Epoch: 9 [18400/20000 (92.0%)]	Loss: 0.09205059707164764
[2023-05-02 20:48:21] Train Epoch: 9 [19200/20000 (96.0%)]	Loss: 0.17520982027053833
[2023-05-02 20:48:25] ========== Metrics ==========
[2023-05-02 20:48:25] {
  "tr_loss": 0.13244522751534102,
  "tr_acc": 0.9565956595659566,
  "tr_f1": 0.9565217391304348,
  "val_loss": 0.4116568225466521,
  "val_acc": 0.8161307514656244,
  "val_f1": 0.8144828822369601,
  "test_loss": 0.46121521758516304,
  "test_acc": 0.8102981029810298,
  "test_f1": 0.7953216374269007
}
[2023-05-02 20:48:25] ========== Metrics ==========
[2023-05-02 20:48:26] Train Epoch: 10 [0/20000 (0.0%)]	Loss: 0.19188524782657623
[2023-05-02 20:48:27] Train Epoch: 10 [800/20000 (4.0%)]	Loss: 0.13674628734588623
[2023-05-02 20:48:27] Train Epoch: 10 [1600/20000 (8.0%)]	Loss: 0.043273746967315674
[2023-05-02 20:48:27] Train Epoch: 10 [2400/20000 (12.0%)]	Loss: 0.07837547361850739
[2023-05-02 20:48:27] Train Epoch: 10 [3200/20000 (16.0%)]	Loss: 0.11221872270107269
[2023-05-02 20:48:28] Train Epoch: 10 [4000/20000 (20.0%)]	Loss: 0.07522079348564148
[2023-05-02 20:48:28] Train Epoch: 10 [4800/20000 (24.0%)]	Loss: 0.15696324408054352
[2023-05-02 20:48:28] Train Epoch: 10 [5600/20000 (28.0%)]	Loss: 0.20495663583278656
[2023-05-02 20:48:28] Train Epoch: 10 [6400/20000 (32.0%)]	Loss: 0.1277192234992981
[2023-05-02 20:48:29] Train Epoch: 10 [7200/20000 (36.0%)]	Loss: 0.0381036251783371
[2023-05-02 20:48:29] Train Epoch: 10 [8000/20000 (40.0%)]	Loss: 0.10172270983457565
[2023-05-02 20:48:29] Train Epoch: 10 [8800/20000 (44.0%)]	Loss: 0.16422586143016815
[2023-05-02 20:48:29] Train Epoch: 10 [9600/20000 (48.0%)]	Loss: 0.19119828939437866
[2023-05-02 20:48:30] Train Epoch: 10 [10400/20000 (52.0%)]	Loss: 0.15365128219127655
[2023-05-02 20:48:30] Train Epoch: 10 [11200/20000 (56.0%)]	Loss: 0.06848391890525818
[2023-05-02 20:48:30] Train Epoch: 10 [12000/20000 (60.0%)]	Loss: 0.07216713577508926
[2023-05-02 20:48:30] Train Epoch: 10 [12800/20000 (64.0%)]	Loss: 0.06886081397533417
[2023-05-02 20:48:31] Train Epoch: 10 [13600/20000 (68.0%)]	Loss: 0.15123777091503143
[2023-05-02 20:48:31] Train Epoch: 10 [14400/20000 (72.0%)]	Loss: 0.14232520759105682
[2023-05-02 20:48:31] Train Epoch: 10 [15200/20000 (76.0%)]	Loss: 0.20682013034820557
[2023-05-02 20:48:31] Train Epoch: 10 [16000/20000 (80.0%)]	Loss: 0.1588485836982727
[2023-05-02 20:48:32] Train Epoch: 10 [16800/20000 (84.0%)]	Loss: 0.11413569748401642
[2023-05-02 20:48:32] Train Epoch: 10 [17600/20000 (88.0%)]	Loss: 0.1297605037689209
[2023-05-02 20:48:32] Train Epoch: 10 [18400/20000 (92.0%)]	Loss: 0.19976449012756348
[2023-05-02 20:48:32] Train Epoch: 10 [19200/20000 (96.0%)]	Loss: 0.08121068775653839
[2023-05-02 20:48:36] ========== Metrics ==========
[2023-05-02 20:48:36] {
  "tr_loss": 0.13074816224074076,
  "tr_acc": 0.9559955995599559,
  "tr_f1": 0.9559955995599559,
  "val_loss": 0.4118903558532517,
  "val_acc": 0.8148871913306094,
  "val_f1": 0.8143925899536871,
  "test_loss": 0.4099262813888591,
  "test_acc": 0.8102981029810298,
  "test_f1": 0.7965116279069768
}
[2023-05-02 20:48:36] ========== Metrics ==========
[2023-05-02 20:48:37] Train Epoch: 11 [0/20000 (0.0%)]	Loss: 0.04624214023351669
[2023-05-02 20:48:37] Train Epoch: 11 [800/20000 (4.0%)]	Loss: 0.06520621478557587
[2023-05-02 20:48:38] Train Epoch: 11 [1600/20000 (8.0%)]	Loss: 0.050582002848386765
[2023-05-02 20:48:38] Train Epoch: 11 [2400/20000 (12.0%)]	Loss: 0.14612334966659546
[2023-05-02 20:48:38] Train Epoch: 11 [3200/20000 (16.0%)]	Loss: 0.08282066136598587
[2023-05-02 20:48:38] Train Epoch: 11 [4000/20000 (20.0%)]	Loss: 0.08295032382011414
[2023-05-02 20:48:39] Train Epoch: 11 [4800/20000 (24.0%)]	Loss: 0.10580655932426453
[2023-05-02 20:48:39] Train Epoch: 11 [5600/20000 (28.0%)]	Loss: 0.1682056188583374
[2023-05-02 20:48:39] Train Epoch: 11 [6400/20000 (32.0%)]	Loss: 0.03278689458966255
[2023-05-02 20:48:39] Train Epoch: 11 [7200/20000 (36.0%)]	Loss: 0.07740085572004318
[2023-05-02 20:48:40] Train Epoch: 11 [8000/20000 (40.0%)]	Loss: 0.02485925331711769
[2023-05-02 20:48:40] Train Epoch: 11 [8800/20000 (44.0%)]	Loss: 0.426611989736557
[2023-05-02 20:48:40] Train Epoch: 11 [9600/20000 (48.0%)]	Loss: 0.031965870410203934
[2023-05-02 20:48:40] Train Epoch: 11 [10400/20000 (52.0%)]	Loss: 0.034452639520168304
[2023-05-02 20:48:40] Train Epoch: 11 [11200/20000 (56.0%)]	Loss: 0.03757258877158165
[2023-05-02 20:48:41] Train Epoch: 11 [12000/20000 (60.0%)]	Loss: 0.09535885602235794
[2023-05-02 20:48:41] Train Epoch: 11 [12800/20000 (64.0%)]	Loss: 0.015394402667880058
[2023-05-02 20:48:41] Train Epoch: 11 [13600/20000 (68.0%)]	Loss: 0.10401542484760284
[2023-05-02 20:48:41] Train Epoch: 11 [14400/20000 (72.0%)]	Loss: 0.11391423642635345
[2023-05-02 20:48:42] Train Epoch: 11 [15200/20000 (76.0%)]	Loss: 0.16958492994308472
[2023-05-02 20:48:42] Train Epoch: 11 [16000/20000 (80.0%)]	Loss: 0.08402430266141891
[2023-05-02 20:48:42] Train Epoch: 11 [16800/20000 (84.0%)]	Loss: 0.08367075026035309
[2023-05-02 20:48:42] Train Epoch: 11 [17600/20000 (88.0%)]	Loss: 0.20379748940467834
[2023-05-02 20:48:43] Train Epoch: 11 [18400/20000 (92.0%)]	Loss: 0.24371880292892456
[2023-05-02 20:48:43] Train Epoch: 11 [19200/20000 (96.0%)]	Loss: 0.051367342472076416
[2023-05-02 20:48:45] Stop At epoch 11/20 due to valid not increase
[2023-05-02 20:48:47] ========== Metrics ==========
[2023-05-02 20:48:47] {
  "tr_loss": 0.12383248265570003,
  "tr_acc": 0.9586458645864586,
  "tr_f1": 0.9585525986067257,
  "val_loss": 0.4122256077210546,
  "val_acc": 0.8147095398827501,
  "val_f1": 0.8145118264271741,
  "test_loss": 0.4150082341377651,
  "test_acc": 0.8130081300813008,
  "test_f1": 0.7999999999999999
}
[2023-05-02 20:48:47] ========== Metrics ==========
