[2023-05-02 20:49:05] Train Epoch: 1 [0/20000 (0.0%)]	Loss: 0.7011933326721191
[2023-05-02 20:49:05] Train Epoch: 1 [800/20000 (4.0%)]	Loss: 0.746566891670227
[2023-05-02 20:49:06] Train Epoch: 1 [1600/20000 (8.0%)]	Loss: 0.7877167463302612
[2023-05-02 20:49:06] Train Epoch: 1 [2400/20000 (12.0%)]	Loss: 0.7598499655723572
[2023-05-02 20:49:06] Train Epoch: 1 [3200/20000 (16.0%)]	Loss: 0.6599439382553101
[2023-05-02 20:49:07] Train Epoch: 1 [4000/20000 (20.0%)]	Loss: 0.6716923117637634
[2023-05-02 20:49:07] Train Epoch: 1 [4800/20000 (24.0%)]	Loss: 0.6190841197967529
[2023-05-02 20:49:07] Train Epoch: 1 [5600/20000 (28.0%)]	Loss: 0.740838885307312
[2023-05-02 20:49:07] Train Epoch: 1 [6400/20000 (32.0%)]	Loss: 0.6731095314025879
[2023-05-02 20:49:08] Train Epoch: 1 [7200/20000 (36.0%)]	Loss: 0.6920709609985352
[2023-05-02 20:49:08] Train Epoch: 1 [8000/20000 (40.0%)]	Loss: 0.6710262894630432
[2023-05-02 20:49:08] Train Epoch: 1 [8800/20000 (44.0%)]	Loss: 0.6831567287445068
[2023-05-02 20:49:09] Train Epoch: 1 [9600/20000 (48.0%)]	Loss: 0.7286354899406433
[2023-05-02 20:49:09] Train Epoch: 1 [10400/20000 (52.0%)]	Loss: 0.7036646604537964
[2023-05-02 20:49:09] Train Epoch: 1 [11200/20000 (56.0%)]	Loss: 0.6490475535392761
[2023-05-02 20:49:10] Train Epoch: 1 [12000/20000 (60.0%)]	Loss: 0.700207531452179
[2023-05-02 20:49:10] Train Epoch: 1 [12800/20000 (64.0%)]	Loss: 0.675865888595581
[2023-05-02 20:49:10] Train Epoch: 1 [13600/20000 (68.0%)]	Loss: 0.6893680095672607
[2023-05-02 20:49:11] Train Epoch: 1 [14400/20000 (72.0%)]	Loss: 0.5970315933227539
[2023-05-02 20:49:11] Train Epoch: 1 [15200/20000 (76.0%)]	Loss: 0.6194521188735962
[2023-05-02 20:49:11] Train Epoch: 1 [16000/20000 (80.0%)]	Loss: 0.6295937299728394
[2023-05-02 20:49:11] Train Epoch: 1 [16800/20000 (84.0%)]	Loss: 0.6429460048675537
[2023-05-02 20:49:12] Train Epoch: 1 [17600/20000 (88.0%)]	Loss: 0.737322211265564
[2023-05-02 20:49:12] Train Epoch: 1 [18400/20000 (92.0%)]	Loss: 0.6881277561187744
[2023-05-02 20:49:12] Train Epoch: 1 [19200/20000 (96.0%)]	Loss: 0.550908088684082
[2023-05-02 20:49:16] ========== Metrics ==========
[2023-05-02 20:49:16] {
  "tr_loss": 0.6655246535472029,
  "tr_acc": 0.5934593459345935,
  "tr_f1": 0.6004914004914005,
  "val_loss": 0.6021522307484881,
  "val_acc": 0.7486232012790904,
  "val_f1": 0.7776904948939513,
  "test_loss": 0.6381963791885996,
  "test_acc": 0.7154471544715447,
  "test_f1": 0.7469879518072289
}
[2023-05-02 20:49:16] ========== Metrics ==========
[2023-05-02 20:49:17] Train Epoch: 2 [0/20000 (0.0%)]	Loss: 0.5972834825515747
[2023-05-02 20:49:18] Train Epoch: 2 [800/20000 (4.0%)]	Loss: 0.5907040238380432
[2023-05-02 20:49:18] Train Epoch: 2 [1600/20000 (8.0%)]	Loss: 0.5355718731880188
[2023-05-02 20:49:18] Train Epoch: 2 [2400/20000 (12.0%)]	Loss: 0.5827410817146301
[2023-05-02 20:49:19] Train Epoch: 2 [3200/20000 (16.0%)]	Loss: 0.5932345390319824
[2023-05-02 20:49:19] Train Epoch: 2 [4000/20000 (20.0%)]	Loss: 0.5828995108604431
[2023-05-02 20:49:19] Train Epoch: 2 [4800/20000 (24.0%)]	Loss: 0.41178590059280396
[2023-05-02 20:49:20] Train Epoch: 2 [5600/20000 (28.0%)]	Loss: 0.43891680240631104
[2023-05-02 20:49:20] Train Epoch: 2 [6400/20000 (32.0%)]	Loss: 0.5364909768104553
[2023-05-02 20:49:20] Train Epoch: 2 [7200/20000 (36.0%)]	Loss: 0.403891384601593
[2023-05-02 20:49:21] Train Epoch: 2 [8000/20000 (40.0%)]	Loss: 0.5951775312423706
[2023-05-02 20:49:21] Train Epoch: 2 [8800/20000 (44.0%)]	Loss: 0.569423258304596
[2023-05-02 20:49:21] Train Epoch: 2 [9600/20000 (48.0%)]	Loss: 0.721665620803833
[2023-05-02 20:49:22] Train Epoch: 2 [10400/20000 (52.0%)]	Loss: 0.39996421337127686
[2023-05-02 20:49:22] Train Epoch: 2 [11200/20000 (56.0%)]	Loss: 0.40689605474472046
[2023-05-02 20:49:22] Train Epoch: 2 [12000/20000 (60.0%)]	Loss: 0.4769306778907776
[2023-05-02 20:49:23] Train Epoch: 2 [12800/20000 (64.0%)]	Loss: 0.4272937774658203
[2023-05-02 20:49:23] Train Epoch: 2 [13600/20000 (68.0%)]	Loss: 0.4691595435142517
[2023-05-02 20:49:23] Train Epoch: 2 [14400/20000 (72.0%)]	Loss: 0.4147985279560089
[2023-05-02 20:49:23] Train Epoch: 2 [15200/20000 (76.0%)]	Loss: 0.4623487591743469
[2023-05-02 20:49:24] Train Epoch: 2 [16000/20000 (80.0%)]	Loss: 0.7093533873558044
[2023-05-02 20:49:24] Train Epoch: 2 [16800/20000 (84.0%)]	Loss: 0.629461407661438
[2023-05-02 20:49:24] Train Epoch: 2 [17600/20000 (88.0%)]	Loss: 0.5158089399337769
[2023-05-02 20:49:25] Train Epoch: 2 [18400/20000 (92.0%)]	Loss: 0.43592822551727295
[2023-05-02 20:49:25] Train Epoch: 2 [19200/20000 (96.0%)]	Loss: 0.457316517829895
[2023-05-02 20:49:29] ========== Metrics ==========
[2023-05-02 20:49:29] {
  "tr_loss": 0.5039139956113684,
  "tr_acc": 0.7687268726872687,
  "tr_f1": 0.7689002148603408,
  "val_loss": 0.4725439659887149,
  "val_acc": 0.8049387102504886,
  "val_f1": 0.8015184381778742,
  "test_loss": 0.4974954257489543,
  "test_acc": 0.7777777777777778,
  "test_f1": 0.768361581920904
}
[2023-05-02 20:49:29] ========== Metrics ==========
[2023-05-02 20:49:30] Train Epoch: 3 [0/20000 (0.0%)]	Loss: 0.28605917096138
[2023-05-02 20:49:30] Train Epoch: 3 [800/20000 (4.0%)]	Loss: 0.34034597873687744
[2023-05-02 20:49:31] Train Epoch: 3 [1600/20000 (8.0%)]	Loss: 0.2678827941417694
[2023-05-02 20:49:31] Train Epoch: 3 [2400/20000 (12.0%)]	Loss: 0.43841928243637085
[2023-05-02 20:49:31] Train Epoch: 3 [3200/20000 (16.0%)]	Loss: 0.3563845753669739
[2023-05-02 20:49:32] Train Epoch: 3 [4000/20000 (20.0%)]	Loss: 0.2940758764743805
[2023-05-02 20:49:32] Train Epoch: 3 [4800/20000 (24.0%)]	Loss: 0.2011992484331131
[2023-05-02 20:49:32] Train Epoch: 3 [5600/20000 (28.0%)]	Loss: 0.38442081212997437
[2023-05-02 20:49:33] Train Epoch: 3 [6400/20000 (32.0%)]	Loss: 0.4752233624458313
[2023-05-02 20:49:33] Train Epoch: 3 [7200/20000 (36.0%)]	Loss: 0.43194520473480225
[2023-05-02 20:49:33] Train Epoch: 3 [8000/20000 (40.0%)]	Loss: 0.34409165382385254
[2023-05-02 20:49:33] Train Epoch: 3 [8800/20000 (44.0%)]	Loss: 0.3553098142147064
[2023-05-02 20:49:34] Train Epoch: 3 [9600/20000 (48.0%)]	Loss: 0.3224772810935974
[2023-05-02 20:49:34] Train Epoch: 3 [10400/20000 (52.0%)]	Loss: 0.1839161068201065
[2023-05-02 20:49:34] Train Epoch: 3 [11200/20000 (56.0%)]	Loss: 0.4047618806362152
[2023-05-02 20:49:35] Train Epoch: 3 [12000/20000 (60.0%)]	Loss: 0.15841490030288696
[2023-05-02 20:49:35] Train Epoch: 3 [12800/20000 (64.0%)]	Loss: 0.23538927733898163
[2023-05-02 20:49:35] Train Epoch: 3 [13600/20000 (68.0%)]	Loss: 0.30188462138175964
[2023-05-02 20:49:36] Train Epoch: 3 [14400/20000 (72.0%)]	Loss: 0.44174492359161377
[2023-05-02 20:49:36] Train Epoch: 3 [15200/20000 (76.0%)]	Loss: 0.23577144742012024
[2023-05-02 20:49:36] Train Epoch: 3 [16000/20000 (80.0%)]	Loss: 0.2583211064338684
[2023-05-02 20:49:36] Train Epoch: 3 [16800/20000 (84.0%)]	Loss: 0.5223699808120728
[2023-05-02 20:49:37] Train Epoch: 3 [17600/20000 (88.0%)]	Loss: 0.24258236587047577
[2023-05-02 20:49:37] Train Epoch: 3 [18400/20000 (92.0%)]	Loss: 0.1796197146177292
[2023-05-02 20:49:37] Train Epoch: 3 [19200/20000 (96.0%)]	Loss: 0.4037039577960968
[2023-05-02 20:49:41] ========== Metrics ==========
[2023-05-02 20:49:41] {
  "tr_loss": 0.3460158521156929,
  "tr_acc": 0.8601360136013602,
  "tr_f1": 0.8596940055179333,
  "val_loss": 0.42546817616387994,
  "val_acc": 0.8155977971220465,
  "val_f1": 0.8105839416058394,
  "test_loss": 0.4530273659765559,
  "test_acc": 0.7831978319783198,
  "test_f1": 0.7714285714285715
}
[2023-05-02 20:49:41] ========== Metrics ==========
[2023-05-02 20:49:42] Train Epoch: 4 [0/20000 (0.0%)]	Loss: 0.30467069149017334
[2023-05-02 20:49:43] Train Epoch: 4 [800/20000 (4.0%)]	Loss: 0.12656784057617188
[2023-05-02 20:49:43] Train Epoch: 4 [1600/20000 (8.0%)]	Loss: 0.40861776471138
[2023-05-02 20:49:43] Train Epoch: 4 [2400/20000 (12.0%)]	Loss: 0.4297857880592346
[2023-05-02 20:49:44] Train Epoch: 4 [3200/20000 (16.0%)]	Loss: 0.21618959307670593
[2023-05-02 20:49:44] Train Epoch: 4 [4000/20000 (20.0%)]	Loss: 0.1459912210702896
[2023-05-02 20:49:44] Train Epoch: 4 [4800/20000 (24.0%)]	Loss: 0.19281268119812012
[2023-05-02 20:49:45] Train Epoch: 4 [5600/20000 (28.0%)]	Loss: 0.2761788070201874
[2023-05-02 20:49:45] Train Epoch: 4 [6400/20000 (32.0%)]	Loss: 0.42176851630210876
[2023-05-02 20:49:45] Train Epoch: 4 [7200/20000 (36.0%)]	Loss: 0.17370422184467316
[2023-05-02 20:49:45] Train Epoch: 4 [8000/20000 (40.0%)]	Loss: 0.24619504809379578
[2023-05-02 20:49:46] Train Epoch: 4 [8800/20000 (44.0%)]	Loss: 0.1596430391073227
[2023-05-02 20:49:46] Train Epoch: 4 [9600/20000 (48.0%)]	Loss: 0.19018153846263885
[2023-05-02 20:49:46] Train Epoch: 4 [10400/20000 (52.0%)]	Loss: 0.3163333833217621
[2023-05-02 20:49:47] Train Epoch: 4 [11200/20000 (56.0%)]	Loss: 0.296240895986557
[2023-05-02 20:49:47] Train Epoch: 4 [12000/20000 (60.0%)]	Loss: 0.23638427257537842
[2023-05-02 20:49:47] Train Epoch: 4 [12800/20000 (64.0%)]	Loss: 0.45027098059654236
[2023-05-02 20:49:48] Train Epoch: 4 [13600/20000 (68.0%)]	Loss: 0.26776614785194397
[2023-05-02 20:49:48] Train Epoch: 4 [14400/20000 (72.0%)]	Loss: 0.34619832038879395
[2023-05-02 20:49:48] Train Epoch: 4 [15200/20000 (76.0%)]	Loss: 0.17255492508411407
[2023-05-02 20:49:49] Train Epoch: 4 [16000/20000 (80.0%)]	Loss: 0.26044654846191406
[2023-05-02 20:49:49] Train Epoch: 4 [16800/20000 (84.0%)]	Loss: 0.24239158630371094
[2023-05-02 20:49:49] Train Epoch: 4 [17600/20000 (88.0%)]	Loss: 0.1614980548620224
[2023-05-02 20:49:50] Train Epoch: 4 [18400/20000 (92.0%)]	Loss: 0.1676713228225708
[2023-05-02 20:49:50] Train Epoch: 4 [19200/20000 (96.0%)]	Loss: 0.23917871713638306
[2023-05-02 20:49:54] ========== Metrics ==========
[2023-05-02 20:49:54] {
  "tr_loss": 0.2449033564299938,
  "tr_acc": 0.9081908190819082,
  "tr_f1": 0.9079975947083584,
  "val_loss": 0.4082130096081117,
  "val_acc": 0.8186178717356547,
  "val_f1": 0.8126261699394385,
  "test_loss": 0.44463706985721746,
  "test_acc": 0.7967479674796748,
  "test_f1": 0.7838616714697406
}
[2023-05-02 20:49:54] ========== Metrics ==========
[2023-05-02 20:49:55] Train Epoch: 5 [0/20000 (0.0%)]	Loss: 0.07836457341909409
[2023-05-02 20:49:56] Train Epoch: 5 [800/20000 (4.0%)]	Loss: 0.17941004037857056
[2023-05-02 20:49:56] Train Epoch: 5 [1600/20000 (8.0%)]	Loss: 0.05889305844902992
[2023-05-02 20:49:56] Train Epoch: 5 [2400/20000 (12.0%)]	Loss: 0.2910146415233612
[2023-05-02 20:49:57] Train Epoch: 5 [3200/20000 (16.0%)]	Loss: 0.14925876259803772
[2023-05-02 20:49:57] Train Epoch: 5 [4000/20000 (20.0%)]	Loss: 0.11409967392683029
[2023-05-02 20:49:57] Train Epoch: 5 [4800/20000 (24.0%)]	Loss: 0.13065822422504425
[2023-05-02 20:49:57] Train Epoch: 5 [5600/20000 (28.0%)]	Loss: 0.11249691247940063
[2023-05-02 20:49:58] Train Epoch: 5 [6400/20000 (32.0%)]	Loss: 0.2361895591020584
[2023-05-02 20:49:58] Train Epoch: 5 [7200/20000 (36.0%)]	Loss: 0.11890685558319092
[2023-05-02 20:49:58] Train Epoch: 5 [8000/20000 (40.0%)]	Loss: 0.14507324993610382
[2023-05-02 20:49:59] Train Epoch: 5 [8800/20000 (44.0%)]	Loss: 0.15689809620380402
[2023-05-02 20:49:59] Train Epoch: 5 [9600/20000 (48.0%)]	Loss: 0.11069352924823761
[2023-05-02 20:49:59] Train Epoch: 5 [10400/20000 (52.0%)]	Loss: 0.25354811549186707
[2023-05-02 20:50:00] Train Epoch: 5 [11200/20000 (56.0%)]	Loss: 0.14475126564502716
[2023-05-02 20:50:00] Train Epoch: 5 [12000/20000 (60.0%)]	Loss: 0.14241628348827362
[2023-05-02 20:50:00] Train Epoch: 5 [12800/20000 (64.0%)]	Loss: 0.12406063824892044
[2023-05-02 20:50:01] Train Epoch: 5 [13600/20000 (68.0%)]	Loss: 0.30023330450057983
[2023-05-02 20:50:01] Train Epoch: 5 [14400/20000 (72.0%)]	Loss: 0.09230826795101166
[2023-05-02 20:50:01] Train Epoch: 5 [15200/20000 (76.0%)]	Loss: 0.17786084115505219
[2023-05-02 20:50:02] Train Epoch: 5 [16000/20000 (80.0%)]	Loss: 0.17725233733654022
[2023-05-02 20:50:02] Train Epoch: 5 [16800/20000 (84.0%)]	Loss: 0.05755636468529701
[2023-05-02 20:50:02] Train Epoch: 5 [17600/20000 (88.0%)]	Loss: 0.058370258659124374
[2023-05-02 20:50:03] Train Epoch: 5 [18400/20000 (92.0%)]	Loss: 0.18047833442687988
[2023-05-02 20:50:03] Train Epoch: 5 [19200/20000 (96.0%)]	Loss: 0.1845487654209137
[2023-05-02 20:50:07] ========== Metrics ==========
[2023-05-02 20:50:07] {
  "tr_loss": 0.17642419027461329,
  "tr_acc": 0.9348934893489349,
  "tr_f1": 0.9347368421052632,
  "val_loss": 0.3993709806778393,
  "val_acc": 0.8230591579321371,
  "val_f1": 0.8222063548732595,
  "test_loss": 0.4260397451679881,
  "test_acc": 0.7913279132791328,
  "test_f1": 0.7830985915492957
}
[2023-05-02 20:50:07] ========== Metrics ==========
[2023-05-02 20:50:08] Train Epoch: 6 [0/20000 (0.0%)]	Loss: 0.10134851187467575
[2023-05-02 20:50:08] Train Epoch: 6 [800/20000 (4.0%)]	Loss: 0.11638561636209488
[2023-05-02 20:50:09] Train Epoch: 6 [1600/20000 (8.0%)]	Loss: 0.12101440131664276
[2023-05-02 20:50:09] Train Epoch: 6 [2400/20000 (12.0%)]	Loss: 0.05501701682806015
[2023-05-02 20:50:09] Train Epoch: 6 [3200/20000 (16.0%)]	Loss: 0.15250231325626373
[2023-05-02 20:50:10] Train Epoch: 6 [4000/20000 (20.0%)]	Loss: 0.16253630816936493
[2023-05-02 20:50:10] Train Epoch: 6 [4800/20000 (24.0%)]	Loss: 0.16136577725410461
[2023-05-02 20:50:10] Train Epoch: 6 [5600/20000 (28.0%)]	Loss: 0.07074698060750961
[2023-05-02 20:50:11] Train Epoch: 6 [6400/20000 (32.0%)]	Loss: 0.26371291279792786
[2023-05-02 20:50:11] Train Epoch: 6 [7200/20000 (36.0%)]	Loss: 0.10757587105035782
[2023-05-02 20:50:11] Train Epoch: 6 [8000/20000 (40.0%)]	Loss: 0.11113029718399048
[2023-05-02 20:50:12] Train Epoch: 6 [8800/20000 (44.0%)]	Loss: 0.09332628548145294
[2023-05-02 20:50:12] Train Epoch: 6 [9600/20000 (48.0%)]	Loss: 0.12632769346237183
[2023-05-02 20:50:12] Train Epoch: 6 [10400/20000 (52.0%)]	Loss: 0.16846120357513428
[2023-05-02 20:50:13] Train Epoch: 6 [11200/20000 (56.0%)]	Loss: 0.05158650502562523
[2023-05-02 20:50:13] Train Epoch: 6 [12000/20000 (60.0%)]	Loss: 0.12887439131736755
[2023-05-02 20:50:13] Train Epoch: 6 [12800/20000 (64.0%)]	Loss: 0.23150990903377533
[2023-05-02 20:50:14] Train Epoch: 6 [13600/20000 (68.0%)]	Loss: 0.05114886909723282
[2023-05-02 20:50:14] Train Epoch: 6 [14400/20000 (72.0%)]	Loss: 0.11192982643842697
[2023-05-02 20:50:14] Train Epoch: 6 [15200/20000 (76.0%)]	Loss: 0.10876993089914322
[2023-05-02 20:50:15] Train Epoch: 6 [16000/20000 (80.0%)]	Loss: 0.053499702364206314
[2023-05-02 20:50:15] Train Epoch: 6 [16800/20000 (84.0%)]	Loss: 0.1110188215970993
[2023-05-02 20:50:15] Train Epoch: 6 [17600/20000 (88.0%)]	Loss: 0.0821257084608078
[2023-05-02 20:50:16] Train Epoch: 6 [18400/20000 (92.0%)]	Loss: 0.062566839158535
[2023-05-02 20:50:16] Train Epoch: 6 [19200/20000 (96.0%)]	Loss: 0.10134104639291763
[2023-05-02 20:50:20] ========== Metrics ==========
[2023-05-02 20:50:20] {
  "tr_loss": 0.13318947555929653,
  "tr_acc": 0.9566456645664566,
  "tr_f1": 0.9565086531226487,
  "val_loss": 0.39982565700065437,
  "val_acc": 0.8230591579321371,
  "val_f1": 0.8241525423728814,
  "test_loss": 0.4256871454114836,
  "test_acc": 0.7913279132791328,
  "test_f1": 0.7855153203342619
}
[2023-05-02 20:50:20] ========== Metrics ==========
[2023-05-02 20:50:21] Train Epoch: 7 [0/20000 (0.0%)]	Loss: 0.08087942004203796
[2023-05-02 20:50:21] Train Epoch: 7 [800/20000 (4.0%)]	Loss: 0.07471973448991776
[2023-05-02 20:50:22] Train Epoch: 7 [1600/20000 (8.0%)]	Loss: 0.08690426498651505
[2023-05-02 20:50:22] Train Epoch: 7 [2400/20000 (12.0%)]	Loss: 0.050014302134513855
[2023-05-02 20:50:22] Train Epoch: 7 [3200/20000 (16.0%)]	Loss: 0.08472136408090591
[2023-05-02 20:50:23] Train Epoch: 7 [4000/20000 (20.0%)]	Loss: 0.138750359416008
[2023-05-02 20:50:23] Train Epoch: 7 [4800/20000 (24.0%)]	Loss: 0.10131410509347916
[2023-05-02 20:50:23] Train Epoch: 7 [5600/20000 (28.0%)]	Loss: 0.14291514456272125
[2023-05-02 20:50:24] Train Epoch: 7 [6400/20000 (32.0%)]	Loss: 0.16583257913589478
[2023-05-02 20:50:24] Train Epoch: 7 [7200/20000 (36.0%)]	Loss: 0.05434781312942505
[2023-05-02 20:50:24] Train Epoch: 7 [8000/20000 (40.0%)]	Loss: 0.23247963190078735
[2023-05-02 20:50:25] Train Epoch: 7 [8800/20000 (44.0%)]	Loss: 0.2700527012348175
[2023-05-02 20:50:25] Train Epoch: 7 [9600/20000 (48.0%)]	Loss: 0.1321079581975937
[2023-05-02 20:50:25] Train Epoch: 7 [10400/20000 (52.0%)]	Loss: 0.07078191637992859
[2023-05-02 20:50:25] Train Epoch: 7 [11200/20000 (56.0%)]	Loss: 0.21264813840389252
[2023-05-02 20:50:26] Train Epoch: 7 [12000/20000 (60.0%)]	Loss: 0.22847893834114075
[2023-05-02 20:50:26] Train Epoch: 7 [12800/20000 (64.0%)]	Loss: 0.06522629410028458
[2023-05-02 20:50:26] Train Epoch: 7 [13600/20000 (68.0%)]	Loss: 0.0944274291396141
[2023-05-02 20:50:27] Train Epoch: 7 [14400/20000 (72.0%)]	Loss: 0.10550498217344284
[2023-05-02 20:50:27] Train Epoch: 7 [15200/20000 (76.0%)]	Loss: 0.03480247035622597
[2023-05-02 20:50:27] Train Epoch: 7 [16000/20000 (80.0%)]	Loss: 0.03709150105714798
[2023-05-02 20:50:28] Train Epoch: 7 [16800/20000 (84.0%)]	Loss: 0.05336900055408478
[2023-05-02 20:50:28] Train Epoch: 7 [17600/20000 (88.0%)]	Loss: 0.08417674899101257
[2023-05-02 20:50:28] Train Epoch: 7 [18400/20000 (92.0%)]	Loss: 0.16476395726203918
[2023-05-02 20:50:29] Train Epoch: 7 [19200/20000 (96.0%)]	Loss: 0.3323097825050354
[2023-05-02 20:50:33] ========== Metrics ==========
[2023-05-02 20:50:33] {
  "tr_loss": 0.12844809850450395,
  "tr_acc": 0.9582958295829583,
  "tr_f1": 0.9581493376154154,
  "val_loss": 0.4007044231982696,
  "val_acc": 0.8228815064842778,
  "val_f1": 0.8249956117254694,
  "test_loss": 0.42062004940296577,
  "test_acc": 0.7940379403794038,
  "test_f1": 0.7900552486187845
}
[2023-05-02 20:50:33] ========== Metrics ==========
[2023-05-02 20:50:34] Train Epoch: 8 [0/20000 (0.0%)]	Loss: 0.04816152900457382
[2023-05-02 20:50:34] Train Epoch: 8 [800/20000 (4.0%)]	Loss: 0.04582936316728592
[2023-05-02 20:50:34] Train Epoch: 8 [1600/20000 (8.0%)]	Loss: 0.14511790871620178
[2023-05-02 20:50:35] Train Epoch: 8 [2400/20000 (12.0%)]	Loss: 0.18778833746910095
[2023-05-02 20:50:35] Train Epoch: 8 [3200/20000 (16.0%)]	Loss: 0.20532803237438202
[2023-05-02 20:50:35] Train Epoch: 8 [4000/20000 (20.0%)]	Loss: 0.051885802298784256
[2023-05-02 20:50:36] Train Epoch: 8 [4800/20000 (24.0%)]	Loss: 0.27808862924575806
[2023-05-02 20:50:36] Train Epoch: 8 [5600/20000 (28.0%)]	Loss: 0.2776261568069458
[2023-05-02 20:50:36] Train Epoch: 8 [6400/20000 (32.0%)]	Loss: 0.1023833155632019
[2023-05-02 20:50:37] Train Epoch: 8 [7200/20000 (36.0%)]	Loss: 0.04371332749724388
[2023-05-02 20:50:37] Train Epoch: 8 [8000/20000 (40.0%)]	Loss: 0.3325492739677429
[2023-05-02 20:50:37] Train Epoch: 8 [8800/20000 (44.0%)]	Loss: 0.1011570543050766
[2023-05-02 20:50:38] Train Epoch: 8 [9600/20000 (48.0%)]	Loss: 0.04169630631804466
[2023-05-02 20:50:38] Train Epoch: 8 [10400/20000 (52.0%)]	Loss: 0.10394846647977829
[2023-05-02 20:50:38] Train Epoch: 8 [11200/20000 (56.0%)]	Loss: 0.05374160036444664
[2023-05-02 20:50:38] Train Epoch: 8 [12000/20000 (60.0%)]	Loss: 0.051047999411821365
[2023-05-02 20:50:39] Train Epoch: 8 [12800/20000 (64.0%)]	Loss: 0.04524402692914009
[2023-05-02 20:50:39] Train Epoch: 8 [13600/20000 (68.0%)]	Loss: 0.07213164865970612
[2023-05-02 20:50:39] Train Epoch: 8 [14400/20000 (72.0%)]	Loss: 0.08574596792459488
[2023-05-02 20:50:40] Train Epoch: 8 [15200/20000 (76.0%)]	Loss: 0.1068800762295723
[2023-05-02 20:50:40] Train Epoch: 8 [16000/20000 (80.0%)]	Loss: 0.10173077881336212
[2023-05-02 20:50:40] Train Epoch: 8 [16800/20000 (84.0%)]	Loss: 0.34372276067733765
[2023-05-02 20:50:41] Train Epoch: 8 [17600/20000 (88.0%)]	Loss: 0.19393211603164673
[2023-05-02 20:50:41] Train Epoch: 8 [18400/20000 (92.0%)]	Loss: 0.07339321821928024
[2023-05-02 20:50:41] Train Epoch: 8 [19200/20000 (96.0%)]	Loss: 0.162746399641037
[2023-05-02 20:50:45] ========== Metrics ==========
[2023-05-02 20:50:45] {
  "tr_loss": 0.12558040335433152,
  "tr_acc": 0.9577457745774578,
  "tr_f1": 0.9576674515304845,
  "val_loss": 0.3998903741546837,
  "val_acc": 0.8227038550364185,
  "val_f1": 0.8242338851708348,
  "test_loss": 0.42264102241857265,
  "test_acc": 0.7859078590785907,
  "test_f1": 0.7799442896935934
}
[2023-05-02 20:50:45] ========== Metrics ==========
[2023-05-02 20:50:46] Train Epoch: 9 [0/20000 (0.0%)]	Loss: 0.13210080564022064
[2023-05-02 20:50:47] Train Epoch: 9 [800/20000 (4.0%)]	Loss: 0.11191349476575851
[2023-05-02 20:50:47] Train Epoch: 9 [1600/20000 (8.0%)]	Loss: 0.10396022349596024
[2023-05-02 20:50:47] Train Epoch: 9 [2400/20000 (12.0%)]	Loss: 0.031037434935569763
[2023-05-02 20:50:48] Train Epoch: 9 [3200/20000 (16.0%)]	Loss: 0.23197779059410095
[2023-05-02 20:50:48] Train Epoch: 9 [4000/20000 (20.0%)]	Loss: 0.1573634296655655
[2023-05-02 20:50:48] Train Epoch: 9 [4800/20000 (24.0%)]	Loss: 0.04253667593002319
[2023-05-02 20:50:48] Train Epoch: 9 [5600/20000 (28.0%)]	Loss: 0.1328098624944687
[2023-05-02 20:50:49] Train Epoch: 9 [6400/20000 (32.0%)]	Loss: 0.0586097277700901
[2023-05-02 20:50:49] Train Epoch: 9 [7200/20000 (36.0%)]	Loss: 0.03448343649506569
[2023-05-02 20:50:49] Train Epoch: 9 [8000/20000 (40.0%)]	Loss: 0.2915700674057007
[2023-05-02 20:50:50] Train Epoch: 9 [8800/20000 (44.0%)]	Loss: 0.07959731668233871
[2023-05-02 20:50:50] Train Epoch: 9 [9600/20000 (48.0%)]	Loss: 0.15138082206249237
[2023-05-02 20:50:50] Train Epoch: 9 [10400/20000 (52.0%)]	Loss: 0.16848844289779663
[2023-05-02 20:50:51] Train Epoch: 9 [11200/20000 (56.0%)]	Loss: 0.10960495471954346
[2023-05-02 20:50:51] Train Epoch: 9 [12000/20000 (60.0%)]	Loss: 0.07013906538486481
[2023-05-02 20:50:51] Train Epoch: 9 [12800/20000 (64.0%)]	Loss: 0.2324349582195282
[2023-05-02 20:50:52] Train Epoch: 9 [13600/20000 (68.0%)]	Loss: 0.14436054229736328
[2023-05-02 20:50:52] Train Epoch: 9 [14400/20000 (72.0%)]	Loss: 0.08477144688367844
[2023-05-02 20:50:52] Train Epoch: 9 [15200/20000 (76.0%)]	Loss: 0.08199455589056015
[2023-05-02 20:50:53] Train Epoch: 9 [16000/20000 (80.0%)]	Loss: 0.04190409183502197
[2023-05-02 20:50:53] Train Epoch: 9 [16800/20000 (84.0%)]	Loss: 0.13243117928504944
[2023-05-02 20:50:53] Train Epoch: 9 [17600/20000 (88.0%)]	Loss: 0.14786604046821594
[2023-05-02 20:50:53] Train Epoch: 9 [18400/20000 (92.0%)]	Loss: 0.05906926095485687
[2023-05-02 20:50:54] Train Epoch: 9 [19200/20000 (96.0%)]	Loss: 0.09626953303813934
[2023-05-02 20:50:58] ========== Metrics ==========
[2023-05-02 20:50:58] {
  "tr_loss": 0.11407169813450628,
  "tr_acc": 0.9632463246324633,
  "tr_f1": 0.9631449631449631,
  "val_loss": 0.40071561887561163,
  "val_acc": 0.8218155977971221,
  "val_f1": 0.8241276521129229,
  "test_loss": 0.42030756034179106,
  "test_acc": 0.7967479674796748,
  "test_f1": 0.793388429752066
}
[2023-05-02 20:50:58] ========== Metrics ==========
[2023-05-02 20:50:59] Train Epoch: 10 [0/20000 (0.0%)]	Loss: 0.040851179510354996
[2023-05-02 20:50:59] Train Epoch: 10 [800/20000 (4.0%)]	Loss: 0.05521547421813011
[2023-05-02 20:51:00] Train Epoch: 10 [1600/20000 (8.0%)]	Loss: 0.09248647093772888
[2023-05-02 20:51:00] Train Epoch: 10 [2400/20000 (12.0%)]	Loss: 0.013842386193573475
[2023-05-02 20:51:00] Train Epoch: 10 [3200/20000 (16.0%)]	Loss: 0.06193523854017258
[2023-05-02 20:51:00] Train Epoch: 10 [4000/20000 (20.0%)]	Loss: 0.049286823719739914
[2023-05-02 20:51:01] Train Epoch: 10 [4800/20000 (24.0%)]	Loss: 0.05179501324892044
[2023-05-02 20:51:01] Train Epoch: 10 [5600/20000 (28.0%)]	Loss: 0.05665649473667145
[2023-05-02 20:51:01] Train Epoch: 10 [6400/20000 (32.0%)]	Loss: 0.10028308629989624
[2023-05-02 20:51:02] Train Epoch: 10 [7200/20000 (36.0%)]	Loss: 0.18872162699699402
[2023-05-02 20:51:02] Train Epoch: 10 [8000/20000 (40.0%)]	Loss: 0.04441311955451965
[2023-05-02 20:51:02] Train Epoch: 10 [8800/20000 (44.0%)]	Loss: 0.030312148854136467
[2023-05-02 20:51:03] Train Epoch: 10 [9600/20000 (48.0%)]	Loss: 0.08295439928770065
[2023-05-02 20:51:03] Train Epoch: 10 [10400/20000 (52.0%)]	Loss: 0.03740385174751282
[2023-05-02 20:51:03] Train Epoch: 10 [11200/20000 (56.0%)]	Loss: 0.19661356508731842
[2023-05-02 20:51:04] Train Epoch: 10 [12000/20000 (60.0%)]	Loss: 0.17882438004016876
[2023-05-02 20:51:04] Train Epoch: 10 [12800/20000 (64.0%)]	Loss: 0.03515898808836937
[2023-05-02 20:51:04] Train Epoch: 10 [13600/20000 (68.0%)]	Loss: 0.057830240577459335
[2023-05-02 20:51:05] Train Epoch: 10 [14400/20000 (72.0%)]	Loss: 0.035184115171432495
[2023-05-02 20:51:05] Train Epoch: 10 [15200/20000 (76.0%)]	Loss: 0.16365095973014832
[2023-05-02 20:51:05] Train Epoch: 10 [16000/20000 (80.0%)]	Loss: 0.07863296568393707
[2023-05-02 20:51:06] Train Epoch: 10 [16800/20000 (84.0%)]	Loss: 0.05140024796128273
[2023-05-02 20:51:06] Train Epoch: 10 [17600/20000 (88.0%)]	Loss: 0.08187875151634216
[2023-05-02 20:51:06] Train Epoch: 10 [18400/20000 (92.0%)]	Loss: 0.10731121897697449
[2023-05-02 20:51:07] Train Epoch: 10 [19200/20000 (96.0%)]	Loss: 0.08334514498710632
[2023-05-02 20:51:11] ========== Metrics ==========
[2023-05-02 20:51:11] {
  "tr_loss": 0.11295894356650321,
  "tr_acc": 0.960996099609961,
  "tr_f1": 0.960976585951571,
  "val_loss": 0.3995016948391943,
  "val_acc": 0.824125066619293,
  "val_f1": 0.8238434163701067,
  "test_loss": 0.46350170603289514,
  "test_acc": 0.7913279132791328,
  "test_f1": 0.7843137254901961
}
[2023-05-02 20:51:11] ========== Metrics ==========
[2023-05-02 20:51:12] Train Epoch: 11 [0/20000 (0.0%)]	Loss: 0.09557006508111954
[2023-05-02 20:51:12] Train Epoch: 11 [800/20000 (4.0%)]	Loss: 0.15528547763824463
[2023-05-02 20:51:12] Train Epoch: 11 [1600/20000 (8.0%)]	Loss: 0.06412001699209213
[2023-05-02 20:51:13] Train Epoch: 11 [2400/20000 (12.0%)]	Loss: 0.07521896064281464
[2023-05-02 20:51:13] Train Epoch: 11 [3200/20000 (16.0%)]	Loss: 0.05568336322903633
[2023-05-02 20:51:13] Train Epoch: 11 [4000/20000 (20.0%)]	Loss: 0.05975136533379555
[2023-05-02 20:51:14] Train Epoch: 11 [4800/20000 (24.0%)]	Loss: 0.093023382127285
[2023-05-02 20:51:14] Train Epoch: 11 [5600/20000 (28.0%)]	Loss: 0.22188709676265717
[2023-05-02 20:51:14] Train Epoch: 11 [6400/20000 (32.0%)]	Loss: 0.03554312512278557
[2023-05-02 20:51:15] Train Epoch: 11 [7200/20000 (36.0%)]	Loss: 0.10548096150159836
[2023-05-02 20:51:15] Train Epoch: 11 [8000/20000 (40.0%)]	Loss: 0.07920843362808228
[2023-05-02 20:51:15] Train Epoch: 11 [8800/20000 (44.0%)]	Loss: 0.13022403419017792
[2023-05-02 20:51:16] Train Epoch: 11 [9600/20000 (48.0%)]	Loss: 0.048573557287454605
[2023-05-02 20:51:16] Train Epoch: 11 [10400/20000 (52.0%)]	Loss: 0.12820033729076385
[2023-05-02 20:51:16] Train Epoch: 11 [11200/20000 (56.0%)]	Loss: 0.0813593938946724
[2023-05-02 20:51:16] Train Epoch: 11 [12000/20000 (60.0%)]	Loss: 0.16990463435649872
[2023-05-02 20:51:17] Train Epoch: 11 [12800/20000 (64.0%)]	Loss: 0.1345129907131195
[2023-05-02 20:51:17] Train Epoch: 11 [13600/20000 (68.0%)]	Loss: 0.09030438959598541
[2023-05-02 20:51:17] Train Epoch: 11 [14400/20000 (72.0%)]	Loss: 0.12800173461437225
[2023-05-02 20:51:18] Train Epoch: 11 [15200/20000 (76.0%)]	Loss: 0.09578076004981995
[2023-05-02 20:51:18] Train Epoch: 11 [16000/20000 (80.0%)]	Loss: 0.042862895876169205
[2023-05-02 20:51:18] Train Epoch: 11 [16800/20000 (84.0%)]	Loss: 0.19357357919216156
[2023-05-02 20:51:19] Train Epoch: 11 [17600/20000 (88.0%)]	Loss: 0.017602283507585526
[2023-05-02 20:51:19] Train Epoch: 11 [18400/20000 (92.0%)]	Loss: 0.05576173588633537
[2023-05-02 20:51:19] Train Epoch: 11 [19200/20000 (96.0%)]	Loss: 0.10511791706085205
[2023-05-02 20:51:23] ========== Metrics ==========
[2023-05-02 20:51:23] {
  "tr_loss": 0.10849901055074213,
  "tr_acc": 0.965096509650965,
  "tr_f1": 0.9650510715001002,
  "val_loss": 0.3998917064227946,
  "val_acc": 0.8228815064842778,
  "val_f1": 0.8233835252435784,
  "test_loss": 0.4312110121657209,
  "test_acc": 0.7913279132791328,
  "test_f1": 0.7843137254901961
}
[2023-05-02 20:51:23] ========== Metrics ==========
[2023-05-02 20:51:24] Train Epoch: 12 [0/20000 (0.0%)]	Loss: 0.10197241604328156
[2023-05-02 20:51:25] Train Epoch: 12 [800/20000 (4.0%)]	Loss: 0.027850249782204628
[2023-05-02 20:51:25] Train Epoch: 12 [1600/20000 (8.0%)]	Loss: 0.06624807417392731
[2023-05-02 20:51:25] Train Epoch: 12 [2400/20000 (12.0%)]	Loss: 0.17488744854927063
[2023-05-02 20:51:26] Train Epoch: 12 [3200/20000 (16.0%)]	Loss: 0.06798788160085678
[2023-05-02 20:51:26] Train Epoch: 12 [4000/20000 (20.0%)]	Loss: 0.04362226277589798
[2023-05-02 20:51:26] Train Epoch: 12 [4800/20000 (24.0%)]	Loss: 0.027283357456326485
[2023-05-02 20:51:27] Train Epoch: 12 [5600/20000 (28.0%)]	Loss: 0.030746864154934883
[2023-05-02 20:51:27] Train Epoch: 12 [6400/20000 (32.0%)]	Loss: 0.024890046566724777
[2023-05-02 20:51:27] Train Epoch: 12 [7200/20000 (36.0%)]	Loss: 0.06206686794757843
[2023-05-02 20:51:27] Train Epoch: 12 [8000/20000 (40.0%)]	Loss: 0.15407529473304749
[2023-05-02 20:51:28] Train Epoch: 12 [8800/20000 (44.0%)]	Loss: 0.11761379987001419
[2023-05-02 20:51:28] Train Epoch: 12 [9600/20000 (48.0%)]	Loss: 0.20317882299423218
[2023-05-02 20:51:28] Train Epoch: 12 [10400/20000 (52.0%)]	Loss: 0.0651652067899704
[2023-05-02 20:51:29] Train Epoch: 12 [11200/20000 (56.0%)]	Loss: 0.12126248329877853
[2023-05-02 20:51:29] Train Epoch: 12 [12000/20000 (60.0%)]	Loss: 0.09226890653371811
[2023-05-02 20:51:29] Train Epoch: 12 [12800/20000 (64.0%)]	Loss: 0.10490342229604721
[2023-05-02 20:51:30] Train Epoch: 12 [13600/20000 (68.0%)]	Loss: 0.07839465886354446
[2023-05-02 20:51:30] Train Epoch: 12 [14400/20000 (72.0%)]	Loss: 0.2684241831302643
[2023-05-02 20:51:30] Train Epoch: 12 [15200/20000 (76.0%)]	Loss: 0.05557188391685486
[2023-05-02 20:51:31] Train Epoch: 12 [16000/20000 (80.0%)]	Loss: 0.11523060500621796
[2023-05-02 20:51:31] Train Epoch: 12 [16800/20000 (84.0%)]	Loss: 0.047775350511074066
[2023-05-02 20:51:31] Train Epoch: 12 [17600/20000 (88.0%)]	Loss: 0.06314433366060257
[2023-05-02 20:51:32] Train Epoch: 12 [18400/20000 (92.0%)]	Loss: 0.11959673464298248
[2023-05-02 20:51:32] Train Epoch: 12 [19200/20000 (96.0%)]	Loss: 0.17611366510391235
[2023-05-02 20:51:36] ========== Metrics ==========
[2023-05-02 20:51:36] {
  "tr_loss": 0.10987424218218879,
  "tr_acc": 0.9643464346434644,
  "tr_f1": 0.9642337597190871,
  "val_loss": 0.4000568741230669,
  "val_acc": 0.8216379463492628,
  "val_f1": 0.8226774991169199,
  "test_loss": 0.42322861663694306,
  "test_acc": 0.7886178861788617,
  "test_f1": 0.7821229050279329
}
[2023-05-02 20:51:36] ========== Metrics ==========
[2023-05-02 20:51:37] Train Epoch: 13 [0/20000 (0.0%)]	Loss: 0.09209965169429779
[2023-05-02 20:51:37] Train Epoch: 13 [800/20000 (4.0%)]	Loss: 0.07434535771608353
[2023-05-02 20:51:38] Train Epoch: 13 [1600/20000 (8.0%)]	Loss: 0.051745906472206116
[2023-05-02 20:51:38] Train Epoch: 13 [2400/20000 (12.0%)]	Loss: 0.07056756317615509
[2023-05-02 20:51:39] Train Epoch: 13 [3200/20000 (16.0%)]	Loss: 0.13781258463859558
[2023-05-02 20:51:39] Train Epoch: 13 [4000/20000 (20.0%)]	Loss: 0.1365097165107727
[2023-05-02 20:51:39] Train Epoch: 13 [4800/20000 (24.0%)]	Loss: 0.07155139744281769
[2023-05-02 20:51:39] Train Epoch: 13 [5600/20000 (28.0%)]	Loss: 0.086081862449646
[2023-05-02 20:51:40] Train Epoch: 13 [6400/20000 (32.0%)]	Loss: 0.1593324989080429
[2023-05-02 20:51:40] Train Epoch: 13 [7200/20000 (36.0%)]	Loss: 0.01886245608329773
[2023-05-02 20:51:40] Train Epoch: 13 [8000/20000 (40.0%)]	Loss: 0.023127136752009392
[2023-05-02 20:51:41] Train Epoch: 13 [8800/20000 (44.0%)]	Loss: 0.06184668838977814
[2023-05-02 20:51:41] Train Epoch: 13 [9600/20000 (48.0%)]	Loss: 0.02021583914756775
[2023-05-02 20:51:41] Train Epoch: 13 [10400/20000 (52.0%)]	Loss: 0.10448164492845535
[2023-05-02 20:51:42] Train Epoch: 13 [11200/20000 (56.0%)]	Loss: 0.09637364000082016
[2023-05-02 20:51:42] Train Epoch: 13 [12000/20000 (60.0%)]	Loss: 0.14217230677604675
[2023-05-02 20:51:42] Train Epoch: 13 [12800/20000 (64.0%)]	Loss: 0.08754132688045502
[2023-05-02 20:51:42] Train Epoch: 13 [13600/20000 (68.0%)]	Loss: 0.10618294775485992
[2023-05-02 20:51:43] Train Epoch: 13 [14400/20000 (72.0%)]	Loss: 0.14752326905727386
[2023-05-02 20:51:43] Train Epoch: 13 [15200/20000 (76.0%)]	Loss: 0.07982518523931503
[2023-05-02 20:51:43] Train Epoch: 13 [16000/20000 (80.0%)]	Loss: 0.1466810405254364
[2023-05-02 20:51:44] Train Epoch: 13 [16800/20000 (84.0%)]	Loss: 0.11846454441547394
[2023-05-02 20:51:44] Train Epoch: 13 [17600/20000 (88.0%)]	Loss: 0.025984881445765495
[2023-05-02 20:51:44] Train Epoch: 13 [18400/20000 (92.0%)]	Loss: 0.16517788171768188
[2023-05-02 20:51:45] Train Epoch: 13 [19200/20000 (96.0%)]	Loss: 0.036619093269109726
[2023-05-02 20:51:49] ========== Metrics ==========
[2023-05-02 20:51:49] {
  "tr_loss": 0.10471547861965505,
  "tr_acc": 0.967996799679968,
  "tr_f1": 0.9679679679679679,
  "val_loss": 0.3998397590847629,
  "val_acc": 0.8218155977971221,
  "val_f1": 0.8226975428672441,
  "test_loss": 0.4483553458681598,
  "test_acc": 0.7913279132791328,
  "test_f1": 0.7843137254901961
}
[2023-05-02 20:51:49] ========== Metrics ==========
[2023-05-02 20:51:50] Train Epoch: 14 [0/20000 (0.0%)]	Loss: 0.19634172320365906
[2023-05-02 20:51:50] Train Epoch: 14 [800/20000 (4.0%)]	Loss: 0.09493085741996765
[2023-05-02 20:51:50] Train Epoch: 14 [1600/20000 (8.0%)]	Loss: 0.06744018197059631
[2023-05-02 20:51:51] Train Epoch: 14 [2400/20000 (12.0%)]	Loss: 0.13051432371139526
[2023-05-02 20:51:51] Train Epoch: 14 [3200/20000 (16.0%)]	Loss: 0.061387527734041214
[2023-05-02 20:51:51] Train Epoch: 14 [4000/20000 (20.0%)]	Loss: 0.13314294815063477
[2023-05-02 20:51:52] Train Epoch: 14 [4800/20000 (24.0%)]	Loss: 0.16468602418899536
[2023-05-02 20:51:52] Train Epoch: 14 [5600/20000 (28.0%)]	Loss: 0.06859710067510605
[2023-05-02 20:51:52] Train Epoch: 14 [6400/20000 (32.0%)]	Loss: 0.1167231947183609
[2023-05-02 20:51:53] Train Epoch: 14 [7200/20000 (36.0%)]	Loss: 0.09428077191114426
[2023-05-02 20:51:53] Train Epoch: 14 [8000/20000 (40.0%)]	Loss: 0.06880685687065125
[2023-05-02 20:51:53] Train Epoch: 14 [8800/20000 (44.0%)]	Loss: 0.04570566117763519
[2023-05-02 20:51:54] Train Epoch: 14 [9600/20000 (48.0%)]	Loss: 0.12186414748430252
[2023-05-02 20:51:54] Train Epoch: 14 [10400/20000 (52.0%)]	Loss: 0.1198679730296135
[2023-05-02 20:51:54] Train Epoch: 14 [11200/20000 (56.0%)]	Loss: 0.0566539540886879
[2023-05-02 20:51:55] Train Epoch: 14 [12000/20000 (60.0%)]	Loss: 0.06449048966169357
[2023-05-02 20:51:55] Train Epoch: 14 [12800/20000 (64.0%)]	Loss: 0.08957711607217789
[2023-05-02 20:51:55] Train Epoch: 14 [13600/20000 (68.0%)]	Loss: 0.18066668510437012
[2023-05-02 20:51:56] Train Epoch: 14 [14400/20000 (72.0%)]	Loss: 0.057831719517707825
[2023-05-02 20:51:56] Train Epoch: 14 [15200/20000 (76.0%)]	Loss: 0.2604692578315735
[2023-05-02 20:51:56] Train Epoch: 14 [16000/20000 (80.0%)]	Loss: 0.1143462136387825
[2023-05-02 20:51:57] Train Epoch: 14 [16800/20000 (84.0%)]	Loss: 0.01909792423248291
[2023-05-02 20:51:57] Train Epoch: 14 [17600/20000 (88.0%)]	Loss: 0.08681788295507431
[2023-05-02 20:51:57] Train Epoch: 14 [18400/20000 (92.0%)]	Loss: 0.06038805469870567
[2023-05-02 20:51:57] Train Epoch: 14 [19200/20000 (96.0%)]	Loss: 0.06295926123857498
[2023-05-02 20:52:02] ========== Metrics ==========
[2023-05-02 20:52:02] {
  "tr_loss": 0.106182629778476,
  "tr_acc": 0.9661466146614661,
  "tr_f1": 0.9661042407249787,
  "val_loss": 0.3997695791210961,
  "val_acc": 0.8216379463492628,
  "val_f1": 0.8224266006367174,
  "test_loss": 0.6004186193471356,
  "test_acc": 0.7913279132791328,
  "test_f1": 0.7843137254901961
}
[2023-05-02 20:52:02] ========== Metrics ==========
[2023-05-02 20:52:03] Train Epoch: 15 [0/20000 (0.0%)]	Loss: 0.07788331061601639
[2023-05-02 20:52:03] Train Epoch: 15 [800/20000 (4.0%)]	Loss: 0.15795893967151642
[2023-05-02 20:52:03] Train Epoch: 15 [1600/20000 (8.0%)]	Loss: 0.045381687581539154
[2023-05-02 20:52:04] Train Epoch: 15 [2400/20000 (12.0%)]	Loss: 0.08595243096351624
[2023-05-02 20:52:04] Train Epoch: 15 [3200/20000 (16.0%)]	Loss: 0.04383999854326248
[2023-05-02 20:52:04] Train Epoch: 15 [4000/20000 (20.0%)]	Loss: 0.10560429841279984
[2023-05-02 20:52:05] Train Epoch: 15 [4800/20000 (24.0%)]	Loss: 0.10601666569709778
[2023-05-02 20:52:05] Train Epoch: 15 [5600/20000 (28.0%)]	Loss: 0.07749725878238678
[2023-05-02 20:52:05] Train Epoch: 15 [6400/20000 (32.0%)]	Loss: 0.24705125391483307
[2023-05-02 20:52:06] Train Epoch: 15 [7200/20000 (36.0%)]	Loss: 0.27286648750305176
[2023-05-02 20:52:06] Train Epoch: 15 [8000/20000 (40.0%)]	Loss: 0.043453190475702286
[2023-05-02 20:52:06] Train Epoch: 15 [8800/20000 (44.0%)]	Loss: 0.04260724410414696
[2023-05-02 20:52:06] Train Epoch: 15 [9600/20000 (48.0%)]	Loss: 0.29973968863487244
[2023-05-02 20:52:07] Train Epoch: 15 [10400/20000 (52.0%)]	Loss: 0.11385289579629898
[2023-05-02 20:52:07] Train Epoch: 15 [11200/20000 (56.0%)]	Loss: 0.051019951701164246
[2023-05-02 20:52:07] Train Epoch: 15 [12000/20000 (60.0%)]	Loss: 0.07461511343717575
[2023-05-02 20:52:08] Train Epoch: 15 [12800/20000 (64.0%)]	Loss: 0.15589593350887299
[2023-05-02 20:52:08] Train Epoch: 15 [13600/20000 (68.0%)]	Loss: 0.05880893021821976
[2023-05-02 20:52:08] Train Epoch: 15 [14400/20000 (72.0%)]	Loss: 0.02670847252011299
[2023-05-02 20:52:08] Train Epoch: 15 [15200/20000 (76.0%)]	Loss: 0.1297781616449356
[2023-05-02 20:52:09] Train Epoch: 15 [16000/20000 (80.0%)]	Loss: 0.0939585492014885
[2023-05-02 20:52:09] Train Epoch: 15 [16800/20000 (84.0%)]	Loss: 0.04336016625165939
[2023-05-02 20:52:09] Train Epoch: 15 [17600/20000 (88.0%)]	Loss: 0.0544719398021698
[2023-05-02 20:52:10] Train Epoch: 15 [18400/20000 (92.0%)]	Loss: 0.047968603670597076
[2023-05-02 20:52:10] Train Epoch: 15 [19200/20000 (96.0%)]	Loss: 0.10032228380441666
[2023-05-02 20:52:14] ========== Metrics ==========
[2023-05-02 20:52:14] {
  "tr_loss": 0.10355614411039869,
  "tr_acc": 0.9674467446744675,
  "tr_f1": 0.9674125244030635,
  "val_loss": 0.39983999686801086,
  "val_acc": 0.8221709006928406,
  "val_f1": 0.8228004956629492,
  "test_loss": 0.43533396591662066,
  "test_acc": 0.7913279132791328,
  "test_f1": 0.7843137254901961
}
[2023-05-02 20:52:14] ========== Metrics ==========
[2023-05-02 20:52:15] Train Epoch: 16 [0/20000 (0.0%)]	Loss: 0.026565616950392723
[2023-05-02 20:52:15] Train Epoch: 16 [800/20000 (4.0%)]	Loss: 0.06990647315979004
[2023-05-02 20:52:16] Train Epoch: 16 [1600/20000 (8.0%)]	Loss: 0.049038950353860855
[2023-05-02 20:52:16] Train Epoch: 16 [2400/20000 (12.0%)]	Loss: 0.04936940222978592
[2023-05-02 20:52:16] Train Epoch: 16 [3200/20000 (16.0%)]	Loss: 0.06274117529392242
[2023-05-02 20:52:17] Train Epoch: 16 [4000/20000 (20.0%)]	Loss: 0.07025541365146637
[2023-05-02 20:52:17] Train Epoch: 16 [4800/20000 (24.0%)]	Loss: 0.11023940145969391
[2023-05-02 20:52:17] Train Epoch: 16 [5600/20000 (28.0%)]	Loss: 0.179033562541008
[2023-05-02 20:52:18] Train Epoch: 16 [6400/20000 (32.0%)]	Loss: 0.08593377470970154
[2023-05-02 20:52:18] Train Epoch: 16 [7200/20000 (36.0%)]	Loss: 0.038226380944252014
[2023-05-02 20:52:18] Train Epoch: 16 [8000/20000 (40.0%)]	Loss: 0.08746926486492157
[2023-05-02 20:52:18] Train Epoch: 16 [8800/20000 (44.0%)]	Loss: 0.07181571424007416
[2023-05-02 20:52:19] Train Epoch: 16 [9600/20000 (48.0%)]	Loss: 0.09561693668365479
[2023-05-02 20:52:19] Train Epoch: 16 [10400/20000 (52.0%)]	Loss: 0.08369037508964539
[2023-05-02 20:52:19] Train Epoch: 16 [11200/20000 (56.0%)]	Loss: 0.06806246936321259
[2023-05-02 20:52:20] Train Epoch: 16 [12000/20000 (60.0%)]	Loss: 0.06049551069736481
[2023-05-02 20:52:20] Train Epoch: 16 [12800/20000 (64.0%)]	Loss: 0.053907617926597595
[2023-05-02 20:52:20] Train Epoch: 16 [13600/20000 (68.0%)]	Loss: 0.11289122700691223
[2023-05-02 20:52:21] Train Epoch: 16 [14400/20000 (72.0%)]	Loss: 0.20064637064933777
[2023-05-02 20:52:21] Train Epoch: 16 [15200/20000 (76.0%)]	Loss: 0.08437100052833557
[2023-05-02 20:52:21] Train Epoch: 16 [16000/20000 (80.0%)]	Loss: 0.04057756066322327
[2023-05-02 20:52:22] Train Epoch: 16 [16800/20000 (84.0%)]	Loss: 0.1449556201696396
[2023-05-02 20:52:22] Train Epoch: 16 [17600/20000 (88.0%)]	Loss: 0.03506670147180557
[2023-05-02 20:52:22] Train Epoch: 16 [18400/20000 (92.0%)]	Loss: 0.046549394726753235
[2023-05-02 20:52:23] Train Epoch: 16 [19200/20000 (96.0%)]	Loss: 0.01657077856361866
[2023-05-02 20:52:25] Stop At epoch 16/20 due to valid not increase
[2023-05-02 20:52:27] ========== Metrics ==========
[2023-05-02 20:52:27] {
  "tr_loss": 0.10261643066196063,
  "tr_acc": 0.9681968196819682,
  "tr_f1": 0.9681522283425137,
  "val_loss": 0.3999674890536486,
  "val_acc": 0.8219932492449813,
  "val_f1": 0.8226548672566372,
  "test_loss": 0.4245009480453119,
  "test_acc": 0.7913279132791328,
  "test_f1": 0.7843137254901961
}
[2023-05-02 20:52:27] ========== Metrics ==========
