[2023-05-02 20:52:43] Train Epoch: 1 [0/20000 (0.0%)]	Loss: 0.712620198726654
[2023-05-02 20:52:43] Train Epoch: 1 [800/20000 (4.0%)]	Loss: 0.6825166344642639
[2023-05-02 20:52:44] Train Epoch: 1 [1600/20000 (8.0%)]	Loss: 0.6884667873382568
[2023-05-02 20:52:44] Train Epoch: 1 [2400/20000 (12.0%)]	Loss: 0.6793619394302368
[2023-05-02 20:52:44] Train Epoch: 1 [3200/20000 (16.0%)]	Loss: 0.7210239768028259
[2023-05-02 20:52:44] Train Epoch: 1 [4000/20000 (20.0%)]	Loss: 0.7191515564918518
[2023-05-02 20:52:44] Train Epoch: 1 [4800/20000 (24.0%)]	Loss: 0.6788344383239746
[2023-05-02 20:52:44] Train Epoch: 1 [5600/20000 (28.0%)]	Loss: 0.687284529209137
[2023-05-02 20:52:45] Train Epoch: 1 [6400/20000 (32.0%)]	Loss: 0.6789649724960327
[2023-05-02 20:52:45] Train Epoch: 1 [7200/20000 (36.0%)]	Loss: 0.6826879382133484
[2023-05-02 20:52:45] Train Epoch: 1 [8000/20000 (40.0%)]	Loss: 0.7175402641296387
[2023-05-02 20:52:45] Train Epoch: 1 [8800/20000 (44.0%)]	Loss: 0.6929391026496887
[2023-05-02 20:52:45] Train Epoch: 1 [9600/20000 (48.0%)]	Loss: 0.6805618405342102
[2023-05-02 20:52:45] Train Epoch: 1 [10400/20000 (52.0%)]	Loss: 0.6810973882675171
[2023-05-02 20:52:46] Train Epoch: 1 [11200/20000 (56.0%)]	Loss: 0.7044934630393982
[2023-05-02 20:52:46] Train Epoch: 1 [12000/20000 (60.0%)]	Loss: 0.6768630743026733
[2023-05-02 20:52:46] Train Epoch: 1 [12800/20000 (64.0%)]	Loss: 0.7240622043609619
[2023-05-02 20:52:46] Train Epoch: 1 [13600/20000 (68.0%)]	Loss: 0.7035369873046875
[2023-05-02 20:52:46] Train Epoch: 1 [14400/20000 (72.0%)]	Loss: 0.7205951809883118
[2023-05-02 20:52:46] Train Epoch: 1 [15200/20000 (76.0%)]	Loss: 0.6958857774734497
[2023-05-02 20:52:46] Train Epoch: 1 [16000/20000 (80.0%)]	Loss: 0.678493857383728
[2023-05-02 20:52:47] Train Epoch: 1 [16800/20000 (84.0%)]	Loss: 0.7062258720397949
[2023-05-02 20:52:47] Train Epoch: 1 [17600/20000 (88.0%)]	Loss: 0.6802209615707397
[2023-05-02 20:52:47] Train Epoch: 1 [18400/20000 (92.0%)]	Loss: 0.6691761016845703
[2023-05-02 20:52:47] Train Epoch: 1 [19200/20000 (96.0%)]	Loss: 0.7035459280014038
[2023-05-02 20:52:51] ========== Metrics ==========
[2023-05-02 20:52:51] {
  "tr_loss": 0.690128553937776,
  "tr_acc": 0.5346534653465347,
  "tr_f1": 0.5336273428886439,
  "val_loss": 0.673201632470046,
  "val_acc": 0.6747201989696217,
  "val_f1": 0.6764446015197032,
  "test_loss": 0.7047565765174101,
  "test_acc": 0.6314363143631436,
  "test_f1": 0.6179775280898877
}
[2023-05-02 20:52:51] ========== Metrics ==========
[2023-05-02 20:52:52] Train Epoch: 2 [0/20000 (0.0%)]	Loss: 0.6856081485748291
[2023-05-02 20:52:52] Train Epoch: 2 [800/20000 (4.0%)]	Loss: 0.6577456593513489
[2023-05-02 20:52:52] Train Epoch: 2 [1600/20000 (8.0%)]	Loss: 0.6561213731765747
[2023-05-02 20:52:52] Train Epoch: 2 [2400/20000 (12.0%)]	Loss: 0.6211945414543152
[2023-05-02 20:52:52] Train Epoch: 2 [3200/20000 (16.0%)]	Loss: 0.6251949071884155
[2023-05-02 20:52:53] Train Epoch: 2 [4000/20000 (20.0%)]	Loss: 0.6700332760810852
[2023-05-02 20:52:53] Train Epoch: 2 [4800/20000 (24.0%)]	Loss: 0.6496556401252747
[2023-05-02 20:52:53] Train Epoch: 2 [5600/20000 (28.0%)]	Loss: 0.5674294233322144
[2023-05-02 20:52:53] Train Epoch: 2 [6400/20000 (32.0%)]	Loss: 0.6122043132781982
[2023-05-02 20:52:53] Train Epoch: 2 [7200/20000 (36.0%)]	Loss: 0.6457647085189819
[2023-05-02 20:52:53] Train Epoch: 2 [8000/20000 (40.0%)]	Loss: 0.613479733467102
[2023-05-02 20:52:54] Train Epoch: 2 [8800/20000 (44.0%)]	Loss: 0.6360653638839722
[2023-05-02 20:52:54] Train Epoch: 2 [9600/20000 (48.0%)]	Loss: 0.6449874043464661
[2023-05-02 20:52:54] Train Epoch: 2 [10400/20000 (52.0%)]	Loss: 0.5939554572105408
[2023-05-02 20:52:54] Train Epoch: 2 [11200/20000 (56.0%)]	Loss: 0.6246676445007324
[2023-05-02 20:52:54] Train Epoch: 2 [12000/20000 (60.0%)]	Loss: 0.6180997490882874
[2023-05-02 20:52:54] Train Epoch: 2 [12800/20000 (64.0%)]	Loss: 0.6769488453865051
[2023-05-02 20:52:55] Train Epoch: 2 [13600/20000 (68.0%)]	Loss: 0.5472144484519958
[2023-05-02 20:52:55] Train Epoch: 2 [14400/20000 (72.0%)]	Loss: 0.648530125617981
[2023-05-02 20:52:55] Train Epoch: 2 [15200/20000 (76.0%)]	Loss: 0.5466296076774597
[2023-05-02 20:52:55] Train Epoch: 2 [16000/20000 (80.0%)]	Loss: 0.610845685005188
[2023-05-02 20:52:55] Train Epoch: 2 [16800/20000 (84.0%)]	Loss: 0.547283411026001
[2023-05-02 20:52:55] Train Epoch: 2 [17600/20000 (88.0%)]	Loss: 0.6709210276603699
[2023-05-02 20:52:55] Train Epoch: 2 [18400/20000 (92.0%)]	Loss: 0.5791248679161072
[2023-05-02 20:52:56] Train Epoch: 2 [19200/20000 (96.0%)]	Loss: 0.4565216898918152
[2023-05-02 20:52:59] ========== Metrics ==========
[2023-05-02 20:52:59] {
  "tr_loss": 0.6361526978446288,
  "tr_acc": 0.6478147814781479,
  "tr_f1": 0.6335015871363896,
  "val_loss": 0.5996507682603764,
  "val_acc": 0.7416947948125777,
  "val_f1": 0.7350583090379009,
  "test_loss": 0.628199086279727,
  "test_acc": 0.7533875338753387,
  "test_f1": 0.7436619718309859
}
[2023-05-02 20:52:59] ========== Metrics ==========
[2023-05-02 20:53:00] Train Epoch: 3 [0/20000 (0.0%)]	Loss: 0.6322850584983826
[2023-05-02 20:53:00] Train Epoch: 3 [800/20000 (4.0%)]	Loss: 0.554326593875885
[2023-05-02 20:53:01] Train Epoch: 3 [1600/20000 (8.0%)]	Loss: 0.5577442049980164
[2023-05-02 20:53:01] Train Epoch: 3 [2400/20000 (12.0%)]	Loss: 0.6855394244194031
[2023-05-02 20:53:01] Train Epoch: 3 [3200/20000 (16.0%)]	Loss: 0.7198439836502075
[2023-05-02 20:53:01] Train Epoch: 3 [4000/20000 (20.0%)]	Loss: 0.4603075683116913
[2023-05-02 20:53:01] Train Epoch: 3 [4800/20000 (24.0%)]	Loss: 0.5639098286628723
[2023-05-02 20:53:01] Train Epoch: 3 [5600/20000 (28.0%)]	Loss: 0.6141872406005859
[2023-05-02 20:53:02] Train Epoch: 3 [6400/20000 (32.0%)]	Loss: 0.4629102051258087
[2023-05-02 20:53:02] Train Epoch: 3 [7200/20000 (36.0%)]	Loss: 0.3533402979373932
[2023-05-02 20:53:02] Train Epoch: 3 [8000/20000 (40.0%)]	Loss: 0.6227114796638489
[2023-05-02 20:53:02] Train Epoch: 3 [8800/20000 (44.0%)]	Loss: 0.6662824749946594
[2023-05-02 20:53:02] Train Epoch: 3 [9600/20000 (48.0%)]	Loss: 0.6573737859725952
[2023-05-02 20:53:02] Train Epoch: 3 [10400/20000 (52.0%)]	Loss: 0.6440469622612
[2023-05-02 20:53:03] Train Epoch: 3 [11200/20000 (56.0%)]	Loss: 0.6633720993995667
[2023-05-02 20:53:03] Train Epoch: 3 [12000/20000 (60.0%)]	Loss: 0.545856773853302
[2023-05-02 20:53:03] Train Epoch: 3 [12800/20000 (64.0%)]	Loss: 0.5670872330665588
[2023-05-02 20:53:03] Train Epoch: 3 [13600/20000 (68.0%)]	Loss: 0.5183717012405396
[2023-05-02 20:53:03] Train Epoch: 3 [14400/20000 (72.0%)]	Loss: 0.6352836489677429
[2023-05-02 20:53:03] Train Epoch: 3 [15200/20000 (76.0%)]	Loss: 0.5396902561187744
[2023-05-02 20:53:03] Train Epoch: 3 [16000/20000 (80.0%)]	Loss: 0.5959433317184448
[2023-05-02 20:53:04] Train Epoch: 3 [16800/20000 (84.0%)]	Loss: 0.5455871224403381
[2023-05-02 20:53:04] Train Epoch: 3 [17600/20000 (88.0%)]	Loss: 0.5737314820289612
[2023-05-02 20:53:04] Train Epoch: 3 [18400/20000 (92.0%)]	Loss: 0.39867764711380005
[2023-05-02 20:53:04] Train Epoch: 3 [19200/20000 (96.0%)]	Loss: 0.5854659676551819
[2023-05-02 20:53:08] ========== Metrics ==========
[2023-05-02 20:53:08] {
  "tr_loss": 0.5536604537071139,
  "tr_acc": 0.7042704270427043,
  "tr_f1": 0.686592474827769,
  "val_loss": 0.5448963198659262,
  "val_acc": 0.764967134482146,
  "val_f1": 0.7594108019639934,
  "test_loss": 0.5655051737942993,
  "test_acc": 0.7804878048780488,
  "test_f1": 0.7679083094555874
}
[2023-05-02 20:53:08] ========== Metrics ==========
[2023-05-02 20:53:09] Train Epoch: 4 [0/20000 (0.0%)]	Loss: 0.4379226267337799
[2023-05-02 20:53:09] Train Epoch: 4 [800/20000 (4.0%)]	Loss: 0.6228557229042053
[2023-05-02 20:53:09] Train Epoch: 4 [1600/20000 (8.0%)]	Loss: 0.48618283867836
[2023-05-02 20:53:09] Train Epoch: 4 [2400/20000 (12.0%)]	Loss: 0.5331345200538635
[2023-05-02 20:53:09] Train Epoch: 4 [3200/20000 (16.0%)]	Loss: 0.48958471417427063
[2023-05-02 20:53:10] Train Epoch: 4 [4000/20000 (20.0%)]	Loss: 0.3614806830883026
[2023-05-02 20:53:10] Train Epoch: 4 [4800/20000 (24.0%)]	Loss: 0.43538832664489746
[2023-05-02 20:53:10] Train Epoch: 4 [5600/20000 (28.0%)]	Loss: 0.731743574142456
[2023-05-02 20:53:10] Train Epoch: 4 [6400/20000 (32.0%)]	Loss: 0.6751714944839478
[2023-05-02 20:53:10] Train Epoch: 4 [7200/20000 (36.0%)]	Loss: 0.4548271596431732
[2023-05-02 20:53:10] Train Epoch: 4 [8000/20000 (40.0%)]	Loss: 0.677799642086029
[2023-05-02 20:53:11] Train Epoch: 4 [8800/20000 (44.0%)]	Loss: 0.5953758955001831
[2023-05-02 20:53:11] Train Epoch: 4 [9600/20000 (48.0%)]	Loss: 0.6389119029045105
[2023-05-02 20:53:11] Train Epoch: 4 [10400/20000 (52.0%)]	Loss: 0.506521463394165
[2023-05-02 20:53:11] Train Epoch: 4 [11200/20000 (56.0%)]	Loss: 0.5402357578277588
[2023-05-02 20:53:11] Train Epoch: 4 [12000/20000 (60.0%)]	Loss: 0.5532976984977722
[2023-05-02 20:53:11] Train Epoch: 4 [12800/20000 (64.0%)]	Loss: 0.47955283522605896
[2023-05-02 20:53:12] Train Epoch: 4 [13600/20000 (68.0%)]	Loss: 0.5290351510047913
[2023-05-02 20:53:12] Train Epoch: 4 [14400/20000 (72.0%)]	Loss: 0.6136325597763062
[2023-05-02 20:53:12] Train Epoch: 4 [15200/20000 (76.0%)]	Loss: 0.4218108355998993
[2023-05-02 20:53:12] Train Epoch: 4 [16000/20000 (80.0%)]	Loss: 0.4926516115665436
[2023-05-02 20:53:12] Train Epoch: 4 [16800/20000 (84.0%)]	Loss: 0.4538939893245697
[2023-05-02 20:53:12] Train Epoch: 4 [17600/20000 (88.0%)]	Loss: 0.3489452004432678
[2023-05-02 20:53:13] Train Epoch: 4 [18400/20000 (92.0%)]	Loss: 0.5627328753471375
[2023-05-02 20:53:13] Train Epoch: 4 [19200/20000 (96.0%)]	Loss: 0.5010103583335876
[2023-05-02 20:53:16] ========== Metrics ==========
[2023-05-02 20:53:16] {
  "tr_loss": 0.4862368731441969,
  "tr_acc": 0.7423242324232423,
  "tr_f1": 0.7269355095119495,
  "val_loss": 0.5159808782515506,
  "val_acc": 0.7733167525315331,
  "val_f1": 0.7722242056408426,
  "test_loss": 0.5480665591997183,
  "test_acc": 0.7831978319783198,
  "test_f1": 0.7752808988764044
}
[2023-05-02 20:53:16] ========== Metrics ==========
[2023-05-02 20:53:17] Train Epoch: 5 [0/20000 (0.0%)]	Loss: 0.42404255270957947
[2023-05-02 20:53:18] Train Epoch: 5 [800/20000 (4.0%)]	Loss: 0.35025283694267273
[2023-05-02 20:53:18] Train Epoch: 5 [1600/20000 (8.0%)]	Loss: 0.3690553605556488
[2023-05-02 20:53:18] Train Epoch: 5 [2400/20000 (12.0%)]	Loss: 0.4674687087535858
[2023-05-02 20:53:18] Train Epoch: 5 [3200/20000 (16.0%)]	Loss: 0.5182007551193237
[2023-05-02 20:53:18] Train Epoch: 5 [4000/20000 (20.0%)]	Loss: 0.3590569496154785
[2023-05-02 20:53:19] Train Epoch: 5 [4800/20000 (24.0%)]	Loss: 0.3829480707645416
[2023-05-02 20:53:19] Train Epoch: 5 [5600/20000 (28.0%)]	Loss: 0.334338903427124
[2023-05-02 20:53:19] Train Epoch: 5 [6400/20000 (32.0%)]	Loss: 0.44036421179771423
[2023-05-02 20:53:19] Train Epoch: 5 [7200/20000 (36.0%)]	Loss: 0.586258053779602
[2023-05-02 20:53:19] Train Epoch: 5 [8000/20000 (40.0%)]	Loss: 0.4499969482421875
[2023-05-02 20:53:19] Train Epoch: 5 [8800/20000 (44.0%)]	Loss: 0.7261884808540344
[2023-05-02 20:53:20] Train Epoch: 5 [9600/20000 (48.0%)]	Loss: 0.3807365298271179
[2023-05-02 20:53:20] Train Epoch: 5 [10400/20000 (52.0%)]	Loss: 0.34081095457077026
[2023-05-02 20:53:20] Train Epoch: 5 [11200/20000 (56.0%)]	Loss: 0.4879969358444214
[2023-05-02 20:53:20] Train Epoch: 5 [12000/20000 (60.0%)]	Loss: 0.5093277096748352
[2023-05-02 20:53:20] Train Epoch: 5 [12800/20000 (64.0%)]	Loss: 0.46256446838378906
[2023-05-02 20:53:20] Train Epoch: 5 [13600/20000 (68.0%)]	Loss: 0.44915711879730225
[2023-05-02 20:53:21] Train Epoch: 5 [14400/20000 (72.0%)]	Loss: 0.3167320489883423
[2023-05-02 20:53:21] Train Epoch: 5 [15200/20000 (76.0%)]	Loss: 0.48559436202049255
[2023-05-02 20:53:21] Train Epoch: 5 [16000/20000 (80.0%)]	Loss: 0.4212194085121155
[2023-05-02 20:53:21] Train Epoch: 5 [16800/20000 (84.0%)]	Loss: 0.304227352142334
[2023-05-02 20:53:21] Train Epoch: 5 [17600/20000 (88.0%)]	Loss: 0.7335903644561768
[2023-05-02 20:53:21] Train Epoch: 5 [18400/20000 (92.0%)]	Loss: 0.7985646724700928
[2023-05-02 20:53:22] Train Epoch: 5 [19200/20000 (96.0%)]	Loss: 0.5808000564575195
[2023-05-02 20:53:25] ========== Metrics ==========
[2023-05-02 20:53:25] {
  "tr_loss": 0.4294147016716213,
  "tr_acc": 0.7835783578357836,
  "tr_f1": 0.7732844421162912,
  "val_loss": 0.4973817973730725,
  "val_acc": 0.7727837981879553,
  "val_f1": 0.7716479200142831,
  "test_loss": 0.5079998175303141,
  "test_acc": 0.7723577235772358,
  "test_f1": 0.7613636363636362
}
[2023-05-02 20:53:25] ========== Metrics ==========
[2023-05-02 20:53:26] Train Epoch: 6 [0/20000 (0.0%)]	Loss: 0.28033605217933655
[2023-05-02 20:53:26] Train Epoch: 6 [800/20000 (4.0%)]	Loss: 0.37100309133529663
[2023-05-02 20:53:27] Train Epoch: 6 [1600/20000 (8.0%)]	Loss: 0.2534200847148895
[2023-05-02 20:53:27] Train Epoch: 6 [2400/20000 (12.0%)]	Loss: 0.2513768672943115
[2023-05-02 20:53:27] Train Epoch: 6 [3200/20000 (16.0%)]	Loss: 0.47120606899261475
[2023-05-02 20:53:27] Train Epoch: 6 [4000/20000 (20.0%)]	Loss: 0.3051459789276123
[2023-05-02 20:53:27] Train Epoch: 6 [4800/20000 (24.0%)]	Loss: 0.3283282220363617
[2023-05-02 20:53:28] Train Epoch: 6 [5600/20000 (28.0%)]	Loss: 0.42810148000717163
[2023-05-02 20:53:28] Train Epoch: 6 [6400/20000 (32.0%)]	Loss: 0.18433727324008942
[2023-05-02 20:53:28] Train Epoch: 6 [7200/20000 (36.0%)]	Loss: 0.2457977831363678
[2023-05-02 20:53:28] Train Epoch: 6 [8000/20000 (40.0%)]	Loss: 0.30839619040489197
[2023-05-02 20:53:28] Train Epoch: 6 [8800/20000 (44.0%)]	Loss: 0.3523869812488556
[2023-05-02 20:53:28] Train Epoch: 6 [9600/20000 (48.0%)]	Loss: 0.3257036805152893
[2023-05-02 20:53:29] Train Epoch: 6 [10400/20000 (52.0%)]	Loss: 0.3910299837589264
[2023-05-02 20:53:29] Train Epoch: 6 [11200/20000 (56.0%)]	Loss: 0.22427023947238922
[2023-05-02 20:53:29] Train Epoch: 6 [12000/20000 (60.0%)]	Loss: 0.24327723681926727
[2023-05-02 20:53:29] Train Epoch: 6 [12800/20000 (64.0%)]	Loss: 0.21587136387825012
[2023-05-02 20:53:29] Train Epoch: 6 [13600/20000 (68.0%)]	Loss: 0.5375968813896179
[2023-05-02 20:53:29] Train Epoch: 6 [14400/20000 (72.0%)]	Loss: 0.4046807885169983
[2023-05-02 20:53:30] Train Epoch: 6 [15200/20000 (76.0%)]	Loss: 0.1891726702451706
[2023-05-02 20:53:30] Train Epoch: 6 [16000/20000 (80.0%)]	Loss: 0.5488049983978271
[2023-05-02 20:53:30] Train Epoch: 6 [16800/20000 (84.0%)]	Loss: 0.36825403571128845
[2023-05-02 20:53:30] Train Epoch: 6 [17600/20000 (88.0%)]	Loss: 0.4392797648906708
[2023-05-02 20:53:30] Train Epoch: 6 [18400/20000 (92.0%)]	Loss: 0.35027071833610535
[2023-05-02 20:53:31] Train Epoch: 6 [19200/20000 (96.0%)]	Loss: 0.4928891658782959
[2023-05-02 20:53:34] ========== Metrics ==========
[2023-05-02 20:53:34] {
  "tr_loss": 0.3785686822447351,
  "tr_acc": 0.8149314931493149,
  "tr_f1": 0.8075102720133146,
  "val_loss": 0.49565748432259044,
  "val_acc": 0.7729614496358145,
  "val_f1": 0.7734042553191489,
  "test_loss": 0.5112962037890261,
  "test_acc": 0.7696476964769647,
  "test_f1": 0.7632311977715878
}
[2023-05-02 20:53:34] ========== Metrics ==========
[2023-05-02 20:53:35] Train Epoch: 7 [0/20000 (0.0%)]	Loss: 0.3544878363609314
[2023-05-02 20:53:35] Train Epoch: 7 [800/20000 (4.0%)]	Loss: 0.23510241508483887
[2023-05-02 20:53:36] Train Epoch: 7 [1600/20000 (8.0%)]	Loss: 0.31652987003326416
[2023-05-02 20:53:36] Train Epoch: 7 [2400/20000 (12.0%)]	Loss: 0.23850426077842712
[2023-05-02 20:53:36] Train Epoch: 7 [3200/20000 (16.0%)]	Loss: 0.2826075553894043
[2023-05-02 20:53:36] Train Epoch: 7 [4000/20000 (20.0%)]	Loss: 0.6597263216972351
[2023-05-02 20:53:36] Train Epoch: 7 [4800/20000 (24.0%)]	Loss: 0.3115456700325012
[2023-05-02 20:53:37] Train Epoch: 7 [5600/20000 (28.0%)]	Loss: 0.3946908712387085
[2023-05-02 20:53:37] Train Epoch: 7 [6400/20000 (32.0%)]	Loss: 0.3313561975955963
[2023-05-02 20:53:37] Train Epoch: 7 [7200/20000 (36.0%)]	Loss: 0.13952507078647614
[2023-05-02 20:53:37] Train Epoch: 7 [8000/20000 (40.0%)]	Loss: 0.643700897693634
[2023-05-02 20:53:37] Train Epoch: 7 [8800/20000 (44.0%)]	Loss: 0.6920575499534607
[2023-05-02 20:53:37] Train Epoch: 7 [9600/20000 (48.0%)]	Loss: 0.35156726837158203
[2023-05-02 20:53:38] Train Epoch: 7 [10400/20000 (52.0%)]	Loss: 0.21041080355644226
[2023-05-02 20:53:38] Train Epoch: 7 [11200/20000 (56.0%)]	Loss: 0.39377352595329285
[2023-05-02 20:53:38] Train Epoch: 7 [12000/20000 (60.0%)]	Loss: 0.19911925494670868
[2023-05-02 20:53:38] Train Epoch: 7 [12800/20000 (64.0%)]	Loss: 0.4408649802207947
[2023-05-02 20:53:38] Train Epoch: 7 [13600/20000 (68.0%)]	Loss: 0.44100454449653625
[2023-05-02 20:53:39] Train Epoch: 7 [14400/20000 (72.0%)]	Loss: 0.37712159752845764
[2023-05-02 20:53:39] Train Epoch: 7 [15200/20000 (76.0%)]	Loss: 0.29801711440086365
[2023-05-02 20:53:39] Train Epoch: 7 [16000/20000 (80.0%)]	Loss: 0.4124825596809387
[2023-05-02 20:53:39] Train Epoch: 7 [16800/20000 (84.0%)]	Loss: 0.47230806946754456
[2023-05-02 20:53:39] Train Epoch: 7 [17600/20000 (88.0%)]	Loss: 0.26799654960632324
[2023-05-02 20:53:40] Train Epoch: 7 [18400/20000 (92.0%)]	Loss: 0.43979158997535706
[2023-05-02 20:53:40] Train Epoch: 7 [19200/20000 (96.0%)]	Loss: 0.2828019857406616
[2023-05-02 20:53:43] ========== Metrics ==========
[2023-05-02 20:53:43] {
  "tr_loss": 0.3753431369834142,
  "tr_acc": 0.8161816181618162,
  "tr_f1": 0.809019118869493,
  "val_loss": 0.4940227006887496,
  "val_acc": 0.7724284952922367,
  "val_f1": 0.7736349178300053,
  "test_loss": 0.5218374192876222,
  "test_acc": 0.7696476964769647,
  "test_f1": 0.7645429362880887
}
[2023-05-02 20:53:43] ========== Metrics ==========
[2023-05-02 20:53:44] Train Epoch: 8 [0/20000 (0.0%)]	Loss: 0.3519582152366638
[2023-05-02 20:53:45] Train Epoch: 8 [800/20000 (4.0%)]	Loss: 0.248934805393219
[2023-05-02 20:53:45] Train Epoch: 8 [1600/20000 (8.0%)]	Loss: 0.16488195955753326
[2023-05-02 20:53:45] Train Epoch: 8 [2400/20000 (12.0%)]	Loss: 0.48346179723739624
[2023-05-02 20:53:45] Train Epoch: 8 [3200/20000 (16.0%)]	Loss: 0.5125190615653992
[2023-05-02 20:53:45] Train Epoch: 8 [4000/20000 (20.0%)]	Loss: 0.4218367040157318
[2023-05-02 20:53:46] Train Epoch: 8 [4800/20000 (24.0%)]	Loss: 0.3386491537094116
[2023-05-02 20:53:46] Train Epoch: 8 [5600/20000 (28.0%)]	Loss: 0.3131179213523865
[2023-05-02 20:53:46] Train Epoch: 8 [6400/20000 (32.0%)]	Loss: 0.38882508873939514
[2023-05-02 20:53:46] Train Epoch: 8 [7200/20000 (36.0%)]	Loss: 0.31842198967933655
[2023-05-02 20:53:46] Train Epoch: 8 [8000/20000 (40.0%)]	Loss: 0.3273065984249115
[2023-05-02 20:53:46] Train Epoch: 8 [8800/20000 (44.0%)]	Loss: 0.2770359218120575
[2023-05-02 20:53:47] Train Epoch: 8 [9600/20000 (48.0%)]	Loss: 0.3349563479423523
[2023-05-02 20:53:47] Train Epoch: 8 [10400/20000 (52.0%)]	Loss: 0.2064068615436554
[2023-05-02 20:53:47] Train Epoch: 8 [11200/20000 (56.0%)]	Loss: 0.28989389538764954
[2023-05-02 20:53:47] Train Epoch: 8 [12000/20000 (60.0%)]	Loss: 0.373914897441864
[2023-05-02 20:53:47] Train Epoch: 8 [12800/20000 (64.0%)]	Loss: 0.6147334575653076
[2023-05-02 20:53:47] Train Epoch: 8 [13600/20000 (68.0%)]	Loss: 0.29712384939193726
[2023-05-02 20:53:48] Train Epoch: 8 [14400/20000 (72.0%)]	Loss: 0.31911396980285645
[2023-05-02 20:53:48] Train Epoch: 8 [15200/20000 (76.0%)]	Loss: 0.3498747944831848
[2023-05-02 20:53:48] Train Epoch: 8 [16000/20000 (80.0%)]	Loss: 0.23203207552433014
[2023-05-02 20:53:48] Train Epoch: 8 [16800/20000 (84.0%)]	Loss: 0.26845815777778625
[2023-05-02 20:53:48] Train Epoch: 8 [17600/20000 (88.0%)]	Loss: 0.4608316123485565
[2023-05-02 20:53:48] Train Epoch: 8 [18400/20000 (92.0%)]	Loss: 0.2905440628528595
[2023-05-02 20:53:49] Train Epoch: 8 [19200/20000 (96.0%)]	Loss: 0.2657703757286072
[2023-05-02 20:53:52] ========== Metrics ==========
[2023-05-02 20:53:52] {
  "tr_loss": 0.36483955218179404,
  "tr_acc": 0.823982398239824,
  "tr_f1": 0.8172757475083057,
  "val_loss": 0.49224271662473723,
  "val_acc": 0.7720731923965181,
  "val_f1": 0.7737612414036326,
  "test_loss": 0.5171368890984595,
  "test_acc": 0.7723577235772358,
  "test_f1": 0.7679558011049723
}
[2023-05-02 20:53:52] ========== Metrics ==========
[2023-05-02 20:53:53] Train Epoch: 9 [0/20000 (0.0%)]	Loss: 0.25541090965270996
[2023-05-02 20:53:54] Train Epoch: 9 [800/20000 (4.0%)]	Loss: 0.47983670234680176
[2023-05-02 20:53:54] Train Epoch: 9 [1600/20000 (8.0%)]	Loss: 0.6464292407035828
[2023-05-02 20:53:54] Train Epoch: 9 [2400/20000 (12.0%)]	Loss: 0.23781050741672516
[2023-05-02 20:53:54] Train Epoch: 9 [3200/20000 (16.0%)]	Loss: 0.44092822074890137
[2023-05-02 20:53:54] Train Epoch: 9 [4000/20000 (20.0%)]	Loss: 0.3259144127368927
[2023-05-02 20:53:54] Train Epoch: 9 [4800/20000 (24.0%)]	Loss: 0.30147629976272583
[2023-05-02 20:53:55] Train Epoch: 9 [5600/20000 (28.0%)]	Loss: 0.32738372683525085
[2023-05-02 20:53:55] Train Epoch: 9 [6400/20000 (32.0%)]	Loss: 0.380696564912796
[2023-05-02 20:53:55] Train Epoch: 9 [7200/20000 (36.0%)]	Loss: 0.43857690691947937
[2023-05-02 20:53:55] Train Epoch: 9 [8000/20000 (40.0%)]	Loss: 0.16837036609649658
[2023-05-02 20:53:55] Train Epoch: 9 [8800/20000 (44.0%)]	Loss: 0.18610048294067383
[2023-05-02 20:53:56] Train Epoch: 9 [9600/20000 (48.0%)]	Loss: 0.373862624168396
[2023-05-02 20:53:56] Train Epoch: 9 [10400/20000 (52.0%)]	Loss: 0.306497186422348
[2023-05-02 20:53:56] Train Epoch: 9 [11200/20000 (56.0%)]	Loss: 0.3490481376647949
[2023-05-02 20:53:56] Train Epoch: 9 [12000/20000 (60.0%)]	Loss: 0.7149598002433777
[2023-05-02 20:53:56] Train Epoch: 9 [12800/20000 (64.0%)]	Loss: 0.2633824646472931
[2023-05-02 20:53:56] Train Epoch: 9 [13600/20000 (68.0%)]	Loss: 0.3507789373397827
[2023-05-02 20:53:57] Train Epoch: 9 [14400/20000 (72.0%)]	Loss: 0.48425403237342834
[2023-05-02 20:53:57] Train Epoch: 9 [15200/20000 (76.0%)]	Loss: 0.4110562801361084
[2023-05-02 20:53:57] Train Epoch: 9 [16000/20000 (80.0%)]	Loss: 0.2848242521286011
[2023-05-02 20:53:57] Train Epoch: 9 [16800/20000 (84.0%)]	Loss: 0.29018881916999817
[2023-05-02 20:53:57] Train Epoch: 9 [17600/20000 (88.0%)]	Loss: 0.33013904094696045
[2023-05-02 20:53:58] Train Epoch: 9 [18400/20000 (92.0%)]	Loss: 0.47596296668052673
[2023-05-02 20:53:58] Train Epoch: 9 [19200/20000 (96.0%)]	Loss: 0.38093048334121704
[2023-05-02 20:54:01] ========== Metrics ==========
[2023-05-02 20:54:01] {
  "tr_loss": 0.3600832385854228,
  "tr_acc": 0.8270327032703271,
  "tr_f1": 0.8207864877467489,
  "val_loss": 0.49059406600046757,
  "val_acc": 0.7717178895007994,
  "val_f1": 0.7746799929861476,
  "test_loss": 0.5112752720592467,
  "test_acc": 0.7696476964769647,
  "test_f1": 0.7645429362880887
}
[2023-05-02 20:54:01] ========== Metrics ==========
[2023-05-02 20:54:02] Train Epoch: 10 [0/20000 (0.0%)]	Loss: 0.3657086491584778
[2023-05-02 20:54:03] Train Epoch: 10 [800/20000 (4.0%)]	Loss: 0.2970670163631439
[2023-05-02 20:54:03] Train Epoch: 10 [1600/20000 (8.0%)]	Loss: 0.48378485441207886
[2023-05-02 20:54:03] Train Epoch: 10 [2400/20000 (12.0%)]	Loss: 0.45537588000297546
[2023-05-02 20:54:03] Train Epoch: 10 [3200/20000 (16.0%)]	Loss: 0.5730512142181396
[2023-05-02 20:54:03] Train Epoch: 10 [4000/20000 (20.0%)]	Loss: 0.29949793219566345
[2023-05-02 20:54:04] Train Epoch: 10 [4800/20000 (24.0%)]	Loss: 0.2040054351091385
[2023-05-02 20:54:04] Train Epoch: 10 [5600/20000 (28.0%)]	Loss: 0.2259979397058487
[2023-05-02 20:54:04] Train Epoch: 10 [6400/20000 (32.0%)]	Loss: 0.4175764322280884
[2023-05-02 20:54:04] Train Epoch: 10 [7200/20000 (36.0%)]	Loss: 0.17243069410324097
[2023-05-02 20:54:04] Train Epoch: 10 [8000/20000 (40.0%)]	Loss: 0.42875975370407104
[2023-05-02 20:54:04] Train Epoch: 10 [8800/20000 (44.0%)]	Loss: 0.31484952569007874
[2023-05-02 20:54:05] Train Epoch: 10 [9600/20000 (48.0%)]	Loss: 0.46328452229499817
[2023-05-02 20:54:05] Train Epoch: 10 [10400/20000 (52.0%)]	Loss: 0.3499736487865448
[2023-05-02 20:54:05] Train Epoch: 10 [11200/20000 (56.0%)]	Loss: 0.2777344584465027
[2023-05-02 20:54:05] Train Epoch: 10 [12000/20000 (60.0%)]	Loss: 0.38203710317611694
[2023-05-02 20:54:05] Train Epoch: 10 [12800/20000 (64.0%)]	Loss: 0.5625182390213013
[2023-05-02 20:54:06] Train Epoch: 10 [13600/20000 (68.0%)]	Loss: 0.38592833280563354
[2023-05-02 20:54:06] Train Epoch: 10 [14400/20000 (72.0%)]	Loss: 0.20118699967861176
[2023-05-02 20:54:06] Train Epoch: 10 [15200/20000 (76.0%)]	Loss: 0.432769238948822
[2023-05-02 20:54:06] Train Epoch: 10 [16000/20000 (80.0%)]	Loss: 0.38054758310317993
[2023-05-02 20:54:06] Train Epoch: 10 [16800/20000 (84.0%)]	Loss: 0.41684770584106445
[2023-05-02 20:54:06] Train Epoch: 10 [17600/20000 (88.0%)]	Loss: 0.3015389144420624
[2023-05-02 20:54:07] Train Epoch: 10 [18400/20000 (92.0%)]	Loss: 0.10866539925336838
[2023-05-02 20:54:07] Train Epoch: 10 [19200/20000 (96.0%)]	Loss: 0.40330857038497925
[2023-05-02 20:54:09] Stop At epoch 10/20 due to valid not increase
[2023-05-02 20:54:11] ========== Metrics ==========
[2023-05-02 20:54:11] {
  "tr_loss": 0.35884459251903966,
  "tr_acc": 0.8265326532653265,
  "tr_f1": 0.8201192636764324,
  "val_loss": 0.4894957066344673,
  "val_acc": 0.7708296322615029,
  "val_f1": 0.7746331236897274,
  "test_loss": 0.4968040860119228,
  "test_acc": 0.7777777777777778,
  "test_f1": 0.7747252747252746
}
[2023-05-02 20:54:11] ========== Metrics ==========
