[2023-05-01 16:54:07] Train Epoch: 1 [0/20000 (0.0%)]	Loss: 0.7004497647285461
[2023-05-01 16:54:07] Train Epoch: 1 [800/20000 (4.0%)]	Loss: 0.7394685745239258
[2023-05-01 16:54:07] Train Epoch: 1 [1600/20000 (8.0%)]	Loss: 0.6970113515853882
[2023-05-01 16:54:07] Train Epoch: 1 [2400/20000 (12.0%)]	Loss: 0.7255837321281433
[2023-05-01 16:54:08] Train Epoch: 1 [3200/20000 (16.0%)]	Loss: 0.6913824081420898
[2023-05-01 16:54:08] Train Epoch: 1 [4000/20000 (20.0%)]	Loss: 0.7328813076019287
[2023-05-01 16:54:08] Train Epoch: 1 [4800/20000 (24.0%)]	Loss: 0.6995345950126648
[2023-05-01 16:54:08] Train Epoch: 1 [5600/20000 (28.0%)]	Loss: 0.7149723768234253
[2023-05-01 16:54:08] Train Epoch: 1 [6400/20000 (32.0%)]	Loss: 0.675879955291748
[2023-05-01 16:54:08] Train Epoch: 1 [7200/20000 (36.0%)]	Loss: 0.6793299913406372
[2023-05-01 16:54:09] Train Epoch: 1 [8000/20000 (40.0%)]	Loss: 0.6699338555335999
[2023-05-01 16:54:09] Train Epoch: 1 [8800/20000 (44.0%)]	Loss: 0.688181459903717
[2023-05-01 16:54:09] Train Epoch: 1 [9600/20000 (48.0%)]	Loss: 0.6506588459014893
[2023-05-01 16:54:09] Train Epoch: 1 [10400/20000 (52.0%)]	Loss: 0.665683925151825
[2023-05-01 16:54:09] Train Epoch: 1 [11200/20000 (56.0%)]	Loss: 0.6762173175811768
[2023-05-01 16:54:09] Train Epoch: 1 [12000/20000 (60.0%)]	Loss: 0.7073847651481628
[2023-05-01 16:54:10] Train Epoch: 1 [12800/20000 (64.0%)]	Loss: 0.6352030038833618
[2023-05-01 16:54:10] Train Epoch: 1 [13600/20000 (68.0%)]	Loss: 0.6601900458335876
[2023-05-01 16:54:10] Train Epoch: 1 [14400/20000 (72.0%)]	Loss: 0.6675270199775696
[2023-05-01 16:54:10] Train Epoch: 1 [15200/20000 (76.0%)]	Loss: 0.6377298831939697
[2023-05-01 16:54:10] Train Epoch: 1 [16000/20000 (80.0%)]	Loss: 0.6599617004394531
[2023-05-01 16:54:10] Train Epoch: 1 [16800/20000 (84.0%)]	Loss: 0.676048994064331
[2023-05-01 16:54:11] Train Epoch: 1 [17600/20000 (88.0%)]	Loss: 0.7029744982719421
[2023-05-01 16:54:11] Train Epoch: 1 [18400/20000 (92.0%)]	Loss: 0.6360212564468384
[2023-05-01 16:54:11] Train Epoch: 1 [19200/20000 (96.0%)]	Loss: 0.6792200803756714
[2023-05-01 16:54:13] ========== Metrics ==========
[2023-05-01 16:54:13] {
  "tr_loss": 0.6826811193501857,
  "tr_acc": 0.5558555855585559,
  "tr_f1": 0.5612960584806875,
  "val_loss": 0.6493369887069564,
  "val_acc": 0.7171788950079944,
  "val_f1": 0.7213860693034652,
  "test_loss": 0.6720562446408156,
  "test_acc": 0.7100271002710027,
  "test_f1": 0.7235142118863048
}
[2023-05-01 16:54:13] ========== Metrics ==========
[2023-05-01 16:54:14] Train Epoch: 2 [0/20000 (0.0%)]	Loss: 0.6436208486557007
[2023-05-01 16:54:14] Train Epoch: 2 [800/20000 (4.0%)]	Loss: 0.6770866513252258
[2023-05-01 16:54:14] Train Epoch: 2 [1600/20000 (8.0%)]	Loss: 0.6189455389976501
[2023-05-01 16:54:14] Train Epoch: 2 [2400/20000 (12.0%)]	Loss: 0.5826185941696167
[2023-05-01 16:54:15] Train Epoch: 2 [3200/20000 (16.0%)]	Loss: 0.6975277662277222
[2023-05-01 16:54:15] Train Epoch: 2 [4000/20000 (20.0%)]	Loss: 0.6610755324363708
[2023-05-01 16:54:15] Train Epoch: 2 [4800/20000 (24.0%)]	Loss: 0.6065890192985535
[2023-05-01 16:54:15] Train Epoch: 2 [5600/20000 (28.0%)]	Loss: 0.4739454686641693
[2023-05-01 16:54:15] Train Epoch: 2 [6400/20000 (32.0%)]	Loss: 0.7211930751800537
[2023-05-01 16:54:16] Train Epoch: 2 [7200/20000 (36.0%)]	Loss: 0.5124194025993347
[2023-05-01 16:54:16] Train Epoch: 2 [8000/20000 (40.0%)]	Loss: 0.6782259941101074
[2023-05-01 16:54:16] Train Epoch: 2 [8800/20000 (44.0%)]	Loss: 0.6365631818771362
[2023-05-01 16:54:16] Train Epoch: 2 [9600/20000 (48.0%)]	Loss: 0.5598108172416687
[2023-05-01 16:54:16] Train Epoch: 2 [10400/20000 (52.0%)]	Loss: 0.6370880007743835
[2023-05-01 16:54:16] Train Epoch: 2 [11200/20000 (56.0%)]	Loss: 0.4862939715385437
[2023-05-01 16:54:17] Train Epoch: 2 [12000/20000 (60.0%)]	Loss: 0.673088788986206
[2023-05-01 16:54:17] Train Epoch: 2 [12800/20000 (64.0%)]	Loss: 0.3816043436527252
[2023-05-01 16:54:17] Train Epoch: 2 [13600/20000 (68.0%)]	Loss: 0.4671386480331421
[2023-05-01 16:54:17] Train Epoch: 2 [14400/20000 (72.0%)]	Loss: 0.6242274045944214
[2023-05-01 16:54:17] Train Epoch: 2 [15200/20000 (76.0%)]	Loss: 0.5056559443473816
[2023-05-01 16:54:17] Train Epoch: 2 [16000/20000 (80.0%)]	Loss: 0.6319682002067566
[2023-05-01 16:54:18] Train Epoch: 2 [16800/20000 (84.0%)]	Loss: 0.43771156668663025
[2023-05-01 16:54:18] Train Epoch: 2 [17600/20000 (88.0%)]	Loss: 0.38741999864578247
[2023-05-01 16:54:18] Train Epoch: 2 [18400/20000 (92.0%)]	Loss: 0.4654275178909302
[2023-05-01 16:54:18] Train Epoch: 2 [19200/20000 (96.0%)]	Loss: 0.43302443623542786
[2023-05-01 16:54:20] ========== Metrics ==========
[2023-05-01 16:54:20] {
  "tr_loss": 0.5950459776097315,
  "tr_acc": 0.693069306930693,
  "tr_f1": 0.6852307692307692,
  "val_loss": 0.5486230059020747,
  "val_acc": 0.7639012257949902,
  "val_f1": 0.7532033426183844,
  "test_loss": 0.5563059111597738,
  "test_acc": 0.7588075880758808,
  "test_f1": 0.7478753541076487
}
[2023-05-01 16:54:20] ========== Metrics ==========
[2023-05-01 16:54:21] Train Epoch: 3 [0/20000 (0.0%)]	Loss: 0.4137830436229706
[2023-05-01 16:54:21] Train Epoch: 3 [800/20000 (4.0%)]	Loss: 0.49430954456329346
[2023-05-01 16:54:21] Train Epoch: 3 [1600/20000 (8.0%)]	Loss: 0.36111244559288025
[2023-05-01 16:54:22] Train Epoch: 3 [2400/20000 (12.0%)]	Loss: 0.42616182565689087
[2023-05-01 16:54:22] Train Epoch: 3 [3200/20000 (16.0%)]	Loss: 0.5685535669326782
[2023-05-01 16:54:22] Train Epoch: 3 [4000/20000 (20.0%)]	Loss: 0.618459939956665
[2023-05-01 16:54:22] Train Epoch: 3 [4800/20000 (24.0%)]	Loss: 0.41935738921165466
[2023-05-01 16:54:22] Train Epoch: 3 [5600/20000 (28.0%)]	Loss: 0.34858474135398865
[2023-05-01 16:54:22] Train Epoch: 3 [6400/20000 (32.0%)]	Loss: 0.5124238729476929
[2023-05-01 16:54:23] Train Epoch: 3 [7200/20000 (36.0%)]	Loss: 0.49260058999061584
[2023-05-01 16:54:23] Train Epoch: 3 [8000/20000 (40.0%)]	Loss: 0.475469708442688
[2023-05-01 16:54:23] Train Epoch: 3 [8800/20000 (44.0%)]	Loss: 0.5048753023147583
[2023-05-01 16:54:23] Train Epoch: 3 [9600/20000 (48.0%)]	Loss: 0.4564935564994812
[2023-05-01 16:54:23] Train Epoch: 3 [10400/20000 (52.0%)]	Loss: 0.46334147453308105
[2023-05-01 16:54:24] Train Epoch: 3 [11200/20000 (56.0%)]	Loss: 0.6126973032951355
[2023-05-01 16:54:24] Train Epoch: 3 [12000/20000 (60.0%)]	Loss: 0.6390100717544556
[2023-05-01 16:54:24] Train Epoch: 3 [12800/20000 (64.0%)]	Loss: 0.44234904646873474
[2023-05-01 16:54:24] Train Epoch: 3 [13600/20000 (68.0%)]	Loss: 0.49703121185302734
[2023-05-01 16:54:24] Train Epoch: 3 [14400/20000 (72.0%)]	Loss: 0.4719417095184326
[2023-05-01 16:54:24] Train Epoch: 3 [15200/20000 (76.0%)]	Loss: 0.4076578617095947
[2023-05-01 16:54:25] Train Epoch: 3 [16000/20000 (80.0%)]	Loss: 0.390556663274765
[2023-05-01 16:54:25] Train Epoch: 3 [16800/20000 (84.0%)]	Loss: 0.5695415139198303
[2023-05-01 16:54:25] Train Epoch: 3 [17600/20000 (88.0%)]	Loss: 0.4465530812740326
[2023-05-01 16:54:25] Train Epoch: 3 [18400/20000 (92.0%)]	Loss: 0.41566672921180725
[2023-05-01 16:54:25] Train Epoch: 3 [19200/20000 (96.0%)]	Loss: 0.474410742521286
[2023-05-01 16:54:28] ========== Metrics ==========
[2023-05-01 16:54:28] {
  "tr_loss": 0.48120868169065595,
  "tr_acc": 0.7783278327832783,
  "tr_f1": 0.7727482442200236,
  "val_loss": 0.4914157686658769,
  "val_acc": 0.7797122046544679,
  "val_f1": 0.7711332595053525,
  "test_loss": 0.4985781194071783,
  "test_acc": 0.7615176151761518,
  "test_f1": 0.752808988764045
}
[2023-05-01 16:54:28] ========== Metrics ==========
[2023-05-01 16:54:28] Train Epoch: 4 [0/20000 (0.0%)]	Loss: 0.2941395938396454
[2023-05-01 16:54:28] Train Epoch: 4 [800/20000 (4.0%)]	Loss: 0.4436454176902771
[2023-05-01 16:54:29] Train Epoch: 4 [1600/20000 (8.0%)]	Loss: 0.49660712480545044
[2023-05-01 16:54:29] Train Epoch: 4 [2400/20000 (12.0%)]	Loss: 0.40756383538246155
[2023-05-01 16:54:29] Train Epoch: 4 [3200/20000 (16.0%)]	Loss: 0.3355301022529602
[2023-05-01 16:54:29] Train Epoch: 4 [4000/20000 (20.0%)]	Loss: 0.51286381483078
[2023-05-01 16:54:29] Train Epoch: 4 [4800/20000 (24.0%)]	Loss: 0.562411904335022
[2023-05-01 16:54:30] Train Epoch: 4 [5600/20000 (28.0%)]	Loss: 0.24789310991764069
[2023-05-01 16:54:30] Train Epoch: 4 [6400/20000 (32.0%)]	Loss: 0.5542567372322083
[2023-05-01 16:54:30] Train Epoch: 4 [7200/20000 (36.0%)]	Loss: 0.5236901044845581
[2023-05-01 16:54:30] Train Epoch: 4 [8000/20000 (40.0%)]	Loss: 0.3330552875995636
[2023-05-01 16:54:30] Train Epoch: 4 [8800/20000 (44.0%)]	Loss: 0.27017760276794434
[2023-05-01 16:54:30] Train Epoch: 4 [9600/20000 (48.0%)]	Loss: 0.36097392439842224
[2023-05-01 16:54:31] Train Epoch: 4 [10400/20000 (52.0%)]	Loss: 0.31187179684638977
[2023-05-01 16:54:31] Train Epoch: 4 [11200/20000 (56.0%)]	Loss: 0.3216862678527832
[2023-05-01 16:54:31] Train Epoch: 4 [12000/20000 (60.0%)]	Loss: 0.369159996509552
[2023-05-01 16:54:31] Train Epoch: 4 [12800/20000 (64.0%)]	Loss: 0.414811909198761
[2023-05-01 16:54:31] Train Epoch: 4 [13600/20000 (68.0%)]	Loss: 0.47930634021759033
[2023-05-01 16:54:32] Train Epoch: 4 [14400/20000 (72.0%)]	Loss: 0.36564067006111145
[2023-05-01 16:54:32] Train Epoch: 4 [15200/20000 (76.0%)]	Loss: 0.5162705779075623
[2023-05-01 16:54:32] Train Epoch: 4 [16000/20000 (80.0%)]	Loss: 0.3777374029159546
[2023-05-01 16:54:32] Train Epoch: 4 [16800/20000 (84.0%)]	Loss: 0.3201788067817688
[2023-05-01 16:54:32] Train Epoch: 4 [17600/20000 (88.0%)]	Loss: 0.36436232924461365
[2023-05-01 16:54:33] Train Epoch: 4 [18400/20000 (92.0%)]	Loss: 0.3183746933937073
[2023-05-01 16:54:33] Train Epoch: 4 [19200/20000 (96.0%)]	Loss: 0.38379767537117004
[2023-05-01 16:54:35] ========== Metrics ==========
[2023-05-01 16:54:35] {
  "tr_loss": 0.3967879810492055,
  "tr_acc": 0.824982498249825,
  "tr_f1": 0.8209901800327333,
  "val_loss": 0.46506725405477717,
  "val_acc": 0.7871735654645585,
  "val_f1": 0.7874378992193045,
  "test_loss": 0.45956918540685804,
  "test_acc": 0.7831978319783198,
  "test_f1": 0.7814207650273224
}
[2023-05-01 16:54:35] ========== Metrics ==========
[2023-05-01 16:54:36] Train Epoch: 5 [0/20000 (0.0%)]	Loss: 0.46364378929138184
[2023-05-01 16:54:36] Train Epoch: 5 [800/20000 (4.0%)]	Loss: 0.25992128252983093
[2023-05-01 16:54:36] Train Epoch: 5 [1600/20000 (8.0%)]	Loss: 0.7279665470123291
[2023-05-01 16:54:36] Train Epoch: 5 [2400/20000 (12.0%)]	Loss: 0.449330598115921
[2023-05-01 16:54:36] Train Epoch: 5 [3200/20000 (16.0%)]	Loss: 0.3190927505493164
[2023-05-01 16:54:37] Train Epoch: 5 [4000/20000 (20.0%)]	Loss: 0.22765158116817474
[2023-05-01 16:54:37] Train Epoch: 5 [4800/20000 (24.0%)]	Loss: 0.33740657567977905
[2023-05-01 16:54:37] Train Epoch: 5 [5600/20000 (28.0%)]	Loss: 0.18244659900665283
[2023-05-01 16:54:37] Train Epoch: 5 [6400/20000 (32.0%)]	Loss: 0.36399537324905396
[2023-05-01 16:54:37] Train Epoch: 5 [7200/20000 (36.0%)]	Loss: 0.2999272346496582
[2023-05-01 16:54:37] Train Epoch: 5 [8000/20000 (40.0%)]	Loss: 0.27455154061317444
[2023-05-01 16:54:38] Train Epoch: 5 [8800/20000 (44.0%)]	Loss: 0.24905484914779663
[2023-05-01 16:54:38] Train Epoch: 5 [9600/20000 (48.0%)]	Loss: 0.2233545482158661
[2023-05-01 16:54:38] Train Epoch: 5 [10400/20000 (52.0%)]	Loss: 0.3929169774055481
[2023-05-01 16:54:38] Train Epoch: 5 [11200/20000 (56.0%)]	Loss: 0.41105735301971436
[2023-05-01 16:54:38] Train Epoch: 5 [12000/20000 (60.0%)]	Loss: 0.16003865003585815
[2023-05-01 16:54:38] Train Epoch: 5 [12800/20000 (64.0%)]	Loss: 0.43267279863357544
[2023-05-01 16:54:39] Train Epoch: 5 [13600/20000 (68.0%)]	Loss: 0.32808923721313477
[2023-05-01 16:54:39] Train Epoch: 5 [14400/20000 (72.0%)]	Loss: 0.1712537407875061
[2023-05-01 16:54:39] Train Epoch: 5 [15200/20000 (76.0%)]	Loss: 0.2059614062309265
[2023-05-01 16:54:39] Train Epoch: 5 [16000/20000 (80.0%)]	Loss: 0.3610208332538605
[2023-05-01 16:54:39] Train Epoch: 5 [16800/20000 (84.0%)]	Loss: 0.3150903880596161
[2023-05-01 16:54:39] Train Epoch: 5 [17600/20000 (88.0%)]	Loss: 0.29761356115341187
[2023-05-01 16:54:40] Train Epoch: 5 [18400/20000 (92.0%)]	Loss: 0.21674488484859467
[2023-05-01 16:54:40] Train Epoch: 5 [19200/20000 (96.0%)]	Loss: 0.29834890365600586
[2023-05-01 16:54:42] ========== Metrics ==========
[2023-05-01 16:54:42] {
  "tr_loss": 0.3301873271501545,
  "tr_acc": 0.8642864286428643,
  "tr_f1": 0.8618829516539441,
  "val_loss": 0.4565063285709042,
  "val_acc": 0.7852193995381063,
  "val_f1": 0.7908666320705761,
  "test_loss": 0.4553627993679305,
  "test_acc": 0.7940379403794038,
  "test_f1": 0.7989417989417991
}
[2023-05-01 16:54:42] ========== Metrics ==========
[2023-05-01 16:54:43] Train Epoch: 6 [0/20000 (0.0%)]	Loss: 0.29078608751296997
[2023-05-01 16:54:43] Train Epoch: 6 [800/20000 (4.0%)]	Loss: 0.15626317262649536
[2023-05-01 16:54:43] Train Epoch: 6 [1600/20000 (8.0%)]	Loss: 0.37073570489883423
[2023-05-01 16:54:43] Train Epoch: 6 [2400/20000 (12.0%)]	Loss: 0.310393750667572
[2023-05-01 16:54:43] Train Epoch: 6 [3200/20000 (16.0%)]	Loss: 0.4972173869609833
[2023-05-01 16:54:44] Train Epoch: 6 [4000/20000 (20.0%)]	Loss: 0.20507724583148956
[2023-05-01 16:54:44] Train Epoch: 6 [4800/20000 (24.0%)]	Loss: 0.24418511986732483
[2023-05-01 16:54:44] Train Epoch: 6 [5600/20000 (28.0%)]	Loss: 0.1065250039100647
[2023-05-01 16:54:44] Train Epoch: 6 [6400/20000 (32.0%)]	Loss: 0.17894503474235535
[2023-05-01 16:54:44] Train Epoch: 6 [7200/20000 (36.0%)]	Loss: 0.2982975244522095
[2023-05-01 16:54:45] Train Epoch: 6 [8000/20000 (40.0%)]	Loss: 0.3652937710285187
[2023-05-01 16:54:45] Train Epoch: 6 [8800/20000 (44.0%)]	Loss: 0.19216182827949524
[2023-05-01 16:54:45] Train Epoch: 6 [9600/20000 (48.0%)]	Loss: 0.2954791784286499
[2023-05-01 16:54:45] Train Epoch: 6 [10400/20000 (52.0%)]	Loss: 0.30391576886177063
[2023-05-01 16:54:45] Train Epoch: 6 [11200/20000 (56.0%)]	Loss: 0.15019463002681732
[2023-05-01 16:54:45] Train Epoch: 6 [12000/20000 (60.0%)]	Loss: 0.14909054338932037
[2023-05-01 16:54:46] Train Epoch: 6 [12800/20000 (64.0%)]	Loss: 0.17140883207321167
[2023-05-01 16:54:46] Train Epoch: 6 [13600/20000 (68.0%)]	Loss: 0.1732419729232788
[2023-05-01 16:54:46] Train Epoch: 6 [14400/20000 (72.0%)]	Loss: 0.22994281351566315
[2023-05-01 16:54:46] Train Epoch: 6 [15200/20000 (76.0%)]	Loss: 0.21424707770347595
[2023-05-01 16:54:46] Train Epoch: 6 [16000/20000 (80.0%)]	Loss: 0.1552233248949051
[2023-05-01 16:54:47] Train Epoch: 6 [16800/20000 (84.0%)]	Loss: 0.12807020545005798
[2023-05-01 16:54:47] Train Epoch: 6 [17600/20000 (88.0%)]	Loss: 0.3199770450592041
[2023-05-01 16:54:47] Train Epoch: 6 [18400/20000 (92.0%)]	Loss: 0.24030102789402008
[2023-05-01 16:54:47] Train Epoch: 6 [19200/20000 (96.0%)]	Loss: 0.16699957847595215
[2023-05-01 16:54:49] ========== Metrics ==========
[2023-05-01 16:54:49] {
  "tr_loss": 0.27533439210098093,
  "tr_acc": 0.890939093909391,
  "tr_f1": 0.8895752113817023,
  "val_loss": 0.4519174239588453,
  "val_acc": 0.7875288683602771,
  "val_f1": 0.7883934890304317,
  "test_loss": 0.455783880176906,
  "test_acc": 0.7913279132791328,
  "test_f1": 0.787878787878788
}
[2023-05-01 16:54:49] ========== Metrics ==========
[2023-05-01 16:54:50] Train Epoch: 7 [0/20000 (0.0%)]	Loss: 0.23659934103488922
[2023-05-01 16:54:50] Train Epoch: 7 [800/20000 (4.0%)]	Loss: 0.16082167625427246
[2023-05-01 16:54:50] Train Epoch: 7 [1600/20000 (8.0%)]	Loss: 0.15124210715293884
[2023-05-01 16:54:51] Train Epoch: 7 [2400/20000 (12.0%)]	Loss: 0.2405637502670288
[2023-05-01 16:54:51] Train Epoch: 7 [3200/20000 (16.0%)]	Loss: 0.2169700264930725
[2023-05-01 16:54:51] Train Epoch: 7 [4000/20000 (20.0%)]	Loss: 0.3553343117237091
[2023-05-01 16:54:51] Train Epoch: 7 [4800/20000 (24.0%)]	Loss: 0.2459506094455719
[2023-05-01 16:54:51] Train Epoch: 7 [5600/20000 (28.0%)]	Loss: 0.5712918639183044
[2023-05-01 16:54:51] Train Epoch: 7 [6400/20000 (32.0%)]	Loss: 0.27463510632514954
[2023-05-01 16:54:52] Train Epoch: 7 [7200/20000 (36.0%)]	Loss: 0.12620633840560913
[2023-05-01 16:54:52] Train Epoch: 7 [8000/20000 (40.0%)]	Loss: 0.2662838399410248
[2023-05-01 16:54:52] Train Epoch: 7 [8800/20000 (44.0%)]	Loss: 0.19483743607997894
[2023-05-01 16:54:52] Train Epoch: 7 [9600/20000 (48.0%)]	Loss: 0.3290468156337738
[2023-05-01 16:54:52] Train Epoch: 7 [10400/20000 (52.0%)]	Loss: 0.2054881900548935
[2023-05-01 16:54:53] Train Epoch: 7 [11200/20000 (56.0%)]	Loss: 0.21320700645446777
[2023-05-01 16:54:53] Train Epoch: 7 [12000/20000 (60.0%)]	Loss: 0.23843616247177124
[2023-05-01 16:54:53] Train Epoch: 7 [12800/20000 (64.0%)]	Loss: 0.17913994193077087
[2023-05-01 16:54:53] Train Epoch: 7 [13600/20000 (68.0%)]	Loss: 0.17317792773246765
[2023-05-01 16:54:53] Train Epoch: 7 [14400/20000 (72.0%)]	Loss: 0.18232698738574982
[2023-05-01 16:54:53] Train Epoch: 7 [15200/20000 (76.0%)]	Loss: 0.33971521258354187
[2023-05-01 16:54:54] Train Epoch: 7 [16000/20000 (80.0%)]	Loss: 0.16485412418842316
[2023-05-01 16:54:54] Train Epoch: 7 [16800/20000 (84.0%)]	Loss: 0.16858996450901031
[2023-05-01 16:54:54] Train Epoch: 7 [17600/20000 (88.0%)]	Loss: 0.24076107144355774
[2023-05-01 16:54:54] Train Epoch: 7 [18400/20000 (92.0%)]	Loss: 0.36846479773521423
[2023-05-01 16:54:54] Train Epoch: 7 [19200/20000 (96.0%)]	Loss: 0.47388604283332825
[2023-05-01 16:54:57] ========== Metrics ==========
[2023-05-01 16:54:57] {
  "tr_loss": 0.26870581897834217,
  "tr_acc": 0.8932893289328933,
  "tr_f1": 0.8913663205049888,
  "val_loss": 0.45209135893162494,
  "val_acc": 0.7882394741517144,
  "val_f1": 0.7905832747716092,
  "test_loss": 0.43658263541172515,
  "test_acc": 0.7913279132791328,
  "test_f1": 0.787878787878788
}
[2023-05-01 16:54:57] ========== Metrics ==========
[2023-05-01 16:54:57] Train Epoch: 8 [0/20000 (0.0%)]	Loss: 0.22369560599327087
[2023-05-01 16:54:57] Train Epoch: 8 [800/20000 (4.0%)]	Loss: 0.22382088005542755
[2023-05-01 16:54:58] Train Epoch: 8 [1600/20000 (8.0%)]	Loss: 0.06918904930353165
[2023-05-01 16:54:58] Train Epoch: 8 [2400/20000 (12.0%)]	Loss: 0.24790573120117188
[2023-05-01 16:54:58] Train Epoch: 8 [3200/20000 (16.0%)]	Loss: 0.2596157491207123
[2023-05-01 16:54:58] Train Epoch: 8 [4000/20000 (20.0%)]	Loss: 0.12881353497505188
[2023-05-01 16:54:58] Train Epoch: 8 [4800/20000 (24.0%)]	Loss: 0.2312454879283905
[2023-05-01 16:54:58] Train Epoch: 8 [5600/20000 (28.0%)]	Loss: 0.25058579444885254
[2023-05-01 16:54:59] Train Epoch: 8 [6400/20000 (32.0%)]	Loss: 0.275806725025177
[2023-05-01 16:54:59] Train Epoch: 8 [7200/20000 (36.0%)]	Loss: 0.40854769945144653
[2023-05-01 16:54:59] Train Epoch: 8 [8000/20000 (40.0%)]	Loss: 0.27433621883392334
[2023-05-01 16:54:59] Train Epoch: 8 [8800/20000 (44.0%)]	Loss: 0.13227052986621857
[2023-05-01 16:54:59] Train Epoch: 8 [9600/20000 (48.0%)]	Loss: 0.20999744534492493
[2023-05-01 16:54:59] Train Epoch: 8 [10400/20000 (52.0%)]	Loss: 0.14859209954738617
[2023-05-01 16:55:00] Train Epoch: 8 [11200/20000 (56.0%)]	Loss: 0.38261061906814575
[2023-05-01 16:55:00] Train Epoch: 8 [12000/20000 (60.0%)]	Loss: 0.3404204249382019
[2023-05-01 16:55:00] Train Epoch: 8 [12800/20000 (64.0%)]	Loss: 0.15173211693763733
[2023-05-01 16:55:00] Train Epoch: 8 [13600/20000 (68.0%)]	Loss: 0.17450286448001862
[2023-05-01 16:55:00] Train Epoch: 8 [14400/20000 (72.0%)]	Loss: 0.2868838906288147
[2023-05-01 16:55:01] Train Epoch: 8 [15200/20000 (76.0%)]	Loss: 0.24311187863349915
[2023-05-01 16:55:01] Train Epoch: 8 [16000/20000 (80.0%)]	Loss: 0.3072063624858856
[2023-05-01 16:55:01] Train Epoch: 8 [16800/20000 (84.0%)]	Loss: 0.379272997379303
[2023-05-01 16:55:01] Train Epoch: 8 [17600/20000 (88.0%)]	Loss: 0.3748140037059784
[2023-05-01 16:55:01] Train Epoch: 8 [18400/20000 (92.0%)]	Loss: 0.14574399590492249
[2023-05-01 16:55:01] Train Epoch: 8 [19200/20000 (96.0%)]	Loss: 0.16284434497356415
[2023-05-01 16:55:04] ========== Metrics ==========
[2023-05-01 16:55:04] {
  "tr_loss": 0.26653422896463114,
  "tr_acc": 0.8935393539353935,
  "tr_f1": 0.8917916137229988,
  "val_loss": 0.4518295168813115,
  "val_acc": 0.788061822703855,
  "val_f1": 0.7912510936132984,
  "test_loss": 0.4634714501336984,
  "test_acc": 0.7940379403794038,
  "test_f1": 0.7923497267759563
}
[2023-05-01 16:55:04] ========== Metrics ==========
[2023-05-01 16:55:04] Train Epoch: 9 [0/20000 (0.0%)]	Loss: 0.20464101433753967
[2023-05-01 16:55:04] Train Epoch: 9 [800/20000 (4.0%)]	Loss: 0.17290489375591278
[2023-05-01 16:55:05] Train Epoch: 9 [1600/20000 (8.0%)]	Loss: 0.16134756803512573
[2023-05-01 16:55:05] Train Epoch: 9 [2400/20000 (12.0%)]	Loss: 0.26431339979171753
[2023-05-01 16:55:05] Train Epoch: 9 [3200/20000 (16.0%)]	Loss: 0.18187469244003296
[2023-05-01 16:55:05] Train Epoch: 9 [4000/20000 (20.0%)]	Loss: 0.250071257352829
[2023-05-01 16:55:05] Train Epoch: 9 [4800/20000 (24.0%)]	Loss: 0.15617752075195312
[2023-05-01 16:55:05] Train Epoch: 9 [5600/20000 (28.0%)]	Loss: 0.3846355974674225
[2023-05-01 16:55:06] Train Epoch: 9 [6400/20000 (32.0%)]	Loss: 0.2711966037750244
[2023-05-01 16:55:06] Train Epoch: 9 [7200/20000 (36.0%)]	Loss: 0.1572590172290802
[2023-05-01 16:55:06] Train Epoch: 9 [8000/20000 (40.0%)]	Loss: 0.34272968769073486
[2023-05-01 16:55:06] Train Epoch: 9 [8800/20000 (44.0%)]	Loss: 0.31900665163993835
[2023-05-01 16:55:06] Train Epoch: 9 [9600/20000 (48.0%)]	Loss: 0.09627126157283783
[2023-05-01 16:55:06] Train Epoch: 9 [10400/20000 (52.0%)]	Loss: 0.24330496788024902
[2023-05-01 16:55:07] Train Epoch: 9 [11200/20000 (56.0%)]	Loss: 0.12123620510101318
[2023-05-01 16:55:07] Train Epoch: 9 [12000/20000 (60.0%)]	Loss: 0.32659754157066345
[2023-05-01 16:55:07] Train Epoch: 9 [12800/20000 (64.0%)]	Loss: 0.19024328887462616
[2023-05-01 16:55:07] Train Epoch: 9 [13600/20000 (68.0%)]	Loss: 0.21733322739601135
[2023-05-01 16:55:07] Train Epoch: 9 [14400/20000 (72.0%)]	Loss: 0.551661491394043
[2023-05-01 16:55:07] Train Epoch: 9 [15200/20000 (76.0%)]	Loss: 0.31180980801582336
[2023-05-01 16:55:08] Train Epoch: 9 [16000/20000 (80.0%)]	Loss: 0.08128651231527328
[2023-05-01 16:55:08] Train Epoch: 9 [16800/20000 (84.0%)]	Loss: 0.21280592679977417
[2023-05-01 16:55:08] Train Epoch: 9 [17600/20000 (88.0%)]	Loss: 0.1725185364484787
[2023-05-01 16:55:08] Train Epoch: 9 [18400/20000 (92.0%)]	Loss: 0.22934281826019287
[2023-05-01 16:55:08] Train Epoch: 9 [19200/20000 (96.0%)]	Loss: 0.40210577845573425
[2023-05-01 16:55:11] ========== Metrics ==========
[2023-05-01 16:55:11] {
  "tr_loss": 0.25492765434873926,
  "tr_acc": 0.9010901090109011,
  "tr_f1": 0.8997465788139889,
  "val_loss": 0.45076313859977185,
  "val_acc": 0.788061822703855,
  "val_f1": 0.7902970645104589,
  "test_loss": 0.4526920699814794,
  "test_acc": 0.7967479674796748,
  "test_f1": 0.7956403269754769
}
[2023-05-01 16:55:11] ========== Metrics ==========
[2023-05-01 16:55:11] Train Epoch: 10 [0/20000 (0.0%)]	Loss: 0.18126121163368225
[2023-05-01 16:55:11] Train Epoch: 10 [800/20000 (4.0%)]	Loss: 0.25506243109703064
[2023-05-01 16:55:12] Train Epoch: 10 [1600/20000 (8.0%)]	Loss: 0.1494561731815338
[2023-05-01 16:55:12] Train Epoch: 10 [2400/20000 (12.0%)]	Loss: 0.19965289533138275
[2023-05-01 16:55:12] Train Epoch: 10 [3200/20000 (16.0%)]	Loss: 0.18792717158794403
[2023-05-01 16:55:12] Train Epoch: 10 [4000/20000 (20.0%)]	Loss: 0.19367659091949463
[2023-05-01 16:55:12] Train Epoch: 10 [4800/20000 (24.0%)]	Loss: 0.08901053667068481
[2023-05-01 16:55:13] Train Epoch: 10 [5600/20000 (28.0%)]	Loss: 0.16637180745601654
[2023-05-01 16:55:13] Train Epoch: 10 [6400/20000 (32.0%)]	Loss: 0.5255532264709473
[2023-05-01 16:55:13] Train Epoch: 10 [7200/20000 (36.0%)]	Loss: 0.12594200670719147
[2023-05-01 16:55:13] Train Epoch: 10 [8000/20000 (40.0%)]	Loss: 0.26216474175453186
[2023-05-01 16:55:13] Train Epoch: 10 [8800/20000 (44.0%)]	Loss: 0.1905805617570877
[2023-05-01 16:55:13] Train Epoch: 10 [9600/20000 (48.0%)]	Loss: 0.31227028369903564
[2023-05-01 16:55:14] Train Epoch: 10 [10400/20000 (52.0%)]	Loss: 0.17137208580970764
[2023-05-01 16:55:14] Train Epoch: 10 [11200/20000 (56.0%)]	Loss: 0.3678671717643738
[2023-05-01 16:55:14] Train Epoch: 10 [12000/20000 (60.0%)]	Loss: 0.2188941389322281
[2023-05-01 16:55:14] Train Epoch: 10 [12800/20000 (64.0%)]	Loss: 0.4238203167915344
[2023-05-01 16:55:14] Train Epoch: 10 [13600/20000 (68.0%)]	Loss: 0.10766055434942245
[2023-05-01 16:55:15] Train Epoch: 10 [14400/20000 (72.0%)]	Loss: 0.3745573163032532
[2023-05-01 16:55:15] Train Epoch: 10 [15200/20000 (76.0%)]	Loss: 0.35033735632896423
[2023-05-01 16:55:15] Train Epoch: 10 [16000/20000 (80.0%)]	Loss: 0.11752889305353165
[2023-05-01 16:55:15] Train Epoch: 10 [16800/20000 (84.0%)]	Loss: 0.42524775862693787
[2023-05-01 16:55:15] Train Epoch: 10 [17600/20000 (88.0%)]	Loss: 0.24444609880447388
[2023-05-01 16:55:15] Train Epoch: 10 [18400/20000 (92.0%)]	Loss: 0.3578053414821625
[2023-05-01 16:55:16] Train Epoch: 10 [19200/20000 (96.0%)]	Loss: 0.19883893430233002
[2023-05-01 16:55:18] ========== Metrics ==========
[2023-05-01 16:55:18] {
  "tr_loss": 0.24819192184497266,
  "tr_acc": 0.9022902290229022,
  "tr_f1": 0.9010231992705905,
  "val_loss": 0.4508123160636876,
  "val_acc": 0.7875288683602771,
  "val_f1": 0.7901754385964912,
  "test_loss": 0.4320933705745997,
  "test_acc": 0.7994579945799458,
  "test_f1": 0.7989130434782609
}
[2023-05-01 16:55:18] ========== Metrics ==========
[2023-05-01 16:55:18] Train Epoch: 11 [0/20000 (0.0%)]	Loss: 0.3153686821460724
[2023-05-01 16:55:19] Train Epoch: 11 [800/20000 (4.0%)]	Loss: 0.13144654035568237
[2023-05-01 16:55:19] Train Epoch: 11 [1600/20000 (8.0%)]	Loss: 0.21866348385810852
[2023-05-01 16:55:19] Train Epoch: 11 [2400/20000 (12.0%)]	Loss: 0.16614942252635956
[2023-05-01 16:55:19] Train Epoch: 11 [3200/20000 (16.0%)]	Loss: 0.19950111210346222
[2023-05-01 16:55:19] Train Epoch: 11 [4000/20000 (20.0%)]	Loss: 0.2878558933734894
[2023-05-01 16:55:20] Train Epoch: 11 [4800/20000 (24.0%)]	Loss: 0.4521547853946686
[2023-05-01 16:55:20] Train Epoch: 11 [5600/20000 (28.0%)]	Loss: 0.20318907499313354
[2023-05-01 16:55:20] Train Epoch: 11 [6400/20000 (32.0%)]	Loss: 0.14160849153995514
[2023-05-01 16:55:20] Train Epoch: 11 [7200/20000 (36.0%)]	Loss: 0.2187531292438507
[2023-05-01 16:55:20] Train Epoch: 11 [8000/20000 (40.0%)]	Loss: 0.2459699660539627
[2023-05-01 16:55:21] Train Epoch: 11 [8800/20000 (44.0%)]	Loss: 0.3943304419517517
[2023-05-01 16:55:21] Train Epoch: 11 [9600/20000 (48.0%)]	Loss: 0.2293338179588318
[2023-05-01 16:55:21] Train Epoch: 11 [10400/20000 (52.0%)]	Loss: 0.22503796219825745
[2023-05-01 16:55:21] Train Epoch: 11 [11200/20000 (56.0%)]	Loss: 0.3888282775878906
[2023-05-01 16:55:21] Train Epoch: 11 [12000/20000 (60.0%)]	Loss: 0.1786363422870636
[2023-05-01 16:55:21] Train Epoch: 11 [12800/20000 (64.0%)]	Loss: 0.34256547689437866
[2023-05-01 16:55:22] Train Epoch: 11 [13600/20000 (68.0%)]	Loss: 0.14661256968975067
[2023-05-01 16:55:22] Train Epoch: 11 [14400/20000 (72.0%)]	Loss: 0.2804091274738312
[2023-05-01 16:55:22] Train Epoch: 11 [15200/20000 (76.0%)]	Loss: 0.3160936236381531
[2023-05-01 16:55:22] Train Epoch: 11 [16000/20000 (80.0%)]	Loss: 0.4096728563308716
[2023-05-01 16:55:22] Train Epoch: 11 [16800/20000 (84.0%)]	Loss: 0.23450958728790283
[2023-05-01 16:55:22] Train Epoch: 11 [17600/20000 (88.0%)]	Loss: 0.3063982129096985
[2023-05-01 16:55:23] Train Epoch: 11 [18400/20000 (92.0%)]	Loss: 0.1268145591020584
[2023-05-01 16:55:23] Train Epoch: 11 [19200/20000 (96.0%)]	Loss: 0.1393023133277893
[2023-05-01 16:55:25] ========== Metrics ==========
[2023-05-01 16:55:25] {
  "tr_loss": 0.24992035265707566,
  "tr_acc": 0.8998899889988999,
  "tr_f1": 0.8988275722660197,
  "val_loss": 0.450730694147172,
  "val_acc": 0.7877065198081364,
  "val_f1": 0.790240477444269,
  "test_loss": 0.4635007026072763,
  "test_acc": 0.7994579945799458,
  "test_f1": 0.7989130434782609
}
[2023-05-01 16:55:25] ========== Metrics ==========
[2023-05-01 16:55:26] Train Epoch: 12 [0/20000 (0.0%)]	Loss: 0.18765974044799805
[2023-05-01 16:55:26] Train Epoch: 12 [800/20000 (4.0%)]	Loss: 0.5001600384712219
[2023-05-01 16:55:26] Train Epoch: 12 [1600/20000 (8.0%)]	Loss: 0.1715485155582428
[2023-05-01 16:55:26] Train Epoch: 12 [2400/20000 (12.0%)]	Loss: 0.2780693471431732
[2023-05-01 16:55:27] Train Epoch: 12 [3200/20000 (16.0%)]	Loss: 0.4832480549812317
[2023-05-01 16:55:27] Train Epoch: 12 [4000/20000 (20.0%)]	Loss: 0.12059815227985382
[2023-05-01 16:55:27] Train Epoch: 12 [4800/20000 (24.0%)]	Loss: 0.13172084093093872
[2023-05-01 16:55:27] Train Epoch: 12 [5600/20000 (28.0%)]	Loss: 0.07190249115228653
[2023-05-01 16:55:27] Train Epoch: 12 [6400/20000 (32.0%)]	Loss: 0.15360939502716064
[2023-05-01 16:55:27] Train Epoch: 12 [7200/20000 (36.0%)]	Loss: 0.44830507040023804
[2023-05-01 16:55:28] Train Epoch: 12 [8000/20000 (40.0%)]	Loss: 0.19843344390392303
[2023-05-01 16:55:28] Train Epoch: 12 [8800/20000 (44.0%)]	Loss: 0.11718150973320007
[2023-05-01 16:55:28] Train Epoch: 12 [9600/20000 (48.0%)]	Loss: 0.19166643917560577
[2023-05-01 16:55:28] Train Epoch: 12 [10400/20000 (52.0%)]	Loss: 0.11473697423934937
[2023-05-01 16:55:28] Train Epoch: 12 [11200/20000 (56.0%)]	Loss: 0.21970373392105103
[2023-05-01 16:55:28] Train Epoch: 12 [12000/20000 (60.0%)]	Loss: 0.22945964336395264
[2023-05-01 16:55:29] Train Epoch: 12 [12800/20000 (64.0%)]	Loss: 0.4736425578594208
[2023-05-01 16:55:29] Train Epoch: 12 [13600/20000 (68.0%)]	Loss: 0.36645734310150146
[2023-05-01 16:55:29] Train Epoch: 12 [14400/20000 (72.0%)]	Loss: 0.21157801151275635
[2023-05-01 16:55:29] Train Epoch: 12 [15200/20000 (76.0%)]	Loss: 0.41064682602882385
[2023-05-01 16:55:29] Train Epoch: 12 [16000/20000 (80.0%)]	Loss: 0.3144417405128479
[2023-05-01 16:55:29] Train Epoch: 12 [16800/20000 (84.0%)]	Loss: 0.36952829360961914
[2023-05-01 16:55:30] Train Epoch: 12 [17600/20000 (88.0%)]	Loss: 0.19087296724319458
[2023-05-01 16:55:30] Train Epoch: 12 [18400/20000 (92.0%)]	Loss: 0.14617151021957397
[2023-05-01 16:55:30] Train Epoch: 12 [19200/20000 (96.0%)]	Loss: 0.14465834200382233
[2023-05-01 16:55:32] ========== Metrics ==========
[2023-05-01 16:55:32] {
  "tr_loss": 0.2455069099602574,
  "tr_acc": 0.9018401840184018,
  "tr_f1": 0.9006729747507968,
  "val_loss": 0.4506635734085758,
  "val_acc": 0.7878841712559957,
  "val_f1": 0.7903055848261328,
  "test_loss": 0.434863277244051,
  "test_acc": 0.7994579945799458,
  "test_f1": 0.7989130434782609
}
[2023-05-01 16:55:32] ========== Metrics ==========
[2023-05-01 16:55:33] Train Epoch: 13 [0/20000 (0.0%)]	Loss: 0.29700252413749695
[2023-05-01 16:55:33] Train Epoch: 13 [800/20000 (4.0%)]	Loss: 0.26285699009895325
[2023-05-01 16:55:33] Train Epoch: 13 [1600/20000 (8.0%)]	Loss: 0.3865989148616791
[2023-05-01 16:55:33] Train Epoch: 13 [2400/20000 (12.0%)]	Loss: 0.07536128163337708
[2023-05-01 16:55:34] Train Epoch: 13 [3200/20000 (16.0%)]	Loss: 0.22530683875083923
[2023-05-01 16:55:34] Train Epoch: 13 [4000/20000 (20.0%)]	Loss: 0.27069225907325745
[2023-05-01 16:55:34] Train Epoch: 13 [4800/20000 (24.0%)]	Loss: 0.31665173172950745
[2023-05-01 16:55:34] Train Epoch: 13 [5600/20000 (28.0%)]	Loss: 0.2604173719882965
[2023-05-01 16:55:34] Train Epoch: 13 [6400/20000 (32.0%)]	Loss: 0.3433381915092468
[2023-05-01 16:55:35] Train Epoch: 13 [7200/20000 (36.0%)]	Loss: 0.1925523579120636
[2023-05-01 16:55:35] Train Epoch: 13 [8000/20000 (40.0%)]	Loss: 0.36045584082603455
[2023-05-01 16:55:35] Train Epoch: 13 [8800/20000 (44.0%)]	Loss: 0.4044400155544281
[2023-05-01 16:55:35] Train Epoch: 13 [9600/20000 (48.0%)]	Loss: 0.18214218318462372
[2023-05-01 16:55:35] Train Epoch: 13 [10400/20000 (52.0%)]	Loss: 0.15705512464046478
[2023-05-01 16:55:36] Train Epoch: 13 [11200/20000 (56.0%)]	Loss: 0.19144222140312195
[2023-05-01 16:55:36] Train Epoch: 13 [12000/20000 (60.0%)]	Loss: 0.3304605782032013
[2023-05-01 16:55:36] Train Epoch: 13 [12800/20000 (64.0%)]	Loss: 0.09436513483524323
[2023-05-01 16:55:36] Train Epoch: 13 [13600/20000 (68.0%)]	Loss: 0.100550577044487
[2023-05-01 16:55:36] Train Epoch: 13 [14400/20000 (72.0%)]	Loss: 0.10489890724420547
[2023-05-01 16:55:36] Train Epoch: 13 [15200/20000 (76.0%)]	Loss: 0.20966798067092896
[2023-05-01 16:55:37] Train Epoch: 13 [16000/20000 (80.0%)]	Loss: 0.3041589856147766
[2023-05-01 16:55:37] Train Epoch: 13 [16800/20000 (84.0%)]	Loss: 0.2805185317993164
[2023-05-01 16:55:37] Train Epoch: 13 [17600/20000 (88.0%)]	Loss: 0.19536557793617249
[2023-05-01 16:55:37] Train Epoch: 13 [18400/20000 (92.0%)]	Loss: 0.12279237806797028
[2023-05-01 16:55:37] Train Epoch: 13 [19200/20000 (96.0%)]	Loss: 0.17698527872562408
[2023-05-01 16:55:39] Stop At epoch 13/20 due to valid not increase
[2023-05-01 16:55:39] ========== Metrics ==========
[2023-05-01 16:55:39] {
  "tr_loss": 0.24323639413728418,
  "tr_acc": 0.9044904490449045,
  "tr_f1": 0.9030358412021526,
  "val_loss": 0.45069198533005816,
  "val_acc": 0.7877065198081364,
  "val_f1": 0.7901668129938543,
  "test_loss": 0.4295022421412998,
  "test_acc": 0.7994579945799458,
  "test_f1": 0.7989130434782609
}
[2023-05-01 16:55:39] ========== Metrics ==========
