[2023-05-03 08:48:43] Train Epoch: 1 [0/20000 (0.0%)]	Loss: 0.6919795870780945
[2023-05-03 08:48:43] Train Epoch: 1 [800/20000 (4.0%)]	Loss: 0.7152230143547058
[2023-05-03 08:48:44] Train Epoch: 1 [1600/20000 (8.0%)]	Loss: 0.7251176238059998
[2023-05-03 08:48:44] Train Epoch: 1 [2400/20000 (12.0%)]	Loss: 0.709113359451294
[2023-05-03 08:48:44] Train Epoch: 1 [3200/20000 (16.0%)]	Loss: 0.687856912612915
[2023-05-03 08:48:45] Train Epoch: 1 [4000/20000 (20.0%)]	Loss: 0.6848469376564026
[2023-05-03 08:48:45] Train Epoch: 1 [4800/20000 (24.0%)]	Loss: 0.6739145517349243
[2023-05-03 08:48:45] Train Epoch: 1 [5600/20000 (28.0%)]	Loss: 0.7586606740951538
[2023-05-03 08:48:45] Train Epoch: 1 [6400/20000 (32.0%)]	Loss: 0.6876775622367859
[2023-05-03 08:48:46] Train Epoch: 1 [7200/20000 (36.0%)]	Loss: 0.6388342976570129
[2023-05-03 08:48:46] Train Epoch: 1 [8000/20000 (40.0%)]	Loss: 0.6849403381347656
[2023-05-03 08:48:46] Train Epoch: 1 [8800/20000 (44.0%)]	Loss: 0.6846132278442383
[2023-05-03 08:48:47] Train Epoch: 1 [9600/20000 (48.0%)]	Loss: 0.652978777885437
[2023-05-03 08:48:47] Train Epoch: 1 [10400/20000 (52.0%)]	Loss: 0.7013862133026123
[2023-05-03 08:48:47] Train Epoch: 1 [11200/20000 (56.0%)]	Loss: 0.6385889649391174
[2023-05-03 08:48:47] Train Epoch: 1 [12000/20000 (60.0%)]	Loss: 0.6835436224937439
[2023-05-03 08:48:48] Train Epoch: 1 [12800/20000 (64.0%)]	Loss: 0.7230496406555176
[2023-05-03 08:48:48] Train Epoch: 1 [13600/20000 (68.0%)]	Loss: 0.7149470448493958
[2023-05-03 08:48:48] Train Epoch: 1 [14400/20000 (72.0%)]	Loss: 0.6429094672203064
[2023-05-03 08:48:49] Train Epoch: 1 [15200/20000 (76.0%)]	Loss: 0.6266360282897949
[2023-05-03 08:48:49] Train Epoch: 1 [16000/20000 (80.0%)]	Loss: 0.6822942495346069
[2023-05-03 08:48:49] Train Epoch: 1 [16800/20000 (84.0%)]	Loss: 0.6641056537628174
[2023-05-03 08:48:49] Train Epoch: 1 [17600/20000 (88.0%)]	Loss: 0.6608113050460815
[2023-05-03 08:48:50] Train Epoch: 1 [18400/20000 (92.0%)]	Loss: 0.7064541578292847
[2023-05-03 08:48:50] Train Epoch: 1 [19200/20000 (96.0%)]	Loss: 0.6842257976531982
[2023-05-03 08:48:54] ========== Metrics ==========
[2023-05-03 08:48:54] {
  "tr_loss": 0.685599524040844,
  "tr_acc": 0.5422042204220422,
  "tr_f1": 0.5597075939017938,
  "val_loss": 0.6456503020147804,
  "val_acc": 0.7210872268608989,
  "val_f1": 0.6970281744500193,
  "test_loss": 0.6714696108810301,
  "test_acc": 0.7317073170731707,
  "test_f1": 0.7027027027027026
}
[2023-05-03 08:48:54] ========== Metrics ==========
[2023-05-03 08:48:55] Train Epoch: 2 [0/20000 (0.0%)]	Loss: 0.6241377592086792
[2023-05-03 08:48:56] Train Epoch: 2 [800/20000 (4.0%)]	Loss: 0.6522819399833679
[2023-05-03 08:48:56] Train Epoch: 2 [1600/20000 (8.0%)]	Loss: 0.5980970859527588
[2023-05-03 08:48:56] Train Epoch: 2 [2400/20000 (12.0%)]	Loss: 0.6347848773002625
[2023-05-03 08:48:56] Train Epoch: 2 [3200/20000 (16.0%)]	Loss: 0.5431936979293823
[2023-05-03 08:48:57] Train Epoch: 2 [4000/20000 (20.0%)]	Loss: 0.6720825433731079
[2023-05-03 08:48:57] Train Epoch: 2 [4800/20000 (24.0%)]	Loss: 0.5572869777679443
[2023-05-03 08:48:57] Train Epoch: 2 [5600/20000 (28.0%)]	Loss: 0.6010727882385254
[2023-05-03 08:48:58] Train Epoch: 2 [6400/20000 (32.0%)]	Loss: 0.5763988494873047
[2023-05-03 08:48:58] Train Epoch: 2 [7200/20000 (36.0%)]	Loss: 0.4021807610988617
[2023-05-03 08:48:58] Train Epoch: 2 [8000/20000 (40.0%)]	Loss: 0.5670316219329834
[2023-05-03 08:48:58] Train Epoch: 2 [8800/20000 (44.0%)]	Loss: 0.5914551019668579
[2023-05-03 08:48:59] Train Epoch: 2 [9600/20000 (48.0%)]	Loss: 0.616760790348053
[2023-05-03 08:48:59] Train Epoch: 2 [10400/20000 (52.0%)]	Loss: 0.5608310699462891
[2023-05-03 08:48:59] Train Epoch: 2 [11200/20000 (56.0%)]	Loss: 0.643512487411499
[2023-05-03 08:48:59] Train Epoch: 2 [12000/20000 (60.0%)]	Loss: 0.5518044233322144
[2023-05-03 08:49:00] Train Epoch: 2 [12800/20000 (64.0%)]	Loss: 0.42039379477500916
[2023-05-03 08:49:00] Train Epoch: 2 [13600/20000 (68.0%)]	Loss: 0.5452990531921387
[2023-05-03 08:49:00] Train Epoch: 2 [14400/20000 (72.0%)]	Loss: 0.5951894521713257
[2023-05-03 08:49:01] Train Epoch: 2 [15200/20000 (76.0%)]	Loss: 0.4443546533584595
[2023-05-03 08:49:01] Train Epoch: 2 [16000/20000 (80.0%)]	Loss: 0.6086398959159851
[2023-05-03 08:49:01] Train Epoch: 2 [16800/20000 (84.0%)]	Loss: 0.4577321708202362
[2023-05-03 08:49:02] Train Epoch: 2 [17600/20000 (88.0%)]	Loss: 0.5823413133621216
[2023-05-03 08:49:02] Train Epoch: 2 [18400/20000 (92.0%)]	Loss: 0.3721480965614319
[2023-05-03 08:49:02] Train Epoch: 2 [19200/20000 (96.0%)]	Loss: 0.4738527536392212
[2023-05-03 08:49:06] ========== Metrics ==========
[2023-05-03 08:49:06] {
  "tr_loss": 0.5664864503713783,
  "tr_acc": 0.7218221822182218,
  "tr_f1": 0.7160140895400479,
  "val_loss": 0.5183856775714484,
  "val_acc": 0.786285308225262,
  "val_f1": 0.7841378072851247,
  "test_loss": 0.5264521291262412,
  "test_acc": 0.7940379403794038,
  "test_f1": 0.7877094972067039
}
[2023-05-03 08:49:06] ========== Metrics ==========
[2023-05-03 08:49:07] Train Epoch: 3 [0/20000 (0.0%)]	Loss: 0.5211976766586304
[2023-05-03 08:49:08] Train Epoch: 3 [800/20000 (4.0%)]	Loss: 0.35080191493034363
[2023-05-03 08:49:08] Train Epoch: 3 [1600/20000 (8.0%)]	Loss: 0.3226129114627838
[2023-05-03 08:49:08] Train Epoch: 3 [2400/20000 (12.0%)]	Loss: 0.3532606363296509
[2023-05-03 08:49:09] Train Epoch: 3 [3200/20000 (16.0%)]	Loss: 0.3549865186214447
[2023-05-03 08:49:09] Train Epoch: 3 [4000/20000 (20.0%)]	Loss: 0.48053017258644104
[2023-05-03 08:49:09] Train Epoch: 3 [4800/20000 (24.0%)]	Loss: 0.7866659760475159
[2023-05-03 08:49:09] Train Epoch: 3 [5600/20000 (28.0%)]	Loss: 0.5120449662208557
[2023-05-03 08:49:10] Train Epoch: 3 [6400/20000 (32.0%)]	Loss: 0.3504317104816437
[2023-05-03 08:49:10] Train Epoch: 3 [7200/20000 (36.0%)]	Loss: 0.4196377992630005
[2023-05-03 08:49:10] Train Epoch: 3 [8000/20000 (40.0%)]	Loss: 0.47197484970092773
[2023-05-03 08:49:11] Train Epoch: 3 [8800/20000 (44.0%)]	Loss: 0.5771129131317139
[2023-05-03 08:49:11] Train Epoch: 3 [9600/20000 (48.0%)]	Loss: 0.5397621989250183
[2023-05-03 08:49:11] Train Epoch: 3 [10400/20000 (52.0%)]	Loss: 0.32218965888023376
[2023-05-03 08:49:11] Train Epoch: 3 [11200/20000 (56.0%)]	Loss: 0.3442002236843109
[2023-05-03 08:49:12] Train Epoch: 3 [12000/20000 (60.0%)]	Loss: 0.24658098816871643
[2023-05-03 08:49:12] Train Epoch: 3 [12800/20000 (64.0%)]	Loss: 0.45581895112991333
[2023-05-03 08:49:12] Train Epoch: 3 [13600/20000 (68.0%)]	Loss: 0.398563027381897
[2023-05-03 08:49:13] Train Epoch: 3 [14400/20000 (72.0%)]	Loss: 0.38640153408050537
[2023-05-03 08:49:13] Train Epoch: 3 [15200/20000 (76.0%)]	Loss: 0.3009755313396454
[2023-05-03 08:49:13] Train Epoch: 3 [16000/20000 (80.0%)]	Loss: 0.2872682511806488
[2023-05-03 08:49:14] Train Epoch: 3 [16800/20000 (84.0%)]	Loss: 0.5774404406547546
[2023-05-03 08:49:14] Train Epoch: 3 [17600/20000 (88.0%)]	Loss: 0.3354122042655945
[2023-05-03 08:49:14] Train Epoch: 3 [18400/20000 (92.0%)]	Loss: 0.2930777072906494
[2023-05-03 08:49:14] Train Epoch: 3 [19200/20000 (96.0%)]	Loss: 0.5102461576461792
[2023-05-03 08:49:19] ========== Metrics ==========
[2023-05-03 08:49:19] {
  "tr_loss": 0.425754677034495,
  "tr_acc": 0.81998199819982,
  "tr_f1": 0.8175367460719716,
  "val_loss": 0.4582920252355595,
  "val_acc": 0.8036951501154734,
  "val_f1": 0.7940354147250699,
  "test_loss": 0.4598073675057429,
  "test_acc": 0.7994579945799458,
  "test_f1": 0.7873563218390806
}
[2023-05-03 08:49:19] ========== Metrics ==========
[2023-05-03 08:49:20] Train Epoch: 4 [0/20000 (0.0%)]	Loss: 0.4123417139053345
[2023-05-03 08:49:20] Train Epoch: 4 [800/20000 (4.0%)]	Loss: 0.3682868778705597
[2023-05-03 08:49:20] Train Epoch: 4 [1600/20000 (8.0%)]	Loss: 0.4290553629398346
[2023-05-03 08:49:20] Train Epoch: 4 [2400/20000 (12.0%)]	Loss: 0.39281776547431946
[2023-05-03 08:49:21] Train Epoch: 4 [3200/20000 (16.0%)]	Loss: 0.2731787860393524
[2023-05-03 08:49:21] Train Epoch: 4 [4000/20000 (20.0%)]	Loss: 0.3518323600292206
[2023-05-03 08:49:21] Train Epoch: 4 [4800/20000 (24.0%)]	Loss: 0.20083537697792053
[2023-05-03 08:49:21] Train Epoch: 4 [5600/20000 (28.0%)]	Loss: 0.20504973828792572
[2023-05-03 08:49:22] Train Epoch: 4 [6400/20000 (32.0%)]	Loss: 0.40516769886016846
[2023-05-03 08:49:22] Train Epoch: 4 [7200/20000 (36.0%)]	Loss: 0.3447836637496948
[2023-05-03 08:49:22] Train Epoch: 4 [8000/20000 (40.0%)]	Loss: 0.3255924880504608
[2023-05-03 08:49:23] Train Epoch: 4 [8800/20000 (44.0%)]	Loss: 0.44275739789009094
[2023-05-03 08:49:23] Train Epoch: 4 [9600/20000 (48.0%)]	Loss: 0.190093994140625
[2023-05-03 08:49:23] Train Epoch: 4 [10400/20000 (52.0%)]	Loss: 0.1813884824514389
[2023-05-03 08:49:23] Train Epoch: 4 [11200/20000 (56.0%)]	Loss: 0.52042555809021
[2023-05-03 08:49:24] Train Epoch: 4 [12000/20000 (60.0%)]	Loss: 0.28412288427352905
[2023-05-03 08:49:24] Train Epoch: 4 [12800/20000 (64.0%)]	Loss: 0.29340553283691406
[2023-05-03 08:49:24] Train Epoch: 4 [13600/20000 (68.0%)]	Loss: 0.1681143194437027
[2023-05-03 08:49:24] Train Epoch: 4 [14400/20000 (72.0%)]	Loss: 0.4975603520870209
[2023-05-03 08:49:25] Train Epoch: 4 [15200/20000 (76.0%)]	Loss: 0.17304348945617676
[2023-05-03 08:49:25] Train Epoch: 4 [16000/20000 (80.0%)]	Loss: 0.2363799512386322
[2023-05-03 08:49:25] Train Epoch: 4 [16800/20000 (84.0%)]	Loss: 0.12701791524887085
[2023-05-03 08:49:25] Train Epoch: 4 [17600/20000 (88.0%)]	Loss: 0.27914199233055115
[2023-05-03 08:49:26] Train Epoch: 4 [18400/20000 (92.0%)]	Loss: 0.11929481476545334
[2023-05-03 08:49:26] Train Epoch: 4 [19200/20000 (96.0%)]	Loss: 0.2883965075016022
[2023-05-03 08:49:30] ========== Metrics ==========
[2023-05-03 08:49:30] {
  "tr_loss": 0.31533033583853076,
  "tr_acc": 0.874987498749875,
  "tr_f1": 0.8737373737373737,
  "val_loss": 0.42741125331803437,
  "val_acc": 0.8099129507905489,
  "val_f1": 0.8107534488857445,
  "test_loss": 0.4287676643226851,
  "test_acc": 0.8075880758807588,
  "test_f1": 0.8044077134986226
}
[2023-05-03 08:49:30] ========== Metrics ==========
[2023-05-03 08:49:31] Train Epoch: 5 [0/20000 (0.0%)]	Loss: 0.13128064572811127
[2023-05-03 08:49:31] Train Epoch: 5 [800/20000 (4.0%)]	Loss: 0.12826676666736603
[2023-05-03 08:49:32] Train Epoch: 5 [1600/20000 (8.0%)]	Loss: 0.314767062664032
[2023-05-03 08:49:32] Train Epoch: 5 [2400/20000 (12.0%)]	Loss: 0.4814288020133972
[2023-05-03 08:49:32] Train Epoch: 5 [3200/20000 (16.0%)]	Loss: 0.27579012513160706
[2023-05-03 08:49:33] Train Epoch: 5 [4000/20000 (20.0%)]	Loss: 0.20923329889774323
[2023-05-03 08:49:33] Train Epoch: 5 [4800/20000 (24.0%)]	Loss: 0.29979991912841797
[2023-05-03 08:49:33] Train Epoch: 5 [5600/20000 (28.0%)]	Loss: 0.22831672430038452
[2023-05-03 08:49:33] Train Epoch: 5 [6400/20000 (32.0%)]	Loss: 0.24562010169029236
[2023-05-03 08:49:34] Train Epoch: 5 [7200/20000 (36.0%)]	Loss: 0.23568092286586761
[2023-05-03 08:49:34] Train Epoch: 5 [8000/20000 (40.0%)]	Loss: 0.24795779585838318
[2023-05-03 08:49:34] Train Epoch: 5 [8800/20000 (44.0%)]	Loss: 0.1318022459745407
[2023-05-03 08:49:34] Train Epoch: 5 [9600/20000 (48.0%)]	Loss: 0.38778266310691833
[2023-05-03 08:49:35] Train Epoch: 5 [10400/20000 (52.0%)]	Loss: 0.16000479459762573
[2023-05-03 08:49:35] Train Epoch: 5 [11200/20000 (56.0%)]	Loss: 0.1610315591096878
[2023-05-03 08:49:35] Train Epoch: 5 [12000/20000 (60.0%)]	Loss: 0.1406942456960678
[2023-05-03 08:49:35] Train Epoch: 5 [12800/20000 (64.0%)]	Loss: 0.20964395999908447
[2023-05-03 08:49:36] Train Epoch: 5 [13600/20000 (68.0%)]	Loss: 0.08625475317239761
[2023-05-03 08:49:36] Train Epoch: 5 [14400/20000 (72.0%)]	Loss: 0.10656262189149857
[2023-05-03 08:49:36] Train Epoch: 5 [15200/20000 (76.0%)]	Loss: 0.2948441803455353
[2023-05-03 08:49:37] Train Epoch: 5 [16000/20000 (80.0%)]	Loss: 0.16494996845722198
[2023-05-03 08:49:37] Train Epoch: 5 [16800/20000 (84.0%)]	Loss: 0.3402675688266754
[2023-05-03 08:49:37] Train Epoch: 5 [17600/20000 (88.0%)]	Loss: 0.2052461951971054
[2023-05-03 08:49:37] Train Epoch: 5 [18400/20000 (92.0%)]	Loss: 0.15259557962417603
[2023-05-03 08:49:38] Train Epoch: 5 [19200/20000 (96.0%)]	Loss: 0.18277594447135925
[2023-05-03 08:49:42] ========== Metrics ==========
[2023-05-03 08:49:42] {
  "tr_loss": 0.24287470270900896,
  "tr_acc": 0.9063906390639064,
  "tr_f1": 0.9057686499546964,
  "val_loss": 0.41147877903597924,
  "val_acc": 0.812933025404157,
  "val_f1": 0.8128665363426337,
  "test_loss": 0.42960498261904007,
  "test_acc": 0.8075880758807588,
  "test_f1": 0.7988668555240794
}
[2023-05-03 08:49:42] ========== Metrics ==========
[2023-05-03 08:49:43] Train Epoch: 6 [0/20000 (0.0%)]	Loss: 0.10914409905672073
[2023-05-03 08:49:43] Train Epoch: 6 [800/20000 (4.0%)]	Loss: 0.09545290470123291
[2023-05-03 08:49:43] Train Epoch: 6 [1600/20000 (8.0%)]	Loss: 0.1373230218887329
[2023-05-03 08:49:44] Train Epoch: 6 [2400/20000 (12.0%)]	Loss: 0.12476859986782074
[2023-05-03 08:49:44] Train Epoch: 6 [3200/20000 (16.0%)]	Loss: 0.0715782642364502
[2023-05-03 08:49:44] Train Epoch: 6 [4000/20000 (20.0%)]	Loss: 0.20930926501750946
[2023-05-03 08:49:44] Train Epoch: 6 [4800/20000 (24.0%)]	Loss: 0.14921604096889496
[2023-05-03 08:49:45] Train Epoch: 6 [5600/20000 (28.0%)]	Loss: 0.08251723647117615
[2023-05-03 08:49:45] Train Epoch: 6 [6400/20000 (32.0%)]	Loss: 0.11368563771247864
[2023-05-03 08:49:45] Train Epoch: 6 [7200/20000 (36.0%)]	Loss: 0.0816129520535469
[2023-05-03 08:49:46] Train Epoch: 6 [8000/20000 (40.0%)]	Loss: 0.23164093494415283
[2023-05-03 08:49:46] Train Epoch: 6 [8800/20000 (44.0%)]	Loss: 0.1274872124195099
[2023-05-03 08:49:46] Train Epoch: 6 [9600/20000 (48.0%)]	Loss: 0.18417660892009735
[2023-05-03 08:49:46] Train Epoch: 6 [10400/20000 (52.0%)]	Loss: 0.17914587259292603
[2023-05-03 08:49:47] Train Epoch: 6 [11200/20000 (56.0%)]	Loss: 0.287277489900589
[2023-05-03 08:49:47] Train Epoch: 6 [12000/20000 (60.0%)]	Loss: 0.14008116722106934
[2023-05-03 08:49:47] Train Epoch: 6 [12800/20000 (64.0%)]	Loss: 0.21976175904273987
[2023-05-03 08:49:48] Train Epoch: 6 [13600/20000 (68.0%)]	Loss: 0.21493805944919586
[2023-05-03 08:49:48] Train Epoch: 6 [14400/20000 (72.0%)]	Loss: 0.151541069149971
[2023-05-03 08:49:48] Train Epoch: 6 [15200/20000 (76.0%)]	Loss: 0.41063475608825684
[2023-05-03 08:49:49] Train Epoch: 6 [16000/20000 (80.0%)]	Loss: 0.2511581480503082
[2023-05-03 08:49:49] Train Epoch: 6 [16800/20000 (84.0%)]	Loss: 0.22586791217327118
[2023-05-03 08:49:49] Train Epoch: 6 [17600/20000 (88.0%)]	Loss: 0.12726454436779022
[2023-05-03 08:49:49] Train Epoch: 6 [18400/20000 (92.0%)]	Loss: 0.09995643049478531
[2023-05-03 08:49:50] Train Epoch: 6 [19200/20000 (96.0%)]	Loss: 0.24292321503162384
[2023-05-03 08:49:54] ========== Metrics ==========
[2023-05-03 08:49:54] {
  "tr_loss": 0.18674534661929146,
  "tr_acc": 0.9317431743174317,
  "tr_f1": 0.9316508937960041,
  "val_loss": 0.4102755635685598,
  "val_acc": 0.8125777225084384,
  "val_f1": 0.8116407784324229,
  "test_loss": 0.3943036581442608,
  "test_acc": 0.8102981029810298,
  "test_f1": 0.8011363636363636
}
[2023-05-03 08:49:54] ========== Metrics ==========
[2023-05-03 08:49:55] Train Epoch: 7 [0/20000 (0.0%)]	Loss: 0.26318103075027466
[2023-05-03 08:49:55] Train Epoch: 7 [800/20000 (4.0%)]	Loss: 0.1862707883119583
[2023-05-03 08:49:55] Train Epoch: 7 [1600/20000 (8.0%)]	Loss: 0.17528004944324493
[2023-05-03 08:49:56] Train Epoch: 7 [2400/20000 (12.0%)]	Loss: 0.1539250761270523
[2023-05-03 08:49:56] Train Epoch: 7 [3200/20000 (16.0%)]	Loss: 0.140865296125412
[2023-05-03 08:49:56] Train Epoch: 7 [4000/20000 (20.0%)]	Loss: 0.2015727162361145
[2023-05-03 08:49:56] Train Epoch: 7 [4800/20000 (24.0%)]	Loss: 0.03136374056339264
[2023-05-03 08:49:57] Train Epoch: 7 [5600/20000 (28.0%)]	Loss: 0.22719669342041016
[2023-05-03 08:49:57] Train Epoch: 7 [6400/20000 (32.0%)]	Loss: 0.1847185343503952
[2023-05-03 08:49:57] Train Epoch: 7 [7200/20000 (36.0%)]	Loss: 0.1299085021018982
[2023-05-03 08:49:58] Train Epoch: 7 [8000/20000 (40.0%)]	Loss: 0.15441793203353882
[2023-05-03 08:49:58] Train Epoch: 7 [8800/20000 (44.0%)]	Loss: 0.09970798343420029
[2023-05-03 08:49:58] Train Epoch: 7 [9600/20000 (48.0%)]	Loss: 0.13265052437782288
[2023-05-03 08:49:58] Train Epoch: 7 [10400/20000 (52.0%)]	Loss: 0.14283372461795807
[2023-05-03 08:49:59] Train Epoch: 7 [11200/20000 (56.0%)]	Loss: 0.05739305540919304
[2023-05-03 08:49:59] Train Epoch: 7 [12000/20000 (60.0%)]	Loss: 0.22042019665241241
[2023-05-03 08:49:59] Train Epoch: 7 [12800/20000 (64.0%)]	Loss: 0.16743825376033783
[2023-05-03 08:50:00] Train Epoch: 7 [13600/20000 (68.0%)]	Loss: 0.20165617763996124
[2023-05-03 08:50:00] Train Epoch: 7 [14400/20000 (72.0%)]	Loss: 0.49306079745292664
[2023-05-03 08:50:00] Train Epoch: 7 [15200/20000 (76.0%)]	Loss: 0.22081011533737183
[2023-05-03 08:50:00] Train Epoch: 7 [16000/20000 (80.0%)]	Loss: 0.35078269243240356
[2023-05-03 08:50:01] Train Epoch: 7 [16800/20000 (84.0%)]	Loss: 0.15983356535434723
[2023-05-03 08:50:01] Train Epoch: 7 [17600/20000 (88.0%)]	Loss: 0.11100970208644867
[2023-05-03 08:50:01] Train Epoch: 7 [18400/20000 (92.0%)]	Loss: 0.20194445550441742
[2023-05-03 08:50:02] Train Epoch: 7 [19200/20000 (96.0%)]	Loss: 0.1515384316444397
[2023-05-03 08:50:06] ========== Metrics ==========
[2023-05-03 08:50:06] {
  "tr_loss": 0.1855565767795971,
  "tr_acc": 0.9324432443244325,
  "tr_f1": 0.932107141062365,
  "val_loss": 0.40955686539565084,
  "val_acc": 0.8138212826434535,
  "val_f1": 0.8147755390597384,
  "test_loss": 0.39061771434174,
  "test_acc": 0.8130081300813008,
  "test_f1": 0.8056338028169012
}
[2023-05-03 08:50:06] ========== Metrics ==========
[2023-05-03 08:50:07] Train Epoch: 8 [0/20000 (0.0%)]	Loss: 0.2643090486526489
[2023-05-03 08:50:07] Train Epoch: 8 [800/20000 (4.0%)]	Loss: 0.1922599822282791
[2023-05-03 08:50:07] Train Epoch: 8 [1600/20000 (8.0%)]	Loss: 0.223530575633049
[2023-05-03 08:50:08] Train Epoch: 8 [2400/20000 (12.0%)]	Loss: 0.18193548917770386
[2023-05-03 08:50:08] Train Epoch: 8 [3200/20000 (16.0%)]	Loss: 0.08915798366069794
[2023-05-03 08:50:08] Train Epoch: 8 [4000/20000 (20.0%)]	Loss: 0.11592269688844681
[2023-05-03 08:50:08] Train Epoch: 8 [4800/20000 (24.0%)]	Loss: 0.285270631313324
[2023-05-03 08:50:09] Train Epoch: 8 [5600/20000 (28.0%)]	Loss: 0.18272143602371216
[2023-05-03 08:50:09] Train Epoch: 8 [6400/20000 (32.0%)]	Loss: 0.48709097504615784
[2023-05-03 08:50:09] Train Epoch: 8 [7200/20000 (36.0%)]	Loss: 0.1717921793460846
[2023-05-03 08:50:09] Train Epoch: 8 [8000/20000 (40.0%)]	Loss: 0.1617847979068756
[2023-05-03 08:50:10] Train Epoch: 8 [8800/20000 (44.0%)]	Loss: 0.08751661330461502
[2023-05-03 08:50:10] Train Epoch: 8 [9600/20000 (48.0%)]	Loss: 0.07352855801582336
[2023-05-03 08:50:10] Train Epoch: 8 [10400/20000 (52.0%)]	Loss: 0.1355086863040924
[2023-05-03 08:50:11] Train Epoch: 8 [11200/20000 (56.0%)]	Loss: 0.17715774476528168
[2023-05-03 08:50:11] Train Epoch: 8 [12000/20000 (60.0%)]	Loss: 0.3509969413280487
[2023-05-03 08:50:11] Train Epoch: 8 [12800/20000 (64.0%)]	Loss: 0.2399655282497406
[2023-05-03 08:50:11] Train Epoch: 8 [13600/20000 (68.0%)]	Loss: 0.06240231171250343
[2023-05-03 08:50:12] Train Epoch: 8 [14400/20000 (72.0%)]	Loss: 0.10163290798664093
[2023-05-03 08:50:12] Train Epoch: 8 [15200/20000 (76.0%)]	Loss: 0.10382426530122757
[2023-05-03 08:50:12] Train Epoch: 8 [16000/20000 (80.0%)]	Loss: 0.11482495814561844
[2023-05-03 08:50:13] Train Epoch: 8 [16800/20000 (84.0%)]	Loss: 0.13243606686592102
[2023-05-03 08:50:13] Train Epoch: 8 [17600/20000 (88.0%)]	Loss: 0.13361646234989166
[2023-05-03 08:50:13] Train Epoch: 8 [18400/20000 (92.0%)]	Loss: 0.08295249193906784
[2023-05-03 08:50:13] Train Epoch: 8 [19200/20000 (96.0%)]	Loss: 0.09132672846317291
[2023-05-03 08:50:18] ========== Metrics ==========
[2023-05-03 08:50:18] {
  "tr_loss": 0.1764008795330436,
  "tr_acc": 0.9372937293729373,
  "tr_f1": 0.9371365550431122,
  "val_loss": 0.40864656409482,
  "val_acc": 0.8154201456741872,
  "val_f1": 0.8162037856005661,
  "test_loss": 0.3908053502480835,
  "test_acc": 0.8157181571815718,
  "test_f1": 0.8089887640449438
}
[2023-05-03 08:50:18] ========== Metrics ==========
[2023-05-03 08:50:19] Train Epoch: 9 [0/20000 (0.0%)]	Loss: 0.157146155834198
[2023-05-03 08:50:19] Train Epoch: 9 [800/20000 (4.0%)]	Loss: 0.17855477333068848
[2023-05-03 08:50:19] Train Epoch: 9 [1600/20000 (8.0%)]	Loss: 0.10823984444141388
[2023-05-03 08:50:20] Train Epoch: 9 [2400/20000 (12.0%)]	Loss: 0.10977120697498322
[2023-05-03 08:50:20] Train Epoch: 9 [3200/20000 (16.0%)]	Loss: 0.15961885452270508
[2023-05-03 08:50:20] Train Epoch: 9 [4000/20000 (20.0%)]	Loss: 0.14226031303405762
[2023-05-03 08:50:21] Train Epoch: 9 [4800/20000 (24.0%)]	Loss: 0.1337798833847046
[2023-05-03 08:50:21] Train Epoch: 9 [5600/20000 (28.0%)]	Loss: 0.054124850779771805
[2023-05-03 08:50:21] Train Epoch: 9 [6400/20000 (32.0%)]	Loss: 0.4503899812698364
[2023-05-03 08:50:21] Train Epoch: 9 [7200/20000 (36.0%)]	Loss: 0.18659764528274536
[2023-05-03 08:50:22] Train Epoch: 9 [8000/20000 (40.0%)]	Loss: 0.22206991910934448
[2023-05-03 08:50:22] Train Epoch: 9 [8800/20000 (44.0%)]	Loss: 0.20599398016929626
[2023-05-03 08:50:22] Train Epoch: 9 [9600/20000 (48.0%)]	Loss: 0.0753588080406189
[2023-05-03 08:50:23] Train Epoch: 9 [10400/20000 (52.0%)]	Loss: 0.16358734667301178
[2023-05-03 08:50:23] Train Epoch: 9 [11200/20000 (56.0%)]	Loss: 0.09553388506174088
[2023-05-03 08:50:23] Train Epoch: 9 [12000/20000 (60.0%)]	Loss: 0.25731903314590454
[2023-05-03 08:50:24] Train Epoch: 9 [12800/20000 (64.0%)]	Loss: 0.29230281710624695
[2023-05-03 08:50:24] Train Epoch: 9 [13600/20000 (68.0%)]	Loss: 0.1657729148864746
[2023-05-03 08:50:24] Train Epoch: 9 [14400/20000 (72.0%)]	Loss: 0.1536189764738083
[2023-05-03 08:50:24] Train Epoch: 9 [15200/20000 (76.0%)]	Loss: 0.11782510578632355
[2023-05-03 08:50:25] Train Epoch: 9 [16000/20000 (80.0%)]	Loss: 0.16721180081367493
[2023-05-03 08:50:25] Train Epoch: 9 [16800/20000 (84.0%)]	Loss: 0.18443745374679565
[2023-05-03 08:50:25] Train Epoch: 9 [17600/20000 (88.0%)]	Loss: 0.0788530558347702
[2023-05-03 08:50:26] Train Epoch: 9 [18400/20000 (92.0%)]	Loss: 0.1081438809633255
[2023-05-03 08:50:26] Train Epoch: 9 [19200/20000 (96.0%)]	Loss: 0.10895393788814545
[2023-05-03 08:50:30] ========== Metrics ==========
[2023-05-03 08:50:30] {
  "tr_loss": 0.1705143040958697,
  "tr_acc": 0.9397939793979398,
  "tr_f1": 0.9397819345803741,
  "val_loss": 0.40748317789324096,
  "val_acc": 0.8150648427784687,
  "val_f1": 0.8151305274374001,
  "test_loss": 0.390104635621151,
  "test_acc": 0.8184281842818428,
  "test_f1": 0.8101983002832861
}
[2023-05-03 08:50:30] ========== Metrics ==========
[2023-05-03 08:50:31] Train Epoch: 10 [0/20000 (0.0%)]	Loss: 0.2777293920516968
[2023-05-03 08:50:31] Train Epoch: 10 [800/20000 (4.0%)]	Loss: 0.07525979727506638
[2023-05-03 08:50:32] Train Epoch: 10 [1600/20000 (8.0%)]	Loss: 0.10934612900018692
[2023-05-03 08:50:32] Train Epoch: 10 [2400/20000 (12.0%)]	Loss: 0.07133752107620239
[2023-05-03 08:50:32] Train Epoch: 10 [3200/20000 (16.0%)]	Loss: 0.18189311027526855
[2023-05-03 08:50:32] Train Epoch: 10 [4000/20000 (20.0%)]	Loss: 0.33583560585975647
[2023-05-03 08:50:33] Train Epoch: 10 [4800/20000 (24.0%)]	Loss: 0.3549613356590271
[2023-05-03 08:50:33] Train Epoch: 10 [5600/20000 (28.0%)]	Loss: 0.11022718995809555
[2023-05-03 08:50:33] Train Epoch: 10 [6400/20000 (32.0%)]	Loss: 0.14415398240089417
[2023-05-03 08:50:34] Train Epoch: 10 [7200/20000 (36.0%)]	Loss: 0.18364490568637848
[2023-05-03 08:50:34] Train Epoch: 10 [8000/20000 (40.0%)]	Loss: 0.2693226635456085
[2023-05-03 08:50:34] Train Epoch: 10 [8800/20000 (44.0%)]	Loss: 0.14654509723186493
[2023-05-03 08:50:34] Train Epoch: 10 [9600/20000 (48.0%)]	Loss: 0.13235504925251007
[2023-05-03 08:50:35] Train Epoch: 10 [10400/20000 (52.0%)]	Loss: 0.12734143435955048
[2023-05-03 08:50:35] Train Epoch: 10 [11200/20000 (56.0%)]	Loss: 0.09956086426973343
[2023-05-03 08:50:35] Train Epoch: 10 [12000/20000 (60.0%)]	Loss: 0.36095544695854187
[2023-05-03 08:50:36] Train Epoch: 10 [12800/20000 (64.0%)]	Loss: 0.0656498521566391
[2023-05-03 08:50:36] Train Epoch: 10 [13600/20000 (68.0%)]	Loss: 0.0381745919585228
[2023-05-03 08:50:36] Train Epoch: 10 [14400/20000 (72.0%)]	Loss: 0.09031461924314499
[2023-05-03 08:50:37] Train Epoch: 10 [15200/20000 (76.0%)]	Loss: 0.2085365653038025
[2023-05-03 08:50:37] Train Epoch: 10 [16000/20000 (80.0%)]	Loss: 0.2964985966682434
[2023-05-03 08:50:37] Train Epoch: 10 [16800/20000 (84.0%)]	Loss: 0.26630717515945435
[2023-05-03 08:50:37] Train Epoch: 10 [17600/20000 (88.0%)]	Loss: 0.09960057586431503
[2023-05-03 08:50:38] Train Epoch: 10 [18400/20000 (92.0%)]	Loss: 0.15718649327754974
[2023-05-03 08:50:38] Train Epoch: 10 [19200/20000 (96.0%)]	Loss: 0.18001729249954224
[2023-05-03 08:50:42] ========== Metrics ==========
[2023-05-03 08:50:42] {
  "tr_loss": 0.1629996954327715,
  "tr_acc": 0.9414941494149415,
  "tr_f1": 0.9411705551086081,
  "val_loss": 0.40742142786245233,
  "val_acc": 0.8171966601527803,
  "val_f1": 0.8184865055565356,
  "test_loss": 0.3861824796916185,
  "test_acc": 0.8238482384823849,
  "test_f1": 0.8179271708683472
}
[2023-05-03 08:50:42] ========== Metrics ==========
[2023-05-03 08:50:43] Train Epoch: 11 [0/20000 (0.0%)]	Loss: 0.18549171090126038
[2023-05-03 08:50:44] Train Epoch: 11 [800/20000 (4.0%)]	Loss: 0.16136997938156128
[2023-05-03 08:50:44] Train Epoch: 11 [1600/20000 (8.0%)]	Loss: 0.13203385472297668
[2023-05-03 08:50:44] Train Epoch: 11 [2400/20000 (12.0%)]	Loss: 0.19834618270397186
[2023-05-03 08:50:45] Train Epoch: 11 [3200/20000 (16.0%)]	Loss: 0.3510524034500122
[2023-05-03 08:50:45] Train Epoch: 11 [4000/20000 (20.0%)]	Loss: 0.20822714269161224
[2023-05-03 08:50:45] Train Epoch: 11 [4800/20000 (24.0%)]	Loss: 0.2063508927822113
[2023-05-03 08:50:45] Train Epoch: 11 [5600/20000 (28.0%)]	Loss: 0.18004322052001953
[2023-05-03 08:50:46] Train Epoch: 11 [6400/20000 (32.0%)]	Loss: 0.13522401452064514
[2023-05-03 08:50:46] Train Epoch: 11 [7200/20000 (36.0%)]	Loss: 0.05858304724097252
[2023-05-03 08:50:46] Train Epoch: 11 [8000/20000 (40.0%)]	Loss: 0.1511348932981491
[2023-05-03 08:50:47] Train Epoch: 11 [8800/20000 (44.0%)]	Loss: 0.07674997299909592
[2023-05-03 08:50:47] Train Epoch: 11 [9600/20000 (48.0%)]	Loss: 0.33023443818092346
[2023-05-03 08:50:47] Train Epoch: 11 [10400/20000 (52.0%)]	Loss: 0.14383013546466827
[2023-05-03 08:50:47] Train Epoch: 11 [11200/20000 (56.0%)]	Loss: 0.1833275705575943
[2023-05-03 08:50:48] Train Epoch: 11 [12000/20000 (60.0%)]	Loss: 0.377698689699173
[2023-05-03 08:50:48] Train Epoch: 11 [12800/20000 (64.0%)]	Loss: 0.2008240967988968
[2023-05-03 08:50:48] Train Epoch: 11 [13600/20000 (68.0%)]	Loss: 0.20499287545681
[2023-05-03 08:50:49] Train Epoch: 11 [14400/20000 (72.0%)]	Loss: 0.06968371570110321
[2023-05-03 08:50:49] Train Epoch: 11 [15200/20000 (76.0%)]	Loss: 0.06453632563352585
[2023-05-03 08:50:49] Train Epoch: 11 [16000/20000 (80.0%)]	Loss: 0.27915897965431213
[2023-05-03 08:50:50] Train Epoch: 11 [16800/20000 (84.0%)]	Loss: 0.10604222118854523
[2023-05-03 08:50:50] Train Epoch: 11 [17600/20000 (88.0%)]	Loss: 0.0744558721780777
[2023-05-03 08:50:50] Train Epoch: 11 [18400/20000 (92.0%)]	Loss: 0.1123269721865654
[2023-05-03 08:50:50] Train Epoch: 11 [19200/20000 (96.0%)]	Loss: 0.10953052341938019
[2023-05-03 08:50:54] ========== Metrics ==========
[2023-05-03 08:50:54] {
  "tr_loss": 0.15642760327868802,
  "tr_acc": 0.9474947494749475,
  "tr_f1": 0.947426396955738,
  "val_loss": 0.4071987684803548,
  "val_acc": 0.816486054361343,
  "val_f1": 0.8173943786459253,
  "test_loss": 0.4408004645732683,
  "test_acc": 0.8238482384823849,
  "test_f1": 0.8179271708683472
}
[2023-05-03 08:50:54] ========== Metrics ==========
[2023-05-03 08:50:55] Train Epoch: 12 [0/20000 (0.0%)]	Loss: 0.13260848820209503
[2023-05-03 08:50:56] Train Epoch: 12 [800/20000 (4.0%)]	Loss: 0.13752740621566772
[2023-05-03 08:50:56] Train Epoch: 12 [1600/20000 (8.0%)]	Loss: 0.14311788976192474
[2023-05-03 08:50:56] Train Epoch: 12 [2400/20000 (12.0%)]	Loss: 0.1895294040441513
[2023-05-03 08:50:56] Train Epoch: 12 [3200/20000 (16.0%)]	Loss: 0.1134677454829216
[2023-05-03 08:50:57] Train Epoch: 12 [4000/20000 (20.0%)]	Loss: 0.06945651024580002
[2023-05-03 08:50:57] Train Epoch: 12 [4800/20000 (24.0%)]	Loss: 0.04152396693825722
[2023-05-03 08:50:57] Train Epoch: 12 [5600/20000 (28.0%)]	Loss: 0.12514539062976837
[2023-05-03 08:50:58] Train Epoch: 12 [6400/20000 (32.0%)]	Loss: 0.049379363656044006
[2023-05-03 08:50:58] Train Epoch: 12 [7200/20000 (36.0%)]	Loss: 0.15686798095703125
[2023-05-03 08:50:58] Train Epoch: 12 [8000/20000 (40.0%)]	Loss: 0.19676287472248077
[2023-05-03 08:50:59] Train Epoch: 12 [8800/20000 (44.0%)]	Loss: 0.20301298797130585
[2023-05-03 08:50:59] Train Epoch: 12 [9600/20000 (48.0%)]	Loss: 0.04745259881019592
[2023-05-03 08:50:59] Train Epoch: 12 [10400/20000 (52.0%)]	Loss: 0.08834566920995712
[2023-05-03 08:50:59] Train Epoch: 12 [11200/20000 (56.0%)]	Loss: 0.044387511909008026
[2023-05-03 08:51:00] Train Epoch: 12 [12000/20000 (60.0%)]	Loss: 0.2759964168071747
[2023-05-03 08:51:00] Train Epoch: 12 [12800/20000 (64.0%)]	Loss: 0.16848081350326538
[2023-05-03 08:51:00] Train Epoch: 12 [13600/20000 (68.0%)]	Loss: 0.150906503200531
[2023-05-03 08:51:01] Train Epoch: 12 [14400/20000 (72.0%)]	Loss: 0.05311010777950287
[2023-05-03 08:51:01] Train Epoch: 12 [15200/20000 (76.0%)]	Loss: 0.052230581641197205
[2023-05-03 08:51:01] Train Epoch: 12 [16000/20000 (80.0%)]	Loss: 0.19478890299797058
[2023-05-03 08:51:02] Train Epoch: 12 [16800/20000 (84.0%)]	Loss: 0.14325971901416779
[2023-05-03 08:51:02] Train Epoch: 12 [17600/20000 (88.0%)]	Loss: 0.39444077014923096
[2023-05-03 08:51:02] Train Epoch: 12 [18400/20000 (92.0%)]	Loss: 0.2624850273132324
[2023-05-03 08:51:02] Train Epoch: 12 [19200/20000 (96.0%)]	Loss: 0.28970327973365784
[2023-05-03 08:51:07] ========== Metrics ==========
[2023-05-03 08:51:07] {
  "tr_loss": 0.1582442553270005,
  "tr_acc": 0.9452445244524452,
  "tr_f1": 0.9452472623631182,
  "val_loss": 0.4070680944507468,
  "val_acc": 0.8168413572570616,
  "val_f1": 0.8176189633822749,
  "test_loss": 0.3876715572222785,
  "test_acc": 0.8265582655826558,
  "test_f1": 0.8202247191011235
}
[2023-05-03 08:51:07] ========== Metrics ==========
[2023-05-03 08:51:08] Train Epoch: 13 [0/20000 (0.0%)]	Loss: 0.17233115434646606
[2023-05-03 08:51:08] Train Epoch: 13 [800/20000 (4.0%)]	Loss: 0.15470710396766663
[2023-05-03 08:51:08] Train Epoch: 13 [1600/20000 (8.0%)]	Loss: 0.32281097769737244
[2023-05-03 08:51:09] Train Epoch: 13 [2400/20000 (12.0%)]	Loss: 0.0930013358592987
[2023-05-03 08:51:09] Train Epoch: 13 [3200/20000 (16.0%)]	Loss: 0.24115850031375885
[2023-05-03 08:51:09] Train Epoch: 13 [4000/20000 (20.0%)]	Loss: 0.12984107434749603
[2023-05-03 08:51:10] Train Epoch: 13 [4800/20000 (24.0%)]	Loss: 0.2128683477640152
[2023-05-03 08:51:10] Train Epoch: 13 [5600/20000 (28.0%)]	Loss: 0.13466574251651764
[2023-05-03 08:51:10] Train Epoch: 13 [6400/20000 (32.0%)]	Loss: 0.10626795142889023
[2023-05-03 08:51:11] Train Epoch: 13 [7200/20000 (36.0%)]	Loss: 0.09584623575210571
[2023-05-03 08:51:11] Train Epoch: 13 [8000/20000 (40.0%)]	Loss: 0.13358187675476074
[2023-05-03 08:51:11] Train Epoch: 13 [8800/20000 (44.0%)]	Loss: 0.1055421382188797
[2023-05-03 08:51:11] Train Epoch: 13 [9600/20000 (48.0%)]	Loss: 0.09505906701087952
[2023-05-03 08:51:12] Train Epoch: 13 [10400/20000 (52.0%)]	Loss: 0.10724030435085297
[2023-05-03 08:51:12] Train Epoch: 13 [11200/20000 (56.0%)]	Loss: 0.10662002116441727
[2023-05-03 08:51:12] Train Epoch: 13 [12000/20000 (60.0%)]	Loss: 0.18929383158683777
[2023-05-03 08:51:13] Train Epoch: 13 [12800/20000 (64.0%)]	Loss: 0.10947483032941818
[2023-05-03 08:51:13] Train Epoch: 13 [13600/20000 (68.0%)]	Loss: 0.14576561748981476
[2023-05-03 08:51:13] Train Epoch: 13 [14400/20000 (72.0%)]	Loss: 0.1999017596244812
[2023-05-03 08:51:14] Train Epoch: 13 [15200/20000 (76.0%)]	Loss: 0.15793897211551666
[2023-05-03 08:51:14] Train Epoch: 13 [16000/20000 (80.0%)]	Loss: 0.11840535700321198
[2023-05-03 08:51:14] Train Epoch: 13 [16800/20000 (84.0%)]	Loss: 0.1486372947692871
[2023-05-03 08:51:14] Train Epoch: 13 [17600/20000 (88.0%)]	Loss: 0.11633342504501343
[2023-05-03 08:51:15] Train Epoch: 13 [18400/20000 (92.0%)]	Loss: 0.07983648031949997
[2023-05-03 08:51:15] Train Epoch: 13 [19200/20000 (96.0%)]	Loss: 0.2533469796180725
[2023-05-03 08:51:19] ========== Metrics ==========
[2023-05-03 08:51:19] {
  "tr_loss": 0.1537837068689908,
  "tr_acc": 0.9475947594759476,
  "tr_f1": 0.9475317913287274,
  "val_loss": 0.4068552229158365,
  "val_acc": 0.8166637058092023,
  "val_f1": 0.8173451327433628,
  "test_loss": 0.3992720839130846,
  "test_acc": 0.8265582655826558,
  "test_f1": 0.8202247191011235
}
[2023-05-03 08:51:19] ========== Metrics ==========
[2023-05-03 08:51:20] Train Epoch: 14 [0/20000 (0.0%)]	Loss: 0.1325666904449463
[2023-05-03 08:51:20] Train Epoch: 14 [800/20000 (4.0%)]	Loss: 0.05061541870236397
[2023-05-03 08:51:21] Train Epoch: 14 [1600/20000 (8.0%)]	Loss: 0.07554971426725388
[2023-05-03 08:51:21] Train Epoch: 14 [2400/20000 (12.0%)]	Loss: 0.18815147876739502
[2023-05-03 08:51:21] Train Epoch: 14 [3200/20000 (16.0%)]	Loss: 0.14756345748901367
[2023-05-03 08:51:21] Train Epoch: 14 [4000/20000 (20.0%)]	Loss: 0.15577425062656403
[2023-05-03 08:51:22] Train Epoch: 14 [4800/20000 (24.0%)]	Loss: 0.31074023246765137
[2023-05-03 08:51:22] Train Epoch: 14 [5600/20000 (28.0%)]	Loss: 0.1998453438282013
[2023-05-03 08:51:22] Train Epoch: 14 [6400/20000 (32.0%)]	Loss: 0.18298454582691193
[2023-05-03 08:51:23] Train Epoch: 14 [7200/20000 (36.0%)]	Loss: 0.09113691747188568
[2023-05-03 08:51:23] Train Epoch: 14 [8000/20000 (40.0%)]	Loss: 0.2537075877189636
[2023-05-03 08:51:23] Train Epoch: 14 [8800/20000 (44.0%)]	Loss: 0.09123945236206055
[2023-05-03 08:51:23] Train Epoch: 14 [9600/20000 (48.0%)]	Loss: 0.18109382688999176
[2023-05-03 08:51:24] Train Epoch: 14 [10400/20000 (52.0%)]	Loss: 0.0770229920744896
[2023-05-03 08:51:24] Train Epoch: 14 [11200/20000 (56.0%)]	Loss: 0.05953472480177879
[2023-05-03 08:51:24] Train Epoch: 14 [12000/20000 (60.0%)]	Loss: 0.2336997091770172
[2023-05-03 08:51:24] Train Epoch: 14 [12800/20000 (64.0%)]	Loss: 0.22874879837036133
[2023-05-03 08:51:25] Train Epoch: 14 [13600/20000 (68.0%)]	Loss: 0.19899305701255798
[2023-05-03 08:51:25] Train Epoch: 14 [14400/20000 (72.0%)]	Loss: 0.15592332184314728
[2023-05-03 08:51:25] Train Epoch: 14 [15200/20000 (76.0%)]	Loss: 0.09783750027418137
[2023-05-03 08:51:26] Train Epoch: 14 [16000/20000 (80.0%)]	Loss: 0.12210606038570404
[2023-05-03 08:51:26] Train Epoch: 14 [16800/20000 (84.0%)]	Loss: 0.12134642899036407
[2023-05-03 08:51:26] Train Epoch: 14 [17600/20000 (88.0%)]	Loss: 0.09715183079242706
[2023-05-03 08:51:26] Train Epoch: 14 [18400/20000 (92.0%)]	Loss: 0.033278126269578934
[2023-05-03 08:51:27] Train Epoch: 14 [19200/20000 (96.0%)]	Loss: 0.08982966840267181
[2023-05-03 08:51:31] ========== Metrics ==========
[2023-05-03 08:51:31] {
  "tr_loss": 0.15750444379642328,
  "tr_acc": 0.9436443644364436,
  "tr_f1": 0.9435907703088242,
  "val_loss": 0.40691366518003347,
  "val_acc": 0.8166637058092023,
  "val_f1": 0.8172157279489903,
  "test_loss": 0.3976926306075843,
  "test_acc": 0.8238482384823849,
  "test_f1": 0.8169014084507042
}
[2023-05-03 08:51:31] ========== Metrics ==========
[2023-05-03 08:51:32] Train Epoch: 15 [0/20000 (0.0%)]	Loss: 0.04754503443837166
[2023-05-03 08:51:32] Train Epoch: 15 [800/20000 (4.0%)]	Loss: 0.03880233317613602
[2023-05-03 08:51:33] Train Epoch: 15 [1600/20000 (8.0%)]	Loss: 0.2900691330432892
[2023-05-03 08:51:33] Train Epoch: 15 [2400/20000 (12.0%)]	Loss: 0.09811074286699295
[2023-05-03 08:51:33] Train Epoch: 15 [3200/20000 (16.0%)]	Loss: 0.2696514427661896
[2023-05-03 08:51:33] Train Epoch: 15 [4000/20000 (20.0%)]	Loss: 0.06248541176319122
[2023-05-03 08:51:34] Train Epoch: 15 [4800/20000 (24.0%)]	Loss: 0.08562024682760239
[2023-05-03 08:51:34] Train Epoch: 15 [5600/20000 (28.0%)]	Loss: 0.14269700646400452
[2023-05-03 08:51:34] Train Epoch: 15 [6400/20000 (32.0%)]	Loss: 0.36834076046943665
[2023-05-03 08:51:35] Train Epoch: 15 [7200/20000 (36.0%)]	Loss: 0.12109136581420898
[2023-05-03 08:51:35] Train Epoch: 15 [8000/20000 (40.0%)]	Loss: 0.19472326338291168
[2023-05-03 08:51:35] Train Epoch: 15 [8800/20000 (44.0%)]	Loss: 0.09463246911764145
[2023-05-03 08:51:35] Train Epoch: 15 [9600/20000 (48.0%)]	Loss: 0.2069656103849411
[2023-05-03 08:51:36] Train Epoch: 15 [10400/20000 (52.0%)]	Loss: 0.1677962839603424
[2023-05-03 08:51:36] Train Epoch: 15 [11200/20000 (56.0%)]	Loss: 0.15207871794700623
[2023-05-03 08:51:36] Train Epoch: 15 [12000/20000 (60.0%)]	Loss: 0.0895184874534607
[2023-05-03 08:51:37] Train Epoch: 15 [12800/20000 (64.0%)]	Loss: 0.0632764920592308
[2023-05-03 08:51:37] Train Epoch: 15 [13600/20000 (68.0%)]	Loss: 0.3056575357913971
[2023-05-03 08:51:37] Train Epoch: 15 [14400/20000 (72.0%)]	Loss: 0.22335593402385712
[2023-05-03 08:51:38] Train Epoch: 15 [15200/20000 (76.0%)]	Loss: 0.12701213359832764
[2023-05-03 08:51:38] Train Epoch: 15 [16000/20000 (80.0%)]	Loss: 0.17285923659801483
[2023-05-03 08:51:38] Train Epoch: 15 [16800/20000 (84.0%)]	Loss: 0.14911670982837677
[2023-05-03 08:51:38] Train Epoch: 15 [17600/20000 (88.0%)]	Loss: 0.04421485215425491
[2023-05-03 08:51:39] Train Epoch: 15 [18400/20000 (92.0%)]	Loss: 0.14990051090717316
[2023-05-03 08:51:39] Train Epoch: 15 [19200/20000 (96.0%)]	Loss: 0.15207894146442413
[2023-05-03 08:51:44] ========== Metrics ==========
[2023-05-03 08:51:44] {
  "tr_loss": 0.15700059768819538,
  "tr_acc": 0.9437943794379438,
  "tr_f1": 0.9436873747494989,
  "val_loss": 0.4066011780721719,
  "val_acc": 0.816486054361343,
  "val_f1": 0.8170062001771479,
  "test_loss": 0.4121937002269879,
  "test_acc": 0.8238482384823849,
  "test_f1": 0.8169014084507042
}
[2023-05-03 08:51:44] ========== Metrics ==========
[2023-05-03 08:51:45] Train Epoch: 16 [0/20000 (0.0%)]	Loss: 0.19800367951393127
[2023-05-03 08:51:45] Train Epoch: 16 [800/20000 (4.0%)]	Loss: 0.2422679364681244
[2023-05-03 08:51:45] Train Epoch: 16 [1600/20000 (8.0%)]	Loss: 0.0903889536857605
[2023-05-03 08:51:45] Train Epoch: 16 [2400/20000 (12.0%)]	Loss: 0.199082612991333
[2023-05-03 08:51:46] Train Epoch: 16 [3200/20000 (16.0%)]	Loss: 0.10922268033027649
[2023-05-03 08:51:46] Train Epoch: 16 [4000/20000 (20.0%)]	Loss: 0.25503310561180115
[2023-05-03 08:51:46] Train Epoch: 16 [4800/20000 (24.0%)]	Loss: 0.16571854054927826
[2023-05-03 08:51:46] Train Epoch: 16 [5600/20000 (28.0%)]	Loss: 0.08763206005096436
[2023-05-03 08:51:47] Train Epoch: 16 [6400/20000 (32.0%)]	Loss: 0.15425020456314087
[2023-05-03 08:51:47] Train Epoch: 16 [7200/20000 (36.0%)]	Loss: 0.04824487492442131
[2023-05-03 08:51:47] Train Epoch: 16 [8000/20000 (40.0%)]	Loss: 0.05179757624864578
[2023-05-03 08:51:48] Train Epoch: 16 [8800/20000 (44.0%)]	Loss: 0.11362555623054504
[2023-05-03 08:51:48] Train Epoch: 16 [9600/20000 (48.0%)]	Loss: 0.1128586083650589
[2023-05-03 08:51:48] Train Epoch: 16 [10400/20000 (52.0%)]	Loss: 0.11140897125005722
[2023-05-03 08:51:48] Train Epoch: 16 [11200/20000 (56.0%)]	Loss: 0.21450035274028778
[2023-05-03 08:51:49] Train Epoch: 16 [12000/20000 (60.0%)]	Loss: 0.2015136182308197
[2023-05-03 08:51:49] Train Epoch: 16 [12800/20000 (64.0%)]	Loss: 0.19026559591293335
[2023-05-03 08:51:49] Train Epoch: 16 [13600/20000 (68.0%)]	Loss: 0.2285393625497818
[2023-05-03 08:51:50] Train Epoch: 16 [14400/20000 (72.0%)]	Loss: 0.10307091474533081
[2023-05-03 08:51:50] Train Epoch: 16 [15200/20000 (76.0%)]	Loss: 0.21568305790424347
[2023-05-03 08:51:50] Train Epoch: 16 [16000/20000 (80.0%)]	Loss: 0.1736488938331604
[2023-05-03 08:51:50] Train Epoch: 16 [16800/20000 (84.0%)]	Loss: 0.146730437874794
[2023-05-03 08:51:51] Train Epoch: 16 [17600/20000 (88.0%)]	Loss: 0.11894559860229492
[2023-05-03 08:51:51] Train Epoch: 16 [18400/20000 (92.0%)]	Loss: 0.11317302286624908
[2023-05-03 08:51:51] Train Epoch: 16 [19200/20000 (96.0%)]	Loss: 0.12931451201438904
[2023-05-03 08:51:54] Stop At epoch 16/20 due to valid not increase
[2023-05-03 08:51:55] ========== Metrics ==========
[2023-05-03 08:51:55] {
  "tr_loss": 0.1581835202758748,
  "tr_acc": 0.9454445444544455,
  "tr_f1": 0.945294088151231,
  "val_loss": 0.40662146999645793,
  "val_acc": 0.8166637058092023,
  "val_f1": 0.8172157279489903,
  "test_loss": 0.4121792381048849,
  "test_acc": 0.8238482384823849,
  "test_f1": 0.8169014084507042
}
[2023-05-03 08:51:55] ========== Metrics ==========
