[2023-05-03 19:40:11] Train Epoch: 1 [0/20000 (0.0%)]	Loss: 0.7128655910491943
[2023-05-03 19:40:11] Train Epoch: 1 [800/20000 (4.0%)]	Loss: 0.7356102466583252
[2023-05-03 19:40:11] Train Epoch: 1 [1600/20000 (8.0%)]	Loss: 0.6970518827438354
[2023-05-03 19:40:12] Train Epoch: 1 [2400/20000 (12.0%)]	Loss: 0.6756671071052551
[2023-05-03 19:40:12] Train Epoch: 1 [3200/20000 (16.0%)]	Loss: 0.7390761375427246
[2023-05-03 19:40:12] Train Epoch: 1 [4000/20000 (20.0%)]	Loss: 0.7405639290809631
[2023-05-03 19:40:13] Train Epoch: 1 [4800/20000 (24.0%)]	Loss: 0.6807944178581238
[2023-05-03 19:40:13] Train Epoch: 1 [5600/20000 (28.0%)]	Loss: 0.7261349558830261
[2023-05-03 19:40:13] Train Epoch: 1 [6400/20000 (32.0%)]	Loss: 0.6329811811447144
[2023-05-03 19:40:13] Train Epoch: 1 [7200/20000 (36.0%)]	Loss: 0.6717908978462219
[2023-05-03 19:40:14] Train Epoch: 1 [8000/20000 (40.0%)]	Loss: 0.6958869695663452
[2023-05-03 19:40:14] Train Epoch: 1 [8800/20000 (44.0%)]	Loss: 0.7194724082946777
[2023-05-03 19:40:14] Train Epoch: 1 [9600/20000 (48.0%)]	Loss: 0.6659021973609924
[2023-05-03 19:40:15] Train Epoch: 1 [10400/20000 (52.0%)]	Loss: 0.6630725860595703
[2023-05-03 19:40:15] Train Epoch: 1 [11200/20000 (56.0%)]	Loss: 0.7132391333580017
[2023-05-03 19:40:15] Train Epoch: 1 [12000/20000 (60.0%)]	Loss: 0.6581498384475708
[2023-05-03 19:40:15] Train Epoch: 1 [12800/20000 (64.0%)]	Loss: 0.6558840870857239
[2023-05-03 19:40:16] Train Epoch: 1 [13600/20000 (68.0%)]	Loss: 0.6649966239929199
[2023-05-03 19:40:16] Train Epoch: 1 [14400/20000 (72.0%)]	Loss: 0.6956266164779663
[2023-05-03 19:40:16] Train Epoch: 1 [15200/20000 (76.0%)]	Loss: 0.6379786133766174
[2023-05-03 19:40:17] Train Epoch: 1 [16000/20000 (80.0%)]	Loss: 0.6792342066764832
[2023-05-03 19:40:17] Train Epoch: 1 [16800/20000 (84.0%)]	Loss: 0.6418923735618591
[2023-05-03 19:40:17] Train Epoch: 1 [17600/20000 (88.0%)]	Loss: 0.7004456520080566
[2023-05-03 19:40:17] Train Epoch: 1 [18400/20000 (92.0%)]	Loss: 0.6896697282791138
[2023-05-03 19:40:18] Train Epoch: 1 [19200/20000 (96.0%)]	Loss: 0.6533362865447998
[2023-05-03 19:40:21] ========== Metrics ==========
[2023-05-03 19:40:21] {
  "tr_loss": 0.6892892081852686,
  "tr_acc": 0.5376537653765376,
  "tr_f1": 0.5593365742064627,
  "val_loss": 0.6716079527244493,
  "val_acc": 0.6734766388346065,
  "val_f1": 0.6617592933382407,
  "test_loss": 0.6964753287917553,
  "test_acc": 0.6802168021680217,
  "test_f1": 0.6589595375722542
}
[2023-05-03 19:40:21] ========== Metrics ==========
[2023-05-03 19:40:22] Train Epoch: 2 [0/20000 (0.0%)]	Loss: 0.706188440322876
[2023-05-03 19:40:23] Train Epoch: 2 [800/20000 (4.0%)]	Loss: 0.6615148782730103
[2023-05-03 19:40:23] Train Epoch: 2 [1600/20000 (8.0%)]	Loss: 0.6536447405815125
[2023-05-03 19:40:23] Train Epoch: 2 [2400/20000 (12.0%)]	Loss: 0.6044884920120239
[2023-05-03 19:40:23] Train Epoch: 2 [3200/20000 (16.0%)]	Loss: 0.6379532814025879
[2023-05-03 19:40:24] Train Epoch: 2 [4000/20000 (20.0%)]	Loss: 0.6388959288597107
[2023-05-03 19:40:24] Train Epoch: 2 [4800/20000 (24.0%)]	Loss: 0.6023145914077759
[2023-05-03 19:40:24] Train Epoch: 2 [5600/20000 (28.0%)]	Loss: 0.6197381615638733
[2023-05-03 19:40:25] Train Epoch: 2 [6400/20000 (32.0%)]	Loss: 0.6351475119590759
[2023-05-03 19:40:25] Train Epoch: 2 [7200/20000 (36.0%)]	Loss: 0.6456248164176941
[2023-05-03 19:40:25] Train Epoch: 2 [8000/20000 (40.0%)]	Loss: 0.6911511421203613
[2023-05-03 19:40:26] Train Epoch: 2 [8800/20000 (44.0%)]	Loss: 0.5773794651031494
[2023-05-03 19:40:26] Train Epoch: 2 [9600/20000 (48.0%)]	Loss: 0.6063349843025208
[2023-05-03 19:40:26] Train Epoch: 2 [10400/20000 (52.0%)]	Loss: 0.6274829506874084
[2023-05-03 19:40:26] Train Epoch: 2 [11200/20000 (56.0%)]	Loss: 0.5519083142280579
[2023-05-03 19:40:27] Train Epoch: 2 [12000/20000 (60.0%)]	Loss: 0.5919605493545532
[2023-05-03 19:40:27] Train Epoch: 2 [12800/20000 (64.0%)]	Loss: 0.6367025375366211
[2023-05-03 19:40:27] Train Epoch: 2 [13600/20000 (68.0%)]	Loss: 0.6307315826416016
[2023-05-03 19:40:28] Train Epoch: 2 [14400/20000 (72.0%)]	Loss: 0.6043652892112732
[2023-05-03 19:40:28] Train Epoch: 2 [15200/20000 (76.0%)]	Loss: 0.6628596186637878
[2023-05-03 19:40:28] Train Epoch: 2 [16000/20000 (80.0%)]	Loss: 0.6251615285873413
[2023-05-03 19:40:29] Train Epoch: 2 [16800/20000 (84.0%)]	Loss: 0.622128963470459
[2023-05-03 19:40:29] Train Epoch: 2 [17600/20000 (88.0%)]	Loss: 0.6856783628463745
[2023-05-03 19:40:29] Train Epoch: 2 [18400/20000 (92.0%)]	Loss: 0.4919702708721161
[2023-05-03 19:40:29] Train Epoch: 2 [19200/20000 (96.0%)]	Loss: 0.522836446762085
[2023-05-03 19:40:33] ========== Metrics ==========
[2023-05-03 19:40:33] {
  "tr_loss": 0.6276283635176567,
  "tr_acc": 0.6553655365536554,
  "tr_f1": 0.6599565818038287,
  "val_loss": 0.5966996287638816,
  "val_acc": 0.7511103215491206,
  "val_f1": 0.7524297579077576,
  "test_loss": 0.6116590138050276,
  "test_acc": 0.7777777777777778,
  "test_f1": 0.7759562841530054
}
[2023-05-03 19:40:33] ========== Metrics ==========
[2023-05-03 19:40:34] Train Epoch: 3 [0/20000 (0.0%)]	Loss: 0.5966618657112122
[2023-05-03 19:40:34] Train Epoch: 3 [800/20000 (4.0%)]	Loss: 0.642134428024292
[2023-05-03 19:40:35] Train Epoch: 3 [1600/20000 (8.0%)]	Loss: 0.5076947212219238
[2023-05-03 19:40:35] Train Epoch: 3 [2400/20000 (12.0%)]	Loss: 0.4988986551761627
[2023-05-03 19:40:35] Train Epoch: 3 [3200/20000 (16.0%)]	Loss: 0.574543833732605
[2023-05-03 19:40:36] Train Epoch: 3 [4000/20000 (20.0%)]	Loss: 0.49407631158828735
[2023-05-03 19:40:36] Train Epoch: 3 [4800/20000 (24.0%)]	Loss: 0.8697404265403748
[2023-05-03 19:40:36] Train Epoch: 3 [5600/20000 (28.0%)]	Loss: 0.5966386795043945
[2023-05-03 19:40:37] Train Epoch: 3 [6400/20000 (32.0%)]	Loss: 0.5303585529327393
[2023-05-03 19:40:37] Train Epoch: 3 [7200/20000 (36.0%)]	Loss: 0.570527195930481
[2023-05-03 19:40:37] Train Epoch: 3 [8000/20000 (40.0%)]	Loss: 0.5934495329856873
[2023-05-03 19:40:37] Train Epoch: 3 [8800/20000 (44.0%)]	Loss: 0.5385652184486389
[2023-05-03 19:40:38] Train Epoch: 3 [9600/20000 (48.0%)]	Loss: 0.46770015358924866
[2023-05-03 19:40:38] Train Epoch: 3 [10400/20000 (52.0%)]	Loss: 0.6212143898010254
[2023-05-03 19:40:38] Train Epoch: 3 [11200/20000 (56.0%)]	Loss: 0.502819299697876
[2023-05-03 19:40:39] Train Epoch: 3 [12000/20000 (60.0%)]	Loss: 0.43361788988113403
[2023-05-03 19:40:39] Train Epoch: 3 [12800/20000 (64.0%)]	Loss: 0.7375082969665527
[2023-05-03 19:40:39] Train Epoch: 3 [13600/20000 (68.0%)]	Loss: 0.48670411109924316
[2023-05-03 19:40:40] Train Epoch: 3 [14400/20000 (72.0%)]	Loss: 0.7185823917388916
[2023-05-03 19:40:40] Train Epoch: 3 [15200/20000 (76.0%)]	Loss: 0.6524643898010254
[2023-05-03 19:40:40] Train Epoch: 3 [16000/20000 (80.0%)]	Loss: 0.4185516834259033
[2023-05-03 19:40:40] Train Epoch: 3 [16800/20000 (84.0%)]	Loss: 0.4366580843925476
[2023-05-03 19:40:41] Train Epoch: 3 [17600/20000 (88.0%)]	Loss: 0.5004964470863342
[2023-05-03 19:40:41] Train Epoch: 3 [18400/20000 (92.0%)]	Loss: 0.6404784917831421
[2023-05-03 19:40:41] Train Epoch: 3 [19200/20000 (96.0%)]	Loss: 0.6270500421524048
[2023-05-03 19:40:45] ========== Metrics ==========
[2023-05-03 19:40:45] {
  "tr_loss": 0.5229659888348301,
  "tr_acc": 0.743974397439744,
  "tr_f1": 0.7451975714143526,
  "val_loss": 0.533361334893055,
  "val_acc": 0.7706519808136436,
  "val_f1": 0.7814457423395971,
  "test_loss": 0.5247693514113181,
  "test_acc": 0.8130081300813008,
  "test_f1": 0.8160000000000001
}
[2023-05-03 19:40:45] ========== Metrics ==========
[2023-05-03 19:40:46] Train Epoch: 4 [0/20000 (0.0%)]	Loss: 0.3174495995044708
[2023-05-03 19:40:46] Train Epoch: 4 [800/20000 (4.0%)]	Loss: 0.28502562642097473
[2023-05-03 19:40:47] Train Epoch: 4 [1600/20000 (8.0%)]	Loss: 0.4407661259174347
[2023-05-03 19:40:47] Train Epoch: 4 [2400/20000 (12.0%)]	Loss: 0.40137505531311035
[2023-05-03 19:40:47] Train Epoch: 4 [3200/20000 (16.0%)]	Loss: 0.2242443561553955
[2023-05-03 19:40:48] Train Epoch: 4 [4000/20000 (20.0%)]	Loss: 0.3731060326099396
[2023-05-03 19:40:48] Train Epoch: 4 [4800/20000 (24.0%)]	Loss: 0.42239847779273987
[2023-05-03 19:40:48] Train Epoch: 4 [5600/20000 (28.0%)]	Loss: 0.4304269850254059
[2023-05-03 19:40:48] Train Epoch: 4 [6400/20000 (32.0%)]	Loss: 0.39417463541030884
[2023-05-03 19:40:49] Train Epoch: 4 [7200/20000 (36.0%)]	Loss: 0.7055063843727112
[2023-05-03 19:40:49] Train Epoch: 4 [8000/20000 (40.0%)]	Loss: 0.6202100515365601
[2023-05-03 19:40:49] Train Epoch: 4 [8800/20000 (44.0%)]	Loss: 0.41709932684898376
[2023-05-03 19:40:50] Train Epoch: 4 [9600/20000 (48.0%)]	Loss: 0.5556125044822693
[2023-05-03 19:40:50] Train Epoch: 4 [10400/20000 (52.0%)]	Loss: 0.4760981798171997
[2023-05-03 19:40:50] Train Epoch: 4 [11200/20000 (56.0%)]	Loss: 0.30543220043182373
[2023-05-03 19:40:50] Train Epoch: 4 [12000/20000 (60.0%)]	Loss: 0.5926744937896729
[2023-05-03 19:40:51] Train Epoch: 4 [12800/20000 (64.0%)]	Loss: 0.4407912492752075
[2023-05-03 19:40:51] Train Epoch: 4 [13600/20000 (68.0%)]	Loss: 0.2992413640022278
[2023-05-03 19:40:51] Train Epoch: 4 [14400/20000 (72.0%)]	Loss: 0.4894298315048218
[2023-05-03 19:40:52] Train Epoch: 4 [15200/20000 (76.0%)]	Loss: 0.3149354159832001
[2023-05-03 19:40:52] Train Epoch: 4 [16000/20000 (80.0%)]	Loss: 0.4801448881626129
[2023-05-03 19:40:52] Train Epoch: 4 [16800/20000 (84.0%)]	Loss: 0.48326241970062256
[2023-05-03 19:40:53] Train Epoch: 4 [17600/20000 (88.0%)]	Loss: 0.3020603358745575
[2023-05-03 19:40:53] Train Epoch: 4 [18400/20000 (92.0%)]	Loss: 0.26898685097694397
[2023-05-03 19:40:53] Train Epoch: 4 [19200/20000 (96.0%)]	Loss: 0.2859446704387665
[2023-05-03 19:40:57] ========== Metrics ==========
[2023-05-03 19:40:57] {
  "tr_loss": 0.4237103734162822,
  "tr_acc": 0.8108310831083109,
  "tr_f1": 0.8129912501853773,
  "val_loss": 0.4916250088600732,
  "val_acc": 0.782732279268076,
  "val_f1": 0.783271309587099,
  "test_loss": 0.5128755685759754,
  "test_acc": 0.8346883468834688,
  "test_f1": 0.8300835654596102
}
[2023-05-03 19:40:57] ========== Metrics ==========
[2023-05-03 19:40:58] Train Epoch: 5 [0/20000 (0.0%)]	Loss: 0.41583019495010376
[2023-05-03 19:40:58] Train Epoch: 5 [800/20000 (4.0%)]	Loss: 0.3691352307796478
[2023-05-03 19:40:59] Train Epoch: 5 [1600/20000 (8.0%)]	Loss: 0.5548163056373596
[2023-05-03 19:40:59] Train Epoch: 5 [2400/20000 (12.0%)]	Loss: 0.1391633301973343
[2023-05-03 19:40:59] Train Epoch: 5 [3200/20000 (16.0%)]	Loss: 0.4221745729446411
[2023-05-03 19:41:00] Train Epoch: 5 [4000/20000 (20.0%)]	Loss: 0.40532222390174866
[2023-05-03 19:41:00] Train Epoch: 5 [4800/20000 (24.0%)]	Loss: 0.2891784608364105
[2023-05-03 19:41:00] Train Epoch: 5 [5600/20000 (28.0%)]	Loss: 0.34340700507164
[2023-05-03 19:41:01] Train Epoch: 5 [6400/20000 (32.0%)]	Loss: 0.3024716377258301
[2023-05-03 19:41:01] Train Epoch: 5 [7200/20000 (36.0%)]	Loss: 0.5697785019874573
[2023-05-03 19:41:01] Train Epoch: 5 [8000/20000 (40.0%)]	Loss: 0.3484978675842285
[2023-05-03 19:41:01] Train Epoch: 5 [8800/20000 (44.0%)]	Loss: 0.3450007736682892
[2023-05-03 19:41:02] Train Epoch: 5 [9600/20000 (48.0%)]	Loss: 0.27215859293937683
[2023-05-03 19:41:02] Train Epoch: 5 [10400/20000 (52.0%)]	Loss: 0.39305469393730164
[2023-05-03 19:41:02] Train Epoch: 5 [11200/20000 (56.0%)]	Loss: 0.2442416101694107
[2023-05-03 19:41:03] Train Epoch: 5 [12000/20000 (60.0%)]	Loss: 0.43694332242012024
[2023-05-03 19:41:03] Train Epoch: 5 [12800/20000 (64.0%)]	Loss: 0.219709575176239
[2023-05-03 19:41:03] Train Epoch: 5 [13600/20000 (68.0%)]	Loss: 0.3094577193260193
[2023-05-03 19:41:04] Train Epoch: 5 [14400/20000 (72.0%)]	Loss: 0.29311561584472656
[2023-05-03 19:41:04] Train Epoch: 5 [15200/20000 (76.0%)]	Loss: 0.2714274823665619
[2023-05-03 19:41:04] Train Epoch: 5 [16000/20000 (80.0%)]	Loss: 0.5353729724884033
[2023-05-03 19:41:04] Train Epoch: 5 [16800/20000 (84.0%)]	Loss: 0.19686362147331238
[2023-05-03 19:41:05] Train Epoch: 5 [17600/20000 (88.0%)]	Loss: 0.4335329234600067
[2023-05-03 19:41:05] Train Epoch: 5 [18400/20000 (92.0%)]	Loss: 0.33732083439826965
[2023-05-03 19:41:05] Train Epoch: 5 [19200/20000 (96.0%)]	Loss: 0.3730407953262329
[2023-05-03 19:41:10] ========== Metrics ==========
[2023-05-03 19:41:10] {
  "tr_loss": 0.35589389794349,
  "tr_acc": 0.8455345534553456,
  "tr_f1": 0.8473738821087999,
  "val_loss": 0.47139202368833344,
  "val_acc": 0.7891277313910109,
  "val_f1": 0.7912783541410234,
  "test_loss": 0.44936313603305555,
  "test_acc": 0.8319783197831978,
  "test_f1": 0.8277777777777777
}
[2023-05-03 19:41:10] ========== Metrics ==========
[2023-05-03 19:41:11] Train Epoch: 6 [0/20000 (0.0%)]	Loss: 0.39713698625564575
[2023-05-03 19:41:11] Train Epoch: 6 [800/20000 (4.0%)]	Loss: 0.22047464549541473
[2023-05-03 19:41:11] Train Epoch: 6 [1600/20000 (8.0%)]	Loss: 0.11183276027441025
[2023-05-03 19:41:12] Train Epoch: 6 [2400/20000 (12.0%)]	Loss: 0.22399219870567322
[2023-05-03 19:41:12] Train Epoch: 6 [3200/20000 (16.0%)]	Loss: 0.2222520411014557
[2023-05-03 19:41:12] Train Epoch: 6 [4000/20000 (20.0%)]	Loss: 0.3501056730747223
[2023-05-03 19:41:13] Train Epoch: 6 [4800/20000 (24.0%)]	Loss: 0.27782687544822693
[2023-05-03 19:41:13] Train Epoch: 6 [5600/20000 (28.0%)]	Loss: 0.5915359854698181
[2023-05-03 19:41:13] Train Epoch: 6 [6400/20000 (32.0%)]	Loss: 0.1878141164779663
[2023-05-03 19:41:13] Train Epoch: 6 [7200/20000 (36.0%)]	Loss: 0.3435872793197632
[2023-05-03 19:41:14] Train Epoch: 6 [8000/20000 (40.0%)]	Loss: 0.5522886514663696
[2023-05-03 19:41:14] Train Epoch: 6 [8800/20000 (44.0%)]	Loss: 0.4367283582687378
[2023-05-03 19:41:14] Train Epoch: 6 [9600/20000 (48.0%)]	Loss: 0.2586616277694702
[2023-05-03 19:41:15] Train Epoch: 6 [10400/20000 (52.0%)]	Loss: 0.16990095376968384
[2023-05-03 19:41:15] Train Epoch: 6 [11200/20000 (56.0%)]	Loss: 0.2407953143119812
[2023-05-03 19:41:15] Train Epoch: 6 [12000/20000 (60.0%)]	Loss: 0.33427247405052185
[2023-05-03 19:41:16] Train Epoch: 6 [12800/20000 (64.0%)]	Loss: 0.319966197013855
[2023-05-03 19:41:16] Train Epoch: 6 [13600/20000 (68.0%)]	Loss: 0.4118412435054779
[2023-05-03 19:41:16] Train Epoch: 6 [14400/20000 (72.0%)]	Loss: 0.592322587966919
[2023-05-03 19:41:17] Train Epoch: 6 [15200/20000 (76.0%)]	Loss: 0.1306348443031311
[2023-05-03 19:41:17] Train Epoch: 6 [16000/20000 (80.0%)]	Loss: 0.20454774796962738
[2023-05-03 19:41:17] Train Epoch: 6 [16800/20000 (84.0%)]	Loss: 0.185318261384964
[2023-05-03 19:41:18] Train Epoch: 6 [17600/20000 (88.0%)]	Loss: 0.2535046637058258
[2023-05-03 19:41:18] Train Epoch: 6 [18400/20000 (92.0%)]	Loss: 0.25130796432495117
[2023-05-03 19:41:18] Train Epoch: 6 [19200/20000 (96.0%)]	Loss: 0.1371092051267624
[2023-05-03 19:41:22] ========== Metrics ==========
[2023-05-03 19:41:22] {
  "tr_loss": 0.3022588181345448,
  "tr_acc": 0.8754375437543754,
  "tr_f1": 0.8779938286721849,
  "val_loss": 0.46951072672201655,
  "val_acc": 0.7905489429738852,
  "val_f1": 0.7897271268057784,
  "test_loss": 0.45346501719983934,
  "test_acc": 0.8292682926829268,
  "test_f1": 0.8235294117647058
}
[2023-05-03 19:41:22] ========== Metrics ==========
[2023-05-03 19:41:23] Train Epoch: 7 [0/20000 (0.0%)]	Loss: 0.26598548889160156
[2023-05-03 19:41:23] Train Epoch: 7 [800/20000 (4.0%)]	Loss: 0.31250447034835815
[2023-05-03 19:41:24] Train Epoch: 7 [1600/20000 (8.0%)]	Loss: 0.2952662408351898
[2023-05-03 19:41:24] Train Epoch: 7 [2400/20000 (12.0%)]	Loss: 0.2605932950973511
[2023-05-03 19:41:24] Train Epoch: 7 [3200/20000 (16.0%)]	Loss: 0.33732694387435913
[2023-05-03 19:41:25] Train Epoch: 7 [4000/20000 (20.0%)]	Loss: 0.3008578419685364
[2023-05-03 19:41:25] Train Epoch: 7 [4800/20000 (24.0%)]	Loss: 0.4550435543060303
[2023-05-03 19:41:25] Train Epoch: 7 [5600/20000 (28.0%)]	Loss: 0.2292836606502533
[2023-05-03 19:41:26] Train Epoch: 7 [6400/20000 (32.0%)]	Loss: 0.21478334069252014
[2023-05-03 19:41:26] Train Epoch: 7 [7200/20000 (36.0%)]	Loss: 0.3063434064388275
[2023-05-03 19:41:26] Train Epoch: 7 [8000/20000 (40.0%)]	Loss: 0.2255033403635025
[2023-05-03 19:41:26] Train Epoch: 7 [8800/20000 (44.0%)]	Loss: 0.16341055929660797
[2023-05-03 19:41:27] Train Epoch: 7 [9600/20000 (48.0%)]	Loss: 0.24865742027759552
[2023-05-03 19:41:27] Train Epoch: 7 [10400/20000 (52.0%)]	Loss: 0.20029382407665253
[2023-05-03 19:41:27] Train Epoch: 7 [11200/20000 (56.0%)]	Loss: 0.32161328196525574
[2023-05-03 19:41:28] Train Epoch: 7 [12000/20000 (60.0%)]	Loss: 0.5702021718025208
[2023-05-03 19:41:28] Train Epoch: 7 [12800/20000 (64.0%)]	Loss: 0.22472034394741058
[2023-05-03 19:41:28] Train Epoch: 7 [13600/20000 (68.0%)]	Loss: 0.3372248709201813
[2023-05-03 19:41:29] Train Epoch: 7 [14400/20000 (72.0%)]	Loss: 0.3019770085811615
[2023-05-03 19:41:29] Train Epoch: 7 [15200/20000 (76.0%)]	Loss: 0.16109493374824524
[2023-05-03 19:41:29] Train Epoch: 7 [16000/20000 (80.0%)]	Loss: 0.3161206841468811
[2023-05-03 19:41:30] Train Epoch: 7 [16800/20000 (84.0%)]	Loss: 0.22546280920505524
[2023-05-03 19:41:30] Train Epoch: 7 [17600/20000 (88.0%)]	Loss: 0.24271072447299957
[2023-05-03 19:41:30] Train Epoch: 7 [18400/20000 (92.0%)]	Loss: 0.3369796872138977
[2023-05-03 19:41:30] Train Epoch: 7 [19200/20000 (96.0%)]	Loss: 0.26583021879196167
[2023-05-03 19:41:34] ========== Metrics ==========
[2023-05-03 19:41:34] {
  "tr_loss": 0.29149286065510316,
  "tr_acc": 0.8817881788178817,
  "tr_f1": 0.8834549398540722,
  "val_loss": 0.4673599033335382,
  "val_acc": 0.7909042458696038,
  "val_f1": 0.7896336014298481,
  "test_loss": 0.43070078703769177,
  "test_acc": 0.8319783197831978,
  "test_f1": 0.8258426966292135
}
[2023-05-03 19:41:34] ========== Metrics ==========
[2023-05-03 19:41:35] Train Epoch: 8 [0/20000 (0.0%)]	Loss: 0.15517720580101013
[2023-05-03 19:41:35] Train Epoch: 8 [800/20000 (4.0%)]	Loss: 0.27649110555648804
[2023-05-03 19:41:36] Train Epoch: 8 [1600/20000 (8.0%)]	Loss: 0.24983297288417816
[2023-05-03 19:41:36] Train Epoch: 8 [2400/20000 (12.0%)]	Loss: 0.3639889359474182
[2023-05-03 19:41:36] Train Epoch: 8 [3200/20000 (16.0%)]	Loss: 0.4323362410068512
[2023-05-03 19:41:37] Train Epoch: 8 [4000/20000 (20.0%)]	Loss: 0.24701185524463654
[2023-05-03 19:41:37] Train Epoch: 8 [4800/20000 (24.0%)]	Loss: 0.24855969846248627
[2023-05-03 19:41:37] Train Epoch: 8 [5600/20000 (28.0%)]	Loss: 0.15639205276966095
[2023-05-03 19:41:38] Train Epoch: 8 [6400/20000 (32.0%)]	Loss: 0.21010923385620117
[2023-05-03 19:41:38] Train Epoch: 8 [7200/20000 (36.0%)]	Loss: 0.41460859775543213
[2023-05-03 19:41:38] Train Epoch: 8 [8000/20000 (40.0%)]	Loss: 0.3104097247123718
[2023-05-03 19:41:38] Train Epoch: 8 [8800/20000 (44.0%)]	Loss: 0.10863883048295975
[2023-05-03 19:41:39] Train Epoch: 8 [9600/20000 (48.0%)]	Loss: 0.16255173087120056
[2023-05-03 19:41:39] Train Epoch: 8 [10400/20000 (52.0%)]	Loss: 0.3493737280368805
[2023-05-03 19:41:39] Train Epoch: 8 [11200/20000 (56.0%)]	Loss: 0.12242915481328964
[2023-05-03 19:41:40] Train Epoch: 8 [12000/20000 (60.0%)]	Loss: 0.21129275858402252
[2023-05-03 19:41:40] Train Epoch: 8 [12800/20000 (64.0%)]	Loss: 0.1330028474330902
[2023-05-03 19:41:40] Train Epoch: 8 [13600/20000 (68.0%)]	Loss: 0.24252142012119293
[2023-05-03 19:41:40] Train Epoch: 8 [14400/20000 (72.0%)]	Loss: 0.2903284430503845
[2023-05-03 19:41:41] Train Epoch: 8 [15200/20000 (76.0%)]	Loss: 0.1484939455986023
[2023-05-03 19:41:41] Train Epoch: 8 [16000/20000 (80.0%)]	Loss: 0.4783520996570587
[2023-05-03 19:41:41] Train Epoch: 8 [16800/20000 (84.0%)]	Loss: 0.25915804505348206
[2023-05-03 19:41:42] Train Epoch: 8 [17600/20000 (88.0%)]	Loss: 0.46213576197624207
[2023-05-03 19:41:42] Train Epoch: 8 [18400/20000 (92.0%)]	Loss: 0.2527225613594055
[2023-05-03 19:41:42] Train Epoch: 8 [19200/20000 (96.0%)]	Loss: 0.29452431201934814
[2023-05-03 19:41:47] ========== Metrics ==========
[2023-05-03 19:41:47] {
  "tr_loss": 0.2823116713636505,
  "tr_acc": 0.8861886188618862,
  "tr_f1": 0.8875494071146245,
  "val_loss": 0.4653030315201963,
  "val_acc": 0.7900159886303073,
  "val_f1": 0.7883995703544575,
  "test_loss": 0.42703822570118477,
  "test_acc": 0.8319783197831978,
  "test_f1": 0.8258426966292135
}
[2023-05-03 19:41:47] ========== Metrics ==========
[2023-05-03 19:41:47] Train Epoch: 9 [0/20000 (0.0%)]	Loss: 0.347446084022522
[2023-05-03 19:41:48] Train Epoch: 9 [800/20000 (4.0%)]	Loss: 0.2459190934896469
[2023-05-03 19:41:48] Train Epoch: 9 [1600/20000 (8.0%)]	Loss: 0.20340149104595184
[2023-05-03 19:41:48] Train Epoch: 9 [2400/20000 (12.0%)]	Loss: 0.18678785860538483
[2023-05-03 19:41:49] Train Epoch: 9 [3200/20000 (16.0%)]	Loss: 0.2131136804819107
[2023-05-03 19:41:49] Train Epoch: 9 [4000/20000 (20.0%)]	Loss: 0.16123004257678986
[2023-05-03 19:41:49] Train Epoch: 9 [4800/20000 (24.0%)]	Loss: 0.3577941060066223
[2023-05-03 19:41:50] Train Epoch: 9 [5600/20000 (28.0%)]	Loss: 0.3707581162452698
[2023-05-03 19:41:50] Train Epoch: 9 [6400/20000 (32.0%)]	Loss: 0.30809658765792847
[2023-05-03 19:41:50] Train Epoch: 9 [7200/20000 (36.0%)]	Loss: 0.19189442694187164
[2023-05-03 19:41:51] Train Epoch: 9 [8000/20000 (40.0%)]	Loss: 0.5328193306922913
[2023-05-03 19:41:51] Train Epoch: 9 [8800/20000 (44.0%)]	Loss: 0.17878174781799316
[2023-05-03 19:41:51] Train Epoch: 9 [9600/20000 (48.0%)]	Loss: 0.5809972882270813
[2023-05-03 19:41:52] Train Epoch: 9 [10400/20000 (52.0%)]	Loss: 0.2455824464559555
[2023-05-03 19:41:52] Train Epoch: 9 [11200/20000 (56.0%)]	Loss: 0.16155993938446045
[2023-05-03 19:41:52] Train Epoch: 9 [12000/20000 (60.0%)]	Loss: 0.2556290924549103
[2023-05-03 19:41:53] Train Epoch: 9 [12800/20000 (64.0%)]	Loss: 0.19006375968456268
[2023-05-03 19:41:53] Train Epoch: 9 [13600/20000 (68.0%)]	Loss: 0.3077484369277954
[2023-05-03 19:41:53] Train Epoch: 9 [14400/20000 (72.0%)]	Loss: 0.3876030147075653
[2023-05-03 19:41:53] Train Epoch: 9 [15200/20000 (76.0%)]	Loss: 0.14216630160808563
[2023-05-03 19:41:54] Train Epoch: 9 [16000/20000 (80.0%)]	Loss: 0.21450673043727875
[2023-05-03 19:41:54] Train Epoch: 9 [16800/20000 (84.0%)]	Loss: 0.17116351425647736
[2023-05-03 19:41:54] Train Epoch: 9 [17600/20000 (88.0%)]	Loss: 0.18469315767288208
[2023-05-03 19:41:55] Train Epoch: 9 [18400/20000 (92.0%)]	Loss: 0.16042207181453705
[2023-05-03 19:41:55] Train Epoch: 9 [19200/20000 (96.0%)]	Loss: 0.3406393527984619
[2023-05-03 19:41:59] ========== Metrics ==========
[2023-05-03 19:41:59] {
  "tr_loss": 0.28013896554073625,
  "tr_acc": 0.8863386338633863,
  "tr_f1": 0.8879909328339822,
  "val_loss": 0.4637210358097702,
  "val_acc": 0.7919701545567597,
  "val_f1": 0.7892747885549757,
  "test_loss": 0.4435755217947611,
  "test_acc": 0.8292682926829268,
  "test_f1": 0.8225352112676056
}
[2023-05-03 19:41:59] ========== Metrics ==========
[2023-05-03 19:42:00] Train Epoch: 10 [0/20000 (0.0%)]	Loss: 0.18488265573978424
[2023-05-03 19:42:00] Train Epoch: 10 [800/20000 (4.0%)]	Loss: 0.32653653621673584
[2023-05-03 19:42:00] Train Epoch: 10 [1600/20000 (8.0%)]	Loss: 0.5591261982917786
[2023-05-03 19:42:01] Train Epoch: 10 [2400/20000 (12.0%)]	Loss: 0.27503252029418945
[2023-05-03 19:42:01] Train Epoch: 10 [3200/20000 (16.0%)]	Loss: 0.18935412168502808
[2023-05-03 19:42:01] Train Epoch: 10 [4000/20000 (20.0%)]	Loss: 0.1697627305984497
[2023-05-03 19:42:02] Train Epoch: 10 [4800/20000 (24.0%)]	Loss: 0.19989678263664246
[2023-05-03 19:42:02] Train Epoch: 10 [5600/20000 (28.0%)]	Loss: 0.25903165340423584
[2023-05-03 19:42:02] Train Epoch: 10 [6400/20000 (32.0%)]	Loss: 0.13444411754608154
[2023-05-03 19:42:03] Train Epoch: 10 [7200/20000 (36.0%)]	Loss: 0.13847121596336365
[2023-05-03 19:42:03] Train Epoch: 10 [8000/20000 (40.0%)]	Loss: 0.3182831406593323
[2023-05-03 19:42:03] Train Epoch: 10 [8800/20000 (44.0%)]	Loss: 0.3324234187602997
[2023-05-03 19:42:03] Train Epoch: 10 [9600/20000 (48.0%)]	Loss: 0.11315057426691055
[2023-05-03 19:42:04] Train Epoch: 10 [10400/20000 (52.0%)]	Loss: 0.2589992582798004
[2023-05-03 19:42:04] Train Epoch: 10 [11200/20000 (56.0%)]	Loss: 0.34231066703796387
[2023-05-03 19:42:04] Train Epoch: 10 [12000/20000 (60.0%)]	Loss: 0.20201663672924042
[2023-05-03 19:42:05] Train Epoch: 10 [12800/20000 (64.0%)]	Loss: 0.18590715527534485
[2023-05-03 19:42:05] Train Epoch: 10 [13600/20000 (68.0%)]	Loss: 0.16840705275535583
[2023-05-03 19:42:05] Train Epoch: 10 [14400/20000 (72.0%)]	Loss: 0.29741203784942627
[2023-05-03 19:42:05] Train Epoch: 10 [15200/20000 (76.0%)]	Loss: 0.21099111437797546
[2023-05-03 19:42:06] Train Epoch: 10 [16000/20000 (80.0%)]	Loss: 0.32263967394828796
[2023-05-03 19:42:06] Train Epoch: 10 [16800/20000 (84.0%)]	Loss: 0.29581746459007263
[2023-05-03 19:42:06] Train Epoch: 10 [17600/20000 (88.0%)]	Loss: 0.2246350646018982
[2023-05-03 19:42:07] Train Epoch: 10 [18400/20000 (92.0%)]	Loss: 0.10864322632551193
[2023-05-03 19:42:07] Train Epoch: 10 [19200/20000 (96.0%)]	Loss: 0.32856446504592896
[2023-05-03 19:42:11] ========== Metrics ==========
[2023-05-03 19:42:11] {
  "tr_loss": 0.27043922658752995,
  "tr_acc": 0.8917891789178918,
  "tr_f1": 0.8932412432165762,
  "val_loss": 0.46237371772194147,
  "val_acc": 0.7907265944217445,
  "val_f1": 0.786903039073806,
  "test_loss": 0.4268377369981471,
  "test_acc": 0.8292682926829268,
  "test_f1": 0.8225352112676056
}
[2023-05-03 19:42:11] ========== Metrics ==========
[2023-05-03 19:42:12] Train Epoch: 11 [0/20000 (0.0%)]	Loss: 0.3513362407684326
[2023-05-03 19:42:12] Train Epoch: 11 [800/20000 (4.0%)]	Loss: 0.1564248949289322
[2023-05-03 19:42:12] Train Epoch: 11 [1600/20000 (8.0%)]	Loss: 0.17183135449886322
[2023-05-03 19:42:13] Train Epoch: 11 [2400/20000 (12.0%)]	Loss: 0.1901646852493286
[2023-05-03 19:42:13] Train Epoch: 11 [3200/20000 (16.0%)]	Loss: 0.17831487953662872
[2023-05-03 19:42:13] Train Epoch: 11 [4000/20000 (20.0%)]	Loss: 0.38770124316215515
[2023-05-03 19:42:14] Train Epoch: 11 [4800/20000 (24.0%)]	Loss: 0.21344107389450073
[2023-05-03 19:42:14] Train Epoch: 11 [5600/20000 (28.0%)]	Loss: 0.10896437615156174
[2023-05-03 19:42:14] Train Epoch: 11 [6400/20000 (32.0%)]	Loss: 0.35166463255882263
[2023-05-03 19:42:15] Train Epoch: 11 [7200/20000 (36.0%)]	Loss: 0.3523215055465698
[2023-05-03 19:42:15] Train Epoch: 11 [8000/20000 (40.0%)]	Loss: 0.10857633501291275
[2023-05-03 19:42:15] Train Epoch: 11 [8800/20000 (44.0%)]	Loss: 0.31478893756866455
[2023-05-03 19:42:15] Train Epoch: 11 [9600/20000 (48.0%)]	Loss: 0.1714785099029541
[2023-05-03 19:42:16] Train Epoch: 11 [10400/20000 (52.0%)]	Loss: 0.3169630169868469
[2023-05-03 19:42:16] Train Epoch: 11 [11200/20000 (56.0%)]	Loss: 0.17566578090190887
[2023-05-03 19:42:16] Train Epoch: 11 [12000/20000 (60.0%)]	Loss: 0.360566645860672
[2023-05-03 19:42:17] Train Epoch: 11 [12800/20000 (64.0%)]	Loss: 0.2487342357635498
[2023-05-03 19:42:17] Train Epoch: 11 [13600/20000 (68.0%)]	Loss: 0.3082929849624634
[2023-05-03 19:42:17] Train Epoch: 11 [14400/20000 (72.0%)]	Loss: 0.3333450257778168
[2023-05-03 19:42:17] Train Epoch: 11 [15200/20000 (76.0%)]	Loss: 0.27880042791366577
[2023-05-03 19:42:18] Train Epoch: 11 [16000/20000 (80.0%)]	Loss: 0.36170580983161926
[2023-05-03 19:42:18] Train Epoch: 11 [16800/20000 (84.0%)]	Loss: 0.22299018502235413
[2023-05-03 19:42:18] Train Epoch: 11 [17600/20000 (88.0%)]	Loss: 0.13135741651058197
[2023-05-03 19:42:19] Train Epoch: 11 [18400/20000 (92.0%)]	Loss: 0.5839673280715942
[2023-05-03 19:42:19] Train Epoch: 11 [19200/20000 (96.0%)]	Loss: 0.19891539216041565
[2023-05-03 19:42:23] ========== Metrics ==========
[2023-05-03 19:42:23] {
  "tr_loss": 0.2664762699719679,
  "tr_acc": 0.8936393639363936,
  "tr_f1": 0.8945724907063197,
  "val_loss": 0.4620129742319958,
  "val_acc": 0.7916148516610411,
  "val_f1": 0.7879992770648834,
  "test_loss": 0.42466880926271766,
  "test_acc": 0.8292682926829268,
  "test_f1": 0.8225352112676056
}
[2023-05-03 19:42:23] ========== Metrics ==========
[2023-05-03 19:42:24] Train Epoch: 12 [0/20000 (0.0%)]	Loss: 0.17519140243530273
[2023-05-03 19:42:24] Train Epoch: 12 [800/20000 (4.0%)]	Loss: 0.24222490191459656
[2023-05-03 19:42:25] Train Epoch: 12 [1600/20000 (8.0%)]	Loss: 0.265089213848114
[2023-05-03 19:42:25] Train Epoch: 12 [2400/20000 (12.0%)]	Loss: 0.1372663974761963
[2023-05-03 19:42:25] Train Epoch: 12 [3200/20000 (16.0%)]	Loss: 0.39831113815307617
[2023-05-03 19:42:25] Train Epoch: 12 [4000/20000 (20.0%)]	Loss: 0.21832238137722015
[2023-05-03 19:42:26] Train Epoch: 12 [4800/20000 (24.0%)]	Loss: 0.12505421042442322
[2023-05-03 19:42:26] Train Epoch: 12 [5600/20000 (28.0%)]	Loss: 0.1988491415977478
[2023-05-03 19:42:26] Train Epoch: 12 [6400/20000 (32.0%)]	Loss: 0.2772678732872009
[2023-05-03 19:42:27] Train Epoch: 12 [7200/20000 (36.0%)]	Loss: 0.33170413970947266
[2023-05-03 19:42:27] Train Epoch: 12 [8000/20000 (40.0%)]	Loss: 0.15306904911994934
[2023-05-03 19:42:27] Train Epoch: 12 [8800/20000 (44.0%)]	Loss: 0.4065144956111908
[2023-05-03 19:42:27] Train Epoch: 12 [9600/20000 (48.0%)]	Loss: 0.4751926064491272
[2023-05-03 19:42:28] Train Epoch: 12 [10400/20000 (52.0%)]	Loss: 0.15105745196342468
[2023-05-03 19:42:28] Train Epoch: 12 [11200/20000 (56.0%)]	Loss: 0.4105716943740845
[2023-05-03 19:42:28] Train Epoch: 12 [12000/20000 (60.0%)]	Loss: 0.20727704465389252
[2023-05-03 19:42:29] Train Epoch: 12 [12800/20000 (64.0%)]	Loss: 0.22058601677417755
[2023-05-03 19:42:29] Train Epoch: 12 [13600/20000 (68.0%)]	Loss: 0.2423049956560135
[2023-05-03 19:42:29] Train Epoch: 12 [14400/20000 (72.0%)]	Loss: 0.1281910538673401
[2023-05-03 19:42:30] Train Epoch: 12 [15200/20000 (76.0%)]	Loss: 0.20084621012210846
[2023-05-03 19:42:30] Train Epoch: 12 [16000/20000 (80.0%)]	Loss: 0.4015060067176819
[2023-05-03 19:42:30] Train Epoch: 12 [16800/20000 (84.0%)]	Loss: 0.14176632463932037
[2023-05-03 19:42:30] Train Epoch: 12 [17600/20000 (88.0%)]	Loss: 0.13059550523757935
[2023-05-03 19:42:31] Train Epoch: 12 [18400/20000 (92.0%)]	Loss: 0.24643175303936005
[2023-05-03 19:42:31] Train Epoch: 12 [19200/20000 (96.0%)]	Loss: 0.1530223786830902
[2023-05-03 19:42:35] ========== Metrics ==========
[2023-05-03 19:42:35] {
  "tr_loss": 0.2689786476067918,
  "tr_acc": 0.8921892189218922,
  "tr_f1": 0.8941060903732809,
  "val_loss": 0.46192518740145894,
  "val_acc": 0.792147806004619,
  "val_f1": 0.7884267631103073,
  "test_loss": 0.4243057568868001,
  "test_acc": 0.8292682926829268,
  "test_f1": 0.8225352112676056
}
[2023-05-03 19:42:35] ========== Metrics ==========
[2023-05-03 19:42:36] Train Epoch: 13 [0/20000 (0.0%)]	Loss: 0.4657571315765381
[2023-05-03 19:42:36] Train Epoch: 13 [800/20000 (4.0%)]	Loss: 0.39828476309776306
[2023-05-03 19:42:37] Train Epoch: 13 [1600/20000 (8.0%)]	Loss: 0.16819098591804504
[2023-05-03 19:42:37] Train Epoch: 13 [2400/20000 (12.0%)]	Loss: 0.1558854579925537
[2023-05-03 19:42:37] Train Epoch: 13 [3200/20000 (16.0%)]	Loss: 0.32369595766067505
[2023-05-03 19:42:37] Train Epoch: 13 [4000/20000 (20.0%)]	Loss: 0.560546338558197
[2023-05-03 19:42:38] Train Epoch: 13 [4800/20000 (24.0%)]	Loss: 0.200938880443573
[2023-05-03 19:42:38] Train Epoch: 13 [5600/20000 (28.0%)]	Loss: 0.24201910197734833
[2023-05-03 19:42:38] Train Epoch: 13 [6400/20000 (32.0%)]	Loss: 0.3892994225025177
[2023-05-03 19:42:39] Train Epoch: 13 [7200/20000 (36.0%)]	Loss: 0.19934017956256866
[2023-05-03 19:42:39] Train Epoch: 13 [8000/20000 (40.0%)]	Loss: 0.12257744371891022
[2023-05-03 19:42:39] Train Epoch: 13 [8800/20000 (44.0%)]	Loss: 0.42452552914619446
[2023-05-03 19:42:39] Train Epoch: 13 [9600/20000 (48.0%)]	Loss: 0.15323449671268463
[2023-05-03 19:42:40] Train Epoch: 13 [10400/20000 (52.0%)]	Loss: 0.30091676115989685
[2023-05-03 19:42:40] Train Epoch: 13 [11200/20000 (56.0%)]	Loss: 0.35167396068573
[2023-05-03 19:42:40] Train Epoch: 13 [12000/20000 (60.0%)]	Loss: 0.1760462522506714
[2023-05-03 19:42:41] Train Epoch: 13 [12800/20000 (64.0%)]	Loss: 0.18536262214183807
[2023-05-03 19:42:41] Train Epoch: 13 [13600/20000 (68.0%)]	Loss: 0.1498529314994812
[2023-05-03 19:42:41] Train Epoch: 13 [14400/20000 (72.0%)]	Loss: 0.16796262562274933
[2023-05-03 19:42:42] Train Epoch: 13 [15200/20000 (76.0%)]	Loss: 0.22191669046878815
[2023-05-03 19:42:42] Train Epoch: 13 [16000/20000 (80.0%)]	Loss: 0.20329906046390533
[2023-05-03 19:42:42] Train Epoch: 13 [16800/20000 (84.0%)]	Loss: 0.2634830176830292
[2023-05-03 19:42:42] Train Epoch: 13 [17600/20000 (88.0%)]	Loss: 0.33702293038368225
[2023-05-03 19:42:43] Train Epoch: 13 [18400/20000 (92.0%)]	Loss: 0.12077642977237701
[2023-05-03 19:42:43] Train Epoch: 13 [19200/20000 (96.0%)]	Loss: 0.16432584822177887
[2023-05-03 19:42:47] ========== Metrics ==========
[2023-05-03 19:42:47] {
  "tr_loss": 0.2650486894346068,
  "tr_acc": 0.8957395739573958,
  "tr_f1": 0.8967463972663794,
  "val_loss": 0.4616082455849728,
  "val_acc": 0.792147806004619,
  "val_f1": 0.7884267631103073,
  "test_loss": 0.42729159810032624,
  "test_acc": 0.8292682926829268,
  "test_f1": 0.8225352112676056
}
[2023-05-03 19:42:47] ========== Metrics ==========
[2023-05-03 19:42:48] Train Epoch: 14 [0/20000 (0.0%)]	Loss: 0.2330341339111328
[2023-05-03 19:42:48] Train Epoch: 14 [800/20000 (4.0%)]	Loss: 0.33022287487983704
[2023-05-03 19:42:48] Train Epoch: 14 [1600/20000 (8.0%)]	Loss: 0.19337882101535797
[2023-05-03 19:42:49] Train Epoch: 14 [2400/20000 (12.0%)]	Loss: 0.41895952820777893
[2023-05-03 19:42:49] Train Epoch: 14 [3200/20000 (16.0%)]	Loss: 0.08811599016189575
[2023-05-03 19:42:49] Train Epoch: 14 [4000/20000 (20.0%)]	Loss: 0.25323230028152466
[2023-05-03 19:42:50] Train Epoch: 14 [4800/20000 (24.0%)]	Loss: 0.282017320394516
[2023-05-03 19:42:50] Train Epoch: 14 [5600/20000 (28.0%)]	Loss: 0.35160136222839355
[2023-05-03 19:42:50] Train Epoch: 14 [6400/20000 (32.0%)]	Loss: 0.5585510730743408
[2023-05-03 19:42:51] Train Epoch: 14 [7200/20000 (36.0%)]	Loss: 0.2704489827156067
[2023-05-03 19:42:51] Train Epoch: 14 [8000/20000 (40.0%)]	Loss: 0.37762942910194397
[2023-05-03 19:42:51] Train Epoch: 14 [8800/20000 (44.0%)]	Loss: 0.22888562083244324
[2023-05-03 19:42:51] Train Epoch: 14 [9600/20000 (48.0%)]	Loss: 0.24932588636875153
[2023-05-03 19:42:52] Train Epoch: 14 [10400/20000 (52.0%)]	Loss: 0.34880679845809937
[2023-05-03 19:42:52] Train Epoch: 14 [11200/20000 (56.0%)]	Loss: 0.27453911304473877
[2023-05-03 19:42:52] Train Epoch: 14 [12000/20000 (60.0%)]	Loss: 0.3895663321018219
[2023-05-03 19:42:53] Train Epoch: 14 [12800/20000 (64.0%)]	Loss: 0.2634303867816925
[2023-05-03 19:42:53] Train Epoch: 14 [13600/20000 (68.0%)]	Loss: 0.3156842589378357
[2023-05-03 19:42:53] Train Epoch: 14 [14400/20000 (72.0%)]	Loss: 0.4072180390357971
[2023-05-03 19:42:54] Train Epoch: 14 [15200/20000 (76.0%)]	Loss: 0.35030820965766907
[2023-05-03 19:42:54] Train Epoch: 14 [16000/20000 (80.0%)]	Loss: 0.44962963461875916
[2023-05-03 19:42:54] Train Epoch: 14 [16800/20000 (84.0%)]	Loss: 0.3065248727798462
[2023-05-03 19:42:55] Train Epoch: 14 [17600/20000 (88.0%)]	Loss: 0.10400503128767014
[2023-05-03 19:42:55] Train Epoch: 14 [18400/20000 (92.0%)]	Loss: 0.24931573867797852
[2023-05-03 19:42:55] Train Epoch: 14 [19200/20000 (96.0%)]	Loss: 0.29749393463134766
[2023-05-03 19:42:59] ========== Metrics ==========
[2023-05-03 19:42:59] {
  "tr_loss": 0.26810659059990355,
  "tr_acc": 0.8910891089108911,
  "tr_f1": 0.8925399644760212,
  "val_loss": 0.4615145456009467,
  "val_acc": 0.7923254574524783,
  "val_f1": 0.7885693615482002,
  "test_loss": 0.4292018025871215,
  "test_acc": 0.8319783197831978,
  "test_f1": 0.8258426966292135
}
[2023-05-03 19:42:59] ========== Metrics ==========
[2023-05-03 19:43:00] Train Epoch: 15 [0/20000 (0.0%)]	Loss: 0.19832418859004974
[2023-05-03 19:43:01] Train Epoch: 15 [800/20000 (4.0%)]	Loss: 0.3333403766155243
[2023-05-03 19:43:01] Train Epoch: 15 [1600/20000 (8.0%)]	Loss: 0.23689207434654236
[2023-05-03 19:43:01] Train Epoch: 15 [2400/20000 (12.0%)]	Loss: 0.26561444997787476
[2023-05-03 19:43:01] Train Epoch: 15 [3200/20000 (16.0%)]	Loss: 0.5555311441421509
[2023-05-03 19:43:02] Train Epoch: 15 [4000/20000 (20.0%)]	Loss: 0.34661081433296204
[2023-05-03 19:43:02] Train Epoch: 15 [4800/20000 (24.0%)]	Loss: 0.32616952061653137
[2023-05-03 19:43:02] Train Epoch: 15 [5600/20000 (28.0%)]	Loss: 0.12293395400047302
[2023-05-03 19:43:03] Train Epoch: 15 [6400/20000 (32.0%)]	Loss: 0.22289089858531952
[2023-05-03 19:43:03] Train Epoch: 15 [7200/20000 (36.0%)]	Loss: 0.2579497992992401
[2023-05-03 19:43:03] Train Epoch: 15 [8000/20000 (40.0%)]	Loss: 0.2992323040962219
[2023-05-03 19:43:04] Train Epoch: 15 [8800/20000 (44.0%)]	Loss: 0.30784472823143005
[2023-05-03 19:43:04] Train Epoch: 15 [9600/20000 (48.0%)]	Loss: 0.2153664380311966
[2023-05-03 19:43:04] Train Epoch: 15 [10400/20000 (52.0%)]	Loss: 0.14054490625858307
[2023-05-03 19:43:04] Train Epoch: 15 [11200/20000 (56.0%)]	Loss: 0.4108956754207611
[2023-05-03 19:43:05] Train Epoch: 15 [12000/20000 (60.0%)]	Loss: 0.22781513631343842
[2023-05-03 19:43:05] Train Epoch: 15 [12800/20000 (64.0%)]	Loss: 0.23054194450378418
[2023-05-03 19:43:05] Train Epoch: 15 [13600/20000 (68.0%)]	Loss: 0.3888460099697113
[2023-05-03 19:43:06] Train Epoch: 15 [14400/20000 (72.0%)]	Loss: 0.12491238117218018
[2023-05-03 19:43:06] Train Epoch: 15 [15200/20000 (76.0%)]	Loss: 0.30402499437332153
[2023-05-03 19:43:06] Train Epoch: 15 [16000/20000 (80.0%)]	Loss: 0.1118624210357666
[2023-05-03 19:43:07] Train Epoch: 15 [16800/20000 (84.0%)]	Loss: 0.27223268151283264
[2023-05-03 19:43:07] Train Epoch: 15 [17600/20000 (88.0%)]	Loss: 0.20156951248645782
[2023-05-03 19:43:07] Train Epoch: 15 [18400/20000 (92.0%)]	Loss: 0.11368398368358612
[2023-05-03 19:43:08] Train Epoch: 15 [19200/20000 (96.0%)]	Loss: 0.29498714208602905
[2023-05-03 19:43:12] ========== Metrics ==========
[2023-05-03 19:43:12] {
  "tr_loss": 0.2633077759321409,
  "tr_acc": 0.894039403940394,
  "tr_f1": 0.8958978138049619,
  "val_loss": 0.4614123236669234,
  "val_acc": 0.7923254574524783,
  "val_f1": 0.7884928532657861,
  "test_loss": 0.42253880578327957,
  "test_acc": 0.8319783197831978,
  "test_f1": 0.8258426966292135
}
[2023-05-03 19:43:12] ========== Metrics ==========
[2023-05-03 19:43:13] Train Epoch: 16 [0/20000 (0.0%)]	Loss: 0.35336676239967346
[2023-05-03 19:43:13] Train Epoch: 16 [800/20000 (4.0%)]	Loss: 0.17453284561634064
[2023-05-03 19:43:13] Train Epoch: 16 [1600/20000 (8.0%)]	Loss: 0.3492541015148163
[2023-05-03 19:43:14] Train Epoch: 16 [2400/20000 (12.0%)]	Loss: 0.2527194321155548
[2023-05-03 19:43:14] Train Epoch: 16 [3200/20000 (16.0%)]	Loss: 0.35374605655670166
[2023-05-03 19:43:14] Train Epoch: 16 [4000/20000 (20.0%)]	Loss: 0.16214030981063843
[2023-05-03 19:43:15] Train Epoch: 16 [4800/20000 (24.0%)]	Loss: 0.1278783082962036
[2023-05-03 19:43:15] Train Epoch: 16 [5600/20000 (28.0%)]	Loss: 0.21941789984703064
[2023-05-03 19:43:15] Train Epoch: 16 [6400/20000 (32.0%)]	Loss: 0.20429281890392303
[2023-05-03 19:43:15] Train Epoch: 16 [7200/20000 (36.0%)]	Loss: 0.3473697602748871
[2023-05-03 19:43:16] Train Epoch: 16 [8000/20000 (40.0%)]	Loss: 0.14978857338428497
[2023-05-03 19:43:16] Train Epoch: 16 [8800/20000 (44.0%)]	Loss: 0.19481225311756134
[2023-05-03 19:43:16] Train Epoch: 16 [9600/20000 (48.0%)]	Loss: 0.19887709617614746
[2023-05-03 19:43:17] Train Epoch: 16 [10400/20000 (52.0%)]	Loss: 0.5738874673843384
[2023-05-03 19:43:17] Train Epoch: 16 [11200/20000 (56.0%)]	Loss: 0.2199258804321289
[2023-05-03 19:43:17] Train Epoch: 16 [12000/20000 (60.0%)]	Loss: 0.20526131987571716
[2023-05-03 19:43:17] Train Epoch: 16 [12800/20000 (64.0%)]	Loss: 0.19880007207393646
[2023-05-03 19:43:18] Train Epoch: 16 [13600/20000 (68.0%)]	Loss: 0.14768126606941223
[2023-05-03 19:43:18] Train Epoch: 16 [14400/20000 (72.0%)]	Loss: 0.47891613841056824
[2023-05-03 19:43:18] Train Epoch: 16 [15200/20000 (76.0%)]	Loss: 0.26651132106781006
[2023-05-03 19:43:19] Train Epoch: 16 [16000/20000 (80.0%)]	Loss: 0.29240939021110535
[2023-05-03 19:43:19] Train Epoch: 16 [16800/20000 (84.0%)]	Loss: 0.3946470320224762
[2023-05-03 19:43:19] Train Epoch: 16 [17600/20000 (88.0%)]	Loss: 0.32648026943206787
[2023-05-03 19:43:20] Train Epoch: 16 [18400/20000 (92.0%)]	Loss: 0.30924296379089355
[2023-05-03 19:43:20] Train Epoch: 16 [19200/20000 (96.0%)]	Loss: 0.069307841360569
[2023-05-03 19:43:24] ========== Metrics ==========
[2023-05-03 19:43:24] {
  "tr_loss": 0.26540104455739955,
  "tr_acc": 0.8924392439243924,
  "tr_f1": 0.8940133037694015,
  "val_loss": 0.4612860484791598,
  "val_acc": 0.7923254574524783,
  "val_f1": 0.7884928532657861,
  "test_loss": 0.42273206956341336,
  "test_acc": 0.8319783197831978,
  "test_f1": 0.8258426966292135
}
[2023-05-03 19:43:24] ========== Metrics ==========
[2023-05-03 19:43:25] Train Epoch: 17 [0/20000 (0.0%)]	Loss: 0.27281200885772705
[2023-05-03 19:43:25] Train Epoch: 17 [800/20000 (4.0%)]	Loss: 0.42040786147117615
[2023-05-03 19:43:25] Train Epoch: 17 [1600/20000 (8.0%)]	Loss: 0.5380444526672363
[2023-05-03 19:43:26] Train Epoch: 17 [2400/20000 (12.0%)]	Loss: 0.6371699571609497
[2023-05-03 19:43:26] Train Epoch: 17 [3200/20000 (16.0%)]	Loss: 0.09803195297718048
[2023-05-03 19:43:26] Train Epoch: 17 [4000/20000 (20.0%)]	Loss: 0.12019282579421997
[2023-05-03 19:43:27] Train Epoch: 17 [4800/20000 (24.0%)]	Loss: 0.08936222642660141
[2023-05-03 19:43:27] Train Epoch: 17 [5600/20000 (28.0%)]	Loss: 0.5092241168022156
[2023-05-03 19:43:27] Train Epoch: 17 [6400/20000 (32.0%)]	Loss: 0.14951956272125244
[2023-05-03 19:43:28] Train Epoch: 17 [7200/20000 (36.0%)]	Loss: 0.5333495140075684
[2023-05-03 19:43:28] Train Epoch: 17 [8000/20000 (40.0%)]	Loss: 0.22645848989486694
[2023-05-03 19:43:28] Train Epoch: 17 [8800/20000 (44.0%)]	Loss: 0.24017281830310822
[2023-05-03 19:43:29] Train Epoch: 17 [9600/20000 (48.0%)]	Loss: 0.19881761074066162
[2023-05-03 19:43:29] Train Epoch: 17 [10400/20000 (52.0%)]	Loss: 0.2631610333919525
[2023-05-03 19:43:29] Train Epoch: 17 [11200/20000 (56.0%)]	Loss: 0.18395140767097473
[2023-05-03 19:43:29] Train Epoch: 17 [12000/20000 (60.0%)]	Loss: 0.21329642832279205
[2023-05-03 19:43:30] Train Epoch: 17 [12800/20000 (64.0%)]	Loss: 0.3085428774356842
[2023-05-03 19:43:30] Train Epoch: 17 [13600/20000 (68.0%)]	Loss: 0.1656956523656845
[2023-05-03 19:43:30] Train Epoch: 17 [14400/20000 (72.0%)]	Loss: 0.3196951746940613
[2023-05-03 19:43:31] Train Epoch: 17 [15200/20000 (76.0%)]	Loss: 0.14046572148799896
[2023-05-03 19:43:31] Train Epoch: 17 [16000/20000 (80.0%)]	Loss: 0.24868090450763702
[2023-05-03 19:43:31] Train Epoch: 17 [16800/20000 (84.0%)]	Loss: 0.2066873461008072
[2023-05-03 19:43:31] Train Epoch: 17 [17600/20000 (88.0%)]	Loss: 0.12539778649806976
[2023-05-03 19:43:32] Train Epoch: 17 [18400/20000 (92.0%)]	Loss: 0.2899714708328247
[2023-05-03 19:43:32] Train Epoch: 17 [19200/20000 (96.0%)]	Loss: 0.15026123821735382
[2023-05-03 19:43:36] ========== Metrics ==========
[2023-05-03 19:43:36] {
  "tr_loss": 0.2655162981348355,
  "tr_acc": 0.8930893089308931,
  "tr_f1": 0.8944197530864197,
  "val_loss": 0.4614537638994448,
  "val_acc": 0.7923254574524783,
  "val_f1": 0.7884928532657861,
  "test_loss": 0.4604862246733048,
  "test_acc": 0.8319783197831978,
  "test_f1": 0.8258426966292135
}
[2023-05-03 19:43:36] ========== Metrics ==========
[2023-05-03 19:43:37] Train Epoch: 18 [0/20000 (0.0%)]	Loss: 0.23533223569393158
[2023-05-03 19:43:38] Train Epoch: 18 [800/20000 (4.0%)]	Loss: 0.3019683063030243
[2023-05-03 19:43:38] Train Epoch: 18 [1600/20000 (8.0%)]	Loss: 0.28410542011260986
[2023-05-03 19:43:38] Train Epoch: 18 [2400/20000 (12.0%)]	Loss: 0.5485116839408875
[2023-05-03 19:43:38] Train Epoch: 18 [3200/20000 (16.0%)]	Loss: 0.20162920653820038
[2023-05-03 19:43:39] Train Epoch: 18 [4000/20000 (20.0%)]	Loss: 0.4248996376991272
[2023-05-03 19:43:39] Train Epoch: 18 [4800/20000 (24.0%)]	Loss: 0.2560250759124756
[2023-05-03 19:43:39] Train Epoch: 18 [5600/20000 (28.0%)]	Loss: 0.13965673744678497
[2023-05-03 19:43:40] Train Epoch: 18 [6400/20000 (32.0%)]	Loss: 0.340249627828598
[2023-05-03 19:43:40] Train Epoch: 18 [7200/20000 (36.0%)]	Loss: 0.5108078122138977
[2023-05-03 19:43:40] Train Epoch: 18 [8000/20000 (40.0%)]	Loss: 0.2562430799007416
[2023-05-03 19:43:41] Train Epoch: 18 [8800/20000 (44.0%)]	Loss: 0.22410348057746887
[2023-05-03 19:43:41] Train Epoch: 18 [9600/20000 (48.0%)]	Loss: 0.21326051652431488
[2023-05-03 19:43:41] Train Epoch: 18 [10400/20000 (52.0%)]	Loss: 0.43592578172683716
[2023-05-03 19:43:42] Train Epoch: 18 [11200/20000 (56.0%)]	Loss: 0.24119827151298523
[2023-05-03 19:43:42] Train Epoch: 18 [12000/20000 (60.0%)]	Loss: 0.21532535552978516
[2023-05-03 19:43:42] Train Epoch: 18 [12800/20000 (64.0%)]	Loss: 0.229148268699646
[2023-05-03 19:43:42] Train Epoch: 18 [13600/20000 (68.0%)]	Loss: 0.30521947145462036
[2023-05-03 19:43:43] Train Epoch: 18 [14400/20000 (72.0%)]	Loss: 0.32616519927978516
[2023-05-03 19:43:43] Train Epoch: 18 [15200/20000 (76.0%)]	Loss: 0.12247806042432785
[2023-05-03 19:43:43] Train Epoch: 18 [16000/20000 (80.0%)]	Loss: 0.15223316848278046
[2023-05-03 19:43:44] Train Epoch: 18 [16800/20000 (84.0%)]	Loss: 0.17952288687229156
[2023-05-03 19:43:44] Train Epoch: 18 [17600/20000 (88.0%)]	Loss: 0.21764838695526123
[2023-05-03 19:43:44] Train Epoch: 18 [18400/20000 (92.0%)]	Loss: 0.18401920795440674
[2023-05-03 19:43:45] Train Epoch: 18 [19200/20000 (96.0%)]	Loss: 0.22344930469989777
[2023-05-03 19:43:49] ========== Metrics ==========
[2023-05-03 19:43:49] {
  "tr_loss": 0.26050407715243856,
  "tr_acc": 0.8975897589758975,
  "tr_f1": 0.8988042296669633,
  "val_loss": 0.46137143426645416,
  "val_acc": 0.7923254574524783,
  "val_f1": 0.7884928532657861,
  "test_loss": 0.4249230968919873,
  "test_acc": 0.8319783197831978,
  "test_f1": 0.8258426966292135
}
[2023-05-03 19:43:49] ========== Metrics ==========
[2023-05-03 19:43:50] Train Epoch: 19 [0/20000 (0.0%)]	Loss: 0.5042468905448914
[2023-05-03 19:43:50] Train Epoch: 19 [800/20000 (4.0%)]	Loss: 0.4194169044494629
[2023-05-03 19:43:50] Train Epoch: 19 [1600/20000 (8.0%)]	Loss: 0.20606766641139984
[2023-05-03 19:43:50] Train Epoch: 19 [2400/20000 (12.0%)]	Loss: 0.285763144493103
[2023-05-03 19:43:51] Train Epoch: 19 [3200/20000 (16.0%)]	Loss: 0.2703271806240082
[2023-05-03 19:43:51] Train Epoch: 19 [4000/20000 (20.0%)]	Loss: 0.16607972979545593
[2023-05-03 19:43:51] Train Epoch: 19 [4800/20000 (24.0%)]	Loss: 0.14168605208396912
[2023-05-03 19:43:52] Train Epoch: 19 [5600/20000 (28.0%)]	Loss: 0.17310352623462677
[2023-05-03 19:43:52] Train Epoch: 19 [6400/20000 (32.0%)]	Loss: 0.23108913004398346
[2023-05-03 19:43:52] Train Epoch: 19 [7200/20000 (36.0%)]	Loss: 0.29382941126823425
[2023-05-03 19:43:52] Train Epoch: 19 [8000/20000 (40.0%)]	Loss: 0.4257073402404785
[2023-05-03 19:43:53] Train Epoch: 19 [8800/20000 (44.0%)]	Loss: 0.31605035066604614
[2023-05-03 19:43:53] Train Epoch: 19 [9600/20000 (48.0%)]	Loss: 0.33857461810112
[2023-05-03 19:43:53] Train Epoch: 19 [10400/20000 (52.0%)]	Loss: 0.38900601863861084
[2023-05-03 19:43:54] Train Epoch: 19 [11200/20000 (56.0%)]	Loss: 0.4040577709674835
[2023-05-03 19:43:54] Train Epoch: 19 [12000/20000 (60.0%)]	Loss: 0.33130213618278503
[2023-05-03 19:43:54] Train Epoch: 19 [12800/20000 (64.0%)]	Loss: 0.2835933268070221
[2023-05-03 19:43:54] Train Epoch: 19 [13600/20000 (68.0%)]	Loss: 0.3036039471626282
[2023-05-03 19:43:55] Train Epoch: 19 [14400/20000 (72.0%)]	Loss: 0.14063213765621185
[2023-05-03 19:43:55] Train Epoch: 19 [15200/20000 (76.0%)]	Loss: 0.40534156560897827
[2023-05-03 19:43:55] Train Epoch: 19 [16000/20000 (80.0%)]	Loss: 0.25493186712265015
[2023-05-03 19:43:56] Train Epoch: 19 [16800/20000 (84.0%)]	Loss: 0.29409176111221313
[2023-05-03 19:43:56] Train Epoch: 19 [17600/20000 (88.0%)]	Loss: 0.2314910888671875
[2023-05-03 19:43:56] Train Epoch: 19 [18400/20000 (92.0%)]	Loss: 0.24963918328285217
[2023-05-03 19:43:56] Train Epoch: 19 [19200/20000 (96.0%)]	Loss: 0.36661064624786377
[2023-05-03 19:44:00] ========== Metrics ==========
[2023-05-03 19:44:00] {
  "tr_loss": 0.2680829872887353,
  "tr_acc": 0.8924892489248925,
  "tr_f1": 0.893994675081353,
  "val_loss": 0.4613994450398884,
  "val_acc": 0.7923254574524783,
  "val_f1": 0.7884928532657861,
  "test_loss": 0.46289891602224126,
  "test_acc": 0.8319783197831978,
  "test_f1": 0.8258426966292135
}
[2023-05-03 19:44:00] ========== Metrics ==========
[2023-05-03 19:44:01] Train Epoch: 20 [0/20000 (0.0%)]	Loss: 0.2124815285205841
[2023-05-03 19:44:01] Train Epoch: 20 [800/20000 (4.0%)]	Loss: 0.2582595944404602
[2023-05-03 19:44:02] Train Epoch: 20 [1600/20000 (8.0%)]	Loss: 0.31428560614585876
[2023-05-03 19:44:02] Train Epoch: 20 [2400/20000 (12.0%)]	Loss: 0.27657395601272583
[2023-05-03 19:44:02] Train Epoch: 20 [3200/20000 (16.0%)]	Loss: 0.19011521339416504
[2023-05-03 19:44:03] Train Epoch: 20 [4000/20000 (20.0%)]	Loss: 0.11866047233343124
[2023-05-03 19:44:03] Train Epoch: 20 [4800/20000 (24.0%)]	Loss: 0.12461624294519424
[2023-05-03 19:44:03] Train Epoch: 20 [5600/20000 (28.0%)]	Loss: 0.4366088807582855
[2023-05-03 19:44:03] Train Epoch: 20 [6400/20000 (32.0%)]	Loss: 0.3771672248840332
[2023-05-03 19:44:04] Train Epoch: 20 [7200/20000 (36.0%)]	Loss: 0.22460277378559113
[2023-05-03 19:44:04] Train Epoch: 20 [8000/20000 (40.0%)]	Loss: 0.1168709546327591
[2023-05-03 19:44:04] Train Epoch: 20 [8800/20000 (44.0%)]	Loss: 0.30947795510292053
[2023-05-03 19:44:05] Train Epoch: 20 [9600/20000 (48.0%)]	Loss: 0.17048238217830658
[2023-05-03 19:44:05] Train Epoch: 20 [10400/20000 (52.0%)]	Loss: 0.3364199101924896
[2023-05-03 19:44:05] Train Epoch: 20 [11200/20000 (56.0%)]	Loss: 0.24961861968040466
[2023-05-03 19:44:05] Train Epoch: 20 [12000/20000 (60.0%)]	Loss: 0.5543250441551208
[2023-05-03 19:44:06] Train Epoch: 20 [12800/20000 (64.0%)]	Loss: 0.24221870303153992
[2023-05-03 19:44:06] Train Epoch: 20 [13600/20000 (68.0%)]	Loss: 0.22542664408683777
[2023-05-03 19:44:06] Train Epoch: 20 [14400/20000 (72.0%)]	Loss: 0.22126320004463196
[2023-05-03 19:44:07] Train Epoch: 20 [15200/20000 (76.0%)]	Loss: 0.24841715395450592
[2023-05-03 19:44:07] Train Epoch: 20 [16000/20000 (80.0%)]	Loss: 0.23159131407737732
[2023-05-03 19:44:07] Train Epoch: 20 [16800/20000 (84.0%)]	Loss: 0.3475143313407898
[2023-05-03 19:44:07] Train Epoch: 20 [17600/20000 (88.0%)]	Loss: 0.31477394700050354
[2023-05-03 19:44:08] Train Epoch: 20 [18400/20000 (92.0%)]	Loss: 0.39168986678123474
[2023-05-03 19:44:08] Train Epoch: 20 [19200/20000 (96.0%)]	Loss: 0.28609421849250793
[2023-05-03 19:44:11] Stop At epoch 20/20 due to valid not increase
[2023-05-03 19:44:12] ========== Metrics ==========
[2023-05-03 19:44:12] {
  "tr_loss": 0.26047720929326645,
  "tr_acc": 0.8958895889588959,
  "tr_f1": 0.897397989355411,
  "val_loss": 0.4613019482749333,
  "val_acc": 0.7923254574524783,
  "val_f1": 0.7884928532657861,
  "test_loss": 0.4265048516798149,
  "test_acc": 0.8319783197831978,
  "test_f1": 0.8258426966292135
}
[2023-05-03 19:44:12] ========== Metrics ==========
