[2023-05-02 08:10:14] Train Epoch: 1 [0/20000 (0.0%)]	Loss: 0.7070580124855042
[2023-05-02 08:10:14] Train Epoch: 1 [800/20000 (4.0%)]	Loss: 0.6906949281692505
[2023-05-02 08:10:14] Train Epoch: 1 [1600/20000 (8.0%)]	Loss: 0.6877231001853943
[2023-05-02 08:10:15] Train Epoch: 1 [2400/20000 (12.0%)]	Loss: 0.6967542171478271
[2023-05-02 08:10:15] Train Epoch: 1 [3200/20000 (16.0%)]	Loss: 0.6589608788490295
[2023-05-02 08:10:15] Train Epoch: 1 [4000/20000 (20.0%)]	Loss: 0.6587152481079102
[2023-05-02 08:10:15] Train Epoch: 1 [4800/20000 (24.0%)]	Loss: 0.6876165270805359
[2023-05-02 08:10:16] Train Epoch: 1 [5600/20000 (28.0%)]	Loss: 0.6672019362449646
[2023-05-02 08:10:16] Train Epoch: 1 [6400/20000 (32.0%)]	Loss: 0.6620376110076904
[2023-05-02 08:10:16] Train Epoch: 1 [7200/20000 (36.0%)]	Loss: 0.6830918788909912
[2023-05-02 08:10:16] Train Epoch: 1 [8000/20000 (40.0%)]	Loss: 0.6778469085693359
[2023-05-02 08:10:17] Train Epoch: 1 [8800/20000 (44.0%)]	Loss: 0.6348981261253357
[2023-05-02 08:10:17] Train Epoch: 1 [9600/20000 (48.0%)]	Loss: 0.6327076554298401
[2023-05-02 08:10:17] Train Epoch: 1 [10400/20000 (52.0%)]	Loss: 0.6629045605659485
[2023-05-02 08:10:17] Train Epoch: 1 [11200/20000 (56.0%)]	Loss: 0.6465545892715454
[2023-05-02 08:10:18] Train Epoch: 1 [12000/20000 (60.0%)]	Loss: 0.6570562720298767
[2023-05-02 08:10:18] Train Epoch: 1 [12800/20000 (64.0%)]	Loss: 0.6589768528938293
[2023-05-02 08:10:18] Train Epoch: 1 [13600/20000 (68.0%)]	Loss: 0.6293879747390747
[2023-05-02 08:10:18] Train Epoch: 1 [14400/20000 (72.0%)]	Loss: 0.6500741243362427
[2023-05-02 08:10:19] Train Epoch: 1 [15200/20000 (76.0%)]	Loss: 0.6401297450065613
[2023-05-02 08:10:19] Train Epoch: 1 [16000/20000 (80.0%)]	Loss: 0.7718197107315063
[2023-05-02 08:10:19] Train Epoch: 1 [16800/20000 (84.0%)]	Loss: 0.655437707901001
[2023-05-02 08:10:19] Train Epoch: 1 [17600/20000 (88.0%)]	Loss: 0.5392565727233887
[2023-05-02 08:10:20] Train Epoch: 1 [18400/20000 (92.0%)]	Loss: 0.6281678676605225
[2023-05-02 08:10:20] Train Epoch: 1 [19200/20000 (96.0%)]	Loss: 0.7038993835449219
[2023-05-02 08:10:24] ========== Metrics ==========
[2023-05-02 08:10:24] {
  "tr_loss": 0.6744415990137221,
  "tr_acc": 0.5739073907390739,
  "tr_f1": 0.5843211863993366,
  "val_loss": 0.6232069035494682,
  "val_acc": 0.7322792680760348,
  "val_f1": 0.7045677318172907,
  "test_loss": 0.6370304360945374,
  "test_acc": 0.7533875338753387,
  "test_f1": 0.7250755287009064
}
[2023-05-02 08:10:24] ========== Metrics ==========
[2023-05-02 08:10:25] Train Epoch: 2 [0/20000 (0.0%)]	Loss: 0.5765765905380249
[2023-05-02 08:10:25] Train Epoch: 2 [800/20000 (4.0%)]	Loss: 0.5532640218734741
[2023-05-02 08:10:25] Train Epoch: 2 [1600/20000 (8.0%)]	Loss: 0.6316285133361816
[2023-05-02 08:10:25] Train Epoch: 2 [2400/20000 (12.0%)]	Loss: 0.5405596494674683
[2023-05-02 08:10:26] Train Epoch: 2 [3200/20000 (16.0%)]	Loss: 0.5723648071289062
[2023-05-02 08:10:26] Train Epoch: 2 [4000/20000 (20.0%)]	Loss: 0.6766253709793091
[2023-05-02 08:10:26] Train Epoch: 2 [4800/20000 (24.0%)]	Loss: 0.5613400936126709
[2023-05-02 08:10:26] Train Epoch: 2 [5600/20000 (28.0%)]	Loss: 0.5489054322242737
[2023-05-02 08:10:27] Train Epoch: 2 [6400/20000 (32.0%)]	Loss: 0.4782979190349579
[2023-05-02 08:10:27] Train Epoch: 2 [7200/20000 (36.0%)]	Loss: 0.46594515442848206
[2023-05-02 08:10:27] Train Epoch: 2 [8000/20000 (40.0%)]	Loss: 0.5588449835777283
[2023-05-02 08:10:27] Train Epoch: 2 [8800/20000 (44.0%)]	Loss: 0.4471668601036072
[2023-05-02 08:10:28] Train Epoch: 2 [9600/20000 (48.0%)]	Loss: 0.5243139266967773
[2023-05-02 08:10:28] Train Epoch: 2 [10400/20000 (52.0%)]	Loss: 0.5855973958969116
[2023-05-02 08:10:28] Train Epoch: 2 [11200/20000 (56.0%)]	Loss: 0.5315412878990173
[2023-05-02 08:10:28] Train Epoch: 2 [12000/20000 (60.0%)]	Loss: 0.6175537705421448
[2023-05-02 08:10:28] Train Epoch: 2 [12800/20000 (64.0%)]	Loss: 0.4257722496986389
[2023-05-02 08:10:29] Train Epoch: 2 [13600/20000 (68.0%)]	Loss: 0.43536272644996643
[2023-05-02 08:10:29] Train Epoch: 2 [14400/20000 (72.0%)]	Loss: 0.5321245193481445
[2023-05-02 08:10:29] Train Epoch: 2 [15200/20000 (76.0%)]	Loss: 0.3758547008037567
[2023-05-02 08:10:29] Train Epoch: 2 [16000/20000 (80.0%)]	Loss: 0.39430585503578186
[2023-05-02 08:10:30] Train Epoch: 2 [16800/20000 (84.0%)]	Loss: 0.701652467250824
[2023-05-02 08:10:30] Train Epoch: 2 [17600/20000 (88.0%)]	Loss: 0.4171502888202667
[2023-05-02 08:10:30] Train Epoch: 2 [18400/20000 (92.0%)]	Loss: 0.46217411756515503
[2023-05-02 08:10:30] Train Epoch: 2 [19200/20000 (96.0%)]	Loss: 0.4260658323764801
[2023-05-02 08:10:34] ========== Metrics ==========
[2023-05-02 08:10:34] {
  "tr_loss": 0.5179281382813956,
  "tr_acc": 0.7613261326132613,
  "tr_f1": 0.7616241322479148,
  "val_loss": 0.4872404667089709,
  "val_acc": 0.7910818973174631,
  "val_f1": 0.7781969068276123,
  "test_loss": 0.48789972212256455,
  "test_acc": 0.7994579945799458,
  "test_f1": 0.7823529411764706
}
[2023-05-02 08:10:34] ========== Metrics ==========
[2023-05-02 08:10:35] Train Epoch: 3 [0/20000 (0.0%)]	Loss: 0.44946715235710144
[2023-05-02 08:10:35] Train Epoch: 3 [800/20000 (4.0%)]	Loss: 0.607335090637207
[2023-05-02 08:10:35] Train Epoch: 3 [1600/20000 (8.0%)]	Loss: 0.46055498719215393
[2023-05-02 08:10:36] Train Epoch: 3 [2400/20000 (12.0%)]	Loss: 0.36315250396728516
[2023-05-02 08:10:36] Train Epoch: 3 [3200/20000 (16.0%)]	Loss: 0.2460542619228363
[2023-05-02 08:10:36] Train Epoch: 3 [4000/20000 (20.0%)]	Loss: 0.41704991459846497
[2023-05-02 08:10:36] Train Epoch: 3 [4800/20000 (24.0%)]	Loss: 0.40544506907463074
[2023-05-02 08:10:37] Train Epoch: 3 [5600/20000 (28.0%)]	Loss: 0.27100956439971924
[2023-05-02 08:10:37] Train Epoch: 3 [6400/20000 (32.0%)]	Loss: 0.18653154373168945
[2023-05-02 08:10:37] Train Epoch: 3 [7200/20000 (36.0%)]	Loss: 0.3260764181613922
[2023-05-02 08:10:37] Train Epoch: 3 [8000/20000 (40.0%)]	Loss: 0.3204544186592102
[2023-05-02 08:10:38] Train Epoch: 3 [8800/20000 (44.0%)]	Loss: 0.35959991812705994
[2023-05-02 08:10:38] Train Epoch: 3 [9600/20000 (48.0%)]	Loss: 0.6684605479240417
[2023-05-02 08:10:38] Train Epoch: 3 [10400/20000 (52.0%)]	Loss: 0.2973104417324066
[2023-05-02 08:10:38] Train Epoch: 3 [11200/20000 (56.0%)]	Loss: 0.399175763130188
[2023-05-02 08:10:39] Train Epoch: 3 [12000/20000 (60.0%)]	Loss: 0.3786774277687073
[2023-05-02 08:10:39] Train Epoch: 3 [12800/20000 (64.0%)]	Loss: 0.2220229059457779
[2023-05-02 08:10:39] Train Epoch: 3 [13600/20000 (68.0%)]	Loss: 0.2312450408935547
[2023-05-02 08:10:39] Train Epoch: 3 [14400/20000 (72.0%)]	Loss: 0.33727362751960754
[2023-05-02 08:10:40] Train Epoch: 3 [15200/20000 (76.0%)]	Loss: 0.28805071115493774
[2023-05-02 08:10:40] Train Epoch: 3 [16000/20000 (80.0%)]	Loss: 0.41646063327789307
[2023-05-02 08:10:40] Train Epoch: 3 [16800/20000 (84.0%)]	Loss: 0.5286931395530701
[2023-05-02 08:10:40] Train Epoch: 3 [17600/20000 (88.0%)]	Loss: 0.29224035143852234
[2023-05-02 08:10:41] Train Epoch: 3 [18400/20000 (92.0%)]	Loss: 0.30977028608322144
[2023-05-02 08:10:41] Train Epoch: 3 [19200/20000 (96.0%)]	Loss: 0.24466925859451294
[2023-05-02 08:10:44] ========== Metrics ==========
[2023-05-02 08:10:44] {
  "tr_loss": 0.3552532881745721,
  "tr_acc": 0.8567856785678568,
  "tr_f1": 0.8560369960792198,
  "val_loss": 0.4414615296072256,
  "val_acc": 0.8003197726061467,
  "val_f1": 0.8045217391304349,
  "test_loss": 0.4240445974396496,
  "test_acc": 0.8455284552845529,
  "test_f1": 0.8503937007874015
}
[2023-05-02 08:10:44] ========== Metrics ==========
[2023-05-02 08:10:45] Train Epoch: 4 [0/20000 (0.0%)]	Loss: 0.2832050919532776
[2023-05-02 08:10:46] Train Epoch: 4 [800/20000 (4.0%)]	Loss: 0.22898417711257935
[2023-05-02 08:10:46] Train Epoch: 4 [1600/20000 (8.0%)]	Loss: 0.31995925307273865
[2023-05-02 08:10:46] Train Epoch: 4 [2400/20000 (12.0%)]	Loss: 0.3225116729736328
[2023-05-02 08:10:47] Train Epoch: 4 [3200/20000 (16.0%)]	Loss: 0.356834352016449
[2023-05-02 08:10:47] Train Epoch: 4 [4000/20000 (20.0%)]	Loss: 0.16161389648914337
[2023-05-02 08:10:47] Train Epoch: 4 [4800/20000 (24.0%)]	Loss: 0.11256390810012817
[2023-05-02 08:10:48] Train Epoch: 4 [5600/20000 (28.0%)]	Loss: 0.1630406528711319
[2023-05-02 08:10:48] Train Epoch: 4 [6400/20000 (32.0%)]	Loss: 0.23067070543766022
[2023-05-02 08:10:48] Train Epoch: 4 [7200/20000 (36.0%)]	Loss: 0.21842904388904572
[2023-05-02 08:10:49] Train Epoch: 4 [8000/20000 (40.0%)]	Loss: 0.24534651637077332
[2023-05-02 08:10:49] Train Epoch: 4 [8800/20000 (44.0%)]	Loss: 0.2338201254606247
[2023-05-02 08:10:49] Train Epoch: 4 [9600/20000 (48.0%)]	Loss: 0.14780810475349426
[2023-05-02 08:10:49] Train Epoch: 4 [10400/20000 (52.0%)]	Loss: 0.08878485858440399
[2023-05-02 08:10:50] Train Epoch: 4 [11200/20000 (56.0%)]	Loss: 0.18194131553173065
[2023-05-02 08:10:50] Train Epoch: 4 [12000/20000 (60.0%)]	Loss: 0.19329136610031128
[2023-05-02 08:10:50] Train Epoch: 4 [12800/20000 (64.0%)]	Loss: 0.12100458145141602
[2023-05-02 08:10:51] Train Epoch: 4 [13600/20000 (68.0%)]	Loss: 0.21784919500350952
[2023-05-02 08:10:51] Train Epoch: 4 [14400/20000 (72.0%)]	Loss: 0.1097341775894165
[2023-05-02 08:10:51] Train Epoch: 4 [15200/20000 (76.0%)]	Loss: 0.15573444962501526
[2023-05-02 08:10:52] Train Epoch: 4 [16000/20000 (80.0%)]	Loss: 0.1696130633354187
[2023-05-02 08:10:52] Train Epoch: 4 [16800/20000 (84.0%)]	Loss: 0.07763639092445374
[2023-05-02 08:10:52] Train Epoch: 4 [17600/20000 (88.0%)]	Loss: 0.33702176809310913
[2023-05-02 08:10:53] Train Epoch: 4 [18400/20000 (92.0%)]	Loss: 0.21046124398708344
[2023-05-02 08:10:53] Train Epoch: 4 [19200/20000 (96.0%)]	Loss: 0.25175607204437256
[2023-05-02 08:10:57] ========== Metrics ==========
[2023-05-02 08:10:57] {
  "tr_loss": 0.2558399688864913,
  "tr_acc": 0.902990299029903,
  "tr_f1": 0.9025027640968942,
  "val_loss": 0.4233843218816451,
  "val_acc": 0.8068928761769408,
  "val_f1": 0.8048824268533478,
  "test_loss": 0.39384745291578094,
  "test_acc": 0.8346883468834688,
  "test_f1": 0.8328767123287671
}
[2023-05-02 08:10:57] ========== Metrics ==========
[2023-05-02 08:10:57] Train Epoch: 5 [0/20000 (0.0%)]	Loss: 0.07030429691076279
[2023-05-02 08:10:58] Train Epoch: 5 [800/20000 (4.0%)]	Loss: 0.15687493979930878
[2023-05-02 08:10:58] Train Epoch: 5 [1600/20000 (8.0%)]	Loss: 0.12272338569164276
[2023-05-02 08:10:58] Train Epoch: 5 [2400/20000 (12.0%)]	Loss: 0.07734106481075287
[2023-05-02 08:10:59] Train Epoch: 5 [3200/20000 (16.0%)]	Loss: 0.2709907591342926
[2023-05-02 08:10:59] Train Epoch: 5 [4000/20000 (20.0%)]	Loss: 0.12876443564891815
[2023-05-02 08:10:59] Train Epoch: 5 [4800/20000 (24.0%)]	Loss: 0.20159175992012024
[2023-05-02 08:10:59] Train Epoch: 5 [5600/20000 (28.0%)]	Loss: 0.3194544315338135
[2023-05-02 08:11:00] Train Epoch: 5 [6400/20000 (32.0%)]	Loss: 0.13438847661018372
[2023-05-02 08:11:00] Train Epoch: 5 [7200/20000 (36.0%)]	Loss: 0.2177482545375824
[2023-05-02 08:11:00] Train Epoch: 5 [8000/20000 (40.0%)]	Loss: 0.12895923852920532
[2023-05-02 08:11:00] Train Epoch: 5 [8800/20000 (44.0%)]	Loss: 0.22425109148025513
[2023-05-02 08:11:01] Train Epoch: 5 [9600/20000 (48.0%)]	Loss: 0.22475747764110565
[2023-05-02 08:11:01] Train Epoch: 5 [10400/20000 (52.0%)]	Loss: 0.4789084196090698
[2023-05-02 08:11:01] Train Epoch: 5 [11200/20000 (56.0%)]	Loss: 0.2031935155391693
[2023-05-02 08:11:01] Train Epoch: 5 [12000/20000 (60.0%)]	Loss: 0.12049423158168793
[2023-05-02 08:11:02] Train Epoch: 5 [12800/20000 (64.0%)]	Loss: 0.12994088232517242
[2023-05-02 08:11:02] Train Epoch: 5 [13600/20000 (68.0%)]	Loss: 0.2081497311592102
[2023-05-02 08:11:02] Train Epoch: 5 [14400/20000 (72.0%)]	Loss: 0.14633646607398987
[2023-05-02 08:11:03] Train Epoch: 5 [15200/20000 (76.0%)]	Loss: 0.09084966778755188
[2023-05-02 08:11:03] Train Epoch: 5 [16000/20000 (80.0%)]	Loss: 0.23069903254508972
[2023-05-02 08:11:03] Train Epoch: 5 [16800/20000 (84.0%)]	Loss: 0.05151072144508362
[2023-05-02 08:11:04] Train Epoch: 5 [17600/20000 (88.0%)]	Loss: 0.15420490503311157
[2023-05-02 08:11:04] Train Epoch: 5 [18400/20000 (92.0%)]	Loss: 0.06570220738649368
[2023-05-02 08:11:04] Train Epoch: 5 [19200/20000 (96.0%)]	Loss: 0.14774928987026215
[2023-05-02 08:11:08] ========== Metrics ==========
[2023-05-02 08:11:08] {
  "tr_loss": 0.1835588445120042,
  "tr_acc": 0.9334433443344334,
  "tr_f1": 0.933293239111913,
  "val_loss": 0.42396559813111984,
  "val_acc": 0.8013856812933026,
  "val_f1": 0.8063733979909942,
  "test_loss": 0.3908863106394202,
  "test_acc": 0.8482384823848238,
  "test_f1": 0.8534031413612566
}
[2023-05-02 08:11:08] ========== Metrics ==========
[2023-05-02 08:11:08] Train Epoch: 6 [0/20000 (0.0%)]	Loss: 0.128545343875885
[2023-05-02 08:11:09] Train Epoch: 6 [800/20000 (4.0%)]	Loss: 0.04156767204403877
[2023-05-02 08:11:09] Train Epoch: 6 [1600/20000 (8.0%)]	Loss: 0.0808791071176529
[2023-05-02 08:11:09] Train Epoch: 6 [2400/20000 (12.0%)]	Loss: 0.04432535916566849
[2023-05-02 08:11:09] Train Epoch: 6 [3200/20000 (16.0%)]	Loss: 0.06105058640241623
[2023-05-02 08:11:10] Train Epoch: 6 [4000/20000 (20.0%)]	Loss: 0.14187869429588318
[2023-05-02 08:11:10] Train Epoch: 6 [4800/20000 (24.0%)]	Loss: 0.30394643545150757
[2023-05-02 08:11:10] Train Epoch: 6 [5600/20000 (28.0%)]	Loss: 0.09173782914876938
[2023-05-02 08:11:10] Train Epoch: 6 [6400/20000 (32.0%)]	Loss: 0.024037281051278114
[2023-05-02 08:11:11] Train Epoch: 6 [7200/20000 (36.0%)]	Loss: 0.11651879549026489
[2023-05-02 08:11:11] Train Epoch: 6 [8000/20000 (40.0%)]	Loss: 0.07254286110401154
[2023-05-02 08:11:11] Train Epoch: 6 [8800/20000 (44.0%)]	Loss: 0.07088540494441986
[2023-05-02 08:11:11] Train Epoch: 6 [9600/20000 (48.0%)]	Loss: 0.09255097806453705
[2023-05-02 08:11:11] Train Epoch: 6 [10400/20000 (52.0%)]	Loss: 0.2798305153846741
[2023-05-02 08:11:12] Train Epoch: 6 [11200/20000 (56.0%)]	Loss: 0.08224289119243622
[2023-05-02 08:11:12] Train Epoch: 6 [12000/20000 (60.0%)]	Loss: 0.05580633878707886
[2023-05-02 08:11:12] Train Epoch: 6 [12800/20000 (64.0%)]	Loss: 0.058479875326156616
[2023-05-02 08:11:12] Train Epoch: 6 [13600/20000 (68.0%)]	Loss: 0.2005378156900406
[2023-05-02 08:11:13] Train Epoch: 6 [14400/20000 (72.0%)]	Loss: 0.0966293215751648
[2023-05-02 08:11:13] Train Epoch: 6 [15200/20000 (76.0%)]	Loss: 0.1166626363992691
[2023-05-02 08:11:13] Train Epoch: 6 [16000/20000 (80.0%)]	Loss: 0.0508582703769207
[2023-05-02 08:11:13] Train Epoch: 6 [16800/20000 (84.0%)]	Loss: 0.08527784049510956
[2023-05-02 08:11:13] Train Epoch: 6 [17600/20000 (88.0%)]	Loss: 0.12000614404678345
[2023-05-02 08:11:14] Train Epoch: 6 [18400/20000 (92.0%)]	Loss: 0.050756797194480896
[2023-05-02 08:11:14] Train Epoch: 6 [19200/20000 (96.0%)]	Loss: 0.15187165141105652
[2023-05-02 08:11:17] ========== Metrics ==========
[2023-05-02 08:11:17] {
  "tr_loss": 0.1369062367558825,
  "tr_acc": 0.9533953395339534,
  "tr_f1": 0.9533813525410164,
  "val_loss": 0.4198159415041242,
  "val_acc": 0.8072481790726594,
  "val_f1": 0.806767586821015,
  "test_loss": 0.3937074621195393,
  "test_acc": 0.8346883468834688,
  "test_f1": 0.8328767123287671
}
[2023-05-02 08:11:17] ========== Metrics ==========
[2023-05-02 08:11:18] Train Epoch: 7 [0/20000 (0.0%)]	Loss: 0.2458728849887848
[2023-05-02 08:11:19] Train Epoch: 7 [800/20000 (4.0%)]	Loss: 0.07559903711080551
[2023-05-02 08:11:19] Train Epoch: 7 [1600/20000 (8.0%)]	Loss: 0.06764314323663712
[2023-05-02 08:11:19] Train Epoch: 7 [2400/20000 (12.0%)]	Loss: 0.2306908667087555
[2023-05-02 08:11:19] Train Epoch: 7 [3200/20000 (16.0%)]	Loss: 0.07861385494470596
[2023-05-02 08:11:20] Train Epoch: 7 [4000/20000 (20.0%)]	Loss: 0.08944977074861526
[2023-05-02 08:11:20] Train Epoch: 7 [4800/20000 (24.0%)]	Loss: 0.15623733401298523
[2023-05-02 08:11:20] Train Epoch: 7 [5600/20000 (28.0%)]	Loss: 0.2141447514295578
[2023-05-02 08:11:20] Train Epoch: 7 [6400/20000 (32.0%)]	Loss: 0.08507263660430908
[2023-05-02 08:11:21] Train Epoch: 7 [7200/20000 (36.0%)]	Loss: 0.32708606123924255
[2023-05-02 08:11:21] Train Epoch: 7 [8000/20000 (40.0%)]	Loss: 0.14374692738056183
[2023-05-02 08:11:21] Train Epoch: 7 [8800/20000 (44.0%)]	Loss: 0.14903634786605835
[2023-05-02 08:11:21] Train Epoch: 7 [9600/20000 (48.0%)]	Loss: 0.19768503308296204
[2023-05-02 08:11:21] Train Epoch: 7 [10400/20000 (52.0%)]	Loss: 0.04217226803302765
[2023-05-02 08:11:22] Train Epoch: 7 [11200/20000 (56.0%)]	Loss: 0.30951523780822754
[2023-05-02 08:11:22] Train Epoch: 7 [12000/20000 (60.0%)]	Loss: 0.06554855406284332
[2023-05-02 08:11:22] Train Epoch: 7 [12800/20000 (64.0%)]	Loss: 0.385454386472702
[2023-05-02 08:11:22] Train Epoch: 7 [13600/20000 (68.0%)]	Loss: 0.12372969835996628
[2023-05-02 08:11:23] Train Epoch: 7 [14400/20000 (72.0%)]	Loss: 0.13206040859222412
[2023-05-02 08:11:23] Train Epoch: 7 [15200/20000 (76.0%)]	Loss: 0.1353681981563568
[2023-05-02 08:11:23] Train Epoch: 7 [16000/20000 (80.0%)]	Loss: 0.2284482717514038
[2023-05-02 08:11:23] Train Epoch: 7 [16800/20000 (84.0%)]	Loss: 0.1024368479847908
[2023-05-02 08:11:23] Train Epoch: 7 [17600/20000 (88.0%)]	Loss: 0.06880601495504379
[2023-05-02 08:11:24] Train Epoch: 7 [18400/20000 (92.0%)]	Loss: 0.16422274708747864
[2023-05-02 08:11:24] Train Epoch: 7 [19200/20000 (96.0%)]	Loss: 0.05033532902598381
[2023-05-02 08:11:28] ========== Metrics ==========
[2023-05-02 08:11:28] {
  "tr_loss": 0.13435764252805676,
  "tr_acc": 0.9551455145514551,
  "tr_f1": 0.9550623716246681,
  "val_loss": 0.42040695545198564,
  "val_acc": 0.8076034819683781,
  "val_f1": 0.80814880425155,
  "test_loss": 0.38535624144846187,
  "test_acc": 0.8319783197831978,
  "test_f1": 0.8306010928961748
}
[2023-05-02 08:11:28] ========== Metrics ==========
[2023-05-02 08:11:29] Train Epoch: 8 [0/20000 (0.0%)]	Loss: 0.2886858582496643
[2023-05-02 08:11:29] Train Epoch: 8 [800/20000 (4.0%)]	Loss: 0.1453114151954651
[2023-05-02 08:11:29] Train Epoch: 8 [1600/20000 (8.0%)]	Loss: 0.15778669714927673
[2023-05-02 08:11:29] Train Epoch: 8 [2400/20000 (12.0%)]	Loss: 0.04688089340925217
[2023-05-02 08:11:30] Train Epoch: 8 [3200/20000 (16.0%)]	Loss: 0.18590711057186127
[2023-05-02 08:11:30] Train Epoch: 8 [4000/20000 (20.0%)]	Loss: 0.1148945540189743
[2023-05-02 08:11:30] Train Epoch: 8 [4800/20000 (24.0%)]	Loss: 0.06256803125143051
[2023-05-02 08:11:31] Train Epoch: 8 [5600/20000 (28.0%)]	Loss: 0.05358286201953888
[2023-05-02 08:11:31] Train Epoch: 8 [6400/20000 (32.0%)]	Loss: 0.03717101737856865
[2023-05-02 08:11:31] Train Epoch: 8 [7200/20000 (36.0%)]	Loss: 0.11685826629400253
[2023-05-02 08:11:31] Train Epoch: 8 [8000/20000 (40.0%)]	Loss: 0.15580914914608002
[2023-05-02 08:11:32] Train Epoch: 8 [8800/20000 (44.0%)]	Loss: 0.04734532907605171
[2023-05-02 08:11:32] Train Epoch: 8 [9600/20000 (48.0%)]	Loss: 0.06628196686506271
[2023-05-02 08:11:32] Train Epoch: 8 [10400/20000 (52.0%)]	Loss: 0.05176127701997757
[2023-05-02 08:11:32] Train Epoch: 8 [11200/20000 (56.0%)]	Loss: 0.1132742390036583
[2023-05-02 08:11:32] Train Epoch: 8 [12000/20000 (60.0%)]	Loss: 0.08153416216373444
[2023-05-02 08:11:33] Train Epoch: 8 [12800/20000 (64.0%)]	Loss: 0.08832705020904541
[2023-05-02 08:11:33] Train Epoch: 8 [13600/20000 (68.0%)]	Loss: 0.37839144468307495
[2023-05-02 08:11:33] Train Epoch: 8 [14400/20000 (72.0%)]	Loss: 0.1358969509601593
[2023-05-02 08:11:33] Train Epoch: 8 [15200/20000 (76.0%)]	Loss: 0.10933688282966614
[2023-05-02 08:11:34] Train Epoch: 8 [16000/20000 (80.0%)]	Loss: 0.05389003828167915
[2023-05-02 08:11:34] Train Epoch: 8 [16800/20000 (84.0%)]	Loss: 0.11489058285951614
[2023-05-02 08:11:34] Train Epoch: 8 [17600/20000 (88.0%)]	Loss: 0.07611741125583649
[2023-05-02 08:11:34] Train Epoch: 8 [18400/20000 (92.0%)]	Loss: 0.08800352364778519
[2023-05-02 08:11:35] Train Epoch: 8 [19200/20000 (96.0%)]	Loss: 0.07297911494970322
[2023-05-02 08:11:38] ========== Metrics ==========
[2023-05-02 08:11:38] {
  "tr_loss": 0.12547724457210463,
  "tr_acc": 0.9592459245924593,
  "tr_f1": 0.9591581057379103,
  "val_loss": 0.420991280083547,
  "val_acc": 0.808136436311956,
  "val_f1": 0.8086463501063076,
  "test_loss": 0.38101192896928243,
  "test_acc": 0.8346883468834688,
  "test_f1": 0.8337874659400545
}
[2023-05-02 08:11:38] ========== Metrics ==========
[2023-05-02 08:11:39] Train Epoch: 9 [0/20000 (0.0%)]	Loss: 0.10436984896659851
[2023-05-02 08:11:40] Train Epoch: 9 [800/20000 (4.0%)]	Loss: 0.06038753688335419
[2023-05-02 08:11:40] Train Epoch: 9 [1600/20000 (8.0%)]	Loss: 0.14447346329689026
[2023-05-02 08:11:40] Train Epoch: 9 [2400/20000 (12.0%)]	Loss: 0.0920426994562149
[2023-05-02 08:11:40] Train Epoch: 9 [3200/20000 (16.0%)]	Loss: 0.06613580137491226
[2023-05-02 08:11:41] Train Epoch: 9 [4000/20000 (20.0%)]	Loss: 0.0802520141005516
[2023-05-02 08:11:41] Train Epoch: 9 [4800/20000 (24.0%)]	Loss: 0.031214367598295212
[2023-05-02 08:11:41] Train Epoch: 9 [5600/20000 (28.0%)]	Loss: 0.2376977801322937
[2023-05-02 08:11:42] Train Epoch: 9 [6400/20000 (32.0%)]	Loss: 0.04595733433961868
[2023-05-02 08:11:42] Train Epoch: 9 [7200/20000 (36.0%)]	Loss: 0.14365102350711823
[2023-05-02 08:11:42] Train Epoch: 9 [8000/20000 (40.0%)]	Loss: 0.12383433431386948
[2023-05-02 08:11:42] Train Epoch: 9 [8800/20000 (44.0%)]	Loss: 0.06323966383934021
[2023-05-02 08:11:43] Train Epoch: 9 [9600/20000 (48.0%)]	Loss: 0.23054854571819305
[2023-05-02 08:11:43] Train Epoch: 9 [10400/20000 (52.0%)]	Loss: 0.12959085404872894
[2023-05-02 08:11:43] Train Epoch: 9 [11200/20000 (56.0%)]	Loss: 0.1106000766158104
[2023-05-02 08:11:43] Train Epoch: 9 [12000/20000 (60.0%)]	Loss: 0.14645454287528992
[2023-05-02 08:11:44] Train Epoch: 9 [12800/20000 (64.0%)]	Loss: 0.05702530965209007
[2023-05-02 08:11:44] Train Epoch: 9 [13600/20000 (68.0%)]	Loss: 0.07389933615922928
[2023-05-02 08:11:44] Train Epoch: 9 [14400/20000 (72.0%)]	Loss: 0.23430418968200684
[2023-05-02 08:11:45] Train Epoch: 9 [15200/20000 (76.0%)]	Loss: 0.058130912482738495
[2023-05-02 08:11:45] Train Epoch: 9 [16000/20000 (80.0%)]	Loss: 0.18677423894405365
[2023-05-02 08:11:45] Train Epoch: 9 [16800/20000 (84.0%)]	Loss: 0.08007726818323135
[2023-05-02 08:11:46] Train Epoch: 9 [17600/20000 (88.0%)]	Loss: 0.11760735511779785
[2023-05-02 08:11:46] Train Epoch: 9 [18400/20000 (92.0%)]	Loss: 0.04602412134408951
[2023-05-02 08:11:46] Train Epoch: 9 [19200/20000 (96.0%)]	Loss: 0.08046860247850418
[2023-05-02 08:11:50] ========== Metrics ==========
[2023-05-02 08:11:50] {
  "tr_loss": 0.12191009388552725,
  "tr_acc": 0.9607460746074608,
  "tr_f1": 0.9607008760951188,
  "val_loss": 0.4208172976727129,
  "val_acc": 0.8077811334162374,
  "val_f1": 0.8074047703809184,
  "test_loss": 0.3799486740171748,
  "test_acc": 0.8346883468834688,
  "test_f1": 0.8328767123287671
}
[2023-05-02 08:11:50] ========== Metrics ==========
[2023-05-02 08:11:51] Train Epoch: 10 [0/20000 (0.0%)]	Loss: 0.15203069150447845
[2023-05-02 08:11:51] Train Epoch: 10 [800/20000 (4.0%)]	Loss: 0.27232444286346436
[2023-05-02 08:11:52] Train Epoch: 10 [1600/20000 (8.0%)]	Loss: 0.0910835713148117
[2023-05-02 08:11:52] Train Epoch: 10 [2400/20000 (12.0%)]	Loss: 0.2272738814353943
[2023-05-02 08:11:52] Train Epoch: 10 [3200/20000 (16.0%)]	Loss: 0.22911348938941956
[2023-05-02 08:11:53] Train Epoch: 10 [4000/20000 (20.0%)]	Loss: 0.25590211153030396
[2023-05-02 08:11:53] Train Epoch: 10 [4800/20000 (24.0%)]	Loss: 0.22488968074321747
[2023-05-02 08:11:53] Train Epoch: 10 [5600/20000 (28.0%)]	Loss: 0.03343115374445915
[2023-05-02 08:11:54] Train Epoch: 10 [6400/20000 (32.0%)]	Loss: 0.04794896021485329
[2023-05-02 08:11:54] Train Epoch: 10 [7200/20000 (36.0%)]	Loss: 0.120444655418396
[2023-05-02 08:11:54] Train Epoch: 10 [8000/20000 (40.0%)]	Loss: 0.10105384886264801
[2023-05-02 08:11:55] Train Epoch: 10 [8800/20000 (44.0%)]	Loss: 0.04776846244931221
[2023-05-02 08:11:55] Train Epoch: 10 [9600/20000 (48.0%)]	Loss: 0.11454633623361588
[2023-05-02 08:11:55] Train Epoch: 10 [10400/20000 (52.0%)]	Loss: 0.1491958349943161
[2023-05-02 08:11:56] Train Epoch: 10 [11200/20000 (56.0%)]	Loss: 0.0755535364151001
[2023-05-02 08:11:56] Train Epoch: 10 [12000/20000 (60.0%)]	Loss: 0.2505560517311096
[2023-05-02 08:11:56] Train Epoch: 10 [12800/20000 (64.0%)]	Loss: 0.10535911470651627
[2023-05-02 08:11:56] Train Epoch: 10 [13600/20000 (68.0%)]	Loss: 0.06749272346496582
[2023-05-02 08:11:57] Train Epoch: 10 [14400/20000 (72.0%)]	Loss: 0.10157021880149841
[2023-05-02 08:11:57] Train Epoch: 10 [15200/20000 (76.0%)]	Loss: 0.1641998142004013
[2023-05-02 08:11:57] Train Epoch: 10 [16000/20000 (80.0%)]	Loss: 0.06289929151535034
[2023-05-02 08:11:58] Train Epoch: 10 [16800/20000 (84.0%)]	Loss: 0.3113032579421997
[2023-05-02 08:11:58] Train Epoch: 10 [17600/20000 (88.0%)]	Loss: 0.08751879632472992
[2023-05-02 08:11:58] Train Epoch: 10 [18400/20000 (92.0%)]	Loss: 0.12728123366832733
[2023-05-02 08:11:59] Train Epoch: 10 [19200/20000 (96.0%)]	Loss: 0.15824784338474274
[2023-05-02 08:12:02] ========== Metrics ==========
[2023-05-02 08:12:02] {
  "tr_loss": 0.11921896865226851,
  "tr_acc": 0.9602960296029603,
  "tr_f1": 0.9601765472966195,
  "val_loss": 0.422473597344422,
  "val_acc": 0.8086693906555339,
  "val_f1": 0.8098852603706973,
  "test_loss": 0.4011737744659589,
  "test_acc": 0.8401084010840109,
  "test_f1": 0.840108401084011
}
[2023-05-02 08:12:02] ========== Metrics ==========
[2023-05-02 08:12:03] Train Epoch: 11 [0/20000 (0.0%)]	Loss: 0.13752378523349762
[2023-05-02 08:12:04] Train Epoch: 11 [800/20000 (4.0%)]	Loss: 0.07477644085884094
[2023-05-02 08:12:04] Train Epoch: 11 [1600/20000 (8.0%)]	Loss: 0.16622895002365112
[2023-05-02 08:12:04] Train Epoch: 11 [2400/20000 (12.0%)]	Loss: 0.15854616463184357
[2023-05-02 08:12:04] Train Epoch: 11 [3200/20000 (16.0%)]	Loss: 0.025578830391168594
[2023-05-02 08:12:05] Train Epoch: 11 [4000/20000 (20.0%)]	Loss: 0.03814812749624252
[2023-05-02 08:12:05] Train Epoch: 11 [4800/20000 (24.0%)]	Loss: 0.10097244381904602
[2023-05-02 08:12:05] Train Epoch: 11 [5600/20000 (28.0%)]	Loss: 0.052544206380844116
[2023-05-02 08:12:05] Train Epoch: 11 [6400/20000 (32.0%)]	Loss: 0.033709265291690826
[2023-05-02 08:12:06] Train Epoch: 11 [7200/20000 (36.0%)]	Loss: 0.11851068586111069
[2023-05-02 08:12:06] Train Epoch: 11 [8000/20000 (40.0%)]	Loss: 0.03142266720533371
[2023-05-02 08:12:06] Train Epoch: 11 [8800/20000 (44.0%)]	Loss: 0.049102190881967545
[2023-05-02 08:12:06] Train Epoch: 11 [9600/20000 (48.0%)]	Loss: 0.10178914666175842
[2023-05-02 08:12:07] Train Epoch: 11 [10400/20000 (52.0%)]	Loss: 0.033445291221141815
[2023-05-02 08:12:07] Train Epoch: 11 [11200/20000 (56.0%)]	Loss: 0.1687709540128708
[2023-05-02 08:12:07] Train Epoch: 11 [12000/20000 (60.0%)]	Loss: 0.3008163869380951
[2023-05-02 08:12:07] Train Epoch: 11 [12800/20000 (64.0%)]	Loss: 0.12806753814220428
[2023-05-02 08:12:07] Train Epoch: 11 [13600/20000 (68.0%)]	Loss: 0.032381728291511536
[2023-05-02 08:12:08] Train Epoch: 11 [14400/20000 (72.0%)]	Loss: 0.037904590368270874
[2023-05-02 08:12:08] Train Epoch: 11 [15200/20000 (76.0%)]	Loss: 0.15479227900505066
[2023-05-02 08:12:08] Train Epoch: 11 [16000/20000 (80.0%)]	Loss: 0.07611594349145889
[2023-05-02 08:12:08] Train Epoch: 11 [16800/20000 (84.0%)]	Loss: 0.05155821889638901
[2023-05-02 08:12:09] Train Epoch: 11 [17600/20000 (88.0%)]	Loss: 0.04788466915488243
[2023-05-02 08:12:09] Train Epoch: 11 [18400/20000 (92.0%)]	Loss: 0.1073455959558487
[2023-05-02 08:12:09] Train Epoch: 11 [19200/20000 (96.0%)]	Loss: 0.10591230541467667
[2023-05-02 08:12:13] ========== Metrics ==========
[2023-05-02 08:12:13] {
  "tr_loss": 0.109830846120887,
  "tr_acc": 0.9647464746474648,
  "tr_f1": 0.964635063957863,
  "val_loss": 0.42285295959305946,
  "val_acc": 0.8086693906555339,
  "val_f1": 0.8100194037749162,
  "test_loss": 0.3808654666270021,
  "test_acc": 0.8428184281842819,
  "test_f1": 0.8432432432432432
}
[2023-05-02 08:12:13] ========== Metrics ==========
[2023-05-02 08:12:13] Train Epoch: 12 [0/20000 (0.0%)]	Loss: 0.047066304832696915
[2023-05-02 08:12:14] Train Epoch: 12 [800/20000 (4.0%)]	Loss: 0.09437128156423569
[2023-05-02 08:12:14] Train Epoch: 12 [1600/20000 (8.0%)]	Loss: 0.09184465557336807
[2023-05-02 08:12:14] Train Epoch: 12 [2400/20000 (12.0%)]	Loss: 0.061149731278419495
[2023-05-02 08:12:15] Train Epoch: 12 [3200/20000 (16.0%)]	Loss: 0.07574877142906189
[2023-05-02 08:12:15] Train Epoch: 12 [4000/20000 (20.0%)]	Loss: 0.12334280461072922
[2023-05-02 08:12:15] Train Epoch: 12 [4800/20000 (24.0%)]	Loss: 0.1512819230556488
[2023-05-02 08:12:15] Train Epoch: 12 [5600/20000 (28.0%)]	Loss: 0.044930946081876755
[2023-05-02 08:12:15] Train Epoch: 12 [6400/20000 (32.0%)]	Loss: 0.08677791804075241
[2023-05-02 08:12:16] Train Epoch: 12 [7200/20000 (36.0%)]	Loss: 0.08469411730766296
[2023-05-02 08:12:16] Train Epoch: 12 [8000/20000 (40.0%)]	Loss: 0.12807410955429077
[2023-05-02 08:12:16] Train Epoch: 12 [8800/20000 (44.0%)]	Loss: 0.0985589474439621
[2023-05-02 08:12:16] Train Epoch: 12 [9600/20000 (48.0%)]	Loss: 0.0769856721162796
[2023-05-02 08:12:17] Train Epoch: 12 [10400/20000 (52.0%)]	Loss: 0.05202588811516762
[2023-05-02 08:12:17] Train Epoch: 12 [11200/20000 (56.0%)]	Loss: 0.13430310785770416
[2023-05-02 08:12:17] Train Epoch: 12 [12000/20000 (60.0%)]	Loss: 0.10425126552581787
[2023-05-02 08:12:18] Train Epoch: 12 [12800/20000 (64.0%)]	Loss: 0.15976575016975403
[2023-05-02 08:12:18] Train Epoch: 12 [13600/20000 (68.0%)]	Loss: 0.06033264845609665
[2023-05-02 08:12:18] Train Epoch: 12 [14400/20000 (72.0%)]	Loss: 0.05265647917985916
[2023-05-02 08:12:18] Train Epoch: 12 [15200/20000 (76.0%)]	Loss: 0.3936026394367218
[2023-05-02 08:12:19] Train Epoch: 12 [16000/20000 (80.0%)]	Loss: 0.22598327696323395
[2023-05-02 08:12:19] Train Epoch: 12 [16800/20000 (84.0%)]	Loss: 0.04920602962374687
[2023-05-02 08:12:19] Train Epoch: 12 [17600/20000 (88.0%)]	Loss: 0.06592986732721329
[2023-05-02 08:12:19] Train Epoch: 12 [18400/20000 (92.0%)]	Loss: 0.06858880817890167
[2023-05-02 08:12:20] Train Epoch: 12 [19200/20000 (96.0%)]	Loss: 0.09370866417884827
[2023-05-02 08:12:23] ========== Metrics ==========
[2023-05-02 08:12:23] {
  "tr_loss": 0.11126491652898686,
  "tr_acc": 0.9645964596459646,
  "tr_f1": 0.9645468202303455,
  "val_loss": 0.4226317438314346,
  "val_acc": 0.8090246935512524,
  "val_f1": 0.8099699487360792,
  "test_loss": 0.3772717845956808,
  "test_acc": 0.8401084010840109,
  "test_f1": 0.840108401084011
}
[2023-05-02 08:12:23] ========== Metrics ==========
[2023-05-02 08:12:24] Train Epoch: 13 [0/20000 (0.0%)]	Loss: 0.13122835755348206
[2023-05-02 08:12:24] Train Epoch: 13 [800/20000 (4.0%)]	Loss: 0.15175950527191162
[2023-05-02 08:12:25] Train Epoch: 13 [1600/20000 (8.0%)]	Loss: 0.1326151341199875
[2023-05-02 08:12:25] Train Epoch: 13 [2400/20000 (12.0%)]	Loss: 0.07226613163948059
[2023-05-02 08:12:25] Train Epoch: 13 [3200/20000 (16.0%)]	Loss: 0.051529161632061005
[2023-05-02 08:12:26] Train Epoch: 13 [4000/20000 (20.0%)]	Loss: 0.02115616202354431
[2023-05-02 08:12:26] Train Epoch: 13 [4800/20000 (24.0%)]	Loss: 0.04372001811861992
[2023-05-02 08:12:26] Train Epoch: 13 [5600/20000 (28.0%)]	Loss: 0.15147528052330017
[2023-05-02 08:12:26] Train Epoch: 13 [6400/20000 (32.0%)]	Loss: 0.0443393811583519
[2023-05-02 08:12:27] Train Epoch: 13 [7200/20000 (36.0%)]	Loss: 0.17831853032112122
[2023-05-02 08:12:27] Train Epoch: 13 [8000/20000 (40.0%)]	Loss: 0.042067840695381165
[2023-05-02 08:12:27] Train Epoch: 13 [8800/20000 (44.0%)]	Loss: 0.10552772879600525
[2023-05-02 08:12:27] Train Epoch: 13 [9600/20000 (48.0%)]	Loss: 0.28357994556427
[2023-05-02 08:12:28] Train Epoch: 13 [10400/20000 (52.0%)]	Loss: 0.05251951888203621
[2023-05-02 08:12:28] Train Epoch: 13 [11200/20000 (56.0%)]	Loss: 0.1558985561132431
[2023-05-02 08:12:28] Train Epoch: 13 [12000/20000 (60.0%)]	Loss: 0.13347463309764862
[2023-05-02 08:12:28] Train Epoch: 13 [12800/20000 (64.0%)]	Loss: 0.029992369934916496
[2023-05-02 08:12:29] Train Epoch: 13 [13600/20000 (68.0%)]	Loss: 0.1567378044128418
[2023-05-02 08:12:29] Train Epoch: 13 [14400/20000 (72.0%)]	Loss: 0.18386529386043549
[2023-05-02 08:12:29] Train Epoch: 13 [15200/20000 (76.0%)]	Loss: 0.06929394602775574
[2023-05-02 08:12:29] Train Epoch: 13 [16000/20000 (80.0%)]	Loss: 0.16168399155139923
[2023-05-02 08:12:30] Train Epoch: 13 [16800/20000 (84.0%)]	Loss: 0.16108110547065735
[2023-05-02 08:12:30] Train Epoch: 13 [17600/20000 (88.0%)]	Loss: 0.10357523709535599
[2023-05-02 08:12:30] Train Epoch: 13 [18400/20000 (92.0%)]	Loss: 0.10602431744337082
[2023-05-02 08:12:30] Train Epoch: 13 [19200/20000 (96.0%)]	Loss: 0.11093944311141968
[2023-05-02 08:12:34] ========== Metrics ==========
[2023-05-02 08:12:34] {
  "tr_loss": 0.1078149401253522,
  "tr_acc": 0.9666966696669667,
  "tr_f1": 0.9667099870038989,
  "val_loss": 0.42238968378867703,
  "val_acc": 0.8088470421033931,
  "val_f1": 0.8093550673281361,
  "test_loss": 0.39267458566805213,
  "test_acc": 0.8401084010840109,
  "test_f1": 0.840108401084011
}
[2023-05-02 08:12:34] ========== Metrics ==========
[2023-05-02 08:12:35] Train Epoch: 14 [0/20000 (0.0%)]	Loss: 0.06169278174638748
[2023-05-02 08:12:35] Train Epoch: 14 [800/20000 (4.0%)]	Loss: 0.07389435172080994
[2023-05-02 08:12:35] Train Epoch: 14 [1600/20000 (8.0%)]	Loss: 0.049867771565914154
[2023-05-02 08:12:36] Train Epoch: 14 [2400/20000 (12.0%)]	Loss: 0.08227153867483139
[2023-05-02 08:12:36] Train Epoch: 14 [3200/20000 (16.0%)]	Loss: 0.21092964708805084
[2023-05-02 08:12:36] Train Epoch: 14 [4000/20000 (20.0%)]	Loss: 0.12591996788978577
[2023-05-02 08:12:37] Train Epoch: 14 [4800/20000 (24.0%)]	Loss: 0.05890920013189316
[2023-05-02 08:12:37] Train Epoch: 14 [5600/20000 (28.0%)]	Loss: 0.02308778278529644
[2023-05-02 08:12:37] Train Epoch: 14 [6400/20000 (32.0%)]	Loss: 0.18588711321353912
[2023-05-02 08:12:37] Train Epoch: 14 [7200/20000 (36.0%)]	Loss: 0.06262829899787903
[2023-05-02 08:12:38] Train Epoch: 14 [8000/20000 (40.0%)]	Loss: 0.09464775770902634
[2023-05-02 08:12:38] Train Epoch: 14 [8800/20000 (44.0%)]	Loss: 0.1529824137687683
[2023-05-02 08:12:38] Train Epoch: 14 [9600/20000 (48.0%)]	Loss: 0.07566508650779724
[2023-05-02 08:12:39] Train Epoch: 14 [10400/20000 (52.0%)]	Loss: 0.1540946513414383
[2023-05-02 08:12:39] Train Epoch: 14 [11200/20000 (56.0%)]	Loss: 0.03619160130620003
[2023-05-02 08:12:39] Train Epoch: 14 [12000/20000 (60.0%)]	Loss: 0.08006633818149567
[2023-05-02 08:12:40] Train Epoch: 14 [12800/20000 (64.0%)]	Loss: 0.1684815138578415
[2023-05-02 08:12:40] Train Epoch: 14 [13600/20000 (68.0%)]	Loss: 0.14578402042388916
[2023-05-02 08:12:40] Train Epoch: 14 [14400/20000 (72.0%)]	Loss: 0.0643446296453476
[2023-05-02 08:12:40] Train Epoch: 14 [15200/20000 (76.0%)]	Loss: 0.10670523345470428
[2023-05-02 08:12:41] Train Epoch: 14 [16000/20000 (80.0%)]	Loss: 0.1585470587015152
[2023-05-02 08:12:41] Train Epoch: 14 [16800/20000 (84.0%)]	Loss: 0.08982686698436737
[2023-05-02 08:12:41] Train Epoch: 14 [17600/20000 (88.0%)]	Loss: 0.05875258520245552
[2023-05-02 08:12:42] Train Epoch: 14 [18400/20000 (92.0%)]	Loss: 0.19851794838905334
[2023-05-02 08:12:42] Train Epoch: 14 [19200/20000 (96.0%)]	Loss: 0.1077447235584259
[2023-05-02 08:12:46] ========== Metrics ==========
[2023-05-02 08:12:46] {
  "tr_loss": 0.11061154074794782,
  "tr_acc": 0.9646464646464646,
  "tr_f1": 0.9645311794511614,
  "val_loss": 0.42253300241052544,
  "val_acc": 0.8088470421033931,
  "val_f1": 0.8092874867068415,
  "test_loss": 0.38363090472492745,
  "test_acc": 0.8401084010840109,
  "test_f1": 0.840108401084011
}
[2023-05-02 08:12:46] ========== Metrics ==========
[2023-05-02 08:12:47] Train Epoch: 15 [0/20000 (0.0%)]	Loss: 0.13169680535793304
[2023-05-02 08:12:47] Train Epoch: 15 [800/20000 (4.0%)]	Loss: 0.12216897308826447
[2023-05-02 08:12:48] Train Epoch: 15 [1600/20000 (8.0%)]	Loss: 0.08485562354326248
[2023-05-02 08:12:48] Train Epoch: 15 [2400/20000 (12.0%)]	Loss: 0.14373333752155304
[2023-05-02 08:12:48] Train Epoch: 15 [3200/20000 (16.0%)]	Loss: 0.08095470815896988
[2023-05-02 08:12:49] Train Epoch: 15 [4000/20000 (20.0%)]	Loss: 0.1859857589006424
[2023-05-02 08:12:49] Train Epoch: 15 [4800/20000 (24.0%)]	Loss: 0.10827995836734772
[2023-05-02 08:12:49] Train Epoch: 15 [5600/20000 (28.0%)]	Loss: 0.13692840933799744
[2023-05-02 08:12:50] Train Epoch: 15 [6400/20000 (32.0%)]	Loss: 0.0386832132935524
[2023-05-02 08:12:50] Train Epoch: 15 [7200/20000 (36.0%)]	Loss: 0.13145767152309418
[2023-05-02 08:12:50] Train Epoch: 15 [8000/20000 (40.0%)]	Loss: 0.0838288739323616
[2023-05-02 08:12:51] Train Epoch: 15 [8800/20000 (44.0%)]	Loss: 0.030427152290940285
[2023-05-02 08:12:51] Train Epoch: 15 [9600/20000 (48.0%)]	Loss: 0.03452424332499504
[2023-05-02 08:12:51] Train Epoch: 15 [10400/20000 (52.0%)]	Loss: 0.08886048197746277
[2023-05-02 08:12:52] Train Epoch: 15 [11200/20000 (56.0%)]	Loss: 0.0906514823436737
[2023-05-02 08:12:52] Train Epoch: 15 [12000/20000 (60.0%)]	Loss: 0.06033793091773987
[2023-05-02 08:12:52] Train Epoch: 15 [12800/20000 (64.0%)]	Loss: 0.09236131608486176
[2023-05-02 08:12:52] Train Epoch: 15 [13600/20000 (68.0%)]	Loss: 0.09979937970638275
[2023-05-02 08:12:53] Train Epoch: 15 [14400/20000 (72.0%)]	Loss: 0.02491849474608898
[2023-05-02 08:12:53] Train Epoch: 15 [15200/20000 (76.0%)]	Loss: 0.05443909764289856
[2023-05-02 08:12:53] Train Epoch: 15 [16000/20000 (80.0%)]	Loss: 0.15474958717823029
[2023-05-02 08:12:54] Train Epoch: 15 [16800/20000 (84.0%)]	Loss: 0.06578437238931656
[2023-05-02 08:12:54] Train Epoch: 15 [17600/20000 (88.0%)]	Loss: 0.059606872498989105
[2023-05-02 08:12:54] Train Epoch: 15 [18400/20000 (92.0%)]	Loss: 0.05759912729263306
[2023-05-02 08:12:55] Train Epoch: 15 [19200/20000 (96.0%)]	Loss: 0.03900303319096565
[2023-05-02 08:12:58] ========== Metrics ==========
[2023-05-02 08:12:58] {
  "tr_loss": 0.10990902086426847,
  "tr_acc": 0.9657965796579658,
  "tr_f1": 0.9657554821267649,
  "val_loss": 0.4222977946464917,
  "val_acc": 0.8083140877598153,
  "val_f1": 0.8085861273727161,
  "test_loss": 0.3780014059407924,
  "test_acc": 0.8373983739837398,
  "test_f1": 0.8369565217391305
}
[2023-05-02 08:12:58] ========== Metrics ==========
[2023-05-02 08:12:59] Train Epoch: 16 [0/20000 (0.0%)]	Loss: 0.07570688426494598
[2023-05-02 08:13:00] Train Epoch: 16 [800/20000 (4.0%)]	Loss: 0.09374882280826569
[2023-05-02 08:13:00] Train Epoch: 16 [1600/20000 (8.0%)]	Loss: 0.1165577843785286
[2023-05-02 08:13:00] Train Epoch: 16 [2400/20000 (12.0%)]	Loss: 0.09513870626688004
[2023-05-02 08:13:01] Train Epoch: 16 [3200/20000 (16.0%)]	Loss: 0.12812340259552002
[2023-05-02 08:13:01] Train Epoch: 16 [4000/20000 (20.0%)]	Loss: 0.04184320941567421
[2023-05-02 08:13:01] Train Epoch: 16 [4800/20000 (24.0%)]	Loss: 0.2556702196598053
[2023-05-02 08:13:02] Train Epoch: 16 [5600/20000 (28.0%)]	Loss: 0.19310636818408966
[2023-05-02 08:13:02] Train Epoch: 16 [6400/20000 (32.0%)]	Loss: 0.01892935298383236
[2023-05-02 08:13:02] Train Epoch: 16 [7200/20000 (36.0%)]	Loss: 0.11800619959831238
[2023-05-02 08:13:03] Train Epoch: 16 [8000/20000 (40.0%)]	Loss: 0.0634223222732544
[2023-05-02 08:13:03] Train Epoch: 16 [8800/20000 (44.0%)]	Loss: 0.03463978320360184
[2023-05-02 08:13:03] Train Epoch: 16 [9600/20000 (48.0%)]	Loss: 0.06380146741867065
[2023-05-02 08:13:04] Train Epoch: 16 [10400/20000 (52.0%)]	Loss: 0.0674901157617569
[2023-05-02 08:13:04] Train Epoch: 16 [11200/20000 (56.0%)]	Loss: 0.033467844128608704
[2023-05-02 08:13:04] Train Epoch: 16 [12000/20000 (60.0%)]	Loss: 0.02753518894314766
[2023-05-02 08:13:05] Train Epoch: 16 [12800/20000 (64.0%)]	Loss: 0.1304425448179245
[2023-05-02 08:13:05] Train Epoch: 16 [13600/20000 (68.0%)]	Loss: 0.11893095821142197
[2023-05-02 08:13:05] Train Epoch: 16 [14400/20000 (72.0%)]	Loss: 0.07729987055063248
[2023-05-02 08:13:06] Train Epoch: 16 [15200/20000 (76.0%)]	Loss: 0.0730643942952156
[2023-05-02 08:13:06] Train Epoch: 16 [16000/20000 (80.0%)]	Loss: 0.0710831731557846
[2023-05-02 08:13:06] Train Epoch: 16 [16800/20000 (84.0%)]	Loss: 0.048310138285160065
[2023-05-02 08:13:07] Train Epoch: 16 [17600/20000 (88.0%)]	Loss: 0.13447622954845428
[2023-05-02 08:13:07] Train Epoch: 16 [18400/20000 (92.0%)]	Loss: 0.09217505156993866
[2023-05-02 08:13:07] Train Epoch: 16 [19200/20000 (96.0%)]	Loss: 0.025401314720511436
[2023-05-02 08:13:11] ========== Metrics ==========
[2023-05-02 08:13:11] {
  "tr_loss": 0.11056621783491324,
  "tr_acc": 0.9627962796279628,
  "tr_f1": 0.9626318432948268,
  "val_loss": 0.42237823304708144,
  "val_acc": 0.8083140877598153,
  "val_f1": 0.8085861273727161,
  "test_loss": 0.37768572875800815,
  "test_acc": 0.8373983739837398,
  "test_f1": 0.8369565217391305
}
[2023-05-02 08:13:11] ========== Metrics ==========
[2023-05-02 08:13:12] Train Epoch: 17 [0/20000 (0.0%)]	Loss: 0.07173659652471542
[2023-05-02 08:13:12] Train Epoch: 17 [800/20000 (4.0%)]	Loss: 0.034640584141016006
[2023-05-02 08:13:13] Train Epoch: 17 [1600/20000 (8.0%)]	Loss: 0.04736657068133354
[2023-05-02 08:13:13] Train Epoch: 17 [2400/20000 (12.0%)]	Loss: 0.2112119346857071
[2023-05-02 08:13:13] Train Epoch: 17 [3200/20000 (16.0%)]	Loss: 0.0749347135424614
[2023-05-02 08:13:14] Train Epoch: 17 [4000/20000 (20.0%)]	Loss: 0.22770601511001587
[2023-05-02 08:13:14] Train Epoch: 17 [4800/20000 (24.0%)]	Loss: 0.07290571182966232
[2023-05-02 08:13:14] Train Epoch: 17 [5600/20000 (28.0%)]	Loss: 0.22882980108261108
[2023-05-02 08:13:15] Train Epoch: 17 [6400/20000 (32.0%)]	Loss: 0.11316632479429245
[2023-05-02 08:13:15] Train Epoch: 17 [7200/20000 (36.0%)]	Loss: 0.12482967972755432
[2023-05-02 08:13:15] Train Epoch: 17 [8000/20000 (40.0%)]	Loss: 0.04158777371048927
[2023-05-02 08:13:16] Train Epoch: 17 [8800/20000 (44.0%)]	Loss: 0.1536441594362259
[2023-05-02 08:13:16] Train Epoch: 17 [9600/20000 (48.0%)]	Loss: 0.010227683931589127
[2023-05-02 08:13:16] Train Epoch: 17 [10400/20000 (52.0%)]	Loss: 0.081993967294693
[2023-05-02 08:13:16] Train Epoch: 17 [11200/20000 (56.0%)]	Loss: 0.0938069075345993
[2023-05-02 08:13:17] Train Epoch: 17 [12000/20000 (60.0%)]	Loss: 0.03600665554404259
[2023-05-02 08:13:17] Train Epoch: 17 [12800/20000 (64.0%)]	Loss: 0.038746073842048645
[2023-05-02 08:13:17] Train Epoch: 17 [13600/20000 (68.0%)]	Loss: 0.07434097677469254
[2023-05-02 08:13:18] Train Epoch: 17 [14400/20000 (72.0%)]	Loss: 0.1504027396440506
[2023-05-02 08:13:18] Train Epoch: 17 [15200/20000 (76.0%)]	Loss: 0.06334344297647476
[2023-05-02 08:13:18] Train Epoch: 17 [16000/20000 (80.0%)]	Loss: 0.10656185448169708
[2023-05-02 08:13:18] Train Epoch: 17 [16800/20000 (84.0%)]	Loss: 0.22637031972408295
[2023-05-02 08:13:19] Train Epoch: 17 [17600/20000 (88.0%)]	Loss: 0.18211700022220612
[2023-05-02 08:13:19] Train Epoch: 17 [18400/20000 (92.0%)]	Loss: 0.08464347571134567
[2023-05-02 08:13:19] Train Epoch: 17 [19200/20000 (96.0%)]	Loss: 0.298993855714798
[2023-05-02 08:13:23] ========== Metrics ==========
[2023-05-02 08:13:23] {
  "tr_loss": 0.10843133980711767,
  "tr_acc": 0.9655465546554656,
  "tr_f1": 0.9654792324264743,
  "val_loss": 0.42237404248794497,
  "val_acc": 0.8083140877598153,
  "val_f1": 0.8085861273727161,
  "test_loss": 0.40113455719417995,
  "test_acc": 0.8373983739837398,
  "test_f1": 0.8369565217391305
}
[2023-05-02 08:13:23] ========== Metrics ==========
[2023-05-02 08:13:24] Train Epoch: 18 [0/20000 (0.0%)]	Loss: 0.05581631138920784
[2023-05-02 08:13:24] Train Epoch: 18 [800/20000 (4.0%)]	Loss: 0.1630306839942932
[2023-05-02 08:13:24] Train Epoch: 18 [1600/20000 (8.0%)]	Loss: 0.2383318841457367
[2023-05-02 08:13:24] Train Epoch: 18 [2400/20000 (12.0%)]	Loss: 0.13095831871032715
[2023-05-02 08:13:25] Train Epoch: 18 [3200/20000 (16.0%)]	Loss: 0.16897159814834595
[2023-05-02 08:13:25] Train Epoch: 18 [4000/20000 (20.0%)]	Loss: 0.06682871282100677
[2023-05-02 08:13:25] Train Epoch: 18 [4800/20000 (24.0%)]	Loss: 0.1059420183300972
[2023-05-02 08:13:26] Train Epoch: 18 [5600/20000 (28.0%)]	Loss: 0.15225690603256226
[2023-05-02 08:13:26] Train Epoch: 18 [6400/20000 (32.0%)]	Loss: 0.06563589721918106
[2023-05-02 08:13:26] Train Epoch: 18 [7200/20000 (36.0%)]	Loss: 0.045096468180418015
[2023-05-02 08:13:26] Train Epoch: 18 [8000/20000 (40.0%)]	Loss: 0.2732519805431366
[2023-05-02 08:13:27] Train Epoch: 18 [8800/20000 (44.0%)]	Loss: 0.1623443067073822
[2023-05-02 08:13:27] Train Epoch: 18 [9600/20000 (48.0%)]	Loss: 0.09779482334852219
[2023-05-02 08:13:27] Train Epoch: 18 [10400/20000 (52.0%)]	Loss: 0.11057679355144501
[2023-05-02 08:13:27] Train Epoch: 18 [11200/20000 (56.0%)]	Loss: 0.05969589203596115
[2023-05-02 08:13:28] Train Epoch: 18 [12000/20000 (60.0%)]	Loss: 0.14759856462478638
[2023-05-02 08:13:28] Train Epoch: 18 [12800/20000 (64.0%)]	Loss: 0.0976342186331749
[2023-05-02 08:13:28] Train Epoch: 18 [13600/20000 (68.0%)]	Loss: 0.13795329630374908
[2023-05-02 08:13:28] Train Epoch: 18 [14400/20000 (72.0%)]	Loss: 0.26278191804885864
[2023-05-02 08:13:29] Train Epoch: 18 [15200/20000 (76.0%)]	Loss: 0.041323620826005936
[2023-05-02 08:13:29] Train Epoch: 18 [16000/20000 (80.0%)]	Loss: 0.08668357878923416
[2023-05-02 08:13:29] Train Epoch: 18 [16800/20000 (84.0%)]	Loss: 0.07100868970155716
[2023-05-02 08:13:29] Train Epoch: 18 [17600/20000 (88.0%)]	Loss: 0.21202251315116882
[2023-05-02 08:13:30] Train Epoch: 18 [18400/20000 (92.0%)]	Loss: 0.13692297041416168
[2023-05-02 08:13:30] Train Epoch: 18 [19200/20000 (96.0%)]	Loss: 0.14458081126213074
[2023-05-02 08:13:32] Stop At epoch 18/20 due to valid not increase
[2023-05-02 08:13:34] ========== Metrics ==========
[2023-05-02 08:13:34] {
  "tr_loss": 0.10989692833649777,
  "tr_acc": 0.9649464946494649,
  "tr_f1": 0.9649517524123793,
  "val_loss": 0.42215202733156926,
  "val_acc": 0.8083140877598153,
  "val_f1": 0.8085861273727161,
  "test_loss": 0.4050003390325117,
  "test_acc": 0.8373983739837398,
  "test_f1": 0.8369565217391305
}
[2023-05-02 08:13:34] ========== Metrics ==========
