[2023-05-02 23:56:34] Train Epoch: 1 [0/20000 (0.0%)]	Loss: 0.615616500377655
[2023-05-02 23:56:34] Train Epoch: 1 [800/20000 (4.0%)]	Loss: 0.7590813040733337
[2023-05-02 23:56:34] Train Epoch: 1 [1600/20000 (8.0%)]	Loss: 0.6657910943031311
[2023-05-02 23:56:34] Train Epoch: 1 [2400/20000 (12.0%)]	Loss: 0.7088747620582581
[2023-05-02 23:56:35] Train Epoch: 1 [3200/20000 (16.0%)]	Loss: 0.7120152711868286
[2023-05-02 23:56:35] Train Epoch: 1 [4000/20000 (20.0%)]	Loss: 0.7053654789924622
[2023-05-02 23:56:35] Train Epoch: 1 [4800/20000 (24.0%)]	Loss: 0.7165498733520508
[2023-05-02 23:56:35] Train Epoch: 1 [5600/20000 (28.0%)]	Loss: 0.6548491716384888
[2023-05-02 23:56:35] Train Epoch: 1 [6400/20000 (32.0%)]	Loss: 0.7033470869064331
[2023-05-02 23:56:36] Train Epoch: 1 [7200/20000 (36.0%)]	Loss: 0.6936284899711609
[2023-05-02 23:56:36] Train Epoch: 1 [8000/20000 (40.0%)]	Loss: 0.7398645877838135
[2023-05-02 23:56:36] Train Epoch: 1 [8800/20000 (44.0%)]	Loss: 0.6690943241119385
[2023-05-02 23:56:36] Train Epoch: 1 [9600/20000 (48.0%)]	Loss: 0.6736423969268799
[2023-05-02 23:56:36] Train Epoch: 1 [10400/20000 (52.0%)]	Loss: 0.7020730972290039
[2023-05-02 23:56:37] Train Epoch: 1 [11200/20000 (56.0%)]	Loss: 0.6715331077575684
[2023-05-02 23:56:37] Train Epoch: 1 [12000/20000 (60.0%)]	Loss: 0.69902503490448
[2023-05-02 23:56:37] Train Epoch: 1 [12800/20000 (64.0%)]	Loss: 0.6893293261528015
[2023-05-02 23:56:37] Train Epoch: 1 [13600/20000 (68.0%)]	Loss: 0.6657394170761108
[2023-05-02 23:56:37] Train Epoch: 1 [14400/20000 (72.0%)]	Loss: 0.6811230182647705
[2023-05-02 23:56:38] Train Epoch: 1 [15200/20000 (76.0%)]	Loss: 0.6890377402305603
[2023-05-02 23:56:38] Train Epoch: 1 [16000/20000 (80.0%)]	Loss: 0.6828461289405823
[2023-05-02 23:56:38] Train Epoch: 1 [16800/20000 (84.0%)]	Loss: 0.6596881747245789
[2023-05-02 23:56:38] Train Epoch: 1 [17600/20000 (88.0%)]	Loss: 0.662371039390564
[2023-05-02 23:56:39] Train Epoch: 1 [18400/20000 (92.0%)]	Loss: 0.7059698700904846
[2023-05-02 23:56:39] Train Epoch: 1 [19200/20000 (96.0%)]	Loss: 0.6569656729698181
[2023-05-02 23:56:43] ========== Metrics ==========
[2023-05-02 23:56:43] {
  "tr_loss": 0.6882502608495255,
  "tr_acc": 0.5319031903190319,
  "tr_f1": 0.5699058120836206,
  "val_loss": 0.6734093098344801,
  "val_acc": 0.6638834606502043,
  "val_f1": 0.693454309786131,
  "test_loss": 0.7028664663878237,
  "test_acc": 0.6558265582655827,
  "test_f1": 0.6909975669099756
}
[2023-05-02 23:56:43] ========== Metrics ==========
[2023-05-02 23:56:44] Train Epoch: 2 [0/20000 (0.0%)]	Loss: 0.658584475517273
[2023-05-02 23:56:45] Train Epoch: 2 [800/20000 (4.0%)]	Loss: 0.6082325577735901
[2023-05-02 23:56:45] Train Epoch: 2 [1600/20000 (8.0%)]	Loss: 0.6964730620384216
[2023-05-02 23:56:45] Train Epoch: 2 [2400/20000 (12.0%)]	Loss: 0.6154700517654419
[2023-05-02 23:56:45] Train Epoch: 2 [3200/20000 (16.0%)]	Loss: 0.716660737991333
[2023-05-02 23:56:45] Train Epoch: 2 [4000/20000 (20.0%)]	Loss: 0.7143429517745972
[2023-05-02 23:56:46] Train Epoch: 2 [4800/20000 (24.0%)]	Loss: 0.6414342522621155
[2023-05-02 23:56:46] Train Epoch: 2 [5600/20000 (28.0%)]	Loss: 0.6187114715576172
[2023-05-02 23:56:46] Train Epoch: 2 [6400/20000 (32.0%)]	Loss: 0.6674888134002686
[2023-05-02 23:56:46] Train Epoch: 2 [7200/20000 (36.0%)]	Loss: 0.5973557233810425
[2023-05-02 23:56:46] Train Epoch: 2 [8000/20000 (40.0%)]	Loss: 0.6439008712768555
[2023-05-02 23:56:47] Train Epoch: 2 [8800/20000 (44.0%)]	Loss: 0.6750253438949585
[2023-05-02 23:56:47] Train Epoch: 2 [9600/20000 (48.0%)]	Loss: 0.713412880897522
[2023-05-02 23:56:47] Train Epoch: 2 [10400/20000 (52.0%)]	Loss: 0.6163012385368347
[2023-05-02 23:56:47] Train Epoch: 2 [11200/20000 (56.0%)]	Loss: 0.6875878572463989
[2023-05-02 23:56:47] Train Epoch: 2 [12000/20000 (60.0%)]	Loss: 0.6337416768074036
[2023-05-02 23:56:48] Train Epoch: 2 [12800/20000 (64.0%)]	Loss: 0.7079163193702698
[2023-05-02 23:56:48] Train Epoch: 2 [13600/20000 (68.0%)]	Loss: 0.6861493587493896
[2023-05-02 23:56:48] Train Epoch: 2 [14400/20000 (72.0%)]	Loss: 0.6612730622291565
[2023-05-02 23:56:48] Train Epoch: 2 [15200/20000 (76.0%)]	Loss: 0.6446974873542786
[2023-05-02 23:56:48] Train Epoch: 2 [16000/20000 (80.0%)]	Loss: 0.7019857168197632
[2023-05-02 23:56:49] Train Epoch: 2 [16800/20000 (84.0%)]	Loss: 0.7298264503479004
[2023-05-02 23:56:49] Train Epoch: 2 [17600/20000 (88.0%)]	Loss: 0.7017561793327332
[2023-05-02 23:56:49] Train Epoch: 2 [18400/20000 (92.0%)]	Loss: 0.6281247735023499
[2023-05-02 23:56:49] Train Epoch: 2 [19200/20000 (96.0%)]	Loss: 0.699915885925293
[2023-05-02 23:56:54] ========== Metrics ==========
[2023-05-02 23:56:54] {
  "tr_loss": 0.6387427665553268,
  "tr_acc": 0.644014401440144,
  "tr_f1": 0.6509438587889188,
  "val_loss": 0.6156954272302901,
  "val_acc": 0.7239296500266477,
  "val_f1": 0.7175572519083969,
  "test_loss": 0.6404336862124724,
  "test_acc": 0.6910569105691057,
  "test_f1": 0.6868131868131868
}
[2023-05-02 23:56:54] ========== Metrics ==========
[2023-05-02 23:56:55] Train Epoch: 3 [0/20000 (0.0%)]	Loss: 0.6577292084693909
[2023-05-02 23:56:55] Train Epoch: 3 [800/20000 (4.0%)]	Loss: 0.6385827660560608
[2023-05-02 23:56:55] Train Epoch: 3 [1600/20000 (8.0%)]	Loss: 0.6071380376815796
[2023-05-02 23:56:56] Train Epoch: 3 [2400/20000 (12.0%)]	Loss: 0.5888091325759888
[2023-05-02 23:56:56] Train Epoch: 3 [3200/20000 (16.0%)]	Loss: 0.6574423313140869
[2023-05-02 23:56:56] Train Epoch: 3 [4000/20000 (20.0%)]	Loss: 0.5110957622528076
[2023-05-02 23:56:56] Train Epoch: 3 [4800/20000 (24.0%)]	Loss: 0.7280396223068237
[2023-05-02 23:56:56] Train Epoch: 3 [5600/20000 (28.0%)]	Loss: 0.5824799537658691
[2023-05-02 23:56:57] Train Epoch: 3 [6400/20000 (32.0%)]	Loss: 0.6455064415931702
[2023-05-02 23:56:57] Train Epoch: 3 [7200/20000 (36.0%)]	Loss: 0.6446964144706726
[2023-05-02 23:56:57] Train Epoch: 3 [8000/20000 (40.0%)]	Loss: 0.5833288431167603
[2023-05-02 23:56:57] Train Epoch: 3 [8800/20000 (44.0%)]	Loss: 0.5860893130302429
[2023-05-02 23:56:57] Train Epoch: 3 [9600/20000 (48.0%)]	Loss: 0.6010158061981201
[2023-05-02 23:56:58] Train Epoch: 3 [10400/20000 (52.0%)]	Loss: 0.5403953194618225
[2023-05-02 23:56:58] Train Epoch: 3 [11200/20000 (56.0%)]	Loss: 0.5001444220542908
[2023-05-02 23:56:58] Train Epoch: 3 [12000/20000 (60.0%)]	Loss: 0.5463190078735352
[2023-05-02 23:56:58] Train Epoch: 3 [12800/20000 (64.0%)]	Loss: 0.7032967209815979
[2023-05-02 23:56:59] Train Epoch: 3 [13600/20000 (68.0%)]	Loss: 0.7012678384780884
[2023-05-02 23:56:59] Train Epoch: 3 [14400/20000 (72.0%)]	Loss: 0.6405252814292908
[2023-05-02 23:56:59] Train Epoch: 3 [15200/20000 (76.0%)]	Loss: 0.3866468667984009
[2023-05-02 23:56:59] Train Epoch: 3 [16000/20000 (80.0%)]	Loss: 0.45739877223968506
[2023-05-02 23:57:00] Train Epoch: 3 [16800/20000 (84.0%)]	Loss: 0.4744362235069275
[2023-05-02 23:57:00] Train Epoch: 3 [17600/20000 (88.0%)]	Loss: 0.5225801467895508
[2023-05-02 23:57:00] Train Epoch: 3 [18400/20000 (92.0%)]	Loss: 0.47686493396759033
[2023-05-02 23:57:00] Train Epoch: 3 [19200/20000 (96.0%)]	Loss: 0.4440256953239441
[2023-05-02 23:57:05] ========== Metrics ==========
[2023-05-02 23:57:05] {
  "tr_loss": 0.5645161439256795,
  "tr_acc": 0.7248224822482249,
  "tr_f1": 0.7164132955423859,
  "val_loss": 0.5669117276294551,
  "val_acc": 0.7427607034997336,
  "val_f1": 0.7303538175046554,
  "test_loss": 0.5898242823799774,
  "test_acc": 0.7317073170731707,
  "test_f1": 0.7257617728531855
}
[2023-05-02 23:57:05] ========== Metrics ==========
[2023-05-02 23:57:06] Train Epoch: 4 [0/20000 (0.0%)]	Loss: 0.5983083248138428
[2023-05-02 23:57:06] Train Epoch: 4 [800/20000 (4.0%)]	Loss: 0.39055895805358887
[2023-05-02 23:57:06] Train Epoch: 4 [1600/20000 (8.0%)]	Loss: 0.7131364345550537
[2023-05-02 23:57:07] Train Epoch: 4 [2400/20000 (12.0%)]	Loss: 0.3490883409976959
[2023-05-02 23:57:07] Train Epoch: 4 [3200/20000 (16.0%)]	Loss: 0.5061646103858948
[2023-05-02 23:57:07] Train Epoch: 4 [4000/20000 (20.0%)]	Loss: 0.422762393951416
[2023-05-02 23:57:07] Train Epoch: 4 [4800/20000 (24.0%)]	Loss: 0.4644621014595032
[2023-05-02 23:57:07] Train Epoch: 4 [5600/20000 (28.0%)]	Loss: 0.4195464551448822
[2023-05-02 23:57:08] Train Epoch: 4 [6400/20000 (32.0%)]	Loss: 0.5281352400779724
[2023-05-02 23:57:08] Train Epoch: 4 [7200/20000 (36.0%)]	Loss: 0.5077658891677856
[2023-05-02 23:57:08] Train Epoch: 4 [8000/20000 (40.0%)]	Loss: 0.6431344747543335
[2023-05-02 23:57:08] Train Epoch: 4 [8800/20000 (44.0%)]	Loss: 0.546880304813385
[2023-05-02 23:57:09] Train Epoch: 4 [9600/20000 (48.0%)]	Loss: 0.4682692885398865
[2023-05-02 23:57:09] Train Epoch: 4 [10400/20000 (52.0%)]	Loss: 0.5148693323135376
[2023-05-02 23:57:09] Train Epoch: 4 [11200/20000 (56.0%)]	Loss: 0.5028398036956787
[2023-05-02 23:57:09] Train Epoch: 4 [12000/20000 (60.0%)]	Loss: 0.4756452143192291
[2023-05-02 23:57:09] Train Epoch: 4 [12800/20000 (64.0%)]	Loss: 0.6583996415138245
[2023-05-02 23:57:10] Train Epoch: 4 [13600/20000 (68.0%)]	Loss: 0.5264859199523926
[2023-05-02 23:57:10] Train Epoch: 4 [14400/20000 (72.0%)]	Loss: 0.4994591474533081
[2023-05-02 23:57:10] Train Epoch: 4 [15200/20000 (76.0%)]	Loss: 0.3614048659801483
[2023-05-02 23:57:10] Train Epoch: 4 [16000/20000 (80.0%)]	Loss: 0.3840431869029999
[2023-05-02 23:57:10] Train Epoch: 4 [16800/20000 (84.0%)]	Loss: 0.42841947078704834
[2023-05-02 23:57:11] Train Epoch: 4 [17600/20000 (88.0%)]	Loss: 0.6237043142318726
[2023-05-02 23:57:11] Train Epoch: 4 [18400/20000 (92.0%)]	Loss: 0.5038301348686218
[2023-05-02 23:57:11] Train Epoch: 4 [19200/20000 (96.0%)]	Loss: 0.5183824300765991
[2023-05-02 23:57:15] ========== Metrics ==========
[2023-05-02 23:57:15] {
  "tr_loss": 0.49813150644230836,
  "tr_acc": 0.7772277227722773,
  "tr_f1": 0.7676904625332428,
  "val_loss": 0.5355887075875873,
  "val_acc": 0.7519985787884171,
  "val_f1": 0.7424354243542436,
  "test_loss": 0.5488279893146297,
  "test_acc": 0.7506775067750677,
  "test_f1": 0.7444444444444444
}
[2023-05-02 23:57:15] ========== Metrics ==========
[2023-05-02 23:57:16] Train Epoch: 5 [0/20000 (0.0%)]	Loss: 0.29482266306877136
[2023-05-02 23:57:17] Train Epoch: 5 [800/20000 (4.0%)]	Loss: 0.47676771879196167
[2023-05-02 23:57:17] Train Epoch: 5 [1600/20000 (8.0%)]	Loss: 0.32433220744132996
[2023-05-02 23:57:17] Train Epoch: 5 [2400/20000 (12.0%)]	Loss: 0.30554988980293274
[2023-05-02 23:57:17] Train Epoch: 5 [3200/20000 (16.0%)]	Loss: 0.3698476552963257
[2023-05-02 23:57:17] Train Epoch: 5 [4000/20000 (20.0%)]	Loss: 0.27770981192588806
[2023-05-02 23:57:18] Train Epoch: 5 [4800/20000 (24.0%)]	Loss: 0.441213995218277
[2023-05-02 23:57:18] Train Epoch: 5 [5600/20000 (28.0%)]	Loss: 0.5763806104660034
[2023-05-02 23:57:18] Train Epoch: 5 [6400/20000 (32.0%)]	Loss: 0.515589714050293
[2023-05-02 23:57:18] Train Epoch: 5 [7200/20000 (36.0%)]	Loss: 0.39712926745414734
[2023-05-02 23:57:18] Train Epoch: 5 [8000/20000 (40.0%)]	Loss: 0.43650704622268677
[2023-05-02 23:57:19] Train Epoch: 5 [8800/20000 (44.0%)]	Loss: 0.228642076253891
[2023-05-02 23:57:19] Train Epoch: 5 [9600/20000 (48.0%)]	Loss: 0.5636516213417053
[2023-05-02 23:57:19] Train Epoch: 5 [10400/20000 (52.0%)]	Loss: 0.40535685420036316
[2023-05-02 23:57:19] Train Epoch: 5 [11200/20000 (56.0%)]	Loss: 0.39743226766586304
[2023-05-02 23:57:19] Train Epoch: 5 [12000/20000 (60.0%)]	Loss: 0.49907028675079346
[2023-05-02 23:57:20] Train Epoch: 5 [12800/20000 (64.0%)]	Loss: 0.2648974657058716
[2023-05-02 23:57:20] Train Epoch: 5 [13600/20000 (68.0%)]	Loss: 0.4933694005012512
[2023-05-02 23:57:20] Train Epoch: 5 [14400/20000 (72.0%)]	Loss: 0.4968206286430359
[2023-05-02 23:57:20] Train Epoch: 5 [15200/20000 (76.0%)]	Loss: 0.46932539343833923
[2023-05-02 23:57:21] Train Epoch: 5 [16000/20000 (80.0%)]	Loss: 0.4946805238723755
[2023-05-02 23:57:21] Train Epoch: 5 [16800/20000 (84.0%)]	Loss: 0.3546791076660156
[2023-05-02 23:57:21] Train Epoch: 5 [17600/20000 (88.0%)]	Loss: 0.43641841411590576
[2023-05-02 23:57:21] Train Epoch: 5 [18400/20000 (92.0%)]	Loss: 0.2207484394311905
[2023-05-02 23:57:21] Train Epoch: 5 [19200/20000 (96.0%)]	Loss: 0.4421330988407135
[2023-05-02 23:57:26] ========== Metrics ==========
[2023-05-02 23:57:26] {
  "tr_loss": 0.43654452980679387,
  "tr_acc": 0.8137313731373137,
  "tr_f1": 0.8050452713665149,
  "val_loss": 0.5138229895154798,
  "val_acc": 0.7589269852549299,
  "val_f1": 0.7539437896645512,
  "test_loss": 0.5446270694577597,
  "test_acc": 0.7425474254742548,
  "test_f1": 0.7353760445682451
}
[2023-05-02 23:57:26] ========== Metrics ==========
[2023-05-02 23:57:27] Train Epoch: 6 [0/20000 (0.0%)]	Loss: 0.2924368679523468
[2023-05-02 23:57:27] Train Epoch: 6 [800/20000 (4.0%)]	Loss: 0.3431643545627594
[2023-05-02 23:57:28] Train Epoch: 6 [1600/20000 (8.0%)]	Loss: 0.4181245267391205
[2023-05-02 23:57:28] Train Epoch: 6 [2400/20000 (12.0%)]	Loss: 0.2622968852519989
[2023-05-02 23:57:28] Train Epoch: 6 [3200/20000 (16.0%)]	Loss: 0.5024906992912292
[2023-05-02 23:57:28] Train Epoch: 6 [4000/20000 (20.0%)]	Loss: 0.2670399248600006
[2023-05-02 23:57:29] Train Epoch: 6 [4800/20000 (24.0%)]	Loss: 0.4781801402568817
[2023-05-02 23:57:29] Train Epoch: 6 [5600/20000 (28.0%)]	Loss: 0.39251625537872314
[2023-05-02 23:57:29] Train Epoch: 6 [6400/20000 (32.0%)]	Loss: 0.500507652759552
[2023-05-02 23:57:29] Train Epoch: 6 [7200/20000 (36.0%)]	Loss: 0.5122686624526978
[2023-05-02 23:57:29] Train Epoch: 6 [8000/20000 (40.0%)]	Loss: 0.2770034372806549
[2023-05-02 23:57:30] Train Epoch: 6 [8800/20000 (44.0%)]	Loss: 0.17345082759857178
[2023-05-02 23:57:30] Train Epoch: 6 [9600/20000 (48.0%)]	Loss: 0.3109617233276367
[2023-05-02 23:57:30] Train Epoch: 6 [10400/20000 (52.0%)]	Loss: 0.524681568145752
[2023-05-02 23:57:30] Train Epoch: 6 [11200/20000 (56.0%)]	Loss: 0.24636395275592804
[2023-05-02 23:57:30] Train Epoch: 6 [12000/20000 (60.0%)]	Loss: 0.32003942131996155
[2023-05-02 23:57:31] Train Epoch: 6 [12800/20000 (64.0%)]	Loss: 0.4675281047821045
[2023-05-02 23:57:31] Train Epoch: 6 [13600/20000 (68.0%)]	Loss: 0.1663404405117035
[2023-05-02 23:57:31] Train Epoch: 6 [14400/20000 (72.0%)]	Loss: 0.23357178270816803
[2023-05-02 23:57:31] Train Epoch: 6 [15200/20000 (76.0%)]	Loss: 0.26144444942474365
[2023-05-02 23:57:32] Train Epoch: 6 [16000/20000 (80.0%)]	Loss: 0.3417699337005615
[2023-05-02 23:57:32] Train Epoch: 6 [16800/20000 (84.0%)]	Loss: 0.4139748215675354
[2023-05-02 23:57:32] Train Epoch: 6 [17600/20000 (88.0%)]	Loss: 0.36039602756500244
[2023-05-02 23:57:32] Train Epoch: 6 [18400/20000 (92.0%)]	Loss: 0.42724236845970154
[2023-05-02 23:57:33] Train Epoch: 6 [19200/20000 (96.0%)]	Loss: 0.31284400820732117
[2023-05-02 23:57:37] ========== Metrics ==========
[2023-05-02 23:57:37] {
  "tr_loss": 0.3864552662699017,
  "tr_acc": 0.8458845884588458,
  "tr_f1": 0.838655638153073,
  "val_loss": 0.5122861109103503,
  "val_acc": 0.7610588026292414,
  "val_f1": 0.7613979066879547,
  "test_loss": 0.5445216445095817,
  "test_acc": 0.7425474254742548,
  "test_f1": 0.7397260273972602
}
[2023-05-02 23:57:37] ========== Metrics ==========
[2023-05-02 23:57:38] Train Epoch: 7 [0/20000 (0.0%)]	Loss: 0.38690340518951416
[2023-05-02 23:57:38] Train Epoch: 7 [800/20000 (4.0%)]	Loss: 0.37229302525520325
[2023-05-02 23:57:38] Train Epoch: 7 [1600/20000 (8.0%)]	Loss: 0.4770260751247406
[2023-05-02 23:57:38] Train Epoch: 7 [2400/20000 (12.0%)]	Loss: 0.3504227101802826
[2023-05-02 23:57:39] Train Epoch: 7 [3200/20000 (16.0%)]	Loss: 0.3685033321380615
[2023-05-02 23:57:39] Train Epoch: 7 [4000/20000 (20.0%)]	Loss: 0.26261478662490845
[2023-05-02 23:57:39] Train Epoch: 7 [4800/20000 (24.0%)]	Loss: 0.4266726076602936
[2023-05-02 23:57:39] Train Epoch: 7 [5600/20000 (28.0%)]	Loss: 0.407736212015152
[2023-05-02 23:57:40] Train Epoch: 7 [6400/20000 (32.0%)]	Loss: 0.29613712430000305
[2023-05-02 23:57:40] Train Epoch: 7 [7200/20000 (36.0%)]	Loss: 0.3108895421028137
[2023-05-02 23:57:40] Train Epoch: 7 [8000/20000 (40.0%)]	Loss: 0.5917541980743408
[2023-05-02 23:57:40] Train Epoch: 7 [8800/20000 (44.0%)]	Loss: 0.2168761044740677
[2023-05-02 23:57:40] Train Epoch: 7 [9600/20000 (48.0%)]	Loss: 0.5159424543380737
[2023-05-02 23:57:41] Train Epoch: 7 [10400/20000 (52.0%)]	Loss: 0.3875545859336853
[2023-05-02 23:57:41] Train Epoch: 7 [11200/20000 (56.0%)]	Loss: 0.4720251262187958
[2023-05-02 23:57:41] Train Epoch: 7 [12000/20000 (60.0%)]	Loss: 0.5770277380943298
[2023-05-02 23:57:41] Train Epoch: 7 [12800/20000 (64.0%)]	Loss: 0.5179101228713989
[2023-05-02 23:57:42] Train Epoch: 7 [13600/20000 (68.0%)]	Loss: 0.21179993450641632
[2023-05-02 23:57:42] Train Epoch: 7 [14400/20000 (72.0%)]	Loss: 0.4484880566596985
[2023-05-02 23:57:42] Train Epoch: 7 [15200/20000 (76.0%)]	Loss: 0.3916412591934204
[2023-05-02 23:57:42] Train Epoch: 7 [16000/20000 (80.0%)]	Loss: 0.3548540472984314
[2023-05-02 23:57:43] Train Epoch: 7 [16800/20000 (84.0%)]	Loss: 0.2604990005493164
[2023-05-02 23:57:43] Train Epoch: 7 [17600/20000 (88.0%)]	Loss: 0.36543601751327515
[2023-05-02 23:57:43] Train Epoch: 7 [18400/20000 (92.0%)]	Loss: 0.27514123916625977
[2023-05-02 23:57:43] Train Epoch: 7 [19200/20000 (96.0%)]	Loss: 0.2150353193283081
[2023-05-02 23:57:47] ========== Metrics ==========
[2023-05-02 23:57:47] {
  "tr_loss": 0.3759796904830864,
  "tr_acc": 0.8553855385538554,
  "tr_f1": 0.8489974937343359,
  "val_loss": 0.5109381808716189,
  "val_acc": 0.7612364540771007,
  "val_f1": 0.7636299683432993,
  "test_loss": 0.5305094835234851,
  "test_acc": 0.7425474254742548,
  "test_f1": 0.7439353099730459
}
[2023-05-02 23:57:47] ========== Metrics ==========
[2023-05-02 23:57:48] Train Epoch: 8 [0/20000 (0.0%)]	Loss: 0.5976625680923462
[2023-05-02 23:57:49] Train Epoch: 8 [800/20000 (4.0%)]	Loss: 0.2552749514579773
[2023-05-02 23:57:49] Train Epoch: 8 [1600/20000 (8.0%)]	Loss: 0.4761853814125061
[2023-05-02 23:57:49] Train Epoch: 8 [2400/20000 (12.0%)]	Loss: 0.4084617495536804
[2023-05-02 23:57:49] Train Epoch: 8 [3200/20000 (16.0%)]	Loss: 0.3390476405620575
[2023-05-02 23:57:49] Train Epoch: 8 [4000/20000 (20.0%)]	Loss: 0.4312670826911926
[2023-05-02 23:57:50] Train Epoch: 8 [4800/20000 (24.0%)]	Loss: 0.31320852041244507
[2023-05-02 23:57:50] Train Epoch: 8 [5600/20000 (28.0%)]	Loss: 0.33072495460510254
[2023-05-02 23:57:50] Train Epoch: 8 [6400/20000 (32.0%)]	Loss: 0.2834289073944092
[2023-05-02 23:57:50] Train Epoch: 8 [7200/20000 (36.0%)]	Loss: 0.4269733428955078
[2023-05-02 23:57:51] Train Epoch: 8 [8000/20000 (40.0%)]	Loss: 0.37072786688804626
[2023-05-02 23:57:51] Train Epoch: 8 [8800/20000 (44.0%)]	Loss: 0.4223417639732361
[2023-05-02 23:57:51] Train Epoch: 8 [9600/20000 (48.0%)]	Loss: 0.358691543340683
[2023-05-02 23:57:51] Train Epoch: 8 [10400/20000 (52.0%)]	Loss: 0.36949896812438965
[2023-05-02 23:57:52] Train Epoch: 8 [11200/20000 (56.0%)]	Loss: 0.3888939619064331
[2023-05-02 23:57:52] Train Epoch: 8 [12000/20000 (60.0%)]	Loss: 0.2912481129169464
[2023-05-02 23:57:52] Train Epoch: 8 [12800/20000 (64.0%)]	Loss: 0.23188434541225433
[2023-05-02 23:57:52] Train Epoch: 8 [13600/20000 (68.0%)]	Loss: 0.3465021252632141
[2023-05-02 23:57:53] Train Epoch: 8 [14400/20000 (72.0%)]	Loss: 0.264858216047287
[2023-05-02 23:57:53] Train Epoch: 8 [15200/20000 (76.0%)]	Loss: 0.4128311574459076
[2023-05-02 23:57:53] Train Epoch: 8 [16000/20000 (80.0%)]	Loss: 0.43697941303253174
[2023-05-02 23:57:53] Train Epoch: 8 [16800/20000 (84.0%)]	Loss: 0.37221577763557434
[2023-05-02 23:57:53] Train Epoch: 8 [17600/20000 (88.0%)]	Loss: 0.5901584029197693
[2023-05-02 23:57:54] Train Epoch: 8 [18400/20000 (92.0%)]	Loss: 0.2832448482513428
[2023-05-02 23:57:54] Train Epoch: 8 [19200/20000 (96.0%)]	Loss: 0.3457954227924347
[2023-05-02 23:57:58] ========== Metrics ==========
[2023-05-02 23:57:58] {
  "tr_loss": 0.36797231816091425,
  "tr_acc": 0.8562856285628563,
  "tr_f1": 0.849654739485248,
  "val_loss": 0.509280372076802,
  "val_acc": 0.76141410552496,
  "val_f1": 0.7649221074741818,
  "test_loss": 0.5403780420298175,
  "test_acc": 0.7425474254742548,
  "test_f1": 0.7439353099730459
}
[2023-05-02 23:57:58] ========== Metrics ==========
[2023-05-02 23:57:59] Train Epoch: 9 [0/20000 (0.0%)]	Loss: 0.476619154214859
[2023-05-02 23:58:00] Train Epoch: 9 [800/20000 (4.0%)]	Loss: 0.5247681736946106
[2023-05-02 23:58:00] Train Epoch: 9 [1600/20000 (8.0%)]	Loss: 0.22987699508666992
[2023-05-02 23:58:00] Train Epoch: 9 [2400/20000 (12.0%)]	Loss: 0.44953182339668274
[2023-05-02 23:58:00] Train Epoch: 9 [3200/20000 (16.0%)]	Loss: 0.32101503014564514
[2023-05-02 23:58:00] Train Epoch: 9 [4000/20000 (20.0%)]	Loss: 0.5975577235221863
[2023-05-02 23:58:01] Train Epoch: 9 [4800/20000 (24.0%)]	Loss: 0.38192933797836304
[2023-05-02 23:58:01] Train Epoch: 9 [5600/20000 (28.0%)]	Loss: 0.29494428634643555
[2023-05-02 23:58:01] Train Epoch: 9 [6400/20000 (32.0%)]	Loss: 0.7651713490486145
[2023-05-02 23:58:01] Train Epoch: 9 [7200/20000 (36.0%)]	Loss: 0.628101110458374
[2023-05-02 23:58:01] Train Epoch: 9 [8000/20000 (40.0%)]	Loss: 0.40453195571899414
[2023-05-02 23:58:02] Train Epoch: 9 [8800/20000 (44.0%)]	Loss: 0.27645090222358704
[2023-05-02 23:58:02] Train Epoch: 9 [9600/20000 (48.0%)]	Loss: 0.3461760878562927
[2023-05-02 23:58:02] Train Epoch: 9 [10400/20000 (52.0%)]	Loss: 0.3668631911277771
[2023-05-02 23:58:02] Train Epoch: 9 [11200/20000 (56.0%)]	Loss: 0.42815494537353516
[2023-05-02 23:58:02] Train Epoch: 9 [12000/20000 (60.0%)]	Loss: 0.6371870040893555
[2023-05-02 23:58:03] Train Epoch: 9 [12800/20000 (64.0%)]	Loss: 0.32748687267303467
[2023-05-02 23:58:03] Train Epoch: 9 [13600/20000 (68.0%)]	Loss: 0.3886915147304535
[2023-05-02 23:58:03] Train Epoch: 9 [14400/20000 (72.0%)]	Loss: 0.23925761878490448
[2023-05-02 23:58:03] Train Epoch: 9 [15200/20000 (76.0%)]	Loss: 0.45299243927001953
[2023-05-02 23:58:04] Train Epoch: 9 [16000/20000 (80.0%)]	Loss: 0.3739510178565979
[2023-05-02 23:58:04] Train Epoch: 9 [16800/20000 (84.0%)]	Loss: 0.23311766982078552
[2023-05-02 23:58:04] Train Epoch: 9 [17600/20000 (88.0%)]	Loss: 0.35247400403022766
[2023-05-02 23:58:04] Train Epoch: 9 [18400/20000 (92.0%)]	Loss: 0.31914499402046204
[2023-05-02 23:58:04] Train Epoch: 9 [19200/20000 (96.0%)]	Loss: 0.1554557830095291
[2023-05-02 23:58:09] ========== Metrics ==========
[2023-05-02 23:58:09] {
  "tr_loss": 0.36686764317567927,
  "tr_acc": 0.8552355235523552,
  "tr_f1": 0.848564105246639,
  "val_loss": 0.5074953356058565,
  "val_acc": 0.7615917569728193,
  "val_f1": 0.7648913805185704,
  "test_loss": 0.551572455946346,
  "test_acc": 0.7452574525745257,
  "test_f1": 0.745945945945946
}
[2023-05-02 23:58:09] ========== Metrics ==========
[2023-05-02 23:58:10] Train Epoch: 10 [0/20000 (0.0%)]	Loss: 0.25856661796569824
[2023-05-02 23:58:10] Train Epoch: 10 [800/20000 (4.0%)]	Loss: 0.38041600584983826
[2023-05-02 23:58:11] Train Epoch: 10 [1600/20000 (8.0%)]	Loss: 0.12263099104166031
[2023-05-02 23:58:11] Train Epoch: 10 [2400/20000 (12.0%)]	Loss: 0.32092294096946716
[2023-05-02 23:58:11] Train Epoch: 10 [3200/20000 (16.0%)]	Loss: 0.3931165933609009
[2023-05-02 23:58:11] Train Epoch: 10 [4000/20000 (20.0%)]	Loss: 0.48342233896255493
[2023-05-02 23:58:12] Train Epoch: 10 [4800/20000 (24.0%)]	Loss: 0.45524170994758606
[2023-05-02 23:58:12] Train Epoch: 10 [5600/20000 (28.0%)]	Loss: 0.49432435631752014
[2023-05-02 23:58:12] Train Epoch: 10 [6400/20000 (32.0%)]	Loss: 0.4388517439365387
[2023-05-02 23:58:12] Train Epoch: 10 [7200/20000 (36.0%)]	Loss: 0.39394259452819824
[2023-05-02 23:58:12] Train Epoch: 10 [8000/20000 (40.0%)]	Loss: 0.25421780347824097
[2023-05-02 23:58:13] Train Epoch: 10 [8800/20000 (44.0%)]	Loss: 0.41608259081840515
[2023-05-02 23:58:13] Train Epoch: 10 [9600/20000 (48.0%)]	Loss: 0.39382296800613403
[2023-05-02 23:58:13] Train Epoch: 10 [10400/20000 (52.0%)]	Loss: 0.41631925106048584
[2023-05-02 23:58:13] Train Epoch: 10 [11200/20000 (56.0%)]	Loss: 0.2813250422477722
[2023-05-02 23:58:13] Train Epoch: 10 [12000/20000 (60.0%)]	Loss: 0.36717694997787476
[2023-05-02 23:58:14] Train Epoch: 10 [12800/20000 (64.0%)]	Loss: 0.19781821966171265
[2023-05-02 23:58:14] Train Epoch: 10 [13600/20000 (68.0%)]	Loss: 0.4190700650215149
[2023-05-02 23:58:14] Train Epoch: 10 [14400/20000 (72.0%)]	Loss: 0.4464658796787262
[2023-05-02 23:58:14] Train Epoch: 10 [15200/20000 (76.0%)]	Loss: 0.4646332263946533
[2023-05-02 23:58:14] Train Epoch: 10 [16000/20000 (80.0%)]	Loss: 0.24262073636054993
[2023-05-02 23:58:15] Train Epoch: 10 [16800/20000 (84.0%)]	Loss: 0.2822687029838562
[2023-05-02 23:58:15] Train Epoch: 10 [17600/20000 (88.0%)]	Loss: 0.27150923013687134
[2023-05-02 23:58:15] Train Epoch: 10 [18400/20000 (92.0%)]	Loss: 0.4253806471824646
[2023-05-02 23:58:15] Train Epoch: 10 [19200/20000 (96.0%)]	Loss: 0.27122342586517334
[2023-05-02 23:58:20] ========== Metrics ==========
[2023-05-02 23:58:20] {
  "tr_loss": 0.35694738218385896,
  "tr_acc": 0.8601360136013602,
  "tr_f1": 0.8536904325992573,
  "val_loss": 0.506525747008128,
  "val_acc": 0.7601705453899449,
  "val_f1": 0.7651356993736951,
  "test_loss": 0.5192020120336435,
  "test_acc": 0.7371273712737128,
  "test_f1": 0.7399463806970509
}
[2023-05-02 23:58:20] ========== Metrics ==========
[2023-05-02 23:58:21] Train Epoch: 11 [0/20000 (0.0%)]	Loss: 0.34107905626296997
[2023-05-02 23:58:21] Train Epoch: 11 [800/20000 (4.0%)]	Loss: 0.2691121995449066
[2023-05-02 23:58:21] Train Epoch: 11 [1600/20000 (8.0%)]	Loss: 0.22918078303337097
[2023-05-02 23:58:22] Train Epoch: 11 [2400/20000 (12.0%)]	Loss: 0.49690961837768555
[2023-05-02 23:58:22] Train Epoch: 11 [3200/20000 (16.0%)]	Loss: 0.37370026111602783
[2023-05-02 23:58:22] Train Epoch: 11 [4000/20000 (20.0%)]	Loss: 0.4336952567100525
[2023-05-02 23:58:22] Train Epoch: 11 [4800/20000 (24.0%)]	Loss: 0.21371231973171234
[2023-05-02 23:58:23] Train Epoch: 11 [5600/20000 (28.0%)]	Loss: 0.21831166744232178
[2023-05-02 23:58:23] Train Epoch: 11 [6400/20000 (32.0%)]	Loss: 0.22328481078147888
[2023-05-02 23:58:23] Train Epoch: 11 [7200/20000 (36.0%)]	Loss: 0.43393567204475403
[2023-05-02 23:58:23] Train Epoch: 11 [8000/20000 (40.0%)]	Loss: 0.30762147903442383
[2023-05-02 23:58:23] Train Epoch: 11 [8800/20000 (44.0%)]	Loss: 0.438174843788147
[2023-05-02 23:58:24] Train Epoch: 11 [9600/20000 (48.0%)]	Loss: 0.28858569264411926
[2023-05-02 23:58:24] Train Epoch: 11 [10400/20000 (52.0%)]	Loss: 0.2776701748371124
[2023-05-02 23:58:24] Train Epoch: 11 [11200/20000 (56.0%)]	Loss: 0.2252962589263916
[2023-05-02 23:58:24] Train Epoch: 11 [12000/20000 (60.0%)]	Loss: 0.2187390774488449
[2023-05-02 23:58:24] Train Epoch: 11 [12800/20000 (64.0%)]	Loss: 0.24664318561553955
[2023-05-02 23:58:25] Train Epoch: 11 [13600/20000 (68.0%)]	Loss: 0.31003305315971375
[2023-05-02 23:58:25] Train Epoch: 11 [14400/20000 (72.0%)]	Loss: 0.3232366442680359
[2023-05-02 23:58:25] Train Epoch: 11 [15200/20000 (76.0%)]	Loss: 0.21804279088974
[2023-05-02 23:58:25] Train Epoch: 11 [16000/20000 (80.0%)]	Loss: 0.6923434734344482
[2023-05-02 23:58:26] Train Epoch: 11 [16800/20000 (84.0%)]	Loss: 0.18279097974300385
[2023-05-02 23:58:26] Train Epoch: 11 [17600/20000 (88.0%)]	Loss: 0.5534611940383911
[2023-05-02 23:58:26] Train Epoch: 11 [18400/20000 (92.0%)]	Loss: 0.2574729919433594
[2023-05-02 23:58:26] Train Epoch: 11 [19200/20000 (96.0%)]	Loss: 0.2999129295349121
[2023-05-02 23:58:31] ========== Metrics ==========
[2023-05-02 23:58:31] {
  "tr_loss": 0.3544400379483444,
  "tr_acc": 0.8625862586258626,
  "tr_f1": 0.856306212089521,
  "val_loss": 0.5064270478579138,
  "val_acc": 0.7608811511813821,
  "val_f1": 0.7658315935977732,
  "test_loss": 0.5278374069751439,
  "test_acc": 0.7425474254742548,
  "test_f1": 0.7453083109919569
}
[2023-05-02 23:58:31] ========== Metrics ==========
[2023-05-02 23:58:32] Train Epoch: 12 [0/20000 (0.0%)]	Loss: 0.19235485792160034
[2023-05-02 23:58:32] Train Epoch: 12 [800/20000 (4.0%)]	Loss: 0.340689480304718
[2023-05-02 23:58:32] Train Epoch: 12 [1600/20000 (8.0%)]	Loss: 0.2510848939418793
[2023-05-02 23:58:33] Train Epoch: 12 [2400/20000 (12.0%)]	Loss: 0.23807786405086517
[2023-05-02 23:58:33] Train Epoch: 12 [3200/20000 (16.0%)]	Loss: 0.294605016708374
[2023-05-02 23:58:33] Train Epoch: 12 [4000/20000 (20.0%)]	Loss: 0.4326280355453491
[2023-05-02 23:58:33] Train Epoch: 12 [4800/20000 (24.0%)]	Loss: 0.341034859418869
[2023-05-02 23:58:33] Train Epoch: 12 [5600/20000 (28.0%)]	Loss: 0.4916994571685791
[2023-05-02 23:58:34] Train Epoch: 12 [6400/20000 (32.0%)]	Loss: 0.35709643363952637
[2023-05-02 23:58:34] Train Epoch: 12 [7200/20000 (36.0%)]	Loss: 0.3323422968387604
[2023-05-02 23:58:34] Train Epoch: 12 [8000/20000 (40.0%)]	Loss: 0.438276469707489
[2023-05-02 23:58:34] Train Epoch: 12 [8800/20000 (44.0%)]	Loss: 0.3294246792793274
[2023-05-02 23:58:35] Train Epoch: 12 [9600/20000 (48.0%)]	Loss: 0.7315691709518433
[2023-05-02 23:58:35] Train Epoch: 12 [10400/20000 (52.0%)]	Loss: 0.34869053959846497
[2023-05-02 23:58:35] Train Epoch: 12 [11200/20000 (56.0%)]	Loss: 0.33360105752944946
[2023-05-02 23:58:35] Train Epoch: 12 [12000/20000 (60.0%)]	Loss: 0.4140067994594574
[2023-05-02 23:58:35] Train Epoch: 12 [12800/20000 (64.0%)]	Loss: 0.3764912486076355
[2023-05-02 23:58:36] Train Epoch: 12 [13600/20000 (68.0%)]	Loss: 0.48824426531791687
[2023-05-02 23:58:36] Train Epoch: 12 [14400/20000 (72.0%)]	Loss: 0.4377606213092804
[2023-05-02 23:58:36] Train Epoch: 12 [15200/20000 (76.0%)]	Loss: 0.5048964023590088
[2023-05-02 23:58:36] Train Epoch: 12 [16000/20000 (80.0%)]	Loss: 0.5982559323310852
[2023-05-02 23:58:37] Train Epoch: 12 [16800/20000 (84.0%)]	Loss: 0.5603322386741638
[2023-05-02 23:58:37] Train Epoch: 12 [17600/20000 (88.0%)]	Loss: 0.4842333197593689
[2023-05-02 23:58:37] Train Epoch: 12 [18400/20000 (92.0%)]	Loss: 0.35688525438308716
[2023-05-02 23:58:37] Train Epoch: 12 [19200/20000 (96.0%)]	Loss: 0.4989827573299408
[2023-05-02 23:58:41] ========== Metrics ==========
[2023-05-02 23:58:41] {
  "tr_loss": 0.3533086550093875,
  "tr_acc": 0.8619361936193619,
  "tr_f1": 0.8558600887496737,
  "val_loss": 0.5063797372508629,
  "val_acc": 0.7615917569728193,
  "val_f1": 0.7668519805420432,
  "test_loss": 0.5294381092557416,
  "test_acc": 0.7398373983739838,
  "test_f1": 0.7433155080213903
}
[2023-05-02 23:58:41] ========== Metrics ==========
[2023-05-02 23:58:42] Train Epoch: 13 [0/20000 (0.0%)]	Loss: 0.46475741267204285
[2023-05-02 23:58:43] Train Epoch: 13 [800/20000 (4.0%)]	Loss: 0.47161582112312317
[2023-05-02 23:58:43] Train Epoch: 13 [1600/20000 (8.0%)]	Loss: 0.43270260095596313
[2023-05-02 23:58:43] Train Epoch: 13 [2400/20000 (12.0%)]	Loss: 0.4098852574825287
[2023-05-02 23:58:43] Train Epoch: 13 [3200/20000 (16.0%)]	Loss: 0.2663821578025818
[2023-05-02 23:58:44] Train Epoch: 13 [4000/20000 (20.0%)]	Loss: 0.42262256145477295
[2023-05-02 23:58:44] Train Epoch: 13 [4800/20000 (24.0%)]	Loss: 0.17710207402706146
[2023-05-02 23:58:44] Train Epoch: 13 [5600/20000 (28.0%)]	Loss: 0.40008917450904846
[2023-05-02 23:58:44] Train Epoch: 13 [6400/20000 (32.0%)]	Loss: 0.24134549498558044
[2023-05-02 23:58:44] Train Epoch: 13 [7200/20000 (36.0%)]	Loss: 0.36232173442840576
[2023-05-02 23:58:45] Train Epoch: 13 [8000/20000 (40.0%)]	Loss: 0.19985096156597137
[2023-05-02 23:58:45] Train Epoch: 13 [8800/20000 (44.0%)]	Loss: 0.47943052649497986
[2023-05-02 23:58:45] Train Epoch: 13 [9600/20000 (48.0%)]	Loss: 0.3443305492401123
[2023-05-02 23:58:45] Train Epoch: 13 [10400/20000 (52.0%)]	Loss: 0.2621370553970337
[2023-05-02 23:58:45] Train Epoch: 13 [11200/20000 (56.0%)]	Loss: 0.29162365198135376
[2023-05-02 23:58:46] Train Epoch: 13 [12000/20000 (60.0%)]	Loss: 0.2754068076610565
[2023-05-02 23:58:46] Train Epoch: 13 [12800/20000 (64.0%)]	Loss: 0.4275439381599426
[2023-05-02 23:58:46] Train Epoch: 13 [13600/20000 (68.0%)]	Loss: 0.5502470135688782
[2023-05-02 23:58:46] Train Epoch: 13 [14400/20000 (72.0%)]	Loss: 0.25088465213775635
[2023-05-02 23:58:47] Train Epoch: 13 [15200/20000 (76.0%)]	Loss: 0.7399619817733765
[2023-05-02 23:58:47] Train Epoch: 13 [16000/20000 (80.0%)]	Loss: 0.17881964147090912
[2023-05-02 23:58:47] Train Epoch: 13 [16800/20000 (84.0%)]	Loss: 0.31678029894828796
[2023-05-02 23:58:47] Train Epoch: 13 [17600/20000 (88.0%)]	Loss: 0.22969505190849304
[2023-05-02 23:58:47] Train Epoch: 13 [18400/20000 (92.0%)]	Loss: 0.29926493763923645
[2023-05-02 23:58:48] Train Epoch: 13 [19200/20000 (96.0%)]	Loss: 0.22590117156505585
[2023-05-02 23:58:52] ========== Metrics ==========
[2023-05-02 23:58:52] {
  "tr_loss": 0.34835730910790014,
  "tr_acc": 0.8647864786478647,
  "tr_f1": 0.8587547012118679,
  "val_loss": 0.5063246048286724,
  "val_acc": 0.7610588026292414,
  "val_f1": 0.7663713739795032,
  "test_loss": 0.5224368191023829,
  "test_acc": 0.7398373983739838,
  "test_f1": 0.7433155080213903
}
[2023-05-02 23:58:52] ========== Metrics ==========
[2023-05-02 23:58:53] Train Epoch: 14 [0/20000 (0.0%)]	Loss: 0.4954587519168854
[2023-05-02 23:58:53] Train Epoch: 14 [800/20000 (4.0%)]	Loss: 0.42927461862564087
[2023-05-02 23:58:53] Train Epoch: 14 [1600/20000 (8.0%)]	Loss: 0.22527527809143066
[2023-05-02 23:58:54] Train Epoch: 14 [2400/20000 (12.0%)]	Loss: 0.4454136788845062
[2023-05-02 23:58:54] Train Epoch: 14 [3200/20000 (16.0%)]	Loss: 0.5638496279716492
[2023-05-02 23:58:54] Train Epoch: 14 [4000/20000 (20.0%)]	Loss: 0.2822023928165436
[2023-05-02 23:58:54] Train Epoch: 14 [4800/20000 (24.0%)]	Loss: 0.24148425459861755
[2023-05-02 23:58:54] Train Epoch: 14 [5600/20000 (28.0%)]	Loss: 0.3572600781917572
[2023-05-02 23:58:55] Train Epoch: 14 [6400/20000 (32.0%)]	Loss: 0.33438578248023987
[2023-05-02 23:58:55] Train Epoch: 14 [7200/20000 (36.0%)]	Loss: 0.23210477828979492
[2023-05-02 23:58:55] Train Epoch: 14 [8000/20000 (40.0%)]	Loss: 0.23637305200099945
[2023-05-02 23:58:55] Train Epoch: 14 [8800/20000 (44.0%)]	Loss: 0.2018323689699173
[2023-05-02 23:58:55] Train Epoch: 14 [9600/20000 (48.0%)]	Loss: 0.4467856287956238
[2023-05-02 23:58:56] Train Epoch: 14 [10400/20000 (52.0%)]	Loss: 0.294704407453537
[2023-05-02 23:58:56] Train Epoch: 14 [11200/20000 (56.0%)]	Loss: 0.31033235788345337
[2023-05-02 23:58:56] Train Epoch: 14 [12000/20000 (60.0%)]	Loss: 0.31902551651000977
[2023-05-02 23:58:56] Train Epoch: 14 [12800/20000 (64.0%)]	Loss: 0.2562626898288727
[2023-05-02 23:58:56] Train Epoch: 14 [13600/20000 (68.0%)]	Loss: 0.35642576217651367
[2023-05-02 23:58:57] Train Epoch: 14 [14400/20000 (72.0%)]	Loss: 0.352033793926239
[2023-05-02 23:58:57] Train Epoch: 14 [15200/20000 (76.0%)]	Loss: 0.3668743073940277
[2023-05-02 23:58:57] Train Epoch: 14 [16000/20000 (80.0%)]	Loss: 0.27091431617736816
[2023-05-02 23:58:57] Train Epoch: 14 [16800/20000 (84.0%)]	Loss: 0.3184332847595215
[2023-05-02 23:58:57] Train Epoch: 14 [17600/20000 (88.0%)]	Loss: 0.2977904975414276
[2023-05-02 23:58:58] Train Epoch: 14 [18400/20000 (92.0%)]	Loss: 0.19970984756946564
[2023-05-02 23:58:58] Train Epoch: 14 [19200/20000 (96.0%)]	Loss: 0.5270274877548218
[2023-05-02 23:59:02] ========== Metrics ==========
[2023-05-02 23:59:02] {
  "tr_loss": 0.34449154263151227,
  "tr_acc": 0.8697369736973697,
  "tr_f1": 0.8639473546769729,
  "val_loss": 0.5061869379003935,
  "val_acc": 0.7612364540771007,
  "val_f1": 0.7666666666666667,
  "test_loss": 0.5197910164106829,
  "test_acc": 0.7398373983739838,
  "test_f1": 0.7433155080213903
}
[2023-05-02 23:59:02] ========== Metrics ==========
[2023-05-02 23:59:03] Train Epoch: 15 [0/20000 (0.0%)]	Loss: 0.408285915851593
[2023-05-02 23:59:03] Train Epoch: 15 [800/20000 (4.0%)]	Loss: 0.538830578327179
[2023-05-02 23:59:04] Train Epoch: 15 [1600/20000 (8.0%)]	Loss: 0.32393431663513184
[2023-05-02 23:59:04] Train Epoch: 15 [2400/20000 (12.0%)]	Loss: 0.591680645942688
[2023-05-02 23:59:04] Train Epoch: 15 [3200/20000 (16.0%)]	Loss: 0.1811487376689911
[2023-05-02 23:59:04] Train Epoch: 15 [4000/20000 (20.0%)]	Loss: 0.4855860471725464
[2023-05-02 23:59:04] Train Epoch: 15 [4800/20000 (24.0%)]	Loss: 0.21054598689079285
[2023-05-02 23:59:05] Train Epoch: 15 [5600/20000 (28.0%)]	Loss: 0.3354223072528839
[2023-05-02 23:59:05] Train Epoch: 15 [6400/20000 (32.0%)]	Loss: 0.1800316721200943
[2023-05-02 23:59:05] Train Epoch: 15 [7200/20000 (36.0%)]	Loss: 0.4376385807991028
[2023-05-02 23:59:05] Train Epoch: 15 [8000/20000 (40.0%)]	Loss: 0.4224354922771454
[2023-05-02 23:59:05] Train Epoch: 15 [8800/20000 (44.0%)]	Loss: 0.2663637101650238
[2023-05-02 23:59:06] Train Epoch: 15 [9600/20000 (48.0%)]	Loss: 0.16244429349899292
[2023-05-02 23:59:06] Train Epoch: 15 [10400/20000 (52.0%)]	Loss: 0.29717013239860535
[2023-05-02 23:59:06] Train Epoch: 15 [11200/20000 (56.0%)]	Loss: 0.563818097114563
[2023-05-02 23:59:06] Train Epoch: 15 [12000/20000 (60.0%)]	Loss: 0.30379167199134827
[2023-05-02 23:59:06] Train Epoch: 15 [12800/20000 (64.0%)]	Loss: 0.5101085901260376
[2023-05-02 23:59:07] Train Epoch: 15 [13600/20000 (68.0%)]	Loss: 0.18038858473300934
[2023-05-02 23:59:07] Train Epoch: 15 [14400/20000 (72.0%)]	Loss: 0.320526659488678
[2023-05-02 23:59:07] Train Epoch: 15 [15200/20000 (76.0%)]	Loss: 0.23089224100112915
[2023-05-02 23:59:07] Train Epoch: 15 [16000/20000 (80.0%)]	Loss: 0.5663744807243347
[2023-05-02 23:59:07] Train Epoch: 15 [16800/20000 (84.0%)]	Loss: 0.17974478006362915
[2023-05-02 23:59:08] Train Epoch: 15 [17600/20000 (88.0%)]	Loss: 0.20607054233551025
[2023-05-02 23:59:08] Train Epoch: 15 [18400/20000 (92.0%)]	Loss: 0.43622270226478577
[2023-05-02 23:59:08] Train Epoch: 15 [19200/20000 (96.0%)]	Loss: 0.18783286213874817
[2023-05-02 23:59:11] Stop At epoch 15/20 due to valid not increase
[2023-05-02 23:59:12] ========== Metrics ==========
[2023-05-02 23:59:12] {
  "tr_loss": 0.34745930352679777,
  "tr_acc": 0.8674867486748675,
  "tr_f1": 0.8616332497911445,
  "val_loss": 0.5059864533309679,
  "val_acc": 0.7608811511813821,
  "val_f1": 0.7665626083940341,
  "test_loss": 0.5491711776754075,
  "test_acc": 0.7398373983739838,
  "test_f1": 0.7433155080213903
}
[2023-05-02 23:59:12] ========== Metrics ==========
