[2023-05-03 19:44:30] Train Epoch: 1 [0/20000 (0.0%)]	Loss: 0.6934819221496582
[2023-05-03 19:44:30] Train Epoch: 1 [800/20000 (4.0%)]	Loss: 0.6455110311508179
[2023-05-03 19:44:31] Train Epoch: 1 [1600/20000 (8.0%)]	Loss: 0.6910351514816284
[2023-05-03 19:44:31] Train Epoch: 1 [2400/20000 (12.0%)]	Loss: 0.6939342021942139
[2023-05-03 19:44:31] Train Epoch: 1 [3200/20000 (16.0%)]	Loss: 0.6737368106842041
[2023-05-03 19:44:32] Train Epoch: 1 [4000/20000 (20.0%)]	Loss: 0.6761482357978821
[2023-05-03 19:44:32] Train Epoch: 1 [4800/20000 (24.0%)]	Loss: 0.6593928337097168
[2023-05-03 19:44:32] Train Epoch: 1 [5600/20000 (28.0%)]	Loss: 0.6669227480888367
[2023-05-03 19:44:33] Train Epoch: 1 [6400/20000 (32.0%)]	Loss: 0.6808852553367615
[2023-05-03 19:44:33] Train Epoch: 1 [7200/20000 (36.0%)]	Loss: 0.6463823914527893
[2023-05-03 19:44:33] Train Epoch: 1 [8000/20000 (40.0%)]	Loss: 0.6260826587677002
[2023-05-03 19:44:34] Train Epoch: 1 [8800/20000 (44.0%)]	Loss: 0.6657288074493408
[2023-05-03 19:44:34] Train Epoch: 1 [9600/20000 (48.0%)]	Loss: 0.6784659028053284
[2023-05-03 19:44:34] Train Epoch: 1 [10400/20000 (52.0%)]	Loss: 0.6257112622261047
[2023-05-03 19:44:35] Train Epoch: 1 [11200/20000 (56.0%)]	Loss: 0.6543072462081909
[2023-05-03 19:44:35] Train Epoch: 1 [12000/20000 (60.0%)]	Loss: 0.6864412426948547
[2023-05-03 19:44:35] Train Epoch: 1 [12800/20000 (64.0%)]	Loss: 0.5827426314353943
[2023-05-03 19:44:36] Train Epoch: 1 [13600/20000 (68.0%)]	Loss: 0.6840123534202576
[2023-05-03 19:44:36] Train Epoch: 1 [14400/20000 (72.0%)]	Loss: 0.7065914869308472
[2023-05-03 19:44:36] Train Epoch: 1 [15200/20000 (76.0%)]	Loss: 0.6385953426361084
[2023-05-03 19:44:37] Train Epoch: 1 [16000/20000 (80.0%)]	Loss: 0.6284011006355286
[2023-05-03 19:44:37] Train Epoch: 1 [16800/20000 (84.0%)]	Loss: 0.5620156526565552
[2023-05-03 19:44:37] Train Epoch: 1 [17600/20000 (88.0%)]	Loss: 0.614386260509491
[2023-05-03 19:44:38] Train Epoch: 1 [18400/20000 (92.0%)]	Loss: 0.6169834136962891
[2023-05-03 19:44:38] Train Epoch: 1 [19200/20000 (96.0%)]	Loss: 0.6143832802772522
[2023-05-03 19:44:42] ========== Metrics ==========
[2023-05-03 19:44:42] {
  "tr_loss": 0.657017791947194,
  "tr_acc": 0.6076607660766077,
  "tr_f1": 0.6164450527962457,
  "val_loss": 0.5901434824339216,
  "val_acc": 0.7582163794634926,
  "val_f1": 0.767866280061402,
  "test_loss": 0.6150226101965762,
  "test_acc": 0.7588075880758808,
  "test_f1": 0.7588075880758808
}
[2023-05-03 19:44:42] ========== Metrics ==========
[2023-05-03 19:44:43] Train Epoch: 2 [0/20000 (0.0%)]	Loss: 0.4441508948802948
[2023-05-03 19:44:43] Train Epoch: 2 [800/20000 (4.0%)]	Loss: 0.5408480167388916
[2023-05-03 19:44:44] Train Epoch: 2 [1600/20000 (8.0%)]	Loss: 0.5471644997596741
[2023-05-03 19:44:44] Train Epoch: 2 [2400/20000 (12.0%)]	Loss: 0.6796731352806091
[2023-05-03 19:44:44] Train Epoch: 2 [3200/20000 (16.0%)]	Loss: 0.5512610673904419
[2023-05-03 19:44:45] Train Epoch: 2 [4000/20000 (20.0%)]	Loss: 0.6079863905906677
[2023-05-03 19:44:45] Train Epoch: 2 [4800/20000 (24.0%)]	Loss: 0.6137282848358154
[2023-05-03 19:44:45] Train Epoch: 2 [5600/20000 (28.0%)]	Loss: 0.5754755735397339
[2023-05-03 19:44:46] Train Epoch: 2 [6400/20000 (32.0%)]	Loss: 0.5513982772827148
[2023-05-03 19:44:46] Train Epoch: 2 [7200/20000 (36.0%)]	Loss: 0.5554541945457458
[2023-05-03 19:44:47] Train Epoch: 2 [8000/20000 (40.0%)]	Loss: 0.46386483311653137
[2023-05-03 19:44:47] Train Epoch: 2 [8800/20000 (44.0%)]	Loss: 0.38735663890838623
[2023-05-03 19:44:47] Train Epoch: 2 [9600/20000 (48.0%)]	Loss: 0.41310301423072815
[2023-05-03 19:44:48] Train Epoch: 2 [10400/20000 (52.0%)]	Loss: 0.371307373046875
[2023-05-03 19:44:48] Train Epoch: 2 [11200/20000 (56.0%)]	Loss: 0.564384400844574
[2023-05-03 19:44:48] Train Epoch: 2 [12000/20000 (60.0%)]	Loss: 0.2773514986038208
[2023-05-03 19:44:48] Train Epoch: 2 [12800/20000 (64.0%)]	Loss: 0.5805793404579163
[2023-05-03 19:44:49] Train Epoch: 2 [13600/20000 (68.0%)]	Loss: 0.5433552265167236
[2023-05-03 19:44:49] Train Epoch: 2 [14400/20000 (72.0%)]	Loss: 0.5918510556221008
[2023-05-03 19:44:49] Train Epoch: 2 [15200/20000 (76.0%)]	Loss: 0.4467664062976837
[2023-05-03 19:44:50] Train Epoch: 2 [16000/20000 (80.0%)]	Loss: 0.5346474647521973
[2023-05-03 19:44:50] Train Epoch: 2 [16800/20000 (84.0%)]	Loss: 0.5840631723403931
[2023-05-03 19:44:50] Train Epoch: 2 [17600/20000 (88.0%)]	Loss: 0.5151476263999939
[2023-05-03 19:44:51] Train Epoch: 2 [18400/20000 (92.0%)]	Loss: 0.435014009475708
[2023-05-03 19:44:51] Train Epoch: 2 [19200/20000 (96.0%)]	Loss: 0.3445459008216858
[2023-05-03 19:44:55] ========== Metrics ==========
[2023-05-03 19:44:55] {
  "tr_loss": 0.5096697882659817,
  "tr_acc": 0.7642764276427643,
  "tr_f1": 0.762423142828344,
  "val_loss": 0.4785491712861257,
  "val_acc": 0.7903712915260259,
  "val_f1": 0.7943534332520041,
  "test_loss": 0.4739853185689869,
  "test_acc": 0.7994579945799458,
  "test_f1": 0.7989130434782609
}
[2023-05-03 19:44:55] ========== Metrics ==========
[2023-05-03 19:44:56] Train Epoch: 3 [0/20000 (0.0%)]	Loss: 0.3147568702697754
[2023-05-03 19:44:57] Train Epoch: 3 [800/20000 (4.0%)]	Loss: 0.4575488269329071
[2023-05-03 19:44:57] Train Epoch: 3 [1600/20000 (8.0%)]	Loss: 0.3365110158920288
[2023-05-03 19:44:57] Train Epoch: 3 [2400/20000 (12.0%)]	Loss: 0.5580124258995056
[2023-05-03 19:44:58] Train Epoch: 3 [3200/20000 (16.0%)]	Loss: 0.49650368094444275
[2023-05-03 19:44:58] Train Epoch: 3 [4000/20000 (20.0%)]	Loss: 0.3215480148792267
[2023-05-03 19:44:58] Train Epoch: 3 [4800/20000 (24.0%)]	Loss: 0.3687005043029785
[2023-05-03 19:44:59] Train Epoch: 3 [5600/20000 (28.0%)]	Loss: 0.43777206540107727
[2023-05-03 19:44:59] Train Epoch: 3 [6400/20000 (32.0%)]	Loss: 0.48908764123916626
[2023-05-03 19:44:59] Train Epoch: 3 [7200/20000 (36.0%)]	Loss: 0.27739134430885315
[2023-05-03 19:45:00] Train Epoch: 3 [8000/20000 (40.0%)]	Loss: 0.33360952138900757
[2023-05-03 19:45:00] Train Epoch: 3 [8800/20000 (44.0%)]	Loss: 0.4626550078392029
[2023-05-03 19:45:00] Train Epoch: 3 [9600/20000 (48.0%)]	Loss: 0.264778733253479
[2023-05-03 19:45:01] Train Epoch: 3 [10400/20000 (52.0%)]	Loss: 0.26502299308776855
[2023-05-03 19:45:01] Train Epoch: 3 [11200/20000 (56.0%)]	Loss: 0.28691354393959045
[2023-05-03 19:45:01] Train Epoch: 3 [12000/20000 (60.0%)]	Loss: 0.5034326314926147
[2023-05-03 19:45:02] Train Epoch: 3 [12800/20000 (64.0%)]	Loss: 0.37874215841293335
[2023-05-03 19:45:02] Train Epoch: 3 [13600/20000 (68.0%)]	Loss: 0.3204469680786133
[2023-05-03 19:45:02] Train Epoch: 3 [14400/20000 (72.0%)]	Loss: 0.24437052011489868
[2023-05-03 19:45:03] Train Epoch: 3 [15200/20000 (76.0%)]	Loss: 0.47403064370155334
[2023-05-03 19:45:03] Train Epoch: 3 [16000/20000 (80.0%)]	Loss: 0.20776303112506866
[2023-05-03 19:45:03] Train Epoch: 3 [16800/20000 (84.0%)]	Loss: 0.27285173535346985
[2023-05-03 19:45:04] Train Epoch: 3 [17600/20000 (88.0%)]	Loss: 0.5372593998908997
[2023-05-03 19:45:04] Train Epoch: 3 [18400/20000 (92.0%)]	Loss: 0.4198254644870758
[2023-05-03 19:45:05] Train Epoch: 3 [19200/20000 (96.0%)]	Loss: 0.17939086258411407
[2023-05-03 19:45:09] ========== Metrics ==========
[2023-05-03 19:45:09] {
  "tr_loss": 0.36762997677641185,
  "tr_acc": 0.8451845184518452,
  "tr_f1": 0.8445002511300854,
  "val_loss": 0.43150159812435246,
  "val_acc": 0.8068928761769408,
  "val_f1": 0.8010978956999085,
  "test_loss": 0.4288894891092771,
  "test_acc": 0.8048780487804879,
  "test_f1": 0.7954545454545454
}
[2023-05-03 19:45:09] ========== Metrics ==========
[2023-05-03 19:45:10] Train Epoch: 4 [0/20000 (0.0%)]	Loss: 0.272380530834198
[2023-05-03 19:45:10] Train Epoch: 4 [800/20000 (4.0%)]	Loss: 0.20254665613174438
[2023-05-03 19:45:10] Train Epoch: 4 [1600/20000 (8.0%)]	Loss: 0.3147026598453522
[2023-05-03 19:45:11] Train Epoch: 4 [2400/20000 (12.0%)]	Loss: 0.23002710938453674
[2023-05-03 19:45:11] Train Epoch: 4 [3200/20000 (16.0%)]	Loss: 0.1857500523328781
[2023-05-03 19:45:12] Train Epoch: 4 [4000/20000 (20.0%)]	Loss: 0.30281907320022583
[2023-05-03 19:45:12] Train Epoch: 4 [4800/20000 (24.0%)]	Loss: 0.2903779149055481
[2023-05-03 19:45:12] Train Epoch: 4 [5600/20000 (28.0%)]	Loss: 0.4258555769920349
[2023-05-03 19:45:13] Train Epoch: 4 [6400/20000 (32.0%)]	Loss: 0.1438114196062088
[2023-05-03 19:45:13] Train Epoch: 4 [7200/20000 (36.0%)]	Loss: 0.31502535939216614
[2023-05-03 19:45:13] Train Epoch: 4 [8000/20000 (40.0%)]	Loss: 0.2577388286590576
[2023-05-03 19:45:14] Train Epoch: 4 [8800/20000 (44.0%)]	Loss: 0.3132770359516144
[2023-05-03 19:45:14] Train Epoch: 4 [9600/20000 (48.0%)]	Loss: 0.24724537134170532
[2023-05-03 19:45:14] Train Epoch: 4 [10400/20000 (52.0%)]	Loss: 0.16950871050357819
[2023-05-03 19:45:15] Train Epoch: 4 [11200/20000 (56.0%)]	Loss: 0.2296222448348999
[2023-05-03 19:45:15] Train Epoch: 4 [12000/20000 (60.0%)]	Loss: 0.22402159869670868
[2023-05-03 19:45:15] Train Epoch: 4 [12800/20000 (64.0%)]	Loss: 0.18098309636116028
[2023-05-03 19:45:16] Train Epoch: 4 [13600/20000 (68.0%)]	Loss: 0.15663214027881622
[2023-05-03 19:45:16] Train Epoch: 4 [14400/20000 (72.0%)]	Loss: 0.2945101857185364
[2023-05-03 19:45:16] Train Epoch: 4 [15200/20000 (76.0%)]	Loss: 0.2190895974636078
[2023-05-03 19:45:17] Train Epoch: 4 [16000/20000 (80.0%)]	Loss: 0.27235645055770874
[2023-05-03 19:45:17] Train Epoch: 4 [16800/20000 (84.0%)]	Loss: 0.16552215814590454
[2023-05-03 19:45:17] Train Epoch: 4 [17600/20000 (88.0%)]	Loss: 0.31084293127059937
[2023-05-03 19:45:18] Train Epoch: 4 [18400/20000 (92.0%)]	Loss: 0.19206087291240692
[2023-05-03 19:45:18] Train Epoch: 4 [19200/20000 (96.0%)]	Loss: 0.20213401317596436
[2023-05-03 19:45:22] ========== Metrics ==========
[2023-05-03 19:45:22] {
  "tr_loss": 0.2674915518286419,
  "tr_acc": 0.896989698969897,
  "tr_f1": 0.8967935871743488,
  "val_loss": 0.4191538844529594,
  "val_acc": 0.8088470421033931,
  "val_f1": 0.8160054719562242,
  "test_loss": 0.4266543323754618,
  "test_acc": 0.8075880758807588,
  "test_f1": 0.8116710875331565
}
[2023-05-03 19:45:22] ========== Metrics ==========
[2023-05-03 19:45:23] Train Epoch: 5 [0/20000 (0.0%)]	Loss: 0.18949106335639954
[2023-05-03 19:45:24] Train Epoch: 5 [800/20000 (4.0%)]	Loss: 0.14339810609817505
[2023-05-03 19:45:24] Train Epoch: 5 [1600/20000 (8.0%)]	Loss: 0.14550291001796722
[2023-05-03 19:45:24] Train Epoch: 5 [2400/20000 (12.0%)]	Loss: 0.24701665341854095
[2023-05-03 19:45:24] Train Epoch: 5 [3200/20000 (16.0%)]	Loss: 0.25583356618881226
[2023-05-03 19:45:25] Train Epoch: 5 [4000/20000 (20.0%)]	Loss: 0.0840354785323143
[2023-05-03 19:45:25] Train Epoch: 5 [4800/20000 (24.0%)]	Loss: 0.2297266125679016
[2023-05-03 19:45:26] Train Epoch: 5 [5600/20000 (28.0%)]	Loss: 0.16380015015602112
[2023-05-03 19:45:26] Train Epoch: 5 [6400/20000 (32.0%)]	Loss: 0.38351890444755554
[2023-05-03 19:45:26] Train Epoch: 5 [7200/20000 (36.0%)]	Loss: 0.12973478436470032
[2023-05-03 19:45:27] Train Epoch: 5 [8000/20000 (40.0%)]	Loss: 0.12302542477846146
[2023-05-03 19:45:27] Train Epoch: 5 [8800/20000 (44.0%)]	Loss: 0.11301585286855698
[2023-05-03 19:45:27] Train Epoch: 5 [9600/20000 (48.0%)]	Loss: 0.16836272180080414
[2023-05-03 19:45:28] Train Epoch: 5 [10400/20000 (52.0%)]	Loss: 0.044441886246204376
[2023-05-03 19:45:28] Train Epoch: 5 [11200/20000 (56.0%)]	Loss: 0.2264447659254074
[2023-05-03 19:45:28] Train Epoch: 5 [12000/20000 (60.0%)]	Loss: 0.20214717090129852
[2023-05-03 19:45:29] Train Epoch: 5 [12800/20000 (64.0%)]	Loss: 0.30315345525741577
[2023-05-03 19:45:29] Train Epoch: 5 [13600/20000 (68.0%)]	Loss: 0.3122412860393524
[2023-05-03 19:45:29] Train Epoch: 5 [14400/20000 (72.0%)]	Loss: 0.15496228635311127
[2023-05-03 19:45:30] Train Epoch: 5 [15200/20000 (76.0%)]	Loss: 0.10511808097362518
[2023-05-03 19:45:30] Train Epoch: 5 [16000/20000 (80.0%)]	Loss: 0.30621567368507385
[2023-05-03 19:45:30] Train Epoch: 5 [16800/20000 (84.0%)]	Loss: 0.16093434393405914
[2023-05-03 19:45:31] Train Epoch: 5 [17600/20000 (88.0%)]	Loss: 0.07607309520244598
[2023-05-03 19:45:31] Train Epoch: 5 [18400/20000 (92.0%)]	Loss: 0.2908971905708313
[2023-05-03 19:45:31] Train Epoch: 5 [19200/20000 (96.0%)]	Loss: 0.18348856270313263
[2023-05-03 19:45:35] ========== Metrics ==========
[2023-05-03 19:45:35] {
  "tr_loss": 0.19569330766285906,
  "tr_acc": 0.9280928092809281,
  "tr_f1": 0.9281574740207834,
  "val_loss": 0.40948402447479404,
  "val_acc": 0.812933025404157,
  "val_f1": 0.8174726989079564,
  "test_loss": 0.376286443656053,
  "test_acc": 0.8130081300813008,
  "test_f1": 0.8150134048257373
}
[2023-05-03 19:45:35] ========== Metrics ==========
[2023-05-03 19:45:36] Train Epoch: 6 [0/20000 (0.0%)]	Loss: 0.08233258873224258
[2023-05-03 19:45:37] Train Epoch: 6 [800/20000 (4.0%)]	Loss: 0.08971847593784332
[2023-05-03 19:45:37] Train Epoch: 6 [1600/20000 (8.0%)]	Loss: 0.07997508347034454
[2023-05-03 19:45:37] Train Epoch: 6 [2400/20000 (12.0%)]	Loss: 0.10670270770788193
[2023-05-03 19:45:38] Train Epoch: 6 [3200/20000 (16.0%)]	Loss: 0.20744362473487854
[2023-05-03 19:45:38] Train Epoch: 6 [4000/20000 (20.0%)]	Loss: 0.26601600646972656
[2023-05-03 19:45:38] Train Epoch: 6 [4800/20000 (24.0%)]	Loss: 0.1543494164943695
[2023-05-03 19:45:39] Train Epoch: 6 [5600/20000 (28.0%)]	Loss: 0.1209685429930687
[2023-05-03 19:45:39] Train Epoch: 6 [6400/20000 (32.0%)]	Loss: 0.17605777084827423
[2023-05-03 19:45:39] Train Epoch: 6 [7200/20000 (36.0%)]	Loss: 0.1991892009973526
[2023-05-03 19:45:40] Train Epoch: 6 [8000/20000 (40.0%)]	Loss: 0.1606769561767578
[2023-05-03 19:45:40] Train Epoch: 6 [8800/20000 (44.0%)]	Loss: 0.10193735361099243
[2023-05-03 19:45:40] Train Epoch: 6 [9600/20000 (48.0%)]	Loss: 0.06352322548627853
[2023-05-03 19:45:41] Train Epoch: 6 [10400/20000 (52.0%)]	Loss: 0.12070734053850174
[2023-05-03 19:45:41] Train Epoch: 6 [11200/20000 (56.0%)]	Loss: 0.13944527506828308
[2023-05-03 19:45:41] Train Epoch: 6 [12000/20000 (60.0%)]	Loss: 0.20835644006729126
[2023-05-03 19:45:42] Train Epoch: 6 [12800/20000 (64.0%)]	Loss: 0.14070212841033936
[2023-05-03 19:45:42] Train Epoch: 6 [13600/20000 (68.0%)]	Loss: 0.09074671566486359
[2023-05-03 19:45:42] Train Epoch: 6 [14400/20000 (72.0%)]	Loss: 0.1975674033164978
[2023-05-03 19:45:43] Train Epoch: 6 [15200/20000 (76.0%)]	Loss: 0.0968022271990776
[2023-05-03 19:45:43] Train Epoch: 6 [16000/20000 (80.0%)]	Loss: 0.10426639765501022
[2023-05-03 19:45:43] Train Epoch: 6 [16800/20000 (84.0%)]	Loss: 0.1206682026386261
[2023-05-03 19:45:44] Train Epoch: 6 [17600/20000 (88.0%)]	Loss: 0.21242569386959076
[2023-05-03 19:45:44] Train Epoch: 6 [18400/20000 (92.0%)]	Loss: 0.22009828686714172
[2023-05-03 19:45:44] Train Epoch: 6 [19200/20000 (96.0%)]	Loss: 0.08462805300951004
[2023-05-03 19:45:48] ========== Metrics ==========
[2023-05-03 19:45:48] {
  "tr_loss": 0.15181170718403314,
  "tr_acc": 0.946944694469447,
  "tr_f1": 0.9470902109410063,
  "val_loss": 0.40601730105253875,
  "val_acc": 0.8175519630484989,
  "val_f1": 0.8181979111347142,
  "test_loss": 0.4083312333114748,
  "test_acc": 0.8184281842818428,
  "test_f1": 0.8174386920980926
}
[2023-05-03 19:45:48] ========== Metrics ==========
[2023-05-03 19:45:49] Train Epoch: 7 [0/20000 (0.0%)]	Loss: 0.13890458643436432
[2023-05-03 19:45:50] Train Epoch: 7 [800/20000 (4.0%)]	Loss: 0.27443790435791016
[2023-05-03 19:45:50] Train Epoch: 7 [1600/20000 (8.0%)]	Loss: 0.1319034844636917
[2023-05-03 19:45:50] Train Epoch: 7 [2400/20000 (12.0%)]	Loss: 0.07578031718730927
[2023-05-03 19:45:51] Train Epoch: 7 [3200/20000 (16.0%)]	Loss: 0.19038619101047516
[2023-05-03 19:45:51] Train Epoch: 7 [4000/20000 (20.0%)]	Loss: 0.08573803305625916
[2023-05-03 19:45:51] Train Epoch: 7 [4800/20000 (24.0%)]	Loss: 0.07825738936662674
[2023-05-03 19:45:52] Train Epoch: 7 [5600/20000 (28.0%)]	Loss: 0.05623990297317505
[2023-05-03 19:45:52] Train Epoch: 7 [6400/20000 (32.0%)]	Loss: 0.15861311554908752
[2023-05-03 19:45:52] Train Epoch: 7 [7200/20000 (36.0%)]	Loss: 0.04735228419303894
[2023-05-03 19:45:53] Train Epoch: 7 [8000/20000 (40.0%)]	Loss: 0.32945072650909424
[2023-05-03 19:45:53] Train Epoch: 7 [8800/20000 (44.0%)]	Loss: 0.2031727284193039
[2023-05-03 19:45:53] Train Epoch: 7 [9600/20000 (48.0%)]	Loss: 0.09072424471378326
[2023-05-03 19:45:54] Train Epoch: 7 [10400/20000 (52.0%)]	Loss: 0.15934817492961884
[2023-05-03 19:45:54] Train Epoch: 7 [11200/20000 (56.0%)]	Loss: 0.12310127913951874
[2023-05-03 19:45:54] Train Epoch: 7 [12000/20000 (60.0%)]	Loss: 0.15522047877311707
[2023-05-03 19:45:55] Train Epoch: 7 [12800/20000 (64.0%)]	Loss: 0.22488224506378174
[2023-05-03 19:45:55] Train Epoch: 7 [13600/20000 (68.0%)]	Loss: 0.09487499296665192
[2023-05-03 19:45:55] Train Epoch: 7 [14400/20000 (72.0%)]	Loss: 0.062358371913433075
[2023-05-03 19:45:56] Train Epoch: 7 [15200/20000 (76.0%)]	Loss: 0.3314457833766937
[2023-05-03 19:45:56] Train Epoch: 7 [16000/20000 (80.0%)]	Loss: 0.1927448809146881
[2023-05-03 19:45:56] Train Epoch: 7 [16800/20000 (84.0%)]	Loss: 0.07009563595056534
[2023-05-03 19:45:57] Train Epoch: 7 [17600/20000 (88.0%)]	Loss: 0.12720200419425964
[2023-05-03 19:45:57] Train Epoch: 7 [18400/20000 (92.0%)]	Loss: 0.32476794719696045
[2023-05-03 19:45:57] Train Epoch: 7 [19200/20000 (96.0%)]	Loss: 0.15535102784633636
[2023-05-03 19:46:01] ========== Metrics ==========
[2023-05-03 19:46:01] {
  "tr_loss": 0.13800917532589688,
  "tr_acc": 0.9538953895389539,
  "tr_f1": 0.9539092181563688,
  "val_loss": 0.40626649522806785,
  "val_acc": 0.817019008704921,
  "val_f1": 0.8183421516754851,
  "test_loss": 0.39480683409424655,
  "test_acc": 0.8211382113821138,
  "test_f1": 0.8206521739130436
}
[2023-05-03 19:46:01] ========== Metrics ==========
[2023-05-03 19:46:02] Train Epoch: 8 [0/20000 (0.0%)]	Loss: 0.12266235798597336
[2023-05-03 19:46:03] Train Epoch: 8 [800/20000 (4.0%)]	Loss: 0.11883655935525894
[2023-05-03 19:46:03] Train Epoch: 8 [1600/20000 (8.0%)]	Loss: 0.07169844955205917
[2023-05-03 19:46:03] Train Epoch: 8 [2400/20000 (12.0%)]	Loss: 0.2458181232213974
[2023-05-03 19:46:04] Train Epoch: 8 [3200/20000 (16.0%)]	Loss: 0.1339295357465744
[2023-05-03 19:46:04] Train Epoch: 8 [4000/20000 (20.0%)]	Loss: 0.1146964356303215
[2023-05-03 19:46:04] Train Epoch: 8 [4800/20000 (24.0%)]	Loss: 0.09516429901123047
[2023-05-03 19:46:05] Train Epoch: 8 [5600/20000 (28.0%)]	Loss: 0.2334105670452118
[2023-05-03 19:46:05] Train Epoch: 8 [6400/20000 (32.0%)]	Loss: 0.03932933509349823
[2023-05-03 19:46:06] Train Epoch: 8 [7200/20000 (36.0%)]	Loss: 0.14537373185157776
[2023-05-03 19:46:06] Train Epoch: 8 [8000/20000 (40.0%)]	Loss: 0.10616111755371094
[2023-05-03 19:46:06] Train Epoch: 8 [8800/20000 (44.0%)]	Loss: 0.38860124349594116
[2023-05-03 19:46:07] Train Epoch: 8 [9600/20000 (48.0%)]	Loss: 0.19248846173286438
[2023-05-03 19:46:07] Train Epoch: 8 [10400/20000 (52.0%)]	Loss: 0.19248226284980774
[2023-05-03 19:46:07] Train Epoch: 8 [11200/20000 (56.0%)]	Loss: 0.04081486538052559
[2023-05-03 19:46:08] Train Epoch: 8 [12000/20000 (60.0%)]	Loss: 0.09211909025907516
[2023-05-03 19:46:08] Train Epoch: 8 [12800/20000 (64.0%)]	Loss: 0.15547190606594086
[2023-05-03 19:46:08] Train Epoch: 8 [13600/20000 (68.0%)]	Loss: 0.11595088988542557
[2023-05-03 19:46:09] Train Epoch: 8 [14400/20000 (72.0%)]	Loss: 0.21036922931671143
[2023-05-03 19:46:09] Train Epoch: 8 [15200/20000 (76.0%)]	Loss: 0.15841031074523926
[2023-05-03 19:46:09] Train Epoch: 8 [16000/20000 (80.0%)]	Loss: 0.10103625804185867
[2023-05-03 19:46:10] Train Epoch: 8 [16800/20000 (84.0%)]	Loss: 0.08613231033086777
[2023-05-03 19:46:10] Train Epoch: 8 [17600/20000 (88.0%)]	Loss: 0.10940724611282349
[2023-05-03 19:46:10] Train Epoch: 8 [18400/20000 (92.0%)]	Loss: 0.16399282217025757
[2023-05-03 19:46:11] Train Epoch: 8 [19200/20000 (96.0%)]	Loss: 0.12893861532211304
[2023-05-03 19:46:15] ========== Metrics ==========
[2023-05-03 19:46:15] {
  "tr_loss": 0.13677540714323003,
  "tr_acc": 0.953995399539954,
  "tr_f1": 0.954,
  "val_loss": 0.40549627873503225,
  "val_acc": 0.8175519630484989,
  "val_f1": 0.8172272646378359,
  "test_loss": 0.3804794695319199,
  "test_acc": 0.8184281842818428,
  "test_f1": 0.8174386920980926
}
[2023-05-03 19:46:15] ========== Metrics ==========
[2023-05-03 19:46:16] Train Epoch: 9 [0/20000 (0.0%)]	Loss: 0.09043076634407043
[2023-05-03 19:46:16] Train Epoch: 9 [800/20000 (4.0%)]	Loss: 0.0710500180721283
[2023-05-03 19:46:17] Train Epoch: 9 [1600/20000 (8.0%)]	Loss: 0.10896752029657364
[2023-05-03 19:46:17] Train Epoch: 9 [2400/20000 (12.0%)]	Loss: 0.06645176559686661
[2023-05-03 19:46:17] Train Epoch: 9 [3200/20000 (16.0%)]	Loss: 0.2025846689939499
[2023-05-03 19:46:18] Train Epoch: 9 [4000/20000 (20.0%)]	Loss: 0.05839914083480835
[2023-05-03 19:46:18] Train Epoch: 9 [4800/20000 (24.0%)]	Loss: 0.050285454839468
[2023-05-03 19:46:18] Train Epoch: 9 [5600/20000 (28.0%)]	Loss: 0.15424758195877075
[2023-05-03 19:46:19] Train Epoch: 9 [6400/20000 (32.0%)]	Loss: 0.06404963880777359
[2023-05-03 19:46:19] Train Epoch: 9 [7200/20000 (36.0%)]	Loss: 0.0829133614897728
[2023-05-03 19:46:19] Train Epoch: 9 [8000/20000 (40.0%)]	Loss: 0.11412133276462555
[2023-05-03 19:46:20] Train Epoch: 9 [8800/20000 (44.0%)]	Loss: 0.19570626318454742
[2023-05-03 19:46:20] Train Epoch: 9 [9600/20000 (48.0%)]	Loss: 0.1255308836698532
[2023-05-03 19:46:20] Train Epoch: 9 [10400/20000 (52.0%)]	Loss: 0.06894363462924957
[2023-05-03 19:46:21] Train Epoch: 9 [11200/20000 (56.0%)]	Loss: 0.2472694367170334
[2023-05-03 19:46:21] Train Epoch: 9 [12000/20000 (60.0%)]	Loss: 0.07153535634279251
[2023-05-03 19:46:21] Train Epoch: 9 [12800/20000 (64.0%)]	Loss: 0.13210538029670715
[2023-05-03 19:46:22] Train Epoch: 9 [13600/20000 (68.0%)]	Loss: 0.13016542792320251
[2023-05-03 19:46:22] Train Epoch: 9 [14400/20000 (72.0%)]	Loss: 0.1500997394323349
[2023-05-03 19:46:22] Train Epoch: 9 [15200/20000 (76.0%)]	Loss: 0.2590741515159607
[2023-05-03 19:46:23] Train Epoch: 9 [16000/20000 (80.0%)]	Loss: 0.14493043720722198
[2023-05-03 19:46:23] Train Epoch: 9 [16800/20000 (84.0%)]	Loss: 0.024623312056064606
[2023-05-03 19:46:23] Train Epoch: 9 [17600/20000 (88.0%)]	Loss: 0.1042371541261673
[2023-05-03 19:46:24] Train Epoch: 9 [18400/20000 (92.0%)]	Loss: 0.1530587077140808
[2023-05-03 19:46:24] Train Epoch: 9 [19200/20000 (96.0%)]	Loss: 0.07314731925725937
[2023-05-03 19:46:28] ========== Metrics ==========
[2023-05-03 19:46:28] {
  "tr_loss": 0.1342580476441387,
  "tr_acc": 0.9556955695569557,
  "tr_f1": 0.9556423350355461,
  "val_loss": 0.4057625268064314,
  "val_acc": 0.8177296144963582,
  "val_f1": 0.8180851063829788,
  "test_loss": 0.3918144929053661,
  "test_acc": 0.8184281842818428,
  "test_f1": 0.8174386920980926
}
[2023-05-03 19:46:28] ========== Metrics ==========
[2023-05-03 19:46:29] Train Epoch: 10 [0/20000 (0.0%)]	Loss: 0.17451302707195282
[2023-05-03 19:46:30] Train Epoch: 10 [800/20000 (4.0%)]	Loss: 0.07502751797437668
[2023-05-03 19:46:30] Train Epoch: 10 [1600/20000 (8.0%)]	Loss: 0.14851689338684082
[2023-05-03 19:46:30] Train Epoch: 10 [2400/20000 (12.0%)]	Loss: 0.10809269547462463
[2023-05-03 19:46:31] Train Epoch: 10 [3200/20000 (16.0%)]	Loss: 0.1127043217420578
[2023-05-03 19:46:31] Train Epoch: 10 [4000/20000 (20.0%)]	Loss: 0.06411895155906677
[2023-05-03 19:46:31] Train Epoch: 10 [4800/20000 (24.0%)]	Loss: 0.06489982455968857
[2023-05-03 19:46:32] Train Epoch: 10 [5600/20000 (28.0%)]	Loss: 0.07817364484071732
[2023-05-03 19:46:32] Train Epoch: 10 [6400/20000 (32.0%)]	Loss: 0.027310959994792938
[2023-05-03 19:46:32] Train Epoch: 10 [7200/20000 (36.0%)]	Loss: 0.15165308117866516
[2023-05-03 19:46:33] Train Epoch: 10 [8000/20000 (40.0%)]	Loss: 0.17910602688789368
[2023-05-03 19:46:33] Train Epoch: 10 [8800/20000 (44.0%)]	Loss: 0.13775412738323212
[2023-05-03 19:46:33] Train Epoch: 10 [9600/20000 (48.0%)]	Loss: 0.09930182993412018
[2023-05-03 19:46:34] Train Epoch: 10 [10400/20000 (52.0%)]	Loss: 0.260198175907135
[2023-05-03 19:46:34] Train Epoch: 10 [11200/20000 (56.0%)]	Loss: 0.1453332006931305
[2023-05-03 19:46:34] Train Epoch: 10 [12000/20000 (60.0%)]	Loss: 0.06156295910477638
[2023-05-03 19:46:35] Train Epoch: 10 [12800/20000 (64.0%)]	Loss: 0.20959585905075073
[2023-05-03 19:46:35] Train Epoch: 10 [13600/20000 (68.0%)]	Loss: 0.07061716914176941
[2023-05-03 19:46:35] Train Epoch: 10 [14400/20000 (72.0%)]	Loss: 0.19752644002437592
[2023-05-03 19:46:36] Train Epoch: 10 [15200/20000 (76.0%)]	Loss: 0.12082027643918991
[2023-05-03 19:46:36] Train Epoch: 10 [16000/20000 (80.0%)]	Loss: 0.17255261540412903
[2023-05-03 19:46:36] Train Epoch: 10 [16800/20000 (84.0%)]	Loss: 0.019235501065850258
[2023-05-03 19:46:37] Train Epoch: 10 [17600/20000 (88.0%)]	Loss: 0.13494403660297394
[2023-05-03 19:46:37] Train Epoch: 10 [18400/20000 (92.0%)]	Loss: 0.048641741275787354
[2023-05-03 19:46:37] Train Epoch: 10 [19200/20000 (96.0%)]	Loss: 0.06826940178871155
[2023-05-03 19:46:42] ========== Metrics ==========
[2023-05-03 19:46:42] {
  "tr_loss": 0.12575160091084736,
  "tr_acc": 0.9581458145814582,
  "tr_f1": 0.9582439511100025,
  "val_loss": 0.40542564190478114,
  "val_acc": 0.8173743116006396,
  "val_f1": 0.815968492660222,
  "test_loss": 0.3853022070111944,
  "test_acc": 0.8157181571815718,
  "test_f1": 0.8142076502732241
}
[2023-05-03 19:46:42] ========== Metrics ==========
[2023-05-03 19:46:43] Train Epoch: 11 [0/20000 (0.0%)]	Loss: 0.04946828633546829
[2023-05-03 19:46:43] Train Epoch: 11 [800/20000 (4.0%)]	Loss: 0.11321581155061722
[2023-05-03 19:46:44] Train Epoch: 11 [1600/20000 (8.0%)]	Loss: 0.07462041825056076
[2023-05-03 19:46:44] Train Epoch: 11 [2400/20000 (12.0%)]	Loss: 0.22841913998126984
[2023-05-03 19:46:44] Train Epoch: 11 [3200/20000 (16.0%)]	Loss: 0.22828355431556702
[2023-05-03 19:46:45] Train Epoch: 11 [4000/20000 (20.0%)]	Loss: 0.039128951728343964
[2023-05-03 19:46:45] Train Epoch: 11 [4800/20000 (24.0%)]	Loss: 0.04513642191886902
[2023-05-03 19:46:45] Train Epoch: 11 [5600/20000 (28.0%)]	Loss: 0.15072698891162872
[2023-05-03 19:46:46] Train Epoch: 11 [6400/20000 (32.0%)]	Loss: 0.04226763918995857
[2023-05-03 19:46:46] Train Epoch: 11 [7200/20000 (36.0%)]	Loss: 0.10986370593309402
[2023-05-03 19:46:46] Train Epoch: 11 [8000/20000 (40.0%)]	Loss: 0.03061038628220558
[2023-05-03 19:46:47] Train Epoch: 11 [8800/20000 (44.0%)]	Loss: 0.06445133686065674
[2023-05-03 19:46:47] Train Epoch: 11 [9600/20000 (48.0%)]	Loss: 0.057765476405620575
[2023-05-03 19:46:47] Train Epoch: 11 [10400/20000 (52.0%)]	Loss: 0.10924427211284637
[2023-05-03 19:46:48] Train Epoch: 11 [11200/20000 (56.0%)]	Loss: 0.11633814871311188
[2023-05-03 19:46:48] Train Epoch: 11 [12000/20000 (60.0%)]	Loss: 0.1567515730857849
[2023-05-03 19:46:48] Train Epoch: 11 [12800/20000 (64.0%)]	Loss: 0.10672581195831299
[2023-05-03 19:46:49] Train Epoch: 11 [13600/20000 (68.0%)]	Loss: 0.06890931725502014
[2023-05-03 19:46:49] Train Epoch: 11 [14400/20000 (72.0%)]	Loss: 0.12523454427719116
[2023-05-03 19:46:49] Train Epoch: 11 [15200/20000 (76.0%)]	Loss: 0.02974160760641098
[2023-05-03 19:46:50] Train Epoch: 11 [16000/20000 (80.0%)]	Loss: 0.10721855610609055
[2023-05-03 19:46:50] Train Epoch: 11 [16800/20000 (84.0%)]	Loss: 0.16882337629795074
[2023-05-03 19:46:50] Train Epoch: 11 [17600/20000 (88.0%)]	Loss: 0.037231188267469406
[2023-05-03 19:46:51] Train Epoch: 11 [18400/20000 (92.0%)]	Loss: 0.16506534814834595
[2023-05-03 19:46:51] Train Epoch: 11 [19200/20000 (96.0%)]	Loss: 0.04017648473381996
[2023-05-03 19:46:55] ========== Metrics ==========
[2023-05-03 19:46:55] {
  "tr_loss": 0.12112644135934113,
  "tr_acc": 0.9595959595959596,
  "tr_f1": 0.9596564809267026,
  "val_loss": 0.4053081245866248,
  "val_acc": 0.8177296144963582,
  "val_f1": 0.8164579606440072,
  "test_loss": 0.37747227370254394,
  "test_acc": 0.8157181571815718,
  "test_f1": 0.8142076502732241
}
[2023-05-03 19:46:55] ========== Metrics ==========
[2023-05-03 19:46:56] Train Epoch: 12 [0/20000 (0.0%)]	Loss: 0.11489306390285492
[2023-05-03 19:46:56] Train Epoch: 12 [800/20000 (4.0%)]	Loss: 0.13376019895076752
[2023-05-03 19:46:57] Train Epoch: 12 [1600/20000 (8.0%)]	Loss: 0.10380677878856659
[2023-05-03 19:46:57] Train Epoch: 12 [2400/20000 (12.0%)]	Loss: 0.11620583385229111
[2023-05-03 19:46:58] Train Epoch: 12 [3200/20000 (16.0%)]	Loss: 0.1049823984503746
[2023-05-03 19:46:58] Train Epoch: 12 [4000/20000 (20.0%)]	Loss: 0.17539304494857788
[2023-05-03 19:46:58] Train Epoch: 12 [4800/20000 (24.0%)]	Loss: 0.07797393202781677
[2023-05-03 19:46:59] Train Epoch: 12 [5600/20000 (28.0%)]	Loss: 0.07254264503717422
[2023-05-03 19:46:59] Train Epoch: 12 [6400/20000 (32.0%)]	Loss: 0.12930169701576233
[2023-05-03 19:46:59] Train Epoch: 12 [7200/20000 (36.0%)]	Loss: 0.08922898769378662
[2023-05-03 19:47:00] Train Epoch: 12 [8000/20000 (40.0%)]	Loss: 0.20053048431873322
[2023-05-03 19:47:00] Train Epoch: 12 [8800/20000 (44.0%)]	Loss: 0.13538488745689392
[2023-05-03 19:47:00] Train Epoch: 12 [9600/20000 (48.0%)]	Loss: 0.186039537191391
[2023-05-03 19:47:01] Train Epoch: 12 [10400/20000 (52.0%)]	Loss: 0.14871206879615784
[2023-05-03 19:47:01] Train Epoch: 12 [11200/20000 (56.0%)]	Loss: 0.09640638530254364
[2023-05-03 19:47:01] Train Epoch: 12 [12000/20000 (60.0%)]	Loss: 0.10808707028627396
[2023-05-03 19:47:02] Train Epoch: 12 [12800/20000 (64.0%)]	Loss: 0.12158920615911484
[2023-05-03 19:47:02] Train Epoch: 12 [13600/20000 (68.0%)]	Loss: 0.03920147940516472
[2023-05-03 19:47:02] Train Epoch: 12 [14400/20000 (72.0%)]	Loss: 0.14847895503044128
[2023-05-03 19:47:03] Train Epoch: 12 [15200/20000 (76.0%)]	Loss: 0.15634191036224365
[2023-05-03 19:47:03] Train Epoch: 12 [16000/20000 (80.0%)]	Loss: 0.046434514224529266
[2023-05-03 19:47:03] Train Epoch: 12 [16800/20000 (84.0%)]	Loss: 0.11122457683086395
[2023-05-03 19:47:04] Train Epoch: 12 [17600/20000 (88.0%)]	Loss: 0.08595570176839828
[2023-05-03 19:47:04] Train Epoch: 12 [18400/20000 (92.0%)]	Loss: 0.16405434906482697
[2023-05-03 19:47:04] Train Epoch: 12 [19200/20000 (96.0%)]	Loss: 0.11997726559638977
[2023-05-03 19:47:08] ========== Metrics ==========
[2023-05-03 19:47:08] {
  "tr_loss": 0.12026405022411135,
  "tr_acc": 0.9604960496049605,
  "tr_f1": 0.9604565021523677,
  "val_loss": 0.4054415157578686,
  "val_acc": 0.8175519630484989,
  "val_f1": 0.8163119298873188,
  "test_loss": 0.3848238133479586,
  "test_acc": 0.8157181571815718,
  "test_f1": 0.8142076502732241
}
[2023-05-03 19:47:08] ========== Metrics ==========
[2023-05-03 19:47:09] Train Epoch: 13 [0/20000 (0.0%)]	Loss: 0.06826625019311905
[2023-05-03 19:47:10] Train Epoch: 13 [800/20000 (4.0%)]	Loss: 0.23020604252815247
[2023-05-03 19:47:10] Train Epoch: 13 [1600/20000 (8.0%)]	Loss: 0.16245423257350922
[2023-05-03 19:47:10] Train Epoch: 13 [2400/20000 (12.0%)]	Loss: 0.03543214499950409
[2023-05-03 19:47:11] Train Epoch: 13 [3200/20000 (16.0%)]	Loss: 0.03736339882016182
[2023-05-03 19:47:11] Train Epoch: 13 [4000/20000 (20.0%)]	Loss: 0.18963977694511414
[2023-05-03 19:47:11] Train Epoch: 13 [4800/20000 (24.0%)]	Loss: 0.12791797518730164
[2023-05-03 19:47:12] Train Epoch: 13 [5600/20000 (28.0%)]	Loss: 0.11396048963069916
[2023-05-03 19:47:12] Train Epoch: 13 [6400/20000 (32.0%)]	Loss: 0.08139126747846603
[2023-05-03 19:47:12] Train Epoch: 13 [7200/20000 (36.0%)]	Loss: 0.21294929087162018
[2023-05-03 19:47:13] Train Epoch: 13 [8000/20000 (40.0%)]	Loss: 0.17654640972614288
[2023-05-03 19:47:13] Train Epoch: 13 [8800/20000 (44.0%)]	Loss: 0.10706887394189835
[2023-05-03 19:47:14] Train Epoch: 13 [9600/20000 (48.0%)]	Loss: 0.16172191500663757
[2023-05-03 19:47:14] Train Epoch: 13 [10400/20000 (52.0%)]	Loss: 0.10455842316150665
[2023-05-03 19:47:14] Train Epoch: 13 [11200/20000 (56.0%)]	Loss: 0.10925418138504028
[2023-05-03 19:47:15] Train Epoch: 13 [12000/20000 (60.0%)]	Loss: 0.1785256266593933
[2023-05-03 19:47:15] Train Epoch: 13 [12800/20000 (64.0%)]	Loss: 0.11367377638816833
[2023-05-03 19:47:15] Train Epoch: 13 [13600/20000 (68.0%)]	Loss: 0.07363473623991013
[2023-05-03 19:47:16] Train Epoch: 13 [14400/20000 (72.0%)]	Loss: 0.1763378083705902
[2023-05-03 19:47:16] Train Epoch: 13 [15200/20000 (76.0%)]	Loss: 0.05787305906414986
[2023-05-03 19:47:16] Train Epoch: 13 [16000/20000 (80.0%)]	Loss: 0.20082230865955353
[2023-05-03 19:47:17] Train Epoch: 13 [16800/20000 (84.0%)]	Loss: 0.0436459518969059
[2023-05-03 19:47:17] Train Epoch: 13 [17600/20000 (88.0%)]	Loss: 0.08447596430778503
[2023-05-03 19:47:17] Train Epoch: 13 [18400/20000 (92.0%)]	Loss: 0.1786179542541504
[2023-05-03 19:47:18] Train Epoch: 13 [19200/20000 (96.0%)]	Loss: 0.295468270778656
[2023-05-03 19:47:22] ========== Metrics ==========
[2023-05-03 19:47:22] {
  "tr_loss": 0.11962064917665301,
  "tr_acc": 0.9603960396039604,
  "tr_f1": 0.9603881164349305,
  "val_loss": 0.4055551020072819,
  "val_acc": 0.8175519630484989,
  "val_f1": 0.8167053364269141,
  "test_loss": 0.45229549395036567,
  "test_acc": 0.8184281842818428,
  "test_f1": 0.8174386920980926
}
[2023-05-03 19:47:22] ========== Metrics ==========
[2023-05-03 19:47:23] Train Epoch: 14 [0/20000 (0.0%)]	Loss: 0.0585358627140522
[2023-05-03 19:47:23] Train Epoch: 14 [800/20000 (4.0%)]	Loss: 0.0957416221499443
[2023-05-03 19:47:24] Train Epoch: 14 [1600/20000 (8.0%)]	Loss: 0.08143750578165054
[2023-05-03 19:47:24] Train Epoch: 14 [2400/20000 (12.0%)]	Loss: 0.1461152285337448
[2023-05-03 19:47:24] Train Epoch: 14 [3200/20000 (16.0%)]	Loss: 0.2035583257675171
[2023-05-03 19:47:25] Train Epoch: 14 [4000/20000 (20.0%)]	Loss: 0.2421335130929947
[2023-05-03 19:47:25] Train Epoch: 14 [4800/20000 (24.0%)]	Loss: 0.1318061649799347
[2023-05-03 19:47:25] Train Epoch: 14 [5600/20000 (28.0%)]	Loss: 0.20158672332763672
[2023-05-03 19:47:26] Train Epoch: 14 [6400/20000 (32.0%)]	Loss: 0.07350147515535355
[2023-05-03 19:47:26] Train Epoch: 14 [7200/20000 (36.0%)]	Loss: 0.050126321613788605
[2023-05-03 19:47:26] Train Epoch: 14 [8000/20000 (40.0%)]	Loss: 0.11999039351940155
[2023-05-03 19:47:27] Train Epoch: 14 [8800/20000 (44.0%)]	Loss: 0.2315939962863922
[2023-05-03 19:47:27] Train Epoch: 14 [9600/20000 (48.0%)]	Loss: 0.09354713559150696
[2023-05-03 19:47:27] Train Epoch: 14 [10400/20000 (52.0%)]	Loss: 0.22439546883106232
[2023-05-03 19:47:28] Train Epoch: 14 [11200/20000 (56.0%)]	Loss: 0.1465870440006256
[2023-05-03 19:47:28] Train Epoch: 14 [12000/20000 (60.0%)]	Loss: 0.25769349932670593
[2023-05-03 19:47:28] Train Epoch: 14 [12800/20000 (64.0%)]	Loss: 0.14911189675331116
[2023-05-03 19:47:29] Train Epoch: 14 [13600/20000 (68.0%)]	Loss: 0.07509544491767883
[2023-05-03 19:47:29] Train Epoch: 14 [14400/20000 (72.0%)]	Loss: 0.07196660339832306
[2023-05-03 19:47:29] Train Epoch: 14 [15200/20000 (76.0%)]	Loss: 0.05600132793188095
[2023-05-03 19:47:30] Train Epoch: 14 [16000/20000 (80.0%)]	Loss: 0.1990624964237213
[2023-05-03 19:47:30] Train Epoch: 14 [16800/20000 (84.0%)]	Loss: 0.08985698968172073
[2023-05-03 19:47:30] Train Epoch: 14 [17600/20000 (88.0%)]	Loss: 0.015702124685049057
[2023-05-03 19:47:31] Train Epoch: 14 [18400/20000 (92.0%)]	Loss: 0.06492406129837036
[2023-05-03 19:47:31] Train Epoch: 14 [19200/20000 (96.0%)]	Loss: 0.10403820127248764
[2023-05-03 19:47:36] ========== Metrics ==========
[2023-05-03 19:47:36] {
  "tr_loss": 0.12089460659505773,
  "tr_acc": 0.9588958895889589,
  "tr_f1": 0.9589287498750874,
  "val_loss": 0.40561937256591274,
  "val_acc": 0.8177296144963582,
  "val_f1": 0.8169164882226981,
  "test_loss": 0.3752197779129514,
  "test_acc": 0.8184281842818428,
  "test_f1": 0.8174386920980926
}
[2023-05-03 19:47:36] ========== Metrics ==========
[2023-05-03 19:47:37] Train Epoch: 15 [0/20000 (0.0%)]	Loss: 0.09296940267086029
[2023-05-03 19:47:37] Train Epoch: 15 [800/20000 (4.0%)]	Loss: 0.1721566915512085
[2023-05-03 19:47:37] Train Epoch: 15 [1600/20000 (8.0%)]	Loss: 0.16385073959827423
[2023-05-03 19:47:38] Train Epoch: 15 [2400/20000 (12.0%)]	Loss: 0.11140251159667969
[2023-05-03 19:47:38] Train Epoch: 15 [3200/20000 (16.0%)]	Loss: 0.13603396713733673
[2023-05-03 19:47:38] Train Epoch: 15 [4000/20000 (20.0%)]	Loss: 0.08238484710454941
[2023-05-03 19:47:39] Train Epoch: 15 [4800/20000 (24.0%)]	Loss: 0.09962917119264603
[2023-05-03 19:47:39] Train Epoch: 15 [5600/20000 (28.0%)]	Loss: 0.16458004713058472
[2023-05-03 19:47:39] Train Epoch: 15 [6400/20000 (32.0%)]	Loss: 0.17740558087825775
[2023-05-03 19:47:40] Train Epoch: 15 [7200/20000 (36.0%)]	Loss: 0.05098927021026611
[2023-05-03 19:47:40] Train Epoch: 15 [8000/20000 (40.0%)]	Loss: 0.1523015946149826
[2023-05-03 19:47:40] Train Epoch: 15 [8800/20000 (44.0%)]	Loss: 0.07094164192676544
[2023-05-03 19:47:41] Train Epoch: 15 [9600/20000 (48.0%)]	Loss: 0.19363266229629517
[2023-05-03 19:47:41] Train Epoch: 15 [10400/20000 (52.0%)]	Loss: 0.17643283307552338
[2023-05-03 19:47:41] Train Epoch: 15 [11200/20000 (56.0%)]	Loss: 0.10372885316610336
[2023-05-03 19:47:42] Train Epoch: 15 [12000/20000 (60.0%)]	Loss: 0.089882992208004
[2023-05-03 19:47:42] Train Epoch: 15 [12800/20000 (64.0%)]	Loss: 0.22959564626216888
[2023-05-03 19:47:42] Train Epoch: 15 [13600/20000 (68.0%)]	Loss: 0.07019998878240585
[2023-05-03 19:47:43] Train Epoch: 15 [14400/20000 (72.0%)]	Loss: 0.23114024102687836
[2023-05-03 19:47:43] Train Epoch: 15 [15200/20000 (76.0%)]	Loss: 0.24518224596977234
[2023-05-03 19:47:43] Train Epoch: 15 [16000/20000 (80.0%)]	Loss: 0.2803390920162201
[2023-05-03 19:47:44] Train Epoch: 15 [16800/20000 (84.0%)]	Loss: 0.04741256684064865
[2023-05-03 19:47:44] Train Epoch: 15 [17600/20000 (88.0%)]	Loss: 0.13398489356040955
[2023-05-03 19:47:44] Train Epoch: 15 [18400/20000 (92.0%)]	Loss: 0.07941258698701859
[2023-05-03 19:47:45] Train Epoch: 15 [19200/20000 (96.0%)]	Loss: 0.08360300958156586
[2023-05-03 19:47:48] Stop At epoch 15/20 due to valid not increase
[2023-05-03 19:47:49] ========== Metrics ==========
[2023-05-03 19:47:49] {
  "tr_loss": 0.12055935934506389,
  "tr_acc": 0.9606960696069607,
  "tr_f1": 0.9607784431137724,
  "val_loss": 0.4055554387962909,
  "val_acc": 0.8175519630484989,
  "val_f1": 0.8165088440235841,
  "test_loss": 0.4098689969639145,
  "test_acc": 0.8157181571815718,
  "test_f1": 0.8142076502732241
}
[2023-05-03 19:47:49] ========== Metrics ==========
