[2023-05-03 19:07:07] Train Epoch: 1 [0/20000 (0.0%)]	Loss: 0.6523430943489075
[2023-05-03 19:07:07] Train Epoch: 1 [800/20000 (4.0%)]	Loss: 0.6543616056442261
[2023-05-03 19:07:08] Train Epoch: 1 [1600/20000 (8.0%)]	Loss: 0.689103901386261
[2023-05-03 19:07:08] Train Epoch: 1 [2400/20000 (12.0%)]	Loss: 0.6654569506645203
[2023-05-03 19:07:08] Train Epoch: 1 [3200/20000 (16.0%)]	Loss: 0.6357353925704956
[2023-05-03 19:07:08] Train Epoch: 1 [4000/20000 (20.0%)]	Loss: 0.63679039478302
[2023-05-03 19:07:09] Train Epoch: 1 [4800/20000 (24.0%)]	Loss: 0.6051873564720154
[2023-05-03 19:07:09] Train Epoch: 1 [5600/20000 (28.0%)]	Loss: 0.6944550275802612
[2023-05-03 19:07:09] Train Epoch: 1 [6400/20000 (32.0%)]	Loss: 0.641732394695282
[2023-05-03 19:07:09] Train Epoch: 1 [7200/20000 (36.0%)]	Loss: 0.6579000949859619
[2023-05-03 19:07:10] Train Epoch: 1 [8000/20000 (40.0%)]	Loss: 0.713418185710907
[2023-05-03 19:07:10] Train Epoch: 1 [8800/20000 (44.0%)]	Loss: 0.6740732789039612
[2023-05-03 19:07:10] Train Epoch: 1 [9600/20000 (48.0%)]	Loss: 0.6383472681045532
[2023-05-03 19:07:10] Train Epoch: 1 [10400/20000 (52.0%)]	Loss: 0.665171205997467
[2023-05-03 19:07:11] Train Epoch: 1 [11200/20000 (56.0%)]	Loss: 0.6487142443656921
[2023-05-03 19:07:11] Train Epoch: 1 [12000/20000 (60.0%)]	Loss: 0.6612478494644165
[2023-05-03 19:07:11] Train Epoch: 1 [12800/20000 (64.0%)]	Loss: 0.647523045539856
[2023-05-03 19:07:11] Train Epoch: 1 [13600/20000 (68.0%)]	Loss: 0.7167148590087891
[2023-05-03 19:07:12] Train Epoch: 1 [14400/20000 (72.0%)]	Loss: 0.6670037508010864
[2023-05-03 19:07:12] Train Epoch: 1 [15200/20000 (76.0%)]	Loss: 0.6288915872573853
[2023-05-03 19:07:12] Train Epoch: 1 [16000/20000 (80.0%)]	Loss: 0.6697880029678345
[2023-05-03 19:07:12] Train Epoch: 1 [16800/20000 (84.0%)]	Loss: 0.6471124291419983
[2023-05-03 19:07:13] Train Epoch: 1 [17600/20000 (88.0%)]	Loss: 0.6849122643470764
[2023-05-03 19:07:13] Train Epoch: 1 [18400/20000 (92.0%)]	Loss: 0.5846360921859741
[2023-05-03 19:07:13] Train Epoch: 1 [19200/20000 (96.0%)]	Loss: 0.5810186266899109
[2023-05-03 19:07:17] ========== Metrics ==========
[2023-05-03 19:07:17] {
  "tr_loss": 0.6744207443624917,
  "tr_acc": 0.5781078107810781,
  "tr_f1": 0.5844865796601822,
  "val_loss": 0.6212216419783129,
  "val_acc": 0.7372535086160952,
  "val_f1": 0.7450439579382865,
  "test_loss": 0.641020848499081,
  "test_acc": 0.7344173441734417,
  "test_f1": 0.7292817679558011
}
[2023-05-03 19:07:17] ========== Metrics ==========
[2023-05-03 19:07:18] Train Epoch: 2 [0/20000 (0.0%)]	Loss: 0.6026719808578491
[2023-05-03 19:07:18] Train Epoch: 2 [800/20000 (4.0%)]	Loss: 0.5171352028846741
[2023-05-03 19:07:18] Train Epoch: 2 [1600/20000 (8.0%)]	Loss: 0.5769209861755371
[2023-05-03 19:07:19] Train Epoch: 2 [2400/20000 (12.0%)]	Loss: 0.5626717209815979
[2023-05-03 19:07:19] Train Epoch: 2 [3200/20000 (16.0%)]	Loss: 0.5938212871551514
[2023-05-03 19:07:19] Train Epoch: 2 [4000/20000 (20.0%)]	Loss: 0.5377013087272644
[2023-05-03 19:07:19] Train Epoch: 2 [4800/20000 (24.0%)]	Loss: 0.5407221913337708
[2023-05-03 19:07:20] Train Epoch: 2 [5600/20000 (28.0%)]	Loss: 0.5006927847862244
[2023-05-03 19:07:20] Train Epoch: 2 [6400/20000 (32.0%)]	Loss: 0.5614557862281799
[2023-05-03 19:07:20] Train Epoch: 2 [7200/20000 (36.0%)]	Loss: 0.5582970976829529
[2023-05-03 19:07:20] Train Epoch: 2 [8000/20000 (40.0%)]	Loss: 0.5464063286781311
[2023-05-03 19:07:21] Train Epoch: 2 [8800/20000 (44.0%)]	Loss: 0.5386579036712646
[2023-05-03 19:07:21] Train Epoch: 2 [9600/20000 (48.0%)]	Loss: 0.43657398223876953
[2023-05-03 19:07:21] Train Epoch: 2 [10400/20000 (52.0%)]	Loss: 0.6544150114059448
[2023-05-03 19:07:21] Train Epoch: 2 [11200/20000 (56.0%)]	Loss: 0.7118255496025085
[2023-05-03 19:07:22] Train Epoch: 2 [12000/20000 (60.0%)]	Loss: 0.5281981825828552
[2023-05-03 19:07:22] Train Epoch: 2 [12800/20000 (64.0%)]	Loss: 0.5479037761688232
[2023-05-03 19:07:22] Train Epoch: 2 [13600/20000 (68.0%)]	Loss: 0.3491918444633484
[2023-05-03 19:07:23] Train Epoch: 2 [14400/20000 (72.0%)]	Loss: 0.34672316908836365
[2023-05-03 19:07:23] Train Epoch: 2 [15200/20000 (76.0%)]	Loss: 0.7507907152175903
[2023-05-03 19:07:23] Train Epoch: 2 [16000/20000 (80.0%)]	Loss: 0.6741437315940857
[2023-05-03 19:07:23] Train Epoch: 2 [16800/20000 (84.0%)]	Loss: 0.7158348560333252
[2023-05-03 19:07:24] Train Epoch: 2 [17600/20000 (88.0%)]	Loss: 0.5862869620323181
[2023-05-03 19:07:24] Train Epoch: 2 [18400/20000 (92.0%)]	Loss: 0.6671084761619568
[2023-05-03 19:07:24] Train Epoch: 2 [19200/20000 (96.0%)]	Loss: 0.4266078770160675
[2023-05-03 19:07:28] ========== Metrics ==========
[2023-05-03 19:07:28] {
  "tr_loss": 0.5330776373545328,
  "tr_acc": 0.746024602460246,
  "tr_f1": 0.7465442387344676,
  "val_loss": 0.5036392604972229,
  "val_acc": 0.7754485699058448,
  "val_f1": 0.7790209790209791,
  "test_loss": 0.5086889396191936,
  "test_acc": 0.7886178861788617,
  "test_f1": 0.7845303867403315
}
[2023-05-03 19:07:28] ========== Metrics ==========
[2023-05-03 19:07:29] Train Epoch: 3 [0/20000 (0.0%)]	Loss: 0.4385995864868164
[2023-05-03 19:07:29] Train Epoch: 3 [800/20000 (4.0%)]	Loss: 0.41326597332954407
[2023-05-03 19:07:29] Train Epoch: 3 [1600/20000 (8.0%)]	Loss: 0.36977553367614746
[2023-05-03 19:07:29] Train Epoch: 3 [2400/20000 (12.0%)]	Loss: 0.40138232707977295
[2023-05-03 19:07:30] Train Epoch: 3 [3200/20000 (16.0%)]	Loss: 0.49372562766075134
[2023-05-03 19:07:30] Train Epoch: 3 [4000/20000 (20.0%)]	Loss: 0.3090202808380127
[2023-05-03 19:07:30] Train Epoch: 3 [4800/20000 (24.0%)]	Loss: 0.3605215549468994
[2023-05-03 19:07:31] Train Epoch: 3 [5600/20000 (28.0%)]	Loss: 0.407545268535614
[2023-05-03 19:07:31] Train Epoch: 3 [6400/20000 (32.0%)]	Loss: 0.3736405372619629
[2023-05-03 19:07:31] Train Epoch: 3 [7200/20000 (36.0%)]	Loss: 0.5300691723823547
[2023-05-03 19:07:31] Train Epoch: 3 [8000/20000 (40.0%)]	Loss: 0.3144338130950928
[2023-05-03 19:07:32] Train Epoch: 3 [8800/20000 (44.0%)]	Loss: 0.2997056245803833
[2023-05-03 19:07:32] Train Epoch: 3 [9600/20000 (48.0%)]	Loss: 0.5318488478660583
[2023-05-03 19:07:32] Train Epoch: 3 [10400/20000 (52.0%)]	Loss: 0.4977453052997589
[2023-05-03 19:07:32] Train Epoch: 3 [11200/20000 (56.0%)]	Loss: 0.2758159935474396
[2023-05-03 19:07:33] Train Epoch: 3 [12000/20000 (60.0%)]	Loss: 0.42635834217071533
[2023-05-03 19:07:33] Train Epoch: 3 [12800/20000 (64.0%)]	Loss: 0.33847129344940186
[2023-05-03 19:07:33] Train Epoch: 3 [13600/20000 (68.0%)]	Loss: 0.13368476927280426
[2023-05-03 19:07:34] Train Epoch: 3 [14400/20000 (72.0%)]	Loss: 0.4486261010169983
[2023-05-03 19:07:34] Train Epoch: 3 [15200/20000 (76.0%)]	Loss: 0.4940757155418396
[2023-05-03 19:07:34] Train Epoch: 3 [16000/20000 (80.0%)]	Loss: 0.30156409740448
[2023-05-03 19:07:34] Train Epoch: 3 [16800/20000 (84.0%)]	Loss: 0.6021521687507629
[2023-05-03 19:07:35] Train Epoch: 3 [17600/20000 (88.0%)]	Loss: 0.40069469809532166
[2023-05-03 19:07:35] Train Epoch: 3 [18400/20000 (92.0%)]	Loss: 0.35474222898483276
[2023-05-03 19:07:35] Train Epoch: 3 [19200/20000 (96.0%)]	Loss: 0.43086403608322144
[2023-05-03 19:07:39] ========== Metrics ==========
[2023-05-03 19:07:39] {
  "tr_loss": 0.3859129031129641,
  "tr_acc": 0.8399339933993399,
  "tr_f1": 0.8399580020998949,
  "val_loss": 0.45542942077784454,
  "val_acc": 0.7935690175874933,
  "val_f1": 0.7991704113377117,
  "test_loss": 0.4386924080409332,
  "test_acc": 0.7940379403794038,
  "test_f1": 0.7923497267759563
}
[2023-05-03 19:07:39] ========== Metrics ==========
[2023-05-03 19:07:40] Train Epoch: 4 [0/20000 (0.0%)]	Loss: 0.6192765831947327
[2023-05-03 19:07:40] Train Epoch: 4 [800/20000 (4.0%)]	Loss: 0.30771300196647644
[2023-05-03 19:07:40] Train Epoch: 4 [1600/20000 (8.0%)]	Loss: 0.27712884545326233
[2023-05-03 19:07:41] Train Epoch: 4 [2400/20000 (12.0%)]	Loss: 0.32048991322517395
[2023-05-03 19:07:41] Train Epoch: 4 [3200/20000 (16.0%)]	Loss: 0.3128628432750702
[2023-05-03 19:07:41] Train Epoch: 4 [4000/20000 (20.0%)]	Loss: 0.21165050566196442
[2023-05-03 19:07:41] Train Epoch: 4 [4800/20000 (24.0%)]	Loss: 0.20138433575630188
[2023-05-03 19:07:42] Train Epoch: 4 [5600/20000 (28.0%)]	Loss: 0.25352391600608826
[2023-05-03 19:07:42] Train Epoch: 4 [6400/20000 (32.0%)]	Loss: 0.28038686513900757
[2023-05-03 19:07:42] Train Epoch: 4 [7200/20000 (36.0%)]	Loss: 0.36667129397392273
[2023-05-03 19:07:42] Train Epoch: 4 [8000/20000 (40.0%)]	Loss: 0.3862108588218689
[2023-05-03 19:07:43] Train Epoch: 4 [8800/20000 (44.0%)]	Loss: 0.1758570671081543
[2023-05-03 19:07:43] Train Epoch: 4 [9600/20000 (48.0%)]	Loss: 0.2709977328777313
[2023-05-03 19:07:43] Train Epoch: 4 [10400/20000 (52.0%)]	Loss: 0.4542594254016876
[2023-05-03 19:07:43] Train Epoch: 4 [11200/20000 (56.0%)]	Loss: 0.24362300336360931
[2023-05-03 19:07:43] Train Epoch: 4 [12000/20000 (60.0%)]	Loss: 0.5670128464698792
[2023-05-03 19:07:44] Train Epoch: 4 [12800/20000 (64.0%)]	Loss: 0.1630527675151825
[2023-05-03 19:07:44] Train Epoch: 4 [13600/20000 (68.0%)]	Loss: 0.5445045232772827
[2023-05-03 19:07:44] Train Epoch: 4 [14400/20000 (72.0%)]	Loss: 0.34666967391967773
[2023-05-03 19:07:44] Train Epoch: 4 [15200/20000 (76.0%)]	Loss: 0.2889109253883362
[2023-05-03 19:07:45] Train Epoch: 4 [16000/20000 (80.0%)]	Loss: 0.21422375738620758
[2023-05-03 19:07:45] Train Epoch: 4 [16800/20000 (84.0%)]	Loss: 0.5365862250328064
[2023-05-03 19:07:45] Train Epoch: 4 [17600/20000 (88.0%)]	Loss: 0.4895206689834595
[2023-05-03 19:07:45] Train Epoch: 4 [18400/20000 (92.0%)]	Loss: 0.3683073818683624
[2023-05-03 19:07:46] Train Epoch: 4 [19200/20000 (96.0%)]	Loss: 0.22291652858257294
[2023-05-03 19:07:49] ========== Metrics ==========
[2023-05-03 19:07:49] {
  "tr_loss": 0.2781306484995252,
  "tr_acc": 0.8928892889288929,
  "tr_f1": 0.8926853707414829,
  "val_loss": 0.43533005259519447,
  "val_acc": 0.8012080298454433,
  "val_f1": 0.8095967330270546,
  "test_loss": 0.4240941309993506,
  "test_acc": 0.8021680216802168,
  "test_f1": 0.7999999999999999
}
[2023-05-03 19:07:49] ========== Metrics ==========
[2023-05-03 19:07:50] Train Epoch: 5 [0/20000 (0.0%)]	Loss: 0.44978463649749756
[2023-05-03 19:07:50] Train Epoch: 5 [800/20000 (4.0%)]	Loss: 0.05385255068540573
[2023-05-03 19:07:51] Train Epoch: 5 [1600/20000 (8.0%)]	Loss: 0.19820243120193481
[2023-05-03 19:07:51] Train Epoch: 5 [2400/20000 (12.0%)]	Loss: 0.25897926092147827
[2023-05-03 19:07:51] Train Epoch: 5 [3200/20000 (16.0%)]	Loss: 0.13320046663284302
[2023-05-03 19:07:51] Train Epoch: 5 [4000/20000 (20.0%)]	Loss: 0.18915516138076782
[2023-05-03 19:07:52] Train Epoch: 5 [4800/20000 (24.0%)]	Loss: 0.34688034653663635
[2023-05-03 19:07:52] Train Epoch: 5 [5600/20000 (28.0%)]	Loss: 0.12320352345705032
[2023-05-03 19:07:52] Train Epoch: 5 [6400/20000 (32.0%)]	Loss: 0.15811891853809357
[2023-05-03 19:07:52] Train Epoch: 5 [7200/20000 (36.0%)]	Loss: 0.16588973999023438
[2023-05-03 19:07:53] Train Epoch: 5 [8000/20000 (40.0%)]	Loss: 0.23939496278762817
[2023-05-03 19:07:53] Train Epoch: 5 [8800/20000 (44.0%)]	Loss: 0.08654817193746567
[2023-05-03 19:07:53] Train Epoch: 5 [9600/20000 (48.0%)]	Loss: 0.13434799015522003
[2023-05-03 19:07:53] Train Epoch: 5 [10400/20000 (52.0%)]	Loss: 0.23839853703975677
[2023-05-03 19:07:53] Train Epoch: 5 [11200/20000 (56.0%)]	Loss: 0.3054981529712677
[2023-05-03 19:07:54] Train Epoch: 5 [12000/20000 (60.0%)]	Loss: 0.2667523920536041
[2023-05-03 19:07:54] Train Epoch: 5 [12800/20000 (64.0%)]	Loss: 0.0718473345041275
[2023-05-03 19:07:54] Train Epoch: 5 [13600/20000 (68.0%)]	Loss: 0.29228463768959045
[2023-05-03 19:07:54] Train Epoch: 5 [14400/20000 (72.0%)]	Loss: 0.07691236585378647
[2023-05-03 19:07:55] Train Epoch: 5 [15200/20000 (76.0%)]	Loss: 0.09361989051103592
[2023-05-03 19:07:55] Train Epoch: 5 [16000/20000 (80.0%)]	Loss: 0.20139989256858826
[2023-05-03 19:07:55] Train Epoch: 5 [16800/20000 (84.0%)]	Loss: 0.25036537647247314
[2023-05-03 19:07:55] Train Epoch: 5 [17600/20000 (88.0%)]	Loss: 0.09312507510185242
[2023-05-03 19:07:56] Train Epoch: 5 [18400/20000 (92.0%)]	Loss: 0.1412404626607895
[2023-05-03 19:07:56] Train Epoch: 5 [19200/20000 (96.0%)]	Loss: 0.20223651826381683
[2023-05-03 19:07:59] ========== Metrics ==========
[2023-05-03 19:07:59] {
  "tr_loss": 0.20577432930093967,
  "tr_acc": 0.9237923792379238,
  "tr_f1": 0.9240203410110679,
  "val_loss": 0.41926035128810474,
  "val_acc": 0.8099129507905489,
  "val_f1": 0.8117522871217452,
  "test_loss": 0.4170193846632795,
  "test_acc": 0.8184281842818428,
  "test_f1": 0.8101983002832861
}
[2023-05-03 19:07:59] ========== Metrics ==========
[2023-05-03 19:08:00] Train Epoch: 6 [0/20000 (0.0%)]	Loss: 0.1455715447664261
[2023-05-03 19:08:01] Train Epoch: 6 [800/20000 (4.0%)]	Loss: 0.09287340939044952
[2023-05-03 19:08:01] Train Epoch: 6 [1600/20000 (8.0%)]	Loss: 0.08282151073217392
[2023-05-03 19:08:01] Train Epoch: 6 [2400/20000 (12.0%)]	Loss: 0.24831072986125946
[2023-05-03 19:08:01] Train Epoch: 6 [3200/20000 (16.0%)]	Loss: 0.1472083479166031
[2023-05-03 19:08:02] Train Epoch: 6 [4000/20000 (20.0%)]	Loss: 0.20669277012348175
[2023-05-03 19:08:02] Train Epoch: 6 [4800/20000 (24.0%)]	Loss: 0.14243300259113312
[2023-05-03 19:08:02] Train Epoch: 6 [5600/20000 (28.0%)]	Loss: 0.05998866632580757
[2023-05-03 19:08:02] Train Epoch: 6 [6400/20000 (32.0%)]	Loss: 0.031041031703352928
[2023-05-03 19:08:03] Train Epoch: 6 [7200/20000 (36.0%)]	Loss: 0.12803593277931213
[2023-05-03 19:08:03] Train Epoch: 6 [8000/20000 (40.0%)]	Loss: 0.0447373203933239
[2023-05-03 19:08:03] Train Epoch: 6 [8800/20000 (44.0%)]	Loss: 0.0932035967707634
[2023-05-03 19:08:04] Train Epoch: 6 [9600/20000 (48.0%)]	Loss: 0.12204818427562714
[2023-05-03 19:08:04] Train Epoch: 6 [10400/20000 (52.0%)]	Loss: 0.06703629344701767
[2023-05-03 19:08:04] Train Epoch: 6 [11200/20000 (56.0%)]	Loss: 0.14658880233764648
[2023-05-03 19:08:04] Train Epoch: 6 [12000/20000 (60.0%)]	Loss: 0.12707845866680145
[2023-05-03 19:08:05] Train Epoch: 6 [12800/20000 (64.0%)]	Loss: 0.07304634898900986
[2023-05-03 19:08:05] Train Epoch: 6 [13600/20000 (68.0%)]	Loss: 0.21803966164588928
[2023-05-03 19:08:05] Train Epoch: 6 [14400/20000 (72.0%)]	Loss: 0.12627063691616058
[2023-05-03 19:08:05] Train Epoch: 6 [15200/20000 (76.0%)]	Loss: 0.1290505826473236
[2023-05-03 19:08:06] Train Epoch: 6 [16000/20000 (80.0%)]	Loss: 0.13469229638576508
[2023-05-03 19:08:06] Train Epoch: 6 [16800/20000 (84.0%)]	Loss: 0.28057926893234253
[2023-05-03 19:08:06] Train Epoch: 6 [17600/20000 (88.0%)]	Loss: 0.10401119291782379
[2023-05-03 19:08:07] Train Epoch: 6 [18400/20000 (92.0%)]	Loss: 0.1576884388923645
[2023-05-03 19:08:07] Train Epoch: 6 [19200/20000 (96.0%)]	Loss: 0.06822288781404495
[2023-05-03 19:08:10] ========== Metrics ==========
[2023-05-03 19:08:10] {
  "tr_loss": 0.1535046024478809,
  "tr_acc": 0.9488948894889488,
  "tr_f1": 0.949017260301307,
  "val_loss": 0.41889569216796146,
  "val_acc": 0.808136436311956,
  "val_f1": 0.8092546803249735,
  "test_loss": 0.42906228184376954,
  "test_acc": 0.8184281842818428,
  "test_f1": 0.809116809116809
}
[2023-05-03 19:08:10] ========== Metrics ==========
[2023-05-03 19:08:11] Train Epoch: 7 [0/20000 (0.0%)]	Loss: 0.13642814755439758
[2023-05-03 19:08:12] Train Epoch: 7 [800/20000 (4.0%)]	Loss: 0.1761699914932251
[2023-05-03 19:08:12] Train Epoch: 7 [1600/20000 (8.0%)]	Loss: 0.28686535358428955
[2023-05-03 19:08:12] Train Epoch: 7 [2400/20000 (12.0%)]	Loss: 0.11512041091918945
[2023-05-03 19:08:12] Train Epoch: 7 [3200/20000 (16.0%)]	Loss: 0.1789875328540802
[2023-05-03 19:08:13] Train Epoch: 7 [4000/20000 (20.0%)]	Loss: 0.1601835936307907
[2023-05-03 19:08:13] Train Epoch: 7 [4800/20000 (24.0%)]	Loss: 0.17345449328422546
[2023-05-03 19:08:13] Train Epoch: 7 [5600/20000 (28.0%)]	Loss: 0.1118532344698906
[2023-05-03 19:08:13] Train Epoch: 7 [6400/20000 (32.0%)]	Loss: 0.06527819484472275
[2023-05-03 19:08:14] Train Epoch: 7 [7200/20000 (36.0%)]	Loss: 0.1976141333580017
[2023-05-03 19:08:14] Train Epoch: 7 [8000/20000 (40.0%)]	Loss: 0.07986995577812195
[2023-05-03 19:08:14] Train Epoch: 7 [8800/20000 (44.0%)]	Loss: 0.09060436487197876
[2023-05-03 19:08:15] Train Epoch: 7 [9600/20000 (48.0%)]	Loss: 0.13821572065353394
[2023-05-03 19:08:15] Train Epoch: 7 [10400/20000 (52.0%)]	Loss: 0.234338641166687
[2023-05-03 19:08:15] Train Epoch: 7 [11200/20000 (56.0%)]	Loss: 0.3044227063655853
[2023-05-03 19:08:15] Train Epoch: 7 [12000/20000 (60.0%)]	Loss: 0.1420009732246399
[2023-05-03 19:08:16] Train Epoch: 7 [12800/20000 (64.0%)]	Loss: 0.11063209921121597
[2023-05-03 19:08:16] Train Epoch: 7 [13600/20000 (68.0%)]	Loss: 0.19026809930801392
[2023-05-03 19:08:16] Train Epoch: 7 [14400/20000 (72.0%)]	Loss: 0.13782916963100433
[2023-05-03 19:08:16] Train Epoch: 7 [15200/20000 (76.0%)]	Loss: 0.12072288990020752
[2023-05-03 19:08:17] Train Epoch: 7 [16000/20000 (80.0%)]	Loss: 0.12586146593093872
[2023-05-03 19:08:17] Train Epoch: 7 [16800/20000 (84.0%)]	Loss: 0.1831941157579422
[2023-05-03 19:08:17] Train Epoch: 7 [17600/20000 (88.0%)]	Loss: 0.07683730870485306
[2023-05-03 19:08:17] Train Epoch: 7 [18400/20000 (92.0%)]	Loss: 0.08736847341060638
[2023-05-03 19:08:18] Train Epoch: 7 [19200/20000 (96.0%)]	Loss: 0.2817015051841736
[2023-05-03 19:08:22] ========== Metrics ==========
[2023-05-03 19:08:22] {
  "tr_loss": 0.14851177030383902,
  "tr_acc": 0.9502450245024503,
  "tr_f1": 0.9502823164942786,
  "val_loss": 0.41863965458716607,
  "val_acc": 0.8086693906555339,
  "val_f1": 0.8080556050614864,
  "test_loss": 0.43870857866798957,
  "test_acc": 0.8211382113821138,
  "test_f1": 0.8114285714285714
}
[2023-05-03 19:08:22] ========== Metrics ==========
[2023-05-03 19:08:23] Train Epoch: 8 [0/20000 (0.0%)]	Loss: 0.17469559609889984
[2023-05-03 19:08:23] Train Epoch: 8 [800/20000 (4.0%)]	Loss: 0.17963331937789917
[2023-05-03 19:08:23] Train Epoch: 8 [1600/20000 (8.0%)]	Loss: 0.63889479637146
[2023-05-03 19:08:23] Train Epoch: 8 [2400/20000 (12.0%)]	Loss: 0.10835474729537964
[2023-05-03 19:08:24] Train Epoch: 8 [3200/20000 (16.0%)]	Loss: 0.18481507897377014
[2023-05-03 19:08:24] Train Epoch: 8 [4000/20000 (20.0%)]	Loss: 0.08309279382228851
[2023-05-03 19:08:24] Train Epoch: 8 [4800/20000 (24.0%)]	Loss: 0.10578879714012146
[2023-05-03 19:08:24] Train Epoch: 8 [5600/20000 (28.0%)]	Loss: 0.09921911358833313
[2023-05-03 19:08:25] Train Epoch: 8 [6400/20000 (32.0%)]	Loss: 0.05751824751496315
[2023-05-03 19:08:25] Train Epoch: 8 [7200/20000 (36.0%)]	Loss: 0.24687498807907104
[2023-05-03 19:08:25] Train Epoch: 8 [8000/20000 (40.0%)]	Loss: 0.19246888160705566
[2023-05-03 19:08:25] Train Epoch: 8 [8800/20000 (44.0%)]	Loss: 0.14272621273994446
[2023-05-03 19:08:26] Train Epoch: 8 [9600/20000 (48.0%)]	Loss: 0.139083132147789
[2023-05-03 19:08:26] Train Epoch: 8 [10400/20000 (52.0%)]	Loss: 0.08469205349683762
[2023-05-03 19:08:26] Train Epoch: 8 [11200/20000 (56.0%)]	Loss: 0.1193666160106659
[2023-05-03 19:08:26] Train Epoch: 8 [12000/20000 (60.0%)]	Loss: 0.26946794986724854
[2023-05-03 19:08:27] Train Epoch: 8 [12800/20000 (64.0%)]	Loss: 0.13836689293384552
[2023-05-03 19:08:27] Train Epoch: 8 [13600/20000 (68.0%)]	Loss: 0.12903031706809998
[2023-05-03 19:08:27] Train Epoch: 8 [14400/20000 (72.0%)]	Loss: 0.11817117780447006
[2023-05-03 19:08:27] Train Epoch: 8 [15200/20000 (76.0%)]	Loss: 0.15066832304000854
[2023-05-03 19:08:28] Train Epoch: 8 [16000/20000 (80.0%)]	Loss: 0.19132152199745178
[2023-05-03 19:08:28] Train Epoch: 8 [16800/20000 (84.0%)]	Loss: 0.116631880402565
[2023-05-03 19:08:28] Train Epoch: 8 [17600/20000 (88.0%)]	Loss: 0.1890745609998703
[2023-05-03 19:08:28] Train Epoch: 8 [18400/20000 (92.0%)]	Loss: 0.31894588470458984
[2023-05-03 19:08:28] Train Epoch: 8 [19200/20000 (96.0%)]	Loss: 0.04675842076539993
[2023-05-03 19:08:32] ========== Metrics ==========
[2023-05-03 19:08:32] {
  "tr_loss": 0.15028574380955464,
  "tr_acc": 0.9475447544754475,
  "tr_f1": 0.9475631092226943,
  "val_loss": 0.4187771602260598,
  "val_acc": 0.8079587848640967,
  "val_f1": 0.8078222222222222,
  "test_loss": 0.40839768481771477,
  "test_acc": 0.8184281842818428,
  "test_f1": 0.809116809116809
}
[2023-05-03 19:08:32] ========== Metrics ==========
[2023-05-03 19:08:33] Train Epoch: 9 [0/20000 (0.0%)]	Loss: 0.04830118268728256
[2023-05-03 19:08:33] Train Epoch: 9 [800/20000 (4.0%)]	Loss: 0.28469520807266235
[2023-05-03 19:08:34] Train Epoch: 9 [1600/20000 (8.0%)]	Loss: 0.12870727479457855
[2023-05-03 19:08:34] Train Epoch: 9 [2400/20000 (12.0%)]	Loss: 0.11059888452291489
[2023-05-03 19:08:34] Train Epoch: 9 [3200/20000 (16.0%)]	Loss: 0.09936690330505371
[2023-05-03 19:08:34] Train Epoch: 9 [4000/20000 (20.0%)]	Loss: 0.07644680142402649
[2023-05-03 19:08:35] Train Epoch: 9 [4800/20000 (24.0%)]	Loss: 0.40775561332702637
[2023-05-03 19:08:35] Train Epoch: 9 [5600/20000 (28.0%)]	Loss: 0.1538105607032776
[2023-05-03 19:08:35] Train Epoch: 9 [6400/20000 (32.0%)]	Loss: 0.06430762261152267
[2023-05-03 19:08:35] Train Epoch: 9 [7200/20000 (36.0%)]	Loss: 0.1385762095451355
[2023-05-03 19:08:36] Train Epoch: 9 [8000/20000 (40.0%)]	Loss: 0.08255775272846222
[2023-05-03 19:08:36] Train Epoch: 9 [8800/20000 (44.0%)]	Loss: 0.08517452329397202
[2023-05-03 19:08:36] Train Epoch: 9 [9600/20000 (48.0%)]	Loss: 0.18108008801937103
[2023-05-03 19:08:36] Train Epoch: 9 [10400/20000 (52.0%)]	Loss: 0.06955272704362869
[2023-05-03 19:08:36] Train Epoch: 9 [11200/20000 (56.0%)]	Loss: 0.21936781704425812
[2023-05-03 19:08:37] Train Epoch: 9 [12000/20000 (60.0%)]	Loss: 0.34583309292793274
[2023-05-03 19:08:37] Train Epoch: 9 [12800/20000 (64.0%)]	Loss: 0.1880883425474167
[2023-05-03 19:08:37] Train Epoch: 9 [13600/20000 (68.0%)]	Loss: 0.08603981882333755
[2023-05-03 19:08:37] Train Epoch: 9 [14400/20000 (72.0%)]	Loss: 0.17224948108196259
[2023-05-03 19:08:38] Train Epoch: 9 [15200/20000 (76.0%)]	Loss: 0.06894069910049438
[2023-05-03 19:08:38] Train Epoch: 9 [16000/20000 (80.0%)]	Loss: 0.06394369155168533
[2023-05-03 19:08:38] Train Epoch: 9 [16800/20000 (84.0%)]	Loss: 0.058401886373758316
[2023-05-03 19:08:38] Train Epoch: 9 [17600/20000 (88.0%)]	Loss: 0.15423798561096191
[2023-05-03 19:08:39] Train Epoch: 9 [18400/20000 (92.0%)]	Loss: 0.3130733072757721
[2023-05-03 19:08:39] Train Epoch: 9 [19200/20000 (96.0%)]	Loss: 0.2160034477710724
[2023-05-03 19:08:42] ========== Metrics ==========
[2023-05-03 19:08:42] {
  "tr_loss": 0.1379186817557469,
  "tr_acc": 0.9524952495249525,
  "tr_f1": 0.9525995409639756,
  "val_loss": 0.41899652266337195,
  "val_acc": 0.808136436311956,
  "val_f1": 0.807073954983923,
  "test_loss": 0.5518492941610859,
  "test_acc": 0.8211382113821138,
  "test_f1": 0.8114285714285714
}
[2023-05-03 19:08:42] ========== Metrics ==========
[2023-05-03 19:08:43] Train Epoch: 10 [0/20000 (0.0%)]	Loss: 0.17992517352104187
[2023-05-03 19:08:44] Train Epoch: 10 [800/20000 (4.0%)]	Loss: 0.15038149058818817
[2023-05-03 19:08:44] Train Epoch: 10 [1600/20000 (8.0%)]	Loss: 0.17749427258968353
[2023-05-03 19:08:44] Train Epoch: 10 [2400/20000 (12.0%)]	Loss: 0.11974960565567017
[2023-05-03 19:08:44] Train Epoch: 10 [3200/20000 (16.0%)]	Loss: 0.0994693785905838
[2023-05-03 19:08:45] Train Epoch: 10 [4000/20000 (20.0%)]	Loss: 0.20565500855445862
[2023-05-03 19:08:45] Train Epoch: 10 [4800/20000 (24.0%)]	Loss: 0.15591609477996826
[2023-05-03 19:08:45] Train Epoch: 10 [5600/20000 (28.0%)]	Loss: 0.08370725810527802
[2023-05-03 19:08:45] Train Epoch: 10 [6400/20000 (32.0%)]	Loss: 0.07860608398914337
[2023-05-03 19:08:46] Train Epoch: 10 [7200/20000 (36.0%)]	Loss: 0.13197791576385498
[2023-05-03 19:08:46] Train Epoch: 10 [8000/20000 (40.0%)]	Loss: 0.040057528764009476
[2023-05-03 19:08:46] Train Epoch: 10 [8800/20000 (44.0%)]	Loss: 0.1101125031709671
[2023-05-03 19:08:46] Train Epoch: 10 [9600/20000 (48.0%)]	Loss: 0.07872270047664642
[2023-05-03 19:08:47] Train Epoch: 10 [10400/20000 (52.0%)]	Loss: 0.10300213098526001
[2023-05-03 19:08:47] Train Epoch: 10 [11200/20000 (56.0%)]	Loss: 0.11611895263195038
[2023-05-03 19:08:47] Train Epoch: 10 [12000/20000 (60.0%)]	Loss: 0.07781723886728287
[2023-05-03 19:08:47] Train Epoch: 10 [12800/20000 (64.0%)]	Loss: 0.17693041265010834
[2023-05-03 19:08:48] Train Epoch: 10 [13600/20000 (68.0%)]	Loss: 0.06890241801738739
[2023-05-03 19:08:48] Train Epoch: 10 [14400/20000 (72.0%)]	Loss: 0.21555735170841217
[2023-05-03 19:08:48] Train Epoch: 10 [15200/20000 (76.0%)]	Loss: 0.06825080513954163
[2023-05-03 19:08:48] Train Epoch: 10 [16000/20000 (80.0%)]	Loss: 0.12901440262794495
[2023-05-03 19:08:49] Train Epoch: 10 [16800/20000 (84.0%)]	Loss: 0.09277228266000748
[2023-05-03 19:08:49] Train Epoch: 10 [17600/20000 (88.0%)]	Loss: 0.10023517161607742
[2023-05-03 19:08:49] Train Epoch: 10 [18400/20000 (92.0%)]	Loss: 0.12104109674692154
[2023-05-03 19:08:49] Train Epoch: 10 [19200/20000 (96.0%)]	Loss: 0.29759275913238525
[2023-05-03 19:08:53] ========== Metrics ==========
[2023-05-03 19:08:53] {
  "tr_loss": 0.13644951412586323,
  "tr_acc": 0.9547954795479549,
  "tr_f1": 0.9548992217122332,
  "val_loss": 0.4191332353031811,
  "val_acc": 0.8076034819683781,
  "val_f1": 0.8061571505280115,
  "test_loss": 0.5075792439261749,
  "test_acc": 0.8184281842818428,
  "test_f1": 0.8080229226361032
}
[2023-05-03 19:08:53] ========== Metrics ==========
[2023-05-03 19:08:54] Train Epoch: 11 [0/20000 (0.0%)]	Loss: 0.12452156096696854
[2023-05-03 19:08:54] Train Epoch: 11 [800/20000 (4.0%)]	Loss: 0.1350887566804886
[2023-05-03 19:08:54] Train Epoch: 11 [1600/20000 (8.0%)]	Loss: 0.35260313749313354
[2023-05-03 19:08:55] Train Epoch: 11 [2400/20000 (12.0%)]	Loss: 0.09810835868120193
[2023-05-03 19:08:55] Train Epoch: 11 [3200/20000 (16.0%)]	Loss: 0.14417664706707
[2023-05-03 19:08:55] Train Epoch: 11 [4000/20000 (20.0%)]	Loss: 0.16539275646209717
[2023-05-03 19:08:56] Train Epoch: 11 [4800/20000 (24.0%)]	Loss: 0.19269631803035736
[2023-05-03 19:08:56] Train Epoch: 11 [5600/20000 (28.0%)]	Loss: 0.03219229727983475
[2023-05-03 19:08:56] Train Epoch: 11 [6400/20000 (32.0%)]	Loss: 0.07260847091674805
[2023-05-03 19:08:56] Train Epoch: 11 [7200/20000 (36.0%)]	Loss: 0.048624347895383835
[2023-05-03 19:08:57] Train Epoch: 11 [8000/20000 (40.0%)]	Loss: 0.13704298436641693
[2023-05-03 19:08:57] Train Epoch: 11 [8800/20000 (44.0%)]	Loss: 0.22176794707775116
[2023-05-03 19:08:57] Train Epoch: 11 [9600/20000 (48.0%)]	Loss: 0.04623318463563919
[2023-05-03 19:08:57] Train Epoch: 11 [10400/20000 (52.0%)]	Loss: 0.09575993567705154
[2023-05-03 19:08:58] Train Epoch: 11 [11200/20000 (56.0%)]	Loss: 0.08423378318548203
[2023-05-03 19:08:58] Train Epoch: 11 [12000/20000 (60.0%)]	Loss: 0.15511713922023773
[2023-05-03 19:08:58] Train Epoch: 11 [12800/20000 (64.0%)]	Loss: 0.11319466680288315
[2023-05-03 19:08:58] Train Epoch: 11 [13600/20000 (68.0%)]	Loss: 0.23465801775455475
[2023-05-03 19:08:59] Train Epoch: 11 [14400/20000 (72.0%)]	Loss: 0.09205786883831024
[2023-05-03 19:08:59] Train Epoch: 11 [15200/20000 (76.0%)]	Loss: 0.06542468816041946
[2023-05-03 19:08:59] Train Epoch: 11 [16000/20000 (80.0%)]	Loss: 0.08523291349411011
[2023-05-03 19:08:59] Train Epoch: 11 [16800/20000 (84.0%)]	Loss: 0.24447157979011536
[2023-05-03 19:09:00] Train Epoch: 11 [17600/20000 (88.0%)]	Loss: 0.074964240193367
[2023-05-03 19:09:00] Train Epoch: 11 [18400/20000 (92.0%)]	Loss: 0.4309603273868561
[2023-05-03 19:09:00] Train Epoch: 11 [19200/20000 (96.0%)]	Loss: 0.07582159340381622
[2023-05-03 19:09:03] Stop At epoch 11/20 due to valid not increase
[2023-05-03 19:09:04] ========== Metrics ==========
[2023-05-03 19:09:04] {
  "tr_loss": 0.13146038090411347,
  "tr_acc": 0.9545454545454546,
  "tr_f1": 0.9545431814772216,
  "val_loss": 0.41917701236814986,
  "val_acc": 0.8079587848640967,
  "val_f1": 0.8069987502231745,
  "test_loss": 0.4230406600931473,
  "test_acc": 0.8184281842818428,
  "test_f1": 0.8080229226361032
}
[2023-05-03 19:09:04] ========== Metrics ==========
