[2023-05-03 17:02:40] Train Epoch: 1 [0/20000 (0.0%)]	Loss: 0.7034471035003662
[2023-05-03 17:02:41] Train Epoch: 1 [800/20000 (4.0%)]	Loss: 0.6838189363479614
[2023-05-03 17:02:41] Train Epoch: 1 [1600/20000 (8.0%)]	Loss: 0.7655215263366699
[2023-05-03 17:02:41] Train Epoch: 1 [2400/20000 (12.0%)]	Loss: 0.6900689601898193
[2023-05-03 17:02:42] Train Epoch: 1 [3200/20000 (16.0%)]	Loss: 0.6501275300979614
[2023-05-03 17:02:42] Train Epoch: 1 [4000/20000 (20.0%)]	Loss: 0.6888121366500854
[2023-05-03 17:02:42] Train Epoch: 1 [4800/20000 (24.0%)]	Loss: 0.7203531861305237
[2023-05-03 17:02:43] Train Epoch: 1 [5600/20000 (28.0%)]	Loss: 0.6928563117980957
[2023-05-03 17:02:43] Train Epoch: 1 [6400/20000 (32.0%)]	Loss: 0.6948668360710144
[2023-05-03 17:02:43] Train Epoch: 1 [7200/20000 (36.0%)]	Loss: 0.6704840660095215
[2023-05-03 17:02:43] Train Epoch: 1 [8000/20000 (40.0%)]	Loss: 0.7021137475967407
[2023-05-03 17:02:44] Train Epoch: 1 [8800/20000 (44.0%)]	Loss: 0.6458931565284729
[2023-05-03 17:02:44] Train Epoch: 1 [9600/20000 (48.0%)]	Loss: 0.7081010341644287
[2023-05-03 17:02:44] Train Epoch: 1 [10400/20000 (52.0%)]	Loss: 0.6430075168609619
[2023-05-03 17:02:45] Train Epoch: 1 [11200/20000 (56.0%)]	Loss: 0.5784252882003784
[2023-05-03 17:02:45] Train Epoch: 1 [12000/20000 (60.0%)]	Loss: 0.6830497980117798
[2023-05-03 17:02:45] Train Epoch: 1 [12800/20000 (64.0%)]	Loss: 0.6574593782424927
[2023-05-03 17:02:46] Train Epoch: 1 [13600/20000 (68.0%)]	Loss: 0.6578779220581055
[2023-05-03 17:02:46] Train Epoch: 1 [14400/20000 (72.0%)]	Loss: 0.6743099093437195
[2023-05-03 17:02:46] Train Epoch: 1 [15200/20000 (76.0%)]	Loss: 0.5747457146644592
[2023-05-03 17:02:47] Train Epoch: 1 [16000/20000 (80.0%)]	Loss: 0.5966277122497559
[2023-05-03 17:02:47] Train Epoch: 1 [16800/20000 (84.0%)]	Loss: 0.6687518358230591
[2023-05-03 17:02:47] Train Epoch: 1 [17600/20000 (88.0%)]	Loss: 0.6151430606842041
[2023-05-03 17:02:48] Train Epoch: 1 [18400/20000 (92.0%)]	Loss: 0.569297194480896
[2023-05-03 17:02:48] Train Epoch: 1 [19200/20000 (96.0%)]	Loss: 0.5839513540267944
[2023-05-03 17:02:52] ========== Metrics ==========
[2023-05-03 17:02:52] {
  "tr_loss": 0.665650421910935,
  "tr_acc": 0.5935593559355936,
  "tr_f1": 0.6022705030338619,
  "val_loss": 0.6098191321775024,
  "val_acc": 0.7370758571682359,
  "val_f1": 0.7598961713173265,
  "test_loss": 0.625485081659746,
  "test_acc": 0.7588075880758808,
  "test_f1": 0.7688311688311689
}
[2023-05-03 17:02:52] ========== Metrics ==========
[2023-05-03 17:02:52] Train Epoch: 2 [0/20000 (0.0%)]	Loss: 0.5392927527427673
[2023-05-03 17:02:53] Train Epoch: 2 [800/20000 (4.0%)]	Loss: 0.3884674310684204
[2023-05-03 17:02:53] Train Epoch: 2 [1600/20000 (8.0%)]	Loss: 0.4650436341762543
[2023-05-03 17:02:53] Train Epoch: 2 [2400/20000 (12.0%)]	Loss: 0.5552700161933899
[2023-05-03 17:02:54] Train Epoch: 2 [3200/20000 (16.0%)]	Loss: 0.5437662601470947
[2023-05-03 17:02:54] Train Epoch: 2 [4000/20000 (20.0%)]	Loss: 0.7190782427787781
[2023-05-03 17:02:54] Train Epoch: 2 [4800/20000 (24.0%)]	Loss: 0.5543030500411987
[2023-05-03 17:02:55] Train Epoch: 2 [5600/20000 (28.0%)]	Loss: 0.5420866012573242
[2023-05-03 17:02:55] Train Epoch: 2 [6400/20000 (32.0%)]	Loss: 0.4969862103462219
[2023-05-03 17:02:55] Train Epoch: 2 [7200/20000 (36.0%)]	Loss: 0.6064246296882629
[2023-05-03 17:02:56] Train Epoch: 2 [8000/20000 (40.0%)]	Loss: 0.6519690155982971
[2023-05-03 17:02:56] Train Epoch: 2 [8800/20000 (44.0%)]	Loss: 0.3827984035015106
[2023-05-03 17:02:56] Train Epoch: 2 [9600/20000 (48.0%)]	Loss: 0.42026472091674805
[2023-05-03 17:02:57] Train Epoch: 2 [10400/20000 (52.0%)]	Loss: 0.6042168140411377
[2023-05-03 17:02:57] Train Epoch: 2 [11200/20000 (56.0%)]	Loss: 0.4997611343860626
[2023-05-03 17:02:57] Train Epoch: 2 [12000/20000 (60.0%)]	Loss: 0.48624441027641296
[2023-05-03 17:02:58] Train Epoch: 2 [12800/20000 (64.0%)]	Loss: 0.6722671389579773
[2023-05-03 17:02:58] Train Epoch: 2 [13600/20000 (68.0%)]	Loss: 0.4295406639575958
[2023-05-03 17:02:58] Train Epoch: 2 [14400/20000 (72.0%)]	Loss: 0.6153450012207031
[2023-05-03 17:02:58] Train Epoch: 2 [15200/20000 (76.0%)]	Loss: 0.5746360421180725
[2023-05-03 17:02:59] Train Epoch: 2 [16000/20000 (80.0%)]	Loss: 0.4049721956253052
[2023-05-03 17:02:59] Train Epoch: 2 [16800/20000 (84.0%)]	Loss: 0.8142738938331604
[2023-05-03 17:02:59] Train Epoch: 2 [17600/20000 (88.0%)]	Loss: 0.7562994956970215
[2023-05-03 17:03:00] Train Epoch: 2 [18400/20000 (92.0%)]	Loss: 0.5459996461868286
[2023-05-03 17:03:00] Train Epoch: 2 [19200/20000 (96.0%)]	Loss: 0.4686334431171417
[2023-05-03 17:03:04] ========== Metrics ==========
[2023-05-03 17:03:04] {
  "tr_loss": 0.5230453053001451,
  "tr_acc": 0.7560756075607561,
  "tr_f1": 0.7551696446496687,
  "val_loss": 0.5032866033742813,
  "val_acc": 0.7720731923965181,
  "val_f1": 0.7488745351340772,
  "test_loss": 0.4987083187271263,
  "test_acc": 0.7642276422764228,
  "test_f1": 0.7323076923076922
}
[2023-05-03 17:03:04] ========== Metrics ==========
[2023-05-03 17:03:04] Train Epoch: 3 [0/20000 (0.0%)]	Loss: 0.39458316564559937
[2023-05-03 17:03:05] Train Epoch: 3 [800/20000 (4.0%)]	Loss: 0.45416784286499023
[2023-05-03 17:03:05] Train Epoch: 3 [1600/20000 (8.0%)]	Loss: 0.5140091776847839
[2023-05-03 17:03:05] Train Epoch: 3 [2400/20000 (12.0%)]	Loss: 0.4164067506790161
[2023-05-03 17:03:06] Train Epoch: 3 [3200/20000 (16.0%)]	Loss: 0.4595896303653717
[2023-05-03 17:03:06] Train Epoch: 3 [4000/20000 (20.0%)]	Loss: 0.614096462726593
[2023-05-03 17:03:06] Train Epoch: 3 [4800/20000 (24.0%)]	Loss: 0.37176892161369324
[2023-05-03 17:03:07] Train Epoch: 3 [5600/20000 (28.0%)]	Loss: 0.6190016269683838
[2023-05-03 17:03:07] Train Epoch: 3 [6400/20000 (32.0%)]	Loss: 0.596566379070282
[2023-05-03 17:03:07] Train Epoch: 3 [7200/20000 (36.0%)]	Loss: 0.40432751178741455
[2023-05-03 17:03:07] Train Epoch: 3 [8000/20000 (40.0%)]	Loss: 0.43019360303878784
[2023-05-03 17:03:08] Train Epoch: 3 [8800/20000 (44.0%)]	Loss: 0.2497708797454834
[2023-05-03 17:03:08] Train Epoch: 3 [9600/20000 (48.0%)]	Loss: 0.4688624441623688
[2023-05-03 17:03:08] Train Epoch: 3 [10400/20000 (52.0%)]	Loss: 0.5618923306465149
[2023-05-03 17:03:09] Train Epoch: 3 [11200/20000 (56.0%)]	Loss: 0.26464250683784485
[2023-05-03 17:03:09] Train Epoch: 3 [12000/20000 (60.0%)]	Loss: 0.40543487668037415
[2023-05-03 17:03:09] Train Epoch: 3 [12800/20000 (64.0%)]	Loss: 0.4001450538635254
[2023-05-03 17:03:10] Train Epoch: 3 [13600/20000 (68.0%)]	Loss: 0.3454207181930542
[2023-05-03 17:03:10] Train Epoch: 3 [14400/20000 (72.0%)]	Loss: 0.3809219002723694
[2023-05-03 17:03:10] Train Epoch: 3 [15200/20000 (76.0%)]	Loss: 0.4301866590976715
[2023-05-03 17:03:10] Train Epoch: 3 [16000/20000 (80.0%)]	Loss: 0.5423436760902405
[2023-05-03 17:03:11] Train Epoch: 3 [16800/20000 (84.0%)]	Loss: 0.24008505046367645
[2023-05-03 17:03:11] Train Epoch: 3 [17600/20000 (88.0%)]	Loss: 0.24882812798023224
[2023-05-03 17:03:11] Train Epoch: 3 [18400/20000 (92.0%)]	Loss: 0.35792747139930725
[2023-05-03 17:03:12] Train Epoch: 3 [19200/20000 (96.0%)]	Loss: 0.43498459458351135
[2023-05-03 17:03:15] ========== Metrics ==========
[2023-05-03 17:03:15] {
  "tr_loss": 0.3800742869461068,
  "tr_acc": 0.8402840284028403,
  "tr_f1": 0.8393844916021322,
  "val_loss": 0.449868435333626,
  "val_acc": 0.8033398472197548,
  "val_f1": 0.8031300017784102,
  "test_loss": 0.4315527092796677,
  "test_acc": 0.7777777777777778,
  "test_f1": 0.7616279069767441
}
[2023-05-03 17:03:15] ========== Metrics ==========
[2023-05-03 17:03:16] Train Epoch: 4 [0/20000 (0.0%)]	Loss: 0.31517019867897034
[2023-05-03 17:03:16] Train Epoch: 4 [800/20000 (4.0%)]	Loss: 0.17630299925804138
[2023-05-03 17:03:17] Train Epoch: 4 [1600/20000 (8.0%)]	Loss: 0.253883421421051
[2023-05-03 17:03:17] Train Epoch: 4 [2400/20000 (12.0%)]	Loss: 0.26492053270339966
[2023-05-03 17:03:17] Train Epoch: 4 [3200/20000 (16.0%)]	Loss: 0.20120058953762054
[2023-05-03 17:03:18] Train Epoch: 4 [4000/20000 (20.0%)]	Loss: 0.36329174041748047
[2023-05-03 17:03:18] Train Epoch: 4 [4800/20000 (24.0%)]	Loss: 0.3475610017776489
[2023-05-03 17:03:18] Train Epoch: 4 [5600/20000 (28.0%)]	Loss: 0.5272583365440369
[2023-05-03 17:03:18] Train Epoch: 4 [6400/20000 (32.0%)]	Loss: 0.29908695816993713
[2023-05-03 17:03:19] Train Epoch: 4 [7200/20000 (36.0%)]	Loss: 0.19047211110591888
[2023-05-03 17:03:19] Train Epoch: 4 [8000/20000 (40.0%)]	Loss: 0.4030035734176636
[2023-05-03 17:03:19] Train Epoch: 4 [8800/20000 (44.0%)]	Loss: 0.1579408347606659
[2023-05-03 17:03:20] Train Epoch: 4 [9600/20000 (48.0%)]	Loss: 0.35200706124305725
[2023-05-03 17:03:20] Train Epoch: 4 [10400/20000 (52.0%)]	Loss: 0.17911529541015625
[2023-05-03 17:03:20] Train Epoch: 4 [11200/20000 (56.0%)]	Loss: 0.17072367668151855
[2023-05-03 17:03:20] Train Epoch: 4 [12000/20000 (60.0%)]	Loss: 0.19142815470695496
[2023-05-03 17:03:21] Train Epoch: 4 [12800/20000 (64.0%)]	Loss: 0.22576221823692322
[2023-05-03 17:03:21] Train Epoch: 4 [13600/20000 (68.0%)]	Loss: 0.22077082097530365
[2023-05-03 17:03:21] Train Epoch: 4 [14400/20000 (72.0%)]	Loss: 0.37278568744659424
[2023-05-03 17:03:22] Train Epoch: 4 [15200/20000 (76.0%)]	Loss: 0.14033150672912598
[2023-05-03 17:03:22] Train Epoch: 4 [16000/20000 (80.0%)]	Loss: 0.3639988899230957
[2023-05-03 17:03:22] Train Epoch: 4 [16800/20000 (84.0%)]	Loss: 0.5217655301094055
[2023-05-03 17:03:22] Train Epoch: 4 [17600/20000 (88.0%)]	Loss: 0.22687247395515442
[2023-05-03 17:03:23] Train Epoch: 4 [18400/20000 (92.0%)]	Loss: 0.3814339339733124
[2023-05-03 17:03:23] Train Epoch: 4 [19200/20000 (96.0%)]	Loss: 0.11057545244693756
[2023-05-03 17:03:27] ========== Metrics ==========
[2023-05-03 17:03:27] {
  "tr_loss": 0.2793961413706144,
  "tr_acc": 0.8933893389338934,
  "tr_f1": 0.8933146517213771,
  "val_loss": 0.4302820472146334,
  "val_acc": 0.8061822703855036,
  "val_f1": 0.7985970094148052,
  "test_loss": 0.4147361491107682,
  "test_acc": 0.7777777777777778,
  "test_f1": 0.7515151515151516
}
[2023-05-03 17:03:27] ========== Metrics ==========
[2023-05-03 17:03:27] Train Epoch: 5 [0/20000 (0.0%)]	Loss: 0.12830056250095367
[2023-05-03 17:03:28] Train Epoch: 5 [800/20000 (4.0%)]	Loss: 0.12006233632564545
[2023-05-03 17:03:28] Train Epoch: 5 [1600/20000 (8.0%)]	Loss: 0.0744684636592865
[2023-05-03 17:03:28] Train Epoch: 5 [2400/20000 (12.0%)]	Loss: 0.13881447911262512
[2023-05-03 17:03:29] Train Epoch: 5 [3200/20000 (16.0%)]	Loss: 0.19677849113941193
[2023-05-03 17:03:29] Train Epoch: 5 [4000/20000 (20.0%)]	Loss: 0.2537938356399536
[2023-05-03 17:03:29] Train Epoch: 5 [4800/20000 (24.0%)]	Loss: 0.11437343806028366
[2023-05-03 17:03:30] Train Epoch: 5 [5600/20000 (28.0%)]	Loss: 0.23947399854660034
[2023-05-03 17:03:30] Train Epoch: 5 [6400/20000 (32.0%)]	Loss: 0.20489782094955444
[2023-05-03 17:03:30] Train Epoch: 5 [7200/20000 (36.0%)]	Loss: 0.23395799100399017
[2023-05-03 17:03:31] Train Epoch: 5 [8000/20000 (40.0%)]	Loss: 0.42365050315856934
[2023-05-03 17:03:31] Train Epoch: 5 [8800/20000 (44.0%)]	Loss: 0.23849408328533173
[2023-05-03 17:03:31] Train Epoch: 5 [9600/20000 (48.0%)]	Loss: 0.20810605585575104
[2023-05-03 17:03:32] Train Epoch: 5 [10400/20000 (52.0%)]	Loss: 0.24318796396255493
[2023-05-03 17:03:32] Train Epoch: 5 [11200/20000 (56.0%)]	Loss: 0.15107956528663635
[2023-05-03 17:03:32] Train Epoch: 5 [12000/20000 (60.0%)]	Loss: 0.16069918870925903
[2023-05-03 17:03:33] Train Epoch: 5 [12800/20000 (64.0%)]	Loss: 0.2351038008928299
[2023-05-03 17:03:33] Train Epoch: 5 [13600/20000 (68.0%)]	Loss: 0.21508951485157013
[2023-05-03 17:03:33] Train Epoch: 5 [14400/20000 (72.0%)]	Loss: 0.08764477074146271
[2023-05-03 17:03:34] Train Epoch: 5 [15200/20000 (76.0%)]	Loss: 0.21552236378192902
[2023-05-03 17:03:34] Train Epoch: 5 [16000/20000 (80.0%)]	Loss: 0.16711083054542542
[2023-05-03 17:03:34] Train Epoch: 5 [16800/20000 (84.0%)]	Loss: 0.13084270060062408
[2023-05-03 17:03:35] Train Epoch: 5 [17600/20000 (88.0%)]	Loss: 0.13274796307086945
[2023-05-03 17:03:35] Train Epoch: 5 [18400/20000 (92.0%)]	Loss: 0.18923446536064148
[2023-05-03 17:03:35] Train Epoch: 5 [19200/20000 (96.0%)]	Loss: 0.34140199422836304
[2023-05-03 17:03:39] ========== Metrics ==========
[2023-05-03 17:03:39] {
  "tr_loss": 0.20736612775812435,
  "tr_acc": 0.9232923292329233,
  "tr_f1": 0.9232462723906735,
  "val_loss": 0.42190859169112066,
  "val_acc": 0.8068928761769408,
  "val_f1": 0.808660447104383,
  "test_loss": 0.40302250249599053,
  "test_acc": 0.8075880758807588,
  "test_f1": 0.7977207977207976
}
[2023-05-03 17:03:39] ========== Metrics ==========
[2023-05-03 17:03:40] Train Epoch: 6 [0/20000 (0.0%)]	Loss: 0.08320574462413788
[2023-05-03 17:03:40] Train Epoch: 6 [800/20000 (4.0%)]	Loss: 0.15924254059791565
[2023-05-03 17:03:40] Train Epoch: 6 [1600/20000 (8.0%)]	Loss: 0.16556981205940247
[2023-05-03 17:03:41] Train Epoch: 6 [2400/20000 (12.0%)]	Loss: 0.3544711172580719
[2023-05-03 17:03:41] Train Epoch: 6 [3200/20000 (16.0%)]	Loss: 0.09520457684993744
[2023-05-03 17:03:41] Train Epoch: 6 [4000/20000 (20.0%)]	Loss: 0.36019399762153625
[2023-05-03 17:03:42] Train Epoch: 6 [4800/20000 (24.0%)]	Loss: 0.11887892335653305
[2023-05-03 17:03:42] Train Epoch: 6 [5600/20000 (28.0%)]	Loss: 0.09265362471342087
[2023-05-03 17:03:42] Train Epoch: 6 [6400/20000 (32.0%)]	Loss: 0.179241344332695
[2023-05-03 17:03:43] Train Epoch: 6 [7200/20000 (36.0%)]	Loss: 0.2726415991783142
[2023-05-03 17:03:43] Train Epoch: 6 [8000/20000 (40.0%)]	Loss: 0.32027900218963623
[2023-05-03 17:03:43] Train Epoch: 6 [8800/20000 (44.0%)]	Loss: 0.43836838006973267
[2023-05-03 17:03:44] Train Epoch: 6 [9600/20000 (48.0%)]	Loss: 0.1877565085887909
[2023-05-03 17:03:44] Train Epoch: 6 [10400/20000 (52.0%)]	Loss: 0.1311228722333908
[2023-05-03 17:03:44] Train Epoch: 6 [11200/20000 (56.0%)]	Loss: 0.19288985431194305
[2023-05-03 17:03:45] Train Epoch: 6 [12000/20000 (60.0%)]	Loss: 0.09358064830303192
[2023-05-03 17:03:45] Train Epoch: 6 [12800/20000 (64.0%)]	Loss: 0.08482396602630615
[2023-05-03 17:03:45] Train Epoch: 6 [13600/20000 (68.0%)]	Loss: 0.09962333738803864
[2023-05-03 17:03:46] Train Epoch: 6 [14400/20000 (72.0%)]	Loss: 0.09227200597524643
[2023-05-03 17:03:46] Train Epoch: 6 [15200/20000 (76.0%)]	Loss: 0.26285192370414734
[2023-05-03 17:03:46] Train Epoch: 6 [16000/20000 (80.0%)]	Loss: 0.18915487825870514
[2023-05-03 17:03:47] Train Epoch: 6 [16800/20000 (84.0%)]	Loss: 0.07868123054504395
[2023-05-03 17:03:47] Train Epoch: 6 [17600/20000 (88.0%)]	Loss: 0.14136359095573425
[2023-05-03 17:03:47] Train Epoch: 6 [18400/20000 (92.0%)]	Loss: 0.19709143042564392
[2023-05-03 17:03:48] Train Epoch: 6 [19200/20000 (96.0%)]	Loss: 0.07073508948087692
[2023-05-03 17:03:51] ========== Metrics ==========
[2023-05-03 17:03:51] {
  "tr_loss": 0.14897079642402708,
  "tr_acc": 0.9498449844984499,
  "tr_f1": 0.9497268307353015,
  "val_loss": 0.4213854622980654,
  "val_acc": 0.8067152247290815,
  "val_f1": 0.8073654390934843,
  "test_loss": 0.4309546036448905,
  "test_acc": 0.8021680216802168,
  "test_f1": 0.7896253602305475
}
[2023-05-03 17:03:51] ========== Metrics ==========
[2023-05-03 17:03:52] Train Epoch: 7 [0/20000 (0.0%)]	Loss: 0.149355947971344
[2023-05-03 17:03:52] Train Epoch: 7 [800/20000 (4.0%)]	Loss: 0.05945367366075516
[2023-05-03 17:03:53] Train Epoch: 7 [1600/20000 (8.0%)]	Loss: 0.20040170848369598
[2023-05-03 17:03:53] Train Epoch: 7 [2400/20000 (12.0%)]	Loss: 0.06891695410013199
[2023-05-03 17:03:53] Train Epoch: 7 [3200/20000 (16.0%)]	Loss: 0.10907726734876633
[2023-05-03 17:03:53] Train Epoch: 7 [4000/20000 (20.0%)]	Loss: 0.05376685410737991
[2023-05-03 17:03:54] Train Epoch: 7 [4800/20000 (24.0%)]	Loss: 0.2922080159187317
[2023-05-03 17:03:54] Train Epoch: 7 [5600/20000 (28.0%)]	Loss: 0.1282610297203064
[2023-05-03 17:03:54] Train Epoch: 7 [6400/20000 (32.0%)]	Loss: 0.04665506258606911
[2023-05-03 17:03:55] Train Epoch: 7 [7200/20000 (36.0%)]	Loss: 0.11587990075349808
[2023-05-03 17:03:55] Train Epoch: 7 [8000/20000 (40.0%)]	Loss: 0.22945533692836761
[2023-05-03 17:03:55] Train Epoch: 7 [8800/20000 (44.0%)]	Loss: 0.1261155605316162
[2023-05-03 17:03:56] Train Epoch: 7 [9600/20000 (48.0%)]	Loss: 0.1812094748020172
[2023-05-03 17:03:56] Train Epoch: 7 [10400/20000 (52.0%)]	Loss: 0.27432557940483093
[2023-05-03 17:03:56] Train Epoch: 7 [11200/20000 (56.0%)]	Loss: 0.16084153950214386
[2023-05-03 17:03:57] Train Epoch: 7 [12000/20000 (60.0%)]	Loss: 0.11863626539707184
[2023-05-03 17:03:57] Train Epoch: 7 [12800/20000 (64.0%)]	Loss: 0.07755100727081299
[2023-05-03 17:03:57] Train Epoch: 7 [13600/20000 (68.0%)]	Loss: 0.15443556010723114
[2023-05-03 17:03:57] Train Epoch: 7 [14400/20000 (72.0%)]	Loss: 0.15655724704265594
[2023-05-03 17:03:58] Train Epoch: 7 [15200/20000 (76.0%)]	Loss: 0.1731145679950714
[2023-05-03 17:03:58] Train Epoch: 7 [16000/20000 (80.0%)]	Loss: 0.05585553124547005
[2023-05-03 17:03:58] Train Epoch: 7 [16800/20000 (84.0%)]	Loss: 0.12771977484226227
[2023-05-03 17:03:59] Train Epoch: 7 [17600/20000 (88.0%)]	Loss: 0.09327966719865799
[2023-05-03 17:03:59] Train Epoch: 7 [18400/20000 (92.0%)]	Loss: 0.06369765102863312
[2023-05-03 17:03:59] Train Epoch: 7 [19200/20000 (96.0%)]	Loss: 0.15093198418617249
[2023-05-03 17:04:03] ========== Metrics ==========
[2023-05-03 17:04:03] {
  "tr_loss": 0.14953434061963555,
  "tr_acc": 0.9482948294829483,
  "tr_f1": 0.948180815876516,
  "val_loss": 0.42095415332554964,
  "val_acc": 0.8070705276248001,
  "val_f1": 0.8067615658362989,
  "test_loss": 0.3950813863335586,
  "test_acc": 0.7994579945799458,
  "test_f1": 0.7848837209302326
}
[2023-05-03 17:04:03] ========== Metrics ==========
[2023-05-03 17:04:04] Train Epoch: 8 [0/20000 (0.0%)]	Loss: 0.1184091717004776
[2023-05-03 17:04:04] Train Epoch: 8 [800/20000 (4.0%)]	Loss: 0.36911776661872864
[2023-05-03 17:04:04] Train Epoch: 8 [1600/20000 (8.0%)]	Loss: 0.10470370948314667
[2023-05-03 17:04:05] Train Epoch: 8 [2400/20000 (12.0%)]	Loss: 0.11199666559696198
[2023-05-03 17:04:05] Train Epoch: 8 [3200/20000 (16.0%)]	Loss: 0.2474140226840973
[2023-05-03 17:04:05] Train Epoch: 8 [4000/20000 (20.0%)]	Loss: 0.22312171757221222
[2023-05-03 17:04:06] Train Epoch: 8 [4800/20000 (24.0%)]	Loss: 0.032363928854465485
[2023-05-03 17:04:06] Train Epoch: 8 [5600/20000 (28.0%)]	Loss: 0.05962001159787178
[2023-05-03 17:04:06] Train Epoch: 8 [6400/20000 (32.0%)]	Loss: 0.16428643465042114
[2023-05-03 17:04:07] Train Epoch: 8 [7200/20000 (36.0%)]	Loss: 0.14322496950626373
[2023-05-03 17:04:07] Train Epoch: 8 [8000/20000 (40.0%)]	Loss: 0.2882295548915863
[2023-05-03 17:04:07] Train Epoch: 8 [8800/20000 (44.0%)]	Loss: 0.13197457790374756
[2023-05-03 17:04:07] Train Epoch: 8 [9600/20000 (48.0%)]	Loss: 0.13768838346004486
[2023-05-03 17:04:08] Train Epoch: 8 [10400/20000 (52.0%)]	Loss: 0.13447529077529907
[2023-05-03 17:04:08] Train Epoch: 8 [11200/20000 (56.0%)]	Loss: 0.10208503901958466
[2023-05-03 17:04:08] Train Epoch: 8 [12000/20000 (60.0%)]	Loss: 0.06637920439243317
[2023-05-03 17:04:09] Train Epoch: 8 [12800/20000 (64.0%)]	Loss: 0.13069340586662292
[2023-05-03 17:04:09] Train Epoch: 8 [13600/20000 (68.0%)]	Loss: 0.054792433977127075
[2023-05-03 17:04:09] Train Epoch: 8 [14400/20000 (72.0%)]	Loss: 0.14712770283222198
[2023-05-03 17:04:10] Train Epoch: 8 [15200/20000 (76.0%)]	Loss: 0.20945261418819427
[2023-05-03 17:04:10] Train Epoch: 8 [16000/20000 (80.0%)]	Loss: 0.14979290962219238
[2023-05-03 17:04:10] Train Epoch: 8 [16800/20000 (84.0%)]	Loss: 0.11001485586166382
[2023-05-03 17:04:11] Train Epoch: 8 [17600/20000 (88.0%)]	Loss: 0.05323302000761032
[2023-05-03 17:04:11] Train Epoch: 8 [18400/20000 (92.0%)]	Loss: 0.03569701686501503
[2023-05-03 17:04:11] Train Epoch: 8 [19200/20000 (96.0%)]	Loss: 0.1660810261964798
[2023-05-03 17:04:15] ========== Metrics ==========
[2023-05-03 17:04:15] {
  "tr_loss": 0.14404920151721526,
  "tr_acc": 0.9499449944994499,
  "tr_f1": 0.9498270763370258,
  "val_loss": 0.42084463918838055,
  "val_acc": 0.808136436311956,
  "val_f1": 0.8088495575221238,
  "test_loss": 0.41155016713026094,
  "test_acc": 0.7994579945799458,
  "test_f1": 0.7873563218390806
}
[2023-05-03 17:04:15] ========== Metrics ==========
[2023-05-03 17:04:16] Train Epoch: 9 [0/20000 (0.0%)]	Loss: 0.06437985599040985
[2023-05-03 17:04:16] Train Epoch: 9 [800/20000 (4.0%)]	Loss: 0.09456800669431686
[2023-05-03 17:04:16] Train Epoch: 9 [1600/20000 (8.0%)]	Loss: 0.09994246065616608
[2023-05-03 17:04:16] Train Epoch: 9 [2400/20000 (12.0%)]	Loss: 0.06120026111602783
[2023-05-03 17:04:17] Train Epoch: 9 [3200/20000 (16.0%)]	Loss: 0.10780832171440125
[2023-05-03 17:04:17] Train Epoch: 9 [4000/20000 (20.0%)]	Loss: 0.3026793301105499
[2023-05-03 17:04:17] Train Epoch: 9 [4800/20000 (24.0%)]	Loss: 0.11556332558393478
[2023-05-03 17:04:18] Train Epoch: 9 [5600/20000 (28.0%)]	Loss: 0.2808699905872345
[2023-05-03 17:04:18] Train Epoch: 9 [6400/20000 (32.0%)]	Loss: 0.05660245940089226
[2023-05-03 17:04:18] Train Epoch: 9 [7200/20000 (36.0%)]	Loss: 0.2463642954826355
[2023-05-03 17:04:18] Train Epoch: 9 [8000/20000 (40.0%)]	Loss: 0.12007559835910797
[2023-05-03 17:04:19] Train Epoch: 9 [8800/20000 (44.0%)]	Loss: 0.11734333634376526
[2023-05-03 17:04:19] Train Epoch: 9 [9600/20000 (48.0%)]	Loss: 0.14963093400001526
[2023-05-03 17:04:19] Train Epoch: 9 [10400/20000 (52.0%)]	Loss: 0.11605808883905411
[2023-05-03 17:04:20] Train Epoch: 9 [11200/20000 (56.0%)]	Loss: 0.08727797120809555
[2023-05-03 17:04:20] Train Epoch: 9 [12000/20000 (60.0%)]	Loss: 0.14663514494895935
[2023-05-03 17:04:20] Train Epoch: 9 [12800/20000 (64.0%)]	Loss: 0.09773816168308258
[2023-05-03 17:04:21] Train Epoch: 9 [13600/20000 (68.0%)]	Loss: 0.14595429599285126
[2023-05-03 17:04:21] Train Epoch: 9 [14400/20000 (72.0%)]	Loss: 0.20238609611988068
[2023-05-03 17:04:21] Train Epoch: 9 [15200/20000 (76.0%)]	Loss: 0.12209982424974442
[2023-05-03 17:04:21] Train Epoch: 9 [16000/20000 (80.0%)]	Loss: 0.16523423790931702
[2023-05-03 17:04:22] Train Epoch: 9 [16800/20000 (84.0%)]	Loss: 0.05892765149474144
[2023-05-03 17:04:22] Train Epoch: 9 [17600/20000 (88.0%)]	Loss: 0.17195667326450348
[2023-05-03 17:04:22] Train Epoch: 9 [18400/20000 (92.0%)]	Loss: 0.04316995292901993
[2023-05-03 17:04:23] Train Epoch: 9 [19200/20000 (96.0%)]	Loss: 0.07878324389457703
[2023-05-03 17:04:26] ========== Metrics ==========
[2023-05-03 17:04:26] {
  "tr_loss": 0.1365260055663288,
  "tr_acc": 0.9543454345434543,
  "tr_f1": 0.9542424698040395,
  "val_loss": 0.42115292216219813,
  "val_acc": 0.809379996446971,
  "val_f1": 0.8110582849093151,
  "test_loss": 0.47146200487607215,
  "test_acc": 0.8021680216802168,
  "test_f1": 0.792022792022792
}
[2023-05-03 17:04:26] ========== Metrics ==========
[2023-05-03 17:04:27] Train Epoch: 10 [0/20000 (0.0%)]	Loss: 0.064019575715065
[2023-05-03 17:04:27] Train Epoch: 10 [800/20000 (4.0%)]	Loss: 0.06438906490802765
[2023-05-03 17:04:28] Train Epoch: 10 [1600/20000 (8.0%)]	Loss: 0.10011472553014755
[2023-05-03 17:04:28] Train Epoch: 10 [2400/20000 (12.0%)]	Loss: 0.07717759907245636
[2023-05-03 17:04:28] Train Epoch: 10 [3200/20000 (16.0%)]	Loss: 0.12194602936506271
[2023-05-03 17:04:29] Train Epoch: 10 [4000/20000 (20.0%)]	Loss: 0.19243086874485016
[2023-05-03 17:04:29] Train Epoch: 10 [4800/20000 (24.0%)]	Loss: 0.13586696982383728
[2023-05-03 17:04:29] Train Epoch: 10 [5600/20000 (28.0%)]	Loss: 0.036448828876018524
[2023-05-03 17:04:30] Train Epoch: 10 [6400/20000 (32.0%)]	Loss: 0.12612244486808777
[2023-05-03 17:04:30] Train Epoch: 10 [7200/20000 (36.0%)]	Loss: 0.147563636302948
[2023-05-03 17:04:30] Train Epoch: 10 [8000/20000 (40.0%)]	Loss: 0.05629351735115051
[2023-05-03 17:04:31] Train Epoch: 10 [8800/20000 (44.0%)]	Loss: 0.17787203192710876
[2023-05-03 17:04:31] Train Epoch: 10 [9600/20000 (48.0%)]	Loss: 0.20655106008052826
[2023-05-03 17:04:31] Train Epoch: 10 [10400/20000 (52.0%)]	Loss: 0.03458542376756668
[2023-05-03 17:04:31] Train Epoch: 10 [11200/20000 (56.0%)]	Loss: 0.14326167106628418
[2023-05-03 17:04:32] Train Epoch: 10 [12000/20000 (60.0%)]	Loss: 0.12325756996870041
[2023-05-03 17:04:32] Train Epoch: 10 [12800/20000 (64.0%)]	Loss: 0.1818729043006897
[2023-05-03 17:04:32] Train Epoch: 10 [13600/20000 (68.0%)]	Loss: 0.05184781551361084
[2023-05-03 17:04:33] Train Epoch: 10 [14400/20000 (72.0%)]	Loss: 0.2659365236759186
[2023-05-03 17:04:33] Train Epoch: 10 [15200/20000 (76.0%)]	Loss: 0.12052273005247116
[2023-05-03 17:04:33] Train Epoch: 10 [16000/20000 (80.0%)]	Loss: 0.025291046127676964
[2023-05-03 17:04:34] Train Epoch: 10 [16800/20000 (84.0%)]	Loss: 0.1351165771484375
[2023-05-03 17:04:34] Train Epoch: 10 [17600/20000 (88.0%)]	Loss: 0.09224525839090347
[2023-05-03 17:04:34] Train Epoch: 10 [18400/20000 (92.0%)]	Loss: 0.08854879438877106
[2023-05-03 17:04:34] Train Epoch: 10 [19200/20000 (96.0%)]	Loss: 0.09847392141819
[2023-05-03 17:04:38] ========== Metrics ==========
[2023-05-03 17:04:38] {
  "tr_loss": 0.13481765776255666,
  "tr_acc": 0.9536453645364537,
  "tr_f1": 0.9535687453042825,
  "val_loss": 0.42126210410591974,
  "val_acc": 0.808136436311956,
  "val_f1": 0.8089847895295367,
  "test_loss": 0.38633974683963185,
  "test_acc": 0.7967479674796748,
  "test_f1": 0.7838616714697406
}
[2023-05-03 17:04:38] ========== Metrics ==========
[2023-05-03 17:04:39] Train Epoch: 11 [0/20000 (0.0%)]	Loss: 0.09248177707195282
[2023-05-03 17:04:39] Train Epoch: 11 [800/20000 (4.0%)]	Loss: 0.04968481883406639
[2023-05-03 17:04:39] Train Epoch: 11 [1600/20000 (8.0%)]	Loss: 0.2149680256843567
[2023-05-03 17:04:40] Train Epoch: 11 [2400/20000 (12.0%)]	Loss: 0.07156485319137573
[2023-05-03 17:04:40] Train Epoch: 11 [3200/20000 (16.0%)]	Loss: 0.07814844697713852
[2023-05-03 17:04:40] Train Epoch: 11 [4000/20000 (20.0%)]	Loss: 0.13836689293384552
[2023-05-03 17:04:41] Train Epoch: 11 [4800/20000 (24.0%)]	Loss: 0.08623027801513672
[2023-05-03 17:04:41] Train Epoch: 11 [5600/20000 (28.0%)]	Loss: 0.14946694672107697
[2023-05-03 17:04:41] Train Epoch: 11 [6400/20000 (32.0%)]	Loss: 0.071710005402565
[2023-05-03 17:04:41] Train Epoch: 11 [7200/20000 (36.0%)]	Loss: 0.12400289624929428
[2023-05-03 17:04:42] Train Epoch: 11 [8000/20000 (40.0%)]	Loss: 0.18119950592517853
[2023-05-03 17:04:42] Train Epoch: 11 [8800/20000 (44.0%)]	Loss: 0.07777265459299088
[2023-05-03 17:04:42] Train Epoch: 11 [9600/20000 (48.0%)]	Loss: 0.12191534787416458
[2023-05-03 17:04:43] Train Epoch: 11 [10400/20000 (52.0%)]	Loss: 0.07760905474424362
[2023-05-03 17:04:43] Train Epoch: 11 [11200/20000 (56.0%)]	Loss: 0.20713794231414795
[2023-05-03 17:04:43] Train Epoch: 11 [12000/20000 (60.0%)]	Loss: 0.19954535365104675
[2023-05-03 17:04:43] Train Epoch: 11 [12800/20000 (64.0%)]	Loss: 0.07818087935447693
[2023-05-03 17:04:44] Train Epoch: 11 [13600/20000 (68.0%)]	Loss: 0.04989468678832054
[2023-05-03 17:04:44] Train Epoch: 11 [14400/20000 (72.0%)]	Loss: 0.13812443614006042
[2023-05-03 17:04:44] Train Epoch: 11 [15200/20000 (76.0%)]	Loss: 0.06786783784627914
[2023-05-03 17:04:45] Train Epoch: 11 [16000/20000 (80.0%)]	Loss: 0.21383152902126312
[2023-05-03 17:04:45] Train Epoch: 11 [16800/20000 (84.0%)]	Loss: 0.04352448880672455
[2023-05-03 17:04:45] Train Epoch: 11 [17600/20000 (88.0%)]	Loss: 0.38001522421836853
[2023-05-03 17:04:46] Train Epoch: 11 [18400/20000 (92.0%)]	Loss: 0.18742965161800385
[2023-05-03 17:04:46] Train Epoch: 11 [19200/20000 (96.0%)]	Loss: 0.05519432947039604
[2023-05-03 17:04:49] ========== Metrics ==========
[2023-05-03 17:04:49] {
  "tr_loss": 0.12512647053121578,
  "tr_acc": 0.9583458345834583,
  "tr_f1": 0.9583020473544577,
  "val_loss": 0.42093610905440415,
  "val_acc": 0.808136436311956,
  "val_f1": 0.8089847895295367,
  "test_loss": 0.41387432571349103,
  "test_acc": 0.7967479674796748,
  "test_f1": 0.7838616714697406
}
[2023-05-03 17:04:49] ========== Metrics ==========
[2023-05-03 17:04:50] Train Epoch: 12 [0/20000 (0.0%)]	Loss: 0.1781923472881317
[2023-05-03 17:04:51] Train Epoch: 12 [800/20000 (4.0%)]	Loss: 0.07270386815071106
[2023-05-03 17:04:51] Train Epoch: 12 [1600/20000 (8.0%)]	Loss: 0.11329368501901627
[2023-05-03 17:04:51] Train Epoch: 12 [2400/20000 (12.0%)]	Loss: 0.13875076174736023
[2023-05-03 17:04:51] Train Epoch: 12 [3200/20000 (16.0%)]	Loss: 0.15649671852588654
[2023-05-03 17:04:52] Train Epoch: 12 [4000/20000 (20.0%)]	Loss: 0.15068550407886505
[2023-05-03 17:04:52] Train Epoch: 12 [4800/20000 (24.0%)]	Loss: 0.07420889288187027
[2023-05-03 17:04:52] Train Epoch: 12 [5600/20000 (28.0%)]	Loss: 0.03622431680560112
[2023-05-03 17:04:53] Train Epoch: 12 [6400/20000 (32.0%)]	Loss: 0.14644020795822144
[2023-05-03 17:04:53] Train Epoch: 12 [7200/20000 (36.0%)]	Loss: 0.13620851933956146
[2023-05-03 17:04:53] Train Epoch: 12 [8000/20000 (40.0%)]	Loss: 0.038619738072156906
[2023-05-03 17:04:54] Train Epoch: 12 [8800/20000 (44.0%)]	Loss: 0.12444999068975449
[2023-05-03 17:04:54] Train Epoch: 12 [9600/20000 (48.0%)]	Loss: 0.1847439706325531
[2023-05-03 17:04:54] Train Epoch: 12 [10400/20000 (52.0%)]	Loss: 0.34737589955329895
[2023-05-03 17:04:54] Train Epoch: 12 [11200/20000 (56.0%)]	Loss: 0.11610740423202515
[2023-05-03 17:04:55] Train Epoch: 12 [12000/20000 (60.0%)]	Loss: 0.13801078498363495
[2023-05-03 17:04:55] Train Epoch: 12 [12800/20000 (64.0%)]	Loss: 0.30220288038253784
[2023-05-03 17:04:55] Train Epoch: 12 [13600/20000 (68.0%)]	Loss: 0.029308557510375977
[2023-05-03 17:04:56] Train Epoch: 12 [14400/20000 (72.0%)]	Loss: 0.31598925590515137
[2023-05-03 17:04:56] Train Epoch: 12 [15200/20000 (76.0%)]	Loss: 0.17362354695796967
[2023-05-03 17:04:56] Train Epoch: 12 [16000/20000 (80.0%)]	Loss: 0.0937940701842308
[2023-05-03 17:04:57] Train Epoch: 12 [16800/20000 (84.0%)]	Loss: 0.06662965565919876
[2023-05-03 17:04:57] Train Epoch: 12 [17600/20000 (88.0%)]	Loss: 0.05643877387046814
[2023-05-03 17:04:57] Train Epoch: 12 [18400/20000 (92.0%)]	Loss: 0.04360327869653702
[2023-05-03 17:04:57] Train Epoch: 12 [19200/20000 (96.0%)]	Loss: 0.05149516463279724
[2023-05-03 17:05:01] ========== Metrics ==========
[2023-05-03 17:05:01] {
  "tr_loss": 0.1267577844827172,
  "tr_acc": 0.9562956295629563,
  "tr_f1": 0.9563043695630438,
  "val_loss": 0.4209584466177228,
  "val_acc": 0.8079587848640967,
  "val_f1": 0.8087064236418332,
  "test_loss": 0.38863945879587314,
  "test_acc": 0.7967479674796748,
  "test_f1": 0.7838616714697406
}
[2023-05-03 17:05:01] ========== Metrics ==========
[2023-05-03 17:05:02] Train Epoch: 13 [0/20000 (0.0%)]	Loss: 0.16538001596927643
[2023-05-03 17:05:02] Train Epoch: 13 [800/20000 (4.0%)]	Loss: 0.22463025152683258
[2023-05-03 17:05:02] Train Epoch: 13 [1600/20000 (8.0%)]	Loss: 0.2531642019748688
[2023-05-03 17:05:03] Train Epoch: 13 [2400/20000 (12.0%)]	Loss: 0.11931304633617401
[2023-05-03 17:05:03] Train Epoch: 13 [3200/20000 (16.0%)]	Loss: 0.18881937861442566
[2023-05-03 17:05:03] Train Epoch: 13 [4000/20000 (20.0%)]	Loss: 0.07857818156480789
[2023-05-03 17:05:04] Train Epoch: 13 [4800/20000 (24.0%)]	Loss: 0.10086062550544739
[2023-05-03 17:05:04] Train Epoch: 13 [5600/20000 (28.0%)]	Loss: 0.0848517119884491
[2023-05-03 17:05:04] Train Epoch: 13 [6400/20000 (32.0%)]	Loss: 0.13504554331302643
[2023-05-03 17:05:05] Train Epoch: 13 [7200/20000 (36.0%)]	Loss: 0.2619699239730835
[2023-05-03 17:05:05] Train Epoch: 13 [8000/20000 (40.0%)]	Loss: 0.21091513335704803
[2023-05-03 17:05:05] Train Epoch: 13 [8800/20000 (44.0%)]	Loss: 0.11250914633274078
[2023-05-03 17:05:06] Train Epoch: 13 [9600/20000 (48.0%)]	Loss: 0.0968952476978302
[2023-05-03 17:05:06] Train Epoch: 13 [10400/20000 (52.0%)]	Loss: 0.0522976852953434
[2023-05-03 17:05:06] Train Epoch: 13 [11200/20000 (56.0%)]	Loss: 0.22511431574821472
[2023-05-03 17:05:07] Train Epoch: 13 [12000/20000 (60.0%)]	Loss: 0.11298462003469467
[2023-05-03 17:05:07] Train Epoch: 13 [12800/20000 (64.0%)]	Loss: 0.3842619061470032
[2023-05-03 17:05:07] Train Epoch: 13 [13600/20000 (68.0%)]	Loss: 0.27913540601730347
[2023-05-03 17:05:07] Train Epoch: 13 [14400/20000 (72.0%)]	Loss: 0.13826896250247955
[2023-05-03 17:05:08] Train Epoch: 13 [15200/20000 (76.0%)]	Loss: 0.09941958636045456
[2023-05-03 17:05:08] Train Epoch: 13 [16000/20000 (80.0%)]	Loss: 0.061097435653209686
[2023-05-03 17:05:08] Train Epoch: 13 [16800/20000 (84.0%)]	Loss: 0.12915265560150146
[2023-05-03 17:05:09] Train Epoch: 13 [17600/20000 (88.0%)]	Loss: 0.07591471076011658
[2023-05-03 17:05:09] Train Epoch: 13 [18400/20000 (92.0%)]	Loss: 0.04679558053612709
[2023-05-03 17:05:09] Train Epoch: 13 [19200/20000 (96.0%)]	Loss: 0.08913726359605789
[2023-05-03 17:05:13] ========== Metrics ==========
[2023-05-03 17:05:13] {
  "tr_loss": 0.125487366039427,
  "tr_acc": 0.9585958595859586,
  "tr_f1": 0.9584837545126353,
  "val_loss": 0.4210326900954864,
  "val_acc": 0.8079587848640967,
  "val_f1": 0.8090443384561032,
  "test_loss": 0.4232998598558793,
  "test_acc": 0.7967479674796748,
  "test_f1": 0.7838616714697406
}
[2023-05-03 17:05:13] ========== Metrics ==========
[2023-05-03 17:05:14] Train Epoch: 14 [0/20000 (0.0%)]	Loss: 0.0698576420545578
[2023-05-03 17:05:14] Train Epoch: 14 [800/20000 (4.0%)]	Loss: 0.17347943782806396
[2023-05-03 17:05:15] Train Epoch: 14 [1600/20000 (8.0%)]	Loss: 0.15156289935112
[2023-05-03 17:05:15] Train Epoch: 14 [2400/20000 (12.0%)]	Loss: 0.0658288300037384
[2023-05-03 17:05:15] Train Epoch: 14 [3200/20000 (16.0%)]	Loss: 0.08532990515232086
[2023-05-03 17:05:15] Train Epoch: 14 [4000/20000 (20.0%)]	Loss: 0.1516573429107666
[2023-05-03 17:05:16] Train Epoch: 14 [4800/20000 (24.0%)]	Loss: 0.054736942052841187
[2023-05-03 17:05:16] Train Epoch: 14 [5600/20000 (28.0%)]	Loss: 0.21775078773498535
[2023-05-03 17:05:16] Train Epoch: 14 [6400/20000 (32.0%)]	Loss: 0.1124657616019249
[2023-05-03 17:05:17] Train Epoch: 14 [7200/20000 (36.0%)]	Loss: 0.138199582695961
[2023-05-03 17:05:17] Train Epoch: 14 [8000/20000 (40.0%)]	Loss: 0.19603395462036133
[2023-05-03 17:05:17] Train Epoch: 14 [8800/20000 (44.0%)]	Loss: 0.0711345300078392
[2023-05-03 17:05:18] Train Epoch: 14 [9600/20000 (48.0%)]	Loss: 0.09549593180418015
[2023-05-03 17:05:18] Train Epoch: 14 [10400/20000 (52.0%)]	Loss: 0.07508421689271927
[2023-05-03 17:05:18] Train Epoch: 14 [11200/20000 (56.0%)]	Loss: 0.16632264852523804
[2023-05-03 17:05:18] Train Epoch: 14 [12000/20000 (60.0%)]	Loss: 0.08704257756471634
[2023-05-03 17:05:19] Train Epoch: 14 [12800/20000 (64.0%)]	Loss: 0.15308502316474915
[2023-05-03 17:05:19] Train Epoch: 14 [13600/20000 (68.0%)]	Loss: 0.11926133930683136
[2023-05-03 17:05:19] Train Epoch: 14 [14400/20000 (72.0%)]	Loss: 0.12714126706123352
[2023-05-03 17:05:20] Train Epoch: 14 [15200/20000 (76.0%)]	Loss: 0.07652628421783447
[2023-05-03 17:05:20] Train Epoch: 14 [16000/20000 (80.0%)]	Loss: 0.060662150382995605
[2023-05-03 17:05:20] Train Epoch: 14 [16800/20000 (84.0%)]	Loss: 0.0788285881280899
[2023-05-03 17:05:20] Train Epoch: 14 [17600/20000 (88.0%)]	Loss: 0.17810621857643127
[2023-05-03 17:05:21] Train Epoch: 14 [18400/20000 (92.0%)]	Loss: 0.06899037212133408
[2023-05-03 17:05:21] Train Epoch: 14 [19200/20000 (96.0%)]	Loss: 0.10216255486011505
[2023-05-03 17:05:25] ========== Metrics ==========
[2023-05-03 17:05:25] {
  "tr_loss": 0.12903806857085906,
  "tr_acc": 0.9554955495549555,
  "tr_f1": 0.9554152890491935,
  "val_loss": 0.4212845717003342,
  "val_acc": 0.8079587848640967,
  "val_f1": 0.8089768510337515,
  "test_loss": 0.38454543445814593,
  "test_acc": 0.7967479674796748,
  "test_f1": 0.7838616714697406
}
[2023-05-03 17:05:25] ========== Metrics ==========
[2023-05-03 17:05:25] Train Epoch: 15 [0/20000 (0.0%)]	Loss: 0.10074321925640106
[2023-05-03 17:05:26] Train Epoch: 15 [800/20000 (4.0%)]	Loss: 0.08182500302791595
[2023-05-03 17:05:26] Train Epoch: 15 [1600/20000 (8.0%)]	Loss: 0.07885829359292984
[2023-05-03 17:05:26] Train Epoch: 15 [2400/20000 (12.0%)]	Loss: 0.02237052470445633
[2023-05-03 17:05:27] Train Epoch: 15 [3200/20000 (16.0%)]	Loss: 0.1172250434756279
[2023-05-03 17:05:27] Train Epoch: 15 [4000/20000 (20.0%)]	Loss: 0.11312399059534073
[2023-05-03 17:05:27] Train Epoch: 15 [4800/20000 (24.0%)]	Loss: 0.029955437406897545
[2023-05-03 17:05:28] Train Epoch: 15 [5600/20000 (28.0%)]	Loss: 0.06827497482299805
[2023-05-03 17:05:28] Train Epoch: 15 [6400/20000 (32.0%)]	Loss: 0.10965124517679214
[2023-05-03 17:05:28] Train Epoch: 15 [7200/20000 (36.0%)]	Loss: 0.057500530034303665
[2023-05-03 17:05:28] Train Epoch: 15 [8000/20000 (40.0%)]	Loss: 0.21945062279701233
[2023-05-03 17:05:29] Train Epoch: 15 [8800/20000 (44.0%)]	Loss: 0.07758360356092453
[2023-05-03 17:05:29] Train Epoch: 15 [9600/20000 (48.0%)]	Loss: 0.05619622766971588
[2023-05-03 17:05:29] Train Epoch: 15 [10400/20000 (52.0%)]	Loss: 0.19339849054813385
[2023-05-03 17:05:30] Train Epoch: 15 [11200/20000 (56.0%)]	Loss: 0.13544543087482452
[2023-05-03 17:05:30] Train Epoch: 15 [12000/20000 (60.0%)]	Loss: 0.15856361389160156
[2023-05-03 17:05:30] Train Epoch: 15 [12800/20000 (64.0%)]	Loss: 0.04058089107275009
[2023-05-03 17:05:31] Train Epoch: 15 [13600/20000 (68.0%)]	Loss: 0.061933889985084534
[2023-05-03 17:05:31] Train Epoch: 15 [14400/20000 (72.0%)]	Loss: 0.3638382852077484
[2023-05-03 17:05:31] Train Epoch: 15 [15200/20000 (76.0%)]	Loss: 0.01294670719653368
[2023-05-03 17:05:31] Train Epoch: 15 [16000/20000 (80.0%)]	Loss: 0.11908922344446182
[2023-05-03 17:05:32] Train Epoch: 15 [16800/20000 (84.0%)]	Loss: 0.12662512063980103
[2023-05-03 17:05:32] Train Epoch: 15 [17600/20000 (88.0%)]	Loss: 0.07810528576374054
[2023-05-03 17:05:32] Train Epoch: 15 [18400/20000 (92.0%)]	Loss: 0.1873057782649994
[2023-05-03 17:05:33] Train Epoch: 15 [19200/20000 (96.0%)]	Loss: 0.20233990252017975
[2023-05-03 17:05:35] Stop At epoch 15/20 due to valid not increase
[2023-05-03 17:05:36] ========== Metrics ==========
[2023-05-03 17:05:36] {
  "tr_loss": 0.12470256254048642,
  "tr_acc": 0.9571457145714571,
  "tr_f1": 0.9570877772770517,
  "val_loss": 0.4211391098737759,
  "val_acc": 0.8077811334162374,
  "val_f1": 0.808631057658295,
  "test_loss": 0.3876020617601348,
  "test_acc": 0.7967479674796748,
  "test_f1": 0.7838616714697406
}
[2023-05-03 17:05:36] ========== Metrics ==========
