[2023-05-03 06:07:42] Train Epoch: 1 [0/20000 (0.0%)]	Loss: 0.8440622091293335
[2023-05-03 06:07:43] Train Epoch: 1 [800/20000 (4.0%)]	Loss: 0.7027482986450195
[2023-05-03 06:07:43] Train Epoch: 1 [1600/20000 (8.0%)]	Loss: 0.7037443518638611
[2023-05-03 06:07:43] Train Epoch: 1 [2400/20000 (12.0%)]	Loss: 0.8281363248825073
[2023-05-03 06:07:43] Train Epoch: 1 [3200/20000 (16.0%)]	Loss: 0.7510499358177185
[2023-05-03 06:07:43] Train Epoch: 1 [4000/20000 (20.0%)]	Loss: 0.7074733972549438
[2023-05-03 06:07:43] Train Epoch: 1 [4800/20000 (24.0%)]	Loss: 0.72125244140625
[2023-05-03 06:07:44] Train Epoch: 1 [5600/20000 (28.0%)]	Loss: 0.7087229490280151
[2023-05-03 06:07:44] Train Epoch: 1 [6400/20000 (32.0%)]	Loss: 0.6985042095184326
[2023-05-03 06:07:44] Train Epoch: 1 [7200/20000 (36.0%)]	Loss: 0.6998860836029053
[2023-05-03 06:07:44] Train Epoch: 1 [8000/20000 (40.0%)]	Loss: 0.6743801236152649
[2023-05-03 06:07:44] Train Epoch: 1 [8800/20000 (44.0%)]	Loss: 0.6903246641159058
[2023-05-03 06:07:44] Train Epoch: 1 [9600/20000 (48.0%)]	Loss: 0.6606071591377258
[2023-05-03 06:07:45] Train Epoch: 1 [10400/20000 (52.0%)]	Loss: 0.6946598887443542
[2023-05-03 06:07:45] Train Epoch: 1 [11200/20000 (56.0%)]	Loss: 0.6990900635719299
[2023-05-03 06:07:45] Train Epoch: 1 [12000/20000 (60.0%)]	Loss: 0.6758672595024109
[2023-05-03 06:07:45] Train Epoch: 1 [12800/20000 (64.0%)]	Loss: 0.681647777557373
[2023-05-03 06:07:45] Train Epoch: 1 [13600/20000 (68.0%)]	Loss: 0.6764863729476929
[2023-05-03 06:07:46] Train Epoch: 1 [14400/20000 (72.0%)]	Loss: 0.7007059454917908
[2023-05-03 06:07:46] Train Epoch: 1 [15200/20000 (76.0%)]	Loss: 0.6898312568664551
[2023-05-03 06:07:46] Train Epoch: 1 [16000/20000 (80.0%)]	Loss: 0.657586932182312
[2023-05-03 06:07:46] Train Epoch: 1 [16800/20000 (84.0%)]	Loss: 0.657721996307373
[2023-05-03 06:07:46] Train Epoch: 1 [17600/20000 (88.0%)]	Loss: 0.6784547567367554
[2023-05-03 06:07:46] Train Epoch: 1 [18400/20000 (92.0%)]	Loss: 0.6316956281661987
[2023-05-03 06:07:47] Train Epoch: 1 [19200/20000 (96.0%)]	Loss: 0.6207841634750366
[2023-05-03 06:07:50] ========== Metrics ==========
[2023-05-03 06:07:50] {
  "tr_loss": 0.6946431254491721,
  "tr_acc": 0.5273527352735273,
  "tr_f1": 0.48332786706023834,
  "val_loss": 0.6695542209291144,
  "val_acc": 0.6612186889323148,
  "val_f1": 0.6705821385386077,
  "test_loss": 0.6930806720806008,
  "test_acc": 0.6829268292682927,
  "test_f1": 0.6811989100817439
}
[2023-05-03 06:07:50] ========== Metrics ==========
[2023-05-03 06:07:51] Train Epoch: 2 [0/20000 (0.0%)]	Loss: 0.6945331692695618
[2023-05-03 06:07:51] Train Epoch: 2 [800/20000 (4.0%)]	Loss: 0.6532804369926453
[2023-05-03 06:07:51] Train Epoch: 2 [1600/20000 (8.0%)]	Loss: 0.6392756700515747
[2023-05-03 06:07:52] Train Epoch: 2 [2400/20000 (12.0%)]	Loss: 0.6685898900032043
[2023-05-03 06:07:52] Train Epoch: 2 [3200/20000 (16.0%)]	Loss: 0.626335859298706
[2023-05-03 06:07:52] Train Epoch: 2 [4000/20000 (20.0%)]	Loss: 0.7197650671005249
[2023-05-03 06:07:52] Train Epoch: 2 [4800/20000 (24.0%)]	Loss: 0.5697236657142639
[2023-05-03 06:07:52] Train Epoch: 2 [5600/20000 (28.0%)]	Loss: 0.6995788216590881
[2023-05-03 06:07:52] Train Epoch: 2 [6400/20000 (32.0%)]	Loss: 0.6336497068405151
[2023-05-03 06:07:53] Train Epoch: 2 [7200/20000 (36.0%)]	Loss: 0.6489466428756714
[2023-05-03 06:07:53] Train Epoch: 2 [8000/20000 (40.0%)]	Loss: 0.7115640640258789
[2023-05-03 06:07:53] Train Epoch: 2 [8800/20000 (44.0%)]	Loss: 0.6189138889312744
[2023-05-03 06:07:53] Train Epoch: 2 [9600/20000 (48.0%)]	Loss: 0.6282893419265747
[2023-05-03 06:07:53] Train Epoch: 2 [10400/20000 (52.0%)]	Loss: 0.6478310823440552
[2023-05-03 06:07:53] Train Epoch: 2 [11200/20000 (56.0%)]	Loss: 0.6562418937683105
[2023-05-03 06:07:54] Train Epoch: 2 [12000/20000 (60.0%)]	Loss: 0.6178449392318726
[2023-05-03 06:07:54] Train Epoch: 2 [12800/20000 (64.0%)]	Loss: 0.5777766704559326
[2023-05-03 06:07:54] Train Epoch: 2 [13600/20000 (68.0%)]	Loss: 0.7174572944641113
[2023-05-03 06:07:54] Train Epoch: 2 [14400/20000 (72.0%)]	Loss: 0.5786414742469788
[2023-05-03 06:07:54] Train Epoch: 2 [15200/20000 (76.0%)]	Loss: 0.7388368844985962
[2023-05-03 06:07:54] Train Epoch: 2 [16000/20000 (80.0%)]	Loss: 0.7204698324203491
[2023-05-03 06:07:54] Train Epoch: 2 [16800/20000 (84.0%)]	Loss: 0.5917567610740662
[2023-05-03 06:07:55] Train Epoch: 2 [17600/20000 (88.0%)]	Loss: 0.5626592636108398
[2023-05-03 06:07:55] Train Epoch: 2 [18400/20000 (92.0%)]	Loss: 0.5933709144592285
[2023-05-03 06:07:55] Train Epoch: 2 [19200/20000 (96.0%)]	Loss: 0.6407746076583862
[2023-05-03 06:07:59] ========== Metrics ==========
[2023-05-03 06:07:59] {
  "tr_loss": 0.6365284662697838,
  "tr_acc": 0.6393639363936393,
  "tr_f1": 0.626049984444675,
  "val_loss": 0.6044783949703746,
  "val_acc": 0.7367205542725174,
  "val_f1": 0.7271723122238586,
  "test_loss": 0.6347545556582732,
  "test_acc": 0.7615176151761518,
  "test_f1": 0.7485714285714286
}
[2023-05-03 06:07:59] ========== Metrics ==========
[2023-05-03 06:08:00] Train Epoch: 3 [0/20000 (0.0%)]	Loss: 0.45851200819015503
[2023-05-03 06:08:00] Train Epoch: 3 [800/20000 (4.0%)]	Loss: 0.603121817111969
[2023-05-03 06:08:00] Train Epoch: 3 [1600/20000 (8.0%)]	Loss: 0.6007733941078186
[2023-05-03 06:08:00] Train Epoch: 3 [2400/20000 (12.0%)]	Loss: 0.6070432662963867
[2023-05-03 06:08:00] Train Epoch: 3 [3200/20000 (16.0%)]	Loss: 0.5620608329772949
[2023-05-03 06:08:01] Train Epoch: 3 [4000/20000 (20.0%)]	Loss: 0.5866321325302124
[2023-05-03 06:08:01] Train Epoch: 3 [4800/20000 (24.0%)]	Loss: 0.6099278330802917
[2023-05-03 06:08:01] Train Epoch: 3 [5600/20000 (28.0%)]	Loss: 0.415309339761734
[2023-05-03 06:08:01] Train Epoch: 3 [6400/20000 (32.0%)]	Loss: 0.545306384563446
[2023-05-03 06:08:01] Train Epoch: 3 [7200/20000 (36.0%)]	Loss: 0.5209591388702393
[2023-05-03 06:08:01] Train Epoch: 3 [8000/20000 (40.0%)]	Loss: 0.5597634315490723
[2023-05-03 06:08:02] Train Epoch: 3 [8800/20000 (44.0%)]	Loss: 0.5138671398162842
[2023-05-03 06:08:02] Train Epoch: 3 [9600/20000 (48.0%)]	Loss: 0.5877929925918579
[2023-05-03 06:08:02] Train Epoch: 3 [10400/20000 (52.0%)]	Loss: 0.6437643766403198
[2023-05-03 06:08:02] Train Epoch: 3 [11200/20000 (56.0%)]	Loss: 0.5097097754478455
[2023-05-03 06:08:02] Train Epoch: 3 [12000/20000 (60.0%)]	Loss: 0.5897483825683594
[2023-05-03 06:08:02] Train Epoch: 3 [12800/20000 (64.0%)]	Loss: 0.522843062877655
[2023-05-03 06:08:03] Train Epoch: 3 [13600/20000 (68.0%)]	Loss: 0.5175230503082275
[2023-05-03 06:08:03] Train Epoch: 3 [14400/20000 (72.0%)]	Loss: 0.7635940313339233
[2023-05-03 06:08:03] Train Epoch: 3 [15200/20000 (76.0%)]	Loss: 0.6262239813804626
[2023-05-03 06:08:03] Train Epoch: 3 [16000/20000 (80.0%)]	Loss: 0.5590265989303589
[2023-05-03 06:08:03] Train Epoch: 3 [16800/20000 (84.0%)]	Loss: 0.5746622681617737
[2023-05-03 06:08:03] Train Epoch: 3 [17600/20000 (88.0%)]	Loss: 0.5208427906036377
[2023-05-03 06:08:03] Train Epoch: 3 [18400/20000 (92.0%)]	Loss: 0.6094995141029358
[2023-05-03 06:08:04] Train Epoch: 3 [19200/20000 (96.0%)]	Loss: 0.7659830451011658
[2023-05-03 06:08:08] ========== Metrics ==========
[2023-05-03 06:08:08] {
  "tr_loss": 0.558857355800697,
  "tr_acc": 0.7056205620562056,
  "tr_f1": 0.6928575155214691,
  "val_loss": 0.5485396109035625,
  "val_acc": 0.7642565286907088,
  "val_f1": 0.7543957060892097,
  "test_loss": 0.5587675513290777,
  "test_acc": 0.7750677506775068,
  "test_f1": 0.7608069164265131
}
[2023-05-03 06:08:08] ========== Metrics ==========
[2023-05-03 06:08:09] Train Epoch: 4 [0/20000 (0.0%)]	Loss: 0.4893104135990143
[2023-05-03 06:08:09] Train Epoch: 4 [800/20000 (4.0%)]	Loss: 0.3680674731731415
[2023-05-03 06:08:09] Train Epoch: 4 [1600/20000 (8.0%)]	Loss: 0.5112245082855225
[2023-05-03 06:08:09] Train Epoch: 4 [2400/20000 (12.0%)]	Loss: 0.5908690094947815
[2023-05-03 06:08:09] Train Epoch: 4 [3200/20000 (16.0%)]	Loss: 0.5474829077720642
[2023-05-03 06:08:09] Train Epoch: 4 [4000/20000 (20.0%)]	Loss: 0.3362872302532196
[2023-05-03 06:08:10] Train Epoch: 4 [4800/20000 (24.0%)]	Loss: 0.801933765411377
[2023-05-03 06:08:10] Train Epoch: 4 [5600/20000 (28.0%)]	Loss: 0.512405514717102
[2023-05-03 06:08:10] Train Epoch: 4 [6400/20000 (32.0%)]	Loss: 0.37265703082084656
[2023-05-03 06:08:10] Train Epoch: 4 [7200/20000 (36.0%)]	Loss: 0.5262530446052551
[2023-05-03 06:08:10] Train Epoch: 4 [8000/20000 (40.0%)]	Loss: 0.4590339660644531
[2023-05-03 06:08:10] Train Epoch: 4 [8800/20000 (44.0%)]	Loss: 0.4033434987068176
[2023-05-03 06:08:11] Train Epoch: 4 [9600/20000 (48.0%)]	Loss: 0.4329017698764801
[2023-05-03 06:08:11] Train Epoch: 4 [10400/20000 (52.0%)]	Loss: 0.41398730874061584
[2023-05-03 06:08:11] Train Epoch: 4 [11200/20000 (56.0%)]	Loss: 0.3756032884120941
[2023-05-03 06:08:11] Train Epoch: 4 [12000/20000 (60.0%)]	Loss: 0.3517388701438904
[2023-05-03 06:08:11] Train Epoch: 4 [12800/20000 (64.0%)]	Loss: 0.3021549880504608
[2023-05-03 06:08:12] Train Epoch: 4 [13600/20000 (68.0%)]	Loss: 0.5860607624053955
[2023-05-03 06:08:12] Train Epoch: 4 [14400/20000 (72.0%)]	Loss: 0.42277535796165466
[2023-05-03 06:08:12] Train Epoch: 4 [15200/20000 (76.0%)]	Loss: 0.5292289853096008
[2023-05-03 06:08:12] Train Epoch: 4 [16000/20000 (80.0%)]	Loss: 0.515380859375
[2023-05-03 06:08:12] Train Epoch: 4 [16800/20000 (84.0%)]	Loss: 0.6041054725646973
[2023-05-03 06:08:12] Train Epoch: 4 [17600/20000 (88.0%)]	Loss: 0.49801915884017944
[2023-05-03 06:08:13] Train Epoch: 4 [18400/20000 (92.0%)]	Loss: 0.36741897463798523
[2023-05-03 06:08:13] Train Epoch: 4 [19200/20000 (96.0%)]	Loss: 0.48353302478790283
[2023-05-03 06:08:16] ========== Metrics ==========
[2023-05-03 06:08:16] {
  "tr_loss": 0.4851017214319851,
  "tr_acc": 0.75997599759976,
  "tr_f1": 0.7530101883297313,
  "val_loss": 0.5102269105238652,
  "val_acc": 0.7777580387280156,
  "val_f1": 0.7734926670287887,
  "test_loss": 0.5308746128547482,
  "test_acc": 0.7859078590785907,
  "test_f1": 0.7723342939481267
}
[2023-05-03 06:08:16] ========== Metrics ==========
[2023-05-03 06:08:17] Train Epoch: 5 [0/20000 (0.0%)]	Loss: 0.4638792872428894
[2023-05-03 06:08:17] Train Epoch: 5 [800/20000 (4.0%)]	Loss: 0.44284653663635254
[2023-05-03 06:08:18] Train Epoch: 5 [1600/20000 (8.0%)]	Loss: 0.3895795941352844
[2023-05-03 06:08:18] Train Epoch: 5 [2400/20000 (12.0%)]	Loss: 0.3207419812679291
[2023-05-03 06:08:18] Train Epoch: 5 [3200/20000 (16.0%)]	Loss: 0.3825620412826538
[2023-05-03 06:08:18] Train Epoch: 5 [4000/20000 (20.0%)]	Loss: 0.5850886106491089
[2023-05-03 06:08:18] Train Epoch: 5 [4800/20000 (24.0%)]	Loss: 0.3251188397407532
[2023-05-03 06:08:19] Train Epoch: 5 [5600/20000 (28.0%)]	Loss: 0.28390830755233765
[2023-05-03 06:08:19] Train Epoch: 5 [6400/20000 (32.0%)]	Loss: 0.46198955178260803
[2023-05-03 06:08:19] Train Epoch: 5 [7200/20000 (36.0%)]	Loss: 0.48028019070625305
[2023-05-03 06:08:19] Train Epoch: 5 [8000/20000 (40.0%)]	Loss: 0.6432955861091614
[2023-05-03 06:08:19] Train Epoch: 5 [8800/20000 (44.0%)]	Loss: 0.6051380634307861
[2023-05-03 06:08:19] Train Epoch: 5 [9600/20000 (48.0%)]	Loss: 0.44353023171424866
[2023-05-03 06:08:20] Train Epoch: 5 [10400/20000 (52.0%)]	Loss: 0.3577469289302826
[2023-05-03 06:08:20] Train Epoch: 5 [11200/20000 (56.0%)]	Loss: 0.5013663172721863
[2023-05-03 06:08:20] Train Epoch: 5 [12000/20000 (60.0%)]	Loss: 0.35894477367401123
[2023-05-03 06:08:20] Train Epoch: 5 [12800/20000 (64.0%)]	Loss: 0.38278889656066895
[2023-05-03 06:08:20] Train Epoch: 5 [13600/20000 (68.0%)]	Loss: 0.3761659562587738
[2023-05-03 06:08:21] Train Epoch: 5 [14400/20000 (72.0%)]	Loss: 0.4036428928375244
[2023-05-03 06:08:21] Train Epoch: 5 [15200/20000 (76.0%)]	Loss: 0.5420510768890381
[2023-05-03 06:08:21] Train Epoch: 5 [16000/20000 (80.0%)]	Loss: 0.23492638766765594
[2023-05-03 06:08:21] Train Epoch: 5 [16800/20000 (84.0%)]	Loss: 0.4110269248485565
[2023-05-03 06:08:21] Train Epoch: 5 [17600/20000 (88.0%)]	Loss: 0.4569088816642761
[2023-05-03 06:08:21] Train Epoch: 5 [18400/20000 (92.0%)]	Loss: 0.437395304441452
[2023-05-03 06:08:22] Train Epoch: 5 [19200/20000 (96.0%)]	Loss: 0.4118002653121948
[2023-05-03 06:08:25] ========== Metrics ==========
[2023-05-03 06:08:25] {
  "tr_loss": 0.43004690205911383,
  "tr_acc": 0.7946294629462947,
  "tr_f1": 0.7904484922700138,
  "val_loss": 0.48930399412370995,
  "val_acc": 0.7853970509859656,
  "val_f1": 0.7885894294714735,
  "test_loss": 0.48519928216288083,
  "test_acc": 0.8048780487804879,
  "test_f1": 0.8011049723756906
}
[2023-05-03 06:08:25] ========== Metrics ==========
[2023-05-03 06:08:26] Train Epoch: 6 [0/20000 (0.0%)]	Loss: 0.3163182735443115
[2023-05-03 06:08:27] Train Epoch: 6 [800/20000 (4.0%)]	Loss: 0.2808837890625
[2023-05-03 06:08:27] Train Epoch: 6 [1600/20000 (8.0%)]	Loss: 0.4113641381263733
[2023-05-03 06:08:27] Train Epoch: 6 [2400/20000 (12.0%)]	Loss: 0.5100260972976685
[2023-05-03 06:08:27] Train Epoch: 6 [3200/20000 (16.0%)]	Loss: 0.22841185331344604
[2023-05-03 06:08:27] Train Epoch: 6 [4000/20000 (20.0%)]	Loss: 0.3606841564178467
[2023-05-03 06:08:27] Train Epoch: 6 [4800/20000 (24.0%)]	Loss: 0.3259012997150421
[2023-05-03 06:08:28] Train Epoch: 6 [5600/20000 (28.0%)]	Loss: 0.23156553506851196
[2023-05-03 06:08:28] Train Epoch: 6 [6400/20000 (32.0%)]	Loss: 0.5960738062858582
[2023-05-03 06:08:28] Train Epoch: 6 [7200/20000 (36.0%)]	Loss: 0.5094894170761108
[2023-05-03 06:08:28] Train Epoch: 6 [8000/20000 (40.0%)]	Loss: 0.4188791811466217
[2023-05-03 06:08:28] Train Epoch: 6 [8800/20000 (44.0%)]	Loss: 0.37527045607566833
[2023-05-03 06:08:29] Train Epoch: 6 [9600/20000 (48.0%)]	Loss: 0.3511418104171753
[2023-05-03 06:08:29] Train Epoch: 6 [10400/20000 (52.0%)]	Loss: 0.3695235550403595
[2023-05-03 06:08:29] Train Epoch: 6 [11200/20000 (56.0%)]	Loss: 0.8327476978302002
[2023-05-03 06:08:29] Train Epoch: 6 [12000/20000 (60.0%)]	Loss: 0.24775344133377075
[2023-05-03 06:08:29] Train Epoch: 6 [12800/20000 (64.0%)]	Loss: 0.33875828981399536
[2023-05-03 06:08:29] Train Epoch: 6 [13600/20000 (68.0%)]	Loss: 0.4572881758213043
[2023-05-03 06:08:30] Train Epoch: 6 [14400/20000 (72.0%)]	Loss: 0.3720265030860901
[2023-05-03 06:08:30] Train Epoch: 6 [15200/20000 (76.0%)]	Loss: 0.31641885638237
[2023-05-03 06:08:30] Train Epoch: 6 [16000/20000 (80.0%)]	Loss: 0.3352692425251007
[2023-05-03 06:08:30] Train Epoch: 6 [16800/20000 (84.0%)]	Loss: 0.372932493686676
[2023-05-03 06:08:30] Train Epoch: 6 [17600/20000 (88.0%)]	Loss: 0.37254682183265686
[2023-05-03 06:08:31] Train Epoch: 6 [18400/20000 (92.0%)]	Loss: 0.24420024454593658
[2023-05-03 06:08:31] Train Epoch: 6 [19200/20000 (96.0%)]	Loss: 0.5218346118927002
[2023-05-03 06:08:34] ========== Metrics ==========
[2023-05-03 06:08:34] {
  "tr_loss": 0.3796201178891407,
  "tr_acc": 0.8263326332633263,
  "tr_f1": 0.8248701527910846,
  "val_loss": 0.48623750573641283,
  "val_acc": 0.784508793746669,
  "val_f1": 0.7847382431233362,
  "test_loss": 0.4977572758992513,
  "test_acc": 0.8075880758807588,
  "test_f1": 0.7999999999999999
}
[2023-05-03 06:08:34] ========== Metrics ==========
[2023-05-03 06:08:35] Train Epoch: 7 [0/20000 (0.0%)]	Loss: 0.3664986193180084
[2023-05-03 06:08:36] Train Epoch: 7 [800/20000 (4.0%)]	Loss: 0.4002601206302643
[2023-05-03 06:08:36] Train Epoch: 7 [1600/20000 (8.0%)]	Loss: 0.21799811720848083
[2023-05-03 06:08:36] Train Epoch: 7 [2400/20000 (12.0%)]	Loss: 0.5475097894668579
[2023-05-03 06:08:36] Train Epoch: 7 [3200/20000 (16.0%)]	Loss: 0.453075110912323
[2023-05-03 06:08:36] Train Epoch: 7 [4000/20000 (20.0%)]	Loss: 0.4428751766681671
[2023-05-03 06:08:36] Train Epoch: 7 [4800/20000 (24.0%)]	Loss: 0.5858079791069031
[2023-05-03 06:08:37] Train Epoch: 7 [5600/20000 (28.0%)]	Loss: 0.39348104596138
[2023-05-03 06:08:37] Train Epoch: 7 [6400/20000 (32.0%)]	Loss: 0.3999421000480652
[2023-05-03 06:08:37] Train Epoch: 7 [7200/20000 (36.0%)]	Loss: 0.2537575662136078
[2023-05-03 06:08:37] Train Epoch: 7 [8000/20000 (40.0%)]	Loss: 0.42734941840171814
[2023-05-03 06:08:37] Train Epoch: 7 [8800/20000 (44.0%)]	Loss: 0.44283372163772583
[2023-05-03 06:08:37] Train Epoch: 7 [9600/20000 (48.0%)]	Loss: 0.2577187120914459
[2023-05-03 06:08:38] Train Epoch: 7 [10400/20000 (52.0%)]	Loss: 0.3451296091079712
[2023-05-03 06:08:38] Train Epoch: 7 [11200/20000 (56.0%)]	Loss: 0.39433160424232483
[2023-05-03 06:08:38] Train Epoch: 7 [12000/20000 (60.0%)]	Loss: 0.25198739767074585
[2023-05-03 06:08:38] Train Epoch: 7 [12800/20000 (64.0%)]	Loss: 0.2726808786392212
[2023-05-03 06:08:38] Train Epoch: 7 [13600/20000 (68.0%)]	Loss: 0.3750112056732178
[2023-05-03 06:08:39] Train Epoch: 7 [14400/20000 (72.0%)]	Loss: 0.3717855215072632
[2023-05-03 06:08:39] Train Epoch: 7 [15200/20000 (76.0%)]	Loss: 0.4134199917316437
[2023-05-03 06:08:39] Train Epoch: 7 [16000/20000 (80.0%)]	Loss: 0.5070416331291199
[2023-05-03 06:08:39] Train Epoch: 7 [16800/20000 (84.0%)]	Loss: 0.21885284781455994
[2023-05-03 06:08:39] Train Epoch: 7 [17600/20000 (88.0%)]	Loss: 0.30968594551086426
[2023-05-03 06:08:39] Train Epoch: 7 [18400/20000 (92.0%)]	Loss: 0.4064151644706726
[2023-05-03 06:08:40] Train Epoch: 7 [19200/20000 (96.0%)]	Loss: 0.2471051812171936
[2023-05-03 06:08:43] ========== Metrics ==========
[2023-05-03 06:08:43] {
  "tr_loss": 0.3723547209059075,
  "tr_acc": 0.8272327232723272,
  "tr_f1": 0.8244678148656202,
  "val_loss": 0.484022041475991,
  "val_acc": 0.7846864451945283,
  "val_f1": 0.7847246891651865,
  "test_loss": 0.48632053954168386,
  "test_acc": 0.8102981029810298,
  "test_f1": 0.8022598870056497
}
[2023-05-03 06:08:43] ========== Metrics ==========
[2023-05-03 06:08:44] Train Epoch: 8 [0/20000 (0.0%)]	Loss: 0.2688569128513336
[2023-05-03 06:08:44] Train Epoch: 8 [800/20000 (4.0%)]	Loss: 0.24775469303131104
[2023-05-03 06:08:45] Train Epoch: 8 [1600/20000 (8.0%)]	Loss: 0.2572624683380127
[2023-05-03 06:08:45] Train Epoch: 8 [2400/20000 (12.0%)]	Loss: 0.3094792664051056
[2023-05-03 06:08:45] Train Epoch: 8 [3200/20000 (16.0%)]	Loss: 0.4733712077140808
[2023-05-03 06:08:45] Train Epoch: 8 [4000/20000 (20.0%)]	Loss: 0.5649245381355286
[2023-05-03 06:08:45] Train Epoch: 8 [4800/20000 (24.0%)]	Loss: 0.5768738985061646
[2023-05-03 06:08:45] Train Epoch: 8 [5600/20000 (28.0%)]	Loss: 0.3234674632549286
[2023-05-03 06:08:46] Train Epoch: 8 [6400/20000 (32.0%)]	Loss: 0.3250795900821686
[2023-05-03 06:08:46] Train Epoch: 8 [7200/20000 (36.0%)]	Loss: 0.3271627724170685
[2023-05-03 06:08:46] Train Epoch: 8 [8000/20000 (40.0%)]	Loss: 0.32864248752593994
[2023-05-03 06:08:46] Train Epoch: 8 [8800/20000 (44.0%)]	Loss: 0.4017452299594879
[2023-05-03 06:08:46] Train Epoch: 8 [9600/20000 (48.0%)]	Loss: 0.23547236621379852
[2023-05-03 06:08:47] Train Epoch: 8 [10400/20000 (52.0%)]	Loss: 0.4837665259838104
[2023-05-03 06:08:47] Train Epoch: 8 [11200/20000 (56.0%)]	Loss: 0.293736070394516
[2023-05-03 06:08:47] Train Epoch: 8 [12000/20000 (60.0%)]	Loss: 0.5854350328445435
[2023-05-03 06:08:47] Train Epoch: 8 [12800/20000 (64.0%)]	Loss: 0.4175085425376892
[2023-05-03 06:08:47] Train Epoch: 8 [13600/20000 (68.0%)]	Loss: 0.3061287999153137
[2023-05-03 06:08:47] Train Epoch: 8 [14400/20000 (72.0%)]	Loss: 0.371062695980072
[2023-05-03 06:08:48] Train Epoch: 8 [15200/20000 (76.0%)]	Loss: 0.26861482858657837
[2023-05-03 06:08:48] Train Epoch: 8 [16000/20000 (80.0%)]	Loss: 0.3062222898006439
[2023-05-03 06:08:48] Train Epoch: 8 [16800/20000 (84.0%)]	Loss: 0.3840354382991791
[2023-05-03 06:08:48] Train Epoch: 8 [17600/20000 (88.0%)]	Loss: 0.26344209909439087
[2023-05-03 06:08:48] Train Epoch: 8 [18400/20000 (92.0%)]	Loss: 0.24565039575099945
[2023-05-03 06:08:49] Train Epoch: 8 [19200/20000 (96.0%)]	Loss: 0.27773094177246094
[2023-05-03 06:08:52] ========== Metrics ==========
[2023-05-03 06:08:52] {
  "tr_loss": 0.3644808287119338,
  "tr_acc": 0.83008300830083,
  "tr_f1": 0.8279493670886076,
  "val_loss": 0.4820591103524462,
  "val_acc": 0.7836205365073725,
  "val_f1": 0.782422293676313,
  "test_loss": 0.48134342829386395,
  "test_acc": 0.8130081300813008,
  "test_f1": 0.8034188034188035
}
[2023-05-03 06:08:52] ========== Metrics ==========
[2023-05-03 06:08:53] Train Epoch: 9 [0/20000 (0.0%)]	Loss: 0.5282262563705444
[2023-05-03 06:08:54] Train Epoch: 9 [800/20000 (4.0%)]	Loss: 0.25762587785720825
[2023-05-03 06:08:54] Train Epoch: 9 [1600/20000 (8.0%)]	Loss: 0.3093564808368683
[2023-05-03 06:08:54] Train Epoch: 9 [2400/20000 (12.0%)]	Loss: 0.3989804685115814
[2023-05-03 06:08:54] Train Epoch: 9 [3200/20000 (16.0%)]	Loss: 0.21314257383346558
[2023-05-03 06:08:54] Train Epoch: 9 [4000/20000 (20.0%)]	Loss: 0.6090936660766602
[2023-05-03 06:08:55] Train Epoch: 9 [4800/20000 (24.0%)]	Loss: 0.49487701058387756
[2023-05-03 06:08:55] Train Epoch: 9 [5600/20000 (28.0%)]	Loss: 0.427379846572876
[2023-05-03 06:08:55] Train Epoch: 9 [6400/20000 (32.0%)]	Loss: 0.32516980171203613
[2023-05-03 06:08:55] Train Epoch: 9 [7200/20000 (36.0%)]	Loss: 0.35318833589553833
[2023-05-03 06:08:55] Train Epoch: 9 [8000/20000 (40.0%)]	Loss: 0.26739969849586487
[2023-05-03 06:08:55] Train Epoch: 9 [8800/20000 (44.0%)]	Loss: 0.3507640063762665
[2023-05-03 06:08:56] Train Epoch: 9 [9600/20000 (48.0%)]	Loss: 0.21540749073028564
[2023-05-03 06:08:56] Train Epoch: 9 [10400/20000 (52.0%)]	Loss: 0.5269492268562317
[2023-05-03 06:08:56] Train Epoch: 9 [11200/20000 (56.0%)]	Loss: 0.2340649515390396
[2023-05-03 06:08:56] Train Epoch: 9 [12000/20000 (60.0%)]	Loss: 0.2704727351665497
[2023-05-03 06:08:56] Train Epoch: 9 [12800/20000 (64.0%)]	Loss: 0.3937998414039612
[2023-05-03 06:08:57] Train Epoch: 9 [13600/20000 (68.0%)]	Loss: 0.40579038858413696
[2023-05-03 06:08:57] Train Epoch: 9 [14400/20000 (72.0%)]	Loss: 0.36941462755203247
[2023-05-03 06:08:57] Train Epoch: 9 [15200/20000 (76.0%)]	Loss: 0.29604485630989075
[2023-05-03 06:08:57] Train Epoch: 9 [16000/20000 (80.0%)]	Loss: 0.2871021628379822
[2023-05-03 06:08:57] Train Epoch: 9 [16800/20000 (84.0%)]	Loss: 0.3043973445892334
[2023-05-03 06:08:57] Train Epoch: 9 [17600/20000 (88.0%)]	Loss: 0.3222058117389679
[2023-05-03 06:08:58] Train Epoch: 9 [18400/20000 (92.0%)]	Loss: 0.5841125845909119
[2023-05-03 06:08:58] Train Epoch: 9 [19200/20000 (96.0%)]	Loss: 0.638910710811615
[2023-05-03 06:09:02] ========== Metrics ==========
[2023-05-03 06:09:02] {
  "tr_loss": 0.3604462006793331,
  "tr_acc": 0.8312831283128312,
  "tr_f1": 0.8295098534613442,
  "val_loss": 0.480233466483323,
  "val_acc": 0.785041748090247,
  "val_f1": 0.7840827980014276,
  "test_loss": 0.47479338891460965,
  "test_acc": 0.8102981029810298,
  "test_f1": 0.7999999999999999
}
[2023-05-03 06:09:02] ========== Metrics ==========
[2023-05-03 06:09:03] Train Epoch: 10 [0/20000 (0.0%)]	Loss: 0.5180549025535583
[2023-05-03 06:09:03] Train Epoch: 10 [800/20000 (4.0%)]	Loss: 0.15616078674793243
[2023-05-03 06:09:03] Train Epoch: 10 [1600/20000 (8.0%)]	Loss: 0.314644455909729
[2023-05-03 06:09:03] Train Epoch: 10 [2400/20000 (12.0%)]	Loss: 0.2753409743309021
[2023-05-03 06:09:03] Train Epoch: 10 [3200/20000 (16.0%)]	Loss: 0.3563871383666992
[2023-05-03 06:09:04] Train Epoch: 10 [4000/20000 (20.0%)]	Loss: 0.30775582790374756
[2023-05-03 06:09:04] Train Epoch: 10 [4800/20000 (24.0%)]	Loss: 0.38707035779953003
[2023-05-03 06:09:04] Train Epoch: 10 [5600/20000 (28.0%)]	Loss: 0.4944458305835724
[2023-05-03 06:09:04] Train Epoch: 10 [6400/20000 (32.0%)]	Loss: 0.26532381772994995
[2023-05-03 06:09:04] Train Epoch: 10 [7200/20000 (36.0%)]	Loss: 0.328926146030426
[2023-05-03 06:09:05] Train Epoch: 10 [8000/20000 (40.0%)]	Loss: 0.5695900917053223
[2023-05-03 06:09:05] Train Epoch: 10 [8800/20000 (44.0%)]	Loss: 0.0916973128914833
[2023-05-03 06:09:05] Train Epoch: 10 [9600/20000 (48.0%)]	Loss: 0.2022773176431656
[2023-05-03 06:09:05] Train Epoch: 10 [10400/20000 (52.0%)]	Loss: 0.316251665353775
[2023-05-03 06:09:05] Train Epoch: 10 [11200/20000 (56.0%)]	Loss: 0.5197223424911499
[2023-05-03 06:09:05] Train Epoch: 10 [12000/20000 (60.0%)]	Loss: 0.2940705120563507
[2023-05-03 06:09:06] Train Epoch: 10 [12800/20000 (64.0%)]	Loss: 0.40520381927490234
[2023-05-03 06:09:06] Train Epoch: 10 [13600/20000 (68.0%)]	Loss: 0.5026388168334961
[2023-05-03 06:09:06] Train Epoch: 10 [14400/20000 (72.0%)]	Loss: 0.33124011754989624
[2023-05-03 06:09:06] Train Epoch: 10 [15200/20000 (76.0%)]	Loss: 0.4223073720932007
[2023-05-03 06:09:06] Train Epoch: 10 [16000/20000 (80.0%)]	Loss: 0.13307181000709534
[2023-05-03 06:09:07] Train Epoch: 10 [16800/20000 (84.0%)]	Loss: 0.21632586419582367
[2023-05-03 06:09:07] Train Epoch: 10 [17600/20000 (88.0%)]	Loss: 0.36956414580345154
[2023-05-03 06:09:07] Train Epoch: 10 [18400/20000 (92.0%)]	Loss: 0.19788908958435059
[2023-05-03 06:09:07] Train Epoch: 10 [19200/20000 (96.0%)]	Loss: 0.23585999011993408
[2023-05-03 06:09:11] ========== Metrics ==========
[2023-05-03 06:09:11] {
  "tr_loss": 0.3495419131885685,
  "tr_acc": 0.8424842484248425,
  "tr_f1": 0.8419626730885009,
  "val_loss": 0.47877867578888345,
  "val_acc": 0.7846864451945283,
  "val_f1": 0.7840342124019957,
  "test_loss": 0.4879222614009206,
  "test_acc": 0.8075880758807588,
  "test_f1": 0.7977207977207976
}
[2023-05-03 06:09:11] ========== Metrics ==========
[2023-05-03 06:09:12] Train Epoch: 11 [0/20000 (0.0%)]	Loss: 0.2874753177165985
[2023-05-03 06:09:12] Train Epoch: 11 [800/20000 (4.0%)]	Loss: 0.24158264696598053
[2023-05-03 06:09:12] Train Epoch: 11 [1600/20000 (8.0%)]	Loss: 0.32323145866394043
[2023-05-03 06:09:13] Train Epoch: 11 [2400/20000 (12.0%)]	Loss: 0.29148614406585693
[2023-05-03 06:09:13] Train Epoch: 11 [3200/20000 (16.0%)]	Loss: 0.2557261884212494
[2023-05-03 06:09:13] Train Epoch: 11 [4000/20000 (20.0%)]	Loss: 0.31141042709350586
[2023-05-03 06:09:13] Train Epoch: 11 [4800/20000 (24.0%)]	Loss: 0.40075162053108215
[2023-05-03 06:09:13] Train Epoch: 11 [5600/20000 (28.0%)]	Loss: 0.31696444749832153
[2023-05-03 06:09:13] Train Epoch: 11 [6400/20000 (32.0%)]	Loss: 0.328559935092926
[2023-05-03 06:09:14] Train Epoch: 11 [7200/20000 (36.0%)]	Loss: 0.36843785643577576
[2023-05-03 06:09:14] Train Epoch: 11 [8000/20000 (40.0%)]	Loss: 0.22187067568302155
[2023-05-03 06:09:14] Train Epoch: 11 [8800/20000 (44.0%)]	Loss: 0.19233033061027527
[2023-05-03 06:09:14] Train Epoch: 11 [9600/20000 (48.0%)]	Loss: 0.3190164566040039
[2023-05-03 06:09:14] Train Epoch: 11 [10400/20000 (52.0%)]	Loss: 0.3612828254699707
[2023-05-03 06:09:14] Train Epoch: 11 [11200/20000 (56.0%)]	Loss: 0.3185877501964569
[2023-05-03 06:09:15] Train Epoch: 11 [12000/20000 (60.0%)]	Loss: 0.33208057284355164
[2023-05-03 06:09:15] Train Epoch: 11 [12800/20000 (64.0%)]	Loss: 0.437019020318985
[2023-05-03 06:09:15] Train Epoch: 11 [13600/20000 (68.0%)]	Loss: 0.32205986976623535
[2023-05-03 06:09:15] Train Epoch: 11 [14400/20000 (72.0%)]	Loss: 0.32364457845687866
[2023-05-03 06:09:15] Train Epoch: 11 [15200/20000 (76.0%)]	Loss: 0.45656874775886536
[2023-05-03 06:09:16] Train Epoch: 11 [16000/20000 (80.0%)]	Loss: 0.3575926721096039
[2023-05-03 06:09:16] Train Epoch: 11 [16800/20000 (84.0%)]	Loss: 0.23839184641838074
[2023-05-03 06:09:16] Train Epoch: 11 [17600/20000 (88.0%)]	Loss: 0.34677398204803467
[2023-05-03 06:09:16] Train Epoch: 11 [18400/20000 (92.0%)]	Loss: 0.4284379780292511
[2023-05-03 06:09:16] Train Epoch: 11 [19200/20000 (96.0%)]	Loss: 0.2793408930301666
[2023-05-03 06:09:19] Stop At epoch 11/20 due to valid not increase
[2023-05-03 06:09:20] ========== Metrics ==========
[2023-05-03 06:09:20] {
  "tr_loss": 0.3408914725414955,
  "tr_acc": 0.8444344434443445,
  "tr_f1": 0.8437390125069064,
  "val_loss": 0.47861854024966033,
  "val_acc": 0.7846864451945283,
  "val_f1": 0.7841111506946917,
  "test_loss": 0.4877842719638897,
  "test_acc": 0.8075880758807588,
  "test_f1": 0.7977207977207976
}
[2023-05-03 06:09:20] ========== Metrics ==========
