[2023-05-01 14:32:53] Train Epoch: 1 [0/20000 (0.0%)]	Loss: 0.7134613394737244
[2023-05-01 14:32:53] Train Epoch: 1 [800/20000 (4.0%)]	Loss: 0.6956672072410583
[2023-05-01 14:32:53] Train Epoch: 1 [1600/20000 (8.0%)]	Loss: 0.7100700736045837
[2023-05-01 14:32:53] Train Epoch: 1 [2400/20000 (12.0%)]	Loss: 0.6964311599731445
[2023-05-01 14:32:53] Train Epoch: 1 [3200/20000 (16.0%)]	Loss: 0.7098328471183777
[2023-05-01 14:32:54] Train Epoch: 1 [4000/20000 (20.0%)]	Loss: 0.7005594968795776
[2023-05-01 14:32:54] Train Epoch: 1 [4800/20000 (24.0%)]	Loss: 0.6808187365531921
[2023-05-01 14:32:54] Train Epoch: 1 [5600/20000 (28.0%)]	Loss: 0.6898844838142395
[2023-05-01 14:32:54] Train Epoch: 1 [6400/20000 (32.0%)]	Loss: 0.6747083067893982
[2023-05-01 14:32:55] Train Epoch: 1 [7200/20000 (36.0%)]	Loss: 0.6816868782043457
[2023-05-01 14:32:55] Train Epoch: 1 [8000/20000 (40.0%)]	Loss: 0.6867123246192932
[2023-05-01 14:32:55] Train Epoch: 1 [8800/20000 (44.0%)]	Loss: 0.6799061298370361
[2023-05-01 14:32:55] Train Epoch: 1 [9600/20000 (48.0%)]	Loss: 0.7081541419029236
[2023-05-01 14:32:56] Train Epoch: 1 [10400/20000 (52.0%)]	Loss: 0.6531898975372314
[2023-05-01 14:32:56] Train Epoch: 1 [11200/20000 (56.0%)]	Loss: 0.7294104695320129
[2023-05-01 14:32:56] Train Epoch: 1 [12000/20000 (60.0%)]	Loss: 0.7157825827598572
[2023-05-01 14:32:57] Train Epoch: 1 [12800/20000 (64.0%)]	Loss: 0.6462461948394775
[2023-05-01 14:32:57] Train Epoch: 1 [13600/20000 (68.0%)]	Loss: 0.6940714716911316
[2023-05-01 14:32:57] Train Epoch: 1 [14400/20000 (72.0%)]	Loss: 0.666960597038269
[2023-05-01 14:32:57] Train Epoch: 1 [15200/20000 (76.0%)]	Loss: 0.6818024516105652
[2023-05-01 14:32:57] Train Epoch: 1 [16000/20000 (80.0%)]	Loss: 0.6682479977607727
[2023-05-01 14:32:58] Train Epoch: 1 [16800/20000 (84.0%)]	Loss: 0.6487013101577759
[2023-05-01 14:32:58] Train Epoch: 1 [17600/20000 (88.0%)]	Loss: 0.6481729745864868
[2023-05-01 14:32:58] Train Epoch: 1 [18400/20000 (92.0%)]	Loss: 0.6935030221939087
[2023-05-01 14:32:58] Train Epoch: 1 [19200/20000 (96.0%)]	Loss: 0.6905818581581116
[2023-05-01 14:32:59] ========== Metrics ==========
[2023-05-01 14:32:59] {
  "tr_loss": 0.6861718517146667,
  "tr_acc": 0.5495549554955496,
  "tr_f1": 0.567712832325559,
  "val_loss": 0.6614448752702289,
  "val_acc": 0.6024160596908865,
  "val_f1": 0.7070680628272251,
  "test_loss": 0.6893854270459514,
  "test_acc": 0.6151761517615176,
  "test_f1": 0.7102040816326531
}
[2023-05-01 14:32:59] ========== Metrics ==========
[2023-05-01 14:32:59] Train Epoch: 2 [0/20000 (0.0%)]	Loss: 0.6895514726638794
[2023-05-01 14:33:00] Train Epoch: 2 [800/20000 (4.0%)]	Loss: 0.6341030597686768
[2023-05-01 14:33:00] Train Epoch: 2 [1600/20000 (8.0%)]	Loss: 0.6281528472900391
[2023-05-01 14:33:00] Train Epoch: 2 [2400/20000 (12.0%)]	Loss: 0.5720223188400269
[2023-05-01 14:33:01] Train Epoch: 2 [3200/20000 (16.0%)]	Loss: 0.5618438124656677
[2023-05-01 14:33:01] Train Epoch: 2 [4000/20000 (20.0%)]	Loss: 0.6072101593017578
[2023-05-01 14:33:01] Train Epoch: 2 [4800/20000 (24.0%)]	Loss: 0.6167970895767212
[2023-05-01 14:33:01] Train Epoch: 2 [5600/20000 (28.0%)]	Loss: 0.6302710175514221
[2023-05-01 14:33:01] Train Epoch: 2 [6400/20000 (32.0%)]	Loss: 0.598323404788971
[2023-05-01 14:33:02] Train Epoch: 2 [7200/20000 (36.0%)]	Loss: 0.6409894227981567
[2023-05-01 14:33:02] Train Epoch: 2 [8000/20000 (40.0%)]	Loss: 0.6885700821876526
[2023-05-01 14:33:02] Train Epoch: 2 [8800/20000 (44.0%)]	Loss: 0.6403458714485168
[2023-05-01 14:33:02] Train Epoch: 2 [9600/20000 (48.0%)]	Loss: 0.5310943722724915
[2023-05-01 14:33:02] Train Epoch: 2 [10400/20000 (52.0%)]	Loss: 0.5824446678161621
[2023-05-01 14:33:03] Train Epoch: 2 [11200/20000 (56.0%)]	Loss: 0.7140002250671387
[2023-05-01 14:33:03] Train Epoch: 2 [12000/20000 (60.0%)]	Loss: 0.708432674407959
[2023-05-01 14:33:03] Train Epoch: 2 [12800/20000 (64.0%)]	Loss: 0.45532622933387756
[2023-05-01 14:33:03] Train Epoch: 2 [13600/20000 (68.0%)]	Loss: 0.5280835628509521
[2023-05-01 14:33:04] Train Epoch: 2 [14400/20000 (72.0%)]	Loss: 0.5208247900009155
[2023-05-01 14:33:04] Train Epoch: 2 [15200/20000 (76.0%)]	Loss: 0.6253917813301086
[2023-05-01 14:33:04] Train Epoch: 2 [16000/20000 (80.0%)]	Loss: 0.5562084913253784
[2023-05-01 14:33:04] Train Epoch: 2 [16800/20000 (84.0%)]	Loss: 0.5160287618637085
[2023-05-01 14:33:04] Train Epoch: 2 [17600/20000 (88.0%)]	Loss: 0.7139116525650024
[2023-05-01 14:33:05] Train Epoch: 2 [18400/20000 (92.0%)]	Loss: 0.4820052981376648
[2023-05-01 14:33:05] Train Epoch: 2 [19200/20000 (96.0%)]	Loss: 0.4581336975097656
[2023-05-01 14:33:06] ========== Metrics ==========
[2023-05-01 14:33:06] {
  "tr_loss": 0.5900786811202178,
  "tr_acc": 0.6999699969997,
  "tr_f1": 0.7065440672992273,
  "val_loss": 0.5506410016791607,
  "val_acc": 0.7715402380529401,
  "val_f1": 0.771985815602837,
  "test_loss": 0.575451288766008,
  "test_acc": 0.7398373983739838,
  "test_f1": 0.7348066298342542
}
[2023-05-01 14:33:06] ========== Metrics ==========
[2023-05-01 14:33:06] Train Epoch: 3 [0/20000 (0.0%)]	Loss: 0.40338173508644104
[2023-05-01 14:33:06] Train Epoch: 3 [800/20000 (4.0%)]	Loss: 0.5176863074302673
[2023-05-01 14:33:07] Train Epoch: 3 [1600/20000 (8.0%)]	Loss: 0.35470396280288696
[2023-05-01 14:33:07] Train Epoch: 3 [2400/20000 (12.0%)]	Loss: 0.39175286889076233
[2023-05-01 14:33:07] Train Epoch: 3 [3200/20000 (16.0%)]	Loss: 0.42518043518066406
[2023-05-01 14:33:07] Train Epoch: 3 [4000/20000 (20.0%)]	Loss: 0.40535277128219604
[2023-05-01 14:33:08] Train Epoch: 3 [4800/20000 (24.0%)]	Loss: 0.36635568737983704
[2023-05-01 14:33:08] Train Epoch: 3 [5600/20000 (28.0%)]	Loss: 0.3108646273612976
[2023-05-01 14:33:08] Train Epoch: 3 [6400/20000 (32.0%)]	Loss: 0.46436837315559387
[2023-05-01 14:33:08] Train Epoch: 3 [7200/20000 (36.0%)]	Loss: 0.6179091930389404
[2023-05-01 14:33:08] Train Epoch: 3 [8000/20000 (40.0%)]	Loss: 0.328765332698822
[2023-05-01 14:33:09] Train Epoch: 3 [8800/20000 (44.0%)]	Loss: 0.4019842743873596
[2023-05-01 14:33:09] Train Epoch: 3 [9600/20000 (48.0%)]	Loss: 0.38397324085235596
[2023-05-01 14:33:09] Train Epoch: 3 [10400/20000 (52.0%)]	Loss: 0.4459995627403259
[2023-05-01 14:33:09] Train Epoch: 3 [11200/20000 (56.0%)]	Loss: 0.4520588517189026
[2023-05-01 14:33:10] Train Epoch: 3 [12000/20000 (60.0%)]	Loss: 0.4788616895675659
[2023-05-01 14:33:10] Train Epoch: 3 [12800/20000 (64.0%)]	Loss: 0.47206923365592957
[2023-05-01 14:33:10] Train Epoch: 3 [13600/20000 (68.0%)]	Loss: 0.37999147176742554
[2023-05-01 14:33:10] Train Epoch: 3 [14400/20000 (72.0%)]	Loss: 0.4597049057483673
[2023-05-01 14:33:10] Train Epoch: 3 [15200/20000 (76.0%)]	Loss: 0.37725019454956055
[2023-05-01 14:33:11] Train Epoch: 3 [16000/20000 (80.0%)]	Loss: 0.41031932830810547
[2023-05-01 14:33:11] Train Epoch: 3 [16800/20000 (84.0%)]	Loss: 0.39839670062065125
[2023-05-01 14:33:11] Train Epoch: 3 [17600/20000 (88.0%)]	Loss: 0.4149589240550995
[2023-05-01 14:33:11] Train Epoch: 3 [18400/20000 (92.0%)]	Loss: 0.3545444905757904
[2023-05-01 14:33:12] Train Epoch: 3 [19200/20000 (96.0%)]	Loss: 0.37175992131233215
[2023-05-01 14:33:13] ========== Metrics ==========
[2023-05-01 14:33:13] {
  "tr_loss": 0.45765299145633404,
  "tr_acc": 0.7931793179317932,
  "tr_f1": 0.79441296351526,
  "val_loss": 0.48792061032315387,
  "val_acc": 0.7917925031089004,
  "val_f1": 0.7908636688079943,
  "test_loss": 0.5029008265756333,
  "test_acc": 0.7615176151761518,
  "test_f1": 0.7555555555555555
}
[2023-05-01 14:33:13] ========== Metrics ==========
[2023-05-01 14:33:13] Train Epoch: 4 [0/20000 (0.0%)]	Loss: 0.21580472588539124
[2023-05-01 14:33:13] Train Epoch: 4 [800/20000 (4.0%)]	Loss: 0.3194708228111267
[2023-05-01 14:33:13] Train Epoch: 4 [1600/20000 (8.0%)]	Loss: 0.28669247031211853
[2023-05-01 14:33:14] Train Epoch: 4 [2400/20000 (12.0%)]	Loss: 0.28530460596084595
[2023-05-01 14:33:14] Train Epoch: 4 [3200/20000 (16.0%)]	Loss: 0.24453794956207275
[2023-05-01 14:33:14] Train Epoch: 4 [4000/20000 (20.0%)]	Loss: 0.2790082097053528
[2023-05-01 14:33:14] Train Epoch: 4 [4800/20000 (24.0%)]	Loss: 0.3149338662624359
[2023-05-01 14:33:15] Train Epoch: 4 [5600/20000 (28.0%)]	Loss: 0.39318573474884033
[2023-05-01 14:33:15] Train Epoch: 4 [6400/20000 (32.0%)]	Loss: 0.38151708245277405
[2023-05-01 14:33:15] Train Epoch: 4 [7200/20000 (36.0%)]	Loss: 0.2091733068227768
[2023-05-01 14:33:15] Train Epoch: 4 [8000/20000 (40.0%)]	Loss: 0.4304306209087372
[2023-05-01 14:33:16] Train Epoch: 4 [8800/20000 (44.0%)]	Loss: 0.25148308277130127
[2023-05-01 14:33:16] Train Epoch: 4 [9600/20000 (48.0%)]	Loss: 0.30792710185050964
[2023-05-01 14:33:16] Train Epoch: 4 [10400/20000 (52.0%)]	Loss: 0.2861800193786621
[2023-05-01 14:33:16] Train Epoch: 4 [11200/20000 (56.0%)]	Loss: 0.32122814655303955
[2023-05-01 14:33:16] Train Epoch: 4 [12000/20000 (60.0%)]	Loss: 0.20918092131614685
[2023-05-01 14:33:17] Train Epoch: 4 [12800/20000 (64.0%)]	Loss: 0.3834235668182373
[2023-05-01 14:33:17] Train Epoch: 4 [13600/20000 (68.0%)]	Loss: 0.22003060579299927
[2023-05-01 14:33:17] Train Epoch: 4 [14400/20000 (72.0%)]	Loss: 0.5104644894599915
[2023-05-01 14:33:17] Train Epoch: 4 [15200/20000 (76.0%)]	Loss: 0.25044751167297363
[2023-05-01 14:33:18] Train Epoch: 4 [16000/20000 (80.0%)]	Loss: 0.42088621854782104
[2023-05-01 14:33:18] Train Epoch: 4 [16800/20000 (84.0%)]	Loss: 0.39164668321609497
[2023-05-01 14:33:18] Train Epoch: 4 [17600/20000 (88.0%)]	Loss: 0.3773789405822754
[2023-05-01 14:33:18] Train Epoch: 4 [18400/20000 (92.0%)]	Loss: 0.62801194190979
[2023-05-01 14:33:18] Train Epoch: 4 [19200/20000 (96.0%)]	Loss: 0.24568475782871246
[2023-05-01 14:33:19] ========== Metrics ==========
[2023-05-01 14:33:19] {
  "tr_loss": 0.36056444401478266,
  "tr_acc": 0.8455845584558456,
  "tr_f1": 0.8461691740559929,
  "val_loss": 0.4581949811228259,
  "val_acc": 0.79694439509682,
  "val_f1": 0.7996494303242769,
  "test_loss": 0.5170972017737908,
  "test_acc": 0.7669376693766937,
  "test_f1": 0.7688172043010753
}
[2023-05-01 14:33:19] ========== Metrics ==========
[2023-05-01 14:33:20] Train Epoch: 5 [0/20000 (0.0%)]	Loss: 0.38000553846359253
[2023-05-01 14:33:20] Train Epoch: 5 [800/20000 (4.0%)]	Loss: 0.2692911624908447
[2023-05-01 14:33:20] Train Epoch: 5 [1600/20000 (8.0%)]	Loss: 0.4366322159767151
[2023-05-01 14:33:20] Train Epoch: 5 [2400/20000 (12.0%)]	Loss: 0.29355213046073914
[2023-05-01 14:33:21] Train Epoch: 5 [3200/20000 (16.0%)]	Loss: 0.14758479595184326
[2023-05-01 14:33:21] Train Epoch: 5 [4000/20000 (20.0%)]	Loss: 0.22267553210258484
[2023-05-01 14:33:21] Train Epoch: 5 [4800/20000 (24.0%)]	Loss: 0.3975309133529663
[2023-05-01 14:33:21] Train Epoch: 5 [5600/20000 (28.0%)]	Loss: 0.5575803518295288
[2023-05-01 14:33:21] Train Epoch: 5 [6400/20000 (32.0%)]	Loss: 0.33669355511665344
[2023-05-01 14:33:22] Train Epoch: 5 [7200/20000 (36.0%)]	Loss: 0.2588837444782257
[2023-05-01 14:33:22] Train Epoch: 5 [8000/20000 (40.0%)]	Loss: 0.11449891328811646
[2023-05-01 14:33:22] Train Epoch: 5 [8800/20000 (44.0%)]	Loss: 0.4289550483226776
[2023-05-01 14:33:22] Train Epoch: 5 [9600/20000 (48.0%)]	Loss: 0.23383255302906036
[2023-05-01 14:33:23] Train Epoch: 5 [10400/20000 (52.0%)]	Loss: 0.21408574283123016
[2023-05-01 14:33:23] Train Epoch: 5 [11200/20000 (56.0%)]	Loss: 0.31794506311416626
[2023-05-01 14:33:23] Train Epoch: 5 [12000/20000 (60.0%)]	Loss: 0.22967037558555603
[2023-05-01 14:33:23] Train Epoch: 5 [12800/20000 (64.0%)]	Loss: 0.12229416519403458
[2023-05-01 14:33:24] Train Epoch: 5 [13600/20000 (68.0%)]	Loss: 0.33292844891548157
[2023-05-01 14:33:24] Train Epoch: 5 [14400/20000 (72.0%)]	Loss: 0.3579196631908417
[2023-05-01 14:33:24] Train Epoch: 5 [15200/20000 (76.0%)]	Loss: 0.26338431239128113
[2023-05-01 14:33:24] Train Epoch: 5 [16000/20000 (80.0%)]	Loss: 0.13735531270503998
[2023-05-01 14:33:25] Train Epoch: 5 [16800/20000 (84.0%)]	Loss: 0.20047959685325623
[2023-05-01 14:33:25] Train Epoch: 5 [17600/20000 (88.0%)]	Loss: 0.5239962935447693
[2023-05-01 14:33:25] Train Epoch: 5 [18400/20000 (92.0%)]	Loss: 0.3000955879688263
[2023-05-01 14:33:25] Train Epoch: 5 [19200/20000 (96.0%)]	Loss: 0.3430994749069214
[2023-05-01 14:33:26] ========== Metrics ==========
[2023-05-01 14:33:26] {
  "tr_loss": 0.2875894903540552,
  "tr_acc": 0.881938193819382,
  "tr_f1": 0.8823910336239104,
  "val_loss": 0.44052564129987815,
  "val_acc": 0.8033398472197548,
  "val_f1": 0.8016484500985486,
  "test_loss": 0.43985427685869416,
  "test_acc": 0.7723577235772358,
  "test_f1": 0.7653631284916201
}
[2023-05-01 14:33:26] ========== Metrics ==========
[2023-05-01 14:33:26] Train Epoch: 6 [0/20000 (0.0%)]	Loss: 0.059549398720264435
[2023-05-01 14:33:27] Train Epoch: 6 [800/20000 (4.0%)]	Loss: 0.2357773780822754
[2023-05-01 14:33:27] Train Epoch: 6 [1600/20000 (8.0%)]	Loss: 0.3040817975997925
[2023-05-01 14:33:27] Train Epoch: 6 [2400/20000 (12.0%)]	Loss: 0.27249959111213684
[2023-05-01 14:33:27] Train Epoch: 6 [3200/20000 (16.0%)]	Loss: 0.13887102901935577
[2023-05-01 14:33:28] Train Epoch: 6 [4000/20000 (20.0%)]	Loss: 0.09180130809545517
[2023-05-01 14:33:28] Train Epoch: 6 [4800/20000 (24.0%)]	Loss: 0.22249767184257507
[2023-05-01 14:33:28] Train Epoch: 6 [5600/20000 (28.0%)]	Loss: 0.4065221846103668
[2023-05-01 14:33:28] Train Epoch: 6 [6400/20000 (32.0%)]	Loss: 0.22265294194221497
[2023-05-01 14:33:29] Train Epoch: 6 [7200/20000 (36.0%)]	Loss: 0.14756137132644653
[2023-05-01 14:33:29] Train Epoch: 6 [8000/20000 (40.0%)]	Loss: 0.13859570026397705
[2023-05-01 14:33:29] Train Epoch: 6 [8800/20000 (44.0%)]	Loss: 0.1405199021100998
[2023-05-01 14:33:29] Train Epoch: 6 [9600/20000 (48.0%)]	Loss: 0.29206573963165283
[2023-05-01 14:33:29] Train Epoch: 6 [10400/20000 (52.0%)]	Loss: 0.25962740182876587
[2023-05-01 14:33:30] Train Epoch: 6 [11200/20000 (56.0%)]	Loss: 0.20566222071647644
[2023-05-01 14:33:30] Train Epoch: 6 [12000/20000 (60.0%)]	Loss: 0.1358117163181305
[2023-05-01 14:33:30] Train Epoch: 6 [12800/20000 (64.0%)]	Loss: 0.26023462414741516
[2023-05-01 14:33:30] Train Epoch: 6 [13600/20000 (68.0%)]	Loss: 0.1837761104106903
[2023-05-01 14:33:31] Train Epoch: 6 [14400/20000 (72.0%)]	Loss: 0.26991552114486694
[2023-05-01 14:33:31] Train Epoch: 6 [15200/20000 (76.0%)]	Loss: 0.22914651036262512
[2023-05-01 14:33:31] Train Epoch: 6 [16000/20000 (80.0%)]	Loss: 0.12593847513198853
[2023-05-01 14:33:31] Train Epoch: 6 [16800/20000 (84.0%)]	Loss: 0.19624117016792297
[2023-05-01 14:33:31] Train Epoch: 6 [17600/20000 (88.0%)]	Loss: 0.26991093158721924
[2023-05-01 14:33:32] Train Epoch: 6 [18400/20000 (92.0%)]	Loss: 0.12572166323661804
[2023-05-01 14:33:32] Train Epoch: 6 [19200/20000 (96.0%)]	Loss: 0.21509014070034027
[2023-05-01 14:33:33] ========== Metrics ==========
[2023-05-01 14:33:33] {
  "tr_loss": 0.2320690810835377,
  "tr_acc": 0.9092409240924092,
  "tr_f1": 0.9094808238990575,
  "val_loss": 0.4390770674048319,
  "val_acc": 0.8035174986676141,
  "val_f1": 0.8020758768790266,
  "test_loss": 0.45096988600444016,
  "test_acc": 0.7696476964769647,
  "test_f1": 0.761904761904762
}
[2023-05-01 14:33:33] ========== Metrics ==========
[2023-05-01 14:33:33] Train Epoch: 7 [0/20000 (0.0%)]	Loss: 0.2998720407485962
[2023-05-01 14:33:33] Train Epoch: 7 [800/20000 (4.0%)]	Loss: 0.15351468324661255
[2023-05-01 14:33:34] Train Epoch: 7 [1600/20000 (8.0%)]	Loss: 0.15245027840137482
[2023-05-01 14:33:34] Train Epoch: 7 [2400/20000 (12.0%)]	Loss: 0.36783793568611145
[2023-05-01 14:33:34] Train Epoch: 7 [3200/20000 (16.0%)]	Loss: 0.4070137143135071
[2023-05-01 14:33:34] Train Epoch: 7 [4000/20000 (20.0%)]	Loss: 0.2426672875881195
[2023-05-01 14:33:34] Train Epoch: 7 [4800/20000 (24.0%)]	Loss: 0.1720857173204422
[2023-05-01 14:33:35] Train Epoch: 7 [5600/20000 (28.0%)]	Loss: 0.4680761694908142
[2023-05-01 14:33:35] Train Epoch: 7 [6400/20000 (32.0%)]	Loss: 0.31407877802848816
[2023-05-01 14:33:35] Train Epoch: 7 [7200/20000 (36.0%)]	Loss: 0.11380863934755325
[2023-05-01 14:33:35] Train Epoch: 7 [8000/20000 (40.0%)]	Loss: 0.11050314456224442
[2023-05-01 14:33:36] Train Epoch: 7 [8800/20000 (44.0%)]	Loss: 0.2097611278295517
[2023-05-01 14:33:36] Train Epoch: 7 [9600/20000 (48.0%)]	Loss: 0.581696093082428
[2023-05-01 14:33:36] Train Epoch: 7 [10400/20000 (52.0%)]	Loss: 0.16564227640628815
[2023-05-01 14:33:36] Train Epoch: 7 [11200/20000 (56.0%)]	Loss: 0.16511669754981995
[2023-05-01 14:33:36] Train Epoch: 7 [12000/20000 (60.0%)]	Loss: 0.11442705243825912
[2023-05-01 14:33:37] Train Epoch: 7 [12800/20000 (64.0%)]	Loss: 0.2136499136686325
[2023-05-01 14:33:37] Train Epoch: 7 [13600/20000 (68.0%)]	Loss: 0.23699603974819183
[2023-05-01 14:33:37] Train Epoch: 7 [14400/20000 (72.0%)]	Loss: 0.22595223784446716
[2023-05-01 14:33:37] Train Epoch: 7 [15200/20000 (76.0%)]	Loss: 0.1528118997812271
[2023-05-01 14:33:38] Train Epoch: 7 [16000/20000 (80.0%)]	Loss: 0.24458029866218567
[2023-05-01 14:33:38] Train Epoch: 7 [16800/20000 (84.0%)]	Loss: 0.2669816017150879
[2023-05-01 14:33:38] Train Epoch: 7 [17600/20000 (88.0%)]	Loss: 0.272450715303421
[2023-05-01 14:33:38] Train Epoch: 7 [18400/20000 (92.0%)]	Loss: 0.43575963377952576
[2023-05-01 14:33:38] Train Epoch: 7 [19200/20000 (96.0%)]	Loss: 0.07885158061981201
[2023-05-01 14:33:39] ========== Metrics ==========
[2023-05-01 14:33:39] {
  "tr_loss": 0.23463449091336191,
  "tr_acc": 0.9092409240924092,
  "tr_f1": 0.9095980475170593,
  "val_loss": 0.437763367437897,
  "val_acc": 0.8028068928761769,
  "val_f1": 0.8014311270125225,
  "test_loss": 0.4389631599591676,
  "test_acc": 0.7750677506775068,
  "test_f1": 0.7688022284122562
}
[2023-05-01 14:33:39] ========== Metrics ==========
[2023-05-01 14:33:40] Train Epoch: 8 [0/20000 (0.0%)]	Loss: 0.17541053891181946
[2023-05-01 14:33:40] Train Epoch: 8 [800/20000 (4.0%)]	Loss: 0.3372027575969696
[2023-05-01 14:33:40] Train Epoch: 8 [1600/20000 (8.0%)]	Loss: 0.12091071158647537
[2023-05-01 14:33:40] Train Epoch: 8 [2400/20000 (12.0%)]	Loss: 0.3057335615158081
[2023-05-01 14:33:41] Train Epoch: 8 [3200/20000 (16.0%)]	Loss: 0.10661758482456207
[2023-05-01 14:33:41] Train Epoch: 8 [4000/20000 (20.0%)]	Loss: 0.15102003514766693
[2023-05-01 14:33:41] Train Epoch: 8 [4800/20000 (24.0%)]	Loss: 0.21582376956939697
[2023-05-01 14:33:41] Train Epoch: 8 [5600/20000 (28.0%)]	Loss: 0.1806029975414276
[2023-05-01 14:33:41] Train Epoch: 8 [6400/20000 (32.0%)]	Loss: 0.2606293857097626
[2023-05-01 14:33:42] Train Epoch: 8 [7200/20000 (36.0%)]	Loss: 0.2356995791196823
[2023-05-01 14:33:42] Train Epoch: 8 [8000/20000 (40.0%)]	Loss: 0.15876711905002594
[2023-05-01 14:33:42] Train Epoch: 8 [8800/20000 (44.0%)]	Loss: 0.2122592031955719
[2023-05-01 14:33:42] Train Epoch: 8 [9600/20000 (48.0%)]	Loss: 0.22691060602664948
[2023-05-01 14:33:43] Train Epoch: 8 [10400/20000 (52.0%)]	Loss: 0.2090979814529419
[2023-05-01 14:33:43] Train Epoch: 8 [11200/20000 (56.0%)]	Loss: 0.28568536043167114
[2023-05-01 14:33:43] Train Epoch: 8 [12000/20000 (60.0%)]	Loss: 0.24152453243732452
[2023-05-01 14:33:43] Train Epoch: 8 [12800/20000 (64.0%)]	Loss: 0.23664475977420807
[2023-05-01 14:33:44] Train Epoch: 8 [13600/20000 (68.0%)]	Loss: 0.20961567759513855
[2023-05-01 14:33:44] Train Epoch: 8 [14400/20000 (72.0%)]	Loss: 0.34048110246658325
[2023-05-01 14:33:44] Train Epoch: 8 [15200/20000 (76.0%)]	Loss: 0.24770615994930267
[2023-05-01 14:33:44] Train Epoch: 8 [16000/20000 (80.0%)]	Loss: 0.18295858800411224
[2023-05-01 14:33:44] Train Epoch: 8 [16800/20000 (84.0%)]	Loss: 0.2063044309616089
[2023-05-01 14:33:45] Train Epoch: 8 [17600/20000 (88.0%)]	Loss: 0.26013222336769104
[2023-05-01 14:33:45] Train Epoch: 8 [18400/20000 (92.0%)]	Loss: 0.06933407485485077
[2023-05-01 14:33:45] Train Epoch: 8 [19200/20000 (96.0%)]	Loss: 0.2450617402791977
[2023-05-01 14:33:46] ========== Metrics ==========
[2023-05-01 14:33:46] {
  "tr_loss": 0.2257289090523995,
  "tr_acc": 0.9123912391239124,
  "tr_f1": 0.9126968307753638,
  "val_loss": 0.43674404448737764,
  "val_acc": 0.80458340735477,
  "val_f1": 0.8013723365836043,
  "test_loss": 0.4738522461113245,
  "test_acc": 0.7696476964769647,
  "test_f1": 0.7605633802816902
}
[2023-05-01 14:33:46] ========== Metrics ==========
[2023-05-01 14:33:46] Train Epoch: 9 [0/20000 (0.0%)]	Loss: 0.16094070672988892
[2023-05-01 14:33:46] Train Epoch: 9 [800/20000 (4.0%)]	Loss: 0.26910892128944397
[2023-05-01 14:33:47] Train Epoch: 9 [1600/20000 (8.0%)]	Loss: 0.1663263887166977
[2023-05-01 14:33:47] Train Epoch: 9 [2400/20000 (12.0%)]	Loss: 0.29226213693618774
[2023-05-01 14:33:47] Train Epoch: 9 [3200/20000 (16.0%)]	Loss: 0.11469442397356033
[2023-05-01 14:33:47] Train Epoch: 9 [4000/20000 (20.0%)]	Loss: 0.15630993247032166
[2023-05-01 14:33:48] Train Epoch: 9 [4800/20000 (24.0%)]	Loss: 0.17284846305847168
[2023-05-01 14:33:48] Train Epoch: 9 [5600/20000 (28.0%)]	Loss: 0.12408643215894699
[2023-05-01 14:33:48] Train Epoch: 9 [6400/20000 (32.0%)]	Loss: 0.24371632933616638
[2023-05-01 14:33:48] Train Epoch: 9 [7200/20000 (36.0%)]	Loss: 0.08150307089090347
[2023-05-01 14:33:48] Train Epoch: 9 [8000/20000 (40.0%)]	Loss: 0.2438203990459442
[2023-05-01 14:33:49] Train Epoch: 9 [8800/20000 (44.0%)]	Loss: 0.18540595471858978
[2023-05-01 14:33:49] Train Epoch: 9 [9600/20000 (48.0%)]	Loss: 0.3271780014038086
[2023-05-01 14:33:49] Train Epoch: 9 [10400/20000 (52.0%)]	Loss: 0.1986709088087082
[2023-05-01 14:33:49] Train Epoch: 9 [11200/20000 (56.0%)]	Loss: 0.42987164855003357
[2023-05-01 14:33:50] Train Epoch: 9 [12000/20000 (60.0%)]	Loss: 0.2555953860282898
[2023-05-01 14:33:50] Train Epoch: 9 [12800/20000 (64.0%)]	Loss: 0.21911926567554474
[2023-05-01 14:33:50] Train Epoch: 9 [13600/20000 (68.0%)]	Loss: 0.3850249648094177
[2023-05-01 14:33:50] Train Epoch: 9 [14400/20000 (72.0%)]	Loss: 0.10575265437364578
[2023-05-01 14:33:50] Train Epoch: 9 [15200/20000 (76.0%)]	Loss: 0.20104128122329712
[2023-05-01 14:33:51] Train Epoch: 9 [16000/20000 (80.0%)]	Loss: 0.14951097965240479
[2023-05-01 14:33:51] Train Epoch: 9 [16800/20000 (84.0%)]	Loss: 0.1239389181137085
[2023-05-01 14:33:51] Train Epoch: 9 [17600/20000 (88.0%)]	Loss: 0.22042232751846313
[2023-05-01 14:33:51] Train Epoch: 9 [18400/20000 (92.0%)]	Loss: 0.08322645723819733
[2023-05-01 14:33:51] Train Epoch: 9 [19200/20000 (96.0%)]	Loss: 0.14406143128871918
[2023-05-01 14:33:52] ========== Metrics ==========
[2023-05-01 14:33:52] {
  "tr_loss": 0.2174954056048324,
  "tr_acc": 0.9174417441744175,
  "tr_f1": 0.9176681793247893,
  "val_loss": 0.4360676315796907,
  "val_acc": 0.8035174986676141,
  "val_f1": 0.802992518703242,
  "test_loss": 0.4373406569163005,
  "test_acc": 0.7750677506775068,
  "test_f1": 0.7713498622589533
}
[2023-05-01 14:33:52] ========== Metrics ==========
[2023-05-01 14:33:53] Train Epoch: 10 [0/20000 (0.0%)]	Loss: 0.2525665760040283
[2023-05-01 14:33:53] Train Epoch: 10 [800/20000 (4.0%)]	Loss: 0.24347977340221405
[2023-05-01 14:33:53] Train Epoch: 10 [1600/20000 (8.0%)]	Loss: 0.3196972608566284
[2023-05-01 14:33:53] Train Epoch: 10 [2400/20000 (12.0%)]	Loss: 0.2744538486003876
[2023-05-01 14:33:54] Train Epoch: 10 [3200/20000 (16.0%)]	Loss: 0.30341964960098267
[2023-05-01 14:33:54] Train Epoch: 10 [4000/20000 (20.0%)]	Loss: 0.22500960528850555
[2023-05-01 14:33:54] Train Epoch: 10 [4800/20000 (24.0%)]	Loss: 0.21011567115783691
[2023-05-01 14:33:54] Train Epoch: 10 [5600/20000 (28.0%)]	Loss: 0.1574801504611969
[2023-05-01 14:33:55] Train Epoch: 10 [6400/20000 (32.0%)]	Loss: 0.2280464619398117
[2023-05-01 14:33:55] Train Epoch: 10 [7200/20000 (36.0%)]	Loss: 0.17504160106182098
[2023-05-01 14:33:55] Train Epoch: 10 [8000/20000 (40.0%)]	Loss: 0.21225914359092712
[2023-05-01 14:33:55] Train Epoch: 10 [8800/20000 (44.0%)]	Loss: 0.3615584373474121
[2023-05-01 14:33:55] Train Epoch: 10 [9600/20000 (48.0%)]	Loss: 0.415839821100235
[2023-05-01 14:33:56] Train Epoch: 10 [10400/20000 (52.0%)]	Loss: 0.22879008948802948
[2023-05-01 14:33:56] Train Epoch: 10 [11200/20000 (56.0%)]	Loss: 0.07211770862340927
[2023-05-01 14:33:56] Train Epoch: 10 [12000/20000 (60.0%)]	Loss: 0.14938533306121826
[2023-05-01 14:33:56] Train Epoch: 10 [12800/20000 (64.0%)]	Loss: 0.13442155718803406
[2023-05-01 14:33:57] Train Epoch: 10 [13600/20000 (68.0%)]	Loss: 0.1897706538438797
[2023-05-01 14:33:57] Train Epoch: 10 [14400/20000 (72.0%)]	Loss: 0.31274107098579407
[2023-05-01 14:33:57] Train Epoch: 10 [15200/20000 (76.0%)]	Loss: 0.2375706136226654
[2023-05-01 14:33:57] Train Epoch: 10 [16000/20000 (80.0%)]	Loss: 0.1116129606962204
[2023-05-01 14:33:58] Train Epoch: 10 [16800/20000 (84.0%)]	Loss: 0.4024235010147095
[2023-05-01 14:33:58] Train Epoch: 10 [17600/20000 (88.0%)]	Loss: 0.316356897354126
[2023-05-01 14:33:58] Train Epoch: 10 [18400/20000 (92.0%)]	Loss: 0.12994073331356049
[2023-05-01 14:33:58] Train Epoch: 10 [19200/20000 (96.0%)]	Loss: 0.33407318592071533
[2023-05-01 14:33:59] ========== Metrics ==========
[2023-05-01 14:33:59] {
  "tr_loss": 0.21187117231739844,
  "tr_acc": 0.9187918791879188,
  "tr_f1": 0.9191637630662021,
  "val_loss": 0.4349332160732847,
  "val_acc": 0.8029845443240362,
  "val_f1": 0.8015745213812847,
  "test_loss": 0.4382676277057265,
  "test_acc": 0.7723577235772358,
  "test_f1": 0.7666666666666666
}
[2023-05-01 14:33:59] ========== Metrics ==========
[2023-05-01 14:33:59] Train Epoch: 11 [0/20000 (0.0%)]	Loss: 0.1830335259437561
[2023-05-01 14:34:00] Train Epoch: 11 [800/20000 (4.0%)]	Loss: 0.16178613901138306
[2023-05-01 14:34:00] Train Epoch: 11 [1600/20000 (8.0%)]	Loss: 0.10565909743309021
[2023-05-01 14:34:00] Train Epoch: 11 [2400/20000 (12.0%)]	Loss: 0.15937751531600952
[2023-05-01 14:34:00] Train Epoch: 11 [3200/20000 (16.0%)]	Loss: 0.1862131804227829
[2023-05-01 14:34:01] Train Epoch: 11 [4000/20000 (20.0%)]	Loss: 0.2289888709783554
[2023-05-01 14:34:01] Train Epoch: 11 [4800/20000 (24.0%)]	Loss: 0.1555841565132141
[2023-05-01 14:34:01] Train Epoch: 11 [5600/20000 (28.0%)]	Loss: 0.2893020510673523
[2023-05-01 14:34:01] Train Epoch: 11 [6400/20000 (32.0%)]	Loss: 0.15894784033298492
[2023-05-01 14:34:02] Train Epoch: 11 [7200/20000 (36.0%)]	Loss: 0.18815766274929047
[2023-05-01 14:34:02] Train Epoch: 11 [8000/20000 (40.0%)]	Loss: 0.12016803026199341
[2023-05-01 14:34:02] Train Epoch: 11 [8800/20000 (44.0%)]	Loss: 0.12651056051254272
[2023-05-01 14:34:02] Train Epoch: 11 [9600/20000 (48.0%)]	Loss: 0.03599371761083603
[2023-05-01 14:34:02] Train Epoch: 11 [10400/20000 (52.0%)]	Loss: 0.19293811917304993
[2023-05-01 14:34:03] Train Epoch: 11 [11200/20000 (56.0%)]	Loss: 0.45625418424606323
[2023-05-01 14:34:03] Train Epoch: 11 [12000/20000 (60.0%)]	Loss: 0.2461128979921341
[2023-05-01 14:34:03] Train Epoch: 11 [12800/20000 (64.0%)]	Loss: 0.1328972429037094
[2023-05-01 14:34:03] Train Epoch: 11 [13600/20000 (68.0%)]	Loss: 0.10521404445171356
[2023-05-01 14:34:04] Train Epoch: 11 [14400/20000 (72.0%)]	Loss: 0.10329677909612656
[2023-05-01 14:34:04] Train Epoch: 11 [15200/20000 (76.0%)]	Loss: 0.26763877272605896
[2023-05-01 14:34:04] Train Epoch: 11 [16000/20000 (80.0%)]	Loss: 0.16327601671218872
[2023-05-01 14:34:04] Train Epoch: 11 [16800/20000 (84.0%)]	Loss: 0.2150692492723465
[2023-05-01 14:34:04] Train Epoch: 11 [17600/20000 (88.0%)]	Loss: 0.13901081681251526
[2023-05-01 14:34:05] Train Epoch: 11 [18400/20000 (92.0%)]	Loss: 0.134492427110672
[2023-05-01 14:34:05] Train Epoch: 11 [19200/20000 (96.0%)]	Loss: 0.2721802890300751
[2023-05-01 14:34:06] ========== Metrics ==========
[2023-05-01 14:34:06] {
  "tr_loss": 0.20615259773231218,
  "tr_acc": 0.9211421142114211,
  "tr_f1": 0.9213505560819909,
  "val_loss": 0.435100823275508,
  "val_acc": 0.8033398472197548,
  "val_f1": 0.8018614641131198,
  "test_loss": 0.4394867116519752,
  "test_acc": 0.7750677506775068,
  "test_f1": 0.7688022284122562
}
[2023-05-01 14:34:06] ========== Metrics ==========
[2023-05-01 14:34:06] Train Epoch: 12 [0/20000 (0.0%)]	Loss: 0.1805323362350464
[2023-05-01 14:34:06] Train Epoch: 12 [800/20000 (4.0%)]	Loss: 0.4274219274520874
[2023-05-01 14:34:07] Train Epoch: 12 [1600/20000 (8.0%)]	Loss: 0.4285760521888733
[2023-05-01 14:34:07] Train Epoch: 12 [2400/20000 (12.0%)]	Loss: 0.1887873411178589
[2023-05-01 14:34:07] Train Epoch: 12 [3200/20000 (16.0%)]	Loss: 0.2789881229400635
[2023-05-01 14:34:07] Train Epoch: 12 [4000/20000 (20.0%)]	Loss: 0.19824887812137604
[2023-05-01 14:34:08] Train Epoch: 12 [4800/20000 (24.0%)]	Loss: 0.10494817793369293
[2023-05-01 14:34:08] Train Epoch: 12 [5600/20000 (28.0%)]	Loss: 0.29490041732788086
[2023-05-01 14:34:08] Train Epoch: 12 [6400/20000 (32.0%)]	Loss: 0.13953042030334473
[2023-05-01 14:34:08] Train Epoch: 12 [7200/20000 (36.0%)]	Loss: 0.21989473700523376
[2023-05-01 14:34:08] Train Epoch: 12 [8000/20000 (40.0%)]	Loss: 0.21360723674297333
[2023-05-01 14:34:09] Train Epoch: 12 [8800/20000 (44.0%)]	Loss: 0.42898064851760864
[2023-05-01 14:34:09] Train Epoch: 12 [9600/20000 (48.0%)]	Loss: 0.19097046554088593
[2023-05-01 14:34:09] Train Epoch: 12 [10400/20000 (52.0%)]	Loss: 0.10649756342172623
[2023-05-01 14:34:09] Train Epoch: 12 [11200/20000 (56.0%)]	Loss: 0.42688679695129395
[2023-05-01 14:34:10] Train Epoch: 12 [12000/20000 (60.0%)]	Loss: 0.21690522134304047
[2023-05-01 14:34:10] Train Epoch: 12 [12800/20000 (64.0%)]	Loss: 0.07197415828704834
[2023-05-01 14:34:10] Train Epoch: 12 [13600/20000 (68.0%)]	Loss: 0.29157811403274536
[2023-05-01 14:34:10] Train Epoch: 12 [14400/20000 (72.0%)]	Loss: 0.28892043232917786
[2023-05-01 14:34:10] Train Epoch: 12 [15200/20000 (76.0%)]	Loss: 0.1756323128938675
[2023-05-01 14:34:11] Train Epoch: 12 [16000/20000 (80.0%)]	Loss: 0.07529333978891373
[2023-05-01 14:34:11] Train Epoch: 12 [16800/20000 (84.0%)]	Loss: 0.27347713708877563
[2023-05-01 14:34:11] Train Epoch: 12 [17600/20000 (88.0%)]	Loss: 0.1334679275751114
[2023-05-01 14:34:11] Train Epoch: 12 [18400/20000 (92.0%)]	Loss: 0.17610937356948853
[2023-05-01 14:34:12] Train Epoch: 12 [19200/20000 (96.0%)]	Loss: 0.040273040533065796
[2023-05-01 14:34:13] ========== Metrics ==========
[2023-05-01 14:34:13] {
  "tr_loss": 0.20618331524142863,
  "tr_acc": 0.9233423342334234,
  "tr_f1": 0.9238109437900701,
  "val_loss": 0.4347648806969254,
  "val_acc": 0.8036951501154734,
  "val_f1": 0.8019358307940492,
  "test_loss": 0.44513078369099274,
  "test_acc": 0.7750677506775068,
  "test_f1": 0.7688022284122562
}
[2023-05-01 14:34:13] ========== Metrics ==========
[2023-05-01 14:34:13] Train Epoch: 13 [0/20000 (0.0%)]	Loss: 0.19712258875370026
[2023-05-01 14:34:13] Train Epoch: 13 [800/20000 (4.0%)]	Loss: 0.0838286504149437
[2023-05-01 14:34:13] Train Epoch: 13 [1600/20000 (8.0%)]	Loss: 0.24669396877288818
[2023-05-01 14:34:14] Train Epoch: 13 [2400/20000 (12.0%)]	Loss: 0.07370532304048538
[2023-05-01 14:34:14] Train Epoch: 13 [3200/20000 (16.0%)]	Loss: 0.2521621882915497
[2023-05-01 14:34:14] Train Epoch: 13 [4000/20000 (20.0%)]	Loss: 0.23655584454536438
[2023-05-01 14:34:14] Train Epoch: 13 [4800/20000 (24.0%)]	Loss: 0.086540088057518
[2023-05-01 14:34:15] Train Epoch: 13 [5600/20000 (28.0%)]	Loss: 0.18772436678409576
[2023-05-01 14:34:15] Train Epoch: 13 [6400/20000 (32.0%)]	Loss: 0.35564810037612915
[2023-05-01 14:34:15] Train Epoch: 13 [7200/20000 (36.0%)]	Loss: 0.23777064681053162
[2023-05-01 14:34:15] Train Epoch: 13 [8000/20000 (40.0%)]	Loss: 0.41082963347435
[2023-05-01 14:34:15] Train Epoch: 13 [8800/20000 (44.0%)]	Loss: 0.22348853945732117
[2023-05-01 14:34:16] Train Epoch: 13 [9600/20000 (48.0%)]	Loss: 0.309902161359787
[2023-05-01 14:34:16] Train Epoch: 13 [10400/20000 (52.0%)]	Loss: 0.17920899391174316
[2023-05-01 14:34:16] Train Epoch: 13 [11200/20000 (56.0%)]	Loss: 0.2536175549030304
[2023-05-01 14:34:16] Train Epoch: 13 [12000/20000 (60.0%)]	Loss: 0.3534485995769501
[2023-05-01 14:34:17] Train Epoch: 13 [12800/20000 (64.0%)]	Loss: 0.18933358788490295
[2023-05-01 14:34:17] Train Epoch: 13 [13600/20000 (68.0%)]	Loss: 0.18622401356697083
[2023-05-01 14:34:17] Train Epoch: 13 [14400/20000 (72.0%)]	Loss: 0.3664993643760681
[2023-05-01 14:34:17] Train Epoch: 13 [15200/20000 (76.0%)]	Loss: 0.1680462807416916
[2023-05-01 14:34:17] Train Epoch: 13 [16000/20000 (80.0%)]	Loss: 0.16212259232997894
[2023-05-01 14:34:18] Train Epoch: 13 [16800/20000 (84.0%)]	Loss: 0.1611664891242981
[2023-05-01 14:34:18] Train Epoch: 13 [17600/20000 (88.0%)]	Loss: 0.402831494808197
[2023-05-01 14:34:18] Train Epoch: 13 [18400/20000 (92.0%)]	Loss: 0.22481679916381836
[2023-05-01 14:34:18] Train Epoch: 13 [19200/20000 (96.0%)]	Loss: 0.33225417137145996
[2023-05-01 14:34:19] ========== Metrics ==========
[2023-05-01 14:34:19] {
  "tr_loss": 0.2049303266427221,
  "tr_acc": 0.9214421442144214,
  "tr_f1": 0.9218057836842367,
  "val_loss": 0.4346538154624414,
  "val_acc": 0.8035174986676141,
  "val_f1": 0.8014362657091563,
  "test_loss": 0.4542642983640759,
  "test_acc": 0.7750677506775068,
  "test_f1": 0.7688022284122562
}
[2023-05-01 14:34:19] ========== Metrics ==========
[2023-05-01 14:34:19] Train Epoch: 14 [0/20000 (0.0%)]	Loss: 0.1688227355480194
[2023-05-01 14:34:20] Train Epoch: 14 [800/20000 (4.0%)]	Loss: 0.2708923816680908
[2023-05-01 14:34:20] Train Epoch: 14 [1600/20000 (8.0%)]	Loss: 0.42008113861083984
[2023-05-01 14:34:20] Train Epoch: 14 [2400/20000 (12.0%)]	Loss: 0.23280727863311768
[2023-05-01 14:34:20] Train Epoch: 14 [3200/20000 (16.0%)]	Loss: 0.3127135932445526
[2023-05-01 14:34:21] Train Epoch: 14 [4000/20000 (20.0%)]	Loss: 0.21918019652366638
[2023-05-01 14:34:21] Train Epoch: 14 [4800/20000 (24.0%)]	Loss: 0.23235268890857697
[2023-05-01 14:34:21] Train Epoch: 14 [5600/20000 (28.0%)]	Loss: 0.40124213695526123
[2023-05-01 14:34:21] Train Epoch: 14 [6400/20000 (32.0%)]	Loss: 0.16983236372470856
[2023-05-01 14:34:22] Train Epoch: 14 [7200/20000 (36.0%)]	Loss: 0.1900753378868103
[2023-05-01 14:34:22] Train Epoch: 14 [8000/20000 (40.0%)]	Loss: 0.16718633472919464
[2023-05-01 14:34:22] Train Epoch: 14 [8800/20000 (44.0%)]	Loss: 0.13065385818481445
[2023-05-01 14:34:22] Train Epoch: 14 [9600/20000 (48.0%)]	Loss: 0.1583232283592224
[2023-05-01 14:34:22] Train Epoch: 14 [10400/20000 (52.0%)]	Loss: 0.13216152787208557
[2023-05-01 14:34:23] Train Epoch: 14 [11200/20000 (56.0%)]	Loss: 0.15331998467445374
[2023-05-01 14:34:23] Train Epoch: 14 [12000/20000 (60.0%)]	Loss: 0.12782995402812958
[2023-05-01 14:34:23] Train Epoch: 14 [12800/20000 (64.0%)]	Loss: 0.14322225749492645
[2023-05-01 14:34:23] Train Epoch: 14 [13600/20000 (68.0%)]	Loss: 0.2551974356174469
[2023-05-01 14:34:23] Train Epoch: 14 [14400/20000 (72.0%)]	Loss: 0.10460393130779266
[2023-05-01 14:34:24] Train Epoch: 14 [15200/20000 (76.0%)]	Loss: 0.13514840602874756
[2023-05-01 14:34:24] Train Epoch: 14 [16000/20000 (80.0%)]	Loss: 0.19277499616146088
[2023-05-01 14:34:24] Train Epoch: 14 [16800/20000 (84.0%)]	Loss: 0.3015086054801941
[2023-05-01 14:34:24] Train Epoch: 14 [17600/20000 (88.0%)]	Loss: 0.2307450920343399
[2023-05-01 14:34:25] Train Epoch: 14 [18400/20000 (92.0%)]	Loss: 0.3494434058666229
[2023-05-01 14:34:25] Train Epoch: 14 [19200/20000 (96.0%)]	Loss: 0.18711836636066437
[2023-05-01 14:34:26] Stop At epoch 14/20 due to valid not increase
[2023-05-01 14:34:26] ========== Metrics ==========
[2023-05-01 14:34:26] {
  "tr_loss": 0.20684316992187443,
  "tr_acc": 0.9211921192119212,
  "tr_f1": 0.9213101657679249,
  "val_loss": 0.4345476615913894,
  "val_acc": 0.8036951501154734,
  "val_f1": 0.8019358307940492,
  "test_loss": 0.43438119810771164,
  "test_acc": 0.7750677506775068,
  "test_f1": 0.7688022284122562
}
[2023-05-01 14:34:26] ========== Metrics ==========
