[2023-05-01 21:40:23] Train Epoch: 1 [0/20000 (0.0%)]	Loss: 0.6223687529563904
[2023-05-01 21:40:23] Train Epoch: 1 [800/20000 (4.0%)]	Loss: 0.765991747379303
[2023-05-01 21:40:23] Train Epoch: 1 [1600/20000 (8.0%)]	Loss: 0.6550902724266052
[2023-05-01 21:40:23] Train Epoch: 1 [2400/20000 (12.0%)]	Loss: 0.6850626468658447
[2023-05-01 21:40:24] Train Epoch: 1 [3200/20000 (16.0%)]	Loss: 0.7087445259094238
[2023-05-01 21:40:24] Train Epoch: 1 [4000/20000 (20.0%)]	Loss: 0.643250048160553
[2023-05-01 21:40:24] Train Epoch: 1 [4800/20000 (24.0%)]	Loss: 0.735613226890564
[2023-05-01 21:40:24] Train Epoch: 1 [5600/20000 (28.0%)]	Loss: 0.7288357615470886
[2023-05-01 21:40:24] Train Epoch: 1 [6400/20000 (32.0%)]	Loss: 0.668380856513977
[2023-05-01 21:40:25] Train Epoch: 1 [7200/20000 (36.0%)]	Loss: 0.7055865526199341
[2023-05-01 21:40:25] Train Epoch: 1 [8000/20000 (40.0%)]	Loss: 0.6459834575653076
[2023-05-01 21:40:25] Train Epoch: 1 [8800/20000 (44.0%)]	Loss: 0.6577907204627991
[2023-05-01 21:40:25] Train Epoch: 1 [9600/20000 (48.0%)]	Loss: 0.7129295468330383
[2023-05-01 21:40:25] Train Epoch: 1 [10400/20000 (52.0%)]	Loss: 0.7087419629096985
[2023-05-01 21:40:26] Train Epoch: 1 [11200/20000 (56.0%)]	Loss: 0.6506219506263733
[2023-05-01 21:40:26] Train Epoch: 1 [12000/20000 (60.0%)]	Loss: 0.6930420398712158
[2023-05-01 21:40:26] Train Epoch: 1 [12800/20000 (64.0%)]	Loss: 0.6629946827888489
[2023-05-01 21:40:26] Train Epoch: 1 [13600/20000 (68.0%)]	Loss: 0.6599597334861755
[2023-05-01 21:40:26] Train Epoch: 1 [14400/20000 (72.0%)]	Loss: 0.6439334154129028
[2023-05-01 21:40:27] Train Epoch: 1 [15200/20000 (76.0%)]	Loss: 0.6350233554840088
[2023-05-01 21:40:27] Train Epoch: 1 [16000/20000 (80.0%)]	Loss: 0.6326930522918701
[2023-05-01 21:40:27] Train Epoch: 1 [16800/20000 (84.0%)]	Loss: 0.6875178217887878
[2023-05-01 21:40:27] Train Epoch: 1 [17600/20000 (88.0%)]	Loss: 0.7099489569664001
[2023-05-01 21:40:28] Train Epoch: 1 [18400/20000 (92.0%)]	Loss: 0.6741411089897156
[2023-05-01 21:40:28] Train Epoch: 1 [19200/20000 (96.0%)]	Loss: 0.6053458452224731
[2023-05-01 21:40:31] ========== Metrics ==========
[2023-05-01 21:40:31] {
  "tr_loss": 0.6845432027886779,
  "tr_acc": 0.5546054605460546,
  "tr_f1": 0.5820076024215121,
  "val_loss": 0.6563139886834054,
  "val_acc": 0.699236098774205,
  "val_f1": 0.7190973950555833,
  "test_loss": 0.6729536702639365,
  "test_acc": 0.6991869918699187,
  "test_f1": 0.7101827676240209
}
[2023-05-01 21:40:31] ========== Metrics ==========
[2023-05-01 21:40:32] Train Epoch: 2 [0/20000 (0.0%)]	Loss: 0.6779536604881287
[2023-05-01 21:40:32] Train Epoch: 2 [800/20000 (4.0%)]	Loss: 0.57541823387146
[2023-05-01 21:40:32] Train Epoch: 2 [1600/20000 (8.0%)]	Loss: 0.6264580488204956
[2023-05-01 21:40:32] Train Epoch: 2 [2400/20000 (12.0%)]	Loss: 0.5853255987167358
[2023-05-01 21:40:33] Train Epoch: 2 [3200/20000 (16.0%)]	Loss: 0.6568837761878967
[2023-05-01 21:40:33] Train Epoch: 2 [4000/20000 (20.0%)]	Loss: 0.593317985534668
[2023-05-01 21:40:33] Train Epoch: 2 [4800/20000 (24.0%)]	Loss: 0.6768000721931458
[2023-05-01 21:40:33] Train Epoch: 2 [5600/20000 (28.0%)]	Loss: 0.5953499674797058
[2023-05-01 21:40:33] Train Epoch: 2 [6400/20000 (32.0%)]	Loss: 0.6250519752502441
[2023-05-01 21:40:34] Train Epoch: 2 [7200/20000 (36.0%)]	Loss: 0.54462730884552
[2023-05-01 21:40:34] Train Epoch: 2 [8000/20000 (40.0%)]	Loss: 0.5080187916755676
[2023-05-01 21:40:34] Train Epoch: 2 [8800/20000 (44.0%)]	Loss: 0.5551977157592773
[2023-05-01 21:40:34] Train Epoch: 2 [9600/20000 (48.0%)]	Loss: 0.5917407870292664
[2023-05-01 21:40:34] Train Epoch: 2 [10400/20000 (52.0%)]	Loss: 0.614993155002594
[2023-05-01 21:40:35] Train Epoch: 2 [11200/20000 (56.0%)]	Loss: 0.6212317943572998
[2023-05-01 21:40:35] Train Epoch: 2 [12000/20000 (60.0%)]	Loss: 0.6888113021850586
[2023-05-01 21:40:35] Train Epoch: 2 [12800/20000 (64.0%)]	Loss: 0.5924749374389648
[2023-05-01 21:40:35] Train Epoch: 2 [13600/20000 (68.0%)]	Loss: 0.5940732359886169
[2023-05-01 21:40:35] Train Epoch: 2 [14400/20000 (72.0%)]	Loss: 0.6934350728988647
[2023-05-01 21:40:36] Train Epoch: 2 [15200/20000 (76.0%)]	Loss: 0.6365349888801575
[2023-05-01 21:40:36] Train Epoch: 2 [16000/20000 (80.0%)]	Loss: 0.614863395690918
[2023-05-01 21:40:36] Train Epoch: 2 [16800/20000 (84.0%)]	Loss: 0.7882416248321533
[2023-05-01 21:40:36] Train Epoch: 2 [17600/20000 (88.0%)]	Loss: 0.7540519833564758
[2023-05-01 21:40:37] Train Epoch: 2 [18400/20000 (92.0%)]	Loss: 0.6188592910766602
[2023-05-01 21:40:37] Train Epoch: 2 [19200/20000 (96.0%)]	Loss: 0.5257731676101685
[2023-05-01 21:40:40] ========== Metrics ==========
[2023-05-01 21:40:40] {
  "tr_loss": 0.6046035161720823,
  "tr_acc": 0.6828182818281828,
  "tr_f1": 0.691503331550022,
  "val_loss": 0.5797888141136691,
  "val_acc": 0.7521762302362764,
  "val_f1": 0.7610073667980127,
  "test_loss": 0.581618292221855,
  "test_acc": 0.7181571815718157,
  "test_f1": 0.7204301075268817
}
[2023-05-01 21:40:40] ========== Metrics ==========
[2023-05-01 21:40:41] Train Epoch: 3 [0/20000 (0.0%)]	Loss: 0.474550724029541
[2023-05-01 21:40:41] Train Epoch: 3 [800/20000 (4.0%)]	Loss: 0.5906662344932556
[2023-05-01 21:40:41] Train Epoch: 3 [1600/20000 (8.0%)]	Loss: 0.5558674931526184
[2023-05-01 21:40:41] Train Epoch: 3 [2400/20000 (12.0%)]	Loss: 0.6481945514678955
[2023-05-01 21:40:42] Train Epoch: 3 [3200/20000 (16.0%)]	Loss: 0.6235997676849365
[2023-05-01 21:40:42] Train Epoch: 3 [4000/20000 (20.0%)]	Loss: 0.520075261592865
[2023-05-01 21:40:42] Train Epoch: 3 [4800/20000 (24.0%)]	Loss: 0.471028208732605
[2023-05-01 21:40:42] Train Epoch: 3 [5600/20000 (28.0%)]	Loss: 0.5361360907554626
[2023-05-01 21:40:43] Train Epoch: 3 [6400/20000 (32.0%)]	Loss: 0.5523719787597656
[2023-05-01 21:40:43] Train Epoch: 3 [7200/20000 (36.0%)]	Loss: 0.5209712982177734
[2023-05-01 21:40:43] Train Epoch: 3 [8000/20000 (40.0%)]	Loss: 0.47174298763275146
[2023-05-01 21:40:43] Train Epoch: 3 [8800/20000 (44.0%)]	Loss: 0.4266449511051178
[2023-05-01 21:40:43] Train Epoch: 3 [9600/20000 (48.0%)]	Loss: 0.49693799018859863
[2023-05-01 21:40:44] Train Epoch: 3 [10400/20000 (52.0%)]	Loss: 0.43912723660469055
[2023-05-01 21:40:44] Train Epoch: 3 [11200/20000 (56.0%)]	Loss: 0.5175110101699829
[2023-05-01 21:40:44] Train Epoch: 3 [12000/20000 (60.0%)]	Loss: 0.41827088594436646
[2023-05-01 21:40:44] Train Epoch: 3 [12800/20000 (64.0%)]	Loss: 0.35402217507362366
[2023-05-01 21:40:45] Train Epoch: 3 [13600/20000 (68.0%)]	Loss: 0.48433640599250793
[2023-05-01 21:40:45] Train Epoch: 3 [14400/20000 (72.0%)]	Loss: 0.8219128847122192
[2023-05-01 21:40:45] Train Epoch: 3 [15200/20000 (76.0%)]	Loss: 0.46645838022232056
[2023-05-01 21:40:45] Train Epoch: 3 [16000/20000 (80.0%)]	Loss: 0.457607626914978
[2023-05-01 21:40:45] Train Epoch: 3 [16800/20000 (84.0%)]	Loss: 0.6468721032142639
[2023-05-01 21:40:46] Train Epoch: 3 [17600/20000 (88.0%)]	Loss: 0.5804160833358765
[2023-05-01 21:40:46] Train Epoch: 3 [18400/20000 (92.0%)]	Loss: 0.49982979893684387
[2023-05-01 21:40:46] Train Epoch: 3 [19200/20000 (96.0%)]	Loss: 0.4429255723953247
[2023-05-01 21:40:49] ========== Metrics ==========
[2023-05-01 21:40:49] {
  "tr_loss": 0.5013085268821605,
  "tr_acc": 0.759025902590259,
  "tr_f1": 0.7625523527962552,
  "val_loss": 0.5240107662704448,
  "val_acc": 0.7672766033043169,
  "val_f1": 0.7729636048526862,
  "test_loss": 0.5256834314444524,
  "test_acc": 0.7696476964769647,
  "test_f1": 0.7683923705722071
}
[2023-05-01 21:40:49] ========== Metrics ==========
[2023-05-01 21:40:50] Train Epoch: 4 [0/20000 (0.0%)]	Loss: 0.4524458944797516
[2023-05-01 21:40:50] Train Epoch: 4 [800/20000 (4.0%)]	Loss: 0.3474270701408386
[2023-05-01 21:40:51] Train Epoch: 4 [1600/20000 (8.0%)]	Loss: 0.4099835455417633
[2023-05-01 21:40:51] Train Epoch: 4 [2400/20000 (12.0%)]	Loss: 0.528261125087738
[2023-05-01 21:40:51] Train Epoch: 4 [3200/20000 (16.0%)]	Loss: 0.5815936326980591
[2023-05-01 21:40:51] Train Epoch: 4 [4000/20000 (20.0%)]	Loss: 0.36127981543540955
[2023-05-01 21:40:51] Train Epoch: 4 [4800/20000 (24.0%)]	Loss: 0.40685489773750305
[2023-05-01 21:40:52] Train Epoch: 4 [5600/20000 (28.0%)]	Loss: 0.3409859836101532
[2023-05-01 21:40:52] Train Epoch: 4 [6400/20000 (32.0%)]	Loss: 0.30366218090057373
[2023-05-01 21:40:52] Train Epoch: 4 [7200/20000 (36.0%)]	Loss: 0.6663693189620972
[2023-05-01 21:40:52] Train Epoch: 4 [8000/20000 (40.0%)]	Loss: 0.37520623207092285
[2023-05-01 21:40:52] Train Epoch: 4 [8800/20000 (44.0%)]	Loss: 0.2660323977470398
[2023-05-01 21:40:53] Train Epoch: 4 [9600/20000 (48.0%)]	Loss: 0.27756252884864807
[2023-05-01 21:40:53] Train Epoch: 4 [10400/20000 (52.0%)]	Loss: 0.473712295293808
[2023-05-01 21:40:53] Train Epoch: 4 [11200/20000 (56.0%)]	Loss: 0.45302921533584595
[2023-05-01 21:40:53] Train Epoch: 4 [12000/20000 (60.0%)]	Loss: 0.3794858157634735
[2023-05-01 21:40:53] Train Epoch: 4 [12800/20000 (64.0%)]	Loss: 0.3043689727783203
[2023-05-01 21:40:54] Train Epoch: 4 [13600/20000 (68.0%)]	Loss: 0.5426179766654968
[2023-05-01 21:40:54] Train Epoch: 4 [14400/20000 (72.0%)]	Loss: 0.4862845242023468
[2023-05-01 21:40:54] Train Epoch: 4 [15200/20000 (76.0%)]	Loss: 0.42121511697769165
[2023-05-01 21:40:54] Train Epoch: 4 [16000/20000 (80.0%)]	Loss: 0.3552519679069519
[2023-05-01 21:40:55] Train Epoch: 4 [16800/20000 (84.0%)]	Loss: 0.31877443194389343
[2023-05-01 21:40:55] Train Epoch: 4 [17600/20000 (88.0%)]	Loss: 0.3506930470466614
[2023-05-01 21:40:55] Train Epoch: 4 [18400/20000 (92.0%)]	Loss: 0.4031682014465332
[2023-05-01 21:40:55] Train Epoch: 4 [19200/20000 (96.0%)]	Loss: 0.47048792243003845
[2023-05-01 21:40:58] ========== Metrics ==========
[2023-05-01 21:40:58] {
  "tr_loss": 0.41286145241120564,
  "tr_acc": 0.8158815881588158,
  "tr_f1": 0.8163224583458046,
  "val_loss": 0.4927155722900868,
  "val_acc": 0.7745603126665482,
  "val_f1": 0.7819962205806562,
  "test_loss": 0.5165183434318398,
  "test_acc": 0.7804878048780488,
  "test_f1": 0.7828418230563002
}
[2023-05-01 21:40:58] ========== Metrics ==========
[2023-05-01 21:40:59] Train Epoch: 5 [0/20000 (0.0%)]	Loss: 0.4275430738925934
[2023-05-01 21:40:59] Train Epoch: 5 [800/20000 (4.0%)]	Loss: 0.2799358665943146
[2023-05-01 21:41:00] Train Epoch: 5 [1600/20000 (8.0%)]	Loss: 0.20012220740318298
[2023-05-01 21:41:00] Train Epoch: 5 [2400/20000 (12.0%)]	Loss: 0.4070234000682831
[2023-05-01 21:41:00] Train Epoch: 5 [3200/20000 (16.0%)]	Loss: 0.2651785910129547
[2023-05-01 21:41:00] Train Epoch: 5 [4000/20000 (20.0%)]	Loss: 0.24631419777870178
[2023-05-01 21:41:00] Train Epoch: 5 [4800/20000 (24.0%)]	Loss: 0.3414647877216339
[2023-05-01 21:41:01] Train Epoch: 5 [5600/20000 (28.0%)]	Loss: 0.4253121614456177
[2023-05-01 21:41:01] Train Epoch: 5 [6400/20000 (32.0%)]	Loss: 0.5140334367752075
[2023-05-01 21:41:01] Train Epoch: 5 [7200/20000 (36.0%)]	Loss: 0.24035795032978058
[2023-05-01 21:41:01] Train Epoch: 5 [8000/20000 (40.0%)]	Loss: 0.6805868744850159
[2023-05-01 21:41:02] Train Epoch: 5 [8800/20000 (44.0%)]	Loss: 0.25575894117355347
[2023-05-01 21:41:02] Train Epoch: 5 [9600/20000 (48.0%)]	Loss: 0.17232529819011688
[2023-05-01 21:41:02] Train Epoch: 5 [10400/20000 (52.0%)]	Loss: 0.30917832255363464
[2023-05-01 21:41:02] Train Epoch: 5 [11200/20000 (56.0%)]	Loss: 0.3183070421218872
[2023-05-01 21:41:02] Train Epoch: 5 [12000/20000 (60.0%)]	Loss: 0.3283550441265106
[2023-05-01 21:41:03] Train Epoch: 5 [12800/20000 (64.0%)]	Loss: 0.5794965028762817
[2023-05-01 21:41:03] Train Epoch: 5 [13600/20000 (68.0%)]	Loss: 0.3836098313331604
[2023-05-01 21:41:03] Train Epoch: 5 [14400/20000 (72.0%)]	Loss: 0.2450314462184906
[2023-05-01 21:41:03] Train Epoch: 5 [15200/20000 (76.0%)]	Loss: 0.4415077269077301
[2023-05-01 21:41:03] Train Epoch: 5 [16000/20000 (80.0%)]	Loss: 0.24322913587093353
[2023-05-01 21:41:04] Train Epoch: 5 [16800/20000 (84.0%)]	Loss: 0.5273727178573608
[2023-05-01 21:41:04] Train Epoch: 5 [17600/20000 (88.0%)]	Loss: 0.29397323727607727
[2023-05-01 21:41:04] Train Epoch: 5 [18400/20000 (92.0%)]	Loss: 0.3414355516433716
[2023-05-01 21:41:04] Train Epoch: 5 [19200/20000 (96.0%)]	Loss: 0.5412091612815857
[2023-05-01 21:41:07] ========== Metrics ==========
[2023-05-01 21:41:07] {
  "tr_loss": 0.3520861405624796,
  "tr_acc": 0.843034303430343,
  "tr_f1": 0.8430892276930767,
  "val_loss": 0.4745089660891209,
  "val_acc": 0.7820216734766389,
  "val_f1": 0.7835597107073559,
  "test_loss": 0.46957129966921923,
  "test_acc": 0.7804878048780488,
  "test_f1": 0.7804878048780488
}
[2023-05-01 21:41:07] ========== Metrics ==========
[2023-05-01 21:41:08] Train Epoch: 6 [0/20000 (0.0%)]	Loss: 0.2521204352378845
[2023-05-01 21:41:08] Train Epoch: 6 [800/20000 (4.0%)]	Loss: 0.38925179839134216
[2023-05-01 21:41:09] Train Epoch: 6 [1600/20000 (8.0%)]	Loss: 0.2130519300699234
[2023-05-01 21:41:09] Train Epoch: 6 [2400/20000 (12.0%)]	Loss: 0.2975170910358429
[2023-05-01 21:41:09] Train Epoch: 6 [3200/20000 (16.0%)]	Loss: 0.29514801502227783
[2023-05-01 21:41:09] Train Epoch: 6 [4000/20000 (20.0%)]	Loss: 0.264739066362381
[2023-05-01 21:41:10] Train Epoch: 6 [4800/20000 (24.0%)]	Loss: 0.26082924008369446
[2023-05-01 21:41:10] Train Epoch: 6 [5600/20000 (28.0%)]	Loss: 0.30037984251976013
[2023-05-01 21:41:10] Train Epoch: 6 [6400/20000 (32.0%)]	Loss: 0.3957824409008026
[2023-05-01 21:41:10] Train Epoch: 6 [7200/20000 (36.0%)]	Loss: 0.24751706421375275
[2023-05-01 21:41:11] Train Epoch: 6 [8000/20000 (40.0%)]	Loss: 0.26708999276161194
[2023-05-01 21:41:11] Train Epoch: 6 [8800/20000 (44.0%)]	Loss: 0.46836283802986145
[2023-05-01 21:41:11] Train Epoch: 6 [9600/20000 (48.0%)]	Loss: 0.3186713755130768
[2023-05-01 21:41:11] Train Epoch: 6 [10400/20000 (52.0%)]	Loss: 0.39810553193092346
[2023-05-01 21:41:11] Train Epoch: 6 [11200/20000 (56.0%)]	Loss: 0.17939433455467224
[2023-05-01 21:41:12] Train Epoch: 6 [12000/20000 (60.0%)]	Loss: 0.40535104274749756
[2023-05-01 21:41:12] Train Epoch: 6 [12800/20000 (64.0%)]	Loss: 0.23278750479221344
[2023-05-01 21:41:12] Train Epoch: 6 [13600/20000 (68.0%)]	Loss: 0.2664106488227844
[2023-05-01 21:41:12] Train Epoch: 6 [14400/20000 (72.0%)]	Loss: 0.27015599608421326
[2023-05-01 21:41:13] Train Epoch: 6 [15200/20000 (76.0%)]	Loss: 0.16350510716438293
[2023-05-01 21:41:13] Train Epoch: 6 [16000/20000 (80.0%)]	Loss: 0.6324001550674438
[2023-05-01 21:41:13] Train Epoch: 6 [16800/20000 (84.0%)]	Loss: 0.5638684034347534
[2023-05-01 21:41:13] Train Epoch: 6 [17600/20000 (88.0%)]	Loss: 0.3988020420074463
[2023-05-01 21:41:13] Train Epoch: 6 [18400/20000 (92.0%)]	Loss: 0.15881802141666412
[2023-05-01 21:41:14] Train Epoch: 6 [19200/20000 (96.0%)]	Loss: 0.4072387218475342
[2023-05-01 21:41:17] ========== Metrics ==========
[2023-05-01 21:41:17] {
  "tr_loss": 0.3079082088323102,
  "tr_acc": 0.8676367636763677,
  "tr_f1": 0.8674179814675681,
  "val_loss": 0.47251930573965434,
  "val_acc": 0.7818440220287796,
  "val_f1": 0.7818827708703374,
  "test_loss": 0.4899936975825447,
  "test_acc": 0.7831978319783198,
  "test_f1": 0.7790055248618785
}
[2023-05-01 21:41:17] ========== Metrics ==========
[2023-05-01 21:41:18] Train Epoch: 7 [0/20000 (0.0%)]	Loss: 0.19932913780212402
[2023-05-01 21:41:18] Train Epoch: 7 [800/20000 (4.0%)]	Loss: 0.2886054813861847
[2023-05-01 21:41:18] Train Epoch: 7 [1600/20000 (8.0%)]	Loss: 0.26702070236206055
[2023-05-01 21:41:18] Train Epoch: 7 [2400/20000 (12.0%)]	Loss: 0.26609358191490173
[2023-05-01 21:41:19] Train Epoch: 7 [3200/20000 (16.0%)]	Loss: 0.3213769495487213
[2023-05-01 21:41:19] Train Epoch: 7 [4000/20000 (20.0%)]	Loss: 0.3355485200881958
[2023-05-01 21:41:19] Train Epoch: 7 [4800/20000 (24.0%)]	Loss: 0.3944952189922333
[2023-05-01 21:41:19] Train Epoch: 7 [5600/20000 (28.0%)]	Loss: 0.3564908802509308
[2023-05-01 21:41:20] Train Epoch: 7 [6400/20000 (32.0%)]	Loss: 0.2668040096759796
[2023-05-01 21:41:20] Train Epoch: 7 [7200/20000 (36.0%)]	Loss: 0.4083525538444519
[2023-05-01 21:41:20] Train Epoch: 7 [8000/20000 (40.0%)]	Loss: 0.352868914604187
[2023-05-01 21:41:20] Train Epoch: 7 [8800/20000 (44.0%)]	Loss: 0.23436857759952545
[2023-05-01 21:41:20] Train Epoch: 7 [9600/20000 (48.0%)]	Loss: 0.2397082895040512
[2023-05-01 21:41:21] Train Epoch: 7 [10400/20000 (52.0%)]	Loss: 0.3499872386455536
[2023-05-01 21:41:21] Train Epoch: 7 [11200/20000 (56.0%)]	Loss: 0.3320583403110504
[2023-05-01 21:41:21] Train Epoch: 7 [12000/20000 (60.0%)]	Loss: 0.29975616931915283
[2023-05-01 21:41:21] Train Epoch: 7 [12800/20000 (64.0%)]	Loss: 0.23386089503765106
[2023-05-01 21:41:22] Train Epoch: 7 [13600/20000 (68.0%)]	Loss: 0.37157148122787476
[2023-05-01 21:41:22] Train Epoch: 7 [14400/20000 (72.0%)]	Loss: 0.1619478166103363
[2023-05-01 21:41:22] Train Epoch: 7 [15200/20000 (76.0%)]	Loss: 0.33153674006462097
[2023-05-01 21:41:22] Train Epoch: 7 [16000/20000 (80.0%)]	Loss: 0.38974910974502563
[2023-05-01 21:41:22] Train Epoch: 7 [16800/20000 (84.0%)]	Loss: 0.20962411165237427
[2023-05-01 21:41:23] Train Epoch: 7 [17600/20000 (88.0%)]	Loss: 0.12100202590227127
[2023-05-01 21:41:23] Train Epoch: 7 [18400/20000 (92.0%)]	Loss: 0.26008671522140503
[2023-05-01 21:41:23] Train Epoch: 7 [19200/20000 (96.0%)]	Loss: 0.4711122512817383
[2023-05-01 21:41:26] ========== Metrics ==========
[2023-05-01 21:41:26] {
  "tr_loss": 0.2999224211886139,
  "tr_acc": 0.8704870487048705,
  "tr_f1": 0.8705776534079552,
  "val_loss": 0.4708933541397363,
  "val_acc": 0.7821993249244982,
  "val_f1": 0.7810714285714285,
  "test_loss": 0.4647795585435904,
  "test_acc": 0.7831978319783198,
  "test_f1": 0.7790055248618785
}
[2023-05-01 21:41:26] ========== Metrics ==========
[2023-05-01 21:41:27] Train Epoch: 8 [0/20000 (0.0%)]	Loss: 0.16611874103546143
[2023-05-01 21:41:27] Train Epoch: 8 [800/20000 (4.0%)]	Loss: 0.5129430890083313
[2023-05-01 21:41:27] Train Epoch: 8 [1600/20000 (8.0%)]	Loss: 0.37732869386672974
[2023-05-01 21:41:28] Train Epoch: 8 [2400/20000 (12.0%)]	Loss: 0.1772187203168869
[2023-05-01 21:41:28] Train Epoch: 8 [3200/20000 (16.0%)]	Loss: 0.14779438078403473
[2023-05-01 21:41:28] Train Epoch: 8 [4000/20000 (20.0%)]	Loss: 0.14134341478347778
[2023-05-01 21:41:28] Train Epoch: 8 [4800/20000 (24.0%)]	Loss: 0.3252197504043579
[2023-05-01 21:41:29] Train Epoch: 8 [5600/20000 (28.0%)]	Loss: 0.3372472822666168
[2023-05-01 21:41:29] Train Epoch: 8 [6400/20000 (32.0%)]	Loss: 0.4466591477394104
[2023-05-01 21:41:29] Train Epoch: 8 [7200/20000 (36.0%)]	Loss: 0.23973551392555237
[2023-05-01 21:41:29] Train Epoch: 8 [8000/20000 (40.0%)]	Loss: 0.44985124468803406
[2023-05-01 21:41:29] Train Epoch: 8 [8800/20000 (44.0%)]	Loss: 0.3182971775531769
[2023-05-01 21:41:30] Train Epoch: 8 [9600/20000 (48.0%)]	Loss: 0.38114404678344727
[2023-05-01 21:41:30] Train Epoch: 8 [10400/20000 (52.0%)]	Loss: 0.26819977164268494
[2023-05-01 21:41:30] Train Epoch: 8 [11200/20000 (56.0%)]	Loss: 0.17641490697860718
[2023-05-01 21:41:30] Train Epoch: 8 [12000/20000 (60.0%)]	Loss: 0.22002524137496948
[2023-05-01 21:41:31] Train Epoch: 8 [12800/20000 (64.0%)]	Loss: 0.1635684370994568
[2023-05-01 21:41:31] Train Epoch: 8 [13600/20000 (68.0%)]	Loss: 0.23426592350006104
[2023-05-01 21:41:31] Train Epoch: 8 [14400/20000 (72.0%)]	Loss: 0.1701420098543167
[2023-05-01 21:41:31] Train Epoch: 8 [15200/20000 (76.0%)]	Loss: 0.25899872183799744
[2023-05-01 21:41:31] Train Epoch: 8 [16000/20000 (80.0%)]	Loss: 0.48169413208961487
[2023-05-01 21:41:32] Train Epoch: 8 [16800/20000 (84.0%)]	Loss: 0.13124005496501923
[2023-05-01 21:41:32] Train Epoch: 8 [17600/20000 (88.0%)]	Loss: 0.23425886034965515
[2023-05-01 21:41:32] Train Epoch: 8 [18400/20000 (92.0%)]	Loss: 0.15311628580093384
[2023-05-01 21:41:32] Train Epoch: 8 [19200/20000 (96.0%)]	Loss: 0.2704296112060547
[2023-05-01 21:41:35] ========== Metrics ==========
[2023-05-01 21:41:35] {
  "tr_loss": 0.2879095476965318,
  "tr_acc": 0.875937593759376,
  "tr_f1": 0.8756328638026969,
  "val_loss": 0.4690899034867089,
  "val_acc": 0.7837981879552318,
  "val_f1": 0.7824065796531378,
  "test_loss": 0.46844547550852705,
  "test_acc": 0.7804878048780488,
  "test_f1": 0.7756232686980609
}
[2023-05-01 21:41:35] ========== Metrics ==========
[2023-05-01 21:41:36] Train Epoch: 9 [0/20000 (0.0%)]	Loss: 0.09699074923992157
[2023-05-01 21:41:36] Train Epoch: 9 [800/20000 (4.0%)]	Loss: 0.3817351460456848
[2023-05-01 21:41:37] Train Epoch: 9 [1600/20000 (8.0%)]	Loss: 0.1708672046661377
[2023-05-01 21:41:37] Train Epoch: 9 [2400/20000 (12.0%)]	Loss: 0.2157261073589325
[2023-05-01 21:41:37] Train Epoch: 9 [3200/20000 (16.0%)]	Loss: 0.19964370131492615
[2023-05-01 21:41:37] Train Epoch: 9 [4000/20000 (20.0%)]	Loss: 0.37759822607040405
[2023-05-01 21:41:38] Train Epoch: 9 [4800/20000 (24.0%)]	Loss: 0.24141474068164825
[2023-05-01 21:41:38] Train Epoch: 9 [5600/20000 (28.0%)]	Loss: 0.1413504034280777
[2023-05-01 21:41:38] Train Epoch: 9 [6400/20000 (32.0%)]	Loss: 0.33266833424568176
[2023-05-01 21:41:38] Train Epoch: 9 [7200/20000 (36.0%)]	Loss: 0.28989049792289734
[2023-05-01 21:41:38] Train Epoch: 9 [8000/20000 (40.0%)]	Loss: 0.4523828625679016
[2023-05-01 21:41:39] Train Epoch: 9 [8800/20000 (44.0%)]	Loss: 0.2860485911369324
[2023-05-01 21:41:39] Train Epoch: 9 [9600/20000 (48.0%)]	Loss: 0.39101138710975647
[2023-05-01 21:41:39] Train Epoch: 9 [10400/20000 (52.0%)]	Loss: 0.36051714420318604
[2023-05-01 21:41:39] Train Epoch: 9 [11200/20000 (56.0%)]	Loss: 0.17362859845161438
[2023-05-01 21:41:40] Train Epoch: 9 [12000/20000 (60.0%)]	Loss: 0.4007704257965088
[2023-05-01 21:41:40] Train Epoch: 9 [12800/20000 (64.0%)]	Loss: 0.30829527974128723
[2023-05-01 21:41:40] Train Epoch: 9 [13600/20000 (68.0%)]	Loss: 0.19526316225528717
[2023-05-01 21:41:40] Train Epoch: 9 [14400/20000 (72.0%)]	Loss: 0.12598544359207153
[2023-05-01 21:41:41] Train Epoch: 9 [15200/20000 (76.0%)]	Loss: 0.40982556343078613
[2023-05-01 21:41:41] Train Epoch: 9 [16000/20000 (80.0%)]	Loss: 0.362495094537735
[2023-05-01 21:41:41] Train Epoch: 9 [16800/20000 (84.0%)]	Loss: 0.19313570857048035
[2023-05-01 21:41:41] Train Epoch: 9 [17600/20000 (88.0%)]	Loss: 0.19882021844387054
[2023-05-01 21:41:42] Train Epoch: 9 [18400/20000 (92.0%)]	Loss: 0.3339729607105255
[2023-05-01 21:41:42] Train Epoch: 9 [19200/20000 (96.0%)]	Loss: 0.3089900314807892
[2023-05-01 21:41:45] ========== Metrics ==========
[2023-05-01 21:41:45] {
  "tr_loss": 0.28702029145613994,
  "tr_acc": 0.8764876487648765,
  "tr_f1": 0.8751894896412331,
  "val_loss": 0.46814545951446135,
  "val_acc": 0.782732279268076,
  "val_f1": 0.7820352878274818,
  "test_loss": 0.4818339438296269,
  "test_acc": 0.7804878048780488,
  "test_f1": 0.7756232686980609
}
[2023-05-01 21:41:45] ========== Metrics ==========
[2023-05-01 21:41:46] Train Epoch: 10 [0/20000 (0.0%)]	Loss: 0.3462095260620117
[2023-05-01 21:41:46] Train Epoch: 10 [800/20000 (4.0%)]	Loss: 0.12833115458488464
[2023-05-01 21:41:46] Train Epoch: 10 [1600/20000 (8.0%)]	Loss: 0.14515672624111176
[2023-05-01 21:41:46] Train Epoch: 10 [2400/20000 (12.0%)]	Loss: 0.23422272503376007
[2023-05-01 21:41:47] Train Epoch: 10 [3200/20000 (16.0%)]	Loss: 0.40145307779312134
[2023-05-01 21:41:47] Train Epoch: 10 [4000/20000 (20.0%)]	Loss: 0.2854739725589752
[2023-05-01 21:41:47] Train Epoch: 10 [4800/20000 (24.0%)]	Loss: 0.7540336847305298
[2023-05-01 21:41:47] Train Epoch: 10 [5600/20000 (28.0%)]	Loss: 0.5757384300231934
[2023-05-01 21:41:48] Train Epoch: 10 [6400/20000 (32.0%)]	Loss: 0.24012598395347595
[2023-05-01 21:41:48] Train Epoch: 10 [7200/20000 (36.0%)]	Loss: 0.21273520588874817
[2023-05-01 21:41:48] Train Epoch: 10 [8000/20000 (40.0%)]	Loss: 0.10308557003736496
[2023-05-01 21:41:48] Train Epoch: 10 [8800/20000 (44.0%)]	Loss: 0.3218761384487152
[2023-05-01 21:41:48] Train Epoch: 10 [9600/20000 (48.0%)]	Loss: 0.4419759213924408
[2023-05-01 21:41:49] Train Epoch: 10 [10400/20000 (52.0%)]	Loss: 0.14873887598514557
[2023-05-01 21:41:49] Train Epoch: 10 [11200/20000 (56.0%)]	Loss: 0.2908760905265808
[2023-05-01 21:41:49] Train Epoch: 10 [12000/20000 (60.0%)]	Loss: 0.4083727300167084
[2023-05-01 21:41:49] Train Epoch: 10 [12800/20000 (64.0%)]	Loss: 0.34393569827079773
[2023-05-01 21:41:50] Train Epoch: 10 [13600/20000 (68.0%)]	Loss: 0.23334257304668427
[2023-05-01 21:41:50] Train Epoch: 10 [14400/20000 (72.0%)]	Loss: 0.3133834898471832
[2023-05-01 21:41:50] Train Epoch: 10 [15200/20000 (76.0%)]	Loss: 0.3387978971004486
[2023-05-01 21:41:50] Train Epoch: 10 [16000/20000 (80.0%)]	Loss: 0.447012335062027
[2023-05-01 21:41:50] Train Epoch: 10 [16800/20000 (84.0%)]	Loss: 0.12049499154090881
[2023-05-01 21:41:51] Train Epoch: 10 [17600/20000 (88.0%)]	Loss: 0.2419818639755249
[2023-05-01 21:41:51] Train Epoch: 10 [18400/20000 (92.0%)]	Loss: 0.42956656217575073
[2023-05-01 21:41:51] Train Epoch: 10 [19200/20000 (96.0%)]	Loss: 0.1281435340642929
[2023-05-01 21:41:54] ========== Metrics ==========
[2023-05-01 21:41:54] {
  "tr_loss": 0.27848925824427156,
  "tr_acc": 0.8809380938093809,
  "tr_f1": 0.8802855849967319,
  "val_loss": 0.46680141397470437,
  "val_acc": 0.7829099307159353,
  "val_f1": 0.7822523164647185,
  "test_loss": 0.5120481462659552,
  "test_acc": 0.7804878048780488,
  "test_f1": 0.7756232686980609
}
[2023-05-01 21:41:54] ========== Metrics ==========
[2023-05-01 21:41:55] Train Epoch: 11 [0/20000 (0.0%)]	Loss: 0.13326898217201233
[2023-05-01 21:41:55] Train Epoch: 11 [800/20000 (4.0%)]	Loss: 0.191123828291893
[2023-05-01 21:41:56] Train Epoch: 11 [1600/20000 (8.0%)]	Loss: 0.2854335606098175
[2023-05-01 21:41:56] Train Epoch: 11 [2400/20000 (12.0%)]	Loss: 0.3369768261909485
[2023-05-01 21:41:56] Train Epoch: 11 [3200/20000 (16.0%)]	Loss: 0.3604912757873535
[2023-05-01 21:41:56] Train Epoch: 11 [4000/20000 (20.0%)]	Loss: 0.3415071666240692
[2023-05-01 21:41:56] Train Epoch: 11 [4800/20000 (24.0%)]	Loss: 0.28917986154556274
[2023-05-01 21:41:57] Train Epoch: 11 [5600/20000 (28.0%)]	Loss: 0.1609301120042801
[2023-05-01 21:41:57] Train Epoch: 11 [6400/20000 (32.0%)]	Loss: 0.5394505858421326
[2023-05-01 21:41:57] Train Epoch: 11 [7200/20000 (36.0%)]	Loss: 0.4816077947616577
[2023-05-01 21:41:57] Train Epoch: 11 [8000/20000 (40.0%)]	Loss: 0.20031705498695374
[2023-05-01 21:41:58] Train Epoch: 11 [8800/20000 (44.0%)]	Loss: 0.15403100848197937
[2023-05-01 21:41:58] Train Epoch: 11 [9600/20000 (48.0%)]	Loss: 0.4162629246711731
[2023-05-01 21:41:58] Train Epoch: 11 [10400/20000 (52.0%)]	Loss: 0.3878621459007263
[2023-05-01 21:41:58] Train Epoch: 11 [11200/20000 (56.0%)]	Loss: 0.1128944605588913
[2023-05-01 21:41:58] Train Epoch: 11 [12000/20000 (60.0%)]	Loss: 0.35918229818344116
[2023-05-01 21:41:59] Train Epoch: 11 [12800/20000 (64.0%)]	Loss: 0.19991886615753174
[2023-05-01 21:41:59] Train Epoch: 11 [13600/20000 (68.0%)]	Loss: 0.1809857040643692
[2023-05-01 21:41:59] Train Epoch: 11 [14400/20000 (72.0%)]	Loss: 0.10572616755962372
[2023-05-01 21:41:59] Train Epoch: 11 [15200/20000 (76.0%)]	Loss: 0.24794486165046692
[2023-05-01 21:41:59] Train Epoch: 11 [16000/20000 (80.0%)]	Loss: 0.17906151711940765
[2023-05-01 21:42:00] Train Epoch: 11 [16800/20000 (84.0%)]	Loss: 0.1943899542093277
[2023-05-01 21:42:00] Train Epoch: 11 [17600/20000 (88.0%)]	Loss: 0.17301420867443085
[2023-05-01 21:42:00] Train Epoch: 11 [18400/20000 (92.0%)]	Loss: 0.30497801303863525
[2023-05-01 21:42:00] Train Epoch: 11 [19200/20000 (96.0%)]	Loss: 0.2577623128890991
[2023-05-01 21:42:04] ========== Metrics ==========
[2023-05-01 21:42:04] {
  "tr_loss": 0.27445132198101496,
  "tr_acc": 0.8817881788178817,
  "tr_f1": 0.880485338725986,
  "val_loss": 0.4667547963868028,
  "val_acc": 0.7837981879552318,
  "val_f1": 0.783413418757786,
  "test_loss": 0.4899815453423394,
  "test_acc": 0.7804878048780488,
  "test_f1": 0.7756232686980609
}
[2023-05-01 21:42:04] ========== Metrics ==========
[2023-05-01 21:42:04] Train Epoch: 12 [0/20000 (0.0%)]	Loss: 0.11933320015668869
[2023-05-01 21:42:05] Train Epoch: 12 [800/20000 (4.0%)]	Loss: 0.20481276512145996
[2023-05-01 21:42:05] Train Epoch: 12 [1600/20000 (8.0%)]	Loss: 0.3178580403327942
[2023-05-01 21:42:05] Train Epoch: 12 [2400/20000 (12.0%)]	Loss: 0.10744467377662659
[2023-05-01 21:42:05] Train Epoch: 12 [3200/20000 (16.0%)]	Loss: 0.26781967282295227
[2023-05-01 21:42:06] Train Epoch: 12 [4000/20000 (20.0%)]	Loss: 0.4639418423175812
[2023-05-01 21:42:06] Train Epoch: 12 [4800/20000 (24.0%)]	Loss: 0.26903724670410156
[2023-05-01 21:42:06] Train Epoch: 12 [5600/20000 (28.0%)]	Loss: 0.25423717498779297
[2023-05-01 21:42:06] Train Epoch: 12 [6400/20000 (32.0%)]	Loss: 0.2689967751502991
[2023-05-01 21:42:06] Train Epoch: 12 [7200/20000 (36.0%)]	Loss: 0.5184269547462463
[2023-05-01 21:42:07] Train Epoch: 12 [8000/20000 (40.0%)]	Loss: 0.18570499122142792
[2023-05-01 21:42:07] Train Epoch: 12 [8800/20000 (44.0%)]	Loss: 0.15591251850128174
[2023-05-01 21:42:07] Train Epoch: 12 [9600/20000 (48.0%)]	Loss: 0.15448302030563354
[2023-05-01 21:42:07] Train Epoch: 12 [10400/20000 (52.0%)]	Loss: 0.17796017229557037
[2023-05-01 21:42:07] Train Epoch: 12 [11200/20000 (56.0%)]	Loss: 0.20277419686317444
[2023-05-01 21:42:08] Train Epoch: 12 [12000/20000 (60.0%)]	Loss: 0.27173224091529846
[2023-05-01 21:42:08] Train Epoch: 12 [12800/20000 (64.0%)]	Loss: 0.23423975706100464
[2023-05-01 21:42:08] Train Epoch: 12 [13600/20000 (68.0%)]	Loss: 0.34839895367622375
[2023-05-01 21:42:08] Train Epoch: 12 [14400/20000 (72.0%)]	Loss: 0.23758932948112488
[2023-05-01 21:42:08] Train Epoch: 12 [15200/20000 (76.0%)]	Loss: 0.17801329493522644
[2023-05-01 21:42:09] Train Epoch: 12 [16000/20000 (80.0%)]	Loss: 0.3260006010532379
[2023-05-01 21:42:09] Train Epoch: 12 [16800/20000 (84.0%)]	Loss: 0.3850928544998169
[2023-05-01 21:42:09] Train Epoch: 12 [17600/20000 (88.0%)]	Loss: 0.42331087589263916
[2023-05-01 21:42:09] Train Epoch: 12 [18400/20000 (92.0%)]	Loss: 0.15680071711540222
[2023-05-01 21:42:10] Train Epoch: 12 [19200/20000 (96.0%)]	Loss: 0.3402954638004303
[2023-05-01 21:42:13] ========== Metrics ==========
[2023-05-01 21:42:13] {
  "tr_loss": 0.2701597500412521,
  "tr_acc": 0.8881888188818882,
  "tr_f1": 0.8873324599415499,
  "val_loss": 0.46680757202714984,
  "val_acc": 0.7836205365073725,
  "val_f1": 0.7831968672125311,
  "test_loss": 0.5077464154096154,
  "test_acc": 0.7804878048780488,
  "test_f1": 0.7756232686980609
}
[2023-05-01 21:42:13] ========== Metrics ==========
[2023-05-01 21:42:14] Train Epoch: 13 [0/20000 (0.0%)]	Loss: 0.3842672109603882
[2023-05-01 21:42:14] Train Epoch: 13 [800/20000 (4.0%)]	Loss: 0.26711761951446533
[2023-05-01 21:42:14] Train Epoch: 13 [1600/20000 (8.0%)]	Loss: 0.14926311373710632
[2023-05-01 21:42:14] Train Epoch: 13 [2400/20000 (12.0%)]	Loss: 0.12564589083194733
[2023-05-01 21:42:14] Train Epoch: 13 [3200/20000 (16.0%)]	Loss: 0.25836795568466187
[2023-05-01 21:42:15] Train Epoch: 13 [4000/20000 (20.0%)]	Loss: 0.20685534179210663
[2023-05-01 21:42:15] Train Epoch: 13 [4800/20000 (24.0%)]	Loss: 0.24704322218894958
[2023-05-01 21:42:15] Train Epoch: 13 [5600/20000 (28.0%)]	Loss: 0.20181703567504883
[2023-05-01 21:42:15] Train Epoch: 13 [6400/20000 (32.0%)]	Loss: 0.19593209028244019
[2023-05-01 21:42:16] Train Epoch: 13 [7200/20000 (36.0%)]	Loss: 0.6244764924049377
[2023-05-01 21:42:16] Train Epoch: 13 [8000/20000 (40.0%)]	Loss: 0.451282799243927
[2023-05-01 21:42:16] Train Epoch: 13 [8800/20000 (44.0%)]	Loss: 0.18646669387817383
[2023-05-01 21:42:16] Train Epoch: 13 [9600/20000 (48.0%)]	Loss: 0.38612130284309387
[2023-05-01 21:42:16] Train Epoch: 13 [10400/20000 (52.0%)]	Loss: 0.2588839530944824
[2023-05-01 21:42:17] Train Epoch: 13 [11200/20000 (56.0%)]	Loss: 0.5957310199737549
[2023-05-01 21:42:17] Train Epoch: 13 [12000/20000 (60.0%)]	Loss: 0.16139163076877594
[2023-05-01 21:42:17] Train Epoch: 13 [12800/20000 (64.0%)]	Loss: 0.2256019562482834
[2023-05-01 21:42:17] Train Epoch: 13 [13600/20000 (68.0%)]	Loss: 0.2579399645328522
[2023-05-01 21:42:18] Train Epoch: 13 [14400/20000 (72.0%)]	Loss: 0.31021034717559814
[2023-05-01 21:42:18] Train Epoch: 13 [15200/20000 (76.0%)]	Loss: 0.3607838749885559
[2023-05-01 21:42:18] Train Epoch: 13 [16000/20000 (80.0%)]	Loss: 0.34973615407943726
[2023-05-01 21:42:18] Train Epoch: 13 [16800/20000 (84.0%)]	Loss: 0.19958925247192383
[2023-05-01 21:42:18] Train Epoch: 13 [17600/20000 (88.0%)]	Loss: 0.2323276549577713
[2023-05-01 21:42:19] Train Epoch: 13 [18400/20000 (92.0%)]	Loss: 0.27980315685272217
[2023-05-01 21:42:19] Train Epoch: 13 [19200/20000 (96.0%)]	Loss: 0.16290201246738434
[2023-05-01 21:42:22] ========== Metrics ==========
[2023-05-01 21:42:22] {
  "tr_loss": 0.27552834526039693,
  "tr_acc": 0.8837883788378837,
  "tr_f1": 0.8831338630192094,
  "val_loss": 0.46658298011613075,
  "val_acc": 0.7836205365073725,
  "val_f1": 0.7831968672125311,
  "test_loss": 0.4652073273490761,
  "test_acc": 0.7804878048780488,
  "test_f1": 0.7756232686980609
}
[2023-05-01 21:42:22] ========== Metrics ==========
[2023-05-01 21:42:23] Train Epoch: 14 [0/20000 (0.0%)]	Loss: 0.14813201129436493
[2023-05-01 21:42:23] Train Epoch: 14 [800/20000 (4.0%)]	Loss: 0.14513255655765533
[2023-05-01 21:42:23] Train Epoch: 14 [1600/20000 (8.0%)]	Loss: 0.3398277461528778
[2023-05-01 21:42:23] Train Epoch: 14 [2400/20000 (12.0%)]	Loss: 0.39792707562446594
[2023-05-01 21:42:24] Train Epoch: 14 [3200/20000 (16.0%)]	Loss: 0.14481911063194275
[2023-05-01 21:42:24] Train Epoch: 14 [4000/20000 (20.0%)]	Loss: 0.28274214267730713
[2023-05-01 21:42:24] Train Epoch: 14 [4800/20000 (24.0%)]	Loss: 0.349958211183548
[2023-05-01 21:42:24] Train Epoch: 14 [5600/20000 (28.0%)]	Loss: 0.20191487669944763
[2023-05-01 21:42:25] Train Epoch: 14 [6400/20000 (32.0%)]	Loss: 0.22450686991214752
[2023-05-01 21:42:25] Train Epoch: 14 [7200/20000 (36.0%)]	Loss: 0.1657303124666214
[2023-05-01 21:42:25] Train Epoch: 14 [8000/20000 (40.0%)]	Loss: 0.35416823625564575
[2023-05-01 21:42:25] Train Epoch: 14 [8800/20000 (44.0%)]	Loss: 0.36027294397354126
[2023-05-01 21:42:25] Train Epoch: 14 [9600/20000 (48.0%)]	Loss: 0.3378075659275055
[2023-05-01 21:42:26] Train Epoch: 14 [10400/20000 (52.0%)]	Loss: 0.49470067024230957
[2023-05-01 21:42:26] Train Epoch: 14 [11200/20000 (56.0%)]	Loss: 0.21264143288135529
[2023-05-01 21:42:26] Train Epoch: 14 [12000/20000 (60.0%)]	Loss: 0.4348381459712982
[2023-05-01 21:42:26] Train Epoch: 14 [12800/20000 (64.0%)]	Loss: 0.1693582981824875
[2023-05-01 21:42:27] Train Epoch: 14 [13600/20000 (68.0%)]	Loss: 0.1325368583202362
[2023-05-01 21:42:27] Train Epoch: 14 [14400/20000 (72.0%)]	Loss: 0.2396598905324936
[2023-05-01 21:42:27] Train Epoch: 14 [15200/20000 (76.0%)]	Loss: 0.29890939593315125
[2023-05-01 21:42:27] Train Epoch: 14 [16000/20000 (80.0%)]	Loss: 0.4526948034763336
[2023-05-01 21:42:27] Train Epoch: 14 [16800/20000 (84.0%)]	Loss: 0.39897459745407104
[2023-05-01 21:42:28] Train Epoch: 14 [17600/20000 (88.0%)]	Loss: 0.25289252400398254
[2023-05-01 21:42:28] Train Epoch: 14 [18400/20000 (92.0%)]	Loss: 0.22044341266155243
[2023-05-01 21:42:28] Train Epoch: 14 [19200/20000 (96.0%)]	Loss: 0.20889568328857422
[2023-05-01 21:42:31] ========== Metrics ==========
[2023-05-01 21:42:31] {
  "tr_loss": 0.2704819338460459,
  "tr_acc": 0.8843884388438844,
  "tr_f1": 0.8840870349944852,
  "val_loss": 0.46642674999945244,
  "val_acc": 0.7839758394030911,
  "val_f1": 0.7833214540270848,
  "test_loss": 0.4691879910828298,
  "test_acc": 0.7804878048780488,
  "test_f1": 0.7756232686980609
}
[2023-05-01 21:42:31] ========== Metrics ==========
[2023-05-01 21:42:32] Train Epoch: 15 [0/20000 (0.0%)]	Loss: 0.2361692488193512
[2023-05-01 21:42:32] Train Epoch: 15 [800/20000 (4.0%)]	Loss: 0.4196471869945526
[2023-05-01 21:42:32] Train Epoch: 15 [1600/20000 (8.0%)]	Loss: 0.2553982734680176
[2023-05-01 21:42:33] Train Epoch: 15 [2400/20000 (12.0%)]	Loss: 0.31266987323760986
[2023-05-01 21:42:33] Train Epoch: 15 [3200/20000 (16.0%)]	Loss: 0.23659910261631012
[2023-05-01 21:42:33] Train Epoch: 15 [4000/20000 (20.0%)]	Loss: 0.1943208873271942
[2023-05-01 21:42:33] Train Epoch: 15 [4800/20000 (24.0%)]	Loss: 0.21502527594566345
[2023-05-01 21:42:34] Train Epoch: 15 [5600/20000 (28.0%)]	Loss: 0.3288748264312744
[2023-05-01 21:42:34] Train Epoch: 15 [6400/20000 (32.0%)]	Loss: 0.27837514877319336
[2023-05-01 21:42:34] Train Epoch: 15 [7200/20000 (36.0%)]	Loss: 0.3189834654331207
[2023-05-01 21:42:34] Train Epoch: 15 [8000/20000 (40.0%)]	Loss: 0.26367416977882385
[2023-05-01 21:42:34] Train Epoch: 15 [8800/20000 (44.0%)]	Loss: 0.17695224285125732
[2023-05-01 21:42:35] Train Epoch: 15 [9600/20000 (48.0%)]	Loss: 0.18073996901512146
[2023-05-01 21:42:35] Train Epoch: 15 [10400/20000 (52.0%)]	Loss: 0.3755076825618744
[2023-05-01 21:42:35] Train Epoch: 15 [11200/20000 (56.0%)]	Loss: 0.24389012157917023
[2023-05-01 21:42:35] Train Epoch: 15 [12000/20000 (60.0%)]	Loss: 0.40758180618286133
[2023-05-01 21:42:36] Train Epoch: 15 [12800/20000 (64.0%)]	Loss: 0.1942180097103119
[2023-05-01 21:42:36] Train Epoch: 15 [13600/20000 (68.0%)]	Loss: 0.3405672609806061
[2023-05-01 21:42:36] Train Epoch: 15 [14400/20000 (72.0%)]	Loss: 0.37281882762908936
[2023-05-01 21:42:36] Train Epoch: 15 [15200/20000 (76.0%)]	Loss: 0.1534099280834198
[2023-05-01 21:42:36] Train Epoch: 15 [16000/20000 (80.0%)]	Loss: 0.14282245934009552
[2023-05-01 21:42:37] Train Epoch: 15 [16800/20000 (84.0%)]	Loss: 0.35239648818969727
[2023-05-01 21:42:37] Train Epoch: 15 [17600/20000 (88.0%)]	Loss: 0.2113744020462036
[2023-05-01 21:42:37] Train Epoch: 15 [18400/20000 (92.0%)]	Loss: 0.36650627851486206
[2023-05-01 21:42:37] Train Epoch: 15 [19200/20000 (96.0%)]	Loss: 0.4139094650745392
[2023-05-01 21:42:40] ========== Metrics ==========
[2023-05-01 21:42:40] {
  "tr_loss": 0.27200574693184804,
  "tr_acc": 0.8830883088308831,
  "tr_f1": 0.8820502472000807,
  "val_loss": 0.46641476443614815,
  "val_acc": 0.7832652336116539,
  "val_f1": 0.7828408686365255,
  "test_loss": 0.4585735943663088,
  "test_acc": 0.7831978319783198,
  "test_f1": 0.7790055248618785
}
[2023-05-01 21:42:40] ========== Metrics ==========
[2023-05-01 21:42:41] Train Epoch: 16 [0/20000 (0.0%)]	Loss: 0.2557103931903839
[2023-05-01 21:42:41] Train Epoch: 16 [800/20000 (4.0%)]	Loss: 0.13746030628681183
[2023-05-01 21:42:42] Train Epoch: 16 [1600/20000 (8.0%)]	Loss: 0.1849522739648819
[2023-05-01 21:42:42] Train Epoch: 16 [2400/20000 (12.0%)]	Loss: 0.09844652563333511
[2023-05-01 21:42:42] Train Epoch: 16 [3200/20000 (16.0%)]	Loss: 0.26638638973236084
[2023-05-01 21:42:42] Train Epoch: 16 [4000/20000 (20.0%)]	Loss: 0.33595556020736694
[2023-05-01 21:42:43] Train Epoch: 16 [4800/20000 (24.0%)]	Loss: 0.38758111000061035
[2023-05-01 21:42:43] Train Epoch: 16 [5600/20000 (28.0%)]	Loss: 0.15927858650684357
[2023-05-01 21:42:43] Train Epoch: 16 [6400/20000 (32.0%)]	Loss: 0.24593748152256012
[2023-05-01 21:42:43] Train Epoch: 16 [7200/20000 (36.0%)]	Loss: 0.2063475251197815
[2023-05-01 21:42:44] Train Epoch: 16 [8000/20000 (40.0%)]	Loss: 0.2920713424682617
[2023-05-01 21:42:44] Train Epoch: 16 [8800/20000 (44.0%)]	Loss: 0.2670413851737976
[2023-05-01 21:42:44] Train Epoch: 16 [9600/20000 (48.0%)]	Loss: 0.3114728331565857
[2023-05-01 21:42:44] Train Epoch: 16 [10400/20000 (52.0%)]	Loss: 0.3372255861759186
[2023-05-01 21:42:44] Train Epoch: 16 [11200/20000 (56.0%)]	Loss: 0.17987744510173798
[2023-05-01 21:42:45] Train Epoch: 16 [12000/20000 (60.0%)]	Loss: 0.17885224521160126
[2023-05-01 21:42:45] Train Epoch: 16 [12800/20000 (64.0%)]	Loss: 0.39840075373649597
[2023-05-01 21:42:45] Train Epoch: 16 [13600/20000 (68.0%)]	Loss: 0.30117470026016235
[2023-05-01 21:42:45] Train Epoch: 16 [14400/20000 (72.0%)]	Loss: 0.3718544542789459
[2023-05-01 21:42:46] Train Epoch: 16 [15200/20000 (76.0%)]	Loss: 0.37735411524772644
[2023-05-01 21:42:46] Train Epoch: 16 [16000/20000 (80.0%)]	Loss: 0.2196471393108368
[2023-05-01 21:42:46] Train Epoch: 16 [16800/20000 (84.0%)]	Loss: 0.5510635375976562
[2023-05-01 21:42:46] Train Epoch: 16 [17600/20000 (88.0%)]	Loss: 0.21236774325370789
[2023-05-01 21:42:46] Train Epoch: 16 [18400/20000 (92.0%)]	Loss: 0.253497451543808
[2023-05-01 21:42:47] Train Epoch: 16 [19200/20000 (96.0%)]	Loss: 0.21794290840625763
[2023-05-01 21:42:50] ========== Metrics ==========
[2023-05-01 21:42:50] {
  "tr_loss": 0.2697184678166732,
  "tr_acc": 0.8843884388438844,
  "tr_f1": 0.8836553945249598,
  "val_loss": 0.46638883072945764,
  "val_acc": 0.7834428850595132,
  "val_f1": 0.7829802385615098,
  "test_loss": 0.4668222184426739,
  "test_acc": 0.7831978319783198,
  "test_f1": 0.7790055248618785
}
[2023-05-01 21:42:50] ========== Metrics ==========
[2023-05-01 21:42:51] Train Epoch: 17 [0/20000 (0.0%)]	Loss: 0.2852470278739929
[2023-05-01 21:42:51] Train Epoch: 17 [800/20000 (4.0%)]	Loss: 0.29565662145614624
[2023-05-01 21:42:51] Train Epoch: 17 [1600/20000 (8.0%)]	Loss: 0.2140459269285202
[2023-05-01 21:42:51] Train Epoch: 17 [2400/20000 (12.0%)]	Loss: 0.16235509514808655
[2023-05-01 21:42:52] Train Epoch: 17 [3200/20000 (16.0%)]	Loss: 0.24752213060855865
[2023-05-01 21:42:52] Train Epoch: 17 [4000/20000 (20.0%)]	Loss: 0.1726188063621521
[2023-05-01 21:42:52] Train Epoch: 17 [4800/20000 (24.0%)]	Loss: 0.3050633668899536
[2023-05-01 21:42:52] Train Epoch: 17 [5600/20000 (28.0%)]	Loss: 0.35820436477661133
[2023-05-01 21:42:53] Train Epoch: 17 [6400/20000 (32.0%)]	Loss: 0.16098614037036896
[2023-05-01 21:42:53] Train Epoch: 17 [7200/20000 (36.0%)]	Loss: 0.5485920310020447
[2023-05-01 21:42:53] Train Epoch: 17 [8000/20000 (40.0%)]	Loss: 0.4838942587375641
[2023-05-01 21:42:53] Train Epoch: 17 [8800/20000 (44.0%)]	Loss: 0.18068602681159973
[2023-05-01 21:42:53] Train Epoch: 17 [9600/20000 (48.0%)]	Loss: 0.14486119151115417
[2023-05-01 21:42:54] Train Epoch: 17 [10400/20000 (52.0%)]	Loss: 0.37483304738998413
[2023-05-01 21:42:54] Train Epoch: 17 [11200/20000 (56.0%)]	Loss: 0.20084084570407867
[2023-05-01 21:42:54] Train Epoch: 17 [12000/20000 (60.0%)]	Loss: 0.28095385432243347
[2023-05-01 21:42:54] Train Epoch: 17 [12800/20000 (64.0%)]	Loss: 0.27308693528175354
[2023-05-01 21:42:55] Train Epoch: 17 [13600/20000 (68.0%)]	Loss: 0.26438531279563904
[2023-05-01 21:42:55] Train Epoch: 17 [14400/20000 (72.0%)]	Loss: 0.36184996366500854
[2023-05-01 21:42:55] Train Epoch: 17 [15200/20000 (76.0%)]	Loss: 0.22810694575309753
[2023-05-01 21:42:55] Train Epoch: 17 [16000/20000 (80.0%)]	Loss: 0.15694917738437653
[2023-05-01 21:42:55] Train Epoch: 17 [16800/20000 (84.0%)]	Loss: 0.29311278462409973
[2023-05-01 21:42:56] Train Epoch: 17 [17600/20000 (88.0%)]	Loss: 0.29575490951538086
[2023-05-01 21:42:56] Train Epoch: 17 [18400/20000 (92.0%)]	Loss: 0.32406672835350037
[2023-05-01 21:42:56] Train Epoch: 17 [19200/20000 (96.0%)]	Loss: 0.6618028283119202
[2023-05-01 21:42:59] ========== Metrics ==========
[2023-05-01 21:42:59] {
  "tr_loss": 0.2688661624114625,
  "tr_acc": 0.888988898889889,
  "tr_f1": 0.8883299798792758,
  "val_loss": 0.4663392167083746,
  "val_acc": 0.7834428850595132,
  "val_f1": 0.7829802385615098,
  "test_loss": 0.4683821330548625,
  "test_acc": 0.7831978319783198,
  "test_f1": 0.7790055248618785
}
[2023-05-01 21:42:59] ========== Metrics ==========
[2023-05-01 21:43:00] Train Epoch: 18 [0/20000 (0.0%)]	Loss: 0.2139846682548523
[2023-05-01 21:43:00] Train Epoch: 18 [800/20000 (4.0%)]	Loss: 0.37148594856262207
[2023-05-01 21:43:01] Train Epoch: 18 [1600/20000 (8.0%)]	Loss: 0.15303930640220642
[2023-05-01 21:43:01] Train Epoch: 18 [2400/20000 (12.0%)]	Loss: 0.3813052177429199
[2023-05-01 21:43:01] Train Epoch: 18 [3200/20000 (16.0%)]	Loss: 0.3672196865081787
[2023-05-01 21:43:01] Train Epoch: 18 [4000/20000 (20.0%)]	Loss: 0.34124091267585754
[2023-05-01 21:43:01] Train Epoch: 18 [4800/20000 (24.0%)]	Loss: 0.3271685838699341
[2023-05-01 21:43:02] Train Epoch: 18 [5600/20000 (28.0%)]	Loss: 0.15682466328144073
[2023-05-01 21:43:02] Train Epoch: 18 [6400/20000 (32.0%)]	Loss: 0.26425525546073914
[2023-05-01 21:43:02] Train Epoch: 18 [7200/20000 (36.0%)]	Loss: 0.1781572848558426
[2023-05-01 21:43:02] Train Epoch: 18 [8000/20000 (40.0%)]	Loss: 0.4854336380958557
[2023-05-01 21:43:03] Train Epoch: 18 [8800/20000 (44.0%)]	Loss: 0.32286641001701355
[2023-05-01 21:43:03] Train Epoch: 18 [9600/20000 (48.0%)]	Loss: 0.2865098714828491
[2023-05-01 21:43:03] Train Epoch: 18 [10400/20000 (52.0%)]	Loss: 0.15531326830387115
[2023-05-01 21:43:03] Train Epoch: 18 [11200/20000 (56.0%)]	Loss: 0.5578656196594238
[2023-05-01 21:43:03] Train Epoch: 18 [12000/20000 (60.0%)]	Loss: 0.2129795253276825
[2023-05-01 21:43:04] Train Epoch: 18 [12800/20000 (64.0%)]	Loss: 0.45826685428619385
[2023-05-01 21:43:04] Train Epoch: 18 [13600/20000 (68.0%)]	Loss: 0.4195961356163025
[2023-05-01 21:43:04] Train Epoch: 18 [14400/20000 (72.0%)]	Loss: 0.3620395064353943
[2023-05-01 21:43:04] Train Epoch: 18 [15200/20000 (76.0%)]	Loss: 0.10572294145822525
[2023-05-01 21:43:04] Train Epoch: 18 [16000/20000 (80.0%)]	Loss: 0.17307013273239136
[2023-05-01 21:43:05] Train Epoch: 18 [16800/20000 (84.0%)]	Loss: 0.22924622893333435
[2023-05-01 21:43:05] Train Epoch: 18 [17600/20000 (88.0%)]	Loss: 0.1538936048746109
[2023-05-01 21:43:05] Train Epoch: 18 [18400/20000 (92.0%)]	Loss: 0.10481970012187958
[2023-05-01 21:43:05] Train Epoch: 18 [19200/20000 (96.0%)]	Loss: 0.3789033591747284
[2023-05-01 21:43:08] ========== Metrics ==========
[2023-05-01 21:43:08] {
  "tr_loss": 0.26781667078217336,
  "tr_acc": 0.8870887088708871,
  "tr_f1": 0.8866238200441856,
  "val_loss": 0.4663693303429947,
  "val_acc": 0.7832652336116539,
  "val_f1": 0.7828408686365255,
  "test_loss": 0.45897406113503103,
  "test_acc": 0.7831978319783198,
  "test_f1": 0.7790055248618785
}
[2023-05-01 21:43:08] ========== Metrics ==========
[2023-05-01 21:43:09] Train Epoch: 19 [0/20000 (0.0%)]	Loss: 0.2859916090965271
[2023-05-01 21:43:09] Train Epoch: 19 [800/20000 (4.0%)]	Loss: 0.35401666164398193
[2023-05-01 21:43:10] Train Epoch: 19 [1600/20000 (8.0%)]	Loss: 0.19042080640792847
[2023-05-01 21:43:10] Train Epoch: 19 [2400/20000 (12.0%)]	Loss: 0.28914976119995117
[2023-05-01 21:43:10] Train Epoch: 19 [3200/20000 (16.0%)]	Loss: 0.25585052371025085
[2023-05-01 21:43:10] Train Epoch: 19 [4000/20000 (20.0%)]	Loss: 0.639012336730957
[2023-05-01 21:43:11] Train Epoch: 19 [4800/20000 (24.0%)]	Loss: 0.34256407618522644
[2023-05-01 21:43:11] Train Epoch: 19 [5600/20000 (28.0%)]	Loss: 0.25299277901649475
[2023-05-01 21:43:11] Train Epoch: 19 [6400/20000 (32.0%)]	Loss: 0.23680639266967773
[2023-05-01 21:43:11] Train Epoch: 19 [7200/20000 (36.0%)]	Loss: 0.5288906693458557
[2023-05-01 21:43:12] Train Epoch: 19 [8000/20000 (40.0%)]	Loss: 0.1582263857126236
[2023-05-01 21:43:12] Train Epoch: 19 [8800/20000 (44.0%)]	Loss: 0.3374236226081848
[2023-05-01 21:43:12] Train Epoch: 19 [9600/20000 (48.0%)]	Loss: 0.25546208024024963
[2023-05-01 21:43:12] Train Epoch: 19 [10400/20000 (52.0%)]	Loss: 0.32294824719429016
[2023-05-01 21:43:12] Train Epoch: 19 [11200/20000 (56.0%)]	Loss: 0.20605343580245972
[2023-05-01 21:43:13] Train Epoch: 19 [12000/20000 (60.0%)]	Loss: 0.3910960853099823
[2023-05-01 21:43:13] Train Epoch: 19 [12800/20000 (64.0%)]	Loss: 0.3752107620239258
[2023-05-01 21:43:13] Train Epoch: 19 [13600/20000 (68.0%)]	Loss: 0.31418517231941223
[2023-05-01 21:43:13] Train Epoch: 19 [14400/20000 (72.0%)]	Loss: 0.14822717010974884
[2023-05-01 21:43:13] Train Epoch: 19 [15200/20000 (76.0%)]	Loss: 0.3141207695007324
[2023-05-01 21:43:14] Train Epoch: 19 [16000/20000 (80.0%)]	Loss: 0.19415433704853058
[2023-05-01 21:43:14] Train Epoch: 19 [16800/20000 (84.0%)]	Loss: 0.244426891207695
[2023-05-01 21:43:14] Train Epoch: 19 [17600/20000 (88.0%)]	Loss: 0.22876214981079102
[2023-05-01 21:43:14] Train Epoch: 19 [18400/20000 (92.0%)]	Loss: 0.2515483796596527
[2023-05-01 21:43:15] Train Epoch: 19 [19200/20000 (96.0%)]	Loss: 0.2534931004047394
[2023-05-01 21:43:18] ========== Metrics ==========
[2023-05-01 21:43:18] {
  "tr_loss": 0.2723667595860767,
  "tr_acc": 0.8839383938393839,
  "tr_f1": 0.8835482414329436,
  "val_loss": 0.46636425866435194,
  "val_acc": 0.7836205365073725,
  "val_f1": 0.7831196581196581,
  "test_loss": 0.4810738421391019,
  "test_acc": 0.7831978319783198,
  "test_f1": 0.7790055248618785
}
[2023-05-01 21:43:18] ========== Metrics ==========
[2023-05-01 21:43:19] Train Epoch: 20 [0/20000 (0.0%)]	Loss: 0.27755221724510193
[2023-05-01 21:43:19] Train Epoch: 20 [800/20000 (4.0%)]	Loss: 0.3131694495677948
[2023-05-01 21:43:19] Train Epoch: 20 [1600/20000 (8.0%)]	Loss: 0.14036758244037628
[2023-05-01 21:43:19] Train Epoch: 20 [2400/20000 (12.0%)]	Loss: 0.3954862356185913
[2023-05-01 21:43:19] Train Epoch: 20 [3200/20000 (16.0%)]	Loss: 0.260797917842865
[2023-05-01 21:43:20] Train Epoch: 20 [4000/20000 (20.0%)]	Loss: 0.2976991832256317
[2023-05-01 21:43:20] Train Epoch: 20 [4800/20000 (24.0%)]	Loss: 0.17133817076683044
[2023-05-01 21:43:20] Train Epoch: 20 [5600/20000 (28.0%)]	Loss: 0.31868496537208557
[2023-05-01 21:43:20] Train Epoch: 20 [6400/20000 (32.0%)]	Loss: 0.2561239004135132
[2023-05-01 21:43:21] Train Epoch: 20 [7200/20000 (36.0%)]	Loss: 0.22013355791568756
[2023-05-01 21:43:21] Train Epoch: 20 [8000/20000 (40.0%)]	Loss: 0.45256203413009644
[2023-05-01 21:43:21] Train Epoch: 20 [8800/20000 (44.0%)]	Loss: 0.13565266132354736
[2023-05-01 21:43:21] Train Epoch: 20 [9600/20000 (48.0%)]	Loss: 0.12412808835506439
[2023-05-01 21:43:21] Train Epoch: 20 [10400/20000 (52.0%)]	Loss: 0.5717167854309082
[2023-05-01 21:43:22] Train Epoch: 20 [11200/20000 (56.0%)]	Loss: 0.41380587220191956
[2023-05-01 21:43:22] Train Epoch: 20 [12000/20000 (60.0%)]	Loss: 0.10539551079273224
[2023-05-01 21:43:22] Train Epoch: 20 [12800/20000 (64.0%)]	Loss: 0.30387628078460693
[2023-05-01 21:43:22] Train Epoch: 20 [13600/20000 (68.0%)]	Loss: 0.12145613878965378
[2023-05-01 21:43:23] Train Epoch: 20 [14400/20000 (72.0%)]	Loss: 0.160003662109375
[2023-05-01 21:43:23] Train Epoch: 20 [15200/20000 (76.0%)]	Loss: 0.3686682879924774
[2023-05-01 21:43:23] Train Epoch: 20 [16000/20000 (80.0%)]	Loss: 0.20804807543754578
[2023-05-01 21:43:23] Train Epoch: 20 [16800/20000 (84.0%)]	Loss: 0.31701773405075073
[2023-05-01 21:43:23] Train Epoch: 20 [17600/20000 (88.0%)]	Loss: 0.19184233248233795
[2023-05-01 21:43:24] Train Epoch: 20 [18400/20000 (92.0%)]	Loss: 0.20561295747756958
[2023-05-01 21:43:24] Train Epoch: 20 [19200/20000 (96.0%)]	Loss: 0.20198671519756317
[2023-05-01 21:43:26] Stop At epoch 20/20 due to valid not increase
[2023-05-01 21:43:27] ========== Metrics ==========
[2023-05-01 21:43:27] {
  "tr_loss": 0.26668685964672956,
  "tr_acc": 0.8898389838983899,
  "tr_f1": 0.8893909725360245,
  "val_loss": 0.46638727421065085,
  "val_acc": 0.7836205365073725,
  "val_f1": 0.7831196581196581,
  "test_loss": 0.4603086761665861,
  "test_acc": 0.7831978319783198,
  "test_f1": 0.7790055248618785
}
[2023-05-01 21:43:27] ========== Metrics ==========
