[2023-05-03 19:14:32] Train Epoch: 1 [0/20000 (0.0%)]	Loss: 0.7684109807014465
[2023-05-03 19:14:33] Train Epoch: 1 [800/20000 (4.0%)]	Loss: 0.6605741381645203
[2023-05-03 19:14:33] Train Epoch: 1 [1600/20000 (8.0%)]	Loss: 0.7559901475906372
[2023-05-03 19:14:33] Train Epoch: 1 [2400/20000 (12.0%)]	Loss: 0.7203888297080994
[2023-05-03 19:14:34] Train Epoch: 1 [3200/20000 (16.0%)]	Loss: 0.6851693391799927
[2023-05-03 19:14:34] Train Epoch: 1 [4000/20000 (20.0%)]	Loss: 0.6287358403205872
[2023-05-03 19:14:34] Train Epoch: 1 [4800/20000 (24.0%)]	Loss: 0.6307947635650635
[2023-05-03 19:14:34] Train Epoch: 1 [5600/20000 (28.0%)]	Loss: 0.7294435501098633
[2023-05-03 19:14:35] Train Epoch: 1 [6400/20000 (32.0%)]	Loss: 0.6493592858314514
[2023-05-03 19:14:35] Train Epoch: 1 [7200/20000 (36.0%)]	Loss: 0.6271793246269226
[2023-05-03 19:14:35] Train Epoch: 1 [8000/20000 (40.0%)]	Loss: 0.6315506100654602
[2023-05-03 19:14:36] Train Epoch: 1 [8800/20000 (44.0%)]	Loss: 0.7056820392608643
[2023-05-03 19:14:36] Train Epoch: 1 [9600/20000 (48.0%)]	Loss: 0.6957319974899292
[2023-05-03 19:14:36] Train Epoch: 1 [10400/20000 (52.0%)]	Loss: 0.6610795259475708
[2023-05-03 19:14:36] Train Epoch: 1 [11200/20000 (56.0%)]	Loss: 0.634344220161438
[2023-05-03 19:14:37] Train Epoch: 1 [12000/20000 (60.0%)]	Loss: 0.7412635087966919
[2023-05-03 19:14:37] Train Epoch: 1 [12800/20000 (64.0%)]	Loss: 0.6660809516906738
[2023-05-03 19:14:37] Train Epoch: 1 [13600/20000 (68.0%)]	Loss: 0.5980152487754822
[2023-05-03 19:14:38] Train Epoch: 1 [14400/20000 (72.0%)]	Loss: 0.6835169196128845
[2023-05-03 19:14:38] Train Epoch: 1 [15200/20000 (76.0%)]	Loss: 0.6713647842407227
[2023-05-03 19:14:38] Train Epoch: 1 [16000/20000 (80.0%)]	Loss: 0.6897068619728088
[2023-05-03 19:14:39] Train Epoch: 1 [16800/20000 (84.0%)]	Loss: 0.6814510822296143
[2023-05-03 19:14:39] Train Epoch: 1 [17600/20000 (88.0%)]	Loss: 0.6346511244773865
[2023-05-03 19:14:39] Train Epoch: 1 [18400/20000 (92.0%)]	Loss: 0.6566861271858215
[2023-05-03 19:14:40] Train Epoch: 1 [19200/20000 (96.0%)]	Loss: 0.6313976049423218
[2023-05-03 19:14:43] ========== Metrics ==========
[2023-05-03 19:14:43] {
  "tr_loss": 0.6841049649760966,
  "tr_acc": 0.5602060206020602,
  "tr_f1": 0.5360552830089149,
  "val_loss": 0.6500299793933971,
  "val_acc": 0.6878664061112099,
  "val_f1": 0.7089614046711943,
  "test_loss": 0.6671613923256313,
  "test_acc": 0.6937669376693767,
  "test_f1": 0.7034120734908136
}
[2023-05-03 19:14:43] ========== Metrics ==========
[2023-05-03 19:14:44] Train Epoch: 2 [0/20000 (0.0%)]	Loss: 0.6095159649848938
[2023-05-03 19:14:45] Train Epoch: 2 [800/20000 (4.0%)]	Loss: 0.6028510928153992
[2023-05-03 19:14:45] Train Epoch: 2 [1600/20000 (8.0%)]	Loss: 0.6363586783409119
[2023-05-03 19:14:45] Train Epoch: 2 [2400/20000 (12.0%)]	Loss: 0.6092085838317871
[2023-05-03 19:14:45] Train Epoch: 2 [3200/20000 (16.0%)]	Loss: 0.6532865166664124
[2023-05-03 19:14:46] Train Epoch: 2 [4000/20000 (20.0%)]	Loss: 0.5719125270843506
[2023-05-03 19:14:46] Train Epoch: 2 [4800/20000 (24.0%)]	Loss: 0.70223468542099
[2023-05-03 19:14:46] Train Epoch: 2 [5600/20000 (28.0%)]	Loss: 0.517240047454834
[2023-05-03 19:14:47] Train Epoch: 2 [6400/20000 (32.0%)]	Loss: 0.62650066614151
[2023-05-03 19:14:47] Train Epoch: 2 [7200/20000 (36.0%)]	Loss: 0.6881225109100342
[2023-05-03 19:14:47] Train Epoch: 2 [8000/20000 (40.0%)]	Loss: 0.5903236269950867
[2023-05-03 19:14:47] Train Epoch: 2 [8800/20000 (44.0%)]	Loss: 0.6377697587013245
[2023-05-03 19:14:48] Train Epoch: 2 [9600/20000 (48.0%)]	Loss: 0.6097241640090942
[2023-05-03 19:14:48] Train Epoch: 2 [10400/20000 (52.0%)]	Loss: 0.6182495355606079
[2023-05-03 19:14:48] Train Epoch: 2 [11200/20000 (56.0%)]	Loss: 0.48001402616500854
[2023-05-03 19:14:49] Train Epoch: 2 [12000/20000 (60.0%)]	Loss: 0.5736315846443176
[2023-05-03 19:14:49] Train Epoch: 2 [12800/20000 (64.0%)]	Loss: 0.5342110395431519
[2023-05-03 19:14:49] Train Epoch: 2 [13600/20000 (68.0%)]	Loss: 0.5199630856513977
[2023-05-03 19:14:49] Train Epoch: 2 [14400/20000 (72.0%)]	Loss: 0.4975288212299347
[2023-05-03 19:14:50] Train Epoch: 2 [15200/20000 (76.0%)]	Loss: 0.48817360401153564
[2023-05-03 19:14:50] Train Epoch: 2 [16000/20000 (80.0%)]	Loss: 0.5171900391578674
[2023-05-03 19:14:50] Train Epoch: 2 [16800/20000 (84.0%)]	Loss: 0.6024365425109863
[2023-05-03 19:14:50] Train Epoch: 2 [17600/20000 (88.0%)]	Loss: 0.5660325288772583
[2023-05-03 19:14:51] Train Epoch: 2 [18400/20000 (92.0%)]	Loss: 0.4644862115383148
[2023-05-03 19:14:51] Train Epoch: 2 [19200/20000 (96.0%)]	Loss: 0.5335814952850342
[2023-05-03 19:14:55] ========== Metrics ==========
[2023-05-03 19:14:55] {
  "tr_loss": 0.5871376773335598,
  "tr_acc": 0.7110711071107111,
  "tr_f1": 0.7065515490096494,
  "val_loss": 0.5737920736711685,
  "val_acc": 0.7322792680760348,
  "val_f1": 0.747105218996476,
  "test_loss": 0.5801656743698327,
  "test_acc": 0.7371273712737128,
  "test_f1": 0.7427055702917771
}
[2023-05-03 19:14:55] ========== Metrics ==========
[2023-05-03 19:14:56] Train Epoch: 3 [0/20000 (0.0%)]	Loss: 0.3816201686859131
[2023-05-03 19:14:56] Train Epoch: 3 [800/20000 (4.0%)]	Loss: 0.4427869915962219
[2023-05-03 19:14:56] Train Epoch: 3 [1600/20000 (8.0%)]	Loss: 0.5744404792785645
[2023-05-03 19:14:57] Train Epoch: 3 [2400/20000 (12.0%)]	Loss: 0.4750000536441803
[2023-05-03 19:14:57] Train Epoch: 3 [3200/20000 (16.0%)]	Loss: 0.5399582982063293
[2023-05-03 19:14:57] Train Epoch: 3 [4000/20000 (20.0%)]	Loss: 0.36771073937416077
[2023-05-03 19:14:57] Train Epoch: 3 [4800/20000 (24.0%)]	Loss: 0.41521787643432617
[2023-05-03 19:14:58] Train Epoch: 3 [5600/20000 (28.0%)]	Loss: 0.3957841396331787
[2023-05-03 19:14:58] Train Epoch: 3 [6400/20000 (32.0%)]	Loss: 0.5013102293014526
[2023-05-03 19:14:58] Train Epoch: 3 [7200/20000 (36.0%)]	Loss: 0.39404240250587463
[2023-05-03 19:14:58] Train Epoch: 3 [8000/20000 (40.0%)]	Loss: 0.5153586864471436
[2023-05-03 19:14:59] Train Epoch: 3 [8800/20000 (44.0%)]	Loss: 0.38369789719581604
[2023-05-03 19:14:59] Train Epoch: 3 [9600/20000 (48.0%)]	Loss: 0.3719575107097626
[2023-05-03 19:14:59] Train Epoch: 3 [10400/20000 (52.0%)]	Loss: 0.4351763129234314
[2023-05-03 19:15:00] Train Epoch: 3 [11200/20000 (56.0%)]	Loss: 0.3827982246875763
[2023-05-03 19:15:00] Train Epoch: 3 [12000/20000 (60.0%)]	Loss: 0.5293499231338501
[2023-05-03 19:15:00] Train Epoch: 3 [12800/20000 (64.0%)]	Loss: 0.48612138628959656
[2023-05-03 19:15:01] Train Epoch: 3 [13600/20000 (68.0%)]	Loss: 0.5100582242012024
[2023-05-03 19:15:01] Train Epoch: 3 [14400/20000 (72.0%)]	Loss: 0.597209095954895
[2023-05-03 19:15:01] Train Epoch: 3 [15200/20000 (76.0%)]	Loss: 0.4147788882255554
[2023-05-03 19:15:01] Train Epoch: 3 [16000/20000 (80.0%)]	Loss: 0.34312161803245544
[2023-05-03 19:15:02] Train Epoch: 3 [16800/20000 (84.0%)]	Loss: 0.46376243233680725
[2023-05-03 19:15:02] Train Epoch: 3 [17600/20000 (88.0%)]	Loss: 0.4511829614639282
[2023-05-03 19:15:02] Train Epoch: 3 [18400/20000 (92.0%)]	Loss: 0.2968319058418274
[2023-05-03 19:15:03] Train Epoch: 3 [19200/20000 (96.0%)]	Loss: 0.6657220721244812
[2023-05-03 19:15:06] ========== Metrics ==========
[2023-05-03 19:15:06] {
  "tr_loss": 0.46456417650899384,
  "tr_acc": 0.8028802880288028,
  "tr_f1": 0.7963422194668319,
  "val_loss": 0.5216803844666731,
  "val_acc": 0.7546633505063066,
  "val_f1": 0.7493192956979488,
  "test_loss": 0.5469208784542756,
  "test_acc": 0.7452574525745257,
  "test_f1": 0.7283236994219654
}
[2023-05-03 19:15:06] ========== Metrics ==========
[2023-05-03 19:15:07] Train Epoch: 4 [0/20000 (0.0%)]	Loss: 0.4658926725387573
[2023-05-03 19:15:08] Train Epoch: 4 [800/20000 (4.0%)]	Loss: 0.3665432929992676
[2023-05-03 19:15:08] Train Epoch: 4 [1600/20000 (8.0%)]	Loss: 0.47778332233428955
[2023-05-03 19:15:08] Train Epoch: 4 [2400/20000 (12.0%)]	Loss: 0.42646780610084534
[2023-05-03 19:15:08] Train Epoch: 4 [3200/20000 (16.0%)]	Loss: 0.28919336199760437
[2023-05-03 19:15:09] Train Epoch: 4 [4000/20000 (20.0%)]	Loss: 0.5130298137664795
[2023-05-03 19:15:09] Train Epoch: 4 [4800/20000 (24.0%)]	Loss: 0.44973352551460266
[2023-05-03 19:15:09] Train Epoch: 4 [5600/20000 (28.0%)]	Loss: 0.5026626586914062
[2023-05-03 19:15:10] Train Epoch: 4 [6400/20000 (32.0%)]	Loss: 0.32475095987319946
[2023-05-03 19:15:10] Train Epoch: 4 [7200/20000 (36.0%)]	Loss: 0.5235683917999268
[2023-05-03 19:15:10] Train Epoch: 4 [8000/20000 (40.0%)]	Loss: 0.32603153586387634
[2023-05-03 19:15:10] Train Epoch: 4 [8800/20000 (44.0%)]	Loss: 0.5417709350585938
[2023-05-03 19:15:11] Train Epoch: 4 [9600/20000 (48.0%)]	Loss: 0.19624704122543335
[2023-05-03 19:15:11] Train Epoch: 4 [10400/20000 (52.0%)]	Loss: 0.37592628598213196
[2023-05-03 19:15:11] Train Epoch: 4 [11200/20000 (56.0%)]	Loss: 0.30715930461883545
[2023-05-03 19:15:12] Train Epoch: 4 [12000/20000 (60.0%)]	Loss: 0.29466643929481506
[2023-05-03 19:15:12] Train Epoch: 4 [12800/20000 (64.0%)]	Loss: 0.5910518169403076
[2023-05-03 19:15:12] Train Epoch: 4 [13600/20000 (68.0%)]	Loss: 0.2286541610956192
[2023-05-03 19:15:13] Train Epoch: 4 [14400/20000 (72.0%)]	Loss: 0.3568587303161621
[2023-05-03 19:15:13] Train Epoch: 4 [15200/20000 (76.0%)]	Loss: 0.4947584569454193
[2023-05-03 19:15:13] Train Epoch: 4 [16000/20000 (80.0%)]	Loss: 0.2636120617389679
[2023-05-03 19:15:13] Train Epoch: 4 [16800/20000 (84.0%)]	Loss: 0.33260080218315125
[2023-05-03 19:15:14] Train Epoch: 4 [17600/20000 (88.0%)]	Loss: 0.3523024916648865
[2023-05-03 19:15:14] Train Epoch: 4 [18400/20000 (92.0%)]	Loss: 0.2695118486881256
[2023-05-03 19:15:14] Train Epoch: 4 [19200/20000 (96.0%)]	Loss: 0.3230718970298767
[2023-05-03 19:15:18] ========== Metrics ==========
[2023-05-03 19:15:18] {
  "tr_loss": 0.3811456842867896,
  "tr_acc": 0.8413841384138414,
  "tr_f1": 0.835237897361313,
  "val_loss": 0.4974233346418285,
  "val_acc": 0.7601705453899449,
  "val_f1": 0.7539190667152753,
  "test_loss": 0.5018310895780238,
  "test_acc": 0.7533875338753387,
  "test_f1": 0.7331378299120234
}
[2023-05-03 19:15:18] ========== Metrics ==========
[2023-05-03 19:15:19] Train Epoch: 5 [0/20000 (0.0%)]	Loss: 0.2765800356864929
[2023-05-03 19:15:19] Train Epoch: 5 [800/20000 (4.0%)]	Loss: 0.7196506261825562
[2023-05-03 19:15:20] Train Epoch: 5 [1600/20000 (8.0%)]	Loss: 0.29661303758621216
[2023-05-03 19:15:20] Train Epoch: 5 [2400/20000 (12.0%)]	Loss: 0.3140288293361664
[2023-05-03 19:15:20] Train Epoch: 5 [3200/20000 (16.0%)]	Loss: 0.4713596701622009
[2023-05-03 19:15:21] Train Epoch: 5 [4000/20000 (20.0%)]	Loss: 0.4805132746696472
[2023-05-03 19:15:21] Train Epoch: 5 [4800/20000 (24.0%)]	Loss: 0.3283335864543915
[2023-05-03 19:15:21] Train Epoch: 5 [5600/20000 (28.0%)]	Loss: 0.5868449807167053
[2023-05-03 19:15:22] Train Epoch: 5 [6400/20000 (32.0%)]	Loss: 0.4784182608127594
[2023-05-03 19:15:22] Train Epoch: 5 [7200/20000 (36.0%)]	Loss: 0.4547306001186371
[2023-05-03 19:15:22] Train Epoch: 5 [8000/20000 (40.0%)]	Loss: 0.27392515540122986
[2023-05-03 19:15:22] Train Epoch: 5 [8800/20000 (44.0%)]	Loss: 0.34299129247665405
[2023-05-03 19:15:23] Train Epoch: 5 [9600/20000 (48.0%)]	Loss: 0.42518505454063416
[2023-05-03 19:15:23] Train Epoch: 5 [10400/20000 (52.0%)]	Loss: 0.13390615582466125
[2023-05-03 19:15:23] Train Epoch: 5 [11200/20000 (56.0%)]	Loss: 0.2868322730064392
[2023-05-03 19:15:24] Train Epoch: 5 [12000/20000 (60.0%)]	Loss: 0.25376343727111816
[2023-05-03 19:15:24] Train Epoch: 5 [12800/20000 (64.0%)]	Loss: 0.27394697070121765
[2023-05-03 19:15:24] Train Epoch: 5 [13600/20000 (68.0%)]	Loss: 0.3702874481678009
[2023-05-03 19:15:24] Train Epoch: 5 [14400/20000 (72.0%)]	Loss: 0.2426934838294983
[2023-05-03 19:15:25] Train Epoch: 5 [15200/20000 (76.0%)]	Loss: 0.1803029328584671
[2023-05-03 19:15:25] Train Epoch: 5 [16000/20000 (80.0%)]	Loss: 0.31383442878723145
[2023-05-03 19:15:25] Train Epoch: 5 [16800/20000 (84.0%)]	Loss: 0.1643865406513214
[2023-05-03 19:15:26] Train Epoch: 5 [17600/20000 (88.0%)]	Loss: 0.33214718103408813
[2023-05-03 19:15:26] Train Epoch: 5 [18400/20000 (92.0%)]	Loss: 0.37177368998527527
[2023-05-03 19:15:26] Train Epoch: 5 [19200/20000 (96.0%)]	Loss: 0.664641261100769
[2023-05-03 19:15:30] ========== Metrics ==========
[2023-05-03 19:15:30] {
  "tr_loss": 0.313328743368426,
  "tr_acc": 0.8753375337533753,
  "tr_f1": 0.8708089340311966,
  "val_loss": 0.4870788461045106,
  "val_acc": 0.763190620003553,
  "val_f1": 0.7637781321991849,
  "test_loss": 0.5593206662795731,
  "test_acc": 0.7425474254742548,
  "test_f1": 0.7323943661971831
}
[2023-05-03 19:15:30] ========== Metrics ==========
[2023-05-03 19:15:31] Train Epoch: 6 [0/20000 (0.0%)]	Loss: 0.24335752427577972
[2023-05-03 19:15:31] Train Epoch: 6 [800/20000 (4.0%)]	Loss: 0.28964683413505554
[2023-05-03 19:15:31] Train Epoch: 6 [1600/20000 (8.0%)]	Loss: 0.22977066040039062
[2023-05-03 19:15:32] Train Epoch: 6 [2400/20000 (12.0%)]	Loss: 0.16184483468532562
[2023-05-03 19:15:32] Train Epoch: 6 [3200/20000 (16.0%)]	Loss: 0.18496350944042206
[2023-05-03 19:15:32] Train Epoch: 6 [4000/20000 (20.0%)]	Loss: 0.29693514108657837
[2023-05-03 19:15:32] Train Epoch: 6 [4800/20000 (24.0%)]	Loss: 0.2169611155986786
[2023-05-03 19:15:33] Train Epoch: 6 [5600/20000 (28.0%)]	Loss: 0.16612815856933594
[2023-05-03 19:15:33] Train Epoch: 6 [6400/20000 (32.0%)]	Loss: 0.3398204743862152
[2023-05-03 19:15:33] Train Epoch: 6 [7200/20000 (36.0%)]	Loss: 0.18426644802093506
[2023-05-03 19:15:34] Train Epoch: 6 [8000/20000 (40.0%)]	Loss: 0.2218228280544281
[2023-05-03 19:15:34] Train Epoch: 6 [8800/20000 (44.0%)]	Loss: 0.47440505027770996
[2023-05-03 19:15:34] Train Epoch: 6 [9600/20000 (48.0%)]	Loss: 0.28401899337768555
[2023-05-03 19:15:34] Train Epoch: 6 [10400/20000 (52.0%)]	Loss: 0.21584877371788025
[2023-05-03 19:15:35] Train Epoch: 6 [11200/20000 (56.0%)]	Loss: 0.2804308235645294
[2023-05-03 19:15:35] Train Epoch: 6 [12000/20000 (60.0%)]	Loss: 0.38430139422416687
[2023-05-03 19:15:35] Train Epoch: 6 [12800/20000 (64.0%)]	Loss: 0.2863239645957947
[2023-05-03 19:15:36] Train Epoch: 6 [13600/20000 (68.0%)]	Loss: 0.29723262786865234
[2023-05-03 19:15:36] Train Epoch: 6 [14400/20000 (72.0%)]	Loss: 0.2837056815624237
[2023-05-03 19:15:36] Train Epoch: 6 [15200/20000 (76.0%)]	Loss: 0.20359140634536743
[2023-05-03 19:15:36] Train Epoch: 6 [16000/20000 (80.0%)]	Loss: 0.30026087164878845
[2023-05-03 19:15:37] Train Epoch: 6 [16800/20000 (84.0%)]	Loss: 0.2711755931377411
[2023-05-03 19:15:37] Train Epoch: 6 [17600/20000 (88.0%)]	Loss: 0.41435548663139343
[2023-05-03 19:15:37] Train Epoch: 6 [18400/20000 (92.0%)]	Loss: 0.26043012738227844
[2023-05-03 19:15:37] Train Epoch: 6 [19200/20000 (96.0%)]	Loss: 0.2614610195159912
[2023-05-03 19:15:41] ========== Metrics ==========
[2023-05-03 19:15:41] {
  "tr_loss": 0.2635922561121984,
  "tr_acc": 0.9052405240524053,
  "tr_f1": 0.9018490702853889,
  "val_loss": 0.48690831896296866,
  "val_acc": 0.7630129685556938,
  "val_f1": 0.7638938053097345,
  "test_loss": 0.509498395893955,
  "test_acc": 0.7452574525745257,
  "test_f1": 0.7359550561797754
}
[2023-05-03 19:15:41] ========== Metrics ==========
[2023-05-03 19:15:42] Train Epoch: 7 [0/20000 (0.0%)]	Loss: 0.13750365376472473
[2023-05-03 19:15:42] Train Epoch: 7 [800/20000 (4.0%)]	Loss: 0.6452283263206482
[2023-05-03 19:15:43] Train Epoch: 7 [1600/20000 (8.0%)]	Loss: 0.22140812873840332
[2023-05-03 19:15:43] Train Epoch: 7 [2400/20000 (12.0%)]	Loss: 0.2333759367465973
[2023-05-03 19:15:43] Train Epoch: 7 [3200/20000 (16.0%)]	Loss: 0.28410977125167847
[2023-05-03 19:15:43] Train Epoch: 7 [4000/20000 (20.0%)]	Loss: 0.23368841409683228
[2023-05-03 19:15:44] Train Epoch: 7 [4800/20000 (24.0%)]	Loss: 0.2401074767112732
[2023-05-03 19:15:44] Train Epoch: 7 [5600/20000 (28.0%)]	Loss: 0.46956080198287964
[2023-05-03 19:15:44] Train Epoch: 7 [6400/20000 (32.0%)]	Loss: 0.19253674149513245
[2023-05-03 19:15:45] Train Epoch: 7 [7200/20000 (36.0%)]	Loss: 0.06720861792564392
[2023-05-03 19:15:45] Train Epoch: 7 [8000/20000 (40.0%)]	Loss: 0.3240255117416382
[2023-05-03 19:15:45] Train Epoch: 7 [8800/20000 (44.0%)]	Loss: 0.1728041172027588
[2023-05-03 19:15:45] Train Epoch: 7 [9600/20000 (48.0%)]	Loss: 0.183297261595726
[2023-05-03 19:15:46] Train Epoch: 7 [10400/20000 (52.0%)]	Loss: 0.17685210704803467
[2023-05-03 19:15:46] Train Epoch: 7 [11200/20000 (56.0%)]	Loss: 0.3272908926010132
[2023-05-03 19:15:46] Train Epoch: 7 [12000/20000 (60.0%)]	Loss: 0.330767959356308
[2023-05-03 19:15:47] Train Epoch: 7 [12800/20000 (64.0%)]	Loss: 0.3146496117115021
[2023-05-03 19:15:47] Train Epoch: 7 [13600/20000 (68.0%)]	Loss: 0.3250093162059784
[2023-05-03 19:15:47] Train Epoch: 7 [14400/20000 (72.0%)]	Loss: 0.30547070503234863
[2023-05-03 19:15:48] Train Epoch: 7 [15200/20000 (76.0%)]	Loss: 0.22149617969989777
[2023-05-03 19:15:48] Train Epoch: 7 [16000/20000 (80.0%)]	Loss: 0.33954519033432007
[2023-05-03 19:15:48] Train Epoch: 7 [16800/20000 (84.0%)]	Loss: 0.42275625467300415
[2023-05-03 19:15:48] Train Epoch: 7 [17600/20000 (88.0%)]	Loss: 0.2595491409301758
[2023-05-03 19:15:49] Train Epoch: 7 [18400/20000 (92.0%)]	Loss: 0.23354879021644592
[2023-05-03 19:15:49] Train Epoch: 7 [19200/20000 (96.0%)]	Loss: 0.1820327788591385
[2023-05-03 19:15:53] ========== Metrics ==========
[2023-05-03 19:15:53] {
  "tr_loss": 0.25168666259946076,
  "tr_acc": 0.9101910191019101,
  "tr_f1": 0.9067497403946002,
  "val_loss": 0.487271316438188,
  "val_acc": 0.7639012257949902,
  "val_f1": 0.7664733790195044,
  "test_loss": 0.4861796506375155,
  "test_acc": 0.7425474254742548,
  "test_f1": 0.7353760445682451
}
[2023-05-03 19:15:53] ========== Metrics ==========
[2023-05-03 19:15:53] Train Epoch: 8 [0/20000 (0.0%)]	Loss: 0.25165459513664246
[2023-05-03 19:15:54] Train Epoch: 8 [800/20000 (4.0%)]	Loss: 0.3575880229473114
[2023-05-03 19:15:54] Train Epoch: 8 [1600/20000 (8.0%)]	Loss: 0.3831917941570282
[2023-05-03 19:15:54] Train Epoch: 8 [2400/20000 (12.0%)]	Loss: 0.20836713910102844
[2023-05-03 19:15:55] Train Epoch: 8 [3200/20000 (16.0%)]	Loss: 0.1574305146932602
[2023-05-03 19:15:55] Train Epoch: 8 [4000/20000 (20.0%)]	Loss: 0.2819177806377411
[2023-05-03 19:15:55] Train Epoch: 8 [4800/20000 (24.0%)]	Loss: 0.39407604932785034
[2023-05-03 19:15:55] Train Epoch: 8 [5600/20000 (28.0%)]	Loss: 0.38353803753852844
[2023-05-03 19:15:56] Train Epoch: 8 [6400/20000 (32.0%)]	Loss: 0.23027178645133972
[2023-05-03 19:15:56] Train Epoch: 8 [7200/20000 (36.0%)]	Loss: 0.1807066798210144
[2023-05-03 19:15:56] Train Epoch: 8 [8000/20000 (40.0%)]	Loss: 0.28806766867637634
[2023-05-03 19:15:57] Train Epoch: 8 [8800/20000 (44.0%)]	Loss: 0.34771227836608887
[2023-05-03 19:15:57] Train Epoch: 8 [9600/20000 (48.0%)]	Loss: 0.2934111952781677
[2023-05-03 19:15:57] Train Epoch: 8 [10400/20000 (52.0%)]	Loss: 0.18076375126838684
[2023-05-03 19:15:57] Train Epoch: 8 [11200/20000 (56.0%)]	Loss: 0.22999964654445648
[2023-05-03 19:15:58] Train Epoch: 8 [12000/20000 (60.0%)]	Loss: 0.47095128893852234
[2023-05-03 19:15:58] Train Epoch: 8 [12800/20000 (64.0%)]	Loss: 0.3984965682029724
[2023-05-03 19:15:58] Train Epoch: 8 [13600/20000 (68.0%)]	Loss: 0.3797706067562103
[2023-05-03 19:15:59] Train Epoch: 8 [14400/20000 (72.0%)]	Loss: 0.32999470829963684
[2023-05-03 19:15:59] Train Epoch: 8 [15200/20000 (76.0%)]	Loss: 0.13566070795059204
[2023-05-03 19:15:59] Train Epoch: 8 [16000/20000 (80.0%)]	Loss: 0.2716321349143982
[2023-05-03 19:15:59] Train Epoch: 8 [16800/20000 (84.0%)]	Loss: 0.23476947844028473
[2023-05-03 19:16:00] Train Epoch: 8 [17600/20000 (88.0%)]	Loss: 0.25903788208961487
[2023-05-03 19:16:00] Train Epoch: 8 [18400/20000 (92.0%)]	Loss: 0.21105922758579254
[2023-05-03 19:16:00] Train Epoch: 8 [19200/20000 (96.0%)]	Loss: 0.27279403805732727
[2023-05-03 19:16:04] ========== Metrics ==========
[2023-05-03 19:16:04] {
  "tr_loss": 0.2484903349639392,
  "tr_acc": 0.9101410141014101,
  "tr_f1": 0.9069731324739866,
  "val_loss": 0.48763747790457407,
  "val_acc": 0.7663883460650204,
  "val_f1": 0.7701450795315503,
  "test_loss": 0.48640484376974547,
  "test_acc": 0.7560975609756098,
  "test_f1": 0.7527472527472526
}
[2023-05-03 19:16:04] ========== Metrics ==========
[2023-05-03 19:16:05] Train Epoch: 9 [0/20000 (0.0%)]	Loss: 0.2672799825668335
[2023-05-03 19:16:05] Train Epoch: 9 [800/20000 (4.0%)]	Loss: 0.6346228122711182
[2023-05-03 19:16:06] Train Epoch: 9 [1600/20000 (8.0%)]	Loss: 0.26076218485832214
[2023-05-03 19:16:06] Train Epoch: 9 [2400/20000 (12.0%)]	Loss: 0.22177337110042572
[2023-05-03 19:16:06] Train Epoch: 9 [3200/20000 (16.0%)]	Loss: 0.34504935145378113
[2023-05-03 19:16:07] Train Epoch: 9 [4000/20000 (20.0%)]	Loss: 0.33506882190704346
[2023-05-03 19:16:07] Train Epoch: 9 [4800/20000 (24.0%)]	Loss: 0.37580835819244385
[2023-05-03 19:16:07] Train Epoch: 9 [5600/20000 (28.0%)]	Loss: 0.21724189817905426
[2023-05-03 19:16:08] Train Epoch: 9 [6400/20000 (32.0%)]	Loss: 0.3657532334327698
[2023-05-03 19:16:08] Train Epoch: 9 [7200/20000 (36.0%)]	Loss: 0.244703009724617
[2023-05-03 19:16:08] Train Epoch: 9 [8000/20000 (40.0%)]	Loss: 0.2466919720172882
[2023-05-03 19:16:08] Train Epoch: 9 [8800/20000 (44.0%)]	Loss: 0.31813687086105347
[2023-05-03 19:16:09] Train Epoch: 9 [9600/20000 (48.0%)]	Loss: 0.23384858667850494
[2023-05-03 19:16:09] Train Epoch: 9 [10400/20000 (52.0%)]	Loss: 0.2994072139263153
[2023-05-03 19:16:09] Train Epoch: 9 [11200/20000 (56.0%)]	Loss: 0.15771789848804474
[2023-05-03 19:16:10] Train Epoch: 9 [12000/20000 (60.0%)]	Loss: 0.32470375299453735
[2023-05-03 19:16:10] Train Epoch: 9 [12800/20000 (64.0%)]	Loss: 0.3006646931171417
[2023-05-03 19:16:10] Train Epoch: 9 [13600/20000 (68.0%)]	Loss: 0.3321959376335144
[2023-05-03 19:16:10] Train Epoch: 9 [14400/20000 (72.0%)]	Loss: 0.1121123805642128
[2023-05-03 19:16:11] Train Epoch: 9 [15200/20000 (76.0%)]	Loss: 0.352396696805954
[2023-05-03 19:16:11] Train Epoch: 9 [16000/20000 (80.0%)]	Loss: 0.14304499328136444
[2023-05-03 19:16:11] Train Epoch: 9 [16800/20000 (84.0%)]	Loss: 0.20818880200386047
[2023-05-03 19:16:12] Train Epoch: 9 [17600/20000 (88.0%)]	Loss: 0.2211344987154007
[2023-05-03 19:16:12] Train Epoch: 9 [18400/20000 (92.0%)]	Loss: 0.13867276906967163
[2023-05-03 19:16:12] Train Epoch: 9 [19200/20000 (96.0%)]	Loss: 0.26429513096809387
[2023-05-03 19:16:16] ========== Metrics ==========
[2023-05-03 19:16:16] {
  "tr_loss": 0.2372370349465519,
  "tr_acc": 0.9173917391739174,
  "tr_f1": 0.9145546705286024,
  "val_loss": 0.48784461104439936,
  "val_acc": 0.7658553917214426,
  "val_f1": 0.7704632532218739,
  "test_loss": 0.4877381234311153,
  "test_acc": 0.7506775067750677,
  "test_f1": 0.7486338797814208
}
[2023-05-03 19:16:16] ========== Metrics ==========
[2023-05-03 19:16:17] Train Epoch: 10 [0/20000 (0.0%)]	Loss: 0.2594072222709656
[2023-05-03 19:16:17] Train Epoch: 10 [800/20000 (4.0%)]	Loss: 0.4333026707172394
[2023-05-03 19:16:17] Train Epoch: 10 [1600/20000 (8.0%)]	Loss: 0.13874554634094238
[2023-05-03 19:16:18] Train Epoch: 10 [2400/20000 (12.0%)]	Loss: 0.27247124910354614
[2023-05-03 19:16:18] Train Epoch: 10 [3200/20000 (16.0%)]	Loss: 0.2658337950706482
[2023-05-03 19:16:18] Train Epoch: 10 [4000/20000 (20.0%)]	Loss: 0.21348366141319275
[2023-05-03 19:16:18] Train Epoch: 10 [4800/20000 (24.0%)]	Loss: 0.15050861239433289
[2023-05-03 19:16:19] Train Epoch: 10 [5600/20000 (28.0%)]	Loss: 0.5019143223762512
[2023-05-03 19:16:19] Train Epoch: 10 [6400/20000 (32.0%)]	Loss: 0.12645791471004486
[2023-05-03 19:16:19] Train Epoch: 10 [7200/20000 (36.0%)]	Loss: 0.07589838653802872
[2023-05-03 19:16:20] Train Epoch: 10 [8000/20000 (40.0%)]	Loss: 0.07622525095939636
[2023-05-03 19:16:20] Train Epoch: 10 [8800/20000 (44.0%)]	Loss: 0.16729745268821716
[2023-05-03 19:16:20] Train Epoch: 10 [9600/20000 (48.0%)]	Loss: 0.22429770231246948
[2023-05-03 19:16:20] Train Epoch: 10 [10400/20000 (52.0%)]	Loss: 0.21182215213775635
[2023-05-03 19:16:21] Train Epoch: 10 [11200/20000 (56.0%)]	Loss: 0.2485809028148651
[2023-05-03 19:16:21] Train Epoch: 10 [12000/20000 (60.0%)]	Loss: 0.1776287704706192
[2023-05-03 19:16:21] Train Epoch: 10 [12800/20000 (64.0%)]	Loss: 0.2270418256521225
[2023-05-03 19:16:22] Train Epoch: 10 [13600/20000 (68.0%)]	Loss: 0.2150059938430786
[2023-05-03 19:16:22] Train Epoch: 10 [14400/20000 (72.0%)]	Loss: 0.15457946062088013
[2023-05-03 19:16:22] Train Epoch: 10 [15200/20000 (76.0%)]	Loss: 0.39922359585762024
[2023-05-03 19:16:23] Train Epoch: 10 [16000/20000 (80.0%)]	Loss: 0.16211630403995514
[2023-05-03 19:16:23] Train Epoch: 10 [16800/20000 (84.0%)]	Loss: 0.17878304421901703
[2023-05-03 19:16:23] Train Epoch: 10 [17600/20000 (88.0%)]	Loss: 0.09079195559024811
[2023-05-03 19:16:23] Train Epoch: 10 [18400/20000 (92.0%)]	Loss: 0.2784353196620941
[2023-05-03 19:16:24] Train Epoch: 10 [19200/20000 (96.0%)]	Loss: 0.2748876214027405
[2023-05-03 19:16:27] ========== Metrics ==========
[2023-05-03 19:16:27] {
  "tr_loss": 0.23330449783774612,
  "tr_acc": 0.9176917691769176,
  "tr_f1": 0.914546776035718,
  "val_loss": 0.48820675078029635,
  "val_acc": 0.7662106946171612,
  "val_f1": 0.7716070808746963,
  "test_loss": 0.49999497576457697,
  "test_acc": 0.7533875338753387,
  "test_f1": 0.7520435967302452
}
[2023-05-03 19:16:27] ========== Metrics ==========
[2023-05-03 19:16:28] Train Epoch: 11 [0/20000 (0.0%)]	Loss: 0.27154645323753357
[2023-05-03 19:16:29] Train Epoch: 11 [800/20000 (4.0%)]	Loss: 0.20433969795703888
[2023-05-03 19:16:29] Train Epoch: 11 [1600/20000 (8.0%)]	Loss: 0.1806301325559616
[2023-05-03 19:16:29] Train Epoch: 11 [2400/20000 (12.0%)]	Loss: 0.15255755186080933
[2023-05-03 19:16:29] Train Epoch: 11 [3200/20000 (16.0%)]	Loss: 0.20069153606891632
[2023-05-03 19:16:30] Train Epoch: 11 [4000/20000 (20.0%)]	Loss: 0.17433640360832214
[2023-05-03 19:16:30] Train Epoch: 11 [4800/20000 (24.0%)]	Loss: 0.1398327499628067
[2023-05-03 19:16:30] Train Epoch: 11 [5600/20000 (28.0%)]	Loss: 0.11968415975570679
[2023-05-03 19:16:31] Train Epoch: 11 [6400/20000 (32.0%)]	Loss: 0.13886576890945435
[2023-05-03 19:16:31] Train Epoch: 11 [7200/20000 (36.0%)]	Loss: 0.15408319234848022
[2023-05-03 19:16:31] Train Epoch: 11 [8000/20000 (40.0%)]	Loss: 0.16291145980358124
[2023-05-03 19:16:32] Train Epoch: 11 [8800/20000 (44.0%)]	Loss: 0.3226936459541321
[2023-05-03 19:16:32] Train Epoch: 11 [9600/20000 (48.0%)]	Loss: 0.1864074170589447
[2023-05-03 19:16:32] Train Epoch: 11 [10400/20000 (52.0%)]	Loss: 0.11438380181789398
[2023-05-03 19:16:32] Train Epoch: 11 [11200/20000 (56.0%)]	Loss: 0.26427149772644043
[2023-05-03 19:16:33] Train Epoch: 11 [12000/20000 (60.0%)]	Loss: 0.28228554129600525
[2023-05-03 19:16:33] Train Epoch: 11 [12800/20000 (64.0%)]	Loss: 0.2954745292663574
[2023-05-03 19:16:33] Train Epoch: 11 [13600/20000 (68.0%)]	Loss: 0.44977015256881714
[2023-05-03 19:16:34] Train Epoch: 11 [14400/20000 (72.0%)]	Loss: 0.28174030780792236
[2023-05-03 19:16:34] Train Epoch: 11 [15200/20000 (76.0%)]	Loss: 0.3753298223018646
[2023-05-03 19:16:34] Train Epoch: 11 [16000/20000 (80.0%)]	Loss: 0.06977684795856476
[2023-05-03 19:16:35] Train Epoch: 11 [16800/20000 (84.0%)]	Loss: 0.20658516883850098
[2023-05-03 19:16:35] Train Epoch: 11 [17600/20000 (88.0%)]	Loss: 0.2432679831981659
[2023-05-03 19:16:35] Train Epoch: 11 [18400/20000 (92.0%)]	Loss: 0.3101951479911804
[2023-05-03 19:16:35] Train Epoch: 11 [19200/20000 (96.0%)]	Loss: 0.402794748544693
[2023-05-03 19:16:39] ========== Metrics ==========
[2023-05-03 19:16:39] {
  "tr_loss": 0.2272657537617699,
  "tr_acc": 0.9204920492049204,
  "tr_f1": 0.9177954709957604,
  "val_loss": 0.4883226285206952,
  "val_acc": 0.7656777402735833,
  "val_f1": 0.771284896826773,
  "test_loss": 0.4980939293941508,
  "test_acc": 0.7560975609756098,
  "test_f1": 0.7554347826086956
}
[2023-05-03 19:16:39] ========== Metrics ==========
[2023-05-03 19:16:40] Train Epoch: 12 [0/20000 (0.0%)]	Loss: 0.15709742903709412
[2023-05-03 19:16:41] Train Epoch: 12 [800/20000 (4.0%)]	Loss: 0.13436850905418396
[2023-05-03 19:16:41] Train Epoch: 12 [1600/20000 (8.0%)]	Loss: 0.26842090487480164
[2023-05-03 19:16:41] Train Epoch: 12 [2400/20000 (12.0%)]	Loss: 0.11848185956478119
[2023-05-03 19:16:41] Train Epoch: 12 [3200/20000 (16.0%)]	Loss: 0.2980040907859802
[2023-05-03 19:16:42] Train Epoch: 12 [4000/20000 (20.0%)]	Loss: 0.14339908957481384
[2023-05-03 19:16:42] Train Epoch: 12 [4800/20000 (24.0%)]	Loss: 0.10802235454320908
[2023-05-03 19:16:42] Train Epoch: 12 [5600/20000 (28.0%)]	Loss: 0.17095303535461426
[2023-05-03 19:16:42] Train Epoch: 12 [6400/20000 (32.0%)]	Loss: 0.1186911016702652
[2023-05-03 19:16:43] Train Epoch: 12 [7200/20000 (36.0%)]	Loss: 0.22090840339660645
[2023-05-03 19:16:43] Train Epoch: 12 [8000/20000 (40.0%)]	Loss: 0.18737134337425232
[2023-05-03 19:16:43] Train Epoch: 12 [8800/20000 (44.0%)]	Loss: 0.24474559724330902
[2023-05-03 19:16:44] Train Epoch: 12 [9600/20000 (48.0%)]	Loss: 0.1908988207578659
[2023-05-03 19:16:44] Train Epoch: 12 [10400/20000 (52.0%)]	Loss: 0.30820801854133606
[2023-05-03 19:16:44] Train Epoch: 12 [11200/20000 (56.0%)]	Loss: 0.09945987164974213
[2023-05-03 19:16:44] Train Epoch: 12 [12000/20000 (60.0%)]	Loss: 0.39305776357650757
[2023-05-03 19:16:45] Train Epoch: 12 [12800/20000 (64.0%)]	Loss: 0.1976098269224167
[2023-05-03 19:16:45] Train Epoch: 12 [13600/20000 (68.0%)]	Loss: 0.3072524666786194
[2023-05-03 19:16:45] Train Epoch: 12 [14400/20000 (72.0%)]	Loss: 0.22833672165870667
[2023-05-03 19:16:46] Train Epoch: 12 [15200/20000 (76.0%)]	Loss: 0.33007729053497314
[2023-05-03 19:16:46] Train Epoch: 12 [16000/20000 (80.0%)]	Loss: 0.38827934861183167
[2023-05-03 19:16:46] Train Epoch: 12 [16800/20000 (84.0%)]	Loss: 0.17656560242176056
[2023-05-03 19:16:46] Train Epoch: 12 [17600/20000 (88.0%)]	Loss: 0.16752757132053375
[2023-05-03 19:16:47] Train Epoch: 12 [18400/20000 (92.0%)]	Loss: 0.1720672845840454
[2023-05-03 19:16:47] Train Epoch: 12 [19200/20000 (96.0%)]	Loss: 0.13810080289840698
[2023-05-03 19:16:51] ========== Metrics ==========
[2023-05-03 19:16:51] {
  "tr_loss": 0.22416117427015034,
  "tr_acc": 0.9213921392139214,
  "tr_f1": 0.9184985483201991,
  "val_loss": 0.4883731087098263,
  "val_acc": 0.7656777402735833,
  "val_f1": 0.7714434240166348,
  "test_loss": 0.49739564337381503,
  "test_acc": 0.7533875338753387,
  "test_f1": 0.7520435967302452
}
[2023-05-03 19:16:51] ========== Metrics ==========
[2023-05-03 19:16:52] Train Epoch: 13 [0/20000 (0.0%)]	Loss: 0.38006266951560974
[2023-05-03 19:16:52] Train Epoch: 13 [800/20000 (4.0%)]	Loss: 0.20250897109508514
[2023-05-03 19:16:52] Train Epoch: 13 [1600/20000 (8.0%)]	Loss: 0.13412244617938995
[2023-05-03 19:16:52] Train Epoch: 13 [2400/20000 (12.0%)]	Loss: 0.2673298120498657
[2023-05-03 19:16:53] Train Epoch: 13 [3200/20000 (16.0%)]	Loss: 0.18884052336215973
[2023-05-03 19:16:53] Train Epoch: 13 [4000/20000 (20.0%)]	Loss: 0.14077481627464294
[2023-05-03 19:16:53] Train Epoch: 13 [4800/20000 (24.0%)]	Loss: 0.24749457836151123
[2023-05-03 19:16:53] Train Epoch: 13 [5600/20000 (28.0%)]	Loss: 0.21493905782699585
[2023-05-03 19:16:54] Train Epoch: 13 [6400/20000 (32.0%)]	Loss: 0.2764897644519806
[2023-05-03 19:16:54] Train Epoch: 13 [7200/20000 (36.0%)]	Loss: 0.23584237694740295
[2023-05-03 19:16:54] Train Epoch: 13 [8000/20000 (40.0%)]	Loss: 0.23335999250411987
[2023-05-03 19:16:55] Train Epoch: 13 [8800/20000 (44.0%)]	Loss: 0.08993679285049438
[2023-05-03 19:16:55] Train Epoch: 13 [9600/20000 (48.0%)]	Loss: 0.1323900818824768
[2023-05-03 19:16:55] Train Epoch: 13 [10400/20000 (52.0%)]	Loss: 0.2516136169433594
[2023-05-03 19:16:55] Train Epoch: 13 [11200/20000 (56.0%)]	Loss: 0.1962944120168686
[2023-05-03 19:16:56] Train Epoch: 13 [12000/20000 (60.0%)]	Loss: 0.13026875257492065
[2023-05-03 19:16:56] Train Epoch: 13 [12800/20000 (64.0%)]	Loss: 0.13302314281463623
[2023-05-03 19:16:56] Train Epoch: 13 [13600/20000 (68.0%)]	Loss: 0.20679374039173126
[2023-05-03 19:16:57] Train Epoch: 13 [14400/20000 (72.0%)]	Loss: 0.38487353920936584
[2023-05-03 19:16:57] Train Epoch: 13 [15200/20000 (76.0%)]	Loss: 0.10661710798740387
[2023-05-03 19:16:57] Train Epoch: 13 [16000/20000 (80.0%)]	Loss: 0.2505624294281006
[2023-05-03 19:16:57] Train Epoch: 13 [16800/20000 (84.0%)]	Loss: 0.18480883538722992
[2023-05-03 19:16:58] Train Epoch: 13 [17600/20000 (88.0%)]	Loss: 0.07725340873003006
[2023-05-03 19:16:58] Train Epoch: 13 [18400/20000 (92.0%)]	Loss: 0.09880240261554718
[2023-05-03 19:16:58] Train Epoch: 13 [19200/20000 (96.0%)]	Loss: 0.20246677100658417
[2023-05-03 19:17:02] ========== Metrics ==========
[2023-05-03 19:17:02] {
  "tr_loss": 0.22779077975818401,
  "tr_acc": 0.9213421342134214,
  "tr_f1": 0.9182219911619445,
  "val_loss": 0.4887833112000699,
  "val_acc": 0.7658553917214426,
  "val_f1": 0.7718933887158187,
  "test_loss": 0.5145816428228446,
  "test_acc": 0.7560975609756098,
  "test_f1": 0.7554347826086956
}
[2023-05-03 19:17:02] ========== Metrics ==========
[2023-05-03 19:17:03] Train Epoch: 14 [0/20000 (0.0%)]	Loss: 0.4254511594772339
[2023-05-03 19:17:03] Train Epoch: 14 [800/20000 (4.0%)]	Loss: 0.19372153282165527
[2023-05-03 19:17:03] Train Epoch: 14 [1600/20000 (8.0%)]	Loss: 0.3182276785373688
[2023-05-03 19:17:04] Train Epoch: 14 [2400/20000 (12.0%)]	Loss: 0.09277878701686859
[2023-05-03 19:17:04] Train Epoch: 14 [3200/20000 (16.0%)]	Loss: 0.1603098064661026
[2023-05-03 19:17:04] Train Epoch: 14 [4000/20000 (20.0%)]	Loss: 0.19326446950435638
[2023-05-03 19:17:05] Train Epoch: 14 [4800/20000 (24.0%)]	Loss: 0.30024999380111694
[2023-05-03 19:17:05] Train Epoch: 14 [5600/20000 (28.0%)]	Loss: 0.502484917640686
[2023-05-03 19:17:05] Train Epoch: 14 [6400/20000 (32.0%)]	Loss: 0.16636981070041656
[2023-05-03 19:17:05] Train Epoch: 14 [7200/20000 (36.0%)]	Loss: 0.06553313881158829
[2023-05-03 19:17:06] Train Epoch: 14 [8000/20000 (40.0%)]	Loss: 0.3155021667480469
[2023-05-03 19:17:06] Train Epoch: 14 [8800/20000 (44.0%)]	Loss: 0.1882510781288147
[2023-05-03 19:17:06] Train Epoch: 14 [9600/20000 (48.0%)]	Loss: 0.1399233192205429
[2023-05-03 19:17:07] Train Epoch: 14 [10400/20000 (52.0%)]	Loss: 0.2724130153656006
[2023-05-03 19:17:07] Train Epoch: 14 [11200/20000 (56.0%)]	Loss: 0.17907044291496277
[2023-05-03 19:17:07] Train Epoch: 14 [12000/20000 (60.0%)]	Loss: 0.09163334965705872
[2023-05-03 19:17:07] Train Epoch: 14 [12800/20000 (64.0%)]	Loss: 0.3121645748615265
[2023-05-03 19:17:08] Train Epoch: 14 [13600/20000 (68.0%)]	Loss: 0.14285442233085632
[2023-05-03 19:17:08] Train Epoch: 14 [14400/20000 (72.0%)]	Loss: 0.18895311653614044
[2023-05-03 19:17:08] Train Epoch: 14 [15200/20000 (76.0%)]	Loss: 0.2573963701725006
[2023-05-03 19:17:09] Train Epoch: 14 [16000/20000 (80.0%)]	Loss: 0.230900377035141
[2023-05-03 19:17:09] Train Epoch: 14 [16800/20000 (84.0%)]	Loss: 0.399983674287796
[2023-05-03 19:17:09] Train Epoch: 14 [17600/20000 (88.0%)]	Loss: 0.1409699022769928
[2023-05-03 19:17:09] Train Epoch: 14 [18400/20000 (92.0%)]	Loss: 0.09327583760023117
[2023-05-03 19:17:10] Train Epoch: 14 [19200/20000 (96.0%)]	Loss: 0.14990268647670746
[2023-05-03 19:17:12] Stop At epoch 14/20 due to valid not increase
[2023-05-03 19:17:14] ========== Metrics ==========
[2023-05-03 19:17:14] {
  "tr_loss": 0.22594652543164262,
  "tr_acc": 0.9215921592159216,
  "tr_f1": 0.9190834967488906,
  "val_loss": 0.4889275980664943,
  "val_acc": 0.7653224373778647,
  "val_f1": 0.7715718485215287,
  "test_loss": 0.5357713854409815,
  "test_acc": 0.7560975609756098,
  "test_f1": 0.7554347826086956
}
[2023-05-03 19:17:14] ========== Metrics ==========
