[2023-05-03 00:37:20] Train Epoch: 1 [0/20000 (0.0%)]	Loss: 0.938467264175415
[2023-05-03 00:37:21] Train Epoch: 1 [800/20000 (4.0%)]	Loss: 0.8187797665596008
[2023-05-03 00:37:21] Train Epoch: 1 [1600/20000 (8.0%)]	Loss: 0.6505250930786133
[2023-05-03 00:37:21] Train Epoch: 1 [2400/20000 (12.0%)]	Loss: 0.6791528463363647
[2023-05-03 00:37:21] Train Epoch: 1 [3200/20000 (16.0%)]	Loss: 0.7118167281150818
[2023-05-03 00:37:21] Train Epoch: 1 [4000/20000 (20.0%)]	Loss: 0.742360532283783
[2023-05-03 00:37:21] Train Epoch: 1 [4800/20000 (24.0%)]	Loss: 0.6355246305465698
[2023-05-03 00:37:22] Train Epoch: 1 [5600/20000 (28.0%)]	Loss: 0.6892605423927307
[2023-05-03 00:37:22] Train Epoch: 1 [6400/20000 (32.0%)]	Loss: 0.6548265814781189
[2023-05-03 00:37:22] Train Epoch: 1 [7200/20000 (36.0%)]	Loss: 0.6900116205215454
[2023-05-03 00:37:22] Train Epoch: 1 [8000/20000 (40.0%)]	Loss: 0.6697198748588562
[2023-05-03 00:37:22] Train Epoch: 1 [8800/20000 (44.0%)]	Loss: 0.6471495032310486
[2023-05-03 00:37:23] Train Epoch: 1 [9600/20000 (48.0%)]	Loss: 0.7011209726333618
[2023-05-03 00:37:23] Train Epoch: 1 [10400/20000 (52.0%)]	Loss: 0.6280859112739563
[2023-05-03 00:37:23] Train Epoch: 1 [11200/20000 (56.0%)]	Loss: 0.6918168663978577
[2023-05-03 00:37:23] Train Epoch: 1 [12000/20000 (60.0%)]	Loss: 0.7273887395858765
[2023-05-03 00:37:23] Train Epoch: 1 [12800/20000 (64.0%)]	Loss: 0.6877391338348389
[2023-05-03 00:37:23] Train Epoch: 1 [13600/20000 (68.0%)]	Loss: 0.7046133875846863
[2023-05-03 00:37:24] Train Epoch: 1 [14400/20000 (72.0%)]	Loss: 0.6732218265533447
[2023-05-03 00:37:24] Train Epoch: 1 [15200/20000 (76.0%)]	Loss: 0.7105268836021423
[2023-05-03 00:37:24] Train Epoch: 1 [16000/20000 (80.0%)]	Loss: 0.657584011554718
[2023-05-03 00:37:24] Train Epoch: 1 [16800/20000 (84.0%)]	Loss: 0.6976069808006287
[2023-05-03 00:37:24] Train Epoch: 1 [17600/20000 (88.0%)]	Loss: 0.6901887059211731
[2023-05-03 00:37:25] Train Epoch: 1 [18400/20000 (92.0%)]	Loss: 0.6219490170478821
[2023-05-03 00:37:25] Train Epoch: 1 [19200/20000 (96.0%)]	Loss: 0.6809576153755188
[2023-05-03 00:37:30] ========== Metrics ==========
[2023-05-03 00:37:30] {
  "tr_loss": 0.6886875991142205,
  "tr_acc": 0.5456045604560456,
  "tr_f1": 0.5678413468397774,
  "val_loss": 0.6591771300805994,
  "val_acc": 0.6722330786995914,
  "val_f1": 0.7333429686370864,
  "test_loss": 0.6814201143052843,
  "test_acc": 0.6775067750677507,
  "test_f1": 0.7361419068736141
}
[2023-05-03 00:37:30] ========== Metrics ==========
[2023-05-03 00:37:31] Train Epoch: 2 [0/20000 (0.0%)]	Loss: 0.616425633430481
[2023-05-03 00:37:31] Train Epoch: 2 [800/20000 (4.0%)]	Loss: 0.5982142090797424
[2023-05-03 00:37:31] Train Epoch: 2 [1600/20000 (8.0%)]	Loss: 0.5977564454078674
[2023-05-03 00:37:31] Train Epoch: 2 [2400/20000 (12.0%)]	Loss: 0.680288553237915
[2023-05-03 00:37:31] Train Epoch: 2 [3200/20000 (16.0%)]	Loss: 0.6130338311195374
[2023-05-03 00:37:32] Train Epoch: 2 [4000/20000 (20.0%)]	Loss: 0.6672516465187073
[2023-05-03 00:37:32] Train Epoch: 2 [4800/20000 (24.0%)]	Loss: 0.6292893290519714
[2023-05-03 00:37:32] Train Epoch: 2 [5600/20000 (28.0%)]	Loss: 0.5955400466918945
[2023-05-03 00:37:32] Train Epoch: 2 [6400/20000 (32.0%)]	Loss: 0.6316975951194763
[2023-05-03 00:37:32] Train Epoch: 2 [7200/20000 (36.0%)]	Loss: 0.6600372195243835
[2023-05-03 00:37:32] Train Epoch: 2 [8000/20000 (40.0%)]	Loss: 0.706404983997345
[2023-05-03 00:37:33] Train Epoch: 2 [8800/20000 (44.0%)]	Loss: 0.5155007243156433
[2023-05-03 00:37:33] Train Epoch: 2 [9600/20000 (48.0%)]	Loss: 0.653069794178009
[2023-05-03 00:37:33] Train Epoch: 2 [10400/20000 (52.0%)]	Loss: 0.6628966927528381
[2023-05-03 00:37:33] Train Epoch: 2 [11200/20000 (56.0%)]	Loss: 0.6734505295753479
[2023-05-03 00:37:33] Train Epoch: 2 [12000/20000 (60.0%)]	Loss: 0.5599629282951355
[2023-05-03 00:37:34] Train Epoch: 2 [12800/20000 (64.0%)]	Loss: 0.6638283729553223
[2023-05-03 00:37:34] Train Epoch: 2 [13600/20000 (68.0%)]	Loss: 0.5669575929641724
[2023-05-03 00:37:34] Train Epoch: 2 [14400/20000 (72.0%)]	Loss: 0.5923542976379395
[2023-05-03 00:37:34] Train Epoch: 2 [15200/20000 (76.0%)]	Loss: 0.6042455434799194
[2023-05-03 00:37:34] Train Epoch: 2 [16000/20000 (80.0%)]	Loss: 0.6115120649337769
[2023-05-03 00:37:35] Train Epoch: 2 [16800/20000 (84.0%)]	Loss: 0.5177479386329651
[2023-05-03 00:37:35] Train Epoch: 2 [17600/20000 (88.0%)]	Loss: 0.527445375919342
[2023-05-03 00:37:35] Train Epoch: 2 [18400/20000 (92.0%)]	Loss: 0.6163849830627441
[2023-05-03 00:37:35] Train Epoch: 2 [19200/20000 (96.0%)]	Loss: 0.7975797653198242
[2023-05-03 00:37:39] ========== Metrics ==========
[2023-05-03 00:37:39] {
  "tr_loss": 0.6065862866231997,
  "tr_acc": 0.6777677767776777,
  "tr_f1": 0.6792753334660561,
  "val_loss": 0.554912379165381,
  "val_acc": 0.7734944039793924,
  "val_f1": 0.7750132345156168,
  "test_loss": 0.5755290209762449,
  "test_acc": 0.7723577235772358,
  "test_f1": 0.7717391304347827
}
[2023-05-03 00:37:39] ========== Metrics ==========
[2023-05-03 00:37:40] Train Epoch: 3 [0/20000 (0.0%)]	Loss: 0.47090113162994385
[2023-05-03 00:37:41] Train Epoch: 3 [800/20000 (4.0%)]	Loss: 0.5834470987319946
[2023-05-03 00:37:41] Train Epoch: 3 [1600/20000 (8.0%)]	Loss: 0.4485684931278229
[2023-05-03 00:37:41] Train Epoch: 3 [2400/20000 (12.0%)]	Loss: 0.5062410235404968
[2023-05-03 00:37:41] Train Epoch: 3 [3200/20000 (16.0%)]	Loss: 0.428658664226532
[2023-05-03 00:37:41] Train Epoch: 3 [4000/20000 (20.0%)]	Loss: 0.45965415239334106
[2023-05-03 00:37:41] Train Epoch: 3 [4800/20000 (24.0%)]	Loss: 0.5779175162315369
[2023-05-03 00:37:42] Train Epoch: 3 [5600/20000 (28.0%)]	Loss: 0.4385441839694977
[2023-05-03 00:37:42] Train Epoch: 3 [6400/20000 (32.0%)]	Loss: 0.5973622798919678
[2023-05-03 00:37:42] Train Epoch: 3 [7200/20000 (36.0%)]	Loss: 0.4162728190422058
[2023-05-03 00:37:42] Train Epoch: 3 [8000/20000 (40.0%)]	Loss: 0.38722118735313416
[2023-05-03 00:37:42] Train Epoch: 3 [8800/20000 (44.0%)]	Loss: 0.4854234755039215
[2023-05-03 00:37:43] Train Epoch: 3 [9600/20000 (48.0%)]	Loss: 0.43474775552749634
[2023-05-03 00:37:43] Train Epoch: 3 [10400/20000 (52.0%)]	Loss: 0.5010598301887512
[2023-05-03 00:37:43] Train Epoch: 3 [11200/20000 (56.0%)]	Loss: 0.5170111656188965
[2023-05-03 00:37:43] Train Epoch: 3 [12000/20000 (60.0%)]	Loss: 0.6677412986755371
[2023-05-03 00:37:43] Train Epoch: 3 [12800/20000 (64.0%)]	Loss: 0.6803835034370422
[2023-05-03 00:37:44] Train Epoch: 3 [13600/20000 (68.0%)]	Loss: 0.3204849064350128
[2023-05-03 00:37:44] Train Epoch: 3 [14400/20000 (72.0%)]	Loss: 0.5081659555435181
[2023-05-03 00:37:44] Train Epoch: 3 [15200/20000 (76.0%)]	Loss: 0.8749730587005615
[2023-05-03 00:37:44] Train Epoch: 3 [16000/20000 (80.0%)]	Loss: 0.512149453163147
[2023-05-03 00:37:44] Train Epoch: 3 [16800/20000 (84.0%)]	Loss: 0.5277597308158875
[2023-05-03 00:37:44] Train Epoch: 3 [17600/20000 (88.0%)]	Loss: 0.4380720555782318
[2023-05-03 00:37:45] Train Epoch: 3 [18400/20000 (92.0%)]	Loss: 0.5770182609558105
[2023-05-03 00:37:45] Train Epoch: 3 [19200/20000 (96.0%)]	Loss: 0.6728030443191528
[2023-05-03 00:37:49] ========== Metrics ==========
[2023-05-03 00:37:50] {
  "tr_loss": 0.49845654366671865,
  "tr_acc": 0.7612261226122612,
  "tr_f1": 0.7566878980891718,
  "val_loss": 0.48891391684687524,
  "val_acc": 0.7875288683602771,
  "val_f1": 0.7833333333333333,
  "test_loss": 0.4900415286139098,
  "test_acc": 0.7967479674796748,
  "test_f1": 0.7910863509749304
}
[2023-05-03 00:37:50] ========== Metrics ==========
[2023-05-03 00:37:51] Train Epoch: 4 [0/20000 (0.0%)]	Loss: 0.43191081285476685
[2023-05-03 00:37:51] Train Epoch: 4 [800/20000 (4.0%)]	Loss: 0.333821177482605
[2023-05-03 00:37:51] Train Epoch: 4 [1600/20000 (8.0%)]	Loss: 0.38997772336006165
[2023-05-03 00:37:51] Train Epoch: 4 [2400/20000 (12.0%)]	Loss: 0.7192867398262024
[2023-05-03 00:37:51] Train Epoch: 4 [3200/20000 (16.0%)]	Loss: 0.4095742106437683
[2023-05-03 00:37:52] Train Epoch: 4 [4000/20000 (20.0%)]	Loss: 0.3771217167377472
[2023-05-03 00:37:52] Train Epoch: 4 [4800/20000 (24.0%)]	Loss: 0.30058324337005615
[2023-05-03 00:37:52] Train Epoch: 4 [5600/20000 (28.0%)]	Loss: 0.3934868574142456
[2023-05-03 00:37:52] Train Epoch: 4 [6400/20000 (32.0%)]	Loss: 0.4769915044307709
[2023-05-03 00:37:52] Train Epoch: 4 [7200/20000 (36.0%)]	Loss: 0.40246984362602234
[2023-05-03 00:37:53] Train Epoch: 4 [8000/20000 (40.0%)]	Loss: 0.30976516008377075
[2023-05-03 00:37:53] Train Epoch: 4 [8800/20000 (44.0%)]	Loss: 0.4658185839653015
[2023-05-03 00:37:53] Train Epoch: 4 [9600/20000 (48.0%)]	Loss: 0.4948512613773346
[2023-05-03 00:37:53] Train Epoch: 4 [10400/20000 (52.0%)]	Loss: 0.4932061433792114
[2023-05-03 00:37:53] Train Epoch: 4 [11200/20000 (56.0%)]	Loss: 0.5047467350959778
[2023-05-03 00:37:54] Train Epoch: 4 [12000/20000 (60.0%)]	Loss: 0.32528233528137207
[2023-05-03 00:37:54] Train Epoch: 4 [12800/20000 (64.0%)]	Loss: 0.19774743914604187
[2023-05-03 00:37:54] Train Epoch: 4 [13600/20000 (68.0%)]	Loss: 0.45521819591522217
[2023-05-03 00:37:54] Train Epoch: 4 [14400/20000 (72.0%)]	Loss: 0.4042368531227112
[2023-05-03 00:37:54] Train Epoch: 4 [15200/20000 (76.0%)]	Loss: 0.4121512174606323
[2023-05-03 00:37:54] Train Epoch: 4 [16000/20000 (80.0%)]	Loss: 0.3912108838558197
[2023-05-03 00:37:55] Train Epoch: 4 [16800/20000 (84.0%)]	Loss: 0.41158610582351685
[2023-05-03 00:37:55] Train Epoch: 4 [17600/20000 (88.0%)]	Loss: 0.5402234196662903
[2023-05-03 00:37:55] Train Epoch: 4 [18400/20000 (92.0%)]	Loss: 0.3671150803565979
[2023-05-03 00:37:55] Train Epoch: 4 [19200/20000 (96.0%)]	Loss: 0.4817564785480499
[2023-05-03 00:38:00] ========== Metrics ==========
[2023-05-03 00:38:00] {
  "tr_loss": 0.41566193877535945,
  "tr_acc": 0.8121812181218122,
  "tr_f1": 0.8094561688311687,
  "val_loss": 0.45486203098110756,
  "val_acc": 0.7990762124711316,
  "val_f1": 0.7978552278820377,
  "test_loss": 0.437563712680889,
  "test_acc": 0.8102981029810298,
  "test_f1": 0.8055555555555556
}
[2023-05-03 00:38:00] ========== Metrics ==========
[2023-05-03 00:38:01] Train Epoch: 5 [0/20000 (0.0%)]	Loss: 0.4697588086128235
[2023-05-03 00:38:01] Train Epoch: 5 [800/20000 (4.0%)]	Loss: 0.31067097187042236
[2023-05-03 00:38:01] Train Epoch: 5 [1600/20000 (8.0%)]	Loss: 0.6750465035438538
[2023-05-03 00:38:01] Train Epoch: 5 [2400/20000 (12.0%)]	Loss: 0.2213621586561203
[2023-05-03 00:38:02] Train Epoch: 5 [3200/20000 (16.0%)]	Loss: 0.26515722274780273
[2023-05-03 00:38:02] Train Epoch: 5 [4000/20000 (20.0%)]	Loss: 0.32596299052238464
[2023-05-03 00:38:02] Train Epoch: 5 [4800/20000 (24.0%)]	Loss: 0.32671162486076355
[2023-05-03 00:38:02] Train Epoch: 5 [5600/20000 (28.0%)]	Loss: 0.33022522926330566
[2023-05-03 00:38:02] Train Epoch: 5 [6400/20000 (32.0%)]	Loss: 0.5060688853263855
[2023-05-03 00:38:02] Train Epoch: 5 [7200/20000 (36.0%)]	Loss: 0.3541122376918793
[2023-05-03 00:38:03] Train Epoch: 5 [8000/20000 (40.0%)]	Loss: 0.2611254155635834
[2023-05-03 00:38:03] Train Epoch: 5 [8800/20000 (44.0%)]	Loss: 0.3913005292415619
[2023-05-03 00:38:03] Train Epoch: 5 [9600/20000 (48.0%)]	Loss: 0.22172081470489502
[2023-05-03 00:38:03] Train Epoch: 5 [10400/20000 (52.0%)]	Loss: 0.3342924118041992
[2023-05-03 00:38:03] Train Epoch: 5 [11200/20000 (56.0%)]	Loss: 0.4239722788333893
[2023-05-03 00:38:03] Train Epoch: 5 [12000/20000 (60.0%)]	Loss: 0.22810088098049164
[2023-05-03 00:38:04] Train Epoch: 5 [12800/20000 (64.0%)]	Loss: 0.3268563747406006
[2023-05-03 00:38:04] Train Epoch: 5 [13600/20000 (68.0%)]	Loss: 0.37266620993614197
[2023-05-03 00:38:04] Train Epoch: 5 [14400/20000 (72.0%)]	Loss: 0.19158858060836792
[2023-05-03 00:38:04] Train Epoch: 5 [15200/20000 (76.0%)]	Loss: 0.38039836287498474
[2023-05-03 00:38:04] Train Epoch: 5 [16000/20000 (80.0%)]	Loss: 0.3732396066188812
[2023-05-03 00:38:05] Train Epoch: 5 [16800/20000 (84.0%)]	Loss: 0.5844084024429321
[2023-05-03 00:38:05] Train Epoch: 5 [17600/20000 (88.0%)]	Loss: 0.46790021657943726
[2023-05-03 00:38:05] Train Epoch: 5 [18400/20000 (92.0%)]	Loss: 0.5390597581863403
[2023-05-03 00:38:05] Train Epoch: 5 [19200/20000 (96.0%)]	Loss: 0.31482788920402527
[2023-05-03 00:38:09] ========== Metrics ==========
[2023-05-03 00:38:09] {
  "tr_loss": 0.3544516099168129,
  "tr_acc": 0.8472347234723472,
  "tr_f1": 0.8456213047652736,
  "val_loss": 0.43451194564960294,
  "val_acc": 0.8047610588026293,
  "val_f1": 0.8039250669045495,
  "test_loss": 0.42575420209062775,
  "test_acc": 0.8238482384823849,
  "test_f1": 0.8209366391184573
}
[2023-05-03 00:38:09] ========== Metrics ==========
[2023-05-03 00:38:10] Train Epoch: 6 [0/20000 (0.0%)]	Loss: 0.3092206120491028
[2023-05-03 00:38:11] Train Epoch: 6 [800/20000 (4.0%)]	Loss: 0.25350695848464966
[2023-05-03 00:38:11] Train Epoch: 6 [1600/20000 (8.0%)]	Loss: 0.25331753492355347
[2023-05-03 00:38:11] Train Epoch: 6 [2400/20000 (12.0%)]	Loss: 0.3344639539718628
[2023-05-03 00:38:11] Train Epoch: 6 [3200/20000 (16.0%)]	Loss: 0.39004507660865784
[2023-05-03 00:38:11] Train Epoch: 6 [4000/20000 (20.0%)]	Loss: 0.12666411697864532
[2023-05-03 00:38:12] Train Epoch: 6 [4800/20000 (24.0%)]	Loss: 0.2571069002151489
[2023-05-03 00:38:12] Train Epoch: 6 [5600/20000 (28.0%)]	Loss: 0.18278826773166656
[2023-05-03 00:38:12] Train Epoch: 6 [6400/20000 (32.0%)]	Loss: 0.15267068147659302
[2023-05-03 00:38:12] Train Epoch: 6 [7200/20000 (36.0%)]	Loss: 0.18873512744903564
[2023-05-03 00:38:12] Train Epoch: 6 [8000/20000 (40.0%)]	Loss: 0.35521772503852844
[2023-05-03 00:38:13] Train Epoch: 6 [8800/20000 (44.0%)]	Loss: 0.29365864396095276
[2023-05-03 00:38:13] Train Epoch: 6 [9600/20000 (48.0%)]	Loss: 0.3124554455280304
[2023-05-03 00:38:13] Train Epoch: 6 [10400/20000 (52.0%)]	Loss: 0.33124402165412903
[2023-05-03 00:38:13] Train Epoch: 6 [11200/20000 (56.0%)]	Loss: 0.3912147283554077
[2023-05-03 00:38:13] Train Epoch: 6 [12000/20000 (60.0%)]	Loss: 0.2253079116344452
[2023-05-03 00:38:14] Train Epoch: 6 [12800/20000 (64.0%)]	Loss: 0.37132692337036133
[2023-05-03 00:38:14] Train Epoch: 6 [13600/20000 (68.0%)]	Loss: 0.17366157472133636
[2023-05-03 00:38:14] Train Epoch: 6 [14400/20000 (72.0%)]	Loss: 0.48504719138145447
[2023-05-03 00:38:14] Train Epoch: 6 [15200/20000 (76.0%)]	Loss: 0.20293541252613068
[2023-05-03 00:38:14] Train Epoch: 6 [16000/20000 (80.0%)]	Loss: 0.21084830164909363
[2023-05-03 00:38:14] Train Epoch: 6 [16800/20000 (84.0%)]	Loss: 0.2810665965080261
[2023-05-03 00:38:15] Train Epoch: 6 [17600/20000 (88.0%)]	Loss: 0.49432966113090515
[2023-05-03 00:38:15] Train Epoch: 6 [18400/20000 (92.0%)]	Loss: 0.2888498306274414
[2023-05-03 00:38:15] Train Epoch: 6 [19200/20000 (96.0%)]	Loss: 0.32996752858161926
[2023-05-03 00:38:19] ========== Metrics ==========
[2023-05-03 00:38:19] {
  "tr_loss": 0.2989996970385382,
  "tr_acc": 0.8788878887888789,
  "tr_f1": 0.8772676598763555,
  "val_loss": 0.43346709064870603,
  "val_acc": 0.8052940131462072,
  "val_f1": 0.8066337332392378,
  "test_loss": 0.4107072482587199,
  "test_acc": 0.8211382113821138,
  "test_f1": 0.8186813186813188
}
[2023-05-03 00:38:19] ========== Metrics ==========
[2023-05-03 00:38:20] Train Epoch: 7 [0/20000 (0.0%)]	Loss: 0.1473427712917328
[2023-05-03 00:38:20] Train Epoch: 7 [800/20000 (4.0%)]	Loss: 0.3571122884750366
[2023-05-03 00:38:21] Train Epoch: 7 [1600/20000 (8.0%)]	Loss: 0.22320044040679932
[2023-05-03 00:38:21] Train Epoch: 7 [2400/20000 (12.0%)]	Loss: 0.21288041770458221
[2023-05-03 00:38:21] Train Epoch: 7 [3200/20000 (16.0%)]	Loss: 0.24010494351387024
[2023-05-03 00:38:21] Train Epoch: 7 [4000/20000 (20.0%)]	Loss: 0.2253357172012329
[2023-05-03 00:38:21] Train Epoch: 7 [4800/20000 (24.0%)]	Loss: 0.2336295247077942
[2023-05-03 00:38:22] Train Epoch: 7 [5600/20000 (28.0%)]	Loss: 0.4040992558002472
[2023-05-03 00:38:22] Train Epoch: 7 [6400/20000 (32.0%)]	Loss: 0.31150326132774353
[2023-05-03 00:38:22] Train Epoch: 7 [7200/20000 (36.0%)]	Loss: 0.32749947905540466
[2023-05-03 00:38:22] Train Epoch: 7 [8000/20000 (40.0%)]	Loss: 0.19461297988891602
[2023-05-03 00:38:22] Train Epoch: 7 [8800/20000 (44.0%)]	Loss: 0.37834280729293823
[2023-05-03 00:38:23] Train Epoch: 7 [9600/20000 (48.0%)]	Loss: 0.2815542221069336
[2023-05-03 00:38:23] Train Epoch: 7 [10400/20000 (52.0%)]	Loss: 0.36224398016929626
[2023-05-03 00:38:23] Train Epoch: 7 [11200/20000 (56.0%)]	Loss: 0.24040672183036804
[2023-05-03 00:38:23] Train Epoch: 7 [12000/20000 (60.0%)]	Loss: 0.3748452961444855
[2023-05-03 00:38:23] Train Epoch: 7 [12800/20000 (64.0%)]	Loss: 0.43491750955581665
[2023-05-03 00:38:24] Train Epoch: 7 [13600/20000 (68.0%)]	Loss: 0.5624052882194519
[2023-05-03 00:38:24] Train Epoch: 7 [14400/20000 (72.0%)]	Loss: 0.3606683313846588
[2023-05-03 00:38:24] Train Epoch: 7 [15200/20000 (76.0%)]	Loss: 0.3048064410686493
[2023-05-03 00:38:24] Train Epoch: 7 [16000/20000 (80.0%)]	Loss: 0.49987050890922546
[2023-05-03 00:38:24] Train Epoch: 7 [16800/20000 (84.0%)]	Loss: 0.3565690517425537
[2023-05-03 00:38:24] Train Epoch: 7 [17600/20000 (88.0%)]	Loss: 0.3456178903579712
[2023-05-03 00:38:25] Train Epoch: 7 [18400/20000 (92.0%)]	Loss: 0.3725619614124298
[2023-05-03 00:38:25] Train Epoch: 7 [19200/20000 (96.0%)]	Loss: 0.2970673441886902
[2023-05-03 00:38:29] ========== Metrics ==========
[2023-05-03 00:38:29] {
  "tr_loss": 0.28922186186700144,
  "tr_acc": 0.8816881688168817,
  "tr_f1": 0.8807700060471678,
  "val_loss": 0.4308750506170818,
  "val_acc": 0.8060046189376443,
  "val_f1": 0.8056247775008899,
  "test_loss": 0.4170549581367472,
  "test_acc": 0.8238482384823849,
  "test_f1": 0.8209366391184573
}
[2023-05-03 00:38:29] ========== Metrics ==========
[2023-05-03 00:38:30] Train Epoch: 8 [0/20000 (0.0%)]	Loss: 0.5232774615287781
[2023-05-03 00:38:30] Train Epoch: 8 [800/20000 (4.0%)]	Loss: 0.32500964403152466
[2023-05-03 00:38:31] Train Epoch: 8 [1600/20000 (8.0%)]	Loss: 0.32586395740509033
[2023-05-03 00:38:31] Train Epoch: 8 [2400/20000 (12.0%)]	Loss: 0.2840020954608917
[2023-05-03 00:38:31] Train Epoch: 8 [3200/20000 (16.0%)]	Loss: 0.3572249114513397
[2023-05-03 00:38:31] Train Epoch: 8 [4000/20000 (20.0%)]	Loss: 0.08019821345806122
[2023-05-03 00:38:31] Train Epoch: 8 [4800/20000 (24.0%)]	Loss: 0.19378964602947235
[2023-05-03 00:38:31] Train Epoch: 8 [5600/20000 (28.0%)]	Loss: 0.1954428106546402
[2023-05-03 00:38:32] Train Epoch: 8 [6400/20000 (32.0%)]	Loss: 0.2684898376464844
[2023-05-03 00:38:32] Train Epoch: 8 [7200/20000 (36.0%)]	Loss: 0.47898536920547485
[2023-05-03 00:38:32] Train Epoch: 8 [8000/20000 (40.0%)]	Loss: 0.28167468309402466
[2023-05-03 00:38:32] Train Epoch: 8 [8800/20000 (44.0%)]	Loss: 0.25266802310943604
[2023-05-03 00:38:32] Train Epoch: 8 [9600/20000 (48.0%)]	Loss: 0.27134308218955994
[2023-05-03 00:38:33] Train Epoch: 8 [10400/20000 (52.0%)]	Loss: 0.3208346664905548
[2023-05-03 00:38:33] Train Epoch: 8 [11200/20000 (56.0%)]	Loss: 0.26404473185539246
[2023-05-03 00:38:33] Train Epoch: 8 [12000/20000 (60.0%)]	Loss: 0.21197481453418732
[2023-05-03 00:38:33] Train Epoch: 8 [12800/20000 (64.0%)]	Loss: 0.22004106640815735
[2023-05-03 00:38:33] Train Epoch: 8 [13600/20000 (68.0%)]	Loss: 0.26620614528656006
[2023-05-03 00:38:33] Train Epoch: 8 [14400/20000 (72.0%)]	Loss: 0.1479850709438324
[2023-05-03 00:38:34] Train Epoch: 8 [15200/20000 (76.0%)]	Loss: 0.17858603596687317
[2023-05-03 00:38:34] Train Epoch: 8 [16000/20000 (80.0%)]	Loss: 0.2586559057235718
[2023-05-03 00:38:34] Train Epoch: 8 [16800/20000 (84.0%)]	Loss: 0.3973594903945923
[2023-05-03 00:38:34] Train Epoch: 8 [17600/20000 (88.0%)]	Loss: 0.4109078645706177
[2023-05-03 00:38:34] Train Epoch: 8 [18400/20000 (92.0%)]	Loss: 0.33130231499671936
[2023-05-03 00:38:35] Train Epoch: 8 [19200/20000 (96.0%)]	Loss: 0.43161067366600037
[2023-05-03 00:38:39] ========== Metrics ==========
[2023-05-03 00:38:39] {
  "tr_loss": 0.2886475971167368,
  "tr_acc": 0.8807380738073808,
  "tr_f1": 0.8794784981555409,
  "val_loss": 0.42982542034067167,
  "val_acc": 0.8056493160419257,
  "val_f1": 0.8065086664308454,
  "test_loss": 0.4356569817395714,
  "test_acc": 0.8292682926829268,
  "test_f1": 0.8273972602739725
}
[2023-05-03 00:38:39] ========== Metrics ==========
[2023-05-03 00:38:40] Train Epoch: 9 [0/20000 (0.0%)]	Loss: 0.28689539432525635
[2023-05-03 00:38:40] Train Epoch: 9 [800/20000 (4.0%)]	Loss: 0.448068231344223
[2023-05-03 00:38:40] Train Epoch: 9 [1600/20000 (8.0%)]	Loss: 0.20402422547340393
[2023-05-03 00:38:40] Train Epoch: 9 [2400/20000 (12.0%)]	Loss: 0.1704719066619873
[2023-05-03 00:38:41] Train Epoch: 9 [3200/20000 (16.0%)]	Loss: 0.6605268120765686
[2023-05-03 00:38:41] Train Epoch: 9 [4000/20000 (20.0%)]	Loss: 0.23465538024902344
[2023-05-03 00:38:41] Train Epoch: 9 [4800/20000 (24.0%)]	Loss: 0.28351232409477234
[2023-05-03 00:38:41] Train Epoch: 9 [5600/20000 (28.0%)]	Loss: 0.20232683420181274
[2023-05-03 00:38:41] Train Epoch: 9 [6400/20000 (32.0%)]	Loss: 0.4074069857597351
[2023-05-03 00:38:42] Train Epoch: 9 [7200/20000 (36.0%)]	Loss: 0.23865853250026703
[2023-05-03 00:38:42] Train Epoch: 9 [8000/20000 (40.0%)]	Loss: 0.23902805149555206
[2023-05-03 00:38:42] Train Epoch: 9 [8800/20000 (44.0%)]	Loss: 0.2333044707775116
[2023-05-03 00:38:42] Train Epoch: 9 [9600/20000 (48.0%)]	Loss: 0.3502887487411499
[2023-05-03 00:38:42] Train Epoch: 9 [10400/20000 (52.0%)]	Loss: 0.5848429203033447
[2023-05-03 00:38:42] Train Epoch: 9 [11200/20000 (56.0%)]	Loss: 0.19335070252418518
[2023-05-03 00:38:43] Train Epoch: 9 [12000/20000 (60.0%)]	Loss: 0.16334590315818787
[2023-05-03 00:38:43] Train Epoch: 9 [12800/20000 (64.0%)]	Loss: 0.2569798529148102
[2023-05-03 00:38:43] Train Epoch: 9 [13600/20000 (68.0%)]	Loss: 0.31487178802490234
[2023-05-03 00:38:43] Train Epoch: 9 [14400/20000 (72.0%)]	Loss: 0.2326621562242508
[2023-05-03 00:38:43] Train Epoch: 9 [15200/20000 (76.0%)]	Loss: 0.3084184527397156
[2023-05-03 00:38:44] Train Epoch: 9 [16000/20000 (80.0%)]	Loss: 0.1639995574951172
[2023-05-03 00:38:44] Train Epoch: 9 [16800/20000 (84.0%)]	Loss: 0.29129257798194885
[2023-05-03 00:38:44] Train Epoch: 9 [17600/20000 (88.0%)]	Loss: 0.34686779975891113
[2023-05-03 00:38:44] Train Epoch: 9 [18400/20000 (92.0%)]	Loss: 0.29333364963531494
[2023-05-03 00:38:44] Train Epoch: 9 [19200/20000 (96.0%)]	Loss: 0.3461437225341797
[2023-05-03 00:38:49] ========== Metrics ==========
[2023-05-03 00:38:49] {
  "tr_loss": 0.27870172630287265,
  "tr_acc": 0.888088808880888,
  "tr_f1": 0.8867752706668016,
  "val_loss": 0.42859890681639684,
  "val_acc": 0.8061822703855036,
  "val_f1": 0.8076177041086228,
  "test_loss": 0.43950179340393564,
  "test_acc": 0.8292682926829268,
  "test_f1": 0.8273972602739725
}
[2023-05-03 00:38:49] ========== Metrics ==========
[2023-05-03 00:38:51] Train Epoch: 10 [0/20000 (0.0%)]	Loss: 0.32996538281440735
[2023-05-03 00:38:51] Train Epoch: 10 [800/20000 (4.0%)]	Loss: 0.22612237930297852
[2023-05-03 00:38:51] Train Epoch: 10 [1600/20000 (8.0%)]	Loss: 0.39304807782173157
[2023-05-03 00:38:51] Train Epoch: 10 [2400/20000 (12.0%)]	Loss: 0.47293707728385925
[2023-05-03 00:38:51] Train Epoch: 10 [3200/20000 (16.0%)]	Loss: 0.23293989896774292
[2023-05-03 00:38:51] Train Epoch: 10 [4000/20000 (20.0%)]	Loss: 0.16379818320274353
[2023-05-03 00:38:52] Train Epoch: 10 [4800/20000 (24.0%)]	Loss: 0.32502472400665283
[2023-05-03 00:38:52] Train Epoch: 10 [5600/20000 (28.0%)]	Loss: 0.3008294403553009
[2023-05-03 00:38:52] Train Epoch: 10 [6400/20000 (32.0%)]	Loss: 0.15226753056049347
[2023-05-03 00:38:52] Train Epoch: 10 [7200/20000 (36.0%)]	Loss: 0.5770055651664734
[2023-05-03 00:38:52] Train Epoch: 10 [8000/20000 (40.0%)]	Loss: 0.2576938569545746
[2023-05-03 00:38:52] Train Epoch: 10 [8800/20000 (44.0%)]	Loss: 0.5450941324234009
[2023-05-03 00:38:53] Train Epoch: 10 [9600/20000 (48.0%)]	Loss: 0.30901768803596497
[2023-05-03 00:38:53] Train Epoch: 10 [10400/20000 (52.0%)]	Loss: 0.16765505075454712
[2023-05-03 00:38:53] Train Epoch: 10 [11200/20000 (56.0%)]	Loss: 0.1466655135154724
[2023-05-03 00:38:53] Train Epoch: 10 [12000/20000 (60.0%)]	Loss: 0.13385766744613647
[2023-05-03 00:38:53] Train Epoch: 10 [12800/20000 (64.0%)]	Loss: 0.38413381576538086
[2023-05-03 00:38:53] Train Epoch: 10 [13600/20000 (68.0%)]	Loss: 0.2476414144039154
[2023-05-03 00:38:54] Train Epoch: 10 [14400/20000 (72.0%)]	Loss: 0.09805027395486832
[2023-05-03 00:38:54] Train Epoch: 10 [15200/20000 (76.0%)]	Loss: 0.21641893684864044
[2023-05-03 00:38:54] Train Epoch: 10 [16000/20000 (80.0%)]	Loss: 0.28480470180511475
[2023-05-03 00:38:54] Train Epoch: 10 [16800/20000 (84.0%)]	Loss: 0.29146334528923035
[2023-05-03 00:38:54] Train Epoch: 10 [17600/20000 (88.0%)]	Loss: 0.1500309854745865
[2023-05-03 00:38:54] Train Epoch: 10 [18400/20000 (92.0%)]	Loss: 0.591279149055481
[2023-05-03 00:38:55] Train Epoch: 10 [19200/20000 (96.0%)]	Loss: 0.46020662784576416
[2023-05-03 00:38:59] ========== Metrics ==========
[2023-05-03 00:38:59] {
  "tr_loss": 0.2743835757614219,
  "tr_acc": 0.8916891689168917,
  "tr_f1": 0.8905507832238505,
  "val_loss": 0.42743237748368845,
  "val_acc": 0.8076034819683781,
  "val_f1": 0.8092302272326933,
  "test_loss": 0.42651160558064777,
  "test_acc": 0.8292682926829268,
  "test_f1": 0.8283378746594006
}
[2023-05-03 00:38:59] ========== Metrics ==========
[2023-05-03 00:39:01] Train Epoch: 11 [0/20000 (0.0%)]	Loss: 0.18556532263755798
[2023-05-03 00:39:01] Train Epoch: 11 [800/20000 (4.0%)]	Loss: 0.08898253738880157
[2023-05-03 00:39:01] Train Epoch: 11 [1600/20000 (8.0%)]	Loss: 0.3274298310279846
[2023-05-03 00:39:01] Train Epoch: 11 [2400/20000 (12.0%)]	Loss: 0.3735172152519226
[2023-05-03 00:39:01] Train Epoch: 11 [3200/20000 (16.0%)]	Loss: 0.4768194556236267
[2023-05-03 00:39:02] Train Epoch: 11 [4000/20000 (20.0%)]	Loss: 0.1546572893857956
[2023-05-03 00:39:02] Train Epoch: 11 [4800/20000 (24.0%)]	Loss: 0.5334882736206055
[2023-05-03 00:39:02] Train Epoch: 11 [5600/20000 (28.0%)]	Loss: 0.1384490430355072
[2023-05-03 00:39:02] Train Epoch: 11 [6400/20000 (32.0%)]	Loss: 0.4122150242328644
[2023-05-03 00:39:02] Train Epoch: 11 [7200/20000 (36.0%)]	Loss: 0.6005250811576843
[2023-05-03 00:39:02] Train Epoch: 11 [8000/20000 (40.0%)]	Loss: 0.4041420519351959
[2023-05-03 00:39:03] Train Epoch: 11 [8800/20000 (44.0%)]	Loss: 0.20761793851852417
[2023-05-03 00:39:03] Train Epoch: 11 [9600/20000 (48.0%)]	Loss: 0.4270078241825104
[2023-05-03 00:39:03] Train Epoch: 11 [10400/20000 (52.0%)]	Loss: 0.5802593231201172
[2023-05-03 00:39:03] Train Epoch: 11 [11200/20000 (56.0%)]	Loss: 0.4308896064758301
[2023-05-03 00:39:03] Train Epoch: 11 [12000/20000 (60.0%)]	Loss: 0.20954886078834534
[2023-05-03 00:39:04] Train Epoch: 11 [12800/20000 (64.0%)]	Loss: 0.2372744381427765
[2023-05-03 00:39:04] Train Epoch: 11 [13600/20000 (68.0%)]	Loss: 0.4155329167842865
[2023-05-03 00:39:04] Train Epoch: 11 [14400/20000 (72.0%)]	Loss: 0.4127713441848755
[2023-05-03 00:39:04] Train Epoch: 11 [15200/20000 (76.0%)]	Loss: 0.21664713323116302
[2023-05-03 00:39:04] Train Epoch: 11 [16000/20000 (80.0%)]	Loss: 0.14546313881874084
[2023-05-03 00:39:05] Train Epoch: 11 [16800/20000 (84.0%)]	Loss: 0.3608543276786804
[2023-05-03 00:39:05] Train Epoch: 11 [17600/20000 (88.0%)]	Loss: 0.17471079528331757
[2023-05-03 00:39:05] Train Epoch: 11 [18400/20000 (92.0%)]	Loss: 0.2620932161808014
[2023-05-03 00:39:05] Train Epoch: 11 [19200/20000 (96.0%)]	Loss: 0.43300068378448486
[2023-05-03 00:39:10] ========== Metrics ==========
[2023-05-03 00:39:10] {
  "tr_loss": 0.2734919313651727,
  "tr_acc": 0.8896389638963896,
  "tr_f1": 0.8889336218610034,
  "val_loss": 0.42744847372383393,
  "val_acc": 0.8074258305205188,
  "val_f1": 0.8089531194924215,
  "test_loss": 0.4043940134487824,
  "test_acc": 0.8265582655826558,
  "test_f1": 0.825136612021858
}
[2023-05-03 00:39:10] ========== Metrics ==========
[2023-05-03 00:39:11] Train Epoch: 12 [0/20000 (0.0%)]	Loss: 0.23089781403541565
[2023-05-03 00:39:11] Train Epoch: 12 [800/20000 (4.0%)]	Loss: 0.34271109104156494
[2023-05-03 00:39:11] Train Epoch: 12 [1600/20000 (8.0%)]	Loss: 0.6623889207839966
[2023-05-03 00:39:12] Train Epoch: 12 [2400/20000 (12.0%)]	Loss: 0.403166800737381
[2023-05-03 00:39:12] Train Epoch: 12 [3200/20000 (16.0%)]	Loss: 0.17872530221939087
[2023-05-03 00:39:12] Train Epoch: 12 [4000/20000 (20.0%)]	Loss: 0.1263618767261505
[2023-05-03 00:39:12] Train Epoch: 12 [4800/20000 (24.0%)]	Loss: 0.4504745602607727
[2023-05-03 00:39:12] Train Epoch: 12 [5600/20000 (28.0%)]	Loss: 0.18858584761619568
[2023-05-03 00:39:13] Train Epoch: 12 [6400/20000 (32.0%)]	Loss: 0.3380109369754791
[2023-05-03 00:39:13] Train Epoch: 12 [7200/20000 (36.0%)]	Loss: 0.3646033704280853
[2023-05-03 00:39:13] Train Epoch: 12 [8000/20000 (40.0%)]	Loss: 0.41075068712234497
[2023-05-03 00:39:13] Train Epoch: 12 [8800/20000 (44.0%)]	Loss: 0.3193213939666748
[2023-05-03 00:39:13] Train Epoch: 12 [9600/20000 (48.0%)]	Loss: 0.2809312343597412
[2023-05-03 00:39:13] Train Epoch: 12 [10400/20000 (52.0%)]	Loss: 0.33515340089797974
[2023-05-03 00:39:14] Train Epoch: 12 [11200/20000 (56.0%)]	Loss: 0.3611544370651245
[2023-05-03 00:39:14] Train Epoch: 12 [12000/20000 (60.0%)]	Loss: 0.3439090847969055
[2023-05-03 00:39:14] Train Epoch: 12 [12800/20000 (64.0%)]	Loss: 0.2100171595811844
[2023-05-03 00:39:14] Train Epoch: 12 [13600/20000 (68.0%)]	Loss: 0.4129409193992615
[2023-05-03 00:39:14] Train Epoch: 12 [14400/20000 (72.0%)]	Loss: 0.41435644030570984
[2023-05-03 00:39:14] Train Epoch: 12 [15200/20000 (76.0%)]	Loss: 0.12797249853610992
[2023-05-03 00:39:15] Train Epoch: 12 [16000/20000 (80.0%)]	Loss: 0.23745979368686676
[2023-05-03 00:39:15] Train Epoch: 12 [16800/20000 (84.0%)]	Loss: 0.27699583768844604
[2023-05-03 00:39:15] Train Epoch: 12 [17600/20000 (88.0%)]	Loss: 0.15460443496704102
[2023-05-03 00:39:15] Train Epoch: 12 [18400/20000 (92.0%)]	Loss: 0.14655891060829163
[2023-05-03 00:39:15] Train Epoch: 12 [19200/20000 (96.0%)]	Loss: 0.3381893038749695
[2023-05-03 00:39:20] ========== Metrics ==========
[2023-05-03 00:39:20] {
  "tr_loss": 0.2711239574682547,
  "tr_acc": 0.8887388738873887,
  "tr_f1": 0.8874386603935852,
  "val_loss": 0.4272737275603229,
  "val_acc": 0.8076034819683781,
  "val_f1": 0.8092302272326933,
  "test_loss": 0.4267144319487781,
  "test_acc": 0.8292682926829268,
  "test_f1": 0.8283378746594006
}
[2023-05-03 00:39:20] ========== Metrics ==========
[2023-05-03 00:39:21] Train Epoch: 13 [0/20000 (0.0%)]	Loss: 0.3514823615550995
[2023-05-03 00:39:21] Train Epoch: 13 [800/20000 (4.0%)]	Loss: 0.3654351234436035
[2023-05-03 00:39:21] Train Epoch: 13 [1600/20000 (8.0%)]	Loss: 0.3472566604614258
[2023-05-03 00:39:21] Train Epoch: 13 [2400/20000 (12.0%)]	Loss: 0.17748907208442688
[2023-05-03 00:39:21] Train Epoch: 13 [3200/20000 (16.0%)]	Loss: 0.22915704548358917
[2023-05-03 00:39:21] Train Epoch: 13 [4000/20000 (20.0%)]	Loss: 0.41105785965919495
[2023-05-03 00:39:22] Train Epoch: 13 [4800/20000 (24.0%)]	Loss: 0.3008591830730438
[2023-05-03 00:39:22] Train Epoch: 13 [5600/20000 (28.0%)]	Loss: 0.21240736544132233
[2023-05-03 00:39:22] Train Epoch: 13 [6400/20000 (32.0%)]	Loss: 0.2961733937263489
[2023-05-03 00:39:22] Train Epoch: 13 [7200/20000 (36.0%)]	Loss: 0.2259988635778427
[2023-05-03 00:39:22] Train Epoch: 13 [8000/20000 (40.0%)]	Loss: 0.12526588141918182
[2023-05-03 00:39:23] Train Epoch: 13 [8800/20000 (44.0%)]	Loss: 0.41615933179855347
[2023-05-03 00:39:23] Train Epoch: 13 [9600/20000 (48.0%)]	Loss: 0.3520641326904297
[2023-05-03 00:39:23] Train Epoch: 13 [10400/20000 (52.0%)]	Loss: 0.1737065464258194
[2023-05-03 00:39:23] Train Epoch: 13 [11200/20000 (56.0%)]	Loss: 0.23354078829288483
[2023-05-03 00:39:23] Train Epoch: 13 [12000/20000 (60.0%)]	Loss: 0.21444982290267944
[2023-05-03 00:39:24] Train Epoch: 13 [12800/20000 (64.0%)]	Loss: 0.2557406425476074
[2023-05-03 00:39:24] Train Epoch: 13 [13600/20000 (68.0%)]	Loss: 0.30063000321388245
[2023-05-03 00:39:24] Train Epoch: 13 [14400/20000 (72.0%)]	Loss: 0.32147881388664246
[2023-05-03 00:39:24] Train Epoch: 13 [15200/20000 (76.0%)]	Loss: 0.39123857021331787
[2023-05-03 00:39:24] Train Epoch: 13 [16000/20000 (80.0%)]	Loss: 0.3575492203235626
[2023-05-03 00:39:24] Train Epoch: 13 [16800/20000 (84.0%)]	Loss: 0.2601536512374878
[2023-05-03 00:39:25] Train Epoch: 13 [17600/20000 (88.0%)]	Loss: 0.20550301671028137
[2023-05-03 00:39:25] Train Epoch: 13 [18400/20000 (92.0%)]	Loss: 0.3993290364742279
[2023-05-03 00:39:25] Train Epoch: 13 [19200/20000 (96.0%)]	Loss: 0.22712652385234833
[2023-05-03 00:39:29] ========== Metrics ==========
[2023-05-03 00:39:29] {
  "tr_loss": 0.27000966653226316,
  "tr_acc": 0.8907890789078908,
  "tr_f1": 0.8895854398382204,
  "val_loss": 0.4271646744617456,
  "val_acc": 0.8079587848640967,
  "val_f1": 0.8097165991902833,
  "test_loss": 0.41082316620886167,
  "test_acc": 0.8292682926829268,
  "test_f1": 0.8283378746594006
}
[2023-05-03 00:39:29] ========== Metrics ==========
[2023-05-03 00:39:30] Train Epoch: 14 [0/20000 (0.0%)]	Loss: 0.13392770290374756
[2023-05-03 00:39:31] Train Epoch: 14 [800/20000 (4.0%)]	Loss: 0.21761485934257507
[2023-05-03 00:39:31] Train Epoch: 14 [1600/20000 (8.0%)]	Loss: 0.3998214900493622
[2023-05-03 00:39:31] Train Epoch: 14 [2400/20000 (12.0%)]	Loss: 0.21823614835739136
[2023-05-03 00:39:31] Train Epoch: 14 [3200/20000 (16.0%)]	Loss: 0.2021951675415039
[2023-05-03 00:39:31] Train Epoch: 14 [4000/20000 (20.0%)]	Loss: 0.2721450626850128
[2023-05-03 00:39:32] Train Epoch: 14 [4800/20000 (24.0%)]	Loss: 0.267728716135025
[2023-05-03 00:39:32] Train Epoch: 14 [5600/20000 (28.0%)]	Loss: 0.2318246215581894
[2023-05-03 00:39:32] Train Epoch: 14 [6400/20000 (32.0%)]	Loss: 0.6293644309043884
[2023-05-03 00:39:32] Train Epoch: 14 [7200/20000 (36.0%)]	Loss: 0.2755020558834076
[2023-05-03 00:39:32] Train Epoch: 14 [8000/20000 (40.0%)]	Loss: 0.3712861239910126
[2023-05-03 00:39:33] Train Epoch: 14 [8800/20000 (44.0%)]	Loss: 0.30001211166381836
[2023-05-03 00:39:33] Train Epoch: 14 [9600/20000 (48.0%)]	Loss: 0.5551405549049377
[2023-05-03 00:39:33] Train Epoch: 14 [10400/20000 (52.0%)]	Loss: 0.15749719738960266
[2023-05-03 00:39:33] Train Epoch: 14 [11200/20000 (56.0%)]	Loss: 0.48942333459854126
[2023-05-03 00:39:33] Train Epoch: 14 [12000/20000 (60.0%)]	Loss: 0.3472873866558075
[2023-05-03 00:39:34] Train Epoch: 14 [12800/20000 (64.0%)]	Loss: 0.271772176027298
[2023-05-03 00:39:34] Train Epoch: 14 [13600/20000 (68.0%)]	Loss: 0.276313453912735
[2023-05-03 00:39:34] Train Epoch: 14 [14400/20000 (72.0%)]	Loss: 0.2669096291065216
[2023-05-03 00:39:34] Train Epoch: 14 [15200/20000 (76.0%)]	Loss: 0.23073585331439972
[2023-05-03 00:39:34] Train Epoch: 14 [16000/20000 (80.0%)]	Loss: 0.2308485060930252
[2023-05-03 00:39:34] Train Epoch: 14 [16800/20000 (84.0%)]	Loss: 0.23577278852462769
[2023-05-03 00:39:35] Train Epoch: 14 [17600/20000 (88.0%)]	Loss: 0.22532187402248383
[2023-05-03 00:39:35] Train Epoch: 14 [18400/20000 (92.0%)]	Loss: 0.45400360226631165
[2023-05-03 00:39:35] Train Epoch: 14 [19200/20000 (96.0%)]	Loss: 0.37735915184020996
[2023-05-03 00:39:40] ========== Metrics ==========
[2023-05-03 00:39:40] {
  "tr_loss": 0.267196336669652,
  "tr_acc": 0.8923392339233923,
  "tr_f1": 0.8913887907985674,
  "val_loss": 0.42700572021478955,
  "val_acc": 0.8077811334162374,
  "val_f1": 0.8094399436421276,
  "test_loss": 0.408725249411937,
  "test_acc": 0.8292682926829268,
  "test_f1": 0.8283378746594006
}
[2023-05-03 00:39:40] ========== Metrics ==========
[2023-05-03 00:39:41] Train Epoch: 15 [0/20000 (0.0%)]	Loss: 0.07521705329418182
[2023-05-03 00:39:41] Train Epoch: 15 [800/20000 (4.0%)]	Loss: 0.1400100141763687
[2023-05-03 00:39:41] Train Epoch: 15 [1600/20000 (8.0%)]	Loss: 0.5312280654907227
[2023-05-03 00:39:41] Train Epoch: 15 [2400/20000 (12.0%)]	Loss: 0.2564147114753723
[2023-05-03 00:39:42] Train Epoch: 15 [3200/20000 (16.0%)]	Loss: 0.4437897205352783
[2023-05-03 00:39:42] Train Epoch: 15 [4000/20000 (20.0%)]	Loss: 0.2642520070075989
[2023-05-03 00:39:42] Train Epoch: 15 [4800/20000 (24.0%)]	Loss: 0.22158411145210266
[2023-05-03 00:39:42] Train Epoch: 15 [5600/20000 (28.0%)]	Loss: 0.15080712735652924
[2023-05-03 00:39:42] Train Epoch: 15 [6400/20000 (32.0%)]	Loss: 0.27543288469314575
[2023-05-03 00:39:42] Train Epoch: 15 [7200/20000 (36.0%)]	Loss: 0.333570659160614
[2023-05-03 00:39:43] Train Epoch: 15 [8000/20000 (40.0%)]	Loss: 0.5483049750328064
[2023-05-03 00:39:43] Train Epoch: 15 [8800/20000 (44.0%)]	Loss: 0.24458426237106323
[2023-05-03 00:39:43] Train Epoch: 15 [9600/20000 (48.0%)]	Loss: 0.27002641558647156
[2023-05-03 00:39:43] Train Epoch: 15 [10400/20000 (52.0%)]	Loss: 0.08197826147079468
[2023-05-03 00:39:43] Train Epoch: 15 [11200/20000 (56.0%)]	Loss: 0.3385066092014313
[2023-05-03 00:39:44] Train Epoch: 15 [12000/20000 (60.0%)]	Loss: 0.4165135324001312
[2023-05-03 00:39:44] Train Epoch: 15 [12800/20000 (64.0%)]	Loss: 0.3633299767971039
[2023-05-03 00:39:44] Train Epoch: 15 [13600/20000 (68.0%)]	Loss: 0.20022836327552795
[2023-05-03 00:39:44] Train Epoch: 15 [14400/20000 (72.0%)]	Loss: 0.5221289396286011
[2023-05-03 00:39:44] Train Epoch: 15 [15200/20000 (76.0%)]	Loss: 0.1878720074892044
[2023-05-03 00:39:45] Train Epoch: 15 [16000/20000 (80.0%)]	Loss: 0.2515413761138916
[2023-05-03 00:39:45] Train Epoch: 15 [16800/20000 (84.0%)]	Loss: 0.26307734847068787
[2023-05-03 00:39:45] Train Epoch: 15 [17600/20000 (88.0%)]	Loss: 0.37788140773773193
[2023-05-03 00:39:45] Train Epoch: 15 [18400/20000 (92.0%)]	Loss: 0.33563265204429626
[2023-05-03 00:39:45] Train Epoch: 15 [19200/20000 (96.0%)]	Loss: 0.14610162377357483
[2023-05-03 00:39:50] ========== Metrics ==========
[2023-05-03 00:39:50] {
  "tr_loss": 0.26444774029469276,
  "tr_acc": 0.8933393339333934,
  "tr_f1": 0.8924628182505672,
  "val_loss": 0.42674502421704547,
  "val_acc": 0.8072481790726594,
  "val_f1": 0.8088105726872247,
  "test_loss": 0.437091258160144,
  "test_acc": 0.8265582655826558,
  "test_f1": 0.825136612021858
}
[2023-05-03 00:39:50] ========== Metrics ==========
[2023-05-03 00:39:51] Train Epoch: 16 [0/20000 (0.0%)]	Loss: 0.14030463993549347
[2023-05-03 00:39:51] Train Epoch: 16 [800/20000 (4.0%)]	Loss: 0.12327390164136887
[2023-05-03 00:39:51] Train Epoch: 16 [1600/20000 (8.0%)]	Loss: 0.213250532746315
[2023-05-03 00:39:51] Train Epoch: 16 [2400/20000 (12.0%)]	Loss: 0.26480355858802795
[2023-05-03 00:39:52] Train Epoch: 16 [3200/20000 (16.0%)]	Loss: 0.3297373056411743
[2023-05-03 00:39:52] Train Epoch: 16 [4000/20000 (20.0%)]	Loss: 0.11146681010723114
[2023-05-03 00:39:52] Train Epoch: 16 [4800/20000 (24.0%)]	Loss: 0.27052372694015503
[2023-05-03 00:39:52] Train Epoch: 16 [5600/20000 (28.0%)]	Loss: 0.28614428639411926
[2023-05-03 00:39:52] Train Epoch: 16 [6400/20000 (32.0%)]	Loss: 0.4033846855163574
[2023-05-03 00:39:52] Train Epoch: 16 [7200/20000 (36.0%)]	Loss: 0.3500805199146271
[2023-05-03 00:39:53] Train Epoch: 16 [8000/20000 (40.0%)]	Loss: 0.18315500020980835
[2023-05-03 00:39:53] Train Epoch: 16 [8800/20000 (44.0%)]	Loss: 0.15871553122997284
[2023-05-03 00:39:53] Train Epoch: 16 [9600/20000 (48.0%)]	Loss: 0.14334706962108612
[2023-05-03 00:39:53] Train Epoch: 16 [10400/20000 (52.0%)]	Loss: 0.14739194512367249
[2023-05-03 00:39:53] Train Epoch: 16 [11200/20000 (56.0%)]	Loss: 0.37977105379104614
[2023-05-03 00:39:54] Train Epoch: 16 [12000/20000 (60.0%)]	Loss: 0.29242345690727234
[2023-05-03 00:39:54] Train Epoch: 16 [12800/20000 (64.0%)]	Loss: 0.2223879098892212
[2023-05-03 00:39:54] Train Epoch: 16 [13600/20000 (68.0%)]	Loss: 0.4208099842071533
[2023-05-03 00:39:54] Train Epoch: 16 [14400/20000 (72.0%)]	Loss: 0.6134629845619202
[2023-05-03 00:39:54] Train Epoch: 16 [15200/20000 (76.0%)]	Loss: 0.10389126092195511
[2023-05-03 00:39:54] Train Epoch: 16 [16000/20000 (80.0%)]	Loss: 0.25206464529037476
[2023-05-03 00:39:55] Train Epoch: 16 [16800/20000 (84.0%)]	Loss: 0.2659718096256256
[2023-05-03 00:39:55] Train Epoch: 16 [17600/20000 (88.0%)]	Loss: 0.1627139449119568
[2023-05-03 00:39:55] Train Epoch: 16 [18400/20000 (92.0%)]	Loss: 0.11739455163478851
[2023-05-03 00:39:55] Train Epoch: 16 [19200/20000 (96.0%)]	Loss: 0.2626018226146698
[2023-05-03 00:40:00] ========== Metrics ==========
[2023-05-03 00:40:00] {
  "tr_loss": 0.2663003040624983,
  "tr_acc": 0.8923892389238924,
  "tr_f1": 0.8910159019548263,
  "val_loss": 0.4267816403382708,
  "val_acc": 0.8074258305205188,
  "val_f1": 0.8090204369274138,
  "test_loss": 0.4085269200446483,
  "test_acc": 0.8265582655826558,
  "test_f1": 0.825136612021858
}
[2023-05-03 00:40:00] ========== Metrics ==========
[2023-05-03 00:40:01] Train Epoch: 17 [0/20000 (0.0%)]	Loss: 0.4166002571582794
[2023-05-03 00:40:01] Train Epoch: 17 [800/20000 (4.0%)]	Loss: 0.13620781898498535
[2023-05-03 00:40:01] Train Epoch: 17 [1600/20000 (8.0%)]	Loss: 0.17335869371891022
[2023-05-03 00:40:01] Train Epoch: 17 [2400/20000 (12.0%)]	Loss: 0.15858685970306396
[2023-05-03 00:40:02] Train Epoch: 17 [3200/20000 (16.0%)]	Loss: 0.20487478375434875
[2023-05-03 00:40:02] Train Epoch: 17 [4000/20000 (20.0%)]	Loss: 0.3589590787887573
[2023-05-03 00:40:02] Train Epoch: 17 [4800/20000 (24.0%)]	Loss: 0.410447895526886
[2023-05-03 00:40:02] Train Epoch: 17 [5600/20000 (28.0%)]	Loss: 0.32575711607933044
[2023-05-03 00:40:02] Train Epoch: 17 [6400/20000 (32.0%)]	Loss: 0.28479433059692383
[2023-05-03 00:40:02] Train Epoch: 17 [7200/20000 (36.0%)]	Loss: 0.12531112134456635
[2023-05-03 00:40:03] Train Epoch: 17 [8000/20000 (40.0%)]	Loss: 0.23189091682434082
[2023-05-03 00:40:03] Train Epoch: 17 [8800/20000 (44.0%)]	Loss: 0.21381834149360657
[2023-05-03 00:40:03] Train Epoch: 17 [9600/20000 (48.0%)]	Loss: 0.2767663300037384
[2023-05-03 00:40:03] Train Epoch: 17 [10400/20000 (52.0%)]	Loss: 0.24227705597877502
[2023-05-03 00:40:03] Train Epoch: 17 [11200/20000 (56.0%)]	Loss: 0.18944431841373444
[2023-05-03 00:40:04] Train Epoch: 17 [12000/20000 (60.0%)]	Loss: 0.3520660102367401
[2023-05-03 00:40:04] Train Epoch: 17 [12800/20000 (64.0%)]	Loss: 0.36081984639167786
[2023-05-03 00:40:04] Train Epoch: 17 [13600/20000 (68.0%)]	Loss: 0.328919917345047
[2023-05-03 00:40:04] Train Epoch: 17 [14400/20000 (72.0%)]	Loss: 0.15119360387325287
[2023-05-03 00:40:04] Train Epoch: 17 [15200/20000 (76.0%)]	Loss: 0.18955282866954803
[2023-05-03 00:40:05] Train Epoch: 17 [16000/20000 (80.0%)]	Loss: 0.4433293640613556
[2023-05-03 00:40:05] Train Epoch: 17 [16800/20000 (84.0%)]	Loss: 0.2653212547302246
[2023-05-03 00:40:05] Train Epoch: 17 [17600/20000 (88.0%)]	Loss: 0.39851677417755127
[2023-05-03 00:40:05] Train Epoch: 17 [18400/20000 (92.0%)]	Loss: 0.2955932319164276
[2023-05-03 00:40:05] Train Epoch: 17 [19200/20000 (96.0%)]	Loss: 0.2931276857852936
[2023-05-03 00:40:10] ========== Metrics ==========
[2023-05-03 00:40:10] {
  "tr_loss": 0.2642018161650741,
  "tr_acc": 0.8912891289128912,
  "tr_f1": 0.8899797570850203,
  "val_loss": 0.426843247207788,
  "val_acc": 0.8074258305205188,
  "val_f1": 0.8090204369274138,
  "test_loss": 0.41287212320136507,
  "test_acc": 0.8265582655826558,
  "test_f1": 0.825136612021858
}
[2023-05-03 00:40:10] ========== Metrics ==========
[2023-05-03 00:40:11] Train Epoch: 18 [0/20000 (0.0%)]	Loss: 0.22271868586540222
[2023-05-03 00:40:11] Train Epoch: 18 [800/20000 (4.0%)]	Loss: 0.26760900020599365
[2023-05-03 00:40:11] Train Epoch: 18 [1600/20000 (8.0%)]	Loss: 0.4569803476333618
[2023-05-03 00:40:11] Train Epoch: 18 [2400/20000 (12.0%)]	Loss: 0.39210787415504456
[2023-05-03 00:40:12] Train Epoch: 18 [3200/20000 (16.0%)]	Loss: 0.143795907497406
[2023-05-03 00:40:12] Train Epoch: 18 [4000/20000 (20.0%)]	Loss: 0.1577349305152893
[2023-05-03 00:40:12] Train Epoch: 18 [4800/20000 (24.0%)]	Loss: 0.24814558029174805
[2023-05-03 00:40:12] Train Epoch: 18 [5600/20000 (28.0%)]	Loss: 0.26411521434783936
[2023-05-03 00:40:12] Train Epoch: 18 [6400/20000 (32.0%)]	Loss: 0.313014954328537
[2023-05-03 00:40:12] Train Epoch: 18 [7200/20000 (36.0%)]	Loss: 0.3620515763759613
[2023-05-03 00:40:13] Train Epoch: 18 [8000/20000 (40.0%)]	Loss: 0.17828769981861115
[2023-05-03 00:40:13] Train Epoch: 18 [8800/20000 (44.0%)]	Loss: 0.40739959478378296
[2023-05-03 00:40:13] Train Epoch: 18 [9600/20000 (48.0%)]	Loss: 0.3683404326438904
[2023-05-03 00:40:13] Train Epoch: 18 [10400/20000 (52.0%)]	Loss: 0.2915319800376892
[2023-05-03 00:40:13] Train Epoch: 18 [11200/20000 (56.0%)]	Loss: 0.24039466679096222
[2023-05-03 00:40:14] Train Epoch: 18 [12000/20000 (60.0%)]	Loss: 0.518025815486908
[2023-05-03 00:40:14] Train Epoch: 18 [12800/20000 (64.0%)]	Loss: 0.1656690090894699
[2023-05-03 00:40:14] Train Epoch: 18 [13600/20000 (68.0%)]	Loss: 0.15275435149669647
[2023-05-03 00:40:14] Train Epoch: 18 [14400/20000 (72.0%)]	Loss: 0.3772943317890167
[2023-05-03 00:40:14] Train Epoch: 18 [15200/20000 (76.0%)]	Loss: 0.36823564767837524
[2023-05-03 00:40:15] Train Epoch: 18 [16000/20000 (80.0%)]	Loss: 0.37798139452934265
[2023-05-03 00:40:15] Train Epoch: 18 [16800/20000 (84.0%)]	Loss: 0.1473410278558731
[2023-05-03 00:40:15] Train Epoch: 18 [17600/20000 (88.0%)]	Loss: 0.19176870584487915
[2023-05-03 00:40:15] Train Epoch: 18 [18400/20000 (92.0%)]	Loss: 0.37697169184684753
[2023-05-03 00:40:15] Train Epoch: 18 [19200/20000 (96.0%)]	Loss: 0.22172148525714874
[2023-05-03 00:40:20] ========== Metrics ==========
[2023-05-03 00:40:20] {
  "tr_loss": 0.26610209517376887,
  "tr_acc": 0.8907890789078908,
  "tr_f1": 0.8897860314897054,
  "val_loss": 0.4267576383769269,
  "val_acc": 0.8074258305205188,
  "val_f1": 0.8090204369274138,
  "test_loss": 0.4107076133169779,
  "test_acc": 0.8265582655826558,
  "test_f1": 0.825136612021858
}
[2023-05-03 00:40:20] ========== Metrics ==========
[2023-05-03 00:40:21] Train Epoch: 19 [0/20000 (0.0%)]	Loss: 0.16364137828350067
[2023-05-03 00:40:21] Train Epoch: 19 [800/20000 (4.0%)]	Loss: 0.1634662002325058
[2023-05-03 00:40:21] Train Epoch: 19 [1600/20000 (8.0%)]	Loss: 0.36027830839157104
[2023-05-03 00:40:22] Train Epoch: 19 [2400/20000 (12.0%)]	Loss: 0.18146023154258728
[2023-05-03 00:40:22] Train Epoch: 19 [3200/20000 (16.0%)]	Loss: 0.045533791184425354
[2023-05-03 00:40:22] Train Epoch: 19 [4000/20000 (20.0%)]	Loss: 0.15371514856815338
[2023-05-03 00:40:22] Train Epoch: 19 [4800/20000 (24.0%)]	Loss: 0.23864658176898956
[2023-05-03 00:40:22] Train Epoch: 19 [5600/20000 (28.0%)]	Loss: 0.32295697927474976
[2023-05-03 00:40:22] Train Epoch: 19 [6400/20000 (32.0%)]	Loss: 0.22023017704486847
[2023-05-03 00:40:23] Train Epoch: 19 [7200/20000 (36.0%)]	Loss: 0.20405016839504242
[2023-05-03 00:40:23] Train Epoch: 19 [8000/20000 (40.0%)]	Loss: 0.15463362634181976
[2023-05-03 00:40:23] Train Epoch: 19 [8800/20000 (44.0%)]	Loss: 0.536746621131897
[2023-05-03 00:40:23] Train Epoch: 19 [9600/20000 (48.0%)]	Loss: 0.17337438464164734
[2023-05-03 00:40:23] Train Epoch: 19 [10400/20000 (52.0%)]	Loss: 0.3893626928329468
[2023-05-03 00:40:24] Train Epoch: 19 [11200/20000 (56.0%)]	Loss: 0.22397427260875702
[2023-05-03 00:40:24] Train Epoch: 19 [12000/20000 (60.0%)]	Loss: 0.3334228992462158
[2023-05-03 00:40:24] Train Epoch: 19 [12800/20000 (64.0%)]	Loss: 0.1720733940601349
[2023-05-03 00:40:24] Train Epoch: 19 [13600/20000 (68.0%)]	Loss: 0.3556358516216278
[2023-05-03 00:40:24] Train Epoch: 19 [14400/20000 (72.0%)]	Loss: 0.2560986280441284
[2023-05-03 00:40:25] Train Epoch: 19 [15200/20000 (76.0%)]	Loss: 0.13021476566791534
[2023-05-03 00:40:25] Train Epoch: 19 [16000/20000 (80.0%)]	Loss: 0.26301145553588867
[2023-05-03 00:40:25] Train Epoch: 19 [16800/20000 (84.0%)]	Loss: 0.14772063493728638
[2023-05-03 00:40:25] Train Epoch: 19 [17600/20000 (88.0%)]	Loss: 0.14895039796829224
[2023-05-03 00:40:25] Train Epoch: 19 [18400/20000 (92.0%)]	Loss: 0.09293382614850998
[2023-05-03 00:40:25] Train Epoch: 19 [19200/20000 (96.0%)]	Loss: 0.3712547719478607
[2023-05-03 00:40:28] Stop At epoch 19/20 due to valid not increase
[2023-05-03 00:40:30] ========== Metrics ==========
[2023-05-03 00:40:30] {
  "tr_loss": 0.27012531567375736,
  "tr_acc": 0.888938893889389,
  "tr_f1": 0.8876182765774427,
  "val_loss": 0.4268401868602992,
  "val_acc": 0.8074258305205188,
  "val_f1": 0.8090204369274138,
  "test_loss": 0.40898812107923554,
  "test_acc": 0.8265582655826558,
  "test_f1": 0.825136612021858
}
[2023-05-03 00:40:30] ========== Metrics ==========
