[2023-05-02 18:26:00] Train Epoch: 1 [0/20000 (0.0%)]	Loss: 0.962126612663269
[2023-05-02 18:26:01] Train Epoch: 1 [800/20000 (4.0%)]	Loss: 0.7343205213546753
[2023-05-02 18:26:01] Train Epoch: 1 [1600/20000 (8.0%)]	Loss: 0.7001039981842041
[2023-05-02 18:26:01] Train Epoch: 1 [2400/20000 (12.0%)]	Loss: 0.7221115827560425
[2023-05-02 18:26:01] Train Epoch: 1 [3200/20000 (16.0%)]	Loss: 0.6748267412185669
[2023-05-02 18:26:03] Train Epoch: 1 [4000/20000 (20.0%)]	Loss: 0.6585273742675781
[2023-05-02 18:26:04] Train Epoch: 1 [4800/20000 (24.0%)]	Loss: 0.6308174133300781
[2023-05-02 18:26:04] Train Epoch: 1 [5600/20000 (28.0%)]	Loss: 0.7226067781448364
[2023-05-02 18:26:04] Train Epoch: 1 [6400/20000 (32.0%)]	Loss: 0.6434568166732788
[2023-05-02 18:26:04] Train Epoch: 1 [7200/20000 (36.0%)]	Loss: 0.6328309178352356
[2023-05-02 18:26:05] Train Epoch: 1 [8000/20000 (40.0%)]	Loss: 0.6467360258102417
[2023-05-02 18:26:05] Train Epoch: 1 [8800/20000 (44.0%)]	Loss: 0.6645789742469788
[2023-05-02 18:26:05] Train Epoch: 1 [9600/20000 (48.0%)]	Loss: 0.7180856466293335
[2023-05-02 18:26:05] Train Epoch: 1 [10400/20000 (52.0%)]	Loss: 0.7663307785987854
[2023-05-02 18:26:07] Train Epoch: 1 [11200/20000 (56.0%)]	Loss: 0.6874036192893982
[2023-05-02 18:26:08] Train Epoch: 1 [12000/20000 (60.0%)]	Loss: 0.7206918001174927
[2023-05-02 18:26:08] Train Epoch: 1 [12800/20000 (64.0%)]	Loss: 0.6684796214103699
[2023-05-02 18:26:08] Train Epoch: 1 [13600/20000 (68.0%)]	Loss: 0.676183819770813
[2023-05-02 18:26:09] Train Epoch: 1 [14400/20000 (72.0%)]	Loss: 0.6249854564666748
[2023-05-02 18:26:09] Train Epoch: 1 [15200/20000 (76.0%)]	Loss: 0.6357222199440002
[2023-05-02 18:26:09] Train Epoch: 1 [16000/20000 (80.0%)]	Loss: 0.6055934429168701
[2023-05-02 18:26:10] Train Epoch: 1 [16800/20000 (84.0%)]	Loss: 0.633272111415863
[2023-05-02 18:26:10] Train Epoch: 1 [17600/20000 (88.0%)]	Loss: 0.5751797556877136
[2023-05-02 18:26:11] Train Epoch: 1 [18400/20000 (92.0%)]	Loss: 0.6880432963371277
[2023-05-02 18:26:12] Train Epoch: 1 [19200/20000 (96.0%)]	Loss: 0.5140689611434937
[2023-05-02 18:26:16] ========== Metrics ==========
[2023-05-02 18:26:16] {
  "tr_loss": 0.6722343371908526,
  "tr_acc": 0.5774577457745774,
  "tr_f1": 0.5901241753977493,
  "val_loss": 0.6177324212705037,
  "val_acc": 0.7066974595842956,
  "val_f1": 0.7570987200235398,
  "test_loss": 0.6304381481677213,
  "test_acc": 0.7344173441734417,
  "test_f1": 0.7772727272727272
}
[2023-05-02 18:26:16] ========== Metrics ==========
[2023-05-02 18:26:17] Train Epoch: 2 [0/20000 (0.0%)]	Loss: 0.5566811561584473
[2023-05-02 18:26:19] Train Epoch: 2 [800/20000 (4.0%)]	Loss: 0.5089979767799377
[2023-05-02 18:26:19] Train Epoch: 2 [1600/20000 (8.0%)]	Loss: 0.6338782906532288
[2023-05-02 18:26:19] Train Epoch: 2 [2400/20000 (12.0%)]	Loss: 0.4658135175704956
[2023-05-02 18:26:20] Train Epoch: 2 [3200/20000 (16.0%)]	Loss: 0.5485334396362305
[2023-05-02 18:26:20] Train Epoch: 2 [4000/20000 (20.0%)]	Loss: 0.47551169991493225
[2023-05-02 18:26:20] Train Epoch: 2 [4800/20000 (24.0%)]	Loss: 0.6635261178016663
[2023-05-02 18:26:21] Train Epoch: 2 [5600/20000 (28.0%)]	Loss: 0.6119988560676575
[2023-05-02 18:26:21] Train Epoch: 2 [6400/20000 (32.0%)]	Loss: 0.5955250263214111
[2023-05-02 18:26:21] Train Epoch: 2 [7200/20000 (36.0%)]	Loss: 0.5611860156059265
[2023-05-02 18:26:22] Train Epoch: 2 [8000/20000 (40.0%)]	Loss: 0.4810314178466797
[2023-05-02 18:26:22] Train Epoch: 2 [8800/20000 (44.0%)]	Loss: 0.5252952575683594
[2023-05-02 18:26:24] Train Epoch: 2 [9600/20000 (48.0%)]	Loss: 0.5933645963668823
[2023-05-02 18:26:24] Train Epoch: 2 [10400/20000 (52.0%)]	Loss: 0.6424850225448608
[2023-05-02 18:26:24] Train Epoch: 2 [11200/20000 (56.0%)]	Loss: 0.4353345036506653
[2023-05-02 18:26:25] Train Epoch: 2 [12000/20000 (60.0%)]	Loss: 0.6607728004455566
[2023-05-02 18:26:25] Train Epoch: 2 [12800/20000 (64.0%)]	Loss: 0.4373326599597931
[2023-05-02 18:26:25] Train Epoch: 2 [13600/20000 (68.0%)]	Loss: 0.627596914768219
[2023-05-02 18:26:25] Train Epoch: 2 [14400/20000 (72.0%)]	Loss: 0.35456132888793945
[2023-05-02 18:26:26] Train Epoch: 2 [15200/20000 (76.0%)]	Loss: 0.602519154548645
[2023-05-02 18:26:26] Train Epoch: 2 [16000/20000 (80.0%)]	Loss: 0.3232896029949188
[2023-05-02 18:26:26] Train Epoch: 2 [16800/20000 (84.0%)]	Loss: 0.6842173337936401
[2023-05-02 18:26:28] Train Epoch: 2 [17600/20000 (88.0%)]	Loss: 0.3993416428565979
[2023-05-02 18:26:28] Train Epoch: 2 [18400/20000 (92.0%)]	Loss: 0.7764473557472229
[2023-05-02 18:26:28] Train Epoch: 2 [19200/20000 (96.0%)]	Loss: 0.5747705698013306
[2023-05-02 18:26:33] ========== Metrics ==========
[2023-05-02 18:26:33] {
  "tr_loss": 0.5214634820310721,
  "tr_acc": 0.7584758475847585,
  "tr_f1": 0.7592703349282297,
  "val_loss": 0.4902991065972227,
  "val_acc": 0.7949902291703678,
  "val_f1": 0.7993741307371349,
  "test_loss": 0.49174029264992813,
  "test_acc": 0.8021680216802168,
  "test_f1": 0.7988980716253443
}
[2023-05-02 18:26:33] ========== Metrics ==========
[2023-05-02 18:26:34] Train Epoch: 3 [0/20000 (0.0%)]	Loss: 0.32852765917778015
[2023-05-02 18:26:35] Train Epoch: 3 [800/20000 (4.0%)]	Loss: 0.29408034682273865
[2023-05-02 18:26:35] Train Epoch: 3 [1600/20000 (8.0%)]	Loss: 0.4328722357749939
[2023-05-02 18:26:36] Train Epoch: 3 [2400/20000 (12.0%)]	Loss: 0.3190600275993347
[2023-05-02 18:26:37] Train Epoch: 3 [3200/20000 (16.0%)]	Loss: 0.4684886634349823
[2023-05-02 18:26:37] Train Epoch: 3 [4000/20000 (20.0%)]	Loss: 0.30832627415657043
[2023-05-02 18:26:37] Train Epoch: 3 [4800/20000 (24.0%)]	Loss: 0.4224470257759094
[2023-05-02 18:26:37] Train Epoch: 3 [5600/20000 (28.0%)]	Loss: 0.2725786566734314
[2023-05-02 18:26:38] Train Epoch: 3 [6400/20000 (32.0%)]	Loss: 0.47698280215263367
[2023-05-02 18:26:38] Train Epoch: 3 [7200/20000 (36.0%)]	Loss: 0.3314794600009918
[2023-05-02 18:26:39] Train Epoch: 3 [8000/20000 (40.0%)]	Loss: 0.17359565198421478
[2023-05-02 18:26:40] Train Epoch: 3 [8800/20000 (44.0%)]	Loss: 0.29237186908721924
[2023-05-02 18:26:40] Train Epoch: 3 [9600/20000 (48.0%)]	Loss: 0.38343995809555054
[2023-05-02 18:26:41] Train Epoch: 3 [10400/20000 (52.0%)]	Loss: 0.4246996343135834
[2023-05-02 18:26:41] Train Epoch: 3 [11200/20000 (56.0%)]	Loss: 0.4145859479904175
[2023-05-02 18:26:41] Train Epoch: 3 [12000/20000 (60.0%)]	Loss: 0.2071511298418045
[2023-05-02 18:26:41] Train Epoch: 3 [12800/20000 (64.0%)]	Loss: 0.22285792231559753
[2023-05-02 18:26:42] Train Epoch: 3 [13600/20000 (68.0%)]	Loss: 0.34235936403274536
[2023-05-02 18:26:42] Train Epoch: 3 [14400/20000 (72.0%)]	Loss: 0.2657087445259094
[2023-05-02 18:26:42] Train Epoch: 3 [15200/20000 (76.0%)]	Loss: 0.3684852421283722
[2023-05-02 18:26:45] Train Epoch: 3 [16000/20000 (80.0%)]	Loss: 0.5981877446174622
[2023-05-02 18:26:45] Train Epoch: 3 [16800/20000 (84.0%)]	Loss: 0.47304579615592957
[2023-05-02 18:26:45] Train Epoch: 3 [17600/20000 (88.0%)]	Loss: 0.3264985680580139
[2023-05-02 18:26:46] Train Epoch: 3 [18400/20000 (92.0%)]	Loss: 0.48128291964530945
[2023-05-02 18:26:46] Train Epoch: 3 [19200/20000 (96.0%)]	Loss: 0.427498459815979
[2023-05-02 18:26:51] ========== Metrics ==========
[2023-05-02 18:26:51] {
  "tr_loss": 0.36478290356735144,
  "tr_acc": 0.8530853085308531,
  "tr_f1": 0.8520048357848077,
  "val_loss": 0.43763368378356454,
  "val_acc": 0.8068928761769408,
  "val_f1": 0.8032579185520361,
  "test_loss": 0.42390785501578315,
  "test_acc": 0.8157181571815718,
  "test_f1": 0.8068181818181818
}
[2023-05-02 18:26:51] ========== Metrics ==========
[2023-05-02 18:26:53] Train Epoch: 4 [0/20000 (0.0%)]	Loss: 0.1843559443950653
[2023-05-02 18:26:53] Train Epoch: 4 [800/20000 (4.0%)]	Loss: 0.2056134194135666
[2023-05-02 18:26:53] Train Epoch: 4 [1600/20000 (8.0%)]	Loss: 0.15153704583644867
[2023-05-02 18:26:53] Train Epoch: 4 [2400/20000 (12.0%)]	Loss: 0.30096372961997986
[2023-05-02 18:26:54] Train Epoch: 4 [3200/20000 (16.0%)]	Loss: 0.32364922761917114
[2023-05-02 18:26:56] Train Epoch: 4 [4000/20000 (20.0%)]	Loss: 0.20800352096557617
[2023-05-02 18:26:57] Train Epoch: 4 [4800/20000 (24.0%)]	Loss: 0.237313911318779
[2023-05-02 18:26:57] Train Epoch: 4 [5600/20000 (28.0%)]	Loss: 0.14465782046318054
[2023-05-02 18:26:57] Train Epoch: 4 [6400/20000 (32.0%)]	Loss: 0.2854706346988678
[2023-05-02 18:26:57] Train Epoch: 4 [7200/20000 (36.0%)]	Loss: 0.1831274777650833
[2023-05-02 18:26:58] Train Epoch: 4 [8000/20000 (40.0%)]	Loss: 0.22063396871089935
[2023-05-02 18:26:58] Train Epoch: 4 [8800/20000 (44.0%)]	Loss: 0.13218703866004944
[2023-05-02 18:27:00] Train Epoch: 4 [9600/20000 (48.0%)]	Loss: 0.12197356671094894
[2023-05-02 18:27:00] Train Epoch: 4 [10400/20000 (52.0%)]	Loss: 0.3247417211532593
[2023-05-02 18:27:01] Train Epoch: 4 [11200/20000 (56.0%)]	Loss: 0.19387705624103546
[2023-05-02 18:27:01] Train Epoch: 4 [12000/20000 (60.0%)]	Loss: 0.10086186975240707
[2023-05-02 18:27:01] Train Epoch: 4 [12800/20000 (64.0%)]	Loss: 0.27830541133880615
[2023-05-02 18:27:01] Train Epoch: 4 [13600/20000 (68.0%)]	Loss: 0.20509886741638184
[2023-05-02 18:27:02] Train Epoch: 4 [14400/20000 (72.0%)]	Loss: 0.23897136747837067
[2023-05-02 18:27:02] Train Epoch: 4 [15200/20000 (76.0%)]	Loss: 0.3623816668987274
[2023-05-02 18:27:03] Train Epoch: 4 [16000/20000 (80.0%)]	Loss: 0.3081326484680176
[2023-05-02 18:27:04] Train Epoch: 4 [16800/20000 (84.0%)]	Loss: 0.26846843957901
[2023-05-02 18:27:04] Train Epoch: 4 [17600/20000 (88.0%)]	Loss: 0.13706739246845245
[2023-05-02 18:27:05] Train Epoch: 4 [18400/20000 (92.0%)]	Loss: 0.17188547551631927
[2023-05-02 18:27:05] Train Epoch: 4 [19200/20000 (96.0%)]	Loss: 0.3941185176372528
[2023-05-02 18:27:12] ========== Metrics ==========
[2023-05-02 18:27:12] {
  "tr_loss": 0.2583524108779515,
  "tr_acc": 0.9037403740374037,
  "tr_f1": 0.90317388461345,
  "val_loss": 0.42133154443831317,
  "val_acc": 0.8109788594777048,
  "val_f1": 0.812807881773399,
  "test_loss": 0.3806567755818044,
  "test_acc": 0.8211382113821138,
  "test_f1": 0.8176795580110499
}
[2023-05-02 18:27:12] ========== Metrics ==========
[2023-05-02 18:27:14] Train Epoch: 5 [0/20000 (0.0%)]	Loss: 0.20193791389465332
[2023-05-02 18:27:14] Train Epoch: 5 [800/20000 (4.0%)]	Loss: 0.13960112631320953
[2023-05-02 18:27:17] Train Epoch: 5 [1600/20000 (8.0%)]	Loss: 0.1681467592716217
[2023-05-02 18:27:17] Train Epoch: 5 [2400/20000 (12.0%)]	Loss: 0.1347988098859787
[2023-05-02 18:27:18] Train Epoch: 5 [3200/20000 (16.0%)]	Loss: 0.17098969221115112
[2023-05-02 18:27:18] Train Epoch: 5 [4000/20000 (20.0%)]	Loss: 0.07621750980615616
[2023-05-02 18:27:18] Train Epoch: 5 [4800/20000 (24.0%)]	Loss: 0.13243307173252106
[2023-05-02 18:27:18] Train Epoch: 5 [5600/20000 (28.0%)]	Loss: 0.21395574510097504
[2023-05-02 18:27:21] Train Epoch: 5 [6400/20000 (32.0%)]	Loss: 0.18152908980846405
[2023-05-02 18:27:22] Train Epoch: 5 [7200/20000 (36.0%)]	Loss: 0.12924277782440186
[2023-05-02 18:27:22] Train Epoch: 5 [8000/20000 (40.0%)]	Loss: 0.17724040150642395
[2023-05-02 18:27:22] Train Epoch: 5 [8800/20000 (44.0%)]	Loss: 0.2208828330039978
[2023-05-02 18:27:23] Train Epoch: 5 [9600/20000 (48.0%)]	Loss: 0.2644605338573456
[2023-05-02 18:27:23] Train Epoch: 5 [10400/20000 (52.0%)]	Loss: 0.14141537249088287
[2023-05-02 18:27:26] Train Epoch: 5 [11200/20000 (56.0%)]	Loss: 0.23358966410160065
[2023-05-02 18:27:26] Train Epoch: 5 [12000/20000 (60.0%)]	Loss: 0.20641571283340454
[2023-05-02 18:27:26] Train Epoch: 5 [12800/20000 (64.0%)]	Loss: 0.1358339786529541
[2023-05-02 18:27:27] Train Epoch: 5 [13600/20000 (68.0%)]	Loss: 0.14958219230175018
[2023-05-02 18:27:27] Train Epoch: 5 [14400/20000 (72.0%)]	Loss: 0.12944650650024414
[2023-05-02 18:27:27] Train Epoch: 5 [15200/20000 (76.0%)]	Loss: 0.18580405414104462
[2023-05-02 18:27:28] Train Epoch: 5 [16000/20000 (80.0%)]	Loss: 0.28914201259613037
[2023-05-02 18:27:31] Train Epoch: 5 [16800/20000 (84.0%)]	Loss: 0.1783164143562317
[2023-05-02 18:27:31] Train Epoch: 5 [17600/20000 (88.0%)]	Loss: 0.34716561436653137
[2023-05-02 18:27:32] Train Epoch: 5 [18400/20000 (92.0%)]	Loss: 0.13408304750919342
[2023-05-02 18:27:34] Train Epoch: 5 [19200/20000 (96.0%)]	Loss: 0.12444407492876053
[2023-05-02 18:27:40] ========== Metrics ==========
[2023-05-02 18:27:40] {
  "tr_loss": 0.19012180677126952,
  "tr_acc": 0.9300930093009301,
  "tr_f1": 0.9297840281265695,
  "val_loss": 0.418301914551051,
  "val_acc": 0.8113341623734234,
  "val_f1": 0.8163265306122449,
  "test_loss": 0.37239029737022833,
  "test_acc": 0.8292682926829268,
  "test_f1": 0.8273972602739725
}
[2023-05-02 18:27:40] ========== Metrics ==========
[2023-05-02 18:27:42] Train Epoch: 6 [0/20000 (0.0%)]	Loss: 0.15424098074436188
[2023-05-02 18:27:43] Train Epoch: 6 [800/20000 (4.0%)]	Loss: 0.18847297132015228
[2023-05-02 18:27:43] Train Epoch: 6 [1600/20000 (8.0%)]	Loss: 0.2878924310207367
[2023-05-02 18:27:43] Train Epoch: 6 [2400/20000 (12.0%)]	Loss: 0.24329176545143127
[2023-05-02 18:27:44] Train Epoch: 6 [3200/20000 (16.0%)]	Loss: 0.22506237030029297
[2023-05-02 18:27:44] Train Epoch: 6 [4000/20000 (20.0%)]	Loss: 0.25290581583976746
[2023-05-02 18:27:44] Train Epoch: 6 [4800/20000 (24.0%)]	Loss: 0.12802967429161072
[2023-05-02 18:27:46] Train Epoch: 6 [5600/20000 (28.0%)]	Loss: 0.09736078232526779
[2023-05-02 18:27:48] Train Epoch: 6 [6400/20000 (32.0%)]	Loss: 0.09001144766807556
[2023-05-02 18:27:48] Train Epoch: 6 [7200/20000 (36.0%)]	Loss: 0.09964259713888168
[2023-05-02 18:27:48] Train Epoch: 6 [8000/20000 (40.0%)]	Loss: 0.28311002254486084
[2023-05-02 18:27:48] Train Epoch: 6 [8800/20000 (44.0%)]	Loss: 0.21775539219379425
[2023-05-02 18:27:49] Train Epoch: 6 [9600/20000 (48.0%)]	Loss: 0.11940053105354309
[2023-05-02 18:27:49] Train Epoch: 6 [10400/20000 (52.0%)]	Loss: 0.172307550907135
[2023-05-02 18:27:49] Train Epoch: 6 [11200/20000 (56.0%)]	Loss: 0.08306334912776947
[2023-05-02 18:27:52] Train Epoch: 6 [12000/20000 (60.0%)]	Loss: 0.22487781941890717
[2023-05-02 18:27:53] Train Epoch: 6 [12800/20000 (64.0%)]	Loss: 0.32366862893104553
[2023-05-02 18:27:53] Train Epoch: 6 [13600/20000 (68.0%)]	Loss: 0.07674823701381683
[2023-05-02 18:27:53] Train Epoch: 6 [14400/20000 (72.0%)]	Loss: 0.2586553394794464
[2023-05-02 18:27:53] Train Epoch: 6 [15200/20000 (76.0%)]	Loss: 0.1113099604845047
[2023-05-02 18:27:54] Train Epoch: 6 [16000/20000 (80.0%)]	Loss: 0.16711659729480743
[2023-05-02 18:27:56] Train Epoch: 6 [16800/20000 (84.0%)]	Loss: 0.34716299176216125
[2023-05-02 18:27:56] Train Epoch: 6 [17600/20000 (88.0%)]	Loss: 0.15729695558547974
[2023-05-02 18:27:57] Train Epoch: 6 [18400/20000 (92.0%)]	Loss: 0.09913505613803864
[2023-05-02 18:27:57] Train Epoch: 6 [19200/20000 (96.0%)]	Loss: 0.1527833193540573
[2023-05-02 18:28:03] ========== Metrics ==========
[2023-05-02 18:28:03] {
  "tr_loss": 0.13750183264879431,
  "tr_acc": 0.9538453845384538,
  "tr_f1": 0.9537180965752394,
  "val_loss": 0.41400278476526015,
  "val_acc": 0.812933025404157,
  "val_f1": 0.8122660010697095,
  "test_loss": 0.36715350722071277,
  "test_acc": 0.8184281842818428,
  "test_f1": 0.8123249299719887
}
[2023-05-02 18:28:03] ========== Metrics ==========
[2023-05-02 18:28:04] Train Epoch: 7 [0/20000 (0.0%)]	Loss: 0.12756267189979553
[2023-05-02 18:28:05] Train Epoch: 7 [800/20000 (4.0%)]	Loss: 0.03477536514401436
[2023-05-02 18:28:05] Train Epoch: 7 [1600/20000 (8.0%)]	Loss: 0.16102486848831177
[2023-05-02 18:28:05] Train Epoch: 7 [2400/20000 (12.0%)]	Loss: 0.21090702712535858
[2023-05-02 18:28:06] Train Epoch: 7 [3200/20000 (16.0%)]	Loss: 0.17641715705394745
[2023-05-02 18:28:06] Train Epoch: 7 [4000/20000 (20.0%)]	Loss: 0.1963130682706833
[2023-05-02 18:28:06] Train Epoch: 7 [4800/20000 (24.0%)]	Loss: 0.16803765296936035
[2023-05-02 18:28:06] Train Epoch: 7 [5600/20000 (28.0%)]	Loss: 0.049327585846185684
[2023-05-02 18:28:07] Train Epoch: 7 [6400/20000 (32.0%)]	Loss: 0.24593211710453033
[2023-05-02 18:28:07] Train Epoch: 7 [7200/20000 (36.0%)]	Loss: 0.09591145068407059
[2023-05-02 18:28:08] Train Epoch: 7 [8000/20000 (40.0%)]	Loss: 0.04017520695924759
[2023-05-02 18:28:09] Train Epoch: 7 [8800/20000 (44.0%)]	Loss: 0.12883329391479492
[2023-05-02 18:28:09] Train Epoch: 7 [9600/20000 (48.0%)]	Loss: 0.1237066462635994
[2023-05-02 18:28:10] Train Epoch: 7 [10400/20000 (52.0%)]	Loss: 0.25085410475730896
[2023-05-02 18:28:10] Train Epoch: 7 [11200/20000 (56.0%)]	Loss: 0.03594280034303665
[2023-05-02 18:28:10] Train Epoch: 7 [12000/20000 (60.0%)]	Loss: 0.1287241280078888
[2023-05-02 18:28:11] Train Epoch: 7 [12800/20000 (64.0%)]	Loss: 0.07241792976856232
[2023-05-02 18:28:11] Train Epoch: 7 [13600/20000 (68.0%)]	Loss: 0.0775785967707634
[2023-05-02 18:28:11] Train Epoch: 7 [14400/20000 (72.0%)]	Loss: 0.10130053758621216
[2023-05-02 18:28:11] Train Epoch: 7 [15200/20000 (76.0%)]	Loss: 0.05513310432434082
[2023-05-02 18:28:12] Train Epoch: 7 [16000/20000 (80.0%)]	Loss: 0.0289323627948761
[2023-05-02 18:28:12] Train Epoch: 7 [16800/20000 (84.0%)]	Loss: 0.07241464406251907
[2023-05-02 18:28:12] Train Epoch: 7 [17600/20000 (88.0%)]	Loss: 0.055087603628635406
[2023-05-02 18:28:14] Train Epoch: 7 [18400/20000 (92.0%)]	Loss: 0.17339597642421722
[2023-05-02 18:28:15] Train Epoch: 7 [19200/20000 (96.0%)]	Loss: 0.07283689826726913
[2023-05-02 18:28:19] ========== Metrics ==========
[2023-05-02 18:28:19] {
  "tr_loss": 0.13513135594545048,
  "tr_acc": 0.9561456145614562,
  "tr_f1": 0.955945144923896,
  "val_loss": 0.4145306897091387,
  "val_acc": 0.8134659797477349,
  "val_f1": 0.8140276301806588,
  "test_loss": 0.3736004609725663,
  "test_acc": 0.8238482384823849,
  "test_f1": 0.8199445983379501
}
[2023-05-02 18:28:19] ========== Metrics ==========
[2023-05-02 18:28:20] Train Epoch: 8 [0/20000 (0.0%)]	Loss: 0.030493292957544327
[2023-05-02 18:28:20] Train Epoch: 8 [800/20000 (4.0%)]	Loss: 0.1595456302165985
[2023-05-02 18:28:21] Train Epoch: 8 [1600/20000 (8.0%)]	Loss: 0.20183992385864258
[2023-05-02 18:28:22] Train Epoch: 8 [2400/20000 (12.0%)]	Loss: 0.1203964427113533
[2023-05-02 18:28:23] Train Epoch: 8 [3200/20000 (16.0%)]	Loss: 0.1895202100276947
[2023-05-02 18:28:23] Train Epoch: 8 [4000/20000 (20.0%)]	Loss: 0.02422153390944004
[2023-05-02 18:28:23] Train Epoch: 8 [4800/20000 (24.0%)]	Loss: 0.18220402300357819
[2023-05-02 18:28:24] Train Epoch: 8 [5600/20000 (28.0%)]	Loss: 0.23863887786865234
[2023-05-02 18:28:24] Train Epoch: 8 [6400/20000 (32.0%)]	Loss: 0.07276542484760284
[2023-05-02 18:28:24] Train Epoch: 8 [7200/20000 (36.0%)]	Loss: 0.17869849503040314
[2023-05-02 18:28:24] Train Epoch: 8 [8000/20000 (40.0%)]	Loss: 0.13193780183792114
[2023-05-02 18:28:25] Train Epoch: 8 [8800/20000 (44.0%)]	Loss: 0.07502884417772293
[2023-05-02 18:28:25] Train Epoch: 8 [9600/20000 (48.0%)]	Loss: 0.0693027526140213
[2023-05-02 18:28:26] Train Epoch: 8 [10400/20000 (52.0%)]	Loss: 0.12968683242797852
[2023-05-02 18:28:27] Train Epoch: 8 [11200/20000 (56.0%)]	Loss: 0.022165916860103607
[2023-05-02 18:28:28] Train Epoch: 8 [12000/20000 (60.0%)]	Loss: 0.19840766489505768
[2023-05-02 18:28:28] Train Epoch: 8 [12800/20000 (64.0%)]	Loss: 0.13419903814792633
[2023-05-02 18:28:28] Train Epoch: 8 [13600/20000 (68.0%)]	Loss: 0.09765996783971786
[2023-05-02 18:28:28] Train Epoch: 8 [14400/20000 (72.0%)]	Loss: 0.21893247961997986
[2023-05-02 18:28:29] Train Epoch: 8 [15200/20000 (76.0%)]	Loss: 0.05591955780982971
[2023-05-02 18:28:29] Train Epoch: 8 [16000/20000 (80.0%)]	Loss: 0.04172563552856445
[2023-05-02 18:28:29] Train Epoch: 8 [16800/20000 (84.0%)]	Loss: 0.3455633819103241
[2023-05-02 18:28:29] Train Epoch: 8 [17600/20000 (88.0%)]	Loss: 0.07678782194852829
[2023-05-02 18:28:32] Train Epoch: 8 [18400/20000 (92.0%)]	Loss: 0.045186955481767654
[2023-05-02 18:28:32] Train Epoch: 8 [19200/20000 (96.0%)]	Loss: 0.05286791920661926
[2023-05-02 18:28:38] ========== Metrics ==========
[2023-05-02 18:28:38] {
  "tr_loss": 0.12594686089718218,
  "tr_acc": 0.9603960396039604,
  "tr_f1": 0.9602688873281829,
  "val_loss": 0.41444758653937236,
  "val_acc": 0.812933025404157,
  "val_f1": 0.8111888111888113,
  "test_loss": 0.3677886948595202,
  "test_acc": 0.8157181571815718,
  "test_f1": 0.8089887640449438
}
[2023-05-02 18:28:38] ========== Metrics ==========
[2023-05-02 18:28:39] Train Epoch: 9 [0/20000 (0.0%)]	Loss: 0.05257991701364517
[2023-05-02 18:28:41] Train Epoch: 9 [800/20000 (4.0%)]	Loss: 0.11235594749450684
[2023-05-02 18:28:41] Train Epoch: 9 [1600/20000 (8.0%)]	Loss: 0.0721903145313263
[2023-05-02 18:28:41] Train Epoch: 9 [2400/20000 (12.0%)]	Loss: 0.10352954268455505
[2023-05-02 18:28:41] Train Epoch: 9 [3200/20000 (16.0%)]	Loss: 0.21444573998451233
[2023-05-02 18:28:42] Train Epoch: 9 [4000/20000 (20.0%)]	Loss: 0.22107471525669098
[2023-05-02 18:28:42] Train Epoch: 9 [4800/20000 (24.0%)]	Loss: 0.08620376139879227
[2023-05-02 18:28:42] Train Epoch: 9 [5600/20000 (28.0%)]	Loss: 0.2607038915157318
[2023-05-02 18:28:42] Train Epoch: 9 [6400/20000 (32.0%)]	Loss: 0.08220767229795456
[2023-05-02 18:28:44] Train Epoch: 9 [7200/20000 (36.0%)]	Loss: 0.17814761400222778
[2023-05-02 18:28:45] Train Epoch: 9 [8000/20000 (40.0%)]	Loss: 0.07827435433864594
[2023-05-02 18:28:45] Train Epoch: 9 [8800/20000 (44.0%)]	Loss: 0.16122782230377197
[2023-05-02 18:28:45] Train Epoch: 9 [9600/20000 (48.0%)]	Loss: 0.2306027114391327
[2023-05-02 18:28:46] Train Epoch: 9 [10400/20000 (52.0%)]	Loss: 0.13344034552574158
[2023-05-02 18:28:46] Train Epoch: 9 [11200/20000 (56.0%)]	Loss: 0.1400248110294342
[2023-05-02 18:28:46] Train Epoch: 9 [12000/20000 (60.0%)]	Loss: 0.12692099809646606
[2023-05-02 18:28:46] Train Epoch: 9 [12800/20000 (64.0%)]	Loss: 0.0842248797416687
[2023-05-02 18:28:47] Train Epoch: 9 [13600/20000 (68.0%)]	Loss: 0.06790967285633087
[2023-05-02 18:28:47] Train Epoch: 9 [14400/20000 (72.0%)]	Loss: 0.36939573287963867
[2023-05-02 18:28:48] Train Epoch: 9 [15200/20000 (76.0%)]	Loss: 0.07527679204940796
[2023-05-02 18:28:49] Train Epoch: 9 [16000/20000 (80.0%)]	Loss: 0.3432356119155884
[2023-05-02 18:28:49] Train Epoch: 9 [16800/20000 (84.0%)]	Loss: 0.21321287751197815
[2023-05-02 18:28:49] Train Epoch: 9 [17600/20000 (88.0%)]	Loss: 0.05342501774430275
[2023-05-02 18:28:50] Train Epoch: 9 [18400/20000 (92.0%)]	Loss: 0.07739736139774323
[2023-05-02 18:28:50] Train Epoch: 9 [19200/20000 (96.0%)]	Loss: 0.03387371078133583
[2023-05-02 18:28:55] ========== Metrics ==========
[2023-05-02 18:28:55] {
  "tr_loss": 0.12050574151265382,
  "tr_acc": 0.9612461246124613,
  "tr_f1": 0.961135349280377,
  "val_loss": 0.4159054370942135,
  "val_acc": 0.8131106768520163,
  "val_f1": 0.8147887323943662,
  "test_loss": 0.36602814572290354,
  "test_acc": 0.8238482384823849,
  "test_f1": 0.8189415041782729
}
[2023-05-02 18:28:55] ========== Metrics ==========
[2023-05-02 18:28:56] Train Epoch: 10 [0/20000 (0.0%)]	Loss: 0.18115413188934326
[2023-05-02 18:28:57] Train Epoch: 10 [800/20000 (4.0%)]	Loss: 0.05804404616355896
[2023-05-02 18:28:57] Train Epoch: 10 [1600/20000 (8.0%)]	Loss: 0.04621482267975807
[2023-05-02 18:28:58] Train Epoch: 10 [2400/20000 (12.0%)]	Loss: 0.22247402369976044
[2023-05-02 18:28:58] Train Epoch: 10 [3200/20000 (16.0%)]	Loss: 0.07921775430440903
[2023-05-02 18:28:58] Train Epoch: 10 [4000/20000 (20.0%)]	Loss: 0.09999186545610428
[2023-05-02 18:28:58] Train Epoch: 10 [4800/20000 (24.0%)]	Loss: 0.2584044337272644
[2023-05-02 18:28:59] Train Epoch: 10 [5600/20000 (28.0%)]	Loss: 0.022507689893245697
[2023-05-02 18:28:59] Train Epoch: 10 [6400/20000 (32.0%)]	Loss: 0.0745660662651062
[2023-05-02 18:29:01] Train Epoch: 10 [7200/20000 (36.0%)]	Loss: 0.0335107259452343
[2023-05-02 18:29:01] Train Epoch: 10 [8000/20000 (40.0%)]	Loss: 0.0742773786187172
[2023-05-02 18:29:01] Train Epoch: 10 [8800/20000 (44.0%)]	Loss: 0.06926468759775162
[2023-05-02 18:29:02] Train Epoch: 10 [9600/20000 (48.0%)]	Loss: 0.030623074620962143
[2023-05-02 18:29:02] Train Epoch: 10 [10400/20000 (52.0%)]	Loss: 0.1244305893778801
[2023-05-02 18:29:02] Train Epoch: 10 [11200/20000 (56.0%)]	Loss: 0.14279282093048096
[2023-05-02 18:29:02] Train Epoch: 10 [12000/20000 (60.0%)]	Loss: 0.07619646191596985
[2023-05-02 18:29:03] Train Epoch: 10 [12800/20000 (64.0%)]	Loss: 0.178943932056427
[2023-05-02 18:29:03] Train Epoch: 10 [13600/20000 (68.0%)]	Loss: 0.12945134937763214
[2023-05-02 18:29:05] Train Epoch: 10 [14400/20000 (72.0%)]	Loss: 0.2993539869785309
[2023-05-02 18:29:05] Train Epoch: 10 [15200/20000 (76.0%)]	Loss: 0.05105341225862503
[2023-05-02 18:29:05] Train Epoch: 10 [16000/20000 (80.0%)]	Loss: 0.024162227287888527
[2023-05-02 18:29:06] Train Epoch: 10 [16800/20000 (84.0%)]	Loss: 0.05997195839881897
[2023-05-02 18:29:06] Train Epoch: 10 [17600/20000 (88.0%)]	Loss: 0.04577299579977989
[2023-05-02 18:29:06] Train Epoch: 10 [18400/20000 (92.0%)]	Loss: 0.026544490829110146
[2023-05-02 18:29:07] Train Epoch: 10 [19200/20000 (96.0%)]	Loss: 0.056416574865579605
[2023-05-02 18:29:11] ========== Metrics ==========
[2023-05-02 18:29:11] {
  "tr_loss": 0.11547965176738087,
  "tr_acc": 0.9617961796179618,
  "tr_f1": 0.9617464450230323,
  "val_loss": 0.41549281657620973,
  "val_acc": 0.8134659797477349,
  "val_f1": 0.8137637460092231,
  "test_loss": 0.369223575281903,
  "test_acc": 0.8238482384823849,
  "test_f1": 0.8189415041782729
}
[2023-05-02 18:29:11] ========== Metrics ==========
[2023-05-02 18:29:12] Train Epoch: 11 [0/20000 (0.0%)]	Loss: 0.08830650895833969
[2023-05-02 18:29:13] Train Epoch: 11 [800/20000 (4.0%)]	Loss: 0.13172972202301025
[2023-05-02 18:29:13] Train Epoch: 11 [1600/20000 (8.0%)]	Loss: 0.21811534464359283
[2023-05-02 18:29:13] Train Epoch: 11 [2400/20000 (12.0%)]	Loss: 0.1496903896331787
[2023-05-02 18:29:14] Train Epoch: 11 [3200/20000 (16.0%)]	Loss: 0.14188697934150696
[2023-05-02 18:29:14] Train Epoch: 11 [4000/20000 (20.0%)]	Loss: 0.06785093992948532
[2023-05-02 18:29:14] Train Epoch: 11 [4800/20000 (24.0%)]	Loss: 0.044391997158527374
[2023-05-02 18:29:15] Train Epoch: 11 [5600/20000 (28.0%)]	Loss: 0.24888716638088226
[2023-05-02 18:29:15] Train Epoch: 11 [6400/20000 (32.0%)]	Loss: 0.06417485326528549
[2023-05-02 18:29:16] Train Epoch: 11 [7200/20000 (36.0%)]	Loss: 0.05781315267086029
[2023-05-02 18:29:17] Train Epoch: 11 [8000/20000 (40.0%)]	Loss: 0.2995343506336212
[2023-05-02 18:29:17] Train Epoch: 11 [8800/20000 (44.0%)]	Loss: 0.05275235325098038
[2023-05-02 18:29:18] Train Epoch: 11 [9600/20000 (48.0%)]	Loss: 0.07574420422315598
[2023-05-02 18:29:18] Train Epoch: 11 [10400/20000 (52.0%)]	Loss: 0.028333866968750954
[2023-05-02 18:29:18] Train Epoch: 11 [11200/20000 (56.0%)]	Loss: 0.02578975260257721
[2023-05-02 18:29:18] Train Epoch: 11 [12000/20000 (60.0%)]	Loss: 0.07991483807563782
[2023-05-02 18:29:19] Train Epoch: 11 [12800/20000 (64.0%)]	Loss: 0.05159039422869682
[2023-05-02 18:29:19] Train Epoch: 11 [13600/20000 (68.0%)]	Loss: 0.05885575711727142
[2023-05-02 18:29:21] Train Epoch: 11 [14400/20000 (72.0%)]	Loss: 0.06664383411407471
[2023-05-02 18:29:21] Train Epoch: 11 [15200/20000 (76.0%)]	Loss: 0.2969558537006378
[2023-05-02 18:29:21] Train Epoch: 11 [16000/20000 (80.0%)]	Loss: 0.03385539352893829
[2023-05-02 18:29:22] Train Epoch: 11 [16800/20000 (84.0%)]	Loss: 0.043650079518556595
[2023-05-02 18:29:22] Train Epoch: 11 [17600/20000 (88.0%)]	Loss: 0.04512743651866913
[2023-05-02 18:29:22] Train Epoch: 11 [18400/20000 (92.0%)]	Loss: 0.09638502448797226
[2023-05-02 18:29:22] Train Epoch: 11 [19200/20000 (96.0%)]	Loss: 0.06698761880397797
[2023-05-02 18:29:27] ========== Metrics ==========
[2023-05-02 18:29:27] {
  "tr_loss": 0.10990299806423527,
  "tr_acc": 0.9658465846584658,
  "tr_f1": 0.9657832773909123,
  "val_loss": 0.4155369312561179,
  "val_acc": 0.8127553739562977,
  "val_f1": 0.8132530120481927,
  "test_loss": 0.37843800754081913,
  "test_acc": 0.8238482384823849,
  "test_f1": 0.8189415041782729
}
[2023-05-02 18:29:27] ========== Metrics ==========
[2023-05-02 18:29:29] Train Epoch: 12 [0/20000 (0.0%)]	Loss: 0.18674026429653168
[2023-05-02 18:29:30] Train Epoch: 12 [800/20000 (4.0%)]	Loss: 0.07364032417535782
[2023-05-02 18:29:31] Train Epoch: 12 [1600/20000 (8.0%)]	Loss: 0.14082862436771393
[2023-05-02 18:29:31] Train Epoch: 12 [2400/20000 (12.0%)]	Loss: 0.11819099634885788
[2023-05-02 18:29:31] Train Epoch: 12 [3200/20000 (16.0%)]	Loss: 0.07051023095846176
[2023-05-02 18:29:31] Train Epoch: 12 [4000/20000 (20.0%)]	Loss: 0.1056988462805748
[2023-05-02 18:29:32] Train Epoch: 12 [4800/20000 (24.0%)]	Loss: 0.2900676429271698
[2023-05-02 18:29:32] Train Epoch: 12 [5600/20000 (28.0%)]	Loss: 0.07153406739234924
[2023-05-02 18:29:32] Train Epoch: 12 [6400/20000 (32.0%)]	Loss: 0.17860734462738037
[2023-05-02 18:29:33] Train Epoch: 12 [7200/20000 (36.0%)]	Loss: 0.04459547996520996
[2023-05-02 18:29:34] Train Epoch: 12 [8000/20000 (40.0%)]	Loss: 0.23608408868312836
[2023-05-02 18:29:34] Train Epoch: 12 [8800/20000 (44.0%)]	Loss: 0.11405842751264572
[2023-05-02 18:29:35] Train Epoch: 12 [9600/20000 (48.0%)]	Loss: 0.3572187125682831
[2023-05-02 18:29:35] Train Epoch: 12 [10400/20000 (52.0%)]	Loss: 0.34725189208984375
[2023-05-02 18:29:35] Train Epoch: 12 [11200/20000 (56.0%)]	Loss: 0.071285679936409
[2023-05-02 18:29:35] Train Epoch: 12 [12000/20000 (60.0%)]	Loss: 0.17801044881343842
[2023-05-02 18:29:36] Train Epoch: 12 [12800/20000 (64.0%)]	Loss: 0.08872268348932266
[2023-05-02 18:29:36] Train Epoch: 12 [13600/20000 (68.0%)]	Loss: 0.12311562150716782
[2023-05-02 18:29:36] Train Epoch: 12 [14400/20000 (72.0%)]	Loss: 0.09548573195934296
[2023-05-02 18:29:38] Train Epoch: 12 [15200/20000 (76.0%)]	Loss: 0.09282003343105316
[2023-05-02 18:29:39] Train Epoch: 12 [16000/20000 (80.0%)]	Loss: 0.05941196531057358
[2023-05-02 18:29:39] Train Epoch: 12 [16800/20000 (84.0%)]	Loss: 0.12048324197530746
[2023-05-02 18:29:39] Train Epoch: 12 [17600/20000 (88.0%)]	Loss: 0.30338600277900696
[2023-05-02 18:29:39] Train Epoch: 12 [18400/20000 (92.0%)]	Loss: 0.06271183490753174
[2023-05-02 18:29:40] Train Epoch: 12 [19200/20000 (96.0%)]	Loss: 0.13778628408908844
[2023-05-02 18:29:45] ========== Metrics ==========
[2023-05-02 18:29:45] {
  "tr_loss": 0.11278628899265687,
  "tr_acc": 0.962996299629963,
  "tr_f1": 0.9628439445671821,
  "val_loss": 0.41570713967323136,
  "val_acc": 0.8122224196127198,
  "val_f1": 0.8132178830182011,
  "test_loss": 0.3653438018084703,
  "test_acc": 0.8238482384823849,
  "test_f1": 0.8189415041782729
}
[2023-05-02 18:29:45] ========== Metrics ==========
[2023-05-02 18:29:47] Train Epoch: 13 [0/20000 (0.0%)]	Loss: 0.1175566017627716
[2023-05-02 18:29:47] Train Epoch: 13 [800/20000 (4.0%)]	Loss: 0.07864683121442795
[2023-05-02 18:29:48] Train Epoch: 13 [1600/20000 (8.0%)]	Loss: 0.18440616130828857
[2023-05-02 18:29:48] Train Epoch: 13 [2400/20000 (12.0%)]	Loss: 0.28101974725723267
[2023-05-02 18:29:48] Train Epoch: 13 [3200/20000 (16.0%)]	Loss: 0.07201534509658813
[2023-05-02 18:29:48] Train Epoch: 13 [4000/20000 (20.0%)]	Loss: 0.18591034412384033
[2023-05-02 18:29:49] Train Epoch: 13 [4800/20000 (24.0%)]	Loss: 0.03245905414223671
[2023-05-02 18:29:49] Train Epoch: 13 [5600/20000 (28.0%)]	Loss: 0.07088140398263931
[2023-05-02 18:29:49] Train Epoch: 13 [6400/20000 (32.0%)]	Loss: 0.021054070442914963
[2023-05-02 18:29:51] Train Epoch: 13 [7200/20000 (36.0%)]	Loss: 0.047848179936409
[2023-05-02 18:29:52] Train Epoch: 13 [8000/20000 (40.0%)]	Loss: 0.07909004390239716
[2023-05-02 18:29:52] Train Epoch: 13 [8800/20000 (44.0%)]	Loss: 0.10642357170581818
[2023-05-02 18:29:52] Train Epoch: 13 [9600/20000 (48.0%)]	Loss: 0.06355772167444229
[2023-05-02 18:29:52] Train Epoch: 13 [10400/20000 (52.0%)]	Loss: 0.06362449377775192
[2023-05-02 18:29:53] Train Epoch: 13 [11200/20000 (56.0%)]	Loss: 0.12548062205314636
[2023-05-02 18:29:53] Train Epoch: 13 [12000/20000 (60.0%)]	Loss: 0.11282356828451157
[2023-05-02 18:29:53] Train Epoch: 13 [12800/20000 (64.0%)]	Loss: 0.0633964091539383
[2023-05-02 18:29:53] Train Epoch: 13 [13600/20000 (68.0%)]	Loss: 0.13949713110923767
[2023-05-02 18:29:55] Train Epoch: 13 [14400/20000 (72.0%)]	Loss: 0.045049022883176804
[2023-05-02 18:29:56] Train Epoch: 13 [15200/20000 (76.0%)]	Loss: 0.08839194476604462
[2023-05-02 18:29:56] Train Epoch: 13 [16000/20000 (80.0%)]	Loss: 0.019566122442483902
[2023-05-02 18:29:56] Train Epoch: 13 [16800/20000 (84.0%)]	Loss: 0.06636877357959747
[2023-05-02 18:29:57] Train Epoch: 13 [17600/20000 (88.0%)]	Loss: 0.06388113647699356
[2023-05-02 18:29:57] Train Epoch: 13 [18400/20000 (92.0%)]	Loss: 0.11904259026050568
[2023-05-02 18:29:57] Train Epoch: 13 [19200/20000 (96.0%)]	Loss: 0.23949545621871948
[2023-05-02 18:30:01] Stop At epoch 13/20 due to valid not increase
[2023-05-02 18:30:02] ========== Metrics ==========
[2023-05-02 18:30:02] {
  "tr_loss": 0.1107420214470571,
  "tr_acc": 0.9662966296629663,
  "tr_f1": 0.966208763661887,
  "val_loss": 0.41574479489962657,
  "val_acc": 0.8124000710605791,
  "val_f1": 0.8132956152758134,
  "test_loss": 0.3689418385022378,
  "test_acc": 0.8238482384823849,
  "test_f1": 0.8189415041782729
}
[2023-05-02 18:30:02] ========== Metrics ==========
