[2023-05-02 18:21:07] Train Epoch: 1 [0/20000 (0.0%)]	Loss: 0.7694180607795715
[2023-05-02 18:21:08] Train Epoch: 1 [800/20000 (4.0%)]	Loss: 0.7334370613098145
[2023-05-02 18:21:08] Train Epoch: 1 [1600/20000 (8.0%)]	Loss: 0.6573410630226135
[2023-05-02 18:21:09] Train Epoch: 1 [2400/20000 (12.0%)]	Loss: 0.6925411820411682
[2023-05-02 18:21:09] Train Epoch: 1 [3200/20000 (16.0%)]	Loss: 0.689028263092041
[2023-05-02 18:21:09] Train Epoch: 1 [4000/20000 (20.0%)]	Loss: 0.6975687742233276
[2023-05-02 18:21:09] Train Epoch: 1 [4800/20000 (24.0%)]	Loss: 0.6805993914604187
[2023-05-02 18:21:10] Train Epoch: 1 [5600/20000 (28.0%)]	Loss: 0.7383342981338501
[2023-05-02 18:21:12] Train Epoch: 1 [6400/20000 (32.0%)]	Loss: 0.6683746576309204
[2023-05-02 18:21:12] Train Epoch: 1 [7200/20000 (36.0%)]	Loss: 0.6882752776145935
[2023-05-02 18:21:13] Train Epoch: 1 [8000/20000 (40.0%)]	Loss: 0.7026145458221436
[2023-05-02 18:21:13] Train Epoch: 1 [8800/20000 (44.0%)]	Loss: 0.7351946234703064
[2023-05-02 18:21:13] Train Epoch: 1 [9600/20000 (48.0%)]	Loss: 0.6633511781692505
[2023-05-02 18:21:13] Train Epoch: 1 [10400/20000 (52.0%)]	Loss: 0.6314083337783813
[2023-05-02 18:21:14] Train Epoch: 1 [11200/20000 (56.0%)]	Loss: 0.6741788983345032
[2023-05-02 18:21:16] Train Epoch: 1 [12000/20000 (60.0%)]	Loss: 0.6769433617591858
[2023-05-02 18:21:17] Train Epoch: 1 [12800/20000 (64.0%)]	Loss: 0.6652956008911133
[2023-05-02 18:21:17] Train Epoch: 1 [13600/20000 (68.0%)]	Loss: 0.5847563147544861
[2023-05-02 18:21:17] Train Epoch: 1 [14400/20000 (72.0%)]	Loss: 0.6921883225440979
[2023-05-02 18:21:18] Train Epoch: 1 [15200/20000 (76.0%)]	Loss: 0.6146407723426819
[2023-05-02 18:21:18] Train Epoch: 1 [16000/20000 (80.0%)]	Loss: 0.6881756782531738
[2023-05-02 18:21:18] Train Epoch: 1 [16800/20000 (84.0%)]	Loss: 0.6929774284362793
[2023-05-02 18:21:18] Train Epoch: 1 [17600/20000 (88.0%)]	Loss: 0.6074422001838684
[2023-05-02 18:21:21] Train Epoch: 1 [18400/20000 (92.0%)]	Loss: 0.6914511919021606
[2023-05-02 18:21:21] Train Epoch: 1 [19200/20000 (96.0%)]	Loss: 0.6130011081695557
[2023-05-02 18:21:33] ========== Metrics ==========
[2023-05-02 18:21:33] {
  "tr_loss": 0.6779603031065741,
  "tr_acc": 0.5655565556555655,
  "tr_f1": 0.5779656076945497,
  "val_loss": 0.6272269642189989,
  "val_acc": 0.749511458518387,
  "val_f1": 0.7366454986925663,
  "test_loss": 0.6576051091760154,
  "test_acc": 0.7262872628726287,
  "test_f1": 0.7089337175792507
}
[2023-05-02 18:21:33] ========== Metrics ==========
[2023-05-02 18:21:34] Train Epoch: 2 [0/20000 (0.0%)]	Loss: 0.5554486513137817
[2023-05-02 18:21:35] Train Epoch: 2 [800/20000 (4.0%)]	Loss: 0.5184791684150696
[2023-05-02 18:21:35] Train Epoch: 2 [1600/20000 (8.0%)]	Loss: 0.5773671865463257
[2023-05-02 18:21:35] Train Epoch: 2 [2400/20000 (12.0%)]	Loss: 0.5492384433746338
[2023-05-02 18:21:39] Train Epoch: 2 [3200/20000 (16.0%)]	Loss: 0.5962676405906677
[2023-05-02 18:21:39] Train Epoch: 2 [4000/20000 (20.0%)]	Loss: 0.5903302431106567
[2023-05-02 18:21:40] Train Epoch: 2 [4800/20000 (24.0%)]	Loss: 0.4807611405849457
[2023-05-02 18:21:40] Train Epoch: 2 [5600/20000 (28.0%)]	Loss: 0.6138387322425842
[2023-05-02 18:21:40] Train Epoch: 2 [6400/20000 (32.0%)]	Loss: 0.5856695771217346
[2023-05-02 18:21:43] Train Epoch: 2 [7200/20000 (36.0%)]	Loss: 0.45994752645492554
[2023-05-02 18:21:43] Train Epoch: 2 [8000/20000 (40.0%)]	Loss: 0.379107803106308
[2023-05-02 18:21:44] Train Epoch: 2 [8800/20000 (44.0%)]	Loss: 0.5642468929290771
[2023-05-02 18:21:44] Train Epoch: 2 [9600/20000 (48.0%)]	Loss: 0.5339100360870361
[2023-05-02 18:21:44] Train Epoch: 2 [10400/20000 (52.0%)]	Loss: 0.41693776845932007
[2023-05-02 18:21:44] Train Epoch: 2 [11200/20000 (56.0%)]	Loss: 0.5108996629714966
[2023-05-02 18:21:45] Train Epoch: 2 [12000/20000 (60.0%)]	Loss: 0.6598641872406006
[2023-05-02 18:21:46] Train Epoch: 2 [12800/20000 (64.0%)]	Loss: 0.5568211078643799
[2023-05-02 18:21:47] Train Epoch: 2 [13600/20000 (68.0%)]	Loss: 0.5773361921310425
[2023-05-02 18:21:48] Train Epoch: 2 [14400/20000 (72.0%)]	Loss: 0.5997271537780762
[2023-05-02 18:21:48] Train Epoch: 2 [15200/20000 (76.0%)]	Loss: 0.5033442378044128
[2023-05-02 18:21:48] Train Epoch: 2 [16000/20000 (80.0%)]	Loss: 0.6446141004562378
[2023-05-02 18:21:48] Train Epoch: 2 [16800/20000 (84.0%)]	Loss: 0.4179799556732178
[2023-05-02 18:21:49] Train Epoch: 2 [17600/20000 (88.0%)]	Loss: 0.3635278046131134
[2023-05-02 18:21:51] Train Epoch: 2 [18400/20000 (92.0%)]	Loss: 0.7275203466415405
[2023-05-02 18:21:51] Train Epoch: 2 [19200/20000 (96.0%)]	Loss: 0.5872611403465271
[2023-05-02 18:21:58] ========== Metrics ==========
[2023-05-02 18:21:58] {
  "tr_loss": 0.5397676949930711,
  "tr_acc": 0.7448244824482448,
  "tr_f1": 0.7450412190856858,
  "val_loss": 0.4950119294881355,
  "val_acc": 0.7985432581275538,
  "val_f1": 0.7877994011976048,
  "test_loss": 0.5022905861459127,
  "test_acc": 0.7804878048780488,
  "test_f1": 0.7692307692307693
}
[2023-05-02 18:21:58] ========== Metrics ==========
[2023-05-02 18:22:00] Train Epoch: 3 [0/20000 (0.0%)]	Loss: 0.4772283136844635
[2023-05-02 18:22:00] Train Epoch: 3 [800/20000 (4.0%)]	Loss: 0.5060585141181946
[2023-05-02 18:22:00] Train Epoch: 3 [1600/20000 (8.0%)]	Loss: 0.36184900999069214
[2023-05-02 18:22:01] Train Epoch: 3 [2400/20000 (12.0%)]	Loss: 0.4473986327648163
[2023-05-02 18:22:01] Train Epoch: 3 [3200/20000 (16.0%)]	Loss: 0.41916537284851074
[2023-05-02 18:22:02] Train Epoch: 3 [4000/20000 (20.0%)]	Loss: 0.44841238856315613
[2023-05-02 18:22:03] Train Epoch: 3 [4800/20000 (24.0%)]	Loss: 0.44507190585136414
[2023-05-02 18:22:04] Train Epoch: 3 [5600/20000 (28.0%)]	Loss: 0.4629206657409668
[2023-05-02 18:22:04] Train Epoch: 3 [6400/20000 (32.0%)]	Loss: 0.33984896540641785
[2023-05-02 18:22:04] Train Epoch: 3 [7200/20000 (36.0%)]	Loss: 0.4239504635334015
[2023-05-02 18:22:04] Train Epoch: 3 [8000/20000 (40.0%)]	Loss: 0.48905614018440247
[2023-05-02 18:22:05] Train Epoch: 3 [8800/20000 (44.0%)]	Loss: 0.5398275852203369
[2023-05-02 18:22:06] Train Epoch: 3 [9600/20000 (48.0%)]	Loss: 0.37625187635421753
[2023-05-02 18:22:07] Train Epoch: 3 [10400/20000 (52.0%)]	Loss: 0.3044811189174652
[2023-05-02 18:22:07] Train Epoch: 3 [11200/20000 (56.0%)]	Loss: 0.4060014486312866
[2023-05-02 18:22:07] Train Epoch: 3 [12000/20000 (60.0%)]	Loss: 0.3525441586971283
[2023-05-02 18:22:07] Train Epoch: 3 [12800/20000 (64.0%)]	Loss: 0.260452002286911
[2023-05-02 18:22:08] Train Epoch: 3 [13600/20000 (68.0%)]	Loss: 0.3141205310821533
[2023-05-02 18:22:08] Train Epoch: 3 [14400/20000 (72.0%)]	Loss: 0.4755411148071289
[2023-05-02 18:22:08] Train Epoch: 3 [15200/20000 (76.0%)]	Loss: 0.5610044002532959
[2023-05-02 18:22:10] Train Epoch: 3 [16000/20000 (80.0%)]	Loss: 0.4908488690853119
[2023-05-02 18:22:11] Train Epoch: 3 [16800/20000 (84.0%)]	Loss: 0.44866520166397095
[2023-05-02 18:22:11] Train Epoch: 3 [17600/20000 (88.0%)]	Loss: 0.2732495665550232
[2023-05-02 18:22:11] Train Epoch: 3 [18400/20000 (92.0%)]	Loss: 0.6159182190895081
[2023-05-02 18:22:11] Train Epoch: 3 [19200/20000 (96.0%)]	Loss: 0.4222012162208557
[2023-05-02 18:22:17] ========== Metrics ==========
[2023-05-02 18:22:17] {
  "tr_loss": 0.38599627391614133,
  "tr_acc": 0.8393839383938394,
  "tr_f1": 0.8382352941176471,
  "val_loss": 0.4400961391454396,
  "val_acc": 0.811689465269142,
  "val_f1": 0.8053617333822989,
  "test_loss": 0.431315832990941,
  "test_acc": 0.8130081300813008,
  "test_f1": 0.8045325779036828
}
[2023-05-02 18:22:17] ========== Metrics ==========
[2023-05-02 18:22:18] Train Epoch: 4 [0/20000 (0.0%)]	Loss: 0.29096442461013794
[2023-05-02 18:22:19] Train Epoch: 4 [800/20000 (4.0%)]	Loss: 0.3625800609588623
[2023-05-02 18:22:19] Train Epoch: 4 [1600/20000 (8.0%)]	Loss: 0.20145142078399658
[2023-05-02 18:22:19] Train Epoch: 4 [2400/20000 (12.0%)]	Loss: 0.2609764635562897
[2023-05-02 18:22:19] Train Epoch: 4 [3200/20000 (16.0%)]	Loss: 0.6708527207374573
[2023-05-02 18:22:20] Train Epoch: 4 [4000/20000 (20.0%)]	Loss: 0.3893139064311981
[2023-05-02 18:22:20] Train Epoch: 4 [4800/20000 (24.0%)]	Loss: 0.22058981657028198
[2023-05-02 18:22:20] Train Epoch: 4 [5600/20000 (28.0%)]	Loss: 0.20932592451572418
[2023-05-02 18:22:20] Train Epoch: 4 [6400/20000 (32.0%)]	Loss: 0.21418851613998413
[2023-05-02 18:22:22] Train Epoch: 4 [7200/20000 (36.0%)]	Loss: 0.2698591649532318
[2023-05-02 18:22:22] Train Epoch: 4 [8000/20000 (40.0%)]	Loss: 0.20921030640602112
[2023-05-02 18:22:23] Train Epoch: 4 [8800/20000 (44.0%)]	Loss: 0.21245886385440826
[2023-05-02 18:22:23] Train Epoch: 4 [9600/20000 (48.0%)]	Loss: 0.12217413634061813
[2023-05-02 18:22:23] Train Epoch: 4 [10400/20000 (52.0%)]	Loss: 0.17379039525985718
[2023-05-02 18:22:23] Train Epoch: 4 [11200/20000 (56.0%)]	Loss: 0.30951568484306335
[2023-05-02 18:22:24] Train Epoch: 4 [12000/20000 (60.0%)]	Loss: 0.19275660812854767
[2023-05-02 18:22:24] Train Epoch: 4 [12800/20000 (64.0%)]	Loss: 0.32178357243537903
[2023-05-02 18:22:24] Train Epoch: 4 [13600/20000 (68.0%)]	Loss: 0.18987494707107544
[2023-05-02 18:22:26] Train Epoch: 4 [14400/20000 (72.0%)]	Loss: 0.4211300015449524
[2023-05-02 18:22:26] Train Epoch: 4 [15200/20000 (76.0%)]	Loss: 0.6134637594223022
[2023-05-02 18:22:27] Train Epoch: 4 [16000/20000 (80.0%)]	Loss: 0.24080361425876617
[2023-05-02 18:22:27] Train Epoch: 4 [16800/20000 (84.0%)]	Loss: 0.378999799489975
[2023-05-02 18:22:27] Train Epoch: 4 [17600/20000 (88.0%)]	Loss: 0.3249818682670593
[2023-05-02 18:22:27] Train Epoch: 4 [18400/20000 (92.0%)]	Loss: 0.23541556298732758
[2023-05-02 18:22:27] Train Epoch: 4 [19200/20000 (96.0%)]	Loss: 0.40438660979270935
[2023-05-02 18:22:32] ========== Metrics ==========
[2023-05-02 18:22:32] {
  "tr_loss": 0.28117096816936676,
  "tr_acc": 0.8881388138813882,
  "tr_f1": 0.8872650304893412,
  "val_loss": 0.41877290274538226,
  "val_acc": 0.8145318884348908,
  "val_f1": 0.8107324147933285,
  "test_loss": 0.391693289040873,
  "test_acc": 0.8211382113821138,
  "test_f1": 0.8156424581005587
}
[2023-05-02 18:22:32] ========== Metrics ==========
[2023-05-02 18:22:33] Train Epoch: 5 [0/20000 (0.0%)]	Loss: 0.36403006315231323
[2023-05-02 18:22:34] Train Epoch: 5 [800/20000 (4.0%)]	Loss: 0.39929643273353577
[2023-05-02 18:22:34] Train Epoch: 5 [1600/20000 (8.0%)]	Loss: 0.12268489599227905
[2023-05-02 18:22:34] Train Epoch: 5 [2400/20000 (12.0%)]	Loss: 0.07669676095247269
[2023-05-02 18:22:34] Train Epoch: 5 [3200/20000 (16.0%)]	Loss: 0.15507204830646515
[2023-05-02 18:22:35] Train Epoch: 5 [4000/20000 (20.0%)]	Loss: 0.25401365756988525
[2023-05-02 18:22:35] Train Epoch: 5 [4800/20000 (24.0%)]	Loss: 0.4052267074584961
[2023-05-02 18:22:35] Train Epoch: 5 [5600/20000 (28.0%)]	Loss: 0.2190428078174591
[2023-05-02 18:22:37] Train Epoch: 5 [6400/20000 (32.0%)]	Loss: 0.13673615455627441
[2023-05-02 18:22:37] Train Epoch: 5 [7200/20000 (36.0%)]	Loss: 0.24181674420833588
[2023-05-02 18:22:38] Train Epoch: 5 [8000/20000 (40.0%)]	Loss: 0.3129445016384125
[2023-05-02 18:22:38] Train Epoch: 5 [8800/20000 (44.0%)]	Loss: 0.2643580138683319
[2023-05-02 18:22:38] Train Epoch: 5 [9600/20000 (48.0%)]	Loss: 0.043509408831596375
[2023-05-02 18:22:38] Train Epoch: 5 [10400/20000 (52.0%)]	Loss: 0.15548720955848694
[2023-05-02 18:22:39] Train Epoch: 5 [11200/20000 (56.0%)]	Loss: 0.5274125337600708
[2023-05-02 18:22:39] Train Epoch: 5 [12000/20000 (60.0%)]	Loss: 0.20726460218429565
[2023-05-02 18:22:39] Train Epoch: 5 [12800/20000 (64.0%)]	Loss: 0.2051980346441269
[2023-05-02 18:22:39] Train Epoch: 5 [13600/20000 (68.0%)]	Loss: 0.09587977826595306
[2023-05-02 18:22:41] Train Epoch: 5 [14400/20000 (72.0%)]	Loss: 0.20277273654937744
[2023-05-02 18:22:41] Train Epoch: 5 [15200/20000 (76.0%)]	Loss: 0.17517007887363434
[2023-05-02 18:22:42] Train Epoch: 5 [16000/20000 (80.0%)]	Loss: 0.0714673325419426
[2023-05-02 18:22:42] Train Epoch: 5 [16800/20000 (84.0%)]	Loss: 0.13570034503936768
[2023-05-02 18:22:42] Train Epoch: 5 [17600/20000 (88.0%)]	Loss: 0.1388424038887024
[2023-05-02 18:22:42] Train Epoch: 5 [18400/20000 (92.0%)]	Loss: 0.05191628634929657
[2023-05-02 18:22:43] Train Epoch: 5 [19200/20000 (96.0%)]	Loss: 0.0953245535492897
[2023-05-02 18:22:47] ========== Metrics ==========
[2023-05-02 18:22:47] {
  "tr_loss": 0.21393604667791905,
  "tr_acc": 0.9208920892089208,
  "tr_f1": 0.9205025125628141,
  "val_loss": 0.41079999714809196,
  "val_acc": 0.8186178717356547,
  "val_f1": 0.8197705207413946,
  "test_loss": 0.41193624692880687,
  "test_acc": 0.8265582655826558,
  "test_f1": 0.8232044198895027
}
[2023-05-02 18:22:47] ========== Metrics ==========
[2023-05-02 18:22:49] Train Epoch: 6 [0/20000 (0.0%)]	Loss: 0.14877377450466156
[2023-05-02 18:22:49] Train Epoch: 6 [800/20000 (4.0%)]	Loss: 0.23120532929897308
[2023-05-02 18:22:49] Train Epoch: 6 [1600/20000 (8.0%)]	Loss: 0.14812849462032318
[2023-05-02 18:22:49] Train Epoch: 6 [2400/20000 (12.0%)]	Loss: 0.1892572045326233
[2023-05-02 18:22:50] Train Epoch: 6 [3200/20000 (16.0%)]	Loss: 0.14423362910747528
[2023-05-02 18:22:50] Train Epoch: 6 [4000/20000 (20.0%)]	Loss: 0.07472884654998779
[2023-05-02 18:22:50] Train Epoch: 6 [4800/20000 (24.0%)]	Loss: 0.07172789424657822
[2023-05-02 18:22:52] Train Epoch: 6 [5600/20000 (28.0%)]	Loss: 0.259255975484848
[2023-05-02 18:22:52] Train Epoch: 6 [6400/20000 (32.0%)]	Loss: 0.08633631467819214
[2023-05-02 18:22:53] Train Epoch: 6 [7200/20000 (36.0%)]	Loss: 0.1876654028892517
[2023-05-02 18:22:53] Train Epoch: 6 [8000/20000 (40.0%)]	Loss: 0.2712751626968384
[2023-05-02 18:22:53] Train Epoch: 6 [8800/20000 (44.0%)]	Loss: 0.37680426239967346
[2023-05-02 18:22:53] Train Epoch: 6 [9600/20000 (48.0%)]	Loss: 0.09369287639856339
[2023-05-02 18:22:54] Train Epoch: 6 [10400/20000 (52.0%)]	Loss: 0.14079660177230835
[2023-05-02 18:22:54] Train Epoch: 6 [11200/20000 (56.0%)]	Loss: 0.2535126805305481
[2023-05-02 18:22:54] Train Epoch: 6 [12000/20000 (60.0%)]	Loss: 0.14347033202648163
[2023-05-02 18:22:56] Train Epoch: 6 [12800/20000 (64.0%)]	Loss: 0.15861552953720093
[2023-05-02 18:22:56] Train Epoch: 6 [13600/20000 (68.0%)]	Loss: 0.15219439566135406
[2023-05-02 18:22:57] Train Epoch: 6 [14400/20000 (72.0%)]	Loss: 0.1305849552154541
[2023-05-02 18:22:57] Train Epoch: 6 [15200/20000 (76.0%)]	Loss: 0.05226932466030121
[2023-05-02 18:22:57] Train Epoch: 6 [16000/20000 (80.0%)]	Loss: 0.15157252550125122
[2023-05-02 18:22:57] Train Epoch: 6 [16800/20000 (84.0%)]	Loss: 0.15135250985622406
[2023-05-02 18:22:58] Train Epoch: 6 [17600/20000 (88.0%)]	Loss: 0.21758940815925598
[2023-05-02 18:22:58] Train Epoch: 6 [18400/20000 (92.0%)]	Loss: 0.10231564193964005
[2023-05-02 18:23:00] Train Epoch: 6 [19200/20000 (96.0%)]	Loss: 0.19144076108932495
[2023-05-02 18:23:05] ========== Metrics ==========
[2023-05-02 18:23:05] {
  "tr_loss": 0.16428217336092846,
  "tr_acc": 0.9414441444144415,
  "tr_f1": 0.9410699008605506,
  "val_loss": 0.4102822397546841,
  "val_acc": 0.8182625688399361,
  "val_f1": 0.818906001062135,
  "test_loss": 0.36715162422275804,
  "test_acc": 0.8265582655826558,
  "test_f1": 0.8232044198895027
}
[2023-05-02 18:23:05] ========== Metrics ==========
[2023-05-02 18:23:07] Train Epoch: 7 [0/20000 (0.0%)]	Loss: 0.096121646463871
[2023-05-02 18:23:07] Train Epoch: 7 [800/20000 (4.0%)]	Loss: 0.11718340218067169
[2023-05-02 18:23:08] Train Epoch: 7 [1600/20000 (8.0%)]	Loss: 0.1881464272737503
[2023-05-02 18:23:08] Train Epoch: 7 [2400/20000 (12.0%)]	Loss: 0.1475726217031479
[2023-05-02 18:23:08] Train Epoch: 7 [3200/20000 (16.0%)]	Loss: 0.10935867577791214
[2023-05-02 18:23:08] Train Epoch: 7 [4000/20000 (20.0%)]	Loss: 0.10392143577337265
[2023-05-02 18:23:09] Train Epoch: 7 [4800/20000 (24.0%)]	Loss: 0.21872135996818542
[2023-05-02 18:23:09] Train Epoch: 7 [5600/20000 (28.0%)]	Loss: 0.037869710475206375
[2023-05-02 18:23:11] Train Epoch: 7 [6400/20000 (32.0%)]	Loss: 0.17034944891929626
[2023-05-02 18:23:11] Train Epoch: 7 [7200/20000 (36.0%)]	Loss: 0.22913451492786407
[2023-05-02 18:23:12] Train Epoch: 7 [8000/20000 (40.0%)]	Loss: 0.17986305058002472
[2023-05-02 18:23:12] Train Epoch: 7 [8800/20000 (44.0%)]	Loss: 0.2621535062789917
[2023-05-02 18:23:12] Train Epoch: 7 [9600/20000 (48.0%)]	Loss: 0.2773204743862152
[2023-05-02 18:23:12] Train Epoch: 7 [10400/20000 (52.0%)]	Loss: 0.07601919770240784
[2023-05-02 18:23:13] Train Epoch: 7 [11200/20000 (56.0%)]	Loss: 0.07091982662677765
[2023-05-02 18:23:13] Train Epoch: 7 [12000/20000 (60.0%)]	Loss: 0.2597498297691345
[2023-05-02 18:23:14] Train Epoch: 7 [12800/20000 (64.0%)]	Loss: 0.09854238480329514
[2023-05-02 18:23:15] Train Epoch: 7 [13600/20000 (68.0%)]	Loss: 0.06626050174236298
[2023-05-02 18:23:15] Train Epoch: 7 [14400/20000 (72.0%)]	Loss: 0.18329158425331116
[2023-05-02 18:23:16] Train Epoch: 7 [15200/20000 (76.0%)]	Loss: 0.21716858446598053
[2023-05-02 18:23:16] Train Epoch: 7 [16000/20000 (80.0%)]	Loss: 0.029241256415843964
[2023-05-02 18:23:16] Train Epoch: 7 [16800/20000 (84.0%)]	Loss: 0.1792861968278885
[2023-05-02 18:23:16] Train Epoch: 7 [17600/20000 (88.0%)]	Loss: 0.11145133525133133
[2023-05-02 18:23:17] Train Epoch: 7 [18400/20000 (92.0%)]	Loss: 0.35841134190559387
[2023-05-02 18:23:17] Train Epoch: 7 [19200/20000 (96.0%)]	Loss: 0.11499808728694916
[2023-05-02 18:23:23] ========== Metrics ==========
[2023-05-02 18:23:23] {
  "tr_loss": 0.15854726234028632,
  "tr_acc": 0.9450445044504451,
  "tr_f1": 0.9448708301981439,
  "val_loss": 0.41044291905260655,
  "val_acc": 0.8177296144963582,
  "val_f1": 0.8187279151943463,
  "test_loss": 0.36695641618434005,
  "test_acc": 0.8292682926829268,
  "test_f1": 0.8264462809917357
}
[2023-05-02 18:23:23] ========== Metrics ==========
[2023-05-02 18:23:24] Train Epoch: 8 [0/20000 (0.0%)]	Loss: 0.25088435411453247
[2023-05-02 18:23:24] Train Epoch: 8 [800/20000 (4.0%)]	Loss: 0.11653769016265869
[2023-05-02 18:23:24] Train Epoch: 8 [1600/20000 (8.0%)]	Loss: 0.37653499841690063
[2023-05-02 18:23:25] Train Epoch: 8 [2400/20000 (12.0%)]	Loss: 0.061159778386354446
[2023-05-02 18:23:26] Train Epoch: 8 [3200/20000 (16.0%)]	Loss: 0.06596709042787552
[2023-05-02 18:23:26] Train Epoch: 8 [4000/20000 (20.0%)]	Loss: 0.07946215569972992
[2023-05-02 18:23:27] Train Epoch: 8 [4800/20000 (24.0%)]	Loss: 0.17888584733009338
[2023-05-02 18:23:27] Train Epoch: 8 [5600/20000 (28.0%)]	Loss: 0.16211260855197906
[2023-05-02 18:23:27] Train Epoch: 8 [6400/20000 (32.0%)]	Loss: 0.05688316375017166
[2023-05-02 18:23:27] Train Epoch: 8 [7200/20000 (36.0%)]	Loss: 0.14900703728199005
[2023-05-02 18:23:28] Train Epoch: 8 [8000/20000 (40.0%)]	Loss: 0.16382022202014923
[2023-05-02 18:23:28] Train Epoch: 8 [8800/20000 (44.0%)]	Loss: 0.15928694605827332
[2023-05-02 18:23:28] Train Epoch: 8 [9600/20000 (48.0%)]	Loss: 0.10203395783901215
[2023-05-02 18:23:30] Train Epoch: 8 [10400/20000 (52.0%)]	Loss: 0.13544224202632904
[2023-05-02 18:23:30] Train Epoch: 8 [11200/20000 (56.0%)]	Loss: 0.06829589605331421
[2023-05-02 18:23:31] Train Epoch: 8 [12000/20000 (60.0%)]	Loss: 0.0804506242275238
[2023-05-02 18:23:31] Train Epoch: 8 [12800/20000 (64.0%)]	Loss: 0.2945496439933777
[2023-05-02 18:23:31] Train Epoch: 8 [13600/20000 (68.0%)]	Loss: 0.19196906685829163
[2023-05-02 18:23:31] Train Epoch: 8 [14400/20000 (72.0%)]	Loss: 0.1211610957980156
[2023-05-02 18:23:32] Train Epoch: 8 [15200/20000 (76.0%)]	Loss: 0.31124386191368103
[2023-05-02 18:23:32] Train Epoch: 8 [16000/20000 (80.0%)]	Loss: 0.10107018053531647
[2023-05-02 18:23:33] Train Epoch: 8 [16800/20000 (84.0%)]	Loss: 0.3607238233089447
[2023-05-02 18:23:34] Train Epoch: 8 [17600/20000 (88.0%)]	Loss: 0.15313775837421417
[2023-05-02 18:23:34] Train Epoch: 8 [18400/20000 (92.0%)]	Loss: 0.07550667226314545
[2023-05-02 18:23:34] Train Epoch: 8 [19200/20000 (96.0%)]	Loss: 0.11911936849355698
[2023-05-02 18:23:40] ========== Metrics ==========
[2023-05-02 18:23:40] {
  "tr_loss": 0.1564243285357803,
  "tr_acc": 0.9454945494549455,
  "tr_f1": 0.9452371382636655,
  "val_loss": 0.41230177332948764,
  "val_acc": 0.8168413572570616,
  "val_f1": 0.8199126637554586,
  "test_loss": 0.41267466868165387,
  "test_acc": 0.8319783197831978,
  "test_f1": 0.8315217391304347
}
[2023-05-02 18:23:40] ========== Metrics ==========
[2023-05-02 18:23:41] Train Epoch: 9 [0/20000 (0.0%)]	Loss: 0.2205292284488678
[2023-05-02 18:23:41] Train Epoch: 9 [800/20000 (4.0%)]	Loss: 0.28670307993888855
[2023-05-02 18:23:42] Train Epoch: 9 [1600/20000 (8.0%)]	Loss: 0.08314433693885803
[2023-05-02 18:23:42] Train Epoch: 9 [2400/20000 (12.0%)]	Loss: 0.19081705808639526
[2023-05-02 18:23:42] Train Epoch: 9 [3200/20000 (16.0%)]	Loss: 0.059821806848049164
[2023-05-02 18:23:42] Train Epoch: 9 [4000/20000 (20.0%)]	Loss: 0.11024855822324753
[2023-05-02 18:23:43] Train Epoch: 9 [4800/20000 (24.0%)]	Loss: 0.09418179094791412
[2023-05-02 18:23:43] Train Epoch: 9 [5600/20000 (28.0%)]	Loss: 0.08045139163732529
[2023-05-02 18:23:45] Train Epoch: 9 [6400/20000 (32.0%)]	Loss: 0.08737319707870483
[2023-05-02 18:23:45] Train Epoch: 9 [7200/20000 (36.0%)]	Loss: 0.12600408494472504
[2023-05-02 18:23:46] Train Epoch: 9 [8000/20000 (40.0%)]	Loss: 0.25473982095718384
[2023-05-02 18:23:46] Train Epoch: 9 [8800/20000 (44.0%)]	Loss: 0.11849220842123032
[2023-05-02 18:23:46] Train Epoch: 9 [9600/20000 (48.0%)]	Loss: 0.31968480348587036
[2023-05-02 18:23:46] Train Epoch: 9 [10400/20000 (52.0%)]	Loss: 0.39889290928840637
[2023-05-02 18:23:47] Train Epoch: 9 [11200/20000 (56.0%)]	Loss: 0.13076938688755035
[2023-05-02 18:23:48] Train Epoch: 9 [12000/20000 (60.0%)]	Loss: 0.19770827889442444
[2023-05-02 18:23:49] Train Epoch: 9 [12800/20000 (64.0%)]	Loss: 0.07010733336210251
[2023-05-02 18:23:49] Train Epoch: 9 [13600/20000 (68.0%)]	Loss: 0.033035121858119965
[2023-05-02 18:23:49] Train Epoch: 9 [14400/20000 (72.0%)]	Loss: 0.14054708182811737
[2023-05-02 18:23:49] Train Epoch: 9 [15200/20000 (76.0%)]	Loss: 0.18509890139102936
[2023-05-02 18:23:50] Train Epoch: 9 [16000/20000 (80.0%)]	Loss: 0.04062362015247345
[2023-05-02 18:23:50] Train Epoch: 9 [16800/20000 (84.0%)]	Loss: 0.27230104804039
[2023-05-02 18:23:50] Train Epoch: 9 [17600/20000 (88.0%)]	Loss: 0.17426826059818268
[2023-05-02 18:23:52] Train Epoch: 9 [18400/20000 (92.0%)]	Loss: 0.07631352543830872
[2023-05-02 18:23:53] Train Epoch: 9 [19200/20000 (96.0%)]	Loss: 0.14657340943813324
[2023-05-02 18:23:58] ========== Metrics ==========
[2023-05-02 18:23:58] {
  "tr_loss": 0.14792041201563594,
  "tr_acc": 0.9470947094709471,
  "tr_f1": 0.9468875502008032,
  "val_loss": 0.4103417914975577,
  "val_acc": 0.8154201456741872,
  "val_f1": 0.8163337458016616,
  "test_loss": 0.3640281585496939,
  "test_acc": 0.8319783197831978,
  "test_f1": 0.8287292817679557
}
[2023-05-02 18:23:58] ========== Metrics ==========
[2023-05-02 18:24:00] Train Epoch: 10 [0/20000 (0.0%)]	Loss: 0.15316157042980194
[2023-05-02 18:24:00] Train Epoch: 10 [800/20000 (4.0%)]	Loss: 0.07941105961799622
[2023-05-02 18:24:00] Train Epoch: 10 [1600/20000 (8.0%)]	Loss: 0.16864506900310516
[2023-05-02 18:24:00] Train Epoch: 10 [2400/20000 (12.0%)]	Loss: 0.22655250132083893
[2023-05-02 18:24:01] Train Epoch: 10 [3200/20000 (16.0%)]	Loss: 0.042719945311546326
[2023-05-02 18:24:01] Train Epoch: 10 [4000/20000 (20.0%)]	Loss: 0.30674171447753906
[2023-05-02 18:24:01] Train Epoch: 10 [4800/20000 (24.0%)]	Loss: 0.08546392619609833
[2023-05-02 18:24:03] Train Epoch: 10 [5600/20000 (28.0%)]	Loss: 0.14842471480369568
[2023-05-02 18:24:04] Train Epoch: 10 [6400/20000 (32.0%)]	Loss: 0.16208329796791077
[2023-05-02 18:24:04] Train Epoch: 10 [7200/20000 (36.0%)]	Loss: 0.10611667484045029
[2023-05-02 18:24:04] Train Epoch: 10 [8000/20000 (40.0%)]	Loss: 0.034673430025577545
[2023-05-02 18:24:04] Train Epoch: 10 [8800/20000 (44.0%)]	Loss: 0.04290902614593506
[2023-05-02 18:24:05] Train Epoch: 10 [9600/20000 (48.0%)]	Loss: 0.18911050260066986
[2023-05-02 18:24:05] Train Epoch: 10 [10400/20000 (52.0%)]	Loss: 0.12526004016399384
[2023-05-02 18:24:06] Train Epoch: 10 [11200/20000 (56.0%)]	Loss: 0.2821771502494812
[2023-05-02 18:24:07] Train Epoch: 10 [12000/20000 (60.0%)]	Loss: 0.08666476607322693
[2023-05-02 18:24:07] Train Epoch: 10 [12800/20000 (64.0%)]	Loss: 0.24479299783706665
[2023-05-02 18:24:08] Train Epoch: 10 [13600/20000 (68.0%)]	Loss: 0.13899724185466766
[2023-05-02 18:24:08] Train Epoch: 10 [14400/20000 (72.0%)]	Loss: 0.08997540920972824
[2023-05-02 18:24:08] Train Epoch: 10 [15200/20000 (76.0%)]	Loss: 0.3437274694442749
[2023-05-02 18:24:08] Train Epoch: 10 [16000/20000 (80.0%)]	Loss: 0.16012296080589294
[2023-05-02 18:24:09] Train Epoch: 10 [16800/20000 (84.0%)]	Loss: 0.09816528111696243
[2023-05-02 18:24:09] Train Epoch: 10 [17600/20000 (88.0%)]	Loss: 0.1749383956193924
[2023-05-02 18:24:11] Train Epoch: 10 [18400/20000 (92.0%)]	Loss: 0.417415589094162
[2023-05-02 18:24:11] Train Epoch: 10 [19200/20000 (96.0%)]	Loss: 0.11830613017082214
[2023-05-02 18:24:16] ========== Metrics ==========
[2023-05-02 18:24:16] {
  "tr_loss": 0.14492950393314516,
  "tr_acc": 0.9485448544854486,
  "tr_f1": 0.9482836608533951,
  "val_loss": 0.4116632638085183,
  "val_acc": 0.8179072659442175,
  "val_f1": 0.8201438848920863,
  "test_loss": 0.3620864106468392,
  "test_acc": 0.8292682926829268,
  "test_f1": 0.8283378746594006
}
[2023-05-02 18:24:16] ========== Metrics ==========
[2023-05-02 18:24:18] Train Epoch: 11 [0/20000 (0.0%)]	Loss: 0.1941823810338974
[2023-05-02 18:24:18] Train Epoch: 11 [800/20000 (4.0%)]	Loss: 0.14341361820697784
[2023-05-02 18:24:18] Train Epoch: 11 [1600/20000 (8.0%)]	Loss: 0.125887930393219
[2023-05-02 18:24:18] Train Epoch: 11 [2400/20000 (12.0%)]	Loss: 0.1546533703804016
[2023-05-02 18:24:19] Train Epoch: 11 [3200/20000 (16.0%)]	Loss: 0.06645181030035019
[2023-05-02 18:24:19] Train Epoch: 11 [4000/20000 (20.0%)]	Loss: 0.17597827315330505
[2023-05-02 18:24:19] Train Epoch: 11 [4800/20000 (24.0%)]	Loss: 0.21958313882350922
[2023-05-02 18:24:23] Train Epoch: 11 [5600/20000 (28.0%)]	Loss: 0.06640011817216873
[2023-05-02 18:24:23] Train Epoch: 11 [6400/20000 (32.0%)]	Loss: 0.10192643105983734
[2023-05-02 18:24:28] Train Epoch: 11 [7200/20000 (36.0%)]	Loss: 0.05859140679240227
[2023-05-02 18:24:29] Train Epoch: 11 [8000/20000 (40.0%)]	Loss: 0.11187019944190979
[2023-05-02 18:24:37] Train Epoch: 11 [8800/20000 (44.0%)]	Loss: 0.20527775585651398
[2023-05-02 18:24:48] Train Epoch: 11 [9600/20000 (48.0%)]	Loss: 0.10804704576730728
[2023-05-02 18:24:53] Train Epoch: 11 [10400/20000 (52.0%)]	Loss: 0.03887786716222763
[2023-05-02 18:25:03] Train Epoch: 11 [11200/20000 (56.0%)]	Loss: 0.1546454131603241
[2023-05-02 18:25:17] Train Epoch: 11 [12000/20000 (60.0%)]	Loss: 0.05898541584610939
[2023-05-02 18:25:23] Train Epoch: 11 [12800/20000 (64.0%)]	Loss: 0.035400841385126114
[2023-05-02 18:25:23] Train Epoch: 11 [13600/20000 (68.0%)]	Loss: 0.19241280853748322
[2023-05-02 18:25:24] Train Epoch: 11 [14400/20000 (72.0%)]	Loss: 0.0244147852063179
[2023-05-02 18:25:30] Train Epoch: 11 [15200/20000 (76.0%)]	Loss: 0.17404761910438538
[2023-05-02 18:25:32] Train Epoch: 11 [16000/20000 (80.0%)]	Loss: 0.2518727779388428
[2023-05-02 18:25:32] Train Epoch: 11 [16800/20000 (84.0%)]	Loss: 0.03628837317228317
[2023-05-02 18:25:33] Train Epoch: 11 [17600/20000 (88.0%)]	Loss: 0.12891194224357605
[2023-05-02 18:25:33] Train Epoch: 11 [18400/20000 (92.0%)]	Loss: 0.036814332008361816
[2023-05-02 18:25:33] Train Epoch: 11 [19200/20000 (96.0%)]	Loss: 0.14811496436595917
[2023-05-02 18:25:38] Stop At epoch 11/20 due to valid not increase
[2023-05-02 18:25:40] ========== Metrics ==========
[2023-05-02 18:25:40] {
  "tr_loss": 0.13953500747135228,
  "tr_acc": 0.9518951895189519,
  "tr_f1": 0.9517359020670279,
  "val_loss": 0.41189051097992535,
  "val_acc": 0.8180849173920768,
  "val_f1": 0.8202878202878203,
  "test_loss": 0.36978797731683827,
  "test_acc": 0.8319783197831978,
  "test_f1": 0.8306010928961748
}
[2023-05-02 18:25:40] ========== Metrics ==========
