[2023-05-03 15:24:37] Train Epoch: 1 [0/20000 (0.0%)]	Loss: 0.8399727940559387
[2023-05-03 15:24:37] Train Epoch: 1 [800/20000 (4.0%)]	Loss: 0.6863695383071899
[2023-05-03 15:24:38] Train Epoch: 1 [1600/20000 (8.0%)]	Loss: 0.7106586694717407
[2023-05-03 15:24:38] Train Epoch: 1 [2400/20000 (12.0%)]	Loss: 0.7038121223449707
[2023-05-03 15:24:38] Train Epoch: 1 [3200/20000 (16.0%)]	Loss: 0.7267946600914001
[2023-05-03 15:24:38] Train Epoch: 1 [4000/20000 (20.0%)]	Loss: 0.6476798057556152
[2023-05-03 15:24:38] Train Epoch: 1 [4800/20000 (24.0%)]	Loss: 0.7406736016273499
[2023-05-03 15:24:39] Train Epoch: 1 [5600/20000 (28.0%)]	Loss: 0.6718978881835938
[2023-05-03 15:24:39] Train Epoch: 1 [6400/20000 (32.0%)]	Loss: 0.6785857081413269
[2023-05-03 15:24:39] Train Epoch: 1 [7200/20000 (36.0%)]	Loss: 0.711275577545166
[2023-05-03 15:24:39] Train Epoch: 1 [8000/20000 (40.0%)]	Loss: 0.6952477097511292
[2023-05-03 15:24:39] Train Epoch: 1 [8800/20000 (44.0%)]	Loss: 0.6621176600456238
[2023-05-03 15:24:40] Train Epoch: 1 [9600/20000 (48.0%)]	Loss: 0.6964818835258484
[2023-05-03 15:24:40] Train Epoch: 1 [10400/20000 (52.0%)]	Loss: 0.688437283039093
[2023-05-03 15:24:40] Train Epoch: 1 [11200/20000 (56.0%)]	Loss: 0.704235851764679
[2023-05-03 15:24:40] Train Epoch: 1 [12000/20000 (60.0%)]	Loss: 0.6745052337646484
[2023-05-03 15:24:40] Train Epoch: 1 [12800/20000 (64.0%)]	Loss: 0.6777306795120239
[2023-05-03 15:24:41] Train Epoch: 1 [13600/20000 (68.0%)]	Loss: 0.7085716128349304
[2023-05-03 15:24:41] Train Epoch: 1 [14400/20000 (72.0%)]	Loss: 0.6383547186851501
[2023-05-03 15:24:41] Train Epoch: 1 [15200/20000 (76.0%)]	Loss: 0.6491302251815796
[2023-05-03 15:24:41] Train Epoch: 1 [16000/20000 (80.0%)]	Loss: 0.6464726328849792
[2023-05-03 15:24:41] Train Epoch: 1 [16800/20000 (84.0%)]	Loss: 0.6021891832351685
[2023-05-03 15:24:42] Train Epoch: 1 [17600/20000 (88.0%)]	Loss: 0.6180267930030823
[2023-05-03 15:24:42] Train Epoch: 1 [18400/20000 (92.0%)]	Loss: 0.6509649753570557
[2023-05-03 15:24:42] Train Epoch: 1 [19200/20000 (96.0%)]	Loss: 0.6440703868865967
[2023-05-03 15:24:45] ========== Metrics ==========
[2023-05-03 15:24:45] {
  "tr_loss": 0.6738824222025627,
  "tr_acc": 0.5776077607760776,
  "tr_f1": 0.5814794629143338,
  "val_loss": 0.6235109916438979,
  "val_acc": 0.7337004796589092,
  "val_f1": 0.7015727652797134,
  "test_loss": 0.6481437347122647,
  "test_acc": 0.7452574525745257,
  "test_f1": 0.7080745341614907
}
[2023-05-03 15:24:45] ========== Metrics ==========
[2023-05-03 15:24:46] Train Epoch: 2 [0/20000 (0.0%)]	Loss: 0.5580276250839233
[2023-05-03 15:24:46] Train Epoch: 2 [800/20000 (4.0%)]	Loss: 0.6943605542182922
[2023-05-03 15:24:47] Train Epoch: 2 [1600/20000 (8.0%)]	Loss: 0.5575516223907471
[2023-05-03 15:24:47] Train Epoch: 2 [2400/20000 (12.0%)]	Loss: 0.5344721674919128
[2023-05-03 15:24:47] Train Epoch: 2 [3200/20000 (16.0%)]	Loss: 0.6474305391311646
[2023-05-03 15:24:47] Train Epoch: 2 [4000/20000 (20.0%)]	Loss: 0.4800352156162262
[2023-05-03 15:24:47] Train Epoch: 2 [4800/20000 (24.0%)]	Loss: 0.5991082787513733
[2023-05-03 15:24:48] Train Epoch: 2 [5600/20000 (28.0%)]	Loss: 0.6348681449890137
[2023-05-03 15:24:48] Train Epoch: 2 [6400/20000 (32.0%)]	Loss: 0.5117239952087402
[2023-05-03 15:24:48] Train Epoch: 2 [7200/20000 (36.0%)]	Loss: 0.5919815897941589
[2023-05-03 15:24:48] Train Epoch: 2 [8000/20000 (40.0%)]	Loss: 0.448377788066864
[2023-05-03 15:24:48] Train Epoch: 2 [8800/20000 (44.0%)]	Loss: 0.5049079656600952
[2023-05-03 15:24:49] Train Epoch: 2 [9600/20000 (48.0%)]	Loss: 0.63374263048172
[2023-05-03 15:24:49] Train Epoch: 2 [10400/20000 (52.0%)]	Loss: 0.6519405245780945
[2023-05-03 15:24:49] Train Epoch: 2 [11200/20000 (56.0%)]	Loss: 0.6417233943939209
[2023-05-03 15:24:49] Train Epoch: 2 [12000/20000 (60.0%)]	Loss: 0.5485419631004333
[2023-05-03 15:24:49] Train Epoch: 2 [12800/20000 (64.0%)]	Loss: 0.5447707772254944
[2023-05-03 15:24:50] Train Epoch: 2 [13600/20000 (68.0%)]	Loss: 0.4854264557361603
[2023-05-03 15:24:50] Train Epoch: 2 [14400/20000 (72.0%)]	Loss: 0.49650248885154724
[2023-05-03 15:24:50] Train Epoch: 2 [15200/20000 (76.0%)]	Loss: 0.6557605862617493
[2023-05-03 15:24:50] Train Epoch: 2 [16000/20000 (80.0%)]	Loss: 0.5414714217185974
[2023-05-03 15:24:50] Train Epoch: 2 [16800/20000 (84.0%)]	Loss: 0.33791983127593994
[2023-05-03 15:24:51] Train Epoch: 2 [17600/20000 (88.0%)]	Loss: 0.29572367668151855
[2023-05-03 15:24:51] Train Epoch: 2 [18400/20000 (92.0%)]	Loss: 0.46225258708000183
[2023-05-03 15:24:51] Train Epoch: 2 [19200/20000 (96.0%)]	Loss: 0.46503952145576477
[2023-05-03 15:24:54] ========== Metrics ==========
[2023-05-03 15:24:54] {
  "tr_loss": 0.5349771594247743,
  "tr_acc": 0.7452745274527453,
  "tr_f1": 0.7431423961274708,
  "val_loss": 0.5006752981557624,
  "val_acc": 0.7893053828388701,
  "val_f1": 0.7947386638975423,
  "test_loss": 0.49496897901622905,
  "test_acc": 0.7886178861788617,
  "test_f1": 0.7925531914893617
}
[2023-05-03 15:24:54] ========== Metrics ==========
[2023-05-03 15:24:55] Train Epoch: 3 [0/20000 (0.0%)]	Loss: 0.5824723839759827
[2023-05-03 15:24:55] Train Epoch: 3 [800/20000 (4.0%)]	Loss: 0.35055825114250183
[2023-05-03 15:24:55] Train Epoch: 3 [1600/20000 (8.0%)]	Loss: 0.38684171438217163
[2023-05-03 15:24:56] Train Epoch: 3 [2400/20000 (12.0%)]	Loss: 0.45430371165275574
[2023-05-03 15:24:56] Train Epoch: 3 [3200/20000 (16.0%)]	Loss: 0.49682939052581787
[2023-05-03 15:24:56] Train Epoch: 3 [4000/20000 (20.0%)]	Loss: 0.4862408936023712
[2023-05-03 15:24:56] Train Epoch: 3 [4800/20000 (24.0%)]	Loss: 0.3268323540687561
[2023-05-03 15:24:56] Train Epoch: 3 [5600/20000 (28.0%)]	Loss: 0.587645947933197
[2023-05-03 15:24:57] Train Epoch: 3 [6400/20000 (32.0%)]	Loss: 0.4055969715118408
[2023-05-03 15:24:57] Train Epoch: 3 [7200/20000 (36.0%)]	Loss: 0.3706202805042267
[2023-05-03 15:24:57] Train Epoch: 3 [8000/20000 (40.0%)]	Loss: 0.38482582569122314
[2023-05-03 15:24:57] Train Epoch: 3 [8800/20000 (44.0%)]	Loss: 0.297677606344223
[2023-05-03 15:24:57] Train Epoch: 3 [9600/20000 (48.0%)]	Loss: 0.2540547847747803
[2023-05-03 15:24:58] Train Epoch: 3 [10400/20000 (52.0%)]	Loss: 0.44939056038856506
[2023-05-03 15:24:58] Train Epoch: 3 [11200/20000 (56.0%)]	Loss: 0.4594312906265259
[2023-05-03 15:24:58] Train Epoch: 3 [12000/20000 (60.0%)]	Loss: 0.4064292013645172
[2023-05-03 15:24:58] Train Epoch: 3 [12800/20000 (64.0%)]	Loss: 0.37925249338150024
[2023-05-03 15:24:58] Train Epoch: 3 [13600/20000 (68.0%)]	Loss: 0.5116164088249207
[2023-05-03 15:24:59] Train Epoch: 3 [14400/20000 (72.0%)]	Loss: 0.1807813048362732
[2023-05-03 15:24:59] Train Epoch: 3 [15200/20000 (76.0%)]	Loss: 0.44006699323654175
[2023-05-03 15:24:59] Train Epoch: 3 [16000/20000 (80.0%)]	Loss: 0.22184652090072632
[2023-05-03 15:24:59] Train Epoch: 3 [16800/20000 (84.0%)]	Loss: 0.40104350447654724
[2023-05-03 15:24:59] Train Epoch: 3 [17600/20000 (88.0%)]	Loss: 0.3723582625389099
[2023-05-03 15:25:00] Train Epoch: 3 [18400/20000 (92.0%)]	Loss: 0.5537574887275696
[2023-05-03 15:25:00] Train Epoch: 3 [19200/20000 (96.0%)]	Loss: 0.4841431677341461
[2023-05-03 15:25:03] ========== Metrics ==========
[2023-05-03 15:25:03] {
  "tr_loss": 0.3896542116932564,
  "tr_acc": 0.8367336733673367,
  "tr_f1": 0.8353089533417403,
  "val_loss": 0.4445071043775907,
  "val_acc": 0.8015633327411619,
  "val_f1": 0.7984118390182277,
  "test_loss": 0.4506254286623906,
  "test_acc": 0.8048780487804879,
  "test_f1": 0.7977528089887641
}
[2023-05-03 15:25:03] ========== Metrics ==========
[2023-05-03 15:25:04] Train Epoch: 4 [0/20000 (0.0%)]	Loss: 0.28634220361709595
[2023-05-03 15:25:04] Train Epoch: 4 [800/20000 (4.0%)]	Loss: 0.14389736950397491
[2023-05-03 15:25:05] Train Epoch: 4 [1600/20000 (8.0%)]	Loss: 0.24725547432899475
[2023-05-03 15:25:05] Train Epoch: 4 [2400/20000 (12.0%)]	Loss: 0.2844580411911011
[2023-05-03 15:25:05] Train Epoch: 4 [3200/20000 (16.0%)]	Loss: 0.3357531726360321
[2023-05-03 15:25:05] Train Epoch: 4 [4000/20000 (20.0%)]	Loss: 0.3340049386024475
[2023-05-03 15:25:05] Train Epoch: 4 [4800/20000 (24.0%)]	Loss: 0.3302982449531555
[2023-05-03 15:25:06] Train Epoch: 4 [5600/20000 (28.0%)]	Loss: 0.150808185338974
[2023-05-03 15:25:06] Train Epoch: 4 [6400/20000 (32.0%)]	Loss: 0.13447041809558868
[2023-05-03 15:25:06] Train Epoch: 4 [7200/20000 (36.0%)]	Loss: 0.2527594268321991
[2023-05-03 15:25:06] Train Epoch: 4 [8000/20000 (40.0%)]	Loss: 0.35248905420303345
[2023-05-03 15:25:06] Train Epoch: 4 [8800/20000 (44.0%)]	Loss: 0.3419114351272583
[2023-05-03 15:25:07] Train Epoch: 4 [9600/20000 (48.0%)]	Loss: 0.3885047733783722
[2023-05-03 15:25:07] Train Epoch: 4 [10400/20000 (52.0%)]	Loss: 0.26268407702445984
[2023-05-03 15:25:07] Train Epoch: 4 [11200/20000 (56.0%)]	Loss: 0.1333935260772705
[2023-05-03 15:25:07] Train Epoch: 4 [12000/20000 (60.0%)]	Loss: 0.31015536189079285
[2023-05-03 15:25:07] Train Epoch: 4 [12800/20000 (64.0%)]	Loss: 0.13036826252937317
[2023-05-03 15:25:08] Train Epoch: 4 [13600/20000 (68.0%)]	Loss: 0.26110294461250305
[2023-05-03 15:25:08] Train Epoch: 4 [14400/20000 (72.0%)]	Loss: 0.22035974264144897
[2023-05-03 15:25:08] Train Epoch: 4 [15200/20000 (76.0%)]	Loss: 0.3551902174949646
[2023-05-03 15:25:08] Train Epoch: 4 [16000/20000 (80.0%)]	Loss: 0.39087167382240295
[2023-05-03 15:25:08] Train Epoch: 4 [16800/20000 (84.0%)]	Loss: 0.16101807355880737
[2023-05-03 15:25:09] Train Epoch: 4 [17600/20000 (88.0%)]	Loss: 0.1943526268005371
[2023-05-03 15:25:09] Train Epoch: 4 [18400/20000 (92.0%)]	Loss: 0.31516239047050476
[2023-05-03 15:25:09] Train Epoch: 4 [19200/20000 (96.0%)]	Loss: 0.13827967643737793
[2023-05-03 15:25:13] ========== Metrics ==========
[2023-05-03 15:25:13] {
  "tr_loss": 0.2924843754323915,
  "tr_acc": 0.8843384338433843,
  "tr_f1": 0.8835874981126378,
  "val_loss": 0.41971409022225686,
  "val_acc": 0.8102682536862675,
  "val_f1": 0.8088761632068718,
  "test_loss": 0.4265051094820183,
  "test_acc": 0.8130081300813008,
  "test_f1": 0.8088642659279779
}
[2023-05-03 15:25:13] ========== Metrics ==========
[2023-05-03 15:25:14] Train Epoch: 5 [0/20000 (0.0%)]	Loss: 0.5090453028678894
[2023-05-03 15:25:14] Train Epoch: 5 [800/20000 (4.0%)]	Loss: 0.14311420917510986
[2023-05-03 15:25:14] Train Epoch: 5 [1600/20000 (8.0%)]	Loss: 0.17463253438472748
[2023-05-03 15:25:14] Train Epoch: 5 [2400/20000 (12.0%)]	Loss: 0.203312486410141
[2023-05-03 15:25:14] Train Epoch: 5 [3200/20000 (16.0%)]	Loss: 0.17567144334316254
[2023-05-03 15:25:15] Train Epoch: 5 [4000/20000 (20.0%)]	Loss: 0.3196561634540558
[2023-05-03 15:25:15] Train Epoch: 5 [4800/20000 (24.0%)]	Loss: 0.3185361623764038
[2023-05-03 15:25:15] Train Epoch: 5 [5600/20000 (28.0%)]	Loss: 0.2845214903354645
[2023-05-03 15:25:15] Train Epoch: 5 [6400/20000 (32.0%)]	Loss: 0.24176758527755737
[2023-05-03 15:25:16] Train Epoch: 5 [7200/20000 (36.0%)]	Loss: 0.15865206718444824
[2023-05-03 15:25:16] Train Epoch: 5 [8000/20000 (40.0%)]	Loss: 0.3732706308364868
[2023-05-03 15:25:16] Train Epoch: 5 [8800/20000 (44.0%)]	Loss: 0.11570067703723907
[2023-05-03 15:25:16] Train Epoch: 5 [9600/20000 (48.0%)]	Loss: 0.08211962878704071
[2023-05-03 15:25:16] Train Epoch: 5 [10400/20000 (52.0%)]	Loss: 0.15724405646324158
[2023-05-03 15:25:17] Train Epoch: 5 [11200/20000 (56.0%)]	Loss: 0.23102863132953644
[2023-05-03 15:25:17] Train Epoch: 5 [12000/20000 (60.0%)]	Loss: 0.34060245752334595
[2023-05-03 15:25:17] Train Epoch: 5 [12800/20000 (64.0%)]	Loss: 0.09710826724767685
[2023-05-03 15:25:17] Train Epoch: 5 [13600/20000 (68.0%)]	Loss: 0.2646902799606323
[2023-05-03 15:25:17] Train Epoch: 5 [14400/20000 (72.0%)]	Loss: 0.3831353783607483
[2023-05-03 15:25:18] Train Epoch: 5 [15200/20000 (76.0%)]	Loss: 0.23321762681007385
[2023-05-03 15:25:18] Train Epoch: 5 [16000/20000 (80.0%)]	Loss: 0.2839185893535614
[2023-05-03 15:25:18] Train Epoch: 5 [16800/20000 (84.0%)]	Loss: 0.18402419984340668
[2023-05-03 15:25:18] Train Epoch: 5 [17600/20000 (88.0%)]	Loss: 0.23056022822856903
[2023-05-03 15:25:18] Train Epoch: 5 [18400/20000 (92.0%)]	Loss: 0.1890195906162262
[2023-05-03 15:25:19] Train Epoch: 5 [19200/20000 (96.0%)]	Loss: 0.21036219596862793
[2023-05-03 15:25:22] ========== Metrics ==========
[2023-05-03 15:25:22] {
  "tr_loss": 0.22813576623217705,
  "tr_acc": 0.9121412141214121,
  "tr_f1": 0.9116330533621687,
  "val_loss": 0.4125475674883513,
  "val_acc": 0.8109788594777048,
  "val_f1": 0.8133333333333335,
  "test_loss": 0.39014052860135956,
  "test_acc": 0.8184281842818428,
  "test_f1": 0.8194070080862534
}
[2023-05-03 15:25:22] ========== Metrics ==========
[2023-05-03 15:25:23] Train Epoch: 6 [0/20000 (0.0%)]	Loss: 0.2257932871580124
[2023-05-03 15:25:23] Train Epoch: 6 [800/20000 (4.0%)]	Loss: 0.14484427869319916
[2023-05-03 15:25:24] Train Epoch: 6 [1600/20000 (8.0%)]	Loss: 0.07919095456600189
[2023-05-03 15:25:24] Train Epoch: 6 [2400/20000 (12.0%)]	Loss: 0.22210142016410828
[2023-05-03 15:25:24] Train Epoch: 6 [3200/20000 (16.0%)]	Loss: 0.18331849575042725
[2023-05-03 15:25:24] Train Epoch: 6 [4000/20000 (20.0%)]	Loss: 0.24891214072704315
[2023-05-03 15:25:24] Train Epoch: 6 [4800/20000 (24.0%)]	Loss: 0.1495138704776764
[2023-05-03 15:25:25] Train Epoch: 6 [5600/20000 (28.0%)]	Loss: 0.4989783465862274
[2023-05-03 15:25:25] Train Epoch: 6 [6400/20000 (32.0%)]	Loss: 0.2056856006383896
[2023-05-03 15:25:25] Train Epoch: 6 [7200/20000 (36.0%)]	Loss: 0.36313506960868835
[2023-05-03 15:25:25] Train Epoch: 6 [8000/20000 (40.0%)]	Loss: 0.23165933787822723
[2023-05-03 15:25:26] Train Epoch: 6 [8800/20000 (44.0%)]	Loss: 0.14284351468086243
[2023-05-03 15:25:26] Train Epoch: 6 [9600/20000 (48.0%)]	Loss: 0.09854211658239365
[2023-05-03 15:25:26] Train Epoch: 6 [10400/20000 (52.0%)]	Loss: 0.18412013351917267
[2023-05-03 15:25:26] Train Epoch: 6 [11200/20000 (56.0%)]	Loss: 0.15981799364089966
[2023-05-03 15:25:26] Train Epoch: 6 [12000/20000 (60.0%)]	Loss: 0.144529327750206
[2023-05-03 15:25:27] Train Epoch: 6 [12800/20000 (64.0%)]	Loss: 0.15181122720241547
[2023-05-03 15:25:27] Train Epoch: 6 [13600/20000 (68.0%)]	Loss: 0.1521778553724289
[2023-05-03 15:25:27] Train Epoch: 6 [14400/20000 (72.0%)]	Loss: 0.16842833161354065
[2023-05-03 15:25:27] Train Epoch: 6 [15200/20000 (76.0%)]	Loss: 0.15045130252838135
[2023-05-03 15:25:27] Train Epoch: 6 [16000/20000 (80.0%)]	Loss: 0.21983183920383453
[2023-05-03 15:25:28] Train Epoch: 6 [16800/20000 (84.0%)]	Loss: 0.08551765978336334
[2023-05-03 15:25:28] Train Epoch: 6 [17600/20000 (88.0%)]	Loss: 0.29651594161987305
[2023-05-03 15:25:28] Train Epoch: 6 [18400/20000 (92.0%)]	Loss: 0.2669896185398102
[2023-05-03 15:25:28] Train Epoch: 6 [19200/20000 (96.0%)]	Loss: 0.11268136650323868
[2023-05-03 15:25:32] ========== Metrics ==========
[2023-05-03 15:25:32] {
  "tr_loss": 0.16994701678788188,
  "tr_acc": 0.9394439443944395,
  "tr_f1": 0.9391120719995977,
  "val_loss": 0.41108320805123866,
  "val_acc": 0.8122224196127198,
  "val_f1": 0.8135473628505909,
  "test_loss": 0.3921993812571373,
  "test_acc": 0.8265582655826558,
  "test_f1": 0.8260869565217391
}
[2023-05-03 15:25:32] ========== Metrics ==========
[2023-05-03 15:25:33] Train Epoch: 7 [0/20000 (0.0%)]	Loss: 0.27897322177886963
[2023-05-03 15:25:33] Train Epoch: 7 [800/20000 (4.0%)]	Loss: 0.1947300285100937
[2023-05-03 15:25:34] Train Epoch: 7 [1600/20000 (8.0%)]	Loss: 0.04756532609462738
[2023-05-03 15:25:34] Train Epoch: 7 [2400/20000 (12.0%)]	Loss: 0.3569536507129669
[2023-05-03 15:25:34] Train Epoch: 7 [3200/20000 (16.0%)]	Loss: 0.12454672157764435
[2023-05-03 15:25:34] Train Epoch: 7 [4000/20000 (20.0%)]	Loss: 0.16803641617298126
[2023-05-03 15:25:34] Train Epoch: 7 [4800/20000 (24.0%)]	Loss: 0.1975223571062088
[2023-05-03 15:25:35] Train Epoch: 7 [5600/20000 (28.0%)]	Loss: 0.24456216394901276
[2023-05-03 15:25:35] Train Epoch: 7 [6400/20000 (32.0%)]	Loss: 0.12909704446792603
[2023-05-03 15:25:35] Train Epoch: 7 [7200/20000 (36.0%)]	Loss: 0.08821878582239151
[2023-05-03 15:25:35] Train Epoch: 7 [8000/20000 (40.0%)]	Loss: 0.09219487011432648
[2023-05-03 15:25:35] Train Epoch: 7 [8800/20000 (44.0%)]	Loss: 0.11580292880535126
[2023-05-03 15:25:36] Train Epoch: 7 [9600/20000 (48.0%)]	Loss: 0.19127973914146423
[2023-05-03 15:25:36] Train Epoch: 7 [10400/20000 (52.0%)]	Loss: 0.1339397132396698
[2023-05-03 15:25:36] Train Epoch: 7 [11200/20000 (56.0%)]	Loss: 0.10345344245433807
[2023-05-03 15:25:36] Train Epoch: 7 [12000/20000 (60.0%)]	Loss: 0.15576320886611938
[2023-05-03 15:25:36] Train Epoch: 7 [12800/20000 (64.0%)]	Loss: 0.12182198464870453
[2023-05-03 15:25:37] Train Epoch: 7 [13600/20000 (68.0%)]	Loss: 0.18995752930641174
[2023-05-03 15:25:37] Train Epoch: 7 [14400/20000 (72.0%)]	Loss: 0.10434585064649582
[2023-05-03 15:25:37] Train Epoch: 7 [15200/20000 (76.0%)]	Loss: 0.06968028843402863
[2023-05-03 15:25:37] Train Epoch: 7 [16000/20000 (80.0%)]	Loss: 0.17965613305568695
[2023-05-03 15:25:37] Train Epoch: 7 [16800/20000 (84.0%)]	Loss: 0.24073143303394318
[2023-05-03 15:25:38] Train Epoch: 7 [17600/20000 (88.0%)]	Loss: 0.20036396384239197
[2023-05-03 15:25:38] Train Epoch: 7 [18400/20000 (92.0%)]	Loss: 0.05063139274716377
[2023-05-03 15:25:38] Train Epoch: 7 [19200/20000 (96.0%)]	Loss: 0.13650019466876984
[2023-05-03 15:25:42] ========== Metrics ==========
[2023-05-03 15:25:42] {
  "tr_loss": 0.16891246905164942,
  "tr_acc": 0.9407940794079408,
  "tr_f1": 0.9405861099959856,
  "val_loss": 0.4101950039679764,
  "val_acc": 0.8127553739562977,
  "val_f1": 0.8137809187279152,
  "test_loss": 0.39421345935604435,
  "test_acc": 0.8238482384823849,
  "test_f1": 0.8238482384823849
}
[2023-05-03 15:25:42] ========== Metrics ==========
[2023-05-03 15:25:43] Train Epoch: 8 [0/20000 (0.0%)]	Loss: 0.21788322925567627
[2023-05-03 15:25:43] Train Epoch: 8 [800/20000 (4.0%)]	Loss: 0.13405098021030426
[2023-05-03 15:25:43] Train Epoch: 8 [1600/20000 (8.0%)]	Loss: 0.39794933795928955
[2023-05-03 15:25:43] Train Epoch: 8 [2400/20000 (12.0%)]	Loss: 0.16549888253211975
[2023-05-03 15:25:43] Train Epoch: 8 [3200/20000 (16.0%)]	Loss: 0.0595436617732048
[2023-05-03 15:25:44] Train Epoch: 8 [4000/20000 (20.0%)]	Loss: 0.06445091962814331
[2023-05-03 15:25:44] Train Epoch: 8 [4800/20000 (24.0%)]	Loss: 0.07783103734254837
[2023-05-03 15:25:44] Train Epoch: 8 [5600/20000 (28.0%)]	Loss: 0.23494812846183777
[2023-05-03 15:25:44] Train Epoch: 8 [6400/20000 (32.0%)]	Loss: 0.13346056640148163
[2023-05-03 15:25:44] Train Epoch: 8 [7200/20000 (36.0%)]	Loss: 0.06340357661247253
[2023-05-03 15:25:45] Train Epoch: 8 [8000/20000 (40.0%)]	Loss: 0.4306660294532776
[2023-05-03 15:25:45] Train Epoch: 8 [8800/20000 (44.0%)]	Loss: 0.2329258918762207
[2023-05-03 15:25:45] Train Epoch: 8 [9600/20000 (48.0%)]	Loss: 0.3826080858707428
[2023-05-03 15:25:45] Train Epoch: 8 [10400/20000 (52.0%)]	Loss: 0.2075302004814148
[2023-05-03 15:25:45] Train Epoch: 8 [11200/20000 (56.0%)]	Loss: 0.34072914719581604
[2023-05-03 15:25:46] Train Epoch: 8 [12000/20000 (60.0%)]	Loss: 0.31776586174964905
[2023-05-03 15:25:46] Train Epoch: 8 [12800/20000 (64.0%)]	Loss: 0.17743809521198273
[2023-05-03 15:25:46] Train Epoch: 8 [13600/20000 (68.0%)]	Loss: 0.267683207988739
[2023-05-03 15:25:46] Train Epoch: 8 [14400/20000 (72.0%)]	Loss: 0.07685878872871399
[2023-05-03 15:25:46] Train Epoch: 8 [15200/20000 (76.0%)]	Loss: 0.08729401230812073
[2023-05-03 15:25:47] Train Epoch: 8 [16000/20000 (80.0%)]	Loss: 0.306554913520813
[2023-05-03 15:25:47] Train Epoch: 8 [16800/20000 (84.0%)]	Loss: 0.05106940492987633
[2023-05-03 15:25:47] Train Epoch: 8 [17600/20000 (88.0%)]	Loss: 0.059328578412532806
[2023-05-03 15:25:47] Train Epoch: 8 [18400/20000 (92.0%)]	Loss: 0.331241637468338
[2023-05-03 15:25:48] Train Epoch: 8 [19200/20000 (96.0%)]	Loss: 0.1380484700202942
[2023-05-03 15:25:51] ========== Metrics ==========
[2023-05-03 15:25:51] {
  "tr_loss": 0.16058831720879607,
  "tr_acc": 0.9442944294429443,
  "tr_f1": 0.9440650733078931,
  "val_loss": 0.40953876119160615,
  "val_acc": 0.8127553739562977,
  "val_f1": 0.8133852691218131,
  "test_loss": 0.38711202887661733,
  "test_acc": 0.8265582655826558,
  "test_f1": 0.8260869565217391
}
[2023-05-03 15:25:51] ========== Metrics ==========
[2023-05-03 15:25:52] Train Epoch: 9 [0/20000 (0.0%)]	Loss: 0.16899925470352173
[2023-05-03 15:25:52] Train Epoch: 9 [800/20000 (4.0%)]	Loss: 0.2886657118797302
[2023-05-03 15:25:52] Train Epoch: 9 [1600/20000 (8.0%)]	Loss: 0.10724978148937225
[2023-05-03 15:25:53] Train Epoch: 9 [2400/20000 (12.0%)]	Loss: 0.08255383372306824
[2023-05-03 15:25:53] Train Epoch: 9 [3200/20000 (16.0%)]	Loss: 0.2155126929283142
[2023-05-03 15:25:53] Train Epoch: 9 [4000/20000 (20.0%)]	Loss: 0.2785278260707855
[2023-05-03 15:25:53] Train Epoch: 9 [4800/20000 (24.0%)]	Loss: 0.1567421555519104
[2023-05-03 15:25:53] Train Epoch: 9 [5600/20000 (28.0%)]	Loss: 0.2215273380279541
[2023-05-03 15:25:54] Train Epoch: 9 [6400/20000 (32.0%)]	Loss: 0.24907056987285614
[2023-05-03 15:25:54] Train Epoch: 9 [7200/20000 (36.0%)]	Loss: 0.09412257373332977
[2023-05-03 15:25:54] Train Epoch: 9 [8000/20000 (40.0%)]	Loss: 0.16476693749427795
[2023-05-03 15:25:54] Train Epoch: 9 [8800/20000 (44.0%)]	Loss: 0.14446431398391724
[2023-05-03 15:25:54] Train Epoch: 9 [9600/20000 (48.0%)]	Loss: 0.21553833782672882
[2023-05-03 15:25:55] Train Epoch: 9 [10400/20000 (52.0%)]	Loss: 0.16020989418029785
[2023-05-03 15:25:55] Train Epoch: 9 [11200/20000 (56.0%)]	Loss: 0.19345936179161072
[2023-05-03 15:25:55] Train Epoch: 9 [12000/20000 (60.0%)]	Loss: 0.0940062627196312
[2023-05-03 15:25:55] Train Epoch: 9 [12800/20000 (64.0%)]	Loss: 0.2974955141544342
[2023-05-03 15:25:56] Train Epoch: 9 [13600/20000 (68.0%)]	Loss: 0.044652849435806274
[2023-05-03 15:25:56] Train Epoch: 9 [14400/20000 (72.0%)]	Loss: 0.41017240285873413
[2023-05-03 15:25:56] Train Epoch: 9 [15200/20000 (76.0%)]	Loss: 0.12322832643985748
[2023-05-03 15:25:56] Train Epoch: 9 [16000/20000 (80.0%)]	Loss: 0.18482381105422974
[2023-05-03 15:25:57] Train Epoch: 9 [16800/20000 (84.0%)]	Loss: 0.14944952726364136
[2023-05-03 15:25:57] Train Epoch: 9 [17600/20000 (88.0%)]	Loss: 0.10972375422716141
[2023-05-03 15:25:57] Train Epoch: 9 [18400/20000 (92.0%)]	Loss: 0.1693916916847229
[2023-05-03 15:25:57] Train Epoch: 9 [19200/20000 (96.0%)]	Loss: 0.14889682829380035
[2023-05-03 15:26:01] ========== Metrics ==========
[2023-05-03 15:26:01] {
  "tr_loss": 0.15196567606536707,
  "tr_acc": 0.9473947394739474,
  "tr_f1": 0.9472258452894552,
  "val_loss": 0.4091037155828376,
  "val_acc": 0.8125777225084384,
  "val_f1": 0.8132412816427688,
  "test_loss": 0.40456360982362494,
  "test_acc": 0.8184281842818428,
  "test_f1": 0.8164383561643836
}
[2023-05-03 15:26:01] ========== Metrics ==========
[2023-05-03 15:26:02] Train Epoch: 10 [0/20000 (0.0%)]	Loss: 0.2386140078306198
[2023-05-03 15:26:02] Train Epoch: 10 [800/20000 (4.0%)]	Loss: 0.18698298931121826
[2023-05-03 15:26:02] Train Epoch: 10 [1600/20000 (8.0%)]	Loss: 0.3348768651485443
[2023-05-03 15:26:02] Train Epoch: 10 [2400/20000 (12.0%)]	Loss: 0.12180982530117035
[2023-05-03 15:26:03] Train Epoch: 10 [3200/20000 (16.0%)]	Loss: 0.30105218291282654
[2023-05-03 15:26:03] Train Epoch: 10 [4000/20000 (20.0%)]	Loss: 0.25403934717178345
[2023-05-03 15:26:03] Train Epoch: 10 [4800/20000 (24.0%)]	Loss: 0.0814252495765686
[2023-05-03 15:26:03] Train Epoch: 10 [5600/20000 (28.0%)]	Loss: 0.04913422092795372
[2023-05-03 15:26:03] Train Epoch: 10 [6400/20000 (32.0%)]	Loss: 0.10118549317121506
[2023-05-03 15:26:04] Train Epoch: 10 [7200/20000 (36.0%)]	Loss: 0.2587071359157562
[2023-05-03 15:26:04] Train Epoch: 10 [8000/20000 (40.0%)]	Loss: 0.22996699810028076
[2023-05-03 15:26:04] Train Epoch: 10 [8800/20000 (44.0%)]	Loss: 0.06262589991092682
[2023-05-03 15:26:04] Train Epoch: 10 [9600/20000 (48.0%)]	Loss: 0.1441863477230072
[2023-05-03 15:26:04] Train Epoch: 10 [10400/20000 (52.0%)]	Loss: 0.15002231299877167
[2023-05-03 15:26:05] Train Epoch: 10 [11200/20000 (56.0%)]	Loss: 0.5141760110855103
[2023-05-03 15:26:05] Train Epoch: 10 [12000/20000 (60.0%)]	Loss: 0.06987511366605759
[2023-05-03 15:26:05] Train Epoch: 10 [12800/20000 (64.0%)]	Loss: 0.0504864901304245
[2023-05-03 15:26:05] Train Epoch: 10 [13600/20000 (68.0%)]	Loss: 0.25109320878982544
[2023-05-03 15:26:05] Train Epoch: 10 [14400/20000 (72.0%)]	Loss: 0.034788116812705994
[2023-05-03 15:26:05] Train Epoch: 10 [15200/20000 (76.0%)]	Loss: 0.20619331300258636
[2023-05-03 15:26:06] Train Epoch: 10 [16000/20000 (80.0%)]	Loss: 0.3443896770477295
[2023-05-03 15:26:06] Train Epoch: 10 [16800/20000 (84.0%)]	Loss: 0.03394998237490654
[2023-05-03 15:26:06] Train Epoch: 10 [17600/20000 (88.0%)]	Loss: 0.09419243037700653
[2023-05-03 15:26:06] Train Epoch: 10 [18400/20000 (92.0%)]	Loss: 0.10072124004364014
[2023-05-03 15:26:06] Train Epoch: 10 [19200/20000 (96.0%)]	Loss: 0.1689930409193039
[2023-05-03 15:26:10] ========== Metrics ==========
[2023-05-03 15:26:10] {
  "tr_loss": 0.14970753882655932,
  "tr_acc": 0.9470447044704471,
  "tr_f1": 0.9468826804433966,
  "val_loss": 0.4091249845192686,
  "val_acc": 0.8122224196127198,
  "val_f1": 0.8133498145859086,
  "test_loss": 0.41119092460570295,
  "test_acc": 0.8211382113821138,
  "test_f1": 0.8206521739130436
}
[2023-05-03 15:26:10] ========== Metrics ==========
[2023-05-03 15:26:11] Train Epoch: 11 [0/20000 (0.0%)]	Loss: 0.06820660829544067
[2023-05-03 15:26:11] Train Epoch: 11 [800/20000 (4.0%)]	Loss: 0.32683637738227844
[2023-05-03 15:26:11] Train Epoch: 11 [1600/20000 (8.0%)]	Loss: 0.2586403489112854
[2023-05-03 15:26:11] Train Epoch: 11 [2400/20000 (12.0%)]	Loss: 0.4711169898509979
[2023-05-03 15:26:12] Train Epoch: 11 [3200/20000 (16.0%)]	Loss: 0.2885529696941376
[2023-05-03 15:26:12] Train Epoch: 11 [4000/20000 (20.0%)]	Loss: 0.14458857476711273
[2023-05-03 15:26:12] Train Epoch: 11 [4800/20000 (24.0%)]	Loss: 0.11315959692001343
[2023-05-03 15:26:12] Train Epoch: 11 [5600/20000 (28.0%)]	Loss: 0.21524254977703094
[2023-05-03 15:26:12] Train Epoch: 11 [6400/20000 (32.0%)]	Loss: 0.20853683352470398
[2023-05-03 15:26:13] Train Epoch: 11 [7200/20000 (36.0%)]	Loss: 0.14873555302619934
[2023-05-03 15:26:13] Train Epoch: 11 [8000/20000 (40.0%)]	Loss: 0.10155858844518661
[2023-05-03 15:26:13] Train Epoch: 11 [8800/20000 (44.0%)]	Loss: 0.03600965067744255
[2023-05-03 15:26:13] Train Epoch: 11 [9600/20000 (48.0%)]	Loss: 0.11496980488300323
[2023-05-03 15:26:13] Train Epoch: 11 [10400/20000 (52.0%)]	Loss: 0.33482909202575684
[2023-05-03 15:26:14] Train Epoch: 11 [11200/20000 (56.0%)]	Loss: 0.0850299596786499
[2023-05-03 15:26:14] Train Epoch: 11 [12000/20000 (60.0%)]	Loss: 0.18405859172344208
[2023-05-03 15:26:14] Train Epoch: 11 [12800/20000 (64.0%)]	Loss: 0.12963278591632843
[2023-05-03 15:26:14] Train Epoch: 11 [13600/20000 (68.0%)]	Loss: 0.150093212723732
[2023-05-03 15:26:14] Train Epoch: 11 [14400/20000 (72.0%)]	Loss: 0.10998761653900146
[2023-05-03 15:26:15] Train Epoch: 11 [15200/20000 (76.0%)]	Loss: 0.045377105474472046
[2023-05-03 15:26:15] Train Epoch: 11 [16000/20000 (80.0%)]	Loss: 0.1121952161192894
[2023-05-03 15:26:15] Train Epoch: 11 [16800/20000 (84.0%)]	Loss: 0.16335904598236084
[2023-05-03 15:26:15] Train Epoch: 11 [17600/20000 (88.0%)]	Loss: 0.20346029102802277
[2023-05-03 15:26:15] Train Epoch: 11 [18400/20000 (92.0%)]	Loss: 0.15335777401924133
[2023-05-03 15:26:16] Train Epoch: 11 [19200/20000 (96.0%)]	Loss: 0.0940963476896286
[2023-05-03 15:26:19] ========== Metrics ==========
[2023-05-03 15:26:19] {
  "tr_loss": 0.1423089664475252,
  "tr_acc": 0.952045204520452,
  "tr_f1": 0.9519129519129518,
  "val_loss": 0.40927471469066606,
  "val_acc": 0.8131106768520163,
  "val_f1": 0.814527503526093,
  "test_loss": 0.3848116806529079,
  "test_acc": 0.8211382113821138,
  "test_f1": 0.8206521739130436
}
[2023-05-03 15:26:19] ========== Metrics ==========
[2023-05-03 15:26:20] Train Epoch: 12 [0/20000 (0.0%)]	Loss: 0.17833741009235382
[2023-05-03 15:26:20] Train Epoch: 12 [800/20000 (4.0%)]	Loss: 0.1239546611905098
[2023-05-03 15:26:21] Train Epoch: 12 [1600/20000 (8.0%)]	Loss: 0.059504080563783646
[2023-05-03 15:26:21] Train Epoch: 12 [2400/20000 (12.0%)]	Loss: 0.08442971855401993
[2023-05-03 15:26:21] Train Epoch: 12 [3200/20000 (16.0%)]	Loss: 0.08208951354026794
[2023-05-03 15:26:21] Train Epoch: 12 [4000/20000 (20.0%)]	Loss: 0.27667897939682007
[2023-05-03 15:26:21] Train Epoch: 12 [4800/20000 (24.0%)]	Loss: 0.07231951504945755
[2023-05-03 15:26:22] Train Epoch: 12 [5600/20000 (28.0%)]	Loss: 0.16918903589248657
[2023-05-03 15:26:22] Train Epoch: 12 [6400/20000 (32.0%)]	Loss: 0.22252696752548218
[2023-05-03 15:26:22] Train Epoch: 12 [7200/20000 (36.0%)]	Loss: 0.09804841876029968
[2023-05-03 15:26:22] Train Epoch: 12 [8000/20000 (40.0%)]	Loss: 0.1113574206829071
[2023-05-03 15:26:22] Train Epoch: 12 [8800/20000 (44.0%)]	Loss: 0.08259185403585434
[2023-05-03 15:26:23] Train Epoch: 12 [9600/20000 (48.0%)]	Loss: 0.1336352378129959
[2023-05-03 15:26:23] Train Epoch: 12 [10400/20000 (52.0%)]	Loss: 0.13832098245620728
[2023-05-03 15:26:23] Train Epoch: 12 [11200/20000 (56.0%)]	Loss: 0.18943634629249573
[2023-05-03 15:26:23] Train Epoch: 12 [12000/20000 (60.0%)]	Loss: 0.25652015209198
[2023-05-03 15:26:23] Train Epoch: 12 [12800/20000 (64.0%)]	Loss: 0.13802409172058105
[2023-05-03 15:26:23] Train Epoch: 12 [13600/20000 (68.0%)]	Loss: 0.1944148987531662
[2023-05-03 15:26:24] Train Epoch: 12 [14400/20000 (72.0%)]	Loss: 0.05778822675347328
[2023-05-03 15:26:24] Train Epoch: 12 [15200/20000 (76.0%)]	Loss: 0.0944826677441597
[2023-05-03 15:26:24] Train Epoch: 12 [16000/20000 (80.0%)]	Loss: 0.061754561960697174
[2023-05-03 15:26:24] Train Epoch: 12 [16800/20000 (84.0%)]	Loss: 0.10200165957212448
[2023-05-03 15:26:24] Train Epoch: 12 [17600/20000 (88.0%)]	Loss: 0.030492154881358147
[2023-05-03 15:26:25] Train Epoch: 12 [18400/20000 (92.0%)]	Loss: 0.2268393635749817
[2023-05-03 15:26:25] Train Epoch: 12 [19200/20000 (96.0%)]	Loss: 0.037713225930929184
[2023-05-03 15:26:28] ========== Metrics ==========
[2023-05-03 15:26:28] {
  "tr_loss": 0.14667561019819514,
  "tr_acc": 0.9495949594959496,
  "tr_f1": 0.9493467336683417,
  "val_loss": 0.40961779371038975,
  "val_acc": 0.8127553739562977,
  "val_f1": 0.8146976090014064,
  "test_loss": 0.4633070421089648,
  "test_acc": 0.8184281842818428,
  "test_f1": 0.8184281842818428
}
[2023-05-03 15:26:28] ========== Metrics ==========
[2023-05-03 15:26:29] Train Epoch: 13 [0/20000 (0.0%)]	Loss: 0.20239989459514618
[2023-05-03 15:26:29] Train Epoch: 13 [800/20000 (4.0%)]	Loss: 0.09429100155830383
[2023-05-03 15:26:30] Train Epoch: 13 [1600/20000 (8.0%)]	Loss: 0.059059832245111465
[2023-05-03 15:26:30] Train Epoch: 13 [2400/20000 (12.0%)]	Loss: 0.09783133119344711
[2023-05-03 15:26:30] Train Epoch: 13 [3200/20000 (16.0%)]	Loss: 0.07712970674037933
[2023-05-03 15:26:30] Train Epoch: 13 [4000/20000 (20.0%)]	Loss: 0.129715234041214
[2023-05-03 15:26:30] Train Epoch: 13 [4800/20000 (24.0%)]	Loss: 0.08757393807172775
[2023-05-03 15:26:31] Train Epoch: 13 [5600/20000 (28.0%)]	Loss: 0.2551605999469757
[2023-05-03 15:26:31] Train Epoch: 13 [6400/20000 (32.0%)]	Loss: 0.1553722620010376
[2023-05-03 15:26:31] Train Epoch: 13 [7200/20000 (36.0%)]	Loss: 0.12682077288627625
[2023-05-03 15:26:31] Train Epoch: 13 [8000/20000 (40.0%)]	Loss: 0.09039831161499023
[2023-05-03 15:26:31] Train Epoch: 13 [8800/20000 (44.0%)]	Loss: 0.1330295205116272
[2023-05-03 15:26:32] Train Epoch: 13 [9600/20000 (48.0%)]	Loss: 0.13183681666851044
[2023-05-03 15:26:32] Train Epoch: 13 [10400/20000 (52.0%)]	Loss: 0.1305837482213974
[2023-05-03 15:26:32] Train Epoch: 13 [11200/20000 (56.0%)]	Loss: 0.12918007373809814
[2023-05-03 15:26:32] Train Epoch: 13 [12000/20000 (60.0%)]	Loss: 0.20285406708717346
[2023-05-03 15:26:32] Train Epoch: 13 [12800/20000 (64.0%)]	Loss: 0.06684715300798416
[2023-05-03 15:26:33] Train Epoch: 13 [13600/20000 (68.0%)]	Loss: 0.13530293107032776
[2023-05-03 15:26:33] Train Epoch: 13 [14400/20000 (72.0%)]	Loss: 0.05791548267006874
[2023-05-03 15:26:33] Train Epoch: 13 [15200/20000 (76.0%)]	Loss: 0.07361385971307755
[2023-05-03 15:26:33] Train Epoch: 13 [16000/20000 (80.0%)]	Loss: 0.11204317212104797
[2023-05-03 15:26:33] Train Epoch: 13 [16800/20000 (84.0%)]	Loss: 0.03775076940655708
[2023-05-03 15:26:34] Train Epoch: 13 [17600/20000 (88.0%)]	Loss: 0.17739956080913544
[2023-05-03 15:26:34] Train Epoch: 13 [18400/20000 (92.0%)]	Loss: 0.15715163946151733
[2023-05-03 15:26:34] Train Epoch: 13 [19200/20000 (96.0%)]	Loss: 0.0791703537106514
[2023-05-03 15:26:38] ========== Metrics ==========
[2023-05-03 15:26:38] {
  "tr_loss": 0.14133614804198927,
  "tr_acc": 0.9525452545254526,
  "tr_f1": 0.9523235367997991,
  "val_loss": 0.40959054832031555,
  "val_acc": 0.8122224196127198,
  "val_f1": 0.8142028476006328,
  "test_loss": 0.4565651623537224,
  "test_acc": 0.8184281842818428,
  "test_f1": 0.8184281842818428
}
[2023-05-03 15:26:38] ========== Metrics ==========
[2023-05-03 15:26:38] Train Epoch: 14 [0/20000 (0.0%)]	Loss: 0.09966149926185608
[2023-05-03 15:26:39] Train Epoch: 14 [800/20000 (4.0%)]	Loss: 0.04659747704863548
[2023-05-03 15:26:39] Train Epoch: 14 [1600/20000 (8.0%)]	Loss: 0.2652234733104706
[2023-05-03 15:26:39] Train Epoch: 14 [2400/20000 (12.0%)]	Loss: 0.07353775948286057
[2023-05-03 15:26:39] Train Epoch: 14 [3200/20000 (16.0%)]	Loss: 0.1363246589899063
[2023-05-03 15:26:39] Train Epoch: 14 [4000/20000 (20.0%)]	Loss: 0.1755446046590805
[2023-05-03 15:26:40] Train Epoch: 14 [4800/20000 (24.0%)]	Loss: 0.09758128970861435
[2023-05-03 15:26:40] Train Epoch: 14 [5600/20000 (28.0%)]	Loss: 0.2313116192817688
[2023-05-03 15:26:40] Train Epoch: 14 [6400/20000 (32.0%)]	Loss: 0.21975375711917877
[2023-05-03 15:26:40] Train Epoch: 14 [7200/20000 (36.0%)]	Loss: 0.3793196380138397
[2023-05-03 15:26:40] Train Epoch: 14 [8000/20000 (40.0%)]	Loss: 0.1891634613275528
[2023-05-03 15:26:41] Train Epoch: 14 [8800/20000 (44.0%)]	Loss: 0.0764244794845581
[2023-05-03 15:26:41] Train Epoch: 14 [9600/20000 (48.0%)]	Loss: 0.22969497740268707
[2023-05-03 15:26:41] Train Epoch: 14 [10400/20000 (52.0%)]	Loss: 0.04770389944314957
[2023-05-03 15:26:41] Train Epoch: 14 [11200/20000 (56.0%)]	Loss: 0.0943673625588417
[2023-05-03 15:26:41] Train Epoch: 14 [12000/20000 (60.0%)]	Loss: 0.05444885417819023
[2023-05-03 15:26:42] Train Epoch: 14 [12800/20000 (64.0%)]	Loss: 0.056889452040195465
[2023-05-03 15:26:42] Train Epoch: 14 [13600/20000 (68.0%)]	Loss: 0.06475377827882767
[2023-05-03 15:26:42] Train Epoch: 14 [14400/20000 (72.0%)]	Loss: 0.06220398098230362
[2023-05-03 15:26:42] Train Epoch: 14 [15200/20000 (76.0%)]	Loss: 0.10092904418706894
[2023-05-03 15:26:42] Train Epoch: 14 [16000/20000 (80.0%)]	Loss: 0.1838226020336151
[2023-05-03 15:26:43] Train Epoch: 14 [16800/20000 (84.0%)]	Loss: 0.02655947208404541
[2023-05-03 15:26:43] Train Epoch: 14 [17600/20000 (88.0%)]	Loss: 0.048577725887298584
[2023-05-03 15:26:43] Train Epoch: 14 [18400/20000 (92.0%)]	Loss: 0.16352897882461548
[2023-05-03 15:26:43] Train Epoch: 14 [19200/20000 (96.0%)]	Loss: 0.06224866583943367
[2023-05-03 15:26:47] ========== Metrics ==========
[2023-05-03 15:26:47] {
  "tr_loss": 0.142628998667112,
  "tr_acc": 0.9504950495049505,
  "tr_f1": 0.9502662513814929,
  "val_loss": 0.40977382399426365,
  "val_acc": 0.8122224196127198,
  "val_f1": 0.8143333918847708,
  "test_loss": 0.3861180983261687,
  "test_acc": 0.8184281842818428,
  "test_f1": 0.8184281842818428
}
[2023-05-03 15:26:47] ========== Metrics ==========
[2023-05-03 15:26:47] Train Epoch: 15 [0/20000 (0.0%)]	Loss: 0.15077383816242218
[2023-05-03 15:26:48] Train Epoch: 15 [800/20000 (4.0%)]	Loss: 0.052807558327913284
[2023-05-03 15:26:48] Train Epoch: 15 [1600/20000 (8.0%)]	Loss: 0.2174254208803177
[2023-05-03 15:26:48] Train Epoch: 15 [2400/20000 (12.0%)]	Loss: 0.051276497542858124
[2023-05-03 15:26:48] Train Epoch: 15 [3200/20000 (16.0%)]	Loss: 0.1624254286289215
[2023-05-03 15:26:48] Train Epoch: 15 [4000/20000 (20.0%)]	Loss: 0.2286207675933838
[2023-05-03 15:26:49] Train Epoch: 15 [4800/20000 (24.0%)]	Loss: 0.03236524388194084
[2023-05-03 15:26:49] Train Epoch: 15 [5600/20000 (28.0%)]	Loss: 0.25342637300491333
[2023-05-03 15:26:49] Train Epoch: 15 [6400/20000 (32.0%)]	Loss: 0.28445637226104736
[2023-05-03 15:26:49] Train Epoch: 15 [7200/20000 (36.0%)]	Loss: 0.19133639335632324
[2023-05-03 15:26:49] Train Epoch: 15 [8000/20000 (40.0%)]	Loss: 0.11662431806325912
[2023-05-03 15:26:50] Train Epoch: 15 [8800/20000 (44.0%)]	Loss: 0.07932540029287338
[2023-05-03 15:26:50] Train Epoch: 15 [9600/20000 (48.0%)]	Loss: 0.20091767609119415
[2023-05-03 15:26:50] Train Epoch: 15 [10400/20000 (52.0%)]	Loss: 0.3499005138874054
[2023-05-03 15:26:50] Train Epoch: 15 [11200/20000 (56.0%)]	Loss: 0.13916414976119995
[2023-05-03 15:26:50] Train Epoch: 15 [12000/20000 (60.0%)]	Loss: 0.11718063056468964
[2023-05-03 15:26:51] Train Epoch: 15 [12800/20000 (64.0%)]	Loss: 0.07814459502696991
[2023-05-03 15:26:51] Train Epoch: 15 [13600/20000 (68.0%)]	Loss: 0.20280992984771729
[2023-05-03 15:26:51] Train Epoch: 15 [14400/20000 (72.0%)]	Loss: 0.07912418991327286
[2023-05-03 15:26:51] Train Epoch: 15 [15200/20000 (76.0%)]	Loss: 0.06879250705242157
[2023-05-03 15:26:51] Train Epoch: 15 [16000/20000 (80.0%)]	Loss: 0.11329245567321777
[2023-05-03 15:26:52] Train Epoch: 15 [16800/20000 (84.0%)]	Loss: 0.06728296726942062
[2023-05-03 15:26:52] Train Epoch: 15 [17600/20000 (88.0%)]	Loss: 0.2531049847602844
[2023-05-03 15:26:52] Train Epoch: 15 [18400/20000 (92.0%)]	Loss: 0.1486804187297821
[2023-05-03 15:26:52] Train Epoch: 15 [19200/20000 (96.0%)]	Loss: 0.19540664553642273
[2023-05-03 15:26:56] ========== Metrics ==========
[2023-05-03 15:26:56] {
  "tr_loss": 0.14359750339735483,
  "tr_acc": 0.9503950395039504,
  "tr_f1": 0.9502507522567704,
  "val_loss": 0.4096996147184902,
  "val_acc": 0.811689465269142,
  "val_f1": 0.813969813969814,
  "test_loss": 0.4404024728914587,
  "test_acc": 0.8211382113821138,
  "test_f1": 0.8216216216216217
}
[2023-05-03 15:26:56] ========== Metrics ==========
[2023-05-03 15:26:56] Train Epoch: 16 [0/20000 (0.0%)]	Loss: 0.06919807195663452
[2023-05-03 15:26:57] Train Epoch: 16 [800/20000 (4.0%)]	Loss: 0.11112987995147705
[2023-05-03 15:26:57] Train Epoch: 16 [1600/20000 (8.0%)]	Loss: 0.06673837453126907
[2023-05-03 15:26:57] Train Epoch: 16 [2400/20000 (12.0%)]	Loss: 0.10890720039606094
[2023-05-03 15:26:58] Train Epoch: 16 [3200/20000 (16.0%)]	Loss: 0.06115872785449028
[2023-05-03 15:26:58] Train Epoch: 16 [4000/20000 (20.0%)]	Loss: 0.07000894844532013
[2023-05-03 15:26:58] Train Epoch: 16 [4800/20000 (24.0%)]	Loss: 0.06129145249724388
[2023-05-03 15:26:58] Train Epoch: 16 [5600/20000 (28.0%)]	Loss: 0.15443728864192963
[2023-05-03 15:26:58] Train Epoch: 16 [6400/20000 (32.0%)]	Loss: 0.2142212837934494
[2023-05-03 15:26:59] Train Epoch: 16 [7200/20000 (36.0%)]	Loss: 0.08313373476266861
[2023-05-03 15:26:59] Train Epoch: 16 [8000/20000 (40.0%)]	Loss: 0.19835025072097778
[2023-05-03 15:26:59] Train Epoch: 16 [8800/20000 (44.0%)]	Loss: 0.10636815428733826
[2023-05-03 15:26:59] Train Epoch: 16 [9600/20000 (48.0%)]	Loss: 0.07554250210523605
[2023-05-03 15:26:59] Train Epoch: 16 [10400/20000 (52.0%)]	Loss: 0.19532173871994019
[2023-05-03 15:26:59] Train Epoch: 16 [11200/20000 (56.0%)]	Loss: 0.12771114706993103
[2023-05-03 15:27:00] Train Epoch: 16 [12000/20000 (60.0%)]	Loss: 0.13775505125522614
[2023-05-03 15:27:00] Train Epoch: 16 [12800/20000 (64.0%)]	Loss: 0.037722211331129074
[2023-05-03 15:27:00] Train Epoch: 16 [13600/20000 (68.0%)]	Loss: 0.13630761206150055
[2023-05-03 15:27:00] Train Epoch: 16 [14400/20000 (72.0%)]	Loss: 0.12644894421100616
[2023-05-03 15:27:00] Train Epoch: 16 [15200/20000 (76.0%)]	Loss: 0.2652691900730133
[2023-05-03 15:27:01] Train Epoch: 16 [16000/20000 (80.0%)]	Loss: 0.14640356600284576
[2023-05-03 15:27:01] Train Epoch: 16 [16800/20000 (84.0%)]	Loss: 0.09869635105133057
[2023-05-03 15:27:01] Train Epoch: 16 [17600/20000 (88.0%)]	Loss: 0.09526969492435455
[2023-05-03 15:27:01] Train Epoch: 16 [18400/20000 (92.0%)]	Loss: 0.17044344544410706
[2023-05-03 15:27:01] Train Epoch: 16 [19200/20000 (96.0%)]	Loss: 0.02493959665298462
[2023-05-03 15:27:05] ========== Metrics ==========
[2023-05-03 15:27:05] {
  "tr_loss": 0.14422573766174024,
  "tr_acc": 0.9502450245024503,
  "tr_f1": 0.9500727582919364,
  "val_loss": 0.4097976178423213,
  "val_acc": 0.811689465269142,
  "val_f1": 0.813969813969814,
  "test_loss": 0.38628013864119204,
  "test_acc": 0.8211382113821138,
  "test_f1": 0.8216216216216217
}
[2023-05-03 15:27:05] ========== Metrics ==========
[2023-05-03 15:27:06] Train Epoch: 17 [0/20000 (0.0%)]	Loss: 0.10663705319166183
[2023-05-03 15:27:06] Train Epoch: 17 [800/20000 (4.0%)]	Loss: 0.07691960781812668
[2023-05-03 15:27:06] Train Epoch: 17 [1600/20000 (8.0%)]	Loss: 0.0669049546122551
[2023-05-03 15:27:07] Train Epoch: 17 [2400/20000 (12.0%)]	Loss: 0.1235790103673935
[2023-05-03 15:27:07] Train Epoch: 17 [3200/20000 (16.0%)]	Loss: 0.10120518505573273
[2023-05-03 15:27:07] Train Epoch: 17 [4000/20000 (20.0%)]	Loss: 0.09434708207845688
[2023-05-03 15:27:07] Train Epoch: 17 [4800/20000 (24.0%)]	Loss: 0.08683499693870544
[2023-05-03 15:27:07] Train Epoch: 17 [5600/20000 (28.0%)]	Loss: 0.18598902225494385
[2023-05-03 15:27:08] Train Epoch: 17 [6400/20000 (32.0%)]	Loss: 0.12785476446151733
[2023-05-03 15:27:08] Train Epoch: 17 [7200/20000 (36.0%)]	Loss: 0.05469299107789993
[2023-05-03 15:27:08] Train Epoch: 17 [8000/20000 (40.0%)]	Loss: 0.17468737065792084
[2023-05-03 15:27:08] Train Epoch: 17 [8800/20000 (44.0%)]	Loss: 0.15006102621555328
[2023-05-03 15:27:08] Train Epoch: 17 [9600/20000 (48.0%)]	Loss: 0.03359353169798851
[2023-05-03 15:27:09] Train Epoch: 17 [10400/20000 (52.0%)]	Loss: 0.10326573997735977
[2023-05-03 15:27:09] Train Epoch: 17 [11200/20000 (56.0%)]	Loss: 0.14893314242362976
[2023-05-03 15:27:09] Train Epoch: 17 [12000/20000 (60.0%)]	Loss: 0.39340344071388245
[2023-05-03 15:27:09] Train Epoch: 17 [12800/20000 (64.0%)]	Loss: 0.11185237020254135
[2023-05-03 15:27:09] Train Epoch: 17 [13600/20000 (68.0%)]	Loss: 0.2389213591814041
[2023-05-03 15:27:10] Train Epoch: 17 [14400/20000 (72.0%)]	Loss: 0.07939361035823822
[2023-05-03 15:27:10] Train Epoch: 17 [15200/20000 (76.0%)]	Loss: 0.07601343095302582
[2023-05-03 15:27:10] Train Epoch: 17 [16000/20000 (80.0%)]	Loss: 0.03263029456138611
[2023-05-03 15:27:10] Train Epoch: 17 [16800/20000 (84.0%)]	Loss: 0.11002310365438461
[2023-05-03 15:27:10] Train Epoch: 17 [17600/20000 (88.0%)]	Loss: 0.1542973518371582
[2023-05-03 15:27:11] Train Epoch: 17 [18400/20000 (92.0%)]	Loss: 0.05213462933897972
[2023-05-03 15:27:11] Train Epoch: 17 [19200/20000 (96.0%)]	Loss: 0.05310767889022827
[2023-05-03 15:27:13] Stop At epoch 17/20 due to valid not increase
[2023-05-03 15:27:14] ========== Metrics ==========
[2023-05-03 15:27:14] {
  "tr_loss": 0.14065609163869106,
  "tr_acc": 0.9519451945194519,
  "tr_f1": 0.9517836536049369,
  "val_loss": 0.4097415860030892,
  "val_acc": 0.8118671167170013,
  "val_f1": 0.8141779259519214,
  "test_loss": 0.3831535221599951,
  "test_acc": 0.8211382113821138,
  "test_f1": 0.8216216216216217
}
[2023-05-03 15:27:14] ========== Metrics ==========
