[2023-05-03 15:27:31] Train Epoch: 1 [0/20000 (0.0%)]	Loss: 0.6706995368003845
[2023-05-03 15:27:32] Train Epoch: 1 [800/20000 (4.0%)]	Loss: 0.6749001741409302
[2023-05-03 15:27:32] Train Epoch: 1 [1600/20000 (8.0%)]	Loss: 0.7172567844390869
[2023-05-03 15:27:32] Train Epoch: 1 [2400/20000 (12.0%)]	Loss: 0.6862844228744507
[2023-05-03 15:27:32] Train Epoch: 1 [3200/20000 (16.0%)]	Loss: 0.6997755169868469
[2023-05-03 15:27:33] Train Epoch: 1 [4000/20000 (20.0%)]	Loss: 0.6721094250679016
[2023-05-03 15:27:33] Train Epoch: 1 [4800/20000 (24.0%)]	Loss: 0.6802816390991211
[2023-05-03 15:27:33] Train Epoch: 1 [5600/20000 (28.0%)]	Loss: 0.6840841174125671
[2023-05-03 15:27:33] Train Epoch: 1 [6400/20000 (32.0%)]	Loss: 0.6432229280471802
[2023-05-03 15:27:34] Train Epoch: 1 [7200/20000 (36.0%)]	Loss: 0.7067162394523621
[2023-05-03 15:27:34] Train Epoch: 1 [8000/20000 (40.0%)]	Loss: 0.6765259504318237
[2023-05-03 15:27:34] Train Epoch: 1 [8800/20000 (44.0%)]	Loss: 0.6973564624786377
[2023-05-03 15:27:34] Train Epoch: 1 [9600/20000 (48.0%)]	Loss: 0.6728074550628662
[2023-05-03 15:27:35] Train Epoch: 1 [10400/20000 (52.0%)]	Loss: 0.6433534026145935
[2023-05-03 15:27:35] Train Epoch: 1 [11200/20000 (56.0%)]	Loss: 0.6913934350013733
[2023-05-03 15:27:35] Train Epoch: 1 [12000/20000 (60.0%)]	Loss: 0.6726908683776855
[2023-05-03 15:27:35] Train Epoch: 1 [12800/20000 (64.0%)]	Loss: 0.6078514456748962
[2023-05-03 15:27:35] Train Epoch: 1 [13600/20000 (68.0%)]	Loss: 0.7191334366798401
[2023-05-03 15:27:36] Train Epoch: 1 [14400/20000 (72.0%)]	Loss: 0.6639954447746277
[2023-05-03 15:27:36] Train Epoch: 1 [15200/20000 (76.0%)]	Loss: 0.7211211323738098
[2023-05-03 15:27:36] Train Epoch: 1 [16000/20000 (80.0%)]	Loss: 0.6738318204879761
[2023-05-03 15:27:36] Train Epoch: 1 [16800/20000 (84.0%)]	Loss: 0.7366199493408203
[2023-05-03 15:27:37] Train Epoch: 1 [17600/20000 (88.0%)]	Loss: 0.6169052124023438
[2023-05-03 15:27:37] Train Epoch: 1 [18400/20000 (92.0%)]	Loss: 0.7077130079269409
[2023-05-03 15:27:37] Train Epoch: 1 [19200/20000 (96.0%)]	Loss: 0.6945196390151978
[2023-05-03 15:27:41] ========== Metrics ==========
[2023-05-03 15:27:41] {
  "tr_loss": 0.676942700182799,
  "tr_acc": 0.5694069406940694,
  "tr_f1": 0.5685655593967633,
  "val_loss": 0.6407160136347703,
  "val_acc": 0.7077633682714514,
  "val_f1": 0.7348057391584716,
  "test_loss": 0.6630886072711892,
  "test_acc": 0.6937669376693767,
  "test_f1": 0.712468193384224
}
[2023-05-03 15:27:41] ========== Metrics ==========
[2023-05-03 15:27:42] Train Epoch: 2 [0/20000 (0.0%)]	Loss: 0.5913776755332947
[2023-05-03 15:27:42] Train Epoch: 2 [800/20000 (4.0%)]	Loss: 0.5945112109184265
[2023-05-03 15:27:42] Train Epoch: 2 [1600/20000 (8.0%)]	Loss: 0.5364086627960205
[2023-05-03 15:27:42] Train Epoch: 2 [2400/20000 (12.0%)]	Loss: 0.598668098449707
[2023-05-03 15:27:43] Train Epoch: 2 [3200/20000 (16.0%)]	Loss: 0.5548861622810364
[2023-05-03 15:27:43] Train Epoch: 2 [4000/20000 (20.0%)]	Loss: 0.5891587734222412
[2023-05-03 15:27:43] Train Epoch: 2 [4800/20000 (24.0%)]	Loss: 0.597509503364563
[2023-05-03 15:27:43] Train Epoch: 2 [5600/20000 (28.0%)]	Loss: 0.5648643970489502
[2023-05-03 15:27:43] Train Epoch: 2 [6400/20000 (32.0%)]	Loss: 0.643068790435791
[2023-05-03 15:27:44] Train Epoch: 2 [7200/20000 (36.0%)]	Loss: 0.48240724205970764
[2023-05-03 15:27:44] Train Epoch: 2 [8000/20000 (40.0%)]	Loss: 0.5168967843055725
[2023-05-03 15:27:44] Train Epoch: 2 [8800/20000 (44.0%)]	Loss: 0.4736301302909851
[2023-05-03 15:27:44] Train Epoch: 2 [9600/20000 (48.0%)]	Loss: 0.5725319981575012
[2023-05-03 15:27:45] Train Epoch: 2 [10400/20000 (52.0%)]	Loss: 0.7043352723121643
[2023-05-03 15:27:45] Train Epoch: 2 [11200/20000 (56.0%)]	Loss: 0.5308595299720764
[2023-05-03 15:27:45] Train Epoch: 2 [12000/20000 (60.0%)]	Loss: 0.5216137766838074
[2023-05-03 15:27:45] Train Epoch: 2 [12800/20000 (64.0%)]	Loss: 0.4796326756477356
[2023-05-03 15:27:45] Train Epoch: 2 [13600/20000 (68.0%)]	Loss: 0.4403495192527771
[2023-05-03 15:27:46] Train Epoch: 2 [14400/20000 (72.0%)]	Loss: 0.7234315872192383
[2023-05-03 15:27:46] Train Epoch: 2 [15200/20000 (76.0%)]	Loss: 0.5534876585006714
[2023-05-03 15:27:46] Train Epoch: 2 [16000/20000 (80.0%)]	Loss: 0.4002796709537506
[2023-05-03 15:27:46] Train Epoch: 2 [16800/20000 (84.0%)]	Loss: 0.48680946230888367
[2023-05-03 15:27:47] Train Epoch: 2 [17600/20000 (88.0%)]	Loss: 0.5051036477088928
[2023-05-03 15:27:47] Train Epoch: 2 [18400/20000 (92.0%)]	Loss: 0.5625013709068298
[2023-05-03 15:27:47] Train Epoch: 2 [19200/20000 (96.0%)]	Loss: 0.6036319136619568
[2023-05-03 15:27:51] ========== Metrics ==========
[2023-05-03 15:27:51] {
  "tr_loss": 0.5727814907001869,
  "tr_acc": 0.7111211121112111,
  "tr_f1": 0.7075973072834945,
  "val_loss": 0.5436760904437845,
  "val_acc": 0.7615917569728193,
  "val_f1": 0.7662835249042147,
  "test_loss": 0.5802439389836175,
  "test_acc": 0.7696476964769647,
  "test_f1": 0.761904761904762
}
[2023-05-03 15:27:51] ========== Metrics ==========
[2023-05-03 15:27:52] Train Epoch: 3 [0/20000 (0.0%)]	Loss: 0.44883304834365845
[2023-05-03 15:27:52] Train Epoch: 3 [800/20000 (4.0%)]	Loss: 0.3242388069629669
[2023-05-03 15:27:52] Train Epoch: 3 [1600/20000 (8.0%)]	Loss: 0.41017305850982666
[2023-05-03 15:27:52] Train Epoch: 3 [2400/20000 (12.0%)]	Loss: 0.40507638454437256
[2023-05-03 15:27:53] Train Epoch: 3 [3200/20000 (16.0%)]	Loss: 0.5839546918869019
[2023-05-03 15:27:53] Train Epoch: 3 [4000/20000 (20.0%)]	Loss: 0.527132511138916
[2023-05-03 15:27:53] Train Epoch: 3 [4800/20000 (24.0%)]	Loss: 0.3491643965244293
[2023-05-03 15:27:53] Train Epoch: 3 [5600/20000 (28.0%)]	Loss: 0.42245468497276306
[2023-05-03 15:27:53] Train Epoch: 3 [6400/20000 (32.0%)]	Loss: 0.4207858443260193
[2023-05-03 15:27:54] Train Epoch: 3 [7200/20000 (36.0%)]	Loss: 0.4674055874347687
[2023-05-03 15:27:54] Train Epoch: 3 [8000/20000 (40.0%)]	Loss: 0.3997502326965332
[2023-05-03 15:27:54] Train Epoch: 3 [8800/20000 (44.0%)]	Loss: 0.45499417185783386
[2023-05-03 15:27:54] Train Epoch: 3 [9600/20000 (48.0%)]	Loss: 0.2449537068605423
[2023-05-03 15:27:55] Train Epoch: 3 [10400/20000 (52.0%)]	Loss: 0.5068190693855286
[2023-05-03 15:27:55] Train Epoch: 3 [11200/20000 (56.0%)]	Loss: 0.33572521805763245
[2023-05-03 15:27:55] Train Epoch: 3 [12000/20000 (60.0%)]	Loss: 0.46165427565574646
[2023-05-03 15:27:55] Train Epoch: 3 [12800/20000 (64.0%)]	Loss: 0.6737295389175415
[2023-05-03 15:27:56] Train Epoch: 3 [13600/20000 (68.0%)]	Loss: 0.41264718770980835
[2023-05-03 15:27:56] Train Epoch: 3 [14400/20000 (72.0%)]	Loss: 0.5177597999572754
[2023-05-03 15:27:56] Train Epoch: 3 [15200/20000 (76.0%)]	Loss: 0.5912531614303589
[2023-05-03 15:27:56] Train Epoch: 3 [16000/20000 (80.0%)]	Loss: 0.41575536131858826
[2023-05-03 15:27:57] Train Epoch: 3 [16800/20000 (84.0%)]	Loss: 0.353988379240036
[2023-05-03 15:27:57] Train Epoch: 3 [17600/20000 (88.0%)]	Loss: 0.42783254384994507
[2023-05-03 15:27:57] Train Epoch: 3 [18400/20000 (92.0%)]	Loss: 0.40833979845046997
[2023-05-03 15:27:57] Train Epoch: 3 [19200/20000 (96.0%)]	Loss: 0.39949268102645874
[2023-05-03 15:28:01] ========== Metrics ==========
[2023-05-03 15:28:01] {
  "tr_loss": 0.44727582839241337,
  "tr_acc": 0.7920792079207921,
  "tr_f1": 0.7891480730223124,
  "val_loss": 0.49551608977976014,
  "val_acc": 0.7749156155622668,
  "val_f1": 0.7841934934423437,
  "test_loss": 0.4961480810067195,
  "test_acc": 0.7886178861788617,
  "test_f1": 0.7857142857142857
}
[2023-05-03 15:28:01] ========== Metrics ==========
[2023-05-03 15:28:02] Train Epoch: 4 [0/20000 (0.0%)]	Loss: 0.4979020953178406
[2023-05-03 15:28:02] Train Epoch: 4 [800/20000 (4.0%)]	Loss: 0.5192039012908936
[2023-05-03 15:28:02] Train Epoch: 4 [1600/20000 (8.0%)]	Loss: 0.32402756810188293
[2023-05-03 15:28:02] Train Epoch: 4 [2400/20000 (12.0%)]	Loss: 0.2980692684650421
[2023-05-03 15:28:03] Train Epoch: 4 [3200/20000 (16.0%)]	Loss: 0.3029836416244507
[2023-05-03 15:28:03] Train Epoch: 4 [4000/20000 (20.0%)]	Loss: 0.5135761499404907
[2023-05-03 15:28:03] Train Epoch: 4 [4800/20000 (24.0%)]	Loss: 0.44801366329193115
[2023-05-03 15:28:03] Train Epoch: 4 [5600/20000 (28.0%)]	Loss: 0.4061768651008606
[2023-05-03 15:28:04] Train Epoch: 4 [6400/20000 (32.0%)]	Loss: 0.4877118468284607
[2023-05-03 15:28:04] Train Epoch: 4 [7200/20000 (36.0%)]	Loss: 0.2444971203804016
[2023-05-03 15:28:04] Train Epoch: 4 [8000/20000 (40.0%)]	Loss: 0.3083469569683075
[2023-05-03 15:28:04] Train Epoch: 4 [8800/20000 (44.0%)]	Loss: 0.22779999673366547
[2023-05-03 15:28:05] Train Epoch: 4 [9600/20000 (48.0%)]	Loss: 0.3485422432422638
[2023-05-03 15:28:05] Train Epoch: 4 [10400/20000 (52.0%)]	Loss: 0.49068716168403625
[2023-05-03 15:28:05] Train Epoch: 4 [11200/20000 (56.0%)]	Loss: 0.4149145483970642
[2023-05-03 15:28:05] Train Epoch: 4 [12000/20000 (60.0%)]	Loss: 0.3189401924610138
[2023-05-03 15:28:06] Train Epoch: 4 [12800/20000 (64.0%)]	Loss: 0.3027210533618927
[2023-05-03 15:28:06] Train Epoch: 4 [13600/20000 (68.0%)]	Loss: 0.3439515233039856
[2023-05-03 15:28:06] Train Epoch: 4 [14400/20000 (72.0%)]	Loss: 0.42704811692237854
[2023-05-03 15:28:06] Train Epoch: 4 [15200/20000 (76.0%)]	Loss: 0.38035786151885986
[2023-05-03 15:28:06] Train Epoch: 4 [16000/20000 (80.0%)]	Loss: 0.22668534517288208
[2023-05-03 15:28:07] Train Epoch: 4 [16800/20000 (84.0%)]	Loss: 0.37407687306404114
[2023-05-03 15:28:07] Train Epoch: 4 [17600/20000 (88.0%)]	Loss: 0.14125916361808777
[2023-05-03 15:28:07] Train Epoch: 4 [18400/20000 (92.0%)]	Loss: 0.26223573088645935
[2023-05-03 15:28:07] Train Epoch: 4 [19200/20000 (96.0%)]	Loss: 0.18514297902584076
[2023-05-03 15:28:11] ========== Metrics ==========
[2023-05-03 15:28:11] {
  "tr_loss": 0.3519363452856726,
  "tr_acc": 0.8504850485048505,
  "tr_f1": 0.8496883169113212,
  "val_loss": 0.46897661527110834,
  "val_acc": 0.784508793746669,
  "val_f1": 0.7812443642921552,
  "test_loss": 0.46795666960842885,
  "test_acc": 0.8048780487804879,
  "test_f1": 0.7894736842105263
}
[2023-05-03 15:28:11] ========== Metrics ==========
[2023-05-03 15:28:12] Train Epoch: 5 [0/20000 (0.0%)]	Loss: 0.19435757398605347
[2023-05-03 15:28:12] Train Epoch: 5 [800/20000 (4.0%)]	Loss: 0.20008806884288788
[2023-05-03 15:28:12] Train Epoch: 5 [1600/20000 (8.0%)]	Loss: 0.22079123556613922
[2023-05-03 15:28:12] Train Epoch: 5 [2400/20000 (12.0%)]	Loss: 0.2015465795993805
[2023-05-03 15:28:13] Train Epoch: 5 [3200/20000 (16.0%)]	Loss: 0.2814156711101532
[2023-05-03 15:28:13] Train Epoch: 5 [4000/20000 (20.0%)]	Loss: 0.2204241007566452
[2023-05-03 15:28:13] Train Epoch: 5 [4800/20000 (24.0%)]	Loss: 0.27597829699516296
[2023-05-03 15:28:13] Train Epoch: 5 [5600/20000 (28.0%)]	Loss: 0.23184949159622192
[2023-05-03 15:28:14] Train Epoch: 5 [6400/20000 (32.0%)]	Loss: 0.3255259096622467
[2023-05-03 15:28:14] Train Epoch: 5 [7200/20000 (36.0%)]	Loss: 0.31220895051956177
[2023-05-03 15:28:14] Train Epoch: 5 [8000/20000 (40.0%)]	Loss: 0.2655545473098755
[2023-05-03 15:28:14] Train Epoch: 5 [8800/20000 (44.0%)]	Loss: 0.3347029983997345
[2023-05-03 15:28:14] Train Epoch: 5 [9600/20000 (48.0%)]	Loss: 0.27386653423309326
[2023-05-03 15:28:15] Train Epoch: 5 [10400/20000 (52.0%)]	Loss: 0.3956202268600464
[2023-05-03 15:28:15] Train Epoch: 5 [11200/20000 (56.0%)]	Loss: 0.12099002301692963
[2023-05-03 15:28:15] Train Epoch: 5 [12000/20000 (60.0%)]	Loss: 0.32954877614974976
[2023-05-03 15:28:15] Train Epoch: 5 [12800/20000 (64.0%)]	Loss: 0.3178834915161133
[2023-05-03 15:28:16] Train Epoch: 5 [13600/20000 (68.0%)]	Loss: 0.44946590065956116
[2023-05-03 15:28:16] Train Epoch: 5 [14400/20000 (72.0%)]	Loss: 0.5427632331848145
[2023-05-03 15:28:16] Train Epoch: 5 [15200/20000 (76.0%)]	Loss: 0.1754651516675949
[2023-05-03 15:28:16] Train Epoch: 5 [16000/20000 (80.0%)]	Loss: 0.15759435296058655
[2023-05-03 15:28:17] Train Epoch: 5 [16800/20000 (84.0%)]	Loss: 0.2915918529033661
[2023-05-03 15:28:17] Train Epoch: 5 [17600/20000 (88.0%)]	Loss: 0.35224708914756775
[2023-05-03 15:28:17] Train Epoch: 5 [18400/20000 (92.0%)]	Loss: 0.1469256430864334
[2023-05-03 15:28:17] Train Epoch: 5 [19200/20000 (96.0%)]	Loss: 0.13481207191944122
[2023-05-03 15:28:21] ========== Metrics ==========
[2023-05-03 15:28:21] {
  "tr_loss": 0.28042736826854797,
  "tr_acc": 0.8861886188618862,
  "tr_f1": 0.8858690201584596,
  "val_loss": 0.4609029662399441,
  "val_acc": 0.7852193995381063,
  "val_f1": 0.7904316172646907,
  "test_loss": 0.4307211214287817,
  "test_acc": 0.8102981029810298,
  "test_f1": 0.8044692737430168
}
[2023-05-03 15:28:21] ========== Metrics ==========
[2023-05-03 15:28:22] Train Epoch: 6 [0/20000 (0.0%)]	Loss: 0.37257176637649536
[2023-05-03 15:28:22] Train Epoch: 6 [800/20000 (4.0%)]	Loss: 0.06192479282617569
[2023-05-03 15:28:22] Train Epoch: 6 [1600/20000 (8.0%)]	Loss: 0.1315481811761856
[2023-05-03 15:28:23] Train Epoch: 6 [2400/20000 (12.0%)]	Loss: 0.1672714352607727
[2023-05-03 15:28:23] Train Epoch: 6 [3200/20000 (16.0%)]	Loss: 0.16026636958122253
[2023-05-03 15:28:23] Train Epoch: 6 [4000/20000 (20.0%)]	Loss: 0.2831301987171173
[2023-05-03 15:28:23] Train Epoch: 6 [4800/20000 (24.0%)]	Loss: 0.1865915209054947
[2023-05-03 15:28:24] Train Epoch: 6 [5600/20000 (28.0%)]	Loss: 0.1882357895374298
[2023-05-03 15:28:24] Train Epoch: 6 [6400/20000 (32.0%)]	Loss: 0.36695578694343567
[2023-05-03 15:28:24] Train Epoch: 6 [7200/20000 (36.0%)]	Loss: 0.33499225974082947
[2023-05-03 15:28:24] Train Epoch: 6 [8000/20000 (40.0%)]	Loss: 0.1365165114402771
[2023-05-03 15:28:24] Train Epoch: 6 [8800/20000 (44.0%)]	Loss: 0.32881712913513184
[2023-05-03 15:28:25] Train Epoch: 6 [9600/20000 (48.0%)]	Loss: 0.18941842019557953
[2023-05-03 15:28:25] Train Epoch: 6 [10400/20000 (52.0%)]	Loss: 0.1684107482433319
[2023-05-03 15:28:25] Train Epoch: 6 [11200/20000 (56.0%)]	Loss: 0.22166956961154938
[2023-05-03 15:28:25] Train Epoch: 6 [12000/20000 (60.0%)]	Loss: 0.15986864268779755
[2023-05-03 15:28:26] Train Epoch: 6 [12800/20000 (64.0%)]	Loss: 0.11253920942544937
[2023-05-03 15:28:26] Train Epoch: 6 [13600/20000 (68.0%)]	Loss: 0.3016981780529022
[2023-05-03 15:28:26] Train Epoch: 6 [14400/20000 (72.0%)]	Loss: 0.06586219370365143
[2023-05-03 15:28:26] Train Epoch: 6 [15200/20000 (76.0%)]	Loss: 0.18055865168571472
[2023-05-03 15:28:27] Train Epoch: 6 [16000/20000 (80.0%)]	Loss: 0.13362915813922882
[2023-05-03 15:28:27] Train Epoch: 6 [16800/20000 (84.0%)]	Loss: 0.13891997933387756
[2023-05-03 15:28:27] Train Epoch: 6 [17600/20000 (88.0%)]	Loss: 0.29383453726768494
[2023-05-03 15:28:27] Train Epoch: 6 [18400/20000 (92.0%)]	Loss: 0.2561533749103546
[2023-05-03 15:28:27] Train Epoch: 6 [19200/20000 (96.0%)]	Loss: 0.5956845879554749
[2023-05-03 15:28:31] ========== Metrics ==========
[2023-05-03 15:28:31] {
  "tr_loss": 0.22250134829986523,
  "tr_acc": 0.915991599159916,
  "tr_f1": 0.9159831966393278,
  "val_loss": 0.45911376530079206,
  "val_acc": 0.7859300053295435,
  "val_f1": 0.7885593963853308,
  "test_loss": 0.44138080253187556,
  "test_acc": 0.8075880758807588,
  "test_f1": 0.7988668555240794
}
[2023-05-03 15:28:31] ========== Metrics ==========
[2023-05-03 15:28:32] Train Epoch: 7 [0/20000 (0.0%)]	Loss: 0.3365864157676697
[2023-05-03 15:28:32] Train Epoch: 7 [800/20000 (4.0%)]	Loss: 0.13278841972351074
[2023-05-03 15:28:32] Train Epoch: 7 [1600/20000 (8.0%)]	Loss: 0.34117525815963745
[2023-05-03 15:28:33] Train Epoch: 7 [2400/20000 (12.0%)]	Loss: 0.250182181596756
[2023-05-03 15:28:33] Train Epoch: 7 [3200/20000 (16.0%)]	Loss: 0.1815362125635147
[2023-05-03 15:28:33] Train Epoch: 7 [4000/20000 (20.0%)]	Loss: 0.19206807017326355
[2023-05-03 15:28:33] Train Epoch: 7 [4800/20000 (24.0%)]	Loss: 0.2224404215812683
[2023-05-03 15:28:34] Train Epoch: 7 [5600/20000 (28.0%)]	Loss: 0.14424088597297668
[2023-05-03 15:28:34] Train Epoch: 7 [6400/20000 (32.0%)]	Loss: 0.31810665130615234
[2023-05-03 15:28:34] Train Epoch: 7 [7200/20000 (36.0%)]	Loss: 0.2839691638946533
[2023-05-03 15:28:34] Train Epoch: 7 [8000/20000 (40.0%)]	Loss: 0.169439435005188
[2023-05-03 15:28:34] Train Epoch: 7 [8800/20000 (44.0%)]	Loss: 0.18321861326694489
[2023-05-03 15:28:35] Train Epoch: 7 [9600/20000 (48.0%)]	Loss: 0.331047385931015
[2023-05-03 15:28:35] Train Epoch: 7 [10400/20000 (52.0%)]	Loss: 0.280019611120224
[2023-05-03 15:28:35] Train Epoch: 7 [11200/20000 (56.0%)]	Loss: 0.130593940615654
[2023-05-03 15:28:35] Train Epoch: 7 [12000/20000 (60.0%)]	Loss: 0.15519769489765167
[2023-05-03 15:28:36] Train Epoch: 7 [12800/20000 (64.0%)]	Loss: 0.3979080319404602
[2023-05-03 15:28:36] Train Epoch: 7 [13600/20000 (68.0%)]	Loss: 0.19395968317985535
[2023-05-03 15:28:36] Train Epoch: 7 [14400/20000 (72.0%)]	Loss: 0.18262505531311035
[2023-05-03 15:28:36] Train Epoch: 7 [15200/20000 (76.0%)]	Loss: 0.059808339923620224
[2023-05-03 15:28:37] Train Epoch: 7 [16000/20000 (80.0%)]	Loss: 0.1890670508146286
[2023-05-03 15:28:37] Train Epoch: 7 [16800/20000 (84.0%)]	Loss: 0.263138085603714
[2023-05-03 15:28:37] Train Epoch: 7 [17600/20000 (88.0%)]	Loss: 0.1791457235813141
[2023-05-03 15:28:37] Train Epoch: 7 [18400/20000 (92.0%)]	Loss: 0.2207692563533783
[2023-05-03 15:28:38] Train Epoch: 7 [19200/20000 (96.0%)]	Loss: 0.21905887126922607
[2023-05-03 15:28:41] ========== Metrics ==========
[2023-05-03 15:28:41] {
  "tr_loss": 0.21229313343617306,
  "tr_acc": 0.922942294229423,
  "tr_f1": 0.9230461922596753,
  "val_loss": 0.45844452621289183,
  "val_acc": 0.7864629596731213,
  "val_f1": 0.7897130860741777,
  "test_loss": 0.4410224574691235,
  "test_acc": 0.8075880758807588,
  "test_f1": 0.7988668555240794
}
[2023-05-03 15:28:41] ========== Metrics ==========
[2023-05-03 15:28:42] Train Epoch: 8 [0/20000 (0.0%)]	Loss: 0.12060999870300293
[2023-05-03 15:28:42] Train Epoch: 8 [800/20000 (4.0%)]	Loss: 0.23040935397148132
[2023-05-03 15:28:42] Train Epoch: 8 [1600/20000 (8.0%)]	Loss: 0.29649901390075684
[2023-05-03 15:28:43] Train Epoch: 8 [2400/20000 (12.0%)]	Loss: 0.4171454608440399
[2023-05-03 15:28:43] Train Epoch: 8 [3200/20000 (16.0%)]	Loss: 0.18084624409675598
[2023-05-03 15:28:43] Train Epoch: 8 [4000/20000 (20.0%)]	Loss: 0.2702733278274536
[2023-05-03 15:28:44] Train Epoch: 8 [4800/20000 (24.0%)]	Loss: 0.18626417219638824
[2023-05-03 15:28:44] Train Epoch: 8 [5600/20000 (28.0%)]	Loss: 0.08082995563745499
[2023-05-03 15:28:44] Train Epoch: 8 [6400/20000 (32.0%)]	Loss: 0.23563741147518158
[2023-05-03 15:28:44] Train Epoch: 8 [7200/20000 (36.0%)]	Loss: 0.16930153965950012
[2023-05-03 15:28:45] Train Epoch: 8 [8000/20000 (40.0%)]	Loss: 0.2484128624200821
[2023-05-03 15:28:45] Train Epoch: 8 [8800/20000 (44.0%)]	Loss: 0.12279194593429565
[2023-05-03 15:28:45] Train Epoch: 8 [9600/20000 (48.0%)]	Loss: 0.32229849696159363
[2023-05-03 15:28:45] Train Epoch: 8 [10400/20000 (52.0%)]	Loss: 0.22268204391002655
[2023-05-03 15:28:46] Train Epoch: 8 [11200/20000 (56.0%)]	Loss: 0.09110402315855026
[2023-05-03 15:28:46] Train Epoch: 8 [12000/20000 (60.0%)]	Loss: 0.2753102481365204
[2023-05-03 15:28:46] Train Epoch: 8 [12800/20000 (64.0%)]	Loss: 0.3715616762638092
[2023-05-03 15:28:46] Train Epoch: 8 [13600/20000 (68.0%)]	Loss: 0.2318575531244278
[2023-05-03 15:28:46] Train Epoch: 8 [14400/20000 (72.0%)]	Loss: 0.17112503945827484
[2023-05-03 15:28:47] Train Epoch: 8 [15200/20000 (76.0%)]	Loss: 0.15569250285625458
[2023-05-03 15:28:47] Train Epoch: 8 [16000/20000 (80.0%)]	Loss: 0.23326441645622253
[2023-05-03 15:28:47] Train Epoch: 8 [16800/20000 (84.0%)]	Loss: 0.2693120241165161
[2023-05-03 15:28:47] Train Epoch: 8 [17600/20000 (88.0%)]	Loss: 0.46828848123550415
[2023-05-03 15:28:48] Train Epoch: 8 [18400/20000 (92.0%)]	Loss: 0.1932613104581833
[2023-05-03 15:28:48] Train Epoch: 8 [19200/20000 (96.0%)]	Loss: 0.30278337001800537
[2023-05-03 15:28:51] ========== Metrics ==========
[2023-05-03 15:28:51] {
  "tr_loss": 0.20691897618834978,
  "tr_acc": 0.9221422142214222,
  "tr_f1": 0.922254955809657,
  "val_loss": 0.4575196811034256,
  "val_acc": 0.7877065198081364,
  "val_f1": 0.7903876512892476,
  "test_loss": 0.44033503984694233,
  "test_acc": 0.8048780487804879,
  "test_f1": 0.7966101694915254
}
[2023-05-03 15:28:51] ========== Metrics ==========
[2023-05-03 15:28:52] Train Epoch: 9 [0/20000 (0.0%)]	Loss: 0.21402683854103088
[2023-05-03 15:28:52] Train Epoch: 9 [800/20000 (4.0%)]	Loss: 0.36686721444129944
[2023-05-03 15:28:53] Train Epoch: 9 [1600/20000 (8.0%)]	Loss: 0.23239289224147797
[2023-05-03 15:28:53] Train Epoch: 9 [2400/20000 (12.0%)]	Loss: 0.21014758944511414
[2023-05-03 15:28:53] Train Epoch: 9 [3200/20000 (16.0%)]	Loss: 0.2644502520561218
[2023-05-03 15:28:53] Train Epoch: 9 [4000/20000 (20.0%)]	Loss: 0.20630230009555817
[2023-05-03 15:28:54] Train Epoch: 9 [4800/20000 (24.0%)]	Loss: 0.11477260291576385
[2023-05-03 15:28:54] Train Epoch: 9 [5600/20000 (28.0%)]	Loss: 0.2938752770423889
[2023-05-03 15:28:54] Train Epoch: 9 [6400/20000 (32.0%)]	Loss: 0.3094656467437744
[2023-05-03 15:28:54] Train Epoch: 9 [7200/20000 (36.0%)]	Loss: 0.09966778755187988
[2023-05-03 15:28:55] Train Epoch: 9 [8000/20000 (40.0%)]	Loss: 0.23327675461769104
[2023-05-03 15:28:55] Train Epoch: 9 [8800/20000 (44.0%)]	Loss: 0.16409724950790405
[2023-05-03 15:28:55] Train Epoch: 9 [9600/20000 (48.0%)]	Loss: 0.28895390033721924
[2023-05-03 15:28:55] Train Epoch: 9 [10400/20000 (52.0%)]	Loss: 0.12070677429437637
[2023-05-03 15:28:56] Train Epoch: 9 [11200/20000 (56.0%)]	Loss: 0.11173200607299805
[2023-05-03 15:28:56] Train Epoch: 9 [12000/20000 (60.0%)]	Loss: 0.17098179459571838
[2023-05-03 15:28:56] Train Epoch: 9 [12800/20000 (64.0%)]	Loss: 0.10629745572805405
[2023-05-03 15:28:56] Train Epoch: 9 [13600/20000 (68.0%)]	Loss: 0.32680743932724
[2023-05-03 15:28:57] Train Epoch: 9 [14400/20000 (72.0%)]	Loss: 0.29891666769981384
[2023-05-03 15:28:57] Train Epoch: 9 [15200/20000 (76.0%)]	Loss: 0.0751577764749527
[2023-05-03 15:28:57] Train Epoch: 9 [16000/20000 (80.0%)]	Loss: 0.3135022521018982
[2023-05-03 15:28:57] Train Epoch: 9 [16800/20000 (84.0%)]	Loss: 0.12303580343723297
[2023-05-03 15:28:58] Train Epoch: 9 [17600/20000 (88.0%)]	Loss: 0.3243672251701355
[2023-05-03 15:28:58] Train Epoch: 9 [18400/20000 (92.0%)]	Loss: 0.22895590960979462
[2023-05-03 15:28:58] Train Epoch: 9 [19200/20000 (96.0%)]	Loss: 0.12434297055006027
[2023-05-03 15:29:01] ========== Metrics ==========
[2023-05-03 15:29:01] {
  "tr_loss": 0.20515867186100534,
  "tr_acc": 0.9242424242424242,
  "tr_f1": 0.9243294540732232,
  "val_loss": 0.4569300997848091,
  "val_acc": 0.7884171255995737,
  "val_f1": 0.7902060947683636,
  "test_loss": 0.44326561124021124,
  "test_acc": 0.8048780487804879,
  "test_f1": 0.7942857142857144
}
[2023-05-03 15:29:01] ========== Metrics ==========
[2023-05-03 15:29:02] Train Epoch: 10 [0/20000 (0.0%)]	Loss: 0.30725085735321045
[2023-05-03 15:29:03] Train Epoch: 10 [800/20000 (4.0%)]	Loss: 0.2641158401966095
[2023-05-03 15:29:03] Train Epoch: 10 [1600/20000 (8.0%)]	Loss: 0.14890559017658234
[2023-05-03 15:29:03] Train Epoch: 10 [2400/20000 (12.0%)]	Loss: 0.19509801268577576
[2023-05-03 15:29:03] Train Epoch: 10 [3200/20000 (16.0%)]	Loss: 0.11300918459892273
[2023-05-03 15:29:04] Train Epoch: 10 [4000/20000 (20.0%)]	Loss: 0.20307880640029907
[2023-05-03 15:29:04] Train Epoch: 10 [4800/20000 (24.0%)]	Loss: 0.256128191947937
[2023-05-03 15:29:04] Train Epoch: 10 [5600/20000 (28.0%)]	Loss: 0.15773126482963562
[2023-05-03 15:29:04] Train Epoch: 10 [6400/20000 (32.0%)]	Loss: 0.17465411126613617
[2023-05-03 15:29:05] Train Epoch: 10 [7200/20000 (36.0%)]	Loss: 0.26710715889930725
[2023-05-03 15:29:05] Train Epoch: 10 [8000/20000 (40.0%)]	Loss: 0.06611858308315277
[2023-05-03 15:29:05] Train Epoch: 10 [8800/20000 (44.0%)]	Loss: 0.33584266901016235
[2023-05-03 15:29:05] Train Epoch: 10 [9600/20000 (48.0%)]	Loss: 0.4015973210334778
[2023-05-03 15:29:05] Train Epoch: 10 [10400/20000 (52.0%)]	Loss: 0.3021767735481262
[2023-05-03 15:29:06] Train Epoch: 10 [11200/20000 (56.0%)]	Loss: 0.3258911967277527
[2023-05-03 15:29:06] Train Epoch: 10 [12000/20000 (60.0%)]	Loss: 0.2367638349533081
[2023-05-03 15:29:06] Train Epoch: 10 [12800/20000 (64.0%)]	Loss: 0.217952162027359
[2023-05-03 15:29:06] Train Epoch: 10 [13600/20000 (68.0%)]	Loss: 0.1511755734682083
[2023-05-03 15:29:07] Train Epoch: 10 [14400/20000 (72.0%)]	Loss: 0.22330880165100098
[2023-05-03 15:29:07] Train Epoch: 10 [15200/20000 (76.0%)]	Loss: 0.4977371394634247
[2023-05-03 15:29:07] Train Epoch: 10 [16000/20000 (80.0%)]	Loss: 0.23606982827186584
[2023-05-03 15:29:07] Train Epoch: 10 [16800/20000 (84.0%)]	Loss: 0.31684747338294983
[2023-05-03 15:29:08] Train Epoch: 10 [17600/20000 (88.0%)]	Loss: 0.18777994811534882
[2023-05-03 15:29:08] Train Epoch: 10 [18400/20000 (92.0%)]	Loss: 0.3412765860557556
[2023-05-03 15:29:08] Train Epoch: 10 [19200/20000 (96.0%)]	Loss: 0.2414974868297577
[2023-05-03 15:29:12] ========== Metrics ==========
[2023-05-03 15:29:12] {
  "tr_loss": 0.19795087940192888,
  "tr_acc": 0.9263926392639263,
  "tr_f1": 0.9264955557774893,
  "val_loss": 0.4565847896305531,
  "val_acc": 0.7882394741517144,
  "val_f1": 0.7899189284455411,
  "test_loss": 0.43162880228140815,
  "test_acc": 0.8075880758807588,
  "test_f1": 0.7953890489913544
}
[2023-05-03 15:29:12] ========== Metrics ==========
[2023-05-03 15:29:13] Train Epoch: 11 [0/20000 (0.0%)]	Loss: 0.15552473068237305
[2023-05-03 15:29:13] Train Epoch: 11 [800/20000 (4.0%)]	Loss: 0.2964867651462555
[2023-05-03 15:29:13] Train Epoch: 11 [1600/20000 (8.0%)]	Loss: 0.1247449591755867
[2023-05-03 15:29:13] Train Epoch: 11 [2400/20000 (12.0%)]	Loss: 0.08649865537881851
[2023-05-03 15:29:14] Train Epoch: 11 [3200/20000 (16.0%)]	Loss: 0.17334385216236115
[2023-05-03 15:29:14] Train Epoch: 11 [4000/20000 (20.0%)]	Loss: 0.26784366369247437
[2023-05-03 15:29:14] Train Epoch: 11 [4800/20000 (24.0%)]	Loss: 0.2540053427219391
[2023-05-03 15:29:14] Train Epoch: 11 [5600/20000 (28.0%)]	Loss: 0.142160564661026
[2023-05-03 15:29:14] Train Epoch: 11 [6400/20000 (32.0%)]	Loss: 0.1791859120130539
[2023-05-03 15:29:15] Train Epoch: 11 [7200/20000 (36.0%)]	Loss: 0.27154529094696045
[2023-05-03 15:29:15] Train Epoch: 11 [8000/20000 (40.0%)]	Loss: 0.3357817828655243
[2023-05-03 15:29:15] Train Epoch: 11 [8800/20000 (44.0%)]	Loss: 0.20415078103542328
[2023-05-03 15:29:15] Train Epoch: 11 [9600/20000 (48.0%)]	Loss: 0.14831608533859253
[2023-05-03 15:29:16] Train Epoch: 11 [10400/20000 (52.0%)]	Loss: 0.1701923906803131
[2023-05-03 15:29:16] Train Epoch: 11 [11200/20000 (56.0%)]	Loss: 0.2342136949300766
[2023-05-03 15:29:16] Train Epoch: 11 [12000/20000 (60.0%)]	Loss: 0.17420829832553864
[2023-05-03 15:29:16] Train Epoch: 11 [12800/20000 (64.0%)]	Loss: 0.14655178785324097
[2023-05-03 15:29:17] Train Epoch: 11 [13600/20000 (68.0%)]	Loss: 0.16359539330005646
[2023-05-03 15:29:17] Train Epoch: 11 [14400/20000 (72.0%)]	Loss: 0.09839288145303726
[2023-05-03 15:29:17] Train Epoch: 11 [15200/20000 (76.0%)]	Loss: 0.19286416471004486
[2023-05-03 15:29:17] Train Epoch: 11 [16000/20000 (80.0%)]	Loss: 0.26051196455955505
[2023-05-03 15:29:18] Train Epoch: 11 [16800/20000 (84.0%)]	Loss: 0.21317455172538757
[2023-05-03 15:29:18] Train Epoch: 11 [17600/20000 (88.0%)]	Loss: 0.30374208092689514
[2023-05-03 15:29:18] Train Epoch: 11 [18400/20000 (92.0%)]	Loss: 0.2502816617488861
[2023-05-03 15:29:18] Train Epoch: 11 [19200/20000 (96.0%)]	Loss: 0.11051394045352936
[2023-05-03 15:29:22] ========== Metrics ==========
[2023-05-03 15:29:22] {
  "tr_loss": 0.19160977326663617,
  "tr_acc": 0.9302930293029303,
  "tr_f1": 0.9302372134921428,
  "val_loss": 0.45643569034292464,
  "val_acc": 0.788594777047433,
  "val_f1": 0.790197461212976,
  "test_loss": 0.4759312864887682,
  "test_acc": 0.8075880758807588,
  "test_f1": 0.7953890489913544
}
[2023-05-03 15:29:22] ========== Metrics ==========
[2023-05-03 15:29:23] Train Epoch: 12 [0/20000 (0.0%)]	Loss: 0.307529091835022
[2023-05-03 15:29:23] Train Epoch: 12 [800/20000 (4.0%)]	Loss: 0.2827532887458801
[2023-05-03 15:29:23] Train Epoch: 12 [1600/20000 (8.0%)]	Loss: 0.03593394532799721
[2023-05-03 15:29:23] Train Epoch: 12 [2400/20000 (12.0%)]	Loss: 0.09962853789329529
[2023-05-03 15:29:24] Train Epoch: 12 [3200/20000 (16.0%)]	Loss: 0.2951684594154358
[2023-05-03 15:29:24] Train Epoch: 12 [4000/20000 (20.0%)]	Loss: 0.09033361077308655
[2023-05-03 15:29:24] Train Epoch: 12 [4800/20000 (24.0%)]	Loss: 0.18980452418327332
[2023-05-03 15:29:24] Train Epoch: 12 [5600/20000 (28.0%)]	Loss: 0.2466423213481903
[2023-05-03 15:29:25] Train Epoch: 12 [6400/20000 (32.0%)]	Loss: 0.1369919776916504
[2023-05-03 15:29:25] Train Epoch: 12 [7200/20000 (36.0%)]	Loss: 0.22034604847431183
[2023-05-03 15:29:25] Train Epoch: 12 [8000/20000 (40.0%)]	Loss: 0.20109626650810242
[2023-05-03 15:29:25] Train Epoch: 12 [8800/20000 (44.0%)]	Loss: 0.3859346807003021
[2023-05-03 15:29:25] Train Epoch: 12 [9600/20000 (48.0%)]	Loss: 0.1285974085330963
[2023-05-03 15:29:26] Train Epoch: 12 [10400/20000 (52.0%)]	Loss: 0.13844424486160278
[2023-05-03 15:29:26] Train Epoch: 12 [11200/20000 (56.0%)]	Loss: 0.3604615032672882
[2023-05-03 15:29:26] Train Epoch: 12 [12000/20000 (60.0%)]	Loss: 0.04783908650279045
[2023-05-03 15:29:26] Train Epoch: 12 [12800/20000 (64.0%)]	Loss: 0.12061973661184311
[2023-05-03 15:29:27] Train Epoch: 12 [13600/20000 (68.0%)]	Loss: 0.16844205558300018
[2023-05-03 15:29:27] Train Epoch: 12 [14400/20000 (72.0%)]	Loss: 0.34005826711654663
[2023-05-03 15:29:27] Train Epoch: 12 [15200/20000 (76.0%)]	Loss: 0.08385786414146423
[2023-05-03 15:29:27] Train Epoch: 12 [16000/20000 (80.0%)]	Loss: 0.17955130338668823
[2023-05-03 15:29:28] Train Epoch: 12 [16800/20000 (84.0%)]	Loss: 0.11816339194774628
[2023-05-03 15:29:28] Train Epoch: 12 [17600/20000 (88.0%)]	Loss: 0.07629992812871933
[2023-05-03 15:29:28] Train Epoch: 12 [18400/20000 (92.0%)]	Loss: 0.3521590530872345
[2023-05-03 15:29:28] Train Epoch: 12 [19200/20000 (96.0%)]	Loss: 0.13414408266544342
[2023-05-03 15:29:32] ========== Metrics ==========
[2023-05-03 15:29:32] {
  "tr_loss": 0.18867216039203455,
  "tr_acc": 0.9324432443244325,
  "tr_f1": 0.9322840960352864,
  "val_loss": 0.45665551646604147,
  "val_acc": 0.788061822703855,
  "val_f1": 0.7900756642618336,
  "test_loss": 0.42357469251162316,
  "test_acc": 0.8075880758807588,
  "test_f1": 0.7953890489913544
}
[2023-05-03 15:29:32] ========== Metrics ==========
[2023-05-03 15:29:33] Train Epoch: 13 [0/20000 (0.0%)]	Loss: 0.272345632314682
[2023-05-03 15:29:33] Train Epoch: 13 [800/20000 (4.0%)]	Loss: 0.07122749835252762
[2023-05-03 15:29:33] Train Epoch: 13 [1600/20000 (8.0%)]	Loss: 0.22641919553279877
[2023-05-03 15:29:34] Train Epoch: 13 [2400/20000 (12.0%)]	Loss: 0.17617136240005493
[2023-05-03 15:29:34] Train Epoch: 13 [3200/20000 (16.0%)]	Loss: 0.1353597342967987
[2023-05-03 15:29:34] Train Epoch: 13 [4000/20000 (20.0%)]	Loss: 0.29171425104141235
[2023-05-03 15:29:34] Train Epoch: 13 [4800/20000 (24.0%)]	Loss: 0.12680935859680176
[2023-05-03 15:29:35] Train Epoch: 13 [5600/20000 (28.0%)]	Loss: 0.3499903976917267
[2023-05-03 15:29:35] Train Epoch: 13 [6400/20000 (32.0%)]	Loss: 0.15402953326702118
[2023-05-03 15:29:35] Train Epoch: 13 [7200/20000 (36.0%)]	Loss: 0.20285379886627197
[2023-05-03 15:29:35] Train Epoch: 13 [8000/20000 (40.0%)]	Loss: 0.22621849179267883
[2023-05-03 15:29:35] Train Epoch: 13 [8800/20000 (44.0%)]	Loss: 0.10602332651615143
[2023-05-03 15:29:36] Train Epoch: 13 [9600/20000 (48.0%)]	Loss: 0.12297450006008148
[2023-05-03 15:29:36] Train Epoch: 13 [10400/20000 (52.0%)]	Loss: 0.1844387799501419
[2023-05-03 15:29:36] Train Epoch: 13 [11200/20000 (56.0%)]	Loss: 0.34886541962623596
[2023-05-03 15:29:36] Train Epoch: 13 [12000/20000 (60.0%)]	Loss: 0.23594841361045837
[2023-05-03 15:29:37] Train Epoch: 13 [12800/20000 (64.0%)]	Loss: 0.09345557540655136
[2023-05-03 15:29:37] Train Epoch: 13 [13600/20000 (68.0%)]	Loss: 0.15033915638923645
[2023-05-03 15:29:37] Train Epoch: 13 [14400/20000 (72.0%)]	Loss: 0.18608655035495758
[2023-05-03 15:29:37] Train Epoch: 13 [15200/20000 (76.0%)]	Loss: 0.21099136769771576
[2023-05-03 15:29:38] Train Epoch: 13 [16000/20000 (80.0%)]	Loss: 0.07225245237350464
[2023-05-03 15:29:38] Train Epoch: 13 [16800/20000 (84.0%)]	Loss: 0.1947123259305954
[2023-05-03 15:29:38] Train Epoch: 13 [17600/20000 (88.0%)]	Loss: 0.09422587603330612
[2023-05-03 15:29:38] Train Epoch: 13 [18400/20000 (92.0%)]	Loss: 0.2194322645664215
[2023-05-03 15:29:39] Train Epoch: 13 [19200/20000 (96.0%)]	Loss: 0.29281628131866455
[2023-05-03 15:29:42] ========== Metrics ==========
[2023-05-03 15:29:42] {
  "tr_loss": 0.18535784906101818,
  "tr_acc": 0.9324432443244325,
  "tr_f1": 0.9324736342280202,
  "val_loss": 0.45671087510845426,
  "val_acc": 0.7871735654645585,
  "val_f1": 0.789381153305204,
  "test_loss": 0.4381545565638762,
  "test_acc": 0.8102981029810298,
  "test_f1": 0.7988505747126436
}
[2023-05-03 15:29:42] ========== Metrics ==========
[2023-05-03 15:29:43] Train Epoch: 14 [0/20000 (0.0%)]	Loss: 0.26038363575935364
[2023-05-03 15:29:43] Train Epoch: 14 [800/20000 (4.0%)]	Loss: 0.12597231566905975
[2023-05-03 15:29:43] Train Epoch: 14 [1600/20000 (8.0%)]	Loss: 0.3293573558330536
[2023-05-03 15:29:44] Train Epoch: 14 [2400/20000 (12.0%)]	Loss: 0.20038610696792603
[2023-05-03 15:29:44] Train Epoch: 14 [3200/20000 (16.0%)]	Loss: 0.22884705662727356
[2023-05-03 15:29:44] Train Epoch: 14 [4000/20000 (20.0%)]	Loss: 0.2642500400543213
[2023-05-03 15:29:44] Train Epoch: 14 [4800/20000 (24.0%)]	Loss: 0.14398835599422455
[2023-05-03 15:29:45] Train Epoch: 14 [5600/20000 (28.0%)]	Loss: 0.07917520403862
[2023-05-03 15:29:45] Train Epoch: 14 [6400/20000 (32.0%)]	Loss: 0.14750508964061737
[2023-05-03 15:29:45] Train Epoch: 14 [7200/20000 (36.0%)]	Loss: 0.09028816223144531
[2023-05-03 15:29:45] Train Epoch: 14 [8000/20000 (40.0%)]	Loss: 0.15072400867938995
[2023-05-03 15:29:45] Train Epoch: 14 [8800/20000 (44.0%)]	Loss: 0.20262132585048676
[2023-05-03 15:29:46] Train Epoch: 14 [9600/20000 (48.0%)]	Loss: 0.10110224038362503
[2023-05-03 15:29:46] Train Epoch: 14 [10400/20000 (52.0%)]	Loss: 0.17510101199150085
[2023-05-03 15:29:46] Train Epoch: 14 [11200/20000 (56.0%)]	Loss: 0.10690019279718399
[2023-05-03 15:29:46] Train Epoch: 14 [12000/20000 (60.0%)]	Loss: 0.15289849042892456
[2023-05-03 15:29:47] Train Epoch: 14 [12800/20000 (64.0%)]	Loss: 0.10050611197948456
[2023-05-03 15:29:47] Train Epoch: 14 [13600/20000 (68.0%)]	Loss: 0.13930416107177734
[2023-05-03 15:29:47] Train Epoch: 14 [14400/20000 (72.0%)]	Loss: 0.12387505173683167
[2023-05-03 15:29:47] Train Epoch: 14 [15200/20000 (76.0%)]	Loss: 0.12451820075511932
[2023-05-03 15:29:48] Train Epoch: 14 [16000/20000 (80.0%)]	Loss: 0.2107381373643875
[2023-05-03 15:29:48] Train Epoch: 14 [16800/20000 (84.0%)]	Loss: 0.17790868878364563
[2023-05-03 15:29:48] Train Epoch: 14 [17600/20000 (88.0%)]	Loss: 0.39414408802986145
[2023-05-03 15:29:48] Train Epoch: 14 [18400/20000 (92.0%)]	Loss: 0.1419823318719864
[2023-05-03 15:29:48] Train Epoch: 14 [19200/20000 (96.0%)]	Loss: 0.1806866079568863
[2023-05-03 15:29:52] ========== Metrics ==========
[2023-05-03 15:29:52] {
  "tr_loss": 0.18492916311928242,
  "tr_acc": 0.9325932593259326,
  "tr_f1": 0.9327076677316294,
  "val_loss": 0.45648754555794885,
  "val_acc": 0.7878841712559957,
  "val_f1": 0.790084388185654,
  "test_loss": 0.4472545950716427,
  "test_acc": 0.8102981029810298,
  "test_f1": 0.7988505747126436
}
[2023-05-03 15:29:52] ========== Metrics ==========
[2023-05-03 15:29:53] Train Epoch: 15 [0/20000 (0.0%)]	Loss: 0.14969246089458466
[2023-05-03 15:29:53] Train Epoch: 15 [800/20000 (4.0%)]	Loss: 0.11676843464374542
[2023-05-03 15:29:53] Train Epoch: 15 [1600/20000 (8.0%)]	Loss: 0.1814749836921692
[2023-05-03 15:29:53] Train Epoch: 15 [2400/20000 (12.0%)]	Loss: 0.1817692369222641
[2023-05-03 15:29:54] Train Epoch: 15 [3200/20000 (16.0%)]	Loss: 0.3159492015838623
[2023-05-03 15:29:54] Train Epoch: 15 [4000/20000 (20.0%)]	Loss: 0.2528519332408905
[2023-05-03 15:29:54] Train Epoch: 15 [4800/20000 (24.0%)]	Loss: 0.23440992832183838
[2023-05-03 15:29:54] Train Epoch: 15 [5600/20000 (28.0%)]	Loss: 0.14079418778419495
[2023-05-03 15:29:55] Train Epoch: 15 [6400/20000 (32.0%)]	Loss: 0.2516607940196991
[2023-05-03 15:29:55] Train Epoch: 15 [7200/20000 (36.0%)]	Loss: 0.098904550075531
[2023-05-03 15:29:55] Train Epoch: 15 [8000/20000 (40.0%)]	Loss: 0.1852242350578308
[2023-05-03 15:29:55] Train Epoch: 15 [8800/20000 (44.0%)]	Loss: 0.058153603225946426
[2023-05-03 15:29:56] Train Epoch: 15 [9600/20000 (48.0%)]	Loss: 0.27391719818115234
[2023-05-03 15:29:56] Train Epoch: 15 [10400/20000 (52.0%)]	Loss: 0.1771346777677536
[2023-05-03 15:29:56] Train Epoch: 15 [11200/20000 (56.0%)]	Loss: 0.08082497864961624
[2023-05-03 15:29:56] Train Epoch: 15 [12000/20000 (60.0%)]	Loss: 0.13762536644935608
[2023-05-03 15:29:57] Train Epoch: 15 [12800/20000 (64.0%)]	Loss: 0.11401186883449554
[2023-05-03 15:29:57] Train Epoch: 15 [13600/20000 (68.0%)]	Loss: 0.207975834608078
[2023-05-03 15:29:57] Train Epoch: 15 [14400/20000 (72.0%)]	Loss: 0.4159494638442993
[2023-05-03 15:29:57] Train Epoch: 15 [15200/20000 (76.0%)]	Loss: 0.13942879438400269
[2023-05-03 15:29:58] Train Epoch: 15 [16000/20000 (80.0%)]	Loss: 0.1275012195110321
[2023-05-03 15:29:58] Train Epoch: 15 [16800/20000 (84.0%)]	Loss: 0.14471527934074402
[2023-05-03 15:29:58] Train Epoch: 15 [17600/20000 (88.0%)]	Loss: 0.08392311632633209
[2023-05-03 15:29:58] Train Epoch: 15 [18400/20000 (92.0%)]	Loss: 0.10526052862405777
[2023-05-03 15:29:59] Train Epoch: 15 [19200/20000 (96.0%)]	Loss: 0.1424366533756256
[2023-05-03 15:30:02] ========== Metrics ==========
[2023-05-03 15:30:02] {
  "tr_loss": 0.18885990982652248,
  "tr_acc": 0.9306930693069307,
  "tr_f1": 0.9306097927305497,
  "val_loss": 0.45666305721070843,
  "val_acc": 0.7878841712559957,
  "val_f1": 0.7904527904527904,
  "test_loss": 0.42495012315631236,
  "test_acc": 0.8130081300813008,
  "test_f1": 0.8022922636103151
}
[2023-05-03 15:30:02] ========== Metrics ==========
[2023-05-03 15:30:03] Train Epoch: 16 [0/20000 (0.0%)]	Loss: 0.3173814117908478
[2023-05-03 15:30:03] Train Epoch: 16 [800/20000 (4.0%)]	Loss: 0.08637889474630356
[2023-05-03 15:30:03] Train Epoch: 16 [1600/20000 (8.0%)]	Loss: 0.04066896438598633
[2023-05-03 15:30:04] Train Epoch: 16 [2400/20000 (12.0%)]	Loss: 0.5337743163108826
[2023-05-03 15:30:04] Train Epoch: 16 [3200/20000 (16.0%)]	Loss: 0.11274310946464539
[2023-05-03 15:30:04] Train Epoch: 16 [4000/20000 (20.0%)]	Loss: 0.30984434485435486
[2023-05-03 15:30:04] Train Epoch: 16 [4800/20000 (24.0%)]	Loss: 0.09133166819810867
[2023-05-03 15:30:04] Train Epoch: 16 [5600/20000 (28.0%)]	Loss: 0.11346998810768127
[2023-05-03 15:30:05] Train Epoch: 16 [6400/20000 (32.0%)]	Loss: 0.13052129745483398
[2023-05-03 15:30:05] Train Epoch: 16 [7200/20000 (36.0%)]	Loss: 0.19133755564689636
[2023-05-03 15:30:05] Train Epoch: 16 [8000/20000 (40.0%)]	Loss: 0.13115394115447998
[2023-05-03 15:30:05] Train Epoch: 16 [8800/20000 (44.0%)]	Loss: 0.2179967761039734
[2023-05-03 15:30:06] Train Epoch: 16 [9600/20000 (48.0%)]	Loss: 0.24557100236415863
[2023-05-03 15:30:06] Train Epoch: 16 [10400/20000 (52.0%)]	Loss: 0.11376770585775375
[2023-05-03 15:30:06] Train Epoch: 16 [11200/20000 (56.0%)]	Loss: 0.15760277211666107
[2023-05-03 15:30:06] Train Epoch: 16 [12000/20000 (60.0%)]	Loss: 0.07412810623645782
[2023-05-03 15:30:07] Train Epoch: 16 [12800/20000 (64.0%)]	Loss: 0.1985885500907898
[2023-05-03 15:30:07] Train Epoch: 16 [13600/20000 (68.0%)]	Loss: 0.1615147888660431
[2023-05-03 15:30:07] Train Epoch: 16 [14400/20000 (72.0%)]	Loss: 0.2473619133234024
[2023-05-03 15:30:07] Train Epoch: 16 [15200/20000 (76.0%)]	Loss: 0.13703103363513947
[2023-05-03 15:30:07] Train Epoch: 16 [16000/20000 (80.0%)]	Loss: 0.20869377255439758
[2023-05-03 15:30:08] Train Epoch: 16 [16800/20000 (84.0%)]	Loss: 0.12059266865253448
[2023-05-03 15:30:08] Train Epoch: 16 [17600/20000 (88.0%)]	Loss: 0.1840476095676422
[2023-05-03 15:30:08] Train Epoch: 16 [18400/20000 (92.0%)]	Loss: 0.15760348737239838
[2023-05-03 15:30:08] Train Epoch: 16 [19200/20000 (96.0%)]	Loss: 0.1613207757472992
[2023-05-03 15:30:12] ========== Metrics ==========
[2023-05-03 15:30:12] {
  "tr_loss": 0.18204464199114043,
  "tr_acc": 0.933993399339934,
  "tr_f1": 0.9339471577261811,
  "val_loss": 0.4565352220733502,
  "val_acc": 0.7878841712559957,
  "val_f1": 0.7904527904527904,
  "test_loss": 0.42320824864757095,
  "test_acc": 0.8130081300813008,
  "test_f1": 0.8022922636103151
}
[2023-05-03 15:30:12] ========== Metrics ==========
[2023-05-03 15:30:13] Train Epoch: 17 [0/20000 (0.0%)]	Loss: 0.0796101912856102
[2023-05-03 15:30:13] Train Epoch: 17 [800/20000 (4.0%)]	Loss: 0.0968579649925232
[2023-05-03 15:30:13] Train Epoch: 17 [1600/20000 (8.0%)]	Loss: 0.20650389790534973
[2023-05-03 15:30:13] Train Epoch: 17 [2400/20000 (12.0%)]	Loss: 0.15931256115436554
[2023-05-03 15:30:14] Train Epoch: 17 [3200/20000 (16.0%)]	Loss: 0.27940207719802856
[2023-05-03 15:30:14] Train Epoch: 17 [4000/20000 (20.0%)]	Loss: 0.11210586130619049
[2023-05-03 15:30:14] Train Epoch: 17 [4800/20000 (24.0%)]	Loss: 0.1804157942533493
[2023-05-03 15:30:14] Train Epoch: 17 [5600/20000 (28.0%)]	Loss: 0.10507386177778244
[2023-05-03 15:30:15] Train Epoch: 17 [6400/20000 (32.0%)]	Loss: 0.2206491231918335
[2023-05-03 15:30:15] Train Epoch: 17 [7200/20000 (36.0%)]	Loss: 0.15616069734096527
[2023-05-03 15:30:15] Train Epoch: 17 [8000/20000 (40.0%)]	Loss: 0.3566093444824219
[2023-05-03 15:30:15] Train Epoch: 17 [8800/20000 (44.0%)]	Loss: 0.22593317925930023
[2023-05-03 15:30:15] Train Epoch: 17 [9600/20000 (48.0%)]	Loss: 0.13944491744041443
[2023-05-03 15:30:16] Train Epoch: 17 [10400/20000 (52.0%)]	Loss: 0.21520072221755981
[2023-05-03 15:30:16] Train Epoch: 17 [11200/20000 (56.0%)]	Loss: 0.12762631475925446
[2023-05-03 15:30:16] Train Epoch: 17 [12000/20000 (60.0%)]	Loss: 0.18885503709316254
[2023-05-03 15:30:16] Train Epoch: 17 [12800/20000 (64.0%)]	Loss: 0.296701580286026
[2023-05-03 15:30:17] Train Epoch: 17 [13600/20000 (68.0%)]	Loss: 0.1805347204208374
[2023-05-03 15:30:17] Train Epoch: 17 [14400/20000 (72.0%)]	Loss: 0.09790939837694168
[2023-05-03 15:30:17] Train Epoch: 17 [15200/20000 (76.0%)]	Loss: 0.1610489785671234
[2023-05-03 15:30:17] Train Epoch: 17 [16000/20000 (80.0%)]	Loss: 0.3361109495162964
[2023-05-03 15:30:18] Train Epoch: 17 [16800/20000 (84.0%)]	Loss: 0.42860147356987
[2023-05-03 15:30:18] Train Epoch: 17 [17600/20000 (88.0%)]	Loss: 0.27304351329803467
[2023-05-03 15:30:18] Train Epoch: 17 [18400/20000 (92.0%)]	Loss: 0.11469762027263641
[2023-05-03 15:30:18] Train Epoch: 17 [19200/20000 (96.0%)]	Loss: 0.14728987216949463
[2023-05-03 15:30:21] Stop At epoch 17/20 due to valid not increase
[2023-05-03 15:30:22] ========== Metrics ==========
[2023-05-03 15:30:22] {
  "tr_loss": 0.18613801873771058,
  "tr_acc": 0.9306430643064306,
  "tr_f1": 0.9304517875946446,
  "val_loss": 0.4566037017427852,
  "val_acc": 0.7878841712559957,
  "val_f1": 0.7904527904527904,
  "test_loss": 0.4282432558736827,
  "test_acc": 0.8130081300813008,
  "test_f1": 0.8022922636103151
}
[2023-05-03 15:30:22] ========== Metrics ==========
