[2023-05-03 04:27:39] Train Epoch: 1 [0/20000 (0.0%)]	Loss: 0.7436835765838623
[2023-05-03 04:27:39] Train Epoch: 1 [800/20000 (4.0%)]	Loss: 0.7154018878936768
[2023-05-03 04:27:39] Train Epoch: 1 [1600/20000 (8.0%)]	Loss: 0.6971907019615173
[2023-05-03 04:27:39] Train Epoch: 1 [2400/20000 (12.0%)]	Loss: 0.74531090259552
[2023-05-03 04:27:40] Train Epoch: 1 [3200/20000 (16.0%)]	Loss: 0.6708526015281677
[2023-05-03 04:27:40] Train Epoch: 1 [4000/20000 (20.0%)]	Loss: 0.7324814796447754
[2023-05-03 04:27:40] Train Epoch: 1 [4800/20000 (24.0%)]	Loss: 0.6985644102096558
[2023-05-03 04:27:40] Train Epoch: 1 [5600/20000 (28.0%)]	Loss: 0.642768383026123
[2023-05-03 04:27:41] Train Epoch: 1 [6400/20000 (32.0%)]	Loss: 0.7060912251472473
[2023-05-03 04:27:41] Train Epoch: 1 [7200/20000 (36.0%)]	Loss: 0.6981892585754395
[2023-05-03 04:27:41] Train Epoch: 1 [8000/20000 (40.0%)]	Loss: 0.6960852146148682
[2023-05-03 04:27:41] Train Epoch: 1 [8800/20000 (44.0%)]	Loss: 0.6878524422645569
[2023-05-03 04:27:42] Train Epoch: 1 [9600/20000 (48.0%)]	Loss: 0.6725200414657593
[2023-05-03 04:27:42] Train Epoch: 1 [10400/20000 (52.0%)]	Loss: 0.637033224105835
[2023-05-03 04:27:42] Train Epoch: 1 [11200/20000 (56.0%)]	Loss: 0.6689028739929199
[2023-05-03 04:27:42] Train Epoch: 1 [12000/20000 (60.0%)]	Loss: 0.7678509950637817
[2023-05-03 04:27:43] Train Epoch: 1 [12800/20000 (64.0%)]	Loss: 0.7280139923095703
[2023-05-03 04:27:43] Train Epoch: 1 [13600/20000 (68.0%)]	Loss: 0.6807832717895508
[2023-05-03 04:27:43] Train Epoch: 1 [14400/20000 (72.0%)]	Loss: 0.6858946681022644
[2023-05-03 04:27:43] Train Epoch: 1 [15200/20000 (76.0%)]	Loss: 0.6343852281570435
[2023-05-03 04:27:44] Train Epoch: 1 [16000/20000 (80.0%)]	Loss: 0.6622596979141235
[2023-05-03 04:27:44] Train Epoch: 1 [16800/20000 (84.0%)]	Loss: 0.694999098777771
[2023-05-03 04:27:44] Train Epoch: 1 [17600/20000 (88.0%)]	Loss: 0.6810910105705261
[2023-05-03 04:27:44] Train Epoch: 1 [18400/20000 (92.0%)]	Loss: 0.6096836924552917
[2023-05-03 04:27:45] Train Epoch: 1 [19200/20000 (96.0%)]	Loss: 0.6500200033187866
[2023-05-03 04:27:49] ========== Metrics ==========
[2023-05-03 04:27:49] {
  "tr_loss": 0.6841143504513874,
  "tr_acc": 0.5474047404740474,
  "tr_f1": 0.5612487275195113,
  "val_loss": 0.6520057496263834,
  "val_acc": 0.6947948125777225,
  "val_f1": 0.7308053901598244,
  "test_loss": 0.6748069463383538,
  "test_acc": 0.7181571815718157,
  "test_f1": 0.7475728155339805
}
[2023-05-03 04:27:49] ========== Metrics ==========
[2023-05-03 04:27:50] Train Epoch: 2 [0/20000 (0.0%)]	Loss: 0.6694245338439941
[2023-05-03 04:27:51] Train Epoch: 2 [800/20000 (4.0%)]	Loss: 0.5932707190513611
[2023-05-03 04:27:51] Train Epoch: 2 [1600/20000 (8.0%)]	Loss: 0.661981999874115
[2023-05-03 04:27:51] Train Epoch: 2 [2400/20000 (12.0%)]	Loss: 0.6508565545082092
[2023-05-03 04:27:51] Train Epoch: 2 [3200/20000 (16.0%)]	Loss: 0.6801549196243286
[2023-05-03 04:27:52] Train Epoch: 2 [4000/20000 (20.0%)]	Loss: 0.6146682500839233
[2023-05-03 04:27:52] Train Epoch: 2 [4800/20000 (24.0%)]	Loss: 0.6606592535972595
[2023-05-03 04:27:52] Train Epoch: 2 [5600/20000 (28.0%)]	Loss: 0.6128451228141785
[2023-05-03 04:27:52] Train Epoch: 2 [6400/20000 (32.0%)]	Loss: 0.5775514841079712
[2023-05-03 04:27:53] Train Epoch: 2 [7200/20000 (36.0%)]	Loss: 0.6646746397018433
[2023-05-03 04:27:53] Train Epoch: 2 [8000/20000 (40.0%)]	Loss: 0.6809874176979065
[2023-05-03 04:27:53] Train Epoch: 2 [8800/20000 (44.0%)]	Loss: 0.5758930444717407
[2023-05-03 04:27:53] Train Epoch: 2 [9600/20000 (48.0%)]	Loss: 0.5191598534584045
[2023-05-03 04:27:54] Train Epoch: 2 [10400/20000 (52.0%)]	Loss: 0.7251107692718506
[2023-05-03 04:27:54] Train Epoch: 2 [11200/20000 (56.0%)]	Loss: 0.5030990839004517
[2023-05-03 04:27:54] Train Epoch: 2 [12000/20000 (60.0%)]	Loss: 0.552207350730896
[2023-05-03 04:27:54] Train Epoch: 2 [12800/20000 (64.0%)]	Loss: 0.6178725957870483
[2023-05-03 04:27:55] Train Epoch: 2 [13600/20000 (68.0%)]	Loss: 0.4599316716194153
[2023-05-03 04:27:55] Train Epoch: 2 [14400/20000 (72.0%)]	Loss: 0.5605674386024475
[2023-05-03 04:27:55] Train Epoch: 2 [15200/20000 (76.0%)]	Loss: 0.4491949677467346
[2023-05-03 04:27:55] Train Epoch: 2 [16000/20000 (80.0%)]	Loss: 0.4379202723503113
[2023-05-03 04:27:56] Train Epoch: 2 [16800/20000 (84.0%)]	Loss: 0.6048018932342529
[2023-05-03 04:27:56] Train Epoch: 2 [17600/20000 (88.0%)]	Loss: 0.5924714207649231
[2023-05-03 04:27:56] Train Epoch: 2 [18400/20000 (92.0%)]	Loss: 0.5368410348892212
[2023-05-03 04:27:56] Train Epoch: 2 [19200/20000 (96.0%)]	Loss: 0.5834915041923523
[2023-05-03 04:28:01] ========== Metrics ==========
[2023-05-03 04:28:01] {
  "tr_loss": 0.5859330051934103,
  "tr_acc": 0.7045704570457045,
  "tr_f1": 0.699644128113879,
  "val_loss": 0.5469061799319604,
  "val_acc": 0.7626576656599752,
  "val_f1": 0.7777777777777777,
  "test_loss": 0.5565154636455422,
  "test_acc": 0.7859078590785907,
  "test_f1": 0.7969151670951157
}
[2023-05-03 04:28:01] ========== Metrics ==========
[2023-05-03 04:28:02] Train Epoch: 3 [0/20000 (0.0%)]	Loss: 0.6983888149261475
[2023-05-03 04:28:02] Train Epoch: 3 [800/20000 (4.0%)]	Loss: 0.422334223985672
[2023-05-03 04:28:02] Train Epoch: 3 [1600/20000 (8.0%)]	Loss: 0.4791927933692932
[2023-05-03 04:28:03] Train Epoch: 3 [2400/20000 (12.0%)]	Loss: 0.496726930141449
[2023-05-03 04:28:03] Train Epoch: 3 [3200/20000 (16.0%)]	Loss: 0.32629576325416565
[2023-05-03 04:28:03] Train Epoch: 3 [4000/20000 (20.0%)]	Loss: 0.40412336587905884
[2023-05-03 04:28:04] Train Epoch: 3 [4800/20000 (24.0%)]	Loss: 0.38290393352508545
[2023-05-03 04:28:04] Train Epoch: 3 [5600/20000 (28.0%)]	Loss: 0.558653712272644
[2023-05-03 04:28:04] Train Epoch: 3 [6400/20000 (32.0%)]	Loss: 0.5669400095939636
[2023-05-03 04:28:04] Train Epoch: 3 [7200/20000 (36.0%)]	Loss: 0.49764585494995117
[2023-05-03 04:28:04] Train Epoch: 3 [8000/20000 (40.0%)]	Loss: 0.6091616153717041
[2023-05-03 04:28:05] Train Epoch: 3 [8800/20000 (44.0%)]	Loss: 0.5001426935195923
[2023-05-03 04:28:05] Train Epoch: 3 [9600/20000 (48.0%)]	Loss: 0.5451956987380981
[2023-05-03 04:28:05] Train Epoch: 3 [10400/20000 (52.0%)]	Loss: 0.5491422414779663
[2023-05-03 04:28:05] Train Epoch: 3 [11200/20000 (56.0%)]	Loss: 0.47650185227394104
[2023-05-03 04:28:06] Train Epoch: 3 [12000/20000 (60.0%)]	Loss: 0.3942711055278778
[2023-05-03 04:28:06] Train Epoch: 3 [12800/20000 (64.0%)]	Loss: 0.384103000164032
[2023-05-03 04:28:06] Train Epoch: 3 [13600/20000 (68.0%)]	Loss: 0.5395593047142029
[2023-05-03 04:28:06] Train Epoch: 3 [14400/20000 (72.0%)]	Loss: 0.3962922990322113
[2023-05-03 04:28:07] Train Epoch: 3 [15200/20000 (76.0%)]	Loss: 0.34288305044174194
[2023-05-03 04:28:07] Train Epoch: 3 [16000/20000 (80.0%)]	Loss: 0.41344642639160156
[2023-05-03 04:28:07] Train Epoch: 3 [16800/20000 (84.0%)]	Loss: 0.5444471836090088
[2023-05-03 04:28:07] Train Epoch: 3 [17600/20000 (88.0%)]	Loss: 0.41361165046691895
[2023-05-03 04:28:07] Train Epoch: 3 [18400/20000 (92.0%)]	Loss: 0.51029372215271
[2023-05-03 04:28:08] Train Epoch: 3 [19200/20000 (96.0%)]	Loss: 0.48363789916038513
[2023-05-03 04:28:12] ========== Metrics ==========
[2023-05-03 04:28:12] {
  "tr_loss": 0.4552680331714774,
  "tr_acc": 0.7965296529652965,
  "tr_f1": 0.7930420629672955,
  "val_loss": 0.4833252297389738,
  "val_acc": 0.786285308225262,
  "val_f1": 0.7841378072851247,
  "test_loss": 0.4952871663783624,
  "test_acc": 0.7967479674796748,
  "test_f1": 0.7899159663865547
}
[2023-05-03 04:28:12] ========== Metrics ==========
[2023-05-03 04:28:13] Train Epoch: 4 [0/20000 (0.0%)]	Loss: 0.2511747181415558
[2023-05-03 04:28:13] Train Epoch: 4 [800/20000 (4.0%)]	Loss: 0.471302330493927
[2023-05-03 04:28:14] Train Epoch: 4 [1600/20000 (8.0%)]	Loss: 0.5229594707489014
[2023-05-03 04:28:14] Train Epoch: 4 [2400/20000 (12.0%)]	Loss: 0.36067965626716614
[2023-05-03 04:28:14] Train Epoch: 4 [3200/20000 (16.0%)]	Loss: 0.3678179383277893
[2023-05-03 04:28:14] Train Epoch: 4 [4000/20000 (20.0%)]	Loss: 0.3845265209674835
[2023-05-03 04:28:15] Train Epoch: 4 [4800/20000 (24.0%)]	Loss: 0.37847328186035156
[2023-05-03 04:28:15] Train Epoch: 4 [5600/20000 (28.0%)]	Loss: 0.32393452525138855
[2023-05-03 04:28:15] Train Epoch: 4 [6400/20000 (32.0%)]	Loss: 0.38993698358535767
[2023-05-03 04:28:15] Train Epoch: 4 [7200/20000 (36.0%)]	Loss: 0.42470014095306396
[2023-05-03 04:28:16] Train Epoch: 4 [8000/20000 (40.0%)]	Loss: 0.3393125534057617
[2023-05-03 04:28:16] Train Epoch: 4 [8800/20000 (44.0%)]	Loss: 0.2222387194633484
[2023-05-03 04:28:16] Train Epoch: 4 [9600/20000 (48.0%)]	Loss: 0.18903662264347076
[2023-05-03 04:28:16] Train Epoch: 4 [10400/20000 (52.0%)]	Loss: 0.31957748532295227
[2023-05-03 04:28:16] Train Epoch: 4 [11200/20000 (56.0%)]	Loss: 0.3678615391254425
[2023-05-03 04:28:17] Train Epoch: 4 [12000/20000 (60.0%)]	Loss: 0.36443445086479187
[2023-05-03 04:28:17] Train Epoch: 4 [12800/20000 (64.0%)]	Loss: 0.47624191641807556
[2023-05-03 04:28:17] Train Epoch: 4 [13600/20000 (68.0%)]	Loss: 0.17102617025375366
[2023-05-03 04:28:17] Train Epoch: 4 [14400/20000 (72.0%)]	Loss: 0.3175232410430908
[2023-05-03 04:28:18] Train Epoch: 4 [15200/20000 (76.0%)]	Loss: 0.35058218240737915
[2023-05-03 04:28:18] Train Epoch: 4 [16000/20000 (80.0%)]	Loss: 0.40275460481643677
[2023-05-03 04:28:18] Train Epoch: 4 [16800/20000 (84.0%)]	Loss: 0.32239893078804016
[2023-05-03 04:28:18] Train Epoch: 4 [17600/20000 (88.0%)]	Loss: 0.5188120603561401
[2023-05-03 04:28:18] Train Epoch: 4 [18400/20000 (92.0%)]	Loss: 0.29957836866378784
[2023-05-03 04:28:19] Train Epoch: 4 [19200/20000 (96.0%)]	Loss: 0.39308497309684753
[2023-05-03 04:28:23] ========== Metrics ==========
[2023-05-03 04:28:23] {
  "tr_loss": 0.3518367154393891,
  "tr_acc": 0.8531353135313532,
  "tr_f1": 0.8511931904544763,
  "val_loss": 0.45347953211204434,
  "val_acc": 0.7951678806182271,
  "val_f1": 0.7913122171945702,
  "test_loss": 0.4637183987997412,
  "test_acc": 0.7994579945799458,
  "test_f1": 0.7921348314606742
}
[2023-05-03 04:28:23] ========== Metrics ==========
[2023-05-03 04:28:24] Train Epoch: 5 [0/20000 (0.0%)]	Loss: 0.27411457896232605
[2023-05-03 04:28:25] Train Epoch: 5 [800/20000 (4.0%)]	Loss: 0.3073948323726654
[2023-05-03 04:28:25] Train Epoch: 5 [1600/20000 (8.0%)]	Loss: 0.3734012544155121
[2023-05-03 04:28:25] Train Epoch: 5 [2400/20000 (12.0%)]	Loss: 0.23644065856933594
[2023-05-03 04:28:25] Train Epoch: 5 [3200/20000 (16.0%)]	Loss: 0.17830388247966766
[2023-05-03 04:28:26] Train Epoch: 5 [4000/20000 (20.0%)]	Loss: 0.10949066281318665
[2023-05-03 04:28:26] Train Epoch: 5 [4800/20000 (24.0%)]	Loss: 0.2717069387435913
[2023-05-03 04:28:26] Train Epoch: 5 [5600/20000 (28.0%)]	Loss: 0.28741899132728577
[2023-05-03 04:28:26] Train Epoch: 5 [6400/20000 (32.0%)]	Loss: 0.21118783950805664
[2023-05-03 04:28:27] Train Epoch: 5 [7200/20000 (36.0%)]	Loss: 0.3945446312427521
[2023-05-03 04:28:27] Train Epoch: 5 [8000/20000 (40.0%)]	Loss: 0.2266635000705719
[2023-05-03 04:28:27] Train Epoch: 5 [8800/20000 (44.0%)]	Loss: 0.3407260775566101
[2023-05-03 04:28:27] Train Epoch: 5 [9600/20000 (48.0%)]	Loss: 0.26327958703041077
[2023-05-03 04:28:28] Train Epoch: 5 [10400/20000 (52.0%)]	Loss: 0.2087952196598053
[2023-05-03 04:28:28] Train Epoch: 5 [11200/20000 (56.0%)]	Loss: 0.349915474653244
[2023-05-03 04:28:28] Train Epoch: 5 [12000/20000 (60.0%)]	Loss: 0.37983959913253784
[2023-05-03 04:28:28] Train Epoch: 5 [12800/20000 (64.0%)]	Loss: 0.27713513374328613
[2023-05-03 04:28:29] Train Epoch: 5 [13600/20000 (68.0%)]	Loss: 0.17517021298408508
[2023-05-03 04:28:29] Train Epoch: 5 [14400/20000 (72.0%)]	Loss: 0.20904290676116943
[2023-05-03 04:28:29] Train Epoch: 5 [15200/20000 (76.0%)]	Loss: 0.25678837299346924
[2023-05-03 04:28:29] Train Epoch: 5 [16000/20000 (80.0%)]	Loss: 0.394238144159317
[2023-05-03 04:28:30] Train Epoch: 5 [16800/20000 (84.0%)]	Loss: 0.49447014927864075
[2023-05-03 04:28:30] Train Epoch: 5 [17600/20000 (88.0%)]	Loss: 0.41567808389663696
[2023-05-03 04:28:30] Train Epoch: 5 [18400/20000 (92.0%)]	Loss: 0.10840517282485962
[2023-05-03 04:28:30] Train Epoch: 5 [19200/20000 (96.0%)]	Loss: 0.328104704618454
[2023-05-03 04:28:34] ========== Metrics ==========
[2023-05-03 04:28:34] {
  "tr_loss": 0.28650582177673106,
  "tr_acc": 0.885988598859886,
  "tr_f1": 0.8844165061340363,
  "val_loss": 0.4426409155845134,
  "val_acc": 0.79694439509682,
  "val_f1": 0.7970885851233801,
  "test_loss": 0.525608023976892,
  "test_acc": 0.8184281842818428,
  "test_f1": 0.8154269972451792
}
[2023-05-03 04:28:34] ========== Metrics ==========
[2023-05-03 04:28:35] Train Epoch: 6 [0/20000 (0.0%)]	Loss: 0.19933973252773285
[2023-05-03 04:28:36] Train Epoch: 6 [800/20000 (4.0%)]	Loss: 0.09425210952758789
[2023-05-03 04:28:36] Train Epoch: 6 [1600/20000 (8.0%)]	Loss: 0.2569159269332886
[2023-05-03 04:28:36] Train Epoch: 6 [2400/20000 (12.0%)]	Loss: 0.14884021878242493
[2023-05-03 04:28:36] Train Epoch: 6 [3200/20000 (16.0%)]	Loss: 0.14029641449451447
[2023-05-03 04:28:37] Train Epoch: 6 [4000/20000 (20.0%)]	Loss: 0.35771989822387695
[2023-05-03 04:28:37] Train Epoch: 6 [4800/20000 (24.0%)]	Loss: 0.3076443672180176
[2023-05-03 04:28:37] Train Epoch: 6 [5600/20000 (28.0%)]	Loss: 0.2734949588775635
[2023-05-03 04:28:37] Train Epoch: 6 [6400/20000 (32.0%)]	Loss: 0.2509058117866516
[2023-05-03 04:28:37] Train Epoch: 6 [7200/20000 (36.0%)]	Loss: 0.35391518473625183
[2023-05-03 04:28:38] Train Epoch: 6 [8000/20000 (40.0%)]	Loss: 0.16158363223075867
[2023-05-03 04:28:38] Train Epoch: 6 [8800/20000 (44.0%)]	Loss: 0.5531841516494751
[2023-05-03 04:28:38] Train Epoch: 6 [9600/20000 (48.0%)]	Loss: 0.23818528652191162
[2023-05-03 04:28:38] Train Epoch: 6 [10400/20000 (52.0%)]	Loss: 0.19314950704574585
[2023-05-03 04:28:39] Train Epoch: 6 [11200/20000 (56.0%)]	Loss: 0.16281062364578247
[2023-05-03 04:28:39] Train Epoch: 6 [12000/20000 (60.0%)]	Loss: 0.2661876678466797
[2023-05-03 04:28:39] Train Epoch: 6 [12800/20000 (64.0%)]	Loss: 0.24113591015338898
[2023-05-03 04:28:39] Train Epoch: 6 [13600/20000 (68.0%)]	Loss: 0.1812916398048401
[2023-05-03 04:28:39] Train Epoch: 6 [14400/20000 (72.0%)]	Loss: 0.14181315898895264
[2023-05-03 04:28:40] Train Epoch: 6 [15200/20000 (76.0%)]	Loss: 0.3904905319213867
[2023-05-03 04:28:40] Train Epoch: 6 [16000/20000 (80.0%)]	Loss: 0.22923335433006287
[2023-05-03 04:28:40] Train Epoch: 6 [16800/20000 (84.0%)]	Loss: 0.3928306996822357
[2023-05-03 04:28:40] Train Epoch: 6 [17600/20000 (88.0%)]	Loss: 0.11884433776140213
[2023-05-03 04:28:40] Train Epoch: 6 [18400/20000 (92.0%)]	Loss: 0.1214095875620842
[2023-05-03 04:28:41] Train Epoch: 6 [19200/20000 (96.0%)]	Loss: 0.10203532874584198
[2023-05-03 04:28:45] ========== Metrics ==========
[2023-05-03 04:28:45] {
  "tr_loss": 0.22907014640465606,
  "tr_acc": 0.9136913691369137,
  "tr_f1": 0.9127401415571283,
  "val_loss": 0.44271218511981597,
  "val_acc": 0.7972996979925386,
  "val_f1": 0.7994375109861135,
  "test_loss": 0.4333671179567249,
  "test_acc": 0.8130081300813008,
  "test_f1": 0.8130081300813008
}
[2023-05-03 04:28:45] ========== Metrics ==========
[2023-05-03 04:28:46] Train Epoch: 7 [0/20000 (0.0%)]	Loss: 0.2573796510696411
[2023-05-03 04:28:47] Train Epoch: 7 [800/20000 (4.0%)]	Loss: 0.17478187382221222
[2023-05-03 04:28:47] Train Epoch: 7 [1600/20000 (8.0%)]	Loss: 0.14750847220420837
[2023-05-03 04:28:47] Train Epoch: 7 [2400/20000 (12.0%)]	Loss: 0.19609171152114868
[2023-05-03 04:28:48] Train Epoch: 7 [3200/20000 (16.0%)]	Loss: 0.2502813935279846
[2023-05-03 04:28:48] Train Epoch: 7 [4000/20000 (20.0%)]	Loss: 0.19324728846549988
[2023-05-03 04:28:48] Train Epoch: 7 [4800/20000 (24.0%)]	Loss: 0.2446865439414978
[2023-05-03 04:28:48] Train Epoch: 7 [5600/20000 (28.0%)]	Loss: 0.21182863414287567
[2023-05-03 04:28:49] Train Epoch: 7 [6400/20000 (32.0%)]	Loss: 0.3219807744026184
[2023-05-03 04:28:49] Train Epoch: 7 [7200/20000 (36.0%)]	Loss: 0.26587069034576416
[2023-05-03 04:28:49] Train Epoch: 7 [8000/20000 (40.0%)]	Loss: 0.2244771271944046
[2023-05-03 04:28:49] Train Epoch: 7 [8800/20000 (44.0%)]	Loss: 0.20320458710193634
[2023-05-03 04:28:49] Train Epoch: 7 [9600/20000 (48.0%)]	Loss: 0.17393405735492706
[2023-05-03 04:28:50] Train Epoch: 7 [10400/20000 (52.0%)]	Loss: 0.3532858192920685
[2023-05-03 04:28:50] Train Epoch: 7 [11200/20000 (56.0%)]	Loss: 0.3035401403903961
[2023-05-03 04:28:50] Train Epoch: 7 [12000/20000 (60.0%)]	Loss: 0.2294624149799347
[2023-05-03 04:28:50] Train Epoch: 7 [12800/20000 (64.0%)]	Loss: 0.4679966866970062
[2023-05-03 04:28:51] Train Epoch: 7 [13600/20000 (68.0%)]	Loss: 0.19449862837791443
[2023-05-03 04:28:51] Train Epoch: 7 [14400/20000 (72.0%)]	Loss: 0.34342843294143677
[2023-05-03 04:28:51] Train Epoch: 7 [15200/20000 (76.0%)]	Loss: 0.24620769917964935
[2023-05-03 04:28:51] Train Epoch: 7 [16000/20000 (80.0%)]	Loss: 0.2201344221830368
[2023-05-03 04:28:51] Train Epoch: 7 [16800/20000 (84.0%)]	Loss: 0.2403077930212021
[2023-05-03 04:28:52] Train Epoch: 7 [17600/20000 (88.0%)]	Loss: 0.23603558540344238
[2023-05-03 04:28:52] Train Epoch: 7 [18400/20000 (92.0%)]	Loss: 0.1450394093990326
[2023-05-03 04:28:52] Train Epoch: 7 [19200/20000 (96.0%)]	Loss: 0.21248602867126465
[2023-05-03 04:28:57] ========== Metrics ==========
[2023-05-03 04:28:57] {
  "tr_loss": 0.22392484363001194,
  "tr_acc": 0.9142914291429143,
  "tr_f1": 0.9136697894630804,
  "val_loss": 0.44123927300385923,
  "val_acc": 0.7978326523361166,
  "val_f1": 0.7987977369165489,
  "test_loss": 0.42739974127875435,
  "test_acc": 0.8157181571815718,
  "test_f1": 0.8131868131868132
}
[2023-05-03 04:28:57] ========== Metrics ==========
[2023-05-03 04:28:58] Train Epoch: 8 [0/20000 (0.0%)]	Loss: 0.25275054574012756
[2023-05-03 04:28:58] Train Epoch: 8 [800/20000 (4.0%)]	Loss: 0.13613709807395935
[2023-05-03 04:28:58] Train Epoch: 8 [1600/20000 (8.0%)]	Loss: 0.15904778242111206
[2023-05-03 04:28:58] Train Epoch: 8 [2400/20000 (12.0%)]	Loss: 0.1775180846452713
[2023-05-03 04:28:59] Train Epoch: 8 [3200/20000 (16.0%)]	Loss: 0.1500198394060135
[2023-05-03 04:28:59] Train Epoch: 8 [4000/20000 (20.0%)]	Loss: 0.17786328494548798
[2023-05-03 04:28:59] Train Epoch: 8 [4800/20000 (24.0%)]	Loss: 0.13815078139305115
[2023-05-03 04:28:59] Train Epoch: 8 [5600/20000 (28.0%)]	Loss: 0.14765454828739166
[2023-05-03 04:29:00] Train Epoch: 8 [6400/20000 (32.0%)]	Loss: 0.09292823076248169
[2023-05-03 04:29:00] Train Epoch: 8 [7200/20000 (36.0%)]	Loss: 0.222247913479805
[2023-05-03 04:29:00] Train Epoch: 8 [8000/20000 (40.0%)]	Loss: 0.0516868531703949
[2023-05-03 04:29:00] Train Epoch: 8 [8800/20000 (44.0%)]	Loss: 0.1188291385769844
[2023-05-03 04:29:01] Train Epoch: 8 [9600/20000 (48.0%)]	Loss: 0.31717583537101746
[2023-05-03 04:29:01] Train Epoch: 8 [10400/20000 (52.0%)]	Loss: 0.22736407816410065
[2023-05-03 04:29:01] Train Epoch: 8 [11200/20000 (56.0%)]	Loss: 0.15109024941921234
[2023-05-03 04:29:01] Train Epoch: 8 [12000/20000 (60.0%)]	Loss: 0.27092263102531433
[2023-05-03 04:29:02] Train Epoch: 8 [12800/20000 (64.0%)]	Loss: 0.19277361035346985
[2023-05-03 04:29:02] Train Epoch: 8 [13600/20000 (68.0%)]	Loss: 0.36581116914749146
[2023-05-03 04:29:02] Train Epoch: 8 [14400/20000 (72.0%)]	Loss: 0.17271359264850616
[2023-05-03 04:29:02] Train Epoch: 8 [15200/20000 (76.0%)]	Loss: 0.12718138098716736
[2023-05-03 04:29:03] Train Epoch: 8 [16000/20000 (80.0%)]	Loss: 0.11321217566728592
[2023-05-03 04:29:03] Train Epoch: 8 [16800/20000 (84.0%)]	Loss: 0.25667551159858704
[2023-05-03 04:29:03] Train Epoch: 8 [17600/20000 (88.0%)]	Loss: 0.20057770609855652
[2023-05-03 04:29:03] Train Epoch: 8 [18400/20000 (92.0%)]	Loss: 0.2653346657752991
[2023-05-03 04:29:04] Train Epoch: 8 [19200/20000 (96.0%)]	Loss: 0.2060127854347229
[2023-05-03 04:29:08] ========== Metrics ==========
[2023-05-03 04:29:08] {
  "tr_loss": 0.2172428799135731,
  "tr_acc": 0.9192419241924192,
  "tr_f1": 0.9183559981800716,
  "val_loss": 0.44122134099571675,
  "val_acc": 0.7974773494403979,
  "val_f1": 0.7995780590717299,
  "test_loss": 0.4172518925292059,
  "test_acc": 0.8130081300813008,
  "test_f1": 0.8109589041095892
}
[2023-05-03 04:29:08] ========== Metrics ==========
[2023-05-03 04:29:09] Train Epoch: 9 [0/20000 (0.0%)]	Loss: 0.31796330213546753
[2023-05-03 04:29:09] Train Epoch: 9 [800/20000 (4.0%)]	Loss: 0.09717873483896255
[2023-05-03 04:29:10] Train Epoch: 9 [1600/20000 (8.0%)]	Loss: 0.11972883343696594
[2023-05-03 04:29:10] Train Epoch: 9 [2400/20000 (12.0%)]	Loss: 0.22789959609508514
[2023-05-03 04:29:10] Train Epoch: 9 [3200/20000 (16.0%)]	Loss: 0.12694105505943298
[2023-05-03 04:29:10] Train Epoch: 9 [4000/20000 (20.0%)]	Loss: 0.2212672382593155
[2023-05-03 04:29:11] Train Epoch: 9 [4800/20000 (24.0%)]	Loss: 0.2770705223083496
[2023-05-03 04:29:11] Train Epoch: 9 [5600/20000 (28.0%)]	Loss: 0.19041170179843903
[2023-05-03 04:29:11] Train Epoch: 9 [6400/20000 (32.0%)]	Loss: 0.20724132657051086
[2023-05-03 04:29:11] Train Epoch: 9 [7200/20000 (36.0%)]	Loss: 0.19705477356910706
[2023-05-03 04:29:11] Train Epoch: 9 [8000/20000 (40.0%)]	Loss: 0.3054879307746887
[2023-05-03 04:29:12] Train Epoch: 9 [8800/20000 (44.0%)]	Loss: 0.28509411215782166
[2023-05-03 04:29:12] Train Epoch: 9 [9600/20000 (48.0%)]	Loss: 0.34026458859443665
[2023-05-03 04:29:12] Train Epoch: 9 [10400/20000 (52.0%)]	Loss: 0.3891713619232178
[2023-05-03 04:29:12] Train Epoch: 9 [11200/20000 (56.0%)]	Loss: 0.3334256708621979
[2023-05-03 04:29:13] Train Epoch: 9 [12000/20000 (60.0%)]	Loss: 0.28909996151924133
[2023-05-03 04:29:13] Train Epoch: 9 [12800/20000 (64.0%)]	Loss: 0.1521795094013214
[2023-05-03 04:29:13] Train Epoch: 9 [13600/20000 (68.0%)]	Loss: 0.12698355317115784
[2023-05-03 04:29:13] Train Epoch: 9 [14400/20000 (72.0%)]	Loss: 0.15373708307743073
[2023-05-03 04:29:14] Train Epoch: 9 [15200/20000 (76.0%)]	Loss: 0.15365011990070343
[2023-05-03 04:29:14] Train Epoch: 9 [16000/20000 (80.0%)]	Loss: 0.1799495816230774
[2023-05-03 04:29:14] Train Epoch: 9 [16800/20000 (84.0%)]	Loss: 0.18174804747104645
[2023-05-03 04:29:14] Train Epoch: 9 [17600/20000 (88.0%)]	Loss: 0.1219639778137207
[2023-05-03 04:29:14] Train Epoch: 9 [18400/20000 (92.0%)]	Loss: 0.2884941101074219
[2023-05-03 04:29:15] Train Epoch: 9 [19200/20000 (96.0%)]	Loss: 0.16499659419059753
[2023-05-03 04:29:19] ========== Metrics ==========
[2023-05-03 04:29:19] {
  "tr_loss": 0.20455262142427563,
  "tr_acc": 0.925042504250425,
  "tr_f1": 0.9243807698128437,
  "val_loss": 0.4404478079473428,
  "val_acc": 0.7978326523361166,
  "val_f1": 0.7998593035525853,
  "test_loss": 0.4197241096961789,
  "test_acc": 0.8130081300813008,
  "test_f1": 0.8109589041095892
}
[2023-05-03 04:29:19] ========== Metrics ==========
[2023-05-03 04:29:20] Train Epoch: 10 [0/20000 (0.0%)]	Loss: 0.0763205736875534
[2023-05-03 04:29:21] Train Epoch: 10 [800/20000 (4.0%)]	Loss: 0.15077264606952667
[2023-05-03 04:29:21] Train Epoch: 10 [1600/20000 (8.0%)]	Loss: 0.17051561176776886
[2023-05-03 04:29:21] Train Epoch: 10 [2400/20000 (12.0%)]	Loss: 0.19389446079730988
[2023-05-03 04:29:21] Train Epoch: 10 [3200/20000 (16.0%)]	Loss: 0.23133644461631775
[2023-05-03 04:29:22] Train Epoch: 10 [4000/20000 (20.0%)]	Loss: 0.17233996093273163
[2023-05-03 04:29:22] Train Epoch: 10 [4800/20000 (24.0%)]	Loss: 0.31425267457962036
[2023-05-03 04:29:22] Train Epoch: 10 [5600/20000 (28.0%)]	Loss: 0.23884207010269165
[2023-05-03 04:29:22] Train Epoch: 10 [6400/20000 (32.0%)]	Loss: 0.12048264592885971
[2023-05-03 04:29:23] Train Epoch: 10 [7200/20000 (36.0%)]	Loss: 0.3092803359031677
[2023-05-03 04:29:23] Train Epoch: 10 [8000/20000 (40.0%)]	Loss: 0.2196567952632904
[2023-05-03 04:29:23] Train Epoch: 10 [8800/20000 (44.0%)]	Loss: 0.0965084433555603
[2023-05-03 04:29:23] Train Epoch: 10 [9600/20000 (48.0%)]	Loss: 0.22749030590057373
[2023-05-03 04:29:24] Train Epoch: 10 [10400/20000 (52.0%)]	Loss: 0.17266421020030975
[2023-05-03 04:29:24] Train Epoch: 10 [11200/20000 (56.0%)]	Loss: 0.152117520570755
[2023-05-03 04:29:24] Train Epoch: 10 [12000/20000 (60.0%)]	Loss: 0.3259126543998718
[2023-05-03 04:29:24] Train Epoch: 10 [12800/20000 (64.0%)]	Loss: 0.09931071847677231
[2023-05-03 04:29:24] Train Epoch: 10 [13600/20000 (68.0%)]	Loss: 0.17869043350219727
[2023-05-03 04:29:25] Train Epoch: 10 [14400/20000 (72.0%)]	Loss: 0.14801637828350067
[2023-05-03 04:29:25] Train Epoch: 10 [15200/20000 (76.0%)]	Loss: 0.3166843354701996
[2023-05-03 04:29:25] Train Epoch: 10 [16000/20000 (80.0%)]	Loss: 0.28876224160194397
[2023-05-03 04:29:25] Train Epoch: 10 [16800/20000 (84.0%)]	Loss: 0.5558381676673889
[2023-05-03 04:29:26] Train Epoch: 10 [17600/20000 (88.0%)]	Loss: 0.1276734620332718
[2023-05-03 04:29:26] Train Epoch: 10 [18400/20000 (92.0%)]	Loss: 0.5126883387565613
[2023-05-03 04:29:26] Train Epoch: 10 [19200/20000 (96.0%)]	Loss: 0.15212871134281158
[2023-05-03 04:29:30] ========== Metrics ==========
[2023-05-03 04:29:30] {
  "tr_loss": 0.19891329167640046,
  "tr_acc": 0.9270927092709271,
  "tr_f1": 0.9263264274886307,
  "val_loss": 0.44112285027645437,
  "val_acc": 0.7976550008882572,
  "val_f1": 0.8009089320048942,
  "test_loss": 0.44161234703167346,
  "test_acc": 0.8130081300813008,
  "test_f1": 0.8119891008174387
}
[2023-05-03 04:29:30] ========== Metrics ==========
[2023-05-03 04:29:31] Train Epoch: 11 [0/20000 (0.0%)]	Loss: 0.15409967303276062
[2023-05-03 04:29:32] Train Epoch: 11 [800/20000 (4.0%)]	Loss: 0.11533505469560623
[2023-05-03 04:29:32] Train Epoch: 11 [1600/20000 (8.0%)]	Loss: 0.14619751274585724
[2023-05-03 04:29:32] Train Epoch: 11 [2400/20000 (12.0%)]	Loss: 0.12852656841278076
[2023-05-03 04:29:32] Train Epoch: 11 [3200/20000 (16.0%)]	Loss: 0.15942324697971344
[2023-05-03 04:29:32] Train Epoch: 11 [4000/20000 (20.0%)]	Loss: 0.04702548682689667
[2023-05-03 04:29:33] Train Epoch: 11 [4800/20000 (24.0%)]	Loss: 0.10371340811252594
[2023-05-03 04:29:33] Train Epoch: 11 [5600/20000 (28.0%)]	Loss: 0.21884414553642273
[2023-05-03 04:29:33] Train Epoch: 11 [6400/20000 (32.0%)]	Loss: 0.09549301117658615
[2023-05-03 04:29:33] Train Epoch: 11 [7200/20000 (36.0%)]	Loss: 0.12782171368598938
[2023-05-03 04:29:34] Train Epoch: 11 [8000/20000 (40.0%)]	Loss: 0.1353731006383896
[2023-05-03 04:29:34] Train Epoch: 11 [8800/20000 (44.0%)]	Loss: 0.25995516777038574
[2023-05-03 04:29:34] Train Epoch: 11 [9600/20000 (48.0%)]	Loss: 0.4286247491836548
[2023-05-03 04:29:34] Train Epoch: 11 [10400/20000 (52.0%)]	Loss: 0.20477673411369324
[2023-05-03 04:29:35] Train Epoch: 11 [11200/20000 (56.0%)]	Loss: 0.2962126135826111
[2023-05-03 04:29:35] Train Epoch: 11 [12000/20000 (60.0%)]	Loss: 0.16915854811668396
[2023-05-03 04:29:35] Train Epoch: 11 [12800/20000 (64.0%)]	Loss: 0.38977381587028503
[2023-05-03 04:29:35] Train Epoch: 11 [13600/20000 (68.0%)]	Loss: 0.1433929055929184
[2023-05-03 04:29:35] Train Epoch: 11 [14400/20000 (72.0%)]	Loss: 0.05116911232471466
[2023-05-03 04:29:36] Train Epoch: 11 [15200/20000 (76.0%)]	Loss: 0.31248462200164795
[2023-05-03 04:29:36] Train Epoch: 11 [16000/20000 (80.0%)]	Loss: 0.11631076037883759
[2023-05-03 04:29:36] Train Epoch: 11 [16800/20000 (84.0%)]	Loss: 0.24535460770130157
[2023-05-03 04:29:36] Train Epoch: 11 [17600/20000 (88.0%)]	Loss: 0.10763853788375854
[2023-05-03 04:29:37] Train Epoch: 11 [18400/20000 (92.0%)]	Loss: 0.2347438484430313
[2023-05-03 04:29:37] Train Epoch: 11 [19200/20000 (96.0%)]	Loss: 0.11344748735427856
[2023-05-03 04:29:42] ========== Metrics ==========
[2023-05-03 04:29:42] {
  "tr_loss": 0.19570372203508965,
  "tr_acc": 0.9281928192819282,
  "tr_f1": 0.9273867313915858,
  "val_loss": 0.4413046709363256,
  "val_acc": 0.7972996979925386,
  "val_f1": 0.8006290407129127,
  "test_loss": 0.4834095081339684,
  "test_acc": 0.8130081300813008,
  "test_f1": 0.8119891008174387
}
[2023-05-03 04:29:42] ========== Metrics ==========
[2023-05-03 04:29:43] Train Epoch: 12 [0/20000 (0.0%)]	Loss: 0.15193893015384674
[2023-05-03 04:29:43] Train Epoch: 12 [800/20000 (4.0%)]	Loss: 0.1977909952402115
[2023-05-03 04:29:43] Train Epoch: 12 [1600/20000 (8.0%)]	Loss: 0.13443651795387268
[2023-05-03 04:29:43] Train Epoch: 12 [2400/20000 (12.0%)]	Loss: 0.17127978801727295
[2023-05-03 04:29:44] Train Epoch: 12 [3200/20000 (16.0%)]	Loss: 0.1977788656949997
[2023-05-03 04:29:44] Train Epoch: 12 [4000/20000 (20.0%)]	Loss: 0.07979348301887512
[2023-05-03 04:29:44] Train Epoch: 12 [4800/20000 (24.0%)]	Loss: 0.15143939852714539
[2023-05-03 04:29:44] Train Epoch: 12 [5600/20000 (28.0%)]	Loss: 0.17110051214694977
[2023-05-03 04:29:45] Train Epoch: 12 [6400/20000 (32.0%)]	Loss: 0.14556127786636353
[2023-05-03 04:29:45] Train Epoch: 12 [7200/20000 (36.0%)]	Loss: 0.19763152301311493
[2023-05-03 04:29:45] Train Epoch: 12 [8000/20000 (40.0%)]	Loss: 0.3501264452934265
[2023-05-03 04:29:45] Train Epoch: 12 [8800/20000 (44.0%)]	Loss: 0.08204280585050583
[2023-05-03 04:29:46] Train Epoch: 12 [9600/20000 (48.0%)]	Loss: 0.3177076280117035
[2023-05-03 04:29:46] Train Epoch: 12 [10400/20000 (52.0%)]	Loss: 0.13849686086177826
[2023-05-03 04:29:46] Train Epoch: 12 [11200/20000 (56.0%)]	Loss: 0.4651479721069336
[2023-05-03 04:29:46] Train Epoch: 12 [12000/20000 (60.0%)]	Loss: 0.113650843501091
[2023-05-03 04:29:47] Train Epoch: 12 [12800/20000 (64.0%)]	Loss: 0.373060405254364
[2023-05-03 04:29:47] Train Epoch: 12 [13600/20000 (68.0%)]	Loss: 0.1672612428665161
[2023-05-03 04:29:47] Train Epoch: 12 [14400/20000 (72.0%)]	Loss: 0.3583105802536011
[2023-05-03 04:29:47] Train Epoch: 12 [15200/20000 (76.0%)]	Loss: 0.09513361006975174
[2023-05-03 04:29:47] Train Epoch: 12 [16000/20000 (80.0%)]	Loss: 0.09810136258602142
[2023-05-03 04:29:48] Train Epoch: 12 [16800/20000 (84.0%)]	Loss: 0.08879866451025009
[2023-05-03 04:29:48] Train Epoch: 12 [17600/20000 (88.0%)]	Loss: 0.19003643095493317
[2023-05-03 04:29:48] Train Epoch: 12 [18400/20000 (92.0%)]	Loss: 0.2898029088973999
[2023-05-03 04:29:48] Train Epoch: 12 [19200/20000 (96.0%)]	Loss: 0.11913206428289413
[2023-05-03 04:29:53] ========== Metrics ==========
[2023-05-03 04:29:53] {
  "tr_loss": 0.1968950284133614,
  "tr_acc": 0.926992699269927,
  "tr_f1": 0.9263221639079532,
  "val_loss": 0.44117187335491603,
  "val_acc": 0.7974773494403979,
  "val_f1": 0.8009081383164514,
  "test_loss": 0.4131170659853514,
  "test_acc": 0.8130081300813008,
  "test_f1": 0.8119891008174387
}
[2023-05-03 04:29:53] ========== Metrics ==========
[2023-05-03 04:29:54] Train Epoch: 13 [0/20000 (0.0%)]	Loss: 0.17260649800300598
[2023-05-03 04:29:55] Train Epoch: 13 [800/20000 (4.0%)]	Loss: 0.14572423696517944
[2023-05-03 04:29:55] Train Epoch: 13 [1600/20000 (8.0%)]	Loss: 0.37509551644325256
[2023-05-03 04:29:55] Train Epoch: 13 [2400/20000 (12.0%)]	Loss: 0.15136970579624176
[2023-05-03 04:29:55] Train Epoch: 13 [3200/20000 (16.0%)]	Loss: 0.08084222674369812
[2023-05-03 04:29:56] Train Epoch: 13 [4000/20000 (20.0%)]	Loss: 0.05680881440639496
[2023-05-03 04:29:56] Train Epoch: 13 [4800/20000 (24.0%)]	Loss: 0.19175885617733002
[2023-05-03 04:29:56] Train Epoch: 13 [5600/20000 (28.0%)]	Loss: 0.06393667310476303
[2023-05-03 04:29:56] Train Epoch: 13 [6400/20000 (32.0%)]	Loss: 0.242193341255188
[2023-05-03 04:29:56] Train Epoch: 13 [7200/20000 (36.0%)]	Loss: 0.09634843468666077
[2023-05-03 04:29:57] Train Epoch: 13 [8000/20000 (40.0%)]	Loss: 0.22235152125358582
[2023-05-03 04:29:57] Train Epoch: 13 [8800/20000 (44.0%)]	Loss: 0.23052559792995453
[2023-05-03 04:29:57] Train Epoch: 13 [9600/20000 (48.0%)]	Loss: 0.12438015639781952
[2023-05-03 04:29:57] Train Epoch: 13 [10400/20000 (52.0%)]	Loss: 0.4044642448425293
[2023-05-03 04:29:58] Train Epoch: 13 [11200/20000 (56.0%)]	Loss: 0.1849721223115921
[2023-05-03 04:29:58] Train Epoch: 13 [12000/20000 (60.0%)]	Loss: 0.150896355509758
[2023-05-03 04:29:58] Train Epoch: 13 [12800/20000 (64.0%)]	Loss: 0.16266268491744995
[2023-05-03 04:29:58] Train Epoch: 13 [13600/20000 (68.0%)]	Loss: 0.2723113000392914
[2023-05-03 04:29:58] Train Epoch: 13 [14400/20000 (72.0%)]	Loss: 0.24064740538597107
[2023-05-03 04:29:59] Train Epoch: 13 [15200/20000 (76.0%)]	Loss: 0.10346228629350662
[2023-05-03 04:29:59] Train Epoch: 13 [16000/20000 (80.0%)]	Loss: 0.24610336124897003
[2023-05-03 04:29:59] Train Epoch: 13 [16800/20000 (84.0%)]	Loss: 0.2626549005508423
[2023-05-03 04:29:59] Train Epoch: 13 [17600/20000 (88.0%)]	Loss: 0.11116402596235275
[2023-05-03 04:30:00] Train Epoch: 13 [18400/20000 (92.0%)]	Loss: 0.11028175801038742
[2023-05-03 04:30:00] Train Epoch: 13 [19200/20000 (96.0%)]	Loss: 0.2146885097026825
[2023-05-03 04:30:03] Stop At epoch 13/20 due to valid not increase
[2023-05-03 04:30:04] ========== Metrics ==========
[2023-05-03 04:30:04] {
  "tr_loss": 0.190729690955417,
  "tr_acc": 0.9304430443044305,
  "tr_f1": 0.929758117456951,
  "val_loss": 0.440946881142957,
  "val_acc": 0.7976550008882572,
  "val_f1": 0.8008393075712538,
  "test_loss": 0.47312751630457434,
  "test_acc": 0.8130081300813008,
  "test_f1": 0.8119891008174387
}
[2023-05-03 04:30:04] ========== Metrics ==========
