[2023-05-03 19:33:41] Train Epoch: 1 [0/20000 (0.0%)]	Loss: 0.7185121178627014
[2023-05-03 19:33:41] Train Epoch: 1 [800/20000 (4.0%)]	Loss: 0.6599847674369812
[2023-05-03 19:33:41] Train Epoch: 1 [1600/20000 (8.0%)]	Loss: 0.676723301410675
[2023-05-03 19:33:42] Train Epoch: 1 [2400/20000 (12.0%)]	Loss: 0.6659157276153564
[2023-05-03 19:33:42] Train Epoch: 1 [3200/20000 (16.0%)]	Loss: 0.7202169895172119
[2023-05-03 19:33:42] Train Epoch: 1 [4000/20000 (20.0%)]	Loss: 0.6974225640296936
[2023-05-03 19:33:42] Train Epoch: 1 [4800/20000 (24.0%)]	Loss: 0.6563681364059448
[2023-05-03 19:33:43] Train Epoch: 1 [5600/20000 (28.0%)]	Loss: 0.6444253325462341
[2023-05-03 19:33:43] Train Epoch: 1 [6400/20000 (32.0%)]	Loss: 0.6776381134986877
[2023-05-03 19:33:43] Train Epoch: 1 [7200/20000 (36.0%)]	Loss: 0.6955430507659912
[2023-05-03 19:33:43] Train Epoch: 1 [8000/20000 (40.0%)]	Loss: 0.7066560387611389
[2023-05-03 19:33:44] Train Epoch: 1 [8800/20000 (44.0%)]	Loss: 0.6832833886146545
[2023-05-03 19:33:44] Train Epoch: 1 [9600/20000 (48.0%)]	Loss: 0.6219561100006104
[2023-05-03 19:33:44] Train Epoch: 1 [10400/20000 (52.0%)]	Loss: 0.6512283682823181
[2023-05-03 19:33:44] Train Epoch: 1 [11200/20000 (56.0%)]	Loss: 0.614139974117279
[2023-05-03 19:33:45] Train Epoch: 1 [12000/20000 (60.0%)]	Loss: 0.6349932551383972
[2023-05-03 19:33:45] Train Epoch: 1 [12800/20000 (64.0%)]	Loss: 0.6529465913772583
[2023-05-03 19:33:45] Train Epoch: 1 [13600/20000 (68.0%)]	Loss: 0.6337988972663879
[2023-05-03 19:33:45] Train Epoch: 1 [14400/20000 (72.0%)]	Loss: 0.6124295592308044
[2023-05-03 19:33:46] Train Epoch: 1 [15200/20000 (76.0%)]	Loss: 0.6412128806114197
[2023-05-03 19:33:46] Train Epoch: 1 [16000/20000 (80.0%)]	Loss: 0.6345134973526001
[2023-05-03 19:33:46] Train Epoch: 1 [16800/20000 (84.0%)]	Loss: 0.651429295539856
[2023-05-03 19:33:46] Train Epoch: 1 [17600/20000 (88.0%)]	Loss: 0.6583206057548523
[2023-05-03 19:33:47] Train Epoch: 1 [18400/20000 (92.0%)]	Loss: 0.6306658983230591
[2023-05-03 19:33:47] Train Epoch: 1 [19200/20000 (96.0%)]	Loss: 0.723437488079071
[2023-05-03 19:33:50] ========== Metrics ==========
[2023-05-03 19:33:50] {
  "tr_loss": 0.6781303953893162,
  "tr_acc": 0.5675067506750675,
  "tr_f1": 0.5806138777093536,
  "val_loss": 0.6362641853472123,
  "val_acc": 0.7082963226150293,
  "val_f1": 0.6614432989690722,
  "test_loss": 0.6603208247239027,
  "test_acc": 0.7018970189701897,
  "test_f1": 0.6428571428571428
}
[2023-05-03 19:33:50] ========== Metrics ==========
[2023-05-03 19:33:51] Train Epoch: 2 [0/20000 (0.0%)]	Loss: 0.6199517846107483
[2023-05-03 19:33:52] Train Epoch: 2 [800/20000 (4.0%)]	Loss: 0.6563248634338379
[2023-05-03 19:33:52] Train Epoch: 2 [1600/20000 (8.0%)]	Loss: 0.6013467311859131
[2023-05-03 19:33:52] Train Epoch: 2 [2400/20000 (12.0%)]	Loss: 0.551543653011322
[2023-05-03 19:33:52] Train Epoch: 2 [3200/20000 (16.0%)]	Loss: 0.5821579694747925
[2023-05-03 19:33:53] Train Epoch: 2 [4000/20000 (20.0%)]	Loss: 0.6556136012077332
[2023-05-03 19:33:53] Train Epoch: 2 [4800/20000 (24.0%)]	Loss: 0.5970415472984314
[2023-05-03 19:33:53] Train Epoch: 2 [5600/20000 (28.0%)]	Loss: 0.6475614905357361
[2023-05-03 19:33:53] Train Epoch: 2 [6400/20000 (32.0%)]	Loss: 0.48912107944488525
[2023-05-03 19:33:54] Train Epoch: 2 [7200/20000 (36.0%)]	Loss: 0.47444936633110046
[2023-05-03 19:33:54] Train Epoch: 2 [8000/20000 (40.0%)]	Loss: 0.5625966191291809
[2023-05-03 19:33:54] Train Epoch: 2 [8800/20000 (44.0%)]	Loss: 0.5184211730957031
[2023-05-03 19:33:54] Train Epoch: 2 [9600/20000 (48.0%)]	Loss: 0.4766561686992645
[2023-05-03 19:33:55] Train Epoch: 2 [10400/20000 (52.0%)]	Loss: 0.5393940210342407
[2023-05-03 19:33:55] Train Epoch: 2 [11200/20000 (56.0%)]	Loss: 0.5421921014785767
[2023-05-03 19:33:55] Train Epoch: 2 [12000/20000 (60.0%)]	Loss: 0.4230178892612457
[2023-05-03 19:33:55] Train Epoch: 2 [12800/20000 (64.0%)]	Loss: 0.5084401965141296
[2023-05-03 19:33:56] Train Epoch: 2 [13600/20000 (68.0%)]	Loss: 0.5134568810462952
[2023-05-03 19:33:56] Train Epoch: 2 [14400/20000 (72.0%)]	Loss: 0.6137261986732483
[2023-05-03 19:33:56] Train Epoch: 2 [15200/20000 (76.0%)]	Loss: 0.4896990656852722
[2023-05-03 19:33:56] Train Epoch: 2 [16000/20000 (80.0%)]	Loss: 0.44094374775886536
[2023-05-03 19:33:57] Train Epoch: 2 [16800/20000 (84.0%)]	Loss: 0.6219850182533264
[2023-05-03 19:33:57] Train Epoch: 2 [17600/20000 (88.0%)]	Loss: 0.6193207502365112
[2023-05-03 19:33:57] Train Epoch: 2 [18400/20000 (92.0%)]	Loss: 0.4239569306373596
[2023-05-03 19:33:57] Train Epoch: 2 [19200/20000 (96.0%)]	Loss: 0.5105542540550232
[2023-05-03 19:34:01] ========== Metrics ==========
[2023-05-03 19:34:01] {
  "tr_loss": 0.5513879040358413,
  "tr_acc": 0.7394739473947395,
  "tr_f1": 0.7403050543315721,
  "val_loss": 0.5142281021989669,
  "val_acc": 0.7784686445194529,
  "val_f1": 0.7779162956366875,
  "test_loss": 0.5230030935954272,
  "test_acc": 0.7804878048780488,
  "test_f1": 0.7768595041322314
}
[2023-05-03 19:34:01] ========== Metrics ==========
[2023-05-03 19:34:02] Train Epoch: 3 [0/20000 (0.0%)]	Loss: 0.5934505462646484
[2023-05-03 19:34:02] Train Epoch: 3 [800/20000 (4.0%)]	Loss: 0.5661993622779846
[2023-05-03 19:34:02] Train Epoch: 3 [1600/20000 (8.0%)]	Loss: 0.39968398213386536
[2023-05-03 19:34:03] Train Epoch: 3 [2400/20000 (12.0%)]	Loss: 0.36398380994796753
[2023-05-03 19:34:03] Train Epoch: 3 [3200/20000 (16.0%)]	Loss: 0.34250903129577637
[2023-05-03 19:34:03] Train Epoch: 3 [4000/20000 (20.0%)]	Loss: 0.5039107203483582
[2023-05-03 19:34:03] Train Epoch: 3 [4800/20000 (24.0%)]	Loss: 0.3955640196800232
[2023-05-03 19:34:04] Train Epoch: 3 [5600/20000 (28.0%)]	Loss: 0.3121376931667328
[2023-05-03 19:34:04] Train Epoch: 3 [6400/20000 (32.0%)]	Loss: 0.40969714522361755
[2023-05-03 19:34:04] Train Epoch: 3 [7200/20000 (36.0%)]	Loss: 0.4152950942516327
[2023-05-03 19:34:04] Train Epoch: 3 [8000/20000 (40.0%)]	Loss: 0.39992043375968933
[2023-05-03 19:34:05] Train Epoch: 3 [8800/20000 (44.0%)]	Loss: 0.31494003534317017
[2023-05-03 19:34:05] Train Epoch: 3 [9600/20000 (48.0%)]	Loss: 0.40809735655784607
[2023-05-03 19:34:05] Train Epoch: 3 [10400/20000 (52.0%)]	Loss: 0.2917301058769226
[2023-05-03 19:34:05] Train Epoch: 3 [11200/20000 (56.0%)]	Loss: 0.4265705347061157
[2023-05-03 19:34:06] Train Epoch: 3 [12000/20000 (60.0%)]	Loss: 0.2680145502090454
[2023-05-03 19:34:06] Train Epoch: 3 [12800/20000 (64.0%)]	Loss: 0.2632872760295868
[2023-05-03 19:34:06] Train Epoch: 3 [13600/20000 (68.0%)]	Loss: 0.42045876383781433
[2023-05-03 19:34:06] Train Epoch: 3 [14400/20000 (72.0%)]	Loss: 0.2859681248664856
[2023-05-03 19:34:07] Train Epoch: 3 [15200/20000 (76.0%)]	Loss: 0.4041025638580322
[2023-05-03 19:34:07] Train Epoch: 3 [16000/20000 (80.0%)]	Loss: 0.34777703881263733
[2023-05-03 19:34:07] Train Epoch: 3 [16800/20000 (84.0%)]	Loss: 0.24493096768856049
[2023-05-03 19:34:08] Train Epoch: 3 [17600/20000 (88.0%)]	Loss: 0.29313838481903076
[2023-05-03 19:34:08] Train Epoch: 3 [18400/20000 (92.0%)]	Loss: 0.21164333820343018
[2023-05-03 19:34:08] Train Epoch: 3 [19200/20000 (96.0%)]	Loss: 0.2535642087459564
[2023-05-03 19:34:12] ========== Metrics ==========
[2023-05-03 19:34:12] {
  "tr_loss": 0.3958007714571697,
  "tr_acc": 0.8338833883388339,
  "tr_f1": 0.8335671342685371,
  "val_loss": 0.4609013728295789,
  "val_acc": 0.7900159886303073,
  "val_f1": 0.797741273100616,
  "test_loss": 0.5034035809317902,
  "test_acc": 0.7967479674796748,
  "test_f1": 0.8021108179419525
}
[2023-05-03 19:34:12] ========== Metrics ==========
[2023-05-03 19:34:13] Train Epoch: 4 [0/20000 (0.0%)]	Loss: 0.24297748506069183
[2023-05-03 19:34:13] Train Epoch: 4 [800/20000 (4.0%)]	Loss: 0.2395026981830597
[2023-05-03 19:34:13] Train Epoch: 4 [1600/20000 (8.0%)]	Loss: 0.29221993684768677
[2023-05-03 19:34:14] Train Epoch: 4 [2400/20000 (12.0%)]	Loss: 0.6115840077400208
[2023-05-03 19:34:14] Train Epoch: 4 [3200/20000 (16.0%)]	Loss: 0.2692960202693939
[2023-05-03 19:34:14] Train Epoch: 4 [4000/20000 (20.0%)]	Loss: 0.1549071967601776
[2023-05-03 19:34:15] Train Epoch: 4 [4800/20000 (24.0%)]	Loss: 0.28342488408088684
[2023-05-03 19:34:15] Train Epoch: 4 [5600/20000 (28.0%)]	Loss: 0.38562247157096863
[2023-05-03 19:34:15] Train Epoch: 4 [6400/20000 (32.0%)]	Loss: 0.3308985233306885
[2023-05-03 19:34:15] Train Epoch: 4 [7200/20000 (36.0%)]	Loss: 0.29631924629211426
[2023-05-03 19:34:16] Train Epoch: 4 [8000/20000 (40.0%)]	Loss: 0.3447786271572113
[2023-05-03 19:34:16] Train Epoch: 4 [8800/20000 (44.0%)]	Loss: 0.2021334022283554
[2023-05-03 19:34:16] Train Epoch: 4 [9600/20000 (48.0%)]	Loss: 0.3350967466831207
[2023-05-03 19:34:16] Train Epoch: 4 [10400/20000 (52.0%)]	Loss: 0.19461704790592194
[2023-05-03 19:34:17] Train Epoch: 4 [11200/20000 (56.0%)]	Loss: 0.3952119052410126
[2023-05-03 19:34:17] Train Epoch: 4 [12000/20000 (60.0%)]	Loss: 0.5123168230056763
[2023-05-03 19:34:17] Train Epoch: 4 [12800/20000 (64.0%)]	Loss: 0.352632999420166
[2023-05-03 19:34:17] Train Epoch: 4 [13600/20000 (68.0%)]	Loss: 0.20426808297634125
[2023-05-03 19:34:18] Train Epoch: 4 [14400/20000 (72.0%)]	Loss: 0.216360941529274
[2023-05-03 19:34:18] Train Epoch: 4 [15200/20000 (76.0%)]	Loss: 0.2650577127933502
[2023-05-03 19:34:18] Train Epoch: 4 [16000/20000 (80.0%)]	Loss: 0.18931929767131805
[2023-05-03 19:34:18] Train Epoch: 4 [16800/20000 (84.0%)]	Loss: 0.43002578616142273
[2023-05-03 19:34:19] Train Epoch: 4 [17600/20000 (88.0%)]	Loss: 0.3018631935119629
[2023-05-03 19:34:19] Train Epoch: 4 [18400/20000 (92.0%)]	Loss: 0.21725350618362427
[2023-05-03 19:34:19] Train Epoch: 4 [19200/20000 (96.0%)]	Loss: 0.45783939957618713
[2023-05-03 19:34:23] ========== Metrics ==========
[2023-05-03 19:34:23] {
  "tr_loss": 0.2909243061806228,
  "tr_acc": 0.8848884888488849,
  "tr_f1": 0.8844725484291881,
  "val_loss": 0.4328706405962905,
  "val_acc": 0.8008527269497246,
  "val_f1": 0.8030223159374451,
  "test_loss": 0.42987290501271486,
  "test_acc": 0.8048780487804879,
  "test_f1": 0.8032786885245902
}
[2023-05-03 19:34:23] ========== Metrics ==========
[2023-05-03 19:34:24] Train Epoch: 5 [0/20000 (0.0%)]	Loss: 0.25725120306015015
[2023-05-03 19:34:24] Train Epoch: 5 [800/20000 (4.0%)]	Loss: 0.1870364546775818
[2023-05-03 19:34:24] Train Epoch: 5 [1600/20000 (8.0%)]	Loss: 0.21415838599205017
[2023-05-03 19:34:25] Train Epoch: 5 [2400/20000 (12.0%)]	Loss: 0.33034154772758484
[2023-05-03 19:34:25] Train Epoch: 5 [3200/20000 (16.0%)]	Loss: 0.32341212034225464
[2023-05-03 19:34:25] Train Epoch: 5 [4000/20000 (20.0%)]	Loss: 0.24986588954925537
[2023-05-03 19:34:25] Train Epoch: 5 [4800/20000 (24.0%)]	Loss: 0.09874100983142853
[2023-05-03 19:34:26] Train Epoch: 5 [5600/20000 (28.0%)]	Loss: 0.20222221314907074
[2023-05-03 19:34:26] Train Epoch: 5 [6400/20000 (32.0%)]	Loss: 0.3073810935020447
[2023-05-03 19:34:26] Train Epoch: 5 [7200/20000 (36.0%)]	Loss: 0.19115273654460907
[2023-05-03 19:34:26] Train Epoch: 5 [8000/20000 (40.0%)]	Loss: 0.20923295617103577
[2023-05-03 19:34:27] Train Epoch: 5 [8800/20000 (44.0%)]	Loss: 0.20000654458999634
[2023-05-03 19:34:27] Train Epoch: 5 [9600/20000 (48.0%)]	Loss: 0.28132036328315735
[2023-05-03 19:34:27] Train Epoch: 5 [10400/20000 (52.0%)]	Loss: 0.12886381149291992
[2023-05-03 19:34:27] Train Epoch: 5 [11200/20000 (56.0%)]	Loss: 0.16939201951026917
[2023-05-03 19:34:28] Train Epoch: 5 [12000/20000 (60.0%)]	Loss: 0.13856291770935059
[2023-05-03 19:34:28] Train Epoch: 5 [12800/20000 (64.0%)]	Loss: 0.27862977981567383
[2023-05-03 19:34:28] Train Epoch: 5 [13600/20000 (68.0%)]	Loss: 0.2676571309566498
[2023-05-03 19:34:28] Train Epoch: 5 [14400/20000 (72.0%)]	Loss: 0.26626890897750854
[2023-05-03 19:34:29] Train Epoch: 5 [15200/20000 (76.0%)]	Loss: 0.13549400866031647
[2023-05-03 19:34:29] Train Epoch: 5 [16000/20000 (80.0%)]	Loss: 0.21852344274520874
[2023-05-03 19:34:29] Train Epoch: 5 [16800/20000 (84.0%)]	Loss: 0.1173740103840828
[2023-05-03 19:34:29] Train Epoch: 5 [17600/20000 (88.0%)]	Loss: 0.3459845185279846
[2023-05-03 19:34:30] Train Epoch: 5 [18400/20000 (92.0%)]	Loss: 0.2547249495983124
[2023-05-03 19:34:30] Train Epoch: 5 [19200/20000 (96.0%)]	Loss: 0.22932828962802887
[2023-05-03 19:34:34] ========== Metrics ==========
[2023-05-03 19:34:34] {
  "tr_loss": 0.21404775426332706,
  "tr_acc": 0.9185918591859186,
  "tr_f1": 0.918149824032177,
  "val_loss": 0.4245168449061657,
  "val_acc": 0.8003197726061467,
  "val_f1": 0.8054690204222914,
  "test_loss": 0.3952193080086695,
  "test_acc": 0.8211382113821138,
  "test_f1": 0.8206521739130436
}
[2023-05-03 19:34:34] ========== Metrics ==========
[2023-05-03 19:34:35] Train Epoch: 6 [0/20000 (0.0%)]	Loss: 0.2147868424654007
[2023-05-03 19:34:35] Train Epoch: 6 [800/20000 (4.0%)]	Loss: 0.16118188202381134
[2023-05-03 19:34:35] Train Epoch: 6 [1600/20000 (8.0%)]	Loss: 0.11850588768720627
[2023-05-03 19:34:36] Train Epoch: 6 [2400/20000 (12.0%)]	Loss: 0.1918404996395111
[2023-05-03 19:34:36] Train Epoch: 6 [3200/20000 (16.0%)]	Loss: 0.1555352658033371
[2023-05-03 19:34:36] Train Epoch: 6 [4000/20000 (20.0%)]	Loss: 0.2608455419540405
[2023-05-03 19:34:36] Train Epoch: 6 [4800/20000 (24.0%)]	Loss: 0.264655202627182
[2023-05-03 19:34:37] Train Epoch: 6 [5600/20000 (28.0%)]	Loss: 0.10049345344305038
[2023-05-03 19:34:37] Train Epoch: 6 [6400/20000 (32.0%)]	Loss: 0.23100504279136658
[2023-05-03 19:34:37] Train Epoch: 6 [7200/20000 (36.0%)]	Loss: 0.19320276379585266
[2023-05-03 19:34:37] Train Epoch: 6 [8000/20000 (40.0%)]	Loss: 0.2520902752876282
[2023-05-03 19:34:38] Train Epoch: 6 [8800/20000 (44.0%)]	Loss: 0.11212614923715591
[2023-05-03 19:34:38] Train Epoch: 6 [9600/20000 (48.0%)]	Loss: 0.12301005423069
[2023-05-03 19:34:38] Train Epoch: 6 [10400/20000 (52.0%)]	Loss: 0.06404800713062286
[2023-05-03 19:34:39] Train Epoch: 6 [11200/20000 (56.0%)]	Loss: 0.16825835406780243
[2023-05-03 19:34:39] Train Epoch: 6 [12000/20000 (60.0%)]	Loss: 0.1673840880393982
[2023-05-03 19:34:39] Train Epoch: 6 [12800/20000 (64.0%)]	Loss: 0.09866611659526825
[2023-05-03 19:34:39] Train Epoch: 6 [13600/20000 (68.0%)]	Loss: 0.1683027148246765
[2023-05-03 19:34:40] Train Epoch: 6 [14400/20000 (72.0%)]	Loss: 0.05398940294981003
[2023-05-03 19:34:40] Train Epoch: 6 [15200/20000 (76.0%)]	Loss: 0.25898757576942444
[2023-05-03 19:34:40] Train Epoch: 6 [16000/20000 (80.0%)]	Loss: 0.17890290915966034
[2023-05-03 19:34:40] Train Epoch: 6 [16800/20000 (84.0%)]	Loss: 0.1266946643590927
[2023-05-03 19:34:41] Train Epoch: 6 [17600/20000 (88.0%)]	Loss: 0.08121318370103836
[2023-05-03 19:34:41] Train Epoch: 6 [18400/20000 (92.0%)]	Loss: 0.2189667522907257
[2023-05-03 19:34:41] Train Epoch: 6 [19200/20000 (96.0%)]	Loss: 0.4689362347126007
[2023-05-03 19:34:45] ========== Metrics ==========
[2023-05-03 19:34:45] {
  "tr_loss": 0.16445054071541368,
  "tr_acc": 0.9435443544354436,
  "tr_f1": 0.943388657674372,
  "val_loss": 0.42160592110505596,
  "val_acc": 0.8026292414283176,
  "val_f1": 0.8048480590198489,
  "test_loss": 0.39376238020778026,
  "test_acc": 0.8292682926829268,
  "test_f1": 0.8264462809917357
}
[2023-05-03 19:34:45] ========== Metrics ==========
[2023-05-03 19:34:46] Train Epoch: 7 [0/20000 (0.0%)]	Loss: 0.11188668012619019
[2023-05-03 19:34:46] Train Epoch: 7 [800/20000 (4.0%)]	Loss: 0.1422732025384903
[2023-05-03 19:34:47] Train Epoch: 7 [1600/20000 (8.0%)]	Loss: 0.10849563032388687
[2023-05-03 19:34:47] Train Epoch: 7 [2400/20000 (12.0%)]	Loss: 0.18699268996715546
[2023-05-03 19:34:47] Train Epoch: 7 [3200/20000 (16.0%)]	Loss: 0.22191709280014038
[2023-05-03 19:34:47] Train Epoch: 7 [4000/20000 (20.0%)]	Loss: 0.3412529528141022
[2023-05-03 19:34:48] Train Epoch: 7 [4800/20000 (24.0%)]	Loss: 0.07194532454013824
[2023-05-03 19:34:48] Train Epoch: 7 [5600/20000 (28.0%)]	Loss: 0.1591857671737671
[2023-05-03 19:34:48] Train Epoch: 7 [6400/20000 (32.0%)]	Loss: 0.12532556056976318
[2023-05-03 19:34:48] Train Epoch: 7 [7200/20000 (36.0%)]	Loss: 0.17864052951335907
[2023-05-03 19:34:49] Train Epoch: 7 [8000/20000 (40.0%)]	Loss: 0.08026814460754395
[2023-05-03 19:34:49] Train Epoch: 7 [8800/20000 (44.0%)]	Loss: 0.21803037822246552
[2023-05-03 19:34:49] Train Epoch: 7 [9600/20000 (48.0%)]	Loss: 0.06236890330910683
[2023-05-03 19:34:49] Train Epoch: 7 [10400/20000 (52.0%)]	Loss: 0.1478400081396103
[2023-05-03 19:34:50] Train Epoch: 7 [11200/20000 (56.0%)]	Loss: 0.17268353700637817
[2023-05-03 19:34:50] Train Epoch: 7 [12000/20000 (60.0%)]	Loss: 0.1260337382555008
[2023-05-03 19:34:50] Train Epoch: 7 [12800/20000 (64.0%)]	Loss: 0.11383043974637985
[2023-05-03 19:34:50] Train Epoch: 7 [13600/20000 (68.0%)]	Loss: 0.043239157646894455
[2023-05-03 19:34:51] Train Epoch: 7 [14400/20000 (72.0%)]	Loss: 0.2702102065086365
[2023-05-03 19:34:51] Train Epoch: 7 [15200/20000 (76.0%)]	Loss: 0.42109426856040955
[2023-05-03 19:34:51] Train Epoch: 7 [16000/20000 (80.0%)]	Loss: 0.19126035273075104
[2023-05-03 19:34:51] Train Epoch: 7 [16800/20000 (84.0%)]	Loss: 0.10354708135128021
[2023-05-03 19:34:52] Train Epoch: 7 [17600/20000 (88.0%)]	Loss: 0.11209677904844284
[2023-05-03 19:34:52] Train Epoch: 7 [18400/20000 (92.0%)]	Loss: 0.12309131026268005
[2023-05-03 19:34:52] Train Epoch: 7 [19200/20000 (96.0%)]	Loss: 0.08702990412712097
[2023-05-03 19:34:56] ========== Metrics ==========
[2023-05-03 19:34:56] {
  "tr_loss": 0.15744311876422895,
  "tr_acc": 0.9457445744574458,
  "tr_f1": 0.9457364341085271,
  "val_loss": 0.42098808697303886,
  "val_acc": 0.8024515899804583,
  "val_f1": 0.8038108680310514,
  "test_loss": 0.39306271496180917,
  "test_acc": 0.8292682926829268,
  "test_f1": 0.8254847645429363
}
[2023-05-03 19:34:56] ========== Metrics ==========
[2023-05-03 19:34:57] Train Epoch: 8 [0/20000 (0.0%)]	Loss: 0.11120159924030304
[2023-05-03 19:34:57] Train Epoch: 8 [800/20000 (4.0%)]	Loss: 0.1704537570476532
[2023-05-03 19:34:58] Train Epoch: 8 [1600/20000 (8.0%)]	Loss: 0.1202375739812851
[2023-05-03 19:34:58] Train Epoch: 8 [2400/20000 (12.0%)]	Loss: 0.17885640263557434
[2023-05-03 19:34:58] Train Epoch: 8 [3200/20000 (16.0%)]	Loss: 0.17249776422977448
[2023-05-03 19:34:58] Train Epoch: 8 [4000/20000 (20.0%)]	Loss: 0.21666806936264038
[2023-05-03 19:34:59] Train Epoch: 8 [4800/20000 (24.0%)]	Loss: 0.07840709388256073
[2023-05-03 19:34:59] Train Epoch: 8 [5600/20000 (28.0%)]	Loss: 0.23951029777526855
[2023-05-03 19:34:59] Train Epoch: 8 [6400/20000 (32.0%)]	Loss: 0.08744832873344421
[2023-05-03 19:34:59] Train Epoch: 8 [7200/20000 (36.0%)]	Loss: 0.07349798083305359
[2023-05-03 19:35:00] Train Epoch: 8 [8000/20000 (40.0%)]	Loss: 0.11834545433521271
[2023-05-03 19:35:00] Train Epoch: 8 [8800/20000 (44.0%)]	Loss: 0.10425971448421478
[2023-05-03 19:35:00] Train Epoch: 8 [9600/20000 (48.0%)]	Loss: 0.37629589438438416
[2023-05-03 19:35:00] Train Epoch: 8 [10400/20000 (52.0%)]	Loss: 0.23837460577487946
[2023-05-03 19:35:01] Train Epoch: 8 [11200/20000 (56.0%)]	Loss: 0.2541865408420563
[2023-05-03 19:35:01] Train Epoch: 8 [12000/20000 (60.0%)]	Loss: 0.10862716287374496
[2023-05-03 19:35:01] Train Epoch: 8 [12800/20000 (64.0%)]	Loss: 0.09018422663211823
[2023-05-03 19:35:01] Train Epoch: 8 [13600/20000 (68.0%)]	Loss: 0.0636487528681755
[2023-05-03 19:35:02] Train Epoch: 8 [14400/20000 (72.0%)]	Loss: 0.07024579495191574
[2023-05-03 19:35:02] Train Epoch: 8 [15200/20000 (76.0%)]	Loss: 0.1330602765083313
[2023-05-03 19:35:02] Train Epoch: 8 [16000/20000 (80.0%)]	Loss: 0.1760103553533554
[2023-05-03 19:35:02] Train Epoch: 8 [16800/20000 (84.0%)]	Loss: 0.11770334094762802
[2023-05-03 19:35:03] Train Epoch: 8 [17600/20000 (88.0%)]	Loss: 0.08372709900140762
[2023-05-03 19:35:03] Train Epoch: 8 [18400/20000 (92.0%)]	Loss: 0.12318973243236542
[2023-05-03 19:35:03] Train Epoch: 8 [19200/20000 (96.0%)]	Loss: 0.05314146727323532
[2023-05-03 19:35:07] ========== Metrics ==========
[2023-05-03 19:35:07] {
  "tr_loss": 0.1538420055914383,
  "tr_acc": 0.9467946794679468,
  "tr_f1": 0.9466452712867315,
  "val_loss": 0.42198203050088534,
  "val_acc": 0.8033398472197548,
  "val_f1": 0.8060276852987558,
  "test_loss": 0.39861209476543313,
  "test_acc": 0.8292682926829268,
  "test_f1": 0.8264462809917357
}
[2023-05-03 19:35:07] ========== Metrics ==========
[2023-05-03 19:35:08] Train Epoch: 9 [0/20000 (0.0%)]	Loss: 0.10895569622516632
[2023-05-03 19:35:08] Train Epoch: 9 [800/20000 (4.0%)]	Loss: 0.06215629726648331
[2023-05-03 19:35:09] Train Epoch: 9 [1600/20000 (8.0%)]	Loss: 0.05352010205388069
[2023-05-03 19:35:09] Train Epoch: 9 [2400/20000 (12.0%)]	Loss: 0.22184807062149048
[2023-05-03 19:35:09] Train Epoch: 9 [3200/20000 (16.0%)]	Loss: 0.17031362652778625
[2023-05-03 19:35:09] Train Epoch: 9 [4000/20000 (20.0%)]	Loss: 0.11079387366771698
[2023-05-03 19:35:10] Train Epoch: 9 [4800/20000 (24.0%)]	Loss: 0.0856483057141304
[2023-05-03 19:35:10] Train Epoch: 9 [5600/20000 (28.0%)]	Loss: 0.06404250115156174
[2023-05-03 19:35:10] Train Epoch: 9 [6400/20000 (32.0%)]	Loss: 0.13093337416648865
[2023-05-03 19:35:10] Train Epoch: 9 [7200/20000 (36.0%)]	Loss: 0.06444846093654633
[2023-05-03 19:35:11] Train Epoch: 9 [8000/20000 (40.0%)]	Loss: 0.09395840764045715
[2023-05-03 19:35:11] Train Epoch: 9 [8800/20000 (44.0%)]	Loss: 0.1611068695783615
[2023-05-03 19:35:11] Train Epoch: 9 [9600/20000 (48.0%)]	Loss: 0.2366795837879181
[2023-05-03 19:35:11] Train Epoch: 9 [10400/20000 (52.0%)]	Loss: 0.05502714961767197
[2023-05-03 19:35:12] Train Epoch: 9 [11200/20000 (56.0%)]	Loss: 0.08596772700548172
[2023-05-03 19:35:12] Train Epoch: 9 [12000/20000 (60.0%)]	Loss: 0.18728137016296387
[2023-05-03 19:35:12] Train Epoch: 9 [12800/20000 (64.0%)]	Loss: 0.09763772785663605
[2023-05-03 19:35:12] Train Epoch: 9 [13600/20000 (68.0%)]	Loss: 0.06762707233428955
[2023-05-03 19:35:13] Train Epoch: 9 [14400/20000 (72.0%)]	Loss: 0.20607325434684753
[2023-05-03 19:35:13] Train Epoch: 9 [15200/20000 (76.0%)]	Loss: 0.07026631385087967
[2023-05-03 19:35:13] Train Epoch: 9 [16000/20000 (80.0%)]	Loss: 0.11729905009269714
[2023-05-03 19:35:14] Train Epoch: 9 [16800/20000 (84.0%)]	Loss: 0.08699651807546616
[2023-05-03 19:35:14] Train Epoch: 9 [17600/20000 (88.0%)]	Loss: 0.19987592101097107
[2023-05-03 19:35:14] Train Epoch: 9 [18400/20000 (92.0%)]	Loss: 0.04668307676911354
[2023-05-03 19:35:14] Train Epoch: 9 [19200/20000 (96.0%)]	Loss: 0.08281628787517548
[2023-05-03 19:35:18] ========== Metrics ==========
[2023-05-03 19:35:18] {
  "tr_loss": 0.14830582539061687,
  "tr_acc": 0.9478447844784479,
  "tr_f1": 0.9477271588232347,
  "val_loss": 0.42193362051692224,
  "val_acc": 0.8029845443240362,
  "val_f1": 0.8054727240834941,
  "test_loss": 0.3962139033366671,
  "test_acc": 0.8265582655826558,
  "test_f1": 0.8232044198895027
}
[2023-05-03 19:35:18] ========== Metrics ==========
[2023-05-03 19:35:19] Train Epoch: 10 [0/20000 (0.0%)]	Loss: 0.18469394743442535
[2023-05-03 19:35:19] Train Epoch: 10 [800/20000 (4.0%)]	Loss: 0.14637355506420135
[2023-05-03 19:35:20] Train Epoch: 10 [1600/20000 (8.0%)]	Loss: 0.1041489988565445
[2023-05-03 19:35:20] Train Epoch: 10 [2400/20000 (12.0%)]	Loss: 0.1629025936126709
[2023-05-03 19:35:20] Train Epoch: 10 [3200/20000 (16.0%)]	Loss: 0.1656869351863861
[2023-05-03 19:35:20] Train Epoch: 10 [4000/20000 (20.0%)]	Loss: 0.12161356210708618
[2023-05-03 19:35:21] Train Epoch: 10 [4800/20000 (24.0%)]	Loss: 0.2956809103488922
[2023-05-03 19:35:21] Train Epoch: 10 [5600/20000 (28.0%)]	Loss: 0.2743993401527405
[2023-05-03 19:35:21] Train Epoch: 10 [6400/20000 (32.0%)]	Loss: 0.13268157839775085
[2023-05-03 19:35:21] Train Epoch: 10 [7200/20000 (36.0%)]	Loss: 0.117630735039711
[2023-05-03 19:35:22] Train Epoch: 10 [8000/20000 (40.0%)]	Loss: 0.07450956851243973
[2023-05-03 19:35:22] Train Epoch: 10 [8800/20000 (44.0%)]	Loss: 0.06274369359016418
[2023-05-03 19:35:22] Train Epoch: 10 [9600/20000 (48.0%)]	Loss: 0.16282561421394348
[2023-05-03 19:35:23] Train Epoch: 10 [10400/20000 (52.0%)]	Loss: 0.12590213119983673
[2023-05-03 19:35:23] Train Epoch: 10 [11200/20000 (56.0%)]	Loss: 0.15722915530204773
[2023-05-03 19:35:23] Train Epoch: 10 [12000/20000 (60.0%)]	Loss: 0.12942412495613098
[2023-05-03 19:35:23] Train Epoch: 10 [12800/20000 (64.0%)]	Loss: 0.06382264196872711
[2023-05-03 19:35:23] Train Epoch: 10 [13600/20000 (68.0%)]	Loss: 0.1355341225862503
[2023-05-03 19:35:24] Train Epoch: 10 [14400/20000 (72.0%)]	Loss: 0.17540183663368225
[2023-05-03 19:35:24] Train Epoch: 10 [15200/20000 (76.0%)]	Loss: 0.36868202686309814
[2023-05-03 19:35:24] Train Epoch: 10 [16000/20000 (80.0%)]	Loss: 0.12009228020906448
[2023-05-03 19:35:24] Train Epoch: 10 [16800/20000 (84.0%)]	Loss: 0.0418974794447422
[2023-05-03 19:35:25] Train Epoch: 10 [17600/20000 (88.0%)]	Loss: 0.04985702410340309
[2023-05-03 19:35:25] Train Epoch: 10 [18400/20000 (92.0%)]	Loss: 0.1017959862947464
[2023-05-03 19:35:25] Train Epoch: 10 [19200/20000 (96.0%)]	Loss: 0.14732421934604645
[2023-05-03 19:35:29] ========== Metrics ==========
[2023-05-03 19:35:29] {
  "tr_loss": 0.13843024874811877,
  "tr_acc": 0.9528952895289529,
  "tr_f1": 0.9528150671208175,
  "val_loss": 0.421308475524203,
  "val_acc": 0.8036951501154734,
  "val_f1": 0.8054919908466819,
  "test_loss": 0.4120807434485211,
  "test_acc": 0.8292682926829268,
  "test_f1": 0.8245125348189415
}
[2023-05-03 19:35:29] ========== Metrics ==========
[2023-05-03 19:35:30] Train Epoch: 11 [0/20000 (0.0%)]	Loss: 0.09690678864717484
[2023-05-03 19:35:30] Train Epoch: 11 [800/20000 (4.0%)]	Loss: 0.12522366642951965
[2023-05-03 19:35:30] Train Epoch: 11 [1600/20000 (8.0%)]	Loss: 0.17995822429656982
[2023-05-03 19:35:31] Train Epoch: 11 [2400/20000 (12.0%)]	Loss: 0.12730303406715393
[2023-05-03 19:35:31] Train Epoch: 11 [3200/20000 (16.0%)]	Loss: 0.20280413329601288
[2023-05-03 19:35:31] Train Epoch: 11 [4000/20000 (20.0%)]	Loss: 0.136639803647995
[2023-05-03 19:35:31] Train Epoch: 11 [4800/20000 (24.0%)]	Loss: 0.2815604507923126
[2023-05-03 19:35:32] Train Epoch: 11 [5600/20000 (28.0%)]	Loss: 0.055932480841875076
[2023-05-03 19:35:32] Train Epoch: 11 [6400/20000 (32.0%)]	Loss: 0.10275714844465256
[2023-05-03 19:35:32] Train Epoch: 11 [7200/20000 (36.0%)]	Loss: 0.08649516850709915
[2023-05-03 19:35:32] Train Epoch: 11 [8000/20000 (40.0%)]	Loss: 0.11647237092256546
[2023-05-03 19:35:33] Train Epoch: 11 [8800/20000 (44.0%)]	Loss: 0.09487717598676682
[2023-05-03 19:35:33] Train Epoch: 11 [9600/20000 (48.0%)]	Loss: 0.15067462623119354
[2023-05-03 19:35:33] Train Epoch: 11 [10400/20000 (52.0%)]	Loss: 0.09695684909820557
[2023-05-03 19:35:33] Train Epoch: 11 [11200/20000 (56.0%)]	Loss: 0.11222825199365616
[2023-05-03 19:35:34] Train Epoch: 11 [12000/20000 (60.0%)]	Loss: 0.214981347322464
[2023-05-03 19:35:34] Train Epoch: 11 [12800/20000 (64.0%)]	Loss: 0.10579626262187958
[2023-05-03 19:35:34] Train Epoch: 11 [13600/20000 (68.0%)]	Loss: 0.1624683290719986
[2023-05-03 19:35:34] Train Epoch: 11 [14400/20000 (72.0%)]	Loss: 0.0820961520075798
[2023-05-03 19:35:35] Train Epoch: 11 [15200/20000 (76.0%)]	Loss: 0.09688293933868408
[2023-05-03 19:35:35] Train Epoch: 11 [16000/20000 (80.0%)]	Loss: 0.12480419874191284
[2023-05-03 19:35:35] Train Epoch: 11 [16800/20000 (84.0%)]	Loss: 0.11944100260734558
[2023-05-03 19:35:35] Train Epoch: 11 [17600/20000 (88.0%)]	Loss: 0.05989834666252136
[2023-05-03 19:35:36] Train Epoch: 11 [18400/20000 (92.0%)]	Loss: 0.3452696204185486
[2023-05-03 19:35:36] Train Epoch: 11 [19200/20000 (96.0%)]	Loss: 0.056662023067474365
[2023-05-03 19:35:40] ========== Metrics ==========
[2023-05-03 19:35:40] {
  "tr_loss": 0.13546544894410653,
  "tr_acc": 0.9539453945394539,
  "tr_f1": 0.9538600270527529,
  "val_loss": 0.42157584650094226,
  "val_acc": 0.8038728015633327,
  "val_f1": 0.8060435699226985,
  "test_loss": 0.39324330395153223,
  "test_acc": 0.8238482384823849,
  "test_f1": 0.8199445983379501
}
[2023-05-03 19:35:40] ========== Metrics ==========
[2023-05-03 19:35:41] Train Epoch: 12 [0/20000 (0.0%)]	Loss: 0.1088695302605629
[2023-05-03 19:35:41] Train Epoch: 12 [800/20000 (4.0%)]	Loss: 0.11810942739248276
[2023-05-03 19:35:41] Train Epoch: 12 [1600/20000 (8.0%)]	Loss: 0.13878248631954193
[2023-05-03 19:35:41] Train Epoch: 12 [2400/20000 (12.0%)]	Loss: 0.11021759361028671
[2023-05-03 19:35:42] Train Epoch: 12 [3200/20000 (16.0%)]	Loss: 0.08088938146829605
[2023-05-03 19:35:42] Train Epoch: 12 [4000/20000 (20.0%)]	Loss: 0.11306508630514145
[2023-05-03 19:35:42] Train Epoch: 12 [4800/20000 (24.0%)]	Loss: 0.13491451740264893
[2023-05-03 19:35:42] Train Epoch: 12 [5600/20000 (28.0%)]	Loss: 0.08330348879098892
[2023-05-03 19:35:43] Train Epoch: 12 [6400/20000 (32.0%)]	Loss: 0.23602889478206635
[2023-05-03 19:35:43] Train Epoch: 12 [7200/20000 (36.0%)]	Loss: 0.10777609050273895
[2023-05-03 19:35:43] Train Epoch: 12 [8000/20000 (40.0%)]	Loss: 0.22780561447143555
[2023-05-03 19:35:43] Train Epoch: 12 [8800/20000 (44.0%)]	Loss: 0.08556613326072693
[2023-05-03 19:35:44] Train Epoch: 12 [9600/20000 (48.0%)]	Loss: 0.13900138437747955
[2023-05-03 19:35:44] Train Epoch: 12 [10400/20000 (52.0%)]	Loss: 0.26856285333633423
[2023-05-03 19:35:44] Train Epoch: 12 [11200/20000 (56.0%)]	Loss: 0.11565561592578888
[2023-05-03 19:35:44] Train Epoch: 12 [12000/20000 (60.0%)]	Loss: 0.16329742968082428
[2023-05-03 19:35:45] Train Epoch: 12 [12800/20000 (64.0%)]	Loss: 0.0899050161242485
[2023-05-03 19:35:45] Train Epoch: 12 [13600/20000 (68.0%)]	Loss: 0.13399896025657654
[2023-05-03 19:35:45] Train Epoch: 12 [14400/20000 (72.0%)]	Loss: 0.055964693427085876
[2023-05-03 19:35:45] Train Epoch: 12 [15200/20000 (76.0%)]	Loss: 0.2801474332809448
[2023-05-03 19:35:46] Train Epoch: 12 [16000/20000 (80.0%)]	Loss: 0.054057590663433075
[2023-05-03 19:35:46] Train Epoch: 12 [16800/20000 (84.0%)]	Loss: 0.1428966075181961
[2023-05-03 19:35:46] Train Epoch: 12 [17600/20000 (88.0%)]	Loss: 0.06593943387269974
[2023-05-03 19:35:47] Train Epoch: 12 [18400/20000 (92.0%)]	Loss: 0.051951710134744644
[2023-05-03 19:35:47] Train Epoch: 12 [19200/20000 (96.0%)]	Loss: 0.15511424839496613
[2023-05-03 19:35:51] ========== Metrics ==========
[2023-05-03 19:35:51] {
  "tr_loss": 0.13690632470164468,
  "tr_acc": 0.9540954095409541,
  "tr_f1": 0.9540586527875088,
  "val_loss": 0.421724938566974,
  "val_acc": 0.8035174986676141,
  "val_f1": 0.8058286516853933,
  "test_loss": 0.4048577841058333,
  "test_acc": 0.8238482384823849,
  "test_f1": 0.8199445983379501
}
[2023-05-03 19:35:51] ========== Metrics ==========
[2023-05-03 19:35:52] Train Epoch: 13 [0/20000 (0.0%)]	Loss: 0.15938085317611694
[2023-05-03 19:35:52] Train Epoch: 13 [800/20000 (4.0%)]	Loss: 0.20952489972114563
[2023-05-03 19:35:52] Train Epoch: 13 [1600/20000 (8.0%)]	Loss: 0.08769304305315018
[2023-05-03 19:35:52] Train Epoch: 13 [2400/20000 (12.0%)]	Loss: 0.1548675298690796
[2023-05-03 19:35:53] Train Epoch: 13 [3200/20000 (16.0%)]	Loss: 0.08651289343833923
[2023-05-03 19:35:53] Train Epoch: 13 [4000/20000 (20.0%)]	Loss: 0.2880609929561615
[2023-05-03 19:35:53] Train Epoch: 13 [4800/20000 (24.0%)]	Loss: 0.16766071319580078
[2023-05-03 19:35:53] Train Epoch: 13 [5600/20000 (28.0%)]	Loss: 0.17271187901496887
[2023-05-03 19:35:54] Train Epoch: 13 [6400/20000 (32.0%)]	Loss: 0.2500336170196533
[2023-05-03 19:35:54] Train Epoch: 13 [7200/20000 (36.0%)]	Loss: 0.09516870230436325
[2023-05-03 19:35:54] Train Epoch: 13 [8000/20000 (40.0%)]	Loss: 0.2181805819272995
[2023-05-03 19:35:54] Train Epoch: 13 [8800/20000 (44.0%)]	Loss: 0.09220422059297562
[2023-05-03 19:35:55] Train Epoch: 13 [9600/20000 (48.0%)]	Loss: 0.1195010244846344
[2023-05-03 19:35:55] Train Epoch: 13 [10400/20000 (52.0%)]	Loss: 0.22849757969379425
[2023-05-03 19:35:55] Train Epoch: 13 [11200/20000 (56.0%)]	Loss: 0.2885965406894684
[2023-05-03 19:35:55] Train Epoch: 13 [12000/20000 (60.0%)]	Loss: 0.24137325584888458
[2023-05-03 19:35:56] Train Epoch: 13 [12800/20000 (64.0%)]	Loss: 0.071476511657238
[2023-05-03 19:35:56] Train Epoch: 13 [13600/20000 (68.0%)]	Loss: 0.16769663989543915
[2023-05-03 19:35:56] Train Epoch: 13 [14400/20000 (72.0%)]	Loss: 0.04933042451739311
[2023-05-03 19:35:57] Train Epoch: 13 [15200/20000 (76.0%)]	Loss: 0.09003325551748276
[2023-05-03 19:35:57] Train Epoch: 13 [16000/20000 (80.0%)]	Loss: 0.061334915459156036
[2023-05-03 19:35:57] Train Epoch: 13 [16800/20000 (84.0%)]	Loss: 0.19551967084407806
[2023-05-03 19:35:57] Train Epoch: 13 [17600/20000 (88.0%)]	Loss: 0.029616646468639374
[2023-05-03 19:35:58] Train Epoch: 13 [18400/20000 (92.0%)]	Loss: 0.12801103293895721
[2023-05-03 19:35:58] Train Epoch: 13 [19200/20000 (96.0%)]	Loss: 0.04492533579468727
[2023-05-03 19:36:02] ========== Metrics ==========
[2023-05-03 19:36:02] {
  "tr_loss": 0.13574934201260092,
  "tr_acc": 0.9526452645264526,
  "tr_f1": 0.9524908443285005,
  "val_loss": 0.42184323346684727,
  "val_acc": 0.8033398472197548,
  "val_f1": 0.8058916359810626,
  "test_loss": 0.3938723970557939,
  "test_acc": 0.8265582655826558,
  "test_f1": 0.8232044198895027
}
[2023-05-03 19:36:02] ========== Metrics ==========
[2023-05-03 19:36:03] Train Epoch: 14 [0/20000 (0.0%)]	Loss: 0.08502335101366043
[2023-05-03 19:36:03] Train Epoch: 14 [800/20000 (4.0%)]	Loss: 0.17073766887187958
[2023-05-03 19:36:03] Train Epoch: 14 [1600/20000 (8.0%)]	Loss: 0.11111468821763992
[2023-05-03 19:36:03] Train Epoch: 14 [2400/20000 (12.0%)]	Loss: 0.12564651668071747
[2023-05-03 19:36:04] Train Epoch: 14 [3200/20000 (16.0%)]	Loss: 0.06452583521604538
[2023-05-03 19:36:04] Train Epoch: 14 [4000/20000 (20.0%)]	Loss: 0.1834356188774109
[2023-05-03 19:36:04] Train Epoch: 14 [4800/20000 (24.0%)]	Loss: 0.04553971439599991
[2023-05-03 19:36:04] Train Epoch: 14 [5600/20000 (28.0%)]	Loss: 0.18237976729869843
[2023-05-03 19:36:05] Train Epoch: 14 [6400/20000 (32.0%)]	Loss: 0.21751239895820618
[2023-05-03 19:36:05] Train Epoch: 14 [7200/20000 (36.0%)]	Loss: 0.0781734511256218
[2023-05-03 19:36:05] Train Epoch: 14 [8000/20000 (40.0%)]	Loss: 0.055044516921043396
[2023-05-03 19:36:05] Train Epoch: 14 [8800/20000 (44.0%)]	Loss: 0.20303967595100403
[2023-05-03 19:36:06] Train Epoch: 14 [9600/20000 (48.0%)]	Loss: 0.07031071931123734
[2023-05-03 19:36:06] Train Epoch: 14 [10400/20000 (52.0%)]	Loss: 0.08228650689125061
[2023-05-03 19:36:06] Train Epoch: 14 [11200/20000 (56.0%)]	Loss: 0.14909739792346954
[2023-05-03 19:36:06] Train Epoch: 14 [12000/20000 (60.0%)]	Loss: 0.09487712383270264
[2023-05-03 19:36:07] Train Epoch: 14 [12800/20000 (64.0%)]	Loss: 0.0927438735961914
[2023-05-03 19:36:07] Train Epoch: 14 [13600/20000 (68.0%)]	Loss: 0.062475819140672684
[2023-05-03 19:36:07] Train Epoch: 14 [14400/20000 (72.0%)]	Loss: 0.17768578231334686
[2023-05-03 19:36:07] Train Epoch: 14 [15200/20000 (76.0%)]	Loss: 0.09939178079366684
[2023-05-03 19:36:08] Train Epoch: 14 [16000/20000 (80.0%)]	Loss: 0.12602664530277252
[2023-05-03 19:36:08] Train Epoch: 14 [16800/20000 (84.0%)]	Loss: 0.1046762689948082
[2023-05-03 19:36:08] Train Epoch: 14 [17600/20000 (88.0%)]	Loss: 0.07032518833875656
[2023-05-03 19:36:08] Train Epoch: 14 [18400/20000 (92.0%)]	Loss: 0.10932374000549316
[2023-05-03 19:36:09] Train Epoch: 14 [19200/20000 (96.0%)]	Loss: 0.12488041073083878
[2023-05-03 19:36:12] ========== Metrics ==========
[2023-05-03 19:36:12] {
  "tr_loss": 0.13586390006093935,
  "tr_acc": 0.9535953595359536,
  "tr_f1": 0.9534743808282363,
  "val_loss": 0.42205289365724724,
  "val_acc": 0.8038728015633327,
  "val_f1": 0.8065872459705676,
  "test_loss": 0.3911291754988797,
  "test_acc": 0.8238482384823849,
  "test_f1": 0.8209366391184573
}
[2023-05-03 19:36:12] ========== Metrics ==========
[2023-05-03 19:36:13] Train Epoch: 15 [0/20000 (0.0%)]	Loss: 0.18013913929462433
[2023-05-03 19:36:14] Train Epoch: 15 [800/20000 (4.0%)]	Loss: 0.07322556525468826
[2023-05-03 19:36:14] Train Epoch: 15 [1600/20000 (8.0%)]	Loss: 0.05501006543636322
[2023-05-03 19:36:14] Train Epoch: 15 [2400/20000 (12.0%)]	Loss: 0.14533363282680511
[2023-05-03 19:36:14] Train Epoch: 15 [3200/20000 (16.0%)]	Loss: 0.16551612317562103
[2023-05-03 19:36:15] Train Epoch: 15 [4000/20000 (20.0%)]	Loss: 0.08416631817817688
[2023-05-03 19:36:15] Train Epoch: 15 [4800/20000 (24.0%)]	Loss: 0.15349921584129333
[2023-05-03 19:36:15] Train Epoch: 15 [5600/20000 (28.0%)]	Loss: 0.11740895360708237
[2023-05-03 19:36:15] Train Epoch: 15 [6400/20000 (32.0%)]	Loss: 0.09411198645830154
[2023-05-03 19:36:16] Train Epoch: 15 [7200/20000 (36.0%)]	Loss: 0.12970088422298431
[2023-05-03 19:36:16] Train Epoch: 15 [8000/20000 (40.0%)]	Loss: 0.20949609577655792
[2023-05-03 19:36:16] Train Epoch: 15 [8800/20000 (44.0%)]	Loss: 0.10085071623325348
[2023-05-03 19:36:16] Train Epoch: 15 [9600/20000 (48.0%)]	Loss: 0.03966091573238373
[2023-05-03 19:36:17] Train Epoch: 15 [10400/20000 (52.0%)]	Loss: 0.08495546132326126
[2023-05-03 19:36:17] Train Epoch: 15 [11200/20000 (56.0%)]	Loss: 0.32551488280296326
[2023-05-03 19:36:17] Train Epoch: 15 [12000/20000 (60.0%)]	Loss: 0.036066774278879166
[2023-05-03 19:36:18] Train Epoch: 15 [12800/20000 (64.0%)]	Loss: 0.08415263891220093
[2023-05-03 19:36:18] Train Epoch: 15 [13600/20000 (68.0%)]	Loss: 0.3382697105407715
[2023-05-03 19:36:18] Train Epoch: 15 [14400/20000 (72.0%)]	Loss: 0.17866173386573792
[2023-05-03 19:36:18] Train Epoch: 15 [15200/20000 (76.0%)]	Loss: 0.1263483762741089
[2023-05-03 19:36:19] Train Epoch: 15 [16000/20000 (80.0%)]	Loss: 0.16470563411712646
[2023-05-03 19:36:19] Train Epoch: 15 [16800/20000 (84.0%)]	Loss: 0.12822365760803223
[2023-05-03 19:36:19] Train Epoch: 15 [17600/20000 (88.0%)]	Loss: 0.09652508795261383
[2023-05-03 19:36:19] Train Epoch: 15 [18400/20000 (92.0%)]	Loss: 0.07861189544200897
[2023-05-03 19:36:20] Train Epoch: 15 [19200/20000 (96.0%)]	Loss: 0.030677521601319313
[2023-05-03 19:36:24] ========== Metrics ==========
[2023-05-03 19:36:24] {
  "tr_loss": 0.138144118694028,
  "tr_acc": 0.9534953495349535,
  "tr_f1": 0.9534068136272544,
  "val_loss": 0.4221971556822261,
  "val_acc": 0.804050453011192,
  "val_f1": 0.8068639467693924,
  "test_loss": 0.4098981027680684,
  "test_acc": 0.8238482384823849,
  "test_f1": 0.8209366391184573
}
[2023-05-03 19:36:24] ========== Metrics ==========
[2023-05-03 19:36:24] Train Epoch: 16 [0/20000 (0.0%)]	Loss: 0.06491652131080627
[2023-05-03 19:36:25] Train Epoch: 16 [800/20000 (4.0%)]	Loss: 0.10535409301519394
[2023-05-03 19:36:25] Train Epoch: 16 [1600/20000 (8.0%)]	Loss: 0.0531039796769619
[2023-05-03 19:36:25] Train Epoch: 16 [2400/20000 (12.0%)]	Loss: 0.08344551175832748
[2023-05-03 19:36:25] Train Epoch: 16 [3200/20000 (16.0%)]	Loss: 0.05810568481683731
[2023-05-03 19:36:26] Train Epoch: 16 [4000/20000 (20.0%)]	Loss: 0.06949752569198608
[2023-05-03 19:36:26] Train Epoch: 16 [4800/20000 (24.0%)]	Loss: 0.1662387102842331
[2023-05-03 19:36:26] Train Epoch: 16 [5600/20000 (28.0%)]	Loss: 0.08881333470344543
[2023-05-03 19:36:26] Train Epoch: 16 [6400/20000 (32.0%)]	Loss: 0.08682866394519806
[2023-05-03 19:36:27] Train Epoch: 16 [7200/20000 (36.0%)]	Loss: 0.02859031967818737
[2023-05-03 19:36:27] Train Epoch: 16 [8000/20000 (40.0%)]	Loss: 0.04595865681767464
[2023-05-03 19:36:27] Train Epoch: 16 [8800/20000 (44.0%)]	Loss: 0.06604012846946716
[2023-05-03 19:36:27] Train Epoch: 16 [9600/20000 (48.0%)]	Loss: 0.3092900812625885
[2023-05-03 19:36:28] Train Epoch: 16 [10400/20000 (52.0%)]	Loss: 0.13176265358924866
[2023-05-03 19:36:28] Train Epoch: 16 [11200/20000 (56.0%)]	Loss: 0.23517368733882904
[2023-05-03 19:36:28] Train Epoch: 16 [12000/20000 (60.0%)]	Loss: 0.11661588400602341
[2023-05-03 19:36:28] Train Epoch: 16 [12800/20000 (64.0%)]	Loss: 0.08861257135868073
[2023-05-03 19:36:29] Train Epoch: 16 [13600/20000 (68.0%)]	Loss: 0.08066347241401672
[2023-05-03 19:36:29] Train Epoch: 16 [14400/20000 (72.0%)]	Loss: 0.14189006388187408
[2023-05-03 19:36:29] Train Epoch: 16 [15200/20000 (76.0%)]	Loss: 0.08815005421638489
[2023-05-03 19:36:30] Train Epoch: 16 [16000/20000 (80.0%)]	Loss: 0.09149690717458725
[2023-05-03 19:36:30] Train Epoch: 16 [16800/20000 (84.0%)]	Loss: 0.07270225137472153
[2023-05-03 19:36:30] Train Epoch: 16 [17600/20000 (88.0%)]	Loss: 0.03200087323784828
[2023-05-03 19:36:30] Train Epoch: 16 [18400/20000 (92.0%)]	Loss: 0.10288102179765701
[2023-05-03 19:36:31] Train Epoch: 16 [19200/20000 (96.0%)]	Loss: 0.2803118824958801
[2023-05-03 19:36:34] ========== Metrics ==========
[2023-05-03 19:36:34] {
  "tr_loss": 0.13345786354260775,
  "tr_acc": 0.9546454645464546,
  "tr_f1": 0.9546431964794719,
  "val_loss": 0.42225367473569086,
  "val_acc": 0.804050453011192,
  "val_f1": 0.8068639467693924,
  "test_loss": 0.4133048826439917,
  "test_acc": 0.8238482384823849,
  "test_f1": 0.8209366391184573
}
[2023-05-03 19:36:34] ========== Metrics ==========
[2023-05-03 19:36:35] Train Epoch: 17 [0/20000 (0.0%)]	Loss: 0.16045814752578735
[2023-05-03 19:36:35] Train Epoch: 17 [800/20000 (4.0%)]	Loss: 0.2534618675708771
[2023-05-03 19:36:36] Train Epoch: 17 [1600/20000 (8.0%)]	Loss: 0.17023591697216034
[2023-05-03 19:36:36] Train Epoch: 17 [2400/20000 (12.0%)]	Loss: 0.14280229806900024
[2023-05-03 19:36:36] Train Epoch: 17 [3200/20000 (16.0%)]	Loss: 0.2411845624446869
[2023-05-03 19:36:37] Train Epoch: 17 [4000/20000 (20.0%)]	Loss: 0.17305777966976166
[2023-05-03 19:36:37] Train Epoch: 17 [4800/20000 (24.0%)]	Loss: 0.05231942608952522
[2023-05-03 19:36:37] Train Epoch: 17 [5600/20000 (28.0%)]	Loss: 0.07215310633182526
[2023-05-03 19:36:37] Train Epoch: 17 [6400/20000 (32.0%)]	Loss: 0.2144063115119934
[2023-05-03 19:36:38] Train Epoch: 17 [7200/20000 (36.0%)]	Loss: 0.18086688220500946
[2023-05-03 19:36:38] Train Epoch: 17 [8000/20000 (40.0%)]	Loss: 0.022267015650868416
[2023-05-03 19:36:38] Train Epoch: 17 [8800/20000 (44.0%)]	Loss: 0.038322314620018005
[2023-05-03 19:36:38] Train Epoch: 17 [9600/20000 (48.0%)]	Loss: 0.07011565566062927
[2023-05-03 19:36:39] Train Epoch: 17 [10400/20000 (52.0%)]	Loss: 0.35219427943229675
[2023-05-03 19:36:39] Train Epoch: 17 [11200/20000 (56.0%)]	Loss: 0.286800354719162
[2023-05-03 19:36:39] Train Epoch: 17 [12000/20000 (60.0%)]	Loss: 0.10205792635679245
[2023-05-03 19:36:39] Train Epoch: 17 [12800/20000 (64.0%)]	Loss: 0.09116046130657196
[2023-05-03 19:36:40] Train Epoch: 17 [13600/20000 (68.0%)]	Loss: 0.17375448346138
[2023-05-03 19:36:40] Train Epoch: 17 [14400/20000 (72.0%)]	Loss: 0.053552545607089996
[2023-05-03 19:36:40] Train Epoch: 17 [15200/20000 (76.0%)]	Loss: 0.10606027394533157
[2023-05-03 19:36:41] Train Epoch: 17 [16000/20000 (80.0%)]	Loss: 0.13920602202415466
[2023-05-03 19:36:41] Train Epoch: 17 [16800/20000 (84.0%)]	Loss: 0.1172722801566124
[2023-05-03 19:36:41] Train Epoch: 17 [17600/20000 (88.0%)]	Loss: 0.17613385617733002
[2023-05-03 19:36:41] Train Epoch: 17 [18400/20000 (92.0%)]	Loss: 0.09159606695175171
[2023-05-03 19:36:42] Train Epoch: 17 [19200/20000 (96.0%)]	Loss: 0.0632961094379425
[2023-05-03 19:36:45] ========== Metrics ==========
[2023-05-03 19:36:45] {
  "tr_loss": 0.13323062674255773,
  "tr_acc": 0.9553955395539554,
  "tr_f1": 0.955283737718067,
  "val_loss": 0.42221284088433625,
  "val_acc": 0.804050453011192,
  "val_f1": 0.8068639467693924,
  "test_loss": 0.42031398762855426,
  "test_acc": 0.8238482384823849,
  "test_f1": 0.8209366391184573
}
[2023-05-03 19:36:45] ========== Metrics ==========
[2023-05-03 19:36:46] Train Epoch: 18 [0/20000 (0.0%)]	Loss: 0.07450380176305771
[2023-05-03 19:36:47] Train Epoch: 18 [800/20000 (4.0%)]	Loss: 0.046559832990169525
[2023-05-03 19:36:47] Train Epoch: 18 [1600/20000 (8.0%)]	Loss: 0.20292244851589203
[2023-05-03 19:36:47] Train Epoch: 18 [2400/20000 (12.0%)]	Loss: 0.07220056653022766
[2023-05-03 19:36:47] Train Epoch: 18 [3200/20000 (16.0%)]	Loss: 0.12343238294124603
[2023-05-03 19:36:48] Train Epoch: 18 [4000/20000 (20.0%)]	Loss: 0.0976705253124237
[2023-05-03 19:36:48] Train Epoch: 18 [4800/20000 (24.0%)]	Loss: 0.09936928749084473
[2023-05-03 19:36:48] Train Epoch: 18 [5600/20000 (28.0%)]	Loss: 0.1172080710530281
[2023-05-03 19:36:48] Train Epoch: 18 [6400/20000 (32.0%)]	Loss: 0.18810762465000153
[2023-05-03 19:36:49] Train Epoch: 18 [7200/20000 (36.0%)]	Loss: 0.18275757133960724
[2023-05-03 19:36:49] Train Epoch: 18 [8000/20000 (40.0%)]	Loss: 0.08061043918132782
[2023-05-03 19:36:49] Train Epoch: 18 [8800/20000 (44.0%)]	Loss: 0.2486092448234558
[2023-05-03 19:36:50] Train Epoch: 18 [9600/20000 (48.0%)]	Loss: 0.1776028871536255
[2023-05-03 19:36:50] Train Epoch: 18 [10400/20000 (52.0%)]	Loss: 0.12460698932409286
[2023-05-03 19:36:50] Train Epoch: 18 [11200/20000 (56.0%)]	Loss: 0.22900836169719696
[2023-05-03 19:36:50] Train Epoch: 18 [12000/20000 (60.0%)]	Loss: 0.141651913523674
[2023-05-03 19:36:51] Train Epoch: 18 [12800/20000 (64.0%)]	Loss: 0.26324301958084106
[2023-05-03 19:36:51] Train Epoch: 18 [13600/20000 (68.0%)]	Loss: 0.0831628069281578
[2023-05-03 19:36:51] Train Epoch: 18 [14400/20000 (72.0%)]	Loss: 0.2960478365421295
[2023-05-03 19:36:51] Train Epoch: 18 [15200/20000 (76.0%)]	Loss: 0.05065402761101723
[2023-05-03 19:36:52] Train Epoch: 18 [16000/20000 (80.0%)]	Loss: 0.03720194846391678
[2023-05-03 19:36:52] Train Epoch: 18 [16800/20000 (84.0%)]	Loss: 0.046907491981983185
[2023-05-03 19:36:52] Train Epoch: 18 [17600/20000 (88.0%)]	Loss: 0.11978844553232193
[2023-05-03 19:36:52] Train Epoch: 18 [18400/20000 (92.0%)]	Loss: 0.17436321079730988
[2023-05-03 19:36:53] Train Epoch: 18 [19200/20000 (96.0%)]	Loss: 0.10285450518131256
[2023-05-03 19:36:56] ========== Metrics ==========
[2023-05-03 19:36:56] {
  "tr_loss": 0.1359969997497806,
  "tr_acc": 0.9530953095309531,
  "tr_f1": 0.9530060120240482,
  "val_loss": 0.42221808429297175,
  "val_acc": 0.804050453011192,
  "val_f1": 0.8068639467693924,
  "test_loss": 0.3934470828632675,
  "test_acc": 0.8238482384823849,
  "test_f1": 0.8209366391184573
}
[2023-05-03 19:36:56] ========== Metrics ==========
[2023-05-03 19:36:57] Train Epoch: 19 [0/20000 (0.0%)]	Loss: 0.09695342928171158
[2023-05-03 19:36:58] Train Epoch: 19 [800/20000 (4.0%)]	Loss: 0.04087208956480026
[2023-05-03 19:36:58] Train Epoch: 19 [1600/20000 (8.0%)]	Loss: 0.14196175336837769
[2023-05-03 19:36:58] Train Epoch: 19 [2400/20000 (12.0%)]	Loss: 0.11975923180580139
[2023-05-03 19:36:58] Train Epoch: 19 [3200/20000 (16.0%)]	Loss: 0.11551211774349213
[2023-05-03 19:36:59] Train Epoch: 19 [4000/20000 (20.0%)]	Loss: 0.019266711547970772
[2023-05-03 19:36:59] Train Epoch: 19 [4800/20000 (24.0%)]	Loss: 0.1992107331752777
[2023-05-03 19:36:59] Train Epoch: 19 [5600/20000 (28.0%)]	Loss: 0.0753960981965065
[2023-05-03 19:36:59] Train Epoch: 19 [6400/20000 (32.0%)]	Loss: 0.04233603551983833
[2023-05-03 19:37:00] Train Epoch: 19 [7200/20000 (36.0%)]	Loss: 0.14468730986118317
[2023-05-03 19:37:00] Train Epoch: 19 [8000/20000 (40.0%)]	Loss: 0.05277598276734352
[2023-05-03 19:37:00] Train Epoch: 19 [8800/20000 (44.0%)]	Loss: 0.11514478176832199
[2023-05-03 19:37:00] Train Epoch: 19 [9600/20000 (48.0%)]	Loss: 0.06150641664862633
[2023-05-03 19:37:01] Train Epoch: 19 [10400/20000 (52.0%)]	Loss: 0.14757724106311798
[2023-05-03 19:37:01] Train Epoch: 19 [11200/20000 (56.0%)]	Loss: 0.10338278114795685
[2023-05-03 19:37:01] Train Epoch: 19 [12000/20000 (60.0%)]	Loss: 0.08860626071691513
[2023-05-03 19:37:01] Train Epoch: 19 [12800/20000 (64.0%)]	Loss: 0.12031042575836182
[2023-05-03 19:37:02] Train Epoch: 19 [13600/20000 (68.0%)]	Loss: 0.17167936265468597
[2023-05-03 19:37:02] Train Epoch: 19 [14400/20000 (72.0%)]	Loss: 0.07413526624441147
[2023-05-03 19:37:02] Train Epoch: 19 [15200/20000 (76.0%)]	Loss: 0.1694597452878952
[2023-05-03 19:37:02] Train Epoch: 19 [16000/20000 (80.0%)]	Loss: 0.0661492645740509
[2023-05-03 19:37:03] Train Epoch: 19 [16800/20000 (84.0%)]	Loss: 0.08510909974575043
[2023-05-03 19:37:03] Train Epoch: 19 [17600/20000 (88.0%)]	Loss: 0.16661427915096283
[2023-05-03 19:37:03] Train Epoch: 19 [18400/20000 (92.0%)]	Loss: 0.1181734949350357
[2023-05-03 19:37:03] Train Epoch: 19 [19200/20000 (96.0%)]	Loss: 0.1412719190120697
[2023-05-03 19:37:07] ========== Metrics ==========
[2023-05-03 19:37:07] {
  "tr_loss": 0.13228173196429024,
  "tr_acc": 0.9567956795679567,
  "tr_f1": 0.9567177637511272,
  "val_loss": 0.42222908250941205,
  "val_acc": 0.804050453011192,
  "val_f1": 0.8068639467693924,
  "test_loss": 0.3952067941831056,
  "test_acc": 0.8238482384823849,
  "test_f1": 0.8209366391184573
}
[2023-05-03 19:37:07] ========== Metrics ==========
[2023-05-03 19:37:08] Train Epoch: 20 [0/20000 (0.0%)]	Loss: 0.06875374913215637
[2023-05-03 19:37:08] Train Epoch: 20 [800/20000 (4.0%)]	Loss: 0.12200403958559036
[2023-05-03 19:37:09] Train Epoch: 20 [1600/20000 (8.0%)]	Loss: 0.10216116160154343
[2023-05-03 19:37:09] Train Epoch: 20 [2400/20000 (12.0%)]	Loss: 0.24295422434806824
[2023-05-03 19:37:09] Train Epoch: 20 [3200/20000 (16.0%)]	Loss: 0.08442679792642593
[2023-05-03 19:37:09] Train Epoch: 20 [4000/20000 (20.0%)]	Loss: 0.15744251012802124
[2023-05-03 19:37:10] Train Epoch: 20 [4800/20000 (24.0%)]	Loss: 0.08732134848833084
[2023-05-03 19:37:10] Train Epoch: 20 [5600/20000 (28.0%)]	Loss: 0.07714220881462097
[2023-05-03 19:37:10] Train Epoch: 20 [6400/20000 (32.0%)]	Loss: 0.06308501213788986
[2023-05-03 19:37:10] Train Epoch: 20 [7200/20000 (36.0%)]	Loss: 0.15790657699108124
[2023-05-03 19:37:11] Train Epoch: 20 [8000/20000 (40.0%)]	Loss: 0.07019791752099991
[2023-05-03 19:37:11] Train Epoch: 20 [8800/20000 (44.0%)]	Loss: 0.1838187575340271
[2023-05-03 19:37:11] Train Epoch: 20 [9600/20000 (48.0%)]	Loss: 0.028662070631980896
[2023-05-03 19:37:11] Train Epoch: 20 [10400/20000 (52.0%)]	Loss: 0.058406081050634384
[2023-05-03 19:37:12] Train Epoch: 20 [11200/20000 (56.0%)]	Loss: 0.031101638451218605
[2023-05-03 19:37:12] Train Epoch: 20 [12000/20000 (60.0%)]	Loss: 0.2787873446941376
[2023-05-03 19:37:12] Train Epoch: 20 [12800/20000 (64.0%)]	Loss: 0.08569757640361786
[2023-05-03 19:37:12] Train Epoch: 20 [13600/20000 (68.0%)]	Loss: 0.16373570263385773
[2023-05-03 19:37:13] Train Epoch: 20 [14400/20000 (72.0%)]	Loss: 0.2435683161020279
[2023-05-03 19:37:13] Train Epoch: 20 [15200/20000 (76.0%)]	Loss: 0.25255805253982544
[2023-05-03 19:37:13] Train Epoch: 20 [16000/20000 (80.0%)]	Loss: 0.051167625933885574
[2023-05-03 19:37:13] Train Epoch: 20 [16800/20000 (84.0%)]	Loss: 0.11155068874359131
[2023-05-03 19:37:14] Train Epoch: 20 [17600/20000 (88.0%)]	Loss: 0.12081743776798248
[2023-05-03 19:37:14] Train Epoch: 20 [18400/20000 (92.0%)]	Loss: 0.1436566859483719
[2023-05-03 19:37:14] Train Epoch: 20 [19200/20000 (96.0%)]	Loss: 0.15701499581336975
[2023-05-03 19:37:18] ========== Metrics ==========
[2023-05-03 19:37:18] {
  "tr_loss": 0.13664465770237158,
  "tr_acc": 0.953045304530453,
  "tr_f1": 0.9530945601678404,
  "val_loss": 0.42237461085513506,
  "val_acc": 0.8038728015633327,
  "val_f1": 0.8066549912434325,
  "test_loss": 0.4031008401214269,
  "test_acc": 0.8238482384823849,
  "test_f1": 0.8209366391184573
}
[2023-05-03 19:37:18] ========== Metrics ==========
