[2023-05-03 19:30:54] Train Epoch: 1 [0/20000 (0.0%)]	Loss: 0.6665476560592651
[2023-05-03 19:30:54] Train Epoch: 1 [800/20000 (4.0%)]	Loss: 0.7136819958686829
[2023-05-03 19:30:54] Train Epoch: 1 [1600/20000 (8.0%)]	Loss: 0.6949930191040039
[2023-05-03 19:30:55] Train Epoch: 1 [2400/20000 (12.0%)]	Loss: 0.681580126285553
[2023-05-03 19:30:55] Train Epoch: 1 [3200/20000 (16.0%)]	Loss: 0.683118462562561
[2023-05-03 19:30:55] Train Epoch: 1 [4000/20000 (20.0%)]	Loss: 0.6402212977409363
[2023-05-03 19:30:55] Train Epoch: 1 [4800/20000 (24.0%)]	Loss: 0.6896429061889648
[2023-05-03 19:30:55] Train Epoch: 1 [5600/20000 (28.0%)]	Loss: 0.6570886969566345
[2023-05-03 19:30:56] Train Epoch: 1 [6400/20000 (32.0%)]	Loss: 0.7297812700271606
[2023-05-03 19:30:56] Train Epoch: 1 [7200/20000 (36.0%)]	Loss: 0.6954662203788757
[2023-05-03 19:30:56] Train Epoch: 1 [8000/20000 (40.0%)]	Loss: 0.6874837875366211
[2023-05-03 19:30:56] Train Epoch: 1 [8800/20000 (44.0%)]	Loss: 0.730585515499115
[2023-05-03 19:30:56] Train Epoch: 1 [9600/20000 (48.0%)]	Loss: 0.6700018048286438
[2023-05-03 19:30:57] Train Epoch: 1 [10400/20000 (52.0%)]	Loss: 0.679864764213562
[2023-05-03 19:30:57] Train Epoch: 1 [11200/20000 (56.0%)]	Loss: 0.6935057640075684
[2023-05-03 19:30:57] Train Epoch: 1 [12000/20000 (60.0%)]	Loss: 0.6744731664657593
[2023-05-03 19:30:57] Train Epoch: 1 [12800/20000 (64.0%)]	Loss: 0.6946080923080444
[2023-05-03 19:30:57] Train Epoch: 1 [13600/20000 (68.0%)]	Loss: 0.6512136459350586
[2023-05-03 19:30:58] Train Epoch: 1 [14400/20000 (72.0%)]	Loss: 0.7177882790565491
[2023-05-03 19:30:58] Train Epoch: 1 [15200/20000 (76.0%)]	Loss: 0.6679462194442749
[2023-05-03 19:30:58] Train Epoch: 1 [16000/20000 (80.0%)]	Loss: 0.7034096717834473
[2023-05-03 19:30:58] Train Epoch: 1 [16800/20000 (84.0%)]	Loss: 0.661961019039154
[2023-05-03 19:30:58] Train Epoch: 1 [17600/20000 (88.0%)]	Loss: 0.6758805513381958
[2023-05-03 19:30:58] Train Epoch: 1 [18400/20000 (92.0%)]	Loss: 0.637890100479126
[2023-05-03 19:30:59] Train Epoch: 1 [19200/20000 (96.0%)]	Loss: 0.6299761533737183
[2023-05-03 19:31:02] ========== Metrics ==========
[2023-05-03 19:31:02] {
  "tr_loss": 0.674163252297062,
  "tr_acc": 0.5738073807380738,
  "tr_f1": 0.5837362637362637,
  "val_loss": 0.6265686634569952,
  "val_acc": 0.7390300230946882,
  "val_f1": 0.7533165407220823,
  "test_loss": 0.6511826269671845,
  "test_acc": 0.7344173441734417,
  "test_f1": 0.7447916666666666
}
[2023-05-03 19:31:02] ========== Metrics ==========
[2023-05-03 19:31:03] Train Epoch: 2 [0/20000 (0.0%)]	Loss: 0.6296682357788086
[2023-05-03 19:31:04] Train Epoch: 2 [800/20000 (4.0%)]	Loss: 0.602552056312561
[2023-05-03 19:31:04] Train Epoch: 2 [1600/20000 (8.0%)]	Loss: 0.61494380235672
[2023-05-03 19:31:04] Train Epoch: 2 [2400/20000 (12.0%)]	Loss: 0.6143492460250854
[2023-05-03 19:31:04] Train Epoch: 2 [3200/20000 (16.0%)]	Loss: 0.5727826356887817
[2023-05-03 19:31:04] Train Epoch: 2 [4000/20000 (20.0%)]	Loss: 0.6431364417076111
[2023-05-03 19:31:05] Train Epoch: 2 [4800/20000 (24.0%)]	Loss: 0.73918217420578
[2023-05-03 19:31:05] Train Epoch: 2 [5600/20000 (28.0%)]	Loss: 0.6285706162452698
[2023-05-03 19:31:05] Train Epoch: 2 [6400/20000 (32.0%)]	Loss: 0.6023989319801331
[2023-05-03 19:31:05] Train Epoch: 2 [7200/20000 (36.0%)]	Loss: 0.6026661396026611
[2023-05-03 19:31:05] Train Epoch: 2 [8000/20000 (40.0%)]	Loss: 0.6535165309906006
[2023-05-03 19:31:06] Train Epoch: 2 [8800/20000 (44.0%)]	Loss: 0.5477569103240967
[2023-05-03 19:31:06] Train Epoch: 2 [9600/20000 (48.0%)]	Loss: 0.5050911903381348
[2023-05-03 19:31:06] Train Epoch: 2 [10400/20000 (52.0%)]	Loss: 0.5854893922805786
[2023-05-03 19:31:06] Train Epoch: 2 [11200/20000 (56.0%)]	Loss: 0.4434448182582855
[2023-05-03 19:31:06] Train Epoch: 2 [12000/20000 (60.0%)]	Loss: 0.46125805377960205
[2023-05-03 19:31:06] Train Epoch: 2 [12800/20000 (64.0%)]	Loss: 0.521574854850769
[2023-05-03 19:31:07] Train Epoch: 2 [13600/20000 (68.0%)]	Loss: 0.47514843940734863
[2023-05-03 19:31:07] Train Epoch: 2 [14400/20000 (72.0%)]	Loss: 0.4707969129085541
[2023-05-03 19:31:07] Train Epoch: 2 [15200/20000 (76.0%)]	Loss: 0.619624137878418
[2023-05-03 19:31:07] Train Epoch: 2 [16000/20000 (80.0%)]	Loss: 0.40377381443977356
[2023-05-03 19:31:07] Train Epoch: 2 [16800/20000 (84.0%)]	Loss: 0.6490557193756104
[2023-05-03 19:31:08] Train Epoch: 2 [17600/20000 (88.0%)]	Loss: 0.5469158887863159
[2023-05-03 19:31:08] Train Epoch: 2 [18400/20000 (92.0%)]	Loss: 0.5991629958152771
[2023-05-03 19:31:08] Train Epoch: 2 [19200/20000 (96.0%)]	Loss: 0.5090436935424805
[2023-05-03 19:31:12] ========== Metrics ==========
[2023-05-03 19:31:12] {
  "tr_loss": 0.5616265958709137,
  "tr_acc": 0.7196719671967197,
  "tr_f1": 0.7232698193306347,
  "val_loss": 0.5194935015070012,
  "val_acc": 0.7834428850595132,
  "val_f1": 0.7845909171231666,
  "test_loss": 0.5259285561114468,
  "test_acc": 0.7615176151761518,
  "test_f1": 0.7541899441340781
}
[2023-05-03 19:31:12] ========== Metrics ==========
[2023-05-03 19:31:12] Train Epoch: 3 [0/20000 (0.0%)]	Loss: 0.3892754316329956
[2023-05-03 19:31:13] Train Epoch: 3 [800/20000 (4.0%)]	Loss: 0.481253057718277
[2023-05-03 19:31:13] Train Epoch: 3 [1600/20000 (8.0%)]	Loss: 0.3372006416320801
[2023-05-03 19:31:13] Train Epoch: 3 [2400/20000 (12.0%)]	Loss: 0.5445321202278137
[2023-05-03 19:31:13] Train Epoch: 3 [3200/20000 (16.0%)]	Loss: 0.42220133543014526
[2023-05-03 19:31:14] Train Epoch: 3 [4000/20000 (20.0%)]	Loss: 0.4760979115962982
[2023-05-03 19:31:14] Train Epoch: 3 [4800/20000 (24.0%)]	Loss: 0.42375510931015015
[2023-05-03 19:31:14] Train Epoch: 3 [5600/20000 (28.0%)]	Loss: 0.41860827803611755
[2023-05-03 19:31:14] Train Epoch: 3 [6400/20000 (32.0%)]	Loss: 0.3860868811607361
[2023-05-03 19:31:14] Train Epoch: 3 [7200/20000 (36.0%)]	Loss: 0.32563477754592896
[2023-05-03 19:31:15] Train Epoch: 3 [8000/20000 (40.0%)]	Loss: 0.5513300895690918
[2023-05-03 19:31:15] Train Epoch: 3 [8800/20000 (44.0%)]	Loss: 0.4318137466907501
[2023-05-03 19:31:15] Train Epoch: 3 [9600/20000 (48.0%)]	Loss: 0.4642467200756073
[2023-05-03 19:31:15] Train Epoch: 3 [10400/20000 (52.0%)]	Loss: 0.4834671914577484
[2023-05-03 19:31:15] Train Epoch: 3 [11200/20000 (56.0%)]	Loss: 0.624950647354126
[2023-05-03 19:31:16] Train Epoch: 3 [12000/20000 (60.0%)]	Loss: 0.30089059472084045
[2023-05-03 19:31:16] Train Epoch: 3 [12800/20000 (64.0%)]	Loss: 0.27753230929374695
[2023-05-03 19:31:16] Train Epoch: 3 [13600/20000 (68.0%)]	Loss: 0.3691827058792114
[2023-05-03 19:31:16] Train Epoch: 3 [14400/20000 (72.0%)]	Loss: 0.43361344933509827
[2023-05-03 19:31:16] Train Epoch: 3 [15200/20000 (76.0%)]	Loss: 0.5200728178024292
[2023-05-03 19:31:16] Train Epoch: 3 [16000/20000 (80.0%)]	Loss: 0.3217824101448059
[2023-05-03 19:31:17] Train Epoch: 3 [16800/20000 (84.0%)]	Loss: 0.3949851095676422
[2023-05-03 19:31:17] Train Epoch: 3 [17600/20000 (88.0%)]	Loss: 0.6794793605804443
[2023-05-03 19:31:17] Train Epoch: 3 [18400/20000 (92.0%)]	Loss: 0.4271140396595001
[2023-05-03 19:31:17] Train Epoch: 3 [19200/20000 (96.0%)]	Loss: 0.7980231642723083
[2023-05-03 19:31:21] ========== Metrics ==========
[2023-05-03 19:31:21] {
  "tr_loss": 0.4376244871172145,
  "tr_acc": 0.8061806180618062,
  "tr_f1": 0.805304400241109,
  "val_loss": 0.46232148634855863,
  "val_acc": 0.8026292414283176,
  "val_f1": 0.8097276930981332,
  "test_loss": 0.4715470595734552,
  "test_acc": 0.7831978319783198,
  "test_f1": 0.786096256684492
}
[2023-05-03 19:31:21] ========== Metrics ==========
[2023-05-03 19:31:22] Train Epoch: 4 [0/20000 (0.0%)]	Loss: 0.251655638217926
[2023-05-03 19:31:22] Train Epoch: 4 [800/20000 (4.0%)]	Loss: 0.49765315651893616
[2023-05-03 19:31:22] Train Epoch: 4 [1600/20000 (8.0%)]	Loss: 0.2930271625518799
[2023-05-03 19:31:22] Train Epoch: 4 [2400/20000 (12.0%)]	Loss: 0.3370759189128876
[2023-05-03 19:31:23] Train Epoch: 4 [3200/20000 (16.0%)]	Loss: 0.3187495768070221
[2023-05-03 19:31:23] Train Epoch: 4 [4000/20000 (20.0%)]	Loss: 0.2962200343608856
[2023-05-03 19:31:23] Train Epoch: 4 [4800/20000 (24.0%)]	Loss: 0.18243864178657532
[2023-05-03 19:31:23] Train Epoch: 4 [5600/20000 (28.0%)]	Loss: 0.21226108074188232
[2023-05-03 19:31:23] Train Epoch: 4 [6400/20000 (32.0%)]	Loss: 0.33714818954467773
[2023-05-03 19:31:24] Train Epoch: 4 [7200/20000 (36.0%)]	Loss: 0.25238940119743347
[2023-05-03 19:31:24] Train Epoch: 4 [8000/20000 (40.0%)]	Loss: 0.19423967599868774
[2023-05-03 19:31:24] Train Epoch: 4 [8800/20000 (44.0%)]	Loss: 0.6734442114830017
[2023-05-03 19:31:24] Train Epoch: 4 [9600/20000 (48.0%)]	Loss: 0.2657710313796997
[2023-05-03 19:31:24] Train Epoch: 4 [10400/20000 (52.0%)]	Loss: 0.5014660358428955
[2023-05-03 19:31:25] Train Epoch: 4 [11200/20000 (56.0%)]	Loss: 0.3544716238975525
[2023-05-03 19:31:25] Train Epoch: 4 [12000/20000 (60.0%)]	Loss: 0.4831390976905823
[2023-05-03 19:31:25] Train Epoch: 4 [12800/20000 (64.0%)]	Loss: 0.38259589672088623
[2023-05-03 19:31:25] Train Epoch: 4 [13600/20000 (68.0%)]	Loss: 0.34321439266204834
[2023-05-03 19:31:25] Train Epoch: 4 [14400/20000 (72.0%)]	Loss: 0.23645830154418945
[2023-05-03 19:31:26] Train Epoch: 4 [15200/20000 (76.0%)]	Loss: 0.33318424224853516
[2023-05-03 19:31:26] Train Epoch: 4 [16000/20000 (80.0%)]	Loss: 0.29781439900398254
[2023-05-03 19:31:26] Train Epoch: 4 [16800/20000 (84.0%)]	Loss: 0.4316475987434387
[2023-05-03 19:31:26] Train Epoch: 4 [17600/20000 (88.0%)]	Loss: 0.15836960077285767
[2023-05-03 19:31:26] Train Epoch: 4 [18400/20000 (92.0%)]	Loss: 0.16891056299209595
[2023-05-03 19:31:27] Train Epoch: 4 [19200/20000 (96.0%)]	Loss: 0.5284953713417053
[2023-05-03 19:31:30] ========== Metrics ==========
[2023-05-03 19:31:30] {
  "tr_loss": 0.33603217457160794,
  "tr_acc": 0.8621362136213622,
  "tr_f1": 0.8620879395728076,
  "val_loss": 0.4306505651451974,
  "val_acc": 0.8097352993426896,
  "val_f1": 0.8076854013287843,
  "test_loss": 0.43833533793607055,
  "test_acc": 0.8021680216802168,
  "test_f1": 0.7932011331444759
}
[2023-05-03 19:31:30] ========== Metrics ==========
[2023-05-03 19:31:31] Train Epoch: 5 [0/20000 (0.0%)]	Loss: 0.20103392004966736
[2023-05-03 19:31:31] Train Epoch: 5 [800/20000 (4.0%)]	Loss: 0.3817598819732666
[2023-05-03 19:31:32] Train Epoch: 5 [1600/20000 (8.0%)]	Loss: 0.15070444345474243
[2023-05-03 19:31:32] Train Epoch: 5 [2400/20000 (12.0%)]	Loss: 0.3440289795398712
[2023-05-03 19:31:32] Train Epoch: 5 [3200/20000 (16.0%)]	Loss: 0.2545427083969116
[2023-05-03 19:31:32] Train Epoch: 5 [4000/20000 (20.0%)]	Loss: 0.1931467205286026
[2023-05-03 19:31:32] Train Epoch: 5 [4800/20000 (24.0%)]	Loss: 0.21846342086791992
[2023-05-03 19:31:33] Train Epoch: 5 [5600/20000 (28.0%)]	Loss: 0.26558932662010193
[2023-05-03 19:31:33] Train Epoch: 5 [6400/20000 (32.0%)]	Loss: 0.4996597170829773
[2023-05-03 19:31:33] Train Epoch: 5 [7200/20000 (36.0%)]	Loss: 0.35052406787872314
[2023-05-03 19:31:33] Train Epoch: 5 [8000/20000 (40.0%)]	Loss: 0.3927881419658661
[2023-05-03 19:31:34] Train Epoch: 5 [8800/20000 (44.0%)]	Loss: 0.05343256890773773
[2023-05-03 19:31:34] Train Epoch: 5 [9600/20000 (48.0%)]	Loss: 0.20615874230861664
[2023-05-03 19:31:34] Train Epoch: 5 [10400/20000 (52.0%)]	Loss: 0.1455230414867401
[2023-05-03 19:31:34] Train Epoch: 5 [11200/20000 (56.0%)]	Loss: 0.27537840604782104
[2023-05-03 19:31:34] Train Epoch: 5 [12000/20000 (60.0%)]	Loss: 0.2256808578968048
[2023-05-03 19:31:35] Train Epoch: 5 [12800/20000 (64.0%)]	Loss: 0.21677401661872864
[2023-05-03 19:31:35] Train Epoch: 5 [13600/20000 (68.0%)]	Loss: 0.20234860479831696
[2023-05-03 19:31:35] Train Epoch: 5 [14400/20000 (72.0%)]	Loss: 0.23905709385871887
[2023-05-03 19:31:35] Train Epoch: 5 [15200/20000 (76.0%)]	Loss: 0.2794845998287201
[2023-05-03 19:31:35] Train Epoch: 5 [16000/20000 (80.0%)]	Loss: 0.25126469135284424
[2023-05-03 19:31:36] Train Epoch: 5 [16800/20000 (84.0%)]	Loss: 0.2714787721633911
[2023-05-03 19:31:36] Train Epoch: 5 [17600/20000 (88.0%)]	Loss: 0.3606031537055969
[2023-05-03 19:31:36] Train Epoch: 5 [18400/20000 (92.0%)]	Loss: 0.35163822770118713
[2023-05-03 19:31:36] Train Epoch: 5 [19200/20000 (96.0%)]	Loss: 0.13514044880867004
[2023-05-03 19:31:40] ========== Metrics ==========
[2023-05-03 19:31:40] {
  "tr_loss": 0.2700554220744855,
  "tr_acc": 0.89003900390039,
  "tr_f1": 0.8897246878290959,
  "val_loss": 0.4172987233556848,
  "val_acc": 0.8108012080298455,
  "val_f1": 0.8129938542581211,
  "test_loss": 0.39450539806024815,
  "test_acc": 0.8130081300813008,
  "test_f1": 0.8109589041095892
}
[2023-05-03 19:31:40] ========== Metrics ==========
[2023-05-03 19:31:41] Train Epoch: 6 [0/20000 (0.0%)]	Loss: 0.21728110313415527
[2023-05-03 19:31:41] Train Epoch: 6 [800/20000 (4.0%)]	Loss: 0.2189675122499466
[2023-05-03 19:31:41] Train Epoch: 6 [1600/20000 (8.0%)]	Loss: 0.3732577860355377
[2023-05-03 19:31:42] Train Epoch: 6 [2400/20000 (12.0%)]	Loss: 0.16696874797344208
[2023-05-03 19:31:42] Train Epoch: 6 [3200/20000 (16.0%)]	Loss: 0.2104496955871582
[2023-05-03 19:31:42] Train Epoch: 6 [4000/20000 (20.0%)]	Loss: 0.09630434215068817
[2023-05-03 19:31:42] Train Epoch: 6 [4800/20000 (24.0%)]	Loss: 0.16250966489315033
[2023-05-03 19:31:42] Train Epoch: 6 [5600/20000 (28.0%)]	Loss: 0.20242102444171906
[2023-05-03 19:31:43] Train Epoch: 6 [6400/20000 (32.0%)]	Loss: 0.18865086138248444
[2023-05-03 19:31:43] Train Epoch: 6 [7200/20000 (36.0%)]	Loss: 0.3299810290336609
[2023-05-03 19:31:43] Train Epoch: 6 [8000/20000 (40.0%)]	Loss: 0.21541832387447357
[2023-05-03 19:31:43] Train Epoch: 6 [8800/20000 (44.0%)]	Loss: 0.138143390417099
[2023-05-03 19:31:43] Train Epoch: 6 [9600/20000 (48.0%)]	Loss: 0.1659453809261322
[2023-05-03 19:31:44] Train Epoch: 6 [10400/20000 (52.0%)]	Loss: 0.09198607504367828
[2023-05-03 19:31:44] Train Epoch: 6 [11200/20000 (56.0%)]	Loss: 0.28523963689804077
[2023-05-03 19:31:44] Train Epoch: 6 [12000/20000 (60.0%)]	Loss: 0.1880185902118683
[2023-05-03 19:31:44] Train Epoch: 6 [12800/20000 (64.0%)]	Loss: 0.21887165307998657
[2023-05-03 19:31:44] Train Epoch: 6 [13600/20000 (68.0%)]	Loss: 0.2809096574783325
[2023-05-03 19:31:45] Train Epoch: 6 [14400/20000 (72.0%)]	Loss: 0.3117406666278839
[2023-05-03 19:31:45] Train Epoch: 6 [15200/20000 (76.0%)]	Loss: 0.26298844814300537
[2023-05-03 19:31:45] Train Epoch: 6 [16000/20000 (80.0%)]	Loss: 0.32064712047576904
[2023-05-03 19:31:45] Train Epoch: 6 [16800/20000 (84.0%)]	Loss: 0.11448922008275986
[2023-05-03 19:31:45] Train Epoch: 6 [17600/20000 (88.0%)]	Loss: 0.24896620213985443
[2023-05-03 19:31:45] Train Epoch: 6 [18400/20000 (92.0%)]	Loss: 0.12764199078083038
[2023-05-03 19:31:46] Train Epoch: 6 [19200/20000 (96.0%)]	Loss: 0.10378000140190125
[2023-05-03 19:31:49] ========== Metrics ==========
[2023-05-03 19:31:49] {
  "tr_loss": 0.20917733300804006,
  "tr_acc": 0.9225422542254226,
  "tr_f1": 0.922305261573958,
  "val_loss": 0.4160260423544055,
  "val_acc": 0.8113341623734234,
  "val_f1": 0.8130281690140845,
  "test_loss": 0.4140327713353847,
  "test_acc": 0.8102981029810298,
  "test_f1": 0.8076923076923077
}
[2023-05-03 19:31:49] ========== Metrics ==========
[2023-05-03 19:31:50] Train Epoch: 7 [0/20000 (0.0%)]	Loss: 0.14034199714660645
[2023-05-03 19:31:50] Train Epoch: 7 [800/20000 (4.0%)]	Loss: 0.33854421973228455
[2023-05-03 19:31:51] Train Epoch: 7 [1600/20000 (8.0%)]	Loss: 0.21080248057842255
[2023-05-03 19:31:51] Train Epoch: 7 [2400/20000 (12.0%)]	Loss: 0.1408717930316925
[2023-05-03 19:31:51] Train Epoch: 7 [3200/20000 (16.0%)]	Loss: 0.16289059817790985
[2023-05-03 19:31:51] Train Epoch: 7 [4000/20000 (20.0%)]	Loss: 0.11594858765602112
[2023-05-03 19:31:51] Train Epoch: 7 [4800/20000 (24.0%)]	Loss: 0.1837766319513321
[2023-05-03 19:31:52] Train Epoch: 7 [5600/20000 (28.0%)]	Loss: 0.2756713926792145
[2023-05-03 19:31:52] Train Epoch: 7 [6400/20000 (32.0%)]	Loss: 0.18046528100967407
[2023-05-03 19:31:52] Train Epoch: 7 [7200/20000 (36.0%)]	Loss: 0.1836545616388321
[2023-05-03 19:31:52] Train Epoch: 7 [8000/20000 (40.0%)]	Loss: 0.32980862259864807
[2023-05-03 19:31:53] Train Epoch: 7 [8800/20000 (44.0%)]	Loss: 0.09117121249437332
[2023-05-03 19:31:53] Train Epoch: 7 [9600/20000 (48.0%)]	Loss: 0.31794556975364685
[2023-05-03 19:31:53] Train Epoch: 7 [10400/20000 (52.0%)]	Loss: 0.14819717407226562
[2023-05-03 19:31:53] Train Epoch: 7 [11200/20000 (56.0%)]	Loss: 0.11156851053237915
[2023-05-03 19:31:53] Train Epoch: 7 [12000/20000 (60.0%)]	Loss: 0.2700843811035156
[2023-05-03 19:31:54] Train Epoch: 7 [12800/20000 (64.0%)]	Loss: 0.15916761755943298
[2023-05-03 19:31:54] Train Epoch: 7 [13600/20000 (68.0%)]	Loss: 0.15039606392383575
[2023-05-03 19:31:54] Train Epoch: 7 [14400/20000 (72.0%)]	Loss: 0.19094285368919373
[2023-05-03 19:31:54] Train Epoch: 7 [15200/20000 (76.0%)]	Loss: 0.09513849765062332
[2023-05-03 19:31:54] Train Epoch: 7 [16000/20000 (80.0%)]	Loss: 0.2902163863182068
[2023-05-03 19:31:55] Train Epoch: 7 [16800/20000 (84.0%)]	Loss: 0.22597192227840424
[2023-05-03 19:31:55] Train Epoch: 7 [17600/20000 (88.0%)]	Loss: 0.0656946673989296
[2023-05-03 19:31:55] Train Epoch: 7 [18400/20000 (92.0%)]	Loss: 0.1863948553800583
[2023-05-03 19:31:55] Train Epoch: 7 [19200/20000 (96.0%)]	Loss: 0.264994353055954
[2023-05-03 19:31:59] ========== Metrics ==========
[2023-05-03 19:31:59] {
  "tr_loss": 0.20445466961654643,
  "tr_acc": 0.9250925092509251,
  "tr_f1": 0.9248293857888399,
  "val_loss": 0.4154418057373773,
  "val_acc": 0.8106235565819861,
  "val_f1": 0.8129824561403509,
  "test_loss": 0.3885232697778601,
  "test_acc": 0.8157181571815718,
  "test_f1": 0.8142076502732241
}
[2023-05-03 19:31:59] ========== Metrics ==========
[2023-05-03 19:32:00] Train Epoch: 8 [0/20000 (0.0%)]	Loss: 0.34354230761528015
[2023-05-03 19:32:00] Train Epoch: 8 [800/20000 (4.0%)]	Loss: 0.14768606424331665
[2023-05-03 19:32:00] Train Epoch: 8 [1600/20000 (8.0%)]	Loss: 0.20526766777038574
[2023-05-03 19:32:01] Train Epoch: 8 [2400/20000 (12.0%)]	Loss: 0.15044192969799042
[2023-05-03 19:32:01] Train Epoch: 8 [3200/20000 (16.0%)]	Loss: 0.13449065387248993
[2023-05-03 19:32:01] Train Epoch: 8 [4000/20000 (20.0%)]	Loss: 0.21082323789596558
[2023-05-03 19:32:01] Train Epoch: 8 [4800/20000 (24.0%)]	Loss: 0.19718922674655914
[2023-05-03 19:32:01] Train Epoch: 8 [5600/20000 (28.0%)]	Loss: 0.35261794924736023
[2023-05-03 19:32:02] Train Epoch: 8 [6400/20000 (32.0%)]	Loss: 0.18971654772758484
[2023-05-03 19:32:02] Train Epoch: 8 [7200/20000 (36.0%)]	Loss: 0.10085839033126831
[2023-05-03 19:32:02] Train Epoch: 8 [8000/20000 (40.0%)]	Loss: 0.11724307388067245
[2023-05-03 19:32:02] Train Epoch: 8 [8800/20000 (44.0%)]	Loss: 0.20585891604423523
[2023-05-03 19:32:02] Train Epoch: 8 [9600/20000 (48.0%)]	Loss: 0.27450042963027954
[2023-05-03 19:32:03] Train Epoch: 8 [10400/20000 (52.0%)]	Loss: 0.24246741831302643
[2023-05-03 19:32:03] Train Epoch: 8 [11200/20000 (56.0%)]	Loss: 0.09230192750692368
[2023-05-03 19:32:03] Train Epoch: 8 [12000/20000 (60.0%)]	Loss: 0.19791212677955627
[2023-05-03 19:32:03] Train Epoch: 8 [12800/20000 (64.0%)]	Loss: 0.23350444436073303
[2023-05-03 19:32:03] Train Epoch: 8 [13600/20000 (68.0%)]	Loss: 0.26659879088401794
[2023-05-03 19:32:04] Train Epoch: 8 [14400/20000 (72.0%)]	Loss: 0.18250446021556854
[2023-05-03 19:32:04] Train Epoch: 8 [15200/20000 (76.0%)]	Loss: 0.394845575094223
[2023-05-03 19:32:04] Train Epoch: 8 [16000/20000 (80.0%)]	Loss: 0.1380375325679779
[2023-05-03 19:32:04] Train Epoch: 8 [16800/20000 (84.0%)]	Loss: 0.5131099820137024
[2023-05-03 19:32:04] Train Epoch: 8 [17600/20000 (88.0%)]	Loss: 0.08043856173753738
[2023-05-03 19:32:05] Train Epoch: 8 [18400/20000 (92.0%)]	Loss: 0.10458965599536896
[2023-05-03 19:32:05] Train Epoch: 8 [19200/20000 (96.0%)]	Loss: 0.22775799036026
[2023-05-03 19:32:09] ========== Metrics ==========
[2023-05-03 19:32:09] {
  "tr_loss": 0.19537115226400914,
  "tr_acc": 0.9283428342834283,
  "tr_f1": 0.928346417320866,
  "val_loss": 0.4136101367694274,
  "val_acc": 0.811689465269142,
  "val_f1": 0.8114549982212735,
  "test_loss": 0.40046123695890434,
  "test_acc": 0.8075880758807588,
  "test_f1": 0.8033240997229917
}
[2023-05-03 19:32:09] ========== Metrics ==========
[2023-05-03 19:32:09] Train Epoch: 9 [0/20000 (0.0%)]	Loss: 0.19859854876995087
[2023-05-03 19:32:10] Train Epoch: 9 [800/20000 (4.0%)]	Loss: 0.17716561257839203
[2023-05-03 19:32:10] Train Epoch: 9 [1600/20000 (8.0%)]	Loss: 0.1666356325149536
[2023-05-03 19:32:10] Train Epoch: 9 [2400/20000 (12.0%)]	Loss: 0.14721491932868958
[2023-05-03 19:32:10] Train Epoch: 9 [3200/20000 (16.0%)]	Loss: 0.1502993255853653
[2023-05-03 19:32:11] Train Epoch: 9 [4000/20000 (20.0%)]	Loss: 0.17286399006843567
[2023-05-03 19:32:11] Train Epoch: 9 [4800/20000 (24.0%)]	Loss: 0.045480795204639435
[2023-05-03 19:32:11] Train Epoch: 9 [5600/20000 (28.0%)]	Loss: 0.1651601642370224
[2023-05-03 19:32:11] Train Epoch: 9 [6400/20000 (32.0%)]	Loss: 0.3706136643886566
[2023-05-03 19:32:11] Train Epoch: 9 [7200/20000 (36.0%)]	Loss: 0.3003946542739868
[2023-05-03 19:32:12] Train Epoch: 9 [8000/20000 (40.0%)]	Loss: 0.2656625509262085
[2023-05-03 19:32:12] Train Epoch: 9 [8800/20000 (44.0%)]	Loss: 0.170151025056839
[2023-05-03 19:32:12] Train Epoch: 9 [9600/20000 (48.0%)]	Loss: 0.1441122144460678
[2023-05-03 19:32:12] Train Epoch: 9 [10400/20000 (52.0%)]	Loss: 0.15819387137889862
[2023-05-03 19:32:12] Train Epoch: 9 [11200/20000 (56.0%)]	Loss: 0.13323654234409332
[2023-05-03 19:32:13] Train Epoch: 9 [12000/20000 (60.0%)]	Loss: 0.36555472016334534
[2023-05-03 19:32:13] Train Epoch: 9 [12800/20000 (64.0%)]	Loss: 0.22251027822494507
[2023-05-03 19:32:13] Train Epoch: 9 [13600/20000 (68.0%)]	Loss: 0.10122157633304596
[2023-05-03 19:32:13] Train Epoch: 9 [14400/20000 (72.0%)]	Loss: 0.1070551723241806
[2023-05-03 19:32:13] Train Epoch: 9 [15200/20000 (76.0%)]	Loss: 0.19585132598876953
[2023-05-03 19:32:14] Train Epoch: 9 [16000/20000 (80.0%)]	Loss: 0.18713894486427307
[2023-05-03 19:32:14] Train Epoch: 9 [16800/20000 (84.0%)]	Loss: 0.17166298627853394
[2023-05-03 19:32:14] Train Epoch: 9 [17600/20000 (88.0%)]	Loss: 0.14574755728244781
[2023-05-03 19:32:14] Train Epoch: 9 [18400/20000 (92.0%)]	Loss: 0.26436328887939453
[2023-05-03 19:32:14] Train Epoch: 9 [19200/20000 (96.0%)]	Loss: 0.1723964512348175
[2023-05-03 19:32:18] ========== Metrics ==========
[2023-05-03 19:32:18] {
  "tr_loss": 0.189452783523625,
  "tr_acc": 0.9317931793179318,
  "tr_f1": 0.9314159292035399,
  "val_loss": 0.4130887799712815,
  "val_acc": 0.8115118138212827,
  "val_f1": 0.812841771035456,
  "test_loss": 0.39240336805824344,
  "test_acc": 0.8130081300813008,
  "test_f1": 0.8109589041095892
}
[2023-05-03 19:32:18] ========== Metrics ==========
[2023-05-03 19:32:19] Train Epoch: 10 [0/20000 (0.0%)]	Loss: 0.24623677134513855
[2023-05-03 19:32:19] Train Epoch: 10 [800/20000 (4.0%)]	Loss: 0.3904569745063782
[2023-05-03 19:32:19] Train Epoch: 10 [1600/20000 (8.0%)]	Loss: 0.15044519305229187
[2023-05-03 19:32:20] Train Epoch: 10 [2400/20000 (12.0%)]	Loss: 0.24909444153308868
[2023-05-03 19:32:20] Train Epoch: 10 [3200/20000 (16.0%)]	Loss: 0.1370650678873062
[2023-05-03 19:32:20] Train Epoch: 10 [4000/20000 (20.0%)]	Loss: 0.13225486874580383
[2023-05-03 19:32:20] Train Epoch: 10 [4800/20000 (24.0%)]	Loss: 0.07708461582660675
[2023-05-03 19:32:21] Train Epoch: 10 [5600/20000 (28.0%)]	Loss: 0.10281362384557724
[2023-05-03 19:32:21] Train Epoch: 10 [6400/20000 (32.0%)]	Loss: 0.03783252090215683
[2023-05-03 19:32:21] Train Epoch: 10 [7200/20000 (36.0%)]	Loss: 0.08285059034824371
[2023-05-03 19:32:21] Train Epoch: 10 [8000/20000 (40.0%)]	Loss: 0.19188432395458221
[2023-05-03 19:32:21] Train Epoch: 10 [8800/20000 (44.0%)]	Loss: 0.0926092267036438
[2023-05-03 19:32:21] Train Epoch: 10 [9600/20000 (48.0%)]	Loss: 0.02780899591743946
[2023-05-03 19:32:22] Train Epoch: 10 [10400/20000 (52.0%)]	Loss: 0.4628618061542511
[2023-05-03 19:32:22] Train Epoch: 10 [11200/20000 (56.0%)]	Loss: 0.16031800210475922
[2023-05-03 19:32:22] Train Epoch: 10 [12000/20000 (60.0%)]	Loss: 0.14208313822746277
[2023-05-03 19:32:22] Train Epoch: 10 [12800/20000 (64.0%)]	Loss: 0.2254839837551117
[2023-05-03 19:32:22] Train Epoch: 10 [13600/20000 (68.0%)]	Loss: 0.19613003730773926
[2023-05-03 19:32:23] Train Epoch: 10 [14400/20000 (72.0%)]	Loss: 0.631420373916626
[2023-05-03 19:32:23] Train Epoch: 10 [15200/20000 (76.0%)]	Loss: 0.07355581223964691
[2023-05-03 19:32:23] Train Epoch: 10 [16000/20000 (80.0%)]	Loss: 0.07163882255554199
[2023-05-03 19:32:23] Train Epoch: 10 [16800/20000 (84.0%)]	Loss: 0.16467967629432678
[2023-05-03 19:32:23] Train Epoch: 10 [17600/20000 (88.0%)]	Loss: 0.14224131405353546
[2023-05-03 19:32:24] Train Epoch: 10 [18400/20000 (92.0%)]	Loss: 0.18590964376926422
[2023-05-03 19:32:24] Train Epoch: 10 [19200/20000 (96.0%)]	Loss: 0.12002886831760406
[2023-05-03 19:32:27] ========== Metrics ==========
[2023-05-03 19:32:27] {
  "tr_loss": 0.182649763530702,
  "tr_acc": 0.9331433143314332,
  "tr_f1": 0.9328848953365796,
  "val_loss": 0.41244899339247265,
  "val_acc": 0.8120447681648606,
  "val_f1": 0.8132062146892655,
  "test_loss": 0.4253315641304988,
  "test_acc": 0.8130081300813008,
  "test_f1": 0.8109589041095892
}
[2023-05-03 19:32:27] ========== Metrics ==========
[2023-05-03 19:32:28] Train Epoch: 11 [0/20000 (0.0%)]	Loss: 0.1280391663312912
[2023-05-03 19:32:29] Train Epoch: 11 [800/20000 (4.0%)]	Loss: 0.11012779921293259
[2023-05-03 19:32:29] Train Epoch: 11 [1600/20000 (8.0%)]	Loss: 0.11825087666511536
[2023-05-03 19:32:29] Train Epoch: 11 [2400/20000 (12.0%)]	Loss: 0.20504647493362427
[2023-05-03 19:32:29] Train Epoch: 11 [3200/20000 (16.0%)]	Loss: 0.2259276658296585
[2023-05-03 19:32:29] Train Epoch: 11 [4000/20000 (20.0%)]	Loss: 0.16375255584716797
[2023-05-03 19:32:30] Train Epoch: 11 [4800/20000 (24.0%)]	Loss: 0.13527578115463257
[2023-05-03 19:32:30] Train Epoch: 11 [5600/20000 (28.0%)]	Loss: 0.17115476727485657
[2023-05-03 19:32:30] Train Epoch: 11 [6400/20000 (32.0%)]	Loss: 0.23236574232578278
[2023-05-03 19:32:30] Train Epoch: 11 [7200/20000 (36.0%)]	Loss: 0.4798027575016022
[2023-05-03 19:32:30] Train Epoch: 11 [8000/20000 (40.0%)]	Loss: 0.11778546124696732
[2023-05-03 19:32:31] Train Epoch: 11 [8800/20000 (44.0%)]	Loss: 0.14693650603294373
[2023-05-03 19:32:31] Train Epoch: 11 [9600/20000 (48.0%)]	Loss: 0.3110618591308594
[2023-05-03 19:32:31] Train Epoch: 11 [10400/20000 (52.0%)]	Loss: 0.04936011880636215
[2023-05-03 19:32:31] Train Epoch: 11 [11200/20000 (56.0%)]	Loss: 0.16257348656654358
[2023-05-03 19:32:31] Train Epoch: 11 [12000/20000 (60.0%)]	Loss: 0.094208724796772
[2023-05-03 19:32:32] Train Epoch: 11 [12800/20000 (64.0%)]	Loss: 0.23157361149787903
[2023-05-03 19:32:32] Train Epoch: 11 [13600/20000 (68.0%)]	Loss: 0.3641645312309265
[2023-05-03 19:32:32] Train Epoch: 11 [14400/20000 (72.0%)]	Loss: 0.16204537451267242
[2023-05-03 19:32:32] Train Epoch: 11 [15200/20000 (76.0%)]	Loss: 0.24863289296627045
[2023-05-03 19:32:33] Train Epoch: 11 [16000/20000 (80.0%)]	Loss: 0.16489368677139282
[2023-05-03 19:32:33] Train Epoch: 11 [16800/20000 (84.0%)]	Loss: 0.2876257300376892
[2023-05-03 19:32:33] Train Epoch: 11 [17600/20000 (88.0%)]	Loss: 0.26170849800109863
[2023-05-03 19:32:33] Train Epoch: 11 [18400/20000 (92.0%)]	Loss: 0.16859272122383118
[2023-05-03 19:32:33] Train Epoch: 11 [19200/20000 (96.0%)]	Loss: 0.1502601057291031
[2023-05-03 19:32:37] ========== Metrics ==========
[2023-05-03 19:32:37] {
  "tr_loss": 0.18350132717730008,
  "tr_acc": 0.9347434743474348,
  "tr_f1": 0.9343594386600272,
  "val_loss": 0.4125841861297233,
  "val_acc": 0.811689465269142,
  "val_f1": 0.8130511463844797,
  "test_loss": 0.3876355052963505,
  "test_acc": 0.8130081300813008,
  "test_f1": 0.8109589041095892
}
[2023-05-03 19:32:37] ========== Metrics ==========
[2023-05-03 19:32:38] Train Epoch: 12 [0/20000 (0.0%)]	Loss: 0.1390056312084198
[2023-05-03 19:32:38] Train Epoch: 12 [800/20000 (4.0%)]	Loss: 0.15906012058258057
[2023-05-03 19:32:38] Train Epoch: 12 [1600/20000 (8.0%)]	Loss: 0.17785407602787018
[2023-05-03 19:32:39] Train Epoch: 12 [2400/20000 (12.0%)]	Loss: 0.14547431468963623
[2023-05-03 19:32:39] Train Epoch: 12 [3200/20000 (16.0%)]	Loss: 0.096964031457901
[2023-05-03 19:32:39] Train Epoch: 12 [4000/20000 (20.0%)]	Loss: 0.08781345933675766
[2023-05-03 19:32:39] Train Epoch: 12 [4800/20000 (24.0%)]	Loss: 0.3134611248970032
[2023-05-03 19:32:39] Train Epoch: 12 [5600/20000 (28.0%)]	Loss: 0.3880182206630707
[2023-05-03 19:32:39] Train Epoch: 12 [6400/20000 (32.0%)]	Loss: 0.1961643546819687
[2023-05-03 19:32:40] Train Epoch: 12 [7200/20000 (36.0%)]	Loss: 0.11481887102127075
[2023-05-03 19:32:40] Train Epoch: 12 [8000/20000 (40.0%)]	Loss: 0.2074122279882431
[2023-05-03 19:32:40] Train Epoch: 12 [8800/20000 (44.0%)]	Loss: 0.29352739453315735
[2023-05-03 19:32:40] Train Epoch: 12 [9600/20000 (48.0%)]	Loss: 0.23164795339107513
[2023-05-03 19:32:41] Train Epoch: 12 [10400/20000 (52.0%)]	Loss: 0.08303744345903397
[2023-05-03 19:32:41] Train Epoch: 12 [11200/20000 (56.0%)]	Loss: 0.2566273510456085
[2023-05-03 19:32:41] Train Epoch: 12 [12000/20000 (60.0%)]	Loss: 0.3796643912792206
[2023-05-03 19:32:41] Train Epoch: 12 [12800/20000 (64.0%)]	Loss: 0.23191958665847778
[2023-05-03 19:32:41] Train Epoch: 12 [13600/20000 (68.0%)]	Loss: 0.07059378921985626
[2023-05-03 19:32:42] Train Epoch: 12 [14400/20000 (72.0%)]	Loss: 0.16834676265716553
[2023-05-03 19:32:42] Train Epoch: 12 [15200/20000 (76.0%)]	Loss: 0.1953672468662262
[2023-05-03 19:32:42] Train Epoch: 12 [16000/20000 (80.0%)]	Loss: 0.06692854315042496
[2023-05-03 19:32:42] Train Epoch: 12 [16800/20000 (84.0%)]	Loss: 0.08671090006828308
[2023-05-03 19:32:42] Train Epoch: 12 [17600/20000 (88.0%)]	Loss: 0.07992248982191086
[2023-05-03 19:32:43] Train Epoch: 12 [18400/20000 (92.0%)]	Loss: 0.18368421494960785
[2023-05-03 19:32:43] Train Epoch: 12 [19200/20000 (96.0%)]	Loss: 0.1974526196718216
[2023-05-03 19:32:46] ========== Metrics ==========
[2023-05-03 19:32:46] {
  "tr_loss": 0.17945030659171912,
  "tr_acc": 0.9358435843584358,
  "tr_f1": 0.9356408327062954,
  "val_loss": 0.41286706691483743,
  "val_acc": 0.8115118138212827,
  "val_f1": 0.8129737352370878,
  "test_loss": 0.39093812952842816,
  "test_acc": 0.8130081300813008,
  "test_f1": 0.8109589041095892
}
[2023-05-03 19:32:46] ========== Metrics ==========
[2023-05-03 19:32:47] Train Epoch: 13 [0/20000 (0.0%)]	Loss: 0.2325763702392578
[2023-05-03 19:32:47] Train Epoch: 13 [800/20000 (4.0%)]	Loss: 0.07444735616445541
[2023-05-03 19:32:48] Train Epoch: 13 [1600/20000 (8.0%)]	Loss: 0.12836283445358276
[2023-05-03 19:32:48] Train Epoch: 13 [2400/20000 (12.0%)]	Loss: 0.16574864089488983
[2023-05-03 19:32:48] Train Epoch: 13 [3200/20000 (16.0%)]	Loss: 0.0997086688876152
[2023-05-03 19:32:48] Train Epoch: 13 [4000/20000 (20.0%)]	Loss: 0.09519477188587189
[2023-05-03 19:32:48] Train Epoch: 13 [4800/20000 (24.0%)]	Loss: 0.12251517176628113
[2023-05-03 19:32:49] Train Epoch: 13 [5600/20000 (28.0%)]	Loss: 0.1289718598127365
[2023-05-03 19:32:49] Train Epoch: 13 [6400/20000 (32.0%)]	Loss: 0.5113747715950012
[2023-05-03 19:32:49] Train Epoch: 13 [7200/20000 (36.0%)]	Loss: 0.24239417910575867
[2023-05-03 19:32:49] Train Epoch: 13 [8000/20000 (40.0%)]	Loss: 0.2676669955253601
[2023-05-03 19:32:49] Train Epoch: 13 [8800/20000 (44.0%)]	Loss: 0.30473655462265015
[2023-05-03 19:32:50] Train Epoch: 13 [9600/20000 (48.0%)]	Loss: 0.029856504872441292
[2023-05-03 19:32:50] Train Epoch: 13 [10400/20000 (52.0%)]	Loss: 0.37200090289115906
[2023-05-03 19:32:50] Train Epoch: 13 [11200/20000 (56.0%)]	Loss: 0.2307991087436676
[2023-05-03 19:32:50] Train Epoch: 13 [12000/20000 (60.0%)]	Loss: 0.11864866316318512
[2023-05-03 19:32:50] Train Epoch: 13 [12800/20000 (64.0%)]	Loss: 0.08456715196371078
[2023-05-03 19:32:51] Train Epoch: 13 [13600/20000 (68.0%)]	Loss: 0.11343156546354294
[2023-05-03 19:32:51] Train Epoch: 13 [14400/20000 (72.0%)]	Loss: 0.08742107450962067
[2023-05-03 19:32:51] Train Epoch: 13 [15200/20000 (76.0%)]	Loss: 0.13955773413181305
[2023-05-03 19:32:51] Train Epoch: 13 [16000/20000 (80.0%)]	Loss: 0.27574002742767334
[2023-05-03 19:32:51] Train Epoch: 13 [16800/20000 (84.0%)]	Loss: 0.1459534466266632
[2023-05-03 19:32:52] Train Epoch: 13 [17600/20000 (88.0%)]	Loss: 0.14408718049526215
[2023-05-03 19:32:52] Train Epoch: 13 [18400/20000 (92.0%)]	Loss: 0.06985645741224289
[2023-05-03 19:32:52] Train Epoch: 13 [19200/20000 (96.0%)]	Loss: 0.08358631283044815
[2023-05-03 19:32:56] ========== Metrics ==========
[2023-05-03 19:32:56] {
  "tr_loss": 0.18149558826796663,
  "tr_acc": 0.935043504350435,
  "tr_f1": 0.9348904816801162,
  "val_loss": 0.41279303104209525,
  "val_acc": 0.8115118138212827,
  "val_f1": 0.8129737352370878,
  "test_loss": 0.41204952676767903,
  "test_acc": 0.8130081300813008,
  "test_f1": 0.8109589041095892
}
[2023-05-03 19:32:56] ========== Metrics ==========
[2023-05-03 19:32:57] Train Epoch: 14 [0/20000 (0.0%)]	Loss: 0.16015379130840302
[2023-05-03 19:32:57] Train Epoch: 14 [800/20000 (4.0%)]	Loss: 0.14369834959506989
[2023-05-03 19:32:57] Train Epoch: 14 [1600/20000 (8.0%)]	Loss: 0.05992909148335457
[2023-05-03 19:32:57] Train Epoch: 14 [2400/20000 (12.0%)]	Loss: 0.3303549289703369
[2023-05-03 19:32:57] Train Epoch: 14 [3200/20000 (16.0%)]	Loss: 0.09224051982164383
[2023-05-03 19:32:58] Train Epoch: 14 [4000/20000 (20.0%)]	Loss: 0.28258752822875977
[2023-05-03 19:32:58] Train Epoch: 14 [4800/20000 (24.0%)]	Loss: 0.2172905057668686
[2023-05-03 19:32:58] Train Epoch: 14 [5600/20000 (28.0%)]	Loss: 0.12357795983552933
[2023-05-03 19:32:58] Train Epoch: 14 [6400/20000 (32.0%)]	Loss: 0.13289256393909454
[2023-05-03 19:32:58] Train Epoch: 14 [7200/20000 (36.0%)]	Loss: 0.40781131386756897
[2023-05-03 19:32:59] Train Epoch: 14 [8000/20000 (40.0%)]	Loss: 0.15964654088020325
[2023-05-03 19:32:59] Train Epoch: 14 [8800/20000 (44.0%)]	Loss: 0.1529431790113449
[2023-05-03 19:32:59] Train Epoch: 14 [9600/20000 (48.0%)]	Loss: 0.06698834151029587
[2023-05-03 19:32:59] Train Epoch: 14 [10400/20000 (52.0%)]	Loss: 0.0611141100525856
[2023-05-03 19:32:59] Train Epoch: 14 [11200/20000 (56.0%)]	Loss: 0.3397774398326874
[2023-05-03 19:33:00] Train Epoch: 14 [12000/20000 (60.0%)]	Loss: 0.26783445477485657
[2023-05-03 19:33:00] Train Epoch: 14 [12800/20000 (64.0%)]	Loss: 0.0624786838889122
[2023-05-03 19:33:00] Train Epoch: 14 [13600/20000 (68.0%)]	Loss: 0.2480233907699585
[2023-05-03 19:33:00] Train Epoch: 14 [14400/20000 (72.0%)]	Loss: 0.07807651907205582
[2023-05-03 19:33:00] Train Epoch: 14 [15200/20000 (76.0%)]	Loss: 0.20608501136302948
[2023-05-03 19:33:01] Train Epoch: 14 [16000/20000 (80.0%)]	Loss: 0.15321318805217743
[2023-05-03 19:33:01] Train Epoch: 14 [16800/20000 (84.0%)]	Loss: 0.38149264454841614
[2023-05-03 19:33:01] Train Epoch: 14 [17600/20000 (88.0%)]	Loss: 0.22106008231639862
[2023-05-03 19:33:01] Train Epoch: 14 [18400/20000 (92.0%)]	Loss: 0.127584308385849
[2023-05-03 19:33:01] Train Epoch: 14 [19200/20000 (96.0%)]	Loss: 0.06911829113960266
[2023-05-03 19:33:05] ========== Metrics ==========
[2023-05-03 19:33:05] {
  "tr_loss": 0.17572181706655526,
  "tr_acc": 0.935993599359936,
  "tr_f1": 0.9356719268268168,
  "val_loss": 0.41276112075469534,
  "val_acc": 0.8113341623734234,
  "val_f1": 0.812962310672772,
  "test_loss": 0.42553199985163,
  "test_acc": 0.8130081300813008,
  "test_f1": 0.8109589041095892
}
[2023-05-03 19:33:05] ========== Metrics ==========
[2023-05-03 19:33:06] Train Epoch: 15 [0/20000 (0.0%)]	Loss: 0.20000208914279938
[2023-05-03 19:33:06] Train Epoch: 15 [800/20000 (4.0%)]	Loss: 0.14509670436382294
[2023-05-03 19:33:07] Train Epoch: 15 [1600/20000 (8.0%)]	Loss: 0.21318688988685608
[2023-05-03 19:33:07] Train Epoch: 15 [2400/20000 (12.0%)]	Loss: 0.16823691129684448
[2023-05-03 19:33:07] Train Epoch: 15 [3200/20000 (16.0%)]	Loss: 0.0935061126947403
[2023-05-03 19:33:07] Train Epoch: 15 [4000/20000 (20.0%)]	Loss: 0.13650020956993103
[2023-05-03 19:33:07] Train Epoch: 15 [4800/20000 (24.0%)]	Loss: 0.17024503648281097
[2023-05-03 19:33:08] Train Epoch: 15 [5600/20000 (28.0%)]	Loss: 0.0550658218562603
[2023-05-03 19:33:08] Train Epoch: 15 [6400/20000 (32.0%)]	Loss: 0.0831919014453888
[2023-05-03 19:33:08] Train Epoch: 15 [7200/20000 (36.0%)]	Loss: 0.2955147624015808
[2023-05-03 19:33:08] Train Epoch: 15 [8000/20000 (40.0%)]	Loss: 0.19635231792926788
[2023-05-03 19:33:08] Train Epoch: 15 [8800/20000 (44.0%)]	Loss: 0.17656460404396057
[2023-05-03 19:33:09] Train Epoch: 15 [9600/20000 (48.0%)]	Loss: 0.15648768842220306
[2023-05-03 19:33:09] Train Epoch: 15 [10400/20000 (52.0%)]	Loss: 0.24329911172389984
[2023-05-03 19:33:09] Train Epoch: 15 [11200/20000 (56.0%)]	Loss: 0.1690562516450882
[2023-05-03 19:33:09] Train Epoch: 15 [12000/20000 (60.0%)]	Loss: 0.12314336001873016
[2023-05-03 19:33:09] Train Epoch: 15 [12800/20000 (64.0%)]	Loss: 0.11284476518630981
[2023-05-03 19:33:10] Train Epoch: 15 [13600/20000 (68.0%)]	Loss: 0.07515938580036163
[2023-05-03 19:33:10] Train Epoch: 15 [14400/20000 (72.0%)]	Loss: 0.069556824862957
[2023-05-03 19:33:10] Train Epoch: 15 [15200/20000 (76.0%)]	Loss: 0.19168515503406525
[2023-05-03 19:33:10] Train Epoch: 15 [16000/20000 (80.0%)]	Loss: 0.1255524456501007
[2023-05-03 19:33:10] Train Epoch: 15 [16800/20000 (84.0%)]	Loss: 0.1114417091012001
[2023-05-03 19:33:11] Train Epoch: 15 [17600/20000 (88.0%)]	Loss: 0.16049498319625854
[2023-05-03 19:33:11] Train Epoch: 15 [18400/20000 (92.0%)]	Loss: 0.11800693720579147
[2023-05-03 19:33:11] Train Epoch: 15 [19200/20000 (96.0%)]	Loss: 0.08829566091299057
[2023-05-03 19:33:15] ========== Metrics ==========
[2023-05-03 19:33:15] {
  "tr_loss": 0.17612903048567968,
  "tr_acc": 0.9360436043604361,
  "tr_f1": 0.9358865106020352,
  "val_loss": 0.41266549304908623,
  "val_acc": 0.8113341623734234,
  "val_f1": 0.812830454705675,
  "test_loss": 0.38677999223796977,
  "test_acc": 0.8130081300813008,
  "test_f1": 0.8109589041095892
}
[2023-05-03 19:33:15] ========== Metrics ==========
[2023-05-03 19:33:16] Train Epoch: 16 [0/20000 (0.0%)]	Loss: 0.13457874953746796
[2023-05-03 19:33:16] Train Epoch: 16 [800/20000 (4.0%)]	Loss: 0.1055266261100769
[2023-05-03 19:33:16] Train Epoch: 16 [1600/20000 (8.0%)]	Loss: 0.1658514440059662
[2023-05-03 19:33:16] Train Epoch: 16 [2400/20000 (12.0%)]	Loss: 0.05379067361354828
[2023-05-03 19:33:17] Train Epoch: 16 [3200/20000 (16.0%)]	Loss: 0.14686612784862518
[2023-05-03 19:33:17] Train Epoch: 16 [4000/20000 (20.0%)]	Loss: 0.24890445172786713
[2023-05-03 19:33:17] Train Epoch: 16 [4800/20000 (24.0%)]	Loss: 0.2068292647600174
[2023-05-03 19:33:17] Train Epoch: 16 [5600/20000 (28.0%)]	Loss: 0.1172669380903244
[2023-05-03 19:33:17] Train Epoch: 16 [6400/20000 (32.0%)]	Loss: 0.1760758012533188
[2023-05-03 19:33:18] Train Epoch: 16 [7200/20000 (36.0%)]	Loss: 0.17116494476795197
[2023-05-03 19:33:18] Train Epoch: 16 [8000/20000 (40.0%)]	Loss: 0.15792447328567505
[2023-05-03 19:33:18] Train Epoch: 16 [8800/20000 (44.0%)]	Loss: 0.14234574139118195
[2023-05-03 19:33:18] Train Epoch: 16 [9600/20000 (48.0%)]	Loss: 0.16714182496070862
[2023-05-03 19:33:18] Train Epoch: 16 [10400/20000 (52.0%)]	Loss: 0.11920031160116196
[2023-05-03 19:33:19] Train Epoch: 16 [11200/20000 (56.0%)]	Loss: 0.07862157374620438
[2023-05-03 19:33:19] Train Epoch: 16 [12000/20000 (60.0%)]	Loss: 0.3628171384334564
[2023-05-03 19:33:19] Train Epoch: 16 [12800/20000 (64.0%)]	Loss: 0.10907477140426636
[2023-05-03 19:33:19] Train Epoch: 16 [13600/20000 (68.0%)]	Loss: 0.30485403537750244
[2023-05-03 19:33:19] Train Epoch: 16 [14400/20000 (72.0%)]	Loss: 0.16624145209789276
[2023-05-03 19:33:20] Train Epoch: 16 [15200/20000 (76.0%)]	Loss: 0.16169682145118713
[2023-05-03 19:33:20] Train Epoch: 16 [16000/20000 (80.0%)]	Loss: 0.3503139019012451
[2023-05-03 19:33:20] Train Epoch: 16 [16800/20000 (84.0%)]	Loss: 0.04365863651037216
[2023-05-03 19:33:20] Train Epoch: 16 [17600/20000 (88.0%)]	Loss: 0.18049481511116028
[2023-05-03 19:33:20] Train Epoch: 16 [18400/20000 (92.0%)]	Loss: 0.09739691019058228
[2023-05-03 19:33:21] Train Epoch: 16 [19200/20000 (96.0%)]	Loss: 0.13174200057983398
[2023-05-03 19:33:23] Stop At epoch 16/20 due to valid not increase
[2023-05-03 19:33:24] ========== Metrics ==========
[2023-05-03 19:33:24] {
  "tr_loss": 0.17768796985716162,
  "tr_acc": 0.933993399339934,
  "tr_f1": 0.9337814788803049,
  "val_loss": 0.41275784130269244,
  "val_acc": 0.8115118138212827,
  "val_f1": 0.8129737352370878,
  "test_loss": 0.4058974881159258,
  "test_acc": 0.8130081300813008,
  "test_f1": 0.8109589041095892
}
[2023-05-03 19:33:24] ========== Metrics ==========
