[2023-05-03 08:45:13] Train Epoch: 1 [0/20000 (0.0%)]	Loss: 0.7026607990264893
[2023-05-03 08:45:13] Train Epoch: 1 [800/20000 (4.0%)]	Loss: 0.6490683555603027
[2023-05-03 08:45:13] Train Epoch: 1 [1600/20000 (8.0%)]	Loss: 0.6408596038818359
[2023-05-03 08:45:13] Train Epoch: 1 [2400/20000 (12.0%)]	Loss: 0.6952678561210632
[2023-05-03 08:45:13] Train Epoch: 1 [3200/20000 (16.0%)]	Loss: 0.6502711176872253
[2023-05-03 08:45:14] Train Epoch: 1 [4000/20000 (20.0%)]	Loss: 0.706598699092865
[2023-05-03 08:45:14] Train Epoch: 1 [4800/20000 (24.0%)]	Loss: 0.6860836148262024
[2023-05-03 08:45:14] Train Epoch: 1 [5600/20000 (28.0%)]	Loss: 0.6921648979187012
[2023-05-03 08:45:14] Train Epoch: 1 [6400/20000 (32.0%)]	Loss: 0.7322341203689575
[2023-05-03 08:45:14] Train Epoch: 1 [7200/20000 (36.0%)]	Loss: 0.6937999129295349
[2023-05-03 08:45:15] Train Epoch: 1 [8000/20000 (40.0%)]	Loss: 0.7016648650169373
[2023-05-03 08:45:15] Train Epoch: 1 [8800/20000 (44.0%)]	Loss: 0.6474471092224121
[2023-05-03 08:45:15] Train Epoch: 1 [9600/20000 (48.0%)]	Loss: 0.6903733611106873
[2023-05-03 08:45:15] Train Epoch: 1 [10400/20000 (52.0%)]	Loss: 0.6477294564247131
[2023-05-03 08:45:15] Train Epoch: 1 [11200/20000 (56.0%)]	Loss: 0.6356130838394165
[2023-05-03 08:45:15] Train Epoch: 1 [12000/20000 (60.0%)]	Loss: 0.6110870838165283
[2023-05-03 08:45:16] Train Epoch: 1 [12800/20000 (64.0%)]	Loss: 0.6838552951812744
[2023-05-03 08:45:16] Train Epoch: 1 [13600/20000 (68.0%)]	Loss: 0.6471844911575317
[2023-05-03 08:45:16] Train Epoch: 1 [14400/20000 (72.0%)]	Loss: 0.6453413963317871
[2023-05-03 08:45:16] Train Epoch: 1 [15200/20000 (76.0%)]	Loss: 0.6576126217842102
[2023-05-03 08:45:16] Train Epoch: 1 [16000/20000 (80.0%)]	Loss: 0.6177800893783569
[2023-05-03 08:45:16] Train Epoch: 1 [16800/20000 (84.0%)]	Loss: 0.6328031420707703
[2023-05-03 08:45:17] Train Epoch: 1 [17600/20000 (88.0%)]	Loss: 0.6527339816093445
[2023-05-03 08:45:17] Train Epoch: 1 [18400/20000 (92.0%)]	Loss: 0.7121589183807373
[2023-05-03 08:45:17] Train Epoch: 1 [19200/20000 (96.0%)]	Loss: 0.6012378334999084
[2023-05-03 08:45:21] ========== Metrics ==========
[2023-05-03 08:45:21] {
  "tr_loss": 0.68108970359011,
  "tr_acc": 0.5623062306230623,
  "tr_f1": 0.5735028991862787,
  "val_loss": 0.6384133750453345,
  "val_acc": 0.7184224551430094,
  "val_f1": 0.7530768032403802,
  "test_loss": 0.6699327143227182,
  "test_acc": 0.7560975609756098,
  "test_f1": 0.7857142857142858
}
[2023-05-03 08:45:21] ========== Metrics ==========
[2023-05-03 08:45:22] Train Epoch: 2 [0/20000 (0.0%)]	Loss: 0.5727985501289368
[2023-05-03 08:45:22] Train Epoch: 2 [800/20000 (4.0%)]	Loss: 0.6306883096694946
[2023-05-03 08:45:22] Train Epoch: 2 [1600/20000 (8.0%)]	Loss: 0.5828502178192139
[2023-05-03 08:45:23] Train Epoch: 2 [2400/20000 (12.0%)]	Loss: 0.6506025195121765
[2023-05-03 08:45:23] Train Epoch: 2 [3200/20000 (16.0%)]	Loss: 0.5512079000473022
[2023-05-03 08:45:23] Train Epoch: 2 [4000/20000 (20.0%)]	Loss: 0.6214630007743835
[2023-05-03 08:45:23] Train Epoch: 2 [4800/20000 (24.0%)]	Loss: 0.5472556352615356
[2023-05-03 08:45:23] Train Epoch: 2 [5600/20000 (28.0%)]	Loss: 0.5172131061553955
[2023-05-03 08:45:24] Train Epoch: 2 [6400/20000 (32.0%)]	Loss: 0.5916156768798828
[2023-05-03 08:45:24] Train Epoch: 2 [7200/20000 (36.0%)]	Loss: 0.643864631652832
[2023-05-03 08:45:24] Train Epoch: 2 [8000/20000 (40.0%)]	Loss: 0.5373183488845825
[2023-05-03 08:45:24] Train Epoch: 2 [8800/20000 (44.0%)]	Loss: 0.539465606212616
[2023-05-03 08:45:24] Train Epoch: 2 [9600/20000 (48.0%)]	Loss: 0.54915851354599
[2023-05-03 08:45:24] Train Epoch: 2 [10400/20000 (52.0%)]	Loss: 0.6028501987457275
[2023-05-03 08:45:25] Train Epoch: 2 [11200/20000 (56.0%)]	Loss: 0.480022668838501
[2023-05-03 08:45:25] Train Epoch: 2 [12000/20000 (60.0%)]	Loss: 0.5870903134346008
[2023-05-03 08:45:25] Train Epoch: 2 [12800/20000 (64.0%)]	Loss: 0.46454301476478577
[2023-05-03 08:45:25] Train Epoch: 2 [13600/20000 (68.0%)]	Loss: 0.4618074297904968
[2023-05-03 08:45:25] Train Epoch: 2 [14400/20000 (72.0%)]	Loss: 0.4922141134738922
[2023-05-03 08:45:25] Train Epoch: 2 [15200/20000 (76.0%)]	Loss: 0.41329053044319153
[2023-05-03 08:45:26] Train Epoch: 2 [16000/20000 (80.0%)]	Loss: 0.5040760040283203
[2023-05-03 08:45:26] Train Epoch: 2 [16800/20000 (84.0%)]	Loss: 0.5940122008323669
[2023-05-03 08:45:26] Train Epoch: 2 [17600/20000 (88.0%)]	Loss: 0.6009095311164856
[2023-05-03 08:45:26] Train Epoch: 2 [18400/20000 (92.0%)]	Loss: 0.5729215145111084
[2023-05-03 08:45:26] Train Epoch: 2 [19200/20000 (96.0%)]	Loss: 0.5662583708763123
[2023-05-03 08:45:31] ========== Metrics ==========
[2023-05-03 08:45:31] {
  "tr_loss": 0.5552732102071444,
  "tr_acc": 0.7312231223122312,
  "tr_f1": 0.7310213681629384,
  "val_loss": 0.5054782099782267,
  "val_acc": 0.7802451589980458,
  "val_f1": 0.772902515145952,
  "test_loss": 0.5281499756707085,
  "test_acc": 0.7804878048780488,
  "test_f1": 0.7705382436260623
}
[2023-05-03 08:45:31] ========== Metrics ==========
[2023-05-03 08:45:32] Train Epoch: 3 [0/20000 (0.0%)]	Loss: 0.42319557070732117
[2023-05-03 08:45:32] Train Epoch: 3 [800/20000 (4.0%)]	Loss: 0.40127187967300415
[2023-05-03 08:45:32] Train Epoch: 3 [1600/20000 (8.0%)]	Loss: 0.45733001828193665
[2023-05-03 08:45:32] Train Epoch: 3 [2400/20000 (12.0%)]	Loss: 0.6116956472396851
[2023-05-03 08:45:32] Train Epoch: 3 [3200/20000 (16.0%)]	Loss: 0.28508880734443665
[2023-05-03 08:45:33] Train Epoch: 3 [4000/20000 (20.0%)]	Loss: 0.40620720386505127
[2023-05-03 08:45:33] Train Epoch: 3 [4800/20000 (24.0%)]	Loss: 0.3531074821949005
[2023-05-03 08:45:33] Train Epoch: 3 [5600/20000 (28.0%)]	Loss: 0.48073893785476685
[2023-05-03 08:45:33] Train Epoch: 3 [6400/20000 (32.0%)]	Loss: 0.3773847818374634
[2023-05-03 08:45:33] Train Epoch: 3 [7200/20000 (36.0%)]	Loss: 0.4187605381011963
[2023-05-03 08:45:34] Train Epoch: 3 [8000/20000 (40.0%)]	Loss: 0.3568575978279114
[2023-05-03 08:45:34] Train Epoch: 3 [8800/20000 (44.0%)]	Loss: 0.5439924001693726
[2023-05-03 08:45:34] Train Epoch: 3 [9600/20000 (48.0%)]	Loss: 0.40916767716407776
[2023-05-03 08:45:34] Train Epoch: 3 [10400/20000 (52.0%)]	Loss: 0.2365887314081192
[2023-05-03 08:45:34] Train Epoch: 3 [11200/20000 (56.0%)]	Loss: 0.40338069200515747
[2023-05-03 08:45:34] Train Epoch: 3 [12000/20000 (60.0%)]	Loss: 0.7351817488670349
[2023-05-03 08:45:35] Train Epoch: 3 [12800/20000 (64.0%)]	Loss: 0.4140225648880005
[2023-05-03 08:45:35] Train Epoch: 3 [13600/20000 (68.0%)]	Loss: 0.44093066453933716
[2023-05-03 08:45:35] Train Epoch: 3 [14400/20000 (72.0%)]	Loss: 0.6492346525192261
[2023-05-03 08:45:35] Train Epoch: 3 [15200/20000 (76.0%)]	Loss: 0.24680055677890778
[2023-05-03 08:45:35] Train Epoch: 3 [16000/20000 (80.0%)]	Loss: 0.40301206707954407
[2023-05-03 08:45:36] Train Epoch: 3 [16800/20000 (84.0%)]	Loss: 0.3520004451274872
[2023-05-03 08:45:36] Train Epoch: 3 [17600/20000 (88.0%)]	Loss: 0.23925191164016724
[2023-05-03 08:45:36] Train Epoch: 3 [18400/20000 (92.0%)]	Loss: 0.5642140507698059
[2023-05-03 08:45:36] Train Epoch: 3 [19200/20000 (96.0%)]	Loss: 0.35443007946014404
[2023-05-03 08:45:41] ========== Metrics ==========
[2023-05-03 08:45:41] {
  "tr_loss": 0.4018822036179105,
  "tr_acc": 0.8292329232923292,
  "tr_f1": 0.8274991160276809,
  "val_loss": 0.4467723829154541,
  "val_acc": 0.8013856812933026,
  "val_f1": 0.8000715307582259,
  "test_loss": 0.43162368629683,
  "test_acc": 0.8021680216802168,
  "test_f1": 0.7988980716253443
}
[2023-05-03 08:45:41] ========== Metrics ==========
[2023-05-03 08:45:42] Train Epoch: 4 [0/20000 (0.0%)]	Loss: 0.2703515887260437
[2023-05-03 08:45:42] Train Epoch: 4 [800/20000 (4.0%)]	Loss: 0.3138808608055115
[2023-05-03 08:45:42] Train Epoch: 4 [1600/20000 (8.0%)]	Loss: 0.2689880132675171
[2023-05-03 08:45:42] Train Epoch: 4 [2400/20000 (12.0%)]	Loss: 0.14311058819293976
[2023-05-03 08:45:42] Train Epoch: 4 [3200/20000 (16.0%)]	Loss: 0.24041996896266937
[2023-05-03 08:45:43] Train Epoch: 4 [4000/20000 (20.0%)]	Loss: 0.36951935291290283
[2023-05-03 08:45:43] Train Epoch: 4 [4800/20000 (24.0%)]	Loss: 0.22230680286884308
[2023-05-03 08:45:43] Train Epoch: 4 [5600/20000 (28.0%)]	Loss: 0.21952477097511292
[2023-05-03 08:45:43] Train Epoch: 4 [6400/20000 (32.0%)]	Loss: 0.26992127299308777
[2023-05-03 08:45:43] Train Epoch: 4 [7200/20000 (36.0%)]	Loss: 0.1377507895231247
[2023-05-03 08:45:43] Train Epoch: 4 [8000/20000 (40.0%)]	Loss: 0.24340777099132538
[2023-05-03 08:45:44] Train Epoch: 4 [8800/20000 (44.0%)]	Loss: 0.4684312641620636
[2023-05-03 08:45:44] Train Epoch: 4 [9600/20000 (48.0%)]	Loss: 0.18047583103179932
[2023-05-03 08:45:44] Train Epoch: 4 [10400/20000 (52.0%)]	Loss: 0.39189866185188293
[2023-05-03 08:45:44] Train Epoch: 4 [11200/20000 (56.0%)]	Loss: 0.2779259979724884
[2023-05-03 08:45:44] Train Epoch: 4 [12000/20000 (60.0%)]	Loss: 0.27860769629478455
[2023-05-03 08:45:45] Train Epoch: 4 [12800/20000 (64.0%)]	Loss: 0.5669447183609009
[2023-05-03 08:45:45] Train Epoch: 4 [13600/20000 (68.0%)]	Loss: 0.21760736405849457
[2023-05-03 08:45:45] Train Epoch: 4 [14400/20000 (72.0%)]	Loss: 0.3238740861415863
[2023-05-03 08:45:45] Train Epoch: 4 [15200/20000 (76.0%)]	Loss: 0.18911802768707275
[2023-05-03 08:45:45] Train Epoch: 4 [16000/20000 (80.0%)]	Loss: 0.13140682876110077
[2023-05-03 08:45:46] Train Epoch: 4 [16800/20000 (84.0%)]	Loss: 0.29770326614379883
[2023-05-03 08:45:46] Train Epoch: 4 [17600/20000 (88.0%)]	Loss: 0.3001877963542938
[2023-05-03 08:45:46] Train Epoch: 4 [18400/20000 (92.0%)]	Loss: 0.3750716745853424
[2023-05-03 08:45:46] Train Epoch: 4 [19200/20000 (96.0%)]	Loss: 0.3536953628063202
[2023-05-03 08:45:50] ========== Metrics ==========
[2023-05-03 08:45:50] {
  "tr_loss": 0.3007437901647583,
  "tr_acc": 0.8804380438043804,
  "tr_f1": 0.8794311935857999,
  "val_loss": 0.4219010579774511,
  "val_acc": 0.8092023449991117,
  "val_f1": 0.8045140152894067,
  "test_loss": 0.40356478167743215,
  "test_acc": 0.8184281842818428,
  "test_f1": 0.8101983002832861
}
[2023-05-03 08:45:50] ========== Metrics ==========
[2023-05-03 08:45:51] Train Epoch: 5 [0/20000 (0.0%)]	Loss: 0.17584700882434845
[2023-05-03 08:45:51] Train Epoch: 5 [800/20000 (4.0%)]	Loss: 0.6281849145889282
[2023-05-03 08:45:52] Train Epoch: 5 [1600/20000 (8.0%)]	Loss: 0.2940838038921356
[2023-05-03 08:45:52] Train Epoch: 5 [2400/20000 (12.0%)]	Loss: 0.17449434101581573
[2023-05-03 08:45:52] Train Epoch: 5 [3200/20000 (16.0%)]	Loss: 0.3674374222755432
[2023-05-03 08:45:52] Train Epoch: 5 [4000/20000 (20.0%)]	Loss: 0.3830592930316925
[2023-05-03 08:45:52] Train Epoch: 5 [4800/20000 (24.0%)]	Loss: 0.06663382053375244
[2023-05-03 08:45:53] Train Epoch: 5 [5600/20000 (28.0%)]	Loss: 0.11303476244211197
[2023-05-03 08:45:53] Train Epoch: 5 [6400/20000 (32.0%)]	Loss: 0.13360653817653656
[2023-05-03 08:45:53] Train Epoch: 5 [7200/20000 (36.0%)]	Loss: 0.31106385588645935
[2023-05-03 08:45:53] Train Epoch: 5 [8000/20000 (40.0%)]	Loss: 0.49748244881629944
[2023-05-03 08:45:53] Train Epoch: 5 [8800/20000 (44.0%)]	Loss: 0.08535430580377579
[2023-05-03 08:45:54] Train Epoch: 5 [9600/20000 (48.0%)]	Loss: 0.26601043343544006
[2023-05-03 08:45:54] Train Epoch: 5 [10400/20000 (52.0%)]	Loss: 0.2308153212070465
[2023-05-03 08:45:54] Train Epoch: 5 [11200/20000 (56.0%)]	Loss: 0.2224220186471939
[2023-05-03 08:45:54] Train Epoch: 5 [12000/20000 (60.0%)]	Loss: 0.3180146813392639
[2023-05-03 08:45:54] Train Epoch: 5 [12800/20000 (64.0%)]	Loss: 0.18785056471824646
[2023-05-03 08:45:54] Train Epoch: 5 [13600/20000 (68.0%)]	Loss: 0.07169709354639053
[2023-05-03 08:45:55] Train Epoch: 5 [14400/20000 (72.0%)]	Loss: 0.16408373415470123
[2023-05-03 08:45:55] Train Epoch: 5 [15200/20000 (76.0%)]	Loss: 0.3253564238548279
[2023-05-03 08:45:55] Train Epoch: 5 [16000/20000 (80.0%)]	Loss: 0.26657697558403015
[2023-05-03 08:45:55] Train Epoch: 5 [16800/20000 (84.0%)]	Loss: 0.15078747272491455
[2023-05-03 08:45:55] Train Epoch: 5 [17600/20000 (88.0%)]	Loss: 0.25679177045822144
[2023-05-03 08:45:56] Train Epoch: 5 [18400/20000 (92.0%)]	Loss: 0.16886749863624573
[2023-05-03 08:45:56] Train Epoch: 5 [19200/20000 (96.0%)]	Loss: 0.1689063012599945
[2023-05-03 08:46:00] ========== Metrics ==========
[2023-05-03 08:46:00] {
  "tr_loss": 0.22986084097611306,
  "tr_acc": 0.9125912591259125,
  "tr_f1": 0.9119484182953858,
  "val_loss": 0.41958038784466917,
  "val_acc": 0.8092023449991117,
  "val_f1": 0.8150189459180159,
  "test_loss": 0.38173181779662446,
  "test_acc": 0.8211382113821138,
  "test_f1": 0.8216216216216217
}
[2023-05-03 08:46:00] ========== Metrics ==========
[2023-05-03 08:46:01] Train Epoch: 6 [0/20000 (0.0%)]	Loss: 0.2090463787317276
[2023-05-03 08:46:01] Train Epoch: 6 [800/20000 (4.0%)]	Loss: 0.14370232820510864
[2023-05-03 08:46:01] Train Epoch: 6 [1600/20000 (8.0%)]	Loss: 0.31342941522598267
[2023-05-03 08:46:02] Train Epoch: 6 [2400/20000 (12.0%)]	Loss: 0.15965992212295532
[2023-05-03 08:46:02] Train Epoch: 6 [3200/20000 (16.0%)]	Loss: 0.08793030679225922
[2023-05-03 08:46:02] Train Epoch: 6 [4000/20000 (20.0%)]	Loss: 0.27813392877578735
[2023-05-03 08:46:02] Train Epoch: 6 [4800/20000 (24.0%)]	Loss: 0.07196022570133209
[2023-05-03 08:46:02] Train Epoch: 6 [5600/20000 (28.0%)]	Loss: 0.10653768479824066
[2023-05-03 08:46:03] Train Epoch: 6 [6400/20000 (32.0%)]	Loss: 0.15040966868400574
[2023-05-03 08:46:03] Train Epoch: 6 [7200/20000 (36.0%)]	Loss: 0.14006459712982178
[2023-05-03 08:46:03] Train Epoch: 6 [8000/20000 (40.0%)]	Loss: 0.1574438214302063
[2023-05-03 08:46:03] Train Epoch: 6 [8800/20000 (44.0%)]	Loss: 0.17017340660095215
[2023-05-03 08:46:03] Train Epoch: 6 [9600/20000 (48.0%)]	Loss: 0.13383863866329193
[2023-05-03 08:46:03] Train Epoch: 6 [10400/20000 (52.0%)]	Loss: 0.23742620646953583
[2023-05-03 08:46:04] Train Epoch: 6 [11200/20000 (56.0%)]	Loss: 0.12765777111053467
[2023-05-03 08:46:04] Train Epoch: 6 [12000/20000 (60.0%)]	Loss: 0.14171481132507324
[2023-05-03 08:46:04] Train Epoch: 6 [12800/20000 (64.0%)]	Loss: 0.1544182002544403
[2023-05-03 08:46:04] Train Epoch: 6 [13600/20000 (68.0%)]	Loss: 0.11654685437679291
[2023-05-03 08:46:04] Train Epoch: 6 [14400/20000 (72.0%)]	Loss: 0.1902405023574829
[2023-05-03 08:46:05] Train Epoch: 6 [15200/20000 (76.0%)]	Loss: 0.2393256574869156
[2023-05-03 08:46:05] Train Epoch: 6 [16000/20000 (80.0%)]	Loss: 0.4062880575656891
[2023-05-03 08:46:05] Train Epoch: 6 [16800/20000 (84.0%)]	Loss: 0.2737759053707123
[2023-05-03 08:46:05] Train Epoch: 6 [17600/20000 (88.0%)]	Loss: 0.24094568192958832
[2023-05-03 08:46:05] Train Epoch: 6 [18400/20000 (92.0%)]	Loss: 0.12151861935853958
[2023-05-03 08:46:05] Train Epoch: 6 [19200/20000 (96.0%)]	Loss: 0.1120152622461319
[2023-05-03 08:46:09] ========== Metrics ==========
[2023-05-03 08:46:09] {
  "tr_loss": 0.17431221167371683,
  "tr_acc": 0.9378437843784379,
  "tr_f1": 0.9376973585283945,
  "val_loss": 0.4140137861583559,
  "val_acc": 0.8086693906555339,
  "val_f1": 0.8090764048927495,
  "test_loss": 0.39736727324281607,
  "test_acc": 0.8157181571815718,
  "test_f1": 0.8131868131868132
}
[2023-05-03 08:46:09] ========== Metrics ==========
[2023-05-03 08:46:10] Train Epoch: 7 [0/20000 (0.0%)]	Loss: 0.1923929750919342
[2023-05-03 08:46:11] Train Epoch: 7 [800/20000 (4.0%)]	Loss: 0.17622125148773193
[2023-05-03 08:46:11] Train Epoch: 7 [1600/20000 (8.0%)]	Loss: 0.18837571144104004
[2023-05-03 08:46:11] Train Epoch: 7 [2400/20000 (12.0%)]	Loss: 0.0992043986916542
[2023-05-03 08:46:11] Train Epoch: 7 [3200/20000 (16.0%)]	Loss: 0.09585925191640854
[2023-05-03 08:46:11] Train Epoch: 7 [4000/20000 (20.0%)]	Loss: 0.10082115978002548
[2023-05-03 08:46:12] Train Epoch: 7 [4800/20000 (24.0%)]	Loss: 0.06234084442257881
[2023-05-03 08:46:12] Train Epoch: 7 [5600/20000 (28.0%)]	Loss: 0.2233811616897583
[2023-05-03 08:46:12] Train Epoch: 7 [6400/20000 (32.0%)]	Loss: 0.14846988022327423
[2023-05-03 08:46:12] Train Epoch: 7 [7200/20000 (36.0%)]	Loss: 0.24862149357795715
[2023-05-03 08:46:12] Train Epoch: 7 [8000/20000 (40.0%)]	Loss: 0.3206956684589386
[2023-05-03 08:46:13] Train Epoch: 7 [8800/20000 (44.0%)]	Loss: 0.4563346803188324
[2023-05-03 08:46:13] Train Epoch: 7 [9600/20000 (48.0%)]	Loss: 0.08827511966228485
[2023-05-03 08:46:13] Train Epoch: 7 [10400/20000 (52.0%)]	Loss: 0.16689519584178925
[2023-05-03 08:46:13] Train Epoch: 7 [11200/20000 (56.0%)]	Loss: 0.19661599397659302
[2023-05-03 08:46:13] Train Epoch: 7 [12000/20000 (60.0%)]	Loss: 0.09552959352731705
[2023-05-03 08:46:14] Train Epoch: 7 [12800/20000 (64.0%)]	Loss: 0.08792021870613098
[2023-05-03 08:46:14] Train Epoch: 7 [13600/20000 (68.0%)]	Loss: 0.12092458456754684
[2023-05-03 08:46:14] Train Epoch: 7 [14400/20000 (72.0%)]	Loss: 0.273517370223999
[2023-05-03 08:46:14] Train Epoch: 7 [15200/20000 (76.0%)]	Loss: 0.1377875804901123
[2023-05-03 08:46:14] Train Epoch: 7 [16000/20000 (80.0%)]	Loss: 0.07572035491466522
[2023-05-03 08:46:15] Train Epoch: 7 [16800/20000 (84.0%)]	Loss: 0.16372719407081604
[2023-05-03 08:46:15] Train Epoch: 7 [17600/20000 (88.0%)]	Loss: 0.05140911787748337
[2023-05-03 08:46:15] Train Epoch: 7 [18400/20000 (92.0%)]	Loss: 0.12848876416683197
[2023-05-03 08:46:15] Train Epoch: 7 [19200/20000 (96.0%)]	Loss: 0.20791155099868774
[2023-05-03 08:46:19] ========== Metrics ==========
[2023-05-03 08:46:19] {
  "tr_loss": 0.17071202576178315,
  "tr_acc": 0.9412441244124412,
  "tr_f1": 0.9409814656687929,
  "val_loss": 0.41356866807407333,
  "val_acc": 0.8083140877598153,
  "val_f1": 0.8083821701296395,
  "test_loss": 0.39430400026523,
  "test_acc": 0.8157181571815718,
  "test_f1": 0.8131868131868132
}
[2023-05-03 08:46:19] ========== Metrics ==========
[2023-05-03 08:46:20] Train Epoch: 8 [0/20000 (0.0%)]	Loss: 0.08396432548761368
[2023-05-03 08:46:21] Train Epoch: 8 [800/20000 (4.0%)]	Loss: 0.2689233720302582
[2023-05-03 08:46:21] Train Epoch: 8 [1600/20000 (8.0%)]	Loss: 0.31185662746429443
[2023-05-03 08:46:21] Train Epoch: 8 [2400/20000 (12.0%)]	Loss: 0.15186190605163574
[2023-05-03 08:46:21] Train Epoch: 8 [3200/20000 (16.0%)]	Loss: 0.04506530612707138
[2023-05-03 08:46:21] Train Epoch: 8 [4000/20000 (20.0%)]	Loss: 0.0964902713894844
[2023-05-03 08:46:22] Train Epoch: 8 [4800/20000 (24.0%)]	Loss: 0.11424838751554489
[2023-05-03 08:46:22] Train Epoch: 8 [5600/20000 (28.0%)]	Loss: 0.41851237416267395
[2023-05-03 08:46:22] Train Epoch: 8 [6400/20000 (32.0%)]	Loss: 0.13274510204792023
[2023-05-03 08:46:22] Train Epoch: 8 [7200/20000 (36.0%)]	Loss: 0.10510793328285217
[2023-05-03 08:46:22] Train Epoch: 8 [8000/20000 (40.0%)]	Loss: 0.08890658617019653
[2023-05-03 08:46:22] Train Epoch: 8 [8800/20000 (44.0%)]	Loss: 0.16855846345424652
[2023-05-03 08:46:23] Train Epoch: 8 [9600/20000 (48.0%)]	Loss: 0.1513608694076538
[2023-05-03 08:46:23] Train Epoch: 8 [10400/20000 (52.0%)]	Loss: 0.17599210143089294
[2023-05-03 08:46:23] Train Epoch: 8 [11200/20000 (56.0%)]	Loss: 0.1028992310166359
[2023-05-03 08:46:23] Train Epoch: 8 [12000/20000 (60.0%)]	Loss: 0.027440883219242096
[2023-05-03 08:46:23] Train Epoch: 8 [12800/20000 (64.0%)]	Loss: 0.187411829829216
[2023-05-03 08:46:24] Train Epoch: 8 [13600/20000 (68.0%)]	Loss: 0.16994406282901764
[2023-05-03 08:46:24] Train Epoch: 8 [14400/20000 (72.0%)]	Loss: 0.0421304851770401
[2023-05-03 08:46:24] Train Epoch: 8 [15200/20000 (76.0%)]	Loss: 0.06298387795686722
[2023-05-03 08:46:24] Train Epoch: 8 [16000/20000 (80.0%)]	Loss: 0.34536170959472656
[2023-05-03 08:46:24] Train Epoch: 8 [16800/20000 (84.0%)]	Loss: 0.1462235003709793
[2023-05-03 08:46:25] Train Epoch: 8 [17600/20000 (88.0%)]	Loss: 0.13552619516849518
[2023-05-03 08:46:25] Train Epoch: 8 [18400/20000 (92.0%)]	Loss: 0.03454970568418503
[2023-05-03 08:46:25] Train Epoch: 8 [19200/20000 (96.0%)]	Loss: 0.2031862735748291
[2023-05-03 08:46:29] ========== Metrics ==========
[2023-05-03 08:46:29] {
  "tr_loss": 0.15659393543394842,
  "tr_acc": 0.9438443844384439,
  "tr_f1": 0.9435479817021062,
  "val_loss": 0.41381537645319294,
  "val_acc": 0.8084917392076746,
  "val_f1": 0.8096079123984458,
  "test_loss": 0.3915566671185377,
  "test_acc": 0.8184281842818428,
  "test_f1": 0.8164383561643836
}
[2023-05-03 08:46:29] ========== Metrics ==========
[2023-05-03 08:46:30] Train Epoch: 9 [0/20000 (0.0%)]	Loss: 0.3315676152706146
[2023-05-03 08:46:30] Train Epoch: 9 [800/20000 (4.0%)]	Loss: 0.08047693222761154
[2023-05-03 08:46:30] Train Epoch: 9 [1600/20000 (8.0%)]	Loss: 0.10094080120325089
[2023-05-03 08:46:31] Train Epoch: 9 [2400/20000 (12.0%)]	Loss: 0.33601006865501404
[2023-05-03 08:46:31] Train Epoch: 9 [3200/20000 (16.0%)]	Loss: 0.19001543521881104
[2023-05-03 08:46:31] Train Epoch: 9 [4000/20000 (20.0%)]	Loss: 0.12357722967863083
[2023-05-03 08:46:31] Train Epoch: 9 [4800/20000 (24.0%)]	Loss: 0.08985874056816101
[2023-05-03 08:46:31] Train Epoch: 9 [5600/20000 (28.0%)]	Loss: 0.07934624701738358
[2023-05-03 08:46:32] Train Epoch: 9 [6400/20000 (32.0%)]	Loss: 0.13746725022792816
[2023-05-03 08:46:32] Train Epoch: 9 [7200/20000 (36.0%)]	Loss: 0.05592295527458191
[2023-05-03 08:46:32] Train Epoch: 9 [8000/20000 (40.0%)]	Loss: 0.2886231243610382
[2023-05-03 08:46:32] Train Epoch: 9 [8800/20000 (44.0%)]	Loss: 0.10511697083711624
[2023-05-03 08:46:32] Train Epoch: 9 [9600/20000 (48.0%)]	Loss: 0.061567120254039764
[2023-05-03 08:46:33] Train Epoch: 9 [10400/20000 (52.0%)]	Loss: 0.1367729902267456
[2023-05-03 08:46:33] Train Epoch: 9 [11200/20000 (56.0%)]	Loss: 0.13313564658164978
[2023-05-03 08:46:33] Train Epoch: 9 [12000/20000 (60.0%)]	Loss: 0.1477559357881546
[2023-05-03 08:46:33] Train Epoch: 9 [12800/20000 (64.0%)]	Loss: 0.08257796615362167
[2023-05-03 08:46:33] Train Epoch: 9 [13600/20000 (68.0%)]	Loss: 0.311565101146698
[2023-05-03 08:46:34] Train Epoch: 9 [14400/20000 (72.0%)]	Loss: 0.27105507254600525
[2023-05-03 08:46:34] Train Epoch: 9 [15200/20000 (76.0%)]	Loss: 0.10222700238227844
[2023-05-03 08:46:34] Train Epoch: 9 [16000/20000 (80.0%)]	Loss: 0.04968397319316864
[2023-05-03 08:46:34] Train Epoch: 9 [16800/20000 (84.0%)]	Loss: 0.11898612976074219
[2023-05-03 08:46:34] Train Epoch: 9 [17600/20000 (88.0%)]	Loss: 0.1471836268901825
[2023-05-03 08:46:35] Train Epoch: 9 [18400/20000 (92.0%)]	Loss: 0.06247010454535484
[2023-05-03 08:46:35] Train Epoch: 9 [19200/20000 (96.0%)]	Loss: 0.18346621096134186
[2023-05-03 08:46:39] ========== Metrics ==========
[2023-05-03 08:46:39] {
  "tr_loss": 0.1567231243011868,
  "tr_acc": 0.9460946094609461,
  "tr_f1": 0.9458073597426102,
  "val_loss": 0.41520185973763274,
  "val_acc": 0.8092023449991117,
  "val_f1": 0.8121063680895733,
  "test_loss": 0.37647469725389143,
  "test_acc": 0.8157181571815718,
  "test_f1": 0.8142076502732241
}
[2023-05-03 08:46:39] ========== Metrics ==========
[2023-05-03 08:46:40] Train Epoch: 10 [0/20000 (0.0%)]	Loss: 0.08554334938526154
[2023-05-03 08:46:40] Train Epoch: 10 [800/20000 (4.0%)]	Loss: 0.18500004708766937
[2023-05-03 08:46:40] Train Epoch: 10 [1600/20000 (8.0%)]	Loss: 0.06293399631977081
[2023-05-03 08:46:40] Train Epoch: 10 [2400/20000 (12.0%)]	Loss: 0.4219576120376587
[2023-05-03 08:46:41] Train Epoch: 10 [3200/20000 (16.0%)]	Loss: 0.16744178533554077
[2023-05-03 08:46:41] Train Epoch: 10 [4000/20000 (20.0%)]	Loss: 0.1862311214208603
[2023-05-03 08:46:41] Train Epoch: 10 [4800/20000 (24.0%)]	Loss: 0.16214783489704132
[2023-05-03 08:46:41] Train Epoch: 10 [5600/20000 (28.0%)]	Loss: 0.1491985023021698
[2023-05-03 08:46:41] Train Epoch: 10 [6400/20000 (32.0%)]	Loss: 0.2682614326477051
[2023-05-03 08:46:42] Train Epoch: 10 [7200/20000 (36.0%)]	Loss: 0.15817606449127197
[2023-05-03 08:46:42] Train Epoch: 10 [8000/20000 (40.0%)]	Loss: 0.07546944916248322
[2023-05-03 08:46:42] Train Epoch: 10 [8800/20000 (44.0%)]	Loss: 0.1805666834115982
[2023-05-03 08:46:42] Train Epoch: 10 [9600/20000 (48.0%)]	Loss: 0.09870510548353195
[2023-05-03 08:46:42] Train Epoch: 10 [10400/20000 (52.0%)]	Loss: 0.1682981699705124
[2023-05-03 08:46:43] Train Epoch: 10 [11200/20000 (56.0%)]	Loss: 0.1635476052761078
[2023-05-03 08:46:43] Train Epoch: 10 [12000/20000 (60.0%)]	Loss: 0.07532836496829987
[2023-05-03 08:46:43] Train Epoch: 10 [12800/20000 (64.0%)]	Loss: 0.3233364224433899
[2023-05-03 08:46:43] Train Epoch: 10 [13600/20000 (68.0%)]	Loss: 0.032680854201316833
[2023-05-03 08:46:43] Train Epoch: 10 [14400/20000 (72.0%)]	Loss: 0.15908610820770264
[2023-05-03 08:46:43] Train Epoch: 10 [15200/20000 (76.0%)]	Loss: 0.09500139206647873
[2023-05-03 08:46:44] Train Epoch: 10 [16000/20000 (80.0%)]	Loss: 0.08434220403432846
[2023-05-03 08:46:44] Train Epoch: 10 [16800/20000 (84.0%)]	Loss: 0.18232548236846924
[2023-05-03 08:46:44] Train Epoch: 10 [17600/20000 (88.0%)]	Loss: 0.11975394189357758
[2023-05-03 08:46:44] Train Epoch: 10 [18400/20000 (92.0%)]	Loss: 0.2480311095714569
[2023-05-03 08:46:44] Train Epoch: 10 [19200/20000 (96.0%)]	Loss: 0.26005062460899353
[2023-05-03 08:46:48] ========== Metrics ==========
[2023-05-03 08:46:48] {
  "tr_loss": 0.15096049185636246,
  "tr_acc": 0.9464446444644464,
  "tr_f1": 0.9461403067638924,
  "val_loss": 0.41478189551230965,
  "val_acc": 0.8099129507905489,
  "val_f1": 0.8121488764044944,
  "test_loss": 0.38631076670597564,
  "test_acc": 0.8184281842818428,
  "test_f1": 0.8164383561643836
}
[2023-05-03 08:46:48] ========== Metrics ==========
[2023-05-03 08:46:49] Train Epoch: 11 [0/20000 (0.0%)]	Loss: 0.0973161906003952
[2023-05-03 08:46:50] Train Epoch: 11 [800/20000 (4.0%)]	Loss: 0.056259073317050934
[2023-05-03 08:46:50] Train Epoch: 11 [1600/20000 (8.0%)]	Loss: 0.10053521394729614
[2023-05-03 08:46:50] Train Epoch: 11 [2400/20000 (12.0%)]	Loss: 0.1074284166097641
[2023-05-03 08:46:50] Train Epoch: 11 [3200/20000 (16.0%)]	Loss: 0.14284299314022064
[2023-05-03 08:46:50] Train Epoch: 11 [4000/20000 (20.0%)]	Loss: 0.08084694296121597
[2023-05-03 08:46:51] Train Epoch: 11 [4800/20000 (24.0%)]	Loss: 0.326050341129303
[2023-05-03 08:46:51] Train Epoch: 11 [5600/20000 (28.0%)]	Loss: 0.03771895542740822
[2023-05-03 08:46:51] Train Epoch: 11 [6400/20000 (32.0%)]	Loss: 0.14720042049884796
[2023-05-03 08:46:51] Train Epoch: 11 [7200/20000 (36.0%)]	Loss: 0.05725684389472008
[2023-05-03 08:46:51] Train Epoch: 11 [8000/20000 (40.0%)]	Loss: 0.23101206123828888
[2023-05-03 08:46:51] Train Epoch: 11 [8800/20000 (44.0%)]	Loss: 0.36196011304855347
[2023-05-03 08:46:52] Train Epoch: 11 [9600/20000 (48.0%)]	Loss: 0.17229236662387848
[2023-05-03 08:46:52] Train Epoch: 11 [10400/20000 (52.0%)]	Loss: 0.209441140294075
[2023-05-03 08:46:52] Train Epoch: 11 [11200/20000 (56.0%)]	Loss: 0.07017137855291367
[2023-05-03 08:46:52] Train Epoch: 11 [12000/20000 (60.0%)]	Loss: 0.10565163940191269
[2023-05-03 08:46:52] Train Epoch: 11 [12800/20000 (64.0%)]	Loss: 0.06675027310848236
[2023-05-03 08:46:53] Train Epoch: 11 [13600/20000 (68.0%)]	Loss: 0.097144715487957
[2023-05-03 08:46:53] Train Epoch: 11 [14400/20000 (72.0%)]	Loss: 0.10970678180456161
[2023-05-03 08:46:53] Train Epoch: 11 [15200/20000 (76.0%)]	Loss: 0.17923487722873688
[2023-05-03 08:46:53] Train Epoch: 11 [16000/20000 (80.0%)]	Loss: 0.2015925496816635
[2023-05-03 08:46:53] Train Epoch: 11 [16800/20000 (84.0%)]	Loss: 0.04461372643709183
[2023-05-03 08:46:54] Train Epoch: 11 [17600/20000 (88.0%)]	Loss: 0.2068931609392166
[2023-05-03 08:46:54] Train Epoch: 11 [18400/20000 (92.0%)]	Loss: 0.07190702110528946
[2023-05-03 08:46:54] Train Epoch: 11 [19200/20000 (96.0%)]	Loss: 0.4239703416824341
[2023-05-03 08:46:58] ========== Metrics ==========
[2023-05-03 08:46:58] {
  "tr_loss": 0.14562216468758196,
  "tr_acc": 0.9482948294829483,
  "tr_f1": 0.9482223335002504,
  "val_loss": 0.414614266666474,
  "val_acc": 0.8095576478948303,
  "val_f1": 0.8115992970123023,
  "test_loss": 0.37721139854855007,
  "test_acc": 0.8184281842818428,
  "test_f1": 0.8164383561643836
}
[2023-05-03 08:46:58] ========== Metrics ==========
[2023-05-03 08:46:59] Train Epoch: 12 [0/20000 (0.0%)]	Loss: 0.1443880796432495
[2023-05-03 08:46:59] Train Epoch: 12 [800/20000 (4.0%)]	Loss: 0.09137297421693802
[2023-05-03 08:46:59] Train Epoch: 12 [1600/20000 (8.0%)]	Loss: 0.4769892990589142
[2023-05-03 08:47:00] Train Epoch: 12 [2400/20000 (12.0%)]	Loss: 0.0948810875415802
[2023-05-03 08:47:00] Train Epoch: 12 [3200/20000 (16.0%)]	Loss: 0.11352356523275375
[2023-05-03 08:47:00] Train Epoch: 12 [4000/20000 (20.0%)]	Loss: 0.17594359815120697
[2023-05-03 08:47:00] Train Epoch: 12 [4800/20000 (24.0%)]	Loss: 0.14274545013904572
[2023-05-03 08:47:00] Train Epoch: 12 [5600/20000 (28.0%)]	Loss: 0.07665183395147324
[2023-05-03 08:47:01] Train Epoch: 12 [6400/20000 (32.0%)]	Loss: 0.14739947021007538
[2023-05-03 08:47:01] Train Epoch: 12 [7200/20000 (36.0%)]	Loss: 0.1277003437280655
[2023-05-03 08:47:01] Train Epoch: 12 [8000/20000 (40.0%)]	Loss: 0.11232602596282959
[2023-05-03 08:47:01] Train Epoch: 12 [8800/20000 (44.0%)]	Loss: 0.163735494017601
[2023-05-03 08:47:01] Train Epoch: 12 [9600/20000 (48.0%)]	Loss: 0.1271074265241623
[2023-05-03 08:47:02] Train Epoch: 12 [10400/20000 (52.0%)]	Loss: 0.2013215273618698
[2023-05-03 08:47:02] Train Epoch: 12 [11200/20000 (56.0%)]	Loss: 0.15276291966438293
[2023-05-03 08:47:02] Train Epoch: 12 [12000/20000 (60.0%)]	Loss: 0.29627153277397156
[2023-05-03 08:47:02] Train Epoch: 12 [12800/20000 (64.0%)]	Loss: 0.30311596393585205
[2023-05-03 08:47:02] Train Epoch: 12 [13600/20000 (68.0%)]	Loss: 0.18000994622707367
[2023-05-03 08:47:03] Train Epoch: 12 [14400/20000 (72.0%)]	Loss: 0.21132318675518036
[2023-05-03 08:47:03] Train Epoch: 12 [15200/20000 (76.0%)]	Loss: 0.1720428615808487
[2023-05-03 08:47:03] Train Epoch: 12 [16000/20000 (80.0%)]	Loss: 0.17337553203105927
[2023-05-03 08:47:03] Train Epoch: 12 [16800/20000 (84.0%)]	Loss: 0.172868013381958
[2023-05-03 08:47:03] Train Epoch: 12 [17600/20000 (88.0%)]	Loss: 0.13746467232704163
[2023-05-03 08:47:04] Train Epoch: 12 [18400/20000 (92.0%)]	Loss: 0.12143194675445557
[2023-05-03 08:47:04] Train Epoch: 12 [19200/20000 (96.0%)]	Loss: 0.2614296078681946
[2023-05-03 08:47:08] ========== Metrics ==========
[2023-05-03 08:47:08] {
  "tr_loss": 0.14486621612190592,
  "tr_acc": 0.9504450445044504,
  "tr_f1": 0.9502884374216202,
  "val_loss": 0.4145375770581385,
  "val_acc": 0.8099129507905489,
  "val_f1": 0.8116860260471666,
  "test_loss": 0.3867393237788503,
  "test_acc": 0.8184281842818428,
  "test_f1": 0.8164383561643836
}
[2023-05-03 08:47:08] ========== Metrics ==========
[2023-05-03 08:47:09] Train Epoch: 13 [0/20000 (0.0%)]	Loss: 0.09997686743736267
[2023-05-03 08:47:09] Train Epoch: 13 [800/20000 (4.0%)]	Loss: 0.16242878139019012
[2023-05-03 08:47:09] Train Epoch: 13 [1600/20000 (8.0%)]	Loss: 0.10121482610702515
[2023-05-03 08:47:09] Train Epoch: 13 [2400/20000 (12.0%)]	Loss: 0.13584333658218384
[2023-05-03 08:47:10] Train Epoch: 13 [3200/20000 (16.0%)]	Loss: 0.13086850941181183
[2023-05-03 08:47:10] Train Epoch: 13 [4000/20000 (20.0%)]	Loss: 0.05638260021805763
[2023-05-03 08:47:10] Train Epoch: 13 [4800/20000 (24.0%)]	Loss: 0.08194681257009506
[2023-05-03 08:47:10] Train Epoch: 13 [5600/20000 (28.0%)]	Loss: 0.08868853002786636
[2023-05-03 08:47:10] Train Epoch: 13 [6400/20000 (32.0%)]	Loss: 0.15919311344623566
[2023-05-03 08:47:11] Train Epoch: 13 [7200/20000 (36.0%)]	Loss: 0.2897285223007202
[2023-05-03 08:47:11] Train Epoch: 13 [8000/20000 (40.0%)]	Loss: 0.07298260927200317
[2023-05-03 08:47:11] Train Epoch: 13 [8800/20000 (44.0%)]	Loss: 0.08456417173147202
[2023-05-03 08:47:11] Train Epoch: 13 [9600/20000 (48.0%)]	Loss: 0.13700798153877258
[2023-05-03 08:47:11] Train Epoch: 13 [10400/20000 (52.0%)]	Loss: 0.3080286979675293
[2023-05-03 08:47:12] Train Epoch: 13 [11200/20000 (56.0%)]	Loss: 0.08237309753894806
[2023-05-03 08:47:12] Train Epoch: 13 [12000/20000 (60.0%)]	Loss: 0.2076038420200348
[2023-05-03 08:47:12] Train Epoch: 13 [12800/20000 (64.0%)]	Loss: 0.09203135967254639
[2023-05-03 08:47:12] Train Epoch: 13 [13600/20000 (68.0%)]	Loss: 0.08017883449792862
[2023-05-03 08:47:12] Train Epoch: 13 [14400/20000 (72.0%)]	Loss: 0.1370391845703125
[2023-05-03 08:47:13] Train Epoch: 13 [15200/20000 (76.0%)]	Loss: 0.02584811858832836
[2023-05-03 08:47:13] Train Epoch: 13 [16000/20000 (80.0%)]	Loss: 0.09530825912952423
[2023-05-03 08:47:13] Train Epoch: 13 [16800/20000 (84.0%)]	Loss: 0.07188760489225388
[2023-05-03 08:47:13] Train Epoch: 13 [17600/20000 (88.0%)]	Loss: 0.18413624167442322
[2023-05-03 08:47:13] Train Epoch: 13 [18400/20000 (92.0%)]	Loss: 0.16213048994541168
[2023-05-03 08:47:13] Train Epoch: 13 [19200/20000 (96.0%)]	Loss: 0.38095954060554504
[2023-05-03 08:47:17] ========== Metrics ==========
[2023-05-03 08:47:17] {
  "tr_loss": 0.1463090173228763,
  "tr_acc": 0.9491449144914491,
  "tr_f1": 0.9488713488512392,
  "val_loss": 0.41457760206948674,
  "val_acc": 0.8097352993426896,
  "val_f1": 0.8116094986807388,
  "test_loss": 0.3912494053362508,
  "test_acc": 0.8184281842818428,
  "test_f1": 0.8164383561643836
}
[2023-05-03 08:47:17] ========== Metrics ==========
[2023-05-03 08:47:18] Train Epoch: 14 [0/20000 (0.0%)]	Loss: 0.10847312211990356
[2023-05-03 08:47:18] Train Epoch: 14 [800/20000 (4.0%)]	Loss: 0.02997533790767193
[2023-05-03 08:47:19] Train Epoch: 14 [1600/20000 (8.0%)]	Loss: 0.2803492546081543
[2023-05-03 08:47:19] Train Epoch: 14 [2400/20000 (12.0%)]	Loss: 0.05038022622466087
[2023-05-03 08:47:19] Train Epoch: 14 [3200/20000 (16.0%)]	Loss: 0.1163422092795372
[2023-05-03 08:47:19] Train Epoch: 14 [4000/20000 (20.0%)]	Loss: 0.04956322908401489
[2023-05-03 08:47:19] Train Epoch: 14 [4800/20000 (24.0%)]	Loss: 0.2854657769203186
[2023-05-03 08:47:20] Train Epoch: 14 [5600/20000 (28.0%)]	Loss: 0.13259302079677582
[2023-05-03 08:47:20] Train Epoch: 14 [6400/20000 (32.0%)]	Loss: 0.3235553205013275
[2023-05-03 08:47:20] Train Epoch: 14 [7200/20000 (36.0%)]	Loss: 0.07588952779769897
[2023-05-03 08:47:20] Train Epoch: 14 [8000/20000 (40.0%)]	Loss: 0.03744732216000557
[2023-05-03 08:47:20] Train Epoch: 14 [8800/20000 (44.0%)]	Loss: 0.22698086500167847
[2023-05-03 08:47:20] Train Epoch: 14 [9600/20000 (48.0%)]	Loss: 0.08761575073003769
[2023-05-03 08:47:21] Train Epoch: 14 [10400/20000 (52.0%)]	Loss: 0.21029338240623474
[2023-05-03 08:47:21] Train Epoch: 14 [11200/20000 (56.0%)]	Loss: 0.07329698652029037
[2023-05-03 08:47:21] Train Epoch: 14 [12000/20000 (60.0%)]	Loss: 0.09231483936309814
[2023-05-03 08:47:21] Train Epoch: 14 [12800/20000 (64.0%)]	Loss: 0.06808022409677505
[2023-05-03 08:47:21] Train Epoch: 14 [13600/20000 (68.0%)]	Loss: 0.2656637132167816
[2023-05-03 08:47:22] Train Epoch: 14 [14400/20000 (72.0%)]	Loss: 0.15318822860717773
[2023-05-03 08:47:22] Train Epoch: 14 [15200/20000 (76.0%)]	Loss: 0.07516200840473175
[2023-05-03 08:47:22] Train Epoch: 14 [16000/20000 (80.0%)]	Loss: 0.1690463423728943
[2023-05-03 08:47:22] Train Epoch: 14 [16800/20000 (84.0%)]	Loss: 0.05601077899336815
[2023-05-03 08:47:22] Train Epoch: 14 [17600/20000 (88.0%)]	Loss: 0.19756537675857544
[2023-05-03 08:47:23] Train Epoch: 14 [18400/20000 (92.0%)]	Loss: 0.14805540442466736
[2023-05-03 08:47:23] Train Epoch: 14 [19200/20000 (96.0%)]	Loss: 0.24266284704208374
[2023-05-03 08:47:27] ========== Metrics ==========
[2023-05-03 08:47:27] {
  "tr_loss": 0.13983322457052824,
  "tr_acc": 0.9538953895389539,
  "tr_f1": 0.9536729976886746,
  "val_loss": 0.4148501891779802,
  "val_acc": 0.8100906022384082,
  "val_f1": 0.8122255401370103,
  "test_loss": 0.38611631600191276,
  "test_acc": 0.8184281842818428,
  "test_f1": 0.8164383561643836
}
[2023-05-03 08:47:27] ========== Metrics ==========
[2023-05-03 08:47:28] Train Epoch: 15 [0/20000 (0.0%)]	Loss: 0.09956865012645721
[2023-05-03 08:47:28] Train Epoch: 15 [800/20000 (4.0%)]	Loss: 0.16680839657783508
[2023-05-03 08:47:28] Train Epoch: 15 [1600/20000 (8.0%)]	Loss: 0.20980170369148254
[2023-05-03 08:47:29] Train Epoch: 15 [2400/20000 (12.0%)]	Loss: 0.07952652871608734
[2023-05-03 08:47:29] Train Epoch: 15 [3200/20000 (16.0%)]	Loss: 0.11431171000003815
[2023-05-03 08:47:29] Train Epoch: 15 [4000/20000 (20.0%)]	Loss: 0.09786297380924225
[2023-05-03 08:47:29] Train Epoch: 15 [4800/20000 (24.0%)]	Loss: 0.12487074732780457
[2023-05-03 08:47:29] Train Epoch: 15 [5600/20000 (28.0%)]	Loss: 0.12306469678878784
[2023-05-03 08:47:30] Train Epoch: 15 [6400/20000 (32.0%)]	Loss: 0.036033011972904205
[2023-05-03 08:47:30] Train Epoch: 15 [7200/20000 (36.0%)]	Loss: 0.09505262225866318
[2023-05-03 08:47:30] Train Epoch: 15 [8000/20000 (40.0%)]	Loss: 0.08544130623340607
[2023-05-03 08:47:30] Train Epoch: 15 [8800/20000 (44.0%)]	Loss: 0.06883765012025833
[2023-05-03 08:47:30] Train Epoch: 15 [9600/20000 (48.0%)]	Loss: 0.0690876841545105
[2023-05-03 08:47:31] Train Epoch: 15 [10400/20000 (52.0%)]	Loss: 0.11946799606084824
[2023-05-03 08:47:31] Train Epoch: 15 [11200/20000 (56.0%)]	Loss: 0.08139140903949738
[2023-05-03 08:47:31] Train Epoch: 15 [12000/20000 (60.0%)]	Loss: 0.09132957458496094
[2023-05-03 08:47:31] Train Epoch: 15 [12800/20000 (64.0%)]	Loss: 0.09876353293657303
[2023-05-03 08:47:31] Train Epoch: 15 [13600/20000 (68.0%)]	Loss: 0.15890125930309296
[2023-05-03 08:47:32] Train Epoch: 15 [14400/20000 (72.0%)]	Loss: 0.25968044996261597
[2023-05-03 08:47:32] Train Epoch: 15 [15200/20000 (76.0%)]	Loss: 0.15526989102363586
[2023-05-03 08:47:32] Train Epoch: 15 [16000/20000 (80.0%)]	Loss: 0.15525655448436737
[2023-05-03 08:47:32] Train Epoch: 15 [16800/20000 (84.0%)]	Loss: 0.35411494970321655
[2023-05-03 08:47:32] Train Epoch: 15 [17600/20000 (88.0%)]	Loss: 0.09594301879405975
[2023-05-03 08:47:33] Train Epoch: 15 [18400/20000 (92.0%)]	Loss: 0.08783159404993057
[2023-05-03 08:47:33] Train Epoch: 15 [19200/20000 (96.0%)]	Loss: 0.23406055569648743
[2023-05-03 08:47:37] ========== Metrics ==========
[2023-05-03 08:47:37] {
  "tr_loss": 0.14474585030910814,
  "tr_acc": 0.9492949294929492,
  "tr_f1": 0.9490401045331188,
  "val_loss": 0.4146160210062035,
  "val_acc": 0.8097352993426896,
  "val_f1": 0.8116757517144365,
  "test_loss": 0.3792678644340536,
  "test_acc": 0.8184281842818428,
  "test_f1": 0.8164383561643836
}
[2023-05-03 08:47:37] ========== Metrics ==========
[2023-05-03 08:47:38] Train Epoch: 16 [0/20000 (0.0%)]	Loss: 0.2804330587387085
[2023-05-03 08:47:39] Train Epoch: 16 [800/20000 (4.0%)]	Loss: 0.057320743799209595
[2023-05-03 08:47:39] Train Epoch: 16 [1600/20000 (8.0%)]	Loss: 0.1834271103143692
[2023-05-03 08:47:39] Train Epoch: 16 [2400/20000 (12.0%)]	Loss: 0.22389355301856995
[2023-05-03 08:47:39] Train Epoch: 16 [3200/20000 (16.0%)]	Loss: 0.020150164142251015
[2023-05-03 08:47:39] Train Epoch: 16 [4000/20000 (20.0%)]	Loss: 0.1270643025636673
[2023-05-03 08:47:40] Train Epoch: 16 [4800/20000 (24.0%)]	Loss: 0.1605389267206192
[2023-05-03 08:47:40] Train Epoch: 16 [5600/20000 (28.0%)]	Loss: 0.08348169922828674
[2023-05-03 08:47:40] Train Epoch: 16 [6400/20000 (32.0%)]	Loss: 0.2091435045003891
[2023-05-03 08:47:40] Train Epoch: 16 [7200/20000 (36.0%)]	Loss: 0.0940404012799263
[2023-05-03 08:47:40] Train Epoch: 16 [8000/20000 (40.0%)]	Loss: 0.14222268760204315
[2023-05-03 08:47:41] Train Epoch: 16 [8800/20000 (44.0%)]	Loss: 0.1255471110343933
[2023-05-03 08:47:41] Train Epoch: 16 [9600/20000 (48.0%)]	Loss: 0.1163850873708725
[2023-05-03 08:47:41] Train Epoch: 16 [10400/20000 (52.0%)]	Loss: 0.10822553187608719
[2023-05-03 08:47:41] Train Epoch: 16 [11200/20000 (56.0%)]	Loss: 0.0676347017288208
[2023-05-03 08:47:41] Train Epoch: 16 [12000/20000 (60.0%)]	Loss: 0.2394130825996399
[2023-05-03 08:47:42] Train Epoch: 16 [12800/20000 (64.0%)]	Loss: 0.20228230953216553
[2023-05-03 08:47:42] Train Epoch: 16 [13600/20000 (68.0%)]	Loss: 0.1680910736322403
[2023-05-03 08:47:42] Train Epoch: 16 [14400/20000 (72.0%)]	Loss: 0.046775758266448975
[2023-05-03 08:47:42] Train Epoch: 16 [15200/20000 (76.0%)]	Loss: 0.0832471176981926
[2023-05-03 08:47:42] Train Epoch: 16 [16000/20000 (80.0%)]	Loss: 0.07576128840446472
[2023-05-03 08:47:43] Train Epoch: 16 [16800/20000 (84.0%)]	Loss: 0.040750280022621155
[2023-05-03 08:47:43] Train Epoch: 16 [17600/20000 (88.0%)]	Loss: 0.16918785870075226
[2023-05-03 08:47:43] Train Epoch: 16 [18400/20000 (92.0%)]	Loss: 0.21753086149692535
[2023-05-03 08:47:43] Train Epoch: 16 [19200/20000 (96.0%)]	Loss: 0.07850769907236099
[2023-05-03 08:47:47] ========== Metrics ==========
[2023-05-03 08:47:47] {
  "tr_loss": 0.1397633422287193,
  "tr_acc": 0.9535953595359536,
  "tr_f1": 0.9534697152025673,
  "val_loss": 0.4144952234948247,
  "val_acc": 0.8097352993426896,
  "val_f1": 0.8116094986807388,
  "test_loss": 0.40397675961336793,
  "test_acc": 0.8184281842818428,
  "test_f1": 0.8164383561643836
}
[2023-05-03 08:47:47] ========== Metrics ==========
[2023-05-03 08:47:48] Train Epoch: 17 [0/20000 (0.0%)]	Loss: 0.24262887239456177
[2023-05-03 08:47:48] Train Epoch: 17 [800/20000 (4.0%)]	Loss: 0.07781317085027695
[2023-05-03 08:47:48] Train Epoch: 17 [1600/20000 (8.0%)]	Loss: 0.08467411249876022
[2023-05-03 08:47:48] Train Epoch: 17 [2400/20000 (12.0%)]	Loss: 0.08577980101108551
[2023-05-03 08:47:49] Train Epoch: 17 [3200/20000 (16.0%)]	Loss: 0.27336421608924866
[2023-05-03 08:47:49] Train Epoch: 17 [4000/20000 (20.0%)]	Loss: 0.19918018579483032
[2023-05-03 08:47:49] Train Epoch: 17 [4800/20000 (24.0%)]	Loss: 0.06726814806461334
[2023-05-03 08:47:49] Train Epoch: 17 [5600/20000 (28.0%)]	Loss: 0.12560173869132996
[2023-05-03 08:47:49] Train Epoch: 17 [6400/20000 (32.0%)]	Loss: 0.0836525410413742
[2023-05-03 08:47:50] Train Epoch: 17 [7200/20000 (36.0%)]	Loss: 0.046639829874038696
[2023-05-03 08:47:50] Train Epoch: 17 [8000/20000 (40.0%)]	Loss: 0.2686516344547272
[2023-05-03 08:47:50] Train Epoch: 17 [8800/20000 (44.0%)]	Loss: 0.18473300337791443
[2023-05-03 08:47:50] Train Epoch: 17 [9600/20000 (48.0%)]	Loss: 0.09224957227706909
[2023-05-03 08:47:50] Train Epoch: 17 [10400/20000 (52.0%)]	Loss: 0.052043598145246506
[2023-05-03 08:47:51] Train Epoch: 17 [11200/20000 (56.0%)]	Loss: 0.06909526884555817
[2023-05-03 08:47:51] Train Epoch: 17 [12000/20000 (60.0%)]	Loss: 0.10680939257144928
[2023-05-03 08:47:51] Train Epoch: 17 [12800/20000 (64.0%)]	Loss: 0.1925104558467865
[2023-05-03 08:47:51] Train Epoch: 17 [13600/20000 (68.0%)]	Loss: 0.040829483419656754
[2023-05-03 08:47:52] Train Epoch: 17 [14400/20000 (72.0%)]	Loss: 0.061919912695884705
[2023-05-03 08:47:52] Train Epoch: 17 [15200/20000 (76.0%)]	Loss: 0.09935829788446426
[2023-05-03 08:47:52] Train Epoch: 17 [16000/20000 (80.0%)]	Loss: 0.06631019711494446
[2023-05-03 08:47:52] Train Epoch: 17 [16800/20000 (84.0%)]	Loss: 0.37677985429763794
[2023-05-03 08:47:52] Train Epoch: 17 [17600/20000 (88.0%)]	Loss: 0.07525637745857239
[2023-05-03 08:47:52] Train Epoch: 17 [18400/20000 (92.0%)]	Loss: 0.2038559913635254
[2023-05-03 08:47:53] Train Epoch: 17 [19200/20000 (96.0%)]	Loss: 0.27017292380332947
[2023-05-03 08:47:57] ========== Metrics ==========
[2023-05-03 08:47:57] {
  "tr_loss": 0.14447700279285244,
  "tr_acc": 0.9476947694769476,
  "tr_f1": 0.9473895986319283,
  "val_loss": 0.41458632410642077,
  "val_acc": 0.8097352993426896,
  "val_f1": 0.8116094986807388,
  "test_loss": 0.38626268304137357,
  "test_acc": 0.8184281842818428,
  "test_f1": 0.8164383561643836
}
[2023-05-03 08:47:57] ========== Metrics ==========
[2023-05-03 08:47:58] Train Epoch: 18 [0/20000 (0.0%)]	Loss: 0.06614840775728226
[2023-05-03 08:47:58] Train Epoch: 18 [800/20000 (4.0%)]	Loss: 0.12523895502090454
[2023-05-03 08:47:59] Train Epoch: 18 [1600/20000 (8.0%)]	Loss: 0.058296531438827515
[2023-05-03 08:47:59] Train Epoch: 18 [2400/20000 (12.0%)]	Loss: 0.019767407327890396
[2023-05-03 08:47:59] Train Epoch: 18 [3200/20000 (16.0%)]	Loss: 0.15545138716697693
[2023-05-03 08:47:59] Train Epoch: 18 [4000/20000 (20.0%)]	Loss: 0.09712070226669312
[2023-05-03 08:47:59] Train Epoch: 18 [4800/20000 (24.0%)]	Loss: 0.058250632137060165
[2023-05-03 08:48:00] Train Epoch: 18 [5600/20000 (28.0%)]	Loss: 0.47474825382232666
[2023-05-03 08:48:00] Train Epoch: 18 [6400/20000 (32.0%)]	Loss: 0.07350766658782959
[2023-05-03 08:48:00] Train Epoch: 18 [7200/20000 (36.0%)]	Loss: 0.06394621729850769
[2023-05-03 08:48:00] Train Epoch: 18 [8000/20000 (40.0%)]	Loss: 0.0974418967962265
[2023-05-03 08:48:00] Train Epoch: 18 [8800/20000 (44.0%)]	Loss: 0.1426125317811966
[2023-05-03 08:48:01] Train Epoch: 18 [9600/20000 (48.0%)]	Loss: 0.16677457094192505
[2023-05-03 08:48:01] Train Epoch: 18 [10400/20000 (52.0%)]	Loss: 0.0394059494137764
[2023-05-03 08:48:01] Train Epoch: 18 [11200/20000 (56.0%)]	Loss: 0.08809319883584976
[2023-05-03 08:48:01] Train Epoch: 18 [12000/20000 (60.0%)]	Loss: 0.14316514134407043
[2023-05-03 08:48:01] Train Epoch: 18 [12800/20000 (64.0%)]	Loss: 0.06423130631446838
[2023-05-03 08:48:02] Train Epoch: 18 [13600/20000 (68.0%)]	Loss: 0.12228837609291077
[2023-05-03 08:48:02] Train Epoch: 18 [14400/20000 (72.0%)]	Loss: 0.25624534487724304
[2023-05-03 08:48:02] Train Epoch: 18 [15200/20000 (76.0%)]	Loss: 0.08157331496477127
[2023-05-03 08:48:02] Train Epoch: 18 [16000/20000 (80.0%)]	Loss: 0.23889698088169098
[2023-05-03 08:48:02] Train Epoch: 18 [16800/20000 (84.0%)]	Loss: 0.16502141952514648
[2023-05-03 08:48:02] Train Epoch: 18 [17600/20000 (88.0%)]	Loss: 0.12787073850631714
[2023-05-03 08:48:03] Train Epoch: 18 [18400/20000 (92.0%)]	Loss: 0.0656571239233017
[2023-05-03 08:48:03] Train Epoch: 18 [19200/20000 (96.0%)]	Loss: 0.04279106855392456
[2023-05-03 08:48:07] ========== Metrics ==========
[2023-05-03 08:48:07] {
  "tr_loss": 0.14019443548516114,
  "tr_acc": 0.952995299529953,
  "tr_f1": 0.9528301886792453,
  "val_loss": 0.4146445835646865,
  "val_acc": 0.8095576478948303,
  "val_f1": 0.8114004222378608,
  "test_loss": 0.3781096941733425,
  "test_acc": 0.8184281842818428,
  "test_f1": 0.8164383561643836
}
[2023-05-03 08:48:07] ========== Metrics ==========
[2023-05-03 08:48:08] Train Epoch: 19 [0/20000 (0.0%)]	Loss: 0.20014162361621857
[2023-05-03 08:48:08] Train Epoch: 19 [800/20000 (4.0%)]	Loss: 0.12295950949192047
[2023-05-03 08:48:08] Train Epoch: 19 [1600/20000 (8.0%)]	Loss: 0.19598878920078278
[2023-05-03 08:48:09] Train Epoch: 19 [2400/20000 (12.0%)]	Loss: 0.24342727661132812
[2023-05-03 08:48:09] Train Epoch: 19 [3200/20000 (16.0%)]	Loss: 0.15776439011096954
[2023-05-03 08:48:09] Train Epoch: 19 [4000/20000 (20.0%)]	Loss: 0.23340027034282684
[2023-05-03 08:48:09] Train Epoch: 19 [4800/20000 (24.0%)]	Loss: 0.11542530357837677
[2023-05-03 08:48:09] Train Epoch: 19 [5600/20000 (28.0%)]	Loss: 0.20186685025691986
[2023-05-03 08:48:10] Train Epoch: 19 [6400/20000 (32.0%)]	Loss: 0.11273199319839478
[2023-05-03 08:48:10] Train Epoch: 19 [7200/20000 (36.0%)]	Loss: 0.1947253942489624
[2023-05-03 08:48:10] Train Epoch: 19 [8000/20000 (40.0%)]	Loss: 0.05563872307538986
[2023-05-03 08:48:10] Train Epoch: 19 [8800/20000 (44.0%)]	Loss: 0.2891918122768402
[2023-05-03 08:48:10] Train Epoch: 19 [9600/20000 (48.0%)]	Loss: 0.1927269548177719
[2023-05-03 08:48:11] Train Epoch: 19 [10400/20000 (52.0%)]	Loss: 0.0913495421409607
[2023-05-03 08:48:11] Train Epoch: 19 [11200/20000 (56.0%)]	Loss: 0.05890144780278206
[2023-05-03 08:48:11] Train Epoch: 19 [12000/20000 (60.0%)]	Loss: 0.1842435747385025
[2023-05-03 08:48:11] Train Epoch: 19 [12800/20000 (64.0%)]	Loss: 0.09478968381881714
[2023-05-03 08:48:11] Train Epoch: 19 [13600/20000 (68.0%)]	Loss: 0.07681524008512497
[2023-05-03 08:48:12] Train Epoch: 19 [14400/20000 (72.0%)]	Loss: 0.23538416624069214
[2023-05-03 08:48:12] Train Epoch: 19 [15200/20000 (76.0%)]	Loss: 0.08301963657140732
[2023-05-03 08:48:12] Train Epoch: 19 [16000/20000 (80.0%)]	Loss: 0.17337915301322937
[2023-05-03 08:48:12] Train Epoch: 19 [16800/20000 (84.0%)]	Loss: 0.13270941376686096
[2023-05-03 08:48:12] Train Epoch: 19 [17600/20000 (88.0%)]	Loss: 0.2091899812221527
[2023-05-03 08:48:13] Train Epoch: 19 [18400/20000 (92.0%)]	Loss: 0.27749839425086975
[2023-05-03 08:48:13] Train Epoch: 19 [19200/20000 (96.0%)]	Loss: 0.2729138135910034
[2023-05-03 08:48:17] ========== Metrics ==========
[2023-05-03 08:48:17] {
  "tr_loss": 0.14309175338598715,
  "tr_acc": 0.950945094509451,
  "tr_f1": 0.9508689337406722,
  "val_loss": 0.41462283986651216,
  "val_acc": 0.8095576478948303,
  "val_f1": 0.8114004222378608,
  "test_loss": 0.3768778839085483,
  "test_acc": 0.8184281842818428,
  "test_f1": 0.8164383561643836
}
[2023-05-03 08:48:17] ========== Metrics ==========
[2023-05-03 08:48:18] Train Epoch: 20 [0/20000 (0.0%)]	Loss: 0.12771664559841156
[2023-05-03 08:48:18] Train Epoch: 20 [800/20000 (4.0%)]	Loss: 0.15617454051971436
[2023-05-03 08:48:19] Train Epoch: 20 [1600/20000 (8.0%)]	Loss: 0.1512538343667984
[2023-05-03 08:48:19] Train Epoch: 20 [2400/20000 (12.0%)]	Loss: 0.13695454597473145
[2023-05-03 08:48:19] Train Epoch: 20 [3200/20000 (16.0%)]	Loss: 0.24754522740840912
[2023-05-03 08:48:19] Train Epoch: 20 [4000/20000 (20.0%)]	Loss: 0.1852487325668335
[2023-05-03 08:48:19] Train Epoch: 20 [4800/20000 (24.0%)]	Loss: 0.2100275456905365
[2023-05-03 08:48:20] Train Epoch: 20 [5600/20000 (28.0%)]	Loss: 0.09611792862415314
[2023-05-03 08:48:20] Train Epoch: 20 [6400/20000 (32.0%)]	Loss: 0.16942642629146576
[2023-05-03 08:48:20] Train Epoch: 20 [7200/20000 (36.0%)]	Loss: 0.15060751140117645
[2023-05-03 08:48:20] Train Epoch: 20 [8000/20000 (40.0%)]	Loss: 0.17904162406921387
[2023-05-03 08:48:20] Train Epoch: 20 [8800/20000 (44.0%)]	Loss: 0.2760808765888214
[2023-05-03 08:48:21] Train Epoch: 20 [9600/20000 (48.0%)]	Loss: 0.20079195499420166
[2023-05-03 08:48:21] Train Epoch: 20 [10400/20000 (52.0%)]	Loss: 0.09904461354017258
[2023-05-03 08:48:21] Train Epoch: 20 [11200/20000 (56.0%)]	Loss: 0.138045072555542
[2023-05-03 08:48:21] Train Epoch: 20 [12000/20000 (60.0%)]	Loss: 0.202302947640419
[2023-05-03 08:48:22] Train Epoch: 20 [12800/20000 (64.0%)]	Loss: 0.16789750754833221
[2023-05-03 08:48:22] Train Epoch: 20 [13600/20000 (68.0%)]	Loss: 0.0888507291674614
[2023-05-03 08:48:22] Train Epoch: 20 [14400/20000 (72.0%)]	Loss: 0.13452483713626862
[2023-05-03 08:48:22] Train Epoch: 20 [15200/20000 (76.0%)]	Loss: 0.20481956005096436
[2023-05-03 08:48:22] Train Epoch: 20 [16000/20000 (80.0%)]	Loss: 0.05022699385881424
[2023-05-03 08:48:22] Train Epoch: 20 [16800/20000 (84.0%)]	Loss: 0.12078432738780975
[2023-05-03 08:48:23] Train Epoch: 20 [17600/20000 (88.0%)]	Loss: 0.35259541869163513
[2023-05-03 08:48:23] Train Epoch: 20 [18400/20000 (92.0%)]	Loss: 0.13696323335170746
[2023-05-03 08:48:23] Train Epoch: 20 [19200/20000 (96.0%)]	Loss: 0.03201240673661232
[2023-05-03 08:48:25] Stop At epoch 20/20 due to valid not increase
[2023-05-03 08:48:27] ========== Metrics ==========
[2023-05-03 08:48:27] {
  "tr_loss": 0.14422717672882707,
  "tr_acc": 0.9515451545154515,
  "tr_f1": 0.9513187641296158,
  "val_loss": 0.41470845560130437,
  "val_acc": 0.8095576478948303,
  "val_f1": 0.8114004222378608,
  "test_loss": 0.40713503108761173,
  "test_acc": 0.8184281842818428,
  "test_f1": 0.8164383561643836
}
[2023-05-03 08:48:27] ========== Metrics ==========
