[2023-05-01 13:19:56] Train Epoch: 1 [0/20000 (0.0%)]	Loss: 0.6828646659851074
[2023-05-01 13:19:56] Train Epoch: 1 [800/20000 (4.0%)]	Loss: 0.6982403993606567
[2023-05-01 13:19:56] Train Epoch: 1 [1600/20000 (8.0%)]	Loss: 0.6949062943458557
[2023-05-01 13:19:56] Train Epoch: 1 [2400/20000 (12.0%)]	Loss: 0.6680827140808105
[2023-05-01 13:19:57] Train Epoch: 1 [3200/20000 (16.0%)]	Loss: 0.6874155402183533
[2023-05-01 13:19:57] Train Epoch: 1 [4000/20000 (20.0%)]	Loss: 0.7220565676689148
[2023-05-01 13:19:57] Train Epoch: 1 [4800/20000 (24.0%)]	Loss: 0.6950246691703796
[2023-05-01 13:19:57] Train Epoch: 1 [5600/20000 (28.0%)]	Loss: 0.7277728319168091
[2023-05-01 13:19:57] Train Epoch: 1 [6400/20000 (32.0%)]	Loss: 0.6586450934410095
[2023-05-01 13:19:58] Train Epoch: 1 [7200/20000 (36.0%)]	Loss: 0.6723462343215942
[2023-05-01 13:19:58] Train Epoch: 1 [8000/20000 (40.0%)]	Loss: 0.6616721153259277
[2023-05-01 13:19:58] Train Epoch: 1 [8800/20000 (44.0%)]	Loss: 0.6981854438781738
[2023-05-01 13:19:58] Train Epoch: 1 [9600/20000 (48.0%)]	Loss: 0.6689546704292297
[2023-05-01 13:19:58] Train Epoch: 1 [10400/20000 (52.0%)]	Loss: 0.6732581853866577
[2023-05-01 13:19:59] Train Epoch: 1 [11200/20000 (56.0%)]	Loss: 0.6728394627571106
[2023-05-01 13:19:59] Train Epoch: 1 [12000/20000 (60.0%)]	Loss: 0.6825062036514282
[2023-05-01 13:19:59] Train Epoch: 1 [12800/20000 (64.0%)]	Loss: 0.6566203832626343
[2023-05-01 13:19:59] Train Epoch: 1 [13600/20000 (68.0%)]	Loss: 0.6188263893127441
[2023-05-01 13:19:59] Train Epoch: 1 [14400/20000 (72.0%)]	Loss: 0.6469399333000183
[2023-05-01 13:20:00] Train Epoch: 1 [15200/20000 (76.0%)]	Loss: 0.6853524446487427
[2023-05-01 13:20:00] Train Epoch: 1 [16000/20000 (80.0%)]	Loss: 0.6090419888496399
[2023-05-01 13:20:00] Train Epoch: 1 [16800/20000 (84.0%)]	Loss: 0.689927875995636
[2023-05-01 13:20:00] Train Epoch: 1 [17600/20000 (88.0%)]	Loss: 0.626298725605011
[2023-05-01 13:20:01] Train Epoch: 1 [18400/20000 (92.0%)]	Loss: 0.6293854117393494
[2023-05-01 13:20:01] Train Epoch: 1 [19200/20000 (96.0%)]	Loss: 0.5877417922019958
[2023-05-01 13:20:02] ========== Metrics ==========
[2023-05-01 13:20:02] {
  "tr_loss": 0.6752403415027934,
  "tr_acc": 0.5748074807480749,
  "tr_f1": 0.5842663667921576,
  "val_loss": 0.6208159515670909,
  "val_acc": 0.7456031266654823,
  "val_f1": 0.7510431154381084,
  "test_loss": 0.6428140883200214,
  "test_acc": 0.7289972899728997,
  "test_f1": 0.7297297297297298
}
[2023-05-01 13:20:02] ========== Metrics ==========
[2023-05-01 13:20:02] Train Epoch: 2 [0/20000 (0.0%)]	Loss: 0.6419866681098938
[2023-05-01 13:20:02] Train Epoch: 2 [800/20000 (4.0%)]	Loss: 0.6006027460098267
[2023-05-01 13:20:02] Train Epoch: 2 [1600/20000 (8.0%)]	Loss: 0.6060131192207336
[2023-05-01 13:20:03] Train Epoch: 2 [2400/20000 (12.0%)]	Loss: 0.6322239637374878
[2023-05-01 13:20:03] Train Epoch: 2 [3200/20000 (16.0%)]	Loss: 0.5887829661369324
[2023-05-01 13:20:03] Train Epoch: 2 [4000/20000 (20.0%)]	Loss: 0.5963765978813171
[2023-05-01 13:20:03] Train Epoch: 2 [4800/20000 (24.0%)]	Loss: 0.5483421683311462
[2023-05-01 13:20:03] Train Epoch: 2 [5600/20000 (28.0%)]	Loss: 0.5230792760848999
[2023-05-01 13:20:04] Train Epoch: 2 [6400/20000 (32.0%)]	Loss: 0.6139031648635864
[2023-05-01 13:20:04] Train Epoch: 2 [7200/20000 (36.0%)]	Loss: 0.5567260980606079
[2023-05-01 13:20:04] Train Epoch: 2 [8000/20000 (40.0%)]	Loss: 0.5608416795730591
[2023-05-01 13:20:04] Train Epoch: 2 [8800/20000 (44.0%)]	Loss: 0.6417545080184937
[2023-05-01 13:20:04] Train Epoch: 2 [9600/20000 (48.0%)]	Loss: 0.5980958938598633
[2023-05-01 13:20:05] Train Epoch: 2 [10400/20000 (52.0%)]	Loss: 0.5427998900413513
[2023-05-01 13:20:05] Train Epoch: 2 [11200/20000 (56.0%)]	Loss: 0.5267303586006165
[2023-05-01 13:20:05] Train Epoch: 2 [12000/20000 (60.0%)]	Loss: 0.5379371047019958
[2023-05-01 13:20:05] Train Epoch: 2 [12800/20000 (64.0%)]	Loss: 0.48244190216064453
[2023-05-01 13:20:05] Train Epoch: 2 [13600/20000 (68.0%)]	Loss: 0.4306272268295288
[2023-05-01 13:20:06] Train Epoch: 2 [14400/20000 (72.0%)]	Loss: 0.4744560420513153
[2023-05-01 13:20:06] Train Epoch: 2 [15200/20000 (76.0%)]	Loss: 0.5081659555435181
[2023-05-01 13:20:06] Train Epoch: 2 [16000/20000 (80.0%)]	Loss: 0.6535694003105164
[2023-05-01 13:20:06] Train Epoch: 2 [16800/20000 (84.0%)]	Loss: 0.5184994339942932
[2023-05-01 13:20:07] Train Epoch: 2 [17600/20000 (88.0%)]	Loss: 0.35799434781074524
[2023-05-01 13:20:07] Train Epoch: 2 [18400/20000 (92.0%)]	Loss: 0.5279539823532104
[2023-05-01 13:20:07] Train Epoch: 2 [19200/20000 (96.0%)]	Loss: 0.3269698917865753
[2023-05-01 13:20:08] ========== Metrics ==========
[2023-05-01 13:20:08] {
  "tr_loss": 0.5425656355909257,
  "tr_acc": 0.7388738873887388,
  "tr_f1": 0.7389000000000001,
  "val_loss": 0.49802033789819883,
  "val_acc": 0.788061822703855,
  "val_f1": 0.7832879200726611,
  "test_loss": 0.549731615113049,
  "test_acc": 0.7804878048780488,
  "test_f1": 0.7743732590529249
}
[2023-05-01 13:20:08] ========== Metrics ==========
[2023-05-01 13:20:08] Train Epoch: 3 [0/20000 (0.0%)]	Loss: 0.5133664608001709
[2023-05-01 13:20:08] Train Epoch: 3 [800/20000 (4.0%)]	Loss: 0.32925963401794434
[2023-05-01 13:20:08] Train Epoch: 3 [1600/20000 (8.0%)]	Loss: 0.31641992926597595
[2023-05-01 13:20:09] Train Epoch: 3 [2400/20000 (12.0%)]	Loss: 0.3670664429664612
[2023-05-01 13:20:09] Train Epoch: 3 [3200/20000 (16.0%)]	Loss: 0.39417579770088196
[2023-05-01 13:20:09] Train Epoch: 3 [4000/20000 (20.0%)]	Loss: 0.1956213414669037
[2023-05-01 13:20:09] Train Epoch: 3 [4800/20000 (24.0%)]	Loss: 0.5756950378417969
[2023-05-01 13:20:09] Train Epoch: 3 [5600/20000 (28.0%)]	Loss: 0.48242759704589844
[2023-05-01 13:20:10] Train Epoch: 3 [6400/20000 (32.0%)]	Loss: 0.3451269865036011
[2023-05-01 13:20:10] Train Epoch: 3 [7200/20000 (36.0%)]	Loss: 0.5332725644111633
[2023-05-01 13:20:10] Train Epoch: 3 [8000/20000 (40.0%)]	Loss: 0.3545779883861542
[2023-05-01 13:20:10] Train Epoch: 3 [8800/20000 (44.0%)]	Loss: 0.47646597027778625
[2023-05-01 13:20:10] Train Epoch: 3 [9600/20000 (48.0%)]	Loss: 0.2779654264450073
[2023-05-01 13:20:11] Train Epoch: 3 [10400/20000 (52.0%)]	Loss: 0.34987130761146545
[2023-05-01 13:20:11] Train Epoch: 3 [11200/20000 (56.0%)]	Loss: 0.34995150566101074
[2023-05-01 13:20:11] Train Epoch: 3 [12000/20000 (60.0%)]	Loss: 0.42601752281188965
[2023-05-01 13:20:11] Train Epoch: 3 [12800/20000 (64.0%)]	Loss: 0.48903805017471313
[2023-05-01 13:20:11] Train Epoch: 3 [13600/20000 (68.0%)]	Loss: 0.3498961329460144
[2023-05-01 13:20:11] Train Epoch: 3 [14400/20000 (72.0%)]	Loss: 0.5331509113311768
[2023-05-01 13:20:12] Train Epoch: 3 [15200/20000 (76.0%)]	Loss: 0.5268402099609375
[2023-05-01 13:20:12] Train Epoch: 3 [16000/20000 (80.0%)]	Loss: 0.5127217173576355
[2023-05-01 13:20:12] Train Epoch: 3 [16800/20000 (84.0%)]	Loss: 0.2725512981414795
[2023-05-01 13:20:12] Train Epoch: 3 [17600/20000 (88.0%)]	Loss: 0.37486815452575684
[2023-05-01 13:20:12] Train Epoch: 3 [18400/20000 (92.0%)]	Loss: 0.420162558555603
[2023-05-01 13:20:13] Train Epoch: 3 [19200/20000 (96.0%)]	Loss: 0.2678998112678528
[2023-05-01 13:20:14] ========== Metrics ==========
[2023-05-01 13:20:14] {
  "tr_loss": 0.4003435372471726,
  "tr_acc": 0.8281828182818282,
  "tr_f1": 0.8274753966659973,
  "val_loss": 0.4430126575450318,
  "val_acc": 0.8076034819683781,
  "val_f1": 0.8084203078011676,
  "test_loss": 0.44136391487224963,
  "test_acc": 0.7967479674796748,
  "test_f1": 0.7945205479452055
}
[2023-05-01 13:20:14] ========== Metrics ==========
[2023-05-01 13:20:14] Train Epoch: 4 [0/20000 (0.0%)]	Loss: 0.335855633020401
[2023-05-01 13:20:14] Train Epoch: 4 [800/20000 (4.0%)]	Loss: 0.2856776714324951
[2023-05-01 13:20:14] Train Epoch: 4 [1600/20000 (8.0%)]	Loss: 0.20167207717895508
[2023-05-01 13:20:14] Train Epoch: 4 [2400/20000 (12.0%)]	Loss: 0.3114933371543884
[2023-05-01 13:20:15] Train Epoch: 4 [3200/20000 (16.0%)]	Loss: 0.36328932642936707
[2023-05-01 13:20:15] Train Epoch: 4 [4000/20000 (20.0%)]	Loss: 0.17458806931972504
[2023-05-01 13:20:15] Train Epoch: 4 [4800/20000 (24.0%)]	Loss: 0.21288606524467468
[2023-05-01 13:20:15] Train Epoch: 4 [5600/20000 (28.0%)]	Loss: 0.23848865926265717
[2023-05-01 13:20:15] Train Epoch: 4 [6400/20000 (32.0%)]	Loss: 0.2067074179649353
[2023-05-01 13:20:15] Train Epoch: 4 [7200/20000 (36.0%)]	Loss: 0.35137683153152466
[2023-05-01 13:20:16] Train Epoch: 4 [8000/20000 (40.0%)]	Loss: 0.206411212682724
[2023-05-01 13:20:16] Train Epoch: 4 [8800/20000 (44.0%)]	Loss: 0.17889884114265442
[2023-05-01 13:20:16] Train Epoch: 4 [9600/20000 (48.0%)]	Loss: 0.2092185616493225
[2023-05-01 13:20:16] Train Epoch: 4 [10400/20000 (52.0%)]	Loss: 0.3151756227016449
[2023-05-01 13:20:16] Train Epoch: 4 [11200/20000 (56.0%)]	Loss: 0.2505694329738617
[2023-05-01 13:20:17] Train Epoch: 4 [12000/20000 (60.0%)]	Loss: 0.230943962931633
[2023-05-01 13:20:17] Train Epoch: 4 [12800/20000 (64.0%)]	Loss: 0.3497850000858307
[2023-05-01 13:20:17] Train Epoch: 4 [13600/20000 (68.0%)]	Loss: 0.24534828960895538
[2023-05-01 13:20:17] Train Epoch: 4 [14400/20000 (72.0%)]	Loss: 0.16778481006622314
[2023-05-01 13:20:17] Train Epoch: 4 [15200/20000 (76.0%)]	Loss: 0.13290193676948547
[2023-05-01 13:20:17] Train Epoch: 4 [16000/20000 (80.0%)]	Loss: 0.24233730137348175
[2023-05-01 13:20:18] Train Epoch: 4 [16800/20000 (84.0%)]	Loss: 0.13782534003257751
[2023-05-01 13:20:18] Train Epoch: 4 [17600/20000 (88.0%)]	Loss: 0.4528947174549103
[2023-05-01 13:20:18] Train Epoch: 4 [18400/20000 (92.0%)]	Loss: 0.2255030870437622
[2023-05-01 13:20:18] Train Epoch: 4 [19200/20000 (96.0%)]	Loss: 0.19893912971019745
[2023-05-01 13:20:19] ========== Metrics ==========
[2023-05-01 13:20:19] {
  "tr_loss": 0.2954386390320169,
  "tr_acc": 0.8801380138013801,
  "tr_f1": 0.8796867941575064,
  "val_loss": 0.4178823347645684,
  "val_acc": 0.8118671167170013,
  "val_f1": 0.8088792636708176,
  "test_loss": 0.4435294204288059,
  "test_acc": 0.7994579945799458,
  "test_f1": 0.7921348314606742
}
[2023-05-01 13:20:19] ========== Metrics ==========
[2023-05-01 13:20:19] Train Epoch: 5 [0/20000 (0.0%)]	Loss: 0.23379570245742798
[2023-05-01 13:20:19] Train Epoch: 5 [800/20000 (4.0%)]	Loss: 0.1934106945991516
[2023-05-01 13:20:20] Train Epoch: 5 [1600/20000 (8.0%)]	Loss: 0.12472520768642426
[2023-05-01 13:20:20] Train Epoch: 5 [2400/20000 (12.0%)]	Loss: 0.13937591016292572
[2023-05-01 13:20:20] Train Epoch: 5 [3200/20000 (16.0%)]	Loss: 0.2218053638935089
[2023-05-01 13:20:20] Train Epoch: 5 [4000/20000 (20.0%)]	Loss: 0.13318124413490295
[2023-05-01 13:20:20] Train Epoch: 5 [4800/20000 (24.0%)]	Loss: 0.07882033288478851
[2023-05-01 13:20:21] Train Epoch: 5 [5600/20000 (28.0%)]	Loss: 0.10121381282806396
[2023-05-01 13:20:21] Train Epoch: 5 [6400/20000 (32.0%)]	Loss: 0.13642512261867523
[2023-05-01 13:20:21] Train Epoch: 5 [7200/20000 (36.0%)]	Loss: 0.2953963577747345
[2023-05-01 13:20:21] Train Epoch: 5 [8000/20000 (40.0%)]	Loss: 0.16443245112895966
[2023-05-01 13:20:21] Train Epoch: 5 [8800/20000 (44.0%)]	Loss: 0.13725394010543823
[2023-05-01 13:20:21] Train Epoch: 5 [9600/20000 (48.0%)]	Loss: 0.09755893051624298
[2023-05-01 13:20:22] Train Epoch: 5 [10400/20000 (52.0%)]	Loss: 0.1082829013466835
[2023-05-01 13:20:22] Train Epoch: 5 [11200/20000 (56.0%)]	Loss: 0.2478868067264557
[2023-05-01 13:20:22] Train Epoch: 5 [12000/20000 (60.0%)]	Loss: 0.13305889070034027
[2023-05-01 13:20:22] Train Epoch: 5 [12800/20000 (64.0%)]	Loss: 0.3967670500278473
[2023-05-01 13:20:22] Train Epoch: 5 [13600/20000 (68.0%)]	Loss: 0.14216408133506775
[2023-05-01 13:20:23] Train Epoch: 5 [14400/20000 (72.0%)]	Loss: 0.35128891468048096
[2023-05-01 13:20:23] Train Epoch: 5 [15200/20000 (76.0%)]	Loss: 0.22775384783744812
[2023-05-01 13:20:23] Train Epoch: 5 [16000/20000 (80.0%)]	Loss: 0.2319694459438324
[2023-05-01 13:20:23] Train Epoch: 5 [16800/20000 (84.0%)]	Loss: 0.2908218204975128
[2023-05-01 13:20:23] Train Epoch: 5 [17600/20000 (88.0%)]	Loss: 0.0596296489238739
[2023-05-01 13:20:24] Train Epoch: 5 [18400/20000 (92.0%)]	Loss: 0.1653316169977188
[2023-05-01 13:20:24] Train Epoch: 5 [19200/20000 (96.0%)]	Loss: 0.27041637897491455
[2023-05-01 13:20:25] ========== Metrics ==========
[2023-05-01 13:20:25] {
  "tr_loss": 0.2266712363379778,
  "tr_acc": 0.9150915091509151,
  "tr_f1": 0.9149979975971165,
  "val_loss": 0.40694933057064314,
  "val_acc": 0.8148871913306094,
  "val_f1": 0.8106143220647036,
  "test_loss": 0.4109778042408186,
  "test_acc": 0.8130081300813008,
  "test_f1": 0.8045325779036828
}
[2023-05-01 13:20:25] ========== Metrics ==========
[2023-05-01 13:20:25] Train Epoch: 6 [0/20000 (0.0%)]	Loss: 0.12076688557863235
[2023-05-01 13:20:25] Train Epoch: 6 [800/20000 (4.0%)]	Loss: 0.11806635558605194
[2023-05-01 13:20:25] Train Epoch: 6 [1600/20000 (8.0%)]	Loss: 0.1737280637025833
[2023-05-01 13:20:26] Train Epoch: 6 [2400/20000 (12.0%)]	Loss: 0.11850420385599136
[2023-05-01 13:20:26] Train Epoch: 6 [3200/20000 (16.0%)]	Loss: 0.09314873069524765
[2023-05-01 13:20:26] Train Epoch: 6 [4000/20000 (20.0%)]	Loss: 0.15181128680706024
[2023-05-01 13:20:26] Train Epoch: 6 [4800/20000 (24.0%)]	Loss: 0.2176067978143692
[2023-05-01 13:20:26] Train Epoch: 6 [5600/20000 (28.0%)]	Loss: 0.1660994291305542
[2023-05-01 13:20:27] Train Epoch: 6 [6400/20000 (32.0%)]	Loss: 0.05627024546265602
[2023-05-01 13:20:27] Train Epoch: 6 [7200/20000 (36.0%)]	Loss: 0.14608414471149445
[2023-05-01 13:20:27] Train Epoch: 6 [8000/20000 (40.0%)]	Loss: 0.15453778207302094
[2023-05-01 13:20:27] Train Epoch: 6 [8800/20000 (44.0%)]	Loss: 0.10492418706417084
[2023-05-01 13:20:27] Train Epoch: 6 [9600/20000 (48.0%)]	Loss: 0.168415829539299
[2023-05-01 13:20:28] Train Epoch: 6 [10400/20000 (52.0%)]	Loss: 0.16323404014110565
[2023-05-01 13:20:28] Train Epoch: 6 [11200/20000 (56.0%)]	Loss: 0.2071841061115265
[2023-05-01 13:20:28] Train Epoch: 6 [12000/20000 (60.0%)]	Loss: 0.07120562344789505
[2023-05-01 13:20:28] Train Epoch: 6 [12800/20000 (64.0%)]	Loss: 0.2623768150806427
[2023-05-01 13:20:28] Train Epoch: 6 [13600/20000 (68.0%)]	Loss: 0.18679450452327728
[2023-05-01 13:20:29] Train Epoch: 6 [14400/20000 (72.0%)]	Loss: 0.04916364699602127
[2023-05-01 13:20:29] Train Epoch: 6 [15200/20000 (76.0%)]	Loss: 0.18610866367816925
[2023-05-01 13:20:29] Train Epoch: 6 [16000/20000 (80.0%)]	Loss: 0.4384758472442627
[2023-05-01 13:20:29] Train Epoch: 6 [16800/20000 (84.0%)]	Loss: 0.14715231955051422
[2023-05-01 13:20:29] Train Epoch: 6 [17600/20000 (88.0%)]	Loss: 0.14295466244220734
[2023-05-01 13:20:30] Train Epoch: 6 [18400/20000 (92.0%)]	Loss: 0.15737400949001312
[2023-05-01 13:20:30] Train Epoch: 6 [19200/20000 (96.0%)]	Loss: 0.21599051356315613
[2023-05-01 13:20:31] ========== Metrics ==========
[2023-05-01 13:20:31] {
  "tr_loss": 0.17559296221318918,
  "tr_acc": 0.9398439843984399,
  "tr_f1": 0.9396235884567127,
  "val_loss": 0.40603414139245286,
  "val_acc": 0.8171966601527803,
  "val_f1": 0.8160857908847186,
  "test_loss": 0.39267363231679614,
  "test_acc": 0.8075880758807588,
  "test_f1": 0.8011204481792716
}
[2023-05-01 13:20:31] ========== Metrics ==========
[2023-05-01 13:20:31] Train Epoch: 7 [0/20000 (0.0%)]	Loss: 0.1120973750948906
[2023-05-01 13:20:31] Train Epoch: 7 [800/20000 (4.0%)]	Loss: 0.05468514561653137
[2023-05-01 13:20:31] Train Epoch: 7 [1600/20000 (8.0%)]	Loss: 0.3123856484889984
[2023-05-01 13:20:32] Train Epoch: 7 [2400/20000 (12.0%)]	Loss: 0.18672767281532288
[2023-05-01 13:20:32] Train Epoch: 7 [3200/20000 (16.0%)]	Loss: 0.2281840443611145
[2023-05-01 13:20:32] Train Epoch: 7 [4000/20000 (20.0%)]	Loss: 0.1631735861301422
[2023-05-01 13:20:32] Train Epoch: 7 [4800/20000 (24.0%)]	Loss: 0.1549326330423355
[2023-05-01 13:20:33] Train Epoch: 7 [5600/20000 (28.0%)]	Loss: 0.17002804577350616
[2023-05-01 13:20:33] Train Epoch: 7 [6400/20000 (32.0%)]	Loss: 0.3113693594932556
[2023-05-01 13:20:33] Train Epoch: 7 [7200/20000 (36.0%)]	Loss: 0.1330357939004898
[2023-05-01 13:20:33] Train Epoch: 7 [8000/20000 (40.0%)]	Loss: 0.09876816719770432
[2023-05-01 13:20:33] Train Epoch: 7 [8800/20000 (44.0%)]	Loss: 0.1920710653066635
[2023-05-01 13:20:34] Train Epoch: 7 [9600/20000 (48.0%)]	Loss: 0.2539554834365845
[2023-05-01 13:20:34] Train Epoch: 7 [10400/20000 (52.0%)]	Loss: 0.0571230947971344
[2023-05-01 13:20:34] Train Epoch: 7 [11200/20000 (56.0%)]	Loss: 0.1714615672826767
[2023-05-01 13:20:34] Train Epoch: 7 [12000/20000 (60.0%)]	Loss: 0.272035151720047
[2023-05-01 13:20:34] Train Epoch: 7 [12800/20000 (64.0%)]	Loss: 0.18758779764175415
[2023-05-01 13:20:34] Train Epoch: 7 [13600/20000 (68.0%)]	Loss: 0.11750154942274094
[2023-05-01 13:20:35] Train Epoch: 7 [14400/20000 (72.0%)]	Loss: 0.2109188437461853
[2023-05-01 13:20:35] Train Epoch: 7 [15200/20000 (76.0%)]	Loss: 0.1811583936214447
[2023-05-01 13:20:35] Train Epoch: 7 [16000/20000 (80.0%)]	Loss: 0.06720397621393204
[2023-05-01 13:20:35] Train Epoch: 7 [16800/20000 (84.0%)]	Loss: 0.12315230816602707
[2023-05-01 13:20:35] Train Epoch: 7 [17600/20000 (88.0%)]	Loss: 0.13823725283145905
[2023-05-01 13:20:36] Train Epoch: 7 [18400/20000 (92.0%)]	Loss: 0.1143396869301796
[2023-05-01 13:20:36] Train Epoch: 7 [19200/20000 (96.0%)]	Loss: 0.42471468448638916
[2023-05-01 13:20:37] ========== Metrics ==========
[2023-05-01 13:20:37] {
  "tr_loss": 0.17065308016888533,
  "tr_acc": 0.9385938593859386,
  "tr_f1": 0.9384892807052694,
  "val_loss": 0.4053733183025022,
  "val_acc": 0.8187955231835139,
  "val_f1": 0.817531305903399,
  "test_loss": 0.45074345361249557,
  "test_acc": 0.8130081300813008,
  "test_f1": 0.8067226890756303
}
[2023-05-01 13:20:37] ========== Metrics ==========
[2023-05-01 13:20:37] Train Epoch: 8 [0/20000 (0.0%)]	Loss: 0.1369713991880417
[2023-05-01 13:20:37] Train Epoch: 8 [800/20000 (4.0%)]	Loss: 0.11927814036607742
[2023-05-01 13:20:37] Train Epoch: 8 [1600/20000 (8.0%)]	Loss: 0.32983341813087463
[2023-05-01 13:20:37] Train Epoch: 8 [2400/20000 (12.0%)]	Loss: 0.15495280921459198
[2023-05-01 13:20:38] Train Epoch: 8 [3200/20000 (16.0%)]	Loss: 0.46991488337516785
[2023-05-01 13:20:38] Train Epoch: 8 [4000/20000 (20.0%)]	Loss: 0.09428875893354416
[2023-05-01 13:20:38] Train Epoch: 8 [4800/20000 (24.0%)]	Loss: 0.10677778720855713
[2023-05-01 13:20:38] Train Epoch: 8 [5600/20000 (28.0%)]	Loss: 0.27557480335235596
[2023-05-01 13:20:38] Train Epoch: 8 [6400/20000 (32.0%)]	Loss: 0.1347457319498062
[2023-05-01 13:20:39] Train Epoch: 8 [7200/20000 (36.0%)]	Loss: 0.19552648067474365
[2023-05-01 13:20:39] Train Epoch: 8 [8000/20000 (40.0%)]	Loss: 0.08248194307088852
[2023-05-01 13:20:39] Train Epoch: 8 [8800/20000 (44.0%)]	Loss: 0.13730593025684357
[2023-05-01 13:20:39] Train Epoch: 8 [9600/20000 (48.0%)]	Loss: 0.16521905362606049
[2023-05-01 13:20:40] Train Epoch: 8 [10400/20000 (52.0%)]	Loss: 0.23954735696315765
[2023-05-01 13:20:40] Train Epoch: 8 [11200/20000 (56.0%)]	Loss: 0.11078380048274994
[2023-05-01 13:20:40] Train Epoch: 8 [12000/20000 (60.0%)]	Loss: 0.190810427069664
[2023-05-01 13:20:40] Train Epoch: 8 [12800/20000 (64.0%)]	Loss: 0.13347762823104858
[2023-05-01 13:20:40] Train Epoch: 8 [13600/20000 (68.0%)]	Loss: 0.09112157672643661
[2023-05-01 13:20:40] Train Epoch: 8 [14400/20000 (72.0%)]	Loss: 0.06560154259204865
[2023-05-01 13:20:41] Train Epoch: 8 [15200/20000 (76.0%)]	Loss: 0.4023226797580719
[2023-05-01 13:20:41] Train Epoch: 8 [16000/20000 (80.0%)]	Loss: 0.43277162313461304
[2023-05-01 13:20:41] Train Epoch: 8 [16800/20000 (84.0%)]	Loss: 0.09880520403385162
[2023-05-01 13:20:41] Train Epoch: 8 [17600/20000 (88.0%)]	Loss: 0.06832194328308105
[2023-05-01 13:20:41] Train Epoch: 8 [18400/20000 (92.0%)]	Loss: 0.15661190450191498
[2023-05-01 13:20:41] Train Epoch: 8 [19200/20000 (96.0%)]	Loss: 0.25965026021003723
[2023-05-01 13:20:42] ========== Metrics ==========
[2023-05-01 13:20:42] {
  "tr_loss": 0.1617821061646346,
  "tr_acc": 0.944044404440444,
  "tr_f1": 0.943946300656214,
  "val_loss": 0.4055653345226966,
  "val_acc": 0.8198614318706697,
  "val_f1": 0.8203401842664776,
  "test_loss": 0.39227567003348335,
  "test_acc": 0.8130081300813008,
  "test_f1": 0.8077994428969358
}
[2023-05-01 13:20:42] ========== Metrics ==========
[2023-05-01 13:20:42] Train Epoch: 9 [0/20000 (0.0%)]	Loss: 0.16113722324371338
[2023-05-01 13:20:43] Train Epoch: 9 [800/20000 (4.0%)]	Loss: 0.511030375957489
[2023-05-01 13:20:43] Train Epoch: 9 [1600/20000 (8.0%)]	Loss: 0.13022355735301971
[2023-05-01 13:20:43] Train Epoch: 9 [2400/20000 (12.0%)]	Loss: 0.060443226248025894
[2023-05-01 13:20:43] Train Epoch: 9 [3200/20000 (16.0%)]	Loss: 0.22782747447490692
[2023-05-01 13:20:44] Train Epoch: 9 [4000/20000 (20.0%)]	Loss: 0.12586569786071777
[2023-05-01 13:20:44] Train Epoch: 9 [4800/20000 (24.0%)]	Loss: 0.17359046638011932
[2023-05-01 13:20:44] Train Epoch: 9 [5600/20000 (28.0%)]	Loss: 0.1273217648267746
[2023-05-01 13:20:44] Train Epoch: 9 [6400/20000 (32.0%)]	Loss: 0.17538955807685852
[2023-05-01 13:20:44] Train Epoch: 9 [7200/20000 (36.0%)]	Loss: 0.2813553214073181
[2023-05-01 13:20:45] Train Epoch: 9 [8000/20000 (40.0%)]	Loss: 0.1097245141863823
[2023-05-01 13:20:45] Train Epoch: 9 [8800/20000 (44.0%)]	Loss: 0.10049242526292801
[2023-05-01 13:20:45] Train Epoch: 9 [9600/20000 (48.0%)]	Loss: 0.35055822134017944
[2023-05-01 13:20:45] Train Epoch: 9 [10400/20000 (52.0%)]	Loss: 0.25994873046875
[2023-05-01 13:20:45] Train Epoch: 9 [11200/20000 (56.0%)]	Loss: 0.037603896111249924
[2023-05-01 13:20:45] Train Epoch: 9 [12000/20000 (60.0%)]	Loss: 0.18672046065330505
[2023-05-01 13:20:46] Train Epoch: 9 [12800/20000 (64.0%)]	Loss: 0.10220307111740112
[2023-05-01 13:20:46] Train Epoch: 9 [13600/20000 (68.0%)]	Loss: 0.04755882918834686
[2023-05-01 13:20:46] Train Epoch: 9 [14400/20000 (72.0%)]	Loss: 0.07575951516628265
[2023-05-01 13:20:46] Train Epoch: 9 [15200/20000 (76.0%)]	Loss: 0.17304714024066925
[2023-05-01 13:20:46] Train Epoch: 9 [16000/20000 (80.0%)]	Loss: 0.24787595868110657
[2023-05-01 13:20:47] Train Epoch: 9 [16800/20000 (84.0%)]	Loss: 0.06942977011203766
[2023-05-01 13:20:47] Train Epoch: 9 [17600/20000 (88.0%)]	Loss: 0.08490895479917526
[2023-05-01 13:20:47] Train Epoch: 9 [18400/20000 (92.0%)]	Loss: 0.032855115830898285
[2023-05-01 13:20:47] Train Epoch: 9 [19200/20000 (96.0%)]	Loss: 0.08841224759817123
[2023-05-01 13:20:48] ========== Metrics ==========
[2023-05-01 13:20:48] {
  "tr_loss": 0.16172073318464944,
  "tr_acc": 0.9416941694169417,
  "tr_f1": 0.9414952333166081,
  "val_loss": 0.4060485820868528,
  "val_acc": 0.820572037662107,
  "val_f1": 0.8224331926863572,
  "test_loss": 0.3854264797880074,
  "test_acc": 0.8157181571815718,
  "test_f1": 0.8111111111111111
}
[2023-05-01 13:20:48] ========== Metrics ==========
[2023-05-01 13:20:48] Train Epoch: 10 [0/20000 (0.0%)]	Loss: 0.3016878664493561
[2023-05-01 13:20:48] Train Epoch: 10 [800/20000 (4.0%)]	Loss: 0.09838429093360901
[2023-05-01 13:20:49] Train Epoch: 10 [1600/20000 (8.0%)]	Loss: 0.331548810005188
[2023-05-01 13:20:49] Train Epoch: 10 [2400/20000 (12.0%)]	Loss: 0.14896072447299957
[2023-05-01 13:20:49] Train Epoch: 10 [3200/20000 (16.0%)]	Loss: 0.2074100822210312
[2023-05-01 13:20:49] Train Epoch: 10 [4000/20000 (20.0%)]	Loss: 0.17550958693027496
[2023-05-01 13:20:49] Train Epoch: 10 [4800/20000 (24.0%)]	Loss: 0.3552244305610657
[2023-05-01 13:20:50] Train Epoch: 10 [5600/20000 (28.0%)]	Loss: 0.18049213290214539
[2023-05-01 13:20:50] Train Epoch: 10 [6400/20000 (32.0%)]	Loss: 0.2358786165714264
[2023-05-01 13:20:50] Train Epoch: 10 [7200/20000 (36.0%)]	Loss: 0.14845618605613708
[2023-05-01 13:20:50] Train Epoch: 10 [8000/20000 (40.0%)]	Loss: 0.22558152675628662
[2023-05-01 13:20:50] Train Epoch: 10 [8800/20000 (44.0%)]	Loss: 0.04539135843515396
[2023-05-01 13:20:50] Train Epoch: 10 [9600/20000 (48.0%)]	Loss: 0.15974082052707672
[2023-05-01 13:20:51] Train Epoch: 10 [10400/20000 (52.0%)]	Loss: 0.08872876316308975
[2023-05-01 13:20:51] Train Epoch: 10 [11200/20000 (56.0%)]	Loss: 0.09885841608047485
[2023-05-01 13:20:51] Train Epoch: 10 [12000/20000 (60.0%)]	Loss: 0.08749367296695709
[2023-05-01 13:20:51] Train Epoch: 10 [12800/20000 (64.0%)]	Loss: 0.0758785530924797
[2023-05-01 13:20:51] Train Epoch: 10 [13600/20000 (68.0%)]	Loss: 0.13753895461559296
[2023-05-01 13:20:52] Train Epoch: 10 [14400/20000 (72.0%)]	Loss: 0.2111138552427292
[2023-05-01 13:20:52] Train Epoch: 10 [15200/20000 (76.0%)]	Loss: 0.11417029798030853
[2023-05-01 13:20:52] Train Epoch: 10 [16000/20000 (80.0%)]	Loss: 0.2312091737985611
[2023-05-01 13:20:52] Train Epoch: 10 [16800/20000 (84.0%)]	Loss: 0.07895427942276001
[2023-05-01 13:20:52] Train Epoch: 10 [17600/20000 (88.0%)]	Loss: 0.18387728929519653
[2023-05-01 13:20:52] Train Epoch: 10 [18400/20000 (92.0%)]	Loss: 0.056950781494379044
[2023-05-01 13:20:53] Train Epoch: 10 [19200/20000 (96.0%)]	Loss: 0.1512034833431244
[2023-05-01 13:20:53] ========== Metrics ==========
[2023-05-01 13:20:53] {
  "tr_loss": 0.15465188226272777,
  "tr_acc": 0.9453445344534454,
  "tr_f1": 0.9452870801421634,
  "val_loss": 0.4052637215722918,
  "val_acc": 0.8214602949014035,
  "val_f1": 0.8230322239830955,
  "test_loss": 0.400679950145525,
  "test_acc": 0.8130081300813008,
  "test_f1": 0.8088642659279779
}
[2023-05-01 13:20:53] ========== Metrics ==========
[2023-05-01 13:20:54] Train Epoch: 11 [0/20000 (0.0%)]	Loss: 0.30485936999320984
[2023-05-01 13:20:54] Train Epoch: 11 [800/20000 (4.0%)]	Loss: 0.16460224986076355
[2023-05-01 13:20:54] Train Epoch: 11 [1600/20000 (8.0%)]	Loss: 0.10757427662611008
[2023-05-01 13:20:54] Train Epoch: 11 [2400/20000 (12.0%)]	Loss: 0.1548302322626114
[2023-05-01 13:20:54] Train Epoch: 11 [3200/20000 (16.0%)]	Loss: 0.058148935437202454
[2023-05-01 13:20:55] Train Epoch: 11 [4000/20000 (20.0%)]	Loss: 0.28170159459114075
[2023-05-01 13:20:55] Train Epoch: 11 [4800/20000 (24.0%)]	Loss: 0.1618722677230835
[2023-05-01 13:20:55] Train Epoch: 11 [5600/20000 (28.0%)]	Loss: 0.10769351571798325
[2023-05-01 13:20:55] Train Epoch: 11 [6400/20000 (32.0%)]	Loss: 0.2327030897140503
[2023-05-01 13:20:55] Train Epoch: 11 [7200/20000 (36.0%)]	Loss: 0.12068990617990494
[2023-05-01 13:20:56] Train Epoch: 11 [8000/20000 (40.0%)]	Loss: 0.11532402038574219
[2023-05-01 13:20:56] Train Epoch: 11 [8800/20000 (44.0%)]	Loss: 0.20506791770458221
[2023-05-01 13:20:56] Train Epoch: 11 [9600/20000 (48.0%)]	Loss: 0.13582369685173035
[2023-05-01 13:20:56] Train Epoch: 11 [10400/20000 (52.0%)]	Loss: 0.14856505393981934
[2023-05-01 13:20:56] Train Epoch: 11 [11200/20000 (56.0%)]	Loss: 0.2585650384426117
[2023-05-01 13:20:56] Train Epoch: 11 [12000/20000 (60.0%)]	Loss: 0.19960379600524902
[2023-05-01 13:20:57] Train Epoch: 11 [12800/20000 (64.0%)]	Loss: 0.23768272995948792
[2023-05-01 13:20:57] Train Epoch: 11 [13600/20000 (68.0%)]	Loss: 0.05035872757434845
[2023-05-01 13:20:57] Train Epoch: 11 [14400/20000 (72.0%)]	Loss: 0.15144261717796326
[2023-05-01 13:20:57] Train Epoch: 11 [15200/20000 (76.0%)]	Loss: 0.09854236245155334
[2023-05-01 13:20:57] Train Epoch: 11 [16000/20000 (80.0%)]	Loss: 0.205099955201149
[2023-05-01 13:20:58] Train Epoch: 11 [16800/20000 (84.0%)]	Loss: 0.13026627898216248
[2023-05-01 13:20:58] Train Epoch: 11 [17600/20000 (88.0%)]	Loss: 0.13056997954845428
[2023-05-01 13:20:58] Train Epoch: 11 [18400/20000 (92.0%)]	Loss: 0.09699602425098419
[2023-05-01 13:20:58] Train Epoch: 11 [19200/20000 (96.0%)]	Loss: 0.19142520427703857
[2023-05-01 13:20:59] ========== Metrics ==========
[2023-05-01 13:20:59] {
  "tr_loss": 0.15076593207334182,
  "tr_acc": 0.9470947094709471,
  "tr_f1": 0.9472897568752491,
  "val_loss": 0.4049524269385244,
  "val_acc": 0.8202167347663883,
  "val_f1": 0.821011673151751,
  "test_loss": 0.3900368381644975,
  "test_acc": 0.8157181571815718,
  "test_f1": 0.8100558659217877
}
[2023-05-01 13:20:59] ========== Metrics ==========
[2023-05-01 13:20:59] Train Epoch: 12 [0/20000 (0.0%)]	Loss: 0.172003835439682
[2023-05-01 13:20:59] Train Epoch: 12 [800/20000 (4.0%)]	Loss: 0.14487333595752716
[2023-05-01 13:20:59] Train Epoch: 12 [1600/20000 (8.0%)]	Loss: 0.06623321026563644
[2023-05-01 13:21:00] Train Epoch: 12 [2400/20000 (12.0%)]	Loss: 0.10295173525810242
[2023-05-01 13:21:00] Train Epoch: 12 [3200/20000 (16.0%)]	Loss: 0.17455627024173737
[2023-05-01 13:21:00] Train Epoch: 12 [4000/20000 (20.0%)]	Loss: 0.11003542691469193
[2023-05-01 13:21:00] Train Epoch: 12 [4800/20000 (24.0%)]	Loss: 0.2728304862976074
[2023-05-01 13:21:00] Train Epoch: 12 [5600/20000 (28.0%)]	Loss: 0.272064208984375
[2023-05-01 13:21:01] Train Epoch: 12 [6400/20000 (32.0%)]	Loss: 0.1316268891096115
[2023-05-01 13:21:01] Train Epoch: 12 [7200/20000 (36.0%)]	Loss: 0.13195458054542542
[2023-05-01 13:21:01] Train Epoch: 12 [8000/20000 (40.0%)]	Loss: 0.23929086327552795
[2023-05-01 13:21:01] Train Epoch: 12 [8800/20000 (44.0%)]	Loss: 0.0932377427816391
[2023-05-01 13:21:01] Train Epoch: 12 [9600/20000 (48.0%)]	Loss: 0.07249288260936737
[2023-05-01 13:21:02] Train Epoch: 12 [10400/20000 (52.0%)]	Loss: 0.24101494252681732
[2023-05-01 13:21:02] Train Epoch: 12 [11200/20000 (56.0%)]	Loss: 0.11757751554250717
[2023-05-01 13:21:02] Train Epoch: 12 [12000/20000 (60.0%)]	Loss: 0.19202086329460144
[2023-05-01 13:21:02] Train Epoch: 12 [12800/20000 (64.0%)]	Loss: 0.15614819526672363
[2023-05-01 13:21:02] Train Epoch: 12 [13600/20000 (68.0%)]	Loss: 0.0650419145822525
[2023-05-01 13:21:02] Train Epoch: 12 [14400/20000 (72.0%)]	Loss: 0.09725721925497055
[2023-05-01 13:21:03] Train Epoch: 12 [15200/20000 (76.0%)]	Loss: 0.127278670668602
[2023-05-01 13:21:03] Train Epoch: 12 [16000/20000 (80.0%)]	Loss: 0.16481640934944153
[2023-05-01 13:21:03] Train Epoch: 12 [16800/20000 (84.0%)]	Loss: 0.43166878819465637
[2023-05-01 13:21:03] Train Epoch: 12 [17600/20000 (88.0%)]	Loss: 0.09482034295797348
[2023-05-01 13:21:03] Train Epoch: 12 [18400/20000 (92.0%)]	Loss: 0.06174342334270477
[2023-05-01 13:21:03] Train Epoch: 12 [19200/20000 (96.0%)]	Loss: 0.25925201177597046
[2023-05-01 13:21:04] ========== Metrics ==========
[2023-05-01 13:21:04] {
  "tr_loss": 0.14609599121064706,
  "tr_acc": 0.9492949294929492,
  "tr_f1": 0.9491168205539944,
  "val_loss": 0.4051295753312293,
  "val_acc": 0.8212826434535442,
  "val_f1": 0.8225749559082892,
  "test_loss": 0.43408737531522423,
  "test_acc": 0.8184281842818428,
  "test_f1": 0.8133704735376045
}
[2023-05-01 13:21:04] ========== Metrics ==========
[2023-05-01 13:21:04] Train Epoch: 13 [0/20000 (0.0%)]	Loss: 0.13787521421909332
[2023-05-01 13:21:05] Train Epoch: 13 [800/20000 (4.0%)]	Loss: 0.11106163263320923
[2023-05-01 13:21:05] Train Epoch: 13 [1600/20000 (8.0%)]	Loss: 0.23447349667549133
[2023-05-01 13:21:05] Train Epoch: 13 [2400/20000 (12.0%)]	Loss: 0.16076090931892395
[2023-05-01 13:21:05] Train Epoch: 13 [3200/20000 (16.0%)]	Loss: 0.08107816427946091
[2023-05-01 13:21:05] Train Epoch: 13 [4000/20000 (20.0%)]	Loss: 0.20873500406742096
[2023-05-01 13:21:06] Train Epoch: 13 [4800/20000 (24.0%)]	Loss: 0.11281995475292206
[2023-05-01 13:21:06] Train Epoch: 13 [5600/20000 (28.0%)]	Loss: 0.17964544892311096
[2023-05-01 13:21:06] Train Epoch: 13 [6400/20000 (32.0%)]	Loss: 0.13682633638381958
[2023-05-01 13:21:06] Train Epoch: 13 [7200/20000 (36.0%)]	Loss: 0.1407242864370346
[2023-05-01 13:21:06] Train Epoch: 13 [8000/20000 (40.0%)]	Loss: 0.0780867263674736
[2023-05-01 13:21:06] Train Epoch: 13 [8800/20000 (44.0%)]	Loss: 0.10902386903762817
[2023-05-01 13:21:07] Train Epoch: 13 [9600/20000 (48.0%)]	Loss: 0.13348954916000366
[2023-05-01 13:21:07] Train Epoch: 13 [10400/20000 (52.0%)]	Loss: 0.22707387804985046
[2023-05-01 13:21:07] Train Epoch: 13 [11200/20000 (56.0%)]	Loss: 0.2663402855396271
[2023-05-01 13:21:07] Train Epoch: 13 [12000/20000 (60.0%)]	Loss: 0.0646187961101532
[2023-05-01 13:21:07] Train Epoch: 13 [12800/20000 (64.0%)]	Loss: 0.06093177571892738
[2023-05-01 13:21:07] Train Epoch: 13 [13600/20000 (68.0%)]	Loss: 0.08837811648845673
[2023-05-01 13:21:08] Train Epoch: 13 [14400/20000 (72.0%)]	Loss: 0.12459214776754379
[2023-05-01 13:21:08] Train Epoch: 13 [15200/20000 (76.0%)]	Loss: 0.3071476221084595
[2023-05-01 13:21:08] Train Epoch: 13 [16000/20000 (80.0%)]	Loss: 0.06866270303726196
[2023-05-01 13:21:08] Train Epoch: 13 [16800/20000 (84.0%)]	Loss: 0.0784146636724472
[2023-05-01 13:21:08] Train Epoch: 13 [17600/20000 (88.0%)]	Loss: 0.179749995470047
[2023-05-01 13:21:09] Train Epoch: 13 [18400/20000 (92.0%)]	Loss: 0.06371404230594635
[2023-05-01 13:21:09] Train Epoch: 13 [19200/20000 (96.0%)]	Loss: 0.038860321044921875
[2023-05-01 13:21:10] ========== Metrics ==========
[2023-05-01 13:21:10] {
  "tr_loss": 0.14780905358668434,
  "tr_acc": 0.9475947594759476,
  "tr_f1": 0.94749498997996,
  "val_loss": 0.40491655055446085,
  "val_acc": 0.8214602949014035,
  "val_f1": 0.8227200564473451,
  "test_loss": 0.39698197718881334,
  "test_acc": 0.8184281842818428,
  "test_f1": 0.8133704735376045
}
[2023-05-01 13:21:10] ========== Metrics ==========
[2023-05-01 13:21:10] Train Epoch: 14 [0/20000 (0.0%)]	Loss: 0.10180575400590897
[2023-05-01 13:21:10] Train Epoch: 14 [800/20000 (4.0%)]	Loss: 0.22341443598270416
[2023-05-01 13:21:10] Train Epoch: 14 [1600/20000 (8.0%)]	Loss: 0.2660271227359772
[2023-05-01 13:21:10] Train Epoch: 14 [2400/20000 (12.0%)]	Loss: 0.22479048371315002
[2023-05-01 13:21:11] Train Epoch: 14 [3200/20000 (16.0%)]	Loss: 0.03785156086087227
[2023-05-01 13:21:11] Train Epoch: 14 [4000/20000 (20.0%)]	Loss: 0.39221882820129395
[2023-05-01 13:21:11] Train Epoch: 14 [4800/20000 (24.0%)]	Loss: 0.05860307812690735
[2023-05-01 13:21:11] Train Epoch: 14 [5600/20000 (28.0%)]	Loss: 0.044415928423404694
[2023-05-01 13:21:11] Train Epoch: 14 [6400/20000 (32.0%)]	Loss: 0.11996395885944366
[2023-05-01 13:21:12] Train Epoch: 14 [7200/20000 (36.0%)]	Loss: 0.05722562223672867
[2023-05-01 13:21:12] Train Epoch: 14 [8000/20000 (40.0%)]	Loss: 0.18164920806884766
[2023-05-01 13:21:12] Train Epoch: 14 [8800/20000 (44.0%)]	Loss: 0.07116382569074631
[2023-05-01 13:21:12] Train Epoch: 14 [9600/20000 (48.0%)]	Loss: 0.2543293237686157
[2023-05-01 13:21:13] Train Epoch: 14 [10400/20000 (52.0%)]	Loss: 0.351502388715744
[2023-05-01 13:21:13] Train Epoch: 14 [11200/20000 (56.0%)]	Loss: 0.06776470690965652
[2023-05-01 13:21:13] Train Epoch: 14 [12000/20000 (60.0%)]	Loss: 0.13415084779262543
[2023-05-01 13:21:13] Train Epoch: 14 [12800/20000 (64.0%)]	Loss: 0.16515646874904633
[2023-05-01 13:21:13] Train Epoch: 14 [13600/20000 (68.0%)]	Loss: 0.12357723712921143
[2023-05-01 13:21:13] Train Epoch: 14 [14400/20000 (72.0%)]	Loss: 0.10468467324972153
[2023-05-01 13:21:14] Train Epoch: 14 [15200/20000 (76.0%)]	Loss: 0.041954293847084045
[2023-05-01 13:21:14] Train Epoch: 14 [16000/20000 (80.0%)]	Loss: 0.15300597250461578
[2023-05-01 13:21:14] Train Epoch: 14 [16800/20000 (84.0%)]	Loss: 0.043333783745765686
[2023-05-01 13:21:14] Train Epoch: 14 [17600/20000 (88.0%)]	Loss: 0.12280669063329697
[2023-05-01 13:21:14] Train Epoch: 14 [18400/20000 (92.0%)]	Loss: 0.19930076599121094
[2023-05-01 13:21:15] Train Epoch: 14 [19200/20000 (96.0%)]	Loss: 0.32941287755966187
[2023-05-01 13:21:16] ========== Metrics ==========
[2023-05-01 13:21:16] {
  "tr_loss": 0.1449325463437166,
  "tr_acc": 0.9499449944994499,
  "tr_f1": 0.949907421308112,
  "val_loss": 0.40494346783838425,
  "val_acc": 0.8207496891099663,
  "val_f1": 0.8216369100229804,
  "test_loss": 0.38745912917584263,
  "test_acc": 0.8157181571815718,
  "test_f1": 0.8100558659217877
}
[2023-05-01 13:21:16] ========== Metrics ==========
[2023-05-01 13:21:16] Train Epoch: 15 [0/20000 (0.0%)]	Loss: 0.21557796001434326
[2023-05-01 13:21:16] Train Epoch: 15 [800/20000 (4.0%)]	Loss: 0.13139180839061737
[2023-05-01 13:21:16] Train Epoch: 15 [1600/20000 (8.0%)]	Loss: 0.2506082355976105
[2023-05-01 13:21:16] Train Epoch: 15 [2400/20000 (12.0%)]	Loss: 0.14765892922878265
[2023-05-01 13:21:17] Train Epoch: 15 [3200/20000 (16.0%)]	Loss: 0.16290514171123505
[2023-05-01 13:21:17] Train Epoch: 15 [4000/20000 (20.0%)]	Loss: 0.24013695120811462
[2023-05-01 13:21:17] Train Epoch: 15 [4800/20000 (24.0%)]	Loss: 0.03500425070524216
[2023-05-01 13:21:17] Train Epoch: 15 [5600/20000 (28.0%)]	Loss: 0.16751305758953094
[2023-05-01 13:21:17] Train Epoch: 15 [6400/20000 (32.0%)]	Loss: 0.09381821006536484
[2023-05-01 13:21:17] Train Epoch: 15 [7200/20000 (36.0%)]	Loss: 0.549691379070282
[2023-05-01 13:21:18] Train Epoch: 15 [8000/20000 (40.0%)]	Loss: 0.13604068756103516
[2023-05-01 13:21:18] Train Epoch: 15 [8800/20000 (44.0%)]	Loss: 0.09077135473489761
[2023-05-01 13:21:18] Train Epoch: 15 [9600/20000 (48.0%)]	Loss: 0.19799336791038513
[2023-05-01 13:21:18] Train Epoch: 15 [10400/20000 (52.0%)]	Loss: 0.134145125746727
[2023-05-01 13:21:18] Train Epoch: 15 [11200/20000 (56.0%)]	Loss: 0.18634013831615448
[2023-05-01 13:21:19] Train Epoch: 15 [12000/20000 (60.0%)]	Loss: 0.2709926962852478
[2023-05-01 13:21:19] Train Epoch: 15 [12800/20000 (64.0%)]	Loss: 0.04295957833528519
[2023-05-01 13:21:19] Train Epoch: 15 [13600/20000 (68.0%)]	Loss: 0.38259196281433105
[2023-05-01 13:21:19] Train Epoch: 15 [14400/20000 (72.0%)]	Loss: 0.17987072467803955
[2023-05-01 13:21:19] Train Epoch: 15 [15200/20000 (76.0%)]	Loss: 0.18122605979442596
[2023-05-01 13:21:20] Train Epoch: 15 [16000/20000 (80.0%)]	Loss: 0.370033323764801
[2023-05-01 13:21:20] Train Epoch: 15 [16800/20000 (84.0%)]	Loss: 0.11630658060312271
[2023-05-01 13:21:20] Train Epoch: 15 [17600/20000 (88.0%)]	Loss: 0.12141428887844086
[2023-05-01 13:21:20] Train Epoch: 15 [18400/20000 (92.0%)]	Loss: 0.265463262796402
[2023-05-01 13:21:20] Train Epoch: 15 [19200/20000 (96.0%)]	Loss: 0.16854849457740784
[2023-05-01 13:21:21] ========== Metrics ==========
[2023-05-01 13:21:21] {
  "tr_loss": 0.1446218617951194,
  "tr_acc": 0.9488948894889488,
  "tr_f1": 0.9488078541374474,
  "val_loss": 0.4047446114531121,
  "val_acc": 0.820039083318529,
  "val_f1": 0.8205491585473871,
  "test_loss": 0.39198083024684005,
  "test_acc": 0.8157181571815718,
  "test_f1": 0.8100558659217877
}
[2023-05-01 13:21:21] ========== Metrics ==========
[2023-05-01 13:21:22] Train Epoch: 16 [0/20000 (0.0%)]	Loss: 0.35921910405158997
[2023-05-01 13:21:22] Train Epoch: 16 [800/20000 (4.0%)]	Loss: 0.14347650110721588
[2023-05-01 13:21:22] Train Epoch: 16 [1600/20000 (8.0%)]	Loss: 0.19307661056518555
[2023-05-01 13:21:22] Train Epoch: 16 [2400/20000 (12.0%)]	Loss: 0.12920530140399933
[2023-05-01 13:21:22] Train Epoch: 16 [3200/20000 (16.0%)]	Loss: 0.06833312660455704
[2023-05-01 13:21:23] Train Epoch: 16 [4000/20000 (20.0%)]	Loss: 0.09571484476327896
[2023-05-01 13:21:23] Train Epoch: 16 [4800/20000 (24.0%)]	Loss: 0.11384402215480804
[2023-05-01 13:21:23] Train Epoch: 16 [5600/20000 (28.0%)]	Loss: 0.1339615434408188
[2023-05-01 13:21:23] Train Epoch: 16 [6400/20000 (32.0%)]	Loss: 0.03660634532570839
[2023-05-01 13:21:23] Train Epoch: 16 [7200/20000 (36.0%)]	Loss: 0.07413531094789505
[2023-05-01 13:21:24] Train Epoch: 16 [8000/20000 (40.0%)]	Loss: 0.17522522807121277
[2023-05-01 13:21:24] Train Epoch: 16 [8800/20000 (44.0%)]	Loss: 0.12799374759197235
[2023-05-01 13:21:24] Train Epoch: 16 [9600/20000 (48.0%)]	Loss: 0.12470581382513046
[2023-05-01 13:21:24] Train Epoch: 16 [10400/20000 (52.0%)]	Loss: 0.17238284647464752
[2023-05-01 13:21:24] Train Epoch: 16 [11200/20000 (56.0%)]	Loss: 0.10284958779811859
[2023-05-01 13:21:25] Train Epoch: 16 [12000/20000 (60.0%)]	Loss: 0.306072860956192
[2023-05-01 13:21:25] Train Epoch: 16 [12800/20000 (64.0%)]	Loss: 0.08448077738285065
[2023-05-01 13:21:25] Train Epoch: 16 [13600/20000 (68.0%)]	Loss: 0.05080419406294823
[2023-05-01 13:21:25] Train Epoch: 16 [14400/20000 (72.0%)]	Loss: 0.05083058401942253
[2023-05-01 13:21:25] Train Epoch: 16 [15200/20000 (76.0%)]	Loss: 0.1418285220861435
[2023-05-01 13:21:25] Train Epoch: 16 [16000/20000 (80.0%)]	Loss: 0.09188103675842285
[2023-05-01 13:21:26] Train Epoch: 16 [16800/20000 (84.0%)]	Loss: 0.36405324935913086
[2023-05-01 13:21:26] Train Epoch: 16 [17600/20000 (88.0%)]	Loss: 0.03288653865456581
[2023-05-01 13:21:26] Train Epoch: 16 [18400/20000 (92.0%)]	Loss: 0.09176183491945267
[2023-05-01 13:21:26] Train Epoch: 16 [19200/20000 (96.0%)]	Loss: 0.1281294971704483
[2023-05-01 13:21:27] Stop At epoch 16/20 due to valid not increase
[2023-05-01 13:21:27] ========== Metrics ==========
[2023-05-01 13:21:27] {
  "tr_loss": 0.14473561446691635,
  "tr_acc": 0.9497449744974498,
  "tr_f1": 0.949682070795574,
  "val_loss": 0.4047225367686193,
  "val_acc": 0.820039083318529,
  "val_f1": 0.8205491585473871,
  "test_loss": 0.3871645982349468,
  "test_acc": 0.8157181571815718,
  "test_f1": 0.8100558659217877
}
[2023-05-01 13:21:27] ========== Metrics ==========
