[2023-05-01 21:03:33] Train Epoch: 1 [0/20000 (0.0%)]	Loss: 0.6504602432250977
[2023-05-01 21:03:33] Train Epoch: 1 [800/20000 (4.0%)]	Loss: 0.6531773805618286
[2023-05-01 21:03:34] Train Epoch: 1 [1600/20000 (8.0%)]	Loss: 0.7224581241607666
[2023-05-01 21:03:34] Train Epoch: 1 [2400/20000 (12.0%)]	Loss: 0.675148069858551
[2023-05-01 21:03:34] Train Epoch: 1 [3200/20000 (16.0%)]	Loss: 0.6702588200569153
[2023-05-01 21:03:35] Train Epoch: 1 [4000/20000 (20.0%)]	Loss: 0.6941426992416382
[2023-05-01 21:03:35] Train Epoch: 1 [4800/20000 (24.0%)]	Loss: 0.6977759003639221
[2023-05-01 21:03:35] Train Epoch: 1 [5600/20000 (28.0%)]	Loss: 0.7025405764579773
[2023-05-01 21:03:35] Train Epoch: 1 [6400/20000 (32.0%)]	Loss: 0.6693669557571411
[2023-05-01 21:03:36] Train Epoch: 1 [7200/20000 (36.0%)]	Loss: 0.6469650864601135
[2023-05-01 21:03:36] Train Epoch: 1 [8000/20000 (40.0%)]	Loss: 0.6591050624847412
[2023-05-01 21:03:36] Train Epoch: 1 [8800/20000 (44.0%)]	Loss: 0.6710433959960938
[2023-05-01 21:03:37] Train Epoch: 1 [9600/20000 (48.0%)]	Loss: 0.6390105485916138
[2023-05-01 21:03:37] Train Epoch: 1 [10400/20000 (52.0%)]	Loss: 0.6210172176361084
[2023-05-01 21:03:37] Train Epoch: 1 [11200/20000 (56.0%)]	Loss: 0.6766128540039062
[2023-05-01 21:03:37] Train Epoch: 1 [12000/20000 (60.0%)]	Loss: 0.601751983165741
[2023-05-01 21:03:38] Train Epoch: 1 [12800/20000 (64.0%)]	Loss: 0.7106290459632874
[2023-05-01 21:03:38] Train Epoch: 1 [13600/20000 (68.0%)]	Loss: 0.6774700880050659
[2023-05-01 21:03:38] Train Epoch: 1 [14400/20000 (72.0%)]	Loss: 0.6393357515335083
[2023-05-01 21:03:38] Train Epoch: 1 [15200/20000 (76.0%)]	Loss: 0.632928192615509
[2023-05-01 21:03:39] Train Epoch: 1 [16000/20000 (80.0%)]	Loss: 0.6144481301307678
[2023-05-01 21:03:39] Train Epoch: 1 [16800/20000 (84.0%)]	Loss: 0.6655922532081604
[2023-05-01 21:03:39] Train Epoch: 1 [17600/20000 (88.0%)]	Loss: 0.7386804223060608
[2023-05-01 21:03:40] Train Epoch: 1 [18400/20000 (92.0%)]	Loss: 0.6379420757293701
[2023-05-01 21:03:40] Train Epoch: 1 [19200/20000 (96.0%)]	Loss: 0.6811713576316833
[2023-05-01 21:03:43] ========== Metrics ==========
[2023-05-01 21:03:43] {
  "tr_loss": 0.6698434048383781,
  "tr_acc": 0.5822582258225822,
  "tr_f1": 0.59399300155521,
  "val_loss": 0.6179573208511903,
  "val_acc": 0.7155800319772606,
  "val_f1": 0.755982319768328,
  "test_loss": 0.6310556613332857,
  "test_acc": 0.7425474254742548,
  "test_f1": 0.7775175644028104
}
[2023-05-01 21:03:43] ========== Metrics ==========
[2023-05-01 21:03:44] Train Epoch: 2 [0/20000 (0.0%)]	Loss: 0.5342968702316284
[2023-05-01 21:03:44] Train Epoch: 2 [800/20000 (4.0%)]	Loss: 0.5506539344787598
[2023-05-01 21:03:45] Train Epoch: 2 [1600/20000 (8.0%)]	Loss: 0.6112887859344482
[2023-05-01 21:03:45] Train Epoch: 2 [2400/20000 (12.0%)]	Loss: 0.5666756629943848
[2023-05-01 21:03:45] Train Epoch: 2 [3200/20000 (16.0%)]	Loss: 0.6455028653144836
[2023-05-01 21:03:46] Train Epoch: 2 [4000/20000 (20.0%)]	Loss: 0.5370488166809082
[2023-05-01 21:03:46] Train Epoch: 2 [4800/20000 (24.0%)]	Loss: 0.5452715158462524
[2023-05-01 21:03:46] Train Epoch: 2 [5600/20000 (28.0%)]	Loss: 0.3662215769290924
[2023-05-01 21:03:46] Train Epoch: 2 [6400/20000 (32.0%)]	Loss: 0.45431312918663025
[2023-05-01 21:03:47] Train Epoch: 2 [7200/20000 (36.0%)]	Loss: 0.5236918330192566
[2023-05-01 21:03:47] Train Epoch: 2 [8000/20000 (40.0%)]	Loss: 0.555113673210144
[2023-05-01 21:03:47] Train Epoch: 2 [8800/20000 (44.0%)]	Loss: 0.6625553369522095
[2023-05-01 21:03:47] Train Epoch: 2 [9600/20000 (48.0%)]	Loss: 0.4194101095199585
[2023-05-01 21:03:48] Train Epoch: 2 [10400/20000 (52.0%)]	Loss: 0.4577043950557709
[2023-05-01 21:03:48] Train Epoch: 2 [11200/20000 (56.0%)]	Loss: 0.5621405839920044
[2023-05-01 21:03:48] Train Epoch: 2 [12000/20000 (60.0%)]	Loss: 0.4477860927581787
[2023-05-01 21:03:48] Train Epoch: 2 [12800/20000 (64.0%)]	Loss: 0.4404287040233612
[2023-05-01 21:03:49] Train Epoch: 2 [13600/20000 (68.0%)]	Loss: 0.5087643265724182
[2023-05-01 21:03:49] Train Epoch: 2 [14400/20000 (72.0%)]	Loss: 0.5639110207557678
[2023-05-01 21:03:49] Train Epoch: 2 [15200/20000 (76.0%)]	Loss: 0.5481155514717102
[2023-05-01 21:03:50] Train Epoch: 2 [16000/20000 (80.0%)]	Loss: 0.581871747970581
[2023-05-01 21:03:50] Train Epoch: 2 [16800/20000 (84.0%)]	Loss: 0.39161643385887146
[2023-05-01 21:03:50] Train Epoch: 2 [17600/20000 (88.0%)]	Loss: 0.606927216053009
[2023-05-01 21:03:50] Train Epoch: 2 [18400/20000 (92.0%)]	Loss: 0.5264749526977539
[2023-05-01 21:03:51] Train Epoch: 2 [19200/20000 (96.0%)]	Loss: 0.5368020534515381
[2023-05-01 21:03:54] ========== Metrics ==========
[2023-05-01 21:03:54] {
  "tr_loss": 0.5316849727251015,
  "tr_acc": 0.7471247124712471,
  "tr_f1": 0.7488203447076939,
  "val_loss": 0.5002965703487481,
  "val_acc": 0.7836205365073725,
  "val_f1": 0.7822667143367894,
  "test_loss": 0.5239408022666042,
  "test_acc": 0.7859078590785907,
  "test_f1": 0.7811634349030472
}
[2023-05-01 21:03:54] ========== Metrics ==========
[2023-05-01 21:03:55] Train Epoch: 3 [0/20000 (0.0%)]	Loss: 0.27652716636657715
[2023-05-01 21:03:55] Train Epoch: 3 [800/20000 (4.0%)]	Loss: 0.3444635570049286
[2023-05-01 21:03:55] Train Epoch: 3 [1600/20000 (8.0%)]	Loss: 0.32772359251976013
[2023-05-01 21:03:56] Train Epoch: 3 [2400/20000 (12.0%)]	Loss: 0.3544541001319885
[2023-05-01 21:03:56] Train Epoch: 3 [3200/20000 (16.0%)]	Loss: 0.49143868684768677
[2023-05-01 21:03:56] Train Epoch: 3 [4000/20000 (20.0%)]	Loss: 0.3501822352409363
[2023-05-01 21:03:56] Train Epoch: 3 [4800/20000 (24.0%)]	Loss: 0.3549182116985321
[2023-05-01 21:03:57] Train Epoch: 3 [5600/20000 (28.0%)]	Loss: 0.20615816116333008
[2023-05-01 21:03:57] Train Epoch: 3 [6400/20000 (32.0%)]	Loss: 0.474081814289093
[2023-05-01 21:03:57] Train Epoch: 3 [7200/20000 (36.0%)]	Loss: 0.4151623845100403
[2023-05-01 21:03:57] Train Epoch: 3 [8000/20000 (40.0%)]	Loss: 0.41673117876052856
[2023-05-01 21:03:58] Train Epoch: 3 [8800/20000 (44.0%)]	Loss: 0.521012008190155
[2023-05-01 21:03:58] Train Epoch: 3 [9600/20000 (48.0%)]	Loss: 0.4272208511829376
[2023-05-01 21:03:58] Train Epoch: 3 [10400/20000 (52.0%)]	Loss: 0.3057083189487457
[2023-05-01 21:03:59] Train Epoch: 3 [11200/20000 (56.0%)]	Loss: 0.448514461517334
[2023-05-01 21:03:59] Train Epoch: 3 [12000/20000 (60.0%)]	Loss: 0.5824031233787537
[2023-05-01 21:03:59] Train Epoch: 3 [12800/20000 (64.0%)]	Loss: 0.5031760334968567
[2023-05-01 21:03:59] Train Epoch: 3 [13600/20000 (68.0%)]	Loss: 0.32802101969718933
[2023-05-01 21:04:00] Train Epoch: 3 [14400/20000 (72.0%)]	Loss: 0.3943518102169037
[2023-05-01 21:04:00] Train Epoch: 3 [15200/20000 (76.0%)]	Loss: 0.5253017544746399
[2023-05-01 21:04:00] Train Epoch: 3 [16000/20000 (80.0%)]	Loss: 0.20148836076259613
[2023-05-01 21:04:01] Train Epoch: 3 [16800/20000 (84.0%)]	Loss: 0.2972705066204071
[2023-05-01 21:04:01] Train Epoch: 3 [17600/20000 (88.0%)]	Loss: 0.3179127871990204
[2023-05-01 21:04:01] Train Epoch: 3 [18400/20000 (92.0%)]	Loss: 0.42098504304885864
[2023-05-01 21:04:02] Train Epoch: 3 [19200/20000 (96.0%)]	Loss: 0.17973844707012177
[2023-05-01 21:04:05] ========== Metrics ==========
[2023-05-01 21:04:05] {
  "tr_loss": 0.3766343413811825,
  "tr_acc": 0.8447344734473448,
  "tr_f1": 0.8448508469494828,
  "val_loss": 0.45076750154540984,
  "val_acc": 0.79694439509682,
  "val_f1": 0.799859919453686,
  "test_loss": 0.49391844989807626,
  "test_acc": 0.8048780487804879,
  "test_f1": 0.8011049723756906
}
[2023-05-01 21:04:05] ========== Metrics ==========
[2023-05-01 21:04:06] Train Epoch: 4 [0/20000 (0.0%)]	Loss: 0.21354852616786957
[2023-05-01 21:04:06] Train Epoch: 4 [800/20000 (4.0%)]	Loss: 0.2907431423664093
[2023-05-01 21:04:06] Train Epoch: 4 [1600/20000 (8.0%)]	Loss: 0.27086350321769714
[2023-05-01 21:04:07] Train Epoch: 4 [2400/20000 (12.0%)]	Loss: 0.3020297884941101
[2023-05-01 21:04:07] Train Epoch: 4 [3200/20000 (16.0%)]	Loss: 0.3045136630535126
[2023-05-01 21:04:07] Train Epoch: 4 [4000/20000 (20.0%)]	Loss: 0.12380563467741013
[2023-05-01 21:04:07] Train Epoch: 4 [4800/20000 (24.0%)]	Loss: 0.1843218058347702
[2023-05-01 21:04:08] Train Epoch: 4 [5600/20000 (28.0%)]	Loss: 0.32055726647377014
[2023-05-01 21:04:08] Train Epoch: 4 [6400/20000 (32.0%)]	Loss: 0.2570306956768036
[2023-05-01 21:04:08] Train Epoch: 4 [7200/20000 (36.0%)]	Loss: 0.2465595304965973
[2023-05-01 21:04:08] Train Epoch: 4 [8000/20000 (40.0%)]	Loss: 0.2718312442302704
[2023-05-01 21:04:09] Train Epoch: 4 [8800/20000 (44.0%)]	Loss: 0.22511428594589233
[2023-05-01 21:04:09] Train Epoch: 4 [9600/20000 (48.0%)]	Loss: 0.1230369582772255
[2023-05-01 21:04:09] Train Epoch: 4 [10400/20000 (52.0%)]	Loss: 0.14597590267658234
[2023-05-01 21:04:10] Train Epoch: 4 [11200/20000 (56.0%)]	Loss: 0.27364611625671387
[2023-05-01 21:04:10] Train Epoch: 4 [12000/20000 (60.0%)]	Loss: 0.5398303270339966
[2023-05-01 21:04:10] Train Epoch: 4 [12800/20000 (64.0%)]	Loss: 0.27201053500175476
[2023-05-01 21:04:10] Train Epoch: 4 [13600/20000 (68.0%)]	Loss: 0.2857695519924164
[2023-05-01 21:04:11] Train Epoch: 4 [14400/20000 (72.0%)]	Loss: 0.20716996490955353
[2023-05-01 21:04:11] Train Epoch: 4 [15200/20000 (76.0%)]	Loss: 0.29707711935043335
[2023-05-01 21:04:11] Train Epoch: 4 [16000/20000 (80.0%)]	Loss: 0.4669114351272583
[2023-05-01 21:04:11] Train Epoch: 4 [16800/20000 (84.0%)]	Loss: 0.1458052098751068
[2023-05-01 21:04:12] Train Epoch: 4 [17600/20000 (88.0%)]	Loss: 0.42558982968330383
[2023-05-01 21:04:12] Train Epoch: 4 [18400/20000 (92.0%)]	Loss: 0.3233271837234497
[2023-05-01 21:04:12] Train Epoch: 4 [19200/20000 (96.0%)]	Loss: 0.26037317514419556
[2023-05-01 21:04:16] ========== Metrics ==========
[2023-05-01 21:04:16] {
  "tr_loss": 0.2684905960185729,
  "tr_acc": 0.896989698969897,
  "tr_f1": 0.8974307906791475,
  "val_loss": 0.4301939931850193,
  "val_acc": 0.8052940131462072,
  "val_f1": 0.7994877424076106,
  "test_loss": 0.42148548396945323,
  "test_acc": 0.7913279132791328,
  "test_f1": 0.7768115942028986
}
[2023-05-01 21:04:16] ========== Metrics ==========
[2023-05-01 21:04:16] Train Epoch: 5 [0/20000 (0.0%)]	Loss: 0.13472038507461548
[2023-05-01 21:04:17] Train Epoch: 5 [800/20000 (4.0%)]	Loss: 0.24997751414775848
[2023-05-01 21:04:17] Train Epoch: 5 [1600/20000 (8.0%)]	Loss: 0.09632140398025513
[2023-05-01 21:04:17] Train Epoch: 5 [2400/20000 (12.0%)]	Loss: 0.1650993376970291
[2023-05-01 21:04:18] Train Epoch: 5 [3200/20000 (16.0%)]	Loss: 0.12918363511562347
[2023-05-01 21:04:18] Train Epoch: 5 [4000/20000 (20.0%)]	Loss: 0.28781601786613464
[2023-05-01 21:04:18] Train Epoch: 5 [4800/20000 (24.0%)]	Loss: 0.1498304307460785
[2023-05-01 21:04:18] Train Epoch: 5 [5600/20000 (28.0%)]	Loss: 0.17565980553627014
[2023-05-01 21:04:19] Train Epoch: 5 [6400/20000 (32.0%)]	Loss: 0.24331413209438324
[2023-05-01 21:04:19] Train Epoch: 5 [7200/20000 (36.0%)]	Loss: 0.23612327873706818
[2023-05-01 21:04:19] Train Epoch: 5 [8000/20000 (40.0%)]	Loss: 0.14567124843597412
[2023-05-01 21:04:20] Train Epoch: 5 [8800/20000 (44.0%)]	Loss: 0.14485076069831848
[2023-05-01 21:04:20] Train Epoch: 5 [9600/20000 (48.0%)]	Loss: 0.13403145968914032
[2023-05-01 21:04:20] Train Epoch: 5 [10400/20000 (52.0%)]	Loss: 0.10501444339752197
[2023-05-01 21:04:20] Train Epoch: 5 [11200/20000 (56.0%)]	Loss: 0.32627642154693604
[2023-05-01 21:04:21] Train Epoch: 5 [12000/20000 (60.0%)]	Loss: 0.06842400133609772
[2023-05-01 21:04:21] Train Epoch: 5 [12800/20000 (64.0%)]	Loss: 0.08655249327421188
[2023-05-01 21:04:21] Train Epoch: 5 [13600/20000 (68.0%)]	Loss: 0.2304431051015854
[2023-05-01 21:04:22] Train Epoch: 5 [14400/20000 (72.0%)]	Loss: 0.35357803106307983
[2023-05-01 21:04:22] Train Epoch: 5 [15200/20000 (76.0%)]	Loss: 0.16056247055530548
[2023-05-01 21:04:22] Train Epoch: 5 [16000/20000 (80.0%)]	Loss: 0.18530967831611633
[2023-05-01 21:04:22] Train Epoch: 5 [16800/20000 (84.0%)]	Loss: 0.3061113953590393
[2023-05-01 21:04:23] Train Epoch: 5 [17600/20000 (88.0%)]	Loss: 0.0974288061261177
[2023-05-01 21:04:23] Train Epoch: 5 [18400/20000 (92.0%)]	Loss: 0.15169546008110046
[2023-05-01 21:04:23] Train Epoch: 5 [19200/20000 (96.0%)]	Loss: 0.32051828503608704
[2023-05-01 21:04:27] ========== Metrics ==========
[2023-05-01 21:04:27] {
  "tr_loss": 0.1953592876998624,
  "tr_acc": 0.9293929392939294,
  "tr_f1": 0.9296602570489189,
  "val_loss": 0.42341804311677433,
  "val_acc": 0.8077811334162374,
  "val_f1": 0.8122831367106177,
  "test_loss": 0.4006149973972703,
  "test_acc": 0.8238482384823849,
  "test_f1": 0.8228882833787466
}
[2023-05-01 21:04:27] ========== Metrics ==========
[2023-05-01 21:04:27] Train Epoch: 6 [0/20000 (0.0%)]	Loss: 0.09067051857709885
[2023-05-01 21:04:28] Train Epoch: 6 [800/20000 (4.0%)]	Loss: 0.16077706217765808
[2023-05-01 21:04:28] Train Epoch: 6 [1600/20000 (8.0%)]	Loss: 0.17920945584774017
[2023-05-01 21:04:28] Train Epoch: 6 [2400/20000 (12.0%)]	Loss: 0.18829289078712463
[2023-05-01 21:04:29] Train Epoch: 6 [3200/20000 (16.0%)]	Loss: 0.11105003207921982
[2023-05-01 21:04:29] Train Epoch: 6 [4000/20000 (20.0%)]	Loss: 0.19020718336105347
[2023-05-01 21:04:29] Train Epoch: 6 [4800/20000 (24.0%)]	Loss: 0.2200278788805008
[2023-05-01 21:04:29] Train Epoch: 6 [5600/20000 (28.0%)]	Loss: 0.13540101051330566
[2023-05-01 21:04:30] Train Epoch: 6 [6400/20000 (32.0%)]	Loss: 0.13431040942668915
[2023-05-01 21:04:30] Train Epoch: 6 [7200/20000 (36.0%)]	Loss: 0.09812276065349579
[2023-05-01 21:04:30] Train Epoch: 6 [8000/20000 (40.0%)]	Loss: 0.0771043673157692
[2023-05-01 21:04:31] Train Epoch: 6 [8800/20000 (44.0%)]	Loss: 0.06595808267593384
[2023-05-01 21:04:31] Train Epoch: 6 [9600/20000 (48.0%)]	Loss: 0.1578333079814911
[2023-05-01 21:04:31] Train Epoch: 6 [10400/20000 (52.0%)]	Loss: 0.16781491041183472
[2023-05-01 21:04:31] Train Epoch: 6 [11200/20000 (56.0%)]	Loss: 0.21041065454483032
[2023-05-01 21:04:32] Train Epoch: 6 [12000/20000 (60.0%)]	Loss: 0.19388051331043243
[2023-05-01 21:04:32] Train Epoch: 6 [12800/20000 (64.0%)]	Loss: 0.19856110215187073
[2023-05-01 21:04:32] Train Epoch: 6 [13600/20000 (68.0%)]	Loss: 0.07889286428689957
[2023-05-01 21:04:32] Train Epoch: 6 [14400/20000 (72.0%)]	Loss: 0.11333607137203217
[2023-05-01 21:04:33] Train Epoch: 6 [15200/20000 (76.0%)]	Loss: 0.02744002267718315
[2023-05-01 21:04:33] Train Epoch: 6 [16000/20000 (80.0%)]	Loss: 0.18212758004665375
[2023-05-01 21:04:33] Train Epoch: 6 [16800/20000 (84.0%)]	Loss: 0.4804248511791229
[2023-05-01 21:04:33] Train Epoch: 6 [17600/20000 (88.0%)]	Loss: 0.08253797143697739
[2023-05-01 21:04:34] Train Epoch: 6 [18400/20000 (92.0%)]	Loss: 0.18299607932567596
[2023-05-01 21:04:34] Train Epoch: 6 [19200/20000 (96.0%)]	Loss: 0.12817849218845367
[2023-05-01 21:04:37] ========== Metrics ==========
[2023-05-01 21:04:37] {
  "tr_loss": 0.14493558728786715,
  "tr_acc": 0.952045204520452,
  "tr_f1": 0.9522243810093161,
  "val_loss": 0.421770039323084,
  "val_acc": 0.8124000710605791,
  "val_f1": 0.8124333925399644,
  "test_loss": 0.40613946294396874,
  "test_acc": 0.8102981029810298,
  "test_f1": 0.8055555555555556
}
[2023-05-01 21:04:37] ========== Metrics ==========
[2023-05-01 21:04:38] Train Epoch: 7 [0/20000 (0.0%)]	Loss: 0.19515348970890045
[2023-05-01 21:04:38] Train Epoch: 7 [800/20000 (4.0%)]	Loss: 0.10308569669723511
[2023-05-01 21:04:39] Train Epoch: 7 [1600/20000 (8.0%)]	Loss: 0.10593719780445099
[2023-05-01 21:04:39] Train Epoch: 7 [2400/20000 (12.0%)]	Loss: 0.1902700960636139
[2023-05-01 21:04:39] Train Epoch: 7 [3200/20000 (16.0%)]	Loss: 0.07662651687860489
[2023-05-01 21:04:39] Train Epoch: 7 [4000/20000 (20.0%)]	Loss: 0.24663445353507996
[2023-05-01 21:04:40] Train Epoch: 7 [4800/20000 (24.0%)]	Loss: 0.11871691048145294
[2023-05-01 21:04:40] Train Epoch: 7 [5600/20000 (28.0%)]	Loss: 0.23429515957832336
[2023-05-01 21:04:40] Train Epoch: 7 [6400/20000 (32.0%)]	Loss: 0.3231055736541748
[2023-05-01 21:04:41] Train Epoch: 7 [7200/20000 (36.0%)]	Loss: 0.07269052416086197
[2023-05-01 21:04:41] Train Epoch: 7 [8000/20000 (40.0%)]	Loss: 0.20144467055797577
[2023-05-01 21:04:41] Train Epoch: 7 [8800/20000 (44.0%)]	Loss: 0.10332094877958298
[2023-05-01 21:04:41] Train Epoch: 7 [9600/20000 (48.0%)]	Loss: 0.20452845096588135
[2023-05-01 21:04:42] Train Epoch: 7 [10400/20000 (52.0%)]	Loss: 0.058664675801992416
[2023-05-01 21:04:42] Train Epoch: 7 [11200/20000 (56.0%)]	Loss: 0.0921286791563034
[2023-05-01 21:04:42] Train Epoch: 7 [12000/20000 (60.0%)]	Loss: 0.18958550691604614
[2023-05-01 21:04:43] Train Epoch: 7 [12800/20000 (64.0%)]	Loss: 0.05619349330663681
[2023-05-01 21:04:43] Train Epoch: 7 [13600/20000 (68.0%)]	Loss: 0.06927431374788284
[2023-05-01 21:04:43] Train Epoch: 7 [14400/20000 (72.0%)]	Loss: 0.06185019761323929
[2023-05-01 21:04:43] Train Epoch: 7 [15200/20000 (76.0%)]	Loss: 0.22552426159381866
[2023-05-01 21:04:44] Train Epoch: 7 [16000/20000 (80.0%)]	Loss: 0.143711656332016
[2023-05-01 21:04:44] Train Epoch: 7 [16800/20000 (84.0%)]	Loss: 0.05668669939041138
[2023-05-01 21:04:44] Train Epoch: 7 [17600/20000 (88.0%)]	Loss: 0.10702270269393921
[2023-05-01 21:04:45] Train Epoch: 7 [18400/20000 (92.0%)]	Loss: 0.09771682322025299
[2023-05-01 21:04:45] Train Epoch: 7 [19200/20000 (96.0%)]	Loss: 0.09949914366006851
[2023-05-01 21:04:48] ========== Metrics ==========
[2023-05-01 21:04:48] {
  "tr_loss": 0.1425780030560739,
  "tr_acc": 0.9506950695069507,
  "tr_f1": 0.9508131298014567,
  "val_loss": 0.42120947317281654,
  "val_acc": 0.8100906022384082,
  "val_f1": 0.8100906022384082,
  "test_loss": 0.40241552634937006,
  "test_acc": 0.8075880758807588,
  "test_f1": 0.8022284122562674
}
[2023-05-01 21:04:48] ========== Metrics ==========
[2023-05-01 21:04:49] Train Epoch: 8 [0/20000 (0.0%)]	Loss: 0.0372384712100029
[2023-05-01 21:04:49] Train Epoch: 8 [800/20000 (4.0%)]	Loss: 0.153483584523201
[2023-05-01 21:04:49] Train Epoch: 8 [1600/20000 (8.0%)]	Loss: 0.026728209108114243
[2023-05-01 21:04:50] Train Epoch: 8 [2400/20000 (12.0%)]	Loss: 0.1748974323272705
[2023-05-01 21:04:50] Train Epoch: 8 [3200/20000 (16.0%)]	Loss: 0.22647474706172943
[2023-05-01 21:04:50] Train Epoch: 8 [4000/20000 (20.0%)]	Loss: 0.09397082775831223
[2023-05-01 21:04:51] Train Epoch: 8 [4800/20000 (24.0%)]	Loss: 0.011469878256320953
[2023-05-01 21:04:51] Train Epoch: 8 [5600/20000 (28.0%)]	Loss: 0.07560835033655167
[2023-05-01 21:04:51] Train Epoch: 8 [6400/20000 (32.0%)]	Loss: 0.26383545994758606
[2023-05-01 21:04:51] Train Epoch: 8 [7200/20000 (36.0%)]	Loss: 0.17154769599437714
[2023-05-01 21:04:52] Train Epoch: 8 [8000/20000 (40.0%)]	Loss: 0.15623821318149567
[2023-05-01 21:04:52] Train Epoch: 8 [8800/20000 (44.0%)]	Loss: 0.0700577050447464
[2023-05-01 21:04:52] Train Epoch: 8 [9600/20000 (48.0%)]	Loss: 0.5692828297615051
[2023-05-01 21:04:52] Train Epoch: 8 [10400/20000 (52.0%)]	Loss: 0.27502602338790894
[2023-05-01 21:04:53] Train Epoch: 8 [11200/20000 (56.0%)]	Loss: 0.26251286268234253
[2023-05-01 21:04:53] Train Epoch: 8 [12000/20000 (60.0%)]	Loss: 0.07298851013183594
[2023-05-01 21:04:53] Train Epoch: 8 [12800/20000 (64.0%)]	Loss: 0.07930383086204529
[2023-05-01 21:04:53] Train Epoch: 8 [13600/20000 (68.0%)]	Loss: 0.056128159165382385
[2023-05-01 21:04:54] Train Epoch: 8 [14400/20000 (72.0%)]	Loss: 0.11888833343982697
[2023-05-01 21:04:54] Train Epoch: 8 [15200/20000 (76.0%)]	Loss: 0.11144724488258362
[2023-05-01 21:04:54] Train Epoch: 8 [16000/20000 (80.0%)]	Loss: 0.19654913246631622
[2023-05-01 21:04:55] Train Epoch: 8 [16800/20000 (84.0%)]	Loss: 0.24374811351299286
[2023-05-01 21:04:55] Train Epoch: 8 [17600/20000 (88.0%)]	Loss: 0.2595677971839905
[2023-05-01 21:04:55] Train Epoch: 8 [18400/20000 (92.0%)]	Loss: 0.25401225686073303
[2023-05-01 21:04:55] Train Epoch: 8 [19200/20000 (96.0%)]	Loss: 0.2842054069042206
[2023-05-01 21:04:59] ========== Metrics ==========
[2023-05-01 21:04:59] {
  "tr_loss": 0.13358288778863747,
  "tr_acc": 0.9568456845684569,
  "tr_f1": 0.956925380583978,
  "val_loss": 0.42134211130730104,
  "val_acc": 0.8108012080298455,
  "val_f1": 0.8095152924342695,
  "test_loss": 0.4064539680636026,
  "test_acc": 0.8048780487804879,
  "test_f1": 0.7988826815642458
}
[2023-05-01 21:04:59] ========== Metrics ==========
[2023-05-01 21:04:59] Train Epoch: 9 [0/20000 (0.0%)]	Loss: 0.028200965374708176
[2023-05-01 21:05:00] Train Epoch: 9 [800/20000 (4.0%)]	Loss: 0.1123371571302414
[2023-05-01 21:05:00] Train Epoch: 9 [1600/20000 (8.0%)]	Loss: 0.14072540402412415
[2023-05-01 21:05:00] Train Epoch: 9 [2400/20000 (12.0%)]	Loss: 0.19039508700370789
[2023-05-01 21:05:01] Train Epoch: 9 [3200/20000 (16.0%)]	Loss: 0.24013331532478333
[2023-05-01 21:05:01] Train Epoch: 9 [4000/20000 (20.0%)]	Loss: 0.16799038648605347
[2023-05-01 21:05:01] Train Epoch: 9 [4800/20000 (24.0%)]	Loss: 0.0582556314766407
[2023-05-01 21:05:02] Train Epoch: 9 [5600/20000 (28.0%)]	Loss: 0.0401996448636055
[2023-05-01 21:05:02] Train Epoch: 9 [6400/20000 (32.0%)]	Loss: 0.0406668558716774
[2023-05-01 21:05:02] Train Epoch: 9 [7200/20000 (36.0%)]	Loss: 0.12794144451618195
[2023-05-01 21:05:03] Train Epoch: 9 [8000/20000 (40.0%)]	Loss: 0.026646306738257408
[2023-05-01 21:05:03] Train Epoch: 9 [8800/20000 (44.0%)]	Loss: 0.3023025095462799
[2023-05-01 21:05:03] Train Epoch: 9 [9600/20000 (48.0%)]	Loss: 0.038276683539152145
[2023-05-01 21:05:04] Train Epoch: 9 [10400/20000 (52.0%)]	Loss: 0.12903299927711487
[2023-05-01 21:05:04] Train Epoch: 9 [11200/20000 (56.0%)]	Loss: 0.09354380518198013
[2023-05-01 21:05:04] Train Epoch: 9 [12000/20000 (60.0%)]	Loss: 0.2509843707084656
[2023-05-01 21:05:04] Train Epoch: 9 [12800/20000 (64.0%)]	Loss: 0.02567751705646515
[2023-05-01 21:05:05] Train Epoch: 9 [13600/20000 (68.0%)]	Loss: 0.08865071833133698
[2023-05-01 21:05:05] Train Epoch: 9 [14400/20000 (72.0%)]	Loss: 0.07567653805017471
[2023-05-01 21:05:05] Train Epoch: 9 [15200/20000 (76.0%)]	Loss: 0.22984668612480164
[2023-05-01 21:05:06] Train Epoch: 9 [16000/20000 (80.0%)]	Loss: 0.23150241374969482
[2023-05-01 21:05:06] Train Epoch: 9 [16800/20000 (84.0%)]	Loss: 0.12538418173789978
[2023-05-01 21:05:06] Train Epoch: 9 [17600/20000 (88.0%)]	Loss: 0.16514897346496582
[2023-05-01 21:05:07] Train Epoch: 9 [18400/20000 (92.0%)]	Loss: 0.07121670991182327
[2023-05-01 21:05:07] Train Epoch: 9 [19200/20000 (96.0%)]	Loss: 0.08516813069581985
[2023-05-01 21:05:10] ========== Metrics ==========
[2023-05-01 21:05:10] {
  "tr_loss": 0.12917128185478852,
  "tr_acc": 0.9593459345934593,
  "tr_f1": 0.9594007490636703,
  "val_loss": 0.42127605140219787,
  "val_acc": 0.8102682536862675,
  "val_f1": 0.8093538022134952,
  "test_loss": 0.4050370322333442,
  "test_acc": 0.8021680216802168,
  "test_f1": 0.7955182072829132
}
[2023-05-01 21:05:10] ========== Metrics ==========
[2023-05-01 21:05:11] Train Epoch: 10 [0/20000 (0.0%)]	Loss: 0.0688469409942627
[2023-05-01 21:05:11] Train Epoch: 10 [800/20000 (4.0%)]	Loss: 0.16996638476848602
[2023-05-01 21:05:12] Train Epoch: 10 [1600/20000 (8.0%)]	Loss: 0.051053114235401154
[2023-05-01 21:05:12] Train Epoch: 10 [2400/20000 (12.0%)]	Loss: 0.0700572282075882
[2023-05-01 21:05:12] Train Epoch: 10 [3200/20000 (16.0%)]	Loss: 0.10732556134462357
[2023-05-01 21:05:12] Train Epoch: 10 [4000/20000 (20.0%)]	Loss: 0.0737932026386261
[2023-05-01 21:05:13] Train Epoch: 10 [4800/20000 (24.0%)]	Loss: 0.07629819959402084
[2023-05-01 21:05:13] Train Epoch: 10 [5600/20000 (28.0%)]	Loss: 0.040359336882829666
[2023-05-01 21:05:13] Train Epoch: 10 [6400/20000 (32.0%)]	Loss: 0.021969985216856003
[2023-05-01 21:05:14] Train Epoch: 10 [7200/20000 (36.0%)]	Loss: 0.021154534071683884
[2023-05-01 21:05:14] Train Epoch: 10 [8000/20000 (40.0%)]	Loss: 0.09203021973371506
[2023-05-01 21:05:14] Train Epoch: 10 [8800/20000 (44.0%)]	Loss: 0.13144168257713318
[2023-05-01 21:05:14] Train Epoch: 10 [9600/20000 (48.0%)]	Loss: 0.29509615898132324
[2023-05-01 21:05:15] Train Epoch: 10 [10400/20000 (52.0%)]	Loss: 0.14407405257225037
[2023-05-01 21:05:15] Train Epoch: 10 [11200/20000 (56.0%)]	Loss: 0.19728176295757294
[2023-05-01 21:05:15] Train Epoch: 10 [12000/20000 (60.0%)]	Loss: 0.11790888011455536
[2023-05-01 21:05:15] Train Epoch: 10 [12800/20000 (64.0%)]	Loss: 0.1951383799314499
[2023-05-01 21:05:16] Train Epoch: 10 [13600/20000 (68.0%)]	Loss: 0.14180736243724823
[2023-05-01 21:05:16] Train Epoch: 10 [14400/20000 (72.0%)]	Loss: 0.0877169668674469
[2023-05-01 21:05:16] Train Epoch: 10 [15200/20000 (76.0%)]	Loss: 0.03626840189099312
[2023-05-01 21:05:17] Train Epoch: 10 [16000/20000 (80.0%)]	Loss: 0.30076655745506287
[2023-05-01 21:05:17] Train Epoch: 10 [16800/20000 (84.0%)]	Loss: 0.083491250872612
[2023-05-01 21:05:17] Train Epoch: 10 [17600/20000 (88.0%)]	Loss: 0.3513360619544983
[2023-05-01 21:05:17] Train Epoch: 10 [18400/20000 (92.0%)]	Loss: 0.14580674469470978
[2023-05-01 21:05:18] Train Epoch: 10 [19200/20000 (96.0%)]	Loss: 0.08107182383537292
[2023-05-01 21:05:21] ========== Metrics ==========
[2023-05-01 21:05:21] {
  "tr_loss": 0.12340105907789038,
  "tr_acc": 0.9596959695969597,
  "tr_f1": 0.9598205383848455,
  "val_loss": 0.42111286362654615,
  "val_acc": 0.8113341623734234,
  "val_f1": 0.8110992529348986,
  "test_loss": 0.4099225086894462,
  "test_acc": 0.8102981029810298,
  "test_f1": 0.8044692737430168
}
[2023-05-01 21:05:21] ========== Metrics ==========
[2023-05-01 21:05:22] Train Epoch: 11 [0/20000 (0.0%)]	Loss: 0.05647509917616844
[2023-05-01 21:05:22] Train Epoch: 11 [800/20000 (4.0%)]	Loss: 0.09999284893274307
[2023-05-01 21:05:22] Train Epoch: 11 [1600/20000 (8.0%)]	Loss: 0.16615962982177734
[2023-05-01 21:05:23] Train Epoch: 11 [2400/20000 (12.0%)]	Loss: 0.12010543048381805
[2023-05-01 21:05:23] Train Epoch: 11 [3200/20000 (16.0%)]	Loss: 0.20204846560955048
[2023-05-01 21:05:23] Train Epoch: 11 [4000/20000 (20.0%)]	Loss: 0.1656801402568817
[2023-05-01 21:05:23] Train Epoch: 11 [4800/20000 (24.0%)]	Loss: 0.21898497641086578
[2023-05-01 21:05:24] Train Epoch: 11 [5600/20000 (28.0%)]	Loss: 0.051175426691770554
[2023-05-01 21:05:24] Train Epoch: 11 [6400/20000 (32.0%)]	Loss: 0.1985510140657425
[2023-05-01 21:05:24] Train Epoch: 11 [7200/20000 (36.0%)]	Loss: 0.2511213719844818
[2023-05-01 21:05:25] Train Epoch: 11 [8000/20000 (40.0%)]	Loss: 0.12045535445213318
[2023-05-01 21:05:25] Train Epoch: 11 [8800/20000 (44.0%)]	Loss: 0.11326947063207626
[2023-05-01 21:05:25] Train Epoch: 11 [9600/20000 (48.0%)]	Loss: 0.1439073085784912
[2023-05-01 21:05:25] Train Epoch: 11 [10400/20000 (52.0%)]	Loss: 0.19024658203125
[2023-05-01 21:05:26] Train Epoch: 11 [11200/20000 (56.0%)]	Loss: 0.23214444518089294
[2023-05-01 21:05:26] Train Epoch: 11 [12000/20000 (60.0%)]	Loss: 0.06917688250541687
[2023-05-01 21:05:26] Train Epoch: 11 [12800/20000 (64.0%)]	Loss: 0.11881469935178757
[2023-05-01 21:05:27] Train Epoch: 11 [13600/20000 (68.0%)]	Loss: 0.08370391279459
[2023-05-01 21:05:27] Train Epoch: 11 [14400/20000 (72.0%)]	Loss: 0.06165929511189461
[2023-05-01 21:05:27] Train Epoch: 11 [15200/20000 (76.0%)]	Loss: 0.2847477197647095
[2023-05-01 21:05:27] Train Epoch: 11 [16000/20000 (80.0%)]	Loss: 0.1360759437084198
[2023-05-01 21:05:28] Train Epoch: 11 [16800/20000 (84.0%)]	Loss: 0.13217663764953613
[2023-05-01 21:05:28] Train Epoch: 11 [17600/20000 (88.0%)]	Loss: 0.15067748725414276
[2023-05-01 21:05:28] Train Epoch: 11 [18400/20000 (92.0%)]	Loss: 0.14358879625797272
[2023-05-01 21:05:29] Train Epoch: 11 [19200/20000 (96.0%)]	Loss: 0.1416192650794983
[2023-05-01 21:05:32] ========== Metrics ==========
[2023-05-01 21:05:32] {
  "tr_loss": 0.12297814168093359,
  "tr_acc": 0.9573957395739574,
  "tr_f1": 0.9574042595740426,
  "val_loss": 0.42135009904974285,
  "val_acc": 0.8113341623734234,
  "val_f1": 0.8114346590909092,
  "test_loss": 0.40582493327174407,
  "test_acc": 0.8130081300813008,
  "test_f1": 0.8077994428969358
}
[2023-05-01 21:05:32] ========== Metrics ==========
[2023-05-01 21:05:33] Train Epoch: 12 [0/20000 (0.0%)]	Loss: 0.038564473390579224
[2023-05-01 21:05:33] Train Epoch: 12 [800/20000 (4.0%)]	Loss: 0.02199949324131012
[2023-05-01 21:05:33] Train Epoch: 12 [1600/20000 (8.0%)]	Loss: 0.042547017335891724
[2023-05-01 21:05:33] Train Epoch: 12 [2400/20000 (12.0%)]	Loss: 0.08516931533813477
[2023-05-01 21:05:34] Train Epoch: 12 [3200/20000 (16.0%)]	Loss: 0.08993859589099884
[2023-05-01 21:05:34] Train Epoch: 12 [4000/20000 (20.0%)]	Loss: 0.1101638525724411
[2023-05-01 21:05:34] Train Epoch: 12 [4800/20000 (24.0%)]	Loss: 0.29708337783813477
[2023-05-01 21:05:35] Train Epoch: 12 [5600/20000 (28.0%)]	Loss: 0.060071032494306564
[2023-05-01 21:05:35] Train Epoch: 12 [6400/20000 (32.0%)]	Loss: 0.03695422783493996
[2023-05-01 21:05:35] Train Epoch: 12 [7200/20000 (36.0%)]	Loss: 0.04754345491528511
[2023-05-01 21:05:35] Train Epoch: 12 [8000/20000 (40.0%)]	Loss: 0.0830962136387825
[2023-05-01 21:05:36] Train Epoch: 12 [8800/20000 (44.0%)]	Loss: 0.14643776416778564
[2023-05-01 21:05:36] Train Epoch: 12 [9600/20000 (48.0%)]	Loss: 0.0905914455652237
[2023-05-01 21:05:36] Train Epoch: 12 [10400/20000 (52.0%)]	Loss: 0.09214963763952255
[2023-05-01 21:05:36] Train Epoch: 12 [11200/20000 (56.0%)]	Loss: 0.1407439112663269
[2023-05-01 21:05:37] Train Epoch: 12 [12000/20000 (60.0%)]	Loss: 0.03388246148824692
[2023-05-01 21:05:37] Train Epoch: 12 [12800/20000 (64.0%)]	Loss: 0.11172501742839813
[2023-05-01 21:05:37] Train Epoch: 12 [13600/20000 (68.0%)]	Loss: 0.12763711810112
[2023-05-01 21:05:37] Train Epoch: 12 [14400/20000 (72.0%)]	Loss: 0.19444696605205536
[2023-05-01 21:05:38] Train Epoch: 12 [15200/20000 (76.0%)]	Loss: 0.1112138107419014
[2023-05-01 21:05:38] Train Epoch: 12 [16000/20000 (80.0%)]	Loss: 0.038572609424591064
[2023-05-01 21:05:38] Train Epoch: 12 [16800/20000 (84.0%)]	Loss: 0.12984976172447205
[2023-05-01 21:05:39] Train Epoch: 12 [17600/20000 (88.0%)]	Loss: 0.08051923662424088
[2023-05-01 21:05:39] Train Epoch: 12 [18400/20000 (92.0%)]	Loss: 0.26788124442100525
[2023-05-01 21:05:39] Train Epoch: 12 [19200/20000 (96.0%)]	Loss: 0.14292898774147034
[2023-05-01 21:05:41] Stop At epoch 12/20 due to valid not increase
[2023-05-01 21:05:42] ========== Metrics ==========
[2023-05-01 21:05:43] {
  "tr_loss": 0.11939750397034866,
  "tr_acc": 0.9604460446044605,
  "tr_f1": 0.9605741912974132,
  "val_loss": 0.42128208833936054,
  "val_acc": 0.8108012080298455,
  "val_f1": 0.8099910793933988,
  "test_loss": 0.4091458747057411,
  "test_acc": 0.8102981029810298,
  "test_f1": 0.8044692737430168
}
[2023-05-01 21:05:43] ========== Metrics ==========
