[2023-05-01 19:01:45] Train Epoch: 1 [0/20000 (0.0%)]	Loss: 0.9391748309135437
[2023-05-01 19:01:45] Train Epoch: 1 [800/20000 (4.0%)]	Loss: 0.6083357334136963
[2023-05-01 19:01:46] Train Epoch: 1 [1600/20000 (8.0%)]	Loss: 0.6633248925209045
[2023-05-01 19:01:46] Train Epoch: 1 [2400/20000 (12.0%)]	Loss: 0.7080538868904114
[2023-05-01 19:01:46] Train Epoch: 1 [3200/20000 (16.0%)]	Loss: 0.719643771648407
[2023-05-01 19:01:46] Train Epoch: 1 [4000/20000 (20.0%)]	Loss: 0.6716309785842896
[2023-05-01 19:01:46] Train Epoch: 1 [4800/20000 (24.0%)]	Loss: 0.6852402091026306
[2023-05-01 19:01:46] Train Epoch: 1 [5600/20000 (28.0%)]	Loss: 0.7051249742507935
[2023-05-01 19:01:47] Train Epoch: 1 [6400/20000 (32.0%)]	Loss: 0.6831544637680054
[2023-05-01 19:01:47] Train Epoch: 1 [7200/20000 (36.0%)]	Loss: 0.6670525074005127
[2023-05-01 19:01:47] Train Epoch: 1 [8000/20000 (40.0%)]	Loss: 0.6825799345970154
[2023-05-01 19:01:47] Train Epoch: 1 [8800/20000 (44.0%)]	Loss: 0.6639381051063538
[2023-05-01 19:01:47] Train Epoch: 1 [9600/20000 (48.0%)]	Loss: 0.6904008984565735
[2023-05-01 19:01:48] Train Epoch: 1 [10400/20000 (52.0%)]	Loss: 0.7173600196838379
[2023-05-01 19:01:48] Train Epoch: 1 [11200/20000 (56.0%)]	Loss: 0.7011066675186157
[2023-05-01 19:01:48] Train Epoch: 1 [12000/20000 (60.0%)]	Loss: 0.7290306091308594
[2023-05-01 19:01:48] Train Epoch: 1 [12800/20000 (64.0%)]	Loss: 0.678687334060669
[2023-05-01 19:01:48] Train Epoch: 1 [13600/20000 (68.0%)]	Loss: 0.707173228263855
[2023-05-01 19:01:48] Train Epoch: 1 [14400/20000 (72.0%)]	Loss: 0.6545519232749939
[2023-05-01 19:01:49] Train Epoch: 1 [15200/20000 (76.0%)]	Loss: 0.6895942687988281
[2023-05-01 19:01:49] Train Epoch: 1 [16000/20000 (80.0%)]	Loss: 0.6759572625160217
[2023-05-01 19:01:49] Train Epoch: 1 [16800/20000 (84.0%)]	Loss: 0.7277407050132751
[2023-05-01 19:01:49] Train Epoch: 1 [17600/20000 (88.0%)]	Loss: 0.7162451148033142
[2023-05-01 19:01:49] Train Epoch: 1 [18400/20000 (92.0%)]	Loss: 0.7003145813941956
[2023-05-01 19:01:49] Train Epoch: 1 [19200/20000 (96.0%)]	Loss: 0.6826428771018982
[2023-05-01 19:01:52] ========== Metrics ==========
[2023-05-01 19:01:52] {
  "tr_loss": 0.6982144169693458,
  "tr_acc": 0.5305530553055305,
  "tr_f1": 0.4789076376554174,
  "val_loss": 0.6757981421829308,
  "val_acc": 0.6839580742583052,
  "val_f1": 0.6506970351462792,
  "test_loss": 0.7027156747130521,
  "test_acc": 0.6585365853658537,
  "test_f1": 0.6134969325153375
}
[2023-05-01 19:01:52] ========== Metrics ==========
[2023-05-01 19:01:53] Train Epoch: 2 [0/20000 (0.0%)]	Loss: 0.6428801417350769
[2023-05-01 19:01:53] Train Epoch: 2 [800/20000 (4.0%)]	Loss: 0.6903063058853149
[2023-05-01 19:01:53] Train Epoch: 2 [1600/20000 (8.0%)]	Loss: 0.6879414319992065
[2023-05-01 19:01:54] Train Epoch: 2 [2400/20000 (12.0%)]	Loss: 0.6856323480606079
[2023-05-01 19:01:54] Train Epoch: 2 [3200/20000 (16.0%)]	Loss: 0.677279531955719
[2023-05-01 19:01:54] Train Epoch: 2 [4000/20000 (20.0%)]	Loss: 0.6856658458709717
[2023-05-01 19:01:54] Train Epoch: 2 [4800/20000 (24.0%)]	Loss: 0.6951922178268433
[2023-05-01 19:01:54] Train Epoch: 2 [5600/20000 (28.0%)]	Loss: 0.6887969970703125
[2023-05-01 19:01:54] Train Epoch: 2 [6400/20000 (32.0%)]	Loss: 0.6475775837898254
[2023-05-01 19:01:55] Train Epoch: 2 [7200/20000 (36.0%)]	Loss: 0.6417537927627563
[2023-05-01 19:01:55] Train Epoch: 2 [8000/20000 (40.0%)]	Loss: 0.6426416039466858
[2023-05-01 19:01:55] Train Epoch: 2 [8800/20000 (44.0%)]	Loss: 0.6977624297142029
[2023-05-01 19:01:55] Train Epoch: 2 [9600/20000 (48.0%)]	Loss: 0.6240931153297424
[2023-05-01 19:01:55] Train Epoch: 2 [10400/20000 (52.0%)]	Loss: 0.6378759145736694
[2023-05-01 19:01:55] Train Epoch: 2 [11200/20000 (56.0%)]	Loss: 0.5414882302284241
[2023-05-01 19:01:56] Train Epoch: 2 [12000/20000 (60.0%)]	Loss: 0.6056402921676636
[2023-05-01 19:01:56] Train Epoch: 2 [12800/20000 (64.0%)]	Loss: 0.745928943157196
[2023-05-01 19:01:56] Train Epoch: 2 [13600/20000 (68.0%)]	Loss: 0.6792217493057251
[2023-05-01 19:01:56] Train Epoch: 2 [14400/20000 (72.0%)]	Loss: 0.590896725654602
[2023-05-01 19:01:56] Train Epoch: 2 [15200/20000 (76.0%)]	Loss: 0.7897745370864868
[2023-05-01 19:01:57] Train Epoch: 2 [16000/20000 (80.0%)]	Loss: 0.705432653427124
[2023-05-01 19:01:57] Train Epoch: 2 [16800/20000 (84.0%)]	Loss: 0.6188122630119324
[2023-05-01 19:01:57] Train Epoch: 2 [17600/20000 (88.0%)]	Loss: 0.5720235705375671
[2023-05-01 19:01:57] Train Epoch: 2 [18400/20000 (92.0%)]	Loss: 0.522045910358429
[2023-05-01 19:01:57] Train Epoch: 2 [19200/20000 (96.0%)]	Loss: 0.5224710702896118
[2023-05-01 19:02:00] ========== Metrics ==========
[2023-05-01 19:02:00] {
  "tr_loss": 0.6454443382923574,
  "tr_acc": 0.6216621662166216,
  "tr_f1": 0.6345986670530281,
  "val_loss": 0.6070509404182265,
  "val_acc": 0.7566175164327589,
  "val_f1": 0.7606568832983928,
  "test_loss": 0.6306977801852756,
  "test_acc": 0.7560975609756098,
  "test_f1": 0.7513812154696133
}
[2023-05-01 19:02:00] ========== Metrics ==========
[2023-05-01 19:02:01] Train Epoch: 3 [0/20000 (0.0%)]	Loss: 0.6364709734916687
[2023-05-01 19:02:01] Train Epoch: 3 [800/20000 (4.0%)]	Loss: 0.5814701914787292
[2023-05-01 19:02:01] Train Epoch: 3 [1600/20000 (8.0%)]	Loss: 0.6578477025032043
[2023-05-01 19:02:01] Train Epoch: 3 [2400/20000 (12.0%)]	Loss: 0.7273339629173279
[2023-05-01 19:02:01] Train Epoch: 3 [3200/20000 (16.0%)]	Loss: 0.5936209559440613
[2023-05-01 19:02:02] Train Epoch: 3 [4000/20000 (20.0%)]	Loss: 0.6573270559310913
[2023-05-01 19:02:02] Train Epoch: 3 [4800/20000 (24.0%)]	Loss: 0.5834746360778809
[2023-05-01 19:02:02] Train Epoch: 3 [5600/20000 (28.0%)]	Loss: 0.5287108421325684
[2023-05-01 19:02:02] Train Epoch: 3 [6400/20000 (32.0%)]	Loss: 0.6628854870796204
[2023-05-01 19:02:02] Train Epoch: 3 [7200/20000 (36.0%)]	Loss: 0.5646713376045227
[2023-05-01 19:02:02] Train Epoch: 3 [8000/20000 (40.0%)]	Loss: 0.5629233121871948
[2023-05-01 19:02:03] Train Epoch: 3 [8800/20000 (44.0%)]	Loss: 0.5744019746780396
[2023-05-01 19:02:03] Train Epoch: 3 [9600/20000 (48.0%)]	Loss: 0.5559113621711731
[2023-05-01 19:02:03] Train Epoch: 3 [10400/20000 (52.0%)]	Loss: 0.5796231031417847
[2023-05-01 19:02:03] Train Epoch: 3 [11200/20000 (56.0%)]	Loss: 0.8486153483390808
[2023-05-01 19:02:03] Train Epoch: 3 [12000/20000 (60.0%)]	Loss: 0.6596953868865967
[2023-05-01 19:02:03] Train Epoch: 3 [12800/20000 (64.0%)]	Loss: 0.4735478162765503
[2023-05-01 19:02:04] Train Epoch: 3 [13600/20000 (68.0%)]	Loss: 0.6558087468147278
[2023-05-01 19:02:04] Train Epoch: 3 [14400/20000 (72.0%)]	Loss: 0.5173330307006836
[2023-05-01 19:02:04] Train Epoch: 3 [15200/20000 (76.0%)]	Loss: 0.5623989701271057
[2023-05-01 19:02:04] Train Epoch: 3 [16000/20000 (80.0%)]	Loss: 0.5877283215522766
[2023-05-01 19:02:04] Train Epoch: 3 [16800/20000 (84.0%)]	Loss: 0.5846842527389526
[2023-05-01 19:02:04] Train Epoch: 3 [17600/20000 (88.0%)]	Loss: 0.6419367790222168
[2023-05-01 19:02:05] Train Epoch: 3 [18400/20000 (92.0%)]	Loss: 0.5638535022735596
[2023-05-01 19:02:05] Train Epoch: 3 [19200/20000 (96.0%)]	Loss: 0.5968840718269348
[2023-05-01 19:02:08] ========== Metrics ==========
[2023-05-01 19:02:08] {
  "tr_loss": 0.575621719491018,
  "tr_acc": 0.6916191619161917,
  "tr_f1": 0.6943852519946478,
  "val_loss": 0.5553755716143249,
  "val_acc": 0.7699413750222064,
  "val_f1": 0.7667087011349306,
  "test_loss": 0.5736179571487716,
  "test_acc": 0.7723577235772358,
  "test_f1": 0.7653631284916201
}
[2023-05-01 19:02:08] ========== Metrics ==========
[2023-05-01 19:02:08] Train Epoch: 4 [0/20000 (0.0%)]	Loss: 0.5239980220794678
[2023-05-01 19:02:09] Train Epoch: 4 [800/20000 (4.0%)]	Loss: 0.44102510809898376
[2023-05-01 19:02:09] Train Epoch: 4 [1600/20000 (8.0%)]	Loss: 0.3639073073863983
[2023-05-01 19:02:09] Train Epoch: 4 [2400/20000 (12.0%)]	Loss: 0.6810255646705627
[2023-05-01 19:02:09] Train Epoch: 4 [3200/20000 (16.0%)]	Loss: 0.707298755645752
[2023-05-01 19:02:09] Train Epoch: 4 [4000/20000 (20.0%)]	Loss: 0.4285662770271301
[2023-05-01 19:02:09] Train Epoch: 4 [4800/20000 (24.0%)]	Loss: 0.6746455430984497
[2023-05-01 19:02:10] Train Epoch: 4 [5600/20000 (28.0%)]	Loss: 0.3876621723175049
[2023-05-01 19:02:10] Train Epoch: 4 [6400/20000 (32.0%)]	Loss: 0.41275590658187866
[2023-05-01 19:02:10] Train Epoch: 4 [7200/20000 (36.0%)]	Loss: 0.629765510559082
[2023-05-01 19:02:10] Train Epoch: 4 [8000/20000 (40.0%)]	Loss: 0.34494370222091675
[2023-05-01 19:02:10] Train Epoch: 4 [8800/20000 (44.0%)]	Loss: 0.49947839975357056
[2023-05-01 19:02:10] Train Epoch: 4 [9600/20000 (48.0%)]	Loss: 0.5855933427810669
[2023-05-01 19:02:11] Train Epoch: 4 [10400/20000 (52.0%)]	Loss: 0.49329903721809387
[2023-05-01 19:02:11] Train Epoch: 4 [11200/20000 (56.0%)]	Loss: 0.5513166785240173
[2023-05-01 19:02:11] Train Epoch: 4 [12000/20000 (60.0%)]	Loss: 0.46479809284210205
[2023-05-01 19:02:11] Train Epoch: 4 [12800/20000 (64.0%)]	Loss: 0.42903831601142883
[2023-05-01 19:02:11] Train Epoch: 4 [13600/20000 (68.0%)]	Loss: 0.5517893433570862
[2023-05-01 19:02:11] Train Epoch: 4 [14400/20000 (72.0%)]	Loss: 0.3995789587497711
[2023-05-01 19:02:12] Train Epoch: 4 [15200/20000 (76.0%)]	Loss: 0.33030223846435547
[2023-05-01 19:02:12] Train Epoch: 4 [16000/20000 (80.0%)]	Loss: 0.5857347846031189
[2023-05-01 19:02:12] Train Epoch: 4 [16800/20000 (84.0%)]	Loss: 0.4494688808917999
[2023-05-01 19:02:12] Train Epoch: 4 [17600/20000 (88.0%)]	Loss: 0.5391044616699219
[2023-05-01 19:02:12] Train Epoch: 4 [18400/20000 (92.0%)]	Loss: 0.4704150855541229
[2023-05-01 19:02:13] Train Epoch: 4 [19200/20000 (96.0%)]	Loss: 0.5866252779960632
[2023-05-01 19:02:15] ========== Metrics ==========
[2023-05-01 19:02:15] {
  "tr_loss": 0.5170000170287948,
  "tr_acc": 0.7438743874387439,
  "tr_f1": 0.7406056922921098,
  "val_loss": 0.524237366590095,
  "val_acc": 0.7720731923965181,
  "val_f1": 0.768620378719567,
  "test_loss": 0.5324459114694983,
  "test_acc": 0.7777777777777778,
  "test_f1": 0.7734806629834254
}
[2023-05-01 19:02:15] ========== Metrics ==========
[2023-05-01 19:02:16] Train Epoch: 5 [0/20000 (0.0%)]	Loss: 0.7769324779510498
[2023-05-01 19:02:16] Train Epoch: 5 [800/20000 (4.0%)]	Loss: 0.6238781809806824
[2023-05-01 19:02:16] Train Epoch: 5 [1600/20000 (8.0%)]	Loss: 0.6586633920669556
[2023-05-01 19:02:17] Train Epoch: 5 [2400/20000 (12.0%)]	Loss: 0.3282182514667511
[2023-05-01 19:02:17] Train Epoch: 5 [3200/20000 (16.0%)]	Loss: 0.4812380373477936
[2023-05-01 19:02:17] Train Epoch: 5 [4000/20000 (20.0%)]	Loss: 0.5476000308990479
[2023-05-01 19:02:17] Train Epoch: 5 [4800/20000 (24.0%)]	Loss: 0.44861137866973877
[2023-05-01 19:02:17] Train Epoch: 5 [5600/20000 (28.0%)]	Loss: 0.39769792556762695
[2023-05-01 19:02:18] Train Epoch: 5 [6400/20000 (32.0%)]	Loss: 0.5679111480712891
[2023-05-01 19:02:18] Train Epoch: 5 [7200/20000 (36.0%)]	Loss: 0.43310409784317017
[2023-05-01 19:02:18] Train Epoch: 5 [8000/20000 (40.0%)]	Loss: 0.5907512307167053
[2023-05-01 19:02:18] Train Epoch: 5 [8800/20000 (44.0%)]	Loss: 0.34530094265937805
[2023-05-01 19:02:18] Train Epoch: 5 [9600/20000 (48.0%)]	Loss: 0.5162678956985474
[2023-05-01 19:02:18] Train Epoch: 5 [10400/20000 (52.0%)]	Loss: 0.43179062008857727
[2023-05-01 19:02:19] Train Epoch: 5 [11200/20000 (56.0%)]	Loss: 0.3227832019329071
[2023-05-01 19:02:19] Train Epoch: 5 [12000/20000 (60.0%)]	Loss: 0.49806293845176697
[2023-05-01 19:02:19] Train Epoch: 5 [12800/20000 (64.0%)]	Loss: 0.7917897701263428
[2023-05-01 19:02:19] Train Epoch: 5 [13600/20000 (68.0%)]	Loss: 0.39998918771743774
[2023-05-01 19:02:19] Train Epoch: 5 [14400/20000 (72.0%)]	Loss: 0.4070182144641876
[2023-05-01 19:02:19] Train Epoch: 5 [15200/20000 (76.0%)]	Loss: 0.6465923190116882
[2023-05-01 19:02:20] Train Epoch: 5 [16000/20000 (80.0%)]	Loss: 0.37912583351135254
[2023-05-01 19:02:20] Train Epoch: 5 [16800/20000 (84.0%)]	Loss: 0.6352977156639099
[2023-05-01 19:02:20] Train Epoch: 5 [17600/20000 (88.0%)]	Loss: 0.3934752643108368
[2023-05-01 19:02:20] Train Epoch: 5 [18400/20000 (92.0%)]	Loss: 0.4653143286705017
[2023-05-01 19:02:20] Train Epoch: 5 [19200/20000 (96.0%)]	Loss: 0.37919026613235474
[2023-05-01 19:02:23] ========== Metrics ==========
[2023-05-01 19:02:23] {
  "tr_loss": 0.4685057776369373,
  "tr_acc": 0.7785778577857786,
  "tr_f1": 0.7721518987341772,
  "val_loss": 0.5046756367082811,
  "val_acc": 0.7722508438443774,
  "val_f1": 0.7668242997453619,
  "test_loss": 0.5159763100993665,
  "test_acc": 0.7859078590785907,
  "test_f1": 0.7787114845938374
}
[2023-05-01 19:02:23] ========== Metrics ==========
[2023-05-01 19:02:24] Train Epoch: 6 [0/20000 (0.0%)]	Loss: 0.41307103633880615
[2023-05-01 19:02:24] Train Epoch: 6 [800/20000 (4.0%)]	Loss: 0.45050671696662903
[2023-05-01 19:02:24] Train Epoch: 6 [1600/20000 (8.0%)]	Loss: 0.40580904483795166
[2023-05-01 19:02:24] Train Epoch: 6 [2400/20000 (12.0%)]	Loss: 0.4563070833683014
[2023-05-01 19:02:25] Train Epoch: 6 [3200/20000 (16.0%)]	Loss: 0.3324156105518341
[2023-05-01 19:02:25] Train Epoch: 6 [4000/20000 (20.0%)]	Loss: 0.4463256001472473
[2023-05-01 19:02:25] Train Epoch: 6 [4800/20000 (24.0%)]	Loss: 0.4537202715873718
[2023-05-01 19:02:25] Train Epoch: 6 [5600/20000 (28.0%)]	Loss: 0.3957328200340271
[2023-05-01 19:02:25] Train Epoch: 6 [6400/20000 (32.0%)]	Loss: 0.2547531723976135
[2023-05-01 19:02:25] Train Epoch: 6 [7200/20000 (36.0%)]	Loss: 0.5532910227775574
[2023-05-01 19:02:26] Train Epoch: 6 [8000/20000 (40.0%)]	Loss: 0.4619285464286804
[2023-05-01 19:02:26] Train Epoch: 6 [8800/20000 (44.0%)]	Loss: 0.4691604971885681
[2023-05-01 19:02:26] Train Epoch: 6 [9600/20000 (48.0%)]	Loss: 0.7622696161270142
[2023-05-01 19:02:26] Train Epoch: 6 [10400/20000 (52.0%)]	Loss: 0.4610423445701599
[2023-05-01 19:02:26] Train Epoch: 6 [11200/20000 (56.0%)]	Loss: 0.4650961458683014
[2023-05-01 19:02:27] Train Epoch: 6 [12000/20000 (60.0%)]	Loss: 0.4707760214805603
[2023-05-01 19:02:27] Train Epoch: 6 [12800/20000 (64.0%)]	Loss: 0.5233416557312012
[2023-05-01 19:02:27] Train Epoch: 6 [13600/20000 (68.0%)]	Loss: 0.6524143218994141
[2023-05-01 19:02:27] Train Epoch: 6 [14400/20000 (72.0%)]	Loss: 0.5210467576980591
[2023-05-01 19:02:27] Train Epoch: 6 [15200/20000 (76.0%)]	Loss: 0.6434699296951294
[2023-05-01 19:02:27] Train Epoch: 6 [16000/20000 (80.0%)]	Loss: 0.5545047521591187
[2023-05-01 19:02:28] Train Epoch: 6 [16800/20000 (84.0%)]	Loss: 0.22199860215187073
[2023-05-01 19:02:28] Train Epoch: 6 [17600/20000 (88.0%)]	Loss: 0.309060662984848
[2023-05-01 19:02:28] Train Epoch: 6 [18400/20000 (92.0%)]	Loss: 0.30223754048347473
[2023-05-01 19:02:28] Train Epoch: 6 [19200/20000 (96.0%)]	Loss: 0.3249073922634125
[2023-05-01 19:02:31] ========== Metrics ==========
[2023-05-01 19:02:31] {
  "tr_loss": 0.4252210221465605,
  "tr_acc": 0.8120312031203121,
  "tr_f1": 0.8045749935014296,
  "val_loss": 0.5032101053606237,
  "val_acc": 0.7742050097708296,
  "val_f1": 0.7734806629834254,
  "test_loss": 0.5262694824032668,
  "test_acc": 0.7777777777777778,
  "test_f1": 0.7759562841530054
}
[2023-05-01 19:02:31] ========== Metrics ==========
[2023-05-01 19:02:32] Train Epoch: 7 [0/20000 (0.0%)]	Loss: 0.47488024830818176
[2023-05-01 19:02:32] Train Epoch: 7 [800/20000 (4.0%)]	Loss: 0.4345863461494446
[2023-05-01 19:02:32] Train Epoch: 7 [1600/20000 (8.0%)]	Loss: 0.41816097497940063
[2023-05-01 19:02:32] Train Epoch: 7 [2400/20000 (12.0%)]	Loss: 0.40667665004730225
[2023-05-01 19:02:32] Train Epoch: 7 [3200/20000 (16.0%)]	Loss: 0.4528985023498535
[2023-05-01 19:02:32] Train Epoch: 7 [4000/20000 (20.0%)]	Loss: 0.5228499174118042
[2023-05-01 19:02:33] Train Epoch: 7 [4800/20000 (24.0%)]	Loss: 0.3512052595615387
[2023-05-01 19:02:33] Train Epoch: 7 [5600/20000 (28.0%)]	Loss: 0.270453542470932
[2023-05-01 19:02:33] Train Epoch: 7 [6400/20000 (32.0%)]	Loss: 0.6380130648612976
[2023-05-01 19:02:33] Train Epoch: 7 [7200/20000 (36.0%)]	Loss: 0.3822742700576782
[2023-05-01 19:02:33] Train Epoch: 7 [8000/20000 (40.0%)]	Loss: 0.6288549304008484
[2023-05-01 19:02:34] Train Epoch: 7 [8800/20000 (44.0%)]	Loss: 0.40732458233833313
[2023-05-01 19:02:34] Train Epoch: 7 [9600/20000 (48.0%)]	Loss: 0.29278144240379333
[2023-05-01 19:02:34] Train Epoch: 7 [10400/20000 (52.0%)]	Loss: 0.7413330078125
[2023-05-01 19:02:34] Train Epoch: 7 [11200/20000 (56.0%)]	Loss: 0.3806029260158539
[2023-05-01 19:02:34] Train Epoch: 7 [12000/20000 (60.0%)]	Loss: 0.438090443611145
[2023-05-01 19:02:34] Train Epoch: 7 [12800/20000 (64.0%)]	Loss: 0.4639209508895874
[2023-05-01 19:02:35] Train Epoch: 7 [13600/20000 (68.0%)]	Loss: 0.33038365840911865
[2023-05-01 19:02:35] Train Epoch: 7 [14400/20000 (72.0%)]	Loss: 0.3288089632987976
[2023-05-01 19:02:35] Train Epoch: 7 [15200/20000 (76.0%)]	Loss: 0.42366310954093933
[2023-05-01 19:02:35] Train Epoch: 7 [16000/20000 (80.0%)]	Loss: 0.4189041256904602
[2023-05-01 19:02:35] Train Epoch: 7 [16800/20000 (84.0%)]	Loss: 0.41019025444984436
[2023-05-01 19:02:35] Train Epoch: 7 [17600/20000 (88.0%)]	Loss: 0.35243961215019226
[2023-05-01 19:02:36] Train Epoch: 7 [18400/20000 (92.0%)]	Loss: 0.4998185932636261
[2023-05-01 19:02:36] Train Epoch: 7 [19200/20000 (96.0%)]	Loss: 0.3748340606689453
[2023-05-01 19:02:39] ========== Metrics ==========
[2023-05-01 19:02:39] {
  "tr_loss": 0.4206502935697775,
  "tr_acc": 0.8097309730973097,
  "tr_f1": 0.8037951838292167,
  "val_loss": 0.5015618654143685,
  "val_acc": 0.7743826612186889,
  "val_f1": 0.7743425728500356,
  "test_loss": 0.5082555812225755,
  "test_acc": 0.7777777777777778,
  "test_f1": 0.7771739130434783
}
[2023-05-01 19:02:39] ========== Metrics ==========
[2023-05-01 19:02:39] Train Epoch: 8 [0/20000 (0.0%)]	Loss: 0.6639556884765625
[2023-05-01 19:02:39] Train Epoch: 8 [800/20000 (4.0%)]	Loss: 0.36086028814315796
[2023-05-01 19:02:40] Train Epoch: 8 [1600/20000 (8.0%)]	Loss: 0.5413162708282471
[2023-05-01 19:02:40] Train Epoch: 8 [2400/20000 (12.0%)]	Loss: 0.5181963443756104
[2023-05-01 19:02:40] Train Epoch: 8 [3200/20000 (16.0%)]	Loss: 0.4490586221218109
[2023-05-01 19:02:40] Train Epoch: 8 [4000/20000 (20.0%)]	Loss: 0.6471819281578064
[2023-05-01 19:02:40] Train Epoch: 8 [4800/20000 (24.0%)]	Loss: 0.420014888048172
[2023-05-01 19:02:40] Train Epoch: 8 [5600/20000 (28.0%)]	Loss: 0.2257729470729828
[2023-05-01 19:02:41] Train Epoch: 8 [6400/20000 (32.0%)]	Loss: 0.5086140632629395
[2023-05-01 19:02:41] Train Epoch: 8 [7200/20000 (36.0%)]	Loss: 0.5285447835922241
[2023-05-01 19:02:41] Train Epoch: 8 [8000/20000 (40.0%)]	Loss: 0.31657862663269043
[2023-05-01 19:02:41] Train Epoch: 8 [8800/20000 (44.0%)]	Loss: 0.7086788415908813
[2023-05-01 19:02:41] Train Epoch: 8 [9600/20000 (48.0%)]	Loss: 0.6076455116271973
[2023-05-01 19:02:42] Train Epoch: 8 [10400/20000 (52.0%)]	Loss: 0.33011725544929504
[2023-05-01 19:02:42] Train Epoch: 8 [11200/20000 (56.0%)]	Loss: 0.3056606650352478
[2023-05-01 19:02:42] Train Epoch: 8 [12000/20000 (60.0%)]	Loss: 0.42855536937713623
[2023-05-01 19:02:42] Train Epoch: 8 [12800/20000 (64.0%)]	Loss: 0.549910306930542
[2023-05-01 19:02:42] Train Epoch: 8 [13600/20000 (68.0%)]	Loss: 0.4137459099292755
[2023-05-01 19:02:42] Train Epoch: 8 [14400/20000 (72.0%)]	Loss: 0.3325579762458801
[2023-05-01 19:02:43] Train Epoch: 8 [15200/20000 (76.0%)]	Loss: 0.6624284982681274
[2023-05-01 19:02:43] Train Epoch: 8 [16000/20000 (80.0%)]	Loss: 0.34690430760383606
[2023-05-01 19:02:43] Train Epoch: 8 [16800/20000 (84.0%)]	Loss: 0.46015506982803345
[2023-05-01 19:02:43] Train Epoch: 8 [17600/20000 (88.0%)]	Loss: 0.6592187285423279
[2023-05-01 19:02:43] Train Epoch: 8 [18400/20000 (92.0%)]	Loss: 0.392728716135025
[2023-05-01 19:02:43] Train Epoch: 8 [19200/20000 (96.0%)]	Loss: 0.5129100680351257
[2023-05-01 19:02:46] ========== Metrics ==========
[2023-05-01 19:02:46] {
  "tr_loss": 0.4164097361450661,
  "tr_acc": 0.8145814581458146,
  "tr_f1": 0.8072765072765072,
  "val_loss": 0.5001991612171276,
  "val_acc": 0.7745603126665482,
  "val_f1": 0.7753584705257568,
  "test_loss": 0.5167456694088655,
  "test_acc": 0.7804878048780488,
  "test_f1": 0.7804878048780488
}
[2023-05-01 19:02:46] ========== Metrics ==========
[2023-05-01 19:02:47] Train Epoch: 9 [0/20000 (0.0%)]	Loss: 0.5423181056976318
[2023-05-01 19:02:47] Train Epoch: 9 [800/20000 (4.0%)]	Loss: 0.255599707365036
[2023-05-01 19:02:47] Train Epoch: 9 [1600/20000 (8.0%)]	Loss: 0.21274840831756592
[2023-05-01 19:02:48] Train Epoch: 9 [2400/20000 (12.0%)]	Loss: 0.5830988883972168
[2023-05-01 19:02:48] Train Epoch: 9 [3200/20000 (16.0%)]	Loss: 0.5935161709785461
[2023-05-01 19:02:48] Train Epoch: 9 [4000/20000 (20.0%)]	Loss: 0.4833996295928955
[2023-05-01 19:02:48] Train Epoch: 9 [4800/20000 (24.0%)]	Loss: 0.45186230540275574
[2023-05-01 19:02:48] Train Epoch: 9 [5600/20000 (28.0%)]	Loss: 0.3457309305667877
[2023-05-01 19:02:48] Train Epoch: 9 [6400/20000 (32.0%)]	Loss: 0.582176685333252
[2023-05-01 19:02:49] Train Epoch: 9 [7200/20000 (36.0%)]	Loss: 0.2692234516143799
[2023-05-01 19:02:49] Train Epoch: 9 [8000/20000 (40.0%)]	Loss: 0.37683138251304626
[2023-05-01 19:02:49] Train Epoch: 9 [8800/20000 (44.0%)]	Loss: 0.2719500660896301
[2023-05-01 19:02:49] Train Epoch: 9 [9600/20000 (48.0%)]	Loss: 0.34261515736579895
[2023-05-01 19:02:49] Train Epoch: 9 [10400/20000 (52.0%)]	Loss: 0.3476891815662384
[2023-05-01 19:02:49] Train Epoch: 9 [11200/20000 (56.0%)]	Loss: 0.41927093267440796
[2023-05-01 19:02:50] Train Epoch: 9 [12000/20000 (60.0%)]	Loss: 0.7039159536361694
[2023-05-01 19:02:50] Train Epoch: 9 [12800/20000 (64.0%)]	Loss: 0.42895781993865967
[2023-05-01 19:02:50] Train Epoch: 9 [13600/20000 (68.0%)]	Loss: 0.39988210797309875
[2023-05-01 19:02:50] Train Epoch: 9 [14400/20000 (72.0%)]	Loss: 0.23239518702030182
[2023-05-01 19:02:50] Train Epoch: 9 [15200/20000 (76.0%)]	Loss: 0.548820436000824
[2023-05-01 19:02:51] Train Epoch: 9 [16000/20000 (80.0%)]	Loss: 0.5662591457366943
[2023-05-01 19:02:51] Train Epoch: 9 [16800/20000 (84.0%)]	Loss: 0.3418867886066437
[2023-05-01 19:02:51] Train Epoch: 9 [17600/20000 (88.0%)]	Loss: 0.3799913227558136
[2023-05-01 19:02:51] Train Epoch: 9 [18400/20000 (92.0%)]	Loss: 0.4817945957183838
[2023-05-01 19:02:51] Train Epoch: 9 [19200/20000 (96.0%)]	Loss: 0.8556126356124878
[2023-05-01 19:02:54] ========== Metrics ==========
[2023-05-01 19:02:54] {
  "tr_loss": 0.4096649996649445,
  "tr_acc": 0.8194319431943194,
  "tr_f1": 0.8134139409910608,
  "val_loss": 0.4988931813276477,
  "val_acc": 0.7729614496358145,
  "val_f1": 0.7741251325556734,
  "test_loss": 0.5117235028646826,
  "test_acc": 0.7777777777777778,
  "test_f1": 0.7783783783783783
}
[2023-05-01 19:02:54] ========== Metrics ==========
[2023-05-01 19:02:55] Train Epoch: 10 [0/20000 (0.0%)]	Loss: 0.3286421597003937
[2023-05-01 19:02:55] Train Epoch: 10 [800/20000 (4.0%)]	Loss: 0.2702186107635498
[2023-05-01 19:02:55] Train Epoch: 10 [1600/20000 (8.0%)]	Loss: 0.590679407119751
[2023-05-01 19:02:55] Train Epoch: 10 [2400/20000 (12.0%)]	Loss: 0.40225929021835327
[2023-05-01 19:02:56] Train Epoch: 10 [3200/20000 (16.0%)]	Loss: 0.2489423155784607
[2023-05-01 19:02:56] Train Epoch: 10 [4000/20000 (20.0%)]	Loss: 0.37080177664756775
[2023-05-01 19:02:56] Train Epoch: 10 [4800/20000 (24.0%)]	Loss: 0.42932695150375366
[2023-05-01 19:02:56] Train Epoch: 10 [5600/20000 (28.0%)]	Loss: 0.3538081645965576
[2023-05-01 19:02:56] Train Epoch: 10 [6400/20000 (32.0%)]	Loss: 0.4665791690349579
[2023-05-01 19:02:56] Train Epoch: 10 [7200/20000 (36.0%)]	Loss: 0.5407137274742126
[2023-05-01 19:02:57] Train Epoch: 10 [8000/20000 (40.0%)]	Loss: 0.5339144468307495
[2023-05-01 19:02:57] Train Epoch: 10 [8800/20000 (44.0%)]	Loss: 0.552385687828064
[2023-05-01 19:02:57] Train Epoch: 10 [9600/20000 (48.0%)]	Loss: 0.259112149477005
[2023-05-01 19:02:57] Train Epoch: 10 [10400/20000 (52.0%)]	Loss: 0.5043313503265381
[2023-05-01 19:02:57] Train Epoch: 10 [11200/20000 (56.0%)]	Loss: 0.4294225871562958
[2023-05-01 19:02:57] Train Epoch: 10 [12000/20000 (60.0%)]	Loss: 0.5343027710914612
[2023-05-01 19:02:58] Train Epoch: 10 [12800/20000 (64.0%)]	Loss: 0.5716450214385986
[2023-05-01 19:02:58] Train Epoch: 10 [13600/20000 (68.0%)]	Loss: 0.20688295364379883
[2023-05-01 19:02:58] Train Epoch: 10 [14400/20000 (72.0%)]	Loss: 0.4148353934288025
[2023-05-01 19:02:58] Train Epoch: 10 [15200/20000 (76.0%)]	Loss: 0.6514346599578857
[2023-05-01 19:02:58] Train Epoch: 10 [16000/20000 (80.0%)]	Loss: 0.7271978259086609
[2023-05-01 19:02:58] Train Epoch: 10 [16800/20000 (84.0%)]	Loss: 0.8747729659080505
[2023-05-01 19:02:59] Train Epoch: 10 [17600/20000 (88.0%)]	Loss: 0.3696698546409607
[2023-05-01 19:02:59] Train Epoch: 10 [18400/20000 (92.0%)]	Loss: 0.540124237537384
[2023-05-01 19:02:59] Train Epoch: 10 [19200/20000 (96.0%)]	Loss: 0.25440308451652527
[2023-05-01 19:03:02] ========== Metrics ==========
[2023-05-01 19:03:02] {
  "tr_loss": 0.4056709859058587,
  "tr_acc": 0.8225322532253225,
  "tr_f1": 0.8156459404706249,
  "val_loss": 0.49762709472420413,
  "val_acc": 0.7733167525315331,
  "val_f1": 0.7748764996471418,
  "test_loss": 0.503792921702067,
  "test_acc": 0.7777777777777778,
  "test_f1": 0.7783783783783783
}
[2023-05-01 19:03:02] ========== Metrics ==========
[2023-05-01 19:03:02] Train Epoch: 11 [0/20000 (0.0%)]	Loss: 0.3899349272251129
[2023-05-01 19:03:03] Train Epoch: 11 [800/20000 (4.0%)]	Loss: 0.4884796738624573
[2023-05-01 19:03:03] Train Epoch: 11 [1600/20000 (8.0%)]	Loss: 0.40631502866744995
[2023-05-01 19:03:03] Train Epoch: 11 [2400/20000 (12.0%)]	Loss: 0.37656259536743164
[2023-05-01 19:03:03] Train Epoch: 11 [3200/20000 (16.0%)]	Loss: 0.3774380385875702
[2023-05-01 19:03:03] Train Epoch: 11 [4000/20000 (20.0%)]	Loss: 0.350429892539978
[2023-05-01 19:03:04] Train Epoch: 11 [4800/20000 (24.0%)]	Loss: 0.347990483045578
[2023-05-01 19:03:04] Train Epoch: 11 [5600/20000 (28.0%)]	Loss: 0.34761953353881836
[2023-05-01 19:03:04] Train Epoch: 11 [6400/20000 (32.0%)]	Loss: 0.2213648110628128
[2023-05-01 19:03:04] Train Epoch: 11 [7200/20000 (36.0%)]	Loss: 0.2606247663497925
[2023-05-01 19:03:04] Train Epoch: 11 [8000/20000 (40.0%)]	Loss: 0.30364853143692017
[2023-05-01 19:03:05] Train Epoch: 11 [8800/20000 (44.0%)]	Loss: 0.6549169421195984
[2023-05-01 19:03:05] Train Epoch: 11 [9600/20000 (48.0%)]	Loss: 0.4929885268211365
[2023-05-01 19:03:05] Train Epoch: 11 [10400/20000 (52.0%)]	Loss: 0.540659487247467
[2023-05-01 19:03:05] Train Epoch: 11 [11200/20000 (56.0%)]	Loss: 0.5394014716148376
[2023-05-01 19:03:05] Train Epoch: 11 [12000/20000 (60.0%)]	Loss: 0.4897579550743103
[2023-05-01 19:03:05] Train Epoch: 11 [12800/20000 (64.0%)]	Loss: 0.39021676778793335
[2023-05-01 19:03:06] Train Epoch: 11 [13600/20000 (68.0%)]	Loss: 0.319370299577713
[2023-05-01 19:03:06] Train Epoch: 11 [14400/20000 (72.0%)]	Loss: 0.24418896436691284
[2023-05-01 19:03:06] Train Epoch: 11 [15200/20000 (76.0%)]	Loss: 0.38321876525878906
[2023-05-01 19:03:06] Train Epoch: 11 [16000/20000 (80.0%)]	Loss: 0.35604801774024963
[2023-05-01 19:03:06] Train Epoch: 11 [16800/20000 (84.0%)]	Loss: 0.47360503673553467
[2023-05-01 19:03:07] Train Epoch: 11 [17600/20000 (88.0%)]	Loss: 0.4471086859703064
[2023-05-01 19:03:07] Train Epoch: 11 [18400/20000 (92.0%)]	Loss: 0.4501493275165558
[2023-05-01 19:03:07] Train Epoch: 11 [19200/20000 (96.0%)]	Loss: 0.3497527837753296
[2023-05-01 19:03:10] ========== Metrics ==========
[2023-05-01 19:03:10] {
  "tr_loss": 0.396062744249164,
  "tr_acc": 0.8272827282728272,
  "tr_f1": 0.8203100613879929,
  "val_loss": 0.497559667628958,
  "val_acc": 0.7729614496358145,
  "val_f1": 0.7746826516220028,
  "test_loss": 0.5040950917293062,
  "test_acc": 0.7777777777777778,
  "test_f1": 0.7783783783783783
}
[2023-05-01 19:03:10] ========== Metrics ==========
[2023-05-01 19:03:11] Train Epoch: 12 [0/20000 (0.0%)]	Loss: 0.3132528066635132
[2023-05-01 19:03:11] Train Epoch: 12 [800/20000 (4.0%)]	Loss: 0.2288738638162613
[2023-05-01 19:03:11] Train Epoch: 12 [1600/20000 (8.0%)]	Loss: 0.30373096466064453
[2023-05-01 19:03:11] Train Epoch: 12 [2400/20000 (12.0%)]	Loss: 0.3634853661060333
[2023-05-01 19:03:11] Train Epoch: 12 [3200/20000 (16.0%)]	Loss: 0.22855797410011292
[2023-05-01 19:03:12] Train Epoch: 12 [4000/20000 (20.0%)]	Loss: 0.31603163480758667
[2023-05-01 19:03:12] Train Epoch: 12 [4800/20000 (24.0%)]	Loss: 0.4314150810241699
[2023-05-01 19:03:12] Train Epoch: 12 [5600/20000 (28.0%)]	Loss: 0.17226174473762512
[2023-05-01 19:03:12] Train Epoch: 12 [6400/20000 (32.0%)]	Loss: 0.409924179315567
[2023-05-01 19:03:12] Train Epoch: 12 [7200/20000 (36.0%)]	Loss: 0.41006094217300415
[2023-05-01 19:03:12] Train Epoch: 12 [8000/20000 (40.0%)]	Loss: 0.7002955675125122
[2023-05-01 19:03:13] Train Epoch: 12 [8800/20000 (44.0%)]	Loss: 0.4348699748516083
[2023-05-01 19:03:13] Train Epoch: 12 [9600/20000 (48.0%)]	Loss: 0.3696736693382263
[2023-05-01 19:03:13] Train Epoch: 12 [10400/20000 (52.0%)]	Loss: 0.4967086911201477
[2023-05-01 19:03:13] Train Epoch: 12 [11200/20000 (56.0%)]	Loss: 0.3536824584007263
[2023-05-01 19:03:13] Train Epoch: 12 [12000/20000 (60.0%)]	Loss: 0.20442990958690643
[2023-05-01 19:03:13] Train Epoch: 12 [12800/20000 (64.0%)]	Loss: 0.471440851688385
[2023-05-01 19:03:14] Train Epoch: 12 [13600/20000 (68.0%)]	Loss: 0.2942450940608978
[2023-05-01 19:03:14] Train Epoch: 12 [14400/20000 (72.0%)]	Loss: 0.33548346161842346
[2023-05-01 19:03:14] Train Epoch: 12 [15200/20000 (76.0%)]	Loss: 0.3326341509819031
[2023-05-01 19:03:14] Train Epoch: 12 [16000/20000 (80.0%)]	Loss: 0.28631284832954407
[2023-05-01 19:03:14] Train Epoch: 12 [16800/20000 (84.0%)]	Loss: 0.6110873222351074
[2023-05-01 19:03:14] Train Epoch: 12 [17600/20000 (88.0%)]	Loss: 0.4940299391746521
[2023-05-01 19:03:15] Train Epoch: 12 [18400/20000 (92.0%)]	Loss: 0.385317862033844
[2023-05-01 19:03:15] Train Epoch: 12 [19200/20000 (96.0%)]	Loss: 0.3088858425617218
[2023-05-01 19:03:18] ========== Metrics ==========
[2023-05-01 19:03:18] {
  "tr_loss": 0.39501034412303915,
  "tr_acc": 0.8283328332833283,
  "tr_f1": 0.8219121232556933,
  "val_loss": 0.4976598287607133,
  "val_acc": 0.7729614496358145,
  "val_f1": 0.7747620726119139,
  "test_loss": 0.51555516467831,
  "test_acc": 0.7777777777777778,
  "test_f1": 0.7783783783783783
}
[2023-05-01 19:03:18] ========== Metrics ==========
[2023-05-01 19:03:18] Train Epoch: 13 [0/20000 (0.0%)]	Loss: 0.41380828619003296
[2023-05-01 19:03:19] Train Epoch: 13 [800/20000 (4.0%)]	Loss: 0.40144824981689453
[2023-05-01 19:03:19] Train Epoch: 13 [1600/20000 (8.0%)]	Loss: 0.462753564119339
[2023-05-01 19:03:19] Train Epoch: 13 [2400/20000 (12.0%)]	Loss: 0.49487924575805664
[2023-05-01 19:03:19] Train Epoch: 13 [3200/20000 (16.0%)]	Loss: 0.4198177754878998
[2023-05-01 19:03:19] Train Epoch: 13 [4000/20000 (20.0%)]	Loss: 0.19310873746871948
[2023-05-01 19:03:19] Train Epoch: 13 [4800/20000 (24.0%)]	Loss: 0.6316832900047302
[2023-05-01 19:03:20] Train Epoch: 13 [5600/20000 (28.0%)]	Loss: 0.3000427782535553
[2023-05-01 19:03:20] Train Epoch: 13 [6400/20000 (32.0%)]	Loss: 0.3710658550262451
[2023-05-01 19:03:20] Train Epoch: 13 [7200/20000 (36.0%)]	Loss: 0.28130996227264404
[2023-05-01 19:03:20] Train Epoch: 13 [8000/20000 (40.0%)]	Loss: 0.323925256729126
[2023-05-01 19:03:20] Train Epoch: 13 [8800/20000 (44.0%)]	Loss: 0.263800710439682
[2023-05-01 19:03:21] Train Epoch: 13 [9600/20000 (48.0%)]	Loss: 0.5612635016441345
[2023-05-01 19:03:21] Train Epoch: 13 [10400/20000 (52.0%)]	Loss: 0.5721859335899353
[2023-05-01 19:03:21] Train Epoch: 13 [11200/20000 (56.0%)]	Loss: 0.2816476821899414
[2023-05-01 19:03:21] Train Epoch: 13 [12000/20000 (60.0%)]	Loss: 0.25770461559295654
[2023-05-01 19:03:21] Train Epoch: 13 [12800/20000 (64.0%)]	Loss: 0.3810925781726837
[2023-05-01 19:03:22] Train Epoch: 13 [13600/20000 (68.0%)]	Loss: 0.4588768184185028
[2023-05-01 19:03:22] Train Epoch: 13 [14400/20000 (72.0%)]	Loss: 0.31753459572792053
[2023-05-01 19:03:22] Train Epoch: 13 [15200/20000 (76.0%)]	Loss: 0.329304963350296
[2023-05-01 19:03:22] Train Epoch: 13 [16000/20000 (80.0%)]	Loss: 0.4774332344532013
[2023-05-01 19:03:22] Train Epoch: 13 [16800/20000 (84.0%)]	Loss: 0.35085827112197876
[2023-05-01 19:03:22] Train Epoch: 13 [17600/20000 (88.0%)]	Loss: 0.5193057060241699
[2023-05-01 19:03:23] Train Epoch: 13 [18400/20000 (92.0%)]	Loss: 0.480081170797348
[2023-05-01 19:03:23] Train Epoch: 13 [19200/20000 (96.0%)]	Loss: 0.2536371350288391
[2023-05-01 19:03:26] ========== Metrics ==========
[2023-05-01 19:03:26] {
  "tr_loss": 0.3960623911636235,
  "tr_acc": 0.827982798279828,
  "tr_f1": 0.8219645999378946,
  "val_loss": 0.4972809254328975,
  "val_acc": 0.7727837981879553,
  "val_f1": 0.7745460955402785,
  "test_loss": 0.4975625415481526,
  "test_acc": 0.7777777777777778,
  "test_f1": 0.7783783783783783
}
[2023-05-01 19:03:26] ========== Metrics ==========
[2023-05-01 19:03:26] Train Epoch: 14 [0/20000 (0.0%)]	Loss: 0.43841129541397095
[2023-05-01 19:03:27] Train Epoch: 14 [800/20000 (4.0%)]	Loss: 0.3646700978279114
[2023-05-01 19:03:27] Train Epoch: 14 [1600/20000 (8.0%)]	Loss: 0.5187603831291199
[2023-05-01 19:03:27] Train Epoch: 14 [2400/20000 (12.0%)]	Loss: 0.4469839930534363
[2023-05-01 19:03:27] Train Epoch: 14 [3200/20000 (16.0%)]	Loss: 0.563322126865387
[2023-05-01 19:03:27] Train Epoch: 14 [4000/20000 (20.0%)]	Loss: 0.33401912450790405
[2023-05-01 19:03:27] Train Epoch: 14 [4800/20000 (24.0%)]	Loss: 0.22777396440505981
[2023-05-01 19:03:28] Train Epoch: 14 [5600/20000 (28.0%)]	Loss: 0.499357670545578
[2023-05-01 19:03:28] Train Epoch: 14 [6400/20000 (32.0%)]	Loss: 0.44889119267463684
[2023-05-01 19:03:28] Train Epoch: 14 [7200/20000 (36.0%)]	Loss: 0.35362470149993896
[2023-05-01 19:03:28] Train Epoch: 14 [8000/20000 (40.0%)]	Loss: 0.31081435084342957
[2023-05-01 19:03:28] Train Epoch: 14 [8800/20000 (44.0%)]	Loss: 0.4190382957458496
[2023-05-01 19:03:29] Train Epoch: 14 [9600/20000 (48.0%)]	Loss: 0.4898682236671448
[2023-05-01 19:03:29] Train Epoch: 14 [10400/20000 (52.0%)]	Loss: 0.5853675007820129
[2023-05-01 19:03:29] Train Epoch: 14 [11200/20000 (56.0%)]	Loss: 0.4053651690483093
[2023-05-01 19:03:29] Train Epoch: 14 [12000/20000 (60.0%)]	Loss: 0.3747623562812805
[2023-05-01 19:03:29] Train Epoch: 14 [12800/20000 (64.0%)]	Loss: 0.43117251992225647
[2023-05-01 19:03:29] Train Epoch: 14 [13600/20000 (68.0%)]	Loss: 0.48096129298210144
[2023-05-01 19:03:30] Train Epoch: 14 [14400/20000 (72.0%)]	Loss: 0.4435254633426666
[2023-05-01 19:03:30] Train Epoch: 14 [15200/20000 (76.0%)]	Loss: 0.6410486102104187
[2023-05-01 19:03:30] Train Epoch: 14 [16000/20000 (80.0%)]	Loss: 0.3259817063808441
[2023-05-01 19:03:30] Train Epoch: 14 [16800/20000 (84.0%)]	Loss: 0.2989727258682251
[2023-05-01 19:03:30] Train Epoch: 14 [17600/20000 (88.0%)]	Loss: 0.2312227338552475
[2023-05-01 19:03:30] Train Epoch: 14 [18400/20000 (92.0%)]	Loss: 0.34509414434432983
[2023-05-01 19:03:31] Train Epoch: 14 [19200/20000 (96.0%)]	Loss: 0.2497462034225464
[2023-05-01 19:03:32] Stop At epoch 14/20 due to valid not increase
[2023-05-01 19:03:33] ========== Metrics ==========
[2023-05-01 19:03:33] {
  "tr_loss": 0.3953592848069597,
  "tr_acc": 0.8279327932793279,
  "tr_f1": 0.8204726874315228,
  "val_loss": 0.4971618442260937,
  "val_acc": 0.7722508438443774,
  "val_f1": 0.7742162733356815,
  "test_loss": 0.49183613562648537,
  "test_acc": 0.7804878048780488,
  "test_f1": 0.7816711590296496
}
[2023-05-01 19:03:33] ========== Metrics ==========
