[2023-05-03 20:46:06] Train Epoch: 1 [0/20000 (0.0%)]	Loss: 0.7207201719284058
[2023-05-03 20:46:06] Train Epoch: 1 [800/20000 (4.0%)]	Loss: 0.7041938304901123
[2023-05-03 20:46:07] Train Epoch: 1 [1600/20000 (8.0%)]	Loss: 0.7256233096122742
[2023-05-03 20:46:07] Train Epoch: 1 [2400/20000 (12.0%)]	Loss: 0.7331592440605164
[2023-05-03 20:46:07] Train Epoch: 1 [3200/20000 (16.0%)]	Loss: 0.7004048824310303
[2023-05-03 20:46:08] Train Epoch: 1 [4000/20000 (20.0%)]	Loss: 0.6776196360588074
[2023-05-03 20:46:08] Train Epoch: 1 [4800/20000 (24.0%)]	Loss: 0.6614876985549927
[2023-05-03 20:46:08] Train Epoch: 1 [5600/20000 (28.0%)]	Loss: 0.7082433104515076
[2023-05-03 20:46:09] Train Epoch: 1 [6400/20000 (32.0%)]	Loss: 0.6836422681808472
[2023-05-03 20:46:09] Train Epoch: 1 [7200/20000 (36.0%)]	Loss: 0.7170593738555908
[2023-05-03 20:46:09] Train Epoch: 1 [8000/20000 (40.0%)]	Loss: 0.7021996378898621
[2023-05-03 20:46:10] Train Epoch: 1 [8800/20000 (44.0%)]	Loss: 0.688278079032898
[2023-05-03 20:46:10] Train Epoch: 1 [9600/20000 (48.0%)]	Loss: 0.6711627244949341
[2023-05-03 20:46:10] Train Epoch: 1 [10400/20000 (52.0%)]	Loss: 0.6992995738983154
[2023-05-03 20:46:11] Train Epoch: 1 [11200/20000 (56.0%)]	Loss: 0.6768194437026978
[2023-05-03 20:46:11] Train Epoch: 1 [12000/20000 (60.0%)]	Loss: 0.684678852558136
[2023-05-03 20:46:11] Train Epoch: 1 [12800/20000 (64.0%)]	Loss: 0.6550639271736145
[2023-05-03 20:46:11] Train Epoch: 1 [13600/20000 (68.0%)]	Loss: 0.6808051466941833
[2023-05-03 20:46:12] Train Epoch: 1 [14400/20000 (72.0%)]	Loss: 0.6892189383506775
[2023-05-03 20:46:12] Train Epoch: 1 [15200/20000 (76.0%)]	Loss: 0.7163970470428467
[2023-05-03 20:46:12] Train Epoch: 1 [16000/20000 (80.0%)]	Loss: 0.690765380859375
[2023-05-03 20:46:13] Train Epoch: 1 [16800/20000 (84.0%)]	Loss: 0.6929038763046265
[2023-05-03 20:46:13] Train Epoch: 1 [17600/20000 (88.0%)]	Loss: 0.65691077709198
[2023-05-03 20:46:13] Train Epoch: 1 [18400/20000 (92.0%)]	Loss: 0.6525810360908508
[2023-05-03 20:46:14] Train Epoch: 1 [19200/20000 (96.0%)]	Loss: 0.629183828830719
[2023-05-03 20:46:18] ========== Metrics ==========
[2023-05-03 20:46:18] {
  "tr_loss": 0.6860728133665417,
  "tr_acc": 0.544954495449545,
  "tr_f1": 0.5535714285714286,
  "val_loss": 0.6539251548101602,
  "val_acc": 0.7212648783087582,
  "val_f1": 0.7393254693470677,
  "test_loss": 0.6807154265199573,
  "test_acc": 0.7371273712737128,
  "test_f1": 0.7556675062972293
}
[2023-05-03 20:46:18] ========== Metrics ==========
[2023-05-03 20:46:19] Train Epoch: 2 [0/20000 (0.0%)]	Loss: 0.608982264995575
[2023-05-03 20:46:19] Train Epoch: 2 [800/20000 (4.0%)]	Loss: 0.5965564250946045
[2023-05-03 20:46:20] Train Epoch: 2 [1600/20000 (8.0%)]	Loss: 0.6079469919204712
[2023-05-03 20:46:20] Train Epoch: 2 [2400/20000 (12.0%)]	Loss: 0.5387460589408875
[2023-05-03 20:46:20] Train Epoch: 2 [3200/20000 (16.0%)]	Loss: 0.6140598654747009
[2023-05-03 20:46:21] Train Epoch: 2 [4000/20000 (20.0%)]	Loss: 0.6286611557006836
[2023-05-03 20:46:21] Train Epoch: 2 [4800/20000 (24.0%)]	Loss: 0.5865278840065002
[2023-05-03 20:46:21] Train Epoch: 2 [5600/20000 (28.0%)]	Loss: 0.5450021624565125
[2023-05-03 20:46:22] Train Epoch: 2 [6400/20000 (32.0%)]	Loss: 0.6203038096427917
[2023-05-03 20:46:22] Train Epoch: 2 [7200/20000 (36.0%)]	Loss: 0.5686436295509338
[2023-05-03 20:46:22] Train Epoch: 2 [8000/20000 (40.0%)]	Loss: 0.5857555270195007
[2023-05-03 20:46:23] Train Epoch: 2 [8800/20000 (44.0%)]	Loss: 0.5821174383163452
[2023-05-03 20:46:23] Train Epoch: 2 [9600/20000 (48.0%)]	Loss: 0.5926707983016968
[2023-05-03 20:46:23] Train Epoch: 2 [10400/20000 (52.0%)]	Loss: 0.6307401657104492
[2023-05-03 20:46:24] Train Epoch: 2 [11200/20000 (56.0%)]	Loss: 0.47312766313552856
[2023-05-03 20:46:24] Train Epoch: 2 [12000/20000 (60.0%)]	Loss: 0.5662629008293152
[2023-05-03 20:46:24] Train Epoch: 2 [12800/20000 (64.0%)]	Loss: 0.5578153729438782
[2023-05-03 20:46:24] Train Epoch: 2 [13600/20000 (68.0%)]	Loss: 0.5440142154693604
[2023-05-03 20:46:25] Train Epoch: 2 [14400/20000 (72.0%)]	Loss: 0.7220942378044128
[2023-05-03 20:46:25] Train Epoch: 2 [15200/20000 (76.0%)]	Loss: 0.6093195676803589
[2023-05-03 20:46:25] Train Epoch: 2 [16000/20000 (80.0%)]	Loss: 0.6045170426368713
[2023-05-03 20:46:26] Train Epoch: 2 [16800/20000 (84.0%)]	Loss: 0.5908166170120239
[2023-05-03 20:46:26] Train Epoch: 2 [17600/20000 (88.0%)]	Loss: 0.6449953317642212
[2023-05-03 20:46:26] Train Epoch: 2 [18400/20000 (92.0%)]	Loss: 0.7428262233734131
[2023-05-03 20:46:27] Train Epoch: 2 [19200/20000 (96.0%)]	Loss: 0.47294774651527405
[2023-05-03 20:46:31] ========== Metrics ==========
[2023-05-03 20:46:31] {
  "tr_loss": 0.5861687236028214,
  "tr_acc": 0.7071207120712071,
  "tr_f1": 0.706812834759974,
  "val_loss": 0.5425795613395784,
  "val_acc": 0.7720731923965181,
  "val_f1": 0.7556655875071415,
  "test_loss": 0.5509089092575115,
  "test_acc": 0.7615176151761518,
  "test_f1": 0.745664739884393
}
[2023-05-03 20:46:31] ========== Metrics ==========
[2023-05-03 20:46:32] Train Epoch: 3 [0/20000 (0.0%)]	Loss: 0.5287582874298096
[2023-05-03 20:46:32] Train Epoch: 3 [800/20000 (4.0%)]	Loss: 0.439409077167511
[2023-05-03 20:46:33] Train Epoch: 3 [1600/20000 (8.0%)]	Loss: 0.5411689281463623
[2023-05-03 20:46:33] Train Epoch: 3 [2400/20000 (12.0%)]	Loss: 0.5538650751113892
[2023-05-03 20:46:33] Train Epoch: 3 [3200/20000 (16.0%)]	Loss: 0.38200879096984863
[2023-05-03 20:46:34] Train Epoch: 3 [4000/20000 (20.0%)]	Loss: 0.5421761274337769
[2023-05-03 20:46:34] Train Epoch: 3 [4800/20000 (24.0%)]	Loss: 0.5305997729301453
[2023-05-03 20:46:34] Train Epoch: 3 [5600/20000 (28.0%)]	Loss: 0.3828454911708832
[2023-05-03 20:46:35] Train Epoch: 3 [6400/20000 (32.0%)]	Loss: 0.4883505702018738
[2023-05-03 20:46:35] Train Epoch: 3 [7200/20000 (36.0%)]	Loss: 0.4247452914714813
[2023-05-03 20:46:35] Train Epoch: 3 [8000/20000 (40.0%)]	Loss: 0.6260460019111633
[2023-05-03 20:46:36] Train Epoch: 3 [8800/20000 (44.0%)]	Loss: 0.3806619644165039
[2023-05-03 20:46:36] Train Epoch: 3 [9600/20000 (48.0%)]	Loss: 0.39864104986190796
[2023-05-03 20:46:36] Train Epoch: 3 [10400/20000 (52.0%)]	Loss: 0.3498570919036865
[2023-05-03 20:46:37] Train Epoch: 3 [11200/20000 (56.0%)]	Loss: 0.28772807121276855
[2023-05-03 20:46:37] Train Epoch: 3 [12000/20000 (60.0%)]	Loss: 0.4502441883087158
[2023-05-03 20:46:37] Train Epoch: 3 [12800/20000 (64.0%)]	Loss: 0.5869412422180176
[2023-05-03 20:46:38] Train Epoch: 3 [13600/20000 (68.0%)]	Loss: 0.49685990810394287
[2023-05-03 20:46:38] Train Epoch: 3 [14400/20000 (72.0%)]	Loss: 0.3721821904182434
[2023-05-03 20:46:38] Train Epoch: 3 [15200/20000 (76.0%)]	Loss: 0.5287584662437439
[2023-05-03 20:46:38] Train Epoch: 3 [16000/20000 (80.0%)]	Loss: 0.3083896040916443
[2023-05-03 20:46:39] Train Epoch: 3 [16800/20000 (84.0%)]	Loss: 0.5047939419746399
[2023-05-03 20:46:39] Train Epoch: 3 [17600/20000 (88.0%)]	Loss: 0.48373550176620483
[2023-05-03 20:46:39] Train Epoch: 3 [18400/20000 (92.0%)]	Loss: 0.3869997262954712
[2023-05-03 20:46:40] Train Epoch: 3 [19200/20000 (96.0%)]	Loss: 0.4213436245918274
[2023-05-03 20:46:44] ========== Metrics ==========
[2023-05-03 20:46:44] {
  "tr_loss": 0.4547710328093051,
  "tr_acc": 0.797979797979798,
  "tr_f1": 0.7945484133441822,
  "val_loss": 0.47976459841000546,
  "val_acc": 0.7919701545567597,
  "val_f1": 0.7901057537193045,
  "test_loss": 0.4710664936520543,
  "test_acc": 0.7831978319783198,
  "test_f1": 0.7777777777777777
}
[2023-05-03 20:46:44] ========== Metrics ==========
[2023-05-03 20:46:45] Train Epoch: 4 [0/20000 (0.0%)]	Loss: 0.24732299149036407
[2023-05-03 20:46:46] Train Epoch: 4 [800/20000 (4.0%)]	Loss: 0.3957144320011139
[2023-05-03 20:46:46] Train Epoch: 4 [1600/20000 (8.0%)]	Loss: 0.27868422865867615
[2023-05-03 20:46:46] Train Epoch: 4 [2400/20000 (12.0%)]	Loss: 0.495190292596817
[2023-05-03 20:46:47] Train Epoch: 4 [3200/20000 (16.0%)]	Loss: 0.28394249081611633
[2023-05-03 20:46:47] Train Epoch: 4 [4000/20000 (20.0%)]	Loss: 0.2729308605194092
[2023-05-03 20:46:47] Train Epoch: 4 [4800/20000 (24.0%)]	Loss: 0.2886391878128052
[2023-05-03 20:46:48] Train Epoch: 4 [5600/20000 (28.0%)]	Loss: 0.3845090866088867
[2023-05-03 20:46:48] Train Epoch: 4 [6400/20000 (32.0%)]	Loss: 0.4881284236907959
[2023-05-03 20:46:48] Train Epoch: 4 [7200/20000 (36.0%)]	Loss: 0.40339481830596924
[2023-05-03 20:46:49] Train Epoch: 4 [8000/20000 (40.0%)]	Loss: 0.2893027067184448
[2023-05-03 20:46:49] Train Epoch: 4 [8800/20000 (44.0%)]	Loss: 0.23528537154197693
[2023-05-03 20:46:49] Train Epoch: 4 [9600/20000 (48.0%)]	Loss: 0.373783677816391
[2023-05-03 20:46:49] Train Epoch: 4 [10400/20000 (52.0%)]	Loss: 0.3101079761981964
[2023-05-03 20:46:50] Train Epoch: 4 [11200/20000 (56.0%)]	Loss: 0.35755839943885803
[2023-05-03 20:46:50] Train Epoch: 4 [12000/20000 (60.0%)]	Loss: 0.1776735931634903
[2023-05-03 20:46:50] Train Epoch: 4 [12800/20000 (64.0%)]	Loss: 0.2360028475522995
[2023-05-03 20:46:51] Train Epoch: 4 [13600/20000 (68.0%)]	Loss: 0.28493407368659973
[2023-05-03 20:46:51] Train Epoch: 4 [14400/20000 (72.0%)]	Loss: 0.3353322744369507
[2023-05-03 20:46:51] Train Epoch: 4 [15200/20000 (76.0%)]	Loss: 0.26089614629745483
[2023-05-03 20:46:52] Train Epoch: 4 [16000/20000 (80.0%)]	Loss: 0.23550006747245789
[2023-05-03 20:46:52] Train Epoch: 4 [16800/20000 (84.0%)]	Loss: 0.39950042963027954
[2023-05-03 20:46:52] Train Epoch: 4 [17600/20000 (88.0%)]	Loss: 0.48531046509742737
[2023-05-03 20:46:53] Train Epoch: 4 [18400/20000 (92.0%)]	Loss: 0.10231130570173264
[2023-05-03 20:46:53] Train Epoch: 4 [19200/20000 (96.0%)]	Loss: 0.4568815231323242
[2023-05-03 20:46:57] ========== Metrics ==========
[2023-05-03 20:46:57] {
  "tr_loss": 0.353619644446115,
  "tr_acc": 0.8523852385238524,
  "tr_f1": 0.8504407741412504,
  "val_loss": 0.447376659653881,
  "val_acc": 0.8044057559069107,
  "val_f1": 0.8029353857168428,
  "test_loss": 0.48858474457490086,
  "test_acc": 0.8048780487804879,
  "test_f1": 0.8
}
[2023-05-03 20:46:57] ========== Metrics ==========
[2023-05-03 20:46:58] Train Epoch: 5 [0/20000 (0.0%)]	Loss: 0.2096417248249054
[2023-05-03 20:46:59] Train Epoch: 5 [800/20000 (4.0%)]	Loss: 0.2105601727962494
[2023-05-03 20:46:59] Train Epoch: 5 [1600/20000 (8.0%)]	Loss: 0.3942403495311737
[2023-05-03 20:46:59] Train Epoch: 5 [2400/20000 (12.0%)]	Loss: 0.2661629617214203
[2023-05-03 20:47:00] Train Epoch: 5 [3200/20000 (16.0%)]	Loss: 0.33231037855148315
[2023-05-03 20:47:00] Train Epoch: 5 [4000/20000 (20.0%)]	Loss: 0.3454030454158783
[2023-05-03 20:47:00] Train Epoch: 5 [4800/20000 (24.0%)]	Loss: 0.330912321805954
[2023-05-03 20:47:01] Train Epoch: 5 [5600/20000 (28.0%)]	Loss: 0.2708902955055237
[2023-05-03 20:47:01] Train Epoch: 5 [6400/20000 (32.0%)]	Loss: 0.304052472114563
[2023-05-03 20:47:01] Train Epoch: 5 [7200/20000 (36.0%)]	Loss: 0.26421254873275757
[2023-05-03 20:47:02] Train Epoch: 5 [8000/20000 (40.0%)]	Loss: 0.28200384974479675
[2023-05-03 20:47:02] Train Epoch: 5 [8800/20000 (44.0%)]	Loss: 0.14544367790222168
[2023-05-03 20:47:02] Train Epoch: 5 [9600/20000 (48.0%)]	Loss: 0.18358325958251953
[2023-05-03 20:47:03] Train Epoch: 5 [10400/20000 (52.0%)]	Loss: 0.2257537543773651
[2023-05-03 20:47:03] Train Epoch: 5 [11200/20000 (56.0%)]	Loss: 0.29574263095855713
[2023-05-03 20:47:03] Train Epoch: 5 [12000/20000 (60.0%)]	Loss: 0.4336321949958801
[2023-05-03 20:47:03] Train Epoch: 5 [12800/20000 (64.0%)]	Loss: 0.4170624315738678
[2023-05-03 20:47:04] Train Epoch: 5 [13600/20000 (68.0%)]	Loss: 0.4663843810558319
[2023-05-03 20:47:04] Train Epoch: 5 [14400/20000 (72.0%)]	Loss: 0.3589710593223572
[2023-05-03 20:47:04] Train Epoch: 5 [15200/20000 (76.0%)]	Loss: 0.3677337169647217
[2023-05-03 20:47:05] Train Epoch: 5 [16000/20000 (80.0%)]	Loss: 0.36326223611831665
[2023-05-03 20:47:05] Train Epoch: 5 [16800/20000 (84.0%)]	Loss: 0.38021644949913025
[2023-05-03 20:47:05] Train Epoch: 5 [17600/20000 (88.0%)]	Loss: 0.4804078936576843
[2023-05-03 20:47:06] Train Epoch: 5 [18400/20000 (92.0%)]	Loss: 0.3401922583580017
[2023-05-03 20:47:06] Train Epoch: 5 [19200/20000 (96.0%)]	Loss: 0.4462685286998749
[2023-05-03 20:47:10] ========== Metrics ==========
[2023-05-03 20:47:10] {
  "tr_loss": 0.2835005741826843,
  "tr_acc": 0.8828882888288829,
  "tr_f1": 0.8820032245062476,
  "val_loss": 0.4297754309659827,
  "val_acc": 0.8036951501154734,
  "val_f1": 0.8057655123923361,
  "test_loss": 0.5191020939731339,
  "test_acc": 0.8238482384823849,
  "test_f1": 0.8228882833787466
}
[2023-05-03 20:47:10] ========== Metrics ==========
[2023-05-03 20:47:11] Train Epoch: 6 [0/20000 (0.0%)]	Loss: 0.4646063446998596
[2023-05-03 20:47:11] Train Epoch: 6 [800/20000 (4.0%)]	Loss: 0.20198312401771545
[2023-05-03 20:47:12] Train Epoch: 6 [1600/20000 (8.0%)]	Loss: 0.18732716143131256
[2023-05-03 20:47:12] Train Epoch: 6 [2400/20000 (12.0%)]	Loss: 0.1680617779493332
[2023-05-03 20:47:12] Train Epoch: 6 [3200/20000 (16.0%)]	Loss: 0.26468905806541443
[2023-05-03 20:47:13] Train Epoch: 6 [4000/20000 (20.0%)]	Loss: 0.16265708208084106
[2023-05-03 20:47:13] Train Epoch: 6 [4800/20000 (24.0%)]	Loss: 0.28723233938217163
[2023-05-03 20:47:13] Train Epoch: 6 [5600/20000 (28.0%)]	Loss: 0.1790420562028885
[2023-05-03 20:47:14] Train Epoch: 6 [6400/20000 (32.0%)]	Loss: 0.246107280254364
[2023-05-03 20:47:14] Train Epoch: 6 [7200/20000 (36.0%)]	Loss: 0.19926349818706512
[2023-05-03 20:47:14] Train Epoch: 6 [8000/20000 (40.0%)]	Loss: 0.16171039640903473
[2023-05-03 20:47:15] Train Epoch: 6 [8800/20000 (44.0%)]	Loss: 0.10986272245645523
[2023-05-03 20:47:15] Train Epoch: 6 [9600/20000 (48.0%)]	Loss: 0.14482003450393677
[2023-05-03 20:47:15] Train Epoch: 6 [10400/20000 (52.0%)]	Loss: 0.20246344804763794
[2023-05-03 20:47:16] Train Epoch: 6 [11200/20000 (56.0%)]	Loss: 0.2812757194042206
[2023-05-03 20:47:16] Train Epoch: 6 [12000/20000 (60.0%)]	Loss: 0.15671582520008087
[2023-05-03 20:47:16] Train Epoch: 6 [12800/20000 (64.0%)]	Loss: 0.11665390431880951
[2023-05-03 20:47:16] Train Epoch: 6 [13600/20000 (68.0%)]	Loss: 0.1827816516160965
[2023-05-03 20:47:17] Train Epoch: 6 [14400/20000 (72.0%)]	Loss: 0.2963338792324066
[2023-05-03 20:47:17] Train Epoch: 6 [15200/20000 (76.0%)]	Loss: 0.13131587207317352
[2023-05-03 20:47:17] Train Epoch: 6 [16000/20000 (80.0%)]	Loss: 0.12323354184627533
[2023-05-03 20:47:18] Train Epoch: 6 [16800/20000 (84.0%)]	Loss: 0.38142651319503784
[2023-05-03 20:47:18] Train Epoch: 6 [17600/20000 (88.0%)]	Loss: 0.08578427135944366
[2023-05-03 20:47:18] Train Epoch: 6 [18400/20000 (92.0%)]	Loss: 0.19490833580493927
[2023-05-03 20:47:19] Train Epoch: 6 [19200/20000 (96.0%)]	Loss: 0.16942057013511658
[2023-05-03 20:47:23] ========== Metrics ==========
[2023-05-03 20:47:23] {
  "tr_loss": 0.2269199982781758,
  "tr_acc": 0.9123412341234124,
  "tr_f1": 0.9117454563761768,
  "val_loss": 0.4273367477873753,
  "val_acc": 0.8061822703855036,
  "val_f1": 0.8049347398533883,
  "test_loss": 0.4210075220764491,
  "test_acc": 0.8211382113821138,
  "test_f1": 0.8176795580110499
}
[2023-05-03 20:47:23] ========== Metrics ==========
[2023-05-03 20:47:24] Train Epoch: 7 [0/20000 (0.0%)]	Loss: 0.25883588194847107
[2023-05-03 20:47:24] Train Epoch: 7 [800/20000 (4.0%)]	Loss: 0.2836932837963104
[2023-05-03 20:47:24] Train Epoch: 7 [1600/20000 (8.0%)]	Loss: 0.1379106193780899
[2023-05-03 20:47:25] Train Epoch: 7 [2400/20000 (12.0%)]	Loss: 0.5315821766853333
[2023-05-03 20:47:25] Train Epoch: 7 [3200/20000 (16.0%)]	Loss: 0.2857244610786438
[2023-05-03 20:47:25] Train Epoch: 7 [4000/20000 (20.0%)]	Loss: 0.445525586605072
[2023-05-03 20:47:26] Train Epoch: 7 [4800/20000 (24.0%)]	Loss: 0.1541977822780609
[2023-05-03 20:47:26] Train Epoch: 7 [5600/20000 (28.0%)]	Loss: 0.2090248465538025
[2023-05-03 20:47:26] Train Epoch: 7 [6400/20000 (32.0%)]	Loss: 0.07997362315654755
[2023-05-03 20:47:27] Train Epoch: 7 [7200/20000 (36.0%)]	Loss: 0.3024738132953644
[2023-05-03 20:47:27] Train Epoch: 7 [8000/20000 (40.0%)]	Loss: 0.16463233530521393
[2023-05-03 20:47:27] Train Epoch: 7 [8800/20000 (44.0%)]	Loss: 0.3521483838558197
[2023-05-03 20:47:28] Train Epoch: 7 [9600/20000 (48.0%)]	Loss: 0.27986031770706177
[2023-05-03 20:47:28] Train Epoch: 7 [10400/20000 (52.0%)]	Loss: 0.1440744400024414
[2023-05-03 20:47:28] Train Epoch: 7 [11200/20000 (56.0%)]	Loss: 0.2587282359600067
[2023-05-03 20:47:29] Train Epoch: 7 [12000/20000 (60.0%)]	Loss: 0.24011065065860748
[2023-05-03 20:47:29] Train Epoch: 7 [12800/20000 (64.0%)]	Loss: 0.0845571979880333
[2023-05-03 20:47:29] Train Epoch: 7 [13600/20000 (68.0%)]	Loss: 0.12268199026584625
[2023-05-03 20:47:30] Train Epoch: 7 [14400/20000 (72.0%)]	Loss: 0.14108802378177643
[2023-05-03 20:47:30] Train Epoch: 7 [15200/20000 (76.0%)]	Loss: 0.279581755399704
[2023-05-03 20:47:30] Train Epoch: 7 [16000/20000 (80.0%)]	Loss: 0.0890866070985794
[2023-05-03 20:47:31] Train Epoch: 7 [16800/20000 (84.0%)]	Loss: 0.2281186580657959
[2023-05-03 20:47:31] Train Epoch: 7 [17600/20000 (88.0%)]	Loss: 0.23394949734210968
[2023-05-03 20:47:31] Train Epoch: 7 [18400/20000 (92.0%)]	Loss: 0.24549415707588196
[2023-05-03 20:47:31] Train Epoch: 7 [19200/20000 (96.0%)]	Loss: 0.2438080906867981
[2023-05-03 20:47:36] ========== Metrics ==========
[2023-05-03 20:47:36] {
  "tr_loss": 0.21997473277662,
  "tr_acc": 0.9185418541854186,
  "tr_f1": 0.9180129850520913,
  "val_loss": 0.4262895937774083,
  "val_acc": 0.8067152247290815,
  "val_f1": 0.8068867589634362,
  "test_loss": 0.4044239802089164,
  "test_acc": 0.8184281842818428,
  "test_f1": 0.8164383561643836
}
[2023-05-03 20:47:36] ========== Metrics ==========
[2023-05-03 20:47:37] Train Epoch: 8 [0/20000 (0.0%)]	Loss: 0.3849053680896759
[2023-05-03 20:47:37] Train Epoch: 8 [800/20000 (4.0%)]	Loss: 0.08245573937892914
[2023-05-03 20:47:38] Train Epoch: 8 [1600/20000 (8.0%)]	Loss: 0.07328344881534576
[2023-05-03 20:47:38] Train Epoch: 8 [2400/20000 (12.0%)]	Loss: 0.3470708727836609
[2023-05-03 20:47:38] Train Epoch: 8 [3200/20000 (16.0%)]	Loss: 0.21353359520435333
[2023-05-03 20:47:39] Train Epoch: 8 [4000/20000 (20.0%)]	Loss: 0.15402384102344513
[2023-05-03 20:47:39] Train Epoch: 8 [4800/20000 (24.0%)]	Loss: 0.16357606649398804
[2023-05-03 20:47:39] Train Epoch: 8 [5600/20000 (28.0%)]	Loss: 0.10376200079917908
[2023-05-03 20:47:40] Train Epoch: 8 [6400/20000 (32.0%)]	Loss: 0.09201909601688385
[2023-05-03 20:47:40] Train Epoch: 8 [7200/20000 (36.0%)]	Loss: 0.1688402146100998
[2023-05-03 20:47:40] Train Epoch: 8 [8000/20000 (40.0%)]	Loss: 0.1271323263645172
[2023-05-03 20:47:40] Train Epoch: 8 [8800/20000 (44.0%)]	Loss: 0.16557732224464417
[2023-05-03 20:47:41] Train Epoch: 8 [9600/20000 (48.0%)]	Loss: 0.22654494643211365
[2023-05-03 20:47:41] Train Epoch: 8 [10400/20000 (52.0%)]	Loss: 0.2479870617389679
[2023-05-03 20:47:41] Train Epoch: 8 [11200/20000 (56.0%)]	Loss: 0.08465509116649628
[2023-05-03 20:47:42] Train Epoch: 8 [12000/20000 (60.0%)]	Loss: 0.11491459608078003
[2023-05-03 20:47:42] Train Epoch: 8 [12800/20000 (64.0%)]	Loss: 0.272946298122406
[2023-05-03 20:47:42] Train Epoch: 8 [13600/20000 (68.0%)]	Loss: 0.09302078187465668
[2023-05-03 20:47:43] Train Epoch: 8 [14400/20000 (72.0%)]	Loss: 0.28203532099723816
[2023-05-03 20:47:43] Train Epoch: 8 [15200/20000 (76.0%)]	Loss: 0.27647414803504944
[2023-05-03 20:47:43] Train Epoch: 8 [16000/20000 (80.0%)]	Loss: 0.2533608078956604
[2023-05-03 20:47:44] Train Epoch: 8 [16800/20000 (84.0%)]	Loss: 0.16045722365379333
[2023-05-03 20:47:44] Train Epoch: 8 [17600/20000 (88.0%)]	Loss: 0.30084723234176636
[2023-05-03 20:47:44] Train Epoch: 8 [18400/20000 (92.0%)]	Loss: 0.18693102896213531
[2023-05-03 20:47:45] Train Epoch: 8 [19200/20000 (96.0%)]	Loss: 0.39904576539993286
[2023-05-03 20:47:49] ========== Metrics ==========
[2023-05-03 20:47:49] {
  "tr_loss": 0.21161649269227423,
  "tr_acc": 0.9187918791879188,
  "tr_f1": 0.918391959798995,
  "val_loss": 0.4243859088448399,
  "val_acc": 0.8079587848640967,
  "val_f1": 0.8057502246181492,
  "test_loss": 0.4039794271231344,
  "test_acc": 0.8184281842818428,
  "test_f1": 0.814404432132964
}
[2023-05-03 20:47:49] ========== Metrics ==========
[2023-05-03 20:47:50] Train Epoch: 9 [0/20000 (0.0%)]	Loss: 0.03593357652425766
[2023-05-03 20:47:50] Train Epoch: 9 [800/20000 (4.0%)]	Loss: 0.14290323853492737
[2023-05-03 20:47:50] Train Epoch: 9 [1600/20000 (8.0%)]	Loss: 0.3532060384750366
[2023-05-03 20:47:51] Train Epoch: 9 [2400/20000 (12.0%)]	Loss: 0.17500217258930206
[2023-05-03 20:47:51] Train Epoch: 9 [3200/20000 (16.0%)]	Loss: 0.06911706179380417
[2023-05-03 20:47:51] Train Epoch: 9 [4000/20000 (20.0%)]	Loss: 0.11358983814716339
[2023-05-03 20:47:52] Train Epoch: 9 [4800/20000 (24.0%)]	Loss: 0.31533128023147583
[2023-05-03 20:47:52] Train Epoch: 9 [5600/20000 (28.0%)]	Loss: 0.3741202652454376
[2023-05-03 20:47:52] Train Epoch: 9 [6400/20000 (32.0%)]	Loss: 0.284122109413147
[2023-05-03 20:47:53] Train Epoch: 9 [7200/20000 (36.0%)]	Loss: 0.43392741680145264
[2023-05-03 20:47:53] Train Epoch: 9 [8000/20000 (40.0%)]	Loss: 0.3271237015724182
[2023-05-03 20:47:53] Train Epoch: 9 [8800/20000 (44.0%)]	Loss: 0.0819011777639389
[2023-05-03 20:47:54] Train Epoch: 9 [9600/20000 (48.0%)]	Loss: 0.10641178488731384
[2023-05-03 20:47:54] Train Epoch: 9 [10400/20000 (52.0%)]	Loss: 0.24607320129871368
[2023-05-03 20:47:54] Train Epoch: 9 [11200/20000 (56.0%)]	Loss: 0.3029753863811493
[2023-05-03 20:47:55] Train Epoch: 9 [12000/20000 (60.0%)]	Loss: 0.3791411817073822
[2023-05-03 20:47:55] Train Epoch: 9 [12800/20000 (64.0%)]	Loss: 0.3181910514831543
[2023-05-03 20:47:55] Train Epoch: 9 [13600/20000 (68.0%)]	Loss: 0.25341418385505676
[2023-05-03 20:47:56] Train Epoch: 9 [14400/20000 (72.0%)]	Loss: 0.09767734259366989
[2023-05-03 20:47:56] Train Epoch: 9 [15200/20000 (76.0%)]	Loss: 0.16770008206367493
[2023-05-03 20:47:56] Train Epoch: 9 [16000/20000 (80.0%)]	Loss: 0.190728560090065
[2023-05-03 20:47:57] Train Epoch: 9 [16800/20000 (84.0%)]	Loss: 0.21709157526493073
[2023-05-03 20:47:57] Train Epoch: 9 [17600/20000 (88.0%)]	Loss: 0.22497230768203735
[2023-05-03 20:47:57] Train Epoch: 9 [18400/20000 (92.0%)]	Loss: 0.4019385874271393
[2023-05-03 20:47:58] Train Epoch: 9 [19200/20000 (96.0%)]	Loss: 0.16452543437480927
[2023-05-03 20:48:02] ========== Metrics ==========
[2023-05-03 20:48:02] {
  "tr_loss": 0.20217510866503655,
  "tr_acc": 0.9242924292429243,
  "tr_f1": 0.9237740408820864,
  "val_loss": 0.4238671474165382,
  "val_acc": 0.8054716645940665,
  "val_f1": 0.8062289860201733,
  "test_loss": 0.39977320632960417,
  "test_acc": 0.8184281842818428,
  "test_f1": 0.8154269972451792
}
[2023-05-03 20:48:02] ========== Metrics ==========
[2023-05-03 20:48:03] Train Epoch: 10 [0/20000 (0.0%)]	Loss: 0.2933245599269867
[2023-05-03 20:48:03] Train Epoch: 10 [800/20000 (4.0%)]	Loss: 0.3524628281593323
[2023-05-03 20:48:03] Train Epoch: 10 [1600/20000 (8.0%)]	Loss: 0.14240281283855438
[2023-05-03 20:48:04] Train Epoch: 10 [2400/20000 (12.0%)]	Loss: 0.10334653407335281
[2023-05-03 20:48:04] Train Epoch: 10 [3200/20000 (16.0%)]	Loss: 0.18158318102359772
[2023-05-03 20:48:04] Train Epoch: 10 [4000/20000 (20.0%)]	Loss: 0.2485252022743225
[2023-05-03 20:48:05] Train Epoch: 10 [4800/20000 (24.0%)]	Loss: 0.26831865310668945
[2023-05-03 20:48:05] Train Epoch: 10 [5600/20000 (28.0%)]	Loss: 0.21650660037994385
[2023-05-03 20:48:05] Train Epoch: 10 [6400/20000 (32.0%)]	Loss: 0.29625192284584045
[2023-05-03 20:48:06] Train Epoch: 10 [7200/20000 (36.0%)]	Loss: 0.11856118589639664
[2023-05-03 20:48:06] Train Epoch: 10 [8000/20000 (40.0%)]	Loss: 0.20455630123615265
[2023-05-03 20:48:06] Train Epoch: 10 [8800/20000 (44.0%)]	Loss: 0.18506604433059692
[2023-05-03 20:48:06] Train Epoch: 10 [9600/20000 (48.0%)]	Loss: 0.1317671835422516
[2023-05-03 20:48:07] Train Epoch: 10 [10400/20000 (52.0%)]	Loss: 0.1739894151687622
[2023-05-03 20:48:07] Train Epoch: 10 [11200/20000 (56.0%)]	Loss: 0.12379973381757736
[2023-05-03 20:48:07] Train Epoch: 10 [12000/20000 (60.0%)]	Loss: 0.07441002875566483
[2023-05-03 20:48:08] Train Epoch: 10 [12800/20000 (64.0%)]	Loss: 0.15468735992908478
[2023-05-03 20:48:08] Train Epoch: 10 [13600/20000 (68.0%)]	Loss: 0.15724043548107147
[2023-05-03 20:48:08] Train Epoch: 10 [14400/20000 (72.0%)]	Loss: 0.10298994928598404
[2023-05-03 20:48:09] Train Epoch: 10 [15200/20000 (76.0%)]	Loss: 0.21845147013664246
[2023-05-03 20:48:09] Train Epoch: 10 [16000/20000 (80.0%)]	Loss: 0.06750664860010147
[2023-05-03 20:48:09] Train Epoch: 10 [16800/20000 (84.0%)]	Loss: 0.2152000218629837
[2023-05-03 20:48:09] Train Epoch: 10 [17600/20000 (88.0%)]	Loss: 0.06392605602741241
[2023-05-03 20:48:10] Train Epoch: 10 [18400/20000 (92.0%)]	Loss: 0.11247813701629639
[2023-05-03 20:48:10] Train Epoch: 10 [19200/20000 (96.0%)]	Loss: 0.17250671982765198
[2023-05-03 20:48:14] ========== Metrics ==========
[2023-05-03 20:48:14] {
  "tr_loss": 0.19451715996508862,
  "tr_acc": 0.9271427142714271,
  "tr_f1": 0.926912465512917,
  "val_loss": 0.42248940700789206,
  "val_acc": 0.8063599218333629,
  "val_f1": 0.805496074232691,
  "test_loss": 0.40907004273680814,
  "test_acc": 0.8157181571815718,
  "test_f1": 0.8121546961325967
}
[2023-05-03 20:48:14] ========== Metrics ==========
[2023-05-03 20:48:15] Train Epoch: 11 [0/20000 (0.0%)]	Loss: 0.31572940945625305
[2023-05-03 20:48:16] Train Epoch: 11 [800/20000 (4.0%)]	Loss: 0.15623533725738525
[2023-05-03 20:48:16] Train Epoch: 11 [1600/20000 (8.0%)]	Loss: 0.24757897853851318
[2023-05-03 20:48:16] Train Epoch: 11 [2400/20000 (12.0%)]	Loss: 0.1807481050491333
[2023-05-03 20:48:17] Train Epoch: 11 [3200/20000 (16.0%)]	Loss: 0.1412743180990219
[2023-05-03 20:48:17] Train Epoch: 11 [4000/20000 (20.0%)]	Loss: 0.21430478990077972
[2023-05-03 20:48:17] Train Epoch: 11 [4800/20000 (24.0%)]	Loss: 0.06526055932044983
[2023-05-03 20:48:18] Train Epoch: 11 [5600/20000 (28.0%)]	Loss: 0.12603363394737244
[2023-05-03 20:48:18] Train Epoch: 11 [6400/20000 (32.0%)]	Loss: 0.1732838898897171
[2023-05-03 20:48:18] Train Epoch: 11 [7200/20000 (36.0%)]	Loss: 0.12854745984077454
[2023-05-03 20:48:18] Train Epoch: 11 [8000/20000 (40.0%)]	Loss: 0.1531209498643875
[2023-05-03 20:48:19] Train Epoch: 11 [8800/20000 (44.0%)]	Loss: 0.09011354297399521
[2023-05-03 20:48:19] Train Epoch: 11 [9600/20000 (48.0%)]	Loss: 0.1463204324245453
[2023-05-03 20:48:19] Train Epoch: 11 [10400/20000 (52.0%)]	Loss: 0.3595902621746063
[2023-05-03 20:48:20] Train Epoch: 11 [11200/20000 (56.0%)]	Loss: 0.2951691448688507
[2023-05-03 20:48:20] Train Epoch: 11 [12000/20000 (60.0%)]	Loss: 0.11068320274353027
[2023-05-03 20:48:20] Train Epoch: 11 [12800/20000 (64.0%)]	Loss: 0.23044723272323608
[2023-05-03 20:48:20] Train Epoch: 11 [13600/20000 (68.0%)]	Loss: 0.15735821425914764
[2023-05-03 20:48:21] Train Epoch: 11 [14400/20000 (72.0%)]	Loss: 0.2733476758003235
[2023-05-03 20:48:21] Train Epoch: 11 [15200/20000 (76.0%)]	Loss: 0.27586305141448975
[2023-05-03 20:48:21] Train Epoch: 11 [16000/20000 (80.0%)]	Loss: 0.15551674365997314
[2023-05-03 20:48:22] Train Epoch: 11 [16800/20000 (84.0%)]	Loss: 0.19407974183559418
[2023-05-03 20:48:22] Train Epoch: 11 [17600/20000 (88.0%)]	Loss: 0.06685200333595276
[2023-05-03 20:48:22] Train Epoch: 11 [18400/20000 (92.0%)]	Loss: 0.1758863776922226
[2023-05-03 20:48:23] Train Epoch: 11 [19200/20000 (96.0%)]	Loss: 0.14626771211624146
[2023-05-03 20:48:27] ========== Metrics ==========
[2023-05-03 20:48:27] {
  "tr_loss": 0.19264965815947813,
  "tr_acc": 0.9273927392739274,
  "tr_f1": 0.9268882175226586,
  "val_loss": 0.4224707295869633,
  "val_acc": 0.8076034819683781,
  "val_f1": 0.8076718167288227,
  "test_loss": 0.39719314671305783,
  "test_acc": 0.8184281842818428,
  "test_f1": 0.8154269972451792
}
[2023-05-03 20:48:27] ========== Metrics ==========
[2023-05-03 20:48:28] Train Epoch: 12 [0/20000 (0.0%)]	Loss: 0.3144965171813965
[2023-05-03 20:48:28] Train Epoch: 12 [800/20000 (4.0%)]	Loss: 0.16312755644321442
[2023-05-03 20:48:28] Train Epoch: 12 [1600/20000 (8.0%)]	Loss: 0.19689048826694489
[2023-05-03 20:48:29] Train Epoch: 12 [2400/20000 (12.0%)]	Loss: 0.3992883563041687
[2023-05-03 20:48:29] Train Epoch: 12 [3200/20000 (16.0%)]	Loss: 0.3704247772693634
[2023-05-03 20:48:29] Train Epoch: 12 [4000/20000 (20.0%)]	Loss: 0.06862705945968628
[2023-05-03 20:48:29] Train Epoch: 12 [4800/20000 (24.0%)]	Loss: 0.17947787046432495
[2023-05-03 20:48:30] Train Epoch: 12 [5600/20000 (28.0%)]	Loss: 0.2174062579870224
[2023-05-03 20:48:30] Train Epoch: 12 [6400/20000 (32.0%)]	Loss: 0.32321059703826904
[2023-05-03 20:48:30] Train Epoch: 12 [7200/20000 (36.0%)]	Loss: 0.09732974320650101
[2023-05-03 20:48:31] Train Epoch: 12 [8000/20000 (40.0%)]	Loss: 0.21064811944961548
[2023-05-03 20:48:31] Train Epoch: 12 [8800/20000 (44.0%)]	Loss: 0.13819119334220886
[2023-05-03 20:48:31] Train Epoch: 12 [9600/20000 (48.0%)]	Loss: 0.190939262509346
[2023-05-03 20:48:32] Train Epoch: 12 [10400/20000 (52.0%)]	Loss: 0.19574570655822754
[2023-05-03 20:48:32] Train Epoch: 12 [11200/20000 (56.0%)]	Loss: 0.09015863388776779
[2023-05-03 20:48:32] Train Epoch: 12 [12000/20000 (60.0%)]	Loss: 0.3218718469142914
[2023-05-03 20:48:33] Train Epoch: 12 [12800/20000 (64.0%)]	Loss: 0.2360137701034546
[2023-05-03 20:48:33] Train Epoch: 12 [13600/20000 (68.0%)]	Loss: 0.2186826914548874
[2023-05-03 20:48:33] Train Epoch: 12 [14400/20000 (72.0%)]	Loss: 0.1796090304851532
[2023-05-03 20:48:34] Train Epoch: 12 [15200/20000 (76.0%)]	Loss: 0.30423134565353394
[2023-05-03 20:48:34] Train Epoch: 12 [16000/20000 (80.0%)]	Loss: 0.17838479578495026
[2023-05-03 20:48:34] Train Epoch: 12 [16800/20000 (84.0%)]	Loss: 0.23257674276828766
[2023-05-03 20:48:34] Train Epoch: 12 [17600/20000 (88.0%)]	Loss: 0.16184577345848083
[2023-05-03 20:48:35] Train Epoch: 12 [18400/20000 (92.0%)]	Loss: 0.34091290831565857
[2023-05-03 20:48:35] Train Epoch: 12 [19200/20000 (96.0%)]	Loss: 0.15219922363758087
[2023-05-03 20:48:39] ========== Metrics ==========
[2023-05-03 20:48:39] {
  "tr_loss": 0.19490931766911118,
  "tr_acc": 0.9276427642764277,
  "tr_f1": 0.9271142900317334,
  "val_loss": 0.42245594365365086,
  "val_acc": 0.8072481790726594,
  "val_f1": 0.8074534161490683,
  "test_loss": 0.4105707468379158,
  "test_acc": 0.8211382113821138,
  "test_f1": 0.8186813186813188
}
[2023-05-03 20:48:39] ========== Metrics ==========
[2023-05-03 20:48:40] Train Epoch: 13 [0/20000 (0.0%)]	Loss: 0.1366790533065796
[2023-05-03 20:48:41] Train Epoch: 13 [800/20000 (4.0%)]	Loss: 0.1426592767238617
[2023-05-03 20:48:41] Train Epoch: 13 [1600/20000 (8.0%)]	Loss: 0.07560781389474869
[2023-05-03 20:48:41] Train Epoch: 13 [2400/20000 (12.0%)]	Loss: 0.16015882790088654
[2023-05-03 20:48:42] Train Epoch: 13 [3200/20000 (16.0%)]	Loss: 0.18540647625923157
[2023-05-03 20:48:42] Train Epoch: 13 [4000/20000 (20.0%)]	Loss: 0.2176308035850525
[2023-05-03 20:48:42] Train Epoch: 13 [4800/20000 (24.0%)]	Loss: 0.2861383259296417
[2023-05-03 20:48:43] Train Epoch: 13 [5600/20000 (28.0%)]	Loss: 0.19330072402954102
[2023-05-03 20:48:43] Train Epoch: 13 [6400/20000 (32.0%)]	Loss: 0.1122421845793724
[2023-05-03 20:48:43] Train Epoch: 13 [7200/20000 (36.0%)]	Loss: 0.1523432731628418
[2023-05-03 20:48:43] Train Epoch: 13 [8000/20000 (40.0%)]	Loss: 0.10949936509132385
[2023-05-03 20:48:44] Train Epoch: 13 [8800/20000 (44.0%)]	Loss: 0.12857036292552948
[2023-05-03 20:48:44] Train Epoch: 13 [9600/20000 (48.0%)]	Loss: 0.12879347801208496
[2023-05-03 20:48:44] Train Epoch: 13 [10400/20000 (52.0%)]	Loss: 0.19930079579353333
[2023-05-03 20:48:45] Train Epoch: 13 [11200/20000 (56.0%)]	Loss: 0.19179168343544006
[2023-05-03 20:48:45] Train Epoch: 13 [12000/20000 (60.0%)]	Loss: 0.26427778601646423
[2023-05-03 20:48:45] Train Epoch: 13 [12800/20000 (64.0%)]	Loss: 0.17047001421451569
[2023-05-03 20:48:46] Train Epoch: 13 [13600/20000 (68.0%)]	Loss: 0.2689780592918396
[2023-05-03 20:48:46] Train Epoch: 13 [14400/20000 (72.0%)]	Loss: 0.25955674052238464
[2023-05-03 20:48:46] Train Epoch: 13 [15200/20000 (76.0%)]	Loss: 0.1977778971195221
[2023-05-03 20:48:47] Train Epoch: 13 [16000/20000 (80.0%)]	Loss: 0.1254066675901413
[2023-05-03 20:48:47] Train Epoch: 13 [16800/20000 (84.0%)]	Loss: 0.0371369868516922
[2023-05-03 20:48:47] Train Epoch: 13 [17600/20000 (88.0%)]	Loss: 0.10681750625371933
[2023-05-03 20:48:48] Train Epoch: 13 [18400/20000 (92.0%)]	Loss: 0.25927650928497314
[2023-05-03 20:48:48] Train Epoch: 13 [19200/20000 (96.0%)]	Loss: 0.08790494501590729
[2023-05-03 20:48:52] ========== Metrics ==========
[2023-05-03 20:48:52] {
  "tr_loss": 0.18832178617885248,
  "tr_acc": 0.9300430043004301,
  "tr_f1": 0.9297161517206732,
  "val_loss": 0.42238760583246976,
  "val_acc": 0.8068928761769408,
  "val_f1": 0.8071669327656555,
  "test_loss": 0.42321220904507934,
  "test_acc": 0.8211382113821138,
  "test_f1": 0.8186813186813188
}
[2023-05-03 20:48:52] ========== Metrics ==========
[2023-05-03 20:48:53] Train Epoch: 14 [0/20000 (0.0%)]	Loss: 0.19226744771003723
[2023-05-03 20:48:53] Train Epoch: 14 [800/20000 (4.0%)]	Loss: 0.16390487551689148
[2023-05-03 20:48:54] Train Epoch: 14 [1600/20000 (8.0%)]	Loss: 0.33248674869537354
[2023-05-03 20:48:54] Train Epoch: 14 [2400/20000 (12.0%)]	Loss: 0.23631297051906586
[2023-05-03 20:48:54] Train Epoch: 14 [3200/20000 (16.0%)]	Loss: 0.12371630221605301
[2023-05-03 20:48:55] Train Epoch: 14 [4000/20000 (20.0%)]	Loss: 0.16266661882400513
[2023-05-03 20:48:55] Train Epoch: 14 [4800/20000 (24.0%)]	Loss: 0.13058194518089294
[2023-05-03 20:48:55] Train Epoch: 14 [5600/20000 (28.0%)]	Loss: 0.37673094868659973
[2023-05-03 20:48:56] Train Epoch: 14 [6400/20000 (32.0%)]	Loss: 0.20782405138015747
[2023-05-03 20:48:56] Train Epoch: 14 [7200/20000 (36.0%)]	Loss: 0.3204127550125122
[2023-05-03 20:48:56] Train Epoch: 14 [8000/20000 (40.0%)]	Loss: 0.1997804343700409
[2023-05-03 20:48:57] Train Epoch: 14 [8800/20000 (44.0%)]	Loss: 0.14336350560188293
[2023-05-03 20:48:57] Train Epoch: 14 [9600/20000 (48.0%)]	Loss: 0.03352982550859451
[2023-05-03 20:48:57] Train Epoch: 14 [10400/20000 (52.0%)]	Loss: 0.20937716960906982
[2023-05-03 20:48:57] Train Epoch: 14 [11200/20000 (56.0%)]	Loss: 0.3140781819820404
[2023-05-03 20:48:58] Train Epoch: 14 [12000/20000 (60.0%)]	Loss: 0.09543561190366745
[2023-05-03 20:48:58] Train Epoch: 14 [12800/20000 (64.0%)]	Loss: 0.4711402952671051
[2023-05-03 20:48:58] Train Epoch: 14 [13600/20000 (68.0%)]	Loss: 0.33125483989715576
[2023-05-03 20:48:59] Train Epoch: 14 [14400/20000 (72.0%)]	Loss: 0.19723722338676453
[2023-05-03 20:48:59] Train Epoch: 14 [15200/20000 (76.0%)]	Loss: 0.26913437247276306
[2023-05-03 20:48:59] Train Epoch: 14 [16000/20000 (80.0%)]	Loss: 0.060259848833084106
[2023-05-03 20:49:00] Train Epoch: 14 [16800/20000 (84.0%)]	Loss: 0.28755274415016174
[2023-05-03 20:49:00] Train Epoch: 14 [17600/20000 (88.0%)]	Loss: 0.29779061675071716
[2023-05-03 20:49:00] Train Epoch: 14 [18400/20000 (92.0%)]	Loss: 0.07127293944358826
[2023-05-03 20:49:01] Train Epoch: 14 [19200/20000 (96.0%)]	Loss: 0.09375922381877899
[2023-05-03 20:49:03] Stop At epoch 14/20 due to valid not increase
[2023-05-03 20:49:05] ========== Metrics ==========
[2023-05-03 20:49:05] {
  "tr_loss": 0.18927538203875988,
  "tr_acc": 0.9322432243224322,
  "tr_f1": 0.9318033116915798,
  "val_loss": 0.4222037017948993,
  "val_acc": 0.8061822703855036,
  "val_f1": 0.8065945754298884,
  "test_loss": 0.4160871570349386,
  "test_acc": 0.8211382113821138,
  "test_f1": 0.8186813186813188
}
[2023-05-03 20:49:05] ========== Metrics ==========
