[2023-05-02 08:13:52] Train Epoch: 1 [0/20000 (0.0%)]	Loss: 0.8247302770614624
[2023-05-02 08:13:52] Train Epoch: 1 [800/20000 (4.0%)]	Loss: 0.6779928207397461
[2023-05-02 08:13:52] Train Epoch: 1 [1600/20000 (8.0%)]	Loss: 0.6872134208679199
[2023-05-02 08:13:53] Train Epoch: 1 [2400/20000 (12.0%)]	Loss: 0.6695237755775452
[2023-05-02 08:13:53] Train Epoch: 1 [3200/20000 (16.0%)]	Loss: 0.7066256403923035
[2023-05-02 08:13:53] Train Epoch: 1 [4000/20000 (20.0%)]	Loss: 0.6780698895454407
[2023-05-02 08:13:54] Train Epoch: 1 [4800/20000 (24.0%)]	Loss: 0.7115646600723267
[2023-05-02 08:13:54] Train Epoch: 1 [5600/20000 (28.0%)]	Loss: 0.6790916323661804
[2023-05-02 08:13:54] Train Epoch: 1 [6400/20000 (32.0%)]	Loss: 0.6753936409950256
[2023-05-02 08:13:55] Train Epoch: 1 [7200/20000 (36.0%)]	Loss: 0.6212347149848938
[2023-05-02 08:13:55] Train Epoch: 1 [8000/20000 (40.0%)]	Loss: 0.728256106376648
[2023-05-02 08:13:55] Train Epoch: 1 [8800/20000 (44.0%)]	Loss: 0.6422685384750366
[2023-05-02 08:13:56] Train Epoch: 1 [9600/20000 (48.0%)]	Loss: 0.6302921175956726
[2023-05-02 08:13:56] Train Epoch: 1 [10400/20000 (52.0%)]	Loss: 0.6570441126823425
[2023-05-02 08:13:56] Train Epoch: 1 [11200/20000 (56.0%)]	Loss: 0.5777116417884827
[2023-05-02 08:13:57] Train Epoch: 1 [12000/20000 (60.0%)]	Loss: 0.6412325501441956
[2023-05-02 08:13:57] Train Epoch: 1 [12800/20000 (64.0%)]	Loss: 0.6937342882156372
[2023-05-02 08:13:57] Train Epoch: 1 [13600/20000 (68.0%)]	Loss: 0.6893674731254578
[2023-05-02 08:13:58] Train Epoch: 1 [14400/20000 (72.0%)]	Loss: 0.6920858025550842
[2023-05-02 08:13:58] Train Epoch: 1 [15200/20000 (76.0%)]	Loss: 0.7149109840393066
[2023-05-02 08:13:58] Train Epoch: 1 [16000/20000 (80.0%)]	Loss: 0.6584922671318054
[2023-05-02 08:13:59] Train Epoch: 1 [16800/20000 (84.0%)]	Loss: 0.6015045046806335
[2023-05-02 08:13:59] Train Epoch: 1 [17600/20000 (88.0%)]	Loss: 0.5883457064628601
[2023-05-02 08:13:59] Train Epoch: 1 [18400/20000 (92.0%)]	Loss: 0.6508516073226929
[2023-05-02 08:14:00] Train Epoch: 1 [19200/20000 (96.0%)]	Loss: 0.47419992089271545
[2023-05-02 08:14:04] ========== Metrics ==========
[2023-05-02 08:14:04] {
  "tr_loss": 0.6544617864534561,
  "tr_acc": 0.6153615361536153,
  "tr_f1": 0.6244874048037493,
  "val_loss": 0.5725463442616913,
  "val_acc": 0.763190620003553,
  "val_f1": 0.7745645188567563,
  "test_loss": 0.6050782578424386,
  "test_acc": 0.7452574525745257,
  "test_f1": 0.7486631016042782
}
[2023-05-02 08:14:04] ========== Metrics ==========
[2023-05-02 08:14:05] Train Epoch: 2 [0/20000 (0.0%)]	Loss: 0.5220938324928284
[2023-05-02 08:14:05] Train Epoch: 2 [800/20000 (4.0%)]	Loss: 0.6575645804405212
[2023-05-02 08:14:05] Train Epoch: 2 [1600/20000 (8.0%)]	Loss: 0.5795231461524963
[2023-05-02 08:14:06] Train Epoch: 2 [2400/20000 (12.0%)]	Loss: 0.526517927646637
[2023-05-02 08:14:06] Train Epoch: 2 [3200/20000 (16.0%)]	Loss: 0.6285048723220825
[2023-05-02 08:14:06] Train Epoch: 2 [4000/20000 (20.0%)]	Loss: 0.3997896909713745
[2023-05-02 08:14:07] Train Epoch: 2 [4800/20000 (24.0%)]	Loss: 0.5793941020965576
[2023-05-02 08:14:07] Train Epoch: 2 [5600/20000 (28.0%)]	Loss: 0.43242162466049194
[2023-05-02 08:14:08] Train Epoch: 2 [6400/20000 (32.0%)]	Loss: 0.36666038632392883
[2023-05-02 08:14:08] Train Epoch: 2 [7200/20000 (36.0%)]	Loss: 0.7463408708572388
[2023-05-02 08:14:08] Train Epoch: 2 [8000/20000 (40.0%)]	Loss: 0.40157729387283325
[2023-05-02 08:14:09] Train Epoch: 2 [8800/20000 (44.0%)]	Loss: 0.4839143455028534
[2023-05-02 08:14:09] Train Epoch: 2 [9600/20000 (48.0%)]	Loss: 0.482349693775177
[2023-05-02 08:14:09] Train Epoch: 2 [10400/20000 (52.0%)]	Loss: 0.3529355227947235
[2023-05-02 08:14:10] Train Epoch: 2 [11200/20000 (56.0%)]	Loss: 0.6464079022407532
[2023-05-02 08:14:10] Train Epoch: 2 [12000/20000 (60.0%)]	Loss: 0.5939933657646179
[2023-05-02 08:14:10] Train Epoch: 2 [12800/20000 (64.0%)]	Loss: 0.42383521795272827
[2023-05-02 08:14:11] Train Epoch: 2 [13600/20000 (68.0%)]	Loss: 0.4798688292503357
[2023-05-02 08:14:11] Train Epoch: 2 [14400/20000 (72.0%)]	Loss: 0.44339996576309204
[2023-05-02 08:14:11] Train Epoch: 2 [15200/20000 (76.0%)]	Loss: 0.4253227412700653
[2023-05-02 08:14:12] Train Epoch: 2 [16000/20000 (80.0%)]	Loss: 0.38332271575927734
[2023-05-02 08:14:12] Train Epoch: 2 [16800/20000 (84.0%)]	Loss: 0.47240710258483887
[2023-05-02 08:14:13] Train Epoch: 2 [17600/20000 (88.0%)]	Loss: 0.3746911585330963
[2023-05-02 08:14:13] Train Epoch: 2 [18400/20000 (92.0%)]	Loss: 0.41277822852134705
[2023-05-02 08:14:13] Train Epoch: 2 [19200/20000 (96.0%)]	Loss: 0.4270288944244385
[2023-05-02 08:14:17] ========== Metrics ==========
[2023-05-02 08:14:17] {
  "tr_loss": 0.4875535759905336,
  "tr_acc": 0.7794279427942794,
  "tr_f1": 0.7805581811850156,
  "val_loss": 0.4591466476235768,
  "val_acc": 0.801030378397584,
  "val_f1": 0.7990670972371724,
  "test_loss": 0.4743644900438262,
  "test_acc": 0.8021680216802168,
  "test_f1": 0.7943661971830986
}
[2023-05-02 08:14:17] ========== Metrics ==========
[2023-05-02 08:14:18] Train Epoch: 3 [0/20000 (0.0%)]	Loss: 0.4115578830242157
[2023-05-02 08:14:18] Train Epoch: 3 [800/20000 (4.0%)]	Loss: 0.4493497908115387
[2023-05-02 08:14:19] Train Epoch: 3 [1600/20000 (8.0%)]	Loss: 0.20531654357910156
[2023-05-02 08:14:19] Train Epoch: 3 [2400/20000 (12.0%)]	Loss: 0.22776110470294952
[2023-05-02 08:14:20] Train Epoch: 3 [3200/20000 (16.0%)]	Loss: 0.4158399999141693
[2023-05-02 08:14:20] Train Epoch: 3 [4000/20000 (20.0%)]	Loss: 0.2339562475681305
[2023-05-02 08:14:20] Train Epoch: 3 [4800/20000 (24.0%)]	Loss: 0.3474929630756378
[2023-05-02 08:14:21] Train Epoch: 3 [5600/20000 (28.0%)]	Loss: 0.6508681774139404
[2023-05-02 08:14:21] Train Epoch: 3 [6400/20000 (32.0%)]	Loss: 0.29746213555336
[2023-05-02 08:14:21] Train Epoch: 3 [7200/20000 (36.0%)]	Loss: 0.2578098475933075
[2023-05-02 08:14:22] Train Epoch: 3 [8000/20000 (40.0%)]	Loss: 0.5853157043457031
[2023-05-02 08:14:22] Train Epoch: 3 [8800/20000 (44.0%)]	Loss: 0.41175806522369385
[2023-05-02 08:14:22] Train Epoch: 3 [9600/20000 (48.0%)]	Loss: 0.33891230821609497
[2023-05-02 08:14:23] Train Epoch: 3 [10400/20000 (52.0%)]	Loss: 0.16441553831100464
[2023-05-02 08:14:23] Train Epoch: 3 [11200/20000 (56.0%)]	Loss: 0.20773258805274963
[2023-05-02 08:14:23] Train Epoch: 3 [12000/20000 (60.0%)]	Loss: 0.3377024531364441
[2023-05-02 08:14:24] Train Epoch: 3 [12800/20000 (64.0%)]	Loss: 0.5932716131210327
[2023-05-02 08:14:24] Train Epoch: 3 [13600/20000 (68.0%)]	Loss: 0.25895407795906067
[2023-05-02 08:14:24] Train Epoch: 3 [14400/20000 (72.0%)]	Loss: 0.3154664635658264
[2023-05-02 08:14:25] Train Epoch: 3 [15200/20000 (76.0%)]	Loss: 0.2747153043746948
[2023-05-02 08:14:25] Train Epoch: 3 [16000/20000 (80.0%)]	Loss: 0.4947962462902069
[2023-05-02 08:14:25] Train Epoch: 3 [16800/20000 (84.0%)]	Loss: 0.27303680777549744
[2023-05-02 08:14:25] Train Epoch: 3 [17600/20000 (88.0%)]	Loss: 0.3445607125759125
[2023-05-02 08:14:26] Train Epoch: 3 [18400/20000 (92.0%)]	Loss: 0.2927049398422241
[2023-05-02 08:14:26] Train Epoch: 3 [19200/20000 (96.0%)]	Loss: 0.24148710072040558
[2023-05-02 08:14:30] ========== Metrics ==========
[2023-05-02 08:14:30] {
  "tr_loss": 0.34767705751712447,
  "tr_acc": 0.8543854385438544,
  "tr_f1": 0.853961885656971,
  "val_loss": 0.41854090465282034,
  "val_acc": 0.812933025404157,
  "val_f1": 0.8111888111888113,
  "test_loss": 0.47429585650684386,
  "test_acc": 0.8184281842818428,
  "test_f1": 0.8123249299719887
}
[2023-05-02 08:14:30] ========== Metrics ==========
[2023-05-02 08:14:31] Train Epoch: 4 [0/20000 (0.0%)]	Loss: 0.22177308797836304
[2023-05-02 08:14:31] Train Epoch: 4 [800/20000 (4.0%)]	Loss: 0.10994083434343338
[2023-05-02 08:14:31] Train Epoch: 4 [1600/20000 (8.0%)]	Loss: 0.3247697353363037
[2023-05-02 08:14:32] Train Epoch: 4 [2400/20000 (12.0%)]	Loss: 0.2980411946773529
[2023-05-02 08:14:32] Train Epoch: 4 [3200/20000 (16.0%)]	Loss: 0.16986526548862457
[2023-05-02 08:14:32] Train Epoch: 4 [4000/20000 (20.0%)]	Loss: 0.24488261342048645
[2023-05-02 08:14:33] Train Epoch: 4 [4800/20000 (24.0%)]	Loss: 0.14004291594028473
[2023-05-02 08:14:33] Train Epoch: 4 [5600/20000 (28.0%)]	Loss: 0.15024757385253906
[2023-05-02 08:14:33] Train Epoch: 4 [6400/20000 (32.0%)]	Loss: 0.22152040898799896
[2023-05-02 08:14:34] Train Epoch: 4 [7200/20000 (36.0%)]	Loss: 0.20816752314567566
[2023-05-02 08:14:34] Train Epoch: 4 [8000/20000 (40.0%)]	Loss: 0.27795469760894775
[2023-05-02 08:14:34] Train Epoch: 4 [8800/20000 (44.0%)]	Loss: 0.2405606210231781
[2023-05-02 08:14:35] Train Epoch: 4 [9600/20000 (48.0%)]	Loss: 0.1933765560388565
[2023-05-02 08:14:35] Train Epoch: 4 [10400/20000 (52.0%)]	Loss: 0.22015151381492615
[2023-05-02 08:14:35] Train Epoch: 4 [11200/20000 (56.0%)]	Loss: 0.20172026753425598
[2023-05-02 08:14:36] Train Epoch: 4 [12000/20000 (60.0%)]	Loss: 0.20443587005138397
[2023-05-02 08:14:36] Train Epoch: 4 [12800/20000 (64.0%)]	Loss: 0.5921086668968201
[2023-05-02 08:14:36] Train Epoch: 4 [13600/20000 (68.0%)]	Loss: 0.1976705640554428
[2023-05-02 08:14:37] Train Epoch: 4 [14400/20000 (72.0%)]	Loss: 0.157887801527977
[2023-05-02 08:14:37] Train Epoch: 4 [15200/20000 (76.0%)]	Loss: 0.16143552958965302
[2023-05-02 08:14:37] Train Epoch: 4 [16000/20000 (80.0%)]	Loss: 0.25698012113571167
[2023-05-02 08:14:38] Train Epoch: 4 [16800/20000 (84.0%)]	Loss: 0.31036245822906494
[2023-05-02 08:14:38] Train Epoch: 4 [17600/20000 (88.0%)]	Loss: 0.4241417646408081
[2023-05-02 08:14:38] Train Epoch: 4 [18400/20000 (92.0%)]	Loss: 0.2641322612762451
[2023-05-02 08:14:39] Train Epoch: 4 [19200/20000 (96.0%)]	Loss: 0.21471336483955383
[2023-05-02 08:14:43] ========== Metrics ==========
[2023-05-02 08:14:43] {
  "tr_loss": 0.2504525443430793,
  "tr_acc": 0.9043404340434044,
  "tr_f1": 0.9040381239026836,
  "val_loss": 0.4056708877517394,
  "val_acc": 0.8179072659442175,
  "val_f1": 0.8221412458788825,
  "test_loss": 0.41796704747166413,
  "test_acc": 0.8130081300813008,
  "test_f1": 0.8140161725067384
}
[2023-05-02 08:14:43] ========== Metrics ==========
[2023-05-02 08:14:44] Train Epoch: 5 [0/20000 (0.0%)]	Loss: 0.17341282963752747
[2023-05-02 08:14:44] Train Epoch: 5 [800/20000 (4.0%)]	Loss: 0.348380982875824
[2023-05-02 08:14:44] Train Epoch: 5 [1600/20000 (8.0%)]	Loss: 0.10933159291744232
[2023-05-02 08:14:45] Train Epoch: 5 [2400/20000 (12.0%)]	Loss: 0.24632558226585388
[2023-05-02 08:14:45] Train Epoch: 5 [3200/20000 (16.0%)]	Loss: 0.26973259449005127
[2023-05-02 08:14:45] Train Epoch: 5 [4000/20000 (20.0%)]	Loss: 0.10189805924892426
[2023-05-02 08:14:46] Train Epoch: 5 [4800/20000 (24.0%)]	Loss: 0.06419410556554794
[2023-05-02 08:14:46] Train Epoch: 5 [5600/20000 (28.0%)]	Loss: 0.10957173258066177
[2023-05-02 08:14:47] Train Epoch: 5 [6400/20000 (32.0%)]	Loss: 0.08059556782245636
[2023-05-02 08:14:47] Train Epoch: 5 [7200/20000 (36.0%)]	Loss: 0.28464439511299133
[2023-05-02 08:14:47] Train Epoch: 5 [8000/20000 (40.0%)]	Loss: 0.1483519971370697
[2023-05-02 08:14:48] Train Epoch: 5 [8800/20000 (44.0%)]	Loss: 0.06646555662155151
[2023-05-02 08:14:48] Train Epoch: 5 [9600/20000 (48.0%)]	Loss: 0.1939568966627121
[2023-05-02 08:14:48] Train Epoch: 5 [10400/20000 (52.0%)]	Loss: 0.1393721103668213
[2023-05-02 08:14:49] Train Epoch: 5 [11200/20000 (56.0%)]	Loss: 0.19634556770324707
[2023-05-02 08:14:49] Train Epoch: 5 [12000/20000 (60.0%)]	Loss: 0.26843997836112976
[2023-05-02 08:14:49] Train Epoch: 5 [12800/20000 (64.0%)]	Loss: 0.13476164638996124
[2023-05-02 08:14:50] Train Epoch: 5 [13600/20000 (68.0%)]	Loss: 0.06222372502088547
[2023-05-02 08:14:50] Train Epoch: 5 [14400/20000 (72.0%)]	Loss: 0.14055360853672028
[2023-05-02 08:14:51] Train Epoch: 5 [15200/20000 (76.0%)]	Loss: 0.20403659343719482
[2023-05-02 08:14:51] Train Epoch: 5 [16000/20000 (80.0%)]	Loss: 0.2145053893327713
[2023-05-02 08:14:51] Train Epoch: 5 [16800/20000 (84.0%)]	Loss: 0.05102591589093208
[2023-05-02 08:14:52] Train Epoch: 5 [17600/20000 (88.0%)]	Loss: 0.11218184232711792
[2023-05-02 08:14:52] Train Epoch: 5 [18400/20000 (92.0%)]	Loss: 0.02978489175438881
[2023-05-02 08:14:52] Train Epoch: 5 [19200/20000 (96.0%)]	Loss: 0.07862338423728943
[2023-05-02 08:14:57] ========== Metrics ==========
[2023-05-02 08:14:57] {
  "tr_loss": 0.18283526541063316,
  "tr_acc": 0.9327932793279328,
  "tr_f1": 0.9327865573114623,
  "val_loss": 0.39857971195980635,
  "val_acc": 0.8216379463492628,
  "val_f1": 0.822865208186309,
  "test_loss": 0.4156552724398895,
  "test_acc": 0.8184281842818428,
  "test_f1": 0.8184281842818428
}
[2023-05-02 08:14:57] ========== Metrics ==========
[2023-05-02 08:14:58] Train Epoch: 6 [0/20000 (0.0%)]	Loss: 0.06414564698934555
[2023-05-02 08:14:58] Train Epoch: 6 [800/20000 (4.0%)]	Loss: 0.17774756252765656
[2023-05-02 08:14:58] Train Epoch: 6 [1600/20000 (8.0%)]	Loss: 0.09707129001617432
[2023-05-02 08:14:59] Train Epoch: 6 [2400/20000 (12.0%)]	Loss: 0.19395926594734192
[2023-05-02 08:14:59] Train Epoch: 6 [3200/20000 (16.0%)]	Loss: 0.25860077142715454
[2023-05-02 08:15:00] Train Epoch: 6 [4000/20000 (20.0%)]	Loss: 0.0850520208477974
[2023-05-02 08:15:00] Train Epoch: 6 [4800/20000 (24.0%)]	Loss: 0.12192026525735855
[2023-05-02 08:15:00] Train Epoch: 6 [5600/20000 (28.0%)]	Loss: 0.11782505363225937
[2023-05-02 08:15:00] Train Epoch: 6 [6400/20000 (32.0%)]	Loss: 0.06979244947433472
[2023-05-02 08:15:01] Train Epoch: 6 [7200/20000 (36.0%)]	Loss: 0.13997191190719604
[2023-05-02 08:15:01] Train Epoch: 6 [8000/20000 (40.0%)]	Loss: 0.05602007731795311
[2023-05-02 08:15:01] Train Epoch: 6 [8800/20000 (44.0%)]	Loss: 0.19586095213890076
[2023-05-02 08:15:02] Train Epoch: 6 [9600/20000 (48.0%)]	Loss: 0.04955945536494255
[2023-05-02 08:15:02] Train Epoch: 6 [10400/20000 (52.0%)]	Loss: 0.14514225721359253
[2023-05-02 08:15:02] Train Epoch: 6 [11200/20000 (56.0%)]	Loss: 0.098460353910923
[2023-05-02 08:15:03] Train Epoch: 6 [12000/20000 (60.0%)]	Loss: 0.06492850184440613
[2023-05-02 08:15:03] Train Epoch: 6 [12800/20000 (64.0%)]	Loss: 0.2354249507188797
[2023-05-02 08:15:03] Train Epoch: 6 [13600/20000 (68.0%)]	Loss: 0.19432081282138824
[2023-05-02 08:15:04] Train Epoch: 6 [14400/20000 (72.0%)]	Loss: 0.10612238198518753
[2023-05-02 08:15:04] Train Epoch: 6 [15200/20000 (76.0%)]	Loss: 0.10569978505373001
[2023-05-02 08:15:04] Train Epoch: 6 [16000/20000 (80.0%)]	Loss: 0.19655801355838776
[2023-05-02 08:15:05] Train Epoch: 6 [16800/20000 (84.0%)]	Loss: 0.11610998958349228
[2023-05-02 08:15:05] Train Epoch: 6 [17600/20000 (88.0%)]	Loss: 0.01986747235059738
[2023-05-02 08:15:05] Train Epoch: 6 [18400/20000 (92.0%)]	Loss: 0.12980873882770538
[2023-05-02 08:15:06] Train Epoch: 6 [19200/20000 (96.0%)]	Loss: 0.16255316138267517
[2023-05-02 08:15:09] ========== Metrics ==========
[2023-05-02 08:15:09] {
  "tr_loss": 0.13351407624480843,
  "tr_acc": 0.9553955395539554,
  "tr_f1": 0.955337472461446,
  "val_loss": 0.3980348560225161,
  "val_acc": 0.8221709006928406,
  "val_f1": 0.8224862564284446,
  "test_loss": 0.4053111128044645,
  "test_acc": 0.8211382113821138,
  "test_f1": 0.8196721311475409
}
[2023-05-02 08:15:09] ========== Metrics ==========
[2023-05-02 08:15:10] Train Epoch: 7 [0/20000 (0.0%)]	Loss: 0.09339331835508347
[2023-05-02 08:15:11] Train Epoch: 7 [800/20000 (4.0%)]	Loss: 0.13065709173679352
[2023-05-02 08:15:11] Train Epoch: 7 [1600/20000 (8.0%)]	Loss: 0.1488374024629593
[2023-05-02 08:15:11] Train Epoch: 7 [2400/20000 (12.0%)]	Loss: 0.10028921067714691
[2023-05-02 08:15:12] Train Epoch: 7 [3200/20000 (16.0%)]	Loss: 0.11928252875804901
[2023-05-02 08:15:12] Train Epoch: 7 [4000/20000 (20.0%)]	Loss: 0.04727623239159584
[2023-05-02 08:15:12] Train Epoch: 7 [4800/20000 (24.0%)]	Loss: 0.12366780638694763
[2023-05-02 08:15:13] Train Epoch: 7 [5600/20000 (28.0%)]	Loss: 0.10717028379440308
[2023-05-02 08:15:13] Train Epoch: 7 [6400/20000 (32.0%)]	Loss: 0.06272821128368378
[2023-05-02 08:15:13] Train Epoch: 7 [7200/20000 (36.0%)]	Loss: 0.08220873773097992
[2023-05-02 08:15:13] Train Epoch: 7 [8000/20000 (40.0%)]	Loss: 0.13934992253780365
[2023-05-02 08:15:14] Train Epoch: 7 [8800/20000 (44.0%)]	Loss: 0.114637091755867
[2023-05-02 08:15:14] Train Epoch: 7 [9600/20000 (48.0%)]	Loss: 0.07901939749717712
[2023-05-02 08:15:14] Train Epoch: 7 [10400/20000 (52.0%)]	Loss: 0.14649857580661774
[2023-05-02 08:15:15] Train Epoch: 7 [11200/20000 (56.0%)]	Loss: 0.03192759305238724
[2023-05-02 08:15:15] Train Epoch: 7 [12000/20000 (60.0%)]	Loss: 0.014470934867858887
[2023-05-02 08:15:15] Train Epoch: 7 [12800/20000 (64.0%)]	Loss: 0.14470632374286652
[2023-05-02 08:15:16] Train Epoch: 7 [13600/20000 (68.0%)]	Loss: 0.06543786078691483
[2023-05-02 08:15:16] Train Epoch: 7 [14400/20000 (72.0%)]	Loss: 0.10196015983819962
[2023-05-02 08:15:16] Train Epoch: 7 [15200/20000 (76.0%)]	Loss: 0.13270843029022217
[2023-05-02 08:15:16] Train Epoch: 7 [16000/20000 (80.0%)]	Loss: 0.12425225228071213
[2023-05-02 08:15:17] Train Epoch: 7 [16800/20000 (84.0%)]	Loss: 0.16348117589950562
[2023-05-02 08:15:17] Train Epoch: 7 [17600/20000 (88.0%)]	Loss: 0.2380273938179016
[2023-05-02 08:15:17] Train Epoch: 7 [18400/20000 (92.0%)]	Loss: 0.09440029412508011
[2023-05-02 08:15:18] Train Epoch: 7 [19200/20000 (96.0%)]	Loss: 0.06987173110246658
[2023-05-02 08:15:22] ========== Metrics ==========
[2023-05-02 08:15:22] {
  "tr_loss": 0.1266480129693124,
  "tr_acc": 0.9580458045804581,
  "tr_f1": 0.9580353123593258,
  "val_loss": 0.3976482337608412,
  "val_acc": 0.8202167347663883,
  "val_f1": 0.8177889809146561,
  "test_loss": 0.43036760353460546,
  "test_acc": 0.8184281842818428,
  "test_f1": 0.8123249299719887
}
[2023-05-02 08:15:22] ========== Metrics ==========
[2023-05-02 08:15:22] Train Epoch: 8 [0/20000 (0.0%)]	Loss: 0.055670492351055145
[2023-05-02 08:15:23] Train Epoch: 8 [800/20000 (4.0%)]	Loss: 0.1900642067193985
[2023-05-02 08:15:23] Train Epoch: 8 [1600/20000 (8.0%)]	Loss: 0.15904057025909424
[2023-05-02 08:15:23] Train Epoch: 8 [2400/20000 (12.0%)]	Loss: 0.08696762472391129
[2023-05-02 08:15:24] Train Epoch: 8 [3200/20000 (16.0%)]	Loss: 0.04367529973387718
[2023-05-02 08:15:24] Train Epoch: 8 [4000/20000 (20.0%)]	Loss: 0.14871828258037567
[2023-05-02 08:15:24] Train Epoch: 8 [4800/20000 (24.0%)]	Loss: 0.12495490908622742
[2023-05-02 08:15:25] Train Epoch: 8 [5600/20000 (28.0%)]	Loss: 0.16709855198860168
[2023-05-02 08:15:25] Train Epoch: 8 [6400/20000 (32.0%)]	Loss: 0.09923551976680756
[2023-05-02 08:15:25] Train Epoch: 8 [7200/20000 (36.0%)]	Loss: 0.10854976624250412
[2023-05-02 08:15:26] Train Epoch: 8 [8000/20000 (40.0%)]	Loss: 0.1073979064822197
[2023-05-02 08:15:26] Train Epoch: 8 [8800/20000 (44.0%)]	Loss: 0.06000324711203575
[2023-05-02 08:15:26] Train Epoch: 8 [9600/20000 (48.0%)]	Loss: 0.043291542679071426
[2023-05-02 08:15:27] Train Epoch: 8 [10400/20000 (52.0%)]	Loss: 0.08103565126657486
[2023-05-02 08:15:27] Train Epoch: 8 [11200/20000 (56.0%)]	Loss: 0.05568861588835716
[2023-05-02 08:15:27] Train Epoch: 8 [12000/20000 (60.0%)]	Loss: 0.05626477301120758
[2023-05-02 08:15:28] Train Epoch: 8 [12800/20000 (64.0%)]	Loss: 0.11066970229148865
[2023-05-02 08:15:28] Train Epoch: 8 [13600/20000 (68.0%)]	Loss: 0.15711559355258942
[2023-05-02 08:15:28] Train Epoch: 8 [14400/20000 (72.0%)]	Loss: 0.06810729950666428
[2023-05-02 08:15:29] Train Epoch: 8 [15200/20000 (76.0%)]	Loss: 0.23854108154773712
[2023-05-02 08:15:29] Train Epoch: 8 [16000/20000 (80.0%)]	Loss: 0.06663576513528824
[2023-05-02 08:15:29] Train Epoch: 8 [16800/20000 (84.0%)]	Loss: 0.047196242958307266
[2023-05-02 08:15:30] Train Epoch: 8 [17600/20000 (88.0%)]	Loss: 0.10056303441524506
[2023-05-02 08:15:30] Train Epoch: 8 [18400/20000 (92.0%)]	Loss: 0.11473412811756134
[2023-05-02 08:15:30] Train Epoch: 8 [19200/20000 (96.0%)]	Loss: 0.05925818532705307
[2023-05-02 08:15:34] ========== Metrics ==========
[2023-05-02 08:15:34] {
  "tr_loss": 0.12170920874660808,
  "tr_acc": 0.9595459545954595,
  "tr_f1": 0.9594628451170016,
  "val_loss": 0.39785570070361936,
  "val_acc": 0.8225262035885592,
  "val_f1": 0.8221470535873242,
  "test_loss": 0.4200807199245546,
  "test_acc": 0.8238482384823849,
  "test_f1": 0.8209366391184573
}
[2023-05-02 08:15:34] ========== Metrics ==========
[2023-05-02 08:15:35] Train Epoch: 9 [0/20000 (0.0%)]	Loss: 0.06351935118436813
[2023-05-02 08:15:35] Train Epoch: 9 [800/20000 (4.0%)]	Loss: 0.08699962496757507
[2023-05-02 08:15:36] Train Epoch: 9 [1600/20000 (8.0%)]	Loss: 0.15540477633476257
[2023-05-02 08:15:36] Train Epoch: 9 [2400/20000 (12.0%)]	Loss: 0.18563689291477203
[2023-05-02 08:15:36] Train Epoch: 9 [3200/20000 (16.0%)]	Loss: 0.04480283707380295
[2023-05-02 08:15:37] Train Epoch: 9 [4000/20000 (20.0%)]	Loss: 0.12751102447509766
[2023-05-02 08:15:37] Train Epoch: 9 [4800/20000 (24.0%)]	Loss: 0.0656779557466507
[2023-05-02 08:15:38] Train Epoch: 9 [5600/20000 (28.0%)]	Loss: 0.1147679015994072
[2023-05-02 08:15:38] Train Epoch: 9 [6400/20000 (32.0%)]	Loss: 0.07004477828741074
[2023-05-02 08:15:38] Train Epoch: 9 [7200/20000 (36.0%)]	Loss: 0.08344483375549316
[2023-05-02 08:15:39] Train Epoch: 9 [8000/20000 (40.0%)]	Loss: 0.12811672687530518
[2023-05-02 08:15:39] Train Epoch: 9 [8800/20000 (44.0%)]	Loss: 0.13936054706573486
[2023-05-02 08:15:39] Train Epoch: 9 [9600/20000 (48.0%)]	Loss: 0.11516916751861572
[2023-05-02 08:15:40] Train Epoch: 9 [10400/20000 (52.0%)]	Loss: 0.07278494536876678
[2023-05-02 08:15:40] Train Epoch: 9 [11200/20000 (56.0%)]	Loss: 0.04564952477812767
[2023-05-02 08:15:41] Train Epoch: 9 [12000/20000 (60.0%)]	Loss: 0.048618752509355545
[2023-05-02 08:15:41] Train Epoch: 9 [12800/20000 (64.0%)]	Loss: 0.10184992849826813
[2023-05-02 08:15:41] Train Epoch: 9 [13600/20000 (68.0%)]	Loss: 0.08269325643777847
[2023-05-02 08:15:42] Train Epoch: 9 [14400/20000 (72.0%)]	Loss: 0.08871875703334808
[2023-05-02 08:15:42] Train Epoch: 9 [15200/20000 (76.0%)]	Loss: 0.22319574654102325
[2023-05-02 08:15:43] Train Epoch: 9 [16000/20000 (80.0%)]	Loss: 0.07562758773565292
[2023-05-02 08:15:43] Train Epoch: 9 [16800/20000 (84.0%)]	Loss: 0.15840959548950195
[2023-05-02 08:15:43] Train Epoch: 9 [17600/20000 (88.0%)]	Loss: 0.10332303494215012
[2023-05-02 08:15:44] Train Epoch: 9 [18400/20000 (92.0%)]	Loss: 0.09663578122854233
[2023-05-02 08:15:44] Train Epoch: 9 [19200/20000 (96.0%)]	Loss: 0.09648844599723816
[2023-05-02 08:15:48] ========== Metrics ==========
[2023-05-02 08:15:48] {
  "tr_loss": 0.11394300162516506,
  "tr_acc": 0.9631963196319632,
  "tr_f1": 0.963152097727045,
  "val_loss": 0.3984268323886795,
  "val_acc": 0.8221709006928406,
  "val_f1": 0.8219811488529256,
  "test_loss": 0.4097220807217647,
  "test_acc": 0.8184281842818428,
  "test_f1": 0.8154269972451792
}
[2023-05-02 08:15:48] ========== Metrics ==========
[2023-05-02 08:15:49] Train Epoch: 10 [0/20000 (0.0%)]	Loss: 0.05802593380212784
[2023-05-02 08:15:49] Train Epoch: 10 [800/20000 (4.0%)]	Loss: 0.020680014044046402
[2023-05-02 08:15:50] Train Epoch: 10 [1600/20000 (8.0%)]	Loss: 0.08902031183242798
[2023-05-02 08:15:50] Train Epoch: 10 [2400/20000 (12.0%)]	Loss: 0.24113424122333527
[2023-05-02 08:15:51] Train Epoch: 10 [3200/20000 (16.0%)]	Loss: 0.16892674565315247
[2023-05-02 08:15:51] Train Epoch: 10 [4000/20000 (20.0%)]	Loss: 0.15097710490226746
[2023-05-02 08:15:51] Train Epoch: 10 [4800/20000 (24.0%)]	Loss: 0.10493016242980957
[2023-05-02 08:15:52] Train Epoch: 10 [5600/20000 (28.0%)]	Loss: 0.08308982849121094
[2023-05-02 08:15:52] Train Epoch: 10 [6400/20000 (32.0%)]	Loss: 0.09319961071014404
[2023-05-02 08:15:53] Train Epoch: 10 [7200/20000 (36.0%)]	Loss: 0.04024331644177437
[2023-05-02 08:15:53] Train Epoch: 10 [8000/20000 (40.0%)]	Loss: 0.020026659592986107
[2023-05-02 08:15:53] Train Epoch: 10 [8800/20000 (44.0%)]	Loss: 0.18442213535308838
[2023-05-02 08:15:54] Train Epoch: 10 [9600/20000 (48.0%)]	Loss: 0.15078029036521912
[2023-05-02 08:15:54] Train Epoch: 10 [10400/20000 (52.0%)]	Loss: 0.09738264977931976
[2023-05-02 08:15:54] Train Epoch: 10 [11200/20000 (56.0%)]	Loss: 0.08241457492113113
[2023-05-02 08:15:54] Train Epoch: 10 [12000/20000 (60.0%)]	Loss: 0.0616876594722271
[2023-05-02 08:15:55] Train Epoch: 10 [12800/20000 (64.0%)]	Loss: 0.11567845940589905
[2023-05-02 08:15:55] Train Epoch: 10 [13600/20000 (68.0%)]	Loss: 0.126522958278656
[2023-05-02 08:15:55] Train Epoch: 10 [14400/20000 (72.0%)]	Loss: 0.11385931074619293
[2023-05-02 08:15:56] Train Epoch: 10 [15200/20000 (76.0%)]	Loss: 0.046457357704639435
[2023-05-02 08:15:56] Train Epoch: 10 [16000/20000 (80.0%)]	Loss: 0.10463599860668182
[2023-05-02 08:15:56] Train Epoch: 10 [16800/20000 (84.0%)]	Loss: 0.29353559017181396
[2023-05-02 08:15:56] Train Epoch: 10 [17600/20000 (88.0%)]	Loss: 0.05140940099954605
[2023-05-02 08:15:57] Train Epoch: 10 [18400/20000 (92.0%)]	Loss: 0.10365092754364014
[2023-05-02 08:15:57] Train Epoch: 10 [19200/20000 (96.0%)]	Loss: 0.06307101249694824
[2023-05-02 08:16:01] ========== Metrics ==========
[2023-05-02 08:16:01] {
  "tr_loss": 0.10945580208008857,
  "tr_acc": 0.9658465846584658,
  "tr_f1": 0.9658209478056348,
  "val_loss": 0.39803583396648,
  "val_acc": 0.8211049920056849,
  "val_f1": 0.8186565820277327,
  "test_loss": 0.40634545288111784,
  "test_acc": 0.8157181571815718,
  "test_f1": 0.8100558659217877
}
[2023-05-02 08:16:01] ========== Metrics ==========
[2023-05-02 08:16:02] Train Epoch: 11 [0/20000 (0.0%)]	Loss: 0.011556612327694893
[2023-05-02 08:16:02] Train Epoch: 11 [800/20000 (4.0%)]	Loss: 0.03349640592932701
[2023-05-02 08:16:02] Train Epoch: 11 [1600/20000 (8.0%)]	Loss: 0.07717136293649673
[2023-05-02 08:16:03] Train Epoch: 11 [2400/20000 (12.0%)]	Loss: 0.04758782684803009
[2023-05-02 08:16:03] Train Epoch: 11 [3200/20000 (16.0%)]	Loss: 0.055913351476192474
[2023-05-02 08:16:03] Train Epoch: 11 [4000/20000 (20.0%)]	Loss: 0.15774604678153992
[2023-05-02 08:16:04] Train Epoch: 11 [4800/20000 (24.0%)]	Loss: 0.033479172736406326
[2023-05-02 08:16:04] Train Epoch: 11 [5600/20000 (28.0%)]	Loss: 0.2249571681022644
[2023-05-02 08:16:04] Train Epoch: 11 [6400/20000 (32.0%)]	Loss: 0.10511574149131775
[2023-05-02 08:16:05] Train Epoch: 11 [7200/20000 (36.0%)]	Loss: 0.1113770380616188
[2023-05-02 08:16:05] Train Epoch: 11 [8000/20000 (40.0%)]	Loss: 0.12615862488746643
[2023-05-02 08:16:05] Train Epoch: 11 [8800/20000 (44.0%)]	Loss: 0.040478192269802094
[2023-05-02 08:16:06] Train Epoch: 11 [9600/20000 (48.0%)]	Loss: 0.0782538577914238
[2023-05-02 08:16:06] Train Epoch: 11 [10400/20000 (52.0%)]	Loss: 0.05815066397190094
[2023-05-02 08:16:06] Train Epoch: 11 [11200/20000 (56.0%)]	Loss: 0.16416926681995392
[2023-05-02 08:16:07] Train Epoch: 11 [12000/20000 (60.0%)]	Loss: 0.3001824915409088
[2023-05-02 08:16:07] Train Epoch: 11 [12800/20000 (64.0%)]	Loss: 0.09585987776517868
[2023-05-02 08:16:07] Train Epoch: 11 [13600/20000 (68.0%)]	Loss: 0.10537374019622803
[2023-05-02 08:16:07] Train Epoch: 11 [14400/20000 (72.0%)]	Loss: 0.16334551572799683
[2023-05-02 08:16:08] Train Epoch: 11 [15200/20000 (76.0%)]	Loss: 0.05484175682067871
[2023-05-02 08:16:08] Train Epoch: 11 [16000/20000 (80.0%)]	Loss: 0.16707338392734528
[2023-05-02 08:16:08] Train Epoch: 11 [16800/20000 (84.0%)]	Loss: 0.05436988174915314
[2023-05-02 08:16:09] Train Epoch: 11 [17600/20000 (88.0%)]	Loss: 0.08223745226860046
[2023-05-02 08:16:09] Train Epoch: 11 [18400/20000 (92.0%)]	Loss: 0.0687398687005043
[2023-05-02 08:16:09] Train Epoch: 11 [19200/20000 (96.0%)]	Loss: 0.08369879424571991
[2023-05-02 08:16:13] ========== Metrics ==========
[2023-05-02 08:16:13] {
  "tr_loss": 0.10653017772355489,
  "tr_acc": 0.9667466746674668,
  "tr_f1": 0.9666214927470763,
  "val_loss": 0.39822478020333085,
  "val_acc": 0.8211049920056849,
  "val_f1": 0.8198891074941871,
  "test_loss": 0.4287877922781761,
  "test_acc": 0.8211382113821138,
  "test_f1": 0.8176795580110499
}
[2023-05-02 08:16:13] ========== Metrics ==========
[2023-05-02 08:16:14] Train Epoch: 12 [0/20000 (0.0%)]	Loss: 0.144657164812088
[2023-05-02 08:16:15] Train Epoch: 12 [800/20000 (4.0%)]	Loss: 0.08607909083366394
[2023-05-02 08:16:15] Train Epoch: 12 [1600/20000 (8.0%)]	Loss: 0.04627743363380432
[2023-05-02 08:16:15] Train Epoch: 12 [2400/20000 (12.0%)]	Loss: 0.04019111022353172
[2023-05-02 08:16:16] Train Epoch: 12 [3200/20000 (16.0%)]	Loss: 0.13161017000675201
[2023-05-02 08:16:16] Train Epoch: 12 [4000/20000 (20.0%)]	Loss: 0.13975031673908234
[2023-05-02 08:16:16] Train Epoch: 12 [4800/20000 (24.0%)]	Loss: 0.3005746603012085
[2023-05-02 08:16:17] Train Epoch: 12 [5600/20000 (28.0%)]	Loss: 0.039911605417728424
[2023-05-02 08:16:17] Train Epoch: 12 [6400/20000 (32.0%)]	Loss: 0.2511191666126251
[2023-05-02 08:16:17] Train Epoch: 12 [7200/20000 (36.0%)]	Loss: 0.07328001409769058
[2023-05-02 08:16:18] Train Epoch: 12 [8000/20000 (40.0%)]	Loss: 0.17363928258419037
[2023-05-02 08:16:18] Train Epoch: 12 [8800/20000 (44.0%)]	Loss: 0.13525360822677612
[2023-05-02 08:16:18] Train Epoch: 12 [9600/20000 (48.0%)]	Loss: 0.10474341362714767
[2023-05-02 08:16:18] Train Epoch: 12 [10400/20000 (52.0%)]	Loss: 0.11909100413322449
[2023-05-02 08:16:19] Train Epoch: 12 [11200/20000 (56.0%)]	Loss: 0.10702311247587204
[2023-05-02 08:16:19] Train Epoch: 12 [12000/20000 (60.0%)]	Loss: 0.09699896723031998
[2023-05-02 08:16:19] Train Epoch: 12 [12800/20000 (64.0%)]	Loss: 0.4745176434516907
[2023-05-02 08:16:20] Train Epoch: 12 [13600/20000 (68.0%)]	Loss: 0.08573229610919952
[2023-05-02 08:16:20] Train Epoch: 12 [14400/20000 (72.0%)]	Loss: 0.1387118250131607
[2023-05-02 08:16:20] Train Epoch: 12 [15200/20000 (76.0%)]	Loss: 0.05079491063952446
[2023-05-02 08:16:21] Train Epoch: 12 [16000/20000 (80.0%)]	Loss: 0.15351828932762146
[2023-05-02 08:16:21] Train Epoch: 12 [16800/20000 (84.0%)]	Loss: 0.18592047691345215
[2023-05-02 08:16:21] Train Epoch: 12 [17600/20000 (88.0%)]	Loss: 0.08139432221651077
[2023-05-02 08:16:22] Train Epoch: 12 [18400/20000 (92.0%)]	Loss: 0.22003105282783508
[2023-05-02 08:16:22] Train Epoch: 12 [19200/20000 (96.0%)]	Loss: 0.0654829666018486
[2023-05-02 08:16:26] ========== Metrics ==========
[2023-05-02 08:16:26] {
  "tr_loss": 0.1082435569020197,
  "tr_acc": 0.9658465846584658,
  "tr_f1": 0.9657180143552677,
  "val_loss": 0.39863973793498064,
  "val_acc": 0.8216379463492628,
  "val_f1": 0.8214793741109531,
  "test_loss": 0.40349712652888725,
  "test_acc": 0.8157181571815718,
  "test_f1": 0.8142076502732241
}
[2023-05-02 08:16:26] ========== Metrics ==========
[2023-05-02 08:16:27] Train Epoch: 13 [0/20000 (0.0%)]	Loss: 0.054517943412065506
[2023-05-02 08:16:27] Train Epoch: 13 [800/20000 (4.0%)]	Loss: 0.1315026581287384
[2023-05-02 08:16:27] Train Epoch: 13 [1600/20000 (8.0%)]	Loss: 0.0994446873664856
[2023-05-02 08:16:28] Train Epoch: 13 [2400/20000 (12.0%)]	Loss: 0.03686733543872833
[2023-05-02 08:16:28] Train Epoch: 13 [3200/20000 (16.0%)]	Loss: 0.07062132656574249
[2023-05-02 08:16:28] Train Epoch: 13 [4000/20000 (20.0%)]	Loss: 0.19985231757164001
[2023-05-02 08:16:29] Train Epoch: 13 [4800/20000 (24.0%)]	Loss: 0.09554396569728851
[2023-05-02 08:16:29] Train Epoch: 13 [5600/20000 (28.0%)]	Loss: 0.22613701224327087
[2023-05-02 08:16:29] Train Epoch: 13 [6400/20000 (32.0%)]	Loss: 0.024356234818696976
[2023-05-02 08:16:30] Train Epoch: 13 [7200/20000 (36.0%)]	Loss: 0.06462962925434113
[2023-05-02 08:16:30] Train Epoch: 13 [8000/20000 (40.0%)]	Loss: 0.12168674170970917
[2023-05-02 08:16:30] Train Epoch: 13 [8800/20000 (44.0%)]	Loss: 0.2241002917289734
[2023-05-02 08:16:31] Train Epoch: 13 [9600/20000 (48.0%)]	Loss: 0.21401982009410858
[2023-05-02 08:16:31] Train Epoch: 13 [10400/20000 (52.0%)]	Loss: 0.2650456428527832
[2023-05-02 08:16:31] Train Epoch: 13 [11200/20000 (56.0%)]	Loss: 0.11587873846292496
[2023-05-02 08:16:31] Train Epoch: 13 [12000/20000 (60.0%)]	Loss: 0.06396131217479706
[2023-05-02 08:16:32] Train Epoch: 13 [12800/20000 (64.0%)]	Loss: 0.1643751561641693
[2023-05-02 08:16:32] Train Epoch: 13 [13600/20000 (68.0%)]	Loss: 0.22168399393558502
[2023-05-02 08:16:32] Train Epoch: 13 [14400/20000 (72.0%)]	Loss: 0.08417189866304398
[2023-05-02 08:16:33] Train Epoch: 13 [15200/20000 (76.0%)]	Loss: 0.0626586377620697
[2023-05-02 08:16:33] Train Epoch: 13 [16000/20000 (80.0%)]	Loss: 0.039513833820819855
[2023-05-02 08:16:33] Train Epoch: 13 [16800/20000 (84.0%)]	Loss: 0.15256090462207794
[2023-05-02 08:16:34] Train Epoch: 13 [17600/20000 (88.0%)]	Loss: 0.04648768901824951
[2023-05-02 08:16:34] Train Epoch: 13 [18400/20000 (92.0%)]	Loss: 0.06319520622491837
[2023-05-02 08:16:34] Train Epoch: 13 [19200/20000 (96.0%)]	Loss: 0.05636722221970558
[2023-05-02 08:16:38] ========== Metrics ==========
[2023-05-02 08:16:38] {
  "tr_loss": 0.10796705563582949,
  "tr_acc": 0.9647964796479648,
  "tr_f1": 0.9648316515136377,
  "val_loss": 0.3984019634545347,
  "val_acc": 0.8218155977971221,
  "val_f1": 0.8210526315789474,
  "test_loss": 0.5013463219329917,
  "test_acc": 0.8184281842818428,
  "test_f1": 0.8154269972451792
}
[2023-05-02 08:16:38] ========== Metrics ==========
[2023-05-02 08:16:39] Train Epoch: 14 [0/20000 (0.0%)]	Loss: 0.019782155752182007
[2023-05-02 08:16:39] Train Epoch: 14 [800/20000 (4.0%)]	Loss: 0.10762406140565872
[2023-05-02 08:16:40] Train Epoch: 14 [1600/20000 (8.0%)]	Loss: 0.1192728728055954
[2023-05-02 08:16:40] Train Epoch: 14 [2400/20000 (12.0%)]	Loss: 0.10263998806476593
[2023-05-02 08:16:40] Train Epoch: 14 [3200/20000 (16.0%)]	Loss: 0.09598421305418015
[2023-05-02 08:16:41] Train Epoch: 14 [4000/20000 (20.0%)]	Loss: 0.13016577064990997
[2023-05-02 08:16:41] Train Epoch: 14 [4800/20000 (24.0%)]	Loss: 0.10008459538221359
[2023-05-02 08:16:41] Train Epoch: 14 [5600/20000 (28.0%)]	Loss: 0.05154534801840782
[2023-05-02 08:16:42] Train Epoch: 14 [6400/20000 (32.0%)]	Loss: 0.16930334270000458
[2023-05-02 08:16:42] Train Epoch: 14 [7200/20000 (36.0%)]	Loss: 0.11237391829490662
[2023-05-02 08:16:42] Train Epoch: 14 [8000/20000 (40.0%)]	Loss: 0.018862519413232803
[2023-05-02 08:16:42] Train Epoch: 14 [8800/20000 (44.0%)]	Loss: 0.14573830366134644
[2023-05-02 08:16:43] Train Epoch: 14 [9600/20000 (48.0%)]	Loss: 0.13018152117729187
[2023-05-02 08:16:43] Train Epoch: 14 [10400/20000 (52.0%)]	Loss: 0.05723989009857178
[2023-05-02 08:16:43] Train Epoch: 14 [11200/20000 (56.0%)]	Loss: 0.06546854227781296
[2023-05-02 08:16:44] Train Epoch: 14 [12000/20000 (60.0%)]	Loss: 0.30558648705482483
[2023-05-02 08:16:44] Train Epoch: 14 [12800/20000 (64.0%)]	Loss: 0.09529717266559601
[2023-05-02 08:16:44] Train Epoch: 14 [13600/20000 (68.0%)]	Loss: 0.08800148218870163
[2023-05-02 08:16:45] Train Epoch: 14 [14400/20000 (72.0%)]	Loss: 0.17139916121959686
[2023-05-02 08:16:45] Train Epoch: 14 [15200/20000 (76.0%)]	Loss: 0.05422027036547661
[2023-05-02 08:16:45] Train Epoch: 14 [16000/20000 (80.0%)]	Loss: 0.04665219038724899
[2023-05-02 08:16:46] Train Epoch: 14 [16800/20000 (84.0%)]	Loss: 0.13966310024261475
[2023-05-02 08:16:46] Train Epoch: 14 [17600/20000 (88.0%)]	Loss: 0.16911518573760986
[2023-05-02 08:16:46] Train Epoch: 14 [18400/20000 (92.0%)]	Loss: 0.07661468535661697
[2023-05-02 08:16:47] Train Epoch: 14 [19200/20000 (96.0%)]	Loss: 0.09945600479841232
[2023-05-02 08:16:50] ========== Metrics ==========
[2023-05-02 08:16:50] {
  "tr_loss": 0.10602683889673929,
  "tr_acc": 0.965946594659466,
  "tr_f1": 0.9658971405678803,
  "val_loss": 0.39854599889927045,
  "val_acc": 0.8227038550364185,
  "val_f1": 0.8222301389383684,
  "test_loss": 0.437759305726545,
  "test_acc": 0.8184281842818428,
  "test_f1": 0.8154269972451792
}
[2023-05-02 08:16:50] ========== Metrics ==========
[2023-05-02 08:16:51] Train Epoch: 15 [0/20000 (0.0%)]	Loss: 0.0782298743724823
[2023-05-02 08:16:52] Train Epoch: 15 [800/20000 (4.0%)]	Loss: 0.07008741796016693
[2023-05-02 08:16:52] Train Epoch: 15 [1600/20000 (8.0%)]	Loss: 0.08003906160593033
[2023-05-02 08:16:52] Train Epoch: 15 [2400/20000 (12.0%)]	Loss: 0.08163610100746155
[2023-05-02 08:16:53] Train Epoch: 15 [3200/20000 (16.0%)]	Loss: 0.18677201867103577
[2023-05-02 08:16:53] Train Epoch: 15 [4000/20000 (20.0%)]	Loss: 0.03650517761707306
[2023-05-02 08:16:53] Train Epoch: 15 [4800/20000 (24.0%)]	Loss: 0.10340829193592072
[2023-05-02 08:16:53] Train Epoch: 15 [5600/20000 (28.0%)]	Loss: 0.17779135704040527
[2023-05-02 08:16:54] Train Epoch: 15 [6400/20000 (32.0%)]	Loss: 0.11148931086063385
[2023-05-02 08:16:54] Train Epoch: 15 [7200/20000 (36.0%)]	Loss: 0.08735879510641098
[2023-05-02 08:16:54] Train Epoch: 15 [8000/20000 (40.0%)]	Loss: 0.09914563596248627
[2023-05-02 08:16:55] Train Epoch: 15 [8800/20000 (44.0%)]	Loss: 0.1398269087076187
[2023-05-02 08:16:55] Train Epoch: 15 [9600/20000 (48.0%)]	Loss: 0.14650127291679382
[2023-05-02 08:16:55] Train Epoch: 15 [10400/20000 (52.0%)]	Loss: 0.027623828500509262
[2023-05-02 08:16:56] Train Epoch: 15 [11200/20000 (56.0%)]	Loss: 0.20249760150909424
[2023-05-02 08:16:56] Train Epoch: 15 [12000/20000 (60.0%)]	Loss: 0.13723567128181458
[2023-05-02 08:16:56] Train Epoch: 15 [12800/20000 (64.0%)]	Loss: 0.13136224448680878
[2023-05-02 08:16:57] Train Epoch: 15 [13600/20000 (68.0%)]	Loss: 0.12770716845989227
[2023-05-02 08:16:57] Train Epoch: 15 [14400/20000 (72.0%)]	Loss: 0.10240817070007324
[2023-05-02 08:16:57] Train Epoch: 15 [15200/20000 (76.0%)]	Loss: 0.08144968748092651
[2023-05-02 08:16:58] Train Epoch: 15 [16000/20000 (80.0%)]	Loss: 0.042531512677669525
[2023-05-02 08:16:58] Train Epoch: 15 [16800/20000 (84.0%)]	Loss: 0.0689878836274147
[2023-05-02 08:16:58] Train Epoch: 15 [17600/20000 (88.0%)]	Loss: 0.1591940075159073
[2023-05-02 08:16:59] Train Epoch: 15 [18400/20000 (92.0%)]	Loss: 0.2963908314704895
[2023-05-02 08:16:59] Train Epoch: 15 [19200/20000 (96.0%)]	Loss: 0.1374196708202362
[2023-05-02 08:17:03] ========== Metrics ==========
[2023-05-02 08:17:03] {
  "tr_loss": 0.10794869356482538,
  "tr_acc": 0.963996399639964,
  "tr_f1": 0.9640143942423031,
  "val_loss": 0.39858483645564013,
  "val_acc": 0.8216379463492628,
  "val_f1": 0.8208422555317629,
  "test_loss": 0.42903214935364764,
  "test_acc": 0.8184281842818428,
  "test_f1": 0.8154269972451792
}
[2023-05-02 08:17:03] ========== Metrics ==========
[2023-05-02 08:17:04] Train Epoch: 16 [0/20000 (0.0%)]	Loss: 0.052424825727939606
[2023-05-02 08:17:04] Train Epoch: 16 [800/20000 (4.0%)]	Loss: 0.03413313627243042
[2023-05-02 08:17:04] Train Epoch: 16 [1600/20000 (8.0%)]	Loss: 0.15688419342041016
[2023-05-02 08:17:05] Train Epoch: 16 [2400/20000 (12.0%)]	Loss: 0.022114811465144157
[2023-05-02 08:17:05] Train Epoch: 16 [3200/20000 (16.0%)]	Loss: 0.05640969052910805
[2023-05-02 08:17:05] Train Epoch: 16 [4000/20000 (20.0%)]	Loss: 0.08151973783969879
[2023-05-02 08:17:05] Train Epoch: 16 [4800/20000 (24.0%)]	Loss: 0.11453729122877121
[2023-05-02 08:17:06] Train Epoch: 16 [5600/20000 (28.0%)]	Loss: 0.05568400397896767
[2023-05-02 08:17:06] Train Epoch: 16 [6400/20000 (32.0%)]	Loss: 0.10301746428012848
[2023-05-02 08:17:06] Train Epoch: 16 [7200/20000 (36.0%)]	Loss: 0.03817761689424515
[2023-05-02 08:17:07] Train Epoch: 16 [8000/20000 (40.0%)]	Loss: 0.07716391980648041
[2023-05-02 08:17:07] Train Epoch: 16 [8800/20000 (44.0%)]	Loss: 0.22972196340560913
[2023-05-02 08:17:07] Train Epoch: 16 [9600/20000 (48.0%)]	Loss: 0.18099018931388855
[2023-05-02 08:17:08] Train Epoch: 16 [10400/20000 (52.0%)]	Loss: 0.1747780740261078
[2023-05-02 08:17:08] Train Epoch: 16 [11200/20000 (56.0%)]	Loss: 0.05697976425290108
[2023-05-02 08:17:08] Train Epoch: 16 [12000/20000 (60.0%)]	Loss: 0.10904935747385025
[2023-05-02 08:17:09] Train Epoch: 16 [12800/20000 (64.0%)]	Loss: 0.297298401594162
[2023-05-02 08:17:09] Train Epoch: 16 [13600/20000 (68.0%)]	Loss: 0.09937208145856857
[2023-05-02 08:17:09] Train Epoch: 16 [14400/20000 (72.0%)]	Loss: 0.2970595359802246
[2023-05-02 08:17:10] Train Epoch: 16 [15200/20000 (76.0%)]	Loss: 0.0817413181066513
[2023-05-02 08:17:10] Train Epoch: 16 [16000/20000 (80.0%)]	Loss: 0.15205933153629303
[2023-05-02 08:17:10] Train Epoch: 16 [16800/20000 (84.0%)]	Loss: 0.044405486434698105
[2023-05-02 08:17:11] Train Epoch: 16 [17600/20000 (88.0%)]	Loss: 0.06354758143424988
[2023-05-02 08:17:11] Train Epoch: 16 [18400/20000 (92.0%)]	Loss: 0.01838666945695877
[2023-05-02 08:17:11] Train Epoch: 16 [19200/20000 (96.0%)]	Loss: 0.20122693479061127
[2023-05-02 08:17:15] ========== Metrics ==========
[2023-05-02 08:17:15] {
  "tr_loss": 0.10696826599510756,
  "tr_acc": 0.9657965796579658,
  "tr_f1": 0.9657657657657657,
  "val_loss": 0.3984953955406193,
  "val_acc": 0.8218155977971221,
  "val_f1": 0.8210526315789474,
  "test_loss": 0.4025235772839568,
  "test_acc": 0.8184281842818428,
  "test_f1": 0.8154269972451792
}
[2023-05-02 08:17:15] ========== Metrics ==========
[2023-05-02 08:17:16] Train Epoch: 17 [0/20000 (0.0%)]	Loss: 0.017495514824986458
[2023-05-02 08:17:17] Train Epoch: 17 [800/20000 (4.0%)]	Loss: 0.06965405493974686
[2023-05-02 08:17:17] Train Epoch: 17 [1600/20000 (8.0%)]	Loss: 0.05829166620969772
[2023-05-02 08:17:17] Train Epoch: 17 [2400/20000 (12.0%)]	Loss: 0.13208098709583282
[2023-05-02 08:17:18] Train Epoch: 17 [3200/20000 (16.0%)]	Loss: 0.08097883313894272
[2023-05-02 08:17:18] Train Epoch: 17 [4000/20000 (20.0%)]	Loss: 0.046014346182346344
[2023-05-02 08:17:19] Train Epoch: 17 [4800/20000 (24.0%)]	Loss: 0.10627736896276474
[2023-05-02 08:17:19] Train Epoch: 17 [5600/20000 (28.0%)]	Loss: 0.18349432945251465
[2023-05-02 08:17:19] Train Epoch: 17 [6400/20000 (32.0%)]	Loss: 0.02685832604765892
[2023-05-02 08:17:20] Train Epoch: 17 [7200/20000 (36.0%)]	Loss: 0.09190475195646286
[2023-05-02 08:17:20] Train Epoch: 17 [8000/20000 (40.0%)]	Loss: 0.12410315126180649
[2023-05-02 08:17:20] Train Epoch: 17 [8800/20000 (44.0%)]	Loss: 0.06992049515247345
[2023-05-02 08:17:21] Train Epoch: 17 [9600/20000 (48.0%)]	Loss: 0.03713085874915123
[2023-05-02 08:17:21] Train Epoch: 17 [10400/20000 (52.0%)]	Loss: 0.03036036342382431
[2023-05-02 08:17:21] Train Epoch: 17 [11200/20000 (56.0%)]	Loss: 0.22198499739170074
[2023-05-02 08:17:22] Train Epoch: 17 [12000/20000 (60.0%)]	Loss: 0.030061354860663414
[2023-05-02 08:17:22] Train Epoch: 17 [12800/20000 (64.0%)]	Loss: 0.03968820720911026
[2023-05-02 08:17:22] Train Epoch: 17 [13600/20000 (68.0%)]	Loss: 0.05207451805472374
[2023-05-02 08:17:23] Train Epoch: 17 [14400/20000 (72.0%)]	Loss: 0.09627135097980499
[2023-05-02 08:17:23] Train Epoch: 17 [15200/20000 (76.0%)]	Loss: 0.03248300030827522
[2023-05-02 08:17:24] Train Epoch: 17 [16000/20000 (80.0%)]	Loss: 0.05319206044077873
[2023-05-02 08:17:24] Train Epoch: 17 [16800/20000 (84.0%)]	Loss: 0.13894398510456085
[2023-05-02 08:17:24] Train Epoch: 17 [17600/20000 (88.0%)]	Loss: 0.1088649109005928
[2023-05-02 08:17:25] Train Epoch: 17 [18400/20000 (92.0%)]	Loss: 0.1456969529390335
[2023-05-02 08:17:25] Train Epoch: 17 [19200/20000 (96.0%)]	Loss: 0.12325385957956314
[2023-05-02 08:17:29] ========== Metrics ==========
[2023-05-02 08:17:29] {
  "tr_loss": 0.10378382851307554,
  "tr_acc": 0.9664466446644664,
  "tr_f1": 0.9663777120809741,
  "val_loss": 0.39857310998035295,
  "val_acc": 0.8218155977971221,
  "val_f1": 0.8210526315789474,
  "test_loss": 0.402955776307641,
  "test_acc": 0.8184281842818428,
  "test_f1": 0.8154269972451792
}
[2023-05-02 08:17:29] ========== Metrics ==========
[2023-05-02 08:17:30] Train Epoch: 18 [0/20000 (0.0%)]	Loss: 0.04067743569612503
[2023-05-02 08:17:30] Train Epoch: 18 [800/20000 (4.0%)]	Loss: 0.0905543714761734
[2023-05-02 08:17:31] Train Epoch: 18 [1600/20000 (8.0%)]	Loss: 0.17361153662204742
[2023-05-02 08:17:31] Train Epoch: 18 [2400/20000 (12.0%)]	Loss: 0.13008026778697968
[2023-05-02 08:17:32] Train Epoch: 18 [3200/20000 (16.0%)]	Loss: 0.23242132365703583
[2023-05-02 08:17:32] Train Epoch: 18 [4000/20000 (20.0%)]	Loss: 0.012036042287945747
[2023-05-02 08:17:32] Train Epoch: 18 [4800/20000 (24.0%)]	Loss: 0.07671132683753967
[2023-05-02 08:17:33] Train Epoch: 18 [5600/20000 (28.0%)]	Loss: 0.13578028976917267
[2023-05-02 08:17:33] Train Epoch: 18 [6400/20000 (32.0%)]	Loss: 0.08426171541213989
[2023-05-02 08:17:33] Train Epoch: 18 [7200/20000 (36.0%)]	Loss: 0.15276814997196198
[2023-05-02 08:17:34] Train Epoch: 18 [8000/20000 (40.0%)]	Loss: 0.03609713166952133
[2023-05-02 08:17:34] Train Epoch: 18 [8800/20000 (44.0%)]	Loss: 0.01636604778468609
[2023-05-02 08:17:35] Train Epoch: 18 [9600/20000 (48.0%)]	Loss: 0.0748729333281517
[2023-05-02 08:17:35] Train Epoch: 18 [10400/20000 (52.0%)]	Loss: 0.06294546276330948
[2023-05-02 08:17:35] Train Epoch: 18 [11200/20000 (56.0%)]	Loss: 0.08426022529602051
[2023-05-02 08:17:36] Train Epoch: 18 [12000/20000 (60.0%)]	Loss: 0.03197533264756203
[2023-05-02 08:17:36] Train Epoch: 18 [12800/20000 (64.0%)]	Loss: 0.18972401320934296
[2023-05-02 08:17:36] Train Epoch: 18 [13600/20000 (68.0%)]	Loss: 0.20604249835014343
[2023-05-02 08:17:37] Train Epoch: 18 [14400/20000 (72.0%)]	Loss: 0.13109718263149261
[2023-05-02 08:17:37] Train Epoch: 18 [15200/20000 (76.0%)]	Loss: 0.24645443260669708
[2023-05-02 08:17:38] Train Epoch: 18 [16000/20000 (80.0%)]	Loss: 0.12515458464622498
[2023-05-02 08:17:38] Train Epoch: 18 [16800/20000 (84.0%)]	Loss: 0.04885006695985794
[2023-05-02 08:17:38] Train Epoch: 18 [17600/20000 (88.0%)]	Loss: 0.2241261601448059
[2023-05-02 08:17:39] Train Epoch: 18 [18400/20000 (92.0%)]	Loss: 0.05044753476977348
[2023-05-02 08:17:39] Train Epoch: 18 [19200/20000 (96.0%)]	Loss: 0.046948958188295364
[2023-05-02 08:17:43] ========== Metrics ==========
[2023-05-02 08:17:43] {
  "tr_loss": 0.10457255415516337,
  "tr_acc": 0.9670967096709671,
  "tr_f1": 0.9670175438596491,
  "val_loss": 0.3986095797848291,
  "val_acc": 0.8218155977971221,
  "val_f1": 0.8210526315789474,
  "test_loss": 0.43827159101077856,
  "test_acc": 0.8184281842818428,
  "test_f1": 0.8154269972451792
}
[2023-05-02 08:17:43] ========== Metrics ==========
[2023-05-02 08:17:44] Train Epoch: 19 [0/20000 (0.0%)]	Loss: 0.016948124393820763
[2023-05-02 08:17:44] Train Epoch: 19 [800/20000 (4.0%)]	Loss: 0.1480807065963745
[2023-05-02 08:17:45] Train Epoch: 19 [1600/20000 (8.0%)]	Loss: 0.12132774293422699
[2023-05-02 08:17:45] Train Epoch: 19 [2400/20000 (12.0%)]	Loss: 0.10299646109342575
[2023-05-02 08:17:45] Train Epoch: 19 [3200/20000 (16.0%)]	Loss: 0.07494032382965088
[2023-05-02 08:17:46] Train Epoch: 19 [4000/20000 (20.0%)]	Loss: 0.13635337352752686
[2023-05-02 08:17:46] Train Epoch: 19 [4800/20000 (24.0%)]	Loss: 0.20296336710453033
[2023-05-02 08:17:46] Train Epoch: 19 [5600/20000 (28.0%)]	Loss: 0.1670885533094406
[2023-05-02 08:17:47] Train Epoch: 19 [6400/20000 (32.0%)]	Loss: 0.04209095984697342
[2023-05-02 08:17:47] Train Epoch: 19 [7200/20000 (36.0%)]	Loss: 0.09691061079502106
[2023-05-02 08:17:47] Train Epoch: 19 [8000/20000 (40.0%)]	Loss: 0.06605276465415955
[2023-05-02 08:17:47] Train Epoch: 19 [8800/20000 (44.0%)]	Loss: 0.07634727656841278
[2023-05-02 08:17:48] Train Epoch: 19 [9600/20000 (48.0%)]	Loss: 0.09488595277070999
[2023-05-02 08:17:48] Train Epoch: 19 [10400/20000 (52.0%)]	Loss: 0.09196922183036804
[2023-05-02 08:17:48] Train Epoch: 19 [11200/20000 (56.0%)]	Loss: 0.0433923676609993
[2023-05-02 08:17:48] Train Epoch: 19 [12000/20000 (60.0%)]	Loss: 0.15997540950775146
[2023-05-02 08:17:49] Train Epoch: 19 [12800/20000 (64.0%)]	Loss: 0.0710863247513771
[2023-05-02 08:17:49] Train Epoch: 19 [13600/20000 (68.0%)]	Loss: 0.07870564609766006
[2023-05-02 08:17:49] Train Epoch: 19 [14400/20000 (72.0%)]	Loss: 0.12525947391986847
[2023-05-02 08:17:50] Train Epoch: 19 [15200/20000 (76.0%)]	Loss: 0.0460113100707531
[2023-05-02 08:17:50] Train Epoch: 19 [16000/20000 (80.0%)]	Loss: 0.025384534150362015
[2023-05-02 08:17:50] Train Epoch: 19 [16800/20000 (84.0%)]	Loss: 0.04507283866405487
[2023-05-02 08:17:51] Train Epoch: 19 [17600/20000 (88.0%)]	Loss: 0.03530879691243172
[2023-05-02 08:17:51] Train Epoch: 19 [18400/20000 (92.0%)]	Loss: 0.0545075498521328
[2023-05-02 08:17:51] Train Epoch: 19 [19200/20000 (96.0%)]	Loss: 0.07720774412155151
[2023-05-02 08:17:55] ========== Metrics ==========
[2023-05-02 08:17:55] {
  "tr_loss": 0.10771516516785322,
  "tr_acc": 0.9654965496549655,
  "tr_f1": 0.9654516322851994,
  "val_loss": 0.39868257261334866,
  "val_acc": 0.8219932492449813,
  "val_f1": 0.8213266761768901,
  "test_loss": 0.43221831709388797,
  "test_acc": 0.8184281842818428,
  "test_f1": 0.8154269972451792
}
[2023-05-02 08:17:55] ========== Metrics ==========
[2023-05-02 08:17:56] Train Epoch: 20 [0/20000 (0.0%)]	Loss: 0.10786859691143036
[2023-05-02 08:17:56] Train Epoch: 20 [800/20000 (4.0%)]	Loss: 0.13927164673805237
[2023-05-02 08:17:57] Train Epoch: 20 [1600/20000 (8.0%)]	Loss: 0.242262601852417
[2023-05-02 08:17:57] Train Epoch: 20 [2400/20000 (12.0%)]	Loss: 0.06443005055189133
[2023-05-02 08:17:57] Train Epoch: 20 [3200/20000 (16.0%)]	Loss: 0.10743697732686996
[2023-05-02 08:17:58] Train Epoch: 20 [4000/20000 (20.0%)]	Loss: 0.06698932498693466
[2023-05-02 08:17:58] Train Epoch: 20 [4800/20000 (24.0%)]	Loss: 0.15299110114574432
[2023-05-02 08:17:58] Train Epoch: 20 [5600/20000 (28.0%)]	Loss: 0.05653168261051178
[2023-05-02 08:17:59] Train Epoch: 20 [6400/20000 (32.0%)]	Loss: 0.06605947017669678
[2023-05-02 08:17:59] Train Epoch: 20 [7200/20000 (36.0%)]	Loss: 0.03797737509012222
[2023-05-02 08:17:59] Train Epoch: 20 [8000/20000 (40.0%)]	Loss: 0.058219265192747116
[2023-05-02 08:18:00] Train Epoch: 20 [8800/20000 (44.0%)]	Loss: 0.09439412504434586
[2023-05-02 08:18:00] Train Epoch: 20 [9600/20000 (48.0%)]	Loss: 0.029574938118457794
[2023-05-02 08:18:00] Train Epoch: 20 [10400/20000 (52.0%)]	Loss: 0.3498094081878662
[2023-05-02 08:18:01] Train Epoch: 20 [11200/20000 (56.0%)]	Loss: 0.11840402334928513
[2023-05-02 08:18:01] Train Epoch: 20 [12000/20000 (60.0%)]	Loss: 0.13905955851078033
[2023-05-02 08:18:02] Train Epoch: 20 [12800/20000 (64.0%)]	Loss: 0.03648040443658829
[2023-05-02 08:18:02] Train Epoch: 20 [13600/20000 (68.0%)]	Loss: 0.06994426995515823
[2023-05-02 08:18:02] Train Epoch: 20 [14400/20000 (72.0%)]	Loss: 0.04626240208745003
[2023-05-02 08:18:03] Train Epoch: 20 [15200/20000 (76.0%)]	Loss: 0.15230441093444824
[2023-05-02 08:18:03] Train Epoch: 20 [16000/20000 (80.0%)]	Loss: 0.0517212338745594
[2023-05-02 08:18:03] Train Epoch: 20 [16800/20000 (84.0%)]	Loss: 0.07120861858129501
[2023-05-02 08:18:04] Train Epoch: 20 [17600/20000 (88.0%)]	Loss: 0.2469339370727539
[2023-05-02 08:18:04] Train Epoch: 20 [18400/20000 (92.0%)]	Loss: 0.030623186379671097
[2023-05-02 08:18:04] Train Epoch: 20 [19200/20000 (96.0%)]	Loss: 0.038001518696546555
[2023-05-02 08:18:07] Stop At epoch 20/20 due to valid not increase
[2023-05-02 08:18:08] ========== Metrics ==========
[2023-05-02 08:18:08] {
  "tr_loss": 0.10662362562215487,
  "tr_acc": 0.9656965696569657,
  "tr_f1": 0.9657137145141943,
  "val_loss": 0.3985792222466048,
  "val_acc": 0.8218155977971221,
  "val_f1": 0.8210526315789474,
  "test_loss": 0.4208470405278813,
  "test_acc": 0.8184281842818428,
  "test_f1": 0.8154269972451792
}
[2023-05-02 08:18:08] ========== Metrics ==========
