[2023-05-03 19:11:50] Train Epoch: 1 [0/20000 (0.0%)]	Loss: 0.6998671889305115
[2023-05-03 19:11:50] Train Epoch: 1 [800/20000 (4.0%)]	Loss: 0.7031835913658142
[2023-05-03 19:11:50] Train Epoch: 1 [1600/20000 (8.0%)]	Loss: 0.71560138463974
[2023-05-03 19:11:51] Train Epoch: 1 [2400/20000 (12.0%)]	Loss: 0.6844987869262695
[2023-05-03 19:11:51] Train Epoch: 1 [3200/20000 (16.0%)]	Loss: 0.7251297831535339
[2023-05-03 19:11:51] Train Epoch: 1 [4000/20000 (20.0%)]	Loss: 0.7214423418045044
[2023-05-03 19:11:51] Train Epoch: 1 [4800/20000 (24.0%)]	Loss: 0.6900579333305359
[2023-05-03 19:11:51] Train Epoch: 1 [5600/20000 (28.0%)]	Loss: 0.6703587174415588
[2023-05-03 19:11:52] Train Epoch: 1 [6400/20000 (32.0%)]	Loss: 0.7001597285270691
[2023-05-03 19:11:52] Train Epoch: 1 [7200/20000 (36.0%)]	Loss: 0.6688330173492432
[2023-05-03 19:11:52] Train Epoch: 1 [8000/20000 (40.0%)]	Loss: 0.6797094941139221
[2023-05-03 19:11:52] Train Epoch: 1 [8800/20000 (44.0%)]	Loss: 0.6299693584442139
[2023-05-03 19:11:52] Train Epoch: 1 [9600/20000 (48.0%)]	Loss: 0.662119448184967
[2023-05-03 19:11:53] Train Epoch: 1 [10400/20000 (52.0%)]	Loss: 0.7115008234977722
[2023-05-03 19:11:53] Train Epoch: 1 [11200/20000 (56.0%)]	Loss: 0.7113696932792664
[2023-05-03 19:11:53] Train Epoch: 1 [12000/20000 (60.0%)]	Loss: 0.6310386657714844
[2023-05-03 19:11:53] Train Epoch: 1 [12800/20000 (64.0%)]	Loss: 0.7331173419952393
[2023-05-03 19:11:53] Train Epoch: 1 [13600/20000 (68.0%)]	Loss: 0.6765626668930054
[2023-05-03 19:11:54] Train Epoch: 1 [14400/20000 (72.0%)]	Loss: 0.6795737147331238
[2023-05-03 19:11:54] Train Epoch: 1 [15200/20000 (76.0%)]	Loss: 0.6984915137290955
[2023-05-03 19:11:54] Train Epoch: 1 [16000/20000 (80.0%)]	Loss: 0.7619019746780396
[2023-05-03 19:11:54] Train Epoch: 1 [16800/20000 (84.0%)]	Loss: 0.6410661339759827
[2023-05-03 19:11:54] Train Epoch: 1 [17600/20000 (88.0%)]	Loss: 0.6273841261863708
[2023-05-03 19:11:55] Train Epoch: 1 [18400/20000 (92.0%)]	Loss: 0.6995300054550171
[2023-05-03 19:11:55] Train Epoch: 1 [19200/20000 (96.0%)]	Loss: 0.6248378753662109
[2023-05-03 19:11:58] ========== Metrics ==========
[2023-05-03 19:11:58] {
  "tr_loss": 0.6717638627971837,
  "tr_acc": 0.5852585258525853,
  "tr_f1": 0.5891618783435705,
  "val_loss": 0.621065961804223,
  "val_acc": 0.6951501154734411,
  "val_f1": 0.6292134831460674,
  "test_loss": 0.6466348591212657,
  "test_acc": 0.7181571815718157,
  "test_f1": 0.6578947368421052
}
[2023-05-03 19:11:58] ========== Metrics ==========
[2023-05-03 19:11:59] Train Epoch: 2 [0/20000 (0.0%)]	Loss: 0.633560836315155
[2023-05-03 19:11:59] Train Epoch: 2 [800/20000 (4.0%)]	Loss: 0.5927000641822815
[2023-05-03 19:12:00] Train Epoch: 2 [1600/20000 (8.0%)]	Loss: 0.5446773767471313
[2023-05-03 19:12:00] Train Epoch: 2 [2400/20000 (12.0%)]	Loss: 0.47615736722946167
[2023-05-03 19:12:00] Train Epoch: 2 [3200/20000 (16.0%)]	Loss: 0.5562189221382141
[2023-05-03 19:12:00] Train Epoch: 2 [4000/20000 (20.0%)]	Loss: 0.6277599334716797
[2023-05-03 19:12:01] Train Epoch: 2 [4800/20000 (24.0%)]	Loss: 0.6039630174636841
[2023-05-03 19:12:01] Train Epoch: 2 [5600/20000 (28.0%)]	Loss: 0.5327496528625488
[2023-05-03 19:12:01] Train Epoch: 2 [6400/20000 (32.0%)]	Loss: 0.5273658037185669
[2023-05-03 19:12:01] Train Epoch: 2 [7200/20000 (36.0%)]	Loss: 0.5176449418067932
[2023-05-03 19:12:01] Train Epoch: 2 [8000/20000 (40.0%)]	Loss: 0.5307838916778564
[2023-05-03 19:12:01] Train Epoch: 2 [8800/20000 (44.0%)]	Loss: 0.49469423294067383
[2023-05-03 19:12:02] Train Epoch: 2 [9600/20000 (48.0%)]	Loss: 0.4476630389690399
[2023-05-03 19:12:02] Train Epoch: 2 [10400/20000 (52.0%)]	Loss: 0.7189818024635315
[2023-05-03 19:12:02] Train Epoch: 2 [11200/20000 (56.0%)]	Loss: 0.596875011920929
[2023-05-03 19:12:02] Train Epoch: 2 [12000/20000 (60.0%)]	Loss: 0.6565781235694885
[2023-05-03 19:12:02] Train Epoch: 2 [12800/20000 (64.0%)]	Loss: 0.5479300618171692
[2023-05-03 19:12:03] Train Epoch: 2 [13600/20000 (68.0%)]	Loss: 0.45023879408836365
[2023-05-03 19:12:03] Train Epoch: 2 [14400/20000 (72.0%)]	Loss: 0.4201090335845947
[2023-05-03 19:12:03] Train Epoch: 2 [15200/20000 (76.0%)]	Loss: 0.559590756893158
[2023-05-03 19:12:03] Train Epoch: 2 [16000/20000 (80.0%)]	Loss: 0.7217591404914856
[2023-05-03 19:12:03] Train Epoch: 2 [16800/20000 (84.0%)]	Loss: 0.5626869201660156
[2023-05-03 19:12:04] Train Epoch: 2 [17600/20000 (88.0%)]	Loss: 0.47252145409584045
[2023-05-03 19:12:04] Train Epoch: 2 [18400/20000 (92.0%)]	Loss: 0.3713982403278351
[2023-05-03 19:12:04] Train Epoch: 2 [19200/20000 (96.0%)]	Loss: 0.5490005612373352
[2023-05-03 19:12:08] ========== Metrics ==========
[2023-05-03 19:12:08] {
  "tr_loss": 0.5407007258467011,
  "tr_acc": 0.7414241424142414,
  "tr_f1": 0.7306911098380292,
  "val_loss": 0.5091913151770676,
  "val_acc": 0.7758038728015634,
  "val_f1": 0.7771892655367231,
  "test_loss": 0.5004896833321589,
  "test_acc": 0.8102981029810298,
  "test_f1": 0.8108108108108109
}
[2023-05-03 19:12:08] ========== Metrics ==========
[2023-05-03 19:12:08] Train Epoch: 3 [0/20000 (0.0%)]	Loss: 0.3655223846435547
[2023-05-03 19:12:09] Train Epoch: 3 [800/20000 (4.0%)]	Loss: 0.49368226528167725
[2023-05-03 19:12:09] Train Epoch: 3 [1600/20000 (8.0%)]	Loss: 0.47926414012908936
[2023-05-03 19:12:09] Train Epoch: 3 [2400/20000 (12.0%)]	Loss: 0.38824737071990967
[2023-05-03 19:12:09] Train Epoch: 3 [3200/20000 (16.0%)]	Loss: 0.3970632553100586
[2023-05-03 19:12:09] Train Epoch: 3 [4000/20000 (20.0%)]	Loss: 0.3056253492832184
[2023-05-03 19:12:10] Train Epoch: 3 [4800/20000 (24.0%)]	Loss: 0.2897300124168396
[2023-05-03 19:12:10] Train Epoch: 3 [5600/20000 (28.0%)]	Loss: 0.36946651339530945
[2023-05-03 19:12:10] Train Epoch: 3 [6400/20000 (32.0%)]	Loss: 0.4365173578262329
[2023-05-03 19:12:10] Train Epoch: 3 [7200/20000 (36.0%)]	Loss: 0.276096373796463
[2023-05-03 19:12:10] Train Epoch: 3 [8000/20000 (40.0%)]	Loss: 0.37484291195869446
[2023-05-03 19:12:11] Train Epoch: 3 [8800/20000 (44.0%)]	Loss: 0.2926627993583679
[2023-05-03 19:12:11] Train Epoch: 3 [9600/20000 (48.0%)]	Loss: 0.5251059532165527
[2023-05-03 19:12:11] Train Epoch: 3 [10400/20000 (52.0%)]	Loss: 0.3475027084350586
[2023-05-03 19:12:11] Train Epoch: 3 [11200/20000 (56.0%)]	Loss: 0.5854246020317078
[2023-05-03 19:12:12] Train Epoch: 3 [12000/20000 (60.0%)]	Loss: 0.35698580741882324
[2023-05-03 19:12:12] Train Epoch: 3 [12800/20000 (64.0%)]	Loss: 0.296740859746933
[2023-05-03 19:12:12] Train Epoch: 3 [13600/20000 (68.0%)]	Loss: 0.2929955720901489
[2023-05-03 19:12:12] Train Epoch: 3 [14400/20000 (72.0%)]	Loss: 0.3561466336250305
[2023-05-03 19:12:12] Train Epoch: 3 [15200/20000 (76.0%)]	Loss: 0.325070321559906
[2023-05-03 19:12:13] Train Epoch: 3 [16000/20000 (80.0%)]	Loss: 0.37988007068634033
[2023-05-03 19:12:13] Train Epoch: 3 [16800/20000 (84.0%)]	Loss: 0.2579815685749054
[2023-05-03 19:12:13] Train Epoch: 3 [17600/20000 (88.0%)]	Loss: 0.344121515750885
[2023-05-03 19:12:13] Train Epoch: 3 [18400/20000 (92.0%)]	Loss: 0.31150710582733154
[2023-05-03 19:12:13] Train Epoch: 3 [19200/20000 (96.0%)]	Loss: 0.3351730704307556
[2023-05-03 19:12:17] ========== Metrics ==========
[2023-05-03 19:12:17] {
  "tr_loss": 0.4035013638766888,
  "tr_acc": 0.8278327832783279,
  "tr_f1": 0.8236619718309859,
  "val_loss": 0.45684943302504905,
  "val_acc": 0.7941019719310712,
  "val_f1": 0.7880782592795759,
  "test_loss": 0.4269036471359129,
  "test_acc": 0.8265582655826558,
  "test_f1": 0.8212290502793297
}
[2023-05-03 19:12:17] ========== Metrics ==========
[2023-05-03 19:12:18] Train Epoch: 4 [0/20000 (0.0%)]	Loss: 0.39780139923095703
[2023-05-03 19:12:18] Train Epoch: 4 [800/20000 (4.0%)]	Loss: 0.24624565243721008
[2023-05-03 19:12:18] Train Epoch: 4 [1600/20000 (8.0%)]	Loss: 0.34679287672042847
[2023-05-03 19:12:19] Train Epoch: 4 [2400/20000 (12.0%)]	Loss: 0.30953243374824524
[2023-05-03 19:12:19] Train Epoch: 4 [3200/20000 (16.0%)]	Loss: 0.14465120434761047
[2023-05-03 19:12:19] Train Epoch: 4 [4000/20000 (20.0%)]	Loss: 0.5552908778190613
[2023-05-03 19:12:19] Train Epoch: 4 [4800/20000 (24.0%)]	Loss: 0.29492729902267456
[2023-05-03 19:12:19] Train Epoch: 4 [5600/20000 (28.0%)]	Loss: 0.2738772928714752
[2023-05-03 19:12:20] Train Epoch: 4 [6400/20000 (32.0%)]	Loss: 0.2758127748966217
[2023-05-03 19:12:20] Train Epoch: 4 [7200/20000 (36.0%)]	Loss: 0.28041011095046997
[2023-05-03 19:12:20] Train Epoch: 4 [8000/20000 (40.0%)]	Loss: 0.3306395709514618
[2023-05-03 19:12:20] Train Epoch: 4 [8800/20000 (44.0%)]	Loss: 0.1867489069700241
[2023-05-03 19:12:20] Train Epoch: 4 [9600/20000 (48.0%)]	Loss: 0.2501477599143982
[2023-05-03 19:12:21] Train Epoch: 4 [10400/20000 (52.0%)]	Loss: 0.2773195207118988
[2023-05-03 19:12:21] Train Epoch: 4 [11200/20000 (56.0%)]	Loss: 0.21657249331474304
[2023-05-03 19:12:21] Train Epoch: 4 [12000/20000 (60.0%)]	Loss: 0.3457132577896118
[2023-05-03 19:12:21] Train Epoch: 4 [12800/20000 (64.0%)]	Loss: 0.11783838272094727
[2023-05-03 19:12:21] Train Epoch: 4 [13600/20000 (68.0%)]	Loss: 0.4380325973033905
[2023-05-03 19:12:22] Train Epoch: 4 [14400/20000 (72.0%)]	Loss: 0.09785668551921844
[2023-05-03 19:12:22] Train Epoch: 4 [15200/20000 (76.0%)]	Loss: 0.19321048259735107
[2023-05-03 19:12:22] Train Epoch: 4 [16000/20000 (80.0%)]	Loss: 0.16277474164962769
[2023-05-03 19:12:22] Train Epoch: 4 [16800/20000 (84.0%)]	Loss: 0.38651221990585327
[2023-05-03 19:12:22] Train Epoch: 4 [17600/20000 (88.0%)]	Loss: 0.15009404718875885
[2023-05-03 19:12:23] Train Epoch: 4 [18400/20000 (92.0%)]	Loss: 0.21762444078922272
[2023-05-03 19:12:23] Train Epoch: 4 [19200/20000 (96.0%)]	Loss: 0.21534380316734314
[2023-05-03 19:12:26] ========== Metrics ==========
[2023-05-03 19:12:26] {
  "tr_loss": 0.30719919129125667,
  "tr_acc": 0.8786878687868787,
  "tr_f1": 0.8767401686820445,
  "val_loss": 0.43419554615173234,
  "val_acc": 0.8031621957718955,
  "val_f1": 0.8015048369759942,
  "test_loss": 0.42114658795075044,
  "test_acc": 0.8428184281842819,
  "test_f1": 0.839779005524862
}
[2023-05-03 19:12:26] ========== Metrics ==========
[2023-05-03 19:12:27] Train Epoch: 5 [0/20000 (0.0%)]	Loss: 0.4090335965156555
[2023-05-03 19:12:28] Train Epoch: 5 [800/20000 (4.0%)]	Loss: 0.3465670049190521
[2023-05-03 19:12:28] Train Epoch: 5 [1600/20000 (8.0%)]	Loss: 0.11091845482587814
[2023-05-03 19:12:28] Train Epoch: 5 [2400/20000 (12.0%)]	Loss: 0.29001951217651367
[2023-05-03 19:12:28] Train Epoch: 5 [3200/20000 (16.0%)]	Loss: 0.2258172333240509
[2023-05-03 19:12:28] Train Epoch: 5 [4000/20000 (20.0%)]	Loss: 0.099999338388443
[2023-05-03 19:12:28] Train Epoch: 5 [4800/20000 (24.0%)]	Loss: 0.20750603079795837
[2023-05-03 19:12:29] Train Epoch: 5 [5600/20000 (28.0%)]	Loss: 0.35787269473075867
[2023-05-03 19:12:29] Train Epoch: 5 [6400/20000 (32.0%)]	Loss: 0.22391465306282043
[2023-05-03 19:12:29] Train Epoch: 5 [7200/20000 (36.0%)]	Loss: 0.2986006438732147
[2023-05-03 19:12:29] Train Epoch: 5 [8000/20000 (40.0%)]	Loss: 0.4045034646987915
[2023-05-03 19:12:29] Train Epoch: 5 [8800/20000 (44.0%)]	Loss: 0.24358108639717102
[2023-05-03 19:12:30] Train Epoch: 5 [9600/20000 (48.0%)]	Loss: 0.2172842174768448
[2023-05-03 19:12:30] Train Epoch: 5 [10400/20000 (52.0%)]	Loss: 0.3414991796016693
[2023-05-03 19:12:30] Train Epoch: 5 [11200/20000 (56.0%)]	Loss: 0.16076906025409698
[2023-05-03 19:12:30] Train Epoch: 5 [12000/20000 (60.0%)]	Loss: 0.3573203682899475
[2023-05-03 19:12:30] Train Epoch: 5 [12800/20000 (64.0%)]	Loss: 0.36649376153945923
[2023-05-03 19:12:31] Train Epoch: 5 [13600/20000 (68.0%)]	Loss: 0.1506677120923996
[2023-05-03 19:12:31] Train Epoch: 5 [14400/20000 (72.0%)]	Loss: 0.14714960753917694
[2023-05-03 19:12:31] Train Epoch: 5 [15200/20000 (76.0%)]	Loss: 0.3603166341781616
[2023-05-03 19:12:31] Train Epoch: 5 [16000/20000 (80.0%)]	Loss: 0.32837730646133423
[2023-05-03 19:12:31] Train Epoch: 5 [16800/20000 (84.0%)]	Loss: 0.21406146883964539
[2023-05-03 19:12:32] Train Epoch: 5 [17600/20000 (88.0%)]	Loss: 0.2560223340988159
[2023-05-03 19:12:32] Train Epoch: 5 [18400/20000 (92.0%)]	Loss: 0.23496147990226746
[2023-05-03 19:12:32] Train Epoch: 5 [19200/20000 (96.0%)]	Loss: 0.10489595681428909
[2023-05-03 19:12:36] ========== Metrics ==========
[2023-05-03 19:12:36] {
  "tr_loss": 0.2385036417312271,
  "tr_acc": 0.9078907890789079,
  "tr_f1": 0.9066490979120211,
  "val_loss": 0.42469641166547406,
  "val_acc": 0.8068928761769408,
  "val_f1": 0.807030001775253,
  "test_loss": 0.39016756326525515,
  "test_acc": 0.8455284552845529,
  "test_f1": 0.8446866485013624
}
[2023-05-03 19:12:36] ========== Metrics ==========
[2023-05-03 19:12:37] Train Epoch: 6 [0/20000 (0.0%)]	Loss: 0.09565114974975586
[2023-05-03 19:12:37] Train Epoch: 6 [800/20000 (4.0%)]	Loss: 0.08363624662160873
[2023-05-03 19:12:37] Train Epoch: 6 [1600/20000 (8.0%)]	Loss: 0.2578677237033844
[2023-05-03 19:12:37] Train Epoch: 6 [2400/20000 (12.0%)]	Loss: 0.059623874723911285
[2023-05-03 19:12:38] Train Epoch: 6 [3200/20000 (16.0%)]	Loss: 0.11908290535211563
[2023-05-03 19:12:38] Train Epoch: 6 [4000/20000 (20.0%)]	Loss: 0.07816356420516968
[2023-05-03 19:12:38] Train Epoch: 6 [4800/20000 (24.0%)]	Loss: 0.12895368039608002
[2023-05-03 19:12:38] Train Epoch: 6 [5600/20000 (28.0%)]	Loss: 0.208551287651062
[2023-05-03 19:12:38] Train Epoch: 6 [6400/20000 (32.0%)]	Loss: 0.25810515880584717
[2023-05-03 19:12:39] Train Epoch: 6 [7200/20000 (36.0%)]	Loss: 0.10205429792404175
[2023-05-03 19:12:39] Train Epoch: 6 [8000/20000 (40.0%)]	Loss: 0.2528100907802582
[2023-05-03 19:12:39] Train Epoch: 6 [8800/20000 (44.0%)]	Loss: 0.13967034220695496
[2023-05-03 19:12:39] Train Epoch: 6 [9600/20000 (48.0%)]	Loss: 0.1656886637210846
[2023-05-03 19:12:39] Train Epoch: 6 [10400/20000 (52.0%)]	Loss: 0.09536327421665192
[2023-05-03 19:12:40] Train Epoch: 6 [11200/20000 (56.0%)]	Loss: 0.17604932188987732
[2023-05-03 19:12:40] Train Epoch: 6 [12000/20000 (60.0%)]	Loss: 0.2489711493253708
[2023-05-03 19:12:40] Train Epoch: 6 [12800/20000 (64.0%)]	Loss: 0.23513448238372803
[2023-05-03 19:12:40] Train Epoch: 6 [13600/20000 (68.0%)]	Loss: 0.08052654564380646
[2023-05-03 19:12:40] Train Epoch: 6 [14400/20000 (72.0%)]	Loss: 0.20486727356910706
[2023-05-03 19:12:41] Train Epoch: 6 [15200/20000 (76.0%)]	Loss: 0.19552166759967804
[2023-05-03 19:12:41] Train Epoch: 6 [16000/20000 (80.0%)]	Loss: 0.12661893665790558
[2023-05-03 19:12:41] Train Epoch: 6 [16800/20000 (84.0%)]	Loss: 0.05897996947169304
[2023-05-03 19:12:41] Train Epoch: 6 [17600/20000 (88.0%)]	Loss: 0.2598745822906494
[2023-05-03 19:12:41] Train Epoch: 6 [18400/20000 (92.0%)]	Loss: 0.13354294002056122
[2023-05-03 19:12:42] Train Epoch: 6 [19200/20000 (96.0%)]	Loss: 0.1911449134349823
[2023-05-03 19:12:45] ========== Metrics ==========
[2023-05-03 19:12:45] {
  "tr_loss": 0.19021489780650686,
  "tr_acc": 0.9286428642864286,
  "tr_f1": 0.9277504936458913,
  "val_loss": 0.42433611468621607,
  "val_acc": 0.8061822703855036,
  "val_f1": 0.8067316209034544,
  "test_loss": 0.4348018201709117,
  "test_acc": 0.8482384823848238,
  "test_f1": 0.8478260869565217
}
[2023-05-03 19:12:45] ========== Metrics ==========
[2023-05-03 19:12:46] Train Epoch: 7 [0/20000 (0.0%)]	Loss: 0.351117879152298
[2023-05-03 19:12:46] Train Epoch: 7 [800/20000 (4.0%)]	Loss: 0.27259907126426697
[2023-05-03 19:12:47] Train Epoch: 7 [1600/20000 (8.0%)]	Loss: 0.06778327375650406
[2023-05-03 19:12:47] Train Epoch: 7 [2400/20000 (12.0%)]	Loss: 0.15635563433170319
[2023-05-03 19:12:47] Train Epoch: 7 [3200/20000 (16.0%)]	Loss: 0.28057578206062317
[2023-05-03 19:12:47] Train Epoch: 7 [4000/20000 (20.0%)]	Loss: 0.1627795696258545
[2023-05-03 19:12:47] Train Epoch: 7 [4800/20000 (24.0%)]	Loss: 0.1471228301525116
[2023-05-03 19:12:48] Train Epoch: 7 [5600/20000 (28.0%)]	Loss: 0.14740069210529327
[2023-05-03 19:12:48] Train Epoch: 7 [6400/20000 (32.0%)]	Loss: 0.14034202694892883
[2023-05-03 19:12:48] Train Epoch: 7 [7200/20000 (36.0%)]	Loss: 0.10963316261768341
[2023-05-03 19:12:48] Train Epoch: 7 [8000/20000 (40.0%)]	Loss: 0.3513808846473694
[2023-05-03 19:12:48] Train Epoch: 7 [8800/20000 (44.0%)]	Loss: 0.12710845470428467
[2023-05-03 19:12:49] Train Epoch: 7 [9600/20000 (48.0%)]	Loss: 0.20067521929740906
[2023-05-03 19:12:49] Train Epoch: 7 [10400/20000 (52.0%)]	Loss: 0.2503238618373871
[2023-05-03 19:12:49] Train Epoch: 7 [11200/20000 (56.0%)]	Loss: 0.3027886748313904
[2023-05-03 19:12:49] Train Epoch: 7 [12000/20000 (60.0%)]	Loss: 0.25127971172332764
[2023-05-03 19:12:49] Train Epoch: 7 [12800/20000 (64.0%)]	Loss: 0.2151578962802887
[2023-05-03 19:12:50] Train Epoch: 7 [13600/20000 (68.0%)]	Loss: 0.2820686101913452
[2023-05-03 19:12:50] Train Epoch: 7 [14400/20000 (72.0%)]	Loss: 0.14570170640945435
[2023-05-03 19:12:50] Train Epoch: 7 [15200/20000 (76.0%)]	Loss: 0.3534959852695465
[2023-05-03 19:12:50] Train Epoch: 7 [16000/20000 (80.0%)]	Loss: 0.15510062873363495
[2023-05-03 19:12:50] Train Epoch: 7 [16800/20000 (84.0%)]	Loss: 0.12268168479204178
[2023-05-03 19:12:51] Train Epoch: 7 [17600/20000 (88.0%)]	Loss: 0.3745686709880829
[2023-05-03 19:12:51] Train Epoch: 7 [18400/20000 (92.0%)]	Loss: 0.15192168951034546
[2023-05-03 19:12:51] Train Epoch: 7 [19200/20000 (96.0%)]	Loss: 0.15807940065860748
[2023-05-03 19:12:55] ========== Metrics ==========
[2023-05-03 19:12:55] {
  "tr_loss": 0.18132437462627393,
  "tr_acc": 0.9340434043404341,
  "tr_f1": 0.933360278886475,
  "val_loss": 0.4242603733095273,
  "val_acc": 0.8079587848640967,
  "val_f1": 0.8090443384561032,
  "test_loss": 0.3783236086207031,
  "test_acc": 0.8428184281842819,
  "test_f1": 0.8423913043478262
}
[2023-05-03 19:12:55] ========== Metrics ==========
[2023-05-03 19:12:56] Train Epoch: 8 [0/20000 (0.0%)]	Loss: 0.13723012804985046
[2023-05-03 19:12:56] Train Epoch: 8 [800/20000 (4.0%)]	Loss: 0.4705525040626526
[2023-05-03 19:12:56] Train Epoch: 8 [1600/20000 (8.0%)]	Loss: 0.08311935514211655
[2023-05-03 19:12:56] Train Epoch: 8 [2400/20000 (12.0%)]	Loss: 0.21041393280029297
[2023-05-03 19:12:56] Train Epoch: 8 [3200/20000 (16.0%)]	Loss: 0.14287854731082916
[2023-05-03 19:12:57] Train Epoch: 8 [4000/20000 (20.0%)]	Loss: 0.3089391589164734
[2023-05-03 19:12:57] Train Epoch: 8 [4800/20000 (24.0%)]	Loss: 0.06810471415519714
[2023-05-03 19:12:57] Train Epoch: 8 [5600/20000 (28.0%)]	Loss: 0.21249765157699585
[2023-05-03 19:12:57] Train Epoch: 8 [6400/20000 (32.0%)]	Loss: 0.07981595396995544
[2023-05-03 19:12:57] Train Epoch: 8 [7200/20000 (36.0%)]	Loss: 0.09914463758468628
[2023-05-03 19:12:58] Train Epoch: 8 [8000/20000 (40.0%)]	Loss: 0.13967162370681763
[2023-05-03 19:12:58] Train Epoch: 8 [8800/20000 (44.0%)]	Loss: 0.1575445532798767
[2023-05-03 19:12:58] Train Epoch: 8 [9600/20000 (48.0%)]	Loss: 0.18433444201946259
[2023-05-03 19:12:58] Train Epoch: 8 [10400/20000 (52.0%)]	Loss: 0.132451593875885
[2023-05-03 19:12:58] Train Epoch: 8 [11200/20000 (56.0%)]	Loss: 0.2085733264684677
[2023-05-03 19:12:59] Train Epoch: 8 [12000/20000 (60.0%)]	Loss: 0.1288454383611679
[2023-05-03 19:12:59] Train Epoch: 8 [12800/20000 (64.0%)]	Loss: 0.053953733295202255
[2023-05-03 19:12:59] Train Epoch: 8 [13600/20000 (68.0%)]	Loss: 0.2821752727031708
[2023-05-03 19:12:59] Train Epoch: 8 [14400/20000 (72.0%)]	Loss: 0.10535594075918198
[2023-05-03 19:13:00] Train Epoch: 8 [15200/20000 (76.0%)]	Loss: 0.1419815570116043
[2023-05-03 19:13:00] Train Epoch: 8 [16000/20000 (80.0%)]	Loss: 0.1937757432460785
[2023-05-03 19:13:00] Train Epoch: 8 [16800/20000 (84.0%)]	Loss: 0.23569579422473907
[2023-05-03 19:13:00] Train Epoch: 8 [17600/20000 (88.0%)]	Loss: 0.17507067322731018
[2023-05-03 19:13:00] Train Epoch: 8 [18400/20000 (92.0%)]	Loss: 0.20740140974521637
[2023-05-03 19:13:01] Train Epoch: 8 [19200/20000 (96.0%)]	Loss: 0.21688221395015717
[2023-05-03 19:13:04] ========== Metrics ==========
[2023-05-03 19:13:04] {
  "tr_loss": 0.179074299488679,
  "tr_acc": 0.9357435743574357,
  "tr_f1": 0.9351042876622392,
  "val_loss": 0.4244976628417549,
  "val_acc": 0.8074258305205188,
  "val_f1": 0.809423347398031,
  "test_loss": 0.3920707457110811,
  "test_acc": 0.8428184281842819,
  "test_f1": 0.8432432432432432
}
[2023-05-03 19:13:04] ========== Metrics ==========
[2023-05-03 19:13:05] Train Epoch: 9 [0/20000 (0.0%)]	Loss: 0.213218092918396
[2023-05-03 19:13:05] Train Epoch: 9 [800/20000 (4.0%)]	Loss: 0.0902031883597374
[2023-05-03 19:13:05] Train Epoch: 9 [1600/20000 (8.0%)]	Loss: 0.2106257677078247
[2023-05-03 19:13:05] Train Epoch: 9 [2400/20000 (12.0%)]	Loss: 0.1697176694869995
[2023-05-03 19:13:06] Train Epoch: 9 [3200/20000 (16.0%)]	Loss: 0.18887574970722198
[2023-05-03 19:13:06] Train Epoch: 9 [4000/20000 (20.0%)]	Loss: 0.22160525619983673
[2023-05-03 19:13:06] Train Epoch: 9 [4800/20000 (24.0%)]	Loss: 0.08640280365943909
[2023-05-03 19:13:06] Train Epoch: 9 [5600/20000 (28.0%)]	Loss: 0.09205269813537598
[2023-05-03 19:13:06] Train Epoch: 9 [6400/20000 (32.0%)]	Loss: 0.20991186797618866
[2023-05-03 19:13:07] Train Epoch: 9 [7200/20000 (36.0%)]	Loss: 0.33058077096939087
[2023-05-03 19:13:07] Train Epoch: 9 [8000/20000 (40.0%)]	Loss: 0.6881886124610901
[2023-05-03 19:13:07] Train Epoch: 9 [8800/20000 (44.0%)]	Loss: 0.16796597838401794
[2023-05-03 19:13:07] Train Epoch: 9 [9600/20000 (48.0%)]	Loss: 0.18175062537193298
[2023-05-03 19:13:07] Train Epoch: 9 [10400/20000 (52.0%)]	Loss: 0.08443613350391388
[2023-05-03 19:13:08] Train Epoch: 9 [11200/20000 (56.0%)]	Loss: 0.1972074806690216
[2023-05-03 19:13:08] Train Epoch: 9 [12000/20000 (60.0%)]	Loss: 0.1620662808418274
[2023-05-03 19:13:08] Train Epoch: 9 [12800/20000 (64.0%)]	Loss: 0.11887823045253754
[2023-05-03 19:13:08] Train Epoch: 9 [13600/20000 (68.0%)]	Loss: 0.0396917499601841
[2023-05-03 19:13:08] Train Epoch: 9 [14400/20000 (72.0%)]	Loss: 0.20155395567417145
[2023-05-03 19:13:08] Train Epoch: 9 [15200/20000 (76.0%)]	Loss: 0.14401355385780334
[2023-05-03 19:13:09] Train Epoch: 9 [16000/20000 (80.0%)]	Loss: 0.2132243514060974
[2023-05-03 19:13:09] Train Epoch: 9 [16800/20000 (84.0%)]	Loss: 0.2719933092594147
[2023-05-03 19:13:09] Train Epoch: 9 [17600/20000 (88.0%)]	Loss: 0.11898207664489746
[2023-05-03 19:13:09] Train Epoch: 9 [18400/20000 (92.0%)]	Loss: 0.14305002987384796
[2023-05-03 19:13:09] Train Epoch: 9 [19200/20000 (96.0%)]	Loss: 0.15217676758766174
[2023-05-03 19:13:13] ========== Metrics ==========
[2023-05-03 19:13:13] {
  "tr_loss": 0.1714075777155481,
  "tr_acc": 0.9389438943894389,
  "tr_f1": 0.9382990550305725,
  "val_loss": 0.42543012309315825,
  "val_acc": 0.8072481790726594,
  "val_f1": 0.8107448107448108,
  "test_loss": 0.3701418071258359,
  "test_acc": 0.8373983739837398,
  "test_f1": 0.8387096774193549
}
[2023-05-03 19:13:13] ========== Metrics ==========
[2023-05-03 19:13:14] Train Epoch: 10 [0/20000 (0.0%)]	Loss: 0.10100708156824112
[2023-05-03 19:13:14] Train Epoch: 10 [800/20000 (4.0%)]	Loss: 0.1496732383966446
[2023-05-03 19:13:14] Train Epoch: 10 [1600/20000 (8.0%)]	Loss: 0.29379650950431824
[2023-05-03 19:13:14] Train Epoch: 10 [2400/20000 (12.0%)]	Loss: 0.12741844356060028
[2023-05-03 19:13:15] Train Epoch: 10 [3200/20000 (16.0%)]	Loss: 0.23055577278137207
[2023-05-03 19:13:15] Train Epoch: 10 [4000/20000 (20.0%)]	Loss: 0.1961817443370819
[2023-05-03 19:13:15] Train Epoch: 10 [4800/20000 (24.0%)]	Loss: 0.1745258867740631
[2023-05-03 19:13:15] Train Epoch: 10 [5600/20000 (28.0%)]	Loss: 0.0800686702132225
[2023-05-03 19:13:16] Train Epoch: 10 [6400/20000 (32.0%)]	Loss: 0.14817309379577637
[2023-05-03 19:13:16] Train Epoch: 10 [7200/20000 (36.0%)]	Loss: 0.09512453526258469
[2023-05-03 19:13:16] Train Epoch: 10 [8000/20000 (40.0%)]	Loss: 0.08595633506774902
[2023-05-03 19:13:16] Train Epoch: 10 [8800/20000 (44.0%)]	Loss: 0.25673335790634155
[2023-05-03 19:13:16] Train Epoch: 10 [9600/20000 (48.0%)]	Loss: 0.5396145582199097
[2023-05-03 19:13:16] Train Epoch: 10 [10400/20000 (52.0%)]	Loss: 0.6095085144042969
[2023-05-03 19:13:17] Train Epoch: 10 [11200/20000 (56.0%)]	Loss: 0.11478571593761444
[2023-05-03 19:13:17] Train Epoch: 10 [12000/20000 (60.0%)]	Loss: 0.0645543783903122
[2023-05-03 19:13:17] Train Epoch: 10 [12800/20000 (64.0%)]	Loss: 0.251444011926651
[2023-05-03 19:13:17] Train Epoch: 10 [13600/20000 (68.0%)]	Loss: 0.1915886253118515
[2023-05-03 19:13:17] Train Epoch: 10 [14400/20000 (72.0%)]	Loss: 0.05124520882964134
[2023-05-03 19:13:18] Train Epoch: 10 [15200/20000 (76.0%)]	Loss: 0.2944365441799164
[2023-05-03 19:13:18] Train Epoch: 10 [16000/20000 (80.0%)]	Loss: 0.08744009584188461
[2023-05-03 19:13:18] Train Epoch: 10 [16800/20000 (84.0%)]	Loss: 0.23919792473316193
[2023-05-03 19:13:18] Train Epoch: 10 [17600/20000 (88.0%)]	Loss: 0.16924147307872772
[2023-05-03 19:13:18] Train Epoch: 10 [18400/20000 (92.0%)]	Loss: 0.1245374083518982
[2023-05-03 19:13:18] Train Epoch: 10 [19200/20000 (96.0%)]	Loss: 0.22642835974693298
[2023-05-03 19:13:22] ========== Metrics ==========
[2023-05-03 19:13:22] {
  "tr_loss": 0.1660285676294046,
  "tr_acc": 0.9422442244224423,
  "tr_f1": 0.9416578269434763,
  "val_loss": 0.4248734961015163,
  "val_acc": 0.8088470421033931,
  "val_f1": 0.8118881118881118,
  "test_loss": 0.4043379540688946,
  "test_acc": 0.8401084010840109,
  "test_f1": 0.8409703504043127
}
[2023-05-03 19:13:22] ========== Metrics ==========
[2023-05-03 19:13:23] Train Epoch: 11 [0/20000 (0.0%)]	Loss: 0.1710524559020996
[2023-05-03 19:13:23] Train Epoch: 11 [800/20000 (4.0%)]	Loss: 0.1573047935962677
[2023-05-03 19:13:23] Train Epoch: 11 [1600/20000 (8.0%)]	Loss: 0.2147519439458847
[2023-05-03 19:13:23] Train Epoch: 11 [2400/20000 (12.0%)]	Loss: 0.05676428973674774
[2023-05-03 19:13:24] Train Epoch: 11 [3200/20000 (16.0%)]	Loss: 0.2475181221961975
[2023-05-03 19:13:24] Train Epoch: 11 [4000/20000 (20.0%)]	Loss: 0.0878831297159195
[2023-05-03 19:13:24] Train Epoch: 11 [4800/20000 (24.0%)]	Loss: 0.31639358401298523
[2023-05-03 19:13:24] Train Epoch: 11 [5600/20000 (28.0%)]	Loss: 0.10324552655220032
[2023-05-03 19:13:24] Train Epoch: 11 [6400/20000 (32.0%)]	Loss: 0.18834160268306732
[2023-05-03 19:13:25] Train Epoch: 11 [7200/20000 (36.0%)]	Loss: 0.0860588401556015
[2023-05-03 19:13:25] Train Epoch: 11 [8000/20000 (40.0%)]	Loss: 0.15695595741271973
[2023-05-03 19:13:25] Train Epoch: 11 [8800/20000 (44.0%)]	Loss: 0.06871332228183746
[2023-05-03 19:13:25] Train Epoch: 11 [9600/20000 (48.0%)]	Loss: 0.3117850720882416
[2023-05-03 19:13:25] Train Epoch: 11 [10400/20000 (52.0%)]	Loss: 0.1535329818725586
[2023-05-03 19:13:26] Train Epoch: 11 [11200/20000 (56.0%)]	Loss: 0.12599553167819977
[2023-05-03 19:13:26] Train Epoch: 11 [12000/20000 (60.0%)]	Loss: 0.09358330816030502
[2023-05-03 19:13:26] Train Epoch: 11 [12800/20000 (64.0%)]	Loss: 0.09883763641119003
[2023-05-03 19:13:26] Train Epoch: 11 [13600/20000 (68.0%)]	Loss: 0.19343316555023193
[2023-05-03 19:13:26] Train Epoch: 11 [14400/20000 (72.0%)]	Loss: 0.13536138832569122
[2023-05-03 19:13:27] Train Epoch: 11 [15200/20000 (76.0%)]	Loss: 0.3028739392757416
[2023-05-03 19:13:27] Train Epoch: 11 [16000/20000 (80.0%)]	Loss: 0.1488639861345291
[2023-05-03 19:13:27] Train Epoch: 11 [16800/20000 (84.0%)]	Loss: 0.24133960902690887
[2023-05-03 19:13:27] Train Epoch: 11 [17600/20000 (88.0%)]	Loss: 0.09420967847108841
[2023-05-03 19:13:27] Train Epoch: 11 [18400/20000 (92.0%)]	Loss: 0.18732213973999023
[2023-05-03 19:13:28] Train Epoch: 11 [19200/20000 (96.0%)]	Loss: 0.16032624244689941
[2023-05-03 19:13:31] ========== Metrics ==========
[2023-05-03 19:13:31] {
  "tr_loss": 0.161931833513666,
  "tr_acc": 0.9423442344234424,
  "tr_f1": 0.9418997228521038,
  "val_loss": 0.4244954914918779,
  "val_acc": 0.8084917392076746,
  "val_f1": 0.8115384615384615,
  "test_loss": 0.3929739534693359,
  "test_acc": 0.8401084010840109,
  "test_f1": 0.8409703504043127
}
[2023-05-03 19:13:31] ========== Metrics ==========
[2023-05-03 19:13:32] Train Epoch: 12 [0/20000 (0.0%)]	Loss: 0.07311464101076126
[2023-05-03 19:13:32] Train Epoch: 12 [800/20000 (4.0%)]	Loss: 0.1757744401693344
[2023-05-03 19:13:32] Train Epoch: 12 [1600/20000 (8.0%)]	Loss: 0.08125406503677368
[2023-05-03 19:13:33] Train Epoch: 12 [2400/20000 (12.0%)]	Loss: 0.2604128420352936
[2023-05-03 19:13:33] Train Epoch: 12 [3200/20000 (16.0%)]	Loss: 0.06262372434139252
[2023-05-03 19:13:33] Train Epoch: 12 [4000/20000 (20.0%)]	Loss: 0.14096009731292725
[2023-05-03 19:13:33] Train Epoch: 12 [4800/20000 (24.0%)]	Loss: 0.3032025694847107
[2023-05-03 19:13:33] Train Epoch: 12 [5600/20000 (28.0%)]	Loss: 0.11024964600801468
[2023-05-03 19:13:34] Train Epoch: 12 [6400/20000 (32.0%)]	Loss: 0.15297870337963104
[2023-05-03 19:13:34] Train Epoch: 12 [7200/20000 (36.0%)]	Loss: 0.18905465304851532
[2023-05-03 19:13:34] Train Epoch: 12 [8000/20000 (40.0%)]	Loss: 0.15947996079921722
[2023-05-03 19:13:34] Train Epoch: 12 [8800/20000 (44.0%)]	Loss: 0.24761997163295746
[2023-05-03 19:13:34] Train Epoch: 12 [9600/20000 (48.0%)]	Loss: 0.08550039678812027
[2023-05-03 19:13:35] Train Epoch: 12 [10400/20000 (52.0%)]	Loss: 0.18066710233688354
[2023-05-03 19:13:35] Train Epoch: 12 [11200/20000 (56.0%)]	Loss: 0.40784168243408203
[2023-05-03 19:13:35] Train Epoch: 12 [12000/20000 (60.0%)]	Loss: 0.10575351864099503
[2023-05-03 19:13:35] Train Epoch: 12 [12800/20000 (64.0%)]	Loss: 0.17295445501804352
[2023-05-03 19:13:35] Train Epoch: 12 [13600/20000 (68.0%)]	Loss: 0.19013500213623047
[2023-05-03 19:13:36] Train Epoch: 12 [14400/20000 (72.0%)]	Loss: 0.16759629547595978
[2023-05-03 19:13:36] Train Epoch: 12 [15200/20000 (76.0%)]	Loss: 0.22009949386119843
[2023-05-03 19:13:36] Train Epoch: 12 [16000/20000 (80.0%)]	Loss: 0.1323494017124176
[2023-05-03 19:13:36] Train Epoch: 12 [16800/20000 (84.0%)]	Loss: 0.1422257125377655
[2023-05-03 19:13:36] Train Epoch: 12 [17600/20000 (88.0%)]	Loss: 0.1983073651790619
[2023-05-03 19:13:37] Train Epoch: 12 [18400/20000 (92.0%)]	Loss: 0.15628670156002045
[2023-05-03 19:13:37] Train Epoch: 12 [19200/20000 (96.0%)]	Loss: 0.08218871057033539
[2023-05-03 19:13:40] ========== Metrics ==========
[2023-05-03 19:13:40] {
  "tr_loss": 0.1639513504041387,
  "tr_acc": 0.9415441544154416,
  "tr_f1": 0.9408251075677044,
  "val_loss": 0.4247206762726893,
  "val_acc": 0.8086693906555339,
  "val_f1": 0.8118119867202516,
  "test_loss": 0.36959650167604774,
  "test_acc": 0.8401084010840109,
  "test_f1": 0.8409703504043127
}
[2023-05-03 19:13:40] ========== Metrics ==========
[2023-05-03 19:13:41] Train Epoch: 13 [0/20000 (0.0%)]	Loss: 0.27262821793556213
[2023-05-03 19:13:41] Train Epoch: 13 [800/20000 (4.0%)]	Loss: 0.0879807099699974
[2023-05-03 19:13:42] Train Epoch: 13 [1600/20000 (8.0%)]	Loss: 0.12858974933624268
[2023-05-03 19:13:42] Train Epoch: 13 [2400/20000 (12.0%)]	Loss: 0.13481135666370392
[2023-05-03 19:13:42] Train Epoch: 13 [3200/20000 (16.0%)]	Loss: 0.1361573487520218
[2023-05-03 19:13:42] Train Epoch: 13 [4000/20000 (20.0%)]	Loss: 0.19958487153053284
[2023-05-03 19:13:42] Train Epoch: 13 [4800/20000 (24.0%)]	Loss: 0.1346469521522522
[2023-05-03 19:13:43] Train Epoch: 13 [5600/20000 (28.0%)]	Loss: 0.09501604735851288
[2023-05-03 19:13:43] Train Epoch: 13 [6400/20000 (32.0%)]	Loss: 0.15369051694869995
[2023-05-03 19:13:43] Train Epoch: 13 [7200/20000 (36.0%)]	Loss: 0.22554370760917664
[2023-05-03 19:13:43] Train Epoch: 13 [8000/20000 (40.0%)]	Loss: 0.11347424983978271
[2023-05-03 19:13:43] Train Epoch: 13 [8800/20000 (44.0%)]	Loss: 0.11542363464832306
[2023-05-03 19:13:44] Train Epoch: 13 [9600/20000 (48.0%)]	Loss: 0.34153833985328674
[2023-05-03 19:13:44] Train Epoch: 13 [10400/20000 (52.0%)]	Loss: 0.11164645850658417
[2023-05-03 19:13:44] Train Epoch: 13 [11200/20000 (56.0%)]	Loss: 0.22027792036533356
[2023-05-03 19:13:44] Train Epoch: 13 [12000/20000 (60.0%)]	Loss: 0.16028402745723724
[2023-05-03 19:13:44] Train Epoch: 13 [12800/20000 (64.0%)]	Loss: 0.2043088674545288
[2023-05-03 19:13:45] Train Epoch: 13 [13600/20000 (68.0%)]	Loss: 0.142781600356102
[2023-05-03 19:13:45] Train Epoch: 13 [14400/20000 (72.0%)]	Loss: 0.16733026504516602
[2023-05-03 19:13:45] Train Epoch: 13 [15200/20000 (76.0%)]	Loss: 0.20178259909152985
[2023-05-03 19:13:45] Train Epoch: 13 [16000/20000 (80.0%)]	Loss: 0.11058643460273743
[2023-05-03 19:13:45] Train Epoch: 13 [16800/20000 (84.0%)]	Loss: 0.09717882424592972
[2023-05-03 19:13:46] Train Epoch: 13 [17600/20000 (88.0%)]	Loss: 0.07792844623327255
[2023-05-03 19:13:46] Train Epoch: 13 [18400/20000 (92.0%)]	Loss: 0.15013378858566284
[2023-05-03 19:13:46] Train Epoch: 13 [19200/20000 (96.0%)]	Loss: 0.1589779257774353
[2023-05-03 19:13:49] ========== Metrics ==========
[2023-05-03 19:13:49] {
  "tr_loss": 0.1593070366431122,
  "tr_acc": 0.9424942494249425,
  "tr_f1": 0.9419191919191919,
  "val_loss": 0.42453295076098824,
  "val_acc": 0.8084917392076746,
  "val_f1": 0.8115384615384615,
  "test_loss": 0.36789179155173984,
  "test_acc": 0.8401084010840109,
  "test_f1": 0.8409703504043127
}
[2023-05-03 19:13:49] ========== Metrics ==========
[2023-05-03 19:13:50] Train Epoch: 14 [0/20000 (0.0%)]	Loss: 0.1079021766781807
[2023-05-03 19:13:50] Train Epoch: 14 [800/20000 (4.0%)]	Loss: 0.1446024477481842
[2023-05-03 19:13:51] Train Epoch: 14 [1600/20000 (8.0%)]	Loss: 0.0760354995727539
[2023-05-03 19:13:51] Train Epoch: 14 [2400/20000 (12.0%)]	Loss: 0.10444052517414093
[2023-05-03 19:13:51] Train Epoch: 14 [3200/20000 (16.0%)]	Loss: 0.07499544322490692
[2023-05-03 19:13:51] Train Epoch: 14 [4000/20000 (20.0%)]	Loss: 0.11582843214273453
[2023-05-03 19:13:51] Train Epoch: 14 [4800/20000 (24.0%)]	Loss: 0.13034911453723907
[2023-05-03 19:13:51] Train Epoch: 14 [5600/20000 (28.0%)]	Loss: 0.17962607741355896
[2023-05-03 19:13:52] Train Epoch: 14 [6400/20000 (32.0%)]	Loss: 0.06116973236203194
[2023-05-03 19:13:52] Train Epoch: 14 [7200/20000 (36.0%)]	Loss: 0.16058415174484253
[2023-05-03 19:13:52] Train Epoch: 14 [8000/20000 (40.0%)]	Loss: 0.10022814571857452
[2023-05-03 19:13:52] Train Epoch: 14 [8800/20000 (44.0%)]	Loss: 0.17209367454051971
[2023-05-03 19:13:52] Train Epoch: 14 [9600/20000 (48.0%)]	Loss: 0.06185213103890419
[2023-05-03 19:13:53] Train Epoch: 14 [10400/20000 (52.0%)]	Loss: 0.07733634859323502
[2023-05-03 19:13:53] Train Epoch: 14 [11200/20000 (56.0%)]	Loss: 0.11418095231056213
[2023-05-03 19:13:53] Train Epoch: 14 [12000/20000 (60.0%)]	Loss: 0.06478636711835861
[2023-05-03 19:13:53] Train Epoch: 14 [12800/20000 (64.0%)]	Loss: 0.15600131452083588
[2023-05-03 19:13:53] Train Epoch: 14 [13600/20000 (68.0%)]	Loss: 0.09452839195728302
[2023-05-03 19:13:53] Train Epoch: 14 [14400/20000 (72.0%)]	Loss: 0.10158952325582504
[2023-05-03 19:13:54] Train Epoch: 14 [15200/20000 (76.0%)]	Loss: 0.06833430379629135
[2023-05-03 19:13:54] Train Epoch: 14 [16000/20000 (80.0%)]	Loss: 0.0837307870388031
[2023-05-03 19:13:54] Train Epoch: 14 [16800/20000 (84.0%)]	Loss: 0.09015924483537674
[2023-05-03 19:13:54] Train Epoch: 14 [17600/20000 (88.0%)]	Loss: 0.0817839577794075
[2023-05-03 19:13:55] Train Epoch: 14 [18400/20000 (92.0%)]	Loss: 0.2435499131679535
[2023-05-03 19:13:55] Train Epoch: 14 [19200/20000 (96.0%)]	Loss: 0.13387711346149445
[2023-05-03 19:13:58] ========== Metrics ==========
[2023-05-03 19:13:58] {
  "tr_loss": 0.16036098717850367,
  "tr_acc": 0.9421442144214421,
  "tr_f1": 0.941574508912791,
  "val_loss": 0.4246131947714432,
  "val_acc": 0.8084917392076746,
  "val_f1": 0.8115384615384615,
  "test_loss": 0.4075632631617187,
  "test_acc": 0.8401084010840109,
  "test_f1": 0.8409703504043127
}
[2023-05-03 19:13:58] ========== Metrics ==========
[2023-05-03 19:13:59] Train Epoch: 15 [0/20000 (0.0%)]	Loss: 0.19748249650001526
[2023-05-03 19:13:59] Train Epoch: 15 [800/20000 (4.0%)]	Loss: 0.04970298334956169
[2023-05-03 19:14:00] Train Epoch: 15 [1600/20000 (8.0%)]	Loss: 0.22061510384082794
[2023-05-03 19:14:00] Train Epoch: 15 [2400/20000 (12.0%)]	Loss: 0.06151469796895981
[2023-05-03 19:14:00] Train Epoch: 15 [3200/20000 (16.0%)]	Loss: 0.1334317922592163
[2023-05-03 19:14:00] Train Epoch: 15 [4000/20000 (20.0%)]	Loss: 0.3945047855377197
[2023-05-03 19:14:00] Train Epoch: 15 [4800/20000 (24.0%)]	Loss: 0.21458259224891663
[2023-05-03 19:14:01] Train Epoch: 15 [5600/20000 (28.0%)]	Loss: 0.27237144112586975
[2023-05-03 19:14:01] Train Epoch: 15 [6400/20000 (32.0%)]	Loss: 0.043637100607156754
[2023-05-03 19:14:01] Train Epoch: 15 [7200/20000 (36.0%)]	Loss: 0.1419006884098053
[2023-05-03 19:14:01] Train Epoch: 15 [8000/20000 (40.0%)]	Loss: 0.21094582974910736
[2023-05-03 19:14:01] Train Epoch: 15 [8800/20000 (44.0%)]	Loss: 0.14132271707057953
[2023-05-03 19:14:02] Train Epoch: 15 [9600/20000 (48.0%)]	Loss: 0.18186083436012268
[2023-05-03 19:14:02] Train Epoch: 15 [10400/20000 (52.0%)]	Loss: 0.07722936570644379
[2023-05-03 19:14:02] Train Epoch: 15 [11200/20000 (56.0%)]	Loss: 0.19200818240642548
[2023-05-03 19:14:02] Train Epoch: 15 [12000/20000 (60.0%)]	Loss: 0.525429904460907
[2023-05-03 19:14:02] Train Epoch: 15 [12800/20000 (64.0%)]	Loss: 0.20798145234584808
[2023-05-03 19:14:03] Train Epoch: 15 [13600/20000 (68.0%)]	Loss: 0.36982667446136475
[2023-05-03 19:14:03] Train Epoch: 15 [14400/20000 (72.0%)]	Loss: 0.09182700514793396
[2023-05-03 19:14:03] Train Epoch: 15 [15200/20000 (76.0%)]	Loss: 0.10332176089286804
[2023-05-03 19:14:03] Train Epoch: 15 [16000/20000 (80.0%)]	Loss: 0.18248756229877472
[2023-05-03 19:14:03] Train Epoch: 15 [16800/20000 (84.0%)]	Loss: 0.29062193632125854
[2023-05-03 19:14:04] Train Epoch: 15 [17600/20000 (88.0%)]	Loss: 0.2731110751628876
[2023-05-03 19:14:04] Train Epoch: 15 [18400/20000 (92.0%)]	Loss: 0.3288832902908325
[2023-05-03 19:14:04] Train Epoch: 15 [19200/20000 (96.0%)]	Loss: 0.11045411974191666
[2023-05-03 19:14:07] ========== Metrics ==========
[2023-05-03 19:14:07] {
  "tr_loss": 0.1636611810549222,
  "tr_acc": 0.9406940694069407,
  "tr_f1": 0.9401554142698556,
  "val_loss": 0.42463254695634134,
  "val_acc": 0.8084917392076746,
  "val_f1": 0.811604334148899,
  "test_loss": 0.36769021809262636,
  "test_acc": 0.8401084010840109,
  "test_f1": 0.8409703504043127
}
[2023-05-03 19:14:07] ========== Metrics ==========
[2023-05-03 19:14:08] Train Epoch: 16 [0/20000 (0.0%)]	Loss: 0.2777542769908905
[2023-05-03 19:14:09] Train Epoch: 16 [800/20000 (4.0%)]	Loss: 0.11528334021568298
[2023-05-03 19:14:09] Train Epoch: 16 [1600/20000 (8.0%)]	Loss: 0.1437561810016632
[2023-05-03 19:14:09] Train Epoch: 16 [2400/20000 (12.0%)]	Loss: 0.09258953481912613
[2023-05-03 19:14:09] Train Epoch: 16 [3200/20000 (16.0%)]	Loss: 0.1549561321735382
[2023-05-03 19:14:09] Train Epoch: 16 [4000/20000 (20.0%)]	Loss: 0.373241126537323
[2023-05-03 19:14:10] Train Epoch: 16 [4800/20000 (24.0%)]	Loss: 0.2618425488471985
[2023-05-03 19:14:10] Train Epoch: 16 [5600/20000 (28.0%)]	Loss: 0.07640301436185837
[2023-05-03 19:14:10] Train Epoch: 16 [6400/20000 (32.0%)]	Loss: 0.17174659669399261
[2023-05-03 19:14:10] Train Epoch: 16 [7200/20000 (36.0%)]	Loss: 0.0415821336209774
[2023-05-03 19:14:10] Train Epoch: 16 [8000/20000 (40.0%)]	Loss: 0.24080871045589447
[2023-05-03 19:14:11] Train Epoch: 16 [8800/20000 (44.0%)]	Loss: 0.1483554095029831
[2023-05-03 19:14:11] Train Epoch: 16 [9600/20000 (48.0%)]	Loss: 0.0364256277680397
[2023-05-03 19:14:11] Train Epoch: 16 [10400/20000 (52.0%)]	Loss: 0.20031262934207916
[2023-05-03 19:14:11] Train Epoch: 16 [11200/20000 (56.0%)]	Loss: 0.07600533217191696
[2023-05-03 19:14:11] Train Epoch: 16 [12000/20000 (60.0%)]	Loss: 0.36062756180763245
[2023-05-03 19:14:12] Train Epoch: 16 [12800/20000 (64.0%)]	Loss: 0.12571048736572266
[2023-05-03 19:14:12] Train Epoch: 16 [13600/20000 (68.0%)]	Loss: 0.13828428089618683
[2023-05-03 19:14:12] Train Epoch: 16 [14400/20000 (72.0%)]	Loss: 0.20507173240184784
[2023-05-03 19:14:12] Train Epoch: 16 [15200/20000 (76.0%)]	Loss: 0.6152558326721191
[2023-05-03 19:14:12] Train Epoch: 16 [16000/20000 (80.0%)]	Loss: 0.17083892226219177
[2023-05-03 19:14:13] Train Epoch: 16 [16800/20000 (84.0%)]	Loss: 0.28768250346183777
[2023-05-03 19:14:13] Train Epoch: 16 [17600/20000 (88.0%)]	Loss: 0.1388733685016632
[2023-05-03 19:14:13] Train Epoch: 16 [18400/20000 (92.0%)]	Loss: 0.1300363838672638
[2023-05-03 19:14:13] Train Epoch: 16 [19200/20000 (96.0%)]	Loss: 0.2545705735683441
[2023-05-03 19:14:15] Stop At epoch 16/20 due to valid not increase
[2023-05-03 19:14:17] ========== Metrics ==========
[2023-05-03 19:14:17] {
  "tr_loss": 0.163863556890419,
  "tr_acc": 0.9421442144214421,
  "tr_f1": 0.9415627051871307,
  "val_loss": 0.4245165381683171,
  "val_acc": 0.8086693906555339,
  "val_f1": 0.8118119867202516,
  "test_loss": 0.3836821482433536,
  "test_acc": 0.8401084010840109,
  "test_f1": 0.8409703504043127
}
[2023-05-03 19:14:17] ========== Metrics ==========
