[2023-05-01 14:34:45] Train Epoch: 1 [0/20000 (0.0%)]	Loss: 0.7403957843780518
[2023-05-01 14:34:45] Train Epoch: 1 [800/20000 (4.0%)]	Loss: 0.6945469379425049
[2023-05-01 14:34:45] Train Epoch: 1 [1600/20000 (8.0%)]	Loss: 0.7316465973854065
[2023-05-01 14:34:46] Train Epoch: 1 [2400/20000 (12.0%)]	Loss: 0.6763618588447571
[2023-05-01 14:34:46] Train Epoch: 1 [3200/20000 (16.0%)]	Loss: 0.6597959995269775
[2023-05-01 14:34:46] Train Epoch: 1 [4000/20000 (20.0%)]	Loss: 0.6864039301872253
[2023-05-01 14:34:46] Train Epoch: 1 [4800/20000 (24.0%)]	Loss: 0.708563506603241
[2023-05-01 14:34:46] Train Epoch: 1 [5600/20000 (28.0%)]	Loss: 0.6681854724884033
[2023-05-01 14:34:47] Train Epoch: 1 [6400/20000 (32.0%)]	Loss: 0.6950128674507141
[2023-05-01 14:34:47] Train Epoch: 1 [7200/20000 (36.0%)]	Loss: 0.6978963017463684
[2023-05-01 14:34:47] Train Epoch: 1 [8000/20000 (40.0%)]	Loss: 0.6939615607261658
[2023-05-01 14:34:47] Train Epoch: 1 [8800/20000 (44.0%)]	Loss: 0.629959762096405
[2023-05-01 14:34:47] Train Epoch: 1 [9600/20000 (48.0%)]	Loss: 0.682013988494873
[2023-05-01 14:34:47] Train Epoch: 1 [10400/20000 (52.0%)]	Loss: 0.6418775320053101
[2023-05-01 14:34:48] Train Epoch: 1 [11200/20000 (56.0%)]	Loss: 0.696294367313385
[2023-05-01 14:34:48] Train Epoch: 1 [12000/20000 (60.0%)]	Loss: 0.6943534016609192
[2023-05-01 14:34:48] Train Epoch: 1 [12800/20000 (64.0%)]	Loss: 0.698762059211731
[2023-05-01 14:34:48] Train Epoch: 1 [13600/20000 (68.0%)]	Loss: 0.6440385580062866
[2023-05-01 14:34:48] Train Epoch: 1 [14400/20000 (72.0%)]	Loss: 0.6824827790260315
[2023-05-01 14:34:48] Train Epoch: 1 [15200/20000 (76.0%)]	Loss: 0.6679123044013977
[2023-05-01 14:34:49] Train Epoch: 1 [16000/20000 (80.0%)]	Loss: 0.687583863735199
[2023-05-01 14:34:49] Train Epoch: 1 [16800/20000 (84.0%)]	Loss: 0.6792499423027039
[2023-05-01 14:34:49] Train Epoch: 1 [17600/20000 (88.0%)]	Loss: 0.6362931728363037
[2023-05-01 14:34:49] Train Epoch: 1 [18400/20000 (92.0%)]	Loss: 0.6495333313941956
[2023-05-01 14:34:49] Train Epoch: 1 [19200/20000 (96.0%)]	Loss: 0.6512264013290405
[2023-05-01 14:34:50] ========== Metrics ==========
[2023-05-01 14:34:50] {
  "tr_loss": 0.6779911214559718,
  "tr_acc": 0.5683568356835683,
  "tr_f1": 0.5868274937775224,
  "val_loss": 0.6347352170376651,
  "val_acc": 0.713448214602949,
  "val_f1": 0.743357199681782,
  "test_loss": 0.657414276102371,
  "test_acc": 0.7317073170731707,
  "test_f1": 0.7531172069825437
}
[2023-05-01 14:34:50] ========== Metrics ==========
[2023-05-01 14:34:51] Train Epoch: 2 [0/20000 (0.0%)]	Loss: 0.5922750234603882
[2023-05-01 14:34:51] Train Epoch: 2 [800/20000 (4.0%)]	Loss: 0.5859705805778503
[2023-05-01 14:34:51] Train Epoch: 2 [1600/20000 (8.0%)]	Loss: 0.5601422786712646
[2023-05-01 14:34:51] Train Epoch: 2 [2400/20000 (12.0%)]	Loss: 0.5653604865074158
[2023-05-01 14:34:51] Train Epoch: 2 [3200/20000 (16.0%)]	Loss: 0.5667712688446045
[2023-05-01 14:34:52] Train Epoch: 2 [4000/20000 (20.0%)]	Loss: 0.5358400344848633
[2023-05-01 14:34:52] Train Epoch: 2 [4800/20000 (24.0%)]	Loss: 0.5057190656661987
[2023-05-01 14:34:52] Train Epoch: 2 [5600/20000 (28.0%)]	Loss: 0.5741066932678223
[2023-05-01 14:34:52] Train Epoch: 2 [6400/20000 (32.0%)]	Loss: 0.6174807548522949
[2023-05-01 14:34:52] Train Epoch: 2 [7200/20000 (36.0%)]	Loss: 0.5332918167114258
[2023-05-01 14:34:52] Train Epoch: 2 [8000/20000 (40.0%)]	Loss: 0.5276309251785278
[2023-05-01 14:34:53] Train Epoch: 2 [8800/20000 (44.0%)]	Loss: 0.49364906549453735
[2023-05-01 14:34:53] Train Epoch: 2 [9600/20000 (48.0%)]	Loss: 0.6049880385398865
[2023-05-01 14:34:53] Train Epoch: 2 [10400/20000 (52.0%)]	Loss: 0.5754213333129883
[2023-05-01 14:34:53] Train Epoch: 2 [11200/20000 (56.0%)]	Loss: 0.5349919199943542
[2023-05-01 14:34:53] Train Epoch: 2 [12000/20000 (60.0%)]	Loss: 0.5082311034202576
[2023-05-01 14:34:54] Train Epoch: 2 [12800/20000 (64.0%)]	Loss: 0.47646278142929077
[2023-05-01 14:34:54] Train Epoch: 2 [13600/20000 (68.0%)]	Loss: 0.5036635398864746
[2023-05-01 14:34:54] Train Epoch: 2 [14400/20000 (72.0%)]	Loss: 0.4693586826324463
[2023-05-01 14:34:54] Train Epoch: 2 [15200/20000 (76.0%)]	Loss: 0.46297314763069153
[2023-05-01 14:34:54] Train Epoch: 2 [16000/20000 (80.0%)]	Loss: 0.6197487711906433
[2023-05-01 14:34:55] Train Epoch: 2 [16800/20000 (84.0%)]	Loss: 0.5425513982772827
[2023-05-01 14:34:55] Train Epoch: 2 [17600/20000 (88.0%)]	Loss: 0.4856785833835602
[2023-05-01 14:34:55] Train Epoch: 2 [18400/20000 (92.0%)]	Loss: 0.5024243593215942
[2023-05-01 14:34:55] Train Epoch: 2 [19200/20000 (96.0%)]	Loss: 0.49513494968414307
[2023-05-01 14:34:56] ========== Metrics ==========
[2023-05-01 14:34:56] {
  "tr_loss": 0.5540872998852314,
  "tr_acc": 0.7284228422842284,
  "tr_f1": 0.732502585824755,
  "val_loss": 0.515704298214244,
  "val_acc": 0.7759815242494227,
  "val_f1": 0.7724237502255911,
  "test_loss": 0.5275061550502208,
  "test_acc": 0.7669376693766937,
  "test_f1": 0.7514450867052024
}
[2023-05-01 14:34:56] ========== Metrics ==========
[2023-05-01 14:34:56] Train Epoch: 3 [0/20000 (0.0%)]	Loss: 0.477417916059494
[2023-05-01 14:34:56] Train Epoch: 3 [800/20000 (4.0%)]	Loss: 0.5353820323944092
[2023-05-01 14:34:57] Train Epoch: 3 [1600/20000 (8.0%)]	Loss: 0.44018641114234924
[2023-05-01 14:34:57] Train Epoch: 3 [2400/20000 (12.0%)]	Loss: 0.34532004594802856
[2023-05-01 14:34:57] Train Epoch: 3 [3200/20000 (16.0%)]	Loss: 0.4680767357349396
[2023-05-01 14:34:57] Train Epoch: 3 [4000/20000 (20.0%)]	Loss: 0.35419541597366333
[2023-05-01 14:34:57] Train Epoch: 3 [4800/20000 (24.0%)]	Loss: 0.3873770833015442
[2023-05-01 14:34:58] Train Epoch: 3 [5600/20000 (28.0%)]	Loss: 0.41281455755233765
[2023-05-01 14:34:58] Train Epoch: 3 [6400/20000 (32.0%)]	Loss: 0.36862102150917053
[2023-05-01 14:34:58] Train Epoch: 3 [7200/20000 (36.0%)]	Loss: 0.400091290473938
[2023-05-01 14:34:58] Train Epoch: 3 [8000/20000 (40.0%)]	Loss: 0.5189529657363892
[2023-05-01 14:34:58] Train Epoch: 3 [8800/20000 (44.0%)]	Loss: 0.345766544342041
[2023-05-01 14:34:58] Train Epoch: 3 [9600/20000 (48.0%)]	Loss: 0.4467768669128418
[2023-05-01 14:34:59] Train Epoch: 3 [10400/20000 (52.0%)]	Loss: 0.4660862982273102
[2023-05-01 14:34:59] Train Epoch: 3 [11200/20000 (56.0%)]	Loss: 0.3068612515926361
[2023-05-01 14:34:59] Train Epoch: 3 [12000/20000 (60.0%)]	Loss: 0.4293633997440338
[2023-05-01 14:34:59] Train Epoch: 3 [12800/20000 (64.0%)]	Loss: 0.3177564740180969
[2023-05-01 14:34:59] Train Epoch: 3 [13600/20000 (68.0%)]	Loss: 0.4584190845489502
[2023-05-01 14:35:00] Train Epoch: 3 [14400/20000 (72.0%)]	Loss: 0.3261772692203522
[2023-05-01 14:35:00] Train Epoch: 3 [15200/20000 (76.0%)]	Loss: 0.5653523206710815
[2023-05-01 14:35:00] Train Epoch: 3 [16000/20000 (80.0%)]	Loss: 0.4163982570171356
[2023-05-01 14:35:00] Train Epoch: 3 [16800/20000 (84.0%)]	Loss: 0.6971929669380188
[2023-05-01 14:35:00] Train Epoch: 3 [17600/20000 (88.0%)]	Loss: 0.40027597546577454
[2023-05-01 14:35:01] Train Epoch: 3 [18400/20000 (92.0%)]	Loss: 0.5207188725471497
[2023-05-01 14:35:01] Train Epoch: 3 [19200/20000 (96.0%)]	Loss: 0.44626906514167786
[2023-05-01 14:35:02] ========== Metrics ==========
[2023-05-01 14:35:02] {
  "tr_loss": 0.4075663655099183,
  "tr_acc": 0.8245324532453245,
  "tr_f1": 0.8237126350163275,
  "val_loss": 0.4599925317101844,
  "val_acc": 0.795700834961805,
  "val_f1": 0.7900693683826215,
  "test_loss": 0.4711449217344041,
  "test_acc": 0.7940379403794038,
  "test_f1": 0.7828571428571429
}
[2023-05-01 14:35:02] ========== Metrics ==========
[2023-05-01 14:35:02] Train Epoch: 4 [0/20000 (0.0%)]	Loss: 0.18367330729961395
[2023-05-01 14:35:02] Train Epoch: 4 [800/20000 (4.0%)]	Loss: 0.23447583615779877
[2023-05-01 14:35:02] Train Epoch: 4 [1600/20000 (8.0%)]	Loss: 0.31096044182777405
[2023-05-01 14:35:02] Train Epoch: 4 [2400/20000 (12.0%)]	Loss: 0.40018385648727417
[2023-05-01 14:35:03] Train Epoch: 4 [3200/20000 (16.0%)]	Loss: 0.371734619140625
[2023-05-01 14:35:03] Train Epoch: 4 [4000/20000 (20.0%)]	Loss: 0.2689113914966583
[2023-05-01 14:35:03] Train Epoch: 4 [4800/20000 (24.0%)]	Loss: 0.15790817141532898
[2023-05-01 14:35:03] Train Epoch: 4 [5600/20000 (28.0%)]	Loss: 0.2251465618610382
[2023-05-01 14:35:03] Train Epoch: 4 [6400/20000 (32.0%)]	Loss: 0.24798980355262756
[2023-05-01 14:35:03] Train Epoch: 4 [7200/20000 (36.0%)]	Loss: 0.2917141318321228
[2023-05-01 14:35:04] Train Epoch: 4 [8000/20000 (40.0%)]	Loss: 0.45485830307006836
[2023-05-01 14:35:04] Train Epoch: 4 [8800/20000 (44.0%)]	Loss: 0.20449325442314148
[2023-05-01 14:35:04] Train Epoch: 4 [9600/20000 (48.0%)]	Loss: 0.4260251522064209
[2023-05-01 14:35:04] Train Epoch: 4 [10400/20000 (52.0%)]	Loss: 0.2983098328113556
[2023-05-01 14:35:04] Train Epoch: 4 [11200/20000 (56.0%)]	Loss: 0.20584869384765625
[2023-05-01 14:35:05] Train Epoch: 4 [12000/20000 (60.0%)]	Loss: 0.4629710912704468
[2023-05-01 14:35:05] Train Epoch: 4 [12800/20000 (64.0%)]	Loss: 0.24588453769683838
[2023-05-01 14:35:05] Train Epoch: 4 [13600/20000 (68.0%)]	Loss: 0.10291112959384918
[2023-05-01 14:35:05] Train Epoch: 4 [14400/20000 (72.0%)]	Loss: 0.28626441955566406
[2023-05-01 14:35:05] Train Epoch: 4 [15200/20000 (76.0%)]	Loss: 0.18725381791591644
[2023-05-01 14:35:05] Train Epoch: 4 [16000/20000 (80.0%)]	Loss: 0.2436840981245041
[2023-05-01 14:35:06] Train Epoch: 4 [16800/20000 (84.0%)]	Loss: 0.2443574219942093
[2023-05-01 14:35:06] Train Epoch: 4 [17600/20000 (88.0%)]	Loss: 0.35458308458328247
[2023-05-01 14:35:06] Train Epoch: 4 [18400/20000 (92.0%)]	Loss: 0.3701007068157196
[2023-05-01 14:35:06] Train Epoch: 4 [19200/20000 (96.0%)]	Loss: 0.2313983291387558
[2023-05-01 14:35:07] ========== Metrics ==========
[2023-05-01 14:35:07] {
  "tr_loss": 0.3086451568631175,
  "tr_acc": 0.8795379537953796,
  "tr_f1": 0.8784377050007569,
  "val_loss": 0.43654229848925735,
  "val_acc": 0.7987209095754131,
  "val_f1": 0.8014022787028923,
  "test_loss": 0.4402502778422865,
  "test_acc": 0.8102981029810298,
  "test_f1": 0.8044692737430168
}
[2023-05-01 14:35:07] ========== Metrics ==========
[2023-05-01 14:35:08] Train Epoch: 5 [0/20000 (0.0%)]	Loss: 0.28005918860435486
[2023-05-01 14:35:08] Train Epoch: 5 [800/20000 (4.0%)]	Loss: 0.2862740457057953
[2023-05-01 14:35:08] Train Epoch: 5 [1600/20000 (8.0%)]	Loss: 0.27278342843055725
[2023-05-01 14:35:08] Train Epoch: 5 [2400/20000 (12.0%)]	Loss: 0.27540287375450134
[2023-05-01 14:35:08] Train Epoch: 5 [3200/20000 (16.0%)]	Loss: 0.19915516674518585
[2023-05-01 14:35:09] Train Epoch: 5 [4000/20000 (20.0%)]	Loss: 0.2439703643321991
[2023-05-01 14:35:09] Train Epoch: 5 [4800/20000 (24.0%)]	Loss: 0.09250718355178833
[2023-05-01 14:35:09] Train Epoch: 5 [5600/20000 (28.0%)]	Loss: 0.6183542609214783
[2023-05-01 14:35:09] Train Epoch: 5 [6400/20000 (32.0%)]	Loss: 0.14429812133312225
[2023-05-01 14:35:09] Train Epoch: 5 [7200/20000 (36.0%)]	Loss: 0.1578436642885208
[2023-05-01 14:35:09] Train Epoch: 5 [8000/20000 (40.0%)]	Loss: 0.23673617839813232
[2023-05-01 14:35:10] Train Epoch: 5 [8800/20000 (44.0%)]	Loss: 0.26334989070892334
[2023-05-01 14:35:10] Train Epoch: 5 [9600/20000 (48.0%)]	Loss: 0.4118184447288513
[2023-05-01 14:35:10] Train Epoch: 5 [10400/20000 (52.0%)]	Loss: 0.32348182797431946
[2023-05-01 14:35:10] Train Epoch: 5 [11200/20000 (56.0%)]	Loss: 0.2354954481124878
[2023-05-01 14:35:10] Train Epoch: 5 [12000/20000 (60.0%)]	Loss: 0.4430651068687439
[2023-05-01 14:35:10] Train Epoch: 5 [12800/20000 (64.0%)]	Loss: 0.13646456599235535
[2023-05-01 14:35:11] Train Epoch: 5 [13600/20000 (68.0%)]	Loss: 0.11449448764324188
[2023-05-01 14:35:11] Train Epoch: 5 [14400/20000 (72.0%)]	Loss: 0.17514090240001678
[2023-05-01 14:35:11] Train Epoch: 5 [15200/20000 (76.0%)]	Loss: 0.14109143614768982
[2023-05-01 14:35:11] Train Epoch: 5 [16000/20000 (80.0%)]	Loss: 0.1848067343235016
[2023-05-01 14:35:11] Train Epoch: 5 [16800/20000 (84.0%)]	Loss: 0.21725207567214966
[2023-05-01 14:35:11] Train Epoch: 5 [17600/20000 (88.0%)]	Loss: 0.37981584668159485
[2023-05-01 14:35:12] Train Epoch: 5 [18400/20000 (92.0%)]	Loss: 0.2935051918029785
[2023-05-01 14:35:12] Train Epoch: 5 [19200/20000 (96.0%)]	Loss: 0.3416564464569092
[2023-05-01 14:35:13] ========== Metrics ==========
[2023-05-01 14:35:13] {
  "tr_loss": 0.2416807322165217,
  "tr_acc": 0.9057405740574057,
  "tr_f1": 0.9052811416511732,
  "val_loss": 0.42490060254468187,
  "val_acc": 0.8079587848640967,
  "val_f1": 0.8072052791153915,
  "test_loss": 0.3919465637142419,
  "test_acc": 0.8048780487804879,
  "test_f1": 0.7942857142857144
}
[2023-05-01 14:35:13] ========== Metrics ==========
[2023-05-01 14:35:13] Train Epoch: 6 [0/20000 (0.0%)]	Loss: 0.10185222327709198
[2023-05-01 14:35:13] Train Epoch: 6 [800/20000 (4.0%)]	Loss: 0.2614506185054779
[2023-05-01 14:35:13] Train Epoch: 6 [1600/20000 (8.0%)]	Loss: 0.20132632553577423
[2023-05-01 14:35:14] Train Epoch: 6 [2400/20000 (12.0%)]	Loss: 0.15925990045070648
[2023-05-01 14:35:14] Train Epoch: 6 [3200/20000 (16.0%)]	Loss: 0.13074378669261932
[2023-05-01 14:35:14] Train Epoch: 6 [4000/20000 (20.0%)]	Loss: 0.25941675901412964
[2023-05-01 14:35:14] Train Epoch: 6 [4800/20000 (24.0%)]	Loss: 0.22463251650333405
[2023-05-01 14:35:14] Train Epoch: 6 [5600/20000 (28.0%)]	Loss: 0.17597520351409912
[2023-05-01 14:35:15] Train Epoch: 6 [6400/20000 (32.0%)]	Loss: 0.16432160139083862
[2023-05-01 14:35:15] Train Epoch: 6 [7200/20000 (36.0%)]	Loss: 0.11903425306081772
[2023-05-01 14:35:15] Train Epoch: 6 [8000/20000 (40.0%)]	Loss: 0.22837352752685547
[2023-05-01 14:35:15] Train Epoch: 6 [8800/20000 (44.0%)]	Loss: 0.12891581654548645
[2023-05-01 14:35:15] Train Epoch: 6 [9600/20000 (48.0%)]	Loss: 0.1959715187549591
[2023-05-01 14:35:15] Train Epoch: 6 [10400/20000 (52.0%)]	Loss: 0.2400493621826172
[2023-05-01 14:35:16] Train Epoch: 6 [11200/20000 (56.0%)]	Loss: 0.19304582476615906
[2023-05-01 14:35:16] Train Epoch: 6 [12000/20000 (60.0%)]	Loss: 0.16594740748405457
[2023-05-01 14:35:16] Train Epoch: 6 [12800/20000 (64.0%)]	Loss: 0.15336117148399353
[2023-05-01 14:35:16] Train Epoch: 6 [13600/20000 (68.0%)]	Loss: 0.11867424845695496
[2023-05-01 14:35:16] Train Epoch: 6 [14400/20000 (72.0%)]	Loss: 0.14240741729736328
[2023-05-01 14:35:16] Train Epoch: 6 [15200/20000 (76.0%)]	Loss: 0.17174887657165527
[2023-05-01 14:35:17] Train Epoch: 6 [16000/20000 (80.0%)]	Loss: 0.3085543215274811
[2023-05-01 14:35:17] Train Epoch: 6 [16800/20000 (84.0%)]	Loss: 0.6351513266563416
[2023-05-01 14:35:17] Train Epoch: 6 [17600/20000 (88.0%)]	Loss: 0.12294134497642517
[2023-05-01 14:35:17] Train Epoch: 6 [18400/20000 (92.0%)]	Loss: 0.12834660708904266
[2023-05-01 14:35:17] Train Epoch: 6 [19200/20000 (96.0%)]	Loss: 0.1509275585412979
[2023-05-01 14:35:18] ========== Metrics ==========
[2023-05-01 14:35:18] {
  "tr_loss": 0.18573515596139645,
  "tr_acc": 0.9336933693369337,
  "tr_f1": 0.9332729468599034,
  "val_loss": 0.4241840420914577,
  "val_acc": 0.8079587848640967,
  "val_f1": 0.8076854652197119,
  "test_loss": 0.4129715056277226,
  "test_acc": 0.8075880758807588,
  "test_f1": 0.7977207977207976
}
[2023-05-01 14:35:18] ========== Metrics ==========
[2023-05-01 14:35:19] Train Epoch: 7 [0/20000 (0.0%)]	Loss: 0.13017016649246216
[2023-05-01 14:35:19] Train Epoch: 7 [800/20000 (4.0%)]	Loss: 0.156460240483284
[2023-05-01 14:35:19] Train Epoch: 7 [1600/20000 (8.0%)]	Loss: 0.13372285664081573
[2023-05-01 14:35:19] Train Epoch: 7 [2400/20000 (12.0%)]	Loss: 0.13686668872833252
[2023-05-01 14:35:19] Train Epoch: 7 [3200/20000 (16.0%)]	Loss: 0.2799597382545471
[2023-05-01 14:35:20] Train Epoch: 7 [4000/20000 (20.0%)]	Loss: 0.15806061029434204
[2023-05-01 14:35:20] Train Epoch: 7 [4800/20000 (24.0%)]	Loss: 0.10026334226131439
[2023-05-01 14:35:20] Train Epoch: 7 [5600/20000 (28.0%)]	Loss: 0.15904133021831512
[2023-05-01 14:35:20] Train Epoch: 7 [6400/20000 (32.0%)]	Loss: 0.11991322040557861
[2023-05-01 14:35:20] Train Epoch: 7 [7200/20000 (36.0%)]	Loss: 0.10545763373374939
[2023-05-01 14:35:20] Train Epoch: 7 [8000/20000 (40.0%)]	Loss: 0.13563303649425507
[2023-05-01 14:35:21] Train Epoch: 7 [8800/20000 (44.0%)]	Loss: 0.35210365056991577
[2023-05-01 14:35:21] Train Epoch: 7 [9600/20000 (48.0%)]	Loss: 0.23205482959747314
[2023-05-01 14:35:21] Train Epoch: 7 [10400/20000 (52.0%)]	Loss: 0.07259111106395721
[2023-05-01 14:35:21] Train Epoch: 7 [11200/20000 (56.0%)]	Loss: 0.27082952857017517
[2023-05-01 14:35:21] Train Epoch: 7 [12000/20000 (60.0%)]	Loss: 0.3128676116466522
[2023-05-01 14:35:22] Train Epoch: 7 [12800/20000 (64.0%)]	Loss: 0.11676794290542603
[2023-05-01 14:35:22] Train Epoch: 7 [13600/20000 (68.0%)]	Loss: 0.15499654412269592
[2023-05-01 14:35:22] Train Epoch: 7 [14400/20000 (72.0%)]	Loss: 0.06694983690977097
[2023-05-01 14:35:22] Train Epoch: 7 [15200/20000 (76.0%)]	Loss: 0.1692439317703247
[2023-05-01 14:35:22] Train Epoch: 7 [16000/20000 (80.0%)]	Loss: 0.17763246595859528
[2023-05-01 14:35:22] Train Epoch: 7 [16800/20000 (84.0%)]	Loss: 0.13661116361618042
[2023-05-01 14:35:23] Train Epoch: 7 [17600/20000 (88.0%)]	Loss: 0.2564223110675812
[2023-05-01 14:35:23] Train Epoch: 7 [18400/20000 (92.0%)]	Loss: 0.2290211319923401
[2023-05-01 14:35:23] Train Epoch: 7 [19200/20000 (96.0%)]	Loss: 0.24476562440395355
[2023-05-01 14:35:24] ========== Metrics ==========
[2023-05-01 14:35:24] {
  "tr_loss": 0.17882686622864796,
  "tr_acc": 0.9360936093609361,
  "tr_f1": 0.9357207524393923,
  "val_loss": 0.4235299760229233,
  "val_acc": 0.8076034819683781,
  "val_f1": 0.8073296566447251,
  "test_loss": 0.39196170184024304,
  "test_acc": 0.8130081300813008,
  "test_f1": 0.8045325779036828
}
[2023-05-01 14:35:24] ========== Metrics ==========
[2023-05-01 14:35:24] Train Epoch: 8 [0/20000 (0.0%)]	Loss: 0.14962078630924225
[2023-05-01 14:35:24] Train Epoch: 8 [800/20000 (4.0%)]	Loss: 0.17463280260562897
[2023-05-01 14:35:25] Train Epoch: 8 [1600/20000 (8.0%)]	Loss: 0.1812419444322586
[2023-05-01 14:35:25] Train Epoch: 8 [2400/20000 (12.0%)]	Loss: 0.17585428059101105
[2023-05-01 14:35:25] Train Epoch: 8 [3200/20000 (16.0%)]	Loss: 0.3753393888473511
[2023-05-01 14:35:25] Train Epoch: 8 [4000/20000 (20.0%)]	Loss: 0.1423155665397644
[2023-05-01 14:35:25] Train Epoch: 8 [4800/20000 (24.0%)]	Loss: 0.10943950712680817
[2023-05-01 14:35:26] Train Epoch: 8 [5600/20000 (28.0%)]	Loss: 0.18850278854370117
[2023-05-01 14:35:26] Train Epoch: 8 [6400/20000 (32.0%)]	Loss: 0.3512219786643982
[2023-05-01 14:35:26] Train Epoch: 8 [7200/20000 (36.0%)]	Loss: 0.07904289662837982
[2023-05-01 14:35:26] Train Epoch: 8 [8000/20000 (40.0%)]	Loss: 0.3041091561317444
[2023-05-01 14:35:26] Train Epoch: 8 [8800/20000 (44.0%)]	Loss: 0.3230906128883362
[2023-05-01 14:35:26] Train Epoch: 8 [9600/20000 (48.0%)]	Loss: 0.06116165965795517
[2023-05-01 14:35:27] Train Epoch: 8 [10400/20000 (52.0%)]	Loss: 0.07302669435739517
[2023-05-01 14:35:27] Train Epoch: 8 [11200/20000 (56.0%)]	Loss: 0.14272858202457428
[2023-05-01 14:35:27] Train Epoch: 8 [12000/20000 (60.0%)]	Loss: 0.09564454853534698
[2023-05-01 14:35:27] Train Epoch: 8 [12800/20000 (64.0%)]	Loss: 0.5736749172210693
[2023-05-01 14:35:27] Train Epoch: 8 [13600/20000 (68.0%)]	Loss: 0.0644729882478714
[2023-05-01 14:35:28] Train Epoch: 8 [14400/20000 (72.0%)]	Loss: 0.1026960238814354
[2023-05-01 14:35:28] Train Epoch: 8 [15200/20000 (76.0%)]	Loss: 0.11291458457708359
[2023-05-01 14:35:28] Train Epoch: 8 [16000/20000 (80.0%)]	Loss: 0.07757458835840225
[2023-05-01 14:35:28] Train Epoch: 8 [16800/20000 (84.0%)]	Loss: 0.11198469251394272
[2023-05-01 14:35:28] Train Epoch: 8 [17600/20000 (88.0%)]	Loss: 0.25785842537879944
[2023-05-01 14:35:28] Train Epoch: 8 [18400/20000 (92.0%)]	Loss: 0.034338366240262985
[2023-05-01 14:35:29] Train Epoch: 8 [19200/20000 (96.0%)]	Loss: 0.1575126200914383
[2023-05-01 14:35:30] ========== Metrics ==========
[2023-05-01 14:35:30] {
  "tr_loss": 0.1737460570104576,
  "tr_acc": 0.9389438943894389,
  "tr_f1": 0.9386894300778308,
  "val_loss": 0.42289901817431563,
  "val_acc": 0.8074258305205188,
  "val_f1": 0.8070487718049127,
  "test_loss": 0.3908973434753211,
  "test_acc": 0.8130081300813008,
  "test_f1": 0.8045325779036828
}
[2023-05-01 14:35:30] ========== Metrics ==========
[2023-05-01 14:35:30] Train Epoch: 9 [0/20000 (0.0%)]	Loss: 0.22017353773117065
[2023-05-01 14:35:30] Train Epoch: 9 [800/20000 (4.0%)]	Loss: 0.14166513085365295
[2023-05-01 14:35:30] Train Epoch: 9 [1600/20000 (8.0%)]	Loss: 0.08738606423139572
[2023-05-01 14:35:30] Train Epoch: 9 [2400/20000 (12.0%)]	Loss: 0.08455049991607666
[2023-05-01 14:35:31] Train Epoch: 9 [3200/20000 (16.0%)]	Loss: 0.25057166814804077
[2023-05-01 14:35:31] Train Epoch: 9 [4000/20000 (20.0%)]	Loss: 0.10410859435796738
[2023-05-01 14:35:31] Train Epoch: 9 [4800/20000 (24.0%)]	Loss: 0.2963732182979584
[2023-05-01 14:35:31] Train Epoch: 9 [5600/20000 (28.0%)]	Loss: 0.06619248539209366
[2023-05-01 14:35:31] Train Epoch: 9 [6400/20000 (32.0%)]	Loss: 0.13503462076187134
[2023-05-01 14:35:31] Train Epoch: 9 [7200/20000 (36.0%)]	Loss: 0.20843902230262756
[2023-05-01 14:35:32] Train Epoch: 9 [8000/20000 (40.0%)]	Loss: 0.32862362265586853
[2023-05-01 14:35:32] Train Epoch: 9 [8800/20000 (44.0%)]	Loss: 0.19409039616584778
[2023-05-01 14:35:32] Train Epoch: 9 [9600/20000 (48.0%)]	Loss: 0.06638029962778091
[2023-05-01 14:35:32] Train Epoch: 9 [10400/20000 (52.0%)]	Loss: 0.06145564466714859
[2023-05-01 14:35:32] Train Epoch: 9 [11200/20000 (56.0%)]	Loss: 0.10527688264846802
[2023-05-01 14:35:33] Train Epoch: 9 [12000/20000 (60.0%)]	Loss: 0.19046348333358765
[2023-05-01 14:35:33] Train Epoch: 9 [12800/20000 (64.0%)]	Loss: 0.3119544982910156
[2023-05-01 14:35:33] Train Epoch: 9 [13600/20000 (68.0%)]	Loss: 0.1665768325328827
[2023-05-01 14:35:33] Train Epoch: 9 [14400/20000 (72.0%)]	Loss: 0.14707908034324646
[2023-05-01 14:35:33] Train Epoch: 9 [15200/20000 (76.0%)]	Loss: 0.13019664585590363
[2023-05-01 14:35:33] Train Epoch: 9 [16000/20000 (80.0%)]	Loss: 0.11722663044929504
[2023-05-01 14:35:34] Train Epoch: 9 [16800/20000 (84.0%)]	Loss: 0.09496014565229416
[2023-05-01 14:35:34] Train Epoch: 9 [17600/20000 (88.0%)]	Loss: 0.028584633022546768
[2023-05-01 14:35:34] Train Epoch: 9 [18400/20000 (92.0%)]	Loss: 0.23586314916610718
[2023-05-01 14:35:34] Train Epoch: 9 [19200/20000 (96.0%)]	Loss: 0.14229269325733185
[2023-05-01 14:35:35] ========== Metrics ==========
[2023-05-01 14:35:35] {
  "tr_loss": 0.165755064928695,
  "tr_acc": 0.9426442644264427,
  "tr_f1": 0.9424399056556431,
  "val_loss": 0.42301400395222427,
  "val_acc": 0.8088470421033931,
  "val_f1": 0.8088809946714032,
  "test_loss": 0.39090601538578024,
  "test_acc": 0.8102981029810298,
  "test_f1": 0.8022598870056497
}
[2023-05-01 14:35:35] ========== Metrics ==========
[2023-05-01 14:35:35] Train Epoch: 10 [0/20000 (0.0%)]	Loss: 0.14416909217834473
[2023-05-01 14:35:35] Train Epoch: 10 [800/20000 (4.0%)]	Loss: 0.12269722670316696
[2023-05-01 14:35:36] Train Epoch: 10 [1600/20000 (8.0%)]	Loss: 0.17971597611904144
[2023-05-01 14:35:36] Train Epoch: 10 [2400/20000 (12.0%)]	Loss: 0.057416390627622604
[2023-05-01 14:35:36] Train Epoch: 10 [3200/20000 (16.0%)]	Loss: 0.10260140150785446
[2023-05-01 14:35:36] Train Epoch: 10 [4000/20000 (20.0%)]	Loss: 0.24180886149406433
[2023-05-01 14:35:37] Train Epoch: 10 [4800/20000 (24.0%)]	Loss: 0.292749285697937
[2023-05-01 14:35:37] Train Epoch: 10 [5600/20000 (28.0%)]	Loss: 0.0680140033364296
[2023-05-01 14:35:37] Train Epoch: 10 [6400/20000 (32.0%)]	Loss: 0.24215637147426605
[2023-05-01 14:35:37] Train Epoch: 10 [7200/20000 (36.0%)]	Loss: 0.07204107195138931
[2023-05-01 14:35:37] Train Epoch: 10 [8000/20000 (40.0%)]	Loss: 0.2593771815299988
[2023-05-01 14:35:38] Train Epoch: 10 [8800/20000 (44.0%)]	Loss: 0.058225661516189575
[2023-05-01 14:35:38] Train Epoch: 10 [9600/20000 (48.0%)]	Loss: 0.1730763465166092
[2023-05-01 14:35:38] Train Epoch: 10 [10400/20000 (52.0%)]	Loss: 0.2428230196237564
[2023-05-01 14:35:38] Train Epoch: 10 [11200/20000 (56.0%)]	Loss: 0.2447786182165146
[2023-05-01 14:35:38] Train Epoch: 10 [12000/20000 (60.0%)]	Loss: 0.22531874477863312
[2023-05-01 14:35:39] Train Epoch: 10 [12800/20000 (64.0%)]	Loss: 0.045998137444257736
[2023-05-01 14:35:39] Train Epoch: 10 [13600/20000 (68.0%)]	Loss: 0.11868760734796524
[2023-05-01 14:35:39] Train Epoch: 10 [14400/20000 (72.0%)]	Loss: 0.1451624631881714
[2023-05-01 14:35:39] Train Epoch: 10 [15200/20000 (76.0%)]	Loss: 0.22528567910194397
[2023-05-01 14:35:39] Train Epoch: 10 [16000/20000 (80.0%)]	Loss: 0.3587542474269867
[2023-05-01 14:35:39] Train Epoch: 10 [16800/20000 (84.0%)]	Loss: 0.06964438408613205
[2023-05-01 14:35:40] Train Epoch: 10 [17600/20000 (88.0%)]	Loss: 0.18962624669075012
[2023-05-01 14:35:40] Train Epoch: 10 [18400/20000 (92.0%)]	Loss: 0.23153594136238098
[2023-05-01 14:35:40] Train Epoch: 10 [19200/20000 (96.0%)]	Loss: 0.2699207365512848
[2023-05-01 14:35:41] ========== Metrics ==========
[2023-05-01 14:35:41] {
  "tr_loss": 0.16052205774477452,
  "tr_acc": 0.9441944194419442,
  "tr_f1": 0.9439308681672026,
  "val_loss": 0.4231400485148034,
  "val_acc": 0.8079587848640967,
  "val_f1": 0.8080951535593822,
  "test_loss": 0.39790434113686,
  "test_acc": 0.8102981029810298,
  "test_f1": 0.8022598870056497
}
[2023-05-01 14:35:41] ========== Metrics ==========
[2023-05-01 14:35:41] Train Epoch: 11 [0/20000 (0.0%)]	Loss: 0.17147229611873627
[2023-05-01 14:35:41] Train Epoch: 11 [800/20000 (4.0%)]	Loss: 0.11613024026155472
[2023-05-01 14:35:41] Train Epoch: 11 [1600/20000 (8.0%)]	Loss: 0.09504587948322296
[2023-05-01 14:35:42] Train Epoch: 11 [2400/20000 (12.0%)]	Loss: 0.2182224988937378
[2023-05-01 14:35:42] Train Epoch: 11 [3200/20000 (16.0%)]	Loss: 0.09868905693292618
[2023-05-01 14:35:42] Train Epoch: 11 [4000/20000 (20.0%)]	Loss: 0.10538661479949951
[2023-05-01 14:35:42] Train Epoch: 11 [4800/20000 (24.0%)]	Loss: 0.2252722531557083
[2023-05-01 14:35:42] Train Epoch: 11 [5600/20000 (28.0%)]	Loss: 0.1288546770811081
[2023-05-01 14:35:42] Train Epoch: 11 [6400/20000 (32.0%)]	Loss: 0.2406747192144394
[2023-05-01 14:35:43] Train Epoch: 11 [7200/20000 (36.0%)]	Loss: 0.13583993911743164
[2023-05-01 14:35:43] Train Epoch: 11 [8000/20000 (40.0%)]	Loss: 0.27207517623901367
[2023-05-01 14:35:43] Train Epoch: 11 [8800/20000 (44.0%)]	Loss: 0.04728909581899643
[2023-05-01 14:35:43] Train Epoch: 11 [9600/20000 (48.0%)]	Loss: 0.1824711561203003
[2023-05-01 14:35:43] Train Epoch: 11 [10400/20000 (52.0%)]	Loss: 0.33723482489585876
[2023-05-01 14:35:43] Train Epoch: 11 [11200/20000 (56.0%)]	Loss: 0.2778897285461426
[2023-05-01 14:35:44] Train Epoch: 11 [12000/20000 (60.0%)]	Loss: 0.08654658496379852
[2023-05-01 14:35:44] Train Epoch: 11 [12800/20000 (64.0%)]	Loss: 0.11488714069128036
[2023-05-01 14:35:44] Train Epoch: 11 [13600/20000 (68.0%)]	Loss: 0.08077206462621689
[2023-05-01 14:35:44] Train Epoch: 11 [14400/20000 (72.0%)]	Loss: 0.16232748329639435
[2023-05-01 14:35:44] Train Epoch: 11 [15200/20000 (76.0%)]	Loss: 0.11046811193227768
[2023-05-01 14:35:45] Train Epoch: 11 [16000/20000 (80.0%)]	Loss: 0.31721141934394836
[2023-05-01 14:35:45] Train Epoch: 11 [16800/20000 (84.0%)]	Loss: 0.09025530517101288
[2023-05-01 14:35:45] Train Epoch: 11 [17600/20000 (88.0%)]	Loss: 0.10348839312791824
[2023-05-01 14:35:45] Train Epoch: 11 [18400/20000 (92.0%)]	Loss: 0.0564800500869751
[2023-05-01 14:35:45] Train Epoch: 11 [19200/20000 (96.0%)]	Loss: 0.08724761754274368
[2023-05-01 14:35:46] ========== Metrics ==========
[2023-05-01 14:35:46] {
  "tr_loss": 0.15570356919564227,
  "tr_acc": 0.9457445744574458,
  "tr_f1": 0.9455567263786441,
  "val_loss": 0.42305405857000117,
  "val_acc": 0.8079587848640967,
  "val_f1": 0.8079587848640967,
  "test_loss": 0.38673049098430934,
  "test_acc": 0.8130081300813008,
  "test_f1": 0.8045325779036828
}
[2023-05-01 14:35:46] ========== Metrics ==========
[2023-05-01 14:35:46] Train Epoch: 12 [0/20000 (0.0%)]	Loss: 0.1525110900402069
[2023-05-01 14:35:47] Train Epoch: 12 [800/20000 (4.0%)]	Loss: 0.19573339819908142
[2023-05-01 14:35:47] Train Epoch: 12 [1600/20000 (8.0%)]	Loss: 0.056414395570755005
[2023-05-01 14:35:47] Train Epoch: 12 [2400/20000 (12.0%)]	Loss: 0.06844885647296906
[2023-05-01 14:35:47] Train Epoch: 12 [3200/20000 (16.0%)]	Loss: 0.11483576148748398
[2023-05-01 14:35:47] Train Epoch: 12 [4000/20000 (20.0%)]	Loss: 0.0933823511004448
[2023-05-01 14:35:47] Train Epoch: 12 [4800/20000 (24.0%)]	Loss: 0.07572338730096817
[2023-05-01 14:35:48] Train Epoch: 12 [5600/20000 (28.0%)]	Loss: 0.1495201736688614
[2023-05-01 14:35:48] Train Epoch: 12 [6400/20000 (32.0%)]	Loss: 0.26158466935157776
[2023-05-01 14:35:48] Train Epoch: 12 [7200/20000 (36.0%)]	Loss: 0.14085668325424194
[2023-05-01 14:35:48] Train Epoch: 12 [8000/20000 (40.0%)]	Loss: 0.1344955563545227
[2023-05-01 14:35:48] Train Epoch: 12 [8800/20000 (44.0%)]	Loss: 0.11677033454179764
[2023-05-01 14:35:48] Train Epoch: 12 [9600/20000 (48.0%)]	Loss: 0.1314743012189865
[2023-05-01 14:35:49] Train Epoch: 12 [10400/20000 (52.0%)]	Loss: 0.0719916820526123
[2023-05-01 14:35:49] Train Epoch: 12 [11200/20000 (56.0%)]	Loss: 0.06717709451913834
[2023-05-01 14:35:49] Train Epoch: 12 [12000/20000 (60.0%)]	Loss: 0.04833235591650009
[2023-05-01 14:35:49] Train Epoch: 12 [12800/20000 (64.0%)]	Loss: 0.3021690547466278
[2023-05-01 14:35:49] Train Epoch: 12 [13600/20000 (68.0%)]	Loss: 0.06067224219441414
[2023-05-01 14:35:50] Train Epoch: 12 [14400/20000 (72.0%)]	Loss: 0.11702675372362137
[2023-05-01 14:35:50] Train Epoch: 12 [15200/20000 (76.0%)]	Loss: 0.08710817992687225
[2023-05-01 14:35:50] Train Epoch: 12 [16000/20000 (80.0%)]	Loss: 0.0623563714325428
[2023-05-01 14:35:50] Train Epoch: 12 [16800/20000 (84.0%)]	Loss: 0.0607057586312294
[2023-05-01 14:35:50] Train Epoch: 12 [17600/20000 (88.0%)]	Loss: 0.2733144164085388
[2023-05-01 14:35:50] Train Epoch: 12 [18400/20000 (92.0%)]	Loss: 0.4208720028400421
[2023-05-01 14:35:51] Train Epoch: 12 [19200/20000 (96.0%)]	Loss: 0.10766179859638214
[2023-05-01 14:35:51] ========== Metrics ==========
[2023-05-01 14:35:51] {
  "tr_loss": 0.15556953051159628,
  "tr_acc": 0.9443944394439444,
  "tr_f1": 0.9440080563947633,
  "val_loss": 0.42320354672261,
  "val_acc": 0.8086693906555339,
  "val_f1": 0.8088052547488018,
  "test_loss": 0.3910901087732496,
  "test_acc": 0.8102981029810298,
  "test_f1": 0.8022598870056497
}
[2023-05-01 14:35:51] ========== Metrics ==========
[2023-05-01 14:35:52] Train Epoch: 13 [0/20000 (0.0%)]	Loss: 0.12560592591762543
[2023-05-01 14:35:52] Train Epoch: 13 [800/20000 (4.0%)]	Loss: 0.15451626479625702
[2023-05-01 14:35:52] Train Epoch: 13 [1600/20000 (8.0%)]	Loss: 0.2896023094654083
[2023-05-01 14:35:52] Train Epoch: 13 [2400/20000 (12.0%)]	Loss: 0.1162499189376831
[2023-05-01 14:35:52] Train Epoch: 13 [3200/20000 (16.0%)]	Loss: 0.17790457606315613
[2023-05-01 14:35:53] Train Epoch: 13 [4000/20000 (20.0%)]	Loss: 0.2279016226530075
[2023-05-01 14:35:53] Train Epoch: 13 [4800/20000 (24.0%)]	Loss: 0.11976075172424316
[2023-05-01 14:35:53] Train Epoch: 13 [5600/20000 (28.0%)]	Loss: 0.04349710792303085
[2023-05-01 14:35:53] Train Epoch: 13 [6400/20000 (32.0%)]	Loss: 0.1628948450088501
[2023-05-01 14:35:53] Train Epoch: 13 [7200/20000 (36.0%)]	Loss: 0.087433822453022
[2023-05-01 14:35:54] Train Epoch: 13 [8000/20000 (40.0%)]	Loss: 0.25675952434539795
[2023-05-01 14:35:54] Train Epoch: 13 [8800/20000 (44.0%)]	Loss: 0.1376371532678604
[2023-05-01 14:35:54] Train Epoch: 13 [9600/20000 (48.0%)]	Loss: 0.13684776425361633
[2023-05-01 14:35:54] Train Epoch: 13 [10400/20000 (52.0%)]	Loss: 0.15198282897472382
[2023-05-01 14:35:54] Train Epoch: 13 [11200/20000 (56.0%)]	Loss: 0.21869128942489624
[2023-05-01 14:35:54] Train Epoch: 13 [12000/20000 (60.0%)]	Loss: 0.1074393093585968
[2023-05-01 14:35:55] Train Epoch: 13 [12800/20000 (64.0%)]	Loss: 0.1851259171962738
[2023-05-01 14:35:55] Train Epoch: 13 [13600/20000 (68.0%)]	Loss: 0.09997113049030304
[2023-05-01 14:35:55] Train Epoch: 13 [14400/20000 (72.0%)]	Loss: 0.1465737223625183
[2023-05-01 14:35:55] Train Epoch: 13 [15200/20000 (76.0%)]	Loss: 0.12951253354549408
[2023-05-01 14:35:55] Train Epoch: 13 [16000/20000 (80.0%)]	Loss: 0.26345643401145935
[2023-05-01 14:35:56] Train Epoch: 13 [16800/20000 (84.0%)]	Loss: 0.1816520243883133
[2023-05-01 14:35:56] Train Epoch: 13 [17600/20000 (88.0%)]	Loss: 0.2799575626850128
[2023-05-01 14:35:56] Train Epoch: 13 [18400/20000 (92.0%)]	Loss: 0.11917537450790405
[2023-05-01 14:35:56] Train Epoch: 13 [19200/20000 (96.0%)]	Loss: 0.08061270415782928
[2023-05-01 14:35:57] ========== Metrics ==========
[2023-05-01 14:35:57] {
  "tr_loss": 0.15508031650315118,
  "tr_acc": 0.9456445644564456,
  "tr_f1": 0.9453576634997235,
  "val_loss": 0.4233825305444687,
  "val_acc": 0.8088470421033931,
  "val_f1": 0.8090844570617459,
  "test_loss": 0.39294606689515155,
  "test_acc": 0.8130081300813008,
  "test_f1": 0.8056338028169012
}
[2023-05-01 14:35:57] ========== Metrics ==========
[2023-05-01 14:35:57] Train Epoch: 14 [0/20000 (0.0%)]	Loss: 0.33752837777137756
[2023-05-01 14:35:58] Train Epoch: 14 [800/20000 (4.0%)]	Loss: 0.17665886878967285
[2023-05-01 14:35:58] Train Epoch: 14 [1600/20000 (8.0%)]	Loss: 0.1700013130903244
[2023-05-01 14:35:58] Train Epoch: 14 [2400/20000 (12.0%)]	Loss: 0.15258947014808655
[2023-05-01 14:35:58] Train Epoch: 14 [3200/20000 (16.0%)]	Loss: 0.07578442990779877
[2023-05-01 14:35:58] Train Epoch: 14 [4000/20000 (20.0%)]	Loss: 0.1620032787322998
[2023-05-01 14:35:59] Train Epoch: 14 [4800/20000 (24.0%)]	Loss: 0.18799430131912231
[2023-05-01 14:35:59] Train Epoch: 14 [5600/20000 (28.0%)]	Loss: 0.3055996894836426
[2023-05-01 14:35:59] Train Epoch: 14 [6400/20000 (32.0%)]	Loss: 0.12311664968729019
[2023-05-01 14:35:59] Train Epoch: 14 [7200/20000 (36.0%)]	Loss: 0.12138520926237106
[2023-05-01 14:35:59] Train Epoch: 14 [8000/20000 (40.0%)]	Loss: 0.13379374146461487
[2023-05-01 14:36:00] Train Epoch: 14 [8800/20000 (44.0%)]	Loss: 0.05117238685488701
[2023-05-01 14:36:00] Train Epoch: 14 [9600/20000 (48.0%)]	Loss: 0.2856902480125427
[2023-05-01 14:36:00] Train Epoch: 14 [10400/20000 (52.0%)]	Loss: 0.15409071743488312
[2023-05-01 14:36:00] Train Epoch: 14 [11200/20000 (56.0%)]	Loss: 0.12664690613746643
[2023-05-01 14:36:00] Train Epoch: 14 [12000/20000 (60.0%)]	Loss: 0.08817398548126221
[2023-05-01 14:36:00] Train Epoch: 14 [12800/20000 (64.0%)]	Loss: 0.047943152487277985
[2023-05-01 14:36:01] Train Epoch: 14 [13600/20000 (68.0%)]	Loss: 0.23986539244651794
[2023-05-01 14:36:01] Train Epoch: 14 [14400/20000 (72.0%)]	Loss: 0.20045307278633118
[2023-05-01 14:36:01] Train Epoch: 14 [15200/20000 (76.0%)]	Loss: 0.16560372710227966
[2023-05-01 14:36:01] Train Epoch: 14 [16000/20000 (80.0%)]	Loss: 0.09210145473480225
[2023-05-01 14:36:01] Train Epoch: 14 [16800/20000 (84.0%)]	Loss: 0.07574548572301865
[2023-05-01 14:36:01] Train Epoch: 14 [17600/20000 (88.0%)]	Loss: 0.13728325068950653
[2023-05-01 14:36:02] Train Epoch: 14 [18400/20000 (92.0%)]	Loss: 0.20364104211330414
[2023-05-01 14:36:02] Train Epoch: 14 [19200/20000 (96.0%)]	Loss: 0.1827177256345749
[2023-05-01 14:36:03] ========== Metrics ==========
[2023-05-01 14:36:03] {
  "tr_loss": 0.15756641545988032,
  "tr_acc": 0.9440944094409441,
  "tr_f1": 0.9437682325721758,
  "val_loss": 0.42332279192954486,
  "val_acc": 0.8092023449991117,
  "val_f1": 0.8096419709322934,
  "test_loss": 0.4347471913024985,
  "test_acc": 0.8130081300813008,
  "test_f1": 0.8056338028169012
}
[2023-05-01 14:36:03] ========== Metrics ==========
[2023-05-01 14:36:03] Train Epoch: 15 [0/20000 (0.0%)]	Loss: 0.14830294251441956
[2023-05-01 14:36:03] Train Epoch: 15 [800/20000 (4.0%)]	Loss: 0.3229208290576935
[2023-05-01 14:36:03] Train Epoch: 15 [1600/20000 (8.0%)]	Loss: 0.12693177163600922
[2023-05-01 14:36:04] Train Epoch: 15 [2400/20000 (12.0%)]	Loss: 0.11487524956464767
[2023-05-01 14:36:04] Train Epoch: 15 [3200/20000 (16.0%)]	Loss: 0.1842557191848755
[2023-05-01 14:36:04] Train Epoch: 15 [4000/20000 (20.0%)]	Loss: 0.09178457409143448
[2023-05-01 14:36:04] Train Epoch: 15 [4800/20000 (24.0%)]	Loss: 0.093043252825737
[2023-05-01 14:36:04] Train Epoch: 15 [5600/20000 (28.0%)]	Loss: 0.17532549798488617
[2023-05-01 14:36:04] Train Epoch: 15 [6400/20000 (32.0%)]	Loss: 0.14090317487716675
[2023-05-01 14:36:05] Train Epoch: 15 [7200/20000 (36.0%)]	Loss: 0.13822248578071594
[2023-05-01 14:36:05] Train Epoch: 15 [8000/20000 (40.0%)]	Loss: 0.09981304407119751
[2023-05-01 14:36:05] Train Epoch: 15 [8800/20000 (44.0%)]	Loss: 0.1388000100851059
[2023-05-01 14:36:05] Train Epoch: 15 [9600/20000 (48.0%)]	Loss: 0.09084698557853699
[2023-05-01 14:36:05] Train Epoch: 15 [10400/20000 (52.0%)]	Loss: 0.16163678467273712
[2023-05-01 14:36:06] Train Epoch: 15 [11200/20000 (56.0%)]	Loss: 0.18582786619663239
[2023-05-01 14:36:06] Train Epoch: 15 [12000/20000 (60.0%)]	Loss: 0.06137736514210701
[2023-05-01 14:36:06] Train Epoch: 15 [12800/20000 (64.0%)]	Loss: 0.06732528656721115
[2023-05-01 14:36:06] Train Epoch: 15 [13600/20000 (68.0%)]	Loss: 0.05106331780552864
[2023-05-01 14:36:06] Train Epoch: 15 [14400/20000 (72.0%)]	Loss: 0.07813462615013123
[2023-05-01 14:36:06] Train Epoch: 15 [15200/20000 (76.0%)]	Loss: 0.1909491866827011
[2023-05-01 14:36:07] Train Epoch: 15 [16000/20000 (80.0%)]	Loss: 0.11063247919082642
[2023-05-01 14:36:07] Train Epoch: 15 [16800/20000 (84.0%)]	Loss: 0.20185360312461853
[2023-05-01 14:36:07] Train Epoch: 15 [17600/20000 (88.0%)]	Loss: 0.23412254452705383
[2023-05-01 14:36:07] Train Epoch: 15 [18400/20000 (92.0%)]	Loss: 0.15207967162132263
[2023-05-01 14:36:07] Train Epoch: 15 [19200/20000 (96.0%)]	Loss: 0.20575687289237976
[2023-05-01 14:36:08] ========== Metrics ==========
[2023-05-01 14:36:08] {
  "tr_loss": 0.15639326551316057,
  "tr_acc": 0.9465446544654466,
  "tr_f1": 0.9462030094106989,
  "val_loss": 0.42326466942748375,
  "val_acc": 0.8090246935512524,
  "val_f1": 0.8092280390417036,
  "test_loss": 0.39586242944567507,
  "test_acc": 0.8102981029810298,
  "test_f1": 0.8022598870056497
}
[2023-05-01 14:36:08] ========== Metrics ==========
[2023-05-01 14:36:08] Train Epoch: 16 [0/20000 (0.0%)]	Loss: 0.03095727227628231
[2023-05-01 14:36:08] Train Epoch: 16 [800/20000 (4.0%)]	Loss: 0.11429272592067719
[2023-05-01 14:36:09] Train Epoch: 16 [1600/20000 (8.0%)]	Loss: 0.11462732404470444
[2023-05-01 14:36:09] Train Epoch: 16 [2400/20000 (12.0%)]	Loss: 0.140049010515213
[2023-05-01 14:36:09] Train Epoch: 16 [3200/20000 (16.0%)]	Loss: 0.1870144009590149
[2023-05-01 14:36:09] Train Epoch: 16 [4000/20000 (20.0%)]	Loss: 0.1380864530801773
[2023-05-01 14:36:09] Train Epoch: 16 [4800/20000 (24.0%)]	Loss: 0.15466797351837158
[2023-05-01 14:36:10] Train Epoch: 16 [5600/20000 (28.0%)]	Loss: 0.12358397990465164
[2023-05-01 14:36:10] Train Epoch: 16 [6400/20000 (32.0%)]	Loss: 0.116218201816082
[2023-05-01 14:36:10] Train Epoch: 16 [7200/20000 (36.0%)]	Loss: 0.17990659177303314
[2023-05-01 14:36:10] Train Epoch: 16 [8000/20000 (40.0%)]	Loss: 0.2292422354221344
[2023-05-01 14:36:10] Train Epoch: 16 [8800/20000 (44.0%)]	Loss: 0.0940413624048233
[2023-05-01 14:36:10] Train Epoch: 16 [9600/20000 (48.0%)]	Loss: 0.29963600635528564
[2023-05-01 14:36:11] Train Epoch: 16 [10400/20000 (52.0%)]	Loss: 0.12539035081863403
[2023-05-01 14:36:11] Train Epoch: 16 [11200/20000 (56.0%)]	Loss: 0.07735999673604965
[2023-05-01 14:36:11] Train Epoch: 16 [12000/20000 (60.0%)]	Loss: 0.06405831128358841
[2023-05-01 14:36:11] Train Epoch: 16 [12800/20000 (64.0%)]	Loss: 0.22872208058834076
[2023-05-01 14:36:11] Train Epoch: 16 [13600/20000 (68.0%)]	Loss: 0.12459395080804825
[2023-05-01 14:36:12] Train Epoch: 16 [14400/20000 (72.0%)]	Loss: 0.15537597239017487
[2023-05-01 14:36:12] Train Epoch: 16 [15200/20000 (76.0%)]	Loss: 0.1608225703239441
[2023-05-01 14:36:12] Train Epoch: 16 [16000/20000 (80.0%)]	Loss: 0.04855257645249367
[2023-05-01 14:36:12] Train Epoch: 16 [16800/20000 (84.0%)]	Loss: 0.22991251945495605
[2023-05-01 14:36:12] Train Epoch: 16 [17600/20000 (88.0%)]	Loss: 0.10892125219106674
[2023-05-01 14:36:12] Train Epoch: 16 [18400/20000 (92.0%)]	Loss: 0.23117654025554657
[2023-05-01 14:36:13] Train Epoch: 16 [19200/20000 (96.0%)]	Loss: 0.12913170456886292
[2023-05-01 14:36:14] ========== Metrics ==========
[2023-05-01 14:36:14] {
  "tr_loss": 0.15357943190888937,
  "tr_acc": 0.9482948294829483,
  "tr_f1": 0.9480662983425414,
  "val_loss": 0.4231440417824598,
  "val_acc": 0.8090246935512524,
  "val_f1": 0.8092280390417036,
  "test_loss": 0.39239997850847114,
  "test_acc": 0.8102981029810298,
  "test_f1": 0.8022598870056497
}
[2023-05-01 14:36:14] ========== Metrics ==========
[2023-05-01 14:36:14] Train Epoch: 17 [0/20000 (0.0%)]	Loss: 0.08040420711040497
[2023-05-01 14:36:14] Train Epoch: 17 [800/20000 (4.0%)]	Loss: 0.13664965331554413
[2023-05-01 14:36:14] Train Epoch: 17 [1600/20000 (8.0%)]	Loss: 0.09540250152349472
[2023-05-01 14:36:14] Train Epoch: 17 [2400/20000 (12.0%)]	Loss: 0.06061270087957382
[2023-05-01 14:36:14] Train Epoch: 17 [3200/20000 (16.0%)]	Loss: 0.07974879443645477
[2023-05-01 14:36:15] Train Epoch: 17 [4000/20000 (20.0%)]	Loss: 0.09698670357465744
[2023-05-01 14:36:15] Train Epoch: 17 [4800/20000 (24.0%)]	Loss: 0.09142012894153595
[2023-05-01 14:36:15] Train Epoch: 17 [5600/20000 (28.0%)]	Loss: 0.082074835896492
[2023-05-01 14:36:15] Train Epoch: 17 [6400/20000 (32.0%)]	Loss: 0.0735904723405838
[2023-05-01 14:36:15] Train Epoch: 17 [7200/20000 (36.0%)]	Loss: 0.03852016478776932
[2023-05-01 14:36:16] Train Epoch: 17 [8000/20000 (40.0%)]	Loss: 0.08284489065408707
[2023-05-01 14:36:16] Train Epoch: 17 [8800/20000 (44.0%)]	Loss: 0.10248686373233795
[2023-05-01 14:36:16] Train Epoch: 17 [9600/20000 (48.0%)]	Loss: 0.11375799030065536
[2023-05-01 14:36:16] Train Epoch: 17 [10400/20000 (52.0%)]	Loss: 0.2977694571018219
[2023-05-01 14:36:16] Train Epoch: 17 [11200/20000 (56.0%)]	Loss: 0.15254206955432892
[2023-05-01 14:36:16] Train Epoch: 17 [12000/20000 (60.0%)]	Loss: 0.40002429485321045
[2023-05-01 14:36:17] Train Epoch: 17 [12800/20000 (64.0%)]	Loss: 0.050730351358652115
[2023-05-01 14:36:17] Train Epoch: 17 [13600/20000 (68.0%)]	Loss: 0.23776505887508392
[2023-05-01 14:36:17] Train Epoch: 17 [14400/20000 (72.0%)]	Loss: 0.3310585021972656
[2023-05-01 14:36:17] Train Epoch: 17 [15200/20000 (76.0%)]	Loss: 0.1402350217103958
[2023-05-01 14:36:17] Train Epoch: 17 [16000/20000 (80.0%)]	Loss: 0.07692854851484299
[2023-05-01 14:36:18] Train Epoch: 17 [16800/20000 (84.0%)]	Loss: 0.1372506469488144
[2023-05-01 14:36:18] Train Epoch: 17 [17600/20000 (88.0%)]	Loss: 0.12365898489952087
[2023-05-01 14:36:18] Train Epoch: 17 [18400/20000 (92.0%)]	Loss: 0.032438840717077255
[2023-05-01 14:36:18] Train Epoch: 17 [19200/20000 (96.0%)]	Loss: 0.10719740390777588
[2023-05-01 14:36:19] ========== Metrics ==========
[2023-05-01 14:36:19] {
  "tr_loss": 0.15502082066114384,
  "tr_acc": 0.9454945494549455,
  "tr_f1": 0.9451710261569418,
  "val_loss": 0.4232562328659846,
  "val_acc": 0.8090246935512524,
  "val_f1": 0.8092280390417036,
  "test_loss": 0.38565167663543204,
  "test_acc": 0.8102981029810298,
  "test_f1": 0.8022598870056497
}
[2023-05-01 14:36:19] ========== Metrics ==========
[2023-05-01 14:36:19] Train Epoch: 18 [0/20000 (0.0%)]	Loss: 0.12953566014766693
[2023-05-01 14:36:19] Train Epoch: 18 [800/20000 (4.0%)]	Loss: 0.1793174296617508
[2023-05-01 14:36:19] Train Epoch: 18 [1600/20000 (8.0%)]	Loss: 0.24910415709018707
[2023-05-01 14:36:20] Train Epoch: 18 [2400/20000 (12.0%)]	Loss: 0.06778351962566376
[2023-05-01 14:36:20] Train Epoch: 18 [3200/20000 (16.0%)]	Loss: 0.26518964767456055
[2023-05-01 14:36:20] Train Epoch: 18 [4000/20000 (20.0%)]	Loss: 0.1588738113641739
[2023-05-01 14:36:20] Train Epoch: 18 [4800/20000 (24.0%)]	Loss: 0.07622338086366653
[2023-05-01 14:36:20] Train Epoch: 18 [5600/20000 (28.0%)]	Loss: 0.12235281616449356
[2023-05-01 14:36:20] Train Epoch: 18 [6400/20000 (32.0%)]	Loss: 0.175458624958992
[2023-05-01 14:36:21] Train Epoch: 18 [7200/20000 (36.0%)]	Loss: 0.12360139191150665
[2023-05-01 14:36:21] Train Epoch: 18 [8000/20000 (40.0%)]	Loss: 0.059900328516960144
[2023-05-01 14:36:21] Train Epoch: 18 [8800/20000 (44.0%)]	Loss: 0.09732457250356674
[2023-05-01 14:36:21] Train Epoch: 18 [9600/20000 (48.0%)]	Loss: 0.11890053004026413
[2023-05-01 14:36:21] Train Epoch: 18 [10400/20000 (52.0%)]	Loss: 0.031401075422763824
[2023-05-01 14:36:22] Train Epoch: 18 [11200/20000 (56.0%)]	Loss: 0.08568703383207321
[2023-05-01 14:36:22] Train Epoch: 18 [12000/20000 (60.0%)]	Loss: 0.18436354398727417
[2023-05-01 14:36:22] Train Epoch: 18 [12800/20000 (64.0%)]	Loss: 0.10859023779630661
[2023-05-01 14:36:22] Train Epoch: 18 [13600/20000 (68.0%)]	Loss: 0.1684323400259018
[2023-05-01 14:36:22] Train Epoch: 18 [14400/20000 (72.0%)]	Loss: 0.2142864316701889
[2023-05-01 14:36:22] Train Epoch: 18 [15200/20000 (76.0%)]	Loss: 0.1497054100036621
[2023-05-01 14:36:23] Train Epoch: 18 [16000/20000 (80.0%)]	Loss: 0.10069726407527924
[2023-05-01 14:36:23] Train Epoch: 18 [16800/20000 (84.0%)]	Loss: 0.225893035531044
[2023-05-01 14:36:23] Train Epoch: 18 [17600/20000 (88.0%)]	Loss: 0.0822732150554657
[2023-05-01 14:36:23] Train Epoch: 18 [18400/20000 (92.0%)]	Loss: 0.27354052662849426
[2023-05-01 14:36:23] Train Epoch: 18 [19200/20000 (96.0%)]	Loss: 0.4154413044452667
[2023-05-01 14:36:24] ========== Metrics ==========
[2023-05-01 14:36:24] {
  "tr_loss": 0.1525456443725556,
  "tr_acc": 0.9452445244524452,
  "tr_f1": 0.9449665778760616,
  "val_loss": 0.4233213855606516,
  "val_acc": 0.8090246935512524,
  "val_f1": 0.8092280390417036,
  "test_loss": 0.3865308361001777,
  "test_acc": 0.8102981029810298,
  "test_f1": 0.8022598870056497
}
[2023-05-01 14:36:24] ========== Metrics ==========
[2023-05-01 14:36:24] Train Epoch: 19 [0/20000 (0.0%)]	Loss: 0.10369929671287537
[2023-05-01 14:36:25] Train Epoch: 19 [800/20000 (4.0%)]	Loss: 0.25335702300071716
[2023-05-01 14:36:25] Train Epoch: 19 [1600/20000 (8.0%)]	Loss: 0.176807701587677
[2023-05-01 14:36:25] Train Epoch: 19 [2400/20000 (12.0%)]	Loss: 0.06904183328151703
[2023-05-01 14:36:25] Train Epoch: 19 [3200/20000 (16.0%)]	Loss: 0.11218121647834778
[2023-05-01 14:36:25] Train Epoch: 19 [4000/20000 (20.0%)]	Loss: 0.2564379572868347
[2023-05-01 14:36:25] Train Epoch: 19 [4800/20000 (24.0%)]	Loss: 0.13186821341514587
[2023-05-01 14:36:26] Train Epoch: 19 [5600/20000 (28.0%)]	Loss: 0.06501704454421997
[2023-05-01 14:36:26] Train Epoch: 19 [6400/20000 (32.0%)]	Loss: 0.08004800975322723
[2023-05-01 14:36:26] Train Epoch: 19 [7200/20000 (36.0%)]	Loss: 0.14301320910453796
[2023-05-01 14:36:26] Train Epoch: 19 [8000/20000 (40.0%)]	Loss: 0.12402840703725815
[2023-05-01 14:36:26] Train Epoch: 19 [8800/20000 (44.0%)]	Loss: 0.14261087775230408
[2023-05-01 14:36:26] Train Epoch: 19 [9600/20000 (48.0%)]	Loss: 0.06754341721534729
[2023-05-01 14:36:27] Train Epoch: 19 [10400/20000 (52.0%)]	Loss: 0.1373378187417984
[2023-05-01 14:36:27] Train Epoch: 19 [11200/20000 (56.0%)]	Loss: 0.0488344244658947
[2023-05-01 14:36:27] Train Epoch: 19 [12000/20000 (60.0%)]	Loss: 0.1804027259349823
[2023-05-01 14:36:27] Train Epoch: 19 [12800/20000 (64.0%)]	Loss: 0.10610227286815643
[2023-05-01 14:36:27] Train Epoch: 19 [13600/20000 (68.0%)]	Loss: 0.17381134629249573
[2023-05-01 14:36:28] Train Epoch: 19 [14400/20000 (72.0%)]	Loss: 0.07646238803863525
[2023-05-01 14:36:28] Train Epoch: 19 [15200/20000 (76.0%)]	Loss: 0.28721311688423157
[2023-05-01 14:36:28] Train Epoch: 19 [16000/20000 (80.0%)]	Loss: 0.1077798381447792
[2023-05-01 14:36:28] Train Epoch: 19 [16800/20000 (84.0%)]	Loss: 0.08960902690887451
[2023-05-01 14:36:28] Train Epoch: 19 [17600/20000 (88.0%)]	Loss: 0.05568617954850197
[2023-05-01 14:36:28] Train Epoch: 19 [18400/20000 (92.0%)]	Loss: 0.29622963070869446
[2023-05-01 14:36:29] Train Epoch: 19 [19200/20000 (96.0%)]	Loss: 0.10078561305999756
[2023-05-01 14:36:30] ========== Metrics ==========
[2023-05-01 14:36:30] {
  "tr_loss": 0.15155438476591684,
  "tr_acc": 0.9475947594759476,
  "tr_f1": 0.9473155037200885,
  "val_loss": 0.42312307733904087,
  "val_acc": 0.8088470421033931,
  "val_f1": 0.8090166844160455,
  "test_loss": 0.39713424331127467,
  "test_acc": 0.8102981029810298,
  "test_f1": 0.8022598870056497
}
[2023-05-01 14:36:30] ========== Metrics ==========
[2023-05-01 14:36:30] Train Epoch: 20 [0/20000 (0.0%)]	Loss: 0.11067752540111542
[2023-05-01 14:36:30] Train Epoch: 20 [800/20000 (4.0%)]	Loss: 0.1330564320087433
[2023-05-01 14:36:30] Train Epoch: 20 [1600/20000 (8.0%)]	Loss: 0.10187836736440659
[2023-05-01 14:36:31] Train Epoch: 20 [2400/20000 (12.0%)]	Loss: 0.11410155892372131
[2023-05-01 14:36:31] Train Epoch: 20 [3200/20000 (16.0%)]	Loss: 0.09038889408111572
[2023-05-01 14:36:31] Train Epoch: 20 [4000/20000 (20.0%)]	Loss: 0.08795956522226334
[2023-05-01 14:36:31] Train Epoch: 20 [4800/20000 (24.0%)]	Loss: 0.055763132870197296
[2023-05-01 14:36:31] Train Epoch: 20 [5600/20000 (28.0%)]	Loss: 0.10606229305267334
[2023-05-01 14:36:32] Train Epoch: 20 [6400/20000 (32.0%)]	Loss: 0.07378002256155014
[2023-05-01 14:36:32] Train Epoch: 20 [7200/20000 (36.0%)]	Loss: 0.22231870889663696
[2023-05-01 14:36:32] Train Epoch: 20 [8000/20000 (40.0%)]	Loss: 0.22124376893043518
[2023-05-01 14:36:32] Train Epoch: 20 [8800/20000 (44.0%)]	Loss: 0.19390642642974854
[2023-05-01 14:36:32] Train Epoch: 20 [9600/20000 (48.0%)]	Loss: 0.23345452547073364
[2023-05-01 14:36:32] Train Epoch: 20 [10400/20000 (52.0%)]	Loss: 0.34905990958213806
[2023-05-01 14:36:33] Train Epoch: 20 [11200/20000 (56.0%)]	Loss: 0.15828028321266174
[2023-05-01 14:36:33] Train Epoch: 20 [12000/20000 (60.0%)]	Loss: 0.1658696085214615
[2023-05-01 14:36:33] Train Epoch: 20 [12800/20000 (64.0%)]	Loss: 0.11567376554012299
[2023-05-01 14:36:33] Train Epoch: 20 [13600/20000 (68.0%)]	Loss: 0.05280831828713417
[2023-05-01 14:36:33] Train Epoch: 20 [14400/20000 (72.0%)]	Loss: 0.1420910656452179
[2023-05-01 14:36:33] Train Epoch: 20 [15200/20000 (76.0%)]	Loss: 0.1283314824104309
[2023-05-01 14:36:34] Train Epoch: 20 [16000/20000 (80.0%)]	Loss: 0.23280967772006989
[2023-05-01 14:36:34] Train Epoch: 20 [16800/20000 (84.0%)]	Loss: 0.2136908620595932
[2023-05-01 14:36:34] Train Epoch: 20 [17600/20000 (88.0%)]	Loss: 0.07498037815093994
[2023-05-01 14:36:34] Train Epoch: 20 [18400/20000 (92.0%)]	Loss: 0.05360628664493561
[2023-05-01 14:36:34] Train Epoch: 20 [19200/20000 (96.0%)]	Loss: 0.12947070598602295
[2023-05-01 14:36:35] Stop At epoch 20/20 due to valid not increase
[2023-05-01 14:36:35] ========== Metrics ==========
[2023-05-01 14:36:35] {
  "tr_loss": 0.15456971623311222,
  "tr_acc": 0.946994699469947,
  "tr_f1": 0.9468191852297811,
  "val_loss": 0.4231786410027953,
  "val_acc": 0.8088470421033931,
  "val_f1": 0.8090166844160455,
  "test_loss": 0.4625738481195962,
  "test_acc": 0.8102981029810298,
  "test_f1": 0.8022598870056497
}
[2023-05-01 14:36:35] ========== Metrics ==========
