[2023-05-03 04:41:47] Train Epoch: 1 [0/20000 (0.0%)]	Loss: 0.700566291809082
[2023-05-03 04:41:47] Train Epoch: 1 [800/20000 (4.0%)]	Loss: 0.685835599899292
[2023-05-03 04:41:47] Train Epoch: 1 [1600/20000 (8.0%)]	Loss: 0.6823207139968872
[2023-05-03 04:41:48] Train Epoch: 1 [2400/20000 (12.0%)]	Loss: 0.6991702318191528
[2023-05-03 04:41:48] Train Epoch: 1 [3200/20000 (16.0%)]	Loss: 0.6736432313919067
[2023-05-03 04:41:48] Train Epoch: 1 [4000/20000 (20.0%)]	Loss: 0.7095574736595154
[2023-05-03 04:41:48] Train Epoch: 1 [4800/20000 (24.0%)]	Loss: 0.7073364853858948
[2023-05-03 04:41:49] Train Epoch: 1 [5600/20000 (28.0%)]	Loss: 0.6976335048675537
[2023-05-03 04:41:49] Train Epoch: 1 [6400/20000 (32.0%)]	Loss: 0.6496459245681763
[2023-05-03 04:41:49] Train Epoch: 1 [7200/20000 (36.0%)]	Loss: 0.6764323711395264
[2023-05-03 04:41:49] Train Epoch: 1 [8000/20000 (40.0%)]	Loss: 0.6705952286720276
[2023-05-03 04:41:50] Train Epoch: 1 [8800/20000 (44.0%)]	Loss: 0.7550718784332275
[2023-05-03 04:41:50] Train Epoch: 1 [9600/20000 (48.0%)]	Loss: 0.700815737247467
[2023-05-03 04:41:50] Train Epoch: 1 [10400/20000 (52.0%)]	Loss: 0.6707273125648499
[2023-05-03 04:41:50] Train Epoch: 1 [11200/20000 (56.0%)]	Loss: 0.6796521544456482
[2023-05-03 04:41:51] Train Epoch: 1 [12000/20000 (60.0%)]	Loss: 0.6300323009490967
[2023-05-03 04:41:51] Train Epoch: 1 [12800/20000 (64.0%)]	Loss: 0.6834345459938049
[2023-05-03 04:41:51] Train Epoch: 1 [13600/20000 (68.0%)]	Loss: 0.650556206703186
[2023-05-03 04:41:51] Train Epoch: 1 [14400/20000 (72.0%)]	Loss: 0.7394000291824341
[2023-05-03 04:41:52] Train Epoch: 1 [15200/20000 (76.0%)]	Loss: 0.7498079538345337
[2023-05-03 04:41:52] Train Epoch: 1 [16000/20000 (80.0%)]	Loss: 0.6416526436805725
[2023-05-03 04:41:52] Train Epoch: 1 [16800/20000 (84.0%)]	Loss: 0.6805593371391296
[2023-05-03 04:41:53] Train Epoch: 1 [17600/20000 (88.0%)]	Loss: 0.6853510737419128
[2023-05-03 04:41:53] Train Epoch: 1 [18400/20000 (92.0%)]	Loss: 0.6498507261276245
[2023-05-03 04:41:53] Train Epoch: 1 [19200/20000 (96.0%)]	Loss: 0.7335080504417419
[2023-05-03 04:41:57] ========== Metrics ==========
[2023-05-03 04:41:57] {
  "tr_loss": 0.6847428531572335,
  "tr_acc": 0.5514551455145514,
  "tr_f1": 0.5636735090962156,
  "val_loss": 0.6615350722927759,
  "val_acc": 0.7003020074613608,
  "val_f1": 0.6585711394454564,
  "test_loss": 0.6867521720203927,
  "test_acc": 0.6829268292682927,
  "test_f1": 0.6285714285714287
}
[2023-05-03 04:41:57] ========== Metrics ==========
[2023-05-03 04:41:58] Train Epoch: 2 [0/20000 (0.0%)]	Loss: 0.6369497179985046
[2023-05-03 04:41:58] Train Epoch: 2 [800/20000 (4.0%)]	Loss: 0.6351176500320435
[2023-05-03 04:41:58] Train Epoch: 2 [1600/20000 (8.0%)]	Loss: 0.6589235663414001
[2023-05-03 04:41:59] Train Epoch: 2 [2400/20000 (12.0%)]	Loss: 0.6160479784011841
[2023-05-03 04:41:59] Train Epoch: 2 [3200/20000 (16.0%)]	Loss: 0.582247793674469
[2023-05-03 04:41:59] Train Epoch: 2 [4000/20000 (20.0%)]	Loss: 0.5828548669815063
[2023-05-03 04:42:00] Train Epoch: 2 [4800/20000 (24.0%)]	Loss: 0.5682240128517151
[2023-05-03 04:42:00] Train Epoch: 2 [5600/20000 (28.0%)]	Loss: 0.5108272433280945
[2023-05-03 04:42:00] Train Epoch: 2 [6400/20000 (32.0%)]	Loss: 0.735756516456604
[2023-05-03 04:42:00] Train Epoch: 2 [7200/20000 (36.0%)]	Loss: 0.58655846118927
[2023-05-03 04:42:01] Train Epoch: 2 [8000/20000 (40.0%)]	Loss: 0.5819299221038818
[2023-05-03 04:42:01] Train Epoch: 2 [8800/20000 (44.0%)]	Loss: 0.672985851764679
[2023-05-03 04:42:01] Train Epoch: 2 [9600/20000 (48.0%)]	Loss: 0.6132581233978271
[2023-05-03 04:42:01] Train Epoch: 2 [10400/20000 (52.0%)]	Loss: 0.5649980902671814
[2023-05-03 04:42:02] Train Epoch: 2 [11200/20000 (56.0%)]	Loss: 0.6338633298873901
[2023-05-03 04:42:02] Train Epoch: 2 [12000/20000 (60.0%)]	Loss: 0.664902925491333
[2023-05-03 04:42:02] Train Epoch: 2 [12800/20000 (64.0%)]	Loss: 0.5431721210479736
[2023-05-03 04:42:02] Train Epoch: 2 [13600/20000 (68.0%)]	Loss: 0.6034271717071533
[2023-05-03 04:42:03] Train Epoch: 2 [14400/20000 (72.0%)]	Loss: 0.7224904894828796
[2023-05-03 04:42:03] Train Epoch: 2 [15200/20000 (76.0%)]	Loss: 0.5230638384819031
[2023-05-03 04:42:03] Train Epoch: 2 [16000/20000 (80.0%)]	Loss: 0.6664893627166748
[2023-05-03 04:42:04] Train Epoch: 2 [16800/20000 (84.0%)]	Loss: 0.48116856813430786
[2023-05-03 04:42:04] Train Epoch: 2 [17600/20000 (88.0%)]	Loss: 0.484164834022522
[2023-05-03 04:42:04] Train Epoch: 2 [18400/20000 (92.0%)]	Loss: 0.520563542842865
[2023-05-03 04:42:04] Train Epoch: 2 [19200/20000 (96.0%)]	Loss: 0.485755980014801
[2023-05-03 04:42:08] ========== Metrics ==========
[2023-05-03 04:42:08] {
  "tr_loss": 0.6010233576458232,
  "tr_acc": 0.6845184518451846,
  "tr_f1": 0.6850696351020815,
  "val_loss": 0.5618657828605627,
  "val_acc": 0.7608811511813821,
  "val_f1": 0.7636108184053391,
  "test_loss": 0.5927831138052592,
  "test_acc": 0.7425474254742548,
  "test_f1": 0.7382920110192837
}
[2023-05-03 04:42:08] ========== Metrics ==========
[2023-05-03 04:42:09] Train Epoch: 3 [0/20000 (0.0%)]	Loss: 0.6567619442939758
[2023-05-03 04:42:10] Train Epoch: 3 [800/20000 (4.0%)]	Loss: 0.443882554769516
[2023-05-03 04:42:10] Train Epoch: 3 [1600/20000 (8.0%)]	Loss: 0.48213815689086914
[2023-05-03 04:42:10] Train Epoch: 3 [2400/20000 (12.0%)]	Loss: 0.47412413358688354
[2023-05-03 04:42:10] Train Epoch: 3 [3200/20000 (16.0%)]	Loss: 0.5557093620300293
[2023-05-03 04:42:11] Train Epoch: 3 [4000/20000 (20.0%)]	Loss: 0.5296581983566284
[2023-05-03 04:42:11] Train Epoch: 3 [4800/20000 (24.0%)]	Loss: 0.4488985538482666
[2023-05-03 04:42:11] Train Epoch: 3 [5600/20000 (28.0%)]	Loss: 0.46584153175354004
[2023-05-03 04:42:12] Train Epoch: 3 [6400/20000 (32.0%)]	Loss: 0.3865777254104614
[2023-05-03 04:42:12] Train Epoch: 3 [7200/20000 (36.0%)]	Loss: 0.5583661794662476
[2023-05-03 04:42:12] Train Epoch: 3 [8000/20000 (40.0%)]	Loss: 0.5554189085960388
[2023-05-03 04:42:12] Train Epoch: 3 [8800/20000 (44.0%)]	Loss: 0.667954683303833
[2023-05-03 04:42:13] Train Epoch: 3 [9600/20000 (48.0%)]	Loss: 0.5489630699157715
[2023-05-03 04:42:13] Train Epoch: 3 [10400/20000 (52.0%)]	Loss: 0.39608147740364075
[2023-05-03 04:42:13] Train Epoch: 3 [11200/20000 (56.0%)]	Loss: 0.4529346227645874
[2023-05-03 04:42:13] Train Epoch: 3 [12000/20000 (60.0%)]	Loss: 0.5816364884376526
[2023-05-03 04:42:14] Train Epoch: 3 [12800/20000 (64.0%)]	Loss: 0.4236990809440613
[2023-05-03 04:42:14] Train Epoch: 3 [13600/20000 (68.0%)]	Loss: 0.34339475631713867
[2023-05-03 04:42:14] Train Epoch: 3 [14400/20000 (72.0%)]	Loss: 0.45334309339523315
[2023-05-03 04:42:15] Train Epoch: 3 [15200/20000 (76.0%)]	Loss: 0.47499939799308777
[2023-05-03 04:42:15] Train Epoch: 3 [16000/20000 (80.0%)]	Loss: 0.4631251096725464
[2023-05-03 04:42:15] Train Epoch: 3 [16800/20000 (84.0%)]	Loss: 0.6974188089370728
[2023-05-03 04:42:15] Train Epoch: 3 [17600/20000 (88.0%)]	Loss: 0.3535664975643158
[2023-05-03 04:42:16] Train Epoch: 3 [18400/20000 (92.0%)]	Loss: 0.4632425308227539
[2023-05-03 04:42:16] Train Epoch: 3 [19200/20000 (96.0%)]	Loss: 0.4535618722438812
[2023-05-03 04:42:20] ========== Metrics ==========
[2023-05-03 04:42:20] {
  "tr_loss": 0.4790686032738444,
  "tr_acc": 0.776027602760276,
  "tr_f1": 0.7775515271914576,
  "val_loss": 0.5050786455140527,
  "val_acc": 0.7806004618937644,
  "val_f1": 0.7795036600607035,
  "test_loss": 0.5393587644830306,
  "test_acc": 0.7479674796747967,
  "test_f1": 0.7394957983193278
}
[2023-05-03 04:42:20] ========== Metrics ==========
[2023-05-03 04:42:21] Train Epoch: 4 [0/20000 (0.0%)]	Loss: 0.2544111907482147
[2023-05-03 04:42:21] Train Epoch: 4 [800/20000 (4.0%)]	Loss: 0.4857430160045624
[2023-05-03 04:42:21] Train Epoch: 4 [1600/20000 (8.0%)]	Loss: 0.2635405957698822
[2023-05-03 04:42:22] Train Epoch: 4 [2400/20000 (12.0%)]	Loss: 0.37363100051879883
[2023-05-03 04:42:22] Train Epoch: 4 [3200/20000 (16.0%)]	Loss: 0.35955891013145447
[2023-05-03 04:42:22] Train Epoch: 4 [4000/20000 (20.0%)]	Loss: 0.3167535364627838
[2023-05-03 04:42:22] Train Epoch: 4 [4800/20000 (24.0%)]	Loss: 0.3728053569793701
[2023-05-03 04:42:23] Train Epoch: 4 [5600/20000 (28.0%)]	Loss: 0.4081251919269562
[2023-05-03 04:42:23] Train Epoch: 4 [6400/20000 (32.0%)]	Loss: 0.3413326144218445
[2023-05-03 04:42:23] Train Epoch: 4 [7200/20000 (36.0%)]	Loss: 0.27668097615242004
[2023-05-03 04:42:23] Train Epoch: 4 [8000/20000 (40.0%)]	Loss: 0.3817821443080902
[2023-05-03 04:42:24] Train Epoch: 4 [8800/20000 (44.0%)]	Loss: 0.5271660089492798
[2023-05-03 04:42:24] Train Epoch: 4 [9600/20000 (48.0%)]	Loss: 0.3643941581249237
[2023-05-03 04:42:24] Train Epoch: 4 [10400/20000 (52.0%)]	Loss: 0.29893478751182556
[2023-05-03 04:42:25] Train Epoch: 4 [11200/20000 (56.0%)]	Loss: 0.47199445962905884
[2023-05-03 04:42:25] Train Epoch: 4 [12000/20000 (60.0%)]	Loss: 0.5393402576446533
[2023-05-03 04:42:25] Train Epoch: 4 [12800/20000 (64.0%)]	Loss: 0.3629917800426483
[2023-05-03 04:42:25] Train Epoch: 4 [13600/20000 (68.0%)]	Loss: 0.26004037261009216
[2023-05-03 04:42:25] Train Epoch: 4 [14400/20000 (72.0%)]	Loss: 0.38508543372154236
[2023-05-03 04:42:26] Train Epoch: 4 [15200/20000 (76.0%)]	Loss: 0.3226023018360138
[2023-05-03 04:42:26] Train Epoch: 4 [16000/20000 (80.0%)]	Loss: 0.5142458081245422
[2023-05-03 04:42:26] Train Epoch: 4 [16800/20000 (84.0%)]	Loss: 0.37168824672698975
[2023-05-03 04:42:27] Train Epoch: 4 [17600/20000 (88.0%)]	Loss: 0.2297937273979187
[2023-05-03 04:42:27] Train Epoch: 4 [18400/20000 (92.0%)]	Loss: 0.28151950240135193
[2023-05-03 04:42:27] Train Epoch: 4 [19200/20000 (96.0%)]	Loss: 0.4005633294582367
[2023-05-03 04:42:31] ========== Metrics ==========
[2023-05-03 04:42:31] {
  "tr_loss": 0.3767605557633896,
  "tr_acc": 0.8346334633463346,
  "tr_f1": 0.8347243740316858,
  "val_loss": 0.47155201246607553,
  "val_acc": 0.7884171255995737,
  "val_f1": 0.7879651059284315,
  "test_loss": 0.5062403329988805,
  "test_acc": 0.7642276422764228,
  "test_f1": 0.7549295774647888
}
[2023-05-03 04:42:31] ========== Metrics ==========
[2023-05-03 04:42:32] Train Epoch: 5 [0/20000 (0.0%)]	Loss: 0.6925485134124756
[2023-05-03 04:42:32] Train Epoch: 5 [800/20000 (4.0%)]	Loss: 0.293937623500824
[2023-05-03 04:42:33] Train Epoch: 5 [1600/20000 (8.0%)]	Loss: 0.34556689858436584
[2023-05-03 04:42:33] Train Epoch: 5 [2400/20000 (12.0%)]	Loss: 0.24866683781147003
[2023-05-03 04:42:33] Train Epoch: 5 [3200/20000 (16.0%)]	Loss: 0.2970042824745178
[2023-05-03 04:42:33] Train Epoch: 5 [4000/20000 (20.0%)]	Loss: 0.19427448511123657
[2023-05-03 04:42:34] Train Epoch: 5 [4800/20000 (24.0%)]	Loss: 0.48399049043655396
[2023-05-03 04:42:34] Train Epoch: 5 [5600/20000 (28.0%)]	Loss: 0.38564231991767883
[2023-05-03 04:42:34] Train Epoch: 5 [6400/20000 (32.0%)]	Loss: 0.5539640784263611
[2023-05-03 04:42:34] Train Epoch: 5 [7200/20000 (36.0%)]	Loss: 0.3852425217628479
[2023-05-03 04:42:35] Train Epoch: 5 [8000/20000 (40.0%)]	Loss: 0.2954327166080475
[2023-05-03 04:42:35] Train Epoch: 5 [8800/20000 (44.0%)]	Loss: 0.22436264157295227
[2023-05-03 04:42:35] Train Epoch: 5 [9600/20000 (48.0%)]	Loss: 0.09728337079286575
[2023-05-03 04:42:36] Train Epoch: 5 [10400/20000 (52.0%)]	Loss: 0.21646130084991455
[2023-05-03 04:42:36] Train Epoch: 5 [11200/20000 (56.0%)]	Loss: 0.2656550109386444
[2023-05-03 04:42:36] Train Epoch: 5 [12000/20000 (60.0%)]	Loss: 0.18294169008731842
[2023-05-03 04:42:36] Train Epoch: 5 [12800/20000 (64.0%)]	Loss: 0.31393176317214966
[2023-05-03 04:42:37] Train Epoch: 5 [13600/20000 (68.0%)]	Loss: 0.16755782067775726
[2023-05-03 04:42:37] Train Epoch: 5 [14400/20000 (72.0%)]	Loss: 0.2608073651790619
[2023-05-03 04:42:37] Train Epoch: 5 [15200/20000 (76.0%)]	Loss: 0.26319292187690735
[2023-05-03 04:42:37] Train Epoch: 5 [16000/20000 (80.0%)]	Loss: 0.3767898380756378
[2023-05-03 04:42:38] Train Epoch: 5 [16800/20000 (84.0%)]	Loss: 0.21378552913665771
[2023-05-03 04:42:38] Train Epoch: 5 [17600/20000 (88.0%)]	Loss: 0.253097265958786
[2023-05-03 04:42:38] Train Epoch: 5 [18400/20000 (92.0%)]	Loss: 0.23433992266654968
[2023-05-03 04:42:38] Train Epoch: 5 [19200/20000 (96.0%)]	Loss: 0.1924765408039093
[2023-05-03 04:42:42] ========== Metrics ==========
[2023-05-03 04:42:42] {
  "tr_loss": 0.30262440281494196,
  "tr_acc": 0.8755375537553756,
  "tr_f1": 0.8757177809956559,
  "val_loss": 0.45599819394448954,
  "val_acc": 0.7939243204832119,
  "val_f1": 0.7935943060498221,
  "test_loss": 0.5452707970368507,
  "test_acc": 0.7804878048780488,
  "test_f1": 0.7768595041322314
}
[2023-05-03 04:42:42] ========== Metrics ==========
[2023-05-03 04:42:43] Train Epoch: 6 [0/20000 (0.0%)]	Loss: 0.22290781140327454
[2023-05-03 04:42:44] Train Epoch: 6 [800/20000 (4.0%)]	Loss: 0.22114823758602142
[2023-05-03 04:42:44] Train Epoch: 6 [1600/20000 (8.0%)]	Loss: 0.15241627395153046
[2023-05-03 04:42:44] Train Epoch: 6 [2400/20000 (12.0%)]	Loss: 0.19596396386623383
[2023-05-03 04:42:44] Train Epoch: 6 [3200/20000 (16.0%)]	Loss: 0.1331930011510849
[2023-05-03 04:42:45] Train Epoch: 6 [4000/20000 (20.0%)]	Loss: 0.30010107159614563
[2023-05-03 04:42:45] Train Epoch: 6 [4800/20000 (24.0%)]	Loss: 0.3277912139892578
[2023-05-03 04:42:45] Train Epoch: 6 [5600/20000 (28.0%)]	Loss: 0.18225699663162231
[2023-05-03 04:42:45] Train Epoch: 6 [6400/20000 (32.0%)]	Loss: 0.3276219666004181
[2023-05-03 04:42:46] Train Epoch: 6 [7200/20000 (36.0%)]	Loss: 0.3226514160633087
[2023-05-03 04:42:46] Train Epoch: 6 [8000/20000 (40.0%)]	Loss: 0.22890350222587585
[2023-05-03 04:42:46] Train Epoch: 6 [8800/20000 (44.0%)]	Loss: 0.15139299631118774
[2023-05-03 04:42:46] Train Epoch: 6 [9600/20000 (48.0%)]	Loss: 0.2900136709213257
[2023-05-03 04:42:47] Train Epoch: 6 [10400/20000 (52.0%)]	Loss: 0.2785017490386963
[2023-05-03 04:42:47] Train Epoch: 6 [11200/20000 (56.0%)]	Loss: 0.12179534882307053
[2023-05-03 04:42:47] Train Epoch: 6 [12000/20000 (60.0%)]	Loss: 0.3478381633758545
[2023-05-03 04:42:48] Train Epoch: 6 [12800/20000 (64.0%)]	Loss: 0.3793299198150635
[2023-05-03 04:42:48] Train Epoch: 6 [13600/20000 (68.0%)]	Loss: 0.24518795311450958
[2023-05-03 04:42:48] Train Epoch: 6 [14400/20000 (72.0%)]	Loss: 0.40803197026252747
[2023-05-03 04:42:48] Train Epoch: 6 [15200/20000 (76.0%)]	Loss: 0.26116418838500977
[2023-05-03 04:42:49] Train Epoch: 6 [16000/20000 (80.0%)]	Loss: 0.19133353233337402
[2023-05-03 04:42:49] Train Epoch: 6 [16800/20000 (84.0%)]	Loss: 0.25030454993247986
[2023-05-03 04:42:49] Train Epoch: 6 [17600/20000 (88.0%)]	Loss: 0.21335971355438232
[2023-05-03 04:42:49] Train Epoch: 6 [18400/20000 (92.0%)]	Loss: 0.22095024585723877
[2023-05-03 04:42:50] Train Epoch: 6 [19200/20000 (96.0%)]	Loss: 0.2719936966896057
[2023-05-03 04:42:54] ========== Metrics ==========
[2023-05-03 04:42:54] {
  "tr_loss": 0.24270717786698237,
  "tr_acc": 0.906040604060406,
  "tr_f1": 0.9061860302561286,
  "val_loss": 0.4545372945840076,
  "val_acc": 0.7939243204832119,
  "val_f1": 0.7945448104852993,
  "test_loss": 0.4988921599659493,
  "test_acc": 0.7831978319783198,
  "test_f1": 0.7802197802197803
}
[2023-05-03 04:42:54] ========== Metrics ==========
[2023-05-03 04:42:55] Train Epoch: 7 [0/20000 (0.0%)]	Loss: 0.1948765218257904
[2023-05-03 04:42:55] Train Epoch: 7 [800/20000 (4.0%)]	Loss: 0.17315034568309784
[2023-05-03 04:42:55] Train Epoch: 7 [1600/20000 (8.0%)]	Loss: 0.34942036867141724
[2023-05-03 04:42:56] Train Epoch: 7 [2400/20000 (12.0%)]	Loss: 0.36380624771118164
[2023-05-03 04:42:56] Train Epoch: 7 [3200/20000 (16.0%)]	Loss: 0.2840454578399658
[2023-05-03 04:42:56] Train Epoch: 7 [4000/20000 (20.0%)]	Loss: 0.3397753834724426
[2023-05-03 04:42:56] Train Epoch: 7 [4800/20000 (24.0%)]	Loss: 0.3084126114845276
[2023-05-03 04:42:57] Train Epoch: 7 [5600/20000 (28.0%)]	Loss: 0.3296191692352295
[2023-05-03 04:42:57] Train Epoch: 7 [6400/20000 (32.0%)]	Loss: 0.2078021764755249
[2023-05-03 04:42:57] Train Epoch: 7 [7200/20000 (36.0%)]	Loss: 0.20880994200706482
[2023-05-03 04:42:58] Train Epoch: 7 [8000/20000 (40.0%)]	Loss: 0.44355854392051697
[2023-05-03 04:42:58] Train Epoch: 7 [8800/20000 (44.0%)]	Loss: 0.47177019715309143
[2023-05-03 04:42:58] Train Epoch: 7 [9600/20000 (48.0%)]	Loss: 0.1752535104751587
[2023-05-03 04:42:58] Train Epoch: 7 [10400/20000 (52.0%)]	Loss: 0.2799329161643982
[2023-05-03 04:42:59] Train Epoch: 7 [11200/20000 (56.0%)]	Loss: 0.4340307414531708
[2023-05-03 04:42:59] Train Epoch: 7 [12000/20000 (60.0%)]	Loss: 0.3249666094779968
[2023-05-03 04:42:59] Train Epoch: 7 [12800/20000 (64.0%)]	Loss: 0.24848584830760956
[2023-05-03 04:43:00] Train Epoch: 7 [13600/20000 (68.0%)]	Loss: 0.20821258425712585
[2023-05-03 04:43:00] Train Epoch: 7 [14400/20000 (72.0%)]	Loss: 0.1638803780078888
[2023-05-03 04:43:00] Train Epoch: 7 [15200/20000 (76.0%)]	Loss: 0.12040882557630539
[2023-05-03 04:43:00] Train Epoch: 7 [16000/20000 (80.0%)]	Loss: 0.1041075810790062
[2023-05-03 04:43:01] Train Epoch: 7 [16800/20000 (84.0%)]	Loss: 0.21350562572479248
[2023-05-03 04:43:01] Train Epoch: 7 [17600/20000 (88.0%)]	Loss: 0.2877987325191498
[2023-05-03 04:43:01] Train Epoch: 7 [18400/20000 (92.0%)]	Loss: 0.1972101777791977
[2023-05-03 04:43:01] Train Epoch: 7 [19200/20000 (96.0%)]	Loss: 0.1955982744693756
[2023-05-03 04:43:05] ========== Metrics ==========
[2023-05-03 04:43:05] {
  "tr_loss": 0.2347896896650677,
  "tr_acc": 0.9087908790879088,
  "tr_f1": 0.9090274314214464,
  "val_loss": 0.45371813735141914,
  "val_acc": 0.7925031089003375,
  "val_f1": 0.7930545712260807,
  "test_loss": 0.47714099974490115,
  "test_acc": 0.7831978319783198,
  "test_f1": 0.7802197802197803
}
[2023-05-03 04:43:05] ========== Metrics ==========
[2023-05-03 04:43:06] Train Epoch: 8 [0/20000 (0.0%)]	Loss: 0.14863485097885132
[2023-05-03 04:43:07] Train Epoch: 8 [800/20000 (4.0%)]	Loss: 0.4800095856189728
[2023-05-03 04:43:07] Train Epoch: 8 [1600/20000 (8.0%)]	Loss: 0.12187457829713821
[2023-05-03 04:43:07] Train Epoch: 8 [2400/20000 (12.0%)]	Loss: 0.191422700881958
[2023-05-03 04:43:08] Train Epoch: 8 [3200/20000 (16.0%)]	Loss: 0.24645806849002838
[2023-05-03 04:43:08] Train Epoch: 8 [4000/20000 (20.0%)]	Loss: 0.3551362454891205
[2023-05-03 04:43:08] Train Epoch: 8 [4800/20000 (24.0%)]	Loss: 0.20693916082382202
[2023-05-03 04:43:08] Train Epoch: 8 [5600/20000 (28.0%)]	Loss: 0.2539467215538025
[2023-05-03 04:43:09] Train Epoch: 8 [6400/20000 (32.0%)]	Loss: 0.3591500222682953
[2023-05-03 04:43:09] Train Epoch: 8 [7200/20000 (36.0%)]	Loss: 0.24684637784957886
[2023-05-03 04:43:09] Train Epoch: 8 [8000/20000 (40.0%)]	Loss: 0.28534165024757385
[2023-05-03 04:43:10] Train Epoch: 8 [8800/20000 (44.0%)]	Loss: 0.2271474152803421
[2023-05-03 04:43:10] Train Epoch: 8 [9600/20000 (48.0%)]	Loss: 0.20044313371181488
[2023-05-03 04:43:10] Train Epoch: 8 [10400/20000 (52.0%)]	Loss: 0.17097380757331848
[2023-05-03 04:43:10] Train Epoch: 8 [11200/20000 (56.0%)]	Loss: 0.15989477932453156
[2023-05-03 04:43:11] Train Epoch: 8 [12000/20000 (60.0%)]	Loss: 0.25380179286003113
[2023-05-03 04:43:11] Train Epoch: 8 [12800/20000 (64.0%)]	Loss: 0.11709235608577728
[2023-05-03 04:43:11] Train Epoch: 8 [13600/20000 (68.0%)]	Loss: 0.12328565120697021
[2023-05-03 04:43:12] Train Epoch: 8 [14400/20000 (72.0%)]	Loss: 0.28297603130340576
[2023-05-03 04:43:12] Train Epoch: 8 [15200/20000 (76.0%)]	Loss: 0.1354362517595291
[2023-05-03 04:43:12] Train Epoch: 8 [16000/20000 (80.0%)]	Loss: 0.20062027871608734
[2023-05-03 04:43:12] Train Epoch: 8 [16800/20000 (84.0%)]	Loss: 0.21384958922863007
[2023-05-03 04:43:13] Train Epoch: 8 [17600/20000 (88.0%)]	Loss: 0.1881701946258545
[2023-05-03 04:43:13] Train Epoch: 8 [18400/20000 (92.0%)]	Loss: 0.15646003186702728
[2023-05-03 04:43:13] Train Epoch: 8 [19200/20000 (96.0%)]	Loss: 0.3478130102157593
[2023-05-03 04:43:17] ========== Metrics ==========
[2023-05-03 04:43:17] {
  "tr_loss": 0.22395799850950193,
  "tr_acc": 0.9150415041504151,
  "tr_f1": 0.915164527887352,
  "val_loss": 0.4522087640503114,
  "val_acc": 0.7930360632439154,
  "val_f1": 0.7936226749335696,
  "test_loss": 0.47939958740379107,
  "test_acc": 0.7859078590785907,
  "test_f1": 0.7823691460055097
}
[2023-05-03 04:43:17] ========== Metrics ==========
[2023-05-03 04:43:18] Train Epoch: 9 [0/20000 (0.0%)]	Loss: 0.2134198695421219
[2023-05-03 04:43:19] Train Epoch: 9 [800/20000 (4.0%)]	Loss: 0.22872626781463623
[2023-05-03 04:43:19] Train Epoch: 9 [1600/20000 (8.0%)]	Loss: 0.27413585782051086
[2023-05-03 04:43:19] Train Epoch: 9 [2400/20000 (12.0%)]	Loss: 0.22620919346809387
[2023-05-03 04:43:19] Train Epoch: 9 [3200/20000 (16.0%)]	Loss: 0.2749626040458679
[2023-05-03 04:43:20] Train Epoch: 9 [4000/20000 (20.0%)]	Loss: 0.18481244146823883
[2023-05-03 04:43:20] Train Epoch: 9 [4800/20000 (24.0%)]	Loss: 0.15880727767944336
[2023-05-03 04:43:20] Train Epoch: 9 [5600/20000 (28.0%)]	Loss: 0.20462864637374878
[2023-05-03 04:43:21] Train Epoch: 9 [6400/20000 (32.0%)]	Loss: 0.24572916328907013
[2023-05-03 04:43:21] Train Epoch: 9 [7200/20000 (36.0%)]	Loss: 0.24297969043254852
[2023-05-03 04:43:21] Train Epoch: 9 [8000/20000 (40.0%)]	Loss: 0.09894783794879913
[2023-05-03 04:43:21] Train Epoch: 9 [8800/20000 (44.0%)]	Loss: 0.3525206446647644
[2023-05-03 04:43:22] Train Epoch: 9 [9600/20000 (48.0%)]	Loss: 0.24874557554721832
[2023-05-03 04:43:22] Train Epoch: 9 [10400/20000 (52.0%)]	Loss: 0.2323063760995865
[2023-05-03 04:43:22] Train Epoch: 9 [11200/20000 (56.0%)]	Loss: 0.2602357566356659
[2023-05-03 04:43:22] Train Epoch: 9 [12000/20000 (60.0%)]	Loss: 0.17089679837226868
[2023-05-03 04:43:23] Train Epoch: 9 [12800/20000 (64.0%)]	Loss: 0.1223023310303688
[2023-05-03 04:43:23] Train Epoch: 9 [13600/20000 (68.0%)]	Loss: 0.1825752705335617
[2023-05-03 04:43:23] Train Epoch: 9 [14400/20000 (72.0%)]	Loss: 0.09037736803293228
[2023-05-03 04:43:24] Train Epoch: 9 [15200/20000 (76.0%)]	Loss: 0.31105008721351624
[2023-05-03 04:43:24] Train Epoch: 9 [16000/20000 (80.0%)]	Loss: 0.09734297543764114
[2023-05-03 04:43:24] Train Epoch: 9 [16800/20000 (84.0%)]	Loss: 0.39629122614860535
[2023-05-03 04:43:24] Train Epoch: 9 [17600/20000 (88.0%)]	Loss: 0.19115929305553436
[2023-05-03 04:43:25] Train Epoch: 9 [18400/20000 (92.0%)]	Loss: 0.29571646451950073
[2023-05-03 04:43:25] Train Epoch: 9 [19200/20000 (96.0%)]	Loss: 0.10202143341302872
[2023-05-03 04:43:29] ========== Metrics ==========
[2023-05-03 04:43:29] {
  "tr_loss": 0.2205526218621513,
  "tr_acc": 0.9142914291429143,
  "tr_f1": 0.9144454427473296,
  "val_loss": 0.45122074720850636,
  "val_acc": 0.7925031089003375,
  "val_f1": 0.7929078014184398,
  "test_loss": 0.5077384015732018,
  "test_acc": 0.7831978319783198,
  "test_f1": 0.7790055248618785
}
[2023-05-03 04:43:29] ========== Metrics ==========
[2023-05-03 04:43:30] Train Epoch: 10 [0/20000 (0.0%)]	Loss: 0.3308089077472687
[2023-05-03 04:43:30] Train Epoch: 10 [800/20000 (4.0%)]	Loss: 0.08672654628753662
[2023-05-03 04:43:30] Train Epoch: 10 [1600/20000 (8.0%)]	Loss: 0.167876735329628
[2023-05-03 04:43:31] Train Epoch: 10 [2400/20000 (12.0%)]	Loss: 0.2684400677680969
[2023-05-03 04:43:31] Train Epoch: 10 [3200/20000 (16.0%)]	Loss: 0.15699224174022675
[2023-05-03 04:43:31] Train Epoch: 10 [4000/20000 (20.0%)]	Loss: 0.32322368025779724
[2023-05-03 04:43:31] Train Epoch: 10 [4800/20000 (24.0%)]	Loss: 0.3957069516181946
[2023-05-03 04:43:32] Train Epoch: 10 [5600/20000 (28.0%)]	Loss: 0.216621533036232
[2023-05-03 04:43:32] Train Epoch: 10 [6400/20000 (32.0%)]	Loss: 0.39639729261398315
[2023-05-03 04:43:32] Train Epoch: 10 [7200/20000 (36.0%)]	Loss: 0.10819222778081894
[2023-05-03 04:43:33] Train Epoch: 10 [8000/20000 (40.0%)]	Loss: 0.23714523017406464
[2023-05-03 04:43:33] Train Epoch: 10 [8800/20000 (44.0%)]	Loss: 0.13325920701026917
[2023-05-03 04:43:33] Train Epoch: 10 [9600/20000 (48.0%)]	Loss: 0.13503925502300262
[2023-05-03 04:43:33] Train Epoch: 10 [10400/20000 (52.0%)]	Loss: 0.2102818638086319
[2023-05-03 04:43:34] Train Epoch: 10 [11200/20000 (56.0%)]	Loss: 0.2512025833129883
[2023-05-03 04:43:34] Train Epoch: 10 [12000/20000 (60.0%)]	Loss: 0.117543064057827
[2023-05-03 04:43:34] Train Epoch: 10 [12800/20000 (64.0%)]	Loss: 0.23539651930332184
[2023-05-03 04:43:35] Train Epoch: 10 [13600/20000 (68.0%)]	Loss: 0.13778488337993622
[2023-05-03 04:43:35] Train Epoch: 10 [14400/20000 (72.0%)]	Loss: 0.1089937835931778
[2023-05-03 04:43:35] Train Epoch: 10 [15200/20000 (76.0%)]	Loss: 0.22700545191764832
[2023-05-03 04:43:35] Train Epoch: 10 [16000/20000 (80.0%)]	Loss: 0.38730770349502563
[2023-05-03 04:43:36] Train Epoch: 10 [16800/20000 (84.0%)]	Loss: 0.23356764018535614
[2023-05-03 04:43:36] Train Epoch: 10 [17600/20000 (88.0%)]	Loss: 0.2067480832338333
[2023-05-03 04:43:36] Train Epoch: 10 [18400/20000 (92.0%)]	Loss: 0.1557975858449936
[2023-05-03 04:43:37] Train Epoch: 10 [19200/20000 (96.0%)]	Loss: 0.17042353749275208
[2023-05-03 04:43:40] ========== Metrics ==========
[2023-05-03 04:43:40] {
  "tr_loss": 0.2166361927580793,
  "tr_acc": 0.9163416341634163,
  "tr_f1": 0.9166791174859306,
  "val_loss": 0.45024135845934526,
  "val_acc": 0.7937466690353526,
  "val_f1": 0.7934531222202454,
  "test_loss": 0.5076596084325941,
  "test_acc": 0.7831978319783198,
  "test_f1": 0.7790055248618785
}
[2023-05-03 04:43:40] ========== Metrics ==========
[2023-05-03 04:43:41] Train Epoch: 11 [0/20000 (0.0%)]	Loss: 0.1271485835313797
[2023-05-03 04:43:42] Train Epoch: 11 [800/20000 (4.0%)]	Loss: 0.13132929801940918
[2023-05-03 04:43:42] Train Epoch: 11 [1600/20000 (8.0%)]	Loss: 0.14621368050575256
[2023-05-03 04:43:42] Train Epoch: 11 [2400/20000 (12.0%)]	Loss: 0.19921119511127472
[2023-05-03 04:43:43] Train Epoch: 11 [3200/20000 (16.0%)]	Loss: 0.3025074601173401
[2023-05-03 04:43:43] Train Epoch: 11 [4000/20000 (20.0%)]	Loss: 0.360784113407135
[2023-05-03 04:43:43] Train Epoch: 11 [4800/20000 (24.0%)]	Loss: 0.0979497879743576
[2023-05-03 04:43:43] Train Epoch: 11 [5600/20000 (28.0%)]	Loss: 0.1520974487066269
[2023-05-03 04:43:44] Train Epoch: 11 [6400/20000 (32.0%)]	Loss: 0.1307060420513153
[2023-05-03 04:43:44] Train Epoch: 11 [7200/20000 (36.0%)]	Loss: 0.13397003710269928
[2023-05-03 04:43:44] Train Epoch: 11 [8000/20000 (40.0%)]	Loss: 0.39641574025154114
[2023-05-03 04:43:44] Train Epoch: 11 [8800/20000 (44.0%)]	Loss: 0.19958187639713287
[2023-05-03 04:43:45] Train Epoch: 11 [9600/20000 (48.0%)]	Loss: 0.24980901181697845
[2023-05-03 04:43:45] Train Epoch: 11 [10400/20000 (52.0%)]	Loss: 0.24754151701927185
[2023-05-03 04:43:45] Train Epoch: 11 [11200/20000 (56.0%)]	Loss: 0.2647140622138977
[2023-05-03 04:43:46] Train Epoch: 11 [12000/20000 (60.0%)]	Loss: 0.41643962264060974
[2023-05-03 04:43:46] Train Epoch: 11 [12800/20000 (64.0%)]	Loss: 0.3221261501312256
[2023-05-03 04:43:46] Train Epoch: 11 [13600/20000 (68.0%)]	Loss: 0.14329032599925995
[2023-05-03 04:43:47] Train Epoch: 11 [14400/20000 (72.0%)]	Loss: 0.345212459564209
[2023-05-03 04:43:47] Train Epoch: 11 [15200/20000 (76.0%)]	Loss: 0.30947741866111755
[2023-05-03 04:43:47] Train Epoch: 11 [16000/20000 (80.0%)]	Loss: 0.22525085508823395
[2023-05-03 04:43:47] Train Epoch: 11 [16800/20000 (84.0%)]	Loss: 0.2803415358066559
[2023-05-03 04:43:48] Train Epoch: 11 [17600/20000 (88.0%)]	Loss: 0.5030488967895508
[2023-05-03 04:43:48] Train Epoch: 11 [18400/20000 (92.0%)]	Loss: 0.201992928981781
[2023-05-03 04:43:48] Train Epoch: 11 [19200/20000 (96.0%)]	Loss: 0.31612512469291687
[2023-05-03 04:43:52] ========== Metrics ==========
[2023-05-03 04:43:52] {
  "tr_loss": 0.21491363464575886,
  "tr_acc": 0.9161916191619162,
  "tr_f1": 0.9165338645418327,
  "val_loss": 0.4502165264167589,
  "val_acc": 0.7941019719310712,
  "val_f1": 0.793735540131696,
  "test_loss": 0.502430136610822,
  "test_acc": 0.7831978319783198,
  "test_f1": 0.7790055248618785
}
[2023-05-03 04:43:52] ========== Metrics ==========
[2023-05-03 04:43:53] Train Epoch: 12 [0/20000 (0.0%)]	Loss: 0.1506415605545044
[2023-05-03 04:43:53] Train Epoch: 12 [800/20000 (4.0%)]	Loss: 0.18495455384254456
[2023-05-03 04:43:54] Train Epoch: 12 [1600/20000 (8.0%)]	Loss: 0.0873575359582901
[2023-05-03 04:43:54] Train Epoch: 12 [2400/20000 (12.0%)]	Loss: 0.16478164494037628
[2023-05-03 04:43:54] Train Epoch: 12 [3200/20000 (16.0%)]	Loss: 0.16021795570850372
[2023-05-03 04:43:54] Train Epoch: 12 [4000/20000 (20.0%)]	Loss: 0.31036585569381714
[2023-05-03 04:43:55] Train Epoch: 12 [4800/20000 (24.0%)]	Loss: 0.2826838195323944
[2023-05-03 04:43:55] Train Epoch: 12 [5600/20000 (28.0%)]	Loss: 0.2719797194004059
[2023-05-03 04:43:55] Train Epoch: 12 [6400/20000 (32.0%)]	Loss: 0.23988324403762817
[2023-05-03 04:43:56] Train Epoch: 12 [7200/20000 (36.0%)]	Loss: 0.2800438702106476
[2023-05-03 04:43:56] Train Epoch: 12 [8000/20000 (40.0%)]	Loss: 0.31806403398513794
[2023-05-03 04:43:56] Train Epoch: 12 [8800/20000 (44.0%)]	Loss: 0.15484899282455444
[2023-05-03 04:43:56] Train Epoch: 12 [9600/20000 (48.0%)]	Loss: 0.12130451947450638
[2023-05-03 04:43:57] Train Epoch: 12 [10400/20000 (52.0%)]	Loss: 0.3369944095611572
[2023-05-03 04:43:57] Train Epoch: 12 [11200/20000 (56.0%)]	Loss: 0.1555330604314804
[2023-05-03 04:43:57] Train Epoch: 12 [12000/20000 (60.0%)]	Loss: 0.42627668380737305
[2023-05-03 04:43:58] Train Epoch: 12 [12800/20000 (64.0%)]	Loss: 0.10901255905628204
[2023-05-03 04:43:58] Train Epoch: 12 [13600/20000 (68.0%)]	Loss: 0.3122095763683319
[2023-05-03 04:43:58] Train Epoch: 12 [14400/20000 (72.0%)]	Loss: 0.32989421486854553
[2023-05-03 04:43:58] Train Epoch: 12 [15200/20000 (76.0%)]	Loss: 0.1033383160829544
[2023-05-03 04:43:59] Train Epoch: 12 [16000/20000 (80.0%)]	Loss: 0.21136686205863953
[2023-05-03 04:43:59] Train Epoch: 12 [16800/20000 (84.0%)]	Loss: 0.35546424984931946
[2023-05-03 04:43:59] Train Epoch: 12 [17600/20000 (88.0%)]	Loss: 0.15280111134052277
[2023-05-03 04:43:59] Train Epoch: 12 [18400/20000 (92.0%)]	Loss: 0.20478765666484833
[2023-05-03 04:44:00] Train Epoch: 12 [19200/20000 (96.0%)]	Loss: 0.07572098076343536
[2023-05-03 04:44:04] ========== Metrics ==========
[2023-05-03 04:44:04] {
  "tr_loss": 0.21271978004692388,
  "tr_acc": 0.9174917491749175,
  "tr_f1": 0.917754959625162,
  "val_loss": 0.45019276300106026,
  "val_acc": 0.7942796233789305,
  "val_f1": 0.7939501779359431,
  "test_loss": 0.4808029269138326,
  "test_acc": 0.7831978319783198,
  "test_f1": 0.7790055248618785
}
[2023-05-03 04:44:04] ========== Metrics ==========
[2023-05-03 04:44:05] Train Epoch: 13 [0/20000 (0.0%)]	Loss: 0.10223566740751266
[2023-05-03 04:44:05] Train Epoch: 13 [800/20000 (4.0%)]	Loss: 0.19381150603294373
[2023-05-03 04:44:05] Train Epoch: 13 [1600/20000 (8.0%)]	Loss: 0.3118900656700134
[2023-05-03 04:44:06] Train Epoch: 13 [2400/20000 (12.0%)]	Loss: 0.19690825045108795
[2023-05-03 04:44:06] Train Epoch: 13 [3200/20000 (16.0%)]	Loss: 0.17201438546180725
[2023-05-03 04:44:06] Train Epoch: 13 [4000/20000 (20.0%)]	Loss: 0.1855160892009735
[2023-05-03 04:44:07] Train Epoch: 13 [4800/20000 (24.0%)]	Loss: 0.17609131336212158
[2023-05-03 04:44:07] Train Epoch: 13 [5600/20000 (28.0%)]	Loss: 0.0926491841673851
[2023-05-03 04:44:07] Train Epoch: 13 [6400/20000 (32.0%)]	Loss: 0.20977380871772766
[2023-05-03 04:44:07] Train Epoch: 13 [7200/20000 (36.0%)]	Loss: 0.2679302990436554
[2023-05-03 04:44:08] Train Epoch: 13 [8000/20000 (40.0%)]	Loss: 0.265042245388031
[2023-05-03 04:44:08] Train Epoch: 13 [8800/20000 (44.0%)]	Loss: 0.10598081350326538
[2023-05-03 04:44:08] Train Epoch: 13 [9600/20000 (48.0%)]	Loss: 0.10635063797235489
[2023-05-03 04:44:08] Train Epoch: 13 [10400/20000 (52.0%)]	Loss: 0.31770119071006775
[2023-05-03 04:44:09] Train Epoch: 13 [11200/20000 (56.0%)]	Loss: 0.257720947265625
[2023-05-03 04:44:09] Train Epoch: 13 [12000/20000 (60.0%)]	Loss: 0.13138669729232788
[2023-05-03 04:44:09] Train Epoch: 13 [12800/20000 (64.0%)]	Loss: 0.1266947239637375
[2023-05-03 04:44:10] Train Epoch: 13 [13600/20000 (68.0%)]	Loss: 0.24104563891887665
[2023-05-03 04:44:10] Train Epoch: 13 [14400/20000 (72.0%)]	Loss: 0.3715564012527466
[2023-05-03 04:44:10] Train Epoch: 13 [15200/20000 (76.0%)]	Loss: 0.05265403166413307
[2023-05-03 04:44:10] Train Epoch: 13 [16000/20000 (80.0%)]	Loss: 0.12143656611442566
[2023-05-03 04:44:11] Train Epoch: 13 [16800/20000 (84.0%)]	Loss: 0.03951584920287132
[2023-05-03 04:44:11] Train Epoch: 13 [17600/20000 (88.0%)]	Loss: 0.1575988531112671
[2023-05-03 04:44:11] Train Epoch: 13 [18400/20000 (92.0%)]	Loss: 0.40710392594337463
[2023-05-03 04:44:12] Train Epoch: 13 [19200/20000 (96.0%)]	Loss: 0.15161831676959991
[2023-05-03 04:44:16] ========== Metrics ==========
[2023-05-03 04:44:16] {
  "tr_loss": 0.20581808433209386,
  "tr_acc": 0.9206920692069207,
  "tr_f1": 0.9212825094302163,
  "val_loss": 0.44999388454862166,
  "val_acc": 0.7946349262746492,
  "val_f1": 0.7940862130388315,
  "test_loss": 0.4760105621200913,
  "test_acc": 0.7831978319783198,
  "test_f1": 0.7790055248618785
}
[2023-05-03 04:44:16] ========== Metrics ==========
[2023-05-03 04:44:17] Train Epoch: 14 [0/20000 (0.0%)]	Loss: 0.31766483187675476
[2023-05-03 04:44:17] Train Epoch: 14 [800/20000 (4.0%)]	Loss: 0.18759150803089142
[2023-05-03 04:44:17] Train Epoch: 14 [1600/20000 (8.0%)]	Loss: 0.4494154155254364
[2023-05-03 04:44:17] Train Epoch: 14 [2400/20000 (12.0%)]	Loss: 0.2805527448654175
[2023-05-03 04:44:18] Train Epoch: 14 [3200/20000 (16.0%)]	Loss: 0.31433653831481934
[2023-05-03 04:44:18] Train Epoch: 14 [4000/20000 (20.0%)]	Loss: 0.11475933343172073
[2023-05-03 04:44:18] Train Epoch: 14 [4800/20000 (24.0%)]	Loss: 0.19357438385486603
[2023-05-03 04:44:19] Train Epoch: 14 [5600/20000 (28.0%)]	Loss: 0.2512300908565521
[2023-05-03 04:44:19] Train Epoch: 14 [6400/20000 (32.0%)]	Loss: 0.14967966079711914
[2023-05-03 04:44:19] Train Epoch: 14 [7200/20000 (36.0%)]	Loss: 0.18899297714233398
[2023-05-03 04:44:19] Train Epoch: 14 [8000/20000 (40.0%)]	Loss: 0.2956237494945526
[2023-05-03 04:44:20] Train Epoch: 14 [8800/20000 (44.0%)]	Loss: 0.3954193890094757
[2023-05-03 04:44:20] Train Epoch: 14 [9600/20000 (48.0%)]	Loss: 0.22229762375354767
[2023-05-03 04:44:20] Train Epoch: 14 [10400/20000 (52.0%)]	Loss: 0.10723990947008133
[2023-05-03 04:44:21] Train Epoch: 14 [11200/20000 (56.0%)]	Loss: 0.2203037142753601
[2023-05-03 04:44:21] Train Epoch: 14 [12000/20000 (60.0%)]	Loss: 0.24467730522155762
[2023-05-03 04:44:21] Train Epoch: 14 [12800/20000 (64.0%)]	Loss: 0.14794141054153442
[2023-05-03 04:44:21] Train Epoch: 14 [13600/20000 (68.0%)]	Loss: 0.09660385549068451
[2023-05-03 04:44:22] Train Epoch: 14 [14400/20000 (72.0%)]	Loss: 0.23213757574558258
[2023-05-03 04:44:22] Train Epoch: 14 [15200/20000 (76.0%)]	Loss: 0.141945943236351
[2023-05-03 04:44:22] Train Epoch: 14 [16000/20000 (80.0%)]	Loss: 0.30002275109291077
[2023-05-03 04:44:23] Train Epoch: 14 [16800/20000 (84.0%)]	Loss: 0.11238066852092743
[2023-05-03 04:44:23] Train Epoch: 14 [17600/20000 (88.0%)]	Loss: 0.12454519420862198
[2023-05-03 04:44:23] Train Epoch: 14 [18400/20000 (92.0%)]	Loss: 0.3007323741912842
[2023-05-03 04:44:23] Train Epoch: 14 [19200/20000 (96.0%)]	Loss: 0.11020299792289734
[2023-05-03 04:44:27] ========== Metrics ==========
[2023-05-03 04:44:27] {
  "tr_loss": 0.21350861116848846,
  "tr_acc": 0.9158415841584159,
  "tr_f1": 0.9161226015449788,
  "val_loss": 0.4499132409149132,
  "val_acc": 0.7948125777225085,
  "val_f1": 0.7940809413442682,
  "test_loss": 0.49333724742982443,
  "test_acc": 0.7831978319783198,
  "test_f1": 0.7790055248618785
}
[2023-05-03 04:44:27] ========== Metrics ==========
[2023-05-03 04:44:28] Train Epoch: 15 [0/20000 (0.0%)]	Loss: 0.2370998114347458
[2023-05-03 04:44:29] Train Epoch: 15 [800/20000 (4.0%)]	Loss: 0.25607675313949585
[2023-05-03 04:44:29] Train Epoch: 15 [1600/20000 (8.0%)]	Loss: 0.1386098563671112
[2023-05-03 04:44:29] Train Epoch: 15 [2400/20000 (12.0%)]	Loss: 0.262778639793396
[2023-05-03 04:44:29] Train Epoch: 15 [3200/20000 (16.0%)]	Loss: 0.0809483453631401
[2023-05-03 04:44:30] Train Epoch: 15 [4000/20000 (20.0%)]	Loss: 0.36544349789619446
[2023-05-03 04:44:30] Train Epoch: 15 [4800/20000 (24.0%)]	Loss: 0.11454694718122482
[2023-05-03 04:44:30] Train Epoch: 15 [5600/20000 (28.0%)]	Loss: 0.1487341672182083
[2023-05-03 04:44:30] Train Epoch: 15 [6400/20000 (32.0%)]	Loss: 0.28628507256507874
[2023-05-03 04:44:31] Train Epoch: 15 [7200/20000 (36.0%)]	Loss: 0.1383102983236313
[2023-05-03 04:44:31] Train Epoch: 15 [8000/20000 (40.0%)]	Loss: 0.3219113349914551
[2023-05-03 04:44:31] Train Epoch: 15 [8800/20000 (44.0%)]	Loss: 0.10364881902933121
[2023-05-03 04:44:31] Train Epoch: 15 [9600/20000 (48.0%)]	Loss: 0.17391224205493927
[2023-05-03 04:44:32] Train Epoch: 15 [10400/20000 (52.0%)]	Loss: 0.12870916724205017
[2023-05-03 04:44:32] Train Epoch: 15 [11200/20000 (56.0%)]	Loss: 0.21040721237659454
[2023-05-03 04:44:32] Train Epoch: 15 [12000/20000 (60.0%)]	Loss: 0.196588933467865
[2023-05-03 04:44:32] Train Epoch: 15 [12800/20000 (64.0%)]	Loss: 0.18825078010559082
[2023-05-03 04:44:33] Train Epoch: 15 [13600/20000 (68.0%)]	Loss: 0.08948620408773422
[2023-05-03 04:44:33] Train Epoch: 15 [14400/20000 (72.0%)]	Loss: 0.24047040939331055
[2023-05-03 04:44:33] Train Epoch: 15 [15200/20000 (76.0%)]	Loss: 0.13813695311546326
[2023-05-03 04:44:34] Train Epoch: 15 [16000/20000 (80.0%)]	Loss: 0.15651175379753113
[2023-05-03 04:44:34] Train Epoch: 15 [16800/20000 (84.0%)]	Loss: 0.08196250349283218
[2023-05-03 04:44:34] Train Epoch: 15 [17600/20000 (88.0%)]	Loss: 0.23168909549713135
[2023-05-03 04:44:34] Train Epoch: 15 [18400/20000 (92.0%)]	Loss: 0.19570310413837433
[2023-05-03 04:44:35] Train Epoch: 15 [19200/20000 (96.0%)]	Loss: 0.15190264582633972
[2023-05-03 04:44:39] ========== Metrics ==========
[2023-05-03 04:44:39] {
  "tr_loss": 0.20533293260760468,
  "tr_acc": 0.921992199219922,
  "tr_f1": 0.9224883235615621,
  "val_loss": 0.4498746615359194,
  "val_acc": 0.7948125777225085,
  "val_f1": 0.7940809413442682,
  "test_loss": 0.5165013827605622,
  "test_acc": 0.7804878048780488,
  "test_f1": 0.7756232686980609
}
[2023-05-03 04:44:39] ========== Metrics ==========
[2023-05-03 04:44:40] Train Epoch: 16 [0/20000 (0.0%)]	Loss: 0.09595155715942383
[2023-05-03 04:44:40] Train Epoch: 16 [800/20000 (4.0%)]	Loss: 0.3049522638320923
[2023-05-03 04:44:40] Train Epoch: 16 [1600/20000 (8.0%)]	Loss: 0.21756334602832794
[2023-05-03 04:44:40] Train Epoch: 16 [2400/20000 (12.0%)]	Loss: 0.2850755751132965
[2023-05-03 04:44:41] Train Epoch: 16 [3200/20000 (16.0%)]	Loss: 0.29299139976501465
[2023-05-03 04:44:41] Train Epoch: 16 [4000/20000 (20.0%)]	Loss: 0.22118107974529266
[2023-05-03 04:44:41] Train Epoch: 16 [4800/20000 (24.0%)]	Loss: 0.06236211210489273
[2023-05-03 04:44:42] Train Epoch: 16 [5600/20000 (28.0%)]	Loss: 0.37359166145324707
[2023-05-03 04:44:42] Train Epoch: 16 [6400/20000 (32.0%)]	Loss: 0.10662610828876495
[2023-05-03 04:44:42] Train Epoch: 16 [7200/20000 (36.0%)]	Loss: 0.11240854859352112
[2023-05-03 04:44:42] Train Epoch: 16 [8000/20000 (40.0%)]	Loss: 0.1149255782365799
[2023-05-03 04:44:43] Train Epoch: 16 [8800/20000 (44.0%)]	Loss: 0.1526418924331665
[2023-05-03 04:44:43] Train Epoch: 16 [9600/20000 (48.0%)]	Loss: 0.10787278413772583
[2023-05-03 04:44:43] Train Epoch: 16 [10400/20000 (52.0%)]	Loss: 0.21355578303337097
[2023-05-03 04:44:43] Train Epoch: 16 [11200/20000 (56.0%)]	Loss: 0.2683197557926178
[2023-05-03 04:44:44] Train Epoch: 16 [12000/20000 (60.0%)]	Loss: 0.27102693915367126
[2023-05-03 04:44:44] Train Epoch: 16 [12800/20000 (64.0%)]	Loss: 0.11202637106180191
[2023-05-03 04:44:44] Train Epoch: 16 [13600/20000 (68.0%)]	Loss: 0.2254054695367813
[2023-05-03 04:44:45] Train Epoch: 16 [14400/20000 (72.0%)]	Loss: 0.08216563612222672
[2023-05-03 04:44:45] Train Epoch: 16 [15200/20000 (76.0%)]	Loss: 0.08431562036275864
[2023-05-03 04:44:45] Train Epoch: 16 [16000/20000 (80.0%)]	Loss: 0.20197421312332153
[2023-05-03 04:44:45] Train Epoch: 16 [16800/20000 (84.0%)]	Loss: 0.23350656032562256
[2023-05-03 04:44:46] Train Epoch: 16 [17600/20000 (88.0%)]	Loss: 0.2552359402179718
[2023-05-03 04:44:46] Train Epoch: 16 [18400/20000 (92.0%)]	Loss: 0.35494184494018555
[2023-05-03 04:44:46] Train Epoch: 16 [19200/20000 (96.0%)]	Loss: 0.1812904328107834
[2023-05-03 04:44:50] ========== Metrics ==========
[2023-05-03 04:44:50] {
  "tr_loss": 0.20607047297558984,
  "tr_acc": 0.9226422642264226,
  "tr_f1": 0.9227542817196784,
  "val_loss": 0.44978156151621607,
  "val_acc": 0.7948125777225085,
  "val_f1": 0.7940809413442682,
  "test_loss": 0.4807553200863887,
  "test_acc": 0.7831978319783198,
  "test_f1": 0.7790055248618785
}
[2023-05-03 04:44:50] ========== Metrics ==========
[2023-05-03 04:44:51] Train Epoch: 17 [0/20000 (0.0%)]	Loss: 0.23285141587257385
[2023-05-03 04:44:51] Train Epoch: 17 [800/20000 (4.0%)]	Loss: 0.22510366141796112
[2023-05-03 04:44:52] Train Epoch: 17 [1600/20000 (8.0%)]	Loss: 0.21551352739334106
[2023-05-03 04:44:52] Train Epoch: 17 [2400/20000 (12.0%)]	Loss: 0.16111095249652863
[2023-05-03 04:44:52] Train Epoch: 17 [3200/20000 (16.0%)]	Loss: 0.2829761207103729
[2023-05-03 04:44:53] Train Epoch: 17 [4000/20000 (20.0%)]	Loss: 0.2839564085006714
[2023-05-03 04:44:53] Train Epoch: 17 [4800/20000 (24.0%)]	Loss: 0.225674107670784
[2023-05-03 04:44:53] Train Epoch: 17 [5600/20000 (28.0%)]	Loss: 0.07860185205936432
[2023-05-03 04:44:53] Train Epoch: 17 [6400/20000 (32.0%)]	Loss: 0.22218389809131622
[2023-05-03 04:44:54] Train Epoch: 17 [7200/20000 (36.0%)]	Loss: 0.17360007762908936
[2023-05-03 04:44:54] Train Epoch: 17 [8000/20000 (40.0%)]	Loss: 0.22283035516738892
[2023-05-03 04:44:54] Train Epoch: 17 [8800/20000 (44.0%)]	Loss: 0.2204948514699936
[2023-05-03 04:44:54] Train Epoch: 17 [9600/20000 (48.0%)]	Loss: 0.15555541217327118
[2023-05-03 04:44:55] Train Epoch: 17 [10400/20000 (52.0%)]	Loss: 0.1292097270488739
[2023-05-03 04:44:55] Train Epoch: 17 [11200/20000 (56.0%)]	Loss: 0.09237411618232727
[2023-05-03 04:44:55] Train Epoch: 17 [12000/20000 (60.0%)]	Loss: 0.1222814992070198
[2023-05-03 04:44:56] Train Epoch: 17 [12800/20000 (64.0%)]	Loss: 0.25048553943634033
[2023-05-03 04:44:56] Train Epoch: 17 [13600/20000 (68.0%)]	Loss: 0.08899074047803879
[2023-05-03 04:44:56] Train Epoch: 17 [14400/20000 (72.0%)]	Loss: 0.17216257750988007
[2023-05-03 04:44:56] Train Epoch: 17 [15200/20000 (76.0%)]	Loss: 0.18939737975597382
[2023-05-03 04:44:57] Train Epoch: 17 [16000/20000 (80.0%)]	Loss: 0.12679672241210938
[2023-05-03 04:44:57] Train Epoch: 17 [16800/20000 (84.0%)]	Loss: 0.23205552995204926
[2023-05-03 04:44:57] Train Epoch: 17 [17600/20000 (88.0%)]	Loss: 0.17142635583877563
[2023-05-03 04:44:58] Train Epoch: 17 [18400/20000 (92.0%)]	Loss: 0.1286240667104721
[2023-05-03 04:44:58] Train Epoch: 17 [19200/20000 (96.0%)]	Loss: 0.21503017842769623
[2023-05-03 04:45:02] ========== Metrics ==========
[2023-05-03 04:45:02] {
  "tr_loss": 0.20638896914908547,
  "tr_acc": 0.9217421742174218,
  "tr_f1": 0.9221509227478485,
  "val_loss": 0.44981713776987425,
  "val_acc": 0.7948125777225085,
  "val_f1": 0.7940809413442682,
  "test_loss": 0.47657311172666267,
  "test_acc": 0.7804878048780488,
  "test_f1": 0.7756232686980609
}
[2023-05-03 04:45:02] ========== Metrics ==========
[2023-05-03 04:45:03] Train Epoch: 18 [0/20000 (0.0%)]	Loss: 0.11444630473852158
[2023-05-03 04:45:03] Train Epoch: 18 [800/20000 (4.0%)]	Loss: 0.14883802831172943
[2023-05-03 04:45:03] Train Epoch: 18 [1600/20000 (8.0%)]	Loss: 0.10142195969820023
[2023-05-03 04:45:04] Train Epoch: 18 [2400/20000 (12.0%)]	Loss: 0.3172144591808319
[2023-05-03 04:45:04] Train Epoch: 18 [3200/20000 (16.0%)]	Loss: 0.1695908010005951
[2023-05-03 04:45:04] Train Epoch: 18 [4000/20000 (20.0%)]	Loss: 0.10437675565481186
[2023-05-03 04:45:05] Train Epoch: 18 [4800/20000 (24.0%)]	Loss: 0.3405148684978485
[2023-05-03 04:45:05] Train Epoch: 18 [5600/20000 (28.0%)]	Loss: 0.10579561442136765
[2023-05-03 04:45:05] Train Epoch: 18 [6400/20000 (32.0%)]	Loss: 0.1796139031648636
[2023-05-03 04:45:05] Train Epoch: 18 [7200/20000 (36.0%)]	Loss: 0.1525186449289322
[2023-05-03 04:45:06] Train Epoch: 18 [8000/20000 (40.0%)]	Loss: 0.10652416199445724
[2023-05-03 04:45:06] Train Epoch: 18 [8800/20000 (44.0%)]	Loss: 0.1293836385011673
[2023-05-03 04:45:06] Train Epoch: 18 [9600/20000 (48.0%)]	Loss: 0.15351179242134094
[2023-05-03 04:45:06] Train Epoch: 18 [10400/20000 (52.0%)]	Loss: 0.18886341154575348
[2023-05-03 04:45:07] Train Epoch: 18 [11200/20000 (56.0%)]	Loss: 0.12692350149154663
[2023-05-03 04:45:07] Train Epoch: 18 [12000/20000 (60.0%)]	Loss: 0.2049287110567093
[2023-05-03 04:45:07] Train Epoch: 18 [12800/20000 (64.0%)]	Loss: 0.1297939121723175
[2023-05-03 04:45:08] Train Epoch: 18 [13600/20000 (68.0%)]	Loss: 0.13736695051193237
[2023-05-03 04:45:08] Train Epoch: 18 [14400/20000 (72.0%)]	Loss: 0.2325773388147354
[2023-05-03 04:45:08] Train Epoch: 18 [15200/20000 (76.0%)]	Loss: 0.17130780220031738
[2023-05-03 04:45:08] Train Epoch: 18 [16000/20000 (80.0%)]	Loss: 0.2755815088748932
[2023-05-03 04:45:09] Train Epoch: 18 [16800/20000 (84.0%)]	Loss: 0.1338437795639038
[2023-05-03 04:45:09] Train Epoch: 18 [17600/20000 (88.0%)]	Loss: 0.2710939943790436
[2023-05-03 04:45:09] Train Epoch: 18 [18400/20000 (92.0%)]	Loss: 0.1725788116455078
[2023-05-03 04:45:09] Train Epoch: 18 [19200/20000 (96.0%)]	Loss: 0.19306263327598572
[2023-05-03 04:45:13] ========== Metrics ==========
[2023-05-03 04:45:13] {
  "tr_loss": 0.20544583517106155,
  "tr_acc": 0.922042204220422,
  "tr_f1": 0.922687825440119,
  "val_loss": 0.4497630850293323,
  "val_acc": 0.7948125777225085,
  "val_f1": 0.7940809413442682,
  "test_loss": 0.5226005629149233,
  "test_acc": 0.7804878048780488,
  "test_f1": 0.7756232686980609
}
[2023-05-03 04:45:13] ========== Metrics ==========
[2023-05-03 04:45:15] Train Epoch: 19 [0/20000 (0.0%)]	Loss: 0.057964667677879333
[2023-05-03 04:45:15] Train Epoch: 19 [800/20000 (4.0%)]	Loss: 0.11271572858095169
[2023-05-03 04:45:15] Train Epoch: 19 [1600/20000 (8.0%)]	Loss: 0.12284296751022339
[2023-05-03 04:45:15] Train Epoch: 19 [2400/20000 (12.0%)]	Loss: 0.10731863975524902
[2023-05-03 04:45:16] Train Epoch: 19 [3200/20000 (16.0%)]	Loss: 0.25943809747695923
[2023-05-03 04:45:16] Train Epoch: 19 [4000/20000 (20.0%)]	Loss: 0.13101373612880707
[2023-05-03 04:45:16] Train Epoch: 19 [4800/20000 (24.0%)]	Loss: 0.21898721158504486
[2023-05-03 04:45:17] Train Epoch: 19 [5600/20000 (28.0%)]	Loss: 0.29239317774772644
[2023-05-03 04:45:17] Train Epoch: 19 [6400/20000 (32.0%)]	Loss: 0.12904830276966095
[2023-05-03 04:45:17] Train Epoch: 19 [7200/20000 (36.0%)]	Loss: 0.2477966696023941
[2023-05-03 04:45:17] Train Epoch: 19 [8000/20000 (40.0%)]	Loss: 0.1911267638206482
[2023-05-03 04:45:18] Train Epoch: 19 [8800/20000 (44.0%)]	Loss: 0.22241641581058502
[2023-05-03 04:45:18] Train Epoch: 19 [9600/20000 (48.0%)]	Loss: 0.14586076140403748
[2023-05-03 04:45:18] Train Epoch: 19 [10400/20000 (52.0%)]	Loss: 0.1843017190694809
[2023-05-03 04:45:19] Train Epoch: 19 [11200/20000 (56.0%)]	Loss: 0.2788603603839874
[2023-05-03 04:45:19] Train Epoch: 19 [12000/20000 (60.0%)]	Loss: 0.1535084843635559
[2023-05-03 04:45:19] Train Epoch: 19 [12800/20000 (64.0%)]	Loss: 0.19820360839366913
[2023-05-03 04:45:19] Train Epoch: 19 [13600/20000 (68.0%)]	Loss: 0.09774032980203629
[2023-05-03 04:45:20] Train Epoch: 19 [14400/20000 (72.0%)]	Loss: 0.24052119255065918
[2023-05-03 04:45:20] Train Epoch: 19 [15200/20000 (76.0%)]	Loss: 0.16791753470897675
[2023-05-03 04:45:20] Train Epoch: 19 [16000/20000 (80.0%)]	Loss: 0.1767296940088272
[2023-05-03 04:45:20] Train Epoch: 19 [16800/20000 (84.0%)]	Loss: 0.1685967892408371
[2023-05-03 04:45:21] Train Epoch: 19 [17600/20000 (88.0%)]	Loss: 0.18318712711334229
[2023-05-03 04:45:21] Train Epoch: 19 [18400/20000 (92.0%)]	Loss: 0.33434000611305237
[2023-05-03 04:45:21] Train Epoch: 19 [19200/20000 (96.0%)]	Loss: 0.0910215824842453
[2023-05-03 04:45:25] ========== Metrics ==========
[2023-05-03 04:45:25] {
  "tr_loss": 0.20623678086113723,
  "tr_acc": 0.9218421842184218,
  "tr_f1": 0.9218382757413612,
  "val_loss": 0.44974774953463,
  "val_acc": 0.7948125777225085,
  "val_f1": 0.7940809413442682,
  "test_loss": 0.4826853197764575,
  "test_acc": 0.7804878048780488,
  "test_f1": 0.7756232686980609
}
[2023-05-03 04:45:25] ========== Metrics ==========
[2023-05-03 04:45:26] Train Epoch: 20 [0/20000 (0.0%)]	Loss: 0.1946902573108673
[2023-05-03 04:45:27] Train Epoch: 20 [800/20000 (4.0%)]	Loss: 0.2948581278324127
[2023-05-03 04:45:27] Train Epoch: 20 [1600/20000 (8.0%)]	Loss: 0.11896036565303802
[2023-05-03 04:45:27] Train Epoch: 20 [2400/20000 (12.0%)]	Loss: 0.2595863342285156
[2023-05-03 04:45:27] Train Epoch: 20 [3200/20000 (16.0%)]	Loss: 0.2133845090866089
[2023-05-03 04:45:28] Train Epoch: 20 [4000/20000 (20.0%)]	Loss: 0.076017826795578
[2023-05-03 04:45:28] Train Epoch: 20 [4800/20000 (24.0%)]	Loss: 0.1256609410047531
[2023-05-03 04:45:28] Train Epoch: 20 [5600/20000 (28.0%)]	Loss: 0.12333500385284424
[2023-05-03 04:45:29] Train Epoch: 20 [6400/20000 (32.0%)]	Loss: 0.11761650443077087
[2023-05-03 04:45:29] Train Epoch: 20 [7200/20000 (36.0%)]	Loss: 0.48083966970443726
[2023-05-03 04:45:29] Train Epoch: 20 [8000/20000 (40.0%)]	Loss: 0.21443894505500793
[2023-05-03 04:45:29] Train Epoch: 20 [8800/20000 (44.0%)]	Loss: 0.3296564221382141
[2023-05-03 04:45:30] Train Epoch: 20 [9600/20000 (48.0%)]	Loss: 0.07421422749757767
[2023-05-03 04:45:30] Train Epoch: 20 [10400/20000 (52.0%)]	Loss: 0.1399458646774292
[2023-05-03 04:45:30] Train Epoch: 20 [11200/20000 (56.0%)]	Loss: 0.2344215363264084
[2023-05-03 04:45:30] Train Epoch: 20 [12000/20000 (60.0%)]	Loss: 0.2830207943916321
[2023-05-03 04:45:31] Train Epoch: 20 [12800/20000 (64.0%)]	Loss: 0.1077367290854454
[2023-05-03 04:45:31] Train Epoch: 20 [13600/20000 (68.0%)]	Loss: 0.15520335733890533
[2023-05-03 04:45:31] Train Epoch: 20 [14400/20000 (72.0%)]	Loss: 0.054739538580179214
[2023-05-03 04:45:31] Train Epoch: 20 [15200/20000 (76.0%)]	Loss: 0.3861575722694397
[2023-05-03 04:45:32] Train Epoch: 20 [16000/20000 (80.0%)]	Loss: 0.085149385035038
[2023-05-03 04:45:32] Train Epoch: 20 [16800/20000 (84.0%)]	Loss: 0.09297826141119003
[2023-05-03 04:45:32] Train Epoch: 20 [17600/20000 (88.0%)]	Loss: 0.21701863408088684
[2023-05-03 04:45:33] Train Epoch: 20 [18400/20000 (92.0%)]	Loss: 0.12153545767068863
[2023-05-03 04:45:33] Train Epoch: 20 [19200/20000 (96.0%)]	Loss: 0.24630729854106903
[2023-05-03 04:45:35] Stop At epoch 20/20 due to valid not increase
[2023-05-03 04:45:37] ========== Metrics ==========
[2023-05-03 04:45:37] {
  "tr_loss": 0.20778228585446332,
  "tr_acc": 0.9191419141914191,
  "tr_f1": 0.9191297824456114,
  "val_loss": 0.44973511233340785,
  "val_acc": 0.7948125777225085,
  "val_f1": 0.7940809413442682,
  "test_loss": 0.4931730138577097,
  "test_acc": 0.7777777777777778,
  "test_f1": 0.7722222222222223
}
[2023-05-03 04:45:37] ========== Metrics ==========
