[2023-05-01 17:21:36] Train Epoch: 1 [0/20000 (0.0%)]	Loss: 0.6354377865791321
[2023-05-01 17:21:36] Train Epoch: 1 [800/20000 (4.0%)]	Loss: 0.6819649338722229
[2023-05-01 17:21:36] Train Epoch: 1 [1600/20000 (8.0%)]	Loss: 0.6890146732330322
[2023-05-01 17:21:37] Train Epoch: 1 [2400/20000 (12.0%)]	Loss: 0.6932899355888367
[2023-05-01 17:21:37] Train Epoch: 1 [3200/20000 (16.0%)]	Loss: 0.6405853629112244
[2023-05-01 17:21:37] Train Epoch: 1 [4000/20000 (20.0%)]	Loss: 0.6988029479980469
[2023-05-01 17:21:37] Train Epoch: 1 [4800/20000 (24.0%)]	Loss: 0.7301309108734131
[2023-05-01 17:21:38] Train Epoch: 1 [5600/20000 (28.0%)]	Loss: 0.7123425006866455
[2023-05-01 17:21:38] Train Epoch: 1 [6400/20000 (32.0%)]	Loss: 0.692046582698822
[2023-05-01 17:21:38] Train Epoch: 1 [7200/20000 (36.0%)]	Loss: 0.6728997230529785
[2023-05-01 17:21:38] Train Epoch: 1 [8000/20000 (40.0%)]	Loss: 0.6574181914329529
[2023-05-01 17:21:39] Train Epoch: 1 [8800/20000 (44.0%)]	Loss: 0.6962918043136597
[2023-05-01 17:21:39] Train Epoch: 1 [9600/20000 (48.0%)]	Loss: 0.7109286785125732
[2023-05-01 17:21:39] Train Epoch: 1 [10400/20000 (52.0%)]	Loss: 0.6580538749694824
[2023-05-01 17:21:39] Train Epoch: 1 [11200/20000 (56.0%)]	Loss: 0.686830461025238
[2023-05-01 17:21:40] Train Epoch: 1 [12000/20000 (60.0%)]	Loss: 0.7224261164665222
[2023-05-01 17:21:40] Train Epoch: 1 [12800/20000 (64.0%)]	Loss: 0.6317216157913208
[2023-05-01 17:21:40] Train Epoch: 1 [13600/20000 (68.0%)]	Loss: 0.6876114010810852
[2023-05-01 17:21:40] Train Epoch: 1 [14400/20000 (72.0%)]	Loss: 0.7068606615066528
[2023-05-01 17:21:41] Train Epoch: 1 [15200/20000 (76.0%)]	Loss: 0.6785937547683716
[2023-05-01 17:21:41] Train Epoch: 1 [16000/20000 (80.0%)]	Loss: 0.6784232258796692
[2023-05-01 17:21:41] Train Epoch: 1 [16800/20000 (84.0%)]	Loss: 0.6553164720535278
[2023-05-01 17:21:41] Train Epoch: 1 [17600/20000 (88.0%)]	Loss: 0.6331750750541687
[2023-05-01 17:21:42] Train Epoch: 1 [18400/20000 (92.0%)]	Loss: 0.6570886969566345
[2023-05-01 17:21:42] Train Epoch: 1 [19200/20000 (96.0%)]	Loss: 0.5894824862480164
[2023-05-01 17:21:44] ========== Metrics ==========
[2023-05-01 17:21:44] {
  "tr_loss": 0.6818596131921542,
  "tr_acc": 0.5621562156215621,
  "tr_f1": 0.5599557744496935,
  "val_loss": 0.64857088530502,
  "val_acc": 0.6974595842956121,
  "val_f1": 0.7369884169884169,
  "test_loss": 0.6771927913676109,
  "test_acc": 0.7046070460704607,
  "test_f1": 0.7334963325183375
}
[2023-05-01 17:21:44] ========== Metrics ==========
[2023-05-01 17:21:45] Train Epoch: 2 [0/20000 (0.0%)]	Loss: 0.6362417340278625
[2023-05-01 17:21:45] Train Epoch: 2 [800/20000 (4.0%)]	Loss: 0.5582635998725891
[2023-05-01 17:21:46] Train Epoch: 2 [1600/20000 (8.0%)]	Loss: 0.6308241486549377
[2023-05-01 17:21:46] Train Epoch: 2 [2400/20000 (12.0%)]	Loss: 0.5937966704368591
[2023-05-01 17:21:46] Train Epoch: 2 [3200/20000 (16.0%)]	Loss: 0.6267678141593933
[2023-05-01 17:21:47] Train Epoch: 2 [4000/20000 (20.0%)]	Loss: 0.536404013633728
[2023-05-01 17:21:47] Train Epoch: 2 [4800/20000 (24.0%)]	Loss: 0.549416184425354
[2023-05-01 17:21:47] Train Epoch: 2 [5600/20000 (28.0%)]	Loss: 0.5136005878448486
[2023-05-01 17:21:48] Train Epoch: 2 [6400/20000 (32.0%)]	Loss: 0.5031083822250366
[2023-05-01 17:21:48] Train Epoch: 2 [7200/20000 (36.0%)]	Loss: 0.49280864000320435
[2023-05-01 17:21:48] Train Epoch: 2 [8000/20000 (40.0%)]	Loss: 0.5970619916915894
[2023-05-01 17:21:48] Train Epoch: 2 [8800/20000 (44.0%)]	Loss: 0.4888414144515991
[2023-05-01 17:21:49] Train Epoch: 2 [9600/20000 (48.0%)]	Loss: 0.5580483078956604
[2023-05-01 17:21:49] Train Epoch: 2 [10400/20000 (52.0%)]	Loss: 0.751684308052063
[2023-05-01 17:21:49] Train Epoch: 2 [11200/20000 (56.0%)]	Loss: 0.591877818107605
[2023-05-01 17:21:49] Train Epoch: 2 [12000/20000 (60.0%)]	Loss: 0.6049844026565552
[2023-05-01 17:21:50] Train Epoch: 2 [12800/20000 (64.0%)]	Loss: 0.4367540776729584
[2023-05-01 17:21:50] Train Epoch: 2 [13600/20000 (68.0%)]	Loss: 0.4015332758426666
[2023-05-01 17:21:50] Train Epoch: 2 [14400/20000 (72.0%)]	Loss: 0.6404678821563721
[2023-05-01 17:21:51] Train Epoch: 2 [15200/20000 (76.0%)]	Loss: 0.6618396639823914
[2023-05-01 17:21:51] Train Epoch: 2 [16000/20000 (80.0%)]	Loss: 0.4753256142139435
[2023-05-01 17:21:51] Train Epoch: 2 [16800/20000 (84.0%)]	Loss: 0.5968114137649536
[2023-05-01 17:21:51] Train Epoch: 2 [17600/20000 (88.0%)]	Loss: 0.47377270460128784
[2023-05-01 17:21:51] Train Epoch: 2 [18400/20000 (92.0%)]	Loss: 0.5781447887420654
[2023-05-01 17:21:52] Train Epoch: 2 [19200/20000 (96.0%)]	Loss: 0.5993019938468933
[2023-05-01 17:21:54] ========== Metrics ==========
[2023-05-01 17:21:54] {
  "tr_loss": 0.5738247053207595,
  "tr_acc": 0.7170717071707171,
  "tr_f1": 0.7197622585438336,
  "val_loss": 0.5421857041816217,
  "val_acc": 0.7663883460650204,
  "val_f1": 0.7650527068072182,
  "test_loss": 0.5513741937756216,
  "test_acc": 0.7642276422764228,
  "test_f1": 0.7478260869565219
}
[2023-05-01 17:21:54] ========== Metrics ==========
[2023-05-01 17:21:55] Train Epoch: 3 [0/20000 (0.0%)]	Loss: 0.4561063349246979
[2023-05-01 17:21:55] Train Epoch: 3 [800/20000 (4.0%)]	Loss: 0.4108090400695801
[2023-05-01 17:21:55] Train Epoch: 3 [1600/20000 (8.0%)]	Loss: 0.40950891375541687
[2023-05-01 17:21:56] Train Epoch: 3 [2400/20000 (12.0%)]	Loss: 0.5921345949172974
[2023-05-01 17:21:56] Train Epoch: 3 [3200/20000 (16.0%)]	Loss: 0.41824260354042053
[2023-05-01 17:21:56] Train Epoch: 3 [4000/20000 (20.0%)]	Loss: 0.40449148416519165
[2023-05-01 17:21:57] Train Epoch: 3 [4800/20000 (24.0%)]	Loss: 0.46325328946113586
[2023-05-01 17:21:57] Train Epoch: 3 [5600/20000 (28.0%)]	Loss: 0.44138506054878235
[2023-05-01 17:21:57] Train Epoch: 3 [6400/20000 (32.0%)]	Loss: 0.4236651360988617
[2023-05-01 17:21:57] Train Epoch: 3 [7200/20000 (36.0%)]	Loss: 0.4045787751674652
[2023-05-01 17:21:57] Train Epoch: 3 [8000/20000 (40.0%)]	Loss: 0.4643762409687042
[2023-05-01 17:21:58] Train Epoch: 3 [8800/20000 (44.0%)]	Loss: 0.4962652027606964
[2023-05-01 17:21:58] Train Epoch: 3 [9600/20000 (48.0%)]	Loss: 0.39779937267303467
[2023-05-01 17:21:58] Train Epoch: 3 [10400/20000 (52.0%)]	Loss: 0.3925964832305908
[2023-05-01 17:21:58] Train Epoch: 3 [11200/20000 (56.0%)]	Loss: 0.40684884786605835
[2023-05-01 17:21:59] Train Epoch: 3 [12000/20000 (60.0%)]	Loss: 0.6104991436004639
[2023-05-01 17:21:59] Train Epoch: 3 [12800/20000 (64.0%)]	Loss: 0.5843312740325928
[2023-05-01 17:21:59] Train Epoch: 3 [13600/20000 (68.0%)]	Loss: 0.4379662871360779
[2023-05-01 17:21:59] Train Epoch: 3 [14400/20000 (72.0%)]	Loss: 0.5839405655860901
[2023-05-01 17:22:00] Train Epoch: 3 [15200/20000 (76.0%)]	Loss: 0.5163101553916931
[2023-05-01 17:22:00] Train Epoch: 3 [16000/20000 (80.0%)]	Loss: 0.47154924273490906
[2023-05-01 17:22:00] Train Epoch: 3 [16800/20000 (84.0%)]	Loss: 0.3194791078567505
[2023-05-01 17:22:00] Train Epoch: 3 [17600/20000 (88.0%)]	Loss: 0.4415510594844818
[2023-05-01 17:22:01] Train Epoch: 3 [18400/20000 (92.0%)]	Loss: 0.4704957604408264
[2023-05-01 17:22:01] Train Epoch: 3 [19200/20000 (96.0%)]	Loss: 0.4392932653427124
[2023-05-01 17:22:03] ========== Metrics ==========
[2023-05-01 17:22:03] {
  "tr_loss": 0.43815531238506694,
  "tr_acc": 0.8052305230523052,
  "tr_f1": 0.805531978630985,
  "val_loss": 0.4850891982922441,
  "val_acc": 0.7830875821637946,
  "val_f1": 0.7813786929274843,
  "test_loss": 0.5180332499144846,
  "test_acc": 0.7669376693766937,
  "test_f1": 0.7556818181818181
}
[2023-05-01 17:22:03] ========== Metrics ==========
[2023-05-01 17:22:04] Train Epoch: 4 [0/20000 (0.0%)]	Loss: 0.3866170644760132
[2023-05-01 17:22:04] Train Epoch: 4 [800/20000 (4.0%)]	Loss: 0.31621605157852173
[2023-05-01 17:22:05] Train Epoch: 4 [1600/20000 (8.0%)]	Loss: 0.4608977437019348
[2023-05-01 17:22:05] Train Epoch: 4 [2400/20000 (12.0%)]	Loss: 0.4069674611091614
[2023-05-01 17:22:05] Train Epoch: 4 [3200/20000 (16.0%)]	Loss: 0.3362734019756317
[2023-05-01 17:22:05] Train Epoch: 4 [4000/20000 (20.0%)]	Loss: 0.3081514239311218
[2023-05-01 17:22:06] Train Epoch: 4 [4800/20000 (24.0%)]	Loss: 0.1939229667186737
[2023-05-01 17:22:06] Train Epoch: 4 [5600/20000 (28.0%)]	Loss: 0.340991348028183
[2023-05-01 17:22:06] Train Epoch: 4 [6400/20000 (32.0%)]	Loss: 0.5414060950279236
[2023-05-01 17:22:06] Train Epoch: 4 [7200/20000 (36.0%)]	Loss: 0.19553396105766296
[2023-05-01 17:22:07] Train Epoch: 4 [8000/20000 (40.0%)]	Loss: 0.4229600429534912
[2023-05-01 17:22:07] Train Epoch: 4 [8800/20000 (44.0%)]	Loss: 0.19742627441883087
[2023-05-01 17:22:07] Train Epoch: 4 [9600/20000 (48.0%)]	Loss: 0.28271374106407166
[2023-05-01 17:22:07] Train Epoch: 4 [10400/20000 (52.0%)]	Loss: 0.35695305466651917
[2023-05-01 17:22:08] Train Epoch: 4 [11200/20000 (56.0%)]	Loss: 0.4699518084526062
[2023-05-01 17:22:08] Train Epoch: 4 [12000/20000 (60.0%)]	Loss: 0.22123269736766815
[2023-05-01 17:22:08] Train Epoch: 4 [12800/20000 (64.0%)]	Loss: 0.2166757434606552
[2023-05-01 17:22:08] Train Epoch: 4 [13600/20000 (68.0%)]	Loss: 0.4137652814388275
[2023-05-01 17:22:09] Train Epoch: 4 [14400/20000 (72.0%)]	Loss: 0.3056164085865021
[2023-05-01 17:22:09] Train Epoch: 4 [15200/20000 (76.0%)]	Loss: 0.21164295077323914
[2023-05-01 17:22:09] Train Epoch: 4 [16000/20000 (80.0%)]	Loss: 0.2828582525253296
[2023-05-01 17:22:09] Train Epoch: 4 [16800/20000 (84.0%)]	Loss: 0.3284500241279602
[2023-05-01 17:22:10] Train Epoch: 4 [17600/20000 (88.0%)]	Loss: 0.34563466906547546
[2023-05-01 17:22:10] Train Epoch: 4 [18400/20000 (92.0%)]	Loss: 0.3820349872112274
[2023-05-01 17:22:10] Train Epoch: 4 [19200/20000 (96.0%)]	Loss: 0.5552470088005066
[2023-05-01 17:22:13] ========== Metrics ==========
[2023-05-01 17:22:13] {
  "tr_loss": 0.334382344065982,
  "tr_acc": 0.8604360436043604,
  "tr_f1": 0.8615918670964543,
  "val_loss": 0.4603213862810323,
  "val_acc": 0.7919701545567597,
  "val_f1": 0.7766545870684722,
  "test_loss": 0.4757496948810774,
  "test_acc": 0.7723577235772358,
  "test_f1": 0.7500000000000001
}
[2023-05-01 17:22:13] ========== Metrics ==========
[2023-05-01 17:22:13] Train Epoch: 5 [0/20000 (0.0%)]	Loss: 0.19869305193424225
[2023-05-01 17:22:14] Train Epoch: 5 [800/20000 (4.0%)]	Loss: 0.514474630355835
[2023-05-01 17:22:14] Train Epoch: 5 [1600/20000 (8.0%)]	Loss: 0.22986748814582825
[2023-05-01 17:22:14] Train Epoch: 5 [2400/20000 (12.0%)]	Loss: 0.541111409664154
[2023-05-01 17:22:14] Train Epoch: 5 [3200/20000 (16.0%)]	Loss: 0.5709923505783081
[2023-05-01 17:22:15] Train Epoch: 5 [4000/20000 (20.0%)]	Loss: 0.28656005859375
[2023-05-01 17:22:15] Train Epoch: 5 [4800/20000 (24.0%)]	Loss: 0.14169396460056305
[2023-05-01 17:22:15] Train Epoch: 5 [5600/20000 (28.0%)]	Loss: 0.5662102103233337
[2023-05-01 17:22:16] Train Epoch: 5 [6400/20000 (32.0%)]	Loss: 0.1845850944519043
[2023-05-01 17:22:16] Train Epoch: 5 [7200/20000 (36.0%)]	Loss: 0.18573541939258575
[2023-05-01 17:22:16] Train Epoch: 5 [8000/20000 (40.0%)]	Loss: 0.15631455183029175
[2023-05-01 17:22:16] Train Epoch: 5 [8800/20000 (44.0%)]	Loss: 0.3980380892753601
[2023-05-01 17:22:17] Train Epoch: 5 [9600/20000 (48.0%)]	Loss: 0.17762930691242218
[2023-05-01 17:22:17] Train Epoch: 5 [10400/20000 (52.0%)]	Loss: 0.1079443097114563
[2023-05-01 17:22:17] Train Epoch: 5 [11200/20000 (56.0%)]	Loss: 0.1209888830780983
[2023-05-01 17:22:18] Train Epoch: 5 [12000/20000 (60.0%)]	Loss: 0.2675209045410156
[2023-05-01 17:22:18] Train Epoch: 5 [12800/20000 (64.0%)]	Loss: 0.34804436564445496
[2023-05-01 17:22:18] Train Epoch: 5 [13600/20000 (68.0%)]	Loss: 0.353545606136322
[2023-05-01 17:22:19] Train Epoch: 5 [14400/20000 (72.0%)]	Loss: 0.348160982131958
[2023-05-01 17:22:19] Train Epoch: 5 [15200/20000 (76.0%)]	Loss: 0.19293294847011566
[2023-05-01 17:22:19] Train Epoch: 5 [16000/20000 (80.0%)]	Loss: 0.08105265349149704
[2023-05-01 17:22:19] Train Epoch: 5 [16800/20000 (84.0%)]	Loss: 0.4363585412502289
[2023-05-01 17:22:20] Train Epoch: 5 [17600/20000 (88.0%)]	Loss: 0.2870006859302521
[2023-05-01 17:22:20] Train Epoch: 5 [18400/20000 (92.0%)]	Loss: 0.14692111313343048
[2023-05-01 17:22:20] Train Epoch: 5 [19200/20000 (96.0%)]	Loss: 0.43041422963142395
[2023-05-01 17:22:23] ========== Metrics ==========
[2023-05-01 17:22:23] {
  "tr_loss": 0.2611746172426176,
  "tr_acc": 0.8951395139513951,
  "tr_f1": 0.8961521319269055,
  "val_loss": 0.4434237950732132,
  "val_acc": 0.7972996979925386,
  "val_f1": 0.7951158197162866,
  "test_loss": 0.5283468208984954,
  "test_acc": 0.7804878048780488,
  "test_f1": 0.7705382436260623
}
[2023-05-01 17:22:23] ========== Metrics ==========
[2023-05-01 17:22:23] Train Epoch: 6 [0/20000 (0.0%)]	Loss: 0.2310403734445572
[2023-05-01 17:22:24] Train Epoch: 6 [800/20000 (4.0%)]	Loss: 0.23256230354309082
[2023-05-01 17:22:24] Train Epoch: 6 [1600/20000 (8.0%)]	Loss: 0.09701399505138397
[2023-05-01 17:22:24] Train Epoch: 6 [2400/20000 (12.0%)]	Loss: 0.15984448790550232
[2023-05-01 17:22:24] Train Epoch: 6 [3200/20000 (16.0%)]	Loss: 0.27323460578918457
[2023-05-01 17:22:25] Train Epoch: 6 [4000/20000 (20.0%)]	Loss: 0.17671868205070496
[2023-05-01 17:22:25] Train Epoch: 6 [4800/20000 (24.0%)]	Loss: 0.12692365050315857
[2023-05-01 17:22:25] Train Epoch: 6 [5600/20000 (28.0%)]	Loss: 0.4061550796031952
[2023-05-01 17:22:25] Train Epoch: 6 [6400/20000 (32.0%)]	Loss: 0.2102813869714737
[2023-05-01 17:22:26] Train Epoch: 6 [7200/20000 (36.0%)]	Loss: 0.18236912786960602
[2023-05-01 17:22:26] Train Epoch: 6 [8000/20000 (40.0%)]	Loss: 0.21209992468357086
[2023-05-01 17:22:26] Train Epoch: 6 [8800/20000 (44.0%)]	Loss: 0.11579324305057526
[2023-05-01 17:22:26] Train Epoch: 6 [9600/20000 (48.0%)]	Loss: 0.10175041854381561
[2023-05-01 17:22:27] Train Epoch: 6 [10400/20000 (52.0%)]	Loss: 0.0920947790145874
[2023-05-01 17:22:27] Train Epoch: 6 [11200/20000 (56.0%)]	Loss: 0.13452556729316711
[2023-05-01 17:22:27] Train Epoch: 6 [12000/20000 (60.0%)]	Loss: 0.338450163602829
[2023-05-01 17:22:27] Train Epoch: 6 [12800/20000 (64.0%)]	Loss: 0.10493839532136917
[2023-05-01 17:22:28] Train Epoch: 6 [13600/20000 (68.0%)]	Loss: 0.21870607137680054
[2023-05-01 17:22:28] Train Epoch: 6 [14400/20000 (72.0%)]	Loss: 0.08776625990867615
[2023-05-01 17:22:28] Train Epoch: 6 [15200/20000 (76.0%)]	Loss: 0.15729708969593048
[2023-05-01 17:22:28] Train Epoch: 6 [16000/20000 (80.0%)]	Loss: 0.27253416180610657
[2023-05-01 17:22:29] Train Epoch: 6 [16800/20000 (84.0%)]	Loss: 0.0938863605260849
[2023-05-01 17:22:29] Train Epoch: 6 [17600/20000 (88.0%)]	Loss: 0.2161124348640442
[2023-05-01 17:22:29] Train Epoch: 6 [18400/20000 (92.0%)]	Loss: 0.09605913609266281
[2023-05-01 17:22:30] Train Epoch: 6 [19200/20000 (96.0%)]	Loss: 0.21590693295001984
[2023-05-01 17:22:32] ========== Metrics ==========
[2023-05-01 17:22:32] {
  "tr_loss": 0.20770383045987875,
  "tr_acc": 0.9231423142314231,
  "tr_f1": 0.9238468017638606,
  "val_loss": 0.44311527990706123,
  "val_acc": 0.7978326523361166,
  "val_f1": 0.7932412790697673,
  "test_loss": 0.4710191465651763,
  "test_acc": 0.7804878048780488,
  "test_f1": 0.7692307692307693
}
[2023-05-01 17:22:32] ========== Metrics ==========
[2023-05-01 17:22:33] Train Epoch: 7 [0/20000 (0.0%)]	Loss: 0.14442342519760132
[2023-05-01 17:22:33] Train Epoch: 7 [800/20000 (4.0%)]	Loss: 0.1662929505109787
[2023-05-01 17:22:33] Train Epoch: 7 [1600/20000 (8.0%)]	Loss: 0.18758289515972137
[2023-05-01 17:22:34] Train Epoch: 7 [2400/20000 (12.0%)]	Loss: 0.04262098670005798
[2023-05-01 17:22:34] Train Epoch: 7 [3200/20000 (16.0%)]	Loss: 0.400159627199173
[2023-05-01 17:22:34] Train Epoch: 7 [4000/20000 (20.0%)]	Loss: 0.0984991118311882
[2023-05-01 17:22:34] Train Epoch: 7 [4800/20000 (24.0%)]	Loss: 0.3447493314743042
[2023-05-01 17:22:35] Train Epoch: 7 [5600/20000 (28.0%)]	Loss: 0.2861100137233734
[2023-05-01 17:22:35] Train Epoch: 7 [6400/20000 (32.0%)]	Loss: 0.16140985488891602
[2023-05-01 17:22:35] Train Epoch: 7 [7200/20000 (36.0%)]	Loss: 0.1570725291967392
[2023-05-01 17:22:35] Train Epoch: 7 [8000/20000 (40.0%)]	Loss: 0.04939383268356323
[2023-05-01 17:22:35] Train Epoch: 7 [8800/20000 (44.0%)]	Loss: 0.2838341295719147
[2023-05-01 17:22:36] Train Epoch: 7 [9600/20000 (48.0%)]	Loss: 0.250582218170166
[2023-05-01 17:22:36] Train Epoch: 7 [10400/20000 (52.0%)]	Loss: 0.25165805220603943
[2023-05-01 17:22:36] Train Epoch: 7 [11200/20000 (56.0%)]	Loss: 0.2376948446035385
[2023-05-01 17:22:37] Train Epoch: 7 [12000/20000 (60.0%)]	Loss: 0.16538798809051514
[2023-05-01 17:22:37] Train Epoch: 7 [12800/20000 (64.0%)]	Loss: 0.3604632019996643
[2023-05-01 17:22:37] Train Epoch: 7 [13600/20000 (68.0%)]	Loss: 0.12949766218662262
[2023-05-01 17:22:37] Train Epoch: 7 [14400/20000 (72.0%)]	Loss: 0.2985065281391144
[2023-05-01 17:22:38] Train Epoch: 7 [15200/20000 (76.0%)]	Loss: 0.22872446477413177
[2023-05-01 17:22:38] Train Epoch: 7 [16000/20000 (80.0%)]	Loss: 0.1552594155073166
[2023-05-01 17:22:38] Train Epoch: 7 [16800/20000 (84.0%)]	Loss: 0.21485644578933716
[2023-05-01 17:22:38] Train Epoch: 7 [17600/20000 (88.0%)]	Loss: 0.2052229940891266
[2023-05-01 17:22:39] Train Epoch: 7 [18400/20000 (92.0%)]	Loss: 0.4849199950695038
[2023-05-01 17:22:39] Train Epoch: 7 [19200/20000 (96.0%)]	Loss: 0.11970426887273788
[2023-05-01 17:22:42] ========== Metrics ==========
[2023-05-01 17:22:42] {
  "tr_loss": 0.20536630023138586,
  "tr_acc": 0.922942294229423,
  "tr_f1": 0.9236031927023944,
  "val_loss": 0.44257250059178294,
  "val_acc": 0.7987209095754131,
  "val_f1": 0.793436645396536,
  "test_loss": 0.4973359825165291,
  "test_acc": 0.7804878048780488,
  "test_f1": 0.7692307692307693
}
[2023-05-01 17:22:42] ========== Metrics ==========
[2023-05-01 17:22:42] Train Epoch: 8 [0/20000 (0.0%)]	Loss: 0.20221638679504395
[2023-05-01 17:22:43] Train Epoch: 8 [800/20000 (4.0%)]	Loss: 0.08146444708108902
[2023-05-01 17:22:43] Train Epoch: 8 [1600/20000 (8.0%)]	Loss: 0.21836096048355103
[2023-05-01 17:22:43] Train Epoch: 8 [2400/20000 (12.0%)]	Loss: 0.24280528724193573
[2023-05-01 17:22:43] Train Epoch: 8 [3200/20000 (16.0%)]	Loss: 0.13417387008666992
[2023-05-01 17:22:44] Train Epoch: 8 [4000/20000 (20.0%)]	Loss: 0.17759868502616882
[2023-05-01 17:22:44] Train Epoch: 8 [4800/20000 (24.0%)]	Loss: 0.13720595836639404
[2023-05-01 17:22:44] Train Epoch: 8 [5600/20000 (28.0%)]	Loss: 0.11887695640325546
[2023-05-01 17:22:44] Train Epoch: 8 [6400/20000 (32.0%)]	Loss: 0.1208551749587059
[2023-05-01 17:22:45] Train Epoch: 8 [7200/20000 (36.0%)]	Loss: 0.24160833656787872
[2023-05-01 17:22:45] Train Epoch: 8 [8000/20000 (40.0%)]	Loss: 0.21834862232208252
[2023-05-01 17:22:45] Train Epoch: 8 [8800/20000 (44.0%)]	Loss: 0.25258132815361023
[2023-05-01 17:22:45] Train Epoch: 8 [9600/20000 (48.0%)]	Loss: 0.11980416625738144
[2023-05-01 17:22:46] Train Epoch: 8 [10400/20000 (52.0%)]	Loss: 0.05898314714431763
[2023-05-01 17:22:46] Train Epoch: 8 [11200/20000 (56.0%)]	Loss: 0.1108526885509491
[2023-05-01 17:22:46] Train Epoch: 8 [12000/20000 (60.0%)]	Loss: 0.08577895164489746
[2023-05-01 17:22:47] Train Epoch: 8 [12800/20000 (64.0%)]	Loss: 0.12713149189949036
[2023-05-01 17:22:47] Train Epoch: 8 [13600/20000 (68.0%)]	Loss: 0.09789471328258514
[2023-05-01 17:22:47] Train Epoch: 8 [14400/20000 (72.0%)]	Loss: 0.07826754450798035
[2023-05-01 17:22:48] Train Epoch: 8 [15200/20000 (76.0%)]	Loss: 0.37571823596954346
[2023-05-01 17:22:48] Train Epoch: 8 [16000/20000 (80.0%)]	Loss: 0.26336151361465454
[2023-05-01 17:22:48] Train Epoch: 8 [16800/20000 (84.0%)]	Loss: 0.13441655039787292
[2023-05-01 17:22:48] Train Epoch: 8 [17600/20000 (88.0%)]	Loss: 0.2178983986377716
[2023-05-01 17:22:49] Train Epoch: 8 [18400/20000 (92.0%)]	Loss: 0.12651975452899933
[2023-05-01 17:22:49] Train Epoch: 8 [19200/20000 (96.0%)]	Loss: 0.25747376680374146
[2023-05-01 17:22:51] ========== Metrics ==========
[2023-05-01 17:22:51] {
  "tr_loss": 0.19420385913308089,
  "tr_acc": 0.9307930793079308,
  "tr_f1": 0.931260554286282,
  "val_loss": 0.44135354780392655,
  "val_acc": 0.7983656066796945,
  "val_f1": 0.7941229820424451,
  "test_loss": 0.4558122185106846,
  "test_acc": 0.7804878048780488,
  "test_f1": 0.7692307692307693
}
[2023-05-01 17:22:51] ========== Metrics ==========
[2023-05-01 17:22:52] Train Epoch: 9 [0/20000 (0.0%)]	Loss: 0.09750343859195709
[2023-05-01 17:22:52] Train Epoch: 9 [800/20000 (4.0%)]	Loss: 0.2875351309776306
[2023-05-01 17:22:53] Train Epoch: 9 [1600/20000 (8.0%)]	Loss: 0.09219388663768768
[2023-05-01 17:22:53] Train Epoch: 9 [2400/20000 (12.0%)]	Loss: 0.20387867093086243
[2023-05-01 17:22:53] Train Epoch: 9 [3200/20000 (16.0%)]	Loss: 0.23272481560707092
[2023-05-01 17:22:53] Train Epoch: 9 [4000/20000 (20.0%)]	Loss: 0.17571333050727844
[2023-05-01 17:22:54] Train Epoch: 9 [4800/20000 (24.0%)]	Loss: 0.19708028435707092
[2023-05-01 17:22:54] Train Epoch: 9 [5600/20000 (28.0%)]	Loss: 0.17783986032009125
[2023-05-01 17:22:54] Train Epoch: 9 [6400/20000 (32.0%)]	Loss: 0.11560111492872238
[2023-05-01 17:22:54] Train Epoch: 9 [7200/20000 (36.0%)]	Loss: 0.2244449257850647
[2023-05-01 17:22:55] Train Epoch: 9 [8000/20000 (40.0%)]	Loss: 0.34409233927726746
[2023-05-01 17:22:55] Train Epoch: 9 [8800/20000 (44.0%)]	Loss: 0.16141711175441742
[2023-05-01 17:22:55] Train Epoch: 9 [9600/20000 (48.0%)]	Loss: 0.25223129987716675
[2023-05-01 17:22:55] Train Epoch: 9 [10400/20000 (52.0%)]	Loss: 0.07173830270767212
[2023-05-01 17:22:56] Train Epoch: 9 [11200/20000 (56.0%)]	Loss: 0.0904758870601654
[2023-05-01 17:22:56] Train Epoch: 9 [12000/20000 (60.0%)]	Loss: 0.11323972046375275
[2023-05-01 17:22:56] Train Epoch: 9 [12800/20000 (64.0%)]	Loss: 0.06472773104906082
[2023-05-01 17:22:56] Train Epoch: 9 [13600/20000 (68.0%)]	Loss: 0.19145537912845612
[2023-05-01 17:22:57] Train Epoch: 9 [14400/20000 (72.0%)]	Loss: 0.236816868185997
[2023-05-01 17:22:57] Train Epoch: 9 [15200/20000 (76.0%)]	Loss: 0.11858799308538437
[2023-05-01 17:22:57] Train Epoch: 9 [16000/20000 (80.0%)]	Loss: 0.43369385600090027
[2023-05-01 17:22:58] Train Epoch: 9 [16800/20000 (84.0%)]	Loss: 0.30412402749061584
[2023-05-01 17:22:58] Train Epoch: 9 [17600/20000 (88.0%)]	Loss: 0.25653088092803955
[2023-05-01 17:22:58] Train Epoch: 9 [18400/20000 (92.0%)]	Loss: 0.2623191177845001
[2023-05-01 17:22:58] Train Epoch: 9 [19200/20000 (96.0%)]	Loss: 0.11907976865768433
[2023-05-01 17:23:01] ========== Metrics ==========
[2023-05-01 17:23:01] {
  "tr_loss": 0.18491358070126032,
  "tr_acc": 0.9316931693169317,
  "tr_f1": 0.9322420634920635,
  "val_loss": 0.4415902181636548,
  "val_acc": 0.7996091668147095,
  "val_f1": 0.7930275229357798,
  "test_loss": 0.4611370815494196,
  "test_acc": 0.7831978319783198,
  "test_f1": 0.7701149425287356
}
[2023-05-01 17:23:01] ========== Metrics ==========
[2023-05-01 17:23:01] Train Epoch: 10 [0/20000 (0.0%)]	Loss: 0.27332019805908203
[2023-05-01 17:23:02] Train Epoch: 10 [800/20000 (4.0%)]	Loss: 0.14105354249477386
[2023-05-01 17:23:02] Train Epoch: 10 [1600/20000 (8.0%)]	Loss: 0.31019484996795654
[2023-05-01 17:23:02] Train Epoch: 10 [2400/20000 (12.0%)]	Loss: 0.06337233632802963
[2023-05-01 17:23:03] Train Epoch: 10 [3200/20000 (16.0%)]	Loss: 0.24551211297512054
[2023-05-01 17:23:03] Train Epoch: 10 [4000/20000 (20.0%)]	Loss: 0.1352086365222931
[2023-05-01 17:23:03] Train Epoch: 10 [4800/20000 (24.0%)]	Loss: 0.08064514398574829
[2023-05-01 17:23:04] Train Epoch: 10 [5600/20000 (28.0%)]	Loss: 0.16969983279705048
[2023-05-01 17:23:04] Train Epoch: 10 [6400/20000 (32.0%)]	Loss: 0.15430866181850433
[2023-05-01 17:23:04] Train Epoch: 10 [7200/20000 (36.0%)]	Loss: 0.09395507723093033
[2023-05-01 17:23:04] Train Epoch: 10 [8000/20000 (40.0%)]	Loss: 0.12541353702545166
[2023-05-01 17:23:05] Train Epoch: 10 [8800/20000 (44.0%)]	Loss: 0.11986490339040756
[2023-05-01 17:23:05] Train Epoch: 10 [9600/20000 (48.0%)]	Loss: 0.12390173226594925
[2023-05-01 17:23:05] Train Epoch: 10 [10400/20000 (52.0%)]	Loss: 0.11003714054822922
[2023-05-01 17:23:06] Train Epoch: 10 [11200/20000 (56.0%)]	Loss: 0.22281377017498016
[2023-05-01 17:23:06] Train Epoch: 10 [12000/20000 (60.0%)]	Loss: 0.2188962996006012
[2023-05-01 17:23:06] Train Epoch: 10 [12800/20000 (64.0%)]	Loss: 0.23411893844604492
[2023-05-01 17:23:06] Train Epoch: 10 [13600/20000 (68.0%)]	Loss: 0.11097944527864456
[2023-05-01 17:23:07] Train Epoch: 10 [14400/20000 (72.0%)]	Loss: 0.1767289638519287
[2023-05-01 17:23:07] Train Epoch: 10 [15200/20000 (76.0%)]	Loss: 0.07594332098960876
[2023-05-01 17:23:07] Train Epoch: 10 [16000/20000 (80.0%)]	Loss: 0.2966051399707794
[2023-05-01 17:23:07] Train Epoch: 10 [16800/20000 (84.0%)]	Loss: 0.28225651383399963
[2023-05-01 17:23:08] Train Epoch: 10 [17600/20000 (88.0%)]	Loss: 0.16975146532058716
[2023-05-01 17:23:08] Train Epoch: 10 [18400/20000 (92.0%)]	Loss: 0.12760882079601288
[2023-05-01 17:23:08] Train Epoch: 10 [19200/20000 (96.0%)]	Loss: 0.13753335177898407
[2023-05-01 17:23:10] ========== Metrics ==========
[2023-05-01 17:23:10] {
  "tr_loss": 0.18364536454944877,
  "tr_acc": 0.9318431843184318,
  "tr_f1": 0.9324946758456737,
  "val_loss": 0.4408488422711634,
  "val_acc": 0.7983656066796945,
  "val_f1": 0.7923147301006405,
  "test_loss": 0.4861240645411215,
  "test_acc": 0.7886178861788617,
  "test_f1": 0.7758620689655171
}
[2023-05-01 17:23:10] ========== Metrics ==========
[2023-05-01 17:23:11] Train Epoch: 11 [0/20000 (0.0%)]	Loss: 0.0720294639468193
[2023-05-01 17:23:11] Train Epoch: 11 [800/20000 (4.0%)]	Loss: 0.16739201545715332
[2023-05-01 17:23:12] Train Epoch: 11 [1600/20000 (8.0%)]	Loss: 0.08705461025238037
[2023-05-01 17:23:12] Train Epoch: 11 [2400/20000 (12.0%)]	Loss: 0.27430039644241333
[2023-05-01 17:23:12] Train Epoch: 11 [3200/20000 (16.0%)]	Loss: 0.15406352281570435
[2023-05-01 17:23:13] Train Epoch: 11 [4000/20000 (20.0%)]	Loss: 0.22577103972434998
[2023-05-01 17:23:13] Train Epoch: 11 [4800/20000 (24.0%)]	Loss: 0.13536138832569122
[2023-05-01 17:23:13] Train Epoch: 11 [5600/20000 (28.0%)]	Loss: 0.17015667259693146
[2023-05-01 17:23:13] Train Epoch: 11 [6400/20000 (32.0%)]	Loss: 0.31565436720848083
[2023-05-01 17:23:14] Train Epoch: 11 [7200/20000 (36.0%)]	Loss: 0.2758766710758209
[2023-05-01 17:23:14] Train Epoch: 11 [8000/20000 (40.0%)]	Loss: 0.05297058820724487
[2023-05-01 17:23:14] Train Epoch: 11 [8800/20000 (44.0%)]	Loss: 0.2595084309577942
[2023-05-01 17:23:15] Train Epoch: 11 [9600/20000 (48.0%)]	Loss: 0.26147347688674927
[2023-05-01 17:23:15] Train Epoch: 11 [10400/20000 (52.0%)]	Loss: 0.2889776825904846
[2023-05-01 17:23:15] Train Epoch: 11 [11200/20000 (56.0%)]	Loss: 0.1782599687576294
[2023-05-01 17:23:15] Train Epoch: 11 [12000/20000 (60.0%)]	Loss: 0.11421796679496765
[2023-05-01 17:23:16] Train Epoch: 11 [12800/20000 (64.0%)]	Loss: 0.23006124794483185
[2023-05-01 17:23:16] Train Epoch: 11 [13600/20000 (68.0%)]	Loss: 0.04446068033576012
[2023-05-01 17:23:16] Train Epoch: 11 [14400/20000 (72.0%)]	Loss: 0.21783499419689178
[2023-05-01 17:23:16] Train Epoch: 11 [15200/20000 (76.0%)]	Loss: 0.2332228273153305
[2023-05-01 17:23:17] Train Epoch: 11 [16000/20000 (80.0%)]	Loss: 0.27050963044166565
[2023-05-01 17:23:17] Train Epoch: 11 [16800/20000 (84.0%)]	Loss: 0.3759837746620178
[2023-05-01 17:23:17] Train Epoch: 11 [17600/20000 (88.0%)]	Loss: 0.18997454643249512
[2023-05-01 17:23:17] Train Epoch: 11 [18400/20000 (92.0%)]	Loss: 0.16369637846946716
[2023-05-01 17:23:18] Train Epoch: 11 [19200/20000 (96.0%)]	Loss: 0.15305206179618835
[2023-05-01 17:23:20] ========== Metrics ==========
[2023-05-01 17:23:20] {
  "tr_loss": 0.17237990936770153,
  "tr_acc": 0.9380938093809381,
  "tr_f1": 0.9385302879841112,
  "val_loss": 0.44061628004695197,
  "val_acc": 0.7974773494403979,
  "val_f1": 0.7915904936014625,
  "test_loss": 0.4581368998864156,
  "test_acc": 0.7831978319783198,
  "test_f1": 0.7714285714285715
}
[2023-05-01 17:23:20] ========== Metrics ==========
[2023-05-01 17:23:21] Train Epoch: 12 [0/20000 (0.0%)]	Loss: 0.09815547615289688
[2023-05-01 17:23:21] Train Epoch: 12 [800/20000 (4.0%)]	Loss: 0.1194540485739708
[2023-05-01 17:23:21] Train Epoch: 12 [1600/20000 (8.0%)]	Loss: 0.240706205368042
[2023-05-01 17:23:22] Train Epoch: 12 [2400/20000 (12.0%)]	Loss: 0.22669628262519836
[2023-05-01 17:23:22] Train Epoch: 12 [3200/20000 (16.0%)]	Loss: 0.2507144510746002
[2023-05-01 17:23:22] Train Epoch: 12 [4000/20000 (20.0%)]	Loss: 0.044075459241867065
[2023-05-01 17:23:22] Train Epoch: 12 [4800/20000 (24.0%)]	Loss: 0.33664432168006897
[2023-05-01 17:23:23] Train Epoch: 12 [5600/20000 (28.0%)]	Loss: 0.16682232916355133
[2023-05-01 17:23:23] Train Epoch: 12 [6400/20000 (32.0%)]	Loss: 0.5006852746009827
[2023-05-01 17:23:23] Train Epoch: 12 [7200/20000 (36.0%)]	Loss: 0.11869660019874573
[2023-05-01 17:23:23] Train Epoch: 12 [8000/20000 (40.0%)]	Loss: 0.34600895643234253
[2023-05-01 17:23:24] Train Epoch: 12 [8800/20000 (44.0%)]	Loss: 0.10781572014093399
[2023-05-01 17:23:24] Train Epoch: 12 [9600/20000 (48.0%)]	Loss: 0.06736085563898087
[2023-05-01 17:23:24] Train Epoch: 12 [10400/20000 (52.0%)]	Loss: 0.28964963555336
[2023-05-01 17:23:24] Train Epoch: 12 [11200/20000 (56.0%)]	Loss: 0.06925690174102783
[2023-05-01 17:23:25] Train Epoch: 12 [12000/20000 (60.0%)]	Loss: 0.18583838641643524
[2023-05-01 17:23:25] Train Epoch: 12 [12800/20000 (64.0%)]	Loss: 0.17102965712547302
[2023-05-01 17:23:25] Train Epoch: 12 [13600/20000 (68.0%)]	Loss: 0.24720747768878937
[2023-05-01 17:23:26] Train Epoch: 12 [14400/20000 (72.0%)]	Loss: 0.19768255949020386
[2023-05-01 17:23:26] Train Epoch: 12 [15200/20000 (76.0%)]	Loss: 0.2562200129032135
[2023-05-01 17:23:26] Train Epoch: 12 [16000/20000 (80.0%)]	Loss: 0.18267884850502014
[2023-05-01 17:23:26] Train Epoch: 12 [16800/20000 (84.0%)]	Loss: 0.11133140325546265
[2023-05-01 17:23:27] Train Epoch: 12 [17600/20000 (88.0%)]	Loss: 0.11508100479841232
[2023-05-01 17:23:27] Train Epoch: 12 [18400/20000 (92.0%)]	Loss: 0.14136125147342682
[2023-05-01 17:23:27] Train Epoch: 12 [19200/20000 (96.0%)]	Loss: 0.0955234244465828
[2023-05-01 17:23:30] ========== Metrics ==========
[2023-05-01 17:23:30] {
  "tr_loss": 0.17776737266098788,
  "tr_acc": 0.9362436243624362,
  "tr_f1": 0.9367779044974462,
  "val_loss": 0.44065451075624545,
  "val_acc": 0.7974773494403979,
  "val_f1": 0.7918188458728999,
  "test_loss": 0.4671094197890946,
  "test_acc": 0.7831978319783198,
  "test_f1": 0.7714285714285715
}
[2023-05-01 17:23:30] ========== Metrics ==========
[2023-05-01 17:23:30] Train Epoch: 13 [0/20000 (0.0%)]	Loss: 0.065989188849926
[2023-05-01 17:23:31] Train Epoch: 13 [800/20000 (4.0%)]	Loss: 0.27077510952949524
[2023-05-01 17:23:31] Train Epoch: 13 [1600/20000 (8.0%)]	Loss: 0.12656931579113007
[2023-05-01 17:23:31] Train Epoch: 13 [2400/20000 (12.0%)]	Loss: 0.12690113484859467
[2023-05-01 17:23:32] Train Epoch: 13 [3200/20000 (16.0%)]	Loss: 0.05802910774946213
[2023-05-01 17:23:32] Train Epoch: 13 [4000/20000 (20.0%)]	Loss: 0.3027570843696594
[2023-05-01 17:23:32] Train Epoch: 13 [4800/20000 (24.0%)]	Loss: 0.10868892818689346
[2023-05-01 17:23:33] Train Epoch: 13 [5600/20000 (28.0%)]	Loss: 0.21097302436828613
[2023-05-01 17:23:33] Train Epoch: 13 [6400/20000 (32.0%)]	Loss: 0.1492256075143814
[2023-05-01 17:23:33] Train Epoch: 13 [7200/20000 (36.0%)]	Loss: 0.27834612131118774
[2023-05-01 17:23:33] Train Epoch: 13 [8000/20000 (40.0%)]	Loss: 0.11417949199676514
[2023-05-01 17:23:34] Train Epoch: 13 [8800/20000 (44.0%)]	Loss: 0.323513001203537
[2023-05-01 17:23:34] Train Epoch: 13 [9600/20000 (48.0%)]	Loss: 0.17282550036907196
[2023-05-01 17:23:34] Train Epoch: 13 [10400/20000 (52.0%)]	Loss: 0.06362628936767578
[2023-05-01 17:23:34] Train Epoch: 13 [11200/20000 (56.0%)]	Loss: 0.22898799180984497
[2023-05-01 17:23:35] Train Epoch: 13 [12000/20000 (60.0%)]	Loss: 0.18003958463668823
[2023-05-01 17:23:35] Train Epoch: 13 [12800/20000 (64.0%)]	Loss: 0.14317165315151215
[2023-05-01 17:23:35] Train Epoch: 13 [13600/20000 (68.0%)]	Loss: 0.147153839468956
[2023-05-01 17:23:36] Train Epoch: 13 [14400/20000 (72.0%)]	Loss: 0.2520860433578491
[2023-05-01 17:23:36] Train Epoch: 13 [15200/20000 (76.0%)]	Loss: 0.14451974630355835
[2023-05-01 17:23:36] Train Epoch: 13 [16000/20000 (80.0%)]	Loss: 0.2071453332901001
[2023-05-01 17:23:36] Train Epoch: 13 [16800/20000 (84.0%)]	Loss: 0.18975427746772766
[2023-05-01 17:23:37] Train Epoch: 13 [17600/20000 (88.0%)]	Loss: 0.20446231961250305
[2023-05-01 17:23:37] Train Epoch: 13 [18400/20000 (92.0%)]	Loss: 0.22147142887115479
[2023-05-01 17:23:37] Train Epoch: 13 [19200/20000 (96.0%)]	Loss: 0.1968318521976471
[2023-05-01 17:23:40] ========== Metrics ==========
[2023-05-01 17:23:40] {
  "tr_loss": 0.17403290817106662,
  "tr_acc": 0.9377437743774377,
  "tr_f1": 0.9381489393412489,
  "val_loss": 0.440502232102438,
  "val_acc": 0.7976550008882572,
  "val_f1": 0.7923427529626252,
  "test_loss": 0.4665494792183563,
  "test_acc": 0.7831978319783198,
  "test_f1": 0.7714285714285715
}
[2023-05-01 17:23:40] ========== Metrics ==========
[2023-05-01 17:23:40] Train Epoch: 14 [0/20000 (0.0%)]	Loss: 0.20752039551734924
[2023-05-01 17:23:41] Train Epoch: 14 [800/20000 (4.0%)]	Loss: 0.11963484436273575
[2023-05-01 17:23:41] Train Epoch: 14 [1600/20000 (8.0%)]	Loss: 0.1375301331281662
[2023-05-01 17:23:41] Train Epoch: 14 [2400/20000 (12.0%)]	Loss: 0.08120467513799667
[2023-05-01 17:23:41] Train Epoch: 14 [3200/20000 (16.0%)]	Loss: 0.05053349584341049
[2023-05-01 17:23:42] Train Epoch: 14 [4000/20000 (20.0%)]	Loss: 0.1642276495695114
[2023-05-01 17:23:42] Train Epoch: 14 [4800/20000 (24.0%)]	Loss: 0.13106220960617065
[2023-05-01 17:23:42] Train Epoch: 14 [5600/20000 (28.0%)]	Loss: 0.1204119473695755
[2023-05-01 17:23:43] Train Epoch: 14 [6400/20000 (32.0%)]	Loss: 0.1664324253797531
[2023-05-01 17:23:43] Train Epoch: 14 [7200/20000 (36.0%)]	Loss: 0.3956190347671509
[2023-05-01 17:23:43] Train Epoch: 14 [8000/20000 (40.0%)]	Loss: 0.11640958487987518
[2023-05-01 17:23:43] Train Epoch: 14 [8800/20000 (44.0%)]	Loss: 0.19719776511192322
[2023-05-01 17:23:44] Train Epoch: 14 [9600/20000 (48.0%)]	Loss: 0.29133397340774536
[2023-05-01 17:23:44] Train Epoch: 14 [10400/20000 (52.0%)]	Loss: 0.09124061465263367
[2023-05-01 17:23:44] Train Epoch: 14 [11200/20000 (56.0%)]	Loss: 0.23364271223545074
[2023-05-01 17:23:45] Train Epoch: 14 [12000/20000 (60.0%)]	Loss: 0.2277543544769287
[2023-05-01 17:23:45] Train Epoch: 14 [12800/20000 (64.0%)]	Loss: 0.1810975968837738
[2023-05-01 17:23:45] Train Epoch: 14 [13600/20000 (68.0%)]	Loss: 0.17086131870746613
[2023-05-01 17:23:45] Train Epoch: 14 [14400/20000 (72.0%)]	Loss: 0.1174289733171463
[2023-05-01 17:23:46] Train Epoch: 14 [15200/20000 (76.0%)]	Loss: 0.06993820518255234
[2023-05-01 17:23:46] Train Epoch: 14 [16000/20000 (80.0%)]	Loss: 0.17857477068901062
[2023-05-01 17:23:46] Train Epoch: 14 [16800/20000 (84.0%)]	Loss: 0.460490882396698
[2023-05-01 17:23:47] Train Epoch: 14 [17600/20000 (88.0%)]	Loss: 0.1316506713628769
[2023-05-01 17:23:47] Train Epoch: 14 [18400/20000 (92.0%)]	Loss: 0.21350817382335663
[2023-05-01 17:23:47] Train Epoch: 14 [19200/20000 (96.0%)]	Loss: 0.08514969050884247
[2023-05-01 17:23:50] ========== Metrics ==========
[2023-05-01 17:23:50] {
  "tr_loss": 0.1762020443723087,
  "tr_acc": 0.935993599359936,
  "tr_f1": 0.9364385738405004,
  "val_loss": 0.4402378099725818,
  "val_acc": 0.7978326523361166,
  "val_f1": 0.7926384839650146,
  "test_loss": 0.46266232790339606,
  "test_acc": 0.7831978319783198,
  "test_f1": 0.7714285714285715
}
[2023-05-01 17:23:50] ========== Metrics ==========
[2023-05-01 17:23:50] Train Epoch: 15 [0/20000 (0.0%)]	Loss: 0.2785513997077942
[2023-05-01 17:23:51] Train Epoch: 15 [800/20000 (4.0%)]	Loss: 0.2500550150871277
[2023-05-01 17:23:51] Train Epoch: 15 [1600/20000 (8.0%)]	Loss: 0.13338309526443481
[2023-05-01 17:23:51] Train Epoch: 15 [2400/20000 (12.0%)]	Loss: 0.04418697953224182
[2023-05-01 17:23:52] Train Epoch: 15 [3200/20000 (16.0%)]	Loss: 0.21476779878139496
[2023-05-01 17:23:52] Train Epoch: 15 [4000/20000 (20.0%)]	Loss: 0.14661414921283722
[2023-05-01 17:23:52] Train Epoch: 15 [4800/20000 (24.0%)]	Loss: 0.19022859632968903
[2023-05-01 17:23:52] Train Epoch: 15 [5600/20000 (28.0%)]	Loss: 0.15511125326156616
[2023-05-01 17:23:53] Train Epoch: 15 [6400/20000 (32.0%)]	Loss: 0.16071520745754242
[2023-05-01 17:23:53] Train Epoch: 15 [7200/20000 (36.0%)]	Loss: 0.123590849339962
[2023-05-01 17:23:53] Train Epoch: 15 [8000/20000 (40.0%)]	Loss: 0.1817047894001007
[2023-05-01 17:23:53] Train Epoch: 15 [8800/20000 (44.0%)]	Loss: 0.1461201161146164
[2023-05-01 17:23:54] Train Epoch: 15 [9600/20000 (48.0%)]	Loss: 0.07935377955436707
[2023-05-01 17:23:54] Train Epoch: 15 [10400/20000 (52.0%)]	Loss: 0.0991540476679802
[2023-05-01 17:23:54] Train Epoch: 15 [11200/20000 (56.0%)]	Loss: 0.16001375019550323
[2023-05-01 17:23:54] Train Epoch: 15 [12000/20000 (60.0%)]	Loss: 0.41775259375572205
[2023-05-01 17:23:55] Train Epoch: 15 [12800/20000 (64.0%)]	Loss: 0.12499359995126724
[2023-05-01 17:23:55] Train Epoch: 15 [13600/20000 (68.0%)]	Loss: 0.17343910038471222
[2023-05-01 17:23:55] Train Epoch: 15 [14400/20000 (72.0%)]	Loss: 0.1381227970123291
[2023-05-01 17:23:56] Train Epoch: 15 [15200/20000 (76.0%)]	Loss: 0.10658197104930878
[2023-05-01 17:23:56] Train Epoch: 15 [16000/20000 (80.0%)]	Loss: 0.1122785210609436
[2023-05-01 17:23:56] Train Epoch: 15 [16800/20000 (84.0%)]	Loss: 0.14194367825984955
[2023-05-01 17:23:56] Train Epoch: 15 [17600/20000 (88.0%)]	Loss: 0.4062378704547882
[2023-05-01 17:23:57] Train Epoch: 15 [18400/20000 (92.0%)]	Loss: 0.1750335842370987
[2023-05-01 17:23:57] Train Epoch: 15 [19200/20000 (96.0%)]	Loss: 0.2403537929058075
[2023-05-01 17:23:59] Stop At epoch 15/20 due to valid not increase
[2023-05-01 17:23:59] ========== Metrics ==========
[2023-05-01 17:23:59] {
  "tr_loss": 0.17348462770176906,
  "tr_acc": 0.9397439743974397,
  "tr_f1": 0.9401717888883372,
  "val_loss": 0.4401073954757227,
  "val_acc": 0.7981879552318352,
  "val_f1": 0.7933042212518194,
  "test_loss": 0.4660642567042736,
  "test_acc": 0.7859078590785907,
  "test_f1": 0.774928774928775
}
[2023-05-01 17:23:59] ========== Metrics ==========
