[2023-05-01 15:33:02] Train Epoch: 1 [0/20000 (0.0%)]	Loss: 0.7495864629745483
[2023-05-01 15:33:02] Train Epoch: 1 [800/20000 (4.0%)]	Loss: 0.6629397869110107
[2023-05-01 15:33:02] Train Epoch: 1 [1600/20000 (8.0%)]	Loss: 0.7183398008346558
[2023-05-01 15:33:02] Train Epoch: 1 [2400/20000 (12.0%)]	Loss: 0.7112651467323303
[2023-05-01 15:33:02] Train Epoch: 1 [3200/20000 (16.0%)]	Loss: 0.6576120257377625
[2023-05-01 15:33:03] Train Epoch: 1 [4000/20000 (20.0%)]	Loss: 0.6388115882873535
[2023-05-01 15:33:03] Train Epoch: 1 [4800/20000 (24.0%)]	Loss: 0.6803480982780457
[2023-05-01 15:33:03] Train Epoch: 1 [5600/20000 (28.0%)]	Loss: 0.6376631259918213
[2023-05-01 15:33:03] Train Epoch: 1 [6400/20000 (32.0%)]	Loss: 0.651918351650238
[2023-05-01 15:33:03] Train Epoch: 1 [7200/20000 (36.0%)]	Loss: 0.634990930557251
[2023-05-01 15:33:03] Train Epoch: 1 [8000/20000 (40.0%)]	Loss: 0.675654947757721
[2023-05-01 15:33:04] Train Epoch: 1 [8800/20000 (44.0%)]	Loss: 0.6753610968589783
[2023-05-01 15:33:04] Train Epoch: 1 [9600/20000 (48.0%)]	Loss: 0.694384753704071
[2023-05-01 15:33:04] Train Epoch: 1 [10400/20000 (52.0%)]	Loss: 0.6813386678695679
[2023-05-01 15:33:04] Train Epoch: 1 [11200/20000 (56.0%)]	Loss: 0.6911875009536743
[2023-05-01 15:33:04] Train Epoch: 1 [12000/20000 (60.0%)]	Loss: 0.6866856813430786
[2023-05-01 15:33:04] Train Epoch: 1 [12800/20000 (64.0%)]	Loss: 0.6312326788902283
[2023-05-01 15:33:05] Train Epoch: 1 [13600/20000 (68.0%)]	Loss: 0.6752380728721619
[2023-05-01 15:33:05] Train Epoch: 1 [14400/20000 (72.0%)]	Loss: 0.6442434787750244
[2023-05-01 15:33:05] Train Epoch: 1 [15200/20000 (76.0%)]	Loss: 0.6399500370025635
[2023-05-01 15:33:05] Train Epoch: 1 [16000/20000 (80.0%)]	Loss: 0.7081591486930847
[2023-05-01 15:33:05] Train Epoch: 1 [16800/20000 (84.0%)]	Loss: 0.6521754264831543
[2023-05-01 15:33:05] Train Epoch: 1 [17600/20000 (88.0%)]	Loss: 0.6518649458885193
[2023-05-01 15:33:06] Train Epoch: 1 [18400/20000 (92.0%)]	Loss: 0.6818369626998901
[2023-05-01 15:33:06] Train Epoch: 1 [19200/20000 (96.0%)]	Loss: 0.6804718971252441
[2023-05-01 15:33:08] ========== Metrics ==========
[2023-05-01 15:33:08] {
  "tr_loss": 0.6823585280204656,
  "tr_acc": 0.5587058705870587,
  "tr_f1": 0.5720382134717037,
  "val_loss": 0.6432188365785155,
  "val_acc": 0.713981168946527,
  "val_f1": 0.7175438596491228,
  "test_loss": 0.6679744797993482,
  "test_acc": 0.6910569105691057,
  "test_f1": 0.6850828729281767
}
[2023-05-01 15:33:08] ========== Metrics ==========
[2023-05-01 15:33:09] Train Epoch: 2 [0/20000 (0.0%)]	Loss: 0.5871222019195557
[2023-05-01 15:33:09] Train Epoch: 2 [800/20000 (4.0%)]	Loss: 0.6342303156852722
[2023-05-01 15:33:09] Train Epoch: 2 [1600/20000 (8.0%)]	Loss: 0.6397024393081665
[2023-05-01 15:33:09] Train Epoch: 2 [2400/20000 (12.0%)]	Loss: 0.5571438670158386
[2023-05-01 15:33:09] Train Epoch: 2 [3200/20000 (16.0%)]	Loss: 0.6311194896697998
[2023-05-01 15:33:10] Train Epoch: 2 [4000/20000 (20.0%)]	Loss: 0.6129695773124695
[2023-05-01 15:33:10] Train Epoch: 2 [4800/20000 (24.0%)]	Loss: 0.540910005569458
[2023-05-01 15:33:10] Train Epoch: 2 [5600/20000 (28.0%)]	Loss: 0.5475591421127319
[2023-05-01 15:33:10] Train Epoch: 2 [6400/20000 (32.0%)]	Loss: 0.49415162205696106
[2023-05-01 15:33:10] Train Epoch: 2 [7200/20000 (36.0%)]	Loss: 0.5520169734954834
[2023-05-01 15:33:10] Train Epoch: 2 [8000/20000 (40.0%)]	Loss: 0.5105714797973633
[2023-05-01 15:33:11] Train Epoch: 2 [8800/20000 (44.0%)]	Loss: 0.5651081800460815
[2023-05-01 15:33:11] Train Epoch: 2 [9600/20000 (48.0%)]	Loss: 0.6757417917251587
[2023-05-01 15:33:11] Train Epoch: 2 [10400/20000 (52.0%)]	Loss: 0.5274184346199036
[2023-05-01 15:33:11] Train Epoch: 2 [11200/20000 (56.0%)]	Loss: 0.572821319103241
[2023-05-01 15:33:11] Train Epoch: 2 [12000/20000 (60.0%)]	Loss: 0.5835504531860352
[2023-05-01 15:33:11] Train Epoch: 2 [12800/20000 (64.0%)]	Loss: 0.5990615487098694
[2023-05-01 15:33:12] Train Epoch: 2 [13600/20000 (68.0%)]	Loss: 0.40745240449905396
[2023-05-01 15:33:12] Train Epoch: 2 [14400/20000 (72.0%)]	Loss: 0.5771802067756653
[2023-05-01 15:33:12] Train Epoch: 2 [15200/20000 (76.0%)]	Loss: 0.5003248453140259
[2023-05-01 15:33:12] Train Epoch: 2 [16000/20000 (80.0%)]	Loss: 0.5280764698982239
[2023-05-01 15:33:12] Train Epoch: 2 [16800/20000 (84.0%)]	Loss: 0.615959882736206
[2023-05-01 15:33:12] Train Epoch: 2 [17600/20000 (88.0%)]	Loss: 0.4867081344127655
[2023-05-01 15:33:13] Train Epoch: 2 [18400/20000 (92.0%)]	Loss: 0.37710970640182495
[2023-05-01 15:33:13] Train Epoch: 2 [19200/20000 (96.0%)]	Loss: 0.40995553135871887
[2023-05-01 15:33:15] ========== Metrics ==========
[2023-05-01 15:33:15] {
  "tr_loss": 0.5751371808809833,
  "tr_acc": 0.7131213121312131,
  "tr_f1": 0.7089147090161855,
  "val_loss": 0.5382918214518428,
  "val_acc": 0.7672766033043169,
  "val_f1": 0.7707385369268464,
  "test_loss": 0.5362032564674936,
  "test_acc": 0.7560975609756098,
  "test_f1": 0.7593582887700536
}
[2023-05-01 15:33:15] ========== Metrics ==========
[2023-05-01 15:33:15] Train Epoch: 3 [0/20000 (0.0%)]	Loss: 0.624797523021698
[2023-05-01 15:33:16] Train Epoch: 3 [800/20000 (4.0%)]	Loss: 0.3642244338989258
[2023-05-01 15:33:16] Train Epoch: 3 [1600/20000 (8.0%)]	Loss: 0.6582051515579224
[2023-05-01 15:33:16] Train Epoch: 3 [2400/20000 (12.0%)]	Loss: 0.5656383633613586
[2023-05-01 15:33:16] Train Epoch: 3 [3200/20000 (16.0%)]	Loss: 0.42504143714904785
[2023-05-01 15:33:16] Train Epoch: 3 [4000/20000 (20.0%)]	Loss: 0.48715680837631226
[2023-05-01 15:33:17] Train Epoch: 3 [4800/20000 (24.0%)]	Loss: 0.4886718988418579
[2023-05-01 15:33:17] Train Epoch: 3 [5600/20000 (28.0%)]	Loss: 0.4415139853954315
[2023-05-01 15:33:17] Train Epoch: 3 [6400/20000 (32.0%)]	Loss: 0.3867255747318268
[2023-05-01 15:33:17] Train Epoch: 3 [7200/20000 (36.0%)]	Loss: 0.3833678662776947
[2023-05-01 15:33:17] Train Epoch: 3 [8000/20000 (40.0%)]	Loss: 0.6233243942260742
[2023-05-01 15:33:17] Train Epoch: 3 [8800/20000 (44.0%)]	Loss: 0.4424593150615692
[2023-05-01 15:33:18] Train Epoch: 3 [9600/20000 (48.0%)]	Loss: 0.4067130982875824
[2023-05-01 15:33:18] Train Epoch: 3 [10400/20000 (52.0%)]	Loss: 0.2710984945297241
[2023-05-01 15:33:18] Train Epoch: 3 [11200/20000 (56.0%)]	Loss: 0.6227894425392151
[2023-05-01 15:33:18] Train Epoch: 3 [12000/20000 (60.0%)]	Loss: 0.3486608564853668
[2023-05-01 15:33:18] Train Epoch: 3 [12800/20000 (64.0%)]	Loss: 0.5210452079772949
[2023-05-01 15:33:19] Train Epoch: 3 [13600/20000 (68.0%)]	Loss: 0.5330604314804077
[2023-05-01 15:33:19] Train Epoch: 3 [14400/20000 (72.0%)]	Loss: 0.5026133060455322
[2023-05-01 15:33:19] Train Epoch: 3 [15200/20000 (76.0%)]	Loss: 0.4216994345188141
[2023-05-01 15:33:19] Train Epoch: 3 [16000/20000 (80.0%)]	Loss: 0.3823374807834625
[2023-05-01 15:33:19] Train Epoch: 3 [16800/20000 (84.0%)]	Loss: 0.5009077191352844
[2023-05-01 15:33:19] Train Epoch: 3 [17600/20000 (88.0%)]	Loss: 0.8141648173332214
[2023-05-01 15:33:20] Train Epoch: 3 [18400/20000 (92.0%)]	Loss: 0.4021231532096863
[2023-05-01 15:33:20] Train Epoch: 3 [19200/20000 (96.0%)]	Loss: 0.35861682891845703
[2023-05-01 15:33:22] ========== Metrics ==========
[2023-05-01 15:33:22] {
  "tr_loss": 0.45637944107330347,
  "tr_acc": 0.7942794279427943,
  "tr_f1": 0.7902946273830155,
  "val_loss": 0.48560261065635063,
  "val_acc": 0.7843311422988097,
  "val_f1": 0.7823592685550377,
  "test_loss": 0.49764545177056535,
  "test_acc": 0.7642276422764228,
  "test_f1": 0.7603305785123966
}
[2023-05-01 15:33:22] ========== Metrics ==========
[2023-05-01 15:33:23] Train Epoch: 4 [0/20000 (0.0%)]	Loss: 0.31958693265914917
[2023-05-01 15:33:23] Train Epoch: 4 [800/20000 (4.0%)]	Loss: 0.32520434260368347
[2023-05-01 15:33:23] Train Epoch: 4 [1600/20000 (8.0%)]	Loss: 0.45140257477760315
[2023-05-01 15:33:23] Train Epoch: 4 [2400/20000 (12.0%)]	Loss: 0.5288437008857727
[2023-05-01 15:33:23] Train Epoch: 4 [3200/20000 (16.0%)]	Loss: 0.6289833188056946
[2023-05-01 15:33:23] Train Epoch: 4 [4000/20000 (20.0%)]	Loss: 0.3155684769153595
[2023-05-01 15:33:24] Train Epoch: 4 [4800/20000 (24.0%)]	Loss: 0.34290584921836853
[2023-05-01 15:33:24] Train Epoch: 4 [5600/20000 (28.0%)]	Loss: 0.5363040566444397
[2023-05-01 15:33:24] Train Epoch: 4 [6400/20000 (32.0%)]	Loss: 0.2698119282722473
[2023-05-01 15:33:24] Train Epoch: 4 [7200/20000 (36.0%)]	Loss: 0.23631791770458221
[2023-05-01 15:33:24] Train Epoch: 4 [8000/20000 (40.0%)]	Loss: 0.4410896599292755
[2023-05-01 15:33:25] Train Epoch: 4 [8800/20000 (44.0%)]	Loss: 0.3794061839580536
[2023-05-01 15:33:25] Train Epoch: 4 [9600/20000 (48.0%)]	Loss: 0.30521681904792786
[2023-05-01 15:33:25] Train Epoch: 4 [10400/20000 (52.0%)]	Loss: 0.44130992889404297
[2023-05-01 15:33:25] Train Epoch: 4 [11200/20000 (56.0%)]	Loss: 0.3051547706127167
[2023-05-01 15:33:25] Train Epoch: 4 [12000/20000 (60.0%)]	Loss: 0.4257279634475708
[2023-05-01 15:33:25] Train Epoch: 4 [12800/20000 (64.0%)]	Loss: 0.3442955017089844
[2023-05-01 15:33:26] Train Epoch: 4 [13600/20000 (68.0%)]	Loss: 0.493163526058197
[2023-05-01 15:33:26] Train Epoch: 4 [14400/20000 (72.0%)]	Loss: 0.2911129593849182
[2023-05-01 15:33:26] Train Epoch: 4 [15200/20000 (76.0%)]	Loss: 0.2882362902164459
[2023-05-01 15:33:26] Train Epoch: 4 [16000/20000 (80.0%)]	Loss: 0.2889389097690582
[2023-05-01 15:33:26] Train Epoch: 4 [16800/20000 (84.0%)]	Loss: 0.29184219241142273
[2023-05-01 15:33:27] Train Epoch: 4 [17600/20000 (88.0%)]	Loss: 0.4718392491340637
[2023-05-01 15:33:27] Train Epoch: 4 [18400/20000 (92.0%)]	Loss: 0.5555740594863892
[2023-05-01 15:33:27] Train Epoch: 4 [19200/20000 (96.0%)]	Loss: 0.35831764340400696
[2023-05-01 15:33:29] ========== Metrics ==========
[2023-05-01 15:33:29] {
  "tr_loss": 0.37168825747478196,
  "tr_acc": 0.8412341234123413,
  "tr_f1": 0.8392323661957568,
  "val_loss": 0.4616774679140927,
  "val_acc": 0.7958784864096642,
  "val_f1": 0.7984564111559375,
  "test_loss": 0.4429862893370755,
  "test_acc": 0.7913279132791328,
  "test_f1": 0.7913279132791329
}
[2023-05-01 15:33:29] ========== Metrics ==========
[2023-05-01 15:33:30] Train Epoch: 5 [0/20000 (0.0%)]	Loss: 0.4271065592765808
[2023-05-01 15:33:30] Train Epoch: 5 [800/20000 (4.0%)]	Loss: 0.41919001936912537
[2023-05-01 15:33:30] Train Epoch: 5 [1600/20000 (8.0%)]	Loss: 0.43233823776245117
[2023-05-01 15:33:30] Train Epoch: 5 [2400/20000 (12.0%)]	Loss: 0.2600596249103546
[2023-05-01 15:33:30] Train Epoch: 5 [3200/20000 (16.0%)]	Loss: 0.2747153639793396
[2023-05-01 15:33:31] Train Epoch: 5 [4000/20000 (20.0%)]	Loss: 0.37312501668930054
[2023-05-01 15:33:31] Train Epoch: 5 [4800/20000 (24.0%)]	Loss: 0.24989652633666992
[2023-05-01 15:33:31] Train Epoch: 5 [5600/20000 (28.0%)]	Loss: 0.11174655705690384
[2023-05-01 15:33:31] Train Epoch: 5 [6400/20000 (32.0%)]	Loss: 0.24708780646324158
[2023-05-01 15:33:31] Train Epoch: 5 [7200/20000 (36.0%)]	Loss: 0.6324372887611389
[2023-05-01 15:33:32] Train Epoch: 5 [8000/20000 (40.0%)]	Loss: 0.3557608723640442
[2023-05-01 15:33:32] Train Epoch: 5 [8800/20000 (44.0%)]	Loss: 0.30326372385025024
[2023-05-01 15:33:32] Train Epoch: 5 [9600/20000 (48.0%)]	Loss: 0.3461644649505615
[2023-05-01 15:33:32] Train Epoch: 5 [10400/20000 (52.0%)]	Loss: 0.5647927522659302
[2023-05-01 15:33:32] Train Epoch: 5 [11200/20000 (56.0%)]	Loss: 0.5420780777931213
[2023-05-01 15:33:32] Train Epoch: 5 [12000/20000 (60.0%)]	Loss: 0.4529287815093994
[2023-05-01 15:33:33] Train Epoch: 5 [12800/20000 (64.0%)]	Loss: 0.29450467228889465
[2023-05-01 15:33:33] Train Epoch: 5 [13600/20000 (68.0%)]	Loss: 0.2844167947769165
[2023-05-01 15:33:33] Train Epoch: 5 [14400/20000 (72.0%)]	Loss: 0.27057692408561707
[2023-05-01 15:33:33] Train Epoch: 5 [15200/20000 (76.0%)]	Loss: 0.17186860740184784
[2023-05-01 15:33:33] Train Epoch: 5 [16000/20000 (80.0%)]	Loss: 0.23918984830379486
[2023-05-01 15:33:33] Train Epoch: 5 [16800/20000 (84.0%)]	Loss: 0.2396361231803894
[2023-05-01 15:33:34] Train Epoch: 5 [17600/20000 (88.0%)]	Loss: 0.3760507106781006
[2023-05-01 15:33:34] Train Epoch: 5 [18400/20000 (92.0%)]	Loss: 0.12367132306098938
[2023-05-01 15:33:34] Train Epoch: 5 [19200/20000 (96.0%)]	Loss: 0.25425851345062256
[2023-05-01 15:33:36] ========== Metrics ==========
[2023-05-01 15:33:36] {
  "tr_loss": 0.3015723539502731,
  "tr_acc": 0.8766376637663766,
  "tr_f1": 0.8753851593675811,
  "val_loss": 0.44303744884171775,
  "val_acc": 0.7999644697104281,
  "val_f1": 0.7960144927536232,
  "test_loss": 0.42390888291322765,
  "test_acc": 0.7994579945799458,
  "test_f1": 0.7955801104972375
}
[2023-05-01 15:33:36] ========== Metrics ==========
[2023-05-01 15:33:37] Train Epoch: 6 [0/20000 (0.0%)]	Loss: 0.3089246153831482
[2023-05-01 15:33:37] Train Epoch: 6 [800/20000 (4.0%)]	Loss: 0.2875663936138153
[2023-05-01 15:33:37] Train Epoch: 6 [1600/20000 (8.0%)]	Loss: 0.12331335246562958
[2023-05-01 15:33:37] Train Epoch: 6 [2400/20000 (12.0%)]	Loss: 0.2519771456718445
[2023-05-01 15:33:38] Train Epoch: 6 [3200/20000 (16.0%)]	Loss: 0.38070499897003174
[2023-05-01 15:33:38] Train Epoch: 6 [4000/20000 (20.0%)]	Loss: 0.2438618242740631
[2023-05-01 15:33:38] Train Epoch: 6 [4800/20000 (24.0%)]	Loss: 0.13471445441246033
[2023-05-01 15:33:38] Train Epoch: 6 [5600/20000 (28.0%)]	Loss: 0.21099892258644104
[2023-05-01 15:33:38] Train Epoch: 6 [6400/20000 (32.0%)]	Loss: 0.35651543736457825
[2023-05-01 15:33:38] Train Epoch: 6 [7200/20000 (36.0%)]	Loss: 0.2084539234638214
[2023-05-01 15:33:39] Train Epoch: 6 [8000/20000 (40.0%)]	Loss: 0.18582594394683838
[2023-05-01 15:33:39] Train Epoch: 6 [8800/20000 (44.0%)]	Loss: 0.32317396998405457
[2023-05-01 15:33:39] Train Epoch: 6 [9600/20000 (48.0%)]	Loss: 0.15760338306427002
[2023-05-01 15:33:39] Train Epoch: 6 [10400/20000 (52.0%)]	Loss: 0.34433433413505554
[2023-05-01 15:33:39] Train Epoch: 6 [11200/20000 (56.0%)]	Loss: 0.20337168872356415
[2023-05-01 15:33:39] Train Epoch: 6 [12000/20000 (60.0%)]	Loss: 0.33801934123039246
[2023-05-01 15:33:40] Train Epoch: 6 [12800/20000 (64.0%)]	Loss: 0.15199348330497742
[2023-05-01 15:33:40] Train Epoch: 6 [13600/20000 (68.0%)]	Loss: 0.419910192489624
[2023-05-01 15:33:40] Train Epoch: 6 [14400/20000 (72.0%)]	Loss: 0.15537437796592712
[2023-05-01 15:33:40] Train Epoch: 6 [15200/20000 (76.0%)]	Loss: 0.09063760191202164
[2023-05-01 15:33:40] Train Epoch: 6 [16000/20000 (80.0%)]	Loss: 0.09678375720977783
[2023-05-01 15:33:40] Train Epoch: 6 [16800/20000 (84.0%)]	Loss: 0.13676942884922028
[2023-05-01 15:33:41] Train Epoch: 6 [17600/20000 (88.0%)]	Loss: 0.2105390727519989
[2023-05-01 15:33:41] Train Epoch: 6 [18400/20000 (92.0%)]	Loss: 0.18182161450386047
[2023-05-01 15:33:41] Train Epoch: 6 [19200/20000 (96.0%)]	Loss: 0.18615850806236267
[2023-05-01 15:33:43] ========== Metrics ==========
[2023-05-01 15:33:43] {
  "tr_loss": 0.24755385593779505,
  "tr_acc": 0.9023402340234024,
  "tr_f1": 0.9012988325668368,
  "val_loss": 0.4425185365858161,
  "val_acc": 0.8001421211582874,
  "val_f1": 0.7987837596136647,
  "test_loss": 0.4263769966476978,
  "test_acc": 0.7967479674796748,
  "test_f1": 0.7945205479452055
}
[2023-05-01 15:33:43] ========== Metrics ==========
[2023-05-01 15:33:44] Train Epoch: 7 [0/20000 (0.0%)]	Loss: 0.2687866985797882
[2023-05-01 15:33:44] Train Epoch: 7 [800/20000 (4.0%)]	Loss: 0.558265745639801
[2023-05-01 15:33:44] Train Epoch: 7 [1600/20000 (8.0%)]	Loss: 0.17767366766929626
[2023-05-01 15:33:44] Train Epoch: 7 [2400/20000 (12.0%)]	Loss: 0.21821659803390503
[2023-05-01 15:33:45] Train Epoch: 7 [3200/20000 (16.0%)]	Loss: 0.15746502578258514
[2023-05-01 15:33:45] Train Epoch: 7 [4000/20000 (20.0%)]	Loss: 0.23045682907104492
[2023-05-01 15:33:45] Train Epoch: 7 [4800/20000 (24.0%)]	Loss: 0.15096868574619293
[2023-05-01 15:33:45] Train Epoch: 7 [5600/20000 (28.0%)]	Loss: 0.2906765937805176
[2023-05-01 15:33:45] Train Epoch: 7 [6400/20000 (32.0%)]	Loss: 0.09987860918045044
[2023-05-01 15:33:45] Train Epoch: 7 [7200/20000 (36.0%)]	Loss: 0.2334759533405304
[2023-05-01 15:33:46] Train Epoch: 7 [8000/20000 (40.0%)]	Loss: 0.1228957250714302
[2023-05-01 15:33:46] Train Epoch: 7 [8800/20000 (44.0%)]	Loss: 0.2209101915359497
[2023-05-01 15:33:46] Train Epoch: 7 [9600/20000 (48.0%)]	Loss: 0.18569955229759216
[2023-05-01 15:33:46] Train Epoch: 7 [10400/20000 (52.0%)]	Loss: 0.152805894613266
[2023-05-01 15:33:46] Train Epoch: 7 [11200/20000 (56.0%)]	Loss: 0.1543738692998886
[2023-05-01 15:33:46] Train Epoch: 7 [12000/20000 (60.0%)]	Loss: 0.1716306358575821
[2023-05-01 15:33:47] Train Epoch: 7 [12800/20000 (64.0%)]	Loss: 0.38204002380371094
[2023-05-01 15:33:47] Train Epoch: 7 [13600/20000 (68.0%)]	Loss: 0.38269972801208496
[2023-05-01 15:33:47] Train Epoch: 7 [14400/20000 (72.0%)]	Loss: 0.2048719823360443
[2023-05-01 15:33:47] Train Epoch: 7 [15200/20000 (76.0%)]	Loss: 0.303848534822464
[2023-05-01 15:33:47] Train Epoch: 7 [16000/20000 (80.0%)]	Loss: 0.35415181517601013
[2023-05-01 15:33:47] Train Epoch: 7 [16800/20000 (84.0%)]	Loss: 0.3969780206680298
[2023-05-01 15:33:48] Train Epoch: 7 [17600/20000 (88.0%)]	Loss: 0.1580641269683838
[2023-05-01 15:33:48] Train Epoch: 7 [18400/20000 (92.0%)]	Loss: 0.08300315588712692
[2023-05-01 15:33:48] Train Epoch: 7 [19200/20000 (96.0%)]	Loss: 0.2314155548810959
[2023-05-01 15:33:50] ========== Metrics ==========
[2023-05-01 15:33:50] {
  "tr_loss": 0.2414009165753125,
  "tr_acc": 0.9063406340634064,
  "tr_f1": 0.9054756497602826,
  "val_loss": 0.4416973901315954,
  "val_acc": 0.8006750755018653,
  "val_f1": 0.8009932600212841,
  "test_loss": 0.4389885647833186,
  "test_acc": 0.8021680216802168,
  "test_f1": 0.8010899182561307
}
[2023-05-01 15:33:50] ========== Metrics ==========
[2023-05-01 15:33:51] Train Epoch: 8 [0/20000 (0.0%)]	Loss: 0.15748019516468048
[2023-05-01 15:33:51] Train Epoch: 8 [800/20000 (4.0%)]	Loss: 0.3134962022304535
[2023-05-01 15:33:51] Train Epoch: 8 [1600/20000 (8.0%)]	Loss: 0.43846115469932556
[2023-05-01 15:33:51] Train Epoch: 8 [2400/20000 (12.0%)]	Loss: 0.2117280215024948
[2023-05-01 15:33:52] Train Epoch: 8 [3200/20000 (16.0%)]	Loss: 0.21320182085037231
[2023-05-01 15:33:52] Train Epoch: 8 [4000/20000 (20.0%)]	Loss: 0.17155541479587555
[2023-05-01 15:33:52] Train Epoch: 8 [4800/20000 (24.0%)]	Loss: 0.12420759350061417
[2023-05-01 15:33:52] Train Epoch: 8 [5600/20000 (28.0%)]	Loss: 0.1680731475353241
[2023-05-01 15:33:52] Train Epoch: 8 [6400/20000 (32.0%)]	Loss: 0.14461489021778107
[2023-05-01 15:33:53] Train Epoch: 8 [7200/20000 (36.0%)]	Loss: 0.28088879585266113
[2023-05-01 15:33:53] Train Epoch: 8 [8000/20000 (40.0%)]	Loss: 0.19090744853019714
[2023-05-01 15:33:53] Train Epoch: 8 [8800/20000 (44.0%)]	Loss: 0.29666852951049805
[2023-05-01 15:33:53] Train Epoch: 8 [9600/20000 (48.0%)]	Loss: 0.2667054235935211
[2023-05-01 15:33:53] Train Epoch: 8 [10400/20000 (52.0%)]	Loss: 0.15575341880321503
[2023-05-01 15:33:53] Train Epoch: 8 [11200/20000 (56.0%)]	Loss: 0.1869778037071228
[2023-05-01 15:33:54] Train Epoch: 8 [12000/20000 (60.0%)]	Loss: 0.29274165630340576
[2023-05-01 15:33:54] Train Epoch: 8 [12800/20000 (64.0%)]	Loss: 0.09345461428165436
[2023-05-01 15:33:54] Train Epoch: 8 [13600/20000 (68.0%)]	Loss: 0.3055182993412018
[2023-05-01 15:33:54] Train Epoch: 8 [14400/20000 (72.0%)]	Loss: 0.24336357414722443
[2023-05-01 15:33:54] Train Epoch: 8 [15200/20000 (76.0%)]	Loss: 0.18183410167694092
[2023-05-01 15:33:55] Train Epoch: 8 [16000/20000 (80.0%)]	Loss: 0.44449394941329956
[2023-05-01 15:33:55] Train Epoch: 8 [16800/20000 (84.0%)]	Loss: 0.21229144930839539
[2023-05-01 15:33:55] Train Epoch: 8 [17600/20000 (88.0%)]	Loss: 0.3020794689655304
[2023-05-01 15:33:55] Train Epoch: 8 [18400/20000 (92.0%)]	Loss: 0.1940457969903946
[2023-05-01 15:33:55] Train Epoch: 8 [19200/20000 (96.0%)]	Loss: 0.32695913314819336
[2023-05-01 15:33:58] ========== Metrics ==========
[2023-05-01 15:33:58] {
  "tr_loss": 0.23522811718840209,
  "tr_acc": 0.909040904090409,
  "tr_f1": 0.9084319154291467,
  "val_loss": 0.44082826449024376,
  "val_acc": 0.8003197726061467,
  "val_f1": 0.8009210060219625,
  "test_loss": 0.4315940978404306,
  "test_acc": 0.8048780487804879,
  "test_f1": 0.8043478260869565
}
[2023-05-01 15:33:58] ========== Metrics ==========
[2023-05-01 15:33:58] Train Epoch: 9 [0/20000 (0.0%)]	Loss: 0.18761326372623444
[2023-05-01 15:33:58] Train Epoch: 9 [800/20000 (4.0%)]	Loss: 0.18510155379772186
[2023-05-01 15:33:59] Train Epoch: 9 [1600/20000 (8.0%)]	Loss: 0.15149381756782532
[2023-05-01 15:33:59] Train Epoch: 9 [2400/20000 (12.0%)]	Loss: 0.26754671335220337
[2023-05-01 15:33:59] Train Epoch: 9 [3200/20000 (16.0%)]	Loss: 0.4795719385147095
[2023-05-01 15:33:59] Train Epoch: 9 [4000/20000 (20.0%)]	Loss: 0.12889672815799713
[2023-05-01 15:33:59] Train Epoch: 9 [4800/20000 (24.0%)]	Loss: 0.23001208901405334
[2023-05-01 15:33:59] Train Epoch: 9 [5600/20000 (28.0%)]	Loss: 0.12542985379695892
[2023-05-01 15:34:00] Train Epoch: 9 [6400/20000 (32.0%)]	Loss: 0.196902334690094
[2023-05-01 15:34:00] Train Epoch: 9 [7200/20000 (36.0%)]	Loss: 0.18234090507030487
[2023-05-01 15:34:00] Train Epoch: 9 [8000/20000 (40.0%)]	Loss: 0.20658212900161743
[2023-05-01 15:34:00] Train Epoch: 9 [8800/20000 (44.0%)]	Loss: 0.1755727380514145
[2023-05-01 15:34:00] Train Epoch: 9 [9600/20000 (48.0%)]	Loss: 0.19828376173973083
[2023-05-01 15:34:00] Train Epoch: 9 [10400/20000 (52.0%)]	Loss: 0.19726097583770752
[2023-05-01 15:34:01] Train Epoch: 9 [11200/20000 (56.0%)]	Loss: 0.1909065544605255
[2023-05-01 15:34:01] Train Epoch: 9 [12000/20000 (60.0%)]	Loss: 0.1797734946012497
[2023-05-01 15:34:01] Train Epoch: 9 [12800/20000 (64.0%)]	Loss: 0.35897132754325867
[2023-05-01 15:34:01] Train Epoch: 9 [13600/20000 (68.0%)]	Loss: 0.15942077338695526
[2023-05-01 15:34:01] Train Epoch: 9 [14400/20000 (72.0%)]	Loss: 0.30551087856292725
[2023-05-01 15:34:01] Train Epoch: 9 [15200/20000 (76.0%)]	Loss: 0.2077503353357315
[2023-05-01 15:34:02] Train Epoch: 9 [16000/20000 (80.0%)]	Loss: 0.12577466666698456
[2023-05-01 15:34:02] Train Epoch: 9 [16800/20000 (84.0%)]	Loss: 0.12404974550008774
[2023-05-01 15:34:02] Train Epoch: 9 [17600/20000 (88.0%)]	Loss: 0.35695117712020874
[2023-05-01 15:34:02] Train Epoch: 9 [18400/20000 (92.0%)]	Loss: 0.10843907296657562
[2023-05-01 15:34:02] Train Epoch: 9 [19200/20000 (96.0%)]	Loss: 0.3231828212738037
[2023-05-01 15:34:05] ========== Metrics ==========
[2023-05-01 15:34:05] {
  "tr_loss": 0.23026260398592827,
  "tr_acc": 0.9106910691069107,
  "tr_f1": 0.9101428858925338,
  "val_loss": 0.4396910693679785,
  "val_acc": 0.801030378397584,
  "val_f1": 0.801418439716312,
  "test_loss": 0.421012625138611,
  "test_acc": 0.8021680216802168,
  "test_f1": 0.8010899182561307
}
[2023-05-01 15:34:05] ========== Metrics ==========
[2023-05-01 15:34:05] Train Epoch: 10 [0/20000 (0.0%)]	Loss: 0.2726426422595978
[2023-05-01 15:34:05] Train Epoch: 10 [800/20000 (4.0%)]	Loss: 0.293428897857666
[2023-05-01 15:34:06] Train Epoch: 10 [1600/20000 (8.0%)]	Loss: 0.10035069286823273
[2023-05-01 15:34:06] Train Epoch: 10 [2400/20000 (12.0%)]	Loss: 0.16462846100330353
[2023-05-01 15:34:06] Train Epoch: 10 [3200/20000 (16.0%)]	Loss: 0.0735631138086319
[2023-05-01 15:34:06] Train Epoch: 10 [4000/20000 (20.0%)]	Loss: 0.24937649071216583
[2023-05-01 15:34:06] Train Epoch: 10 [4800/20000 (24.0%)]	Loss: 0.1728689968585968
[2023-05-01 15:34:06] Train Epoch: 10 [5600/20000 (28.0%)]	Loss: 0.23998935520648956
[2023-05-01 15:34:07] Train Epoch: 10 [6400/20000 (32.0%)]	Loss: 0.17198869585990906
[2023-05-01 15:34:07] Train Epoch: 10 [7200/20000 (36.0%)]	Loss: 0.13951143622398376
[2023-05-01 15:34:07] Train Epoch: 10 [8000/20000 (40.0%)]	Loss: 0.19620281457901
[2023-05-01 15:34:07] Train Epoch: 10 [8800/20000 (44.0%)]	Loss: 0.2579492926597595
[2023-05-01 15:34:07] Train Epoch: 10 [9600/20000 (48.0%)]	Loss: 0.18894879519939423
[2023-05-01 15:34:08] Train Epoch: 10 [10400/20000 (52.0%)]	Loss: 0.18959887325763702
[2023-05-01 15:34:08] Train Epoch: 10 [11200/20000 (56.0%)]	Loss: 0.09560281038284302
[2023-05-01 15:34:08] Train Epoch: 10 [12000/20000 (60.0%)]	Loss: 0.2029169350862503
[2023-05-01 15:34:08] Train Epoch: 10 [12800/20000 (64.0%)]	Loss: 0.07684300094842911
[2023-05-01 15:34:08] Train Epoch: 10 [13600/20000 (68.0%)]	Loss: 0.13093744218349457
[2023-05-01 15:34:08] Train Epoch: 10 [14400/20000 (72.0%)]	Loss: 0.2761079967021942
[2023-05-01 15:34:09] Train Epoch: 10 [15200/20000 (76.0%)]	Loss: 0.25073468685150146
[2023-05-01 15:34:09] Train Epoch: 10 [16000/20000 (80.0%)]	Loss: 0.36856210231781006
[2023-05-01 15:34:09] Train Epoch: 10 [16800/20000 (84.0%)]	Loss: 0.23450970649719238
[2023-05-01 15:34:09] Train Epoch: 10 [17600/20000 (88.0%)]	Loss: 0.3619723916053772
[2023-05-01 15:34:09] Train Epoch: 10 [18400/20000 (92.0%)]	Loss: 0.24460524320602417
[2023-05-01 15:34:09] Train Epoch: 10 [19200/20000 (96.0%)]	Loss: 0.295054167509079
[2023-05-01 15:34:12] ========== Metrics ==========
[2023-05-01 15:34:12] {
  "tr_loss": 0.22470329138580258,
  "tr_acc": 0.9139413941394139,
  "tr_f1": 0.9135306235240918,
  "val_loss": 0.43879630887967946,
  "val_acc": 0.8022739385325991,
  "val_f1": 0.8026245788260329,
  "test_loss": 0.42915949071972026,
  "test_acc": 0.8102981029810298,
  "test_f1": 0.809782608695652
}
[2023-05-01 15:34:12] ========== Metrics ==========
[2023-05-01 15:34:12] Train Epoch: 11 [0/20000 (0.0%)]	Loss: 0.36811867356300354
[2023-05-01 15:34:12] Train Epoch: 11 [800/20000 (4.0%)]	Loss: 0.4173631966114044
[2023-05-01 15:34:13] Train Epoch: 11 [1600/20000 (8.0%)]	Loss: 0.0997772142291069
[2023-05-01 15:34:13] Train Epoch: 11 [2400/20000 (12.0%)]	Loss: 0.2083745300769806
[2023-05-01 15:34:13] Train Epoch: 11 [3200/20000 (16.0%)]	Loss: 0.15904593467712402
[2023-05-01 15:34:13] Train Epoch: 11 [4000/20000 (20.0%)]	Loss: 0.20390507578849792
[2023-05-01 15:34:13] Train Epoch: 11 [4800/20000 (24.0%)]	Loss: 0.2664166986942291
[2023-05-01 15:34:13] Train Epoch: 11 [5600/20000 (28.0%)]	Loss: 0.3710920214653015
[2023-05-01 15:34:14] Train Epoch: 11 [6400/20000 (32.0%)]	Loss: 0.12429539114236832
[2023-05-01 15:34:14] Train Epoch: 11 [7200/20000 (36.0%)]	Loss: 0.16888737678527832
[2023-05-01 15:34:14] Train Epoch: 11 [8000/20000 (40.0%)]	Loss: 0.1709553599357605
[2023-05-01 15:34:14] Train Epoch: 11 [8800/20000 (44.0%)]	Loss: 0.2574411630630493
[2023-05-01 15:34:14] Train Epoch: 11 [9600/20000 (48.0%)]	Loss: 0.17982807755470276
[2023-05-01 15:34:14] Train Epoch: 11 [10400/20000 (52.0%)]	Loss: 0.2864282429218292
[2023-05-01 15:34:15] Train Epoch: 11 [11200/20000 (56.0%)]	Loss: 0.18674606084823608
[2023-05-01 15:34:15] Train Epoch: 11 [12000/20000 (60.0%)]	Loss: 0.26767805218696594
[2023-05-01 15:34:15] Train Epoch: 11 [12800/20000 (64.0%)]	Loss: 0.31513768434524536
[2023-05-01 15:34:15] Train Epoch: 11 [13600/20000 (68.0%)]	Loss: 0.42098626494407654
[2023-05-01 15:34:15] Train Epoch: 11 [14400/20000 (72.0%)]	Loss: 0.19371946156024933
[2023-05-01 15:34:16] Train Epoch: 11 [15200/20000 (76.0%)]	Loss: 0.1630207598209381
[2023-05-01 15:34:16] Train Epoch: 11 [16000/20000 (80.0%)]	Loss: 0.31357380747795105
[2023-05-01 15:34:16] Train Epoch: 11 [16800/20000 (84.0%)]	Loss: 0.19466835260391235
[2023-05-01 15:34:16] Train Epoch: 11 [17600/20000 (88.0%)]	Loss: 0.33427152037620544
[2023-05-01 15:34:16] Train Epoch: 11 [18400/20000 (92.0%)]	Loss: 0.21984949707984924
[2023-05-01 15:34:16] Train Epoch: 11 [19200/20000 (96.0%)]	Loss: 0.09715018421411514
[2023-05-01 15:34:18] ========== Metrics ==========
[2023-05-01 15:34:18] {
  "tr_loss": 0.21940321217526054,
  "tr_acc": 0.916041604160416,
  "tr_f1": 0.9153601855119222,
  "val_loss": 0.4387651619002247,
  "val_acc": 0.8020962870847398,
  "val_f1": 0.802412202908833,
  "test_loss": 0.4129773730508034,
  "test_acc": 0.8102981029810298,
  "test_f1": 0.809782608695652
}
[2023-05-01 15:34:18] ========== Metrics ==========
[2023-05-01 15:34:19] Train Epoch: 12 [0/20000 (0.0%)]	Loss: 0.14249201118946075
[2023-05-01 15:34:19] Train Epoch: 12 [800/20000 (4.0%)]	Loss: 0.19894340634346008
[2023-05-01 15:34:19] Train Epoch: 12 [1600/20000 (8.0%)]	Loss: 0.27310022711753845
[2023-05-01 15:34:20] Train Epoch: 12 [2400/20000 (12.0%)]	Loss: 0.16140641272068024
[2023-05-01 15:34:20] Train Epoch: 12 [3200/20000 (16.0%)]	Loss: 0.3554757833480835
[2023-05-01 15:34:20] Train Epoch: 12 [4000/20000 (20.0%)]	Loss: 0.17899222671985626
[2023-05-01 15:34:20] Train Epoch: 12 [4800/20000 (24.0%)]	Loss: 0.23129203915596008
[2023-05-01 15:34:20] Train Epoch: 12 [5600/20000 (28.0%)]	Loss: 0.12928196787834167
[2023-05-01 15:34:20] Train Epoch: 12 [6400/20000 (32.0%)]	Loss: 0.2600858807563782
[2023-05-01 15:34:21] Train Epoch: 12 [7200/20000 (36.0%)]	Loss: 0.13729920983314514
[2023-05-01 15:34:21] Train Epoch: 12 [8000/20000 (40.0%)]	Loss: 0.20689284801483154
[2023-05-01 15:34:21] Train Epoch: 12 [8800/20000 (44.0%)]	Loss: 0.3608430027961731
[2023-05-01 15:34:21] Train Epoch: 12 [9600/20000 (48.0%)]	Loss: 0.1694350689649582
[2023-05-01 15:34:21] Train Epoch: 12 [10400/20000 (52.0%)]	Loss: 0.10011513531208038
[2023-05-01 15:34:21] Train Epoch: 12 [11200/20000 (56.0%)]	Loss: 0.2628193497657776
[2023-05-01 15:34:22] Train Epoch: 12 [12000/20000 (60.0%)]	Loss: 0.15236158668994904
[2023-05-01 15:34:22] Train Epoch: 12 [12800/20000 (64.0%)]	Loss: 0.13510733842849731
[2023-05-01 15:34:22] Train Epoch: 12 [13600/20000 (68.0%)]	Loss: 0.0917925238609314
[2023-05-01 15:34:22] Train Epoch: 12 [14400/20000 (72.0%)]	Loss: 0.22885967791080475
[2023-05-01 15:34:22] Train Epoch: 12 [15200/20000 (76.0%)]	Loss: 0.21451039612293243
[2023-05-01 15:34:22] Train Epoch: 12 [16000/20000 (80.0%)]	Loss: 0.14857271313667297
[2023-05-01 15:34:23] Train Epoch: 12 [16800/20000 (84.0%)]	Loss: 0.28345534205436707
[2023-05-01 15:34:23] Train Epoch: 12 [17600/20000 (88.0%)]	Loss: 0.16980122029781342
[2023-05-01 15:34:23] Train Epoch: 12 [18400/20000 (92.0%)]	Loss: 0.2892773151397705
[2023-05-01 15:34:23] Train Epoch: 12 [19200/20000 (96.0%)]	Loss: 0.10965364426374435
[2023-05-01 15:34:25] ========== Metrics ==========
[2023-05-01 15:34:25] {
  "tr_loss": 0.21745521201826545,
  "tr_acc": 0.9173917391739174,
  "tr_f1": 0.9167254763585039,
  "val_loss": 0.43866009308995774,
  "val_acc": 0.8020962870847398,
  "val_f1": 0.8023420865862314,
  "test_loss": 0.42491748856335154,
  "test_acc": 0.8102981029810298,
  "test_f1": 0.809782608695652
}
[2023-05-01 15:34:25] ========== Metrics ==========
[2023-05-01 15:34:26] Train Epoch: 13 [0/20000 (0.0%)]	Loss: 0.07349401712417603
[2023-05-01 15:34:26] Train Epoch: 13 [800/20000 (4.0%)]	Loss: 0.12623126804828644
[2023-05-01 15:34:26] Train Epoch: 13 [1600/20000 (8.0%)]	Loss: 0.215593621134758
[2023-05-01 15:34:26] Train Epoch: 13 [2400/20000 (12.0%)]	Loss: 0.11924663186073303
[2023-05-01 15:34:27] Train Epoch: 13 [3200/20000 (16.0%)]	Loss: 0.10364299267530441
[2023-05-01 15:34:27] Train Epoch: 13 [4000/20000 (20.0%)]	Loss: 0.08890511095523834
[2023-05-01 15:34:27] Train Epoch: 13 [4800/20000 (24.0%)]	Loss: 0.16008596122264862
[2023-05-01 15:34:27] Train Epoch: 13 [5600/20000 (28.0%)]	Loss: 0.0944308266043663
[2023-05-01 15:34:27] Train Epoch: 13 [6400/20000 (32.0%)]	Loss: 0.11306072026491165
[2023-05-01 15:34:28] Train Epoch: 13 [7200/20000 (36.0%)]	Loss: 0.3145855665206909
[2023-05-01 15:34:28] Train Epoch: 13 [8000/20000 (40.0%)]	Loss: 0.1531025469303131
[2023-05-01 15:34:28] Train Epoch: 13 [8800/20000 (44.0%)]	Loss: 0.29343751072883606
[2023-05-01 15:34:28] Train Epoch: 13 [9600/20000 (48.0%)]	Loss: 0.11611436307430267
[2023-05-01 15:34:28] Train Epoch: 13 [10400/20000 (52.0%)]	Loss: 0.10157162696123123
[2023-05-01 15:34:28] Train Epoch: 13 [11200/20000 (56.0%)]	Loss: 0.25802943110466003
[2023-05-01 15:34:29] Train Epoch: 13 [12000/20000 (60.0%)]	Loss: 0.4988768696784973
[2023-05-01 15:34:29] Train Epoch: 13 [12800/20000 (64.0%)]	Loss: 0.10835278779268265
[2023-05-01 15:34:29] Train Epoch: 13 [13600/20000 (68.0%)]	Loss: 0.22539982199668884
[2023-05-01 15:34:29] Train Epoch: 13 [14400/20000 (72.0%)]	Loss: 0.12434083968400955
[2023-05-01 15:34:29] Train Epoch: 13 [15200/20000 (76.0%)]	Loss: 0.15630412101745605
[2023-05-01 15:34:30] Train Epoch: 13 [16000/20000 (80.0%)]	Loss: 0.2003134787082672
[2023-05-01 15:34:30] Train Epoch: 13 [16800/20000 (84.0%)]	Loss: 0.11276263743638992
[2023-05-01 15:34:30] Train Epoch: 13 [17600/20000 (88.0%)]	Loss: 0.12458118051290512
[2023-05-01 15:34:30] Train Epoch: 13 [18400/20000 (92.0%)]	Loss: 0.15257929265499115
[2023-05-01 15:34:30] Train Epoch: 13 [19200/20000 (96.0%)]	Loss: 0.10700295865535736
[2023-05-01 15:34:32] ========== Metrics ==========
[2023-05-01 15:34:32] {
  "tr_loss": 0.2155982385827179,
  "tr_acc": 0.9188418841884188,
  "tr_f1": 0.9182079322683061,
  "val_loss": 0.4386545497838717,
  "val_acc": 0.8022739385325991,
  "val_f1": 0.802554550292709,
  "test_loss": 0.4176434049115271,
  "test_acc": 0.8102981029810298,
  "test_f1": 0.809782608695652
}
[2023-05-01 15:34:32] ========== Metrics ==========
[2023-05-01 15:34:33] Train Epoch: 14 [0/20000 (0.0%)]	Loss: 0.19339171051979065
[2023-05-01 15:34:33] Train Epoch: 14 [800/20000 (4.0%)]	Loss: 0.17479103803634644
[2023-05-01 15:34:33] Train Epoch: 14 [1600/20000 (8.0%)]	Loss: 0.10937988758087158
[2023-05-01 15:34:34] Train Epoch: 14 [2400/20000 (12.0%)]	Loss: 0.09638609737157822
[2023-05-01 15:34:34] Train Epoch: 14 [3200/20000 (16.0%)]	Loss: 0.13817551732063293
[2023-05-01 15:34:34] Train Epoch: 14 [4000/20000 (20.0%)]	Loss: 0.2259158492088318
[2023-05-01 15:34:34] Train Epoch: 14 [4800/20000 (24.0%)]	Loss: 0.1795690804719925
[2023-05-01 15:34:34] Train Epoch: 14 [5600/20000 (28.0%)]	Loss: 0.09028103947639465
[2023-05-01 15:34:34] Train Epoch: 14 [6400/20000 (32.0%)]	Loss: 0.27361929416656494
[2023-05-01 15:34:35] Train Epoch: 14 [7200/20000 (36.0%)]	Loss: 0.4966221749782562
[2023-05-01 15:34:35] Train Epoch: 14 [8000/20000 (40.0%)]	Loss: 0.23315465450286865
[2023-05-01 15:34:35] Train Epoch: 14 [8800/20000 (44.0%)]	Loss: 0.2727876901626587
[2023-05-01 15:34:35] Train Epoch: 14 [9600/20000 (48.0%)]	Loss: 0.23407778143882751
[2023-05-01 15:34:35] Train Epoch: 14 [10400/20000 (52.0%)]	Loss: 0.1931629776954651
[2023-05-01 15:34:35] Train Epoch: 14 [11200/20000 (56.0%)]	Loss: 0.14985497295856476
[2023-05-01 15:34:36] Train Epoch: 14 [12000/20000 (60.0%)]	Loss: 0.14796406030654907
[2023-05-01 15:34:36] Train Epoch: 14 [12800/20000 (64.0%)]	Loss: 0.09256774932146072
[2023-05-01 15:34:36] Train Epoch: 14 [13600/20000 (68.0%)]	Loss: 0.13800176978111267
[2023-05-01 15:34:36] Train Epoch: 14 [14400/20000 (72.0%)]	Loss: 0.2142445296049118
[2023-05-01 15:34:36] Train Epoch: 14 [15200/20000 (76.0%)]	Loss: 0.3683999478816986
[2023-05-01 15:34:37] Train Epoch: 14 [16000/20000 (80.0%)]	Loss: 0.16534608602523804
[2023-05-01 15:34:37] Train Epoch: 14 [16800/20000 (84.0%)]	Loss: 0.25668632984161377
[2023-05-01 15:34:37] Train Epoch: 14 [17600/20000 (88.0%)]	Loss: 0.3190980851650238
[2023-05-01 15:34:37] Train Epoch: 14 [18400/20000 (92.0%)]	Loss: 0.13013456761837006
[2023-05-01 15:34:37] Train Epoch: 14 [19200/20000 (96.0%)]	Loss: 0.233713299036026
[2023-05-01 15:34:39] ========== Metrics ==========
[2023-05-01 15:34:39] {
  "tr_loss": 0.21846601342258365,
  "tr_acc": 0.9166916691669167,
  "tr_f1": 0.9159858799798285,
  "val_loss": 0.4387752903484074,
  "val_acc": 0.8020962870847398,
  "val_f1": 0.8026222537207655,
  "test_loss": 0.41782406222852586,
  "test_acc": 0.8102981029810298,
  "test_f1": 0.809782608695652
}
[2023-05-01 15:34:39] ========== Metrics ==========
[2023-05-01 15:34:40] Train Epoch: 15 [0/20000 (0.0%)]	Loss: 0.1998864859342575
[2023-05-01 15:34:40] Train Epoch: 15 [800/20000 (4.0%)]	Loss: 0.1067105233669281
[2023-05-01 15:34:40] Train Epoch: 15 [1600/20000 (8.0%)]	Loss: 0.06886248290538788
[2023-05-01 15:34:41] Train Epoch: 15 [2400/20000 (12.0%)]	Loss: 0.15150116384029388
[2023-05-01 15:34:41] Train Epoch: 15 [3200/20000 (16.0%)]	Loss: 0.18365074694156647
[2023-05-01 15:34:41] Train Epoch: 15 [4000/20000 (20.0%)]	Loss: 0.24467402696609497
[2023-05-01 15:34:41] Train Epoch: 15 [4800/20000 (24.0%)]	Loss: 0.3110091984272003
[2023-05-01 15:34:41] Train Epoch: 15 [5600/20000 (28.0%)]	Loss: 0.09888314455747604
[2023-05-01 15:34:41] Train Epoch: 15 [6400/20000 (32.0%)]	Loss: 0.4344804584980011
[2023-05-01 15:34:42] Train Epoch: 15 [7200/20000 (36.0%)]	Loss: 0.17878024280071259
[2023-05-01 15:34:42] Train Epoch: 15 [8000/20000 (40.0%)]	Loss: 0.11092957109212875
[2023-05-01 15:34:42] Train Epoch: 15 [8800/20000 (44.0%)]	Loss: 0.37698280811309814
[2023-05-01 15:34:42] Train Epoch: 15 [9600/20000 (48.0%)]	Loss: 0.4565560221672058
[2023-05-01 15:34:42] Train Epoch: 15 [10400/20000 (52.0%)]	Loss: 0.0810813158750534
[2023-05-01 15:34:43] Train Epoch: 15 [11200/20000 (56.0%)]	Loss: 0.14205676317214966
[2023-05-01 15:34:43] Train Epoch: 15 [12000/20000 (60.0%)]	Loss: 0.3480883836746216
[2023-05-01 15:34:43] Train Epoch: 15 [12800/20000 (64.0%)]	Loss: 0.2057206779718399
[2023-05-01 15:34:43] Train Epoch: 15 [13600/20000 (68.0%)]	Loss: 0.2229655534029007
[2023-05-01 15:34:43] Train Epoch: 15 [14400/20000 (72.0%)]	Loss: 0.3657924234867096
[2023-05-01 15:34:43] Train Epoch: 15 [15200/20000 (76.0%)]	Loss: 0.25812193751335144
[2023-05-01 15:34:44] Train Epoch: 15 [16000/20000 (80.0%)]	Loss: 0.39830365777015686
[2023-05-01 15:34:44] Train Epoch: 15 [16800/20000 (84.0%)]	Loss: 0.26729193329811096
[2023-05-01 15:34:44] Train Epoch: 15 [17600/20000 (88.0%)]	Loss: 0.08718094229698181
[2023-05-01 15:34:44] Train Epoch: 15 [18400/20000 (92.0%)]	Loss: 0.07247618585824966
[2023-05-01 15:34:44] Train Epoch: 15 [19200/20000 (96.0%)]	Loss: 0.2867240607738495
[2023-05-01 15:34:47] ========== Metrics ==========
[2023-05-01 15:34:47] {
  "tr_loss": 0.21239102532034076,
  "tr_acc": 0.9193919391939194,
  "tr_f1": 0.918848167539267,
  "val_loss": 0.4386932687239275,
  "val_acc": 0.8019186356368805,
  "val_f1": 0.8024800708591674,
  "test_loss": 0.46115408421854986,
  "test_acc": 0.8102981029810298,
  "test_f1": 0.809782608695652
}
[2023-05-01 15:34:47] ========== Metrics ==========
[2023-05-01 15:34:47] Train Epoch: 16 [0/20000 (0.0%)]	Loss: 0.1591666042804718
[2023-05-01 15:34:47] Train Epoch: 16 [800/20000 (4.0%)]	Loss: 0.17646408081054688
[2023-05-01 15:34:47] Train Epoch: 16 [1600/20000 (8.0%)]	Loss: 0.19402240216732025
[2023-05-01 15:34:48] Train Epoch: 16 [2400/20000 (12.0%)]	Loss: 0.2457815408706665
[2023-05-01 15:34:48] Train Epoch: 16 [3200/20000 (16.0%)]	Loss: 0.17401181161403656
[2023-05-01 15:34:48] Train Epoch: 16 [4000/20000 (20.0%)]	Loss: 0.2785065472126007
[2023-05-01 15:34:48] Train Epoch: 16 [4800/20000 (24.0%)]	Loss: 0.14248260855674744
[2023-05-01 15:34:48] Train Epoch: 16 [5600/20000 (28.0%)]	Loss: 0.1901203691959381
[2023-05-01 15:34:49] Train Epoch: 16 [6400/20000 (32.0%)]	Loss: 0.1858443170785904
[2023-05-01 15:34:49] Train Epoch: 16 [7200/20000 (36.0%)]	Loss: 0.15228790044784546
[2023-05-01 15:34:49] Train Epoch: 16 [8000/20000 (40.0%)]	Loss: 0.23181317746639252
[2023-05-01 15:34:49] Train Epoch: 16 [8800/20000 (44.0%)]	Loss: 0.2403906285762787
[2023-05-01 15:34:49] Train Epoch: 16 [9600/20000 (48.0%)]	Loss: 0.19970665872097015
[2023-05-01 15:34:49] Train Epoch: 16 [10400/20000 (52.0%)]	Loss: 0.14258812367916107
[2023-05-01 15:34:50] Train Epoch: 16 [11200/20000 (56.0%)]	Loss: 0.16366241872310638
[2023-05-01 15:34:50] Train Epoch: 16 [12000/20000 (60.0%)]	Loss: 0.14338937401771545
[2023-05-01 15:34:50] Train Epoch: 16 [12800/20000 (64.0%)]	Loss: 0.18677709996700287
[2023-05-01 15:34:50] Train Epoch: 16 [13600/20000 (68.0%)]	Loss: 0.2319193333387375
[2023-05-01 15:34:50] Train Epoch: 16 [14400/20000 (72.0%)]	Loss: 0.17902418971061707
[2023-05-01 15:34:51] Train Epoch: 16 [15200/20000 (76.0%)]	Loss: 0.25911635160446167
[2023-05-01 15:34:51] Train Epoch: 16 [16000/20000 (80.0%)]	Loss: 0.10304558277130127
[2023-05-01 15:34:51] Train Epoch: 16 [16800/20000 (84.0%)]	Loss: 0.20898404717445374
[2023-05-01 15:34:51] Train Epoch: 16 [17600/20000 (88.0%)]	Loss: 0.14135916531085968
[2023-05-01 15:34:51] Train Epoch: 16 [18400/20000 (92.0%)]	Loss: 0.16035810112953186
[2023-05-01 15:34:51] Train Epoch: 16 [19200/20000 (96.0%)]	Loss: 0.25550755858421326
[2023-05-01 15:34:53] Stop At epoch 16/20 due to valid not increase
[2023-05-01 15:34:54] ========== Metrics ==========
[2023-05-01 15:34:54] {
  "tr_loss": 0.21875129171413998,
  "tr_acc": 0.9152915291529153,
  "tr_f1": 0.9151217556869427,
  "val_loss": 0.43866158819342616,
  "val_acc": 0.8022739385325991,
  "val_f1": 0.8027644869750132,
  "test_loss": 0.4200578966761023,
  "test_acc": 0.8102981029810298,
  "test_f1": 0.809782608695652
}
[2023-05-01 15:34:54] ========== Metrics ==========
