[2023-05-03 11:51:55] Train Epoch: 1 [0/20000 (0.0%)]	Loss: 0.879487931728363
[2023-05-03 11:51:55] Train Epoch: 1 [800/20000 (4.0%)]	Loss: 0.765038251876831
[2023-05-03 11:51:55] Train Epoch: 1 [1600/20000 (8.0%)]	Loss: 0.7705701589584351
[2023-05-03 11:51:56] Train Epoch: 1 [2400/20000 (12.0%)]	Loss: 0.6806541085243225
[2023-05-03 11:51:56] Train Epoch: 1 [3200/20000 (16.0%)]	Loss: 0.7212144732475281
[2023-05-03 11:51:56] Train Epoch: 1 [4000/20000 (20.0%)]	Loss: 0.7646877765655518
[2023-05-03 11:51:56] Train Epoch: 1 [4800/20000 (24.0%)]	Loss: 0.7192004919052124
[2023-05-03 11:51:57] Train Epoch: 1 [5600/20000 (28.0%)]	Loss: 0.6610794067382812
[2023-05-03 11:51:57] Train Epoch: 1 [6400/20000 (32.0%)]	Loss: 0.6660828590393066
[2023-05-03 11:51:57] Train Epoch: 1 [7200/20000 (36.0%)]	Loss: 0.6945278644561768
[2023-05-03 11:51:57] Train Epoch: 1 [8000/20000 (40.0%)]	Loss: 0.7142466306686401
[2023-05-03 11:51:57] Train Epoch: 1 [8800/20000 (44.0%)]	Loss: 0.6829002499580383
[2023-05-03 11:51:58] Train Epoch: 1 [9600/20000 (48.0%)]	Loss: 0.7247831225395203
[2023-05-03 11:51:58] Train Epoch: 1 [10400/20000 (52.0%)]	Loss: 0.6978880167007446
[2023-05-03 11:51:58] Train Epoch: 1 [11200/20000 (56.0%)]	Loss: 0.6947922706604004
[2023-05-03 11:51:58] Train Epoch: 1 [12000/20000 (60.0%)]	Loss: 0.6946849822998047
[2023-05-03 11:51:59] Train Epoch: 1 [12800/20000 (64.0%)]	Loss: 0.7192676067352295
[2023-05-03 11:51:59] Train Epoch: 1 [13600/20000 (68.0%)]	Loss: 0.7071638107299805
[2023-05-03 11:51:59] Train Epoch: 1 [14400/20000 (72.0%)]	Loss: 0.6667442321777344
[2023-05-03 11:51:59] Train Epoch: 1 [15200/20000 (76.0%)]	Loss: 0.6218419075012207
[2023-05-03 11:51:59] Train Epoch: 1 [16000/20000 (80.0%)]	Loss: 0.7168759107589722
[2023-05-03 11:52:00] Train Epoch: 1 [16800/20000 (84.0%)]	Loss: 0.6823920607566833
[2023-05-03 11:52:00] Train Epoch: 1 [17600/20000 (88.0%)]	Loss: 0.6028895378112793
[2023-05-03 11:52:00] Train Epoch: 1 [18400/20000 (92.0%)]	Loss: 0.6631217002868652
[2023-05-03 11:52:00] Train Epoch: 1 [19200/20000 (96.0%)]	Loss: 0.697348952293396
[2023-05-03 11:52:04] ========== Metrics ==========
[2023-05-03 11:52:04] {
  "tr_loss": 0.6920192433614852,
  "tr_acc": 0.5391039103910391,
  "tr_f1": 0.5698417883978157,
  "val_loss": 0.6656715564521088,
  "val_acc": 0.6553561911529578,
  "val_f1": 0.6987577639751552,
  "test_loss": 0.6874944330230961,
  "test_acc": 0.6666666666666666,
  "test_f1": 0.7064439140811457
}
[2023-05-03 11:52:04] ========== Metrics ==========
[2023-05-03 11:52:05] Train Epoch: 2 [0/20000 (0.0%)]	Loss: 0.6811065673828125
[2023-05-03 11:52:05] Train Epoch: 2 [800/20000 (4.0%)]	Loss: 0.6076328158378601
[2023-05-03 11:52:06] Train Epoch: 2 [1600/20000 (8.0%)]	Loss: 0.6524487733840942
[2023-05-03 11:52:06] Train Epoch: 2 [2400/20000 (12.0%)]	Loss: 0.6136030554771423
[2023-05-03 11:52:06] Train Epoch: 2 [3200/20000 (16.0%)]	Loss: 0.5534736514091492
[2023-05-03 11:52:06] Train Epoch: 2 [4000/20000 (20.0%)]	Loss: 0.6887685060501099
[2023-05-03 11:52:06] Train Epoch: 2 [4800/20000 (24.0%)]	Loss: 0.5978560447692871
[2023-05-03 11:52:07] Train Epoch: 2 [5600/20000 (28.0%)]	Loss: 0.7372726202011108
[2023-05-03 11:52:07] Train Epoch: 2 [6400/20000 (32.0%)]	Loss: 0.5815915465354919
[2023-05-03 11:52:07] Train Epoch: 2 [7200/20000 (36.0%)]	Loss: 0.7116614580154419
[2023-05-03 11:52:07] Train Epoch: 2 [8000/20000 (40.0%)]	Loss: 0.5485212802886963
[2023-05-03 11:52:08] Train Epoch: 2 [8800/20000 (44.0%)]	Loss: 0.5840039253234863
[2023-05-03 11:52:08] Train Epoch: 2 [9600/20000 (48.0%)]	Loss: 0.5737953186035156
[2023-05-03 11:52:08] Train Epoch: 2 [10400/20000 (52.0%)]	Loss: 0.7704057693481445
[2023-05-03 11:52:08] Train Epoch: 2 [11200/20000 (56.0%)]	Loss: 0.6195876002311707
[2023-05-03 11:52:08] Train Epoch: 2 [12000/20000 (60.0%)]	Loss: 0.5971078872680664
[2023-05-03 11:52:09] Train Epoch: 2 [12800/20000 (64.0%)]	Loss: 0.5280486345291138
[2023-05-03 11:52:09] Train Epoch: 2 [13600/20000 (68.0%)]	Loss: 0.7629055380821228
[2023-05-03 11:52:09] Train Epoch: 2 [14400/20000 (72.0%)]	Loss: 0.616346001625061
[2023-05-03 11:52:09] Train Epoch: 2 [15200/20000 (76.0%)]	Loss: 0.6406125426292419
[2023-05-03 11:52:10] Train Epoch: 2 [16000/20000 (80.0%)]	Loss: 0.5613254308700562
[2023-05-03 11:52:10] Train Epoch: 2 [16800/20000 (84.0%)]	Loss: 0.554124653339386
[2023-05-03 11:52:10] Train Epoch: 2 [17600/20000 (88.0%)]	Loss: 0.6050293445587158
[2023-05-03 11:52:10] Train Epoch: 2 [18400/20000 (92.0%)]	Loss: 0.7211654782295227
[2023-05-03 11:52:10] Train Epoch: 2 [19200/20000 (96.0%)]	Loss: 0.6013327240943909
[2023-05-03 11:52:14] ========== Metrics ==========
[2023-05-03 11:52:14] {
  "tr_loss": 0.6202675546094267,
  "tr_acc": 0.6704670467046705,
  "tr_f1": 0.6755292959133432,
  "val_loss": 0.5911458895248384,
  "val_acc": 0.726416770296678,
  "val_f1": 0.7182583241858763,
  "test_loss": 0.5919254905163112,
  "test_acc": 0.7398373983739838,
  "test_f1": 0.7241379310344829
}
[2023-05-03 11:52:14] ========== Metrics ==========
[2023-05-03 11:52:15] Train Epoch: 3 [0/20000 (0.0%)]	Loss: 0.49917662143707275
[2023-05-03 11:52:15] Train Epoch: 3 [800/20000 (4.0%)]	Loss: 0.6126028299331665
[2023-05-03 11:52:15] Train Epoch: 3 [1600/20000 (8.0%)]	Loss: 0.49397462606430054
[2023-05-03 11:52:15] Train Epoch: 3 [2400/20000 (12.0%)]	Loss: 0.6812230348587036
[2023-05-03 11:52:16] Train Epoch: 3 [3200/20000 (16.0%)]	Loss: 0.5559155941009521
[2023-05-03 11:52:16] Train Epoch: 3 [4000/20000 (20.0%)]	Loss: 0.549484133720398
[2023-05-03 11:52:16] Train Epoch: 3 [4800/20000 (24.0%)]	Loss: 0.5449028611183167
[2023-05-03 11:52:16] Train Epoch: 3 [5600/20000 (28.0%)]	Loss: 0.5604336857795715
[2023-05-03 11:52:16] Train Epoch: 3 [6400/20000 (32.0%)]	Loss: 0.45435217022895813
[2023-05-03 11:52:17] Train Epoch: 3 [7200/20000 (36.0%)]	Loss: 0.6043034791946411
[2023-05-03 11:52:17] Train Epoch: 3 [8000/20000 (40.0%)]	Loss: 0.4531473219394684
[2023-05-03 11:52:17] Train Epoch: 3 [8800/20000 (44.0%)]	Loss: 0.47837114334106445
[2023-05-03 11:52:17] Train Epoch: 3 [9600/20000 (48.0%)]	Loss: 0.4684779942035675
[2023-05-03 11:52:18] Train Epoch: 3 [10400/20000 (52.0%)]	Loss: 0.352348655462265
[2023-05-03 11:52:18] Train Epoch: 3 [11200/20000 (56.0%)]	Loss: 0.6217568516731262
[2023-05-03 11:52:18] Train Epoch: 3 [12000/20000 (60.0%)]	Loss: 0.5171840190887451
[2023-05-03 11:52:18] Train Epoch: 3 [12800/20000 (64.0%)]	Loss: 0.42436257004737854
[2023-05-03 11:52:19] Train Epoch: 3 [13600/20000 (68.0%)]	Loss: 0.5359843373298645
[2023-05-03 11:52:19] Train Epoch: 3 [14400/20000 (72.0%)]	Loss: 0.5489099621772766
[2023-05-03 11:52:19] Train Epoch: 3 [15200/20000 (76.0%)]	Loss: 0.4484596848487854
[2023-05-03 11:52:19] Train Epoch: 3 [16000/20000 (80.0%)]	Loss: 0.6024746894836426
[2023-05-03 11:52:19] Train Epoch: 3 [16800/20000 (84.0%)]	Loss: 0.3654990494251251
[2023-05-03 11:52:20] Train Epoch: 3 [17600/20000 (88.0%)]	Loss: 0.5740601420402527
[2023-05-03 11:52:20] Train Epoch: 3 [18400/20000 (92.0%)]	Loss: 0.5222395062446594
[2023-05-03 11:52:20] Train Epoch: 3 [19200/20000 (96.0%)]	Loss: 0.4507698714733124
[2023-05-03 11:52:24] ========== Metrics ==========
[2023-05-03 11:52:24] {
  "tr_loss": 0.5371908990606473,
  "tr_acc": 0.7475247524752475,
  "tr_f1": 0.7356406094559924,
  "val_loss": 0.5475193584636635,
  "val_acc": 0.7408065375732812,
  "val_f1": 0.7308614646744144,
  "test_loss": 0.5238702041992973,
  "test_acc": 0.7859078590785907,
  "test_f1": 0.7799442896935934
}
[2023-05-03 11:52:24] ========== Metrics ==========
[2023-05-03 11:52:24] Train Epoch: 4 [0/20000 (0.0%)]	Loss: 0.6667416095733643
[2023-05-03 11:52:25] Train Epoch: 4 [800/20000 (4.0%)]	Loss: 0.7677662372589111
[2023-05-03 11:52:25] Train Epoch: 4 [1600/20000 (8.0%)]	Loss: 0.6336998343467712
[2023-05-03 11:52:25] Train Epoch: 4 [2400/20000 (12.0%)]	Loss: 0.5607708096504211
[2023-05-03 11:52:25] Train Epoch: 4 [3200/20000 (16.0%)]	Loss: 0.38278520107269287
[2023-05-03 11:52:26] Train Epoch: 4 [4000/20000 (20.0%)]	Loss: 0.6556338667869568
[2023-05-03 11:52:26] Train Epoch: 4 [4800/20000 (24.0%)]	Loss: 0.5519630908966064
[2023-05-03 11:52:26] Train Epoch: 4 [5600/20000 (28.0%)]	Loss: 0.4666139483451843
[2023-05-03 11:52:26] Train Epoch: 4 [6400/20000 (32.0%)]	Loss: 0.2985819876194
[2023-05-03 11:52:27] Train Epoch: 4 [7200/20000 (36.0%)]	Loss: 0.4632354974746704
[2023-05-03 11:52:27] Train Epoch: 4 [8000/20000 (40.0%)]	Loss: 0.585228443145752
[2023-05-03 11:52:27] Train Epoch: 4 [8800/20000 (44.0%)]	Loss: 0.2948523461818695
[2023-05-03 11:52:27] Train Epoch: 4 [9600/20000 (48.0%)]	Loss: 0.3580213487148285
[2023-05-03 11:52:27] Train Epoch: 4 [10400/20000 (52.0%)]	Loss: 0.2898753583431244
[2023-05-03 11:52:28] Train Epoch: 4 [11200/20000 (56.0%)]	Loss: 0.3575270175933838
[2023-05-03 11:52:28] Train Epoch: 4 [12000/20000 (60.0%)]	Loss: 0.46212050318717957
[2023-05-03 11:52:28] Train Epoch: 4 [12800/20000 (64.0%)]	Loss: 0.5984969139099121
[2023-05-03 11:52:28] Train Epoch: 4 [13600/20000 (68.0%)]	Loss: 0.8089534640312195
[2023-05-03 11:52:29] Train Epoch: 4 [14400/20000 (72.0%)]	Loss: 0.5520277619361877
[2023-05-03 11:52:29] Train Epoch: 4 [15200/20000 (76.0%)]	Loss: 0.6747368574142456
[2023-05-03 11:52:29] Train Epoch: 4 [16000/20000 (80.0%)]	Loss: 0.41347864270210266
[2023-05-03 11:52:29] Train Epoch: 4 [16800/20000 (84.0%)]	Loss: 0.48714500665664673
[2023-05-03 11:52:30] Train Epoch: 4 [17600/20000 (88.0%)]	Loss: 0.3190329670906067
[2023-05-03 11:52:30] Train Epoch: 4 [18400/20000 (92.0%)]	Loss: 0.5576308369636536
[2023-05-03 11:52:30] Train Epoch: 4 [19200/20000 (96.0%)]	Loss: 0.4221898913383484
[2023-05-03 11:52:34] ========== Metrics ==========
[2023-05-03 11:52:34] {
  "tr_loss": 0.46168260114623827,
  "tr_acc": 0.7986298629862987,
  "tr_f1": 0.7883756371853486,
  "val_loss": 0.5228455638902441,
  "val_acc": 0.7503997157576834,
  "val_f1": 0.7511071744906999,
  "test_loss": 0.49730413069893026,
  "test_acc": 0.8021680216802168,
  "test_f1": 0.8032345013477089
}
[2023-05-03 11:52:34] ========== Metrics ==========
[2023-05-03 11:52:34] Train Epoch: 5 [0/20000 (0.0%)]	Loss: 0.3473387360572815
[2023-05-03 11:52:35] Train Epoch: 5 [800/20000 (4.0%)]	Loss: 0.38451898097991943
[2023-05-03 11:52:35] Train Epoch: 5 [1600/20000 (8.0%)]	Loss: 0.5095782279968262
[2023-05-03 11:52:35] Train Epoch: 5 [2400/20000 (12.0%)]	Loss: 0.4380396604537964
[2023-05-03 11:52:35] Train Epoch: 5 [3200/20000 (16.0%)]	Loss: 0.33391186594963074
[2023-05-03 11:52:36] Train Epoch: 5 [4000/20000 (20.0%)]	Loss: 0.4697358012199402
[2023-05-03 11:52:36] Train Epoch: 5 [4800/20000 (24.0%)]	Loss: 0.4855753183364868
[2023-05-03 11:52:36] Train Epoch: 5 [5600/20000 (28.0%)]	Loss: 0.47405609488487244
[2023-05-03 11:52:36] Train Epoch: 5 [6400/20000 (32.0%)]	Loss: 0.3831627666950226
[2023-05-03 11:52:37] Train Epoch: 5 [7200/20000 (36.0%)]	Loss: 0.35560479760169983
[2023-05-03 11:52:37] Train Epoch: 5 [8000/20000 (40.0%)]	Loss: 0.6947895884513855
[2023-05-03 11:52:37] Train Epoch: 5 [8800/20000 (44.0%)]	Loss: 0.35806047916412354
[2023-05-03 11:52:37] Train Epoch: 5 [9600/20000 (48.0%)]	Loss: 0.22855839133262634
[2023-05-03 11:52:37] Train Epoch: 5 [10400/20000 (52.0%)]	Loss: 0.5606073141098022
[2023-05-03 11:52:38] Train Epoch: 5 [11200/20000 (56.0%)]	Loss: 0.43890637159347534
[2023-05-03 11:52:38] Train Epoch: 5 [12000/20000 (60.0%)]	Loss: 0.5128443837165833
[2023-05-03 11:52:38] Train Epoch: 5 [12800/20000 (64.0%)]	Loss: 0.38352105021476746
[2023-05-03 11:52:38] Train Epoch: 5 [13600/20000 (68.0%)]	Loss: 0.4948056638240814
[2023-05-03 11:52:39] Train Epoch: 5 [14400/20000 (72.0%)]	Loss: 0.33976390957832336
[2023-05-03 11:52:39] Train Epoch: 5 [15200/20000 (76.0%)]	Loss: 0.3608083426952362
[2023-05-03 11:52:39] Train Epoch: 5 [16000/20000 (80.0%)]	Loss: 0.41702592372894287
[2023-05-03 11:52:39] Train Epoch: 5 [16800/20000 (84.0%)]	Loss: 0.383171409368515
[2023-05-03 11:52:39] Train Epoch: 5 [17600/20000 (88.0%)]	Loss: 0.4441315829753876
[2023-05-03 11:52:40] Train Epoch: 5 [18400/20000 (92.0%)]	Loss: 0.35904526710510254
[2023-05-03 11:52:40] Train Epoch: 5 [19200/20000 (96.0%)]	Loss: 0.16181381046772003
[2023-05-03 11:52:44] ========== Metrics ==========
[2023-05-03 11:52:44] {
  "tr_loss": 0.4025281126325828,
  "tr_acc": 0.8313331333133314,
  "tr_f1": 0.8222397891963109,
  "val_loss": 0.5095516592131815,
  "val_acc": 0.750755018653402,
  "val_f1": 0.7549344978165939,
  "test_loss": 0.47420601470037527,
  "test_acc": 0.7913279132791328,
  "test_f1": 0.7968337730870713
}
[2023-05-03 11:52:44] ========== Metrics ==========
[2023-05-03 11:52:45] Train Epoch: 6 [0/20000 (0.0%)]	Loss: 0.3255145847797394
[2023-05-03 11:52:45] Train Epoch: 6 [800/20000 (4.0%)]	Loss: 0.24258385598659515
[2023-05-03 11:52:45] Train Epoch: 6 [1600/20000 (8.0%)]	Loss: 0.36272087693214417
[2023-05-03 11:52:45] Train Epoch: 6 [2400/20000 (12.0%)]	Loss: 0.600854754447937
[2023-05-03 11:52:45] Train Epoch: 6 [3200/20000 (16.0%)]	Loss: 0.5063558220863342
[2023-05-03 11:52:46] Train Epoch: 6 [4000/20000 (20.0%)]	Loss: 0.19642916321754456
[2023-05-03 11:52:46] Train Epoch: 6 [4800/20000 (24.0%)]	Loss: 0.6635972261428833
[2023-05-03 11:52:46] Train Epoch: 6 [5600/20000 (28.0%)]	Loss: 0.29567235708236694
[2023-05-03 11:52:46] Train Epoch: 6 [6400/20000 (32.0%)]	Loss: 0.25455451011657715
[2023-05-03 11:52:46] Train Epoch: 6 [7200/20000 (36.0%)]	Loss: 0.3596017360687256
[2023-05-03 11:52:47] Train Epoch: 6 [8000/20000 (40.0%)]	Loss: 0.5356460809707642
[2023-05-03 11:52:47] Train Epoch: 6 [8800/20000 (44.0%)]	Loss: 0.47640615701675415
[2023-05-03 11:52:47] Train Epoch: 6 [9600/20000 (48.0%)]	Loss: 0.3170251250267029
[2023-05-03 11:52:47] Train Epoch: 6 [10400/20000 (52.0%)]	Loss: 0.4178321659564972
[2023-05-03 11:52:48] Train Epoch: 6 [11200/20000 (56.0%)]	Loss: 0.4098972976207733
[2023-05-03 11:52:48] Train Epoch: 6 [12000/20000 (60.0%)]	Loss: 0.4171380400657654
[2023-05-03 11:52:48] Train Epoch: 6 [12800/20000 (64.0%)]	Loss: 0.3722110390663147
[2023-05-03 11:52:48] Train Epoch: 6 [13600/20000 (68.0%)]	Loss: 0.33037644624710083
[2023-05-03 11:52:49] Train Epoch: 6 [14400/20000 (72.0%)]	Loss: 0.2430068552494049
[2023-05-03 11:52:49] Train Epoch: 6 [15200/20000 (76.0%)]	Loss: 0.40628474950790405
[2023-05-03 11:52:49] Train Epoch: 6 [16000/20000 (80.0%)]	Loss: 0.28774088621139526
[2023-05-03 11:52:49] Train Epoch: 6 [16800/20000 (84.0%)]	Loss: 0.2612747848033905
[2023-05-03 11:52:49] Train Epoch: 6 [17600/20000 (88.0%)]	Loss: 0.39482301473617554
[2023-05-03 11:52:50] Train Epoch: 6 [18400/20000 (92.0%)]	Loss: 0.5158975720405579
[2023-05-03 11:52:50] Train Epoch: 6 [19200/20000 (96.0%)]	Loss: 0.22580595314502716
[2023-05-03 11:52:54] ========== Metrics ==========
[2023-05-03 11:52:54] {
  "tr_loss": 0.3562525417735808,
  "tr_acc": 0.8573357335733574,
  "tr_f1": 0.850948226320464,
  "val_loss": 0.5082451163356481,
  "val_acc": 0.7518209273405578,
  "val_f1": 0.7558972566835577,
  "test_loss": 0.4747000412566229,
  "test_acc": 0.7913279132791328,
  "test_f1": 0.7968337730870713
}
[2023-05-03 11:52:54] ========== Metrics ==========
[2023-05-03 11:52:54] Train Epoch: 7 [0/20000 (0.0%)]	Loss: 0.44704535603523254
[2023-05-03 11:52:55] Train Epoch: 7 [800/20000 (4.0%)]	Loss: 0.37666141986846924
[2023-05-03 11:52:55] Train Epoch: 7 [1600/20000 (8.0%)]	Loss: 0.31377559900283813
[2023-05-03 11:52:55] Train Epoch: 7 [2400/20000 (12.0%)]	Loss: 0.2958824038505554
[2023-05-03 11:52:55] Train Epoch: 7 [3200/20000 (16.0%)]	Loss: 0.23036065697669983
[2023-05-03 11:52:56] Train Epoch: 7 [4000/20000 (20.0%)]	Loss: 0.39922818541526794
[2023-05-03 11:52:56] Train Epoch: 7 [4800/20000 (24.0%)]	Loss: 0.2148648202419281
[2023-05-03 11:52:56] Train Epoch: 7 [5600/20000 (28.0%)]	Loss: 0.3593645989894867
[2023-05-03 11:52:56] Train Epoch: 7 [6400/20000 (32.0%)]	Loss: 0.5619773864746094
[2023-05-03 11:52:56] Train Epoch: 7 [7200/20000 (36.0%)]	Loss: 0.306781142950058
[2023-05-03 11:52:57] Train Epoch: 7 [8000/20000 (40.0%)]	Loss: 0.2730548679828644
[2023-05-03 11:52:57] Train Epoch: 7 [8800/20000 (44.0%)]	Loss: 0.3164738118648529
[2023-05-03 11:52:57] Train Epoch: 7 [9600/20000 (48.0%)]	Loss: 0.28667503595352173
[2023-05-03 11:52:57] Train Epoch: 7 [10400/20000 (52.0%)]	Loss: 0.28695422410964966
[2023-05-03 11:52:58] Train Epoch: 7 [11200/20000 (56.0%)]	Loss: 0.280505508184433
[2023-05-03 11:52:58] Train Epoch: 7 [12000/20000 (60.0%)]	Loss: 0.2645919620990753
[2023-05-03 11:52:58] Train Epoch: 7 [12800/20000 (64.0%)]	Loss: 0.19517475366592407
[2023-05-03 11:52:58] Train Epoch: 7 [13600/20000 (68.0%)]	Loss: 0.28347349166870117
[2023-05-03 11:52:58] Train Epoch: 7 [14400/20000 (72.0%)]	Loss: 0.23898015916347504
[2023-05-03 11:52:59] Train Epoch: 7 [15200/20000 (76.0%)]	Loss: 0.43758198618888855
[2023-05-03 11:52:59] Train Epoch: 7 [16000/20000 (80.0%)]	Loss: 0.6513077616691589
[2023-05-03 11:52:59] Train Epoch: 7 [16800/20000 (84.0%)]	Loss: 0.21938443183898926
[2023-05-03 11:52:59] Train Epoch: 7 [17600/20000 (88.0%)]	Loss: 0.31400027871131897
[2023-05-03 11:53:00] Train Epoch: 7 [18400/20000 (92.0%)]	Loss: 0.3062421381473541
[2023-05-03 11:53:00] Train Epoch: 7 [19200/20000 (96.0%)]	Loss: 0.1940992921590805
[2023-05-03 11:53:03] ========== Metrics ==========
[2023-05-03 11:53:03] {
  "tr_loss": 0.34389508344588465,
  "tr_acc": 0.8652865286528653,
  "tr_f1": 0.8591446198891562,
  "val_loss": 0.5076301672632729,
  "val_acc": 0.7541303961627287,
  "val_f1": 0.7588009759498083,
  "test_loss": 0.4901797855449563,
  "test_acc": 0.7859078590785907,
  "test_f1": 0.7926509186351706
}
[2023-05-03 11:53:03] ========== Metrics ==========
[2023-05-03 11:53:04] Train Epoch: 8 [0/20000 (0.0%)]	Loss: 0.38661038875579834
[2023-05-03 11:53:05] Train Epoch: 8 [800/20000 (4.0%)]	Loss: 0.47742709517478943
[2023-05-03 11:53:05] Train Epoch: 8 [1600/20000 (8.0%)]	Loss: 0.21918193995952606
[2023-05-03 11:53:05] Train Epoch: 8 [2400/20000 (12.0%)]	Loss: 0.3585130572319031
[2023-05-03 11:53:05] Train Epoch: 8 [3200/20000 (16.0%)]	Loss: 0.2589229345321655
[2023-05-03 11:53:05] Train Epoch: 8 [4000/20000 (20.0%)]	Loss: 0.27177631855010986
[2023-05-03 11:53:06] Train Epoch: 8 [4800/20000 (24.0%)]	Loss: 0.21782593429088593
[2023-05-03 11:53:06] Train Epoch: 8 [5600/20000 (28.0%)]	Loss: 0.20881687104701996
[2023-05-03 11:53:06] Train Epoch: 8 [6400/20000 (32.0%)]	Loss: 0.3217483460903168
[2023-05-03 11:53:06] Train Epoch: 8 [7200/20000 (36.0%)]	Loss: 0.40342727303504944
[2023-05-03 11:53:07] Train Epoch: 8 [8000/20000 (40.0%)]	Loss: 0.3418934643268585
[2023-05-03 11:53:07] Train Epoch: 8 [8800/20000 (44.0%)]	Loss: 0.2688807249069214
[2023-05-03 11:53:07] Train Epoch: 8 [9600/20000 (48.0%)]	Loss: 0.22449365258216858
[2023-05-03 11:53:07] Train Epoch: 8 [10400/20000 (52.0%)]	Loss: 0.3102692663669586
[2023-05-03 11:53:07] Train Epoch: 8 [11200/20000 (56.0%)]	Loss: 0.39740288257598877
[2023-05-03 11:53:08] Train Epoch: 8 [12000/20000 (60.0%)]	Loss: 0.42661213874816895
[2023-05-03 11:53:08] Train Epoch: 8 [12800/20000 (64.0%)]	Loss: 0.20670507848262787
[2023-05-03 11:53:08] Train Epoch: 8 [13600/20000 (68.0%)]	Loss: 0.28671160340309143
[2023-05-03 11:53:08] Train Epoch: 8 [14400/20000 (72.0%)]	Loss: 0.2879641354084015
[2023-05-03 11:53:09] Train Epoch: 8 [15200/20000 (76.0%)]	Loss: 0.3528937101364136
[2023-05-03 11:53:09] Train Epoch: 8 [16000/20000 (80.0%)]	Loss: 0.20326878130435944
[2023-05-03 11:53:09] Train Epoch: 8 [16800/20000 (84.0%)]	Loss: 0.3511101305484772
[2023-05-03 11:53:09] Train Epoch: 8 [17600/20000 (88.0%)]	Loss: 0.16309873759746552
[2023-05-03 11:53:09] Train Epoch: 8 [18400/20000 (92.0%)]	Loss: 0.34289491176605225
[2023-05-03 11:53:10] Train Epoch: 8 [19200/20000 (96.0%)]	Loss: 0.343436598777771
[2023-05-03 11:53:13] ========== Metrics ==========
[2023-05-03 11:53:13] {
  "tr_loss": 0.3388081751640874,
  "tr_acc": 0.8663866386638663,
  "tr_f1": 0.8606591572799333,
  "val_loss": 0.5064590603700856,
  "val_acc": 0.7546633505063066,
  "val_f1": 0.7588615330888773,
  "test_loss": 0.45948593694020096,
  "test_acc": 0.7886178861788617,
  "test_f1": 0.7947368421052631
}
[2023-05-03 11:53:13] ========== Metrics ==========
[2023-05-03 11:53:14] Train Epoch: 9 [0/20000 (0.0%)]	Loss: 0.4702241122722626
[2023-05-03 11:53:15] Train Epoch: 9 [800/20000 (4.0%)]	Loss: 0.36421534419059753
[2023-05-03 11:53:15] Train Epoch: 9 [1600/20000 (8.0%)]	Loss: 0.25360816717147827
[2023-05-03 11:53:15] Train Epoch: 9 [2400/20000 (12.0%)]	Loss: 0.4711948037147522
[2023-05-03 11:53:15] Train Epoch: 9 [3200/20000 (16.0%)]	Loss: 0.5275875926017761
[2023-05-03 11:53:15] Train Epoch: 9 [4000/20000 (20.0%)]	Loss: 0.16768988966941833
[2023-05-03 11:53:16] Train Epoch: 9 [4800/20000 (24.0%)]	Loss: 0.43621644377708435
[2023-05-03 11:53:16] Train Epoch: 9 [5600/20000 (28.0%)]	Loss: 0.4786628782749176
[2023-05-03 11:53:16] Train Epoch: 9 [6400/20000 (32.0%)]	Loss: 0.31950709223747253
[2023-05-03 11:53:16] Train Epoch: 9 [7200/20000 (36.0%)]	Loss: 0.32384154200553894
[2023-05-03 11:53:17] Train Epoch: 9 [8000/20000 (40.0%)]	Loss: 0.24523109197616577
[2023-05-03 11:53:17] Train Epoch: 9 [8800/20000 (44.0%)]	Loss: 0.2905173599720001
[2023-05-03 11:53:17] Train Epoch: 9 [9600/20000 (48.0%)]	Loss: 0.5716087818145752
[2023-05-03 11:53:17] Train Epoch: 9 [10400/20000 (52.0%)]	Loss: 0.23225834965705872
[2023-05-03 11:53:17] Train Epoch: 9 [11200/20000 (56.0%)]	Loss: 0.2413133680820465
[2023-05-03 11:53:18] Train Epoch: 9 [12000/20000 (60.0%)]	Loss: 0.3200078010559082
[2023-05-03 11:53:18] Train Epoch: 9 [12800/20000 (64.0%)]	Loss: 0.4861004054546356
[2023-05-03 11:53:18] Train Epoch: 9 [13600/20000 (68.0%)]	Loss: 0.29050886631011963
[2023-05-03 11:53:18] Train Epoch: 9 [14400/20000 (72.0%)]	Loss: 0.3464089632034302
[2023-05-03 11:53:19] Train Epoch: 9 [15200/20000 (76.0%)]	Loss: 0.45631444454193115
[2023-05-03 11:53:19] Train Epoch: 9 [16000/20000 (80.0%)]	Loss: 0.23564903438091278
[2023-05-03 11:53:19] Train Epoch: 9 [16800/20000 (84.0%)]	Loss: 0.2645051181316376
[2023-05-03 11:53:19] Train Epoch: 9 [17600/20000 (88.0%)]	Loss: 0.1746334582567215
[2023-05-03 11:53:20] Train Epoch: 9 [18400/20000 (92.0%)]	Loss: 0.5211617350578308
[2023-05-03 11:53:20] Train Epoch: 9 [19200/20000 (96.0%)]	Loss: 0.3854024410247803
[2023-05-03 11:53:24] ========== Metrics ==========
[2023-05-03 11:53:24] {
  "tr_loss": 0.33275159914763713,
  "tr_acc": 0.8697869786978698,
  "tr_f1": 0.8636077938403521,
  "val_loss": 0.5064727897901564,
  "val_acc": 0.7550186534020252,
  "val_f1": 0.760548706372634,
  "test_loss": 0.4606636791694455,
  "test_acc": 0.7913279132791328,
  "test_f1": 0.7979002624671916
}
[2023-05-03 11:53:24] ========== Metrics ==========
[2023-05-03 11:53:25] Train Epoch: 10 [0/20000 (0.0%)]	Loss: 0.29647648334503174
[2023-05-03 11:53:25] Train Epoch: 10 [800/20000 (4.0%)]	Loss: 0.38672351837158203
[2023-05-03 11:53:25] Train Epoch: 10 [1600/20000 (8.0%)]	Loss: 0.5265352129936218
[2023-05-03 11:53:25] Train Epoch: 10 [2400/20000 (12.0%)]	Loss: 0.25336724519729614
[2023-05-03 11:53:25] Train Epoch: 10 [3200/20000 (16.0%)]	Loss: 0.2848035395145416
[2023-05-03 11:53:26] Train Epoch: 10 [4000/20000 (20.0%)]	Loss: 0.3641394078731537
[2023-05-03 11:53:26] Train Epoch: 10 [4800/20000 (24.0%)]	Loss: 0.3788452446460724
[2023-05-03 11:53:26] Train Epoch: 10 [5600/20000 (28.0%)]	Loss: 0.25178298354148865
[2023-05-03 11:53:26] Train Epoch: 10 [6400/20000 (32.0%)]	Loss: 0.42581966519355774
[2023-05-03 11:53:27] Train Epoch: 10 [7200/20000 (36.0%)]	Loss: 0.23259438574314117
[2023-05-03 11:53:27] Train Epoch: 10 [8000/20000 (40.0%)]	Loss: 0.3677282929420471
[2023-05-03 11:53:27] Train Epoch: 10 [8800/20000 (44.0%)]	Loss: 0.3768111765384674
[2023-05-03 11:53:27] Train Epoch: 10 [9600/20000 (48.0%)]	Loss: 0.32110220193862915
[2023-05-03 11:53:27] Train Epoch: 10 [10400/20000 (52.0%)]	Loss: 0.3220450282096863
[2023-05-03 11:53:28] Train Epoch: 10 [11200/20000 (56.0%)]	Loss: 0.3443204462528229
[2023-05-03 11:53:28] Train Epoch: 10 [12000/20000 (60.0%)]	Loss: 0.19618099927902222
[2023-05-03 11:53:28] Train Epoch: 10 [12800/20000 (64.0%)]	Loss: 0.25665271282196045
[2023-05-03 11:53:28] Train Epoch: 10 [13600/20000 (68.0%)]	Loss: 0.35256171226501465
[2023-05-03 11:53:29] Train Epoch: 10 [14400/20000 (72.0%)]	Loss: 0.4850802719593048
[2023-05-03 11:53:29] Train Epoch: 10 [15200/20000 (76.0%)]	Loss: 0.34778210520744324
[2023-05-03 11:53:29] Train Epoch: 10 [16000/20000 (80.0%)]	Loss: 0.3543933629989624
[2023-05-03 11:53:29] Train Epoch: 10 [16800/20000 (84.0%)]	Loss: 0.3821699321269989
[2023-05-03 11:53:30] Train Epoch: 10 [17600/20000 (88.0%)]	Loss: 0.14555299282073975
[2023-05-03 11:53:30] Train Epoch: 10 [18400/20000 (92.0%)]	Loss: 0.3332480192184448
[2023-05-03 11:53:30] Train Epoch: 10 [19200/20000 (96.0%)]	Loss: 0.17879745364189148
[2023-05-03 11:53:34] ========== Metrics ==========
[2023-05-03 11:53:34] {
  "tr_loss": 0.32969966354650526,
  "tr_acc": 0.8720872087208721,
  "tr_f1": 0.866185394433982,
  "val_loss": 0.506560276913842,
  "val_acc": 0.7560845620891811,
  "val_f1": 0.7630716134598792,
  "test_loss": 0.5023613906488186,
  "test_acc": 0.7967479674796748,
  "test_f1": 0.8041775456919059
}
[2023-05-03 11:53:34] ========== Metrics ==========
[2023-05-03 11:53:35] Train Epoch: 11 [0/20000 (0.0%)]	Loss: 0.27369385957717896
[2023-05-03 11:53:35] Train Epoch: 11 [800/20000 (4.0%)]	Loss: 0.26609617471694946
[2023-05-03 11:53:35] Train Epoch: 11 [1600/20000 (8.0%)]	Loss: 0.31703615188598633
[2023-05-03 11:53:35] Train Epoch: 11 [2400/20000 (12.0%)]	Loss: 0.20341446995735168
[2023-05-03 11:53:35] Train Epoch: 11 [3200/20000 (16.0%)]	Loss: 0.33191102743148804
[2023-05-03 11:53:36] Train Epoch: 11 [4000/20000 (20.0%)]	Loss: 0.20618493854999542
[2023-05-03 11:53:36] Train Epoch: 11 [4800/20000 (24.0%)]	Loss: 0.27296021580696106
[2023-05-03 11:53:36] Train Epoch: 11 [5600/20000 (28.0%)]	Loss: 0.47035354375839233
[2023-05-03 11:53:36] Train Epoch: 11 [6400/20000 (32.0%)]	Loss: 0.2742984890937805
[2023-05-03 11:53:37] Train Epoch: 11 [7200/20000 (36.0%)]	Loss: 0.21257135272026062
[2023-05-03 11:53:37] Train Epoch: 11 [8000/20000 (40.0%)]	Loss: 0.2887694835662842
[2023-05-03 11:53:37] Train Epoch: 11 [8800/20000 (44.0%)]	Loss: 0.25910666584968567
[2023-05-03 11:53:37] Train Epoch: 11 [9600/20000 (48.0%)]	Loss: 0.4075029492378235
[2023-05-03 11:53:38] Train Epoch: 11 [10400/20000 (52.0%)]	Loss: 0.31268510222435
[2023-05-03 11:53:38] Train Epoch: 11 [11200/20000 (56.0%)]	Loss: 0.3865518867969513
[2023-05-03 11:53:38] Train Epoch: 11 [12000/20000 (60.0%)]	Loss: 0.43892577290534973
[2023-05-03 11:53:38] Train Epoch: 11 [12800/20000 (64.0%)]	Loss: 0.19198986887931824
[2023-05-03 11:53:38] Train Epoch: 11 [13600/20000 (68.0%)]	Loss: 0.36661961674690247
[2023-05-03 11:53:39] Train Epoch: 11 [14400/20000 (72.0%)]	Loss: 0.44753992557525635
[2023-05-03 11:53:39] Train Epoch: 11 [15200/20000 (76.0%)]	Loss: 0.1275685727596283
[2023-05-03 11:53:39] Train Epoch: 11 [16000/20000 (80.0%)]	Loss: 0.3743603527545929
[2023-05-03 11:53:39] Train Epoch: 11 [16800/20000 (84.0%)]	Loss: 0.34430742263793945
[2023-05-03 11:53:40] Train Epoch: 11 [17600/20000 (88.0%)]	Loss: 0.37856900691986084
[2023-05-03 11:53:40] Train Epoch: 11 [18400/20000 (92.0%)]	Loss: 0.7244499325752258
[2023-05-03 11:53:40] Train Epoch: 11 [19200/20000 (96.0%)]	Loss: 0.212425097823143
[2023-05-03 11:53:44] ========== Metrics ==========
[2023-05-03 11:53:44] {
  "tr_loss": 0.31525361374004185,
  "tr_acc": 0.879037903790379,
  "tr_f1": 0.8742788836339068,
  "val_loss": 0.5064703704493786,
  "val_acc": 0.7560845620891811,
  "val_f1": 0.7630716134598792,
  "test_loss": 0.486208534499171,
  "test_acc": 0.7967479674796748,
  "test_f1": 0.8041775456919059
}
[2023-05-03 11:53:44] ========== Metrics ==========
[2023-05-03 11:53:44] Train Epoch: 12 [0/20000 (0.0%)]	Loss: 0.29629555344581604
[2023-05-03 11:53:45] Train Epoch: 12 [800/20000 (4.0%)]	Loss: 0.1890813112258911
[2023-05-03 11:53:45] Train Epoch: 12 [1600/20000 (8.0%)]	Loss: 0.431000292301178
[2023-05-03 11:53:45] Train Epoch: 12 [2400/20000 (12.0%)]	Loss: 0.2896161675453186
[2023-05-03 11:53:45] Train Epoch: 12 [3200/20000 (16.0%)]	Loss: 0.40609586238861084
[2023-05-03 11:53:46] Train Epoch: 12 [4000/20000 (20.0%)]	Loss: 0.2425643503665924
[2023-05-03 11:53:46] Train Epoch: 12 [4800/20000 (24.0%)]	Loss: 0.45356470346450806
[2023-05-03 11:53:46] Train Epoch: 12 [5600/20000 (28.0%)]	Loss: 0.15747663378715515
[2023-05-03 11:53:46] Train Epoch: 12 [6400/20000 (32.0%)]	Loss: 0.24246159195899963
[2023-05-03 11:53:46] Train Epoch: 12 [7200/20000 (36.0%)]	Loss: 0.5139695405960083
[2023-05-03 11:53:47] Train Epoch: 12 [8000/20000 (40.0%)]	Loss: 0.12743660807609558
[2023-05-03 11:53:47] Train Epoch: 12 [8800/20000 (44.0%)]	Loss: 0.3140462636947632
[2023-05-03 11:53:47] Train Epoch: 12 [9600/20000 (48.0%)]	Loss: 0.3739612400531769
[2023-05-03 11:53:47] Train Epoch: 12 [10400/20000 (52.0%)]	Loss: 0.3302691578865051
[2023-05-03 11:53:47] Train Epoch: 12 [11200/20000 (56.0%)]	Loss: 0.4983746111392975
[2023-05-03 11:53:48] Train Epoch: 12 [12000/20000 (60.0%)]	Loss: 0.28575342893600464
[2023-05-03 11:53:48] Train Epoch: 12 [12800/20000 (64.0%)]	Loss: 0.4419991075992584
[2023-05-03 11:53:48] Train Epoch: 12 [13600/20000 (68.0%)]	Loss: 0.2892278730869293
[2023-05-03 11:53:48] Train Epoch: 12 [14400/20000 (72.0%)]	Loss: 0.24996469914913177
[2023-05-03 11:53:49] Train Epoch: 12 [15200/20000 (76.0%)]	Loss: 0.3595116436481476
[2023-05-03 11:53:49] Train Epoch: 12 [16000/20000 (80.0%)]	Loss: 0.3172646164894104
[2023-05-03 11:53:49] Train Epoch: 12 [16800/20000 (84.0%)]	Loss: 0.3187360465526581
[2023-05-03 11:53:49] Train Epoch: 12 [17600/20000 (88.0%)]	Loss: 0.3374725878238678
[2023-05-03 11:53:49] Train Epoch: 12 [18400/20000 (92.0%)]	Loss: 0.21336057782173157
[2023-05-03 11:53:50] Train Epoch: 12 [19200/20000 (96.0%)]	Loss: 0.30446454882621765
[2023-05-03 11:53:53] ========== Metrics ==========
[2023-05-03 11:53:53] {
  "tr_loss": 0.3179610594175663,
  "tr_acc": 0.8778877887788779,
  "tr_f1": 0.8730241264559068,
  "val_loss": 0.5063049842799233,
  "val_acc": 0.7560845620891811,
  "val_f1": 0.7630716134598792,
  "test_loss": 0.4819314008159689,
  "test_acc": 0.7940379403794038,
  "test_f1": 0.8010471204188482
}
[2023-05-03 11:53:53] ========== Metrics ==========
[2023-05-03 11:53:54] Train Epoch: 13 [0/20000 (0.0%)]	Loss: 0.46031561493873596
[2023-05-03 11:53:54] Train Epoch: 13 [800/20000 (4.0%)]	Loss: 0.2004539966583252
[2023-05-03 11:53:55] Train Epoch: 13 [1600/20000 (8.0%)]	Loss: 0.20896358788013458
[2023-05-03 11:53:55] Train Epoch: 13 [2400/20000 (12.0%)]	Loss: 0.290193110704422
[2023-05-03 11:53:55] Train Epoch: 13 [3200/20000 (16.0%)]	Loss: 0.27192220091819763
[2023-05-03 11:53:55] Train Epoch: 13 [4000/20000 (20.0%)]	Loss: 0.2382415533065796
[2023-05-03 11:53:56] Train Epoch: 13 [4800/20000 (24.0%)]	Loss: 0.3358447253704071
[2023-05-03 11:53:56] Train Epoch: 13 [5600/20000 (28.0%)]	Loss: 0.3168976902961731
[2023-05-03 11:53:56] Train Epoch: 13 [6400/20000 (32.0%)]	Loss: 0.3409661054611206
[2023-05-03 11:53:56] Train Epoch: 13 [7200/20000 (36.0%)]	Loss: 0.3862780034542084
[2023-05-03 11:53:57] Train Epoch: 13 [8000/20000 (40.0%)]	Loss: 0.30273035168647766
[2023-05-03 11:53:57] Train Epoch: 13 [8800/20000 (44.0%)]	Loss: 0.23047950863838196
[2023-05-03 11:53:57] Train Epoch: 13 [9600/20000 (48.0%)]	Loss: 0.19019149243831635
[2023-05-03 11:53:57] Train Epoch: 13 [10400/20000 (52.0%)]	Loss: 0.3762710690498352
[2023-05-03 11:53:58] Train Epoch: 13 [11200/20000 (56.0%)]	Loss: 0.19858960807323456
[2023-05-03 11:53:58] Train Epoch: 13 [12000/20000 (60.0%)]	Loss: 0.2901390492916107
[2023-05-03 11:53:58] Train Epoch: 13 [12800/20000 (64.0%)]	Loss: 0.3751232922077179
[2023-05-03 11:53:58] Train Epoch: 13 [13600/20000 (68.0%)]	Loss: 0.47259747982025146
[2023-05-03 11:53:59] Train Epoch: 13 [14400/20000 (72.0%)]	Loss: 0.1874540150165558
[2023-05-03 11:53:59] Train Epoch: 13 [15200/20000 (76.0%)]	Loss: 0.40173840522766113
[2023-05-03 11:53:59] Train Epoch: 13 [16000/20000 (80.0%)]	Loss: 0.40458786487579346
[2023-05-03 11:53:59] Train Epoch: 13 [16800/20000 (84.0%)]	Loss: 0.1743709295988083
[2023-05-03 11:53:59] Train Epoch: 13 [17600/20000 (88.0%)]	Loss: 0.24480678141117096
[2023-05-03 11:54:00] Train Epoch: 13 [18400/20000 (92.0%)]	Loss: 0.15860994160175323
[2023-05-03 11:54:00] Train Epoch: 13 [19200/20000 (96.0%)]	Loss: 0.45549410581588745
[2023-05-03 11:54:04] ========== Metrics ==========
[2023-05-03 11:54:04] {
  "tr_loss": 0.3209582179149922,
  "tr_acc": 0.8741874187418742,
  "tr_f1": 0.8684513228066506,
  "val_loss": 0.5064593897257209,
  "val_acc": 0.7562622135370404,
  "val_f1": 0.7633666781648846,
  "test_loss": 0.4690728471854192,
  "test_acc": 0.7940379403794038,
  "test_f1": 0.8010471204188482
}
[2023-05-03 11:54:04] ========== Metrics ==========
[2023-05-03 11:54:05] Train Epoch: 14 [0/20000 (0.0%)]	Loss: 0.3542012572288513
[2023-05-03 11:54:05] Train Epoch: 14 [800/20000 (4.0%)]	Loss: 0.2444484829902649
[2023-05-03 11:54:05] Train Epoch: 14 [1600/20000 (8.0%)]	Loss: 0.3991275429725647
[2023-05-03 11:54:05] Train Epoch: 14 [2400/20000 (12.0%)]	Loss: 0.22102010250091553
[2023-05-03 11:54:05] Train Epoch: 14 [3200/20000 (16.0%)]	Loss: 0.39584752917289734
[2023-05-03 11:54:06] Train Epoch: 14 [4000/20000 (20.0%)]	Loss: 0.34242039918899536
[2023-05-03 11:54:06] Train Epoch: 14 [4800/20000 (24.0%)]	Loss: 0.5006891489028931
[2023-05-03 11:54:06] Train Epoch: 14 [5600/20000 (28.0%)]	Loss: 0.2996147871017456
[2023-05-03 11:54:06] Train Epoch: 14 [6400/20000 (32.0%)]	Loss: 0.40687471628189087
[2023-05-03 11:54:07] Train Epoch: 14 [7200/20000 (36.0%)]	Loss: 0.25921499729156494
[2023-05-03 11:54:07] Train Epoch: 14 [8000/20000 (40.0%)]	Loss: 0.31311312317848206
[2023-05-03 11:54:07] Train Epoch: 14 [8800/20000 (44.0%)]	Loss: 0.42978066205978394
[2023-05-03 11:54:07] Train Epoch: 14 [9600/20000 (48.0%)]	Loss: 0.2608000338077545
[2023-05-03 11:54:08] Train Epoch: 14 [10400/20000 (52.0%)]	Loss: 0.23766876757144928
[2023-05-03 11:54:08] Train Epoch: 14 [11200/20000 (56.0%)]	Loss: 0.5301830768585205
[2023-05-03 11:54:08] Train Epoch: 14 [12000/20000 (60.0%)]	Loss: 0.3450305759906769
[2023-05-03 11:54:08] Train Epoch: 14 [12800/20000 (64.0%)]	Loss: 0.30544838309288025
[2023-05-03 11:54:08] Train Epoch: 14 [13600/20000 (68.0%)]	Loss: 0.37374988198280334
[2023-05-03 11:54:09] Train Epoch: 14 [14400/20000 (72.0%)]	Loss: 0.28994831442832947
[2023-05-03 11:54:09] Train Epoch: 14 [15200/20000 (76.0%)]	Loss: 0.20755700767040253
[2023-05-03 11:54:09] Train Epoch: 14 [16000/20000 (80.0%)]	Loss: 0.30074480175971985
[2023-05-03 11:54:09] Train Epoch: 14 [16800/20000 (84.0%)]	Loss: 0.2605295777320862
[2023-05-03 11:54:10] Train Epoch: 14 [17600/20000 (88.0%)]	Loss: 0.17961737513542175
[2023-05-03 11:54:10] Train Epoch: 14 [18400/20000 (92.0%)]	Loss: 0.30804747343063354
[2023-05-03 11:54:10] Train Epoch: 14 [19200/20000 (96.0%)]	Loss: 0.28805527091026306
[2023-05-03 11:54:14] ========== Metrics ==========
[2023-05-03 11:54:14] {
  "tr_loss": 0.31801692511823393,
  "tr_acc": 0.8761876187618762,
  "tr_f1": 0.8707454583420339,
  "val_loss": 0.5065488920772577,
  "val_acc": 0.7560845620891811,
  "val_f1": 0.7631533551837157,
  "test_loss": 0.45972707794933787,
  "test_acc": 0.7940379403794038,
  "test_f1": 0.8010471204188482
}
[2023-05-03 11:54:14] ========== Metrics ==========
[2023-05-03 11:54:14] Train Epoch: 15 [0/20000 (0.0%)]	Loss: 0.36195626854896545
[2023-05-03 11:54:15] Train Epoch: 15 [800/20000 (4.0%)]	Loss: 0.2885945439338684
[2023-05-03 11:54:15] Train Epoch: 15 [1600/20000 (8.0%)]	Loss: 0.2920873761177063
[2023-05-03 11:54:15] Train Epoch: 15 [2400/20000 (12.0%)]	Loss: 0.277193546295166
[2023-05-03 11:54:15] Train Epoch: 15 [3200/20000 (16.0%)]	Loss: 0.24411103129386902
[2023-05-03 11:54:16] Train Epoch: 15 [4000/20000 (20.0%)]	Loss: 0.5219601988792419
[2023-05-03 11:54:16] Train Epoch: 15 [4800/20000 (24.0%)]	Loss: 0.49601083993911743
[2023-05-03 11:54:16] Train Epoch: 15 [5600/20000 (28.0%)]	Loss: 0.2966122329235077
[2023-05-03 11:54:16] Train Epoch: 15 [6400/20000 (32.0%)]	Loss: 0.33376163244247437
[2023-05-03 11:54:17] Train Epoch: 15 [7200/20000 (36.0%)]	Loss: 0.36585164070129395
[2023-05-03 11:54:17] Train Epoch: 15 [8000/20000 (40.0%)]	Loss: 0.2879881262779236
[2023-05-03 11:54:17] Train Epoch: 15 [8800/20000 (44.0%)]	Loss: 0.26607388257980347
[2023-05-03 11:54:17] Train Epoch: 15 [9600/20000 (48.0%)]	Loss: 0.4119448661804199
[2023-05-03 11:54:17] Train Epoch: 15 [10400/20000 (52.0%)]	Loss: 0.3398270905017853
[2023-05-03 11:54:18] Train Epoch: 15 [11200/20000 (56.0%)]	Loss: 0.49560117721557617
[2023-05-03 11:54:18] Train Epoch: 15 [12000/20000 (60.0%)]	Loss: 0.28978443145751953
[2023-05-03 11:54:18] Train Epoch: 15 [12800/20000 (64.0%)]	Loss: 0.275651216506958
[2023-05-03 11:54:18] Train Epoch: 15 [13600/20000 (68.0%)]	Loss: 0.36523717641830444
[2023-05-03 11:54:19] Train Epoch: 15 [14400/20000 (72.0%)]	Loss: 0.14796502888202667
[2023-05-03 11:54:19] Train Epoch: 15 [15200/20000 (76.0%)]	Loss: 0.5124127864837646
[2023-05-03 11:54:19] Train Epoch: 15 [16000/20000 (80.0%)]	Loss: 0.3789328634738922
[2023-05-03 11:54:19] Train Epoch: 15 [16800/20000 (84.0%)]	Loss: 0.36452019214630127
[2023-05-03 11:54:20] Train Epoch: 15 [17600/20000 (88.0%)]	Loss: 0.3947809636592865
[2023-05-03 11:54:20] Train Epoch: 15 [18400/20000 (92.0%)]	Loss: 0.2570818364620209
[2023-05-03 11:54:20] Train Epoch: 15 [19200/20000 (96.0%)]	Loss: 0.20625098049640656
[2023-05-03 11:54:24] ========== Metrics ==========
[2023-05-03 11:54:24] {
  "tr_loss": 0.3185255329410295,
  "tr_acc": 0.873987398739874,
  "tr_f1": 0.867758186397985,
  "val_loss": 0.5064639342066279,
  "val_acc": 0.7562622135370404,
  "val_f1": 0.7634482758620689,
  "test_loss": 0.46132553043727303,
  "test_acc": 0.7913279132791328,
  "test_f1": 0.7989556135770235
}
[2023-05-03 11:54:24] ========== Metrics ==========
[2023-05-03 11:54:25] Train Epoch: 16 [0/20000 (0.0%)]	Loss: 0.21349917352199554
[2023-05-03 11:54:25] Train Epoch: 16 [800/20000 (4.0%)]	Loss: 0.3754929304122925
[2023-05-03 11:54:25] Train Epoch: 16 [1600/20000 (8.0%)]	Loss: 0.3847121298313141
[2023-05-03 11:54:26] Train Epoch: 16 [2400/20000 (12.0%)]	Loss: 0.3807453215122223
[2023-05-03 11:54:26] Train Epoch: 16 [3200/20000 (16.0%)]	Loss: 0.24541299045085907
[2023-05-03 11:54:26] Train Epoch: 16 [4000/20000 (20.0%)]	Loss: 0.22901096940040588
[2023-05-03 11:54:26] Train Epoch: 16 [4800/20000 (24.0%)]	Loss: 0.2529997229576111
[2023-05-03 11:54:26] Train Epoch: 16 [5600/20000 (28.0%)]	Loss: 0.1792294979095459
[2023-05-03 11:54:27] Train Epoch: 16 [6400/20000 (32.0%)]	Loss: 0.3843555748462677
[2023-05-03 11:54:27] Train Epoch: 16 [7200/20000 (36.0%)]	Loss: 0.32658275961875916
[2023-05-03 11:54:27] Train Epoch: 16 [8000/20000 (40.0%)]	Loss: 0.14934895932674408
[2023-05-03 11:54:27] Train Epoch: 16 [8800/20000 (44.0%)]	Loss: 0.44321009516716003
[2023-05-03 11:54:28] Train Epoch: 16 [9600/20000 (48.0%)]	Loss: 0.1916963905096054
[2023-05-03 11:54:28] Train Epoch: 16 [10400/20000 (52.0%)]	Loss: 0.23042705655097961
[2023-05-03 11:54:28] Train Epoch: 16 [11200/20000 (56.0%)]	Loss: 0.32910019159317017
[2023-05-03 11:54:28] Train Epoch: 16 [12000/20000 (60.0%)]	Loss: 0.2105044573545456
[2023-05-03 11:54:29] Train Epoch: 16 [12800/20000 (64.0%)]	Loss: 0.36960017681121826
[2023-05-03 11:54:29] Train Epoch: 16 [13600/20000 (68.0%)]	Loss: 0.39768457412719727
[2023-05-03 11:54:29] Train Epoch: 16 [14400/20000 (72.0%)]	Loss: 0.26553505659103394
[2023-05-03 11:54:29] Train Epoch: 16 [15200/20000 (76.0%)]	Loss: 0.37507516145706177
[2023-05-03 11:54:29] Train Epoch: 16 [16000/20000 (80.0%)]	Loss: 0.3541821241378784
[2023-05-03 11:54:30] Train Epoch: 16 [16800/20000 (84.0%)]	Loss: 0.3816131055355072
[2023-05-03 11:54:30] Train Epoch: 16 [17600/20000 (88.0%)]	Loss: 0.49790245294570923
[2023-05-03 11:54:30] Train Epoch: 16 [18400/20000 (92.0%)]	Loss: 0.4220556318759918
[2023-05-03 11:54:30] Train Epoch: 16 [19200/20000 (96.0%)]	Loss: 0.20907969772815704
[2023-05-03 11:54:34] ========== Metrics ==========
[2023-05-03 11:54:34] {
  "tr_loss": 0.31462123866963,
  "tr_acc": 0.878987898789879,
  "tr_f1": 0.8738269030239832,
  "val_loss": 0.5066298218640877,
  "val_acc": 0.7562622135370404,
  "val_f1": 0.7634482758620689,
  "test_loss": 0.46425147819002144,
  "test_acc": 0.7913279132791328,
  "test_f1": 0.7989556135770235
}
[2023-05-03 11:54:34] ========== Metrics ==========
[2023-05-03 11:54:35] Train Epoch: 17 [0/20000 (0.0%)]	Loss: 0.2595130503177643
[2023-05-03 11:54:35] Train Epoch: 17 [800/20000 (4.0%)]	Loss: 0.3655923902988434
[2023-05-03 11:54:35] Train Epoch: 17 [1600/20000 (8.0%)]	Loss: 0.3687277138233185
[2023-05-03 11:54:36] Train Epoch: 17 [2400/20000 (12.0%)]	Loss: 0.23454166948795319
[2023-05-03 11:54:36] Train Epoch: 17 [3200/20000 (16.0%)]	Loss: 0.4999805986881256
[2023-05-03 11:54:36] Train Epoch: 17 [4000/20000 (20.0%)]	Loss: 0.24128444492816925
[2023-05-03 11:54:36] Train Epoch: 17 [4800/20000 (24.0%)]	Loss: 0.270984023809433
[2023-05-03 11:54:36] Train Epoch: 17 [5600/20000 (28.0%)]	Loss: 0.29939526319503784
[2023-05-03 11:54:37] Train Epoch: 17 [6400/20000 (32.0%)]	Loss: 0.2136755883693695
[2023-05-03 11:54:37] Train Epoch: 17 [7200/20000 (36.0%)]	Loss: 0.2666674852371216
[2023-05-03 11:54:37] Train Epoch: 17 [8000/20000 (40.0%)]	Loss: 0.14320382475852966
[2023-05-03 11:54:37] Train Epoch: 17 [8800/20000 (44.0%)]	Loss: 0.22763672471046448
[2023-05-03 11:54:38] Train Epoch: 17 [9600/20000 (48.0%)]	Loss: 0.1849086582660675
[2023-05-03 11:54:38] Train Epoch: 17 [10400/20000 (52.0%)]	Loss: 0.347861647605896
[2023-05-03 11:54:38] Train Epoch: 17 [11200/20000 (56.0%)]	Loss: 0.5552788972854614
[2023-05-03 11:54:38] Train Epoch: 17 [12000/20000 (60.0%)]	Loss: 0.2807421386241913
[2023-05-03 11:54:39] Train Epoch: 17 [12800/20000 (64.0%)]	Loss: 0.33459484577178955
[2023-05-03 11:54:39] Train Epoch: 17 [13600/20000 (68.0%)]	Loss: 0.308972030878067
[2023-05-03 11:54:39] Train Epoch: 17 [14400/20000 (72.0%)]	Loss: 0.3027702271938324
[2023-05-03 11:54:39] Train Epoch: 17 [15200/20000 (76.0%)]	Loss: 0.5367825627326965
[2023-05-03 11:54:39] Train Epoch: 17 [16000/20000 (80.0%)]	Loss: 0.2666036784648895
[2023-05-03 11:54:40] Train Epoch: 17 [16800/20000 (84.0%)]	Loss: 0.27287644147872925
[2023-05-03 11:54:40] Train Epoch: 17 [17600/20000 (88.0%)]	Loss: 0.2487451434135437
[2023-05-03 11:54:40] Train Epoch: 17 [18400/20000 (92.0%)]	Loss: 0.4307471513748169
[2023-05-03 11:54:40] Train Epoch: 17 [19200/20000 (96.0%)]	Loss: 0.2499590367078781
[2023-05-03 11:54:44] ========== Metrics ==========
[2023-05-03 11:54:44] {
  "tr_loss": 0.317441747336164,
  "tr_acc": 0.8762876287628762,
  "tr_f1": 0.8704983249581238,
  "val_loss": 0.5065645574358603,
  "val_acc": 0.7560845620891811,
  "val_f1": 0.7633166695397345,
  "test_loss": 0.4744184178711599,
  "test_acc": 0.7913279132791328,
  "test_f1": 0.7989556135770235
}
[2023-05-03 11:54:44] ========== Metrics ==========
[2023-05-03 11:54:45] Train Epoch: 18 [0/20000 (0.0%)]	Loss: 0.46474698185920715
[2023-05-03 11:54:45] Train Epoch: 18 [800/20000 (4.0%)]	Loss: 0.3483104109764099
[2023-05-03 11:54:45] Train Epoch: 18 [1600/20000 (8.0%)]	Loss: 0.2850964665412903
[2023-05-03 11:54:45] Train Epoch: 18 [2400/20000 (12.0%)]	Loss: 0.6736977100372314
[2023-05-03 11:54:46] Train Epoch: 18 [3200/20000 (16.0%)]	Loss: 0.33599424362182617
[2023-05-03 11:54:46] Train Epoch: 18 [4000/20000 (20.0%)]	Loss: 0.3656398355960846
[2023-05-03 11:54:46] Train Epoch: 18 [4800/20000 (24.0%)]	Loss: 0.08624719828367233
[2023-05-03 11:54:46] Train Epoch: 18 [5600/20000 (28.0%)]	Loss: 0.3126086890697479
[2023-05-03 11:54:47] Train Epoch: 18 [6400/20000 (32.0%)]	Loss: 0.28867030143737793
[2023-05-03 11:54:47] Train Epoch: 18 [7200/20000 (36.0%)]	Loss: 0.3455451726913452
[2023-05-03 11:54:47] Train Epoch: 18 [8000/20000 (40.0%)]	Loss: 0.21385477483272552
[2023-05-03 11:54:47] Train Epoch: 18 [8800/20000 (44.0%)]	Loss: 0.15591014921665192
[2023-05-03 11:54:47] Train Epoch: 18 [9600/20000 (48.0%)]	Loss: 0.4669067859649658
[2023-05-03 11:54:48] Train Epoch: 18 [10400/20000 (52.0%)]	Loss: 0.20131926238536835
[2023-05-03 11:54:48] Train Epoch: 18 [11200/20000 (56.0%)]	Loss: 0.31463193893432617
[2023-05-03 11:54:48] Train Epoch: 18 [12000/20000 (60.0%)]	Loss: 0.6281675100326538
[2023-05-03 11:54:48] Train Epoch: 18 [12800/20000 (64.0%)]	Loss: 0.3140237033367157
[2023-05-03 11:54:49] Train Epoch: 18 [13600/20000 (68.0%)]	Loss: 0.2679775357246399
[2023-05-03 11:54:49] Train Epoch: 18 [14400/20000 (72.0%)]	Loss: 0.4670967757701874
[2023-05-03 11:54:49] Train Epoch: 18 [15200/20000 (76.0%)]	Loss: 0.536509096622467
[2023-05-03 11:54:49] Train Epoch: 18 [16000/20000 (80.0%)]	Loss: 0.25466278195381165
[2023-05-03 11:54:50] Train Epoch: 18 [16800/20000 (84.0%)]	Loss: 0.3159680962562561
[2023-05-03 11:54:50] Train Epoch: 18 [17600/20000 (88.0%)]	Loss: 0.27580976486206055
[2023-05-03 11:54:50] Train Epoch: 18 [18400/20000 (92.0%)]	Loss: 0.30902159214019775
[2023-05-03 11:54:50] Train Epoch: 18 [19200/20000 (96.0%)]	Loss: 0.30243322253227234
[2023-05-03 11:54:54] ========== Metrics ==========
[2023-05-03 11:54:54] {
  "tr_loss": 0.31929976211236544,
  "tr_acc": 0.8771377137713772,
  "tr_f1": 0.8719712365171174,
  "val_loss": 0.506386464136408,
  "val_acc": 0.7559069106413218,
  "val_f1": 0.7631034482758621,
  "test_loss": 0.49723487947045303,
  "test_acc": 0.7913279132791328,
  "test_f1": 0.7989556135770235
}
[2023-05-03 11:54:54] ========== Metrics ==========
[2023-05-03 11:54:55] Train Epoch: 19 [0/20000 (0.0%)]	Loss: 0.27583691477775574
[2023-05-03 11:54:55] Train Epoch: 19 [800/20000 (4.0%)]	Loss: 0.4062121510505676
[2023-05-03 11:54:55] Train Epoch: 19 [1600/20000 (8.0%)]	Loss: 0.2980996370315552
[2023-05-03 11:54:55] Train Epoch: 19 [2400/20000 (12.0%)]	Loss: 0.23006971180438995
[2023-05-03 11:54:56] Train Epoch: 19 [3200/20000 (16.0%)]	Loss: 0.3514801561832428
[2023-05-03 11:54:56] Train Epoch: 19 [4000/20000 (20.0%)]	Loss: 0.4630719721317291
[2023-05-03 11:54:56] Train Epoch: 19 [4800/20000 (24.0%)]	Loss: 0.29027917981147766
[2023-05-03 11:54:56] Train Epoch: 19 [5600/20000 (28.0%)]	Loss: 0.2809973657131195
[2023-05-03 11:54:57] Train Epoch: 19 [6400/20000 (32.0%)]	Loss: 0.2371627688407898
[2023-05-03 11:54:57] Train Epoch: 19 [7200/20000 (36.0%)]	Loss: 0.4075759947299957
[2023-05-03 11:54:57] Train Epoch: 19 [8000/20000 (40.0%)]	Loss: 0.2341577112674713
[2023-05-03 11:54:57] Train Epoch: 19 [8800/20000 (44.0%)]	Loss: 0.2429381161928177
[2023-05-03 11:54:58] Train Epoch: 19 [9600/20000 (48.0%)]	Loss: 0.14987629652023315
[2023-05-03 11:54:58] Train Epoch: 19 [10400/20000 (52.0%)]	Loss: 0.3775414526462555
[2023-05-03 11:54:58] Train Epoch: 19 [11200/20000 (56.0%)]	Loss: 0.35113754868507385
[2023-05-03 11:54:58] Train Epoch: 19 [12000/20000 (60.0%)]	Loss: 0.17199569940567017
[2023-05-03 11:54:58] Train Epoch: 19 [12800/20000 (64.0%)]	Loss: 0.17154766619205475
[2023-05-03 11:54:59] Train Epoch: 19 [13600/20000 (68.0%)]	Loss: 0.21935945749282837
[2023-05-03 11:54:59] Train Epoch: 19 [14400/20000 (72.0%)]	Loss: 0.24016626179218292
[2023-05-03 11:54:59] Train Epoch: 19 [15200/20000 (76.0%)]	Loss: 0.30645233392715454
[2023-05-03 11:54:59] Train Epoch: 19 [16000/20000 (80.0%)]	Loss: 0.3475366532802582
[2023-05-03 11:55:00] Train Epoch: 19 [16800/20000 (84.0%)]	Loss: 0.4104810357093811
[2023-05-03 11:55:00] Train Epoch: 19 [17600/20000 (88.0%)]	Loss: 0.3942665457725525
[2023-05-03 11:55:00] Train Epoch: 19 [18400/20000 (92.0%)]	Loss: 0.3072833716869354
[2023-05-03 11:55:00] Train Epoch: 19 [19200/20000 (96.0%)]	Loss: 0.30957603454589844
[2023-05-03 11:55:03] Stop At epoch 19/20 due to valid not increase
[2023-05-03 11:55:04] ========== Metrics ==========
[2023-05-03 11:55:04] {
  "tr_loss": 0.31973669714111724,
  "tr_acc": 0.8758375837583758,
  "tr_f1": 0.8704409079050353,
  "val_loss": 0.5065781019322295,
  "val_acc": 0.7559069106413218,
  "val_f1": 0.7631034482758621,
  "test_loss": 0.4868495173570586,
  "test_acc": 0.7913279132791328,
  "test_f1": 0.7989556135770235
}
[2023-05-03 11:55:04] ========== Metrics ==========
