[2023-05-03 00:32:43] Train Epoch: 1 [0/20000 (0.0%)]	Loss: 0.667911946773529
[2023-05-03 00:32:44] Train Epoch: 1 [800/20000 (4.0%)]	Loss: 0.6621983647346497
[2023-05-03 00:32:44] Train Epoch: 1 [1600/20000 (8.0%)]	Loss: 0.6891786456108093
[2023-05-03 00:32:44] Train Epoch: 1 [2400/20000 (12.0%)]	Loss: 0.6359297037124634
[2023-05-03 00:32:45] Train Epoch: 1 [3200/20000 (16.0%)]	Loss: 0.7066664695739746
[2023-05-03 00:32:45] Train Epoch: 1 [4000/20000 (20.0%)]	Loss: 0.6887246370315552
[2023-05-03 00:32:45] Train Epoch: 1 [4800/20000 (24.0%)]	Loss: 0.6984089016914368
[2023-05-03 00:32:45] Train Epoch: 1 [5600/20000 (28.0%)]	Loss: 0.6899428963661194
[2023-05-03 00:32:46] Train Epoch: 1 [6400/20000 (32.0%)]	Loss: 0.6647228598594666
[2023-05-03 00:32:46] Train Epoch: 1 [7200/20000 (36.0%)]	Loss: 0.7091376781463623
[2023-05-03 00:32:46] Train Epoch: 1 [8000/20000 (40.0%)]	Loss: 0.6896935701370239
[2023-05-03 00:32:46] Train Epoch: 1 [8800/20000 (44.0%)]	Loss: 0.6799805164337158
[2023-05-03 00:32:47] Train Epoch: 1 [9600/20000 (48.0%)]	Loss: 0.7080796957015991
[2023-05-03 00:32:47] Train Epoch: 1 [10400/20000 (52.0%)]	Loss: 0.6352145075798035
[2023-05-03 00:32:47] Train Epoch: 1 [11200/20000 (56.0%)]	Loss: 0.662659764289856
[2023-05-03 00:32:48] Train Epoch: 1 [12000/20000 (60.0%)]	Loss: 0.6228800415992737
[2023-05-03 00:32:48] Train Epoch: 1 [12800/20000 (64.0%)]	Loss: 0.6078668236732483
[2023-05-03 00:32:48] Train Epoch: 1 [13600/20000 (68.0%)]	Loss: 0.6660353541374207
[2023-05-03 00:32:48] Train Epoch: 1 [14400/20000 (72.0%)]	Loss: 0.6712164282798767
[2023-05-03 00:32:49] Train Epoch: 1 [15200/20000 (76.0%)]	Loss: 0.6763191819190979
[2023-05-03 00:32:49] Train Epoch: 1 [16000/20000 (80.0%)]	Loss: 0.6327674984931946
[2023-05-03 00:32:49] Train Epoch: 1 [16800/20000 (84.0%)]	Loss: 0.6301246285438538
[2023-05-03 00:32:49] Train Epoch: 1 [17600/20000 (88.0%)]	Loss: 0.6559739112854004
[2023-05-03 00:32:50] Train Epoch: 1 [18400/20000 (92.0%)]	Loss: 0.5663264989852905
[2023-05-03 00:32:50] Train Epoch: 1 [19200/20000 (96.0%)]	Loss: 0.7025860548019409
[2023-05-03 00:32:55] ========== Metrics ==========
[2023-05-03 00:32:55] {
  "tr_loss": 0.670333327979061,
  "tr_acc": 0.5846084608460846,
  "tr_f1": 0.5957074025405169,
  "val_loss": 0.6151971290115353,
  "val_acc": 0.7402735832297033,
  "val_f1": 0.7491420727522307,
  "test_loss": 0.6423309088399417,
  "test_acc": 0.7452574525745257,
  "test_f1": 0.745945945945946
}
[2023-05-03 00:32:55] ========== Metrics ==========
[2023-05-03 00:32:56] Train Epoch: 2 [0/20000 (0.0%)]	Loss: 0.5982579588890076
[2023-05-03 00:32:56] Train Epoch: 2 [800/20000 (4.0%)]	Loss: 0.5946158170700073
[2023-05-03 00:32:57] Train Epoch: 2 [1600/20000 (8.0%)]	Loss: 0.5752485990524292
[2023-05-03 00:32:57] Train Epoch: 2 [2400/20000 (12.0%)]	Loss: 0.5575149059295654
[2023-05-03 00:32:57] Train Epoch: 2 [3200/20000 (16.0%)]	Loss: 0.6580778360366821
[2023-05-03 00:32:58] Train Epoch: 2 [4000/20000 (20.0%)]	Loss: 0.6139926314353943
[2023-05-03 00:32:58] Train Epoch: 2 [4800/20000 (24.0%)]	Loss: 0.5507785081863403
[2023-05-03 00:32:58] Train Epoch: 2 [5600/20000 (28.0%)]	Loss: 0.5226663947105408
[2023-05-03 00:32:59] Train Epoch: 2 [6400/20000 (32.0%)]	Loss: 0.6709568500518799
[2023-05-03 00:32:59] Train Epoch: 2 [7200/20000 (36.0%)]	Loss: 0.5584980249404907
[2023-05-03 00:32:59] Train Epoch: 2 [8000/20000 (40.0%)]	Loss: 0.6221173405647278
[2023-05-03 00:32:59] Train Epoch: 2 [8800/20000 (44.0%)]	Loss: 0.6284668445587158
[2023-05-03 00:33:00] Train Epoch: 2 [9600/20000 (48.0%)]	Loss: 0.479867160320282
[2023-05-03 00:33:00] Train Epoch: 2 [10400/20000 (52.0%)]	Loss: 0.42472681403160095
[2023-05-03 00:33:00] Train Epoch: 2 [11200/20000 (56.0%)]	Loss: 0.44746020436286926
[2023-05-03 00:33:00] Train Epoch: 2 [12000/20000 (60.0%)]	Loss: 0.5607370734214783
[2023-05-03 00:33:01] Train Epoch: 2 [12800/20000 (64.0%)]	Loss: 0.5116786956787109
[2023-05-03 00:33:01] Train Epoch: 2 [13600/20000 (68.0%)]	Loss: 0.448685884475708
[2023-05-03 00:33:01] Train Epoch: 2 [14400/20000 (72.0%)]	Loss: 0.4844948649406433
[2023-05-03 00:33:02] Train Epoch: 2 [15200/20000 (76.0%)]	Loss: 0.5467910766601562
[2023-05-03 00:33:02] Train Epoch: 2 [16000/20000 (80.0%)]	Loss: 0.614448606967926
[2023-05-03 00:33:02] Train Epoch: 2 [16800/20000 (84.0%)]	Loss: 0.659929633140564
[2023-05-03 00:33:03] Train Epoch: 2 [17600/20000 (88.0%)]	Loss: 0.47732314467430115
[2023-05-03 00:33:03] Train Epoch: 2 [18400/20000 (92.0%)]	Loss: 0.5863413214683533
[2023-05-03 00:33:03] Train Epoch: 2 [19200/20000 (96.0%)]	Loss: 0.594078540802002
[2023-05-03 00:33:08] ========== Metrics ==========
[2023-05-03 00:33:08] {
  "tr_loss": 0.5295723977595856,
  "tr_acc": 0.7505250525052505,
  "tr_f1": 0.7503127971572994,
  "val_loss": 0.49649546806713596,
  "val_acc": 0.7877065198081364,
  "val_f1": 0.7870254856531811,
  "test_loss": 0.5150148448582265,
  "test_acc": 0.7886178861788617,
  "test_f1": 0.7845303867403315
}
[2023-05-03 00:33:08] ========== Metrics ==========
[2023-05-03 00:33:09] Train Epoch: 3 [0/20000 (0.0%)]	Loss: 0.41317814588546753
[2023-05-03 00:33:09] Train Epoch: 3 [800/20000 (4.0%)]	Loss: 0.44835010170936584
[2023-05-03 00:33:10] Train Epoch: 3 [1600/20000 (8.0%)]	Loss: 0.38453519344329834
[2023-05-03 00:33:10] Train Epoch: 3 [2400/20000 (12.0%)]	Loss: 0.4088728129863739
[2023-05-03 00:33:10] Train Epoch: 3 [3200/20000 (16.0%)]	Loss: 0.49594566226005554
[2023-05-03 00:33:11] Train Epoch: 3 [4000/20000 (20.0%)]	Loss: 0.27313536405563354
[2023-05-03 00:33:11] Train Epoch: 3 [4800/20000 (24.0%)]	Loss: 0.4269932806491852
[2023-05-03 00:33:11] Train Epoch: 3 [5600/20000 (28.0%)]	Loss: 0.37943536043167114
[2023-05-03 00:33:12] Train Epoch: 3 [6400/20000 (32.0%)]	Loss: 0.42438626289367676
[2023-05-03 00:33:12] Train Epoch: 3 [7200/20000 (36.0%)]	Loss: 0.6345889568328857
[2023-05-03 00:33:12] Train Epoch: 3 [8000/20000 (40.0%)]	Loss: 0.4060046076774597
[2023-05-03 00:33:12] Train Epoch: 3 [8800/20000 (44.0%)]	Loss: 0.4139684736728668
[2023-05-03 00:33:13] Train Epoch: 3 [9600/20000 (48.0%)]	Loss: 0.3248889446258545
[2023-05-03 00:33:13] Train Epoch: 3 [10400/20000 (52.0%)]	Loss: 0.6510814428329468
[2023-05-03 00:33:13] Train Epoch: 3 [11200/20000 (56.0%)]	Loss: 0.4173084497451782
[2023-05-03 00:33:14] Train Epoch: 3 [12000/20000 (60.0%)]	Loss: 0.2971077859401703
[2023-05-03 00:33:14] Train Epoch: 3 [12800/20000 (64.0%)]	Loss: 0.23264719545841217
[2023-05-03 00:33:14] Train Epoch: 3 [13600/20000 (68.0%)]	Loss: 0.43495452404022217
[2023-05-03 00:33:15] Train Epoch: 3 [14400/20000 (72.0%)]	Loss: 0.3951522707939148
[2023-05-03 00:33:15] Train Epoch: 3 [15200/20000 (76.0%)]	Loss: 0.6119208335876465
[2023-05-03 00:33:15] Train Epoch: 3 [16000/20000 (80.0%)]	Loss: 0.45800960063934326
[2023-05-03 00:33:16] Train Epoch: 3 [16800/20000 (84.0%)]	Loss: 0.39366415143013
[2023-05-03 00:33:16] Train Epoch: 3 [17600/20000 (88.0%)]	Loss: 0.4097011983394623
[2023-05-03 00:33:16] Train Epoch: 3 [18400/20000 (92.0%)]	Loss: 0.2797726094722748
[2023-05-03 00:33:16] Train Epoch: 3 [19200/20000 (96.0%)]	Loss: 0.2969365417957306
[2023-05-03 00:33:21] ========== Metrics ==========
[2023-05-03 00:33:21] {
  "tr_loss": 0.378834373403256,
  "tr_acc": 0.8431843184318432,
  "tr_f1": 0.8418238676485424,
  "val_loss": 0.4488229670688089,
  "val_acc": 0.7994315153668502,
  "val_f1": 0.7910420136960947,
  "test_loss": 0.509337706940607,
  "test_acc": 0.7994579945799458,
  "test_f1": 0.7885714285714287
}
[2023-05-03 00:33:21] ========== Metrics ==========
[2023-05-03 00:33:22] Train Epoch: 4 [0/20000 (0.0%)]	Loss: 0.12649165093898773
[2023-05-03 00:33:22] Train Epoch: 4 [800/20000 (4.0%)]	Loss: 0.35935819149017334
[2023-05-03 00:33:22] Train Epoch: 4 [1600/20000 (8.0%)]	Loss: 0.25096750259399414
[2023-05-03 00:33:23] Train Epoch: 4 [2400/20000 (12.0%)]	Loss: 0.28014376759529114
[2023-05-03 00:33:23] Train Epoch: 4 [3200/20000 (16.0%)]	Loss: 0.144336998462677
[2023-05-03 00:33:23] Train Epoch: 4 [4000/20000 (20.0%)]	Loss: 0.2583094835281372
[2023-05-03 00:33:23] Train Epoch: 4 [4800/20000 (24.0%)]	Loss: 0.27064672112464905
[2023-05-03 00:33:24] Train Epoch: 4 [5600/20000 (28.0%)]	Loss: 0.23375746607780457
[2023-05-03 00:33:24] Train Epoch: 4 [6400/20000 (32.0%)]	Loss: 0.17304441332817078
[2023-05-03 00:33:24] Train Epoch: 4 [7200/20000 (36.0%)]	Loss: 0.36006006598472595
[2023-05-03 00:33:25] Train Epoch: 4 [8000/20000 (40.0%)]	Loss: 0.42847564816474915
[2023-05-03 00:33:25] Train Epoch: 4 [8800/20000 (44.0%)]	Loss: 0.2904529869556427
[2023-05-03 00:33:25] Train Epoch: 4 [9600/20000 (48.0%)]	Loss: 0.2281138151884079
[2023-05-03 00:33:25] Train Epoch: 4 [10400/20000 (52.0%)]	Loss: 0.23569324612617493
[2023-05-03 00:33:26] Train Epoch: 4 [11200/20000 (56.0%)]	Loss: 0.3310135304927826
[2023-05-03 00:33:26] Train Epoch: 4 [12000/20000 (60.0%)]	Loss: 0.230485200881958
[2023-05-03 00:33:26] Train Epoch: 4 [12800/20000 (64.0%)]	Loss: 0.2980225682258606
[2023-05-03 00:33:26] Train Epoch: 4 [13600/20000 (68.0%)]	Loss: 0.2412557154893875
[2023-05-03 00:33:27] Train Epoch: 4 [14400/20000 (72.0%)]	Loss: 0.1617225706577301
[2023-05-03 00:33:27] Train Epoch: 4 [15200/20000 (76.0%)]	Loss: 0.25244688987731934
[2023-05-03 00:33:27] Train Epoch: 4 [16000/20000 (80.0%)]	Loss: 0.2287612408399582
[2023-05-03 00:33:28] Train Epoch: 4 [16800/20000 (84.0%)]	Loss: 0.1990981549024582
[2023-05-03 00:33:28] Train Epoch: 4 [17600/20000 (88.0%)]	Loss: 0.23713204264640808
[2023-05-03 00:33:28] Train Epoch: 4 [18400/20000 (92.0%)]	Loss: 0.6268153190612793
[2023-05-03 00:33:29] Train Epoch: 4 [19200/20000 (96.0%)]	Loss: 0.15761253237724304
[2023-05-03 00:33:33] ========== Metrics ==========
[2023-05-03 00:33:33] {
  "tr_loss": 0.27229567622468404,
  "tr_acc": 0.8935893589358936,
  "tr_f1": 0.8927094887566804,
  "val_loss": 0.42551337870003,
  "val_acc": 0.8051163616983479,
  "val_f1": 0.8037918082632802,
  "test_loss": 0.42783275658522196,
  "test_acc": 0.7967479674796748,
  "test_f1": 0.7922437673130194
}
[2023-05-03 00:33:33] ========== Metrics ==========
[2023-05-03 00:33:34] Train Epoch: 5 [0/20000 (0.0%)]	Loss: 0.24769005179405212
[2023-05-03 00:33:34] Train Epoch: 5 [800/20000 (4.0%)]	Loss: 0.47404035925865173
[2023-05-03 00:33:35] Train Epoch: 5 [1600/20000 (8.0%)]	Loss: 0.17741447687149048
[2023-05-03 00:33:35] Train Epoch: 5 [2400/20000 (12.0%)]	Loss: 0.11765439063310623
[2023-05-03 00:33:35] Train Epoch: 5 [3200/20000 (16.0%)]	Loss: 0.14507627487182617
[2023-05-03 00:33:36] Train Epoch: 5 [4000/20000 (20.0%)]	Loss: 0.21432626247406006
[2023-05-03 00:33:36] Train Epoch: 5 [4800/20000 (24.0%)]	Loss: 0.42098334431648254
[2023-05-03 00:33:36] Train Epoch: 5 [5600/20000 (28.0%)]	Loss: 0.09772391617298126
[2023-05-03 00:33:37] Train Epoch: 5 [6400/20000 (32.0%)]	Loss: 0.2895658314228058
[2023-05-03 00:33:37] Train Epoch: 5 [7200/20000 (36.0%)]	Loss: 0.07860597968101501
[2023-05-03 00:33:37] Train Epoch: 5 [8000/20000 (40.0%)]	Loss: 0.21755607426166534
[2023-05-03 00:33:37] Train Epoch: 5 [8800/20000 (44.0%)]	Loss: 0.4188898801803589
[2023-05-03 00:33:38] Train Epoch: 5 [9600/20000 (48.0%)]	Loss: 0.24796396493911743
[2023-05-03 00:33:38] Train Epoch: 5 [10400/20000 (52.0%)]	Loss: 0.07225049287080765
[2023-05-03 00:33:38] Train Epoch: 5 [11200/20000 (56.0%)]	Loss: 0.2175915241241455
[2023-05-03 00:33:39] Train Epoch: 5 [12000/20000 (60.0%)]	Loss: 0.34012651443481445
[2023-05-03 00:33:39] Train Epoch: 5 [12800/20000 (64.0%)]	Loss: 0.16811268031597137
[2023-05-03 00:33:39] Train Epoch: 5 [13600/20000 (68.0%)]	Loss: 0.08283887058496475
[2023-05-03 00:33:40] Train Epoch: 5 [14400/20000 (72.0%)]	Loss: 0.07225920259952545
[2023-05-03 00:33:40] Train Epoch: 5 [15200/20000 (76.0%)]	Loss: 0.13845795392990112
[2023-05-03 00:33:40] Train Epoch: 5 [16000/20000 (80.0%)]	Loss: 0.2055530995130539
[2023-05-03 00:33:41] Train Epoch: 5 [16800/20000 (84.0%)]	Loss: 0.09440918266773224
[2023-05-03 00:33:41] Train Epoch: 5 [17600/20000 (88.0%)]	Loss: 0.3317932188510895
[2023-05-03 00:33:41] Train Epoch: 5 [18400/20000 (92.0%)]	Loss: 0.09336680918931961
[2023-05-03 00:33:41] Train Epoch: 5 [19200/20000 (96.0%)]	Loss: 0.2815035581588745
[2023-05-03 00:33:47] ========== Metrics ==========
[2023-05-03 00:33:47] {
  "tr_loss": 0.2018758598471036,
  "tr_acc": 0.9261426142614262,
  "tr_f1": 0.9257602412666499,
  "val_loss": 0.41774872116391115,
  "val_acc": 0.8132883282998756,
  "val_f1": 0.8132883282998756,
  "test_loss": 0.49819247057121296,
  "test_acc": 0.7967479674796748,
  "test_f1": 0.7956403269754769
}
[2023-05-03 00:33:47] ========== Metrics ==========
[2023-05-03 00:33:48] Train Epoch: 6 [0/20000 (0.0%)]	Loss: 0.17388898134231567
[2023-05-03 00:33:48] Train Epoch: 6 [800/20000 (4.0%)]	Loss: 0.1044355258345604
[2023-05-03 00:33:48] Train Epoch: 6 [1600/20000 (8.0%)]	Loss: 0.24254237115383148
[2023-05-03 00:33:49] Train Epoch: 6 [2400/20000 (12.0%)]	Loss: 0.07581795752048492
[2023-05-03 00:33:49] Train Epoch: 6 [3200/20000 (16.0%)]	Loss: 0.07257166504859924
[2023-05-03 00:33:49] Train Epoch: 6 [4000/20000 (20.0%)]	Loss: 0.1948428750038147
[2023-05-03 00:33:49] Train Epoch: 6 [4800/20000 (24.0%)]	Loss: 0.06980809569358826
[2023-05-03 00:33:50] Train Epoch: 6 [5600/20000 (28.0%)]	Loss: 0.034372102469205856
[2023-05-03 00:33:50] Train Epoch: 6 [6400/20000 (32.0%)]	Loss: 0.23184140026569366
[2023-05-03 00:33:50] Train Epoch: 6 [7200/20000 (36.0%)]	Loss: 0.14370116591453552
[2023-05-03 00:33:51] Train Epoch: 6 [8000/20000 (40.0%)]	Loss: 0.08252806961536407
[2023-05-03 00:33:51] Train Epoch: 6 [8800/20000 (44.0%)]	Loss: 0.26968875527381897
[2023-05-03 00:33:51] Train Epoch: 6 [9600/20000 (48.0%)]	Loss: 0.2314060926437378
[2023-05-03 00:33:52] Train Epoch: 6 [10400/20000 (52.0%)]	Loss: 0.21883215010166168
[2023-05-03 00:33:52] Train Epoch: 6 [11200/20000 (56.0%)]	Loss: 0.07603505253791809
[2023-05-03 00:33:52] Train Epoch: 6 [12000/20000 (60.0%)]	Loss: 0.10468608886003494
[2023-05-03 00:33:52] Train Epoch: 6 [12800/20000 (64.0%)]	Loss: 0.17337796092033386
[2023-05-03 00:33:53] Train Epoch: 6 [13600/20000 (68.0%)]	Loss: 0.2811450958251953
[2023-05-03 00:33:53] Train Epoch: 6 [14400/20000 (72.0%)]	Loss: 0.08245409280061722
[2023-05-03 00:33:53] Train Epoch: 6 [15200/20000 (76.0%)]	Loss: 0.1562417894601822
[2023-05-03 00:33:54] Train Epoch: 6 [16000/20000 (80.0%)]	Loss: 0.17448492348194122
[2023-05-03 00:33:54] Train Epoch: 6 [16800/20000 (84.0%)]	Loss: 0.11581255495548248
[2023-05-03 00:33:54] Train Epoch: 6 [17600/20000 (88.0%)]	Loss: 0.18896664679050446
[2023-05-03 00:33:55] Train Epoch: 6 [18400/20000 (92.0%)]	Loss: 0.1621781289577484
[2023-05-03 00:33:55] Train Epoch: 6 [19200/20000 (96.0%)]	Loss: 0.10209563374519348
[2023-05-03 00:34:00] ========== Metrics ==========
[2023-05-03 00:34:00] {
  "tr_loss": 0.1465390619843921,
  "tr_acc": 0.9524952495249525,
  "tr_f1": 0.9522900763358779,
  "val_loss": 0.41687753078123885,
  "val_acc": 0.8132883282998756,
  "val_f1": 0.8130890983460787,
  "test_loss": 0.40895766682094997,
  "test_acc": 0.7940379403794038,
  "test_f1": 0.7934782608695652
}
[2023-05-03 00:34:00] ========== Metrics ==========
[2023-05-03 00:34:01] Train Epoch: 7 [0/20000 (0.0%)]	Loss: 0.16790562868118286
[2023-05-03 00:34:01] Train Epoch: 7 [800/20000 (4.0%)]	Loss: 0.057639237493276596
[2023-05-03 00:34:02] Train Epoch: 7 [1600/20000 (8.0%)]	Loss: 0.12209993600845337
[2023-05-03 00:34:02] Train Epoch: 7 [2400/20000 (12.0%)]	Loss: 0.11495506018400192
[2023-05-03 00:34:02] Train Epoch: 7 [3200/20000 (16.0%)]	Loss: 0.06947965919971466
[2023-05-03 00:34:03] Train Epoch: 7 [4000/20000 (20.0%)]	Loss: 0.1350620836019516
[2023-05-03 00:34:03] Train Epoch: 7 [4800/20000 (24.0%)]	Loss: 0.1259697824716568
[2023-05-03 00:34:03] Train Epoch: 7 [5600/20000 (28.0%)]	Loss: 0.08294131606817245
[2023-05-03 00:34:03] Train Epoch: 7 [6400/20000 (32.0%)]	Loss: 0.14574898779392242
[2023-05-03 00:34:04] Train Epoch: 7 [7200/20000 (36.0%)]	Loss: 0.1093769520521164
[2023-05-03 00:34:04] Train Epoch: 7 [8000/20000 (40.0%)]	Loss: 0.07079889625310898
[2023-05-03 00:34:04] Train Epoch: 7 [8800/20000 (44.0%)]	Loss: 0.11260420083999634
[2023-05-03 00:34:05] Train Epoch: 7 [9600/20000 (48.0%)]	Loss: 0.041598837822675705
[2023-05-03 00:34:05] Train Epoch: 7 [10400/20000 (52.0%)]	Loss: 0.18587280809879303
[2023-05-03 00:34:05] Train Epoch: 7 [11200/20000 (56.0%)]	Loss: 0.16851434111595154
[2023-05-03 00:34:06] Train Epoch: 7 [12000/20000 (60.0%)]	Loss: 0.11469341814517975
[2023-05-03 00:34:06] Train Epoch: 7 [12800/20000 (64.0%)]	Loss: 0.1518746316432953
[2023-05-03 00:34:06] Train Epoch: 7 [13600/20000 (68.0%)]	Loss: 0.17775866389274597
[2023-05-03 00:34:06] Train Epoch: 7 [14400/20000 (72.0%)]	Loss: 0.12730278074741364
[2023-05-03 00:34:07] Train Epoch: 7 [15200/20000 (76.0%)]	Loss: 0.09043363481760025
[2023-05-03 00:34:07] Train Epoch: 7 [16000/20000 (80.0%)]	Loss: 0.10581919550895691
[2023-05-03 00:34:07] Train Epoch: 7 [16800/20000 (84.0%)]	Loss: 0.14598135650157928
[2023-05-03 00:34:08] Train Epoch: 7 [17600/20000 (88.0%)]	Loss: 0.055064812302589417
[2023-05-03 00:34:08] Train Epoch: 7 [18400/20000 (92.0%)]	Loss: 0.09201959520578384
[2023-05-03 00:34:08] Train Epoch: 7 [19200/20000 (96.0%)]	Loss: 0.15155865252017975
[2023-05-03 00:34:14] ========== Metrics ==========
[2023-05-03 00:34:14] {
  "tr_loss": 0.13969618251489657,
  "tr_acc": 0.9542454245424542,
  "tr_f1": 0.954045502486063,
  "val_loss": 0.4169484628286682,
  "val_acc": 0.8131106768520163,
  "val_f1": 0.8135412974122651,
  "test_loss": 0.4144641235268859,
  "test_acc": 0.7940379403794038,
  "test_f1": 0.7934782608695652
}
[2023-05-03 00:34:14] ========== Metrics ==========
[2023-05-03 00:34:15] Train Epoch: 8 [0/20000 (0.0%)]	Loss: 0.16180266439914703
[2023-05-03 00:34:15] Train Epoch: 8 [800/20000 (4.0%)]	Loss: 0.16920721530914307
[2023-05-03 00:34:15] Train Epoch: 8 [1600/20000 (8.0%)]	Loss: 0.18400873243808746
[2023-05-03 00:34:16] Train Epoch: 8 [2400/20000 (12.0%)]	Loss: 0.1290619671344757
[2023-05-03 00:34:16] Train Epoch: 8 [3200/20000 (16.0%)]	Loss: 0.430007666349411
[2023-05-03 00:34:16] Train Epoch: 8 [4000/20000 (20.0%)]	Loss: 0.12192950397729874
[2023-05-03 00:34:16] Train Epoch: 8 [4800/20000 (24.0%)]	Loss: 0.04099848121404648
[2023-05-03 00:34:17] Train Epoch: 8 [5600/20000 (28.0%)]	Loss: 0.11733593791723251
[2023-05-03 00:34:17] Train Epoch: 8 [6400/20000 (32.0%)]	Loss: 0.0890863835811615
[2023-05-03 00:34:17] Train Epoch: 8 [7200/20000 (36.0%)]	Loss: 0.11927047371864319
[2023-05-03 00:34:18] Train Epoch: 8 [8000/20000 (40.0%)]	Loss: 0.02497265674173832
[2023-05-03 00:34:18] Train Epoch: 8 [8800/20000 (44.0%)]	Loss: 0.07446515560150146
[2023-05-03 00:34:18] Train Epoch: 8 [9600/20000 (48.0%)]	Loss: 0.06226646155118942
[2023-05-03 00:34:18] Train Epoch: 8 [10400/20000 (52.0%)]	Loss: 0.11650048941373825
[2023-05-03 00:34:19] Train Epoch: 8 [11200/20000 (56.0%)]	Loss: 0.12588095664978027
[2023-05-03 00:34:19] Train Epoch: 8 [12000/20000 (60.0%)]	Loss: 0.20811709761619568
[2023-05-03 00:34:19] Train Epoch: 8 [12800/20000 (64.0%)]	Loss: 0.10096686333417892
[2023-05-03 00:34:19] Train Epoch: 8 [13600/20000 (68.0%)]	Loss: 0.10990018397569656
[2023-05-03 00:34:20] Train Epoch: 8 [14400/20000 (72.0%)]	Loss: 0.19011953473091125
[2023-05-03 00:34:20] Train Epoch: 8 [15200/20000 (76.0%)]	Loss: 0.1009378507733345
[2023-05-03 00:34:20] Train Epoch: 8 [16000/20000 (80.0%)]	Loss: 0.08757822960615158
[2023-05-03 00:34:20] Train Epoch: 8 [16800/20000 (84.0%)]	Loss: 0.15103143453598022
[2023-05-03 00:34:21] Train Epoch: 8 [17600/20000 (88.0%)]	Loss: 0.159615159034729
[2023-05-03 00:34:21] Train Epoch: 8 [18400/20000 (92.0%)]	Loss: 0.1936051845550537
[2023-05-03 00:34:21] Train Epoch: 8 [19200/20000 (96.0%)]	Loss: 0.056027017533779144
[2023-05-03 00:34:26] ========== Metrics ==========
[2023-05-03 00:34:26] {
  "tr_loss": 0.13569006000873934,
  "tr_acc": 0.9560956095609561,
  "tr_f1": 0.9559987972336373,
  "val_loss": 0.41622340863414714,
  "val_acc": 0.812933025404157,
  "val_f1": 0.8113241354595951,
  "test_loss": 0.4085451156748989,
  "test_acc": 0.8021680216802168,
  "test_f1": 0.7988980716253443
}
[2023-05-03 00:34:26] ========== Metrics ==========
[2023-05-03 00:34:27] Train Epoch: 9 [0/20000 (0.0%)]	Loss: 0.06287907063961029
[2023-05-03 00:34:27] Train Epoch: 9 [800/20000 (4.0%)]	Loss: 0.10607263445854187
[2023-05-03 00:34:28] Train Epoch: 9 [1600/20000 (8.0%)]	Loss: 0.1895073503255844
[2023-05-03 00:34:28] Train Epoch: 9 [2400/20000 (12.0%)]	Loss: 0.10580600798130035
[2023-05-03 00:34:28] Train Epoch: 9 [3200/20000 (16.0%)]	Loss: 0.13992103934288025
[2023-05-03 00:34:28] Train Epoch: 9 [4000/20000 (20.0%)]	Loss: 0.07742719352245331
[2023-05-03 00:34:29] Train Epoch: 9 [4800/20000 (24.0%)]	Loss: 0.08575707674026489
[2023-05-03 00:34:29] Train Epoch: 9 [5600/20000 (28.0%)]	Loss: 0.17914938926696777
[2023-05-03 00:34:29] Train Epoch: 9 [6400/20000 (32.0%)]	Loss: 0.08814132213592529
[2023-05-03 00:34:29] Train Epoch: 9 [7200/20000 (36.0%)]	Loss: 0.0756770595908165
[2023-05-03 00:34:30] Train Epoch: 9 [8000/20000 (40.0%)]	Loss: 0.12076064944267273
[2023-05-03 00:34:30] Train Epoch: 9 [8800/20000 (44.0%)]	Loss: 0.13590838015079498
[2023-05-03 00:34:30] Train Epoch: 9 [9600/20000 (48.0%)]	Loss: 0.09912502020597458
[2023-05-03 00:34:31] Train Epoch: 9 [10400/20000 (52.0%)]	Loss: 0.12195008248090744
[2023-05-03 00:34:31] Train Epoch: 9 [11200/20000 (56.0%)]	Loss: 0.09966523945331573
[2023-05-03 00:34:31] Train Epoch: 9 [12000/20000 (60.0%)]	Loss: 0.2202518880367279
[2023-05-03 00:34:32] Train Epoch: 9 [12800/20000 (64.0%)]	Loss: 0.027968386188149452
[2023-05-03 00:34:32] Train Epoch: 9 [13600/20000 (68.0%)]	Loss: 0.1261511892080307
[2023-05-03 00:34:32] Train Epoch: 9 [14400/20000 (72.0%)]	Loss: 0.05656104534864426
[2023-05-03 00:34:32] Train Epoch: 9 [15200/20000 (76.0%)]	Loss: 0.1782398670911789
[2023-05-03 00:34:33] Train Epoch: 9 [16000/20000 (80.0%)]	Loss: 0.14056092500686646
[2023-05-03 00:34:33] Train Epoch: 9 [16800/20000 (84.0%)]	Loss: 0.05422750115394592
[2023-05-03 00:34:33] Train Epoch: 9 [17600/20000 (88.0%)]	Loss: 0.1979239583015442
[2023-05-03 00:34:34] Train Epoch: 9 [18400/20000 (92.0%)]	Loss: 0.1390928328037262
[2023-05-03 00:34:34] Train Epoch: 9 [19200/20000 (96.0%)]	Loss: 0.13034787774085999
[2023-05-03 00:34:39] ========== Metrics ==========
[2023-05-03 00:34:39] {
  "tr_loss": 0.13176023079366825,
  "tr_acc": 0.9571957195719571,
  "tr_f1": 0.9570496738585047,
  "val_loss": 0.4167826116815683,
  "val_acc": 0.8132883282998756,
  "val_f1": 0.8134209124800283,
  "test_loss": 0.40804038816674293,
  "test_acc": 0.7913279132791328,
  "test_f1": 0.7913279132791329
}
[2023-05-03 00:34:39] ========== Metrics ==========
[2023-05-03 00:34:40] Train Epoch: 10 [0/20000 (0.0%)]	Loss: 0.18877236545085907
[2023-05-03 00:34:40] Train Epoch: 10 [800/20000 (4.0%)]	Loss: 0.15009014308452606
[2023-05-03 00:34:41] Train Epoch: 10 [1600/20000 (8.0%)]	Loss: 0.021751001477241516
[2023-05-03 00:34:41] Train Epoch: 10 [2400/20000 (12.0%)]	Loss: 0.21449847519397736
[2023-05-03 00:34:41] Train Epoch: 10 [3200/20000 (16.0%)]	Loss: 0.09714099019765854
[2023-05-03 00:34:42] Train Epoch: 10 [4000/20000 (20.0%)]	Loss: 0.11196988075971603
[2023-05-03 00:34:42] Train Epoch: 10 [4800/20000 (24.0%)]	Loss: 0.21732087433338165
[2023-05-03 00:34:42] Train Epoch: 10 [5600/20000 (28.0%)]	Loss: 0.14724360406398773
[2023-05-03 00:34:42] Train Epoch: 10 [6400/20000 (32.0%)]	Loss: 0.07474500685930252
[2023-05-03 00:34:43] Train Epoch: 10 [7200/20000 (36.0%)]	Loss: 0.08823138475418091
[2023-05-03 00:34:43] Train Epoch: 10 [8000/20000 (40.0%)]	Loss: 0.22106947004795074
[2023-05-03 00:34:43] Train Epoch: 10 [8800/20000 (44.0%)]	Loss: 0.20513473451137543
[2023-05-03 00:34:44] Train Epoch: 10 [9600/20000 (48.0%)]	Loss: 0.05857371538877487
[2023-05-03 00:34:44] Train Epoch: 10 [10400/20000 (52.0%)]	Loss: 0.20287276804447174
[2023-05-03 00:34:44] Train Epoch: 10 [11200/20000 (56.0%)]	Loss: 0.035296209156513214
[2023-05-03 00:34:45] Train Epoch: 10 [12000/20000 (60.0%)]	Loss: 0.14102062582969666
[2023-05-03 00:34:45] Train Epoch: 10 [12800/20000 (64.0%)]	Loss: 0.0753074437379837
[2023-05-03 00:34:45] Train Epoch: 10 [13600/20000 (68.0%)]	Loss: 0.08745555579662323
[2023-05-03 00:34:46] Train Epoch: 10 [14400/20000 (72.0%)]	Loss: 0.09421639889478683
[2023-05-03 00:34:46] Train Epoch: 10 [15200/20000 (76.0%)]	Loss: 0.08194588869810104
[2023-05-03 00:34:46] Train Epoch: 10 [16000/20000 (80.0%)]	Loss: 0.10453447699546814
[2023-05-03 00:34:47] Train Epoch: 10 [16800/20000 (84.0%)]	Loss: 0.09109680354595184
[2023-05-03 00:34:47] Train Epoch: 10 [17600/20000 (88.0%)]	Loss: 0.1507125198841095
[2023-05-03 00:34:47] Train Epoch: 10 [18400/20000 (92.0%)]	Loss: 0.10785273462533951
[2023-05-03 00:34:47] Train Epoch: 10 [19200/20000 (96.0%)]	Loss: 0.1460021287202835
[2023-05-03 00:34:52] ========== Metrics ==========
[2023-05-03 00:34:52] {
  "tr_loss": 0.1263968235406891,
  "tr_acc": 0.957995799579958,
  "tr_f1": 0.9578905153398838,
  "val_loss": 0.41616936944733507,
  "val_acc": 0.8143542369870315,
  "val_f1": 0.8138250489934082,
  "test_loss": 0.4334556261698405,
  "test_acc": 0.7967479674796748,
  "test_f1": 0.7956403269754769
}
[2023-05-03 00:34:52] ========== Metrics ==========
[2023-05-03 00:34:53] Train Epoch: 11 [0/20000 (0.0%)]	Loss: 0.09182686358690262
[2023-05-03 00:34:53] Train Epoch: 11 [800/20000 (4.0%)]	Loss: 0.10427499562501907
[2023-05-03 00:34:54] Train Epoch: 11 [1600/20000 (8.0%)]	Loss: 0.06259950250387192
[2023-05-03 00:34:54] Train Epoch: 11 [2400/20000 (12.0%)]	Loss: 0.10514025390148163
[2023-05-03 00:34:54] Train Epoch: 11 [3200/20000 (16.0%)]	Loss: 0.08685939759016037
[2023-05-03 00:34:55] Train Epoch: 11 [4000/20000 (20.0%)]	Loss: 0.235597625374794
[2023-05-03 00:34:55] Train Epoch: 11 [4800/20000 (24.0%)]	Loss: 0.09771472960710526
[2023-05-03 00:34:55] Train Epoch: 11 [5600/20000 (28.0%)]	Loss: 0.03582072630524635
[2023-05-03 00:34:56] Train Epoch: 11 [6400/20000 (32.0%)]	Loss: 0.11585994809865952
[2023-05-03 00:34:56] Train Epoch: 11 [7200/20000 (36.0%)]	Loss: 0.19311103224754333
[2023-05-03 00:34:56] Train Epoch: 11 [8000/20000 (40.0%)]	Loss: 0.2996383011341095
[2023-05-03 00:34:56] Train Epoch: 11 [8800/20000 (44.0%)]	Loss: 0.17937041819095612
[2023-05-03 00:34:57] Train Epoch: 11 [9600/20000 (48.0%)]	Loss: 0.07669810205698013
[2023-05-03 00:34:57] Train Epoch: 11 [10400/20000 (52.0%)]	Loss: 0.10738390684127808
[2023-05-03 00:34:57] Train Epoch: 11 [11200/20000 (56.0%)]	Loss: 0.1632489711046219
[2023-05-03 00:34:58] Train Epoch: 11 [12000/20000 (60.0%)]	Loss: 0.06403910368680954
[2023-05-03 00:34:58] Train Epoch: 11 [12800/20000 (64.0%)]	Loss: 0.053288549184799194
[2023-05-03 00:34:58] Train Epoch: 11 [13600/20000 (68.0%)]	Loss: 0.0339096263051033
[2023-05-03 00:34:59] Train Epoch: 11 [14400/20000 (72.0%)]	Loss: 0.15254268050193787
[2023-05-03 00:34:59] Train Epoch: 11 [15200/20000 (76.0%)]	Loss: 0.20718799531459808
[2023-05-03 00:34:59] Train Epoch: 11 [16000/20000 (80.0%)]	Loss: 0.05383924022316933
[2023-05-03 00:35:00] Train Epoch: 11 [16800/20000 (84.0%)]	Loss: 0.18397635221481323
[2023-05-03 00:35:00] Train Epoch: 11 [17600/20000 (88.0%)]	Loss: 0.18350423872470856
[2023-05-03 00:35:00] Train Epoch: 11 [18400/20000 (92.0%)]	Loss: 0.07548756152391434
[2023-05-03 00:35:00] Train Epoch: 11 [19200/20000 (96.0%)]	Loss: 0.1057167574763298
[2023-05-03 00:35:05] ========== Metrics ==========
[2023-05-03 00:35:05] {
  "tr_loss": 0.12222946149231208,
  "tr_acc": 0.9588958895889589,
  "tr_f1": 0.9587928614397434,
  "val_loss": 0.4163099653789895,
  "val_acc": 0.8145318884348908,
  "val_f1": 0.8141025641025641,
  "test_loss": 0.413882498495624,
  "test_acc": 0.7940379403794038,
  "test_f1": 0.7934782608695652
}
[2023-05-03 00:35:05] ========== Metrics ==========
[2023-05-03 00:35:06] Train Epoch: 12 [0/20000 (0.0%)]	Loss: 0.06403596699237823
[2023-05-03 00:35:07] Train Epoch: 12 [800/20000 (4.0%)]	Loss: 0.12358905375003815
[2023-05-03 00:35:07] Train Epoch: 12 [1600/20000 (8.0%)]	Loss: 0.10543068498373032
[2023-05-03 00:35:07] Train Epoch: 12 [2400/20000 (12.0%)]	Loss: 0.14549289643764496
[2023-05-03 00:35:07] Train Epoch: 12 [3200/20000 (16.0%)]	Loss: 0.02794494666159153
[2023-05-03 00:35:08] Train Epoch: 12 [4000/20000 (20.0%)]	Loss: 0.10738436132669449
[2023-05-03 00:35:08] Train Epoch: 12 [4800/20000 (24.0%)]	Loss: 0.10905642807483673
[2023-05-03 00:35:08] Train Epoch: 12 [5600/20000 (28.0%)]	Loss: 0.049513742327690125
[2023-05-03 00:35:09] Train Epoch: 12 [6400/20000 (32.0%)]	Loss: 0.03903760388493538
[2023-05-03 00:35:09] Train Epoch: 12 [7200/20000 (36.0%)]	Loss: 0.07179804891347885
[2023-05-03 00:35:09] Train Epoch: 12 [8000/20000 (40.0%)]	Loss: 0.10236793756484985
[2023-05-03 00:35:10] Train Epoch: 12 [8800/20000 (44.0%)]	Loss: 0.13187730312347412
[2023-05-03 00:35:10] Train Epoch: 12 [9600/20000 (48.0%)]	Loss: 0.049794986844062805
[2023-05-03 00:35:10] Train Epoch: 12 [10400/20000 (52.0%)]	Loss: 0.11681301891803741
[2023-05-03 00:35:11] Train Epoch: 12 [11200/20000 (56.0%)]	Loss: 0.2647785246372223
[2023-05-03 00:35:11] Train Epoch: 12 [12000/20000 (60.0%)]	Loss: 0.0338146910071373
[2023-05-03 00:35:11] Train Epoch: 12 [12800/20000 (64.0%)]	Loss: 0.19516371190547943
[2023-05-03 00:35:11] Train Epoch: 12 [13600/20000 (68.0%)]	Loss: 0.17114074528217316
[2023-05-03 00:35:12] Train Epoch: 12 [14400/20000 (72.0%)]	Loss: 0.1379869133234024
[2023-05-03 00:35:12] Train Epoch: 12 [15200/20000 (76.0%)]	Loss: 0.1310761719942093
[2023-05-03 00:35:12] Train Epoch: 12 [16000/20000 (80.0%)]	Loss: 0.013148830272257328
[2023-05-03 00:35:13] Train Epoch: 12 [16800/20000 (84.0%)]	Loss: 0.19010382890701294
[2023-05-03 00:35:13] Train Epoch: 12 [17600/20000 (88.0%)]	Loss: 0.31156864762306213
[2023-05-03 00:35:13] Train Epoch: 12 [18400/20000 (92.0%)]	Loss: 0.225271537899971
[2023-05-03 00:35:14] Train Epoch: 12 [19200/20000 (96.0%)]	Loss: 0.13793200254440308
[2023-05-03 00:35:19] ========== Metrics ==========
[2023-05-03 00:35:19] {
  "tr_loss": 0.12179738817491917,
  "tr_acc": 0.9591459145914591,
  "tr_f1": 0.9589426604351978,
  "val_loss": 0.4162864812760142,
  "val_acc": 0.8138212826434535,
  "val_f1": 0.8137220049768931,
  "test_loss": 0.4101377551148577,
  "test_acc": 0.7940379403794038,
  "test_f1": 0.7934782608695652
}
[2023-05-03 00:35:19] ========== Metrics ==========
[2023-05-03 00:35:20] Train Epoch: 13 [0/20000 (0.0%)]	Loss: 0.30462220311164856
[2023-05-03 00:35:20] Train Epoch: 13 [800/20000 (4.0%)]	Loss: 0.10768100619316101
[2023-05-03 00:35:21] Train Epoch: 13 [1600/20000 (8.0%)]	Loss: 0.05629517138004303
[2023-05-03 00:35:21] Train Epoch: 13 [2400/20000 (12.0%)]	Loss: 0.2287241369485855
[2023-05-03 00:35:21] Train Epoch: 13 [3200/20000 (16.0%)]	Loss: 0.07635026425123215
[2023-05-03 00:35:21] Train Epoch: 13 [4000/20000 (20.0%)]	Loss: 0.29593658447265625
[2023-05-03 00:35:22] Train Epoch: 13 [4800/20000 (24.0%)]	Loss: 0.05241626501083374
[2023-05-03 00:35:22] Train Epoch: 13 [5600/20000 (28.0%)]	Loss: 0.0358678475022316
[2023-05-03 00:35:22] Train Epoch: 13 [6400/20000 (32.0%)]	Loss: 0.1144905611872673
[2023-05-03 00:35:23] Train Epoch: 13 [7200/20000 (36.0%)]	Loss: 0.1647907793521881
[2023-05-03 00:35:23] Train Epoch: 13 [8000/20000 (40.0%)]	Loss: 0.09217297285795212
[2023-05-03 00:35:23] Train Epoch: 13 [8800/20000 (44.0%)]	Loss: 0.10607807338237762
[2023-05-03 00:35:24] Train Epoch: 13 [9600/20000 (48.0%)]	Loss: 0.12938465178012848
[2023-05-03 00:35:24] Train Epoch: 13 [10400/20000 (52.0%)]	Loss: 0.09871737658977509
[2023-05-03 00:35:24] Train Epoch: 13 [11200/20000 (56.0%)]	Loss: 0.1499393731355667
[2023-05-03 00:35:24] Train Epoch: 13 [12000/20000 (60.0%)]	Loss: 0.05353644862771034
[2023-05-03 00:35:25] Train Epoch: 13 [12800/20000 (64.0%)]	Loss: 0.08253566920757294
[2023-05-03 00:35:25] Train Epoch: 13 [13600/20000 (68.0%)]	Loss: 0.020821405574679375
[2023-05-03 00:35:25] Train Epoch: 13 [14400/20000 (72.0%)]	Loss: 0.18689832091331482
[2023-05-03 00:35:25] Train Epoch: 13 [15200/20000 (76.0%)]	Loss: 0.10812158137559891
[2023-05-03 00:35:26] Train Epoch: 13 [16000/20000 (80.0%)]	Loss: 0.1138460636138916
[2023-05-03 00:35:26] Train Epoch: 13 [16800/20000 (84.0%)]	Loss: 0.08217938244342804
[2023-05-03 00:35:26] Train Epoch: 13 [17600/20000 (88.0%)]	Loss: 0.16931627690792084
[2023-05-03 00:35:27] Train Epoch: 13 [18400/20000 (92.0%)]	Loss: 0.025105904787778854
[2023-05-03 00:35:27] Train Epoch: 13 [19200/20000 (96.0%)]	Loss: 0.1573340892791748
[2023-05-03 00:35:32] ========== Metrics ==========
[2023-05-03 00:35:32] {
  "tr_loss": 0.12106516456181365,
  "tr_acc": 0.9606460646064606,
  "tr_f1": 0.9604741097885591,
  "val_loss": 0.4164405821229112,
  "val_acc": 0.8131106768520163,
  "val_f1": 0.8134751773049645,
  "test_loss": 0.4263133776543263,
  "test_acc": 0.7913279132791328,
  "test_f1": 0.7913279132791329
}
[2023-05-03 00:35:32] ========== Metrics ==========
[2023-05-03 00:35:33] Train Epoch: 14 [0/20000 (0.0%)]	Loss: 0.07731505483388901
[2023-05-03 00:35:33] Train Epoch: 14 [800/20000 (4.0%)]	Loss: 0.18510384857654572
[2023-05-03 00:35:33] Train Epoch: 14 [1600/20000 (8.0%)]	Loss: 0.09409622848033905
[2023-05-03 00:35:34] Train Epoch: 14 [2400/20000 (12.0%)]	Loss: 0.2172202318906784
[2023-05-03 00:35:34] Train Epoch: 14 [3200/20000 (16.0%)]	Loss: 0.04458426684141159
[2023-05-03 00:35:34] Train Epoch: 14 [4000/20000 (20.0%)]	Loss: 0.10167919844388962
[2023-05-03 00:35:34] Train Epoch: 14 [4800/20000 (24.0%)]	Loss: 0.18435484170913696
[2023-05-03 00:35:35] Train Epoch: 14 [5600/20000 (28.0%)]	Loss: 0.1291431486606598
[2023-05-03 00:35:35] Train Epoch: 14 [6400/20000 (32.0%)]	Loss: 0.05082228407263756
[2023-05-03 00:35:35] Train Epoch: 14 [7200/20000 (36.0%)]	Loss: 0.08907762914896011
[2023-05-03 00:35:35] Train Epoch: 14 [8000/20000 (40.0%)]	Loss: 0.09903838485479355
[2023-05-03 00:35:36] Train Epoch: 14 [8800/20000 (44.0%)]	Loss: 0.1982784867286682
[2023-05-03 00:35:36] Train Epoch: 14 [9600/20000 (48.0%)]	Loss: 0.20393924415111542
[2023-05-03 00:35:36] Train Epoch: 14 [10400/20000 (52.0%)]	Loss: 0.10711140930652618
[2023-05-03 00:35:37] Train Epoch: 14 [11200/20000 (56.0%)]	Loss: 0.07791692018508911
[2023-05-03 00:35:37] Train Epoch: 14 [12000/20000 (60.0%)]	Loss: 0.14126071333885193
[2023-05-03 00:35:37] Train Epoch: 14 [12800/20000 (64.0%)]	Loss: 0.023216595873236656
[2023-05-03 00:35:38] Train Epoch: 14 [13600/20000 (68.0%)]	Loss: 0.16468000411987305
[2023-05-03 00:35:38] Train Epoch: 14 [14400/20000 (72.0%)]	Loss: 0.05977288633584976
[2023-05-03 00:35:38] Train Epoch: 14 [15200/20000 (76.0%)]	Loss: 0.09035708755254745
[2023-05-03 00:35:38] Train Epoch: 14 [16000/20000 (80.0%)]	Loss: 0.2359042465686798
[2023-05-03 00:35:39] Train Epoch: 14 [16800/20000 (84.0%)]	Loss: 0.21342992782592773
[2023-05-03 00:35:39] Train Epoch: 14 [17600/20000 (88.0%)]	Loss: 0.10492374747991562
[2023-05-03 00:35:39] Train Epoch: 14 [18400/20000 (92.0%)]	Loss: 0.07061967998743057
[2023-05-03 00:35:40] Train Epoch: 14 [19200/20000 (96.0%)]	Loss: 0.23821067810058594
[2023-05-03 00:35:44] ========== Metrics ==========
[2023-05-03 00:35:44] {
  "tr_loss": 0.12063914405019752,
  "tr_acc": 0.9602460246024602,
  "tr_f1": 0.9601523733146208,
  "val_loss": 0.416257625067503,
  "val_acc": 0.8147095398827501,
  "val_f1": 0.814379782879516,
  "test_loss": 0.42880693489943095,
  "test_acc": 0.7940379403794038,
  "test_f1": 0.7934782608695652
}
[2023-05-03 00:35:44] ========== Metrics ==========
[2023-05-03 00:35:45] Train Epoch: 15 [0/20000 (0.0%)]	Loss: 0.11207800358533859
[2023-05-03 00:35:46] Train Epoch: 15 [800/20000 (4.0%)]	Loss: 0.12532059848308563
[2023-05-03 00:35:46] Train Epoch: 15 [1600/20000 (8.0%)]	Loss: 0.1380346715450287
[2023-05-03 00:35:46] Train Epoch: 15 [2400/20000 (12.0%)]	Loss: 0.04082693159580231
[2023-05-03 00:35:46] Train Epoch: 15 [3200/20000 (16.0%)]	Loss: 0.07380663603544235
[2023-05-03 00:35:47] Train Epoch: 15 [4000/20000 (20.0%)]	Loss: 0.06877034902572632
[2023-05-03 00:35:47] Train Epoch: 15 [4800/20000 (24.0%)]	Loss: 0.22478872537612915
[2023-05-03 00:35:47] Train Epoch: 15 [5600/20000 (28.0%)]	Loss: 0.39295801520347595
[2023-05-03 00:35:48] Train Epoch: 15 [6400/20000 (32.0%)]	Loss: 0.10811114311218262
[2023-05-03 00:35:48] Train Epoch: 15 [7200/20000 (36.0%)]	Loss: 0.2093484252691269
[2023-05-03 00:35:48] Train Epoch: 15 [8000/20000 (40.0%)]	Loss: 0.09530767053365707
[2023-05-03 00:35:49] Train Epoch: 15 [8800/20000 (44.0%)]	Loss: 0.09258411824703217
[2023-05-03 00:35:49] Train Epoch: 15 [9600/20000 (48.0%)]	Loss: 0.05012136697769165
[2023-05-03 00:35:49] Train Epoch: 15 [10400/20000 (52.0%)]	Loss: 0.11826290190219879
[2023-05-03 00:35:49] Train Epoch: 15 [11200/20000 (56.0%)]	Loss: 0.05078376457095146
[2023-05-03 00:35:50] Train Epoch: 15 [12000/20000 (60.0%)]	Loss: 0.0584925152361393
[2023-05-03 00:35:50] Train Epoch: 15 [12800/20000 (64.0%)]	Loss: 0.10258138179779053
[2023-05-03 00:35:50] Train Epoch: 15 [13600/20000 (68.0%)]	Loss: 0.08849360793828964
[2023-05-03 00:35:51] Train Epoch: 15 [14400/20000 (72.0%)]	Loss: 0.4037838876247406
[2023-05-03 00:35:51] Train Epoch: 15 [15200/20000 (76.0%)]	Loss: 0.09888245910406113
[2023-05-03 00:35:51] Train Epoch: 15 [16000/20000 (80.0%)]	Loss: 0.19275106489658356
[2023-05-03 00:35:51] Train Epoch: 15 [16800/20000 (84.0%)]	Loss: 0.058795247226953506
[2023-05-03 00:35:52] Train Epoch: 15 [17600/20000 (88.0%)]	Loss: 0.05652153491973877
[2023-05-03 00:35:52] Train Epoch: 15 [18400/20000 (92.0%)]	Loss: 0.1530461460351944
[2023-05-03 00:35:52] Train Epoch: 15 [19200/20000 (96.0%)]	Loss: 0.3118128776550293
[2023-05-03 00:35:57] ========== Metrics ==========
[2023-05-03 00:35:57] {
  "tr_loss": 0.11962406637028034,
  "tr_acc": 0.9613961396139614,
  "tr_f1": 0.9613729610727508,
  "val_loss": 0.4163517012098878,
  "val_acc": 0.8145318884348908,
  "val_f1": 0.8141687433250266,
  "test_loss": 0.4124108452784014,
  "test_acc": 0.7940379403794038,
  "test_f1": 0.7934782608695652
}
[2023-05-03 00:35:57] ========== Metrics ==========
[2023-05-03 00:35:58] Train Epoch: 16 [0/20000 (0.0%)]	Loss: 0.07213283330202103
[2023-05-03 00:35:58] Train Epoch: 16 [800/20000 (4.0%)]	Loss: 0.08439449220895767
[2023-05-03 00:35:59] Train Epoch: 16 [1600/20000 (8.0%)]	Loss: 0.22398287057876587
[2023-05-03 00:35:59] Train Epoch: 16 [2400/20000 (12.0%)]	Loss: 0.08844015747308731
[2023-05-03 00:35:59] Train Epoch: 16 [3200/20000 (16.0%)]	Loss: 0.02721950225532055
[2023-05-03 00:35:59] Train Epoch: 16 [4000/20000 (20.0%)]	Loss: 0.08876754343509674
[2023-05-03 00:36:00] Train Epoch: 16 [4800/20000 (24.0%)]	Loss: 0.15982946753501892
[2023-05-03 00:36:00] Train Epoch: 16 [5600/20000 (28.0%)]	Loss: 0.16740666329860687
[2023-05-03 00:36:00] Train Epoch: 16 [6400/20000 (32.0%)]	Loss: 0.19521088898181915
[2023-05-03 00:36:01] Train Epoch: 16 [7200/20000 (36.0%)]	Loss: 0.08498632907867432
[2023-05-03 00:36:01] Train Epoch: 16 [8000/20000 (40.0%)]	Loss: 0.15623506903648376
[2023-05-03 00:36:01] Train Epoch: 16 [8800/20000 (44.0%)]	Loss: 0.08719291538000107
[2023-05-03 00:36:02] Train Epoch: 16 [9600/20000 (48.0%)]	Loss: 0.09889952838420868
[2023-05-03 00:36:02] Train Epoch: 16 [10400/20000 (52.0%)]	Loss: 0.20082496106624603
[2023-05-03 00:36:02] Train Epoch: 16 [11200/20000 (56.0%)]	Loss: 0.1628430038690567
[2023-05-03 00:36:03] Train Epoch: 16 [12000/20000 (60.0%)]	Loss: 0.15356624126434326
[2023-05-03 00:36:03] Train Epoch: 16 [12800/20000 (64.0%)]	Loss: 0.15959587693214417
[2023-05-03 00:36:03] Train Epoch: 16 [13600/20000 (68.0%)]	Loss: 0.03106461465358734
[2023-05-03 00:36:03] Train Epoch: 16 [14400/20000 (72.0%)]	Loss: 0.14611481130123138
[2023-05-03 00:36:04] Train Epoch: 16 [15200/20000 (76.0%)]	Loss: 0.036624666303396225
[2023-05-03 00:36:04] Train Epoch: 16 [16000/20000 (80.0%)]	Loss: 0.039697665721178055
[2023-05-03 00:36:04] Train Epoch: 16 [16800/20000 (84.0%)]	Loss: 0.05818586051464081
[2023-05-03 00:36:05] Train Epoch: 16 [17600/20000 (88.0%)]	Loss: 0.04462938755750656
[2023-05-03 00:36:05] Train Epoch: 16 [18400/20000 (92.0%)]	Loss: 0.08924777060747147
[2023-05-03 00:36:05] Train Epoch: 16 [19200/20000 (96.0%)]	Loss: 0.1421319842338562
[2023-05-03 00:36:11] ========== Metrics ==========
[2023-05-03 00:36:11] {
  "tr_loss": 0.11742397112743368,
  "tr_acc": 0.9634463446344634,
  "tr_f1": 0.9633822571757751,
  "val_loss": 0.416280039802371,
  "val_acc": 0.8143542369870315,
  "val_f1": 0.8139576286273812,
  "test_loss": 0.4121880906061105,
  "test_acc": 0.7940379403794038,
  "test_f1": 0.7934782608695652
}
[2023-05-03 00:36:11] ========== Metrics ==========
[2023-05-03 00:36:12] Train Epoch: 17 [0/20000 (0.0%)]	Loss: 0.02910107560455799
[2023-05-03 00:36:12] Train Epoch: 17 [800/20000 (4.0%)]	Loss: 0.07410561293363571
[2023-05-03 00:36:12] Train Epoch: 17 [1600/20000 (8.0%)]	Loss: 0.11483071744441986
[2023-05-03 00:36:13] Train Epoch: 17 [2400/20000 (12.0%)]	Loss: 0.08614570647478104
[2023-05-03 00:36:13] Train Epoch: 17 [3200/20000 (16.0%)]	Loss: 0.11578842997550964
[2023-05-03 00:36:13] Train Epoch: 17 [4000/20000 (20.0%)]	Loss: 0.09485962986946106
[2023-05-03 00:36:14] Train Epoch: 17 [4800/20000 (24.0%)]	Loss: 0.0715755820274353
[2023-05-03 00:36:14] Train Epoch: 17 [5600/20000 (28.0%)]	Loss: 0.10682462155818939
[2023-05-03 00:36:14] Train Epoch: 17 [6400/20000 (32.0%)]	Loss: 0.08785019814968109
[2023-05-03 00:36:15] Train Epoch: 17 [7200/20000 (36.0%)]	Loss: 0.07214557379484177
[2023-05-03 00:36:15] Train Epoch: 17 [8000/20000 (40.0%)]	Loss: 0.23799745738506317
[2023-05-03 00:36:15] Train Epoch: 17 [8800/20000 (44.0%)]	Loss: 0.047549474984407425
[2023-05-03 00:36:16] Train Epoch: 17 [9600/20000 (48.0%)]	Loss: 0.07067178934812546
[2023-05-03 00:36:16] Train Epoch: 17 [10400/20000 (52.0%)]	Loss: 0.13756217062473297
[2023-05-03 00:36:16] Train Epoch: 17 [11200/20000 (56.0%)]	Loss: 0.08162050694227219
[2023-05-03 00:36:17] Train Epoch: 17 [12000/20000 (60.0%)]	Loss: 0.2068641483783722
[2023-05-03 00:36:17] Train Epoch: 17 [12800/20000 (64.0%)]	Loss: 0.09619487822055817
[2023-05-03 00:36:17] Train Epoch: 17 [13600/20000 (68.0%)]	Loss: 0.33186811208724976
[2023-05-03 00:36:17] Train Epoch: 17 [14400/20000 (72.0%)]	Loss: 0.15006215870380402
[2023-05-03 00:36:18] Train Epoch: 17 [15200/20000 (76.0%)]	Loss: 0.06045649200677872
[2023-05-03 00:36:18] Train Epoch: 17 [16000/20000 (80.0%)]	Loss: 0.06157907471060753
[2023-05-03 00:36:18] Train Epoch: 17 [16800/20000 (84.0%)]	Loss: 0.12445736676454544
[2023-05-03 00:36:19] Train Epoch: 17 [17600/20000 (88.0%)]	Loss: 0.04474988579750061
[2023-05-03 00:36:19] Train Epoch: 17 [18400/20000 (92.0%)]	Loss: 0.10824260115623474
[2023-05-03 00:36:19] Train Epoch: 17 [19200/20000 (96.0%)]	Loss: 0.05578162521123886
[2023-05-03 00:36:24] ========== Metrics ==========
[2023-05-03 00:36:24] {
  "tr_loss": 0.11883637564282308,
  "tr_acc": 0.9617961796179618,
  "tr_f1": 0.9616350306317163,
  "val_loss": 0.41645977928702416,
  "val_acc": 0.8143542369870315,
  "val_f1": 0.8139576286273812,
  "test_loss": 0.4231081693799192,
  "test_acc": 0.7940379403794038,
  "test_f1": 0.7934782608695652
}
[2023-05-03 00:36:24] ========== Metrics ==========
[2023-05-03 00:36:25] Train Epoch: 18 [0/20000 (0.0%)]	Loss: 0.05263044312596321
[2023-05-03 00:36:26] Train Epoch: 18 [800/20000 (4.0%)]	Loss: 0.06198841705918312
[2023-05-03 00:36:26] Train Epoch: 18 [1600/20000 (8.0%)]	Loss: 0.41412463784217834
[2023-05-03 00:36:26] Train Epoch: 18 [2400/20000 (12.0%)]	Loss: 0.08495885878801346
[2023-05-03 00:36:26] Train Epoch: 18 [3200/20000 (16.0%)]	Loss: 0.2890644073486328
[2023-05-03 00:36:27] Train Epoch: 18 [4000/20000 (20.0%)]	Loss: 0.07908231019973755
[2023-05-03 00:36:27] Train Epoch: 18 [4800/20000 (24.0%)]	Loss: 0.164705291390419
[2023-05-03 00:36:27] Train Epoch: 18 [5600/20000 (28.0%)]	Loss: 0.07003515958786011
[2023-05-03 00:36:28] Train Epoch: 18 [6400/20000 (32.0%)]	Loss: 0.09338811039924622
[2023-05-03 00:36:28] Train Epoch: 18 [7200/20000 (36.0%)]	Loss: 0.08510324358940125
[2023-05-03 00:36:28] Train Epoch: 18 [8000/20000 (40.0%)]	Loss: 0.07378849387168884
[2023-05-03 00:36:29] Train Epoch: 18 [8800/20000 (44.0%)]	Loss: 0.16261708736419678
[2023-05-03 00:36:29] Train Epoch: 18 [9600/20000 (48.0%)]	Loss: 0.14043018221855164
[2023-05-03 00:36:29] Train Epoch: 18 [10400/20000 (52.0%)]	Loss: 0.12305040657520294
[2023-05-03 00:36:29] Train Epoch: 18 [11200/20000 (56.0%)]	Loss: 0.07493945211172104
[2023-05-03 00:36:30] Train Epoch: 18 [12000/20000 (60.0%)]	Loss: 0.15419620275497437
[2023-05-03 00:36:30] Train Epoch: 18 [12800/20000 (64.0%)]	Loss: 0.07631996273994446
[2023-05-03 00:36:30] Train Epoch: 18 [13600/20000 (68.0%)]	Loss: 0.06492725759744644
[2023-05-03 00:36:31] Train Epoch: 18 [14400/20000 (72.0%)]	Loss: 0.07136080414056778
[2023-05-03 00:36:31] Train Epoch: 18 [15200/20000 (76.0%)]	Loss: 0.1941884607076645
[2023-05-03 00:36:31] Train Epoch: 18 [16000/20000 (80.0%)]	Loss: 0.15816630423069
[2023-05-03 00:36:31] Train Epoch: 18 [16800/20000 (84.0%)]	Loss: 0.027614902704954147
[2023-05-03 00:36:32] Train Epoch: 18 [17600/20000 (88.0%)]	Loss: 0.14855533838272095
[2023-05-03 00:36:32] Train Epoch: 18 [18400/20000 (92.0%)]	Loss: 0.26852545142173767
[2023-05-03 00:36:32] Train Epoch: 18 [19200/20000 (96.0%)]	Loss: 0.09991268813610077
[2023-05-03 00:36:37] ========== Metrics ==========
[2023-05-03 00:36:37] {
  "tr_loss": 0.11523192060930823,
  "tr_acc": 0.963046304630463,
  "tr_f1": 0.963025966878471,
  "val_loss": 0.4163190327395468,
  "val_acc": 0.8143542369870315,
  "val_f1": 0.8139576286273812,
  "test_loss": 0.4114213393632635,
  "test_acc": 0.7940379403794038,
  "test_f1": 0.7934782608695652
}
[2023-05-03 00:36:37] ========== Metrics ==========
[2023-05-03 00:36:38] Train Epoch: 19 [0/20000 (0.0%)]	Loss: 0.1995343118906021
[2023-05-03 00:36:39] Train Epoch: 19 [800/20000 (4.0%)]	Loss: 0.16210539638996124
[2023-05-03 00:36:39] Train Epoch: 19 [1600/20000 (8.0%)]	Loss: 0.09432260692119598
[2023-05-03 00:36:39] Train Epoch: 19 [2400/20000 (12.0%)]	Loss: 0.10869868844747543
[2023-05-03 00:36:39] Train Epoch: 19 [3200/20000 (16.0%)]	Loss: 0.21091243624687195
[2023-05-03 00:36:40] Train Epoch: 19 [4000/20000 (20.0%)]	Loss: 0.04897254705429077
[2023-05-03 00:36:40] Train Epoch: 19 [4800/20000 (24.0%)]	Loss: 0.1251949965953827
[2023-05-03 00:36:40] Train Epoch: 19 [5600/20000 (28.0%)]	Loss: 0.06365740299224854
[2023-05-03 00:36:41] Train Epoch: 19 [6400/20000 (32.0%)]	Loss: 0.13393345475196838
[2023-05-03 00:36:41] Train Epoch: 19 [7200/20000 (36.0%)]	Loss: 0.1145307868719101
[2023-05-03 00:36:41] Train Epoch: 19 [8000/20000 (40.0%)]	Loss: 0.023763449862599373
[2023-05-03 00:36:42] Train Epoch: 19 [8800/20000 (44.0%)]	Loss: 0.1141715794801712
[2023-05-03 00:36:42] Train Epoch: 19 [9600/20000 (48.0%)]	Loss: 0.07810426503419876
[2023-05-03 00:36:42] Train Epoch: 19 [10400/20000 (52.0%)]	Loss: 0.1337767392396927
[2023-05-03 00:36:42] Train Epoch: 19 [11200/20000 (56.0%)]	Loss: 0.21176446974277496
[2023-05-03 00:36:43] Train Epoch: 19 [12000/20000 (60.0%)]	Loss: 0.22670933604240417
[2023-05-03 00:36:43] Train Epoch: 19 [12800/20000 (64.0%)]	Loss: 0.07728973031044006
[2023-05-03 00:36:43] Train Epoch: 19 [13600/20000 (68.0%)]	Loss: 0.19843599200248718
[2023-05-03 00:36:44] Train Epoch: 19 [14400/20000 (72.0%)]	Loss: 0.16474007070064545
[2023-05-03 00:36:44] Train Epoch: 19 [15200/20000 (76.0%)]	Loss: 0.06430482119321823
[2023-05-03 00:36:44] Train Epoch: 19 [16000/20000 (80.0%)]	Loss: 0.17564328014850616
[2023-05-03 00:36:45] Train Epoch: 19 [16800/20000 (84.0%)]	Loss: 0.06571009010076523
[2023-05-03 00:36:45] Train Epoch: 19 [17600/20000 (88.0%)]	Loss: 0.29644620418548584
[2023-05-03 00:36:45] Train Epoch: 19 [18400/20000 (92.0%)]	Loss: 0.10155653953552246
[2023-05-03 00:36:45] Train Epoch: 19 [19200/20000 (96.0%)]	Loss: 0.08553086966276169
[2023-05-03 00:36:51] ========== Metrics ==========
[2023-05-03 00:36:51] {
  "tr_loss": 0.12072646058518381,
  "tr_acc": 0.95994599459946,
  "tr_f1": 0.9598234438481217,
  "val_loss": 0.416378523850657,
  "val_acc": 0.8143542369870315,
  "val_f1": 0.8139576286273812,
  "test_loss": 0.44399277272263193,
  "test_acc": 0.7940379403794038,
  "test_f1": 0.7934782608695652
}
[2023-05-03 00:36:51] ========== Metrics ==========
[2023-05-03 00:36:52] Train Epoch: 20 [0/20000 (0.0%)]	Loss: 0.14059975743293762
[2023-05-03 00:36:52] Train Epoch: 20 [800/20000 (4.0%)]	Loss: 0.13877686858177185
[2023-05-03 00:36:52] Train Epoch: 20 [1600/20000 (8.0%)]	Loss: 0.13751792907714844
[2023-05-03 00:36:52] Train Epoch: 20 [2400/20000 (12.0%)]	Loss: 0.08814214915037155
[2023-05-03 00:36:53] Train Epoch: 20 [3200/20000 (16.0%)]	Loss: 0.3944686949253082
[2023-05-03 00:36:53] Train Epoch: 20 [4000/20000 (20.0%)]	Loss: 0.22164350748062134
[2023-05-03 00:36:53] Train Epoch: 20 [4800/20000 (24.0%)]	Loss: 0.09183844178915024
[2023-05-03 00:36:54] Train Epoch: 20 [5600/20000 (28.0%)]	Loss: 0.1007012277841568
[2023-05-03 00:36:54] Train Epoch: 20 [6400/20000 (32.0%)]	Loss: 0.16553948819637299
[2023-05-03 00:36:54] Train Epoch: 20 [7200/20000 (36.0%)]	Loss: 0.07923677563667297
[2023-05-03 00:36:54] Train Epoch: 20 [8000/20000 (40.0%)]	Loss: 0.01575337164103985
[2023-05-03 00:36:55] Train Epoch: 20 [8800/20000 (44.0%)]	Loss: 0.09345690160989761
[2023-05-03 00:36:55] Train Epoch: 20 [9600/20000 (48.0%)]	Loss: 0.15398836135864258
[2023-05-03 00:36:55] Train Epoch: 20 [10400/20000 (52.0%)]	Loss: 0.17816175520420074
[2023-05-03 00:36:55] Train Epoch: 20 [11200/20000 (56.0%)]	Loss: 0.15464477241039276
[2023-05-03 00:36:56] Train Epoch: 20 [12000/20000 (60.0%)]	Loss: 0.1014246791601181
[2023-05-03 00:36:56] Train Epoch: 20 [12800/20000 (64.0%)]	Loss: 0.08264648914337158
[2023-05-03 00:36:56] Train Epoch: 20 [13600/20000 (68.0%)]	Loss: 0.15583403408527374
[2023-05-03 00:36:57] Train Epoch: 20 [14400/20000 (72.0%)]	Loss: 0.1482538878917694
[2023-05-03 00:36:57] Train Epoch: 20 [15200/20000 (76.0%)]	Loss: 0.1141071766614914
[2023-05-03 00:36:57] Train Epoch: 20 [16000/20000 (80.0%)]	Loss: 0.07076884806156158
[2023-05-03 00:36:58] Train Epoch: 20 [16800/20000 (84.0%)]	Loss: 0.05021301656961441
[2023-05-03 00:36:58] Train Epoch: 20 [17600/20000 (88.0%)]	Loss: 0.1122768446803093
[2023-05-03 00:36:58] Train Epoch: 20 [18400/20000 (92.0%)]	Loss: 0.17628814280033112
[2023-05-03 00:36:58] Train Epoch: 20 [19200/20000 (96.0%)]	Loss: 0.19286735355854034
[2023-05-03 00:37:01] Stop At epoch 20/20 due to valid not increase
[2023-05-03 00:37:03] ========== Metrics ==========
[2023-05-03 00:37:03] {
  "tr_loss": 0.11763128404593942,
  "tr_acc": 0.9627462746274628,
  "tr_f1": 0.9626435340721055,
  "val_loss": 0.41628208821568274,
  "val_acc": 0.8143542369870315,
  "val_f1": 0.8139576286273812,
  "test_loss": 0.46833907233344185,
  "test_acc": 0.7940379403794038,
  "test_f1": 0.7934782608695652
}
[2023-05-03 00:37:03] ========== Metrics ==========
